Deployments: compose-post-service
home-timeline-redis
home-timeline-service
media-service
nginx-web-server
post-storage-mongo
post-storage-service
social-graph-redis
social-graph-service
text-service
unique-id-service
url-shorten-mongo
url-shorten-service
user-mention-memcached
user-mention-service
user-service
user-timeline-mongo
user-timeline-redis
user-timeline-service
Waiting for deployment "compose-post-service" rollout to finish: 0 of 1 updated replicas are available...
deployment "compose-post-service" successfully rolled out
Deployment compose-post-service is ready.
deployment "home-timeline-redis" successfully rolled out
Deployment home-timeline-redis is ready.
deployment "home-timeline-service" successfully rolled out
Deployment home-timeline-service is ready.
deployment "media-service" successfully rolled out
Deployment media-service is ready.
deployment "nginx-web-server" successfully rolled out
Deployment nginx-web-server is ready.
deployment "post-storage-mongo" successfully rolled out
Deployment post-storage-mongo is ready.
deployment "post-storage-service" successfully rolled out
Deployment post-storage-service is ready.
deployment "social-graph-redis" successfully rolled out
Deployment social-graph-redis is ready.
deployment "social-graph-service" successfully rolled out
Deployment social-graph-service is ready.
deployment "text-service" successfully rolled out
Deployment text-service is ready.
deployment "unique-id-service" successfully rolled out
Deployment unique-id-service is ready.
deployment "url-shorten-mongo" successfully rolled out
Deployment url-shorten-mongo is ready.
deployment "url-shorten-service" successfully rolled out
Deployment url-shorten-service is ready.
deployment "user-mention-memcached" successfully rolled out
Deployment user-mention-memcached is ready.
deployment "user-mention-service" successfully rolled out
Deployment user-mention-service is ready.
deployment "user-service" successfully rolled out
Deployment user-service is ready.
deployment "user-timeline-mongo" successfully rolled out
Deployment user-timeline-mongo is ready.
deployment "user-timeline-redis" successfully rolled out
Deployment user-timeline-redis is ready.
deployment "user-timeline-service" successfully rolled out
Deployment user-timeline-service is ready.
ENTRY_POINT: nginx-web-server
SERVICE_A_URL: 10.103.224.235:50051
Capacity: 10000
Metadata: request-id={{.RequestNumber}}
Metadata: timestamp={{.TimestampUnix}}
Metadata: method=compose
Constant load: true
Capacity: 10000
Run duration: 10s
Enable Charon: true
Charon options: map[debug:false debugFreq:1000 initprice:10 rateLimiting:true tokenRefillDist:poisson tokenStrategy:uniform tokenUpdateRate:10ms tokenUpdateStep:10 tokensLeft:0]

Summary:
  Count:	63090
  Total:	9.84 s
  Slowest:	1.33 s
  Fastest:	15.61 ms
  Average:	148.39 ms
  Requests/sec:	6408.88

Response time histogram:
  15.607   [1]     |
  146.890  [39674] |∎∎∎∎∎∎∎∎∎∎∎∎∎∎∎∎∎∎∎∎∎∎∎∎∎∎∎∎∎∎∎∎∎∎∎∎∎∎∎∎
  278.174  [21305] |∎∎∎∎∎∎∎∎∎∎∎∎∎∎∎∎∎∎∎∎∎
  409.457  [176]   |
  540.741  [0]     |
  672.024  [8]     |
  803.308  [159]   |
  934.592  [292]   |
  1065.875 [246]   |
  1197.159 [294]   |
  1328.442 [1]     |

Latency distribution:
  10 % in 88.28 ms 
  25 % in 108.59 ms 
  50 % in 132.22 ms 
  75 % in 162.87 ms 
  90 % in 192.26 ms 
  95 % in 218.47 ms 
  99 % in 894.38 ms 

Status code distribution:
  [OK]         62156 responses   
  [Canceled]   934 responses     

Error distribution:
  [934]   rpc error: code = Canceled desc = grpc: the client connection is closing   

Debug: Checking Namespace=default, Pod=compose-post-service-6f9845489d-hpkkp for Target File=deathstar_*.output
Namespace: default, Pod: compose-post-service-6f9845489d-hpkkp has the target files.
Copying deathstar_compose-post-service.output to deathstar_compose-post-service.output
tar: removing leading '/' from member names
Debug: Checking Namespace=default, Pod=home-timeline-redis-68bdbb459f-w5mf6 for Target File=deathstar_*.output
Namespace: default, Pod: home-timeline-redis-68bdbb459f-w5mf6 has the target files.
Copying deathstar_home-timeline-redis.output to deathstar_home-timeline-redis.output
tar: removing leading '/' from member names
Debug: Checking Namespace=default, Pod=home-timeline-service-6fcb4679db-9r6tk for Target File=deathstar_*.output
Namespace: default, Pod: home-timeline-service-6fcb4679db-9r6tk has the target files.
Copying deathstar_home-timeline-service.output to deathstar_home-timeline-service.output
tar: removing leading '/' from member names
Debug: Checking Namespace=default, Pod=media-service-57f4b9d99d-9bpxm for Target File=deathstar_*.output
Namespace: default, Pod: media-service-57f4b9d99d-9bpxm has the target files.
Copying deathstar_media-service.output to deathstar_media-service.output
tar: removing leading '/' from member names
Debug: Checking Namespace=default, Pod=nginx-web-server-64fc6fd886-flj7s for Target File=deathstar_*.output
Namespace: default, Pod: nginx-web-server-64fc6fd886-flj7s has the target files.
Copying deathstar_nginx-web-server.output to deathstar_nginx-web-server.output
tar: removing leading '/' from member names
Debug: Checking Namespace=default, Pod=post-storage-mongo-65c79c9bcd-6fg8g for Target File=deathstar_*.output
Namespace: default, Pod: post-storage-mongo-65c79c9bcd-6fg8g has the target files.
Copying deathstar_post-storage-mongo.output to deathstar_post-storage-mongo.output
tar: removing leading '/' from member names
Debug: Checking Namespace=default, Pod=post-storage-service-b544cfc5c-qrhdx for Target File=deathstar_*.output
Namespace: default, Pod: post-storage-service-b544cfc5c-qrhdx has the target files.
Copying deathstar_post-storage-service.output to deathstar_post-storage-service.output
tar: removing leading '/' from member names
Debug: Checking Namespace=default, Pod=social-graph-redis-6fdf7b4459-v7r9z for Target File=deathstar_*.output
Namespace: default, Pod: social-graph-redis-6fdf7b4459-v7r9z has the target files.
Copying deathstar_social-graph-redis.output to deathstar_social-graph-redis.output
tar: removing leading '/' from member names
Debug: Checking Namespace=default, Pod=social-graph-service-7d9d94b79d-r64p8 for Target File=deathstar_*.output
Namespace: default, Pod: social-graph-service-7d9d94b79d-r64p8 has the target files.
Copying deathstar_social-graph-service.output to deathstar_social-graph-service.output
tar: removing leading '/' from member names
Debug: Checking Namespace=default, Pod=text-service-58d95db9d4-2mgl2 for Target File=deathstar_*.output
Namespace: default, Pod: text-service-58d95db9d4-2mgl2 has the target files.
Copying deathstar_text-service.output to deathstar_text-service.output
tar: removing leading '/' from member names
Debug: Checking Namespace=default, Pod=unique-id-service-64bdc5f76-5k428 for Target File=deathstar_*.output
Namespace: default, Pod: unique-id-service-64bdc5f76-5k428 has the target files.
Copying deathstar_unique-id-service.output to deathstar_unique-id-service.output
tar: removing leading '/' from member names
Debug: Checking Namespace=default, Pod=url-shorten-mongo-6b4c85bb87-bk765 for Target File=deathstar_*.output
Namespace: default, Pod: url-shorten-mongo-6b4c85bb87-bk765 has the target files.
Copying deathstar_url-shorten-mongo.output to deathstar_url-shorten-mongo.output
tar: removing leading '/' from member names
Debug: Checking Namespace=default, Pod=url-shorten-service-68d694d594-fbq2q for Target File=deathstar_*.output
Namespace: default, Pod: url-shorten-service-68d694d594-fbq2q has the target files.
Copying deathstar_url-shorten-service.output to deathstar_url-shorten-service.output
tar: removing leading '/' from member names
Debug: Checking Namespace=default, Pod=user-mention-memcached-64575cd9dc-gsjxm for Target File=deathstar_*.output
Namespace: default, Pod: user-mention-memcached-64575cd9dc-gsjxm has the target files.
Copying deathstar_user-mention-memcached.output to deathstar_user-mention-memcached.output
tar: removing leading '/' from member names
Debug: Checking Namespace=default, Pod=user-mention-service-6dcfcb4b8d-sb8qz for Target File=deathstar_*.output
Namespace: default, Pod: user-mention-service-6dcfcb4b8d-sb8qz has the target files.
Copying deathstar_user-mention-service.output to deathstar_user-mention-service.output
tar: removing leading '/' from member names
Debug: Checking Namespace=default, Pod=user-service-f4bc49647-t8f6t for Target File=deathstar_*.output
Namespace: default, Pod: user-service-f4bc49647-t8f6t has the target files.
Copying deathstar_user-service.output to deathstar_user-service.output
tar: removing leading '/' from member names
Debug: Checking Namespace=default, Pod=user-timeline-mongo-6dfc455859-8kq2v for Target File=deathstar_*.output
Namespace: default, Pod: user-timeline-mongo-6dfc455859-8kq2v has the target files.
Copying deathstar_user-timeline-mongo.output to deathstar_user-timeline-mongo.output
tar: removing leading '/' from member names
Debug: Checking Namespace=default, Pod=user-timeline-redis-7b55f9ffd9-2c7g6 for Target File=deathstar_*.output
Namespace: default, Pod: user-timeline-redis-7b55f9ffd9-2c7g6 has the target files.
Copying deathstar_user-timeline-redis.output to deathstar_user-timeline-redis.output
tar: removing leading '/' from member names
Debug: Checking Namespace=default, Pod=user-timeline-service-5b766b8b45-22wm6 for Target File=deathstar_*.output
Namespace: default, Pod: user-timeline-service-5b766b8b45-22wm6 has the target files.
Copying deathstar_user-timeline-service.output to deathstar_user-timeline-service.output
tar: removing leading '/' from member names
Debug: Checking Namespace=default, Pod=compose-post-service-6f9845489d-hpkkp for Target File=*.pprof
Namespace: default, Pod: compose-post-service-6f9845489d-hpkkp has the target files.
Copying compose-post-service.pprof to compose-post-service.pprof
tar: removing leading '/' from member names
tar: removing leading '/' from member names
Debug: Checking Namespace=default, Pod=home-timeline-redis-68bdbb459f-w5mf6 for Target File=*.pprof
Namespace: default, Pod: home-timeline-redis-68bdbb459f-w5mf6 has the target files.
Copying home-timeline-redis.pprof to home-timeline-redis.pprof
tar: removing leading '/' from member names
tar: removing leading '/' from member names
Debug: Checking Namespace=default, Pod=home-timeline-service-6fcb4679db-9r6tk for Target File=*.pprof
Namespace: default, Pod: home-timeline-service-6fcb4679db-9r6tk has the target files.
Copying home-timeline-service.pprof to home-timeline-service.pprof
tar: removing leading '/' from member names
tar: removing leading '/' from member names
Debug: Checking Namespace=default, Pod=media-service-57f4b9d99d-9bpxm for Target File=*.pprof
Namespace: default, Pod: media-service-57f4b9d99d-9bpxm has the target files.
Copying media-service.pprof to media-service.pprof
tar: removing leading '/' from member names
tar: removing leading '/' from member names
Debug: Checking Namespace=default, Pod=nginx-web-server-64fc6fd886-flj7s for Target File=*.pprof
Namespace: default, Pod: nginx-web-server-64fc6fd886-flj7s has the target files.
Copying nginx-web-server.pprof to nginx-web-server.pprof
tar: removing leading '/' from member names
tar: removing leading '/' from member names
Debug: Checking Namespace=default, Pod=post-storage-mongo-65c79c9bcd-6fg8g for Target File=*.pprof
Namespace: default, Pod: post-storage-mongo-65c79c9bcd-6fg8g has the target files.
Copying post-storage-mongo.pprof to post-storage-mongo.pprof
tar: removing leading '/' from member names
tar: removing leading '/' from member names
Debug: Checking Namespace=default, Pod=post-storage-service-b544cfc5c-qrhdx for Target File=*.pprof
Namespace: default, Pod: post-storage-service-b544cfc5c-qrhdx has the target files.
Copying post-storage-service.pprof to post-storage-service.pprof
tar: removing leading '/' from member names
tar: removing leading '/' from member names
Debug: Checking Namespace=default, Pod=social-graph-redis-6fdf7b4459-v7r9z for Target File=*.pprof
Namespace: default, Pod: social-graph-redis-6fdf7b4459-v7r9z has the target files.
Copying social-graph-redis.pprof to social-graph-redis.pprof
tar: removing leading '/' from member names
tar: removing leading '/' from member names
Debug: Checking Namespace=default, Pod=social-graph-service-7d9d94b79d-r64p8 for Target File=*.pprof
Namespace: default, Pod: social-graph-service-7d9d94b79d-r64p8 has the target files.
Copying social-graph-service.pprof to social-graph-service.pprof
tar: removing leading '/' from member names
tar: removing leading '/' from member names
Debug: Checking Namespace=default, Pod=text-service-58d95db9d4-2mgl2 for Target File=*.pprof
Namespace: default, Pod: text-service-58d95db9d4-2mgl2 has the target files.
Copying text-service.pprof to text-service.pprof
tar: removing leading '/' from member names
tar: removing leading '/' from member names
Debug: Checking Namespace=default, Pod=unique-id-service-64bdc5f76-5k428 for Target File=*.pprof
Namespace: default, Pod: unique-id-service-64bdc5f76-5k428 has the target files.
Copying unique-id-service.pprof to unique-id-service.pprof
tar: removing leading '/' from member names
tar: removing leading '/' from member names
Debug: Checking Namespace=default, Pod=url-shorten-mongo-6b4c85bb87-bk765 for Target File=*.pprof
Namespace: default, Pod: url-shorten-mongo-6b4c85bb87-bk765 has the target files.
Copying url-shorten-mongo.pprof to url-shorten-mongo.pprof
tar: removing leading '/' from member names
tar: removing leading '/' from member names
Debug: Checking Namespace=default, Pod=url-shorten-service-68d694d594-fbq2q for Target File=*.pprof
Namespace: default, Pod: url-shorten-service-68d694d594-fbq2q has the target files.
Copying url-shorten-service.pprof to url-shorten-service.pprof
tar: removing leading '/' from member names
tar: removing leading '/' from member names
Debug: Checking Namespace=default, Pod=user-mention-memcached-64575cd9dc-gsjxm for Target File=*.pprof
Namespace: default, Pod: user-mention-memcached-64575cd9dc-gsjxm has the target files.
Copying user-mention-memcached.pprof to user-mention-memcached.pprof
tar: removing leading '/' from member names
tar: removing leading '/' from member names
Debug: Checking Namespace=default, Pod=user-mention-service-6dcfcb4b8d-sb8qz for Target File=*.pprof
Namespace: default, Pod: user-mention-service-6dcfcb4b8d-sb8qz has the target files.
Copying user-mention-service.pprof to user-mention-service.pprof
tar: removing leading '/' from member names
tar: removing leading '/' from member names
Debug: Checking Namespace=default, Pod=user-service-f4bc49647-t8f6t for Target File=*.pprof
Namespace: default, Pod: user-service-f4bc49647-t8f6t has the target files.
Copying user-service.pprof to user-service.pprof
tar: removing leading '/' from member names
tar: removing leading '/' from member names
Debug: Checking Namespace=default, Pod=user-timeline-mongo-6dfc455859-8kq2v for Target File=*.pprof
Namespace: default, Pod: user-timeline-mongo-6dfc455859-8kq2v has the target files.
Copying user-timeline-mongo.pprof to user-timeline-mongo.pprof
tar: removing leading '/' from member names
tar: removing leading '/' from member names
Debug: Checking Namespace=default, Pod=user-timeline-redis-7b55f9ffd9-2c7g6 for Target File=*.pprof
Namespace: default, Pod: user-timeline-redis-7b55f9ffd9-2c7g6 has the target files.
Copying user-timeline-redis.pprof to user-timeline-redis.pprof
tar: removing leading '/' from member names
tar: removing leading '/' from member names
Debug: Checking Namespace=default, Pod=user-timeline-service-5b766b8b45-22wm6 for Target File=*.pprof
Namespace: default, Pod: user-timeline-service-5b766b8b45-22wm6 has the target files.
Copying user-timeline-service.pprof to user-timeline-service.pprof
tar: removing leading '/' from member names
tar: removing leading '/' from member names
