Deployments: compose-post-service
home-timeline-redis
home-timeline-service
media-service
nginx-web-server
post-storage-mongo
post-storage-service
social-graph-redis
social-graph-service
text-service
unique-id-service
url-shorten-mongo
url-shorten-service
user-mention-memcached
user-mention-service
user-service
user-timeline-mongo
user-timeline-redis
user-timeline-service
Waiting for deployment "compose-post-service" rollout to finish: 0 of 1 updated replicas are available...
deployment "compose-post-service" successfully rolled out
Deployment compose-post-service is ready.
Waiting for deployment "home-timeline-redis" rollout to finish: 0 of 1 updated replicas are available...
deployment "home-timeline-redis" successfully rolled out
Deployment home-timeline-redis is ready.
deployment "home-timeline-service" successfully rolled out
Deployment home-timeline-service is ready.
deployment "media-service" successfully rolled out
Deployment media-service is ready.
deployment "nginx-web-server" successfully rolled out
Deployment nginx-web-server is ready.
deployment "post-storage-mongo" successfully rolled out
Deployment post-storage-mongo is ready.
deployment "post-storage-service" successfully rolled out
Deployment post-storage-service is ready.
deployment "social-graph-redis" successfully rolled out
Deployment social-graph-redis is ready.
deployment "social-graph-service" successfully rolled out
Deployment social-graph-service is ready.
deployment "text-service" successfully rolled out
Deployment text-service is ready.
deployment "unique-id-service" successfully rolled out
Deployment unique-id-service is ready.
deployment "url-shorten-mongo" successfully rolled out
Deployment url-shorten-mongo is ready.
deployment "url-shorten-service" successfully rolled out
Deployment url-shorten-service is ready.
deployment "user-mention-memcached" successfully rolled out
Deployment user-mention-memcached is ready.
deployment "user-mention-service" successfully rolled out
Deployment user-mention-service is ready.
deployment "user-service" successfully rolled out
Deployment user-service is ready.
deployment "user-timeline-mongo" successfully rolled out
Deployment user-timeline-mongo is ready.
deployment "user-timeline-redis" successfully rolled out
Deployment user-timeline-redis is ready.
deployment "user-timeline-service" successfully rolled out
Deployment user-timeline-service is ready.
ENTRY_POINT: nginx-web-server
SERVICE_A_URL: 10.99.184.88:50051
Capacity: 10500
Metadata: request-id={{.RequestNumber}}
Metadata: timestamp={{.TimestampUnix}}
Metadata: method=compose
Constant load: true
Capacity: 10500
Run duration: 10s
Enable Charon: true
Charon options: map[debug:false debugFreq:1000 initprice:10 rateLimiting:true tokenRefillDist:poisson tokenStrategy:uniform tokenUpdateRate:10ms tokenUpdateStep:10 tokensLeft:0]

Summary:
  Count:	56712
  Total:	9.86 s
  Slowest:	3.22 s
  Fastest:	13.57 ms
  Average:	166.37 ms
  Requests/sec:	5752.98

Response time histogram:
  13.568   [1]     |
  334.439  [53366] |∎∎∎∎∎∎∎∎∎∎∎∎∎∎∎∎∎∎∎∎∎∎∎∎∎∎∎∎∎∎∎∎∎∎∎∎∎∎∎∎
  655.309  [1]     |
  976.180  [0]     |
  1297.050 [0]     |
  1617.921 [0]     |
  1938.791 [129]   |
  2259.662 [0]     |
  2580.532 [0]     |
  2901.403 [136]   |
  3222.273 [712]   |∎

Latency distribution:
  10 % in 44.57 ms 
  25 % in 95.83 ms 
  50 % in 125.15 ms 
  75 % in 154.02 ms 
  90 % in 189.47 ms 
  95 % in 212.37 ms 
  99 % in 2.96 s 

Status code distribution:
  [OK]            54345 responses   
  [Unavailable]   1687 responses    
  [Canceled]      680 responses     

Error distribution:
  [77]    rpc error: code = Unavailable desc = connection error: desc = "error reading server preface: read tcp 128.110.218.26:50312->10.99.184.88:50051: read: connection reset by peer"   
  [74]    rpc error: code = Unavailable desc = connection error: desc = "error reading server preface: read tcp 128.110.218.26:50386->10.99.184.88:50051: read: connection reset by peer"   
  [75]    rpc error: code = Unavailable desc = connection error: desc = "error reading server preface: read tcp 128.110.218.26:50246->10.99.184.88:50051: read: connection reset by peer"   
  [82]    rpc error: code = Unavailable desc = connection error: desc = "error reading server preface: read tcp 128.110.218.26:50300->10.99.184.88:50051: read: connection reset by peer"   
  [63]    rpc error: code = Unavailable desc = connection error: desc = "error reading server preface: read tcp 128.110.218.26:50168->10.99.184.88:50051: read: connection reset by peer"   
  [78]    rpc error: code = Unavailable desc = connection error: desc = "error reading server preface: read tcp 128.110.218.26:50328->10.99.184.88:50051: read: connection reset by peer"   
  [77]    rpc error: code = Unavailable desc = connection error: desc = "error reading server preface: read tcp 128.110.218.26:50114->10.99.184.88:50051: read: connection reset by peer"   
  [85]    rpc error: code = Unavailable desc = connection error: desc = "error reading server preface: read tcp 128.110.218.26:50372->10.99.184.88:50051: read: connection reset by peer"   
  [62]    rpc error: code = Unavailable desc = connection error: desc = "error reading server preface: read tcp 128.110.218.26:50118->10.99.184.88:50051: read: connection reset by peer"   
  [73]    rpc error: code = Unavailable desc = connection error: desc = "error reading server preface: read tcp 128.110.218.26:50182->10.99.184.88:50051: read: connection reset by peer"   
  [70]    rpc error: code = Unavailable desc = connection error: desc = "error reading server preface: read tcp 128.110.218.26:50238->10.99.184.88:50051: read: connection reset by peer"   
  [74]    rpc error: code = Unavailable desc = connection error: desc = "error reading server preface: read tcp 128.110.218.26:50178->10.99.184.88:50051: read: connection reset by peer"   
  [77]    rpc error: code = Unavailable desc = connection error: desc = "error reading server preface: read tcp 128.110.218.26:50234->10.99.184.88:50051: read: connection reset by peer"   
  [76]    rpc error: code = Unavailable desc = connection error: desc = "error reading server preface: read tcp 128.110.218.26:50304->10.99.184.88:50051: read: connection reset by peer"   
  [83]    rpc error: code = Unavailable desc = connection error: desc = "error reading server preface: read tcp 128.110.218.26:50186->10.99.184.88:50051: read: connection reset by peer"   
  [69]    rpc error: code = Unavailable desc = connection error: desc = "error reading server preface: read tcp 128.110.218.26:50360->10.99.184.88:50051: read: connection reset by peer"   
  [78]    rpc error: code = Unavailable desc = connection error: desc = "error reading server preface: read tcp 128.110.218.26:50278->10.99.184.88:50051: read: connection reset by peer"   
  [68]    rpc error: code = Unavailable desc = connection error: desc = "error reading server preface: read tcp 128.110.218.26:50232->10.99.184.88:50051: read: connection reset by peer"   
  [65]    rpc error: code = Unavailable desc = connection error: desc = "error reading server preface: read tcp 128.110.218.26:50126->10.99.184.88:50051: read: connection reset by peer"   
  [69]    rpc error: code = Unavailable desc = connection error: desc = "error reading server preface: read tcp 128.110.218.26:50334->10.99.184.88:50051: read: connection reset by peer"   
  [67]    rpc error: code = Unavailable desc = connection error: desc = "error reading server preface: read tcp 128.110.218.26:50362->10.99.184.88:50051: read: connection reset by peer"   
  [82]    rpc error: code = Unavailable desc = connection error: desc = "error reading server preface: read tcp 128.110.218.26:50330->10.99.184.88:50051: read: connection reset by peer"   
  [63]    rpc error: code = Unavailable desc = connection error: desc = "error reading server preface: read tcp 128.110.218.26:50164->10.99.184.88:50051: read: connection reset by peer"   
  [680]   rpc error: code = Canceled desc = grpc: the client connection is closing                                                                                                          

Debug: Checking Namespace=default, Pod=compose-post-service-6f9845489d-tnrmv for Target File=deathstar_*.output
Namespace: default, Pod: compose-post-service-6f9845489d-tnrmv has the target files.
Copying deathstar_compose-post-service.output to deathstar_compose-post-service.output
tar: removing leading '/' from member names
Debug: Checking Namespace=default, Pod=home-timeline-redis-68bdbb459f-s745j for Target File=deathstar_*.output
Namespace: default, Pod: home-timeline-redis-68bdbb459f-s745j has the target files.
Copying deathstar_home-timeline-redis.output to deathstar_home-timeline-redis.output
tar: removing leading '/' from member names
Debug: Checking Namespace=default, Pod=home-timeline-service-7974fb9949-4kxvt for Target File=deathstar_*.output
Namespace: default, Pod: home-timeline-service-7974fb9949-4kxvt has the target files.
Copying deathstar_home-timeline-service.output to deathstar_home-timeline-service.output
tar: removing leading '/' from member names
Debug: Checking Namespace=default, Pod=media-service-cfc4b74c7-6jkjt for Target File=deathstar_*.output
Namespace: default, Pod: media-service-cfc4b74c7-6jkjt has the target files.
Copying deathstar_media-service.output to deathstar_media-service.output
tar: removing leading '/' from member names
Debug: Checking Namespace=default, Pod=nginx-web-server-64fc6fd886-ld5mt for Target File=deathstar_*.output
Namespace: default, Pod: nginx-web-server-64fc6fd886-ld5mt has the target files.
Copying deathstar_nginx-web-server.output to deathstar_nginx-web-server.output
tar: removing leading '/' from member names
Debug: Checking Namespace=default, Pod=post-storage-mongo-65c79c9bcd-svzlh for Target File=deathstar_*.output
Namespace: default, Pod: post-storage-mongo-65c79c9bcd-svzlh has the target files.
Copying deathstar_post-storage-mongo.output to deathstar_post-storage-mongo.output
tar: removing leading '/' from member names
Debug: Checking Namespace=default, Pod=post-storage-service-6cb68b6d86-xxbv6 for Target File=deathstar_*.output
Namespace: default, Pod: post-storage-service-6cb68b6d86-xxbv6 has the target files.
Copying deathstar_post-storage-service.output to deathstar_post-storage-service.output
tar: removing leading '/' from member names
Debug: Checking Namespace=default, Pod=social-graph-redis-6fdf7b4459-lsmth for Target File=deathstar_*.output
Namespace: default, Pod: social-graph-redis-6fdf7b4459-lsmth has the target files.
Copying deathstar_social-graph-redis.output to deathstar_social-graph-redis.output
tar: removing leading '/' from member names
Debug: Checking Namespace=default, Pod=social-graph-service-7d9d94b79d-99g2w for Target File=deathstar_*.output
Namespace: default, Pod: social-graph-service-7d9d94b79d-99g2w has the target files.
Copying deathstar_social-graph-service.output to deathstar_social-graph-service.output
tar: removing leading '/' from member names
Debug: Checking Namespace=default, Pod=text-service-6674d788d7-xzmkw for Target File=deathstar_*.output
Namespace: default, Pod: text-service-6674d788d7-xzmkw has the target files.
Copying deathstar_text-service.output to deathstar_text-service.output
tar: removing leading '/' from member names
Debug: Checking Namespace=default, Pod=unique-id-service-64bdc5f76-6g2zf for Target File=deathstar_*.output
Namespace: default, Pod: unique-id-service-64bdc5f76-6g2zf has the target files.
Copying deathstar_unique-id-service.output to deathstar_unique-id-service.output
tar: removing leading '/' from member names
Debug: Checking Namespace=default, Pod=url-shorten-mongo-6b4c85bb87-gc8dr for Target File=deathstar_*.output
Namespace: default, Pod: url-shorten-mongo-6b4c85bb87-gc8dr has the target files.
Copying deathstar_url-shorten-mongo.output to deathstar_url-shorten-mongo.output
tar: removing leading '/' from member names
Debug: Checking Namespace=default, Pod=url-shorten-service-68d694d594-qsqvm for Target File=deathstar_*.output
Namespace: default, Pod: url-shorten-service-68d694d594-qsqvm has the target files.
Copying deathstar_url-shorten-service.output to deathstar_url-shorten-service.output
tar: removing leading '/' from member names
Debug: Checking Namespace=default, Pod=user-mention-memcached-64575cd9dc-f9wk9 for Target File=deathstar_*.output
Namespace: default, Pod: user-mention-memcached-64575cd9dc-f9wk9 has the target files.
Copying deathstar_user-mention-memcached.output to deathstar_user-mention-memcached.output
tar: removing leading '/' from member names
Debug: Checking Namespace=default, Pod=user-mention-service-6dcfcb4b8d-76px2 for Target File=deathstar_*.output
Namespace: default, Pod: user-mention-service-6dcfcb4b8d-76px2 has the target files.
Copying deathstar_user-mention-service.output to deathstar_user-mention-service.output
tar: removing leading '/' from member names
Debug: Checking Namespace=default, Pod=user-service-5b549c744-7s9qt for Target File=deathstar_*.output
Namespace: default, Pod: user-service-5b549c744-7s9qt has the target files.
Copying deathstar_user-service.output to deathstar_user-service.output
tar: removing leading '/' from member names
Debug: Checking Namespace=default, Pod=user-timeline-mongo-6dfc455859-t2jzl for Target File=deathstar_*.output
Namespace: default, Pod: user-timeline-mongo-6dfc455859-t2jzl has the target files.
Copying deathstar_user-timeline-mongo.output to deathstar_user-timeline-mongo.output
tar: removing leading '/' from member names
Debug: Checking Namespace=default, Pod=user-timeline-redis-7b55f9ffd9-qsn47 for Target File=deathstar_*.output
Namespace: default, Pod: user-timeline-redis-7b55f9ffd9-qsn47 has the target files.
Copying deathstar_user-timeline-redis.output to deathstar_user-timeline-redis.output
tar: removing leading '/' from member names
Debug: Checking Namespace=default, Pod=user-timeline-service-f648cb4f4-5lkr5 for Target File=deathstar_*.output
Namespace: default, Pod: user-timeline-service-f648cb4f4-5lkr5 has the target files.
Copying deathstar_user-timeline-service.output to deathstar_user-timeline-service.output
tar: removing leading '/' from member names
Debug: Checking Namespace=default, Pod=compose-post-service-6f9845489d-tnrmv for Target File=*.pprof
Namespace: default, Pod: compose-post-service-6f9845489d-tnrmv has the target files.
Copying compose-post-service.pprof to compose-post-service.pprof
tar: removing leading '/' from member names
tar: removing leading '/' from member names
Debug: Checking Namespace=default, Pod=home-timeline-redis-68bdbb459f-s745j for Target File=*.pprof
Namespace: default, Pod: home-timeline-redis-68bdbb459f-s745j has the target files.
Debug: Checking Namespace=default, Pod=home-timeline-service-7974fb9949-4kxvt for Target File=*.pprof
Namespace: default, Pod: home-timeline-service-7974fb9949-4kxvt has the target files.
Copying home-timeline-service.pprof to home-timeline-service.pprof
tar: removing leading '/' from member names
tar: removing leading '/' from member names
Debug: Checking Namespace=default, Pod=media-service-cfc4b74c7-6jkjt for Target File=*.pprof
Namespace: default, Pod: media-service-cfc4b74c7-6jkjt has the target files.
Copying media-service.pprof to media-service.pprof
tar: removing leading '/' from member names
tar: removing leading '/' from member names
Debug: Checking Namespace=default, Pod=nginx-web-server-64fc6fd886-ld5mt for Target File=*.pprof
Namespace: default, Pod: nginx-web-server-64fc6fd886-ld5mt has the target files.
Copying nginx-web-server.pprof to nginx-web-server.pprof
tar: removing leading '/' from member names
tar: removing leading '/' from member names
Debug: Checking Namespace=default, Pod=post-storage-mongo-65c79c9bcd-svzlh for Target File=*.pprof
Namespace: default, Pod: post-storage-mongo-65c79c9bcd-svzlh has the target files.
Copying post-storage-mongo.pprof to post-storage-mongo.pprof
tar: removing leading '/' from member names
tar: removing leading '/' from member names
Debug: Checking Namespace=default, Pod=post-storage-service-6cb68b6d86-xxbv6 for Target File=*.pprof
Namespace: default, Pod: post-storage-service-6cb68b6d86-xxbv6 has the target files.
Copying post-storage-service.pprof to post-storage-service.pprof
tar: removing leading '/' from member names
tar: removing leading '/' from member names
Debug: Checking Namespace=default, Pod=social-graph-redis-6fdf7b4459-lsmth for Target File=*.pprof
Namespace: default, Pod: social-graph-redis-6fdf7b4459-lsmth has the target files.
Copying social-graph-redis.pprof to social-graph-redis.pprof
tar: removing leading '/' from member names
tar: removing leading '/' from member names
Debug: Checking Namespace=default, Pod=social-graph-service-7d9d94b79d-99g2w for Target File=*.pprof
Namespace: default, Pod: social-graph-service-7d9d94b79d-99g2w has the target files.
Copying social-graph-service.pprof to social-graph-service.pprof
tar: removing leading '/' from member names
tar: removing leading '/' from member names
Debug: Checking Namespace=default, Pod=text-service-6674d788d7-xzmkw for Target File=*.pprof
Namespace: default, Pod: text-service-6674d788d7-xzmkw has the target files.
Copying text-service.pprof to text-service.pprof
tar: removing leading '/' from member names
tar: removing leading '/' from member names
Debug: Checking Namespace=default, Pod=unique-id-service-64bdc5f76-6g2zf for Target File=*.pprof
Namespace: default, Pod: unique-id-service-64bdc5f76-6g2zf has the target files.
Copying unique-id-service.pprof to unique-id-service.pprof
tar: removing leading '/' from member names
tar: removing leading '/' from member names
Debug: Checking Namespace=default, Pod=url-shorten-mongo-6b4c85bb87-gc8dr for Target File=*.pprof
Namespace: default, Pod: url-shorten-mongo-6b4c85bb87-gc8dr has the target files.
Copying url-shorten-mongo.pprof to url-shorten-mongo.pprof
tar: removing leading '/' from member names
tar: removing leading '/' from member names
Debug: Checking Namespace=default, Pod=url-shorten-service-68d694d594-qsqvm for Target File=*.pprof
Namespace: default, Pod: url-shorten-service-68d694d594-qsqvm has the target files.
Copying url-shorten-service.pprof to url-shorten-service.pprof
tar: removing leading '/' from member names
tar: removing leading '/' from member names
Debug: Checking Namespace=default, Pod=user-mention-memcached-64575cd9dc-f9wk9 for Target File=*.pprof
Namespace: default, Pod: user-mention-memcached-64575cd9dc-f9wk9 has the target files.
Copying user-mention-memcached.pprof to user-mention-memcached.pprof
tar: removing leading '/' from member names
tar: removing leading '/' from member names
Debug: Checking Namespace=default, Pod=user-mention-service-6dcfcb4b8d-76px2 for Target File=*.pprof
Namespace: default, Pod: user-mention-service-6dcfcb4b8d-76px2 has the target files.
Copying user-mention-service.pprof to user-mention-service.pprof
tar: removing leading '/' from member names
tar: removing leading '/' from member names
Debug: Checking Namespace=default, Pod=user-service-5b549c744-7s9qt for Target File=*.pprof
Namespace: default, Pod: user-service-5b549c744-7s9qt has the target files.
Copying user-service.pprof to user-service.pprof
tar: removing leading '/' from member names
tar: removing leading '/' from member names
Debug: Checking Namespace=default, Pod=user-timeline-mongo-6dfc455859-t2jzl for Target File=*.pprof
Namespace: default, Pod: user-timeline-mongo-6dfc455859-t2jzl has the target files.
Copying user-timeline-mongo.pprof to user-timeline-mongo.pprof
tar: removing leading '/' from member names
tar: removing leading '/' from member names
Debug: Checking Namespace=default, Pod=user-timeline-redis-7b55f9ffd9-qsn47 for Target File=*.pprof
Namespace: default, Pod: user-timeline-redis-7b55f9ffd9-qsn47 has the target files.
Copying user-timeline-redis.pprof to user-timeline-redis.pprof
tar: removing leading '/' from member names
tar: removing leading '/' from member names
Debug: Checking Namespace=default, Pod=user-timeline-service-f648cb4f4-5lkr5 for Target File=*.pprof
Namespace: default, Pod: user-timeline-service-f648cb4f4-5lkr5 has the target files.
Copying user-timeline-service.pprof to user-timeline-service.pprof
tar: removing leading '/' from member names
tar: removing leading '/' from member names
