Deployments: composepost
hometimeline
hometimeline-redis
poststorage
poststorage-redis
socialgraph
socialgraph-redis
usertimeline
usertimeline-redis
deployment "composepost" successfully rolled out
deployment "hometimeline" successfully rolled out
deployment "hometimeline-redis" successfully rolled out
deployment "poststorage" successfully rolled out
deployment "poststorage-redis" successfully rolled out
deployment "socialgraph" successfully rolled out
deployment "socialgraph-redis" successfully rolled out
deployment "usertimeline" successfully rolled out
deployment "usertimeline-redis" successfully rolled out
ENTRY_POINT: composepost
SERVICE_A_URL: 10.100.97.190:50051
Capacity: 18000
Metadata: request-id={{.RequestNumber}}
Metadata: timestamp={{.TimestampUnix}}
Metadata: method=compose
Charon Configurations:
[{INTERCEPT dagor} {PRICE_UPDATE_RATE 10ms} {TOKEN_UPDATE_RATE 10ms} {LATENCY_THRESHOLD 100us} {PRICE_STEP 0} {PRICE_STRATEGY step} {LAZY_UPDATE false} {RATE_LIMITING true} {LOAD_SHEDDING true} {CHARON_TRACK_PRICE false} {BREAKWATER_SLO 12500us} {BREAKWATER_A 0.001} {BREAKWATER_B 0.02} {BREAKWATER_CLIENT_EXPIRATION 10ms} {BREAKWATER_INITIAL_CREDIT 400} {BREAKWATER_LOAD_SHEDDING true} {BREAKWATER_RTT 1000us} {BREAKWATER_TRACK_CREDIT false} {BREAKWATERD_SLO 12500us} {BREAKWATERD_A 0.001} {BREAKWATERD_B 0.02} {BREAKWATERD_CLIENT_EXPIRATION 10ms} {BREAKWATERD_INITIAL_CREDIT 400} {BREAKWATERD_LOAD_SHEDDING true} {BREAKWATERD_RTT 1000us} {DAGOR_QUEUING_THRESHOLD 1965us} {DAGOR_ALPHA 5.0} {DAGOR_BETA 3.914282279657632} {DAGOR_ADMISSION_LEVEL_UPDATE_INTERVAL 21067us} {DAGOR_UMAX 17}]

Summary:
  Count:	253780
  Total:	19.67 s
  Slowest:	0 ns
  Fastest:	0 ns
  Average:	15.71 ms
  Requests/sec:	12901.48

Response time histogram:

Latency distribution:

Status code distribution:
  [Canceled]            1 responses        
  [ResourceExhausted]   57032 responses    
  [Unavailable]         196747 responses   

Error distribution:
  [148]      rpc error: code = Unavailable desc = error reading from server: read tcp 10.244.7.14:59636->10.102.200.119:50051: read: connection reset by peer             
  [196161]   rpc error: code = Unavailable desc = connection error: desc = "transport: Error while dialing: dial tcp 10.102.200.119:50051: connect: connection refused"   
  [438]      rpc error: code = Unavailable desc = error reading from server: read tcp 10.244.7.14:59640->10.102.200.119:50051: read: connection reset by peer             
  [1]        rpc error: code = Canceled desc = grpc: the client connection is closing                                                                                     
  [57032]    rpc error: code = ResourceExhausted desc = [Server Admission Control] Request B, U values do not meet the threshold                                          

Debug: Checking Namespace=default, Pod=composepost-556b67555f-klc5z for Target File=deathstar_*.output
Namespace: default, Pod: composepost-556b67555f-klc5z has the target files.
Copying deathstar_composepost.output to deathstar_composepost.output
tar: removing leading '/' from member names
Debug: Checking Namespace=default, Pod=hometimeline-669ffd6fc7-ghpl4 for Target File=deathstar_*.output
Namespace: default, Pod: hometimeline-669ffd6fc7-ghpl4 has the target files.
Copying deathstar_hometimeline.output to deathstar_hometimeline.output
tar: removing leading '/' from member names
Debug: Checking Namespace=default, Pod=hometimeline-redis-564f8fd5d8-spgr6 for Target File=deathstar_*.output
Target files not found in Pod hometimeline-redis-564f8fd5d8-spgr6 in Namespace default.
Debug: Checking Namespace=default, Pod=poststorage-6c8d5b9b89-qdpf7 for Target File=deathstar_*.output
Namespace: default, Pod: poststorage-6c8d5b9b89-qdpf7 has the target files.
Copying deathstar_poststorage.output to deathstar_poststorage.output
tar: removing leading '/' from member names
Debug: Checking Namespace=default, Pod=poststorage-redis-5b8f87b968-nkzbz for Target File=deathstar_*.output
Target files not found in Pod poststorage-redis-5b8f87b968-nkzbz in Namespace default.
Debug: Checking Namespace=default, Pod=socialgraph-8457c45857-vlgp8 for Target File=deathstar_*.output
Namespace: default, Pod: socialgraph-8457c45857-vlgp8 has the target files.
Copying deathstar_socialgraph.output to deathstar_socialgraph.output
tar: removing leading '/' from member names
Debug: Checking Namespace=default, Pod=socialgraph-redis-54ddf55d4-dggx8 for Target File=deathstar_*.output
Target files not found in Pod socialgraph-redis-54ddf55d4-dggx8 in Namespace default.
Debug: Checking Namespace=default, Pod=usertimeline-7df997cf7c-bht6x for Target File=deathstar_*.output
Namespace: default, Pod: usertimeline-7df997cf7c-bht6x has the target files.
Copying deathstar_usertimeline.output to deathstar_usertimeline.output
tar: removing leading '/' from member names
Debug: Checking Namespace=default, Pod=usertimeline-redis-67c5677fd8-qt2xz for Target File=deathstar_*.output
Target files not found in Pod usertimeline-redis-67c5677fd8-qt2xz in Namespace default.
