Deployments: compose-post-service
home-timeline-redis
home-timeline-service
media-service
nginx-web-server
post-storage-mongo
post-storage-service
social-graph-redis
social-graph-service
text-service
unique-id-service
url-shorten-mongo
url-shorten-service
user-mention-memcached
user-mention-service
user-service
user-timeline-mongo
user-timeline-redis
user-timeline-service
Waiting for deployment "compose-post-service" rollout to finish: 0 of 1 updated replicas are available...
deployment "compose-post-service" successfully rolled out
Deployment compose-post-service is ready.
deployment "home-timeline-redis" successfully rolled out
Deployment home-timeline-redis is ready.
Waiting for deployment "home-timeline-service" rollout to finish: 0 of 1 updated replicas are available...
deployment "home-timeline-service" successfully rolled out
Deployment home-timeline-service is ready.
deployment "media-service" successfully rolled out
Deployment media-service is ready.
deployment "nginx-web-server" successfully rolled out
Deployment nginx-web-server is ready.
deployment "post-storage-mongo" successfully rolled out
Deployment post-storage-mongo is ready.
deployment "post-storage-service" successfully rolled out
Deployment post-storage-service is ready.
deployment "social-graph-redis" successfully rolled out
Deployment social-graph-redis is ready.
deployment "social-graph-service" successfully rolled out
Deployment social-graph-service is ready.
deployment "text-service" successfully rolled out
Deployment text-service is ready.
deployment "unique-id-service" successfully rolled out
Deployment unique-id-service is ready.
deployment "url-shorten-mongo" successfully rolled out
Deployment url-shorten-mongo is ready.
deployment "url-shorten-service" successfully rolled out
Deployment url-shorten-service is ready.
deployment "user-mention-memcached" successfully rolled out
Deployment user-mention-memcached is ready.
deployment "user-mention-service" successfully rolled out
Deployment user-mention-service is ready.
deployment "user-service" successfully rolled out
Deployment user-service is ready.
deployment "user-timeline-mongo" successfully rolled out
Deployment user-timeline-mongo is ready.
deployment "user-timeline-redis" successfully rolled out
Deployment user-timeline-redis is ready.
deployment "user-timeline-service" successfully rolled out
Deployment user-timeline-service is ready.
ENTRY_POINT: nginx-web-server
SERVICE_A_URL: 10.107.198.228:50051
Capacity: 11500
Metadata: request-id={{.RequestNumber}}
Metadata: timestamp={{.TimestampUnix}}
Metadata: method=compose
Constant load: true
Capacity: 11500
Run duration: 10s
Enable Charon: false
Charon options: map[debug:false debugFreq:1000 initprice:10 rateLimiting:true tokenRefillDist:poisson tokenStrategy:uniform tokenUpdateRate:10ms tokenUpdateStep:10 tokensLeft:0]

Summary:
  Count:	65492
  Total:	9.85 s
  Slowest:	3.26 s
  Fastest:	17.16 ms
  Average:	143.98 ms
  Requests/sec:	6650.98

Response time histogram:
  17.160   [1]     |
  340.983  [63844] |∎∎∎∎∎∎∎∎∎∎∎∎∎∎∎∎∎∎∎∎∎∎∎∎∎∎∎∎∎∎∎∎∎∎∎∎∎∎∎∎
  664.806  [0]     |
  988.629  [139]   |
  1312.452 [259]   |
  1636.276 [0]     |
  1960.099 [0]     |
  2283.922 [0]     |
  2607.745 [0]     |
  2931.568 [98]    |
  3255.391 [504]   |

Latency distribution:
  10 % in 55.14 ms 
  25 % in 79.63 ms 
  50 % in 111.50 ms 
  75 % in 144.85 ms 
  90 % in 173.47 ms 
  95 % in 192.72 ms 
  99 % in 1.06 s 

Status code distribution:
  [OK]         64845 responses   
  [Canceled]   647 responses     

Error distribution:
  [647]   rpc error: code = Canceled desc = grpc: the client connection is closing   

Debug: Checking Namespace=default, Pod=compose-post-service-6f9845489d-pmqx2 for Target File=deathstar_*.output
Namespace: default, Pod: compose-post-service-6f9845489d-pmqx2 has the target files.
Copying deathstar_compose-post-service.output to deathstar_compose-post-service.output
tar: removing leading '/' from member names
Debug: Checking Namespace=default, Pod=home-timeline-redis-68bdbb459f-c6szf for Target File=deathstar_*.output
Namespace: default, Pod: home-timeline-redis-68bdbb459f-c6szf has the target files.
Copying deathstar_home-timeline-redis.output to deathstar_home-timeline-redis.output
tar: removing leading '/' from member names
Debug: Checking Namespace=default, Pod=home-timeline-service-7974fb9949-5tkw2 for Target File=deathstar_*.output
Namespace: default, Pod: home-timeline-service-7974fb9949-5tkw2 has the target files.
Copying deathstar_home-timeline-service.output to deathstar_home-timeline-service.output
tar: removing leading '/' from member names
Debug: Checking Namespace=default, Pod=media-service-57f4b9d99d-hn5ws for Target File=deathstar_*.output
Namespace: default, Pod: media-service-57f4b9d99d-hn5ws has the target files.
Copying deathstar_media-service.output to deathstar_media-service.output
tar: removing leading '/' from member names
Debug: Checking Namespace=default, Pod=nginx-web-server-64fc6fd886-lwfv8 for Target File=deathstar_*.output
Namespace: default, Pod: nginx-web-server-64fc6fd886-lwfv8 has the target files.
Copying deathstar_nginx-web-server.output to deathstar_nginx-web-server.output
tar: removing leading '/' from member names
Debug: Checking Namespace=default, Pod=post-storage-mongo-65c79c9bcd-h7s5b for Target File=deathstar_*.output
Namespace: default, Pod: post-storage-mongo-65c79c9bcd-h7s5b has the target files.
Copying deathstar_post-storage-mongo.output to deathstar_post-storage-mongo.output
tar: removing leading '/' from member names
Debug: Checking Namespace=default, Pod=post-storage-service-b544cfc5c-xc94b for Target File=deathstar_*.output
Namespace: default, Pod: post-storage-service-b544cfc5c-xc94b has the target files.
Copying deathstar_post-storage-service.output to deathstar_post-storage-service.output
tar: removing leading '/' from member names
Debug: Checking Namespace=default, Pod=social-graph-redis-6fdf7b4459-v2x4p for Target File=deathstar_*.output
Namespace: default, Pod: social-graph-redis-6fdf7b4459-v2x4p has the target files.
Copying deathstar_social-graph-redis.output to deathstar_social-graph-redis.output
tar: removing leading '/' from member names
Debug: Checking Namespace=default, Pod=social-graph-service-7d9d94b79d-mtjpc for Target File=deathstar_*.output
Namespace: default, Pod: social-graph-service-7d9d94b79d-mtjpc has the target files.
Copying deathstar_social-graph-service.output to deathstar_social-graph-service.output
tar: removing leading '/' from member names
Debug: Checking Namespace=default, Pod=text-service-6674d788d7-f4dj9 for Target File=deathstar_*.output
Namespace: default, Pod: text-service-6674d788d7-f4dj9 has the target files.
Copying deathstar_text-service.output to deathstar_text-service.output
tar: removing leading '/' from member names
Debug: Checking Namespace=default, Pod=unique-id-service-64bdc5f76-h8v7t for Target File=deathstar_*.output
Namespace: default, Pod: unique-id-service-64bdc5f76-h8v7t has the target files.
Copying deathstar_unique-id-service.output to deathstar_unique-id-service.output
tar: removing leading '/' from member names
Debug: Checking Namespace=default, Pod=url-shorten-mongo-6b4c85bb87-jvvvx for Target File=deathstar_*.output
Namespace: default, Pod: url-shorten-mongo-6b4c85bb87-jvvvx has the target files.
Copying deathstar_url-shorten-mongo.output to deathstar_url-shorten-mongo.output
tar: removing leading '/' from member names
Debug: Checking Namespace=default, Pod=url-shorten-service-68d694d594-sp5h8 for Target File=deathstar_*.output
Namespace: default, Pod: url-shorten-service-68d694d594-sp5h8 has the target files.
Copying deathstar_url-shorten-service.output to deathstar_url-shorten-service.output
tar: removing leading '/' from member names
Debug: Checking Namespace=default, Pod=user-mention-memcached-64575cd9dc-6wfbt for Target File=deathstar_*.output
Namespace: default, Pod: user-mention-memcached-64575cd9dc-6wfbt has the target files.
Copying deathstar_user-mention-memcached.output to deathstar_user-mention-memcached.output
tar: removing leading '/' from member names
Debug: Checking Namespace=default, Pod=user-mention-service-6dcfcb4b8d-t6js6 for Target File=deathstar_*.output
Namespace: default, Pod: user-mention-service-6dcfcb4b8d-t6js6 has the target files.
Copying deathstar_user-mention-service.output to deathstar_user-mention-service.output
tar: removing leading '/' from member names
Debug: Checking Namespace=default, Pod=user-service-5b549c744-27qfm for Target File=deathstar_*.output
Namespace: default, Pod: user-service-5b549c744-27qfm has the target files.
Copying deathstar_user-service.output to deathstar_user-service.output
tar: removing leading '/' from member names
Debug: Checking Namespace=default, Pod=user-timeline-mongo-6dfc455859-rqrbw for Target File=deathstar_*.output
Namespace: default, Pod: user-timeline-mongo-6dfc455859-rqrbw has the target files.
Copying deathstar_user-timeline-mongo.output to deathstar_user-timeline-mongo.output
tar: removing leading '/' from member names
Debug: Checking Namespace=default, Pod=user-timeline-redis-7b55f9ffd9-trgdp for Target File=deathstar_*.output
Namespace: default, Pod: user-timeline-redis-7b55f9ffd9-trgdp has the target files.
Copying deathstar_user-timeline-redis.output to deathstar_user-timeline-redis.output
tar: removing leading '/' from member names
Debug: Checking Namespace=default, Pod=user-timeline-service-f648cb4f4-24lnb for Target File=deathstar_*.output
Namespace: default, Pod: user-timeline-service-f648cb4f4-24lnb has the target files.
Copying deathstar_user-timeline-service.output to deathstar_user-timeline-service.output
tar: removing leading '/' from member names
Debug: Checking Namespace=default, Pod=compose-post-service-6f9845489d-pmqx2 for Target File=*.pprof
Namespace: default, Pod: compose-post-service-6f9845489d-pmqx2 has the target files.
Copying compose-post-service.pprof to compose-post-service.pprof
tar: removing leading '/' from member names
tar: removing leading '/' from member names
Debug: Checking Namespace=default, Pod=home-timeline-redis-68bdbb459f-c6szf for Target File=*.pprof
Namespace: default, Pod: home-timeline-redis-68bdbb459f-c6szf has the target files.
Copying home-timeline-redis.pprof to home-timeline-redis.pprof
tar: removing leading '/' from member names
tar: removing leading '/' from member names
Debug: Checking Namespace=default, Pod=home-timeline-service-7974fb9949-5tkw2 for Target File=*.pprof
Namespace: default, Pod: home-timeline-service-7974fb9949-5tkw2 has the target files.
Copying home-timeline-service.pprof to home-timeline-service.pprof
tar: removing leading '/' from member names
tar: removing leading '/' from member names
Debug: Checking Namespace=default, Pod=media-service-57f4b9d99d-hn5ws for Target File=*.pprof
Namespace: default, Pod: media-service-57f4b9d99d-hn5ws has the target files.
Copying media-service.pprof to media-service.pprof
tar: removing leading '/' from member names
tar: removing leading '/' from member names
Debug: Checking Namespace=default, Pod=nginx-web-server-64fc6fd886-lwfv8 for Target File=*.pprof
Namespace: default, Pod: nginx-web-server-64fc6fd886-lwfv8 has the target files.
Copying nginx-web-server.pprof to nginx-web-server.pprof
tar: removing leading '/' from member names
tar: removing leading '/' from member names
Debug: Checking Namespace=default, Pod=post-storage-mongo-65c79c9bcd-h7s5b for Target File=*.pprof
Namespace: default, Pod: post-storage-mongo-65c79c9bcd-h7s5b has the target files.
Copying post-storage-mongo.pprof to post-storage-mongo.pprof
tar: removing leading '/' from member names
tar: removing leading '/' from member names
Debug: Checking Namespace=default, Pod=post-storage-service-b544cfc5c-xc94b for Target File=*.pprof
Namespace: default, Pod: post-storage-service-b544cfc5c-xc94b has the target files.
Copying post-storage-service.pprof to post-storage-service.pprof
tar: removing leading '/' from member names
tar: removing leading '/' from member names
Debug: Checking Namespace=default, Pod=social-graph-redis-6fdf7b4459-v2x4p for Target File=*.pprof
Namespace: default, Pod: social-graph-redis-6fdf7b4459-v2x4p has the target files.
Copying social-graph-redis.pprof to social-graph-redis.pprof
tar: removing leading '/' from member names
tar: removing leading '/' from member names
Debug: Checking Namespace=default, Pod=social-graph-service-7d9d94b79d-mtjpc for Target File=*.pprof
Namespace: default, Pod: social-graph-service-7d9d94b79d-mtjpc has the target files.
Copying social-graph-service.pprof to social-graph-service.pprof
tar: removing leading '/' from member names
tar: removing leading '/' from member names
Debug: Checking Namespace=default, Pod=text-service-6674d788d7-f4dj9 for Target File=*.pprof
Namespace: default, Pod: text-service-6674d788d7-f4dj9 has the target files.
Copying text-service.pprof to text-service.pprof
tar: removing leading '/' from member names
tar: removing leading '/' from member names
Debug: Checking Namespace=default, Pod=unique-id-service-64bdc5f76-h8v7t for Target File=*.pprof
Namespace: default, Pod: unique-id-service-64bdc5f76-h8v7t has the target files.
Copying unique-id-service.pprof to unique-id-service.pprof
tar: removing leading '/' from member names
tar: removing leading '/' from member names
Debug: Checking Namespace=default, Pod=url-shorten-mongo-6b4c85bb87-jvvvx for Target File=*.pprof
Namespace: default, Pod: url-shorten-mongo-6b4c85bb87-jvvvx has the target files.
Copying url-shorten-mongo.pprof to url-shorten-mongo.pprof
tar: removing leading '/' from member names
tar: removing leading '/' from member names
Debug: Checking Namespace=default, Pod=url-shorten-service-68d694d594-sp5h8 for Target File=*.pprof
Namespace: default, Pod: url-shorten-service-68d694d594-sp5h8 has the target files.
Copying url-shorten-service.pprof to url-shorten-service.pprof
tar: removing leading '/' from member names
tar: removing leading '/' from member names
Debug: Checking Namespace=default, Pod=user-mention-memcached-64575cd9dc-6wfbt for Target File=*.pprof
Namespace: default, Pod: user-mention-memcached-64575cd9dc-6wfbt has the target files.
Copying user-mention-memcached.pprof to user-mention-memcached.pprof
tar: removing leading '/' from member names
tar: removing leading '/' from member names
Debug: Checking Namespace=default, Pod=user-mention-service-6dcfcb4b8d-t6js6 for Target File=*.pprof
Namespace: default, Pod: user-mention-service-6dcfcb4b8d-t6js6 has the target files.
Copying user-mention-service.pprof to user-mention-service.pprof
tar: removing leading '/' from member names
tar: removing leading '/' from member names
Debug: Checking Namespace=default, Pod=user-service-5b549c744-27qfm for Target File=*.pprof
Namespace: default, Pod: user-service-5b549c744-27qfm has the target files.
Copying user-service.pprof to user-service.pprof
tar: removing leading '/' from member names
tar: removing leading '/' from member names
Debug: Checking Namespace=default, Pod=user-timeline-mongo-6dfc455859-rqrbw for Target File=*.pprof
Namespace: default, Pod: user-timeline-mongo-6dfc455859-rqrbw has the target files.
Copying user-timeline-mongo.pprof to user-timeline-mongo.pprof
tar: removing leading '/' from member names
tar: removing leading '/' from member names
Debug: Checking Namespace=default, Pod=user-timeline-redis-7b55f9ffd9-trgdp for Target File=*.pprof
Namespace: default, Pod: user-timeline-redis-7b55f9ffd9-trgdp has the target files.
Copying user-timeline-redis.pprof to user-timeline-redis.pprof
tar: removing leading '/' from member names
tar: removing leading '/' from member names
Debug: Checking Namespace=default, Pod=user-timeline-service-f648cb4f4-24lnb for Target File=*.pprof
Namespace: default, Pod: user-timeline-service-f648cb4f4-24lnb has the target files.
Copying user-timeline-service.pprof to user-timeline-service.pprof
tar: removing leading '/' from member names
tar: removing leading '/' from member names
