Deployments: compose-post-service
home-timeline-redis
home-timeline-service
media-service
nginx-web-server
post-storage-mongo
post-storage-service
social-graph-redis
social-graph-service
text-service
unique-id-service
url-shorten-mongo
url-shorten-service
user-mention-memcached
user-mention-service
user-service
user-timeline-mongo
user-timeline-redis
user-timeline-service
Waiting for deployment "compose-post-service" rollout to finish: 0 of 1 updated replicas are available...
deployment "compose-post-service" successfully rolled out
Deployment compose-post-service is ready.
Waiting for deployment "home-timeline-redis" rollout to finish: 0 of 1 updated replicas are available...
deployment "home-timeline-redis" successfully rolled out
Deployment home-timeline-redis is ready.
Waiting for deployment "home-timeline-service" rollout to finish: 0 of 1 updated replicas are available...
deployment "home-timeline-service" successfully rolled out
Deployment home-timeline-service is ready.
deployment "media-service" successfully rolled out
Deployment media-service is ready.
deployment "nginx-web-server" successfully rolled out
Deployment nginx-web-server is ready.
deployment "post-storage-mongo" successfully rolled out
Deployment post-storage-mongo is ready.
deployment "post-storage-service" successfully rolled out
Deployment post-storage-service is ready.
deployment "social-graph-redis" successfully rolled out
Deployment social-graph-redis is ready.
deployment "social-graph-service" successfully rolled out
Deployment social-graph-service is ready.
Waiting for deployment "text-service" rollout to finish: 0 of 1 updated replicas are available...
deployment "text-service" successfully rolled out
Deployment text-service is ready.
Waiting for deployment "unique-id-service" rollout to finish: 0 of 1 updated replicas are available...
deployment "unique-id-service" successfully rolled out
Deployment unique-id-service is ready.
deployment "url-shorten-mongo" successfully rolled out
Deployment url-shorten-mongo is ready.
deployment "url-shorten-service" successfully rolled out
Deployment url-shorten-service is ready.
deployment "user-mention-memcached" successfully rolled out
Deployment user-mention-memcached is ready.
deployment "user-mention-service" successfully rolled out
Deployment user-mention-service is ready.
deployment "user-service" successfully rolled out
Deployment user-service is ready.
deployment "user-timeline-mongo" successfully rolled out
Deployment user-timeline-mongo is ready.
deployment "user-timeline-redis" successfully rolled out
Deployment user-timeline-redis is ready.
deployment "user-timeline-service" successfully rolled out
Deployment user-timeline-service is ready.
ENTRY_POINT: nginx-web-server
SERVICE_A_URL: 10.110.65.29:50051
Capacity: 2500
Metadata: request-id={{.RequestNumber}}
Metadata: timestamp={{.TimestampUnix}}
Metadata: method=compose
Constant load: true
Capacity: 2500
Run duration: 10s
Enable Charon: true
Charon options: map[debug:false debugFreq:1000 initprice:10 rateLimiting:true tokenRefillDist:poisson tokenStrategy:uniform tokenUpdateRate:10ms tokenUpdateStep:10 tokensLeft:0]

Summary:
  Count:	11251
  Total:	9.79 s
  Slowest:	7.34 s
  Fastest:	13.08 ms
  Average:	845.20 ms
  Requests/sec:	1149.38

Response time histogram:
  13.085   [1]     |
  746.157  [10225] |∎∎∎∎∎∎∎∎∎∎∎∎∎∎∎∎∎∎∎∎∎∎∎∎∎∎∎∎∎∎∎∎∎∎∎∎∎∎∎∎
  1479.230 [0]     |
  2212.302 [0]     |
  2945.375 [0]     |
  3678.447 [0]     |
  4411.520 [0]     |
  5144.592 [0]     |
  5877.664 [0]     |
  6610.737 [0]     |
  7343.809 [129]   |∎

Latency distribution:
  10 % in 18.15 ms 
  25 % in 21.63 ms 
  50 % in 26.00 ms 
  75 % in 30.80 ms 
  90 % in 35.34 ms 
  95 % in 38.33 ms 
  99 % in 7.31 s 

Status code distribution:
  [OK]         10355 responses   
  [Canceled]   896 responses     

Error distribution:
  [896]   rpc error: code = Canceled desc = grpc: the client connection is closing   

Debug: Checking Namespace=default, Pod=compose-post-service-6f9845489d-k6vpj for Target File=deathstar_*.output
Namespace: default, Pod: compose-post-service-6f9845489d-k6vpj has the target files.
Copying deathstar_compose-post-service.output to deathstar_compose-post-service.output
tar: removing leading '/' from member names
Debug: Checking Namespace=default, Pod=home-timeline-redis-68bdbb459f-5nm4j for Target File=deathstar_*.output
Namespace: default, Pod: home-timeline-redis-68bdbb459f-5nm4j has the target files.
Copying deathstar_home-timeline-redis.output to deathstar_home-timeline-redis.output
tar: removing leading '/' from member names
Debug: Checking Namespace=default, Pod=home-timeline-service-6fcb4679db-jrdl7 for Target File=deathstar_*.output
Namespace: default, Pod: home-timeline-service-6fcb4679db-jrdl7 has the target files.
Copying deathstar_home-timeline-service.output to deathstar_home-timeline-service.output
tar: removing leading '/' from member names
Debug: Checking Namespace=default, Pod=media-service-cfc4b74c7-qgt7b for Target File=deathstar_*.output
Namespace: default, Pod: media-service-cfc4b74c7-qgt7b has the target files.
Copying deathstar_media-service.output to deathstar_media-service.output
tar: removing leading '/' from member names
Debug: Checking Namespace=default, Pod=nginx-web-server-64fc6fd886-6b585 for Target File=deathstar_*.output
Namespace: default, Pod: nginx-web-server-64fc6fd886-6b585 has the target files.
Copying deathstar_nginx-web-server.output to deathstar_nginx-web-server.output
tar: removing leading '/' from member names
Debug: Checking Namespace=default, Pod=post-storage-mongo-65c79c9bcd-tf2js for Target File=deathstar_*.output
Namespace: default, Pod: post-storage-mongo-65c79c9bcd-tf2js has the target files.
Copying deathstar_post-storage-mongo.output to deathstar_post-storage-mongo.output
tar: removing leading '/' from member names
Debug: Checking Namespace=default, Pod=post-storage-service-b544cfc5c-dlt6n for Target File=deathstar_*.output
Namespace: default, Pod: post-storage-service-b544cfc5c-dlt6n has the target files.
Copying deathstar_post-storage-service.output to deathstar_post-storage-service.output
tar: removing leading '/' from member names
Debug: Checking Namespace=default, Pod=social-graph-redis-6fdf7b4459-ktlxg for Target File=deathstar_*.output
Namespace: default, Pod: social-graph-redis-6fdf7b4459-ktlxg has the target files.
Copying deathstar_social-graph-redis.output to deathstar_social-graph-redis.output
tar: removing leading '/' from member names
Debug: Checking Namespace=default, Pod=social-graph-service-7d9d94b79d-pglll for Target File=deathstar_*.output
Namespace: default, Pod: social-graph-service-7d9d94b79d-pglll has the target files.
Copying deathstar_social-graph-service.output to deathstar_social-graph-service.output
tar: removing leading '/' from member names
Debug: Checking Namespace=default, Pod=text-service-58d95db9d4-khrcm for Target File=deathstar_*.output
Namespace: default, Pod: text-service-58d95db9d4-khrcm has the target files.
Copying deathstar_text-service.output to deathstar_text-service.output
tar: removing leading '/' from member names
Debug: Checking Namespace=default, Pod=unique-id-service-64bdc5f76-rcgnj for Target File=deathstar_*.output
Namespace: default, Pod: unique-id-service-64bdc5f76-rcgnj has the target files.
Copying deathstar_unique-id-service.output to deathstar_unique-id-service.output
tar: removing leading '/' from member names
Debug: Checking Namespace=default, Pod=url-shorten-mongo-6b4c85bb87-6rkdw for Target File=deathstar_*.output
Namespace: default, Pod: url-shorten-mongo-6b4c85bb87-6rkdw has the target files.
Copying deathstar_url-shorten-mongo.output to deathstar_url-shorten-mongo.output
tar: removing leading '/' from member names
Debug: Checking Namespace=default, Pod=url-shorten-service-68d694d594-76ffg for Target File=deathstar_*.output
Namespace: default, Pod: url-shorten-service-68d694d594-76ffg has the target files.
Copying deathstar_url-shorten-service.output to deathstar_url-shorten-service.output
tar: removing leading '/' from member names
Debug: Checking Namespace=default, Pod=user-mention-memcached-64575cd9dc-nc627 for Target File=deathstar_*.output
Namespace: default, Pod: user-mention-memcached-64575cd9dc-nc627 has the target files.
Copying deathstar_user-mention-memcached.output to deathstar_user-mention-memcached.output
tar: removing leading '/' from member names
Debug: Checking Namespace=default, Pod=user-mention-service-6dcfcb4b8d-kvhxr for Target File=deathstar_*.output
Namespace: default, Pod: user-mention-service-6dcfcb4b8d-kvhxr has the target files.
Copying deathstar_user-mention-service.output to deathstar_user-mention-service.output
tar: removing leading '/' from member names
Debug: Checking Namespace=default, Pod=user-service-5b549c744-9wldl for Target File=deathstar_*.output
Namespace: default, Pod: user-service-5b549c744-9wldl has the target files.
Copying deathstar_user-service.output to deathstar_user-service.output
tar: removing leading '/' from member names
Debug: Checking Namespace=default, Pod=user-timeline-mongo-6dfc455859-2nt86 for Target File=deathstar_*.output
Namespace: default, Pod: user-timeline-mongo-6dfc455859-2nt86 has the target files.
Copying deathstar_user-timeline-mongo.output to deathstar_user-timeline-mongo.output
tar: removing leading '/' from member names
Debug: Checking Namespace=default, Pod=user-timeline-redis-7b55f9ffd9-l4fkj for Target File=deathstar_*.output
Namespace: default, Pod: user-timeline-redis-7b55f9ffd9-l4fkj has the target files.
Copying deathstar_user-timeline-redis.output to deathstar_user-timeline-redis.output
tar: removing leading '/' from member names
Debug: Checking Namespace=default, Pod=user-timeline-service-5b766b8b45-8f7xn for Target File=deathstar_*.output
Namespace: default, Pod: user-timeline-service-5b766b8b45-8f7xn has the target files.
Copying deathstar_user-timeline-service.output to deathstar_user-timeline-service.output
tar: removing leading '/' from member names
Debug: Checking Namespace=default, Pod=compose-post-service-6f9845489d-k6vpj for Target File=*.pprof
Namespace: default, Pod: compose-post-service-6f9845489d-k6vpj has the target files.
Copying compose-post-service.pprof to compose-post-service.pprof
tar: removing leading '/' from member names
tar: removing leading '/' from member names
Debug: Checking Namespace=default, Pod=home-timeline-redis-68bdbb459f-5nm4j for Target File=*.pprof
Namespace: default, Pod: home-timeline-redis-68bdbb459f-5nm4j has the target files.
Debug: Checking Namespace=default, Pod=home-timeline-service-6fcb4679db-jrdl7 for Target File=*.pprof
Namespace: default, Pod: home-timeline-service-6fcb4679db-jrdl7 has the target files.
Copying home-timeline-service.pprof to home-timeline-service.pprof
tar: removing leading '/' from member names
tar: removing leading '/' from member names
Debug: Checking Namespace=default, Pod=media-service-cfc4b74c7-qgt7b for Target File=*.pprof
Namespace: default, Pod: media-service-cfc4b74c7-qgt7b has the target files.
Debug: Checking Namespace=default, Pod=nginx-web-server-64fc6fd886-6b585 for Target File=*.pprof
Namespace: default, Pod: nginx-web-server-64fc6fd886-6b585 has the target files.
Copying nginx-web-server.pprof to nginx-web-server.pprof
tar: removing leading '/' from member names
tar: removing leading '/' from member names
Debug: Checking Namespace=default, Pod=post-storage-mongo-65c79c9bcd-tf2js for Target File=*.pprof
Namespace: default, Pod: post-storage-mongo-65c79c9bcd-tf2js has the target files.
Debug: Checking Namespace=default, Pod=post-storage-service-b544cfc5c-dlt6n for Target File=*.pprof
Namespace: default, Pod: post-storage-service-b544cfc5c-dlt6n has the target files.
Copying post-storage-service.pprof to post-storage-service.pprof
tar: removing leading '/' from member names
tar: removing leading '/' from member names
Debug: Checking Namespace=default, Pod=social-graph-redis-6fdf7b4459-ktlxg for Target File=*.pprof
Namespace: default, Pod: social-graph-redis-6fdf7b4459-ktlxg has the target files.
Debug: Checking Namespace=default, Pod=social-graph-service-7d9d94b79d-pglll for Target File=*.pprof
Namespace: default, Pod: social-graph-service-7d9d94b79d-pglll has the target files.
Copying social-graph-service.pprof to social-graph-service.pprof
tar: removing leading '/' from member names
tar: removing leading '/' from member names
Debug: Checking Namespace=default, Pod=text-service-58d95db9d4-khrcm for Target File=*.pprof
Namespace: default, Pod: text-service-58d95db9d4-khrcm has the target files.
Copying text-service.pprof to text-service.pprof
tar: removing leading '/' from member names
tar: removing leading '/' from member names
Debug: Checking Namespace=default, Pod=unique-id-service-64bdc5f76-rcgnj for Target File=*.pprof
Namespace: default, Pod: unique-id-service-64bdc5f76-rcgnj has the target files.
Copying unique-id-service.pprof to unique-id-service.pprof
tar: removing leading '/' from member names
tar: removing leading '/' from member names
Debug: Checking Namespace=default, Pod=url-shorten-mongo-6b4c85bb87-6rkdw for Target File=*.pprof
Namespace: default, Pod: url-shorten-mongo-6b4c85bb87-6rkdw has the target files.
Debug: Checking Namespace=default, Pod=url-shorten-service-68d694d594-76ffg for Target File=*.pprof
Namespace: default, Pod: url-shorten-service-68d694d594-76ffg has the target files.
Copying url-shorten-service.pprof to url-shorten-service.pprof
tar: removing leading '/' from member names
tar: removing leading '/' from member names
Debug: Checking Namespace=default, Pod=user-mention-memcached-64575cd9dc-nc627 for Target File=*.pprof
Namespace: default, Pod: user-mention-memcached-64575cd9dc-nc627 has the target files.
Debug: Checking Namespace=default, Pod=user-mention-service-6dcfcb4b8d-kvhxr for Target File=*.pprof
Namespace: default, Pod: user-mention-service-6dcfcb4b8d-kvhxr has the target files.
Copying user-mention-service.pprof to user-mention-service.pprof
tar: removing leading '/' from member names
tar: removing leading '/' from member names
Debug: Checking Namespace=default, Pod=user-service-5b549c744-9wldl for Target File=*.pprof
Namespace: default, Pod: user-service-5b549c744-9wldl has the target files.
Copying user-service.pprof to user-service.pprof
tar: removing leading '/' from member names
tar: removing leading '/' from member names
Debug: Checking Namespace=default, Pod=user-timeline-mongo-6dfc455859-2nt86 for Target File=*.pprof
Namespace: default, Pod: user-timeline-mongo-6dfc455859-2nt86 has the target files.
Copying user-timeline-mongo.pprof to user-timeline-mongo.pprof
tar: removing leading '/' from member names
tar: removing leading '/' from member names
Debug: Checking Namespace=default, Pod=user-timeline-redis-7b55f9ffd9-l4fkj for Target File=*.pprof
Namespace: default, Pod: user-timeline-redis-7b55f9ffd9-l4fkj has the target files.
Copying user-timeline-redis.pprof to user-timeline-redis.pprof
tar: removing leading '/' from member names
tar: removing leading '/' from member names
Debug: Checking Namespace=default, Pod=user-timeline-service-5b766b8b45-8f7xn for Target File=*.pprof
Namespace: default, Pod: user-timeline-service-5b766b8b45-8f7xn has the target files.
Copying user-timeline-service.pprof to user-timeline-service.pprof
tar: removing leading '/' from member names
tar: removing leading '/' from member names
