Deployments: compose-post-service
home-timeline-redis
home-timeline-service
media-service
nginx-web-server
post-storage-mongo
post-storage-service
social-graph-redis
social-graph-service
text-service
unique-id-service
url-shorten-mongo
url-shorten-service
user-mention-memcached
user-mention-service
user-service
user-timeline-mongo
user-timeline-redis
user-timeline-service
Waiting for deployment "compose-post-service" rollout to finish: 0 of 1 updated replicas are available...
deployment "compose-post-service" successfully rolled out
Deployment compose-post-service is ready.
deployment "home-timeline-redis" successfully rolled out
Deployment home-timeline-redis is ready.
deployment "home-timeline-service" successfully rolled out
Deployment home-timeline-service is ready.
deployment "media-service" successfully rolled out
Deployment media-service is ready.
deployment "nginx-web-server" successfully rolled out
Deployment nginx-web-server is ready.
deployment "post-storage-mongo" successfully rolled out
Deployment post-storage-mongo is ready.
deployment "post-storage-service" successfully rolled out
Deployment post-storage-service is ready.
deployment "social-graph-redis" successfully rolled out
Deployment social-graph-redis is ready.
deployment "social-graph-service" successfully rolled out
Deployment social-graph-service is ready.
deployment "text-service" successfully rolled out
Deployment text-service is ready.
deployment "unique-id-service" successfully rolled out
Deployment unique-id-service is ready.
deployment "url-shorten-mongo" successfully rolled out
Deployment url-shorten-mongo is ready.
deployment "url-shorten-service" successfully rolled out
Deployment url-shorten-service is ready.
deployment "user-mention-memcached" successfully rolled out
Deployment user-mention-memcached is ready.
deployment "user-mention-service" successfully rolled out
Deployment user-mention-service is ready.
deployment "user-service" successfully rolled out
Deployment user-service is ready.
deployment "user-timeline-mongo" successfully rolled out
Deployment user-timeline-mongo is ready.
deployment "user-timeline-redis" successfully rolled out
Deployment user-timeline-redis is ready.
deployment "user-timeline-service" successfully rolled out
Deployment user-timeline-service is ready.
ENTRY_POINT: nginx-web-server
SERVICE_A_URL: 10.97.121.13:50051
Capacity: 9500
Metadata: timestamp={{.TimestampUnix}}
Metadata: method=compose
Metadata: request-id={{.RequestNumber}}
Constant load: true
Capacity: 9500
Run duration: 10s
Enable Charon: true
Charon options: map[debug:false debugFreq:1000 initprice:10 rateLimiting:true tokenRefillDist:poisson tokenStrategy:uniform tokenUpdateRate:10ms tokenUpdateStep:10 tokensLeft:0]

Summary:
  Count:	61207
  Total:	9.84 s
  Slowest:	3.12 s
  Fastest:	18.67 ms
  Average:	154.29 ms
  Requests/sec:	6219.05

Response time histogram:
  18.670   [1]     |
  328.520  [59316] |∎∎∎∎∎∎∎∎∎∎∎∎∎∎∎∎∎∎∎∎∎∎∎∎∎∎∎∎∎∎∎∎∎∎∎∎∎∎∎∎
  638.371  [1]     |
  948.221  [75]    |
  1258.072 [387]   |
  1567.922 [0]     |
  1877.773 [0]     |
  2187.624 [0]     |
  2497.474 [0]     |
  2807.325 [0]     |
  3117.175 [537]   |

Latency distribution:
  10 % in 65.16 ms 
  25 % in 87.01 ms 
  50 % in 122.09 ms 
  75 % in 152.08 ms 
  90 % in 183.78 ms 
  95 % in 209.07 ms 
  99 % in 1.04 s 

Status code distribution:
  [OK]            60317 responses   
  [Unavailable]   109 responses     
  [Canceled]      781 responses     

Error distribution:
  [109]   rpc error: code = Unavailable desc = connection error: desc = "error reading server preface: read tcp 128.110.218.26:55386->10.97.121.13:50051: read: connection reset by peer"   
  [781]   rpc error: code = Canceled desc = grpc: the client connection is closing                                                                                                          

Debug: Checking Namespace=default, Pod=compose-post-service-6f9845489d-9jlb9 for Target File=deathstar_*.output
Namespace: default, Pod: compose-post-service-6f9845489d-9jlb9 has the target files.
Copying deathstar_compose-post-service.output to deathstar_compose-post-service.output
tar: removing leading '/' from member names
Debug: Checking Namespace=default, Pod=home-timeline-redis-68bdbb459f-7svtp for Target File=deathstar_*.output
Namespace: default, Pod: home-timeline-redis-68bdbb459f-7svtp has the target files.
Copying deathstar_home-timeline-redis.output to deathstar_home-timeline-redis.output
tar: removing leading '/' from member names
Debug: Checking Namespace=default, Pod=home-timeline-service-6fcb4679db-6kdld for Target File=deathstar_*.output
Namespace: default, Pod: home-timeline-service-6fcb4679db-6kdld has the target files.
Copying deathstar_home-timeline-service.output to deathstar_home-timeline-service.output
tar: removing leading '/' from member names
Debug: Checking Namespace=default, Pod=media-service-cfc4b74c7-vnnmk for Target File=deathstar_*.output
Namespace: default, Pod: media-service-cfc4b74c7-vnnmk has the target files.
Copying deathstar_media-service.output to deathstar_media-service.output
tar: removing leading '/' from member names
Debug: Checking Namespace=default, Pod=nginx-web-server-64fc6fd886-4thtc for Target File=deathstar_*.output
Namespace: default, Pod: nginx-web-server-64fc6fd886-4thtc has the target files.
Copying deathstar_nginx-web-server.output to deathstar_nginx-web-server.output
tar: removing leading '/' from member names
Debug: Checking Namespace=default, Pod=post-storage-mongo-65c79c9bcd-l7nk8 for Target File=deathstar_*.output
Namespace: default, Pod: post-storage-mongo-65c79c9bcd-l7nk8 has the target files.
Copying deathstar_post-storage-mongo.output to deathstar_post-storage-mongo.output
tar: removing leading '/' from member names
Debug: Checking Namespace=default, Pod=post-storage-service-6cb68b6d86-4f7gd for Target File=deathstar_*.output
Namespace: default, Pod: post-storage-service-6cb68b6d86-4f7gd has the target files.
Copying deathstar_post-storage-service.output to deathstar_post-storage-service.output
tar: removing leading '/' from member names
Debug: Checking Namespace=default, Pod=social-graph-redis-6fdf7b4459-cwpq2 for Target File=deathstar_*.output
Namespace: default, Pod: social-graph-redis-6fdf7b4459-cwpq2 has the target files.
Copying deathstar_social-graph-redis.output to deathstar_social-graph-redis.output
tar: removing leading '/' from member names
Debug: Checking Namespace=default, Pod=social-graph-service-7d9d94b79d-8g6ng for Target File=deathstar_*.output
Namespace: default, Pod: social-graph-service-7d9d94b79d-8g6ng has the target files.
Copying deathstar_social-graph-service.output to deathstar_social-graph-service.output
tar: removing leading '/' from member names
Debug: Checking Namespace=default, Pod=text-service-58d95db9d4-6rh2d for Target File=deathstar_*.output
Namespace: default, Pod: text-service-58d95db9d4-6rh2d has the target files.
Copying deathstar_text-service.output to deathstar_text-service.output
tar: removing leading '/' from member names
Debug: Checking Namespace=default, Pod=unique-id-service-545ffbdd6c-cwbhw for Target File=deathstar_*.output
Namespace: default, Pod: unique-id-service-545ffbdd6c-cwbhw has the target files.
Copying deathstar_unique-id-service.output to deathstar_unique-id-service.output
tar: removing leading '/' from member names
Debug: Checking Namespace=default, Pod=url-shorten-mongo-6b4c85bb87-6dknd for Target File=deathstar_*.output
Namespace: default, Pod: url-shorten-mongo-6b4c85bb87-6dknd has the target files.
Copying deathstar_url-shorten-mongo.output to deathstar_url-shorten-mongo.output
tar: removing leading '/' from member names
Debug: Checking Namespace=default, Pod=url-shorten-service-68d694d594-td8r2 for Target File=deathstar_*.output
Namespace: default, Pod: url-shorten-service-68d694d594-td8r2 has the target files.
Copying deathstar_url-shorten-service.output to deathstar_url-shorten-service.output
tar: removing leading '/' from member names
Debug: Checking Namespace=default, Pod=user-mention-memcached-64575cd9dc-lqx9t for Target File=deathstar_*.output
Namespace: default, Pod: user-mention-memcached-64575cd9dc-lqx9t has the target files.
Copying deathstar_user-mention-memcached.output to deathstar_user-mention-memcached.output
tar: removing leading '/' from member names
Debug: Checking Namespace=default, Pod=user-mention-service-6dcfcb4b8d-pmwjb for Target File=deathstar_*.output
Namespace: default, Pod: user-mention-service-6dcfcb4b8d-pmwjb has the target files.
Copying deathstar_user-mention-service.output to deathstar_user-mention-service.output
tar: removing leading '/' from member names
Debug: Checking Namespace=default, Pod=user-service-5b549c744-rkkm8 for Target File=deathstar_*.output
Namespace: default, Pod: user-service-5b549c744-rkkm8 has the target files.
Copying deathstar_user-service.output to deathstar_user-service.output
tar: removing leading '/' from member names
Debug: Checking Namespace=default, Pod=user-timeline-mongo-6dfc455859-wm4dw for Target File=deathstar_*.output
Namespace: default, Pod: user-timeline-mongo-6dfc455859-wm4dw has the target files.
Copying deathstar_user-timeline-mongo.output to deathstar_user-timeline-mongo.output
tar: removing leading '/' from member names
Debug: Checking Namespace=default, Pod=user-timeline-redis-7b55f9ffd9-zqdcd for Target File=deathstar_*.output
Namespace: default, Pod: user-timeline-redis-7b55f9ffd9-zqdcd has the target files.
Copying deathstar_user-timeline-redis.output to deathstar_user-timeline-redis.output
tar: removing leading '/' from member names
Debug: Checking Namespace=default, Pod=user-timeline-service-5b766b8b45-dhcgf for Target File=deathstar_*.output
Namespace: default, Pod: user-timeline-service-5b766b8b45-dhcgf has the target files.
Copying deathstar_user-timeline-service.output to deathstar_user-timeline-service.output
tar: removing leading '/' from member names
Debug: Checking Namespace=default, Pod=compose-post-service-6f9845489d-9jlb9 for Target File=*.pprof
Namespace: default, Pod: compose-post-service-6f9845489d-9jlb9 has the target files.
Copying compose-post-service.pprof to compose-post-service.pprof
tar: removing leading '/' from member names
tar: removing leading '/' from member names
Debug: Checking Namespace=default, Pod=home-timeline-redis-68bdbb459f-7svtp for Target File=*.pprof
Namespace: default, Pod: home-timeline-redis-68bdbb459f-7svtp has the target files.
Debug: Checking Namespace=default, Pod=home-timeline-service-6fcb4679db-6kdld for Target File=*.pprof
Namespace: default, Pod: home-timeline-service-6fcb4679db-6kdld has the target files.
Copying home-timeline-service.pprof to home-timeline-service.pprof
tar: removing leading '/' from member names
tar: removing leading '/' from member names
Debug: Checking Namespace=default, Pod=media-service-cfc4b74c7-vnnmk for Target File=*.pprof
Namespace: default, Pod: media-service-cfc4b74c7-vnnmk has the target files.
Debug: Checking Namespace=default, Pod=nginx-web-server-64fc6fd886-4thtc for Target File=*.pprof
Namespace: default, Pod: nginx-web-server-64fc6fd886-4thtc has the target files.
Copying nginx-web-server.pprof to nginx-web-server.pprof
tar: removing leading '/' from member names
tar: removing leading '/' from member names
Debug: Checking Namespace=default, Pod=post-storage-mongo-65c79c9bcd-l7nk8 for Target File=*.pprof
Namespace: default, Pod: post-storage-mongo-65c79c9bcd-l7nk8 has the target files.
Copying post-storage-mongo.pprof to post-storage-mongo.pprof
tar: removing leading '/' from member names
tar: removing leading '/' from member names
Debug: Checking Namespace=default, Pod=post-storage-service-6cb68b6d86-4f7gd for Target File=*.pprof
Namespace: default, Pod: post-storage-service-6cb68b6d86-4f7gd has the target files.
Copying post-storage-service.pprof to post-storage-service.pprof
tar: removing leading '/' from member names
tar: removing leading '/' from member names
Debug: Checking Namespace=default, Pod=social-graph-redis-6fdf7b4459-cwpq2 for Target File=*.pprof
Namespace: default, Pod: social-graph-redis-6fdf7b4459-cwpq2 has the target files.
Copying social-graph-redis.pprof to social-graph-redis.pprof
tar: removing leading '/' from member names
tar: removing leading '/' from member names
Debug: Checking Namespace=default, Pod=social-graph-service-7d9d94b79d-8g6ng for Target File=*.pprof
Namespace: default, Pod: social-graph-service-7d9d94b79d-8g6ng has the target files.
Copying social-graph-service.pprof to social-graph-service.pprof
tar: removing leading '/' from member names
tar: removing leading '/' from member names
Debug: Checking Namespace=default, Pod=text-service-58d95db9d4-6rh2d for Target File=*.pprof
Namespace: default, Pod: text-service-58d95db9d4-6rh2d has the target files.
Copying text-service.pprof to text-service.pprof
tar: removing leading '/' from member names
tar: removing leading '/' from member names
Debug: Checking Namespace=default, Pod=unique-id-service-545ffbdd6c-cwbhw for Target File=*.pprof
Namespace: default, Pod: unique-id-service-545ffbdd6c-cwbhw has the target files.
Copying unique-id-service.pprof to unique-id-service.pprof
tar: removing leading '/' from member names
tar: removing leading '/' from member names
Debug: Checking Namespace=default, Pod=url-shorten-mongo-6b4c85bb87-6dknd for Target File=*.pprof
Namespace: default, Pod: url-shorten-mongo-6b4c85bb87-6dknd has the target files.
Copying url-shorten-mongo.pprof to url-shorten-mongo.pprof
tar: removing leading '/' from member names
tar: removing leading '/' from member names
Debug: Checking Namespace=default, Pod=url-shorten-service-68d694d594-td8r2 for Target File=*.pprof
Namespace: default, Pod: url-shorten-service-68d694d594-td8r2 has the target files.
Copying url-shorten-service.pprof to url-shorten-service.pprof
tar: removing leading '/' from member names
tar: removing leading '/' from member names
Debug: Checking Namespace=default, Pod=user-mention-memcached-64575cd9dc-lqx9t for Target File=*.pprof
Namespace: default, Pod: user-mention-memcached-64575cd9dc-lqx9t has the target files.
Copying user-mention-memcached.pprof to user-mention-memcached.pprof
tar: removing leading '/' from member names
tar: removing leading '/' from member names
Debug: Checking Namespace=default, Pod=user-mention-service-6dcfcb4b8d-pmwjb for Target File=*.pprof
Namespace: default, Pod: user-mention-service-6dcfcb4b8d-pmwjb has the target files.
Copying user-mention-service.pprof to user-mention-service.pprof
tar: removing leading '/' from member names
tar: removing leading '/' from member names
Debug: Checking Namespace=default, Pod=user-service-5b549c744-rkkm8 for Target File=*.pprof
Namespace: default, Pod: user-service-5b549c744-rkkm8 has the target files.
Copying user-service.pprof to user-service.pprof
tar: removing leading '/' from member names
tar: removing leading '/' from member names
Debug: Checking Namespace=default, Pod=user-timeline-mongo-6dfc455859-wm4dw for Target File=*.pprof
Namespace: default, Pod: user-timeline-mongo-6dfc455859-wm4dw has the target files.
Copying user-timeline-mongo.pprof to user-timeline-mongo.pprof
tar: removing leading '/' from member names
tar: removing leading '/' from member names
Debug: Checking Namespace=default, Pod=user-timeline-redis-7b55f9ffd9-zqdcd for Target File=*.pprof
Namespace: default, Pod: user-timeline-redis-7b55f9ffd9-zqdcd has the target files.
Copying user-timeline-redis.pprof to user-timeline-redis.pprof
tar: removing leading '/' from member names
tar: removing leading '/' from member names
Debug: Checking Namespace=default, Pod=user-timeline-service-5b766b8b45-dhcgf for Target File=*.pprof
Namespace: default, Pod: user-timeline-service-5b766b8b45-dhcgf has the target files.
Copying user-timeline-service.pprof to user-timeline-service.pprof
tar: removing leading '/' from member names
tar: removing leading '/' from member names
