Deployments: compose-post-service
home-timeline-redis
home-timeline-service
media-service
nginx-web-server
post-storage-mongo
post-storage-service
social-graph-redis
social-graph-service
text-service
unique-id-service
url-shorten-mongo
url-shorten-service
user-mention-memcached
user-mention-service
user-service
user-timeline-mongo
user-timeline-redis
user-timeline-service
Waiting for deployment "compose-post-service" rollout to finish: 0 of 1 updated replicas are available...
deployment "compose-post-service" successfully rolled out
Deployment compose-post-service is ready.
deployment "home-timeline-redis" successfully rolled out
Deployment home-timeline-redis is ready.
deployment "home-timeline-service" successfully rolled out
Deployment home-timeline-service is ready.
deployment "media-service" successfully rolled out
Deployment media-service is ready.
deployment "nginx-web-server" successfully rolled out
Deployment nginx-web-server is ready.
Waiting for deployment "post-storage-mongo" rollout to finish: 0 of 1 updated replicas are available...
deployment "post-storage-mongo" successfully rolled out
Deployment post-storage-mongo is ready.
deployment "post-storage-service" successfully rolled out
Deployment post-storage-service is ready.
deployment "social-graph-redis" successfully rolled out
Deployment social-graph-redis is ready.
deployment "social-graph-service" successfully rolled out
Deployment social-graph-service is ready.
deployment "text-service" successfully rolled out
Deployment text-service is ready.
deployment "unique-id-service" successfully rolled out
Deployment unique-id-service is ready.
deployment "url-shorten-mongo" successfully rolled out
Deployment url-shorten-mongo is ready.
deployment "url-shorten-service" successfully rolled out
Deployment url-shorten-service is ready.
deployment "user-mention-memcached" successfully rolled out
Deployment user-mention-memcached is ready.
deployment "user-mention-service" successfully rolled out
Deployment user-mention-service is ready.
deployment "user-service" successfully rolled out
Deployment user-service is ready.
deployment "user-timeline-mongo" successfully rolled out
Deployment user-timeline-mongo is ready.
deployment "user-timeline-redis" successfully rolled out
Deployment user-timeline-redis is ready.
deployment "user-timeline-service" successfully rolled out
Deployment user-timeline-service is ready.
ENTRY_POINT: nginx-web-server
SERVICE_A_URL: 10.111.202.151:50051
Capacity: 8500
Metadata: request-id={{.RequestNumber}}
Metadata: timestamp={{.TimestampUnix}}
Metadata: method=compose
Constant load: true
Capacity: 8500
Run duration: 10s
Enable Charon: false
Charon options: map[debug:false debugFreq:1000 initprice:10 rateLimiting:true tokenRefillDist:poisson tokenStrategy:uniform tokenUpdateRate:10ms tokenUpdateStep:10 tokensLeft:0]

Summary:
  Count:	73696
  Total:	9.82 s
  Slowest:	3.08 s
  Fastest:	20.90 ms
  Average:	126.77 ms
  Requests/sec:	7502.17

Response time histogram:
  20.900   [1]     |
  326.988  [72104] |∎∎∎∎∎∎∎∎∎∎∎∎∎∎∎∎∎∎∎∎∎∎∎∎∎∎∎∎∎∎∎∎∎∎∎∎∎∎∎∎
  633.076  [0]     |
  939.164  [252]   |
  1245.252 [419]   |
  1551.340 [0]     |
  1857.428 [0]     |
  2163.516 [0]     |
  2469.604 [0]     |
  2775.692 [0]     |
  3081.780 [329]   |

Latency distribution:
  10 % in 65.99 ms 
  25 % in 84.41 ms 
  50 % in 104.56 ms 
  75 % in 127.72 ms 
  90 % in 151.77 ms 
  95 % in 170.80 ms 
  99 % in 959.59 ms 

Status code distribution:
  [OK]         73105 responses   
  [Canceled]   591 responses     

Error distribution:
  [591]   rpc error: code = Canceled desc = grpc: the client connection is closing   

Debug: Checking Namespace=default, Pod=compose-post-service-6f9845489d-jxl9w for Target File=deathstar_*.output
Namespace: default, Pod: compose-post-service-6f9845489d-jxl9w has the target files.
Copying deathstar_compose-post-service.output to deathstar_compose-post-service.output
tar: removing leading '/' from member names
Debug: Checking Namespace=default, Pod=home-timeline-redis-68bdbb459f-hmbmv for Target File=deathstar_*.output
Namespace: default, Pod: home-timeline-redis-68bdbb459f-hmbmv has the target files.
Copying deathstar_home-timeline-redis.output to deathstar_home-timeline-redis.output
tar: removing leading '/' from member names
Debug: Checking Namespace=default, Pod=home-timeline-service-7974fb9949-gmtql for Target File=deathstar_*.output
Namespace: default, Pod: home-timeline-service-7974fb9949-gmtql has the target files.
Copying deathstar_home-timeline-service.output to deathstar_home-timeline-service.output
tar: removing leading '/' from member names
Debug: Checking Namespace=default, Pod=media-service-57f4b9d99d-9wl7b for Target File=deathstar_*.output
Namespace: default, Pod: media-service-57f4b9d99d-9wl7b has the target files.
Copying deathstar_media-service.output to deathstar_media-service.output
tar: removing leading '/' from member names
Debug: Checking Namespace=default, Pod=nginx-web-server-64fc6fd886-gbbx4 for Target File=deathstar_*.output
Namespace: default, Pod: nginx-web-server-64fc6fd886-gbbx4 has the target files.
Copying deathstar_nginx-web-server.output to deathstar_nginx-web-server.output
tar: removing leading '/' from member names
Debug: Checking Namespace=default, Pod=post-storage-mongo-65c79c9bcd-wrvtg for Target File=deathstar_*.output
Namespace: default, Pod: post-storage-mongo-65c79c9bcd-wrvtg has the target files.
Copying deathstar_post-storage-mongo.output to deathstar_post-storage-mongo.output
tar: removing leading '/' from member names
Debug: Checking Namespace=default, Pod=post-storage-service-b544cfc5c-tfv4x for Target File=deathstar_*.output
Namespace: default, Pod: post-storage-service-b544cfc5c-tfv4x has the target files.
Copying deathstar_post-storage-service.output to deathstar_post-storage-service.output
tar: removing leading '/' from member names
Debug: Checking Namespace=default, Pod=social-graph-redis-6fdf7b4459-57bqg for Target File=deathstar_*.output
Namespace: default, Pod: social-graph-redis-6fdf7b4459-57bqg has the target files.
Copying deathstar_social-graph-redis.output to deathstar_social-graph-redis.output
tar: removing leading '/' from member names
Debug: Checking Namespace=default, Pod=social-graph-service-7d9d94b79d-5hrwf for Target File=deathstar_*.output
Namespace: default, Pod: social-graph-service-7d9d94b79d-5hrwf has the target files.
Copying deathstar_social-graph-service.output to deathstar_social-graph-service.output
tar: removing leading '/' from member names
Debug: Checking Namespace=default, Pod=text-service-58d95db9d4-l96b6 for Target File=deathstar_*.output
Namespace: default, Pod: text-service-58d95db9d4-l96b6 has the target files.
Copying deathstar_text-service.output to deathstar_text-service.output
tar: removing leading '/' from member names
Debug: Checking Namespace=default, Pod=unique-id-service-545ffbdd6c-764rw for Target File=deathstar_*.output
Namespace: default, Pod: unique-id-service-545ffbdd6c-764rw has the target files.
Copying deathstar_unique-id-service.output to deathstar_unique-id-service.output
tar: removing leading '/' from member names
Debug: Checking Namespace=default, Pod=url-shorten-mongo-6b4c85bb87-pcxck for Target File=deathstar_*.output
Namespace: default, Pod: url-shorten-mongo-6b4c85bb87-pcxck has the target files.
Copying deathstar_url-shorten-mongo.output to deathstar_url-shorten-mongo.output
tar: removing leading '/' from member names
Debug: Checking Namespace=default, Pod=url-shorten-service-68d694d594-d2brj for Target File=deathstar_*.output
Namespace: default, Pod: url-shorten-service-68d694d594-d2brj has the target files.
Copying deathstar_url-shorten-service.output to deathstar_url-shorten-service.output
tar: removing leading '/' from member names
Debug: Checking Namespace=default, Pod=user-mention-memcached-64575cd9dc-jm24d for Target File=deathstar_*.output
Namespace: default, Pod: user-mention-memcached-64575cd9dc-jm24d has the target files.
Copying deathstar_user-mention-memcached.output to deathstar_user-mention-memcached.output
tar: removing leading '/' from member names
Debug: Checking Namespace=default, Pod=user-mention-service-6dcfcb4b8d-8vcdd for Target File=deathstar_*.output
Namespace: default, Pod: user-mention-service-6dcfcb4b8d-8vcdd has the target files.
Copying deathstar_user-mention-service.output to deathstar_user-mention-service.output
tar: removing leading '/' from member names
Debug: Checking Namespace=default, Pod=user-service-5b549c744-wt9j5 for Target File=deathstar_*.output
Namespace: default, Pod: user-service-5b549c744-wt9j5 has the target files.
Copying deathstar_user-service.output to deathstar_user-service.output
tar: removing leading '/' from member names
Debug: Checking Namespace=default, Pod=user-timeline-mongo-6dfc455859-nnpnp for Target File=deathstar_*.output
Namespace: default, Pod: user-timeline-mongo-6dfc455859-nnpnp has the target files.
Copying deathstar_user-timeline-mongo.output to deathstar_user-timeline-mongo.output
tar: removing leading '/' from member names
Debug: Checking Namespace=default, Pod=user-timeline-redis-7b55f9ffd9-p4hsn for Target File=deathstar_*.output
Namespace: default, Pod: user-timeline-redis-7b55f9ffd9-p4hsn has the target files.
Copying deathstar_user-timeline-redis.output to deathstar_user-timeline-redis.output
tar: removing leading '/' from member names
Debug: Checking Namespace=default, Pod=user-timeline-service-f648cb4f4-2skdm for Target File=deathstar_*.output
Namespace: default, Pod: user-timeline-service-f648cb4f4-2skdm has the target files.
Copying deathstar_user-timeline-service.output to deathstar_user-timeline-service.output
tar: removing leading '/' from member names
Debug: Checking Namespace=default, Pod=compose-post-service-6f9845489d-jxl9w for Target File=*.pprof
Namespace: default, Pod: compose-post-service-6f9845489d-jxl9w has the target files.
Copying compose-post-service.pprof to compose-post-service.pprof
tar: removing leading '/' from member names
tar: removing leading '/' from member names
Debug: Checking Namespace=default, Pod=home-timeline-redis-68bdbb459f-hmbmv for Target File=*.pprof
Namespace: default, Pod: home-timeline-redis-68bdbb459f-hmbmv has the target files.
Copying home-timeline-redis.pprof to home-timeline-redis.pprof
tar: removing leading '/' from member names
tar: removing leading '/' from member names
Debug: Checking Namespace=default, Pod=home-timeline-service-7974fb9949-gmtql for Target File=*.pprof
Namespace: default, Pod: home-timeline-service-7974fb9949-gmtql has the target files.
Copying home-timeline-service.pprof to home-timeline-service.pprof
tar: removing leading '/' from member names
tar: removing leading '/' from member names
Debug: Checking Namespace=default, Pod=media-service-57f4b9d99d-9wl7b for Target File=*.pprof
Namespace: default, Pod: media-service-57f4b9d99d-9wl7b has the target files.
Copying media-service.pprof to media-service.pprof
tar: removing leading '/' from member names
tar: removing leading '/' from member names
Debug: Checking Namespace=default, Pod=nginx-web-server-64fc6fd886-gbbx4 for Target File=*.pprof
Namespace: default, Pod: nginx-web-server-64fc6fd886-gbbx4 has the target files.
Copying nginx-web-server.pprof to nginx-web-server.pprof
tar: removing leading '/' from member names
tar: removing leading '/' from member names
Debug: Checking Namespace=default, Pod=post-storage-mongo-65c79c9bcd-wrvtg for Target File=*.pprof
Namespace: default, Pod: post-storage-mongo-65c79c9bcd-wrvtg has the target files.
Copying post-storage-mongo.pprof to post-storage-mongo.pprof
tar: removing leading '/' from member names
tar: removing leading '/' from member names
Debug: Checking Namespace=default, Pod=post-storage-service-b544cfc5c-tfv4x for Target File=*.pprof
Namespace: default, Pod: post-storage-service-b544cfc5c-tfv4x has the target files.
Copying post-storage-service.pprof to post-storage-service.pprof
tar: removing leading '/' from member names
tar: removing leading '/' from member names
Debug: Checking Namespace=default, Pod=social-graph-redis-6fdf7b4459-57bqg for Target File=*.pprof
Namespace: default, Pod: social-graph-redis-6fdf7b4459-57bqg has the target files.
Copying social-graph-redis.pprof to social-graph-redis.pprof
tar: removing leading '/' from member names
tar: removing leading '/' from member names
Debug: Checking Namespace=default, Pod=social-graph-service-7d9d94b79d-5hrwf for Target File=*.pprof
Namespace: default, Pod: social-graph-service-7d9d94b79d-5hrwf has the target files.
Copying social-graph-service.pprof to social-graph-service.pprof
tar: removing leading '/' from member names
tar: removing leading '/' from member names
Debug: Checking Namespace=default, Pod=text-service-58d95db9d4-l96b6 for Target File=*.pprof
Namespace: default, Pod: text-service-58d95db9d4-l96b6 has the target files.
Copying text-service.pprof to text-service.pprof
tar: removing leading '/' from member names
tar: removing leading '/' from member names
Debug: Checking Namespace=default, Pod=unique-id-service-545ffbdd6c-764rw for Target File=*.pprof
Namespace: default, Pod: unique-id-service-545ffbdd6c-764rw has the target files.
Copying unique-id-service.pprof to unique-id-service.pprof
tar: removing leading '/' from member names
tar: removing leading '/' from member names
Debug: Checking Namespace=default, Pod=url-shorten-mongo-6b4c85bb87-pcxck for Target File=*.pprof
Namespace: default, Pod: url-shorten-mongo-6b4c85bb87-pcxck has the target files.
Copying url-shorten-mongo.pprof to url-shorten-mongo.pprof
tar: removing leading '/' from member names
tar: removing leading '/' from member names
Debug: Checking Namespace=default, Pod=url-shorten-service-68d694d594-d2brj for Target File=*.pprof
Namespace: default, Pod: url-shorten-service-68d694d594-d2brj has the target files.
Copying url-shorten-service.pprof to url-shorten-service.pprof
tar: removing leading '/' from member names
tar: removing leading '/' from member names
Debug: Checking Namespace=default, Pod=user-mention-memcached-64575cd9dc-jm24d for Target File=*.pprof
Namespace: default, Pod: user-mention-memcached-64575cd9dc-jm24d has the target files.
Copying user-mention-memcached.pprof to user-mention-memcached.pprof
tar: removing leading '/' from member names
tar: removing leading '/' from member names
Debug: Checking Namespace=default, Pod=user-mention-service-6dcfcb4b8d-8vcdd for Target File=*.pprof
Namespace: default, Pod: user-mention-service-6dcfcb4b8d-8vcdd has the target files.
Copying user-mention-service.pprof to user-mention-service.pprof
tar: removing leading '/' from member names
tar: removing leading '/' from member names
Debug: Checking Namespace=default, Pod=user-service-5b549c744-wt9j5 for Target File=*.pprof
Namespace: default, Pod: user-service-5b549c744-wt9j5 has the target files.
Copying user-service.pprof to user-service.pprof
tar: removing leading '/' from member names
tar: removing leading '/' from member names
Debug: Checking Namespace=default, Pod=user-timeline-mongo-6dfc455859-nnpnp for Target File=*.pprof
Namespace: default, Pod: user-timeline-mongo-6dfc455859-nnpnp has the target files.
Copying user-timeline-mongo.pprof to user-timeline-mongo.pprof
tar: removing leading '/' from member names
tar: removing leading '/' from member names
Debug: Checking Namespace=default, Pod=user-timeline-redis-7b55f9ffd9-p4hsn for Target File=*.pprof
Namespace: default, Pod: user-timeline-redis-7b55f9ffd9-p4hsn has the target files.
Copying user-timeline-redis.pprof to user-timeline-redis.pprof
tar: removing leading '/' from member names
tar: removing leading '/' from member names
Debug: Checking Namespace=default, Pod=user-timeline-service-f648cb4f4-2skdm for Target File=*.pprof
Namespace: default, Pod: user-timeline-service-f648cb4f4-2skdm has the target files.
Copying user-timeline-service.pprof to user-timeline-service.pprof
tar: removing leading '/' from member names
tar: removing leading '/' from member names
