Deployments: compose-post-service
home-timeline-redis
home-timeline-service
media-service
nginx-web-server
post-storage-mongo
post-storage-service
social-graph-redis
social-graph-service
text-service
unique-id-service
url-shorten-mongo
url-shorten-service
user-mention-memcached
user-mention-service
user-service
user-timeline-mongo
user-timeline-redis
user-timeline-service
Waiting for deployment "compose-post-service" rollout to finish: 0 of 1 updated replicas are available...
deployment "compose-post-service" successfully rolled out
Deployment compose-post-service is ready.
deployment "home-timeline-redis" successfully rolled out
Deployment home-timeline-redis is ready.
deployment "home-timeline-service" successfully rolled out
Deployment home-timeline-service is ready.
deployment "media-service" successfully rolled out
Deployment media-service is ready.
deployment "nginx-web-server" successfully rolled out
Deployment nginx-web-server is ready.
deployment "post-storage-mongo" successfully rolled out
Deployment post-storage-mongo is ready.
Waiting for deployment "post-storage-service" rollout to finish: 0 of 1 updated replicas are available...
deployment "post-storage-service" successfully rolled out
Deployment post-storage-service is ready.
deployment "social-graph-redis" successfully rolled out
Deployment social-graph-redis is ready.
deployment "social-graph-service" successfully rolled out
Deployment social-graph-service is ready.
deployment "text-service" successfully rolled out
Deployment text-service is ready.
deployment "unique-id-service" successfully rolled out
Deployment unique-id-service is ready.
deployment "url-shorten-mongo" successfully rolled out
Deployment url-shorten-mongo is ready.
deployment "url-shorten-service" successfully rolled out
Deployment url-shorten-service is ready.
deployment "user-mention-memcached" successfully rolled out
Deployment user-mention-memcached is ready.
deployment "user-mention-service" successfully rolled out
Deployment user-mention-service is ready.
deployment "user-service" successfully rolled out
Deployment user-service is ready.
deployment "user-timeline-mongo" successfully rolled out
Deployment user-timeline-mongo is ready.
deployment "user-timeline-redis" successfully rolled out
Deployment user-timeline-redis is ready.
deployment "user-timeline-service" successfully rolled out
Deployment user-timeline-service is ready.
ENTRY_POINT: nginx-web-server
SERVICE_A_URL: 10.101.130.102:50051
Capacity: 3000
Metadata: request-id={{.RequestNumber}}
Metadata: timestamp={{.TimestampUnix}}
Metadata: method=compose
Constant load: true
Capacity: 3000
Run duration: 10s
Enable Charon: false
Charon options: map[debug:false debugFreq:1000 initprice:10 rateLimiting:true tokenRefillDist:poisson tokenStrategy:uniform tokenUpdateRate:10ms tokenUpdateStep:10 tokensLeft:0]

Summary:
  Count:	29295
  Total:	9.80 s
  Slowest:	2.79 s
  Fastest:	14.98 ms
  Average:	57.32 ms
  Requests/sec:	2990.59

Response time histogram:
  14.980   [1]     |
  292.743  [28291] |∎∎∎∎∎∎∎∎∎∎∎∎∎∎∎∎∎∎∎∎∎∎∎∎∎∎∎∎∎∎∎∎∎∎∎∎∎∎∎∎
  570.506  [0]     |
  848.269  [353]   |
  1126.032 [640]   |∎
  1403.795 [2]     |
  1681.558 [0]     |
  1959.321 [0]     |
  2237.084 [0]     |
  2514.847 [0]     |
  2792.610 [5]     |

Latency distribution:
  10 % in 15.55 ms 
  25 % in 15.85 ms 
  50 % in 16.53 ms 
  75 % in 18.14 ms 
  90 % in 105.08 ms 
  95 % in 171.11 ms 
  99 % in 893.27 ms 

Status code distribution:
  [OK]         29292 responses   
  [Canceled]   3 responses       

Error distribution:
  [3]   rpc error: code = Canceled desc = grpc: the client connection is closing   

Debug: Checking Namespace=default, Pod=compose-post-service-6f9845489d-w89xs for Target File=deathstar_*.output
Namespace: default, Pod: compose-post-service-6f9845489d-w89xs has the target files.
Copying deathstar_compose-post-service.output to deathstar_compose-post-service.output
tar: removing leading '/' from member names
Debug: Checking Namespace=default, Pod=home-timeline-redis-68bdbb459f-spwrq for Target File=deathstar_*.output
Namespace: default, Pod: home-timeline-redis-68bdbb459f-spwrq has the target files.
Copying deathstar_home-timeline-redis.output to deathstar_home-timeline-redis.output
tar: removing leading '/' from member names
Debug: Checking Namespace=default, Pod=home-timeline-service-6fcb4679db-5wz9f for Target File=deathstar_*.output
Namespace: default, Pod: home-timeline-service-6fcb4679db-5wz9f has the target files.
Copying deathstar_home-timeline-service.output to deathstar_home-timeline-service.output
tar: removing leading '/' from member names
Debug: Checking Namespace=default, Pod=media-service-cfc4b74c7-gwcjz for Target File=deathstar_*.output
Namespace: default, Pod: media-service-cfc4b74c7-gwcjz has the target files.
Copying deathstar_media-service.output to deathstar_media-service.output
tar: removing leading '/' from member names
Debug: Checking Namespace=default, Pod=nginx-web-server-64fc6fd886-8dp5x for Target File=deathstar_*.output
Namespace: default, Pod: nginx-web-server-64fc6fd886-8dp5x has the target files.
Copying deathstar_nginx-web-server.output to deathstar_nginx-web-server.output
tar: removing leading '/' from member names
Debug: Checking Namespace=default, Pod=post-storage-mongo-65c79c9bcd-c5skw for Target File=deathstar_*.output
Namespace: default, Pod: post-storage-mongo-65c79c9bcd-c5skw has the target files.
Copying deathstar_post-storage-mongo.output to deathstar_post-storage-mongo.output
tar: removing leading '/' from member names
Debug: Checking Namespace=default, Pod=post-storage-service-6cb68b6d86-shfvb for Target File=deathstar_*.output
Namespace: default, Pod: post-storage-service-6cb68b6d86-shfvb has the target files.
Copying deathstar_post-storage-service.output to deathstar_post-storage-service.output
tar: removing leading '/' from member names
Debug: Checking Namespace=default, Pod=social-graph-redis-6fdf7b4459-99ldf for Target File=deathstar_*.output
Namespace: default, Pod: social-graph-redis-6fdf7b4459-99ldf has the target files.
Copying deathstar_social-graph-redis.output to deathstar_social-graph-redis.output
tar: removing leading '/' from member names
Debug: Checking Namespace=default, Pod=social-graph-service-7d9d94b79d-79bsk for Target File=deathstar_*.output
Namespace: default, Pod: social-graph-service-7d9d94b79d-79bsk has the target files.
Copying deathstar_social-graph-service.output to deathstar_social-graph-service.output
tar: removing leading '/' from member names
Debug: Checking Namespace=default, Pod=text-service-6674d788d7-87k4q for Target File=deathstar_*.output
Namespace: default, Pod: text-service-6674d788d7-87k4q has the target files.
Copying deathstar_text-service.output to deathstar_text-service.output
tar: removing leading '/' from member names
Debug: Checking Namespace=default, Pod=unique-id-service-64bdc5f76-tfpmn for Target File=deathstar_*.output
Namespace: default, Pod: unique-id-service-64bdc5f76-tfpmn has the target files.
Copying deathstar_unique-id-service.output to deathstar_unique-id-service.output
tar: removing leading '/' from member names
Debug: Checking Namespace=default, Pod=url-shorten-mongo-6b4c85bb87-42txc for Target File=deathstar_*.output
Namespace: default, Pod: url-shorten-mongo-6b4c85bb87-42txc has the target files.
Copying deathstar_url-shorten-mongo.output to deathstar_url-shorten-mongo.output
tar: removing leading '/' from member names
Debug: Checking Namespace=default, Pod=url-shorten-service-68d694d594-7dpc2 for Target File=deathstar_*.output
Namespace: default, Pod: url-shorten-service-68d694d594-7dpc2 has the target files.
Copying deathstar_url-shorten-service.output to deathstar_url-shorten-service.output
tar: removing leading '/' from member names
Debug: Checking Namespace=default, Pod=user-mention-memcached-64575cd9dc-dq7d6 for Target File=deathstar_*.output
Namespace: default, Pod: user-mention-memcached-64575cd9dc-dq7d6 has the target files.
Copying deathstar_user-mention-memcached.output to deathstar_user-mention-memcached.output
tar: removing leading '/' from member names
Debug: Checking Namespace=default, Pod=user-mention-service-6dcfcb4b8d-26jsq for Target File=deathstar_*.output
Namespace: default, Pod: user-mention-service-6dcfcb4b8d-26jsq has the target files.
Copying deathstar_user-mention-service.output to deathstar_user-mention-service.output
tar: removing leading '/' from member names
Debug: Checking Namespace=default, Pod=user-service-5b549c744-shlwb for Target File=deathstar_*.output
Namespace: default, Pod: user-service-5b549c744-shlwb has the target files.
Copying deathstar_user-service.output to deathstar_user-service.output
tar: removing leading '/' from member names
Debug: Checking Namespace=default, Pod=user-timeline-mongo-6dfc455859-whndd for Target File=deathstar_*.output
Namespace: default, Pod: user-timeline-mongo-6dfc455859-whndd has the target files.
Copying deathstar_user-timeline-mongo.output to deathstar_user-timeline-mongo.output
tar: removing leading '/' from member names
Debug: Checking Namespace=default, Pod=user-timeline-redis-7b55f9ffd9-gbbmf for Target File=deathstar_*.output
Namespace: default, Pod: user-timeline-redis-7b55f9ffd9-gbbmf has the target files.
Copying deathstar_user-timeline-redis.output to deathstar_user-timeline-redis.output
tar: removing leading '/' from member names
Debug: Checking Namespace=default, Pod=user-timeline-service-5b766b8b45-r4p4k for Target File=deathstar_*.output
Namespace: default, Pod: user-timeline-service-5b766b8b45-r4p4k has the target files.
Copying deathstar_user-timeline-service.output to deathstar_user-timeline-service.output
tar: removing leading '/' from member names
Debug: Checking Namespace=default, Pod=compose-post-service-6f9845489d-w89xs for Target File=*.pprof
Namespace: default, Pod: compose-post-service-6f9845489d-w89xs has the target files.
Copying compose-post-service.pprof to compose-post-service.pprof
tar: removing leading '/' from member names
tar: removing leading '/' from member names
Debug: Checking Namespace=default, Pod=home-timeline-redis-68bdbb459f-spwrq for Target File=*.pprof
Namespace: default, Pod: home-timeline-redis-68bdbb459f-spwrq has the target files.
Copying home-timeline-redis.pprof to home-timeline-redis.pprof
tar: removing leading '/' from member names
tar: removing leading '/' from member names
Debug: Checking Namespace=default, Pod=home-timeline-service-6fcb4679db-5wz9f for Target File=*.pprof
Namespace: default, Pod: home-timeline-service-6fcb4679db-5wz9f has the target files.
Copying home-timeline-service.pprof to home-timeline-service.pprof
tar: removing leading '/' from member names
tar: removing leading '/' from member names
Debug: Checking Namespace=default, Pod=media-service-cfc4b74c7-gwcjz for Target File=*.pprof
Namespace: default, Pod: media-service-cfc4b74c7-gwcjz has the target files.
Copying media-service.pprof to media-service.pprof
tar: removing leading '/' from member names
tar: removing leading '/' from member names
Debug: Checking Namespace=default, Pod=nginx-web-server-64fc6fd886-8dp5x for Target File=*.pprof
Namespace: default, Pod: nginx-web-server-64fc6fd886-8dp5x has the target files.
Copying nginx-web-server.pprof to nginx-web-server.pprof
tar: removing leading '/' from member names
tar: removing leading '/' from member names
Debug: Checking Namespace=default, Pod=post-storage-mongo-65c79c9bcd-c5skw for Target File=*.pprof
Namespace: default, Pod: post-storage-mongo-65c79c9bcd-c5skw has the target files.
Copying post-storage-mongo.pprof to post-storage-mongo.pprof
tar: removing leading '/' from member names
tar: removing leading '/' from member names
Debug: Checking Namespace=default, Pod=post-storage-service-6cb68b6d86-shfvb for Target File=*.pprof
Namespace: default, Pod: post-storage-service-6cb68b6d86-shfvb has the target files.
Copying post-storage-service.pprof to post-storage-service.pprof
tar: removing leading '/' from member names
tar: removing leading '/' from member names
Debug: Checking Namespace=default, Pod=social-graph-redis-6fdf7b4459-99ldf for Target File=*.pprof
Namespace: default, Pod: social-graph-redis-6fdf7b4459-99ldf has the target files.
Copying social-graph-redis.pprof to social-graph-redis.pprof
tar: removing leading '/' from member names
tar: removing leading '/' from member names
Debug: Checking Namespace=default, Pod=social-graph-service-7d9d94b79d-79bsk for Target File=*.pprof
Namespace: default, Pod: social-graph-service-7d9d94b79d-79bsk has the target files.
Copying social-graph-service.pprof to social-graph-service.pprof
tar: removing leading '/' from member names
tar: removing leading '/' from member names
Debug: Checking Namespace=default, Pod=text-service-6674d788d7-87k4q for Target File=*.pprof
Namespace: default, Pod: text-service-6674d788d7-87k4q has the target files.
Copying text-service.pprof to text-service.pprof
tar: removing leading '/' from member names
tar: removing leading '/' from member names
Debug: Checking Namespace=default, Pod=unique-id-service-64bdc5f76-tfpmn for Target File=*.pprof
Namespace: default, Pod: unique-id-service-64bdc5f76-tfpmn has the target files.
Copying unique-id-service.pprof to unique-id-service.pprof
tar: removing leading '/' from member names
tar: removing leading '/' from member names
Debug: Checking Namespace=default, Pod=url-shorten-mongo-6b4c85bb87-42txc for Target File=*.pprof
Namespace: default, Pod: url-shorten-mongo-6b4c85bb87-42txc has the target files.
Copying url-shorten-mongo.pprof to url-shorten-mongo.pprof
tar: removing leading '/' from member names
tar: removing leading '/' from member names
Debug: Checking Namespace=default, Pod=url-shorten-service-68d694d594-7dpc2 for Target File=*.pprof
Namespace: default, Pod: url-shorten-service-68d694d594-7dpc2 has the target files.
Copying url-shorten-service.pprof to url-shorten-service.pprof
tar: removing leading '/' from member names
tar: removing leading '/' from member names
Debug: Checking Namespace=default, Pod=user-mention-memcached-64575cd9dc-dq7d6 for Target File=*.pprof
Namespace: default, Pod: user-mention-memcached-64575cd9dc-dq7d6 has the target files.
Copying user-mention-memcached.pprof to user-mention-memcached.pprof
tar: removing leading '/' from member names
tar: removing leading '/' from member names
Debug: Checking Namespace=default, Pod=user-mention-service-6dcfcb4b8d-26jsq for Target File=*.pprof
Namespace: default, Pod: user-mention-service-6dcfcb4b8d-26jsq has the target files.
Copying user-mention-service.pprof to user-mention-service.pprof
tar: removing leading '/' from member names
tar: removing leading '/' from member names
Debug: Checking Namespace=default, Pod=user-service-5b549c744-shlwb for Target File=*.pprof
Namespace: default, Pod: user-service-5b549c744-shlwb has the target files.
Copying user-service.pprof to user-service.pprof
tar: removing leading '/' from member names
tar: removing leading '/' from member names
Debug: Checking Namespace=default, Pod=user-timeline-mongo-6dfc455859-whndd for Target File=*.pprof
Namespace: default, Pod: user-timeline-mongo-6dfc455859-whndd has the target files.
Copying user-timeline-mongo.pprof to user-timeline-mongo.pprof
tar: removing leading '/' from member names
tar: removing leading '/' from member names
Debug: Checking Namespace=default, Pod=user-timeline-redis-7b55f9ffd9-gbbmf for Target File=*.pprof
Namespace: default, Pod: user-timeline-redis-7b55f9ffd9-gbbmf has the target files.
Copying user-timeline-redis.pprof to user-timeline-redis.pprof
tar: removing leading '/' from member names
tar: removing leading '/' from member names
Debug: Checking Namespace=default, Pod=user-timeline-service-5b766b8b45-r4p4k for Target File=*.pprof
Namespace: default, Pod: user-timeline-service-5b766b8b45-r4p4k has the target files.
Copying user-timeline-service.pprof to user-timeline-service.pprof
tar: removing leading '/' from member names
tar: removing leading '/' from member names
