Deployments: compose-post-service
home-timeline-redis
home-timeline-service
media-service
nginx-web-server
post-storage-mongo
post-storage-service
social-graph-redis
social-graph-service
text-service
unique-id-service
url-shorten-mongo
url-shorten-service
user-mention-memcached
user-mention-service
user-service
user-timeline-mongo
user-timeline-redis
user-timeline-service
Waiting for deployment "compose-post-service" rollout to finish: 0 of 1 updated replicas are available...
deployment "compose-post-service" successfully rolled out
Deployment compose-post-service is ready.
Waiting for deployment "home-timeline-redis" rollout to finish: 0 of 1 updated replicas are available...
deployment "home-timeline-redis" successfully rolled out
Deployment home-timeline-redis is ready.
deployment "home-timeline-service" successfully rolled out
Deployment home-timeline-service is ready.
deployment "media-service" successfully rolled out
Deployment media-service is ready.
deployment "nginx-web-server" successfully rolled out
Deployment nginx-web-server is ready.
deployment "post-storage-mongo" successfully rolled out
Deployment post-storage-mongo is ready.
deployment "post-storage-service" successfully rolled out
Deployment post-storage-service is ready.
deployment "social-graph-redis" successfully rolled out
Deployment social-graph-redis is ready.
deployment "social-graph-service" successfully rolled out
Deployment social-graph-service is ready.
deployment "text-service" successfully rolled out
Deployment text-service is ready.
deployment "unique-id-service" successfully rolled out
Deployment unique-id-service is ready.
deployment "url-shorten-mongo" successfully rolled out
Deployment url-shorten-mongo is ready.
deployment "url-shorten-service" successfully rolled out
Deployment url-shorten-service is ready.
deployment "user-mention-memcached" successfully rolled out
Deployment user-mention-memcached is ready.
deployment "user-mention-service" successfully rolled out
Deployment user-mention-service is ready.
deployment "user-service" successfully rolled out
Deployment user-service is ready.
deployment "user-timeline-mongo" successfully rolled out
Deployment user-timeline-mongo is ready.
deployment "user-timeline-redis" successfully rolled out
Deployment user-timeline-redis is ready.
deployment "user-timeline-service" successfully rolled out
Deployment user-timeline-service is ready.
ENTRY_POINT: nginx-web-server
SERVICE_A_URL: 10.108.179.254:50051
Capacity: 4000
Metadata: request-id={{.RequestNumber}}
Metadata: timestamp={{.TimestampUnix}}
Metadata: method=compose
Constant load: true
Capacity: 4000
Run duration: 10s
Enable Charon: true
Charon options: map[debug:false debugFreq:1000 initprice:10 rateLimiting:true tokenRefillDist:poisson tokenStrategy:uniform tokenUpdateRate:10ms tokenUpdateStep:10 tokensLeft:0]

Summary:
  Count:	3526
  Total:	9.78 s
  Slowest:	9.14 s
  Fastest:	15.00 ms
  Average:	2.73 s
  Requests/sec:	360.42

Response time histogram:
  14.996   [1]    |
  927.457  [2397] |∎∎∎∎∎∎∎∎∎∎∎∎∎∎∎∎∎∎∎∎∎∎∎∎∎∎∎∎∎∎∎∎∎∎∎∎∎∎∎∎
  1839.917 [0]    |
  2752.378 [0]    |
  3664.839 [0]    |
  4577.300 [0]    |
  5489.760 [0]    |
  6402.221 [0]    |
  7314.682 [0]    |
  8227.142 [0]    |
  9139.603 [129]  |∎∎

Latency distribution:
  10 % in 21.83 ms 
  25 % in 25.84 ms 
  50 % in 32.21 ms 
  75 % in 37.05 ms 
  90 % in 43.53 ms 
  95 % in 9.06 s 
  99 % in 9.11 s 

Status code distribution:
  [OK]         2527 responses   
  [Canceled]   999 responses    

Error distribution:
  [999]   rpc error: code = Canceled desc = grpc: the client connection is closing   

Debug: Checking Namespace=default, Pod=compose-post-service-6f9845489d-ml5jq for Target File=deathstar_*.output
Namespace: default, Pod: compose-post-service-6f9845489d-ml5jq has the target files.
Copying deathstar_compose-post-service.output to deathstar_compose-post-service.output
tar: removing leading '/' from member names
Debug: Checking Namespace=default, Pod=home-timeline-redis-68bdbb459f-k8khz for Target File=deathstar_*.output
Target files not found in Pod home-timeline-redis-68bdbb459f-k8khz in Namespace default.
Debug: Checking Namespace=default, Pod=home-timeline-service-6fcb4679db-74f8z for Target File=deathstar_*.output
Namespace: default, Pod: home-timeline-service-6fcb4679db-74f8z has the target files.
Copying deathstar_home-timeline-service.output to deathstar_home-timeline-service.output
tar: removing leading '/' from member names
Debug: Checking Namespace=default, Pod=media-service-cfc4b74c7-j22b7 for Target File=deathstar_*.output
Namespace: default, Pod: media-service-cfc4b74c7-j22b7 has the target files.
Copying deathstar_media-service.output to deathstar_media-service.output
tar: removing leading '/' from member names
Debug: Checking Namespace=default, Pod=nginx-web-server-64fc6fd886-sl4w8 for Target File=deathstar_*.output
Namespace: default, Pod: nginx-web-server-64fc6fd886-sl4w8 has the target files.
Copying deathstar_nginx-web-server.output to deathstar_nginx-web-server.output
tar: removing leading '/' from member names
Debug: Checking Namespace=default, Pod=post-storage-mongo-65c79c9bcd-9vhn5 for Target File=deathstar_*.output
Namespace: default, Pod: post-storage-mongo-65c79c9bcd-9vhn5 has the target files.
Copying deathstar_post-storage-mongo.output to deathstar_post-storage-mongo.output
tar: removing leading '/' from member names
Debug: Checking Namespace=default, Pod=post-storage-service-6cb68b6d86-m847t for Target File=deathstar_*.output
Namespace: default, Pod: post-storage-service-6cb68b6d86-m847t has the target files.
Copying deathstar_post-storage-service.output to deathstar_post-storage-service.output
tar: removing leading '/' from member names
Debug: Checking Namespace=default, Pod=social-graph-redis-6fdf7b4459-96hlb for Target File=deathstar_*.output
Namespace: default, Pod: social-graph-redis-6fdf7b4459-96hlb has the target files.
Copying deathstar_social-graph-redis.output to deathstar_social-graph-redis.output
tar: removing leading '/' from member names
Debug: Checking Namespace=default, Pod=social-graph-service-7d9d94b79d-ffmw6 for Target File=deathstar_*.output
Namespace: default, Pod: social-graph-service-7d9d94b79d-ffmw6 has the target files.
Copying deathstar_social-graph-service.output to deathstar_social-graph-service.output
tar: removing leading '/' from member names
Debug: Checking Namespace=default, Pod=text-service-6674d788d7-r2g7t for Target File=deathstar_*.output
Namespace: default, Pod: text-service-6674d788d7-r2g7t has the target files.
Copying deathstar_text-service.output to deathstar_text-service.output
tar: removing leading '/' from member names
Debug: Checking Namespace=default, Pod=unique-id-service-64bdc5f76-4c29g for Target File=deathstar_*.output
Namespace: default, Pod: unique-id-service-64bdc5f76-4c29g has the target files.
Copying deathstar_unique-id-service.output to deathstar_unique-id-service.output
tar: removing leading '/' from member names
Debug: Checking Namespace=default, Pod=url-shorten-mongo-6b4c85bb87-cf9tb for Target File=deathstar_*.output
Namespace: default, Pod: url-shorten-mongo-6b4c85bb87-cf9tb has the target files.
Copying deathstar_url-shorten-mongo.output to deathstar_url-shorten-mongo.output
tar: removing leading '/' from member names
Debug: Checking Namespace=default, Pod=url-shorten-service-68d694d594-5b7qv for Target File=deathstar_*.output
Namespace: default, Pod: url-shorten-service-68d694d594-5b7qv has the target files.
Copying deathstar_url-shorten-service.output to deathstar_url-shorten-service.output
tar: removing leading '/' from member names
Debug: Checking Namespace=default, Pod=user-mention-memcached-64575cd9dc-t2tn9 for Target File=deathstar_*.output
Namespace: default, Pod: user-mention-memcached-64575cd9dc-t2tn9 has the target files.
Copying deathstar_user-mention-memcached.output to deathstar_user-mention-memcached.output
Debug: Checking Namespace=default, Pod=user-mention-service-6dcfcb4b8d-nc8x9 for Target File=deathstar_*.output
Namespace: default, Pod: user-mention-service-6dcfcb4b8d-nc8x9 has the target files.
Copying deathstar_user-mention-service.output to deathstar_user-mention-service.output
tar: removing leading '/' from member names
Debug: Checking Namespace=default, Pod=user-service-5b549c744-cc6v7 for Target File=deathstar_*.output
Namespace: default, Pod: user-service-5b549c744-cc6v7 has the target files.
Copying deathstar_user-service.output to deathstar_user-service.output
tar: removing leading '/' from member names
Debug: Checking Namespace=default, Pod=user-timeline-mongo-6dfc455859-qfsqj for Target File=deathstar_*.output
Namespace: default, Pod: user-timeline-mongo-6dfc455859-qfsqj has the target files.
Copying deathstar_user-timeline-mongo.output to deathstar_user-timeline-mongo.output
tar: removing leading '/' from member names
Debug: Checking Namespace=default, Pod=user-timeline-redis-7b55f9ffd9-6rnr4 for Target File=deathstar_*.output
Namespace: default, Pod: user-timeline-redis-7b55f9ffd9-6rnr4 has the target files.
Copying deathstar_user-timeline-redis.output to deathstar_user-timeline-redis.output
tar: removing leading '/' from member names
Debug: Checking Namespace=default, Pod=user-timeline-service-5b766b8b45-wflrr for Target File=deathstar_*.output
Namespace: default, Pod: user-timeline-service-5b766b8b45-wflrr has the target files.
Copying deathstar_user-timeline-service.output to deathstar_user-timeline-service.output
tar: removing leading '/' from member names
Debug: Checking Namespace=default, Pod=compose-post-service-6f9845489d-ml5jq for Target File=*.pprof
Namespace: default, Pod: compose-post-service-6f9845489d-ml5jq has the target files.
Copying compose-post-service.pprof to compose-post-service.pprof
tar: removing leading '/' from member names
tar: removing leading '/' from member names
Debug: Checking Namespace=default, Pod=home-timeline-redis-68bdbb459f-k8khz for Target File=*.pprof
Namespace: default, Pod: home-timeline-redis-68bdbb459f-k8khz has the target files.
Debug: Checking Namespace=default, Pod=home-timeline-service-6fcb4679db-74f8z for Target File=*.pprof
Namespace: default, Pod: home-timeline-service-6fcb4679db-74f8z has the target files.
Copying home-timeline-service.pprof to home-timeline-service.pprof
tar: removing leading '/' from member names
tar: removing leading '/' from member names
Debug: Checking Namespace=default, Pod=media-service-cfc4b74c7-j22b7 for Target File=*.pprof
Namespace: default, Pod: media-service-cfc4b74c7-j22b7 has the target files.
Debug: Checking Namespace=default, Pod=nginx-web-server-64fc6fd886-sl4w8 for Target File=*.pprof
Namespace: default, Pod: nginx-web-server-64fc6fd886-sl4w8 has the target files.
Copying nginx-web-server.pprof to nginx-web-server.pprof
tar: removing leading '/' from member names
tar: removing leading '/' from member names
Debug: Checking Namespace=default, Pod=post-storage-mongo-65c79c9bcd-9vhn5 for Target File=*.pprof
Namespace: default, Pod: post-storage-mongo-65c79c9bcd-9vhn5 has the target files.
Debug: Checking Namespace=default, Pod=post-storage-service-6cb68b6d86-m847t for Target File=*.pprof
Namespace: default, Pod: post-storage-service-6cb68b6d86-m847t has the target files.
Copying post-storage-service.pprof to post-storage-service.pprof
tar: removing leading '/' from member names
tar: removing leading '/' from member names
Debug: Checking Namespace=default, Pod=social-graph-redis-6fdf7b4459-96hlb for Target File=*.pprof
Namespace: default, Pod: social-graph-redis-6fdf7b4459-96hlb has the target files.
Debug: Checking Namespace=default, Pod=social-graph-service-7d9d94b79d-ffmw6 for Target File=*.pprof
Namespace: default, Pod: social-graph-service-7d9d94b79d-ffmw6 has the target files.
Copying social-graph-service.pprof to social-graph-service.pprof
tar: removing leading '/' from member names
tar: removing leading '/' from member names
Debug: Checking Namespace=default, Pod=text-service-6674d788d7-r2g7t for Target File=*.pprof
Namespace: default, Pod: text-service-6674d788d7-r2g7t has the target files.
Copying text-service.pprof to text-service.pprof
tar: removing leading '/' from member names
tar: removing leading '/' from member names
Debug: Checking Namespace=default, Pod=unique-id-service-64bdc5f76-4c29g for Target File=*.pprof
Namespace: default, Pod: unique-id-service-64bdc5f76-4c29g has the target files.
Copying unique-id-service.pprof to unique-id-service.pprof
tar: removing leading '/' from member names
tar: removing leading '/' from member names
Debug: Checking Namespace=default, Pod=url-shorten-mongo-6b4c85bb87-cf9tb for Target File=*.pprof
Namespace: default, Pod: url-shorten-mongo-6b4c85bb87-cf9tb has the target files.
Debug: Checking Namespace=default, Pod=url-shorten-service-68d694d594-5b7qv for Target File=*.pprof
Namespace: default, Pod: url-shorten-service-68d694d594-5b7qv has the target files.
Copying url-shorten-service.pprof to url-shorten-service.pprof
tar: removing leading '/' from member names
tar: removing leading '/' from member names
Debug: Checking Namespace=default, Pod=user-mention-memcached-64575cd9dc-t2tn9 for Target File=*.pprof
Namespace: default, Pod: user-mention-memcached-64575cd9dc-t2tn9 has the target files.
Debug: Checking Namespace=default, Pod=user-mention-service-6dcfcb4b8d-nc8x9 for Target File=*.pprof
Namespace: default, Pod: user-mention-service-6dcfcb4b8d-nc8x9 has the target files.
Copying user-mention-service.pprof to user-mention-service.pprof
tar: removing leading '/' from member names
tar: removing leading '/' from member names
Debug: Checking Namespace=default, Pod=user-service-5b549c744-cc6v7 for Target File=*.pprof
Namespace: default, Pod: user-service-5b549c744-cc6v7 has the target files.
Copying user-service.pprof to user-service.pprof
tar: removing leading '/' from member names
tar: removing leading '/' from member names
Debug: Checking Namespace=default, Pod=user-timeline-mongo-6dfc455859-qfsqj for Target File=*.pprof
Namespace: default, Pod: user-timeline-mongo-6dfc455859-qfsqj has the target files.
Copying user-timeline-mongo.pprof to user-timeline-mongo.pprof
tar: removing leading '/' from member names
tar: removing leading '/' from member names
Debug: Checking Namespace=default, Pod=user-timeline-redis-7b55f9ffd9-6rnr4 for Target File=*.pprof
Namespace: default, Pod: user-timeline-redis-7b55f9ffd9-6rnr4 has the target files.
Copying user-timeline-redis.pprof to user-timeline-redis.pprof
tar: removing leading '/' from member names
tar: removing leading '/' from member names
Debug: Checking Namespace=default, Pod=user-timeline-service-5b766b8b45-wflrr for Target File=*.pprof
Namespace: default, Pod: user-timeline-service-5b766b8b45-wflrr has the target files.
Copying user-timeline-service.pprof to user-timeline-service.pprof
tar: removing leading '/' from member names
tar: removing leading '/' from member names
