Deployments: compose-post-service
home-timeline-redis
home-timeline-service
media-service
nginx-web-server
post-storage-mongo
post-storage-service
social-graph-redis
social-graph-service
text-service
unique-id-service
url-shorten-mongo
url-shorten-service
user-mention-memcached
user-mention-service
user-service
user-timeline-mongo
user-timeline-redis
user-timeline-service
Waiting for deployment "compose-post-service" rollout to finish: 0 of 1 updated replicas are available...
deployment "compose-post-service" successfully rolled out
Deployment compose-post-service is ready.
deployment "home-timeline-redis" successfully rolled out
Deployment home-timeline-redis is ready.
deployment "home-timeline-service" successfully rolled out
Deployment home-timeline-service is ready.
Waiting for deployment "media-service" rollout to finish: 0 of 1 updated replicas are available...
deployment "media-service" successfully rolled out
Deployment media-service is ready.
deployment "nginx-web-server" successfully rolled out
Deployment nginx-web-server is ready.
deployment "post-storage-mongo" successfully rolled out
Deployment post-storage-mongo is ready.
deployment "post-storage-service" successfully rolled out
Deployment post-storage-service is ready.
deployment "social-graph-redis" successfully rolled out
Deployment social-graph-redis is ready.
deployment "social-graph-service" successfully rolled out
Deployment social-graph-service is ready.
deployment "text-service" successfully rolled out
Deployment text-service is ready.
deployment "unique-id-service" successfully rolled out
Deployment unique-id-service is ready.
deployment "url-shorten-mongo" successfully rolled out
Deployment url-shorten-mongo is ready.
deployment "url-shorten-service" successfully rolled out
Deployment url-shorten-service is ready.
deployment "user-mention-memcached" successfully rolled out
Deployment user-mention-memcached is ready.
deployment "user-mention-service" successfully rolled out
Deployment user-mention-service is ready.
deployment "user-service" successfully rolled out
Deployment user-service is ready.
deployment "user-timeline-mongo" successfully rolled out
Deployment user-timeline-mongo is ready.
deployment "user-timeline-redis" successfully rolled out
Deployment user-timeline-redis is ready.
deployment "user-timeline-service" successfully rolled out
Deployment user-timeline-service is ready.
ENTRY_POINT: nginx-web-server
SERVICE_A_URL: 10.111.10.19:50051
Capacity: 1000
Metadata: request-id={{.RequestNumber}}
Metadata: timestamp={{.TimestampUnix}}
Metadata: method=compose
Constant load: true
Capacity: 1000
Run duration: 10s
Enable Charon: true
Charon options: map[debug:false debugFreq:1000 initprice:10 rateLimiting:true tokenRefillDist:poisson tokenStrategy:uniform tokenUpdateRate:10ms tokenUpdateStep:10 tokensLeft:0]

Summary:
  Count:	9516
  Total:	9.80 s
  Slowest:	6.58 s
  Fastest:	13.55 ms
  Average:	267.06 ms
  Requests/sec:	971.48

Response time histogram:
  13.553   [1]    |
  669.977  [8508] |∎∎∎∎∎∎∎∎∎∎∎∎∎∎∎∎∎∎∎∎∎∎∎∎∎∎∎∎∎∎∎∎∎∎∎∎∎∎∎∎
  1326.401 [0]    |
  1982.825 [134]  |∎
  2639.249 [756]  |∎∎∎∎
  3295.673 [89]   |
  3952.097 [0]    |
  4608.521 [0]    |
  5264.945 [0]    |
  5921.370 [0]    |
  6577.794 [17]   |

Latency distribution:
  10 % in 14.51 ms 
  25 % in 15.06 ms 
  50 % in 16.33 ms 
  75 % in 24.66 ms 
  90 % in 1.54 s 
  95 % in 2.43 s 
  99 % in 2.65 s 

Status code distribution:
  [Canceled]   11 responses     
  [OK]         9505 responses   

Error distribution:
  [11]   rpc error: code = Canceled desc = grpc: the client connection is closing   

Debug: Checking Namespace=default, Pod=compose-post-service-6f9845489d-pq9jd for Target File=deathstar_*.output
Namespace: default, Pod: compose-post-service-6f9845489d-pq9jd has the target files.
Copying deathstar_compose-post-service.output to deathstar_compose-post-service.output
tar: removing leading '/' from member names
Debug: Checking Namespace=default, Pod=home-timeline-redis-68bdbb459f-cfbk7 for Target File=deathstar_*.output
Namespace: default, Pod: home-timeline-redis-68bdbb459f-cfbk7 has the target files.
Copying deathstar_home-timeline-redis.output to deathstar_home-timeline-redis.output
Debug: Checking Namespace=default, Pod=home-timeline-service-7974fb9949-75k5c for Target File=deathstar_*.output
Namespace: default, Pod: home-timeline-service-7974fb9949-75k5c has the target files.
Copying deathstar_home-timeline-service.output to deathstar_home-timeline-service.output
tar: removing leading '/' from member names
Debug: Checking Namespace=default, Pod=media-service-57f4b9d99d-96lzn for Target File=deathstar_*.output
Namespace: default, Pod: media-service-57f4b9d99d-96lzn has the target files.
Copying deathstar_media-service.output to deathstar_media-service.output
tar: removing leading '/' from member names
Debug: Checking Namespace=default, Pod=nginx-web-server-64fc6fd886-t2n84 for Target File=deathstar_*.output
Namespace: default, Pod: nginx-web-server-64fc6fd886-t2n84 has the target files.
Copying deathstar_nginx-web-server.output to deathstar_nginx-web-server.output
tar: removing leading '/' from member names
Debug: Checking Namespace=default, Pod=post-storage-mongo-65c79c9bcd-mlnkr for Target File=deathstar_*.output
Namespace: default, Pod: post-storage-mongo-65c79c9bcd-mlnkr has the target files.
Copying deathstar_post-storage-mongo.output to deathstar_post-storage-mongo.output
tar: removing leading '/' from member names
Debug: Checking Namespace=default, Pod=post-storage-service-6cb68b6d86-7647z for Target File=deathstar_*.output
Namespace: default, Pod: post-storage-service-6cb68b6d86-7647z has the target files.
Copying deathstar_post-storage-service.output to deathstar_post-storage-service.output
tar: removing leading '/' from member names
Debug: Checking Namespace=default, Pod=social-graph-redis-6fdf7b4459-wd99v for Target File=deathstar_*.output
Namespace: default, Pod: social-graph-redis-6fdf7b4459-wd99v has the target files.
Copying deathstar_social-graph-redis.output to deathstar_social-graph-redis.output
tar: removing leading '/' from member names
Debug: Checking Namespace=default, Pod=social-graph-service-7d9d94b79d-ptblj for Target File=deathstar_*.output
Namespace: default, Pod: social-graph-service-7d9d94b79d-ptblj has the target files.
Copying deathstar_social-graph-service.output to deathstar_social-graph-service.output
tar: removing leading '/' from member names
Debug: Checking Namespace=default, Pod=text-service-6674d788d7-s2qb7 for Target File=deathstar_*.output
Namespace: default, Pod: text-service-6674d788d7-s2qb7 has the target files.
Copying deathstar_text-service.output to deathstar_text-service.output
tar: removing leading '/' from member names
Debug: Checking Namespace=default, Pod=unique-id-service-64bdc5f76-7cp5s for Target File=deathstar_*.output
Namespace: default, Pod: unique-id-service-64bdc5f76-7cp5s has the target files.
Copying deathstar_unique-id-service.output to deathstar_unique-id-service.output
tar: removing leading '/' from member names
Debug: Checking Namespace=default, Pod=url-shorten-mongo-6b4c85bb87-46pqg for Target File=deathstar_*.output
Namespace: default, Pod: url-shorten-mongo-6b4c85bb87-46pqg has the target files.
Copying deathstar_url-shorten-mongo.output to deathstar_url-shorten-mongo.output
tar: removing leading '/' from member names
Debug: Checking Namespace=default, Pod=url-shorten-service-68d694d594-ffbjz for Target File=deathstar_*.output
Namespace: default, Pod: url-shorten-service-68d694d594-ffbjz has the target files.
Copying deathstar_url-shorten-service.output to deathstar_url-shorten-service.output
tar: removing leading '/' from member names
Debug: Checking Namespace=default, Pod=user-mention-memcached-64575cd9dc-nwjfb for Target File=deathstar_*.output
Namespace: default, Pod: user-mention-memcached-64575cd9dc-nwjfb has the target files.
Copying deathstar_user-mention-memcached.output to deathstar_user-mention-memcached.output
tar: removing leading '/' from member names
Debug: Checking Namespace=default, Pod=user-mention-service-6dcfcb4b8d-vc6z2 for Target File=deathstar_*.output
Namespace: default, Pod: user-mention-service-6dcfcb4b8d-vc6z2 has the target files.
Copying deathstar_user-mention-service.output to deathstar_user-mention-service.output
tar: removing leading '/' from member names
Debug: Checking Namespace=default, Pod=user-service-f4bc49647-9cbc8 for Target File=deathstar_*.output
Namespace: default, Pod: user-service-f4bc49647-9cbc8 has the target files.
Copying deathstar_user-service.output to deathstar_user-service.output
tar: removing leading '/' from member names
Debug: Checking Namespace=default, Pod=user-timeline-mongo-6dfc455859-6c4hv for Target File=deathstar_*.output
Namespace: default, Pod: user-timeline-mongo-6dfc455859-6c4hv has the target files.
Copying deathstar_user-timeline-mongo.output to deathstar_user-timeline-mongo.output
tar: removing leading '/' from member names
Debug: Checking Namespace=default, Pod=user-timeline-redis-7b55f9ffd9-xh92s for Target File=deathstar_*.output
Namespace: default, Pod: user-timeline-redis-7b55f9ffd9-xh92s has the target files.
Copying deathstar_user-timeline-redis.output to deathstar_user-timeline-redis.output
tar: removing leading '/' from member names
Debug: Checking Namespace=default, Pod=user-timeline-service-f648cb4f4-kzt72 for Target File=deathstar_*.output
Namespace: default, Pod: user-timeline-service-f648cb4f4-kzt72 has the target files.
Copying deathstar_user-timeline-service.output to deathstar_user-timeline-service.output
tar: removing leading '/' from member names
Debug: Checking Namespace=default, Pod=compose-post-service-6f9845489d-pq9jd for Target File=*.pprof
Namespace: default, Pod: compose-post-service-6f9845489d-pq9jd has the target files.
Copying compose-post-service.pprof to compose-post-service.pprof
tar: removing leading '/' from member names
tar: removing leading '/' from member names
Debug: Checking Namespace=default, Pod=home-timeline-redis-68bdbb459f-cfbk7 for Target File=*.pprof
Namespace: default, Pod: home-timeline-redis-68bdbb459f-cfbk7 has the target files.
Copying home-timeline-redis.pprof to home-timeline-redis.pprof
tar: removing leading '/' from member names
tar: removing leading '/' from member names
Debug: Checking Namespace=default, Pod=home-timeline-service-7974fb9949-75k5c for Target File=*.pprof
Namespace: default, Pod: home-timeline-service-7974fb9949-75k5c has the target files.
Copying home-timeline-service.pprof to home-timeline-service.pprof
tar: removing leading '/' from member names
tar: removing leading '/' from member names
Debug: Checking Namespace=default, Pod=media-service-57f4b9d99d-96lzn for Target File=*.pprof
Namespace: default, Pod: media-service-57f4b9d99d-96lzn has the target files.
Copying media-service.pprof to media-service.pprof
tar: removing leading '/' from member names
tar: removing leading '/' from member names
Debug: Checking Namespace=default, Pod=nginx-web-server-64fc6fd886-t2n84 for Target File=*.pprof
Namespace: default, Pod: nginx-web-server-64fc6fd886-t2n84 has the target files.
Copying nginx-web-server.pprof to nginx-web-server.pprof
tar: removing leading '/' from member names
tar: removing leading '/' from member names
Debug: Checking Namespace=default, Pod=post-storage-mongo-65c79c9bcd-mlnkr for Target File=*.pprof
Namespace: default, Pod: post-storage-mongo-65c79c9bcd-mlnkr has the target files.
Copying post-storage-mongo.pprof to post-storage-mongo.pprof
tar: removing leading '/' from member names
tar: removing leading '/' from member names
Debug: Checking Namespace=default, Pod=post-storage-service-6cb68b6d86-7647z for Target File=*.pprof
Namespace: default, Pod: post-storage-service-6cb68b6d86-7647z has the target files.
Copying post-storage-service.pprof to post-storage-service.pprof
tar: removing leading '/' from member names
tar: removing leading '/' from member names
Debug: Checking Namespace=default, Pod=social-graph-redis-6fdf7b4459-wd99v for Target File=*.pprof
Namespace: default, Pod: social-graph-redis-6fdf7b4459-wd99v has the target files.
Copying social-graph-redis.pprof to social-graph-redis.pprof
tar: removing leading '/' from member names
tar: removing leading '/' from member names
Debug: Checking Namespace=default, Pod=social-graph-service-7d9d94b79d-ptblj for Target File=*.pprof
Namespace: default, Pod: social-graph-service-7d9d94b79d-ptblj has the target files.
Copying social-graph-service.pprof to social-graph-service.pprof
tar: removing leading '/' from member names
tar: removing leading '/' from member names
Debug: Checking Namespace=default, Pod=text-service-6674d788d7-s2qb7 for Target File=*.pprof
Namespace: default, Pod: text-service-6674d788d7-s2qb7 has the target files.
Copying text-service.pprof to text-service.pprof
tar: removing leading '/' from member names
tar: removing leading '/' from member names
Debug: Checking Namespace=default, Pod=unique-id-service-64bdc5f76-7cp5s for Target File=*.pprof
Namespace: default, Pod: unique-id-service-64bdc5f76-7cp5s has the target files.
Copying unique-id-service.pprof to unique-id-service.pprof
tar: removing leading '/' from member names
tar: removing leading '/' from member names
Debug: Checking Namespace=default, Pod=url-shorten-mongo-6b4c85bb87-46pqg for Target File=*.pprof
Namespace: default, Pod: url-shorten-mongo-6b4c85bb87-46pqg has the target files.
Copying url-shorten-mongo.pprof to url-shorten-mongo.pprof
tar: removing leading '/' from member names
tar: removing leading '/' from member names
Debug: Checking Namespace=default, Pod=url-shorten-service-68d694d594-ffbjz for Target File=*.pprof
Namespace: default, Pod: url-shorten-service-68d694d594-ffbjz has the target files.
Copying url-shorten-service.pprof to url-shorten-service.pprof
tar: removing leading '/' from member names
tar: removing leading '/' from member names
Debug: Checking Namespace=default, Pod=user-mention-memcached-64575cd9dc-nwjfb for Target File=*.pprof
Namespace: default, Pod: user-mention-memcached-64575cd9dc-nwjfb has the target files.
Copying user-mention-memcached.pprof to user-mention-memcached.pprof
tar: removing leading '/' from member names
tar: removing leading '/' from member names
Debug: Checking Namespace=default, Pod=user-mention-service-6dcfcb4b8d-vc6z2 for Target File=*.pprof
Namespace: default, Pod: user-mention-service-6dcfcb4b8d-vc6z2 has the target files.
Copying user-mention-service.pprof to user-mention-service.pprof
tar: removing leading '/' from member names
tar: removing leading '/' from member names
Debug: Checking Namespace=default, Pod=user-service-f4bc49647-9cbc8 for Target File=*.pprof
Namespace: default, Pod: user-service-f4bc49647-9cbc8 has the target files.
Copying user-service.pprof to user-service.pprof
tar: removing leading '/' from member names
tar: removing leading '/' from member names
Debug: Checking Namespace=default, Pod=user-timeline-mongo-6dfc455859-6c4hv for Target File=*.pprof
Namespace: default, Pod: user-timeline-mongo-6dfc455859-6c4hv has the target files.
Copying user-timeline-mongo.pprof to user-timeline-mongo.pprof
tar: removing leading '/' from member names
tar: removing leading '/' from member names
Debug: Checking Namespace=default, Pod=user-timeline-redis-7b55f9ffd9-xh92s for Target File=*.pprof
Namespace: default, Pod: user-timeline-redis-7b55f9ffd9-xh92s has the target files.
Copying user-timeline-redis.pprof to user-timeline-redis.pprof
tar: removing leading '/' from member names
tar: removing leading '/' from member names
Debug: Checking Namespace=default, Pod=user-timeline-service-f648cb4f4-kzt72 for Target File=*.pprof
Namespace: default, Pod: user-timeline-service-f648cb4f4-kzt72 has the target files.
Copying user-timeline-service.pprof to user-timeline-service.pprof
tar: removing leading '/' from member names
tar: removing leading '/' from member names
