Deployments: compose-post-service
home-timeline-redis
home-timeline-service
media-service
nginx-web-server
post-storage-mongo
post-storage-service
social-graph-redis
social-graph-service
text-service
unique-id-service
url-shorten-mongo
url-shorten-service
user-mention-memcached
user-mention-service
user-service
user-timeline-mongo
user-timeline-redis
user-timeline-service
Waiting for deployment "compose-post-service" rollout to finish: 0 of 1 updated replicas are available...
deployment "compose-post-service" successfully rolled out
Deployment compose-post-service is ready.
deployment "home-timeline-redis" successfully rolled out
Deployment home-timeline-redis is ready.
deployment "home-timeline-service" successfully rolled out
Deployment home-timeline-service is ready.
deployment "media-service" successfully rolled out
Deployment media-service is ready.
deployment "nginx-web-server" successfully rolled out
Deployment nginx-web-server is ready.
deployment "post-storage-mongo" successfully rolled out
Deployment post-storage-mongo is ready.
deployment "post-storage-service" successfully rolled out
Deployment post-storage-service is ready.
deployment "social-graph-redis" successfully rolled out
Deployment social-graph-redis is ready.
deployment "social-graph-service" successfully rolled out
Deployment social-graph-service is ready.
deployment "text-service" successfully rolled out
Deployment text-service is ready.
deployment "unique-id-service" successfully rolled out
Deployment unique-id-service is ready.
deployment "url-shorten-mongo" successfully rolled out
Deployment url-shorten-mongo is ready.
deployment "url-shorten-service" successfully rolled out
Deployment url-shorten-service is ready.
deployment "user-mention-memcached" successfully rolled out
Deployment user-mention-memcached is ready.
deployment "user-mention-service" successfully rolled out
Deployment user-mention-service is ready.
deployment "user-service" successfully rolled out
Deployment user-service is ready.
deployment "user-timeline-mongo" successfully rolled out
Deployment user-timeline-mongo is ready.
deployment "user-timeline-redis" successfully rolled out
Deployment user-timeline-redis is ready.
deployment "user-timeline-service" successfully rolled out
Deployment user-timeline-service is ready.
ENTRY_POINT: nginx-web-server
SERVICE_A_URL: 10.111.130.248:50051
Capacity: 7000
Metadata: method=compose
Metadata: request-id={{.RequestNumber}}
Metadata: timestamp={{.TimestampUnix}}
Constant load: true
Capacity: 7000
Run duration: 10s
Enable Charon: true
Charon options: map[debug:false debugFreq:1000 initprice:10 rateLimiting:true tokenRefillDist:poisson tokenStrategy:uniform tokenUpdateRate:10ms tokenUpdateStep:10 tokensLeft:0]

Summary:
  Count:	60857
  Total:	9.85 s
  Slowest:	905.92 ms
  Fastest:	13.19 ms
  Average:	68.23 ms
  Requests/sec:	6180.75

Response time histogram:
  13.187  [1]     |
  102.460 [48865] |∎∎∎∎∎∎∎∎∎∎∎∎∎∎∎∎∎∎∎∎∎∎∎∎∎∎∎∎∎∎∎∎∎∎∎∎∎∎∎∎
  191.734 [6347]  |∎∎∎∎∎
  281.007 [2918]  |∎∎
  370.280 [1618]  |∎
  459.553 [204]   |
  548.826 [39]    |
  638.099 [0]     |
  727.373 [3]     |
  816.646 [72]    |
  905.919 [104]   |

Latency distribution:
  10 % in 17.88 ms 
  25 % in 21.92 ms 
  50 % in 33.26 ms 
  75 % in 78.83 ms 
  90 % in 173.65 ms 
  95 % in 248.13 ms 
  99 % in 347.62 ms 

Status code distribution:
  [OK]         60171 responses   
  [Canceled]   686 responses     

Error distribution:
  [686]   rpc error: code = Canceled desc = grpc: the client connection is closing   

Debug: Checking Namespace=default, Pod=compose-post-service-6db8bd7fb5-7bghk for Target File=deathstar_*.output
Namespace: default, Pod: compose-post-service-6db8bd7fb5-7bghk has the target files.
Copying deathstar_compose-post-service.output to deathstar_compose-post-service.output
tar: removing leading '/' from member names
Debug: Checking Namespace=default, Pod=home-timeline-redis-68bdbb459f-xhfwd for Target File=deathstar_*.output
Namespace: default, Pod: home-timeline-redis-68bdbb459f-xhfwd has the target files.
Copying deathstar_home-timeline-redis.output to deathstar_home-timeline-redis.output
tar: removing leading '/' from member names
Debug: Checking Namespace=default, Pod=home-timeline-service-6fcb4679db-5s4sl for Target File=deathstar_*.output
Namespace: default, Pod: home-timeline-service-6fcb4679db-5s4sl has the target files.
Copying deathstar_home-timeline-service.output to deathstar_home-timeline-service.output
tar: removing leading '/' from member names
Debug: Checking Namespace=default, Pod=media-service-57f4b9d99d-fjmkr for Target File=deathstar_*.output
Namespace: default, Pod: media-service-57f4b9d99d-fjmkr has the target files.
Copying deathstar_media-service.output to deathstar_media-service.output
tar: removing leading '/' from member names
Debug: Checking Namespace=default, Pod=nginx-web-server-64fc6fd886-r7w4f for Target File=deathstar_*.output
Namespace: default, Pod: nginx-web-server-64fc6fd886-r7w4f has the target files.
Copying deathstar_nginx-web-server.output to deathstar_nginx-web-server.output
tar: removing leading '/' from member names
Debug: Checking Namespace=default, Pod=post-storage-mongo-65c79c9bcd-jbnmd for Target File=deathstar_*.output
Namespace: default, Pod: post-storage-mongo-65c79c9bcd-jbnmd has the target files.
Copying deathstar_post-storage-mongo.output to deathstar_post-storage-mongo.output
tar: removing leading '/' from member names
Debug: Checking Namespace=default, Pod=post-storage-service-6cb68b6d86-78c8s for Target File=deathstar_*.output
Namespace: default, Pod: post-storage-service-6cb68b6d86-78c8s has the target files.
Copying deathstar_post-storage-service.output to deathstar_post-storage-service.output
tar: removing leading '/' from member names
Debug: Checking Namespace=default, Pod=social-graph-redis-6fdf7b4459-fdq9c for Target File=deathstar_*.output
Namespace: default, Pod: social-graph-redis-6fdf7b4459-fdq9c has the target files.
Copying deathstar_social-graph-redis.output to deathstar_social-graph-redis.output
tar: removing leading '/' from member names
Debug: Checking Namespace=default, Pod=social-graph-service-7d9d94b79d-dtctt for Target File=deathstar_*.output
Namespace: default, Pod: social-graph-service-7d9d94b79d-dtctt has the target files.
Copying deathstar_social-graph-service.output to deathstar_social-graph-service.output
tar: removing leading '/' from member names
Debug: Checking Namespace=default, Pod=text-service-6674d788d7-m4hb5 for Target File=deathstar_*.output
Namespace: default, Pod: text-service-6674d788d7-m4hb5 has the target files.
Copying deathstar_text-service.output to deathstar_text-service.output
tar: removing leading '/' from member names
Debug: Checking Namespace=default, Pod=unique-id-service-64bdc5f76-btwhk for Target File=deathstar_*.output
Namespace: default, Pod: unique-id-service-64bdc5f76-btwhk has the target files.
Copying deathstar_unique-id-service.output to deathstar_unique-id-service.output
Debug: Checking Namespace=default, Pod=url-shorten-mongo-6b4c85bb87-k65lv for Target File=deathstar_*.output
Namespace: default, Pod: url-shorten-mongo-6b4c85bb87-k65lv has the target files.
Copying deathstar_url-shorten-mongo.output to deathstar_url-shorten-mongo.output
tar: removing leading '/' from member names
Debug: Checking Namespace=default, Pod=url-shorten-service-68d694d594-x8t2c for Target File=deathstar_*.output
Namespace: default, Pod: url-shorten-service-68d694d594-x8t2c has the target files.
Copying deathstar_url-shorten-service.output to deathstar_url-shorten-service.output
tar: removing leading '/' from member names
Debug: Checking Namespace=default, Pod=user-mention-memcached-64575cd9dc-9brdl for Target File=deathstar_*.output
Namespace: default, Pod: user-mention-memcached-64575cd9dc-9brdl has the target files.
Copying deathstar_user-mention-memcached.output to deathstar_user-mention-memcached.output
tar: removing leading '/' from member names
Debug: Checking Namespace=default, Pod=user-mention-service-6dcfcb4b8d-chcqd for Target File=deathstar_*.output
Namespace: default, Pod: user-mention-service-6dcfcb4b8d-chcqd has the target files.
Copying deathstar_user-mention-service.output to deathstar_user-mention-service.output
tar: removing leading '/' from member names
Debug: Checking Namespace=default, Pod=user-service-f4bc49647-h4dqp for Target File=deathstar_*.output
Namespace: default, Pod: user-service-f4bc49647-h4dqp has the target files.
Copying deathstar_user-service.output to deathstar_user-service.output
tar: removing leading '/' from member names
Debug: Checking Namespace=default, Pod=user-timeline-mongo-6dfc455859-lcwjt for Target File=deathstar_*.output
Namespace: default, Pod: user-timeline-mongo-6dfc455859-lcwjt has the target files.
Copying deathstar_user-timeline-mongo.output to deathstar_user-timeline-mongo.output
tar: removing leading '/' from member names
Debug: Checking Namespace=default, Pod=user-timeline-redis-7b55f9ffd9-tt6rk for Target File=deathstar_*.output
Namespace: default, Pod: user-timeline-redis-7b55f9ffd9-tt6rk has the target files.
Copying deathstar_user-timeline-redis.output to deathstar_user-timeline-redis.output
tar: removing leading '/' from member names
Debug: Checking Namespace=default, Pod=user-timeline-service-f648cb4f4-6vv5n for Target File=deathstar_*.output
Namespace: default, Pod: user-timeline-service-f648cb4f4-6vv5n has the target files.
Copying deathstar_user-timeline-service.output to deathstar_user-timeline-service.output
tar: removing leading '/' from member names
Debug: Checking Namespace=default, Pod=compose-post-service-6db8bd7fb5-7bghk for Target File=*.pprof
Namespace: default, Pod: compose-post-service-6db8bd7fb5-7bghk has the target files.
Copying compose-post-service.pprof to compose-post-service.pprof
tar: removing leading '/' from member names
tar: removing leading '/' from member names
Debug: Checking Namespace=default, Pod=home-timeline-redis-68bdbb459f-xhfwd for Target File=*.pprof
Namespace: default, Pod: home-timeline-redis-68bdbb459f-xhfwd has the target files.
Copying home-timeline-redis.pprof to home-timeline-redis.pprof
tar: removing leading '/' from member names
tar: removing leading '/' from member names
Debug: Checking Namespace=default, Pod=home-timeline-service-6fcb4679db-5s4sl for Target File=*.pprof
Namespace: default, Pod: home-timeline-service-6fcb4679db-5s4sl has the target files.
Copying home-timeline-service.pprof to home-timeline-service.pprof
tar: removing leading '/' from member names
tar: removing leading '/' from member names
Debug: Checking Namespace=default, Pod=media-service-57f4b9d99d-fjmkr for Target File=*.pprof
Namespace: default, Pod: media-service-57f4b9d99d-fjmkr has the target files.
Copying media-service.pprof to media-service.pprof
tar: removing leading '/' from member names
tar: removing leading '/' from member names
Debug: Checking Namespace=default, Pod=nginx-web-server-64fc6fd886-r7w4f for Target File=*.pprof
Namespace: default, Pod: nginx-web-server-64fc6fd886-r7w4f has the target files.
Copying nginx-web-server.pprof to nginx-web-server.pprof
tar: removing leading '/' from member names
tar: removing leading '/' from member names
Debug: Checking Namespace=default, Pod=post-storage-mongo-65c79c9bcd-jbnmd for Target File=*.pprof
Namespace: default, Pod: post-storage-mongo-65c79c9bcd-jbnmd has the target files.
Copying post-storage-mongo.pprof to post-storage-mongo.pprof
tar: removing leading '/' from member names
tar: removing leading '/' from member names
Debug: Checking Namespace=default, Pod=post-storage-service-6cb68b6d86-78c8s for Target File=*.pprof
Namespace: default, Pod: post-storage-service-6cb68b6d86-78c8s has the target files.
Copying post-storage-service.pprof to post-storage-service.pprof
tar: removing leading '/' from member names
tar: removing leading '/' from member names
Debug: Checking Namespace=default, Pod=social-graph-redis-6fdf7b4459-fdq9c for Target File=*.pprof
Namespace: default, Pod: social-graph-redis-6fdf7b4459-fdq9c has the target files.
Copying social-graph-redis.pprof to social-graph-redis.pprof
tar: removing leading '/' from member names
tar: removing leading '/' from member names
Debug: Checking Namespace=default, Pod=social-graph-service-7d9d94b79d-dtctt for Target File=*.pprof
Namespace: default, Pod: social-graph-service-7d9d94b79d-dtctt has the target files.
Copying social-graph-service.pprof to social-graph-service.pprof
tar: removing leading '/' from member names
tar: removing leading '/' from member names
Debug: Checking Namespace=default, Pod=text-service-6674d788d7-m4hb5 for Target File=*.pprof
Namespace: default, Pod: text-service-6674d788d7-m4hb5 has the target files.
Copying text-service.pprof to text-service.pprof
tar: removing leading '/' from member names
tar: removing leading '/' from member names
Debug: Checking Namespace=default, Pod=unique-id-service-64bdc5f76-btwhk for Target File=*.pprof
Namespace: default, Pod: unique-id-service-64bdc5f76-btwhk has the target files.
Copying unique-id-service.pprof to unique-id-service.pprof
tar: removing leading '/' from member names
tar: removing leading '/' from member names
Debug: Checking Namespace=default, Pod=url-shorten-mongo-6b4c85bb87-k65lv for Target File=*.pprof
Namespace: default, Pod: url-shorten-mongo-6b4c85bb87-k65lv has the target files.
Copying url-shorten-mongo.pprof to url-shorten-mongo.pprof
tar: removing leading '/' from member names
tar: removing leading '/' from member names
Debug: Checking Namespace=default, Pod=url-shorten-service-68d694d594-x8t2c for Target File=*.pprof
Namespace: default, Pod: url-shorten-service-68d694d594-x8t2c has the target files.
Copying url-shorten-service.pprof to url-shorten-service.pprof
tar: removing leading '/' from member names
tar: removing leading '/' from member names
Debug: Checking Namespace=default, Pod=user-mention-memcached-64575cd9dc-9brdl for Target File=*.pprof
Namespace: default, Pod: user-mention-memcached-64575cd9dc-9brdl has the target files.
Copying user-mention-memcached.pprof to user-mention-memcached.pprof
tar: removing leading '/' from member names
tar: removing leading '/' from member names
Debug: Checking Namespace=default, Pod=user-mention-service-6dcfcb4b8d-chcqd for Target File=*.pprof
Namespace: default, Pod: user-mention-service-6dcfcb4b8d-chcqd has the target files.
Copying user-mention-service.pprof to user-mention-service.pprof
tar: removing leading '/' from member names
tar: removing leading '/' from member names
Debug: Checking Namespace=default, Pod=user-service-f4bc49647-h4dqp for Target File=*.pprof
Namespace: default, Pod: user-service-f4bc49647-h4dqp has the target files.
Copying user-service.pprof to user-service.pprof
tar: removing leading '/' from member names
tar: removing leading '/' from member names
Debug: Checking Namespace=default, Pod=user-timeline-mongo-6dfc455859-lcwjt for Target File=*.pprof
Namespace: default, Pod: user-timeline-mongo-6dfc455859-lcwjt has the target files.
Copying user-timeline-mongo.pprof to user-timeline-mongo.pprof
tar: removing leading '/' from member names
tar: removing leading '/' from member names
Debug: Checking Namespace=default, Pod=user-timeline-redis-7b55f9ffd9-tt6rk for Target File=*.pprof
Namespace: default, Pod: user-timeline-redis-7b55f9ffd9-tt6rk has the target files.
Copying user-timeline-redis.pprof to user-timeline-redis.pprof
tar: removing leading '/' from member names
tar: removing leading '/' from member names
Debug: Checking Namespace=default, Pod=user-timeline-service-f648cb4f4-6vv5n for Target File=*.pprof
Namespace: default, Pod: user-timeline-service-f648cb4f4-6vv5n has the target files.
Copying user-timeline-service.pprof to user-timeline-service.pprof
tar: removing leading '/' from member names
tar: removing leading '/' from member names
