Deployments: compose-post-service
home-timeline-redis
home-timeline-service
media-service
nginx-web-server
post-storage-mongo
post-storage-service
social-graph-redis
social-graph-service
text-service
unique-id-service
url-shorten-mongo
url-shorten-service
user-mention-memcached
user-mention-service
user-service
user-timeline-mongo
user-timeline-redis
user-timeline-service
deployment "compose-post-service" successfully rolled out
Deployment compose-post-service is ready.
deployment "home-timeline-redis" successfully rolled out
Deployment home-timeline-redis is ready.
deployment "home-timeline-service" successfully rolled out
Deployment home-timeline-service is ready.
deployment "media-service" successfully rolled out
Deployment media-service is ready.
deployment "nginx-web-server" successfully rolled out
Deployment nginx-web-server is ready.
deployment "post-storage-mongo" successfully rolled out
Deployment post-storage-mongo is ready.
deployment "post-storage-service" successfully rolled out
Deployment post-storage-service is ready.
deployment "social-graph-redis" successfully rolled out
Deployment social-graph-redis is ready.
deployment "social-graph-service" successfully rolled out
Deployment social-graph-service is ready.
deployment "text-service" successfully rolled out
Deployment text-service is ready.
deployment "unique-id-service" successfully rolled out
Deployment unique-id-service is ready.
deployment "url-shorten-mongo" successfully rolled out
Deployment url-shorten-mongo is ready.
deployment "url-shorten-service" successfully rolled out
Deployment url-shorten-service is ready.
deployment "user-mention-memcached" successfully rolled out
Deployment user-mention-memcached is ready.
deployment "user-mention-service" successfully rolled out
Deployment user-mention-service is ready.
deployment "user-service" successfully rolled out
Deployment user-service is ready.
deployment "user-timeline-mongo" successfully rolled out
Deployment user-timeline-mongo is ready.
deployment "user-timeline-redis" successfully rolled out
Deployment user-timeline-redis is ready.
deployment "user-timeline-service" successfully rolled out
Deployment user-timeline-service is ready.
ENTRY_POINT: nginx-web-server
METHOD: compose
CONSTANT_LOAD: false
INTERCEPT: plain
SUBCALL: parallel
PROFILING: false
PRICE_UPDATE_RATE: 
LATENCY_THRESHOLD: 
PRICE_STEP: 
PRICE_STRATEGY: 
LAZY_UPDATE: 
ENTRY_POINT: nginx-web-server
RATE_LIMITING: 
DEBUG_INFO: false
SERVICE_A_URL: 10.108.251.139:50051
Capacity: 9000
Metadata: request-id={{.RequestNumber}}
Metadata: timestamp={{.TimestampUnix}}
Metadata: method=compose
Charon Configurations:
[{PRICE_UPDATE_RATE 10ms} {LATENCY_THRESHOLD 100us} {PRICE_STEP 0} {PRICE_STRATEGY step} {INTERCEPT plain} {LAZY_UPDATE false} {BREAKWATER_SLO 12500us} {BREAKWATER_A 0.001} {BREAKWATER_B 0.02} {BREAKWATER_CLIENT_EXPIRATION 10ms} {BREAKWATER_INITIAL_CREDIT 400} {DAGOR_QUEUING_THRESHOLD 2ms} {DAGOR_ALPHA 0.05} {DAGOR_BETA 0.01} {DAGOR_ADMISSION_LEVEL_UPDATE_INTERVAL 10ms} {DAGOR_UMAX 20}]

Summary:
  Count:	74240
  Total:	9.86 s
  Slowest:	1.03 s
  Fastest:	15.52 ms
  Average:	490.48 ms
  Requests/sec:	7532.34

Response time histogram:
  15.517   [1]     |
  116.514  [14296] |∎∎∎∎∎∎∎∎∎∎∎∎∎∎∎∎∎∎∎∎∎∎∎∎∎∎∎∎∎∎∎∎∎∎∎∎∎∎∎∎
  217.510  [3206]  |∎∎∎∎∎∎∎∎∎
  318.506  [6656]  |∎∎∎∎∎∎∎∎∎∎∎∎∎∎∎∎∎∎∎
  419.503  [10728] |∎∎∎∎∎∎∎∎∎∎∎∎∎∎∎∎∎∎∎∎∎∎∎∎∎∎∎∎∎∎
  520.499  [6538]  |∎∎∎∎∎∎∎∎∎∎∎∎∎∎∎∎∎∎
  621.495  [3593]  |∎∎∎∎∎∎∎∎∎∎
  722.491  [911]   |∎∎∎
  823.488  [415]   |∎
  924.484  [1070]  |∎∎∎
  1025.480 [1895]  |∎∎∎∎∎

Latency distribution:
  10 % in 21.21 ms 
  25 % in 61.20 ms 
  50 % in 324.48 ms 
  75 % in 445.70 ms 
  90 % in 589.39 ms 
  95 % in 877.79 ms 
  99 % in 987.25 ms 

Status code distribution:
  [Canceled]           7978 responses    
  [OK]                 49309 responses   
  [DeadlineExceeded]   16953 responses   

Error distribution:
  [16953]   rpc error: code = DeadlineExceeded desc = context deadline exceeded        
  [7978]    rpc error: code = Canceled desc = grpc: the client connection is closing   

Debug: Checking Namespace=default, Pod=compose-post-service-5dd67b9cf5-tfj72 for Target File=deathstar_*.output
Namespace: default, Pod: compose-post-service-5dd67b9cf5-tfj72 has the target files.
Copying deathstar_compose-post-service.output to deathstar_compose-post-service.output
tar: removing leading '/' from member names
Debug: Checking Namespace=default, Pod=home-timeline-redis-6c88b46fd-flvnh for Target File=deathstar_*.output
Namespace: default, Pod: home-timeline-redis-6c88b46fd-flvnh has the target files.
Copying deathstar_home-timeline-redis.output to deathstar_home-timeline-redis.output
tar: removing leading '/' from member names
Debug: Checking Namespace=default, Pod=home-timeline-service-77986fbb7f-nvjh4 for Target File=deathstar_*.output
Namespace: default, Pod: home-timeline-service-77986fbb7f-nvjh4 has the target files.
Copying deathstar_home-timeline-service.output to deathstar_home-timeline-service.output
tar: removing leading '/' from member names
Debug: Checking Namespace=default, Pod=media-service-89f86f4f6-n45nk for Target File=deathstar_*.output
Namespace: default, Pod: media-service-89f86f4f6-n45nk has the target files.
Copying deathstar_media-service.output to deathstar_media-service.output
tar: removing leading '/' from member names
Debug: Checking Namespace=default, Pod=nginx-web-server-56557f7cb7-6cl4f for Target File=deathstar_*.output
Namespace: default, Pod: nginx-web-server-56557f7cb7-6cl4f has the target files.
Copying deathstar_nginx-web-server.output to deathstar_nginx-web-server.output
tar: removing leading '/' from member names
Debug: Checking Namespace=default, Pod=post-storage-mongo-757d76846c-wpdft for Target File=deathstar_*.output
Namespace: default, Pod: post-storage-mongo-757d76846c-wpdft has the target files.
Copying deathstar_post-storage-mongo.output to deathstar_post-storage-mongo.output
tar: removing leading '/' from member names
Debug: Checking Namespace=default, Pod=post-storage-service-6cd7955cb7-nldkr for Target File=deathstar_*.output
Namespace: default, Pod: post-storage-service-6cd7955cb7-nldkr has the target files.
Copying deathstar_post-storage-service.output to deathstar_post-storage-service.output
tar: removing leading '/' from member names
Debug: Checking Namespace=default, Pod=social-graph-redis-f8c4c788b-fsl4p for Target File=deathstar_*.output
Namespace: default, Pod: social-graph-redis-f8c4c788b-fsl4p has the target files.
Copying deathstar_social-graph-redis.output to deathstar_social-graph-redis.output
tar: removing leading '/' from member names
Debug: Checking Namespace=default, Pod=social-graph-service-54457c5fc9-bcl24 for Target File=deathstar_*.output
Namespace: default, Pod: social-graph-service-54457c5fc9-bcl24 has the target files.
Copying deathstar_social-graph-service.output to deathstar_social-graph-service.output
tar: removing leading '/' from member names
Debug: Checking Namespace=default, Pod=text-service-6468959769-xd92h for Target File=deathstar_*.output
Namespace: default, Pod: text-service-6468959769-xd92h has the target files.
Copying deathstar_text-service.output to deathstar_text-service.output
tar: removing leading '/' from member names
Debug: Checking Namespace=default, Pod=unique-id-service-6bf4bf49b6-25p58 for Target File=deathstar_*.output
Namespace: default, Pod: unique-id-service-6bf4bf49b6-25p58 has the target files.
Copying deathstar_unique-id-service.output to deathstar_unique-id-service.output
tar: removing leading '/' from member names
Debug: Checking Namespace=default, Pod=url-shorten-mongo-859457fd9d-l7m5j for Target File=deathstar_*.output
Namespace: default, Pod: url-shorten-mongo-859457fd9d-l7m5j has the target files.
Copying deathstar_url-shorten-mongo.output to deathstar_url-shorten-mongo.output
tar: removing leading '/' from member names
Debug: Checking Namespace=default, Pod=url-shorten-service-876fd5dc-prxfj for Target File=deathstar_*.output
Namespace: default, Pod: url-shorten-service-876fd5dc-prxfj has the target files.
Copying deathstar_url-shorten-service.output to deathstar_url-shorten-service.output
tar: removing leading '/' from member names
Debug: Checking Namespace=default, Pod=user-mention-memcached-6f97488b98-6d9pv for Target File=deathstar_*.output
Namespace: default, Pod: user-mention-memcached-6f97488b98-6d9pv has the target files.
Copying deathstar_user-mention-memcached.output to deathstar_user-mention-memcached.output
tar: removing leading '/' from member names
Debug: Checking Namespace=default, Pod=user-mention-service-5c7bdb5849-jlnt6 for Target File=deathstar_*.output
Namespace: default, Pod: user-mention-service-5c7bdb5849-jlnt6 has the target files.
Copying deathstar_user-mention-service.output to deathstar_user-mention-service.output
tar: removing leading '/' from member names
Debug: Checking Namespace=default, Pod=user-service-5797d8df8f-ff2qq for Target File=deathstar_*.output
Namespace: default, Pod: user-service-5797d8df8f-ff2qq has the target files.
Copying deathstar_user-service.output to deathstar_user-service.output
tar: removing leading '/' from member names
Debug: Checking Namespace=default, Pod=user-timeline-mongo-75d8fb78c4-lnd9g for Target File=deathstar_*.output
Namespace: default, Pod: user-timeline-mongo-75d8fb78c4-lnd9g has the target files.
Copying deathstar_user-timeline-mongo.output to deathstar_user-timeline-mongo.output
tar: removing leading '/' from member names
Debug: Checking Namespace=default, Pod=user-timeline-redis-d4b78c568-zn2wv for Target File=deathstar_*.output
Namespace: default, Pod: user-timeline-redis-d4b78c568-zn2wv has the target files.
Copying deathstar_user-timeline-redis.output to deathstar_user-timeline-redis.output
tar: removing leading '/' from member names
Debug: Checking Namespace=default, Pod=user-timeline-service-846bc479c6-9pjrh for Target File=deathstar_*.output
Namespace: default, Pod: user-timeline-service-846bc479c6-9pjrh has the target files.
Copying deathstar_user-timeline-service.output to deathstar_user-timeline-service.output
