Service Name:  user-service
Call Graph of the Service:
map[compose:[social-graph-service]]
Downstreams of the Service:
[social-graph-service]
Server Configurations:
[{COMPUTATION_DISTRIBUTION constant} {PROCESS_TIME 1ms} {APP_PORT 50051} {LOG_LEVEL Info} {GREETING Hi Malaka!} {SUBCALL parallel} {PROFILING false}]
Charon Configurations:
[{INTERCEPT charon} {PRICE_UPDATE_RATE 16990us} {TOKEN_UPDATE_RATE 10159us} {LATENCY_THRESHOLD 3128us} {PRICE_STEP 104} {PRICE_STRATEGY proportional} {LAZY_UPDATE true} {RATE_LIMITING true} {LOAD_SHEDDING true} {CHARON_TRACK_PRICE true} {BREAKWATER_SLO 12500us} {BREAKWATER_A 0.001} {BREAKWATER_B 0.02} {BREAKWATER_CLIENT_EXPIRATION 10ms} {BREAKWATER_INITIAL_CREDIT 400} {BREAKWATER_LOAD_SHEDDING true} {BREAKWATER_RTT 1000us} {BREAKWATERD_SLO 12500us} {BREAKWATERD_A 0.001} {BREAKWATERD_B 0.02} {BREAKWATERD_CLIENT_EXPIRATION 10ms} {BREAKWATERD_INITIAL_CREDIT 400} {BREAKWATERD_LOAD_SHEDDING true} {BREAKWATERD_RTT 1000us} {DAGOR_QUEUING_THRESHOLD 2ms} {DAGOR_ALPHA 0.05} {DAGOR_BETA 0.01} {DAGOR_ADMISSION_LEVEL_UPDATE_INTERVAL 10ms} {DAGOR_UMAX 20}]
Price Update Rate: 16.99ms
Latency Threshold: 3.128ms
Price Step: 104
Price Strategy: proportional
Intercept: charon
Lazy Update: true
Rate Limiting: true
Load Shedding: true
Charon Track Price: true
Breakwater SLO: 12.5ms
Breakwater Client Timeout: 10ms
Breakwater Initial Credit: 400
Breakwater A: 0.001
Breakwater B: 0.02
Breakwater Load Shedding: true
Breakwater RTT: 1ms
BreakwaterD SLO: 12.5ms
BreakwaterD Client Timeout: 10ms
BreakwaterD Initial Credit: 400
BreakwaterD A: 0.001
BreakwaterD B: 0.02
BreakwaterD Load Shedding: true
BreakwaterD RTT: 1ms
Dagor Queuing Threshold: 2ms
Dagor Alpha: 0.05
Dagor Beta: 0.01
Dagor Admission Level Update Interval: 10ms
Dagor Umax: 20
Computation Distribution: constant
Process Time: 1ms
Address Listening on: 0.0.0.0:50051
Greeting Message: Hi Malaka!
Log Level: Info
Subcall Pattern: parallel
{"function":"run","level":"info","line":"652","msg":"Charon Config: map[debug:false guidePrice:-1 initprice:0 latencyThreshold:3.128ms lazyResponse:true loadShedding:true pinpointLatency:false pinpointQueuing:true pinpointThroughput:false priceAggregation:maximal priceStep:104 priceStrategy:proportional priceUpdateRate:16.99ms rateLimiting:true recordPrice:true]","time":"2024-01-29T20:34:15Z"}
LOG: 2024-01-29T20:34:15.553292801+00:00|	[Update Price by Queue Delay]: Own price updated to 0

LOG: 2024-01-29T20:34:15.553344717+00:00|	[Incremental Waiting Time Maximum]:	0.010240 ms.

LOG: 2024-01-29T20:34:15.757751389+00:00|	[Update Price by Queue Delay]: Own price updated to 0

LOG: 2024-01-29T20:34:15.757790235+00:00|	[Incremental Waiting Time Maximum]:	0.000000 ms.

LOG: 2024-01-29T20:34:15.961606685+00:00|	[Update Price by Queue Delay]: Own price updated to 0

LOG: 2024-01-29T20:34:15.961648758+00:00|	[Incremental Waiting Time Maximum]:	0.000000 ms.

LOG: 2024-01-29T20:34:16.165033036+00:00|	[Update Price by Queue Delay]: Own price updated to 0

LOG: 2024-01-29T20:34:16.165072338+00:00|	[Incremental Waiting Time Maximum]:	0.000000 ms.

LOG: 2024-01-29T20:34:16.369192867+00:00|	[Update Price by Queue Delay]: Own price updated to 0

LOG: 2024-01-29T20:34:16.369236354+00:00|	[Incremental Waiting Time Maximum]:	0.020480 ms.

LOG: 2024-01-29T20:34:16.573073477+00:00|	[Update Price by Queue Delay]: Own price updated to 0

LOG: 2024-01-29T20:34:16.573114312+00:00|	[Incremental Waiting Time Maximum]:	0.000000 ms.

LOG: 2024-01-29T20:34:16.776598303+00:00|	[Update Price by Queue Delay]: Own price updated to 0

LOG: 2024-01-29T20:34:16.776638677+00:00|	[Incremental Waiting Time Maximum]:	0.000000 ms.

LOG: 2024-01-29T20:34:16.980384257+00:00|	[Update Price by Queue Delay]: Own price updated to 0

LOG: 2024-01-29T20:34:16.980426009+00:00|	[Incremental Waiting Time Maximum]:	0.000000 ms.

LOG: 2024-01-29T20:34:17.184349354+00:00|	[Update Price by Queue Delay]: Own price updated to 0

LOG: 2024-01-29T20:34:17.184389157+00:00|	[Incremental Waiting Time Maximum]:	0.000000 ms.

LOG: 2024-01-29T20:34:17.388244418+00:00|	[Update Price by Queue Delay]: Own price updated to 0

LOG: 2024-01-29T20:34:17.388327842+00:00|	[Incremental Waiting Time Maximum]:	0.000000 ms.

LOG: 2024-01-29T20:34:17.592102971+00:00|	[Update Price by Queue Delay]: Own price updated to 0

LOG: 2024-01-29T20:34:17.59214123+00:00|	[Incremental Waiting Time Maximum]:	0.000000 ms.

LOG: 2024-01-29T20:34:17.796042238+00:00|	[Update Price by Queue Delay]: Own price updated to 0

LOG: 2024-01-29T20:34:17.796080813+00:00|	[Incremental Waiting Time Maximum]:	0.000000 ms.

LOG: 2024-01-29T20:34:17.999806286+00:00|	[Update Price by Queue Delay]: Own price updated to 0

LOG: 2024-01-29T20:34:17.999845472+00:00|	[Incremental Waiting Time Maximum]:	0.000000 ms.

LOG: 2024-01-29T20:34:18.203763344+00:00|	[Update Price by Queue Delay]: Own price updated to 0

LOG: 2024-01-29T20:34:18.203801999+00:00|	[Incremental Waiting Time Maximum]:	0.012288 ms.

LOG: 2024-01-29T20:34:18.407594739+00:00|	[Update Price by Queue Delay]: Own price updated to 0

LOG: 2024-01-29T20:34:18.407633279+00:00|	[Incremental Waiting Time Maximum]:	0.000000 ms.

LOG: 2024-01-29T20:34:18.611494189+00:00|	[Update Price by Queue Delay]: Own price updated to 0

LOG: 2024-01-29T20:34:18.611532748+00:00|	[Incremental Waiting Time Maximum]:	0.000000 ms.

LOG: 2024-01-29T20:34:18.81536677+00:00|	[Update Price by Queue Delay]: Own price updated to 0

LOG: 2024-01-29T20:34:18.815405199+00:00|	[Incremental Waiting Time Maximum]:	0.000000 ms.

LOG: 2024-01-29T20:34:19.019059867+00:00|	[Update Price by Queue Delay]: Own price updated to 0

LOG: 2024-01-29T20:34:19.019102341+00:00|	[Incremental Waiting Time Maximum]:	0.016384 ms.

LOG: 2024-01-29T20:34:19.223780651+00:00|	[Update Price by Queue Delay]: Own price updated to 0

LOG: 2024-01-29T20:34:19.226153114+00:00|	[Incremental Waiting Time Maximum]:	0.000000 ms.

LOG: 2024-01-29T20:34:19.427205669+00:00|	[Update Price by Queue Delay]: Own price updated to 0

LOG: 2024-01-29T20:34:19.427244028+00:00|	[Incremental Waiting Time Maximum]:	0.000000 ms.

LOG: 2024-01-29T20:34:19.631337428+00:00|	[Update Price by Queue Delay]: Own price updated to 0

LOG: 2024-01-29T20:34:19.631375502+00:00|	[Incremental Waiting Time Maximum]:	0.000000 ms.

LOG: 2024-01-29T20:34:19.835064781+00:00|	[Update Price by Queue Delay]: Own price updated to 0

LOG: 2024-01-29T20:34:19.83510496+00:00|	[Incremental Waiting Time Maximum]:	0.010240 ms.

LOG: 2024-01-29T20:34:20.039080521+00:00|	[Update Price by Queue Delay]: Own price updated to 0

LOG: 2024-01-29T20:34:20.039124217+00:00|	[Incremental Waiting Time Maximum]:	0.000000 ms.

LOG: 2024-01-29T20:34:20.243147535+00:00|	[Update Price by Queue Delay]: Own price updated to 0

LOG: 2024-01-29T20:34:20.243185509+00:00|	[Incremental Waiting Time Maximum]:	0.000000 ms.

LOG: 2024-01-29T20:34:20.446404306+00:00|	[Update Price by Queue Delay]: Own price updated to 0

LOG: 2024-01-29T20:34:20.446449181+00:00|	[Incremental Waiting Time Maximum]:	0.000000 ms.

LOG: 2024-01-29T20:34:20.650350825+00:00|	[Update Price by Queue Delay]: Own price updated to 0

LOG: 2024-01-29T20:34:20.650396371+00:00|	[Incremental Waiting Time Maximum]:	0.012288 ms.

LOG: 2024-01-29T20:34:20.854273487+00:00|	[Update Price by Queue Delay]: Own price updated to 0

LOG: 2024-01-29T20:34:20.854315545+00:00|	[Incremental Waiting Time Maximum]:	0.000000 ms.

LOG: 2024-01-29T20:34:21.057691839+00:00|	[Update Price by Queue Delay]: Own price updated to 0

LOG: 2024-01-29T20:34:21.057733592+00:00|	[Incremental Waiting Time Maximum]:	0.000000 ms.

LOG: 2024-01-29T20:34:21.26177422+00:00|	[Update Price by Queue Delay]: Own price updated to 0

LOG: 2024-01-29T20:34:21.261813251+00:00|	[Incremental Waiting Time Maximum]:	0.000000 ms.

LOG: 2024-01-29T20:34:21.46604131+00:00|	[Update Price by Queue Delay]: Own price updated to 0

LOG: 2024-01-29T20:34:21.466079775+00:00|	[Incremental Waiting Time Maximum]:	0.000000 ms.

LOG: 2024-01-29T20:34:21.669417895+00:00|	[Update Price by Queue Delay]: Own price updated to 0

LOG: 2024-01-29T20:34:21.669455723+00:00|	[Incremental Waiting Time Maximum]:	0.000000 ms.

LOG: 2024-01-29T20:34:21.873166256+00:00|	[Update Price by Queue Delay]: Own price updated to 0

LOG: 2024-01-29T20:34:21.873244784+00:00|	[Incremental Waiting Time Maximum]:	0.000000 ms.

LOG: 2024-01-29T20:34:22.078045309+00:00|	[Update Price by Queue Delay]: Own price updated to 0

LOG: 2024-01-29T20:34:22.078084355+00:00|	[Incremental Waiting Time Maximum]:	0.000000 ms.

LOG: 2024-01-29T20:34:22.281756057+00:00|	[Update Price by Queue Delay]: Own price updated to 0

LOG: 2024-01-29T20:34:22.281798742+00:00|	[Incremental Waiting Time Maximum]:	0.000000 ms.

LOG: 2024-01-29T20:34:22.485609889+00:00|	[Update Price by Queue Delay]: Own price updated to 0

LOG: 2024-01-29T20:34:22.485662267+00:00|	[Incremental Waiting Time Maximum]:	0.000000 ms.

LOG: 2024-01-29T20:34:22.68958088+00:00|	[Update Price by Queue Delay]: Own price updated to 0

LOG: 2024-01-29T20:34:22.689627789+00:00|	[Incremental Waiting Time Maximum]:	0.010240 ms.

LOG: 2024-01-29T20:34:22.893225131+00:00|	[Update Price by Queue Delay]: Own price updated to 0

LOG: 2024-01-29T20:34:22.893295365+00:00|	[Incremental Waiting Time Maximum]:	0.262144 ms.

LOG: 2024-01-29T20:34:23.09693765+00:00|	[Update Price by Queue Delay]: Own price updated to 0

LOG: 2024-01-29T20:34:23.096974663+00:00|	[Incremental Waiting Time Maximum]:	0.065536 ms.

LOG: 2024-01-29T20:34:23.300285098+00:00|	[Update Price by Queue Delay]: Own price updated to 0

LOG: 2024-01-29T20:34:23.300319433+00:00|	[Incremental Waiting Time Maximum]:	0.081920 ms.

LOG: 2024-01-29T20:34:23.504193628+00:00|	[Update Price by Queue Delay]: Own price updated to 0

LOG: 2024-01-29T20:34:23.504239563+00:00|	[Incremental Waiting Time Maximum]:	0.393216 ms.

LOG: 2024-01-29T20:34:23.708263942+00:00|	[Update Price by Queue Delay]: Own price updated to 0

LOG: 2024-01-29T20:34:23.708313079+00:00|	[Incremental Waiting Time Maximum]:	0.032768 ms.

LOG: 2024-01-29T20:34:23.912166869+00:00|	[Update Price by Queue Delay]: Own price updated to 0

LOG: 2024-01-29T20:34:23.912209559+00:00|	[Incremental Waiting Time Maximum]:	0.049152 ms.

LOG: 2024-01-29T20:34:24.116240036+00:00|	[Update Price by Queue Delay]: Own price updated to 0

LOG: 2024-01-29T20:34:24.11627608+00:00|	[Incremental Waiting Time Maximum]:	0.229376 ms.

LOG: 2024-01-29T20:34:24.319756444+00:00|	[Update Price by Queue Delay]: Own price updated to 0

LOG: 2024-01-29T20:34:24.319790947+00:00|	[Incremental Waiting Time Maximum]:	0.065536 ms.

LOG: 2024-01-29T20:34:24.523951652+00:00|	[Update Price by Queue Delay]: Own price updated to 0

LOG: 2024-01-29T20:34:24.523999309+00:00|	[Incremental Waiting Time Maximum]:	0.327680 ms.

LOG: 2024-01-29T20:34:24.72751184+00:00|	[Update Price by Queue Delay]: Own price updated to 0

LOG: 2024-01-29T20:34:24.727784133+00:00|	[Incremental Waiting Time Maximum]:	0.098304 ms.

LOG: 2024-01-29T20:34:24.931350539+00:00|	[Update Price by Queue Delay]: Own price updated to 0

LOG: 2024-01-29T20:34:24.931394231+00:00|	[Incremental Waiting Time Maximum]:	0.131072 ms.

LOG: 2024-01-29T20:34:25.135387131+00:00|	[Update Price by Queue Delay]: Own price updated to 0

LOG: 2024-01-29T20:34:25.135429846+00:00|	[Incremental Waiting Time Maximum]:	0.065536 ms.

LOG: 2024-01-29T20:34:25.339215016+00:00|	[Update Price by Queue Delay]: Own price updated to 0

LOG: 2024-01-29T20:34:25.339282302+00:00|	[Incremental Waiting Time Maximum]:	0.229376 ms.

LOG: 2024-01-29T20:34:25.543008935+00:00|	[Update Price by Queue Delay]: Own price updated to 0

LOG: 2024-01-29T20:34:25.543041701+00:00|	[Incremental Waiting Time Maximum]:	0.098304 ms.

LOG: 2024-01-29T20:34:25.746963843+00:00|	[Update Price by Queue Delay]: Own price updated to 0

LOG: 2024-01-29T20:34:25.747008804+00:00|	[Incremental Waiting Time Maximum]:	0.458752 ms.

LOG: 2024-01-29T20:34:25.950890331+00:00|	[Update Price by Queue Delay]: Own price updated to 0

LOG: 2024-01-29T20:34:25.950961444+00:00|	[Incremental Waiting Time Maximum]:	0.524288 ms.

LOG: 2024-01-29T20:34:26.154730072+00:00|	[Update Price by Queue Delay]: Own price updated to 38

LOG: 2024-01-29T20:34:26.154767267+00:00|	[Incremental Waiting Time Maximum]:	0.393216 ms.

LOG: 2024-01-29T20:34:26.359463471+00:00|	[Update Price by Queue Delay]: Own price updated to 32

LOG: 2024-01-29T20:34:26.359514826+00:00|	[Incremental Waiting Time Maximum]:	0.131072 ms.

LOG: 2024-01-29T20:34:26.562390277+00:00|	[Update Price by Queue Delay]: Own price updated to 23

LOG: 2024-01-29T20:34:26.562435437+00:00|	[Incremental Waiting Time Maximum]:	0.327680 ms.

LOG: 2024-01-29T20:34:26.766279992+00:00|	[Update Price by Queue Delay]: Own price updated to 13

LOG: 2024-01-29T20:34:26.766320964+00:00|	[Incremental Waiting Time Maximum]:	0.196608 ms.

LOG: 2024-01-29T20:34:26.970218346+00:00|	[Update Price by Queue Delay]: Own price updated to 34

LOG: 2024-01-29T20:34:26.970263798+00:00|	[Incremental Waiting Time Maximum]:	6.291456 ms.

LOG: 2024-01-29T20:34:27.175061231+00:00|	[Update Price by Queue Delay]: Own price updated to 22

LOG: 2024-01-29T20:34:27.175099939+00:00|	[Incremental Waiting Time Maximum]:	0.081920 ms.

LOG: 2024-01-29T20:34:27.378335142+00:00|	[Update Price by Queue Delay]: Own price updated to 10

LOG: 2024-01-29T20:34:27.378376466+00:00|	[Incremental Waiting Time Maximum]:	0.393216 ms.

LOG: 2024-01-29T20:34:27.582632996+00:00|	[Update Price by Queue Delay]: Own price updated to 0

LOG: 2024-01-29T20:34:27.582676435+00:00|	[Incremental Waiting Time Maximum]:	2.097152 ms.

LOG: 2024-01-29T20:34:27.785662141+00:00|	[Update Price by Queue Delay]: Own price updated to 0

LOG: 2024-01-29T20:34:27.785700568+00:00|	[Incremental Waiting Time Maximum]:	0.196608 ms.

LOG: 2024-01-29T20:34:27.989529653+00:00|	[Update Price by Queue Delay]: Own price updated to 0

LOG: 2024-01-29T20:34:27.989560473+00:00|	[Incremental Waiting Time Maximum]:	2.097152 ms.

LOG: 2024-01-29T20:34:28.193478518+00:00|	[Update Price by Queue Delay]: Own price updated to 0

LOG: 2024-01-29T20:34:28.193517962+00:00|	[Incremental Waiting Time Maximum]:	0.065536 ms.

LOG: 2024-01-29T20:34:28.39740154+00:00|	[Update Price by Queue Delay]: Own price updated to 2

LOG: 2024-01-29T20:34:28.397441555+00:00|	[Incremental Waiting Time Maximum]:	0.327680 ms.

LOG: 2024-01-29T20:34:28.602080753+00:00|	[Update Price by Queue Delay]: Own price updated to 0

LOG: 2024-01-29T20:34:28.602128328+00:00|	[Incremental Waiting Time Maximum]:	1.835008 ms.

LOG: 2024-01-29T20:34:28.805048649+00:00|	[Update Price by Queue Delay]: Own price updated to 0

LOG: 2024-01-29T20:34:28.805086174+00:00|	[Incremental Waiting Time Maximum]:	0.114688 ms.

LOG: 2024-01-29T20:34:29.008957542+00:00|	[Update Price by Queue Delay]: Own price updated to 0

LOG: 2024-01-29T20:34:29.008986429+00:00|	[Incremental Waiting Time Maximum]:	0.327680 ms.

LOG: 2024-01-29T20:34:29.212809875+00:00|	[Update Price by Queue Delay]: Own price updated to 0

LOG: 2024-01-29T20:34:29.212857751+00:00|	[Incremental Waiting Time Maximum]:	0.393216 ms.

LOG: 2024-01-29T20:34:29.416785358+00:00|	[Update Price by Queue Delay]: Own price updated to 0

LOG: 2024-01-29T20:34:29.416825291+00:00|	[Incremental Waiting Time Maximum]:	0.081920 ms.

LOG: 2024-01-29T20:34:29.620910287+00:00|	[Update Price by Queue Delay]: Own price updated to 0

LOG: 2024-01-29T20:34:29.620962333+00:00|	[Incremental Waiting Time Maximum]:	0.000000 ms.

LOG: 2024-01-29T20:34:29.824879427+00:00|	[Update Price by Queue Delay]: Own price updated to 0

LOG: 2024-01-29T20:34:29.824919606+00:00|	[Incremental Waiting Time Maximum]:	0.000000 ms.

LOG: 2024-01-29T20:34:30.028884747+00:00|	[Update Price by Queue Delay]: Own price updated to 0

LOG: 2024-01-29T20:34:30.028923733+00:00|	[Incremental Waiting Time Maximum]:	0.000000 ms.

LOG: 2024-01-29T20:34:30.232589702+00:00|	[Update Price by Queue Delay]: Own price updated to 0

LOG: 2024-01-29T20:34:30.232639834+00:00|	[Incremental Waiting Time Maximum]:	0.000000 ms.

LOG: 2024-01-29T20:34:30.436609323+00:00|	[Update Price by Queue Delay]: Own price updated to 0

LOG: 2024-01-29T20:34:30.436636086+00:00|	[Incremental Waiting Time Maximum]:	0.005120 ms.

LOG: 2024-01-29T20:34:30.640767296+00:00|	[Update Price by Queue Delay]: Own price updated to 0

LOG: 2024-01-29T20:34:30.640854153+00:00|	[Incremental Waiting Time Maximum]:	0.000000 ms.

LOG: 2024-01-29T20:34:30.844241462+00:00|	[Update Price by Queue Delay]: Own price updated to 0

LOG: 2024-01-29T20:34:30.844289108+00:00|	[Incremental Waiting Time Maximum]:	0.000000 ms.

LOG: 2024-01-29T20:34:31.048199808+00:00|	[Update Price by Queue Delay]: Own price updated to 0

LOG: 2024-01-29T20:34:31.048244452+00:00|	[Incremental Waiting Time Maximum]:	0.000000 ms.

LOG: 2024-01-29T20:34:31.252310904+00:00|	[Update Price by Queue Delay]: Own price updated to 0

LOG: 2024-01-29T20:34:31.252351098+00:00|	[Incremental Waiting Time Maximum]:	0.000000 ms.

LOG: 2024-01-29T20:34:31.456031972+00:00|	[Update Price by Queue Delay]: Own price updated to 0

LOG: 2024-01-29T20:34:31.456070697+00:00|	[Incremental Waiting Time Maximum]:	0.000000 ms.

LOG: 2024-01-29T20:34:31.659838202+00:00|	[Update Price by Queue Delay]: Own price updated to 0

LOG: 2024-01-29T20:34:31.659876887+00:00|	[Incremental Waiting Time Maximum]:	0.000000 ms.

LOG: 2024-01-29T20:34:31.863715814+00:00|	[Update Price by Queue Delay]: Own price updated to 0

LOG: 2024-01-29T20:34:31.86375473+00:00|	[Incremental Waiting Time Maximum]:	0.000000 ms.

LOG: 2024-01-29T20:34:32.06762052+00:00|	[Update Price by Queue Delay]: Own price updated to 0

LOG: 2024-01-29T20:34:32.067662578+00:00|	[Incremental Waiting Time Maximum]:	0.000000 ms.

LOG: 2024-01-29T20:34:32.271294061+00:00|	[Update Price by Queue Delay]: Own price updated to 0

LOG: 2024-01-29T20:34:32.271333654+00:00|	[Incremental Waiting Time Maximum]:	0.000000 ms.

LOG: 2024-01-29T20:34:32.476021204+00:00|	[Update Price by Queue Delay]: Own price updated to 0

LOG: 2024-01-29T20:34:32.476061267+00:00|	[Incremental Waiting Time Maximum]:	0.000000 ms.

LOG: 2024-01-29T20:34:32.679886573+00:00|	[Update Price by Queue Delay]: Own price updated to 0

LOG: 2024-01-29T20:34:32.679925243+00:00|	[Incremental Waiting Time Maximum]:	0.000000 ms.

LOG: 2024-01-29T20:34:32.883392714+00:00|	[Update Price by Queue Delay]: Own price updated to 0

LOG: 2024-01-29T20:34:32.883431023+00:00|	[Incremental Waiting Time Maximum]:	0.000000 ms.

LOG: 2024-01-29T20:34:33.08723362+00:00|	[Update Price by Queue Delay]: Own price updated to 0

LOG: 2024-01-29T20:34:33.087272391+00:00|	[Incremental Waiting Time Maximum]:	0.012288 ms.

LOG: 2024-01-29T20:34:33.291224511+00:00|	[Update Price by Queue Delay]: Own price updated to 0

LOG: 2024-01-29T20:34:33.29126255+00:00|	[Incremental Waiting Time Maximum]:	0.000000 ms.

LOG: 2024-01-29T20:34:33.495129953+00:00|	[Update Price by Queue Delay]: Own price updated to 0

LOG: 2024-01-29T20:34:33.495168984+00:00|	[Incremental Waiting Time Maximum]:	0.000000 ms.

LOG: 2024-01-29T20:34:33.699041434+00:00|	[Update Price by Queue Delay]: Own price updated to 0

LOG: 2024-01-29T20:34:33.699079759+00:00|	[Incremental Waiting Time Maximum]:	0.000000 ms.

LOG: 2024-01-29T20:34:33.902365886+00:00|	[Update Price by Queue Delay]: Own price updated to 0

LOG: 2024-01-29T20:34:33.902403905+00:00|	[Incremental Waiting Time Maximum]:	0.000000 ms.

LOG: 2024-01-29T20:34:34.106448271+00:00|	[Update Price by Queue Delay]: Own price updated to 0

LOG: 2024-01-29T20:34:34.106487403+00:00|	[Incremental Waiting Time Maximum]:	0.000000 ms.

LOG: 2024-01-29T20:34:34.310179151+00:00|	[Update Price by Queue Delay]: Own price updated to 0

LOG: 2024-01-29T20:34:34.310221465+00:00|	[Incremental Waiting Time Maximum]:	0.000000 ms.

LOG: 2024-01-29T20:34:34.514475459+00:00|	[Update Price by Queue Delay]: Own price updated to 0

LOG: 2024-01-29T20:34:34.514521296+00:00|	[Incremental Waiting Time Maximum]:	0.000000 ms.

LOG: 2024-01-29T20:34:34.718675072+00:00|	[Update Price by Queue Delay]: Own price updated to 0

LOG: 2024-01-29T20:34:34.718722427+00:00|	[Incremental Waiting Time Maximum]:	0.000000 ms.

LOG: 2024-01-29T20:34:34.922600675+00:00|	[Update Price by Queue Delay]: Own price updated to 0

LOG: 2024-01-29T20:34:34.92263927+00:00|	[Incremental Waiting Time Maximum]:	0.000000 ms.

LOG: 2024-01-29T20:34:35.126489634+00:00|	[Update Price by Queue Delay]: Own price updated to 0

LOG: 2024-01-29T20:34:35.126563887+00:00|	[Incremental Waiting Time Maximum]:	0.012288 ms.

LOG: 2024-01-29T20:34:35.329248362+00:00|	[Update Price by Queue Delay]: Own price updated to 0

LOG: 2024-01-29T20:34:35.329294715+00:00|	[Incremental Waiting Time Maximum]:	0.000000 ms.

LOG: 2024-01-29T20:34:35.533124266+00:00|	[Update Price by Queue Delay]: Own price updated to 0

LOG: 2024-01-29T20:34:35.533170378+00:00|	[Incremental Waiting Time Maximum]:	0.000000 ms.

LOG: 2024-01-29T20:34:35.737640612+00:00|	[Update Price by Queue Delay]: Own price updated to 0

LOG: 2024-01-29T20:34:35.737698557+00:00|	[Incremental Waiting Time Maximum]:	0.000000 ms.

LOG: 2024-01-29T20:34:35.941841657+00:00|	[Update Price by Queue Delay]: Own price updated to 0

LOG: 2024-01-29T20:34:35.941888456+00:00|	[Incremental Waiting Time Maximum]:	0.000000 ms.

LOG: 2024-01-29T20:34:36.145244909+00:00|	[Update Price by Queue Delay]: Own price updated to 0

LOG: 2024-01-29T20:34:36.145293632+00:00|	[Incremental Waiting Time Maximum]:	0.000000 ms.

LOG: 2024-01-29T20:34:36.349062611+00:00|	[Update Price by Queue Delay]: Own price updated to 0

LOG: 2024-01-29T20:34:36.349110422+00:00|	[Incremental Waiting Time Maximum]:	0.000000 ms.

LOG: 2024-01-29T20:34:36.552794137+00:00|	[Update Price by Queue Delay]: Own price updated to 0

LOG: 2024-01-29T20:34:36.55283597+00:00|	[Incremental Waiting Time Maximum]:	0.000000 ms.

LOG: 2024-01-29T20:34:36.756800454+00:00|	[Update Price by Queue Delay]: Own price updated to 0

LOG: 2024-01-29T20:34:36.756839244+00:00|	[Incremental Waiting Time Maximum]:	0.000000 ms.

LOG: 2024-01-29T20:34:36.96064551+00:00|	[Update Price by Queue Delay]: Own price updated to 0

LOG: 2024-01-29T20:34:36.96068414+00:00|	[Incremental Waiting Time Maximum]:	0.000000 ms.

LOG: 2024-01-29T20:34:37.164434595+00:00|	[Update Price by Queue Delay]: Own price updated to 0

LOG: 2024-01-29T20:34:37.164474453+00:00|	[Incremental Waiting Time Maximum]:	0.000000 ms.

LOG: 2024-01-29T20:34:37.368972115+00:00|	[Update Price by Queue Delay]: Own price updated to 0

LOG: 2024-01-29T20:34:37.369016439+00:00|	[Incremental Waiting Time Maximum]:	0.000000 ms.

LOG: 2024-01-29T20:34:37.572653389+00:00|	[Update Price by Queue Delay]: Own price updated to 0

LOG: 2024-01-29T20:34:37.57269447+00:00|	[Incremental Waiting Time Maximum]:	0.000000 ms.

LOG: 2024-01-29T20:34:37.776441949+00:00|	[Update Price by Queue Delay]: Own price updated to 0

LOG: 2024-01-29T20:34:37.77648095+00:00|	[Incremental Waiting Time Maximum]:	0.000000 ms.

LOG: 2024-01-29T20:34:37.980466143+00:00|	[Update Price by Queue Delay]: Own price updated to 0

LOG: 2024-01-29T20:34:37.980504888+00:00|	[Incremental Waiting Time Maximum]:	0.000000 ms.

LOG: 2024-01-29T20:34:38.184235286+00:00|	[Update Price by Queue Delay]: Own price updated to 0

LOG: 2024-01-29T20:34:38.184273671+00:00|	[Incremental Waiting Time Maximum]:	0.000000 ms.

LOG: 2024-01-29T20:34:38.38812224+00:00|	[Update Price by Queue Delay]: Own price updated to 0

LOG: 2024-01-29T20:34:38.38816111+00:00|	[Incremental Waiting Time Maximum]:	0.000000 ms.

LOG: 2024-01-29T20:34:38.592056488+00:00|	[Update Price by Queue Delay]: Own price updated to 0

LOG: 2024-01-29T20:34:38.592098356+00:00|	[Incremental Waiting Time Maximum]:	0.000000 ms.

LOG: 2024-01-29T20:34:38.795954824+00:00|	[Update Price by Queue Delay]: Own price updated to 0

LOG: 2024-01-29T20:34:38.795992878+00:00|	[Incremental Waiting Time Maximum]:	0.000000 ms.

LOG: 2024-01-29T20:34:39.000124822+00:00|	[Update Price by Queue Delay]: Own price updated to 0

LOG: 2024-01-29T20:34:39.000165101+00:00|	[Incremental Waiting Time Maximum]:	0.000000 ms.

LOG: 2024-01-29T20:34:39.203974133+00:00|	[Update Price by Queue Delay]: Own price updated to 0

LOG: 2024-01-29T20:34:39.204012517+00:00|	[Incremental Waiting Time Maximum]:	0.000000 ms.

LOG: 2024-01-29T20:34:39.406832334+00:00|	[Update Price by Queue Delay]: Own price updated to 0

LOG: 2024-01-29T20:34:39.406900403+00:00|	[Incremental Waiting Time Maximum]:	0.000000 ms.

LOG: 2024-01-29T20:34:39.61111773+00:00|	[Update Price by Queue Delay]: Own price updated to 0

LOG: 2024-01-29T20:34:39.611156631+00:00|	[Incremental Waiting Time Maximum]:	0.000000 ms.

LOG: 2024-01-29T20:34:39.815727163+00:00|	[Update Price by Queue Delay]: Own price updated to 0

LOG: 2024-01-29T20:34:39.815765924+00:00|	[Incremental Waiting Time Maximum]:	0.000000 ms.

LOG: 2024-01-29T20:34:40.019553826+00:00|	[Update Price by Queue Delay]: Own price updated to 0

LOG: 2024-01-29T20:34:40.019594105+00:00|	[Incremental Waiting Time Maximum]:	0.000000 ms.

LOG: 2024-01-29T20:34:40.223468138+00:00|	[Update Price by Queue Delay]: Own price updated to 0

LOG: 2024-01-29T20:34:40.22350727+00:00|	[Incremental Waiting Time Maximum]:	0.010240 ms.

LOG: 2024-01-29T20:34:40.426946098+00:00|	[Update Price by Queue Delay]: Own price updated to 0

LOG: 2024-01-29T20:34:40.426993454+00:00|	[Incremental Waiting Time Maximum]:	0.000000 ms.

LOG: 2024-01-29T20:34:40.630353399+00:00|	[Update Price by Queue Delay]: Own price updated to 0

LOG: 2024-01-29T20:34:40.630391412+00:00|	[Incremental Waiting Time Maximum]:	0.000000 ms.

