Service Name:  nginx-web-server
Call Graph of the Service:
map[compose:[compose-post-service] home-timeline:[home-timeline-service] user-timeline:[user-timeline-service]]
Downstreams of the Service:
[compose-post-service home-timeline-service user-timeline-service]
Server Configurations:
[{COMPUTATION_DISTRIBUTION constant} {PROCESS_TIME 7ms} {APP_PORT 50051} {LOG_LEVEL Info} {GREETING Hi Malaka!} {SUBCALL parallel} {PROFILING false}]
Charon Configurations:
[{INTERCEPT charon} {PRICE_UPDATE_RATE 16990us} {TOKEN_UPDATE_RATE 10159us} {LATENCY_THRESHOLD 3128us} {PRICE_STEP 104} {PRICE_STRATEGY proportional} {LAZY_UPDATE true} {RATE_LIMITING true} {LOAD_SHEDDING true} {CHARON_TRACK_PRICE true} {BREAKWATER_SLO 12500us} {BREAKWATER_A 0.001} {BREAKWATER_B 0.02} {BREAKWATER_CLIENT_EXPIRATION 10ms} {BREAKWATER_INITIAL_CREDIT 400} {BREAKWATER_LOAD_SHEDDING true} {BREAKWATER_RTT 1000us} {BREAKWATERD_SLO 12500us} {BREAKWATERD_A 0.001} {BREAKWATERD_B 0.02} {BREAKWATERD_CLIENT_EXPIRATION 10ms} {BREAKWATERD_INITIAL_CREDIT 400} {BREAKWATERD_LOAD_SHEDDING true} {BREAKWATERD_RTT 1000us} {DAGOR_QUEUING_THRESHOLD 2ms} {DAGOR_ALPHA 0.05} {DAGOR_BETA 0.01} {DAGOR_ADMISSION_LEVEL_UPDATE_INTERVAL 10ms} {DAGOR_UMAX 20}]
Price Update Rate: 16.99ms
Latency Threshold: 3.128ms
Price Step: 104
Price Strategy: proportional
Intercept: charon
Lazy Update: true
Rate Limiting: true
Load Shedding: true
Charon Track Price: true
Breakwater SLO: 12.5ms
Breakwater Client Timeout: 10ms
Breakwater Initial Credit: 400
Breakwater A: 0.001
Breakwater B: 0.02
Breakwater Load Shedding: true
Breakwater RTT: 1ms
BreakwaterD SLO: 12.5ms
BreakwaterD Client Timeout: 10ms
BreakwaterD Initial Credit: 400
BreakwaterD A: 0.001
BreakwaterD B: 0.02
BreakwaterD Load Shedding: true
BreakwaterD RTT: 1ms
Dagor Queuing Threshold: 2ms
Dagor Alpha: 0.05
Dagor Beta: 0.01
Dagor Admission Level Update Interval: 10ms
Dagor Umax: 20
Computation Distribution: constant
Process Time: 7ms
Address Listening on: 0.0.0.0:50051
Greeting Message: Hi Malaka!
Log Level: Info
Subcall Pattern: parallel
{"function":"run","level":"info","line":"652","msg":"Charon Config: map[debug:false guidePrice:-1 initprice:0 latencyThreshold:3.128ms lazyResponse:true loadShedding:true pinpointLatency:false pinpointQueuing:true pinpointThroughput:false priceAggregation:maximal priceStep:104 priceStrategy:proportional priceUpdateRate:16.99ms rateLimiting:true recordPrice:true]","time":"2024-01-29T20:34:17Z"}
LOG: 2024-01-29T20:34:18.130245343+00:00|	[Update Price by Queue Delay]: Own price updated to 0

LOG: 2024-01-29T20:34:18.130306135+00:00|	[Incremental Waiting Time Maximum]:	0.012288 ms.

LOG: 2024-01-29T20:34:18.333097585+00:00|	[Update Price by Queue Delay]: Own price updated to 0

LOG: 2024-01-29T20:34:18.333159314+00:00|	[Incremental Waiting Time Maximum]:	0.000000 ms.

LOG: 2024-01-29T20:34:18.537920353+00:00|	[Update Price by Queue Delay]: Own price updated to 0

LOG: 2024-01-29T20:34:18.537956657+00:00|	[Incremental Waiting Time Maximum]:	0.000000 ms.

LOG: 2024-01-29T20:34:18.74186407+00:00|	[Update Price by Queue Delay]: Own price updated to 0

LOG: 2024-01-29T20:34:18.741907461+00:00|	[Incremental Waiting Time Maximum]:	0.000000 ms.

LOG: 2024-01-29T20:34:18.945710621+00:00|	[Update Price by Queue Delay]: Own price updated to 0

LOG: 2024-01-29T20:34:18.945754072+00:00|	[Incremental Waiting Time Maximum]:	0.010240 ms.

LOG: 2024-01-29T20:34:19.149169554+00:00|	[Update Price by Queue Delay]: Own price updated to 0

LOG: 2024-01-29T20:34:19.149207813+00:00|	[Incremental Waiting Time Maximum]:	0.000000 ms.

LOG: 2024-01-29T20:34:19.353441033+00:00|	[Update Price by Queue Delay]: Own price updated to 0

LOG: 2024-01-29T20:34:19.353488428+00:00|	[Incremental Waiting Time Maximum]:	0.000000 ms.

LOG: 2024-01-29T20:34:19.556396972+00:00|	[Update Price by Queue Delay]: Own price updated to 0

LOG: 2024-01-29T20:34:19.556438725+00:00|	[Incremental Waiting Time Maximum]:	0.000000 ms.

LOG: 2024-01-29T20:34:19.761159053+00:00|	[Update Price by Queue Delay]: Own price updated to 0

LOG: 2024-01-29T20:34:19.761198726+00:00|	[Incremental Waiting Time Maximum]:	0.000000 ms.

LOG: 2024-01-29T20:34:19.964803543+00:00|	[Update Price by Queue Delay]: Own price updated to 0

LOG: 2024-01-29T20:34:19.964850954+00:00|	[Incremental Waiting Time Maximum]:	0.000000 ms.

LOG: 2024-01-29T20:34:20.168797742+00:00|	[Update Price by Queue Delay]: Own price updated to 0

LOG: 2024-01-29T20:34:20.168842336+00:00|	[Incremental Waiting Time Maximum]:	0.010240 ms.

LOG: 2024-01-29T20:34:20.372281133+00:00|	[Update Price by Queue Delay]: Own price updated to 0

LOG: 2024-01-29T20:34:20.372320179+00:00|	[Incremental Waiting Time Maximum]:	0.000000 ms.

LOG: 2024-01-29T20:34:20.57629397+00:00|	[Update Price by Queue Delay]: Own price updated to 0

LOG: 2024-01-29T20:34:20.57632256+00:00|	[Incremental Waiting Time Maximum]:	0.000000 ms.

LOG: 2024-01-29T20:34:20.7807458+00:00|	[Update Price by Queue Delay]: Own price updated to 0

LOG: 2024-01-29T20:34:20.780784009+00:00|	[Incremental Waiting Time Maximum]:	0.000000 ms.

LOG: 2024-01-29T20:34:20.983503622+00:00|	[Update Price by Queue Delay]: Own price updated to 0

LOG: 2024-01-29T20:34:20.983552792+00:00|	[Incremental Waiting Time Maximum]:	0.000000 ms.

LOG: 2024-01-29T20:34:21.188409944+00:00|	[Update Price by Queue Delay]: Own price updated to 0

LOG: 2024-01-29T20:34:21.188448057+00:00|	[Incremental Waiting Time Maximum]:	0.000000 ms.

LOG: 2024-01-29T20:34:21.391387508+00:00|	[Update Price by Queue Delay]: Own price updated to 0

LOG: 2024-01-29T20:34:21.391426142+00:00|	[Incremental Waiting Time Maximum]:	0.000000 ms.

LOG: 2024-01-29T20:34:21.595515228+00:00|	[Update Price by Queue Delay]: Own price updated to 0

LOG: 2024-01-29T20:34:21.595554199+00:00|	[Incremental Waiting Time Maximum]:	0.000000 ms.

LOG: 2024-01-29T20:34:21.799689206+00:00|	[Update Price by Queue Delay]: Own price updated to 0

LOG: 2024-01-29T20:34:21.799727931+00:00|	[Incremental Waiting Time Maximum]:	0.000000 ms.

LOG: 2024-01-29T20:34:22.003554665+00:00|	[Update Price by Queue Delay]: Own price updated to 0

LOG: 2024-01-29T20:34:22.003597074+00:00|	[Incremental Waiting Time Maximum]:	0.000000 ms.

LOG: 2024-01-29T20:34:22.20754045+00:00|	[Update Price by Queue Delay]: Own price updated to 0

LOG: 2024-01-29T20:34:22.207579977+00:00|	[Incremental Waiting Time Maximum]:	0.000000 ms.

LOG: 2024-01-29T20:34:22.411451745+00:00|	[Update Price by Queue Delay]: Own price updated to 0

LOG: 2024-01-29T20:34:22.411494751+00:00|	[Incremental Waiting Time Maximum]:	0.000000 ms.

LOG: 2024-01-29T20:34:22.614541397+00:00|	[Update Price by Queue Delay]: Own price updated to 18

LOG: 2024-01-29T20:34:22.614577888+00:00|	[Incremental Waiting Time Maximum]:	4.194304 ms.

LOG: 2024-01-29T20:34:22.82113441+00:00|	[Update Price by Queue Delay]: Own price updated to 8

LOG: 2024-01-29T20:34:22.821198623+00:00|	[Incremental Waiting Time Maximum]:	0.393216 ms.

LOG: 2024-01-29T20:34:23.022304795+00:00|	[Update Price by Queue Delay]: Own price updated to 0

LOG: 2024-01-29T20:34:23.022399217+00:00|	[Incremental Waiting Time Maximum]:	0.196608 ms.

LOG: 2024-01-29T20:34:23.226572897+00:00|	[Update Price by Queue Delay]: Own price updated to 0

LOG: 2024-01-29T20:34:23.226610286+00:00|	[Incremental Waiting Time Maximum]:	0.458752 ms.

LOG: 2024-01-29T20:34:23.430043221+00:00|	[Update Price by Queue Delay]: Own price updated to 0

LOG: 2024-01-29T20:34:23.430080097+00:00|	[Incremental Waiting Time Maximum]:	1.048576 ms.

LOG: 2024-01-29T20:34:23.6344371+00:00|	[Update Price by Queue Delay]: Own price updated to 742

LOG: 2024-01-29T20:34:23.634473159+00:00|	[Incremental Waiting Time Maximum]:	14.680064 ms.

LOG: 2024-01-29T20:34:23.837834077+00:00|	[Update Price by Queue Delay]: Own price updated to 742

LOG: 2024-01-29T20:34:23.837870292+00:00|	[Incremental Waiting Time Maximum]:	0.081920 ms.

LOG: 2024-01-29T20:34:24.041851026+00:00|	[Update Price by Queue Delay]: Own price updated to 730

LOG: 2024-01-29T20:34:24.041891394+00:00|	[Incremental Waiting Time Maximum]:	0.081920 ms.

LOG: 2024-01-29T20:34:24.245557838+00:00|	[Update Price by Queue Delay]: Own price updated to 731

LOG: 2024-01-29T20:34:24.245616598+00:00|	[Incremental Waiting Time Maximum]:	0.163840 ms.

LOG: 2024-01-29T20:34:24.449445618+00:00|	[Update Price by Queue Delay]: Own price updated to 719

LOG: 2024-01-29T20:34:24.449488281+00:00|	[Incremental Waiting Time Maximum]:	0.393216 ms.

LOG: 2024-01-29T20:34:24.653436088+00:00|	[Update Price by Queue Delay]: Own price updated to 707

LOG: 2024-01-29T20:34:24.653466437+00:00|	[Incremental Waiting Time Maximum]:	0.458752 ms.

LOG: 2024-01-29T20:34:24.857216317+00:00|	[Update Price by Queue Delay]: Own price updated to 695

LOG: 2024-01-29T20:34:24.857247466+00:00|	[Incremental Waiting Time Maximum]:	0.327680 ms.

LOG: 2024-01-29T20:34:25.061117628+00:00|	[Update Price by Queue Delay]: Own price updated to 683

LOG: 2024-01-29T20:34:25.061152373+00:00|	[Incremental Waiting Time Maximum]:	0.114688 ms.

LOG: 2024-01-29T20:34:25.26511551+00:00|	[Update Price by Queue Delay]: Own price updated to 671

LOG: 2024-01-29T20:34:25.266306784+00:00|	[Incremental Waiting Time Maximum]:	0.393216 ms.

LOG: 2024-01-29T20:34:25.468841508+00:00|	[Update Price by Queue Delay]: Own price updated to 659

LOG: 2024-01-29T20:34:25.468913033+00:00|	[Incremental Waiting Time Maximum]:	0.163840 ms.

LOG: 2024-01-29T20:34:25.67294538+00:00|	[Update Price by Queue Delay]: Own price updated to 814

LOG: 2024-01-29T20:34:25.672983743+00:00|	[Incremental Waiting Time Maximum]:	0.917504 ms.

LOG: 2024-01-29T20:34:25.876651738+00:00|	[Update Price by Queue Delay]: Own price updated to 803

LOG: 2024-01-29T20:34:25.876707803+00:00|	[Incremental Waiting Time Maximum]:	1.048576 ms.

LOG: 2024-01-29T20:34:26.080546439+00:00|	[Update Price by Queue Delay]: Own price updated to 864

LOG: 2024-01-29T20:34:26.080592276+00:00|	[Incremental Waiting Time Maximum]:	0.327680 ms.

LOG: 2024-01-29T20:34:26.2844008+00:00|	[Update Price by Queue Delay]: Own price updated to 1108

LOG: 2024-01-29T20:34:26.284435046+00:00|	[Incremental Waiting Time Maximum]:	0.262144 ms.

LOG: 2024-01-29T20:34:26.490193119+00:00|	[Update Price by Queue Delay]: Own price updated to 1909

LOG: 2024-01-29T20:34:26.490231917+00:00|	[Incremental Waiting Time Maximum]:	16.777216 ms.

LOG: 2024-01-29T20:34:26.692533801+00:00|	[Update Price by Queue Delay]: Own price updated to 2035

LOG: 2024-01-29T20:34:26.692586436+00:00|	[Incremental Waiting Time Maximum]:	1.572864 ms.

LOG: 2024-01-29T20:34:26.896178988+00:00|	[Update Price by Queue Delay]: Own price updated to 2024

LOG: 2024-01-29T20:34:26.896216979+00:00|	[Incremental Waiting Time Maximum]:	0.262144 ms.

LOG: 2024-01-29T20:34:27.099889658+00:00|	[Update Price by Queue Delay]: Own price updated to 2014

LOG: 2024-01-29T20:34:27.099924338+00:00|	[Incremental Waiting Time Maximum]:	0.524288 ms.

LOG: 2024-01-29T20:34:27.303750519+00:00|	[Update Price by Queue Delay]: Own price updated to 2003

LOG: 2024-01-29T20:34:27.303799697+00:00|	[Incremental Waiting Time Maximum]:	2.097152 ms.

LOG: 2024-01-29T20:34:27.507701964+00:00|	[Update Price by Queue Delay]: Own price updated to 2345

LOG: 2024-01-29T20:34:27.507742141+00:00|	[Incremental Waiting Time Maximum]:	0.229376 ms.

LOG: 2024-01-29T20:34:27.711558299+00:00|	[Update Price by Queue Delay]: Own price updated to 2333

LOG: 2024-01-29T20:34:27.71158755+00:00|	[Incremental Waiting Time Maximum]:	0.524288 ms.

LOG: 2024-01-29T20:34:27.915406035+00:00|	[Update Price by Queue Delay]: Own price updated to 2333

LOG: 2024-01-29T20:34:27.915436372+00:00|	[Incremental Waiting Time Maximum]:	0.163840 ms.

LOG: 2024-01-29T20:34:28.119805116+00:00|	[Update Price by Queue Delay]: Own price updated to 2322

LOG: 2024-01-29T20:34:28.1198388+00:00|	[Incremental Waiting Time Maximum]:	1.310720 ms.

LOG: 2024-01-29T20:34:28.325955733+00:00|	[Update Price by Queue Delay]: Own price updated to 2312

LOG: 2024-01-29T20:34:28.32599164+00:00|	[Incremental Waiting Time Maximum]:	2.097152 ms.

LOG: 2024-01-29T20:34:28.527139999+00:00|	[Update Price by Queue Delay]: Own price updated to 2469

LOG: 2024-01-29T20:34:28.527194832+00:00|	[Incremental Waiting Time Maximum]:	0.262144 ms.

LOG: 2024-01-29T20:34:28.730914579+00:00|	[Update Price by Queue Delay]: Own price updated to 2457

LOG: 2024-01-29T20:34:28.730950569+00:00|	[Incremental Waiting Time Maximum]:	0.917504 ms.

LOG: 2024-01-29T20:34:28.934835224+00:00|	[Update Price by Queue Delay]: Own price updated to 2446

LOG: 2024-01-29T20:34:28.934870694+00:00|	[Incremental Waiting Time Maximum]:	0.458752 ms.

LOG: 2024-01-29T20:34:29.138681736+00:00|	[Update Price by Queue Delay]: Own price updated to 2434

LOG: 2024-01-29T20:34:29.138711996+00:00|	[Incremental Waiting Time Maximum]:	0.655360 ms.

LOG: 2024-01-29T20:34:29.342616701+00:00|	[Update Price by Queue Delay]: Own price updated to 2425

LOG: 2024-01-29T20:34:29.342658322+00:00|	[Incremental Waiting Time Maximum]:	0.262144 ms.

LOG: 2024-01-29T20:34:29.54651066+00:00|	[Update Price by Queue Delay]: Own price updated to 2413

LOG: 2024-01-29T20:34:29.546540963+00:00|	[Incremental Waiting Time Maximum]:	0.196608 ms.

LOG: 2024-01-29T20:34:29.750662963+00:00|	[Update Price by Queue Delay]: Own price updated to 2401

LOG: 2024-01-29T20:34:29.750707843+00:00|	[Incremental Waiting Time Maximum]:	0.000000 ms.

LOG: 2024-01-29T20:34:29.954451267+00:00|	[Update Price by Queue Delay]: Own price updated to 2389

LOG: 2024-01-29T20:34:29.954490504+00:00|	[Incremental Waiting Time Maximum]:	0.000000 ms.

LOG: 2024-01-29T20:34:30.158590134+00:00|	[Update Price by Queue Delay]: Own price updated to 2377

LOG: 2024-01-29T20:34:30.15863112+00:00|	[Incremental Waiting Time Maximum]:	0.000000 ms.

LOG: 2024-01-29T20:34:30.36302171+00:00|	[Update Price by Queue Delay]: Own price updated to 2365

LOG: 2024-01-29T20:34:30.363071425+00:00|	[Incremental Waiting Time Maximum]:	0.000000 ms.

LOG: 2024-01-29T20:34:30.566504683+00:00|	[Update Price by Queue Delay]: Own price updated to 2353

LOG: 2024-01-29T20:34:30.566536101+00:00|	[Incremental Waiting Time Maximum]:	0.000000 ms.

LOG: 2024-01-29T20:34:30.7698444+00:00|	[Update Price by Queue Delay]: Own price updated to 2341

LOG: 2024-01-29T20:34:30.76989811+00:00|	[Incremental Waiting Time Maximum]:	0.000000 ms.

LOG: 2024-01-29T20:34:30.973734146+00:00|	[Update Price by Queue Delay]: Own price updated to 2329

LOG: 2024-01-29T20:34:30.973797439+00:00|	[Incremental Waiting Time Maximum]:	0.000000 ms.

LOG: 2024-01-29T20:34:31.17767845+00:00|	[Update Price by Queue Delay]: Own price updated to 2317

LOG: 2024-01-29T20:34:31.177720809+00:00|	[Incremental Waiting Time Maximum]:	0.000000 ms.

LOG: 2024-01-29T20:34:31.381692314+00:00|	[Update Price by Queue Delay]: Own price updated to 2305

LOG: 2024-01-29T20:34:31.381733978+00:00|	[Incremental Waiting Time Maximum]:	0.000000 ms.

LOG: 2024-01-29T20:34:31.586270813+00:00|	[Update Price by Queue Delay]: Own price updated to 2293

LOG: 2024-01-29T20:34:31.586319732+00:00|	[Incremental Waiting Time Maximum]:	0.000000 ms.

LOG: 2024-01-29T20:34:31.790141479+00:00|	[Update Price by Queue Delay]: Own price updated to 2281

LOG: 2024-01-29T20:34:31.790191691+00:00|	[Incremental Waiting Time Maximum]:	0.000000 ms.

LOG: 2024-01-29T20:34:31.993776729+00:00|	[Update Price by Queue Delay]: Own price updated to 2269

LOG: 2024-01-29T20:34:31.993827191+00:00|	[Incremental Waiting Time Maximum]:	0.010240 ms.

LOG: 2024-01-29T20:34:32.19760454+00:00|	[Update Price by Queue Delay]: Own price updated to 2257

LOG: 2024-01-29T20:34:32.197644162+00:00|	[Incremental Waiting Time Maximum]:	0.000000 ms.

LOG: 2024-01-29T20:34:32.40157112+00:00|	[Update Price by Queue Delay]: Own price updated to 2245

LOG: 2024-01-29T20:34:32.401611985+00:00|	[Incremental Waiting Time Maximum]:	0.000000 ms.

LOG: 2024-01-29T20:34:32.605478668+00:00|	[Update Price by Queue Delay]: Own price updated to 2233

LOG: 2024-01-29T20:34:32.605518786+00:00|	[Incremental Waiting Time Maximum]:	0.000000 ms.

LOG: 2024-01-29T20:34:32.808899302+00:00|	[Update Price by Queue Delay]: Own price updated to 2221

LOG: 2024-01-29T20:34:32.808946597+00:00|	[Incremental Waiting Time Maximum]:	0.010240 ms.

LOG: 2024-01-29T20:34:33.013131083+00:00|	[Update Price by Queue Delay]: Own price updated to 2209

LOG: 2024-01-29T20:34:33.013217535+00:00|	[Incremental Waiting Time Maximum]:	0.000000 ms.

LOG: 2024-01-29T20:34:33.217060938+00:00|	[Update Price by Queue Delay]: Own price updated to 2197

LOG: 2024-01-29T20:34:33.217109692+00:00|	[Incremental Waiting Time Maximum]:	0.000000 ms.

