Service Name:  ms-21883
Call Graph of the Service:
map[]
Downstreams of the Service:
[]
Server Configurations:
[{COMPUTATION_DISTRIBUTION constant} {PROCESS_TIME 1.2317936507936507ms} {APP_PORT 50051} {LOG_LEVEL Info} {GREETING Hi Malaka!} {SUBCALL parallel} {PROFILING false}]
Charon Configurations:
[{INTERCEPT charon} {PRICE_UPDATE_RATE 9875us} {TOKEN_UPDATE_RATE 21133us} {LATENCY_THRESHOLD 8456us} {PRICE_STEP 136} {PRICE_STRATEGY proportional} {LAZY_UPDATE true} {RATE_LIMITING true} {LOAD_SHEDDING true} {CHARON_TRACK_PRICE true} {BREAKWATER_SLO 12500us} {BREAKWATER_A 0.001} {BREAKWATER_B 0.02} {BREAKWATER_CLIENT_EXPIRATION 10ms} {BREAKWATER_INITIAL_CREDIT 400} {BREAKWATER_LOAD_SHEDDING true} {BREAKWATER_RTT 1000us} {BREAKWATERD_SLO 12500us} {BREAKWATERD_A 0.001} {BREAKWATERD_B 0.02} {BREAKWATERD_CLIENT_EXPIRATION 10ms} {BREAKWATERD_INITIAL_CREDIT 400} {BREAKWATERD_LOAD_SHEDDING true} {BREAKWATERD_RTT 1000us} {DAGOR_QUEUING_THRESHOLD 2ms} {DAGOR_ALPHA 0.05} {DAGOR_BETA 0.01} {DAGOR_ADMISSION_LEVEL_UPDATE_INTERVAL 10ms} {DAGOR_UMAX 20}]
Price Update Rate: 9.875ms
Latency Threshold: 8.456ms
Price Step: 136
Price Strategy: proportional
Intercept: charon
Lazy Update: true
Rate Limiting: true
Load Shedding: true
Charon Track Price: true
Breakwater SLO: 12.5ms
Breakwater Client Timeout: 10ms
Breakwater Initial Credit: 400
Breakwater A: 0.001
Breakwater B: 0.02
Breakwater Load Shedding: true
Breakwater RTT: 1ms
BreakwaterD SLO: 12.5ms
BreakwaterD Client Timeout: 10ms
BreakwaterD Initial Credit: 400
BreakwaterD A: 0.001
BreakwaterD B: 0.02
BreakwaterD Load Shedding: true
BreakwaterD RTT: 1ms
Dagor Queuing Threshold: 2ms
Dagor Alpha: 0.05
Dagor Beta: 0.01
Dagor Admission Level Update Interval: 10ms
Dagor Umax: 20
Computation Distribution: constant
Process Time: 1.231793ms
Address Listening on: 0.0.0.0:50051
Greeting Message: Hi Malaka!
Log Level: Info
Subcall Pattern: parallel
{"function":"run","level":"info","line":"652","msg":"Charon Config: map[debug:false guidePrice:-1 initprice:0 latencyThreshold:8.456ms lazyResponse:true loadShedding:true pinpointLatency:false pinpointQueuing:true pinpointThroughput:false priceAggregation:maximal priceStep:136 priceStrategy:proportional priceUpdateRate:9.875ms rateLimiting:true recordPrice:true]","time":"2024-02-02T15:36:05Z"}
LOG: 2024-02-02T15:36:05.985237851+00:00|	[Update Price by Queue Delay]: Own price updated to 0

LOG: 2024-02-02T15:36:05.985286309+00:00|	[Incremental Waiting Time Maximum]:	0.000000 ms.

LOG: 2024-02-02T15:36:06.191713282+00:00|	[Update Price by Queue Delay]: Own price updated to 0

LOG: 2024-02-02T15:36:06.191775944+00:00|	[Incremental Waiting Time Maximum]:	0.008192 ms.

LOG: 2024-02-02T15:36:06.399042692+00:00|	[Update Price by Queue Delay]: Own price updated to 0

LOG: 2024-02-02T15:36:06.399117921+00:00|	[Incremental Waiting Time Maximum]:	0.000000 ms.

LOG: 2024-02-02T15:36:06.606768726+00:00|	[Update Price by Queue Delay]: Own price updated to 0

LOG: 2024-02-02T15:36:06.606814677+00:00|	[Incremental Waiting Time Maximum]:	0.000000 ms.

LOG: 2024-02-02T15:36:06.814010739+00:00|	[Update Price by Queue Delay]: Own price updated to 0

LOG: 2024-02-02T15:36:06.814070141+00:00|	[Incremental Waiting Time Maximum]:	0.000000 ms.

LOG: 2024-02-02T15:36:07.021650643+00:00|	[Update Price by Queue Delay]: Own price updated to 0

LOG: 2024-02-02T15:36:07.021720806+00:00|	[Incremental Waiting Time Maximum]:	0.000000 ms.

LOG: 2024-02-02T15:36:07.22938774+00:00|	[Update Price by Queue Delay]: Own price updated to 0

LOG: 2024-02-02T15:36:07.229427279+00:00|	[Incremental Waiting Time Maximum]:	0.000000 ms.

LOG: 2024-02-02T15:36:07.436793048+00:00|	[Update Price by Queue Delay]: Own price updated to 0

LOG: 2024-02-02T15:36:07.436836394+00:00|	[Incremental Waiting Time Maximum]:	0.000000 ms.

LOG: 2024-02-02T15:36:07.644380247+00:00|	[Update Price by Queue Delay]: Own price updated to 0

LOG: 2024-02-02T15:36:07.644422576+00:00|	[Incremental Waiting Time Maximum]:	0.000000 ms.

LOG: 2024-02-02T15:36:07.85129448+00:00|	[Update Price by Queue Delay]: Own price updated to 0

LOG: 2024-02-02T15:36:07.851336202+00:00|	[Incremental Waiting Time Maximum]:	0.000000 ms.

LOG: 2024-02-02T15:36:08.058618045+00:00|	[Update Price by Queue Delay]: Own price updated to 0

LOG: 2024-02-02T15:36:08.058663636+00:00|	[Incremental Waiting Time Maximum]:	0.010240 ms.

LOG: 2024-02-02T15:36:08.265487289+00:00|	[Update Price by Queue Delay]: Own price updated to 0

LOG: 2024-02-02T15:36:08.265544798+00:00|	[Incremental Waiting Time Maximum]:	0.000000 ms.

LOG: 2024-02-02T15:36:08.473523593+00:00|	[Update Price by Queue Delay]: Own price updated to 0

LOG: 2024-02-02T15:36:08.473561772+00:00|	[Incremental Waiting Time Maximum]:	0.000000 ms.

LOG: 2024-02-02T15:36:08.681046212+00:00|	[Update Price by Queue Delay]: Own price updated to 0

LOG: 2024-02-02T15:36:08.68108376+00:00|	[Incremental Waiting Time Maximum]:	0.000000 ms.

LOG: 2024-02-02T15:36:08.888464278+00:00|	[Update Price by Queue Delay]: Own price updated to 0

LOG: 2024-02-02T15:36:08.888503189+00:00|	[Incremental Waiting Time Maximum]:	0.000000 ms.

LOG: 2024-02-02T15:36:09.094936221+00:00|	[Update Price by Queue Delay]: Own price updated to 0

LOG: 2024-02-02T15:36:09.094976811+00:00|	[Incremental Waiting Time Maximum]:	0.000000 ms.

LOG: 2024-02-02T15:36:09.302960022+00:00|	[Update Price by Queue Delay]: Own price updated to 0

LOG: 2024-02-02T15:36:09.302998922+00:00|	[Incremental Waiting Time Maximum]:	0.000000 ms.

LOG: 2024-02-02T15:36:09.510323921+00:00|	[Update Price by Queue Delay]: Own price updated to 0

LOG: 2024-02-02T15:36:09.510364245+00:00|	[Incremental Waiting Time Maximum]:	0.000000 ms.

LOG: 2024-02-02T15:36:09.718063581+00:00|	[Update Price by Queue Delay]: Own price updated to 0

LOG: 2024-02-02T15:36:09.718102476+00:00|	[Incremental Waiting Time Maximum]:	0.000000 ms.

LOG: 2024-02-02T15:36:09.924993515+00:00|	[Update Price by Queue Delay]: Own price updated to 0

LOG: 2024-02-02T15:36:09.925031594+00:00|	[Incremental Waiting Time Maximum]:	0.000000 ms.

LOG: 2024-02-02T15:36:10.132429011+00:00|	[Update Price by Queue Delay]: Own price updated to 0

LOG: 2024-02-02T15:36:10.132468588+00:00|	[Incremental Waiting Time Maximum]:	0.010240 ms.

LOG: 2024-02-02T15:36:10.339160719+00:00|	[Update Price by Queue Delay]: Own price updated to 0

LOG: 2024-02-02T15:36:10.339200391+00:00|	[Incremental Waiting Time Maximum]:	0.000000 ms.

LOG: 2024-02-02T15:36:10.547187983+00:00|	[Update Price by Queue Delay]: Own price updated to 0

LOG: 2024-02-02T15:36:10.547226583+00:00|	[Incremental Waiting Time Maximum]:	0.000000 ms.

LOG: 2024-02-02T15:36:10.754951908+00:00|	[Update Price by Queue Delay]: Own price updated to 0

LOG: 2024-02-02T15:36:10.754990849+00:00|	[Incremental Waiting Time Maximum]:	0.000000 ms.

LOG: 2024-02-02T15:36:10.961928832+00:00|	[Update Price by Queue Delay]: Own price updated to 0

LOG: 2024-02-02T15:36:10.961971511+00:00|	[Incremental Waiting Time Maximum]:	0.000000 ms.

LOG: 2024-02-02T15:36:11.16867356+00:00|	[Update Price by Queue Delay]: Own price updated to 0

LOG: 2024-02-02T15:36:11.168713513+00:00|	[Incremental Waiting Time Maximum]:	0.000000 ms.

LOG: 2024-02-02T15:36:11.376685462+00:00|	[Update Price by Queue Delay]: Own price updated to 0

LOG: 2024-02-02T15:36:11.376729049+00:00|	[Incremental Waiting Time Maximum]:	0.000000 ms.

LOG: 2024-02-02T15:36:11.583477992+00:00|	[Update Price by Queue Delay]: Own price updated to 0

LOG: 2024-02-02T15:36:11.583517224+00:00|	[Incremental Waiting Time Maximum]:	0.000000 ms.

LOG: 2024-02-02T15:36:11.791333837+00:00|	[Update Price by Queue Delay]: Own price updated to 0

LOG: 2024-02-02T15:36:11.791372712+00:00|	[Incremental Waiting Time Maximum]:	0.000000 ms.

LOG: 2024-02-02T15:36:11.999054256+00:00|	[Update Price by Queue Delay]: Own price updated to 0

LOG: 2024-02-02T15:36:11.999094114+00:00|	[Incremental Waiting Time Maximum]:	0.000000 ms.

LOG: 2024-02-02T15:36:12.206102741+00:00|	[Update Price by Queue Delay]: Own price updated to 0

LOG: 2024-02-02T15:36:12.206141892+00:00|	[Incremental Waiting Time Maximum]:	0.010240 ms.

LOG: 2024-02-02T15:36:12.413888343+00:00|	[Update Price by Queue Delay]: Own price updated to 0

LOG: 2024-02-02T15:36:12.41397923+00:00|	[Incremental Waiting Time Maximum]:	0.000000 ms.

LOG: 2024-02-02T15:36:12.62063272+00:00|	[Update Price by Queue Delay]: Own price updated to 0

LOG: 2024-02-02T15:36:12.620695712+00:00|	[Incremental Waiting Time Maximum]:	0.000000 ms.

LOG: 2024-02-02T15:36:12.828674858+00:00|	[Update Price by Queue Delay]: Own price updated to 0

LOG: 2024-02-02T15:36:12.828715507+00:00|	[Incremental Waiting Time Maximum]:	0.000000 ms.

LOG: 2024-02-02T15:36:13.035533953+00:00|	[Update Price by Queue Delay]: Own price updated to 0

LOG: 2024-02-02T15:36:13.03557585+00:00|	[Incremental Waiting Time Maximum]:	0.000000 ms.

LOG: 2024-02-02T15:36:13.242782609+00:00|	[Update Price by Queue Delay]: Own price updated to 0

LOG: 2024-02-02T15:36:13.242821732+00:00|	[Incremental Waiting Time Maximum]:	0.000000 ms.

LOG: 2024-02-02T15:36:13.450836239+00:00|	[Update Price by Queue Delay]: Own price updated to 0

LOG: 2024-02-02T15:36:13.450876833+00:00|	[Incremental Waiting Time Maximum]:	0.000000 ms.

LOG: 2024-02-02T15:36:13.658097409+00:00|	[Update Price by Queue Delay]: Own price updated to 0

LOG: 2024-02-02T15:36:13.658136104+00:00|	[Incremental Waiting Time Maximum]:	0.000000 ms.

LOG: 2024-02-02T15:36:13.865104027+00:00|	[Update Price by Queue Delay]: Own price updated to 0

LOG: 2024-02-02T15:36:13.865148685+00:00|	[Incremental Waiting Time Maximum]:	0.000000 ms.

LOG: 2024-02-02T15:36:14.073005868+00:00|	[Update Price by Queue Delay]: Own price updated to 0

LOG: 2024-02-02T15:36:14.073044392+00:00|	[Incremental Waiting Time Maximum]:	0.010240 ms.

LOG: 2024-02-02T15:36:14.279747078+00:00|	[Update Price by Queue Delay]: Own price updated to 0

LOG: 2024-02-02T15:36:14.279786059+00:00|	[Incremental Waiting Time Maximum]:	0.010240 ms.

LOG: 2024-02-02T15:36:14.487416749+00:00|	[Update Price by Queue Delay]: Own price updated to 0

LOG: 2024-02-02T15:36:14.487455785+00:00|	[Incremental Waiting Time Maximum]:	0.010240 ms.

LOG: 2024-02-02T15:36:14.69510996+00:00|	[Update Price by Queue Delay]: Own price updated to 0

LOG: 2024-02-02T15:36:14.695150114+00:00|	[Incremental Waiting Time Maximum]:	0.000000 ms.

LOG: 2024-02-02T15:36:14.901915855+00:00|	[Update Price by Queue Delay]: Own price updated to 0

LOG: 2024-02-02T15:36:14.901954916+00:00|	[Incremental Waiting Time Maximum]:	0.000000 ms.

LOG: 2024-02-02T15:36:15.108858384+00:00|	[Update Price by Queue Delay]: Own price updated to 0

LOG: 2024-02-02T15:36:15.108897144+00:00|	[Incremental Waiting Time Maximum]:	0.000000 ms.

LOG: 2024-02-02T15:36:15.316672481+00:00|	[Update Price by Queue Delay]: Own price updated to 0

LOG: 2024-02-02T15:36:15.316711086+00:00|	[Incremental Waiting Time Maximum]:	0.000000 ms.

LOG: 2024-02-02T15:36:15.52388167+00:00|	[Update Price by Queue Delay]: Own price updated to 0

LOG: 2024-02-02T15:36:15.523920821+00:00|	[Incremental Waiting Time Maximum]:	0.000000 ms.

LOG: 2024-02-02T15:36:15.731935446+00:00|	[Update Price by Queue Delay]: Own price updated to 0

LOG: 2024-02-02T15:36:15.731975043+00:00|	[Incremental Waiting Time Maximum]:	0.000000 ms.

LOG: 2024-02-02T15:36:15.938832453+00:00|	[Update Price by Queue Delay]: Own price updated to 0

LOG: 2024-02-02T15:36:15.938871284+00:00|	[Incremental Waiting Time Maximum]:	0.000000 ms.

LOG: 2024-02-02T15:36:16.146207043+00:00|	[Update Price by Queue Delay]: Own price updated to 0

LOG: 2024-02-02T15:36:16.146253205+00:00|	[Incremental Waiting Time Maximum]:	0.000000 ms.

LOG: 2024-02-02T15:36:16.354032631+00:00|	[Update Price by Queue Delay]: Own price updated to 0

LOG: 2024-02-02T15:36:16.354089383+00:00|	[Incremental Waiting Time Maximum]:	0.000000 ms.

LOG: 2024-02-02T15:36:16.561019839+00:00|	[Update Price by Queue Delay]: Own price updated to 0

LOG: 2024-02-02T15:36:16.561062097+00:00|	[Incremental Waiting Time Maximum]:	0.000000 ms.

LOG: 2024-02-02T15:36:16.768589567+00:00|	[Update Price by Queue Delay]: Own price updated to 0

LOG: 2024-02-02T15:36:16.768647171+00:00|	[Incremental Waiting Time Maximum]:	0.000000 ms.

LOG: 2024-02-02T15:36:16.975718114+00:00|	[Update Price by Queue Delay]: Own price updated to 0

LOG: 2024-02-02T15:36:16.975767464+00:00|	[Incremental Waiting Time Maximum]:	0.000000 ms.

LOG: 2024-02-02T15:36:17.183415625+00:00|	[Update Price by Queue Delay]: Own price updated to 0

LOG: 2024-02-02T15:36:17.183464077+00:00|	[Incremental Waiting Time Maximum]:	0.010240 ms.

LOG: 2024-02-02T15:36:17.390465548+00:00|	[Update Price by Queue Delay]: Own price updated to 0

LOG: 2024-02-02T15:36:17.390506307+00:00|	[Incremental Waiting Time Maximum]:	0.000000 ms.

LOG: 2024-02-02T15:36:17.597359413+00:00|	[Update Price by Queue Delay]: Own price updated to 0

LOG: 2024-02-02T15:36:17.597397502+00:00|	[Incremental Waiting Time Maximum]:	0.000000 ms.

LOG: 2024-02-02T15:36:17.805737453+00:00|	[Update Price by Queue Delay]: Own price updated to 0

LOG: 2024-02-02T15:36:17.805777+00:00|	[Incremental Waiting Time Maximum]:	0.000000 ms.

LOG: 2024-02-02T15:36:18.012475616+00:00|	[Update Price by Queue Delay]: Own price updated to 0

LOG: 2024-02-02T15:36:18.012519172+00:00|	[Incremental Waiting Time Maximum]:	0.000000 ms.

LOG: 2024-02-02T15:36:18.219404403+00:00|	[Update Price by Queue Delay]: Own price updated to 0

LOG: 2024-02-02T15:36:18.21944629+00:00|	[Incremental Waiting Time Maximum]:	0.000000 ms.

LOG: 2024-02-02T15:36:18.427859732+00:00|	[Update Price by Queue Delay]: Own price updated to 0

LOG: 2024-02-02T15:36:18.427899324+00:00|	[Incremental Waiting Time Maximum]:	0.000000 ms.

LOG: 2024-02-02T15:36:18.634682496+00:00|	[Update Price by Queue Delay]: Own price updated to 0

LOG: 2024-02-02T15:36:18.634721688+00:00|	[Incremental Waiting Time Maximum]:	0.000000 ms.

LOG: 2024-02-02T15:36:18.841521558+00:00|	[Update Price by Queue Delay]: Own price updated to 0

LOG: 2024-02-02T15:36:18.841560795+00:00|	[Incremental Waiting Time Maximum]:	0.000000 ms.

LOG: 2024-02-02T15:36:19.049538257+00:00|	[Update Price by Queue Delay]: Own price updated to 0

LOG: 2024-02-02T15:36:19.049577353+00:00|	[Incremental Waiting Time Maximum]:	0.000000 ms.

LOG: 2024-02-02T15:36:19.25672103+00:00|	[Update Price by Queue Delay]: Own price updated to 0

LOG: 2024-02-02T15:36:19.256760321+00:00|	[Incremental Waiting Time Maximum]:	0.010240 ms.

LOG: 2024-02-02T15:36:19.464628138+00:00|	[Update Price by Queue Delay]: Own price updated to 0

LOG: 2024-02-02T15:36:19.464666778+00:00|	[Incremental Waiting Time Maximum]:	0.000000 ms.

LOG: 2024-02-02T15:36:19.671648624+00:00|	[Update Price by Queue Delay]: Own price updated to 0

LOG: 2024-02-02T15:36:19.671687549+00:00|	[Incremental Waiting Time Maximum]:	0.000000 ms.

LOG: 2024-02-02T15:36:19.878426474+00:00|	[Update Price by Queue Delay]: Own price updated to 0

LOG: 2024-02-02T15:36:19.878472862+00:00|	[Incremental Waiting Time Maximum]:	0.000000 ms.

LOG: 2024-02-02T15:36:20.086404672+00:00|	[Update Price by Queue Delay]: Own price updated to 0

LOG: 2024-02-02T15:36:20.086443949+00:00|	[Incremental Waiting Time Maximum]:	0.000000 ms.

LOG: 2024-02-02T15:36:20.293556819+00:00|	[Update Price by Queue Delay]: Own price updated to 0

LOG: 2024-02-02T15:36:20.293595729+00:00|	[Incremental Waiting Time Maximum]:	0.000000 ms.

LOG: 2024-02-02T15:36:20.500564945+00:00|	[Update Price by Queue Delay]: Own price updated to 0

LOG: 2024-02-02T15:36:20.500603079+00:00|	[Incremental Waiting Time Maximum]:	0.000000 ms.

LOG: 2024-02-02T15:36:20.708427289+00:00|	[Update Price by Queue Delay]: Own price updated to 0

LOG: 2024-02-02T15:36:20.708465939+00:00|	[Incremental Waiting Time Maximum]:	0.000000 ms.

LOG: 2024-02-02T15:36:20.915726102+00:00|	[Update Price by Queue Delay]: Own price updated to 0

LOG: 2024-02-02T15:36:20.915768736+00:00|	[Incremental Waiting Time Maximum]:	0.000000 ms.

LOG: 2024-02-02T15:36:21.12341821+00:00|	[Update Price by Queue Delay]: Own price updated to 0

LOG: 2024-02-02T15:36:21.123456675+00:00|	[Incremental Waiting Time Maximum]:	0.000000 ms.

LOG: 2024-02-02T15:36:21.331077978+00:00|	[Update Price by Queue Delay]: Own price updated to 0

LOG: 2024-02-02T15:36:21.331117049+00:00|	[Incremental Waiting Time Maximum]:	0.000000 ms.

LOG: 2024-02-02T15:36:21.537959028+00:00|	[Update Price by Queue Delay]: Own price updated to 0

LOG: 2024-02-02T15:36:21.538001598+00:00|	[Incremental Waiting Time Maximum]:	0.000000 ms.

LOG: 2024-02-02T15:36:21.745837489+00:00|	[Update Price by Queue Delay]: Own price updated to 0

LOG: 2024-02-02T15:36:21.745877262+00:00|	[Incremental Waiting Time Maximum]:	0.010240 ms.

LOG: 2024-02-02T15:36:21.952727025+00:00|	[Update Price by Queue Delay]: Own price updated to 0

LOG: 2024-02-02T15:36:21.952774029+00:00|	[Incremental Waiting Time Maximum]:	0.000000 ms.

LOG: 2024-02-02T15:36:22.160610112+00:00|	[Update Price by Queue Delay]: Own price updated to 0

LOG: 2024-02-02T15:36:22.160648933+00:00|	[Incremental Waiting Time Maximum]:	0.000000 ms.

LOG: 2024-02-02T15:36:22.367477626+00:00|	[Update Price by Queue Delay]: Own price updated to 0

LOG: 2024-02-02T15:36:22.367516637+00:00|	[Incremental Waiting Time Maximum]:	0.000000 ms.

LOG: 2024-02-02T15:36:22.574266211+00:00|	[Update Price by Queue Delay]: Own price updated to 0

LOG: 2024-02-02T15:36:22.574305192+00:00|	[Incremental Waiting Time Maximum]:	0.000000 ms.

LOG: 2024-02-02T15:36:22.78210479+00:00|	[Update Price by Queue Delay]: Own price updated to 0

LOG: 2024-02-02T15:36:22.782143921+00:00|	[Incremental Waiting Time Maximum]:	0.000000 ms.

LOG: 2024-02-02T15:36:22.989957597+00:00|	[Update Price by Queue Delay]: Own price updated to 0

LOG: 2024-02-02T15:36:22.98999989+00:00|	[Incremental Waiting Time Maximum]:	0.000000 ms.

LOG: 2024-02-02T15:36:23.197458795+00:00|	[Update Price by Queue Delay]: Own price updated to 0

LOG: 2024-02-02T15:36:23.19751043+00:00|	[Incremental Waiting Time Maximum]:	0.000000 ms.

LOG: 2024-02-02T15:36:23.404317203+00:00|	[Update Price by Queue Delay]: Own price updated to 0

LOG: 2024-02-02T15:36:23.404359391+00:00|	[Incremental Waiting Time Maximum]:	0.000000 ms.

LOG: 2024-02-02T15:36:23.612223048+00:00|	[Update Price by Queue Delay]: Own price updated to 0

LOG: 2024-02-02T15:36:23.612261848+00:00|	[Incremental Waiting Time Maximum]:	0.000000 ms.

LOG: 2024-02-02T15:36:23.819085581+00:00|	[Update Price by Queue Delay]: Own price updated to 0

LOG: 2024-02-02T15:36:23.819124892+00:00|	[Incremental Waiting Time Maximum]:	0.010240 ms.

LOG: 2024-02-02T15:36:24.02702544+00:00|	[Update Price by Queue Delay]: Own price updated to 0

LOG: 2024-02-02T15:36:24.027064271+00:00|	[Incremental Waiting Time Maximum]:	0.010240 ms.

LOG: 2024-02-02T15:36:24.233828228+00:00|	[Update Price by Queue Delay]: Own price updated to 0

LOG: 2024-02-02T15:36:24.233867354+00:00|	[Incremental Waiting Time Maximum]:	0.000000 ms.

LOG: 2024-02-02T15:36:24.441719239+00:00|	[Update Price by Queue Delay]: Own price updated to 0

LOG: 2024-02-02T15:36:24.441757619+00:00|	[Incremental Waiting Time Maximum]:	0.000000 ms.

LOG: 2024-02-02T15:36:24.648657407+00:00|	[Update Price by Queue Delay]: Own price updated to 0

LOG: 2024-02-02T15:36:24.648696238+00:00|	[Incremental Waiting Time Maximum]:	0.000000 ms.

LOG: 2024-02-02T15:36:24.856433175+00:00|	[Update Price by Queue Delay]: Own price updated to 0

LOG: 2024-02-02T15:36:24.856475764+00:00|	[Incremental Waiting Time Maximum]:	0.000000 ms.

LOG: 2024-02-02T15:36:25.063330783+00:00|	[Update Price by Queue Delay]: Own price updated to 0

LOG: 2024-02-02T15:36:25.063369744+00:00|	[Incremental Waiting Time Maximum]:	0.000000 ms.

LOG: 2024-02-02T15:36:25.271178709+00:00|	[Update Price by Queue Delay]: Own price updated to 0

LOG: 2024-02-02T15:36:25.271217474+00:00|	[Incremental Waiting Time Maximum]:	0.000000 ms.

LOG: 2024-02-02T15:36:25.478096464+00:00|	[Update Price by Queue Delay]: Own price updated to 0

LOG: 2024-02-02T15:36:25.47813551+00:00|	[Incremental Waiting Time Maximum]:	0.000000 ms.

LOG: 2024-02-02T15:36:25.685987752+00:00|	[Update Price by Queue Delay]: Own price updated to 0

LOG: 2024-02-02T15:36:25.686026853+00:00|	[Incremental Waiting Time Maximum]:	0.010240 ms.

LOG: 2024-02-02T15:36:25.89266457+00:00|	[Update Price by Queue Delay]: Own price updated to 0

LOG: 2024-02-02T15:36:25.892747263+00:00|	[Incremental Waiting Time Maximum]:	0.000000 ms.

LOG: 2024-02-02T15:36:26.10072263+00:00|	[Update Price by Queue Delay]: Own price updated to 0

LOG: 2024-02-02T15:36:26.10076147+00:00|	[Incremental Waiting Time Maximum]:	0.000000 ms.

LOG: 2024-02-02T15:36:26.307573456+00:00|	[Update Price by Queue Delay]: Own price updated to 0

LOG: 2024-02-02T15:36:26.307634673+00:00|	[Incremental Waiting Time Maximum]:	0.000000 ms.

LOG: 2024-02-02T15:36:26.51551721+00:00|	[Update Price by Queue Delay]: Own price updated to 0

LOG: 2024-02-02T15:36:26.515561177+00:00|	[Incremental Waiting Time Maximum]:	0.000000 ms.

LOG: 2024-02-02T15:36:26.72221196+00:00|	[Update Price by Queue Delay]: Own price updated to 0

LOG: 2024-02-02T15:36:26.722253402+00:00|	[Incremental Waiting Time Maximum]:	0.000000 ms.

LOG: 2024-02-02T15:36:26.929809378+00:00|	[Update Price by Queue Delay]: Own price updated to 0

LOG: 2024-02-02T15:36:26.929848965+00:00|	[Incremental Waiting Time Maximum]:	0.000000 ms.

LOG: 2024-02-02T15:36:27.136558782+00:00|	[Update Price by Queue Delay]: Own price updated to 0

LOG: 2024-02-02T15:36:27.136597582+00:00|	[Incremental Waiting Time Maximum]:	0.000000 ms.

LOG: 2024-02-02T15:36:27.344520888+00:00|	[Update Price by Queue Delay]: Own price updated to 0

LOG: 2024-02-02T15:36:27.344559644+00:00|	[Incremental Waiting Time Maximum]:	0.000000 ms.

LOG: 2024-02-02T15:36:27.552325593+00:00|	[Update Price by Queue Delay]: Own price updated to 0

LOG: 2024-02-02T15:36:27.552364127+00:00|	[Incremental Waiting Time Maximum]:	0.000000 ms.

LOG: 2024-02-02T15:36:27.759254179+00:00|	[Update Price by Queue Delay]: Own price updated to 0

LOG: 2024-02-02T15:36:27.75929334+00:00|	[Incremental Waiting Time Maximum]:	0.000000 ms.

LOG: 2024-02-02T15:36:27.967002331+00:00|	[Update Price by Queue Delay]: Own price updated to 0

LOG: 2024-02-02T15:36:27.967041016+00:00|	[Incremental Waiting Time Maximum]:	0.000000 ms.

LOG: 2024-02-02T15:36:28.17384438+00:00|	[Update Price by Queue Delay]: Own price updated to 0

LOG: 2024-02-02T15:36:28.173886007+00:00|	[Incremental Waiting Time Maximum]:	0.016384 ms.

LOG: 2024-02-02T15:36:28.381679782+00:00|	[Update Price by Queue Delay]: Own price updated to 0

LOG: 2024-02-02T15:36:28.381722762+00:00|	[Incremental Waiting Time Maximum]:	0.000000 ms.

LOG: 2024-02-02T15:36:28.588713146+00:00|	[Update Price by Queue Delay]: Own price updated to 0

LOG: 2024-02-02T15:36:28.588751982+00:00|	[Incremental Waiting Time Maximum]:	0.000000 ms.

LOG: 2024-02-02T15:36:28.796569687+00:00|	[Update Price by Queue Delay]: Own price updated to 0

LOG: 2024-02-02T15:36:28.796608823+00:00|	[Incremental Waiting Time Maximum]:	0.000000 ms.

LOG: 2024-02-02T15:36:29.003260565+00:00|	[Update Price by Queue Delay]: Own price updated to 0

LOG: 2024-02-02T15:36:29.003299215+00:00|	[Incremental Waiting Time Maximum]:	0.000000 ms.

LOG: 2024-02-02T15:36:29.211293626+00:00|	[Update Price by Queue Delay]: Own price updated to 0

LOG: 2024-02-02T15:36:29.211332717+00:00|	[Incremental Waiting Time Maximum]:	0.000000 ms.

LOG: 2024-02-02T15:36:29.417834817+00:00|	[Update Price by Queue Delay]: Own price updated to 0

LOG: 2024-02-02T15:36:29.417878819+00:00|	[Incremental Waiting Time Maximum]:	0.131072 ms.

LOG: 2024-02-02T15:36:29.625201386+00:00|	[Update Price by Queue Delay]: Own price updated to 0

LOG: 2024-02-02T15:36:29.625258473+00:00|	[Incremental Waiting Time Maximum]:	0.081920 ms.

LOG: 2024-02-02T15:36:29.832586138+00:00|	[Update Price by Queue Delay]: Own price updated to 0

LOG: 2024-02-02T15:36:29.832638476+00:00|	[Incremental Waiting Time Maximum]:	0.040960 ms.

LOG: 2024-02-02T15:36:30.039759297+00:00|	[Update Price by Queue Delay]: Own price updated to 0

LOG: 2024-02-02T15:36:30.039793689+00:00|	[Incremental Waiting Time Maximum]:	0.098304 ms.

LOG: 2024-02-02T15:36:30.247171464+00:00|	[Update Price by Queue Delay]: Own price updated to 0

LOG: 2024-02-02T15:36:30.247243361+00:00|	[Incremental Waiting Time Maximum]:	0.098304 ms.

LOG: 2024-02-02T15:36:30.454913817+00:00|	[Update Price by Queue Delay]: Own price updated to 0

LOG: 2024-02-02T15:36:30.455012366+00:00|	[Incremental Waiting Time Maximum]:	0.098304 ms.

LOG: 2024-02-02T15:36:30.662077406+00:00|	[Update Price by Queue Delay]: Own price updated to 0

LOG: 2024-02-02T15:36:30.662138508+00:00|	[Incremental Waiting Time Maximum]:	0.081920 ms.

LOG: 2024-02-02T15:36:30.869278608+00:00|	[Update Price by Queue Delay]: Own price updated to 0

LOG: 2024-02-02T15:36:30.869333394+00:00|	[Incremental Waiting Time Maximum]:	0.081920 ms.

LOG: 2024-02-02T15:36:31.076770202+00:00|	[Update Price by Queue Delay]: Own price updated to 0

LOG: 2024-02-02T15:36:31.076817399+00:00|	[Incremental Waiting Time Maximum]:	0.065536 ms.

LOG: 2024-02-02T15:36:31.284600694+00:00|	[Update Price by Queue Delay]: Own price updated to 0

LOG: 2024-02-02T15:36:31.284646982+00:00|	[Incremental Waiting Time Maximum]:	0.065536 ms.

LOG: 2024-02-02T15:36:31.491491915+00:00|	[Update Price by Queue Delay]: Own price updated to 0

LOG: 2024-02-02T15:36:31.491546418+00:00|	[Incremental Waiting Time Maximum]:	0.081920 ms.

LOG: 2024-02-02T15:36:31.69883104+00:00|	[Update Price by Queue Delay]: Own price updated to 0

LOG: 2024-02-02T15:36:31.69887692+00:00|	[Incremental Waiting Time Maximum]:	0.081920 ms.

LOG: 2024-02-02T15:36:31.906363469+00:00|	[Update Price by Queue Delay]: Own price updated to 0

LOG: 2024-02-02T15:36:31.906405344+00:00|	[Incremental Waiting Time Maximum]:	0.032768 ms.

LOG: 2024-02-02T15:36:32.113524425+00:00|	[Update Price by Queue Delay]: Own price updated to 0

LOG: 2024-02-02T15:36:32.113567852+00:00|	[Incremental Waiting Time Maximum]:	0.040960 ms.

LOG: 2024-02-02T15:36:32.32095118+00:00|	[Update Price by Queue Delay]: Own price updated to 0

LOG: 2024-02-02T15:36:32.321003036+00:00|	[Incremental Waiting Time Maximum]:	0.081920 ms.

LOG: 2024-02-02T15:36:32.528249591+00:00|	[Update Price by Queue Delay]: Own price updated to 0

LOG: 2024-02-02T15:36:32.528298317+00:00|	[Incremental Waiting Time Maximum]:	0.114688 ms.

LOG: 2024-02-02T15:36:32.73566735+00:00|	[Update Price by Queue Delay]: Own price updated to 0

LOG: 2024-02-02T15:36:32.735726468+00:00|	[Incremental Waiting Time Maximum]:	0.163840 ms.

LOG: 2024-02-02T15:36:32.943080477+00:00|	[Update Price by Queue Delay]: Own price updated to 0

LOG: 2024-02-02T15:36:32.943140059+00:00|	[Incremental Waiting Time Maximum]:	0.262144 ms.

LOG: 2024-02-02T15:36:33.150379084+00:00|	[Update Price by Queue Delay]: Own price updated to 0

LOG: 2024-02-02T15:36:33.150415013+00:00|	[Incremental Waiting Time Maximum]:	0.081920 ms.

LOG: 2024-02-02T15:36:33.357815945+00:00|	[Update Price by Queue Delay]: Own price updated to 0

LOG: 2024-02-02T15:36:33.357871234+00:00|	[Incremental Waiting Time Maximum]:	0.131072 ms.

LOG: 2024-02-02T15:36:33.565155167+00:00|	[Update Price by Queue Delay]: Own price updated to 0

LOG: 2024-02-02T15:36:33.56522945+00:00|	[Incremental Waiting Time Maximum]:	0.065536 ms.

LOG: 2024-02-02T15:36:33.772627213+00:00|	[Update Price by Queue Delay]: Own price updated to 0

LOG: 2024-02-02T15:36:33.772685734+00:00|	[Incremental Waiting Time Maximum]:	0.114688 ms.

LOG: 2024-02-02T15:36:33.980542185+00:00|	[Update Price by Queue Delay]: Own price updated to 0

LOG: 2024-02-02T15:36:33.980598386+00:00|	[Incremental Waiting Time Maximum]:	0.098304 ms.

LOG: 2024-02-02T15:36:34.187273877+00:00|	[Update Price by Queue Delay]: Own price updated to 0

LOG: 2024-02-02T15:36:34.187335668+00:00|	[Incremental Waiting Time Maximum]:	0.163840 ms.

LOG: 2024-02-02T15:36:34.394693821+00:00|	[Update Price by Queue Delay]: Own price updated to 0

LOG: 2024-02-02T15:36:34.394730575+00:00|	[Incremental Waiting Time Maximum]:	0.393216 ms.

LOG: 2024-02-02T15:36:34.602054796+00:00|	[Update Price by Queue Delay]: Own price updated to 0

LOG: 2024-02-02T15:36:34.602098938+00:00|	[Incremental Waiting Time Maximum]:	0.262144 ms.

LOG: 2024-02-02T15:36:34.80944816+00:00|	[Update Price by Queue Delay]: Own price updated to 0

LOG: 2024-02-02T15:36:34.809490967+00:00|	[Incremental Waiting Time Maximum]:	0.065536 ms.

LOG: 2024-02-02T15:36:35.016765505+00:00|	[Update Price by Queue Delay]: Own price updated to 0

LOG: 2024-02-02T15:36:35.016825024+00:00|	[Incremental Waiting Time Maximum]:	0.262144 ms.

LOG: 2024-02-02T15:36:35.224620045+00:00|	[Update Price by Queue Delay]: Own price updated to 0

LOG: 2024-02-02T15:36:35.224687352+00:00|	[Incremental Waiting Time Maximum]:	0.262144 ms.

LOG: 2024-02-02T15:36:35.431737027+00:00|	[Update Price by Queue Delay]: Own price updated to 0

LOG: 2024-02-02T15:36:35.431803004+00:00|	[Incremental Waiting Time Maximum]:	0.524288 ms.

LOG: 2024-02-02T15:36:35.638881854+00:00|	[Update Price by Queue Delay]: Own price updated to 0

LOG: 2024-02-02T15:36:35.638963178+00:00|	[Incremental Waiting Time Maximum]:	0.098304 ms.

LOG: 2024-02-02T15:36:35.846258254+00:00|	[Update Price by Queue Delay]: Own price updated to 0

LOG: 2024-02-02T15:36:35.846308614+00:00|	[Incremental Waiting Time Maximum]:	0.327680 ms.

LOG: 2024-02-02T15:36:36.054023264+00:00|	[Update Price by Queue Delay]: Own price updated to 0

LOG: 2024-02-02T15:36:36.054099511+00:00|	[Incremental Waiting Time Maximum]:	0.000000 ms.

LOG: 2024-02-02T15:36:36.261375961+00:00|	[Update Price by Queue Delay]: Own price updated to 0

LOG: 2024-02-02T15:36:36.261423412+00:00|	[Incremental Waiting Time Maximum]:	0.000000 ms.

LOG: 2024-02-02T15:36:36.46942938+00:00|	[Update Price by Queue Delay]: Own price updated to 0

LOG: 2024-02-02T15:36:36.469469398+00:00|	[Incremental Waiting Time Maximum]:	0.000000 ms.

LOG: 2024-02-02T15:36:36.676300035+00:00|	[Update Price by Queue Delay]: Own price updated to 0

LOG: 2024-02-02T15:36:36.676343952+00:00|	[Incremental Waiting Time Maximum]:	0.000000 ms.

LOG: 2024-02-02T15:36:36.884156846+00:00|	[Update Price by Queue Delay]: Own price updated to 0

LOG: 2024-02-02T15:36:36.884198498+00:00|	[Incremental Waiting Time Maximum]:	0.000000 ms.

LOG: 2024-02-02T15:36:37.091591415+00:00|	[Update Price by Queue Delay]: Own price updated to 0

LOG: 2024-02-02T15:36:37.091657133+00:00|	[Incremental Waiting Time Maximum]:	0.000000 ms.

LOG: 2024-02-02T15:36:37.298570132+00:00|	[Update Price by Queue Delay]: Own price updated to 0

LOG: 2024-02-02T15:36:37.298608431+00:00|	[Incremental Waiting Time Maximum]:	0.000000 ms.

LOG: 2024-02-02T15:36:37.50636375+00:00|	[Update Price by Queue Delay]: Own price updated to 0

LOG: 2024-02-02T15:36:37.506402035+00:00|	[Incremental Waiting Time Maximum]:	0.000000 ms.

LOG: 2024-02-02T15:36:37.713119925+00:00|	[Update Price by Queue Delay]: Own price updated to 0

LOG: 2024-02-02T15:36:37.713158489+00:00|	[Incremental Waiting Time Maximum]:	0.000000 ms.

LOG: 2024-02-02T15:36:37.921132563+00:00|	[Update Price by Queue Delay]: Own price updated to 0

LOG: 2024-02-02T15:36:37.921171319+00:00|	[Incremental Waiting Time Maximum]:	0.000000 ms.

LOG: 2024-02-02T15:36:38.127963667+00:00|	[Update Price by Queue Delay]: Own price updated to 0

LOG: 2024-02-02T15:36:38.128001901+00:00|	[Incremental Waiting Time Maximum]:	0.000000 ms.

LOG: 2024-02-02T15:36:38.335736302+00:00|	[Update Price by Queue Delay]: Own price updated to 0

LOG: 2024-02-02T15:36:38.335781382+00:00|	[Incremental Waiting Time Maximum]:	0.000000 ms.

LOG: 2024-02-02T15:36:38.542508647+00:00|	[Update Price by Queue Delay]: Own price updated to 0

LOG: 2024-02-02T15:36:38.542547448+00:00|	[Incremental Waiting Time Maximum]:	0.012288 ms.

LOG: 2024-02-02T15:36:38.750488555+00:00|	[Update Price by Queue Delay]: Own price updated to 0

LOG: 2024-02-02T15:36:38.750526759+00:00|	[Incremental Waiting Time Maximum]:	0.000000 ms.

LOG: 2024-02-02T15:36:38.957454101+00:00|	[Update Price by Queue Delay]: Own price updated to 0

LOG: 2024-02-02T15:36:38.957494064+00:00|	[Incremental Waiting Time Maximum]:	0.010240 ms.

LOG: 2024-02-02T15:36:39.164274891+00:00|	[Update Price by Queue Delay]: Own price updated to 0

LOG: 2024-02-02T15:36:39.164313977+00:00|	[Incremental Waiting Time Maximum]:	0.000000 ms.

LOG: 2024-02-02T15:36:39.372231258+00:00|	[Update Price by Queue Delay]: Own price updated to 0

LOG: 2024-02-02T15:36:39.372312392+00:00|	[Incremental Waiting Time Maximum]:	0.000000 ms.

LOG: 2024-02-02T15:36:39.580035697+00:00|	[Update Price by Queue Delay]: Own price updated to 0

LOG: 2024-02-02T15:36:39.580074086+00:00|	[Incremental Waiting Time Maximum]:	0.000000 ms.

LOG: 2024-02-02T15:36:39.787494832+00:00|	[Update Price by Queue Delay]: Own price updated to 0

LOG: 2024-02-02T15:36:39.78754126+00:00|	[Incremental Waiting Time Maximum]:	0.000000 ms.

LOG: 2024-02-02T15:36:39.994770846+00:00|	[Update Price by Queue Delay]: Own price updated to 0

LOG: 2024-02-02T15:36:39.99481777+00:00|	[Incremental Waiting Time Maximum]:	0.000000 ms.

