Service Name:  service-1
Call Graph of the Service:
map[]
Downstreams of the Service:
[]
Server Configurations:
[{COMPUTATION_DISTRIBUTION constant} {PROCESS_TIME 50ms} {APP_PORT 50051} {LOG_LEVEL Info} {GREETING Hi Malaka!} {SUBCALL parallel} {PROFILING false}]
Charon Configurations:
[{INTERCEPT breakwaterd} {PRICE_UPDATE_RATE 10ms} {TOKEN_UPDATE_RATE 10ms} {LATENCY_THRESHOLD 100us} {PRICE_STEP 0} {PRICE_STRATEGY step} {LAZY_UPDATE false} {RATE_LIMITING true} {LOAD_SHEDDING true} {CHARON_TRACK_PRICE true} {BREAKWATER_SLO 34321us} {BREAKWATER_A 0.0} {BREAKWATER_B 0.18488204227765795} {BREAKWATER_CLIENT_EXPIRATION 1us} {BREAKWATER_INITIAL_CREDIT 53} {BREAKWATER_LOAD_SHEDDING false} {BREAKWATER_RTT 10422us} {BREAKWATERD_SLO 47607us} {BREAKWATERD_A 0.11370912360214962} {BREAKWATERD_B 30.0} {BREAKWATERD_CLIENT_EXPIRATION 14168us} {BREAKWATERD_INITIAL_CREDIT 1000} {BREAKWATERD_LOAD_SHEDDING false} {BREAKWATERD_RTT 16257us} {DAGOR_QUEUING_THRESHOLD 2ms} {DAGOR_ALPHA 0.05} {DAGOR_BETA 0.01} {DAGOR_ADMISSION_LEVEL_UPDATE_INTERVAL 10ms} {DAGOR_UMAX 20}]
Price Update Rate: 10ms
Latency Threshold: 100µs
Price Step: 0
Price Strategy: step
Intercept: breakwaterd
Lazy Update: false
Rate Limiting: true
Load Shedding: true
Charon Track Price: true
Breakwater SLO: 34.321ms
Breakwater Client Timeout: 1µs
Breakwater Initial Credit: 53
Breakwater A: 0
Breakwater B: 0.18488204227765795
Breakwater Load Shedding: false
Breakwater RTT: 10.422ms
BreakwaterD SLO: 47.607ms
BreakwaterD Client Timeout: 14.168ms
BreakwaterD Initial Credit: 1000
BreakwaterD A: 0.11370912360214962
BreakwaterD B: 30
BreakwaterD Load Shedding: false
BreakwaterD RTT: 16.257ms
Dagor Queuing Threshold: 2ms
Dagor Alpha: 0.05
Dagor Beta: 0.01
Dagor Admission Level Update Interval: 10ms
Dagor Umax: 20
Computation Distribution: constant
Process Time: 50ms
Address Listening on: 0.0.0.0:50051
Greeting Message: Hi Malaka!
Log Level: Info
Subcall Pattern: parallel
{"function":"run","level":"info","line":"683","msg":"BreakwaterD Backend Config: {true 30 0.11370912360214962 47607 14168 1000 false true false false 16257}","time":"2024-02-01T00:22:56Z"}
{"function":"run","level":"info","line":"738","msg":"Initialized multiple instances of Breakwaters for downstream services of service-1: map[]","time":"2024-02-01T00:22:56Z"}
