Service Name:  ms-58436
Call Graph of the Service:
map[S_149998854:[ms-59962]]
Downstreams of the Service:
[ms-59962]
Server Configurations:
[{COMPUTATION_DISTRIBUTION constant} {PROCESS_TIME 0.5ms} {APP_PORT 50051} {LOG_LEVEL Debug} {GREETING Hi Malaka!} {SUBCALL parallel} {PROFILING false}]
Charon Configurations:
[{INTERCEPT plain} {PRICE_UPDATE_RATE 10ms} {TOKEN_UPDATE_RATE 10ms} {LATENCY_THRESHOLD 100us} {PRICE_STEP 0} {PRICE_STRATEGY step} {LAZY_UPDATE false} {RATE_LIMITING true} {LOAD_SHEDDING true} {CHARON_TRACK_PRICE false} {BREAKWATER_SLO 12500us} {BREAKWATER_A 0.001} {BREAKWATER_B 0.02} {BREAKWATER_CLIENT_EXPIRATION 10ms} {BREAKWATER_INITIAL_CREDIT 400} {BREAKWATER_LOAD_SHEDDING false} {BREAKWATER_RTT 1000us} {BREAKWATERD_SLO 12500us} {BREAKWATERD_A 0.001} {BREAKWATERD_B 0.02} {BREAKWATERD_CLIENT_EXPIRATION 10ms} {BREAKWATERD_INITIAL_CREDIT 400} {BREAKWATERD_LOAD_SHEDDING false} {BREAKWATERD_RTT 1000us} {DAGOR_QUEUING_THRESHOLD 3000000us} {DAGOR_ALPHA 1.4406489868843162} {DAGOR_BETA 0.00011437481734488664} {DAGOR_ADMISSION_LEVEL_UPDATE_INTERVAL 20909us} {DAGOR_UMAX 4}]
Price Update Rate: 10ms
Latency Threshold: 100µs
Price Step: 0
Price Strategy: step
Intercept: plain
Lazy Update: false
Rate Limiting: true
Load Shedding: true
Charon Track Price: false
Breakwater SLO: 12.5ms
Breakwater Client Timeout: 10ms
Breakwater Initial Credit: 400
Breakwater A: 0.001
Breakwater B: 0.02
Breakwater Load Shedding: false
Breakwater RTT: 1ms
BreakwaterD SLO: 12.5ms
BreakwaterD Client Timeout: 10ms
BreakwaterD Initial Credit: 400
BreakwaterD A: 0.001
BreakwaterD B: 0.02
BreakwaterD Load Shedding: false
BreakwaterD RTT: 1ms
Dagor Queuing Threshold: 3s
Dagor Alpha: 1.4406489868843162
Dagor Beta: 0.00011437481734488664
Dagor Admission Level Update Interval: 20.909ms
Dagor Umax: 4
Computation Distribution: constant
Process Time: 500µs
Address Listening on: 0.0.0.0:50051
Greeting Message: Hi Malaka!
Log Level: Debug
Subcall Pattern: parallel
{"function":"run","level":"debug","line":"638","msg":"charonCallGraph: map[S_149998854:[ms-59962]]","time":"2024-02-25T22:25:59Z"}
{"function":"InitializeDownstreamClients","level":"debug","line":"406","msg":"Initializing connections to downstreams based on call graph: [ms-59962]","time":"2024-02-25T22:25:59Z"}
{"function":"InitializeDownstreamClients","level":"debug","line":"423","msg":"Initialized clients for downstream services of ms-58436: map[ms-59962:0xc000384180]","time":"2024-02-25T22:26:01Z"}
{"function":"InitializeDownstreamClients","level":"debug","line":"424","msg":"Initialized connections for downstream services of ms-58436: map[ms-59962:0xc0000da000]","time":"2024-02-25T22:26:01Z"}
