Service Name:  ms-13873
Call Graph of the Service:
map[S_102000854:[ms-33719 ms-11070 ms-27421 ms-37691 ms-43309 ms-11285 ms-902 ms-46825]]
Downstreams of the Service:
[ms-33719 ms-11070 ms-27421 ms-37691 ms-43309 ms-11285 ms-902 ms-46825]
Server Configurations:
[{COMPUTATION_DISTRIBUTION constant} {PROCESS_TIME 8.692982456140351ms} {APP_PORT 50051} {LOG_LEVEL Info} {GREETING Hi Malaka!} {SUBCALL parallel} {PROFILING false}]
Charon Configurations:
[{INTERCEPT charon} {PRICE_UPDATE_RATE 9875us} {TOKEN_UPDATE_RATE 21133us} {LATENCY_THRESHOLD 8456us} {PRICE_STEP 136} {PRICE_STRATEGY proportional} {LAZY_UPDATE true} {RATE_LIMITING true} {LOAD_SHEDDING true} {CHARON_TRACK_PRICE true} {BREAKWATER_SLO 12500us} {BREAKWATER_A 0.001} {BREAKWATER_B 0.02} {BREAKWATER_CLIENT_EXPIRATION 10ms} {BREAKWATER_INITIAL_CREDIT 400} {BREAKWATER_LOAD_SHEDDING true} {BREAKWATER_RTT 1000us} {BREAKWATERD_SLO 12500us} {BREAKWATERD_A 0.001} {BREAKWATERD_B 0.02} {BREAKWATERD_CLIENT_EXPIRATION 10ms} {BREAKWATERD_INITIAL_CREDIT 400} {BREAKWATERD_LOAD_SHEDDING true} {BREAKWATERD_RTT 1000us} {DAGOR_QUEUING_THRESHOLD 2ms} {DAGOR_ALPHA 0.05} {DAGOR_BETA 0.01} {DAGOR_ADMISSION_LEVEL_UPDATE_INTERVAL 10ms} {DAGOR_UMAX 20}]
Price Update Rate: 9.875ms
Latency Threshold: 8.456ms
Price Step: 136
Price Strategy: proportional
Intercept: charon
Lazy Update: true
Rate Limiting: true
Load Shedding: true
Charon Track Price: true
Breakwater SLO: 12.5ms
Breakwater Client Timeout: 10ms
Breakwater Initial Credit: 400
Breakwater A: 0.001
Breakwater B: 0.02
Breakwater Load Shedding: true
Breakwater RTT: 1ms
BreakwaterD SLO: 12.5ms
BreakwaterD Client Timeout: 10ms
BreakwaterD Initial Credit: 400
BreakwaterD A: 0.001
BreakwaterD B: 0.02
BreakwaterD Load Shedding: true
BreakwaterD RTT: 1ms
Dagor Queuing Threshold: 2ms
Dagor Alpha: 0.05
Dagor Beta: 0.01
Dagor Admission Level Update Interval: 10ms
Dagor Umax: 20
Computation Distribution: constant
Process Time: 8.692982ms
Address Listening on: 0.0.0.0:50051
Greeting Message: Hi Malaka!
Log Level: Info
Subcall Pattern: parallel
{"function":"run","level":"info","line":"652","msg":"Charon Config: map[debug:false guidePrice:-1 initprice:0 latencyThreshold:8.456ms lazyResponse:true loadShedding:true pinpointLatency:false pinpointQueuing:true pinpointThroughput:false priceAggregation:maximal priceStep:136 priceStrategy:proportional priceUpdateRate:9.875ms rateLimiting:true recordPrice:true]","time":"2024-02-02T15:36:05Z"}
LOG: 2024-02-02T15:36:05.526941407+00:00|	[Update Price by Queue Delay]: Own price updated to 0

LOG: 2024-02-02T15:36:05.526999135+00:00|	[Incremental Waiting Time Maximum]:	0.000000 ms.

LOG: 2024-02-02T15:36:05.733980439+00:00|	[Update Price by Queue Delay]: Own price updated to 0

LOG: 2024-02-02T15:36:05.734036117+00:00|	[Incremental Waiting Time Maximum]:	0.000000 ms.

LOG: 2024-02-02T15:36:05.941575421+00:00|	[Update Price by Queue Delay]: Own price updated to 0

LOG: 2024-02-02T15:36:05.941631881+00:00|	[Incremental Waiting Time Maximum]:	0.000000 ms.

LOG: 2024-02-02T15:36:06.14842049+00:00|	[Update Price by Queue Delay]: Own price updated to 0

LOG: 2024-02-02T15:36:06.148462655+00:00|	[Incremental Waiting Time Maximum]:	0.010240 ms.

LOG: 2024-02-02T15:36:06.356415839+00:00|	[Update Price by Queue Delay]: Own price updated to 0

LOG: 2024-02-02T15:36:06.356475416+00:00|	[Incremental Waiting Time Maximum]:	0.012288 ms.

LOG: 2024-02-02T15:36:06.56361185+00:00|	[Update Price by Queue Delay]: Own price updated to 0

LOG: 2024-02-02T15:36:06.563667809+00:00|	[Incremental Waiting Time Maximum]:	0.000000 ms.

LOG: 2024-02-02T15:36:06.77024879+00:00|	[Update Price by Queue Delay]: Own price updated to 0

LOG: 2024-02-02T15:36:06.770294412+00:00|	[Incremental Waiting Time Maximum]:	0.000000 ms.

LOG: 2024-02-02T15:36:06.978587343+00:00|	[Update Price by Queue Delay]: Own price updated to 0

LOG: 2024-02-02T15:36:06.978643141+00:00|	[Incremental Waiting Time Maximum]:	0.000000 ms.

LOG: 2024-02-02T15:36:07.18537015+00:00|	[Update Price by Queue Delay]: Own price updated to 0

LOG: 2024-02-02T15:36:07.185408869+00:00|	[Incremental Waiting Time Maximum]:	0.000000 ms.

LOG: 2024-02-02T15:36:07.393317482+00:00|	[Update Price by Queue Delay]: Own price updated to 0

LOG: 2024-02-02T15:36:07.393363829+00:00|	[Incremental Waiting Time Maximum]:	0.000000 ms.

LOG: 2024-02-02T15:36:07.600258614+00:00|	[Update Price by Queue Delay]: Own price updated to 0

LOG: 2024-02-02T15:36:07.600298465+00:00|	[Incremental Waiting Time Maximum]:	0.000000 ms.

LOG: 2024-02-02T15:36:07.807101915+00:00|	[Update Price by Queue Delay]: Own price updated to 0

LOG: 2024-02-02T15:36:07.807144192+00:00|	[Incremental Waiting Time Maximum]:	0.000000 ms.

LOG: 2024-02-02T15:36:08.015523331+00:00|	[Update Price by Queue Delay]: Own price updated to 0

LOG: 2024-02-02T15:36:08.015562871+00:00|	[Incremental Waiting Time Maximum]:	0.012288 ms.

LOG: 2024-02-02T15:36:08.222833279+00:00|	[Update Price by Queue Delay]: Own price updated to 0

LOG: 2024-02-02T15:36:08.22289472+00:00|	[Incremental Waiting Time Maximum]:	0.049152 ms.

LOG: 2024-02-02T15:36:08.430287197+00:00|	[Update Price by Queue Delay]: Own price updated to 0

LOG: 2024-02-02T15:36:08.430351019+00:00|	[Incremental Waiting Time Maximum]:	0.000000 ms.

LOG: 2024-02-02T15:36:08.637140858+00:00|	[Update Price by Queue Delay]: Own price updated to 0

LOG: 2024-02-02T15:36:08.637182974+00:00|	[Incremental Waiting Time Maximum]:	0.000000 ms.

LOG: 2024-02-02T15:36:08.844261291+00:00|	[Update Price by Queue Delay]: Own price updated to 0

LOG: 2024-02-02T15:36:08.844303167+00:00|	[Incremental Waiting Time Maximum]:	0.000000 ms.

LOG: 2024-02-02T15:36:09.052310591+00:00|	[Update Price by Queue Delay]: Own price updated to 0

LOG: 2024-02-02T15:36:09.052358727+00:00|	[Incremental Waiting Time Maximum]:	0.000000 ms.

LOG: 2024-02-02T15:36:09.259220556+00:00|	[Update Price by Queue Delay]: Own price updated to 0

LOG: 2024-02-02T15:36:09.259269097+00:00|	[Incremental Waiting Time Maximum]:	0.000000 ms.

LOG: 2024-02-02T15:36:09.467023065+00:00|	[Update Price by Queue Delay]: Own price updated to 0

LOG: 2024-02-02T15:36:09.4670665+00:00|	[Incremental Waiting Time Maximum]:	0.000000 ms.

LOG: 2024-02-02T15:36:09.674368665+00:00|	[Update Price by Queue Delay]: Own price updated to 0

LOG: 2024-02-02T15:36:09.67441216+00:00|	[Incremental Waiting Time Maximum]:	0.000000 ms.

LOG: 2024-02-02T15:36:09.881856301+00:00|	[Update Price by Queue Delay]: Own price updated to 0

LOG: 2024-02-02T15:36:09.88189476+00:00|	[Incremental Waiting Time Maximum]:	0.000000 ms.

LOG: 2024-02-02T15:36:10.088509145+00:00|	[Update Price by Queue Delay]: Own price updated to 0

LOG: 2024-02-02T15:36:10.088548676+00:00|	[Incremental Waiting Time Maximum]:	0.010240 ms.

LOG: 2024-02-02T15:36:10.296667858+00:00|	[Update Price by Queue Delay]: Own price updated to 0

LOG: 2024-02-02T15:36:10.296705564+00:00|	[Incremental Waiting Time Maximum]:	0.010240 ms.

LOG: 2024-02-02T15:36:10.503946654+00:00|	[Update Price by Queue Delay]: Own price updated to 0

LOG: 2024-02-02T15:36:10.503989703+00:00|	[Incremental Waiting Time Maximum]:	0.000000 ms.

LOG: 2024-02-02T15:36:10.711425375+00:00|	[Update Price by Queue Delay]: Own price updated to 0

LOG: 2024-02-02T15:36:10.711464054+00:00|	[Incremental Waiting Time Maximum]:	0.000000 ms.

LOG: 2024-02-02T15:36:10.91818517+00:00|	[Update Price by Queue Delay]: Own price updated to 0

LOG: 2024-02-02T15:36:10.918223758+00:00|	[Incremental Waiting Time Maximum]:	0.000000 ms.

LOG: 2024-02-02T15:36:11.125523042+00:00|	[Update Price by Queue Delay]: Own price updated to 0

LOG: 2024-02-02T15:36:11.125560823+00:00|	[Incremental Waiting Time Maximum]:	0.000000 ms.

LOG: 2024-02-02T15:36:11.333276373+00:00|	[Update Price by Queue Delay]: Own price updated to 0

LOG: 2024-02-02T15:36:11.333321201+00:00|	[Incremental Waiting Time Maximum]:	0.000000 ms.

LOG: 2024-02-02T15:36:11.539951438+00:00|	[Update Price by Queue Delay]: Own price updated to 0

LOG: 2024-02-02T15:36:11.539990197+00:00|	[Incremental Waiting Time Maximum]:	0.000000 ms.

LOG: 2024-02-02T15:36:11.748098368+00:00|	[Update Price by Queue Delay]: Own price updated to 0

LOG: 2024-02-02T15:36:11.748173942+00:00|	[Incremental Waiting Time Maximum]:	0.000000 ms.

LOG: 2024-02-02T15:36:11.955617241+00:00|	[Update Price by Queue Delay]: Own price updated to 0

LOG: 2024-02-02T15:36:11.955656677+00:00|	[Incremental Waiting Time Maximum]:	0.012288 ms.

LOG: 2024-02-02T15:36:12.162453401+00:00|	[Update Price by Queue Delay]: Own price updated to 0

LOG: 2024-02-02T15:36:12.162492501+00:00|	[Incremental Waiting Time Maximum]:	0.000000 ms.

LOG: 2024-02-02T15:36:12.370222584+00:00|	[Update Price by Queue Delay]: Own price updated to 0

LOG: 2024-02-02T15:36:12.370261964+00:00|	[Incremental Waiting Time Maximum]:	0.000000 ms.

LOG: 2024-02-02T15:36:12.576839646+00:00|	[Update Price by Queue Delay]: Own price updated to 0

LOG: 2024-02-02T15:36:12.576877979+00:00|	[Incremental Waiting Time Maximum]:	0.000000 ms.

LOG: 2024-02-02T15:36:12.784576785+00:00|	[Update Price by Queue Delay]: Own price updated to 0

LOG: 2024-02-02T15:36:12.784616231+00:00|	[Incremental Waiting Time Maximum]:	0.000000 ms.

LOG: 2024-02-02T15:36:12.992303746+00:00|	[Update Price by Queue Delay]: Own price updated to 0

LOG: 2024-02-02T15:36:12.992342424+00:00|	[Incremental Waiting Time Maximum]:	0.000000 ms.

LOG: 2024-02-02T15:36:13.199277587+00:00|	[Update Price by Queue Delay]: Own price updated to 0

LOG: 2024-02-02T15:36:13.199317639+00:00|	[Incremental Waiting Time Maximum]:	0.000000 ms.

LOG: 2024-02-02T15:36:13.406501452+00:00|	[Update Price by Queue Delay]: Own price updated to 0

LOG: 2024-02-02T15:36:13.406541108+00:00|	[Incremental Waiting Time Maximum]:	0.000000 ms.

LOG: 2024-02-02T15:36:13.614640995+00:00|	[Update Price by Queue Delay]: Own price updated to 0

LOG: 2024-02-02T15:36:13.614704722+00:00|	[Incremental Waiting Time Maximum]:	0.012288 ms.

LOG: 2024-02-02T15:36:13.82198659+00:00|	[Update Price by Queue Delay]: Own price updated to 0

LOG: 2024-02-02T15:36:13.822025941+00:00|	[Incremental Waiting Time Maximum]:	0.012288 ms.

LOG: 2024-02-02T15:36:14.02891632+00:00|	[Update Price by Queue Delay]: Own price updated to 0

LOG: 2024-02-02T15:36:14.028956067+00:00|	[Incremental Waiting Time Maximum]:	0.000000 ms.

LOG: 2024-02-02T15:36:14.236503094+00:00|	[Update Price by Queue Delay]: Own price updated to 0

LOG: 2024-02-02T15:36:14.236550934+00:00|	[Incremental Waiting Time Maximum]:	0.000000 ms.

LOG: 2024-02-02T15:36:14.444141321+00:00|	[Update Price by Queue Delay]: Own price updated to 0

LOG: 2024-02-02T15:36:14.444194513+00:00|	[Incremental Waiting Time Maximum]:	0.000000 ms.

LOG: 2024-02-02T15:36:14.651356542+00:00|	[Update Price by Queue Delay]: Own price updated to 0

LOG: 2024-02-02T15:36:14.651402327+00:00|	[Incremental Waiting Time Maximum]:	0.000000 ms.

LOG: 2024-02-02T15:36:14.858841883+00:00|	[Update Price by Queue Delay]: Own price updated to 0

LOG: 2024-02-02T15:36:14.858884195+00:00|	[Incremental Waiting Time Maximum]:	0.000000 ms.

LOG: 2024-02-02T15:36:15.065678935+00:00|	[Update Price by Queue Delay]: Own price updated to 0

LOG: 2024-02-02T15:36:15.065717964+00:00|	[Incremental Waiting Time Maximum]:	0.000000 ms.

LOG: 2024-02-02T15:36:15.27346432+00:00|	[Update Price by Queue Delay]: Own price updated to 0

LOG: 2024-02-02T15:36:15.273512139+00:00|	[Incremental Waiting Time Maximum]:	0.000000 ms.

LOG: 2024-02-02T15:36:15.480082128+00:00|	[Update Price by Queue Delay]: Own price updated to 0

LOG: 2024-02-02T15:36:15.480127202+00:00|	[Incremental Waiting Time Maximum]:	0.000000 ms.

LOG: 2024-02-02T15:36:15.687930743+00:00|	[Update Price by Queue Delay]: Own price updated to 0

LOG: 2024-02-02T15:36:15.687970941+00:00|	[Incremental Waiting Time Maximum]:	0.000000 ms.

LOG: 2024-02-02T15:36:15.895801509+00:00|	[Update Price by Queue Delay]: Own price updated to 0

LOG: 2024-02-02T15:36:15.895839852+00:00|	[Incremental Waiting Time Maximum]:	0.000000 ms.

LOG: 2024-02-02T15:36:16.102696184+00:00|	[Update Price by Queue Delay]: Own price updated to 0

LOG: 2024-02-02T15:36:16.102735048+00:00|	[Incremental Waiting Time Maximum]:	0.000000 ms.

LOG: 2024-02-02T15:36:16.310434896+00:00|	[Update Price by Queue Delay]: Own price updated to 0

LOG: 2024-02-02T15:36:16.310508079+00:00|	[Incremental Waiting Time Maximum]:	0.000000 ms.

LOG: 2024-02-02T15:36:16.517021398+00:00|	[Update Price by Queue Delay]: Own price updated to 0

LOG: 2024-02-02T15:36:16.517062397+00:00|	[Incremental Waiting Time Maximum]:	0.007168 ms.

LOG: 2024-02-02T15:36:16.72527139+00:00|	[Update Price by Queue Delay]: Own price updated to 0

LOG: 2024-02-02T15:36:16.72531042+00:00|	[Incremental Waiting Time Maximum]:	0.000000 ms.

LOG: 2024-02-02T15:36:16.932244645+00:00|	[Update Price by Queue Delay]: Own price updated to 0

LOG: 2024-02-02T15:36:16.932303044+00:00|	[Incremental Waiting Time Maximum]:	0.000000 ms.

LOG: 2024-02-02T15:36:17.140031814+00:00|	[Update Price by Queue Delay]: Own price updated to 0

LOG: 2024-02-02T15:36:17.140070618+00:00|	[Incremental Waiting Time Maximum]:	0.000000 ms.

LOG: 2024-02-02T15:36:17.347280471+00:00|	[Update Price by Queue Delay]: Own price updated to 0

LOG: 2024-02-02T15:36:17.347318965+00:00|	[Incremental Waiting Time Maximum]:	0.000000 ms.

LOG: 2024-02-02T15:36:17.554384055+00:00|	[Update Price by Queue Delay]: Own price updated to 0

LOG: 2024-02-02T15:36:17.554423621+00:00|	[Incremental Waiting Time Maximum]:	0.000000 ms.

LOG: 2024-02-02T15:36:17.76113278+00:00|	[Update Price by Queue Delay]: Own price updated to 0

LOG: 2024-02-02T15:36:17.761180264+00:00|	[Incremental Waiting Time Maximum]:	0.000000 ms.

LOG: 2024-02-02T15:36:17.969128442+00:00|	[Update Price by Queue Delay]: Own price updated to 0

LOG: 2024-02-02T15:36:17.969167652+00:00|	[Incremental Waiting Time Maximum]:	0.000000 ms.

LOG: 2024-02-02T15:36:18.176912519+00:00|	[Update Price by Queue Delay]: Own price updated to 0

LOG: 2024-02-02T15:36:18.176949935+00:00|	[Incremental Waiting Time Maximum]:	0.000000 ms.

LOG: 2024-02-02T15:36:18.383610031+00:00|	[Update Price by Queue Delay]: Own price updated to 0

LOG: 2024-02-02T15:36:18.383651045+00:00|	[Incremental Waiting Time Maximum]:	0.000000 ms.

LOG: 2024-02-02T15:36:18.591663787+00:00|	[Update Price by Queue Delay]: Own price updated to 0

LOG: 2024-02-02T15:36:18.591703473+00:00|	[Incremental Waiting Time Maximum]:	0.000000 ms.

LOG: 2024-02-02T15:36:18.798497702+00:00|	[Update Price by Queue Delay]: Own price updated to 0

LOG: 2024-02-02T15:36:18.798536326+00:00|	[Incremental Waiting Time Maximum]:	0.000000 ms.

LOG: 2024-02-02T15:36:19.005678799+00:00|	[Update Price by Queue Delay]: Own price updated to 0

LOG: 2024-02-02T15:36:19.005716481+00:00|	[Incremental Waiting Time Maximum]:	0.007168 ms.

LOG: 2024-02-02T15:36:19.213083169+00:00|	[Update Price by Queue Delay]: Own price updated to 0

LOG: 2024-02-02T15:36:19.213130077+00:00|	[Incremental Waiting Time Maximum]:	0.010240 ms.

LOG: 2024-02-02T15:36:19.421037928+00:00|	[Update Price by Queue Delay]: Own price updated to 0

LOG: 2024-02-02T15:36:19.421081373+00:00|	[Incremental Waiting Time Maximum]:	0.012288 ms.

LOG: 2024-02-02T15:36:19.627988992+00:00|	[Update Price by Queue Delay]: Own price updated to 0

LOG: 2024-02-02T15:36:19.628030277+00:00|	[Incremental Waiting Time Maximum]:	0.000000 ms.

LOG: 2024-02-02T15:36:19.83594132+00:00|	[Update Price by Queue Delay]: Own price updated to 0

LOG: 2024-02-02T15:36:19.835980921+00:00|	[Incremental Waiting Time Maximum]:	0.000000 ms.

LOG: 2024-02-02T15:36:20.042639869+00:00|	[Update Price by Queue Delay]: Own price updated to 0

LOG: 2024-02-02T15:36:20.04271204+00:00|	[Incremental Waiting Time Maximum]:	0.000000 ms.

LOG: 2024-02-02T15:36:20.250232897+00:00|	[Update Price by Queue Delay]: Own price updated to 0

LOG: 2024-02-02T15:36:20.250271571+00:00|	[Incremental Waiting Time Maximum]:	0.000000 ms.

LOG: 2024-02-02T15:36:20.4579935+00:00|	[Update Price by Queue Delay]: Own price updated to 0

LOG: 2024-02-02T15:36:20.45803502+00:00|	[Incremental Waiting Time Maximum]:	0.000000 ms.

LOG: 2024-02-02T15:36:20.665410895+00:00|	[Update Price by Queue Delay]: Own price updated to 0

LOG: 2024-02-02T15:36:20.665451233+00:00|	[Incremental Waiting Time Maximum]:	0.000000 ms.

LOG: 2024-02-02T15:36:20.872304207+00:00|	[Update Price by Queue Delay]: Own price updated to 0

LOG: 2024-02-02T15:36:20.872346869+00:00|	[Incremental Waiting Time Maximum]:	0.000000 ms.

LOG: 2024-02-02T15:36:21.080110795+00:00|	[Update Price by Queue Delay]: Own price updated to 0

LOG: 2024-02-02T15:36:21.080149173+00:00|	[Incremental Waiting Time Maximum]:	0.000000 ms.

LOG: 2024-02-02T15:36:21.287097245+00:00|	[Update Price by Queue Delay]: Own price updated to 0

LOG: 2024-02-02T15:36:21.287136886+00:00|	[Incremental Waiting Time Maximum]:	0.012288 ms.

LOG: 2024-02-02T15:36:21.494896176+00:00|	[Update Price by Queue Delay]: Own price updated to 0

LOG: 2024-02-02T15:36:21.494941826+00:00|	[Incremental Waiting Time Maximum]:	0.000000 ms.

LOG: 2024-02-02T15:36:21.701826317+00:00|	[Update Price by Queue Delay]: Own price updated to 0

LOG: 2024-02-02T15:36:21.701868594+00:00|	[Incremental Waiting Time Maximum]:	0.000000 ms.

LOG: 2024-02-02T15:36:21.909275991+00:00|	[Update Price by Queue Delay]: Own price updated to 0

LOG: 2024-02-02T15:36:21.909315091+00:00|	[Incremental Waiting Time Maximum]:	0.000000 ms.

LOG: 2024-02-02T15:36:22.116489272+00:00|	[Update Price by Queue Delay]: Own price updated to 0

LOG: 2024-02-02T15:36:22.116527154+00:00|	[Incremental Waiting Time Maximum]:	0.000000 ms.

LOG: 2024-02-02T15:36:22.324298106+00:00|	[Update Price by Queue Delay]: Own price updated to 0

LOG: 2024-02-02T15:36:22.324337431+00:00|	[Incremental Waiting Time Maximum]:	0.000000 ms.

LOG: 2024-02-02T15:36:22.531269958+00:00|	[Update Price by Queue Delay]: Own price updated to 0

LOG: 2024-02-02T15:36:22.531310075+00:00|	[Incremental Waiting Time Maximum]:	0.000000 ms.

LOG: 2024-02-02T15:36:22.738721416+00:00|	[Update Price by Queue Delay]: Own price updated to 0

LOG: 2024-02-02T15:36:22.738760556+00:00|	[Incremental Waiting Time Maximum]:	0.000000 ms.

LOG: 2024-02-02T15:36:22.946550772+00:00|	[Update Price by Queue Delay]: Own price updated to 0

LOG: 2024-02-02T15:36:22.946590488+00:00|	[Incremental Waiting Time Maximum]:	0.012288 ms.

LOG: 2024-02-02T15:36:23.153447481+00:00|	[Update Price by Queue Delay]: Own price updated to 0

LOG: 2024-02-02T15:36:23.153485984+00:00|	[Incremental Waiting Time Maximum]:	0.000000 ms.

LOG: 2024-02-02T15:36:23.36133928+00:00|	[Update Price by Queue Delay]: Own price updated to 0

LOG: 2024-02-02T15:36:23.361379452+00:00|	[Incremental Waiting Time Maximum]:	0.000000 ms.

LOG: 2024-02-02T15:36:23.568338971+00:00|	[Update Price by Queue Delay]: Own price updated to 0

LOG: 2024-02-02T15:36:23.568377825+00:00|	[Incremental Waiting Time Maximum]:	0.000000 ms.

LOG: 2024-02-02T15:36:23.775977568+00:00|	[Update Price by Queue Delay]: Own price updated to 0

LOG: 2024-02-02T15:36:23.776016317+00:00|	[Incremental Waiting Time Maximum]:	0.000000 ms.

LOG: 2024-02-02T15:36:23.982972929+00:00|	[Update Price by Queue Delay]: Own price updated to 0

LOG: 2024-02-02T15:36:23.983011999+00:00|	[Incremental Waiting Time Maximum]:	0.000000 ms.

LOG: 2024-02-02T15:36:24.190313192+00:00|	[Update Price by Queue Delay]: Own price updated to 0

LOG: 2024-02-02T15:36:24.190357669+00:00|	[Incremental Waiting Time Maximum]:	0.000000 ms.

LOG: 2024-02-02T15:36:24.398075243+00:00|	[Update Price by Queue Delay]: Own price updated to 0

LOG: 2024-02-02T15:36:24.398114969+00:00|	[Incremental Waiting Time Maximum]:	0.000000 ms.

LOG: 2024-02-02T15:36:24.60553047+00:00|	[Update Price by Queue Delay]: Own price updated to 0

LOG: 2024-02-02T15:36:24.605573068+00:00|	[Incremental Waiting Time Maximum]:	0.000000 ms.

LOG: 2024-02-02T15:36:24.812455674+00:00|	[Update Price by Queue Delay]: Own price updated to 0

LOG: 2024-02-02T15:36:24.812494689+00:00|	[Incremental Waiting Time Maximum]:	0.000000 ms.

LOG: 2024-02-02T15:36:25.019247242+00:00|	[Update Price by Queue Delay]: Own price updated to 0

LOG: 2024-02-02T15:36:25.019294641+00:00|	[Incremental Waiting Time Maximum]:	0.000000 ms.

LOG: 2024-02-02T15:36:25.226673372+00:00|	[Update Price by Queue Delay]: Own price updated to 0

LOG: 2024-02-02T15:36:25.226698048+00:00|	[Incremental Waiting Time Maximum]:	0.000000 ms.

LOG: 2024-02-02T15:36:25.433979195+00:00|	[Update Price by Queue Delay]: Own price updated to 0

LOG: 2024-02-02T15:36:25.434018947+00:00|	[Incremental Waiting Time Maximum]:	0.010240 ms.

LOG: 2024-02-02T15:36:25.64191235+00:00|	[Update Price by Queue Delay]: Own price updated to 0

LOG: 2024-02-02T15:36:25.641951189+00:00|	[Incremental Waiting Time Maximum]:	0.000000 ms.

LOG: 2024-02-02T15:36:25.849784704+00:00|	[Update Price by Queue Delay]: Own price updated to 0

LOG: 2024-02-02T15:36:25.849828029+00:00|	[Incremental Waiting Time Maximum]:	0.000000 ms.

LOG: 2024-02-02T15:36:26.056376744+00:00|	[Update Price by Queue Delay]: Own price updated to 0

LOG: 2024-02-02T15:36:26.056402844+00:00|	[Incremental Waiting Time Maximum]:	0.000000 ms.

LOG: 2024-02-02T15:36:26.26435212+00:00|	[Update Price by Queue Delay]: Own price updated to 0

LOG: 2024-02-02T15:36:26.264393826+00:00|	[Incremental Waiting Time Maximum]:	0.000000 ms.

LOG: 2024-02-02T15:36:26.471302723+00:00|	[Update Price by Queue Delay]: Own price updated to 0

LOG: 2024-02-02T15:36:26.471341908+00:00|	[Incremental Waiting Time Maximum]:	0.000000 ms.

LOG: 2024-02-02T15:36:26.679188112+00:00|	[Update Price by Queue Delay]: Own price updated to 0

LOG: 2024-02-02T15:36:26.679233366+00:00|	[Incremental Waiting Time Maximum]:	0.000000 ms.

LOG: 2024-02-02T15:36:26.886110525+00:00|	[Update Price by Queue Delay]: Own price updated to 0

LOG: 2024-02-02T15:36:26.886148708+00:00|	[Incremental Waiting Time Maximum]:	0.000000 ms.

LOG: 2024-02-02T15:36:27.093944853+00:00|	[Update Price by Queue Delay]: Own price updated to 0

LOG: 2024-02-02T15:36:27.093984414+00:00|	[Incremental Waiting Time Maximum]:	0.000000 ms.

LOG: 2024-02-02T15:36:27.300782296+00:00|	[Update Price by Queue Delay]: Own price updated to 0

LOG: 2024-02-02T15:36:27.300824979+00:00|	[Incremental Waiting Time Maximum]:	0.010240 ms.

LOG: 2024-02-02T15:36:27.50856301+00:00|	[Update Price by Queue Delay]: Own price updated to 0

LOG: 2024-02-02T15:36:27.5086024+00:00|	[Incremental Waiting Time Maximum]:	0.000000 ms.

LOG: 2024-02-02T15:36:27.715713336+00:00|	[Update Price by Queue Delay]: Own price updated to 0

LOG: 2024-02-02T15:36:27.715753158+00:00|	[Incremental Waiting Time Maximum]:	0.010240 ms.

LOG: 2024-02-02T15:36:27.923564432+00:00|	[Update Price by Queue Delay]: Own price updated to 0

LOG: 2024-02-02T15:36:27.923603943+00:00|	[Incremental Waiting Time Maximum]:	0.000000 ms.

LOG: 2024-02-02T15:36:28.130364109+00:00|	[Update Price by Queue Delay]: Own price updated to 0

LOG: 2024-02-02T15:36:28.130403098+00:00|	[Incremental Waiting Time Maximum]:	0.000000 ms.

LOG: 2024-02-02T15:36:28.338262082+00:00|	[Update Price by Queue Delay]: Own price updated to 0

LOG: 2024-02-02T15:36:28.338301287+00:00|	[Incremental Waiting Time Maximum]:	0.000000 ms.

LOG: 2024-02-02T15:36:28.545030366+00:00|	[Update Price by Queue Delay]: Own price updated to 0

LOG: 2024-02-02T15:36:28.545072713+00:00|	[Incremental Waiting Time Maximum]:	0.000000 ms.

LOG: 2024-02-02T15:36:28.752887406+00:00|	[Update Price by Queue Delay]: Own price updated to 0

LOG: 2024-02-02T15:36:28.752926515+00:00|	[Incremental Waiting Time Maximum]:	0.000000 ms.

LOG: 2024-02-02T15:36:28.959343862+00:00|	[Update Price by Queue Delay]: Own price updated to 0

LOG: 2024-02-02T15:36:28.959380031+00:00|	[Incremental Waiting Time Maximum]:	0.393216 ms.

LOG: 2024-02-02T15:36:29.166723003+00:00|	[Update Price by Queue Delay]: Own price updated to 0

LOG: 2024-02-02T15:36:29.166793573+00:00|	[Incremental Waiting Time Maximum]:	0.655360 ms.

LOG: 2024-02-02T15:36:29.374083761+00:00|	[Update Price by Queue Delay]: Own price updated to 0

LOG: 2024-02-02T15:36:29.374129047+00:00|	[Incremental Waiting Time Maximum]:	0.655360 ms.

LOG: 2024-02-02T15:36:29.58155917+00:00|	[Update Price by Queue Delay]: Own price updated to 0

LOG: 2024-02-02T15:36:29.58160039+00:00|	[Incremental Waiting Time Maximum]:	0.262144 ms.

LOG: 2024-02-02T15:36:29.788869027+00:00|	[Update Price by Queue Delay]: Own price updated to 0

LOG: 2024-02-02T15:36:29.788943599+00:00|	[Incremental Waiting Time Maximum]:	1.310720 ms.

LOG: 2024-02-02T15:36:29.99627579+00:00|	[Update Price by Queue Delay]: Own price updated to 0

LOG: 2024-02-02T15:36:29.99631604+00:00|	[Incremental Waiting Time Maximum]:	0.524288 ms.

LOG: 2024-02-02T15:36:30.203602789+00:00|	[Update Price by Queue Delay]: Own price updated to 0

LOG: 2024-02-02T15:36:30.203642881+00:00|	[Incremental Waiting Time Maximum]:	0.163840 ms.

LOG: 2024-02-02T15:36:30.412031783+00:00|	[Update Price by Queue Delay]: Own price updated to 0

LOG: 2024-02-02T15:36:30.412068215+00:00|	[Incremental Waiting Time Maximum]:	0.524288 ms.

LOG: 2024-02-02T15:36:30.618406315+00:00|	[Update Price by Queue Delay]: Own price updated to 0

LOG: 2024-02-02T15:36:30.618456883+00:00|	[Incremental Waiting Time Maximum]:	0.655360 ms.

LOG: 2024-02-02T15:36:30.825882919+00:00|	[Update Price by Queue Delay]: Own price updated to 0

LOG: 2024-02-02T15:36:30.825924093+00:00|	[Incremental Waiting Time Maximum]:	0.786432 ms.

LOG: 2024-02-02T15:36:31.033123216+00:00|	[Update Price by Queue Delay]: Own price updated to 0

LOG: 2024-02-02T15:36:31.033163407+00:00|	[Incremental Waiting Time Maximum]:	0.262144 ms.

LOG: 2024-02-02T15:36:31.240542644+00:00|	[Update Price by Queue Delay]: Own price updated to 0

LOG: 2024-02-02T15:36:31.240595164+00:00|	[Incremental Waiting Time Maximum]:	0.524288 ms.

LOG: 2024-02-02T15:36:31.447825839+00:00|	[Update Price by Queue Delay]: Own price updated to 0

LOG: 2024-02-02T15:36:31.44786492+00:00|	[Incremental Waiting Time Maximum]:	0.262144 ms.

LOG: 2024-02-02T15:36:31.65521863+00:00|	[Update Price by Queue Delay]: Own price updated to 0

LOG: 2024-02-02T15:36:31.655245596+00:00|	[Incremental Waiting Time Maximum]:	0.458752 ms.

LOG: 2024-02-02T15:36:31.864475544+00:00|	[Update Price by Queue Delay]: Own price updated to 0

LOG: 2024-02-02T15:36:31.86451833+00:00|	[Incremental Waiting Time Maximum]:	2.621440 ms.

LOG: 2024-02-02T15:36:32.074816131+00:00|	[Update Price by Queue Delay]: Own price updated to 0

LOG: 2024-02-02T15:36:32.074847117+00:00|	[Incremental Waiting Time Maximum]:	1.572864 ms.

LOG: 2024-02-02T15:36:32.278131235+00:00|	[Update Price by Queue Delay]: Own price updated to 0

LOG: 2024-02-02T15:36:32.278166382+00:00|	[Incremental Waiting Time Maximum]:	3.145728 ms.

LOG: 2024-02-02T15:36:32.484762337+00:00|	[Update Price by Queue Delay]: Own price updated to 0

LOG: 2024-02-02T15:36:32.484794069+00:00|	[Incremental Waiting Time Maximum]:	0.655360 ms.

LOG: 2024-02-02T15:36:32.692298656+00:00|	[Update Price by Queue Delay]: Own price updated to 0

LOG: 2024-02-02T15:36:32.692328586+00:00|	[Incremental Waiting Time Maximum]:	0.917504 ms.

LOG: 2024-02-02T15:36:32.901377476+00:00|	[Update Price by Queue Delay]: Own price updated to 0

LOG: 2024-02-02T15:36:32.901450329+00:00|	[Incremental Waiting Time Maximum]:	1.310720 ms.

LOG: 2024-02-02T15:36:33.106974611+00:00|	[Update Price by Queue Delay]: Own price updated to 0

LOG: 2024-02-02T15:36:33.107018629+00:00|	[Incremental Waiting Time Maximum]:	3.145728 ms.

LOG: 2024-02-02T15:36:33.314198323+00:00|	[Update Price by Queue Delay]: Own price updated to 0

LOG: 2024-02-02T15:36:33.314231836+00:00|	[Incremental Waiting Time Maximum]:	3.145728 ms.

LOG: 2024-02-02T15:36:33.52160634+00:00|	[Update Price by Queue Delay]: Own price updated to 0

LOG: 2024-02-02T15:36:33.521641964+00:00|	[Incremental Waiting Time Maximum]:	2.621440 ms.

LOG: 2024-02-02T15:36:33.730667334+00:00|	[Update Price by Queue Delay]: Own price updated to 0

LOG: 2024-02-02T15:36:33.730715077+00:00|	[Incremental Waiting Time Maximum]:	3.670016 ms.

LOG: 2024-02-02T15:36:33.936331824+00:00|	[Update Price by Queue Delay]: Own price updated to 0

LOG: 2024-02-02T15:36:33.936382021+00:00|	[Incremental Waiting Time Maximum]:	2.097152 ms.

LOG: 2024-02-02T15:36:34.143842427+00:00|	[Update Price by Queue Delay]: Own price updated to 0

LOG: 2024-02-02T15:36:34.143874367+00:00|	[Incremental Waiting Time Maximum]:	7.340032 ms.

LOG: 2024-02-02T15:36:34.35107218+00:00|	[Update Price by Queue Delay]: Own price updated to 0

LOG: 2024-02-02T15:36:34.351112247+00:00|	[Incremental Waiting Time Maximum]:	1.572864 ms.

LOG: 2024-02-02T15:36:34.558449082+00:00|	[Update Price by Queue Delay]: Own price updated to 0

LOG: 2024-02-02T15:36:34.558500017+00:00|	[Incremental Waiting Time Maximum]:	3.670016 ms.

LOG: 2024-02-02T15:36:34.765831145+00:00|	[Update Price by Queue Delay]: Own price updated to 0

LOG: 2024-02-02T15:36:34.765936868+00:00|	[Incremental Waiting Time Maximum]:	2.097152 ms.

LOG: 2024-02-02T15:36:34.973273709+00:00|	[Update Price by Queue Delay]: Own price updated to 0

LOG: 2024-02-02T15:36:34.973333519+00:00|	[Incremental Waiting Time Maximum]:	2.097152 ms.

LOG: 2024-02-02T15:36:35.181694466+00:00|	[Update Price by Queue Delay]: Own price updated to 0

LOG: 2024-02-02T15:36:35.181735373+00:00|	[Incremental Waiting Time Maximum]:	0.458752 ms.

LOG: 2024-02-02T15:36:35.382314269+00:00|	[Update Price by Queue Delay]: Own price updated to 0

LOG: 2024-02-02T15:36:35.382354594+00:00|	[Incremental Waiting Time Maximum]:	1.572864 ms.

LOG: 2024-02-02T15:36:35.586254796+00:00|	[Update Price by Queue Delay]: Own price updated to 0

LOG: 2024-02-02T15:36:35.586323894+00:00|	[Incremental Waiting Time Maximum]:	0.000000 ms.

LOG: 2024-02-02T15:36:35.793633602+00:00|	[Update Price by Queue Delay]: Own price updated to 0

LOG: 2024-02-02T15:36:35.793678294+00:00|	[Incremental Waiting Time Maximum]:	0.000000 ms.

LOG: 2024-02-02T15:36:36.000273576+00:00|	[Update Price by Queue Delay]: Own price updated to 0

LOG: 2024-02-02T15:36:36.000314225+00:00|	[Incremental Waiting Time Maximum]:	0.010240 ms.

LOG: 2024-02-02T15:36:36.208576896+00:00|	[Update Price by Queue Delay]: Own price updated to 0

LOG: 2024-02-02T15:36:36.208616271+00:00|	[Incremental Waiting Time Maximum]:	0.000000 ms.

LOG: 2024-02-02T15:36:36.415454651+00:00|	[Update Price by Queue Delay]: Own price updated to 0

LOG: 2024-02-02T15:36:36.415493601+00:00|	[Incremental Waiting Time Maximum]:	0.000000 ms.

LOG: 2024-02-02T15:36:36.623412497+00:00|	[Update Price by Queue Delay]: Own price updated to 0

LOG: 2024-02-02T15:36:36.62345926+00:00|	[Incremental Waiting Time Maximum]:	0.000000 ms.

LOG: 2024-02-02T15:36:36.830310033+00:00|	[Update Price by Queue Delay]: Own price updated to 0

LOG: 2024-02-02T15:36:36.830356029+00:00|	[Incremental Waiting Time Maximum]:	0.000000 ms.

LOG: 2024-02-02T15:36:37.038125627+00:00|	[Update Price by Queue Delay]: Own price updated to 0

LOG: 2024-02-02T15:36:37.038165098+00:00|	[Incremental Waiting Time Maximum]:	0.000000 ms.

LOG: 2024-02-02T15:36:37.245437159+00:00|	[Update Price by Queue Delay]: Own price updated to 0

LOG: 2024-02-02T15:36:37.245476785+00:00|	[Incremental Waiting Time Maximum]:	0.000000 ms.

LOG: 2024-02-02T15:36:37.452470637+00:00|	[Update Price by Queue Delay]: Own price updated to 0

LOG: 2024-02-02T15:36:37.452509747+00:00|	[Incremental Waiting Time Maximum]:	0.000000 ms.

LOG: 2024-02-02T15:36:37.660299808+00:00|	[Update Price by Queue Delay]: Own price updated to 0

LOG: 2024-02-02T15:36:37.660338336+00:00|	[Incremental Waiting Time Maximum]:	0.000000 ms.

LOG: 2024-02-02T15:36:37.86713034+00:00|	[Update Price by Queue Delay]: Own price updated to 0

LOG: 2024-02-02T15:36:37.867172286+00:00|	[Incremental Waiting Time Maximum]:	0.010240 ms.

LOG: 2024-02-02T15:36:38.074005339+00:00|	[Update Price by Queue Delay]: Own price updated to 0

LOG: 2024-02-02T15:36:38.074044715+00:00|	[Incremental Waiting Time Maximum]:	0.010240 ms.

LOG: 2024-02-02T15:36:38.281738579+00:00|	[Update Price by Queue Delay]: Own price updated to 0

LOG: 2024-02-02T15:36:38.281786008+00:00|	[Incremental Waiting Time Maximum]:	0.000000 ms.

LOG: 2024-02-02T15:36:38.489068969+00:00|	[Update Price by Queue Delay]: Own price updated to 0

LOG: 2024-02-02T15:36:38.489136314+00:00|	[Incremental Waiting Time Maximum]:	0.000000 ms.

