Service Name:  ms-58845
Call Graph of the Service:
map[]
Downstreams of the Service:
[]
Server Configurations:
[{COMPUTATION_DISTRIBUTION constant} {PROCESS_TIME 1.0ms} {APP_PORT 50051} {LOG_LEVEL Info} {GREETING Hi Malaka!} {SUBCALL parallel} {PROFILING false}]
Charon Configurations:
[{INTERCEPT charon} {PRICE_UPDATE_RATE 19266us} {TOKEN_UPDATE_RATE 27431us} {LATENCY_THRESHOLD 14351us} {PRICE_STEP 124} {PRICE_STRATEGY proportional} {LAZY_UPDATE true} {RATE_LIMITING true} {LOAD_SHEDDING true} {CHARON_TRACK_PRICE true} {BREAKWATER_SLO 12500us} {BREAKWATER_A 0.001} {BREAKWATER_B 0.02} {BREAKWATER_CLIENT_EXPIRATION 10ms} {BREAKWATER_INITIAL_CREDIT 400} {BREAKWATER_LOAD_SHEDDING true} {BREAKWATER_RTT 1000us} {BREAKWATERD_SLO 12500us} {BREAKWATERD_A 0.001} {BREAKWATERD_B 0.02} {BREAKWATERD_CLIENT_EXPIRATION 10ms} {BREAKWATERD_INITIAL_CREDIT 400} {BREAKWATERD_LOAD_SHEDDING true} {BREAKWATERD_RTT 1000us} {DAGOR_QUEUING_THRESHOLD 2ms} {DAGOR_ALPHA 0.05} {DAGOR_BETA 0.01} {DAGOR_ADMISSION_LEVEL_UPDATE_INTERVAL 10ms} {DAGOR_UMAX 20}]
Price Update Rate: 19.266ms
Latency Threshold: 14.351ms
Price Step: 124
Price Strategy: proportional
Intercept: charon
Lazy Update: true
Rate Limiting: true
Load Shedding: true
Charon Track Price: true
Breakwater SLO: 12.5ms
Breakwater Client Timeout: 10ms
Breakwater Initial Credit: 400
Breakwater A: 0.001
Breakwater B: 0.02
Breakwater Load Shedding: true
Breakwater RTT: 1ms
BreakwaterD SLO: 12.5ms
BreakwaterD Client Timeout: 10ms
BreakwaterD Initial Credit: 400
BreakwaterD A: 0.001
BreakwaterD B: 0.02
BreakwaterD Load Shedding: true
BreakwaterD RTT: 1ms
Dagor Queuing Threshold: 2ms
Dagor Alpha: 0.05
Dagor Beta: 0.01
Dagor Admission Level Update Interval: 10ms
Dagor Umax: 20
Computation Distribution: constant
Process Time: 1ms
Address Listening on: 0.0.0.0:50051
Greeting Message: Hi Malaka!
Log Level: Info
Subcall Pattern: parallel
{"function":"run","level":"info","line":"652","msg":"Charon Config: map[debug:false guidePrice:-1 initprice:0 latencyThreshold:14.351ms lazyResponse:true loadShedding:true pinpointLatency:false pinpointQueuing:true pinpointThroughput:false priceAggregation:maximal priceStep:124 priceStrategy:proportional priceUpdateRate:19.266ms rateLimiting:true recordPrice:true]","time":"2024-01-31T04:47:51Z"}
LOG: 2024-01-31T04:47:51.397698267+00:00|	[Update Price by Queue Delay]: Own price updated to 0

LOG: 2024-01-31T04:47:51.397779665+00:00|	[Incremental Waiting Time Maximum]:	0.000000 ms.

LOG: 2024-01-31T04:47:51.609671111+00:00|	[Update Price by Queue Delay]: Own price updated to 0

LOG: 2024-01-31T04:47:51.609723021+00:00|	[Incremental Waiting Time Maximum]:	0.000000 ms.

LOG: 2024-01-31T04:47:51.821595433+00:00|	[Update Price by Queue Delay]: Own price updated to 0

LOG: 2024-01-31T04:47:51.821647188+00:00|	[Incremental Waiting Time Maximum]:	0.000000 ms.

LOG: 2024-01-31T04:47:52.033549489+00:00|	[Update Price by Queue Delay]: Own price updated to 0

LOG: 2024-01-31T04:47:52.033603784+00:00|	[Incremental Waiting Time Maximum]:	0.000000 ms.

LOG: 2024-01-31T04:47:52.245424106+00:00|	[Update Price by Queue Delay]: Own price updated to 0

LOG: 2024-01-31T04:47:52.245469651+00:00|	[Incremental Waiting Time Maximum]:	0.000000 ms.

LOG: 2024-01-31T04:47:52.457455315+00:00|	[Update Price by Queue Delay]: Own price updated to 0

LOG: 2024-01-31T04:47:52.457493518+00:00|	[Incremental Waiting Time Maximum]:	0.000000 ms.

LOG: 2024-01-31T04:47:52.669861019+00:00|	[Update Price by Queue Delay]: Own price updated to 0

LOG: 2024-01-31T04:47:52.669912012+00:00|	[Incremental Waiting Time Maximum]:	0.000000 ms.

LOG: 2024-01-31T04:47:52.881261125+00:00|	[Update Price by Queue Delay]: Own price updated to 0

LOG: 2024-01-31T04:47:52.881320041+00:00|	[Incremental Waiting Time Maximum]:	0.000000 ms.

LOG: 2024-01-31T04:47:53.094219521+00:00|	[Update Price by Queue Delay]: Own price updated to 0

LOG: 2024-01-31T04:47:53.094274242+00:00|	[Incremental Waiting Time Maximum]:	0.000000 ms.

LOG: 2024-01-31T04:47:53.306163428+00:00|	[Update Price by Queue Delay]: Own price updated to 0

LOG: 2024-01-31T04:47:53.306201837+00:00|	[Incremental Waiting Time Maximum]:	0.000000 ms.

LOG: 2024-01-31T04:47:53.516977575+00:00|	[Update Price by Queue Delay]: Own price updated to 0

LOG: 2024-01-31T04:47:53.517023792+00:00|	[Incremental Waiting Time Maximum]:	0.000000 ms.

LOG: 2024-01-31T04:47:53.728916771+00:00|	[Update Price by Queue Delay]: Own price updated to 0

LOG: 2024-01-31T04:47:53.72896609+00:00|	[Incremental Waiting Time Maximum]:	0.010240 ms.

LOG: 2024-01-31T04:47:53.941613513+00:00|	[Update Price by Queue Delay]: Own price updated to 0

LOG: 2024-01-31T04:47:53.941653195+00:00|	[Incremental Waiting Time Maximum]:	0.000000 ms.

LOG: 2024-01-31T04:47:54.152861337+00:00|	[Update Price by Queue Delay]: Own price updated to 0

LOG: 2024-01-31T04:47:54.152899981+00:00|	[Incremental Waiting Time Maximum]:	0.000000 ms.

LOG: 2024-01-31T04:47:54.365110369+00:00|	[Update Price by Queue Delay]: Own price updated to 0

LOG: 2024-01-31T04:47:54.365153278+00:00|	[Incremental Waiting Time Maximum]:	0.000000 ms.

LOG: 2024-01-31T04:47:54.577470112+00:00|	[Update Price by Queue Delay]: Own price updated to 0

LOG: 2024-01-31T04:47:54.577508816+00:00|	[Incremental Waiting Time Maximum]:	0.000000 ms.

LOG: 2024-01-31T04:47:54.788557435+00:00|	[Update Price by Queue Delay]: Own price updated to 0

LOG: 2024-01-31T04:47:54.788606453+00:00|	[Incremental Waiting Time Maximum]:	0.000000 ms.

LOG: 2024-01-31T04:47:55.001491355+00:00|	[Update Price by Queue Delay]: Own price updated to 0

LOG: 2024-01-31T04:47:55.001538719+00:00|	[Incremental Waiting Time Maximum]:	0.010240 ms.

LOG: 2024-01-31T04:47:55.21257102+00:00|	[Update Price by Queue Delay]: Own price updated to 0

LOG: 2024-01-31T04:47:55.212620319+00:00|	[Incremental Waiting Time Maximum]:	0.000000 ms.

LOG: 2024-01-31T04:47:55.425337964+00:00|	[Update Price by Queue Delay]: Own price updated to 0

LOG: 2024-01-31T04:47:55.425378753+00:00|	[Incremental Waiting Time Maximum]:	0.000000 ms.

LOG: 2024-01-31T04:47:55.637346415+00:00|	[Update Price by Queue Delay]: Own price updated to 0

LOG: 2024-01-31T04:47:55.637385656+00:00|	[Incremental Waiting Time Maximum]:	0.010240 ms.

LOG: 2024-01-31T04:47:55.849257085+00:00|	[Update Price by Queue Delay]: Own price updated to 0

LOG: 2024-01-31T04:47:55.84929589+00:00|	[Incremental Waiting Time Maximum]:	0.000000 ms.

LOG: 2024-01-31T04:47:56.060096756+00:00|	[Update Price by Queue Delay]: Own price updated to 0

LOG: 2024-01-31T04:47:56.060142953+00:00|	[Incremental Waiting Time Maximum]:	0.000000 ms.

LOG: 2024-01-31T04:47:56.272007512+00:00|	[Update Price by Queue Delay]: Own price updated to 0

LOG: 2024-01-31T04:47:56.272051659+00:00|	[Incremental Waiting Time Maximum]:	0.000000 ms.

LOG: 2024-01-31T04:47:56.484770466+00:00|	[Update Price by Queue Delay]: Own price updated to 0

LOG: 2024-01-31T04:47:56.484807587+00:00|	[Incremental Waiting Time Maximum]:	0.000000 ms.

LOG: 2024-01-31T04:47:56.695871226+00:00|	[Update Price by Queue Delay]: Own price updated to 0

LOG: 2024-01-31T04:47:56.695928829+00:00|	[Incremental Waiting Time Maximum]:	0.000000 ms.

LOG: 2024-01-31T04:47:56.908602427+00:00|	[Update Price by Queue Delay]: Own price updated to 0

LOG: 2024-01-31T04:47:56.908639655+00:00|	[Incremental Waiting Time Maximum]:	0.000000 ms.

LOG: 2024-01-31T04:47:57.11970282+00:00|	[Update Price by Queue Delay]: Own price updated to 0

LOG: 2024-01-31T04:47:57.119751132+00:00|	[Incremental Waiting Time Maximum]:	0.000000 ms.

LOG: 2024-01-31T04:47:57.332281779+00:00|	[Update Price by Queue Delay]: Own price updated to 0

LOG: 2024-01-31T04:47:57.332319492+00:00|	[Incremental Waiting Time Maximum]:	0.000000 ms.

LOG: 2024-01-31T04:47:57.543599339+00:00|	[Update Price by Queue Delay]: Own price updated to 0

LOG: 2024-01-31T04:47:57.543661438+00:00|	[Incremental Waiting Time Maximum]:	0.000000 ms.

LOG: 2024-01-31T04:47:57.756597958+00:00|	[Update Price by Queue Delay]: Own price updated to 0

LOG: 2024-01-31T04:47:57.756639099+00:00|	[Incremental Waiting Time Maximum]:	0.010240 ms.

LOG: 2024-01-31T04:47:57.968483441+00:00|	[Update Price by Queue Delay]: Own price updated to 0

LOG: 2024-01-31T04:47:57.968562488+00:00|	[Incremental Waiting Time Maximum]:	0.000000 ms.

LOG: 2024-01-31T04:47:58.179387801+00:00|	[Update Price by Queue Delay]: Own price updated to 0

LOG: 2024-01-31T04:47:58.179430239+00:00|	[Incremental Waiting Time Maximum]:	0.000000 ms.

LOG: 2024-01-31T04:47:58.392309001+00:00|	[Update Price by Queue Delay]: Own price updated to 0

LOG: 2024-01-31T04:47:58.392347505+00:00|	[Incremental Waiting Time Maximum]:	0.000000 ms.

LOG: 2024-01-31T04:47:58.604242108+00:00|	[Update Price by Queue Delay]: Own price updated to 0

LOG: 2024-01-31T04:47:58.604281354+00:00|	[Incremental Waiting Time Maximum]:	0.000000 ms.

LOG: 2024-01-31T04:47:58.815115607+00:00|	[Update Price by Queue Delay]: Own price updated to 0

LOG: 2024-01-31T04:47:58.815168635+00:00|	[Incremental Waiting Time Maximum]:	0.000000 ms.

LOG: 2024-01-31T04:47:59.028080524+00:00|	[Update Price by Queue Delay]: Own price updated to 0

LOG: 2024-01-31T04:47:59.028118667+00:00|	[Incremental Waiting Time Maximum]:	0.000000 ms.

LOG: 2024-01-31T04:47:59.24004578+00:00|	[Update Price by Queue Delay]: Own price updated to 0

LOG: 2024-01-31T04:47:59.240084424+00:00|	[Incremental Waiting Time Maximum]:	0.000000 ms.

LOG: 2024-01-31T04:47:59.450962113+00:00|	[Update Price by Queue Delay]: Own price updated to 0

LOG: 2024-01-31T04:47:59.451003594+00:00|	[Incremental Waiting Time Maximum]:	0.000000 ms.

LOG: 2024-01-31T04:47:59.663775163+00:00|	[Update Price by Queue Delay]: Own price updated to 0

LOG: 2024-01-31T04:47:59.663813101+00:00|	[Incremental Waiting Time Maximum]:	0.000000 ms.

LOG: 2024-01-31T04:47:59.875826358+00:00|	[Update Price by Queue Delay]: Own price updated to 0

LOG: 2024-01-31T04:47:59.87586596+00:00|	[Incremental Waiting Time Maximum]:	0.010240 ms.

LOG: 2024-01-31T04:48:00.087065813+00:00|	[Update Price by Queue Delay]: Own price updated to 0

LOG: 2024-01-31T04:48:00.087108657+00:00|	[Incremental Waiting Time Maximum]:	0.000000 ms.

LOG: 2024-01-31T04:48:00.29961983+00:00|	[Update Price by Queue Delay]: Own price updated to 0

LOG: 2024-01-31T04:48:00.299661772+00:00|	[Incremental Waiting Time Maximum]:	0.000000 ms.

LOG: 2024-01-31T04:48:00.510583858+00:00|	[Update Price by Queue Delay]: Own price updated to 0

LOG: 2024-01-31T04:48:00.510648016+00:00|	[Incremental Waiting Time Maximum]:	0.000000 ms.

LOG: 2024-01-31T04:48:00.722442989+00:00|	[Update Price by Queue Delay]: Own price updated to 0

LOG: 2024-01-31T04:48:00.722490745+00:00|	[Incremental Waiting Time Maximum]:	0.000000 ms.

LOG: 2024-01-31T04:48:00.934429214+00:00|	[Update Price by Queue Delay]: Own price updated to 0

LOG: 2024-01-31T04:48:00.934472429+00:00|	[Incremental Waiting Time Maximum]:	0.000000 ms.

LOG: 2024-01-31T04:48:01.147386368+00:00|	[Update Price by Queue Delay]: Own price updated to 0

LOG: 2024-01-31T04:48:01.147425177+00:00|	[Incremental Waiting Time Maximum]:	0.012288 ms.

LOG: 2024-01-31T04:48:01.358285736+00:00|	[Update Price by Queue Delay]: Own price updated to 0

LOG: 2024-01-31T04:48:01.358327388+00:00|	[Incremental Waiting Time Maximum]:	0.000000 ms.

LOG: 2024-01-31T04:48:01.570193415+00:00|	[Update Price by Queue Delay]: Own price updated to 0

LOG: 2024-01-31T04:48:01.570244728+00:00|	[Incremental Waiting Time Maximum]:	0.000000 ms.

LOG: 2024-01-31T04:48:01.782079759+00:00|	[Update Price by Queue Delay]: Own price updated to 0

LOG: 2024-01-31T04:48:01.782126572+00:00|	[Incremental Waiting Time Maximum]:	0.000000 ms.

LOG: 2024-01-31T04:48:01.994010847+00:00|	[Update Price by Queue Delay]: Own price updated to 0

LOG: 2024-01-31T04:48:01.994057359+00:00|	[Incremental Waiting Time Maximum]:	0.000000 ms.

LOG: 2024-01-31T04:48:02.206991519+00:00|	[Update Price by Queue Delay]: Own price updated to 0

LOG: 2024-01-31T04:48:02.207029853+00:00|	[Incremental Waiting Time Maximum]:	0.000000 ms.

LOG: 2024-01-31T04:48:02.418931552+00:00|	[Update Price by Queue Delay]: Own price updated to 0

LOG: 2024-01-31T04:48:02.418971014+00:00|	[Incremental Waiting Time Maximum]:	0.010240 ms.

LOG: 2024-01-31T04:48:02.63072828+00:00|	[Update Price by Queue Delay]: Own price updated to 0

LOG: 2024-01-31T04:48:02.630767686+00:00|	[Incremental Waiting Time Maximum]:	0.000000 ms.

LOG: 2024-01-31T04:48:02.841754316+00:00|	[Update Price by Queue Delay]: Own price updated to 0

LOG: 2024-01-31T04:48:02.841802678+00:00|	[Incremental Waiting Time Maximum]:	0.000000 ms.

LOG: 2024-01-31T04:48:03.054722921+00:00|	[Update Price by Queue Delay]: Own price updated to 0

LOG: 2024-01-31T04:48:03.054762678+00:00|	[Incremental Waiting Time Maximum]:	0.000000 ms.

LOG: 2024-01-31T04:48:03.265628624+00:00|	[Update Price by Queue Delay]: Own price updated to 0

LOG: 2024-01-31T04:48:03.265668426+00:00|	[Incremental Waiting Time Maximum]:	0.000000 ms.

LOG: 2024-01-31T04:48:03.478513019+00:00|	[Update Price by Queue Delay]: Own price updated to 0

LOG: 2024-01-31T04:48:03.478551694+00:00|	[Incremental Waiting Time Maximum]:	0.000000 ms.

LOG: 2024-01-31T04:48:03.690454516+00:00|	[Update Price by Queue Delay]: Own price updated to 0

LOG: 2024-01-31T04:48:03.690497821+00:00|	[Incremental Waiting Time Maximum]:	0.000000 ms.

LOG: 2024-01-31T04:48:03.901344508+00:00|	[Update Price by Queue Delay]: Own price updated to 0

LOG: 2024-01-31T04:48:03.901391056+00:00|	[Incremental Waiting Time Maximum]:	0.000000 ms.

LOG: 2024-01-31T04:48:04.11329498+00:00|	[Update Price by Queue Delay]: Own price updated to 0

LOG: 2024-01-31T04:48:04.113341869+00:00|	[Incremental Waiting Time Maximum]:	0.000000 ms.

LOG: 2024-01-31T04:48:04.326249893+00:00|	[Update Price by Queue Delay]: Own price updated to 0

LOG: 2024-01-31T04:48:04.326288558+00:00|	[Incremental Waiting Time Maximum]:	0.000000 ms.

LOG: 2024-01-31T04:48:04.538167189+00:00|	[Update Price by Queue Delay]: Own price updated to 0

LOG: 2024-01-31T04:48:04.538205508+00:00|	[Incremental Waiting Time Maximum]:	0.010240 ms.

LOG: 2024-01-31T04:48:04.749066052+00:00|	[Update Price by Queue Delay]: Own price updated to 0

LOG: 2024-01-31T04:48:04.749113642+00:00|	[Incremental Waiting Time Maximum]:	0.000000 ms.

LOG: 2024-01-31T04:48:04.961660933+00:00|	[Update Price by Queue Delay]: Own price updated to 0

LOG: 2024-01-31T04:48:04.961700003+00:00|	[Incremental Waiting Time Maximum]:	0.000000 ms.

LOG: 2024-01-31T04:48:05.173292283+00:00|	[Update Price by Queue Delay]: Own price updated to 0

LOG: 2024-01-31T04:48:05.173336901+00:00|	[Incremental Waiting Time Maximum]:	0.000000 ms.

LOG: 2024-01-31T04:48:05.385753936+00:00|	[Update Price by Queue Delay]: Own price updated to 0

LOG: 2024-01-31T04:48:05.385795317+00:00|	[Incremental Waiting Time Maximum]:	0.000000 ms.

LOG: 2024-01-31T04:48:05.597839571+00:00|	[Update Price by Queue Delay]: Own price updated to 0

LOG: 2024-01-31T04:48:05.59787811+00:00|	[Incremental Waiting Time Maximum]:	0.000000 ms.

LOG: 2024-01-31T04:48:05.809618723+00:00|	[Update Price by Queue Delay]: Own price updated to 0

LOG: 2024-01-31T04:48:05.809657497+00:00|	[Incremental Waiting Time Maximum]:	0.012288 ms.

LOG: 2024-01-31T04:48:06.020752568+00:00|	[Update Price by Queue Delay]: Own price updated to 0

LOG: 2024-01-31T04:48:06.020791789+00:00|	[Incremental Waiting Time Maximum]:	0.000000 ms.

LOG: 2024-01-31T04:48:06.232516048+00:00|	[Update Price by Queue Delay]: Own price updated to 0

LOG: 2024-01-31T04:48:06.232561554+00:00|	[Incremental Waiting Time Maximum]:	0.000000 ms.

LOG: 2024-01-31T04:48:06.445486317+00:00|	[Update Price by Queue Delay]: Own price updated to 0

LOG: 2024-01-31T04:48:06.445524696+00:00|	[Incremental Waiting Time Maximum]:	0.012288 ms.

LOG: 2024-01-31T04:48:06.656377577+00:00|	[Update Price by Queue Delay]: Own price updated to 0

LOG: 2024-01-31T04:48:06.656431021+00:00|	[Incremental Waiting Time Maximum]:	0.000000 ms.

LOG: 2024-01-31T04:48:06.868419401+00:00|	[Update Price by Queue Delay]: Own price updated to 0

LOG: 2024-01-31T04:48:06.868458541+00:00|	[Incremental Waiting Time Maximum]:	0.000000 ms.

LOG: 2024-01-31T04:48:07.081276773+00:00|	[Update Price by Queue Delay]: Own price updated to 0

LOG: 2024-01-31T04:48:07.081315553+00:00|	[Incremental Waiting Time Maximum]:	0.000000 ms.

LOG: 2024-01-31T04:48:07.293202744+00:00|	[Update Price by Queue Delay]: Own price updated to 0

LOG: 2024-01-31T04:48:07.2932421+00:00|	[Incremental Waiting Time Maximum]:	0.000000 ms.

LOG: 2024-01-31T04:48:07.50465715+00:00|	[Update Price by Queue Delay]: Own price updated to 0

LOG: 2024-01-31T04:48:07.504696+00:00|	[Incremental Waiting Time Maximum]:	0.000000 ms.

LOG: 2024-01-31T04:48:07.716831836+00:00|	[Update Price by Queue Delay]: Own price updated to 0

LOG: 2024-01-31T04:48:07.716868731+00:00|	[Incremental Waiting Time Maximum]:	0.000000 ms.

LOG: 2024-01-31T04:48:07.928046217+00:00|	[Update Price by Queue Delay]: Own price updated to 0

LOG: 2024-01-31T04:48:07.928096839+00:00|	[Incremental Waiting Time Maximum]:	0.000000 ms.

LOG: 2024-01-31T04:48:08.13991045+00:00|	[Update Price by Queue Delay]: Own price updated to 0

LOG: 2024-01-31T04:48:08.139954527+00:00|	[Incremental Waiting Time Maximum]:	0.000000 ms.

LOG: 2024-01-31T04:48:08.35279686+00:00|	[Update Price by Queue Delay]: Own price updated to 0

LOG: 2024-01-31T04:48:08.352873482+00:00|	[Incremental Waiting Time Maximum]:	0.000000 ms.

LOG: 2024-01-31T04:48:08.564506701+00:00|	[Update Price by Queue Delay]: Own price updated to 0

LOG: 2024-01-31T04:48:08.564544313+00:00|	[Incremental Waiting Time Maximum]:	0.006144 ms.

LOG: 2024-01-31T04:48:08.776748497+00:00|	[Update Price by Queue Delay]: Own price updated to 0

LOG: 2024-01-31T04:48:08.776788279+00:00|	[Incremental Waiting Time Maximum]:	0.000000 ms.

LOG: 2024-01-31T04:48:08.988659463+00:00|	[Update Price by Queue Delay]: Own price updated to 0

LOG: 2024-01-31T04:48:08.988702853+00:00|	[Incremental Waiting Time Maximum]:	0.000000 ms.

LOG: 2024-01-31T04:48:09.199537668+00:00|	[Update Price by Queue Delay]: Own price updated to 0

LOG: 2024-01-31T04:48:09.199581795+00:00|	[Incremental Waiting Time Maximum]:	0.000000 ms.

LOG: 2024-01-31T04:48:09.412376107+00:00|	[Update Price by Queue Delay]: Own price updated to 0

LOG: 2024-01-31T04:48:09.412416545+00:00|	[Incremental Waiting Time Maximum]:	0.000000 ms.

LOG: 2024-01-31T04:48:09.623403391+00:00|	[Update Price by Queue Delay]: Own price updated to 0

LOG: 2024-01-31T04:48:09.623444892+00:00|	[Incremental Waiting Time Maximum]:	0.000000 ms.

LOG: 2024-01-31T04:48:09.835923605+00:00|	[Update Price by Queue Delay]: Own price updated to 0

LOG: 2024-01-31T04:48:09.835961843+00:00|	[Incremental Waiting Time Maximum]:	0.010240 ms.

LOG: 2024-01-31T04:48:10.047739391+00:00|	[Update Price by Queue Delay]: Own price updated to 0

LOG: 2024-01-31T04:48:10.047778171+00:00|	[Incremental Waiting Time Maximum]:	0.000000 ms.

LOG: 2024-01-31T04:48:10.260237403+00:00|	[Update Price by Queue Delay]: Own price updated to 0

LOG: 2024-01-31T04:48:10.260280007+00:00|	[Incremental Waiting Time Maximum]:	0.000000 ms.

LOG: 2024-01-31T04:48:10.471076192+00:00|	[Update Price by Queue Delay]: Own price updated to 0

LOG: 2024-01-31T04:48:10.471139539+00:00|	[Incremental Waiting Time Maximum]:	0.000000 ms.

LOG: 2024-01-31T04:48:10.683053121+00:00|	[Update Price by Queue Delay]: Own price updated to 0

LOG: 2024-01-31T04:48:10.683094692+00:00|	[Incremental Waiting Time Maximum]:	0.000000 ms.

LOG: 2024-01-31T04:48:10.89598917+00:00|	[Update Price by Queue Delay]: Own price updated to 0

LOG: 2024-01-31T04:48:10.896027985+00:00|	[Incremental Waiting Time Maximum]:	0.000000 ms.

LOG: 2024-01-31T04:48:11.10693458+00:00|	[Update Price by Queue Delay]: Own price updated to 0

LOG: 2024-01-31T04:48:11.106973896+00:00|	[Incremental Waiting Time Maximum]:	0.000000 ms.

LOG: 2024-01-31T04:48:11.318860707+00:00|	[Update Price by Queue Delay]: Own price updated to 0

LOG: 2024-01-31T04:48:11.318900478+00:00|	[Incremental Waiting Time Maximum]:	0.012288 ms.

LOG: 2024-01-31T04:48:11.531577459+00:00|	[Update Price by Queue Delay]: Own price updated to 0

LOG: 2024-01-31T04:48:11.53161669+00:00|	[Incremental Waiting Time Maximum]:	0.000000 ms.

LOG: 2024-01-31T04:48:11.74370035+00:00|	[Update Price by Queue Delay]: Own price updated to 0

LOG: 2024-01-31T04:48:11.743776877+00:00|	[Incremental Waiting Time Maximum]:	0.000000 ms.

LOG: 2024-01-31T04:48:11.955629503+00:00|	[Update Price by Queue Delay]: Own price updated to 0

LOG: 2024-01-31T04:48:11.955668343+00:00|	[Incremental Waiting Time Maximum]:	0.010240 ms.

LOG: 2024-01-31T04:48:12.167500076+00:00|	[Update Price by Queue Delay]: Own price updated to 0

LOG: 2024-01-31T04:48:12.167538971+00:00|	[Incremental Waiting Time Maximum]:	0.000000 ms.

LOG: 2024-01-31T04:48:12.379415527+00:00|	[Update Price by Queue Delay]: Own price updated to 0

LOG: 2024-01-31T04:48:12.379454823+00:00|	[Incremental Waiting Time Maximum]:	0.000000 ms.

LOG: 2024-01-31T04:48:12.59107606+00:00|	[Update Price by Queue Delay]: Own price updated to 0

LOG: 2024-01-31T04:48:12.591115075+00:00|	[Incremental Waiting Time Maximum]:	0.000000 ms.

LOG: 2024-01-31T04:48:12.802237974+00:00|	[Update Price by Queue Delay]: Own price updated to 0

LOG: 2024-01-31T04:48:12.802278952+00:00|	[Incremental Waiting Time Maximum]:	0.262144 ms.

LOG: 2024-01-31T04:48:13.014157481+00:00|	[Update Price by Queue Delay]: Own price updated to 0

LOG: 2024-01-31T04:48:13.014226546+00:00|	[Incremental Waiting Time Maximum]:	0.524288 ms.

LOG: 2024-01-31T04:48:13.226197791+00:00|	[Update Price by Queue Delay]: Own price updated to 0

LOG: 2024-01-31T04:48:13.226252317+00:00|	[Incremental Waiting Time Maximum]:	0.040960 ms.

LOG: 2024-01-31T04:48:13.438024271+00:00|	[Update Price by Queue Delay]: Own price updated to 0

LOG: 2024-01-31T04:48:13.438392407+00:00|	[Incremental Waiting Time Maximum]:	0.131072 ms.

LOG: 2024-01-31T04:48:13.650799763+00:00|	[Update Price by Queue Delay]: Own price updated to 0

LOG: 2024-01-31T04:48:13.650873782+00:00|	[Incremental Waiting Time Maximum]:	0.262144 ms.

LOG: 2024-01-31T04:48:13.86261872+00:00|	[Update Price by Queue Delay]: Own price updated to 0

LOG: 2024-01-31T04:48:13.86266213+00:00|	[Incremental Waiting Time Maximum]:	0.131072 ms.

LOG: 2024-01-31T04:48:14.074107467+00:00|	[Update Price by Queue Delay]: Own price updated to 0

LOG: 2024-01-31T04:48:14.074154959+00:00|	[Incremental Waiting Time Maximum]:	0.163840 ms.

LOG: 2024-01-31T04:48:14.285703382+00:00|	[Update Price by Queue Delay]: Own price updated to 0

LOG: 2024-01-31T04:48:14.285755603+00:00|	[Incremental Waiting Time Maximum]:	0.131072 ms.

LOG: 2024-01-31T04:48:14.497668915+00:00|	[Update Price by Queue Delay]: Own price updated to 0

LOG: 2024-01-31T04:48:14.49771325+00:00|	[Incremental Waiting Time Maximum]:	0.131072 ms.

LOG: 2024-01-31T04:48:14.709605988+00:00|	[Update Price by Queue Delay]: Own price updated to 0

LOG: 2024-01-31T04:48:14.709651656+00:00|	[Incremental Waiting Time Maximum]:	0.114688 ms.

LOG: 2024-01-31T04:48:14.921732747+00:00|	[Update Price by Queue Delay]: Own price updated to 0

LOG: 2024-01-31T04:48:14.922178103+00:00|	[Incremental Waiting Time Maximum]:	0.081920 ms.

LOG: 2024-01-31T04:48:15.133827939+00:00|	[Update Price by Queue Delay]: Own price updated to 0

LOG: 2024-01-31T04:48:15.133887421+00:00|	[Incremental Waiting Time Maximum]:	0.098304 ms.

LOG: 2024-01-31T04:48:15.345401764+00:00|	[Update Price by Queue Delay]: Own price updated to 0

LOG: 2024-01-31T04:48:15.34554058+00:00|	[Incremental Waiting Time Maximum]:	0.131072 ms.

LOG: 2024-01-31T04:48:15.557260462+00:00|	[Update Price by Queue Delay]: Own price updated to 0

LOG: 2024-01-31T04:48:15.557306248+00:00|	[Incremental Waiting Time Maximum]:	0.098304 ms.

LOG: 2024-01-31T04:48:15.769173566+00:00|	[Update Price by Queue Delay]: Own price updated to 0

LOG: 2024-01-31T04:48:15.769220955+00:00|	[Incremental Waiting Time Maximum]:	0.114688 ms.

LOG: 2024-01-31T04:48:15.981099536+00:00|	[Update Price by Queue Delay]: Own price updated to 0

LOG: 2024-01-31T04:48:15.981164297+00:00|	[Incremental Waiting Time Maximum]:	0.262144 ms.

LOG: 2024-01-31T04:48:16.193884141+00:00|	[Update Price by Queue Delay]: Own price updated to 0

LOG: 2024-01-31T04:48:16.193962832+00:00|	[Incremental Waiting Time Maximum]:	0.393216 ms.

LOG: 2024-01-31T04:48:16.405943157+00:00|	[Update Price by Queue Delay]: Own price updated to 0

LOG: 2024-01-31T04:48:16.406010595+00:00|	[Incremental Waiting Time Maximum]:	0.393216 ms.

LOG: 2024-01-31T04:48:16.616909346+00:00|	[Update Price by Queue Delay]: Own price updated to 0

LOG: 2024-01-31T04:48:16.616976131+00:00|	[Incremental Waiting Time Maximum]:	0.229376 ms.

LOG: 2024-01-31T04:48:16.829284093+00:00|	[Update Price by Queue Delay]: Own price updated to 0

LOG: 2024-01-31T04:48:16.829347812+00:00|	[Incremental Waiting Time Maximum]:	0.327680 ms.

LOG: 2024-01-31T04:48:17.041209265+00:00|	[Update Price by Queue Delay]: Own price updated to 0

LOG: 2024-01-31T04:48:17.041242945+00:00|	[Incremental Waiting Time Maximum]:	0.163840 ms.

LOG: 2024-01-31T04:48:17.252670148+00:00|	[Update Price by Queue Delay]: Own price updated to 0

LOG: 2024-01-31T04:48:17.252712293+00:00|	[Incremental Waiting Time Maximum]:	0.081920 ms.

LOG: 2024-01-31T04:48:17.464873404+00:00|	[Update Price by Queue Delay]: Own price updated to 0

LOG: 2024-01-31T04:48:17.464924444+00:00|	[Incremental Waiting Time Maximum]:	0.114688 ms.

LOG: 2024-01-31T04:48:17.677406124+00:00|	[Update Price by Queue Delay]: Own price updated to 0

LOG: 2024-01-31T04:48:17.677450223+00:00|	[Incremental Waiting Time Maximum]:	0.229376 ms.

LOG: 2024-01-31T04:48:17.888474352+00:00|	[Update Price by Queue Delay]: Own price updated to 0

LOG: 2024-01-31T04:48:17.888528984+00:00|	[Incremental Waiting Time Maximum]:	0.458752 ms.

LOG: 2024-01-31T04:48:18.100400008+00:00|	[Update Price by Queue Delay]: Own price updated to 0

LOG: 2024-01-31T04:48:18.100442406+00:00|	[Incremental Waiting Time Maximum]:	0.524288 ms.

LOG: 2024-01-31T04:48:18.312983829+00:00|	[Update Price by Queue Delay]: Own price updated to 0

LOG: 2024-01-31T04:48:18.313036731+00:00|	[Incremental Waiting Time Maximum]:	0.524288 ms.

LOG: 2024-01-31T04:48:18.524249025+00:00|	[Update Price by Queue Delay]: Own price updated to 0

LOG: 2024-01-31T04:48:18.524298953+00:00|	[Incremental Waiting Time Maximum]:	0.131072 ms.

LOG: 2024-01-31T04:48:18.736396357+00:00|	[Update Price by Queue Delay]: Own price updated to 0

LOG: 2024-01-31T04:48:18.736436203+00:00|	[Incremental Waiting Time Maximum]:	0.393216 ms.

LOG: 2024-01-31T04:48:18.948321055+00:00|	[Update Price by Queue Delay]: Own price updated to 0

LOG: 2024-01-31T04:48:18.948374323+00:00|	[Incremental Waiting Time Maximum]:	0.786432 ms.

LOG: 2024-01-31T04:48:19.160335919+00:00|	[Update Price by Queue Delay]: Own price updated to 0

LOG: 2024-01-31T04:48:19.160377923+00:00|	[Incremental Waiting Time Maximum]:	0.131072 ms.

LOG: 2024-01-31T04:48:19.372064106+00:00|	[Update Price by Queue Delay]: Own price updated to 0

LOG: 2024-01-31T04:48:19.372152197+00:00|	[Incremental Waiting Time Maximum]:	0.081920 ms.

LOG: 2024-01-31T04:48:19.584511976+00:00|	[Update Price by Queue Delay]: Own price updated to 0

LOG: 2024-01-31T04:48:19.584564394+00:00|	[Incremental Waiting Time Maximum]:	0.004096 ms.

LOG: 2024-01-31T04:48:19.795870318+00:00|	[Update Price by Queue Delay]: Own price updated to 0

LOG: 2024-01-31T04:48:19.7959293+00:00|	[Incremental Waiting Time Maximum]:	0.000000 ms.

LOG: 2024-01-31T04:48:20.008278017+00:00|	[Update Price by Queue Delay]: Own price updated to 0

LOG: 2024-01-31T04:48:20.008317117+00:00|	[Incremental Waiting Time Maximum]:	0.000000 ms.

LOG: 2024-01-31T04:48:20.220753487+00:00|	[Update Price by Queue Delay]: Own price updated to 0

LOG: 2024-01-31T04:48:20.220792347+00:00|	[Incremental Waiting Time Maximum]:	0.000000 ms.

LOG: 2024-01-31T04:48:20.432674737+00:00|	[Update Price by Queue Delay]: Own price updated to 0

LOG: 2024-01-31T04:48:20.432770083+00:00|	[Incremental Waiting Time Maximum]:	0.016384 ms.

LOG: 2024-01-31T04:48:20.64353246+00:00|	[Update Price by Queue Delay]: Own price updated to 0

LOG: 2024-01-31T04:48:20.643589567+00:00|	[Incremental Waiting Time Maximum]:	0.000000 ms.

LOG: 2024-01-31T04:48:20.855511293+00:00|	[Update Price by Queue Delay]: Own price updated to 0

LOG: 2024-01-31T04:48:20.855593808+00:00|	[Incremental Waiting Time Maximum]:	0.000000 ms.

LOG: 2024-01-31T04:48:21.06801147+00:00|	[Update Price by Queue Delay]: Own price updated to 0

LOG: 2024-01-31T04:48:21.068048691+00:00|	[Incremental Waiting Time Maximum]:	0.000000 ms.

LOG: 2024-01-31T04:48:21.280273142+00:00|	[Update Price by Queue Delay]: Own price updated to 0

LOG: 2024-01-31T04:48:21.280320596+00:00|	[Incremental Waiting Time Maximum]:	0.010240 ms.

LOG: 2024-01-31T04:48:21.491239595+00:00|	[Update Price by Queue Delay]: Own price updated to 0

LOG: 2024-01-31T04:48:21.491292232+00:00|	[Incremental Waiting Time Maximum]:	0.000000 ms.

LOG: 2024-01-31T04:48:21.704196453+00:00|	[Update Price by Queue Delay]: Own price updated to 0

LOG: 2024-01-31T04:48:21.70423645+00:00|	[Incremental Waiting Time Maximum]:	0.000000 ms.

LOG: 2024-01-31T04:48:21.916133559+00:00|	[Update Price by Queue Delay]: Own price updated to 0

LOG: 2024-01-31T04:48:21.91617283+00:00|	[Incremental Waiting Time Maximum]:	0.000000 ms.

LOG: 2024-01-31T04:48:22.128060648+00:00|	[Update Price by Queue Delay]: Own price updated to 0

LOG: 2024-01-31T04:48:22.128098525+00:00|	[Incremental Waiting Time Maximum]:	0.000000 ms.

LOG: 2024-01-31T04:48:22.338952549+00:00|	[Update Price by Queue Delay]: Own price updated to 0

LOG: 2024-01-31T04:48:22.338995814+00:00|	[Incremental Waiting Time Maximum]:	0.000000 ms.

LOG: 2024-01-31T04:48:22.550932014+00:00|	[Update Price by Queue Delay]: Own price updated to 0

LOG: 2024-01-31T04:48:22.550971725+00:00|	[Incremental Waiting Time Maximum]:	0.012288 ms.

LOG: 2024-01-31T04:48:22.762839306+00:00|	[Update Price by Queue Delay]: Own price updated to 0

LOG: 2024-01-31T04:48:22.762880842+00:00|	[Incremental Waiting Time Maximum]:	0.000000 ms.

LOG: 2024-01-31T04:48:22.974747867+00:00|	[Update Price by Queue Delay]: Own price updated to 0

LOG: 2024-01-31T04:48:22.974802944+00:00|	[Incremental Waiting Time Maximum]:	0.000000 ms.

LOG: 2024-01-31T04:48:23.186667879+00:00|	[Update Price by Queue Delay]: Own price updated to 0

LOG: 2024-01-31T04:48:23.186708322+00:00|	[Incremental Waiting Time Maximum]:	0.000000 ms.

LOG: 2024-01-31T04:48:23.399049357+00:00|	[Update Price by Queue Delay]: Own price updated to 0

LOG: 2024-01-31T04:48:23.399087209+00:00|	[Incremental Waiting Time Maximum]:	0.012288 ms.

LOG: 2024-01-31T04:48:23.610469178+00:00|	[Update Price by Queue Delay]: Own price updated to 0

LOG: 2024-01-31T04:48:23.61051955+00:00|	[Incremental Waiting Time Maximum]:	0.000000 ms.

LOG: 2024-01-31T04:48:23.823452091+00:00|	[Update Price by Queue Delay]: Own price updated to 0

LOG: 2024-01-31T04:48:23.823491136+00:00|	[Incremental Waiting Time Maximum]:	0.000000 ms.

LOG: 2024-01-31T04:48:24.035423076+00:00|	[Update Price by Queue Delay]: Own price updated to 0

LOG: 2024-01-31T04:48:24.035461665+00:00|	[Incremental Waiting Time Maximum]:	0.010240 ms.

LOG: 2024-01-31T04:48:24.247333084+00:00|	[Update Price by Queue Delay]: Own price updated to 0

LOG: 2024-01-31T04:48:24.247371458+00:00|	[Incremental Waiting Time Maximum]:	0.000000 ms.

LOG: 2024-01-31T04:48:24.458270892+00:00|	[Update Price by Queue Delay]: Own price updated to 0

LOG: 2024-01-31T04:48:24.458309772+00:00|	[Incremental Waiting Time Maximum]:	0.000000 ms.

LOG: 2024-01-31T04:48:24.670081186+00:00|	[Update Price by Queue Delay]: Own price updated to 0

LOG: 2024-01-31T04:48:24.67013722+00:00|	[Incremental Waiting Time Maximum]:	0.000000 ms.

LOG: 2024-01-31T04:48:24.883082431+00:00|	[Update Price by Queue Delay]: Own price updated to 0

LOG: 2024-01-31T04:48:24.88312118+00:00|	[Incremental Waiting Time Maximum]:	0.010240 ms.

LOG: 2024-01-31T04:48:25.094282194+00:00|	[Update Price by Queue Delay]: Own price updated to 0

LOG: 2024-01-31T04:48:25.094320853+00:00|	[Incremental Waiting Time Maximum]:	0.000000 ms.

LOG: 2024-01-31T04:48:25.306809213+00:00|	[Update Price by Queue Delay]: Own price updated to 0

LOG: 2024-01-31T04:48:25.306847682+00:00|	[Incremental Waiting Time Maximum]:	0.000000 ms.

LOG: 2024-01-31T04:48:25.518808288+00:00|	[Update Price by Queue Delay]: Own price updated to 0

LOG: 2024-01-31T04:48:25.518891149+00:00|	[Incremental Waiting Time Maximum]:	0.000000 ms.

LOG: 2024-01-31T04:48:25.730742282+00:00|	[Update Price by Queue Delay]: Own price updated to 0

LOG: 2024-01-31T04:48:25.730781828+00:00|	[Incremental Waiting Time Maximum]:	0.000000 ms.

LOG: 2024-01-31T04:48:25.942712851+00:00|	[Update Price by Queue Delay]: Own price updated to 0

LOG: 2024-01-31T04:48:25.94275145+00:00|	[Incremental Waiting Time Maximum]:	0.000000 ms.

LOG: 2024-01-31T04:48:26.153593566+00:00|	[Update Price by Queue Delay]: Own price updated to 0

LOG: 2024-01-31T04:48:26.153642514+00:00|	[Incremental Waiting Time Maximum]:	0.010240 ms.

LOG: 2024-01-31T04:48:26.365509103+00:00|	[Update Price by Queue Delay]: Own price updated to 0

LOG: 2024-01-31T04:48:26.36555541+00:00|	[Incremental Waiting Time Maximum]:	0.000000 ms.

LOG: 2024-01-31T04:48:26.578401446+00:00|	[Update Price by Queue Delay]: Own price updated to 0

LOG: 2024-01-31T04:48:26.578446791+00:00|	[Incremental Waiting Time Maximum]:	0.000000 ms.

LOG: 2024-01-31T04:48:26.789358233+00:00|	[Update Price by Queue Delay]: Own price updated to 0

LOG: 2024-01-31T04:48:26.789423845+00:00|	[Incremental Waiting Time Maximum]:	0.014336 ms.

