Service Name:  ms-46825
Call Graph of the Service:
map[]
Downstreams of the Service:
[]
Server Configurations:
[{COMPUTATION_DISTRIBUTION constant} {PROCESS_TIME 1.0ms} {APP_PORT 50051} {LOG_LEVEL Info} {GREETING Hi Malaka!} {SUBCALL parallel} {PROFILING false}]
Charon Configurations:
[{INTERCEPT charon} {PRICE_UPDATE_RATE 9875us} {TOKEN_UPDATE_RATE 21133us} {LATENCY_THRESHOLD 8456us} {PRICE_STEP 136} {PRICE_STRATEGY proportional} {LAZY_UPDATE true} {RATE_LIMITING true} {LOAD_SHEDDING true} {CHARON_TRACK_PRICE true} {BREAKWATER_SLO 12500us} {BREAKWATER_A 0.001} {BREAKWATER_B 0.02} {BREAKWATER_CLIENT_EXPIRATION 10ms} {BREAKWATER_INITIAL_CREDIT 400} {BREAKWATER_LOAD_SHEDDING true} {BREAKWATER_RTT 1000us} {BREAKWATERD_SLO 12500us} {BREAKWATERD_A 0.001} {BREAKWATERD_B 0.02} {BREAKWATERD_CLIENT_EXPIRATION 10ms} {BREAKWATERD_INITIAL_CREDIT 400} {BREAKWATERD_LOAD_SHEDDING true} {BREAKWATERD_RTT 1000us} {DAGOR_QUEUING_THRESHOLD 2ms} {DAGOR_ALPHA 0.05} {DAGOR_BETA 0.01} {DAGOR_ADMISSION_LEVEL_UPDATE_INTERVAL 10ms} {DAGOR_UMAX 20}]
Price Update Rate: 9.875ms
Latency Threshold: 8.456ms
Price Step: 136
Price Strategy: proportional
Intercept: charon
Lazy Update: true
Rate Limiting: true
Load Shedding: true
Charon Track Price: true
Breakwater SLO: 12.5ms
Breakwater Client Timeout: 10ms
Breakwater Initial Credit: 400
Breakwater A: 0.001
Breakwater B: 0.02
Breakwater Load Shedding: true
Breakwater RTT: 1ms
BreakwaterD SLO: 12.5ms
BreakwaterD Client Timeout: 10ms
BreakwaterD Initial Credit: 400
BreakwaterD A: 0.001
BreakwaterD B: 0.02
BreakwaterD Load Shedding: true
BreakwaterD RTT: 1ms
Dagor Queuing Threshold: 2ms
Dagor Alpha: 0.05
Dagor Beta: 0.01
Dagor Admission Level Update Interval: 10ms
Dagor Umax: 20
Computation Distribution: constant
Process Time: 1ms
Address Listening on: 0.0.0.0:50051
Greeting Message: Hi Malaka!
Log Level: Info
Subcall Pattern: parallel
{"function":"run","level":"info","line":"652","msg":"Charon Config: map[debug:false guidePrice:-1 initprice:0 latencyThreshold:8.456ms lazyResponse:true loadShedding:true pinpointLatency:false pinpointQueuing:true pinpointThroughput:false priceAggregation:maximal priceStep:136 priceStrategy:proportional priceUpdateRate:9.875ms rateLimiting:true recordPrice:true]","time":"2024-02-02T15:36:06Z"}
LOG: 2024-02-02T15:36:07.036187749+00:00|	[Update Price by Queue Delay]: Own price updated to 0

LOG: 2024-02-02T15:36:07.036231178+00:00|	[Incremental Waiting Time Maximum]:	0.000000 ms.

LOG: 2024-02-02T15:36:07.244353807+00:00|	[Update Price by Queue Delay]: Own price updated to 0

LOG: 2024-02-02T15:36:07.244424235+00:00|	[Incremental Waiting Time Maximum]:	0.007168 ms.

LOG: 2024-02-02T15:36:07.451870131+00:00|	[Update Price by Queue Delay]: Own price updated to 0

LOG: 2024-02-02T15:36:07.451924244+00:00|	[Incremental Waiting Time Maximum]:	0.014336 ms.

LOG: 2024-02-02T15:36:07.660092151+00:00|	[Update Price by Queue Delay]: Own price updated to 0

LOG: 2024-02-02T15:36:07.660141272+00:00|	[Incremental Waiting Time Maximum]:	0.000000 ms.

LOG: 2024-02-02T15:36:07.865975693+00:00|	[Update Price by Queue Delay]: Own price updated to 0

LOG: 2024-02-02T15:36:07.866020051+00:00|	[Incremental Waiting Time Maximum]:	0.000000 ms.

LOG: 2024-02-02T15:36:08.073395343+00:00|	[Update Price by Queue Delay]: Own price updated to 0

LOG: 2024-02-02T15:36:08.073454845+00:00|	[Incremental Waiting Time Maximum]:	0.000000 ms.

LOG: 2024-02-02T15:36:08.280878689+00:00|	[Update Price by Queue Delay]: Own price updated to 0

LOG: 2024-02-02T15:36:08.280950059+00:00|	[Incremental Waiting Time Maximum]:	0.000000 ms.

LOG: 2024-02-02T15:36:08.488108565+00:00|	[Update Price by Queue Delay]: Own price updated to 0

LOG: 2024-02-02T15:36:08.488194188+00:00|	[Incremental Waiting Time Maximum]:	0.000000 ms.

LOG: 2024-02-02T15:36:08.696107633+00:00|	[Update Price by Queue Delay]: Own price updated to 0

LOG: 2024-02-02T15:36:08.696130732+00:00|	[Incremental Waiting Time Maximum]:	0.000000 ms.

LOG: 2024-02-02T15:36:08.903487671+00:00|	[Update Price by Queue Delay]: Own price updated to 0

LOG: 2024-02-02T15:36:08.903532374+00:00|	[Incremental Waiting Time Maximum]:	0.000000 ms.

LOG: 2024-02-02T15:36:09.110000234+00:00|	[Update Price by Queue Delay]: Own price updated to 0

LOG: 2024-02-02T15:36:09.110042768+00:00|	[Incremental Waiting Time Maximum]:	0.000000 ms.

LOG: 2024-02-02T15:36:09.318162434+00:00|	[Update Price by Queue Delay]: Own price updated to 0

LOG: 2024-02-02T15:36:09.318200718+00:00|	[Incremental Waiting Time Maximum]:	0.012288 ms.

LOG: 2024-02-02T15:36:09.525484037+00:00|	[Update Price by Queue Delay]: Own price updated to 0

LOG: 2024-02-02T15:36:09.525523959+00:00|	[Incremental Waiting Time Maximum]:	0.000000 ms.

LOG: 2024-02-02T15:36:09.732119329+00:00|	[Update Price by Queue Delay]: Own price updated to 0

LOG: 2024-02-02T15:36:09.732157783+00:00|	[Incremental Waiting Time Maximum]:	0.000000 ms.

LOG: 2024-02-02T15:36:09.940112899+00:00|	[Update Price by Queue Delay]: Own price updated to 0

LOG: 2024-02-02T15:36:09.940153859+00:00|	[Incremental Waiting Time Maximum]:	0.000000 ms.

LOG: 2024-02-02T15:36:10.147169901+00:00|	[Update Price by Queue Delay]: Own price updated to 0

LOG: 2024-02-02T15:36:10.147207442+00:00|	[Incremental Waiting Time Maximum]:	0.000000 ms.

LOG: 2024-02-02T15:36:10.354561681+00:00|	[Update Price by Queue Delay]: Own price updated to 0

LOG: 2024-02-02T15:36:10.354610644+00:00|	[Incremental Waiting Time Maximum]:	0.000000 ms.

LOG: 2024-02-02T15:36:10.562441252+00:00|	[Update Price by Queue Delay]: Own price updated to 0

LOG: 2024-02-02T15:36:10.562478814+00:00|	[Incremental Waiting Time Maximum]:	0.000000 ms.

LOG: 2024-02-02T15:36:10.769134413+00:00|	[Update Price by Queue Delay]: Own price updated to 0

LOG: 2024-02-02T15:36:10.769176435+00:00|	[Incremental Waiting Time Maximum]:	0.000000 ms.

LOG: 2024-02-02T15:36:10.977374558+00:00|	[Update Price by Queue Delay]: Own price updated to 0

LOG: 2024-02-02T15:36:10.977413037+00:00|	[Incremental Waiting Time Maximum]:	0.000000 ms.

LOG: 2024-02-02T15:36:11.183719079+00:00|	[Update Price by Queue Delay]: Own price updated to 0

LOG: 2024-02-02T15:36:11.183760264+00:00|	[Incremental Waiting Time Maximum]:	0.010240 ms.

LOG: 2024-02-02T15:36:11.391378336+00:00|	[Update Price by Queue Delay]: Own price updated to 0

LOG: 2024-02-02T15:36:11.391416349+00:00|	[Incremental Waiting Time Maximum]:	0.010240 ms.

LOG: 2024-02-02T15:36:11.599288489+00:00|	[Update Price by Queue Delay]: Own price updated to 0

LOG: 2024-02-02T15:36:11.599331594+00:00|	[Incremental Waiting Time Maximum]:	0.012288 ms.

LOG: 2024-02-02T15:36:11.806207391+00:00|	[Update Price by Queue Delay]: Own price updated to 0

LOG: 2024-02-02T15:36:11.806250897+00:00|	[Incremental Waiting Time Maximum]:	0.000000 ms.

LOG: 2024-02-02T15:36:12.013139304+00:00|	[Update Price by Queue Delay]: Own price updated to 0

LOG: 2024-02-02T15:36:12.013178234+00:00|	[Incremental Waiting Time Maximum]:	0.000000 ms.

LOG: 2024-02-02T15:36:12.221460265+00:00|	[Update Price by Queue Delay]: Own price updated to 0

LOG: 2024-02-02T15:36:12.22149881+00:00|	[Incremental Waiting Time Maximum]:	0.000000 ms.

LOG: 2024-02-02T15:36:12.428289897+00:00|	[Update Price by Queue Delay]: Own price updated to 0

LOG: 2024-02-02T15:36:12.428328816+00:00|	[Incremental Waiting Time Maximum]:	0.000000 ms.

LOG: 2024-02-02T15:36:12.636184112+00:00|	[Update Price by Queue Delay]: Own price updated to 0

LOG: 2024-02-02T15:36:12.636227698+00:00|	[Incremental Waiting Time Maximum]:	0.000000 ms.

LOG: 2024-02-02T15:36:12.843453996+00:00|	[Update Price by Queue Delay]: Own price updated to 0

LOG: 2024-02-02T15:36:12.843497837+00:00|	[Incremental Waiting Time Maximum]:	0.000000 ms.

LOG: 2024-02-02T15:36:13.050411216+00:00|	[Update Price by Queue Delay]: Own price updated to 0

LOG: 2024-02-02T15:36:13.050449961+00:00|	[Incremental Waiting Time Maximum]:	0.000000 ms.

LOG: 2024-02-02T15:36:13.257879809+00:00|	[Update Price by Queue Delay]: Own price updated to 0

LOG: 2024-02-02T15:36:13.257918288+00:00|	[Incremental Waiting Time Maximum]:	0.012288 ms.

LOG: 2024-02-02T15:36:13.465351704+00:00|	[Update Price by Queue Delay]: Own price updated to 0

LOG: 2024-02-02T15:36:13.465429148+00:00|	[Incremental Waiting Time Maximum]:	0.012288 ms.

LOG: 2024-02-02T15:36:13.672939211+00:00|	[Update Price by Queue Delay]: Own price updated to 0

LOG: 2024-02-02T15:36:13.672988329+00:00|	[Incremental Waiting Time Maximum]:	0.000000 ms.

LOG: 2024-02-02T15:36:13.880317455+00:00|	[Update Price by Queue Delay]: Own price updated to 0

LOG: 2024-02-02T15:36:13.880357758+00:00|	[Incremental Waiting Time Maximum]:	0.000000 ms.

LOG: 2024-02-02T15:36:14.088003043+00:00|	[Update Price by Queue Delay]: Own price updated to 0

LOG: 2024-02-02T15:36:14.088068499+00:00|	[Incremental Waiting Time Maximum]:	0.000000 ms.

LOG: 2024-02-02T15:36:14.294754804+00:00|	[Update Price by Queue Delay]: Own price updated to 0

LOG: 2024-02-02T15:36:14.294792411+00:00|	[Incremental Waiting Time Maximum]:	0.000000 ms.

LOG: 2024-02-02T15:36:14.502444964+00:00|	[Update Price by Queue Delay]: Own price updated to 0

LOG: 2024-02-02T15:36:14.502483773+00:00|	[Incremental Waiting Time Maximum]:	0.000000 ms.

LOG: 2024-02-02T15:36:14.70983943+00:00|	[Update Price by Queue Delay]: Own price updated to 0

LOG: 2024-02-02T15:36:14.709880856+00:00|	[Incremental Waiting Time Maximum]:	0.000000 ms.

LOG: 2024-02-02T15:36:14.917321087+00:00|	[Update Price by Queue Delay]: Own price updated to 0

LOG: 2024-02-02T15:36:14.917357662+00:00|	[Incremental Waiting Time Maximum]:	0.000000 ms.

LOG: 2024-02-02T15:36:15.124300274+00:00|	[Update Price by Queue Delay]: Own price updated to 0

LOG: 2024-02-02T15:36:15.124338768+00:00|	[Incremental Waiting Time Maximum]:	0.010240 ms.

LOG: 2024-02-02T15:36:15.331610215+00:00|	[Update Price by Queue Delay]: Own price updated to 0

LOG: 2024-02-02T15:36:15.331648839+00:00|	[Incremental Waiting Time Maximum]:	0.000000 ms.

LOG: 2024-02-02T15:36:15.538655554+00:00|	[Update Price by Queue Delay]: Own price updated to 0

LOG: 2024-02-02T15:36:15.538694088+00:00|	[Incremental Waiting Time Maximum]:	0.000000 ms.

LOG: 2024-02-02T15:36:15.746772956+00:00|	[Update Price by Queue Delay]: Own price updated to 0

LOG: 2024-02-02T15:36:15.746811815+00:00|	[Incremental Waiting Time Maximum]:	0.000000 ms.

LOG: 2024-02-02T15:36:15.953749792+00:00|	[Update Price by Queue Delay]: Own price updated to 0

LOG: 2024-02-02T15:36:15.953790411+00:00|	[Incremental Waiting Time Maximum]:	0.000000 ms.

LOG: 2024-02-02T15:36:16.16174468+00:00|	[Update Price by Queue Delay]: Own price updated to 0

LOG: 2024-02-02T15:36:16.161782758+00:00|	[Incremental Waiting Time Maximum]:	0.000000 ms.

LOG: 2024-02-02T15:36:16.369044828+00:00|	[Update Price by Queue Delay]: Own price updated to 0

LOG: 2024-02-02T15:36:16.369082596+00:00|	[Incremental Waiting Time Maximum]:	0.000000 ms.

LOG: 2024-02-02T15:36:16.575694248+00:00|	[Update Price by Queue Delay]: Own price updated to 0

LOG: 2024-02-02T15:36:16.575743387+00:00|	[Incremental Waiting Time Maximum]:	0.000000 ms.

LOG: 2024-02-02T15:36:16.782879045+00:00|	[Update Price by Queue Delay]: Own price updated to 0

LOG: 2024-02-02T15:36:16.782925753+00:00|	[Incremental Waiting Time Maximum]:	0.000000 ms.

LOG: 2024-02-02T15:36:16.990986538+00:00|	[Update Price by Queue Delay]: Own price updated to 0

LOG: 2024-02-02T15:36:16.991051779+00:00|	[Incremental Waiting Time Maximum]:	0.012288 ms.

LOG: 2024-02-02T15:36:17.198026626+00:00|	[Update Price by Queue Delay]: Own price updated to 0

LOG: 2024-02-02T15:36:17.198072943+00:00|	[Incremental Waiting Time Maximum]:	0.000000 ms.

LOG: 2024-02-02T15:36:17.405807725+00:00|	[Update Price by Queue Delay]: Own price updated to 0

LOG: 2024-02-02T15:36:17.405851175+00:00|	[Incremental Waiting Time Maximum]:	0.000000 ms.

LOG: 2024-02-02T15:36:17.612279409+00:00|	[Update Price by Queue Delay]: Own price updated to 0

LOG: 2024-02-02T15:36:17.612325907+00:00|	[Incremental Waiting Time Maximum]:	0.000000 ms.

LOG: 2024-02-02T15:36:17.82063911+00:00|	[Update Price by Queue Delay]: Own price updated to 0

LOG: 2024-02-02T15:36:17.820683087+00:00|	[Incremental Waiting Time Maximum]:	0.000000 ms.

LOG: 2024-02-02T15:36:18.027550295+00:00|	[Update Price by Queue Delay]: Own price updated to 0

LOG: 2024-02-02T15:36:18.027593505+00:00|	[Incremental Waiting Time Maximum]:	0.000000 ms.

LOG: 2024-02-02T15:36:18.234914025+00:00|	[Update Price by Queue Delay]: Own price updated to 0

LOG: 2024-02-02T15:36:18.234952539+00:00|	[Incremental Waiting Time Maximum]:	0.000000 ms.

LOG: 2024-02-02T15:36:18.442248974+00:00|	[Update Price by Queue Delay]: Own price updated to 0

LOG: 2024-02-02T15:36:18.442296027+00:00|	[Incremental Waiting Time Maximum]:	0.000000 ms.

LOG: 2024-02-02T15:36:18.649416064+00:00|	[Update Price by Queue Delay]: Own price updated to 0

LOG: 2024-02-02T15:36:18.649454623+00:00|	[Incremental Waiting Time Maximum]:	0.000000 ms.

LOG: 2024-02-02T15:36:18.857408918+00:00|	[Update Price by Queue Delay]: Own price updated to 0

LOG: 2024-02-02T15:36:18.857445888+00:00|	[Incremental Waiting Time Maximum]:	0.000000 ms.

LOG: 2024-02-02T15:36:19.064967624+00:00|	[Update Price by Queue Delay]: Own price updated to 0

LOG: 2024-02-02T15:36:19.065006102+00:00|	[Incremental Waiting Time Maximum]:	0.012288 ms.

LOG: 2024-02-02T15:36:19.272157707+00:00|	[Update Price by Queue Delay]: Own price updated to 0

LOG: 2024-02-02T15:36:19.272197374+00:00|	[Incremental Waiting Time Maximum]:	0.000000 ms.

LOG: 2024-02-02T15:36:19.479481149+00:00|	[Update Price by Queue Delay]: Own price updated to 0

LOG: 2024-02-02T15:36:19.479518937+00:00|	[Incremental Waiting Time Maximum]:	0.000000 ms.

LOG: 2024-02-02T15:36:19.686212438+00:00|	[Update Price by Queue Delay]: Own price updated to 0

LOG: 2024-02-02T15:36:19.686250897+00:00|	[Incremental Waiting Time Maximum]:	0.000000 ms.

LOG: 2024-02-02T15:36:19.894345872+00:00|	[Update Price by Queue Delay]: Own price updated to 0

LOG: 2024-02-02T15:36:19.89438423+00:00|	[Incremental Waiting Time Maximum]:	0.000000 ms.

LOG: 2024-02-02T15:36:20.101441107+00:00|	[Update Price by Queue Delay]: Own price updated to 0

LOG: 2024-02-02T15:36:20.101479816+00:00|	[Incremental Waiting Time Maximum]:	0.000000 ms.

LOG: 2024-02-02T15:36:20.308912225+00:00|	[Update Price by Queue Delay]: Own price updated to 0

LOG: 2024-02-02T15:36:20.308950834+00:00|	[Incremental Waiting Time Maximum]:	0.000000 ms.

LOG: 2024-02-02T15:36:20.516391848+00:00|	[Update Price by Queue Delay]: Own price updated to 0

LOG: 2024-02-02T15:36:20.516430051+00:00|	[Incremental Waiting Time Maximum]:	0.000000 ms.

LOG: 2024-02-02T15:36:20.723659897+00:00|	[Update Price by Queue Delay]: Own price updated to 0

LOG: 2024-02-02T15:36:20.723700891+00:00|	[Incremental Waiting Time Maximum]:	0.000000 ms.

LOG: 2024-02-02T15:36:20.931130313+00:00|	[Update Price by Queue Delay]: Own price updated to 0

LOG: 2024-02-02T15:36:20.931169048+00:00|	[Incremental Waiting Time Maximum]:	0.010240 ms.

LOG: 2024-02-02T15:36:21.138716507+00:00|	[Update Price by Queue Delay]: Own price updated to 0

LOG: 2024-02-02T15:36:21.138755663+00:00|	[Incremental Waiting Time Maximum]:	0.010240 ms.

LOG: 2024-02-02T15:36:21.345407288+00:00|	[Update Price by Queue Delay]: Own price updated to 0

LOG: 2024-02-02T15:36:21.345446218+00:00|	[Incremental Waiting Time Maximum]:	0.000000 ms.

LOG: 2024-02-02T15:36:21.552797088+00:00|	[Update Price by Queue Delay]: Own price updated to 0

LOG: 2024-02-02T15:36:21.552836409+00:00|	[Incremental Waiting Time Maximum]:	0.000000 ms.

LOG: 2024-02-02T15:36:21.760811792+00:00|	[Update Price by Queue Delay]: Own price updated to 0

LOG: 2024-02-02T15:36:21.76085423+00:00|	[Incremental Waiting Time Maximum]:	0.000000 ms.

LOG: 2024-02-02T15:36:21.96726127+00:00|	[Update Price by Queue Delay]: Own price updated to 0

LOG: 2024-02-02T15:36:21.967299924+00:00|	[Incremental Waiting Time Maximum]:	0.000000 ms.

LOG: 2024-02-02T15:36:22.174851498+00:00|	[Update Price by Queue Delay]: Own price updated to 0

LOG: 2024-02-02T15:36:22.174890508+00:00|	[Incremental Waiting Time Maximum]:	0.000000 ms.

LOG: 2024-02-02T15:36:22.382185615+00:00|	[Update Price by Queue Delay]: Own price updated to 0

LOG: 2024-02-02T15:36:22.382224485+00:00|	[Incremental Waiting Time Maximum]:	0.000000 ms.

LOG: 2024-02-02T15:36:22.590120996+00:00|	[Update Price by Queue Delay]: Own price updated to 0

LOG: 2024-02-02T15:36:22.590158703+00:00|	[Incremental Waiting Time Maximum]:	0.000000 ms.

LOG: 2024-02-02T15:36:22.797306484+00:00|	[Update Price by Queue Delay]: Own price updated to 0

LOG: 2024-02-02T15:36:22.79734583+00:00|	[Incremental Waiting Time Maximum]:	0.000000 ms.

LOG: 2024-02-02T15:36:23.005019757+00:00|	[Update Price by Queue Delay]: Own price updated to 0

LOG: 2024-02-02T15:36:23.005063924+00:00|	[Incremental Waiting Time Maximum]:	0.000000 ms.

LOG: 2024-02-02T15:36:23.21145649+00:00|	[Update Price by Queue Delay]: Own price updated to 0

LOG: 2024-02-02T15:36:23.211500532+00:00|	[Incremental Waiting Time Maximum]:	0.000000 ms.

LOG: 2024-02-02T15:36:23.419049836+00:00|	[Update Price by Queue Delay]: Own price updated to 0

LOG: 2024-02-02T15:36:23.419089337+00:00|	[Incremental Waiting Time Maximum]:	0.010240 ms.

LOG: 2024-02-02T15:36:23.626881682+00:00|	[Update Price by Queue Delay]: Own price updated to 0

LOG: 2024-02-02T15:36:23.626932224+00:00|	[Incremental Waiting Time Maximum]:	0.000000 ms.

LOG: 2024-02-02T15:36:23.834331256+00:00|	[Update Price by Queue Delay]: Own price updated to 0

LOG: 2024-02-02T15:36:23.834377112+00:00|	[Incremental Waiting Time Maximum]:	0.000000 ms.

LOG: 2024-02-02T15:36:24.041256778+00:00|	[Update Price by Queue Delay]: Own price updated to 0

LOG: 2024-02-02T15:36:24.041296385+00:00|	[Incremental Waiting Time Maximum]:	0.000000 ms.

LOG: 2024-02-02T15:36:24.248918652+00:00|	[Update Price by Queue Delay]: Own price updated to 0

LOG: 2024-02-02T15:36:24.248959933+00:00|	[Incremental Waiting Time Maximum]:	0.000000 ms.

LOG: 2024-02-02T15:36:24.455742806+00:00|	[Update Price by Queue Delay]: Own price updated to 0

LOG: 2024-02-02T15:36:24.455785344+00:00|	[Incremental Waiting Time Maximum]:	0.000000 ms.

LOG: 2024-02-02T15:36:24.664072016+00:00|	[Update Price by Queue Delay]: Own price updated to 0

LOG: 2024-02-02T15:36:24.66411051+00:00|	[Incremental Waiting Time Maximum]:	0.000000 ms.

LOG: 2024-02-02T15:36:24.871414703+00:00|	[Update Price by Queue Delay]: Own price updated to 0

LOG: 2024-02-02T15:36:24.871453648+00:00|	[Incremental Waiting Time Maximum]:	0.000000 ms.

LOG: 2024-02-02T15:36:25.077921618+00:00|	[Update Price by Queue Delay]: Own price updated to 0

LOG: 2024-02-02T15:36:25.077962628+00:00|	[Incremental Waiting Time Maximum]:	0.000000 ms.

LOG: 2024-02-02T15:36:25.285533913+00:00|	[Update Price by Queue Delay]: Own price updated to 0

LOG: 2024-02-02T15:36:25.285572572+00:00|	[Incremental Waiting Time Maximum]:	0.000000 ms.

LOG: 2024-02-02T15:36:25.492841874+00:00|	[Update Price by Queue Delay]: Own price updated to 0

LOG: 2024-02-02T15:36:25.492880388+00:00|	[Incremental Waiting Time Maximum]:	0.010240 ms.

LOG: 2024-02-02T15:36:25.700833244+00:00|	[Update Price by Queue Delay]: Own price updated to 0

LOG: 2024-02-02T15:36:25.700878514+00:00|	[Incremental Waiting Time Maximum]:	0.000000 ms.

LOG: 2024-02-02T15:36:25.908223461+00:00|	[Update Price by Queue Delay]: Own price updated to 0

LOG: 2024-02-02T15:36:25.908266786+00:00|	[Incremental Waiting Time Maximum]:	0.000000 ms.

LOG: 2024-02-02T15:36:26.114724608+00:00|	[Update Price by Queue Delay]: Own price updated to 0

LOG: 2024-02-02T15:36:26.114764134+00:00|	[Incremental Waiting Time Maximum]:	0.000000 ms.

LOG: 2024-02-02T15:36:26.32241161+00:00|	[Update Price by Queue Delay]: Own price updated to 0

LOG: 2024-02-02T15:36:26.322450264+00:00|	[Incremental Waiting Time Maximum]:	0.000000 ms.

LOG: 2024-02-02T15:36:26.529873507+00:00|	[Update Price by Queue Delay]: Own price updated to 0

LOG: 2024-02-02T15:36:26.529912562+00:00|	[Incremental Waiting Time Maximum]:	0.000000 ms.

LOG: 2024-02-02T15:36:26.737590999+00:00|	[Update Price by Queue Delay]: Own price updated to 0

LOG: 2024-02-02T15:36:26.737635813+00:00|	[Incremental Waiting Time Maximum]:	0.000000 ms.

LOG: 2024-02-02T15:36:26.944458006+00:00|	[Update Price by Queue Delay]: Own price updated to 0

LOG: 2024-02-02T15:36:26.944546035+00:00|	[Incremental Waiting Time Maximum]:	0.000000 ms.

LOG: 2024-02-02T15:36:27.152296609+00:00|	[Update Price by Queue Delay]: Own price updated to 0

LOG: 2024-02-02T15:36:27.152335183+00:00|	[Incremental Waiting Time Maximum]:	0.000000 ms.

LOG: 2024-02-02T15:36:27.359467122+00:00|	[Update Price by Queue Delay]: Own price updated to 0

LOG: 2024-02-02T15:36:27.359505245+00:00|	[Incremental Waiting Time Maximum]:	0.000000 ms.

LOG: 2024-02-02T15:36:27.566926614+00:00|	[Update Price by Queue Delay]: Own price updated to 0

LOG: 2024-02-02T15:36:27.566965559+00:00|	[Incremental Waiting Time Maximum]:	0.000000 ms.

LOG: 2024-02-02T15:36:27.774479476+00:00|	[Update Price by Queue Delay]: Own price updated to 0

LOG: 2024-02-02T15:36:27.774517844+00:00|	[Incremental Waiting Time Maximum]:	0.012288 ms.

LOG: 2024-02-02T15:36:27.981402738+00:00|	[Update Price by Queue Delay]: Own price updated to 0

LOG: 2024-02-02T15:36:27.981441798+00:00|	[Incremental Waiting Time Maximum]:	0.000000 ms.

LOG: 2024-02-02T15:36:28.18920239+00:00|	[Update Price by Queue Delay]: Own price updated to 0

LOG: 2024-02-02T15:36:28.189245064+00:00|	[Incremental Waiting Time Maximum]:	0.000000 ms.

LOG: 2024-02-02T15:36:28.39584953+00:00|	[Update Price by Queue Delay]: Own price updated to 0

LOG: 2024-02-02T15:36:28.395891788+00:00|	[Incremental Waiting Time Maximum]:	0.000000 ms.

LOG: 2024-02-02T15:36:28.603633005+00:00|	[Update Price by Queue Delay]: Own price updated to 0

LOG: 2024-02-02T15:36:28.603671208+00:00|	[Incremental Waiting Time Maximum]:	0.000000 ms.

LOG: 2024-02-02T15:36:28.810586542+00:00|	[Update Price by Queue Delay]: Own price updated to 0

LOG: 2024-02-02T15:36:28.810625898+00:00|	[Incremental Waiting Time Maximum]:	0.000000 ms.

LOG: 2024-02-02T15:36:29.017904951+00:00|	[Update Price by Queue Delay]: Own price updated to 0

LOG: 2024-02-02T15:36:29.017945521+00:00|	[Incremental Waiting Time Maximum]:	0.098304 ms.

LOG: 2024-02-02T15:36:29.225727849+00:00|	[Update Price by Queue Delay]: Own price updated to 0

LOG: 2024-02-02T15:36:29.225769813+00:00|	[Incremental Waiting Time Maximum]:	0.081920 ms.

LOG: 2024-02-02T15:36:29.43270028+00:00|	[Update Price by Queue Delay]: Own price updated to 0

LOG: 2024-02-02T15:36:29.432776385+00:00|	[Incremental Waiting Time Maximum]:	0.049152 ms.

LOG: 2024-02-02T15:36:29.639995406+00:00|	[Update Price by Queue Delay]: Own price updated to 0

LOG: 2024-02-02T15:36:29.640540841+00:00|	[Incremental Waiting Time Maximum]:	0.057344 ms.

LOG: 2024-02-02T15:36:29.847920368+00:00|	[Update Price by Queue Delay]: Own price updated to 0

LOG: 2024-02-02T15:36:29.84799279+00:00|	[Incremental Waiting Time Maximum]:	0.098304 ms.

LOG: 2024-02-02T15:36:30.054754104+00:00|	[Update Price by Queue Delay]: Own price updated to 0

LOG: 2024-02-02T15:36:30.05479381+00:00|	[Incremental Waiting Time Maximum]:	0.081920 ms.

LOG: 2024-02-02T15:36:30.262380992+00:00|	[Update Price by Queue Delay]: Own price updated to 0

LOG: 2024-02-02T15:36:30.26243463+00:00|	[Incremental Waiting Time Maximum]:	0.327680 ms.

LOG: 2024-02-02T15:36:30.47033475+00:00|	[Update Price by Queue Delay]: Own price updated to 0

LOG: 2024-02-02T15:36:30.47042388+00:00|	[Incremental Waiting Time Maximum]:	0.065536 ms.

LOG: 2024-02-02T15:36:30.676867064+00:00|	[Update Price by Queue Delay]: Own price updated to 0

LOG: 2024-02-02T15:36:30.676905733+00:00|	[Incremental Waiting Time Maximum]:	0.065536 ms.

LOG: 2024-02-02T15:36:30.884339731+00:00|	[Update Price by Queue Delay]: Own price updated to 0

LOG: 2024-02-02T15:36:30.884409452+00:00|	[Incremental Waiting Time Maximum]:	0.065536 ms.

LOG: 2024-02-02T15:36:31.09211996+00:00|	[Update Price by Queue Delay]: Own price updated to 0

LOG: 2024-02-02T15:36:31.092169142+00:00|	[Incremental Waiting Time Maximum]:	0.098304 ms.

LOG: 2024-02-02T15:36:31.299211096+00:00|	[Update Price by Queue Delay]: Own price updated to 0

LOG: 2024-02-02T15:36:31.299268943+00:00|	[Incremental Waiting Time Maximum]:	0.081920 ms.

LOG: 2024-02-02T15:36:31.507052815+00:00|	[Update Price by Queue Delay]: Own price updated to 0

LOG: 2024-02-02T15:36:31.507163843+00:00|	[Incremental Waiting Time Maximum]:	0.114688 ms.

LOG: 2024-02-02T15:36:31.713780295+00:00|	[Update Price by Queue Delay]: Own price updated to 0

LOG: 2024-02-02T15:36:31.713842749+00:00|	[Incremental Waiting Time Maximum]:	0.028672 ms.

LOG: 2024-02-02T15:36:31.921189453+00:00|	[Update Price by Queue Delay]: Own price updated to 0

LOG: 2024-02-02T15:36:31.921237051+00:00|	[Incremental Waiting Time Maximum]:	0.049152 ms.

LOG: 2024-02-02T15:36:32.128536066+00:00|	[Update Price by Queue Delay]: Own price updated to 0

LOG: 2024-02-02T15:36:32.128586068+00:00|	[Incremental Waiting Time Maximum]:	0.114688 ms.

LOG: 2024-02-02T15:36:32.335880431+00:00|	[Update Price by Queue Delay]: Own price updated to 0

LOG: 2024-02-02T15:36:32.335942517+00:00|	[Incremental Waiting Time Maximum]:	3.670016 ms.

LOG: 2024-02-02T15:36:32.543305892+00:00|	[Update Price by Queue Delay]: Own price updated to 0

LOG: 2024-02-02T15:36:32.543362631+00:00|	[Incremental Waiting Time Maximum]:	0.098304 ms.

LOG: 2024-02-02T15:36:32.751189896+00:00|	[Update Price by Queue Delay]: Own price updated to 0

LOG: 2024-02-02T15:36:32.751244244+00:00|	[Incremental Waiting Time Maximum]:	0.065536 ms.

LOG: 2024-02-02T15:36:32.958712378+00:00|	[Update Price by Queue Delay]: Own price updated to 0

LOG: 2024-02-02T15:36:32.958760041+00:00|	[Incremental Waiting Time Maximum]:	0.065536 ms.

LOG: 2024-02-02T15:36:33.166067089+00:00|	[Update Price by Queue Delay]: Own price updated to 0

LOG: 2024-02-02T15:36:33.166167575+00:00|	[Incremental Waiting Time Maximum]:	0.229376 ms.

LOG: 2024-02-02T15:36:33.373379073+00:00|	[Update Price by Queue Delay]: Own price updated to 0

LOG: 2024-02-02T15:36:33.373472817+00:00|	[Incremental Waiting Time Maximum]:	0.131072 ms.

LOG: 2024-02-02T15:36:33.580912926+00:00|	[Update Price by Queue Delay]: Own price updated to 0

LOG: 2024-02-02T15:36:33.580952016+00:00|	[Incremental Waiting Time Maximum]:	0.327680 ms.

LOG: 2024-02-02T15:36:33.78781198+00:00|	[Update Price by Queue Delay]: Own price updated to 0

LOG: 2024-02-02T15:36:33.788007853+00:00|	[Incremental Waiting Time Maximum]:	0.655360 ms.

LOG: 2024-02-02T15:36:33.995534392+00:00|	[Update Price by Queue Delay]: Own price updated to 0

LOG: 2024-02-02T15:36:33.995584498+00:00|	[Incremental Waiting Time Maximum]:	0.114688 ms.

LOG: 2024-02-02T15:36:34.202277235+00:00|	[Update Price by Queue Delay]: Own price updated to 0

LOG: 2024-02-02T15:36:34.202354152+00:00|	[Incremental Waiting Time Maximum]:	0.327680 ms.

LOG: 2024-02-02T15:36:34.409677995+00:00|	[Update Price by Queue Delay]: Own price updated to 0

LOG: 2024-02-02T15:36:34.409718294+00:00|	[Incremental Waiting Time Maximum]:	0.098304 ms.

LOG: 2024-02-02T15:36:34.617133613+00:00|	[Update Price by Queue Delay]: Own price updated to 0

LOG: 2024-02-02T15:36:34.617194002+00:00|	[Incremental Waiting Time Maximum]:	0.229376 ms.

LOG: 2024-02-02T15:36:34.824491686+00:00|	[Update Price by Queue Delay]: Own price updated to 0

LOG: 2024-02-02T15:36:34.824541028+00:00|	[Incremental Waiting Time Maximum]:	0.196608 ms.

LOG: 2024-02-02T15:36:35.031765185+00:00|	[Update Price by Queue Delay]: Own price updated to 0

LOG: 2024-02-02T15:36:35.031836192+00:00|	[Incremental Waiting Time Maximum]:	0.057344 ms.

LOG: 2024-02-02T15:36:35.239793255+00:00|	[Update Price by Queue Delay]: Own price updated to 0

LOG: 2024-02-02T15:36:35.239843833+00:00|	[Incremental Waiting Time Maximum]:	0.065536 ms.

LOG: 2024-02-02T15:36:35.446508153+00:00|	[Update Price by Queue Delay]: Own price updated to 0

LOG: 2024-02-02T15:36:35.446632156+00:00|	[Incremental Waiting Time Maximum]:	0.262144 ms.

LOG: 2024-02-02T15:36:35.653924644+00:00|	[Update Price by Queue Delay]: Own price updated to 0

LOG: 2024-02-02T15:36:35.653982282+00:00|	[Incremental Waiting Time Maximum]:	0.098304 ms.

LOG: 2024-02-02T15:36:35.861298372+00:00|	[Update Price by Queue Delay]: Own price updated to 0

LOG: 2024-02-02T15:36:35.861361964+00:00|	[Incremental Waiting Time Maximum]:	0.000000 ms.

LOG: 2024-02-02T15:36:36.069019644+00:00|	[Update Price by Queue Delay]: Own price updated to 0

LOG: 2024-02-02T15:36:36.069067259+00:00|	[Incremental Waiting Time Maximum]:	0.007168 ms.

LOG: 2024-02-02T15:36:36.276055852+00:00|	[Update Price by Queue Delay]: Own price updated to 0

LOG: 2024-02-02T15:36:36.276095694+00:00|	[Incremental Waiting Time Maximum]:	0.000000 ms.

LOG: 2024-02-02T15:36:36.483985971+00:00|	[Update Price by Queue Delay]: Own price updated to 0

LOG: 2024-02-02T15:36:36.484048821+00:00|	[Incremental Waiting Time Maximum]:	0.000000 ms.

LOG: 2024-02-02T15:36:36.691854302+00:00|	[Update Price by Queue Delay]: Own price updated to 0

LOG: 2024-02-02T15:36:36.691893061+00:00|	[Incremental Waiting Time Maximum]:	0.000000 ms.

LOG: 2024-02-02T15:36:36.898137265+00:00|	[Update Price by Queue Delay]: Own price updated to 0

LOG: 2024-02-02T15:36:36.898179006+00:00|	[Incremental Waiting Time Maximum]:	0.000000 ms.

LOG: 2024-02-02T15:36:37.106064682+00:00|	[Update Price by Queue Delay]: Own price updated to 0

LOG: 2024-02-02T15:36:37.106103848+00:00|	[Incremental Waiting Time Maximum]:	0.000000 ms.

LOG: 2024-02-02T15:36:37.313905063+00:00|	[Update Price by Queue Delay]: Own price updated to 0

LOG: 2024-02-02T15:36:37.313943913+00:00|	[Incremental Waiting Time Maximum]:	0.000000 ms.

LOG: 2024-02-02T15:36:37.520618376+00:00|	[Update Price by Queue Delay]: Own price updated to 0

LOG: 2024-02-02T15:36:37.520668111+00:00|	[Incremental Waiting Time Maximum]:	0.000000 ms.

LOG: 2024-02-02T15:36:37.728241781+00:00|	[Update Price by Queue Delay]: Own price updated to 0

LOG: 2024-02-02T15:36:37.728292653+00:00|	[Incremental Waiting Time Maximum]:	0.000000 ms.

LOG: 2024-02-02T15:36:37.935401595+00:00|	[Update Price by Queue Delay]: Own price updated to 0

LOG: 2024-02-02T15:36:37.935442795+00:00|	[Incremental Waiting Time Maximum]:	0.000000 ms.

LOG: 2024-02-02T15:36:38.142422793+00:00|	[Update Price by Queue Delay]: Own price updated to 0

LOG: 2024-02-02T15:36:38.142492715+00:00|	[Incremental Waiting Time Maximum]:	0.010240 ms.

LOG: 2024-02-02T15:36:38.349762974+00:00|	[Update Price by Queue Delay]: Own price updated to 0

LOG: 2024-02-02T15:36:38.349818046+00:00|	[Incremental Waiting Time Maximum]:	0.010240 ms.

LOG: 2024-02-02T15:36:38.557845254+00:00|	[Update Price by Queue Delay]: Own price updated to 0

LOG: 2024-02-02T15:36:38.55788677+00:00|	[Incremental Waiting Time Maximum]:	0.000000 ms.

LOG: 2024-02-02T15:36:38.765059143+00:00|	[Update Price by Queue Delay]: Own price updated to 0

LOG: 2024-02-02T15:36:38.765101386+00:00|	[Incremental Waiting Time Maximum]:	0.010240 ms.

LOG: 2024-02-02T15:36:38.971946708+00:00|	[Update Price by Queue Delay]: Own price updated to 0

LOG: 2024-02-02T15:36:38.971989041+00:00|	[Incremental Waiting Time Maximum]:	0.000000 ms.

LOG: 2024-02-02T15:36:39.180192622+00:00|	[Update Price by Queue Delay]: Own price updated to 0

LOG: 2024-02-02T15:36:39.180244862+00:00|	[Incremental Waiting Time Maximum]:	0.000000 ms.

LOG: 2024-02-02T15:36:39.386953228+00:00|	[Update Price by Queue Delay]: Own price updated to 0

LOG: 2024-02-02T15:36:39.387002061+00:00|	[Incremental Waiting Time Maximum]:	0.000000 ms.

LOG: 2024-02-02T15:36:39.594704038+00:00|	[Update Price by Queue Delay]: Own price updated to 0

LOG: 2024-02-02T15:36:39.594742817+00:00|	[Incremental Waiting Time Maximum]:	0.010240 ms.

LOG: 2024-02-02T15:36:39.802504176+00:00|	[Update Price by Queue Delay]: Own price updated to 0

LOG: 2024-02-02T15:36:39.80254266+00:00|	[Incremental Waiting Time Maximum]:	0.000000 ms.

LOG: 2024-02-02T15:36:40.008752173+00:00|	[Update Price by Queue Delay]: Own price updated to 0

LOG: 2024-02-02T15:36:40.008789685+00:00|	[Incremental Waiting Time Maximum]:	0.000000 ms.

LOG: 2024-02-02T15:36:40.216689579+00:00|	[Update Price by Queue Delay]: Own price updated to 0

LOG: 2024-02-02T15:36:40.216728674+00:00|	[Incremental Waiting Time Maximum]:	0.000000 ms.

LOG: 2024-02-02T15:36:40.423503278+00:00|	[Update Price by Queue Delay]: Own price updated to 0

LOG: 2024-02-02T15:36:40.423580331+00:00|	[Incremental Waiting Time Maximum]:	0.000000 ms.

LOG: 2024-02-02T15:36:40.63200389+00:00|	[Update Price by Queue Delay]: Own price updated to 0

LOG: 2024-02-02T15:36:40.632079028+00:00|	[Incremental Waiting Time Maximum]:	0.000000 ms.

LOG: 2024-02-02T15:36:40.839028366+00:00|	[Update Price by Queue Delay]: Own price updated to 0

LOG: 2024-02-02T15:36:40.839067171+00:00|	[Incremental Waiting Time Maximum]:	0.000000 ms.

LOG: 2024-02-02T15:36:41.045644765+00:00|	[Update Price by Queue Delay]: Own price updated to 0

LOG: 2024-02-02T15:36:41.045683835+00:00|	[Incremental Waiting Time Maximum]:	0.000000 ms.

LOG: 2024-02-02T15:36:41.253715669+00:00|	[Update Price by Queue Delay]: Own price updated to 0

LOG: 2024-02-02T15:36:41.253754288+00:00|	[Incremental Waiting Time Maximum]:	0.000000 ms.

LOG: 2024-02-02T15:36:41.460864602+00:00|	[Update Price by Queue Delay]: Own price updated to 0

LOG: 2024-02-02T15:36:41.460905116+00:00|	[Incremental Waiting Time Maximum]:	0.000000 ms.

LOG: 2024-02-02T15:36:41.667864657+00:00|	[Update Price by Queue Delay]: Own price updated to 0

LOG: 2024-02-02T15:36:41.667904038+00:00|	[Incremental Waiting Time Maximum]:	0.010240 ms.

LOG: 2024-02-02T15:36:41.87517771+00:00|	[Update Price by Queue Delay]: Own price updated to 0

LOG: 2024-02-02T15:36:41.875237483+00:00|	[Incremental Waiting Time Maximum]:	0.000000 ms.

LOG: 2024-02-02T15:36:42.083009472+00:00|	[Update Price by Queue Delay]: Own price updated to 0

LOG: 2024-02-02T15:36:42.083049364+00:00|	[Incremental Waiting Time Maximum]:	0.000000 ms.

LOG: 2024-02-02T15:36:42.291001052+00:00|	[Update Price by Queue Delay]: Own price updated to 0

LOG: 2024-02-02T15:36:42.291041586+00:00|	[Incremental Waiting Time Maximum]:	0.000000 ms.

LOG: 2024-02-02T15:36:42.497835409+00:00|	[Update Price by Queue Delay]: Own price updated to 0

LOG: 2024-02-02T15:36:42.497873212+00:00|	[Incremental Waiting Time Maximum]:	0.000000 ms.

LOG: 2024-02-02T15:36:42.705749832+00:00|	[Update Price by Queue Delay]: Own price updated to 0

LOG: 2024-02-02T15:36:42.705788857+00:00|	[Incremental Waiting Time Maximum]:	0.000000 ms.

LOG: 2024-02-02T15:36:42.912047749+00:00|	[Update Price by Queue Delay]: Own price updated to 0

LOG: 2024-02-02T15:36:42.912074962+00:00|	[Incremental Waiting Time Maximum]:	0.000000 ms.

LOG: 2024-02-02T15:36:43.119387599+00:00|	[Update Price by Queue Delay]: Own price updated to 0

LOG: 2024-02-02T15:36:43.119428218+00:00|	[Incremental Waiting Time Maximum]:	0.000000 ms.

LOG: 2024-02-02T15:36:43.327614193+00:00|	[Update Price by Queue Delay]: Own price updated to 0

LOG: 2024-02-02T15:36:43.327652101+00:00|	[Incremental Waiting Time Maximum]:	0.000000 ms.

LOG: 2024-02-02T15:36:43.534987791+00:00|	[Update Price by Queue Delay]: Own price updated to 0

LOG: 2024-02-02T15:36:43.535037776+00:00|	[Incremental Waiting Time Maximum]:	0.014336 ms.

LOG: 2024-02-02T15:36:43.742329478+00:00|	[Update Price by Queue Delay]: Own price updated to 0

LOG: 2024-02-02T15:36:43.74237437+00:00|	[Incremental Waiting Time Maximum]:	0.008192 ms.

