Deployments: geo-nearby
nginx-web-server
profile-getprofiles
rate-getrates
recommendation-getrecommendations
reservation-checkavailability
reservation-makereservation
search-nearby
user-checkuser
deployment "geo-nearby" successfully rolled out
deployment "nginx-web-server" successfully rolled out
deployment "profile-getprofiles" successfully rolled out
deployment "rate-getrates" successfully rolled out
deployment "recommendation-getrecommendations" successfully rolled out
deployment "reservation-checkavailability" successfully rolled out
deployment "reservation-makereservation" successfully rolled out
deployment "search-nearby" successfully rolled out
deployment "user-checkuser" successfully rolled out
ENTRY_POINT: nginx-web-server
SERVICE_A_URL: 10.101.127.16:50051
Capacity: 300
Metadata: request-id={{.RequestNumber}}
Metadata: timestamp={{.TimestampUnix}}
Metadata: method=user-http
Charon Configurations:
[{INTERCEPT plain} {PRICE_UPDATE_RATE 10ms} {TOKEN_UPDATE_RATE 10ms} {LATENCY_THRESHOLD 100us} {PRICE_STEP 0} {PRICE_STRATEGY step} {LAZY_UPDATE false} {RATE_LIMITING true} {LOAD_SHEDDING true} {BREAKWATER_SLO 12500us} {BREAKWATER_A 0.001} {BREAKWATER_B 0.02} {BREAKWATER_CLIENT_EXPIRATION 10ms} {BREAKWATER_INITIAL_CREDIT 400} {BREAKWATER_LOAD_SHEDDING true} {BREAKWATERD_SLO 12500us} {BREAKWATERD_A 0.001} {BREAKWATERD_B 0.02} {BREAKWATERD_CLIENT_EXPIRATION 10ms} {BREAKWATERD_INITIAL_CREDIT 400} {BREAKWATERD_LOAD_SHEDDING true} {DAGOR_QUEUING_THRESHOLD 2ms} {DAGOR_ALPHA 0.05} {DAGOR_BETA 0.01} {DAGOR_ADMISSION_LEVEL_UPDATE_INTERVAL 10ms} {DAGOR_UMAX 20}]

Summary:
  Count:	1591
  Total:	6.82 s
  Slowest:	0 ns
  Fastest:	0 ns
  Average:	0.03 ms
  Requests/sec:	233.42

Response time histogram:

Latency distribution:

Status code distribution:
  [Unavailable]   1591 responses   

Error distribution:
  [1591]   rpc error: code = Unavailable desc = connection error: desc = "transport: Error while dialing: dial tcp 10.101.127.16:50051: connect: connection refused"   

Debug: Checking Namespace=default, Pod=geo-nearby-59cf5cf6cf-8z8nm for Target File=deathstar_*.output
Namespace: default, Pod: geo-nearby-59cf5cf6cf-8z8nm has the target files.
Copying deathstar_geo-nearby.output to deathstar_geo-nearby.output
tar: removing leading '/' from member names
Debug: Checking Namespace=default, Pod=nginx-web-server-56557f7cb7-c4mhb for Target File=deathstar_*.output
Namespace: default, Pod: nginx-web-server-56557f7cb7-c4mhb has the target files.
Copying deathstar_nginx-web-server.output to deathstar_nginx-web-server.output
tar: removing leading '/' from member names
Debug: Checking Namespace=default, Pod=profile-getprofiles-6944dddc89-5kjlc for Target File=deathstar_*.output
Namespace: default, Pod: profile-getprofiles-6944dddc89-5kjlc has the target files.
Copying deathstar_profile-getprofiles.output to deathstar_profile-getprofiles.output
tar: removing leading '/' from member names
Debug: Checking Namespace=default, Pod=rate-getrates-cb57ddc9b-f8shm for Target File=deathstar_*.output
Namespace: default, Pod: rate-getrates-cb57ddc9b-f8shm has the target files.
Copying deathstar_rate-getrates.output to deathstar_rate-getrates.output
tar: removing leading '/' from member names
Debug: Checking Namespace=default, Pod=recommendation-getrecommendations-d4844d4bc-8fnzd for Target File=deathstar_*.output
Namespace: default, Pod: recommendation-getrecommendations-d4844d4bc-8fnzd has the target files.
Copying deathstar_recommendation-getrecommendations.output to deathstar_recommendation-getrecommendations.output
tar: removing leading '/' from member names
Debug: Checking Namespace=default, Pod=reservation-checkavailability-65845d8ddc-fwp6r for Target File=deathstar_*.output
Namespace: default, Pod: reservation-checkavailability-65845d8ddc-fwp6r has the target files.
Copying deathstar_reservation-checkavailability.output to deathstar_reservation-checkavailability.output
tar: removing leading '/' from member names
Debug: Checking Namespace=default, Pod=reservation-makereservation-7c77bcc958-sw6q7 for Target File=deathstar_*.output
Namespace: default, Pod: reservation-makereservation-7c77bcc958-sw6q7 has the target files.
Copying deathstar_reservation-makereservation.output to deathstar_reservation-makereservation.output
tar: removing leading '/' from member names
Debug: Checking Namespace=default, Pod=search-nearby-7d5847f758-6gb52 for Target File=deathstar_*.output
Namespace: default, Pod: search-nearby-7d5847f758-6gb52 has the target files.
Copying deathstar_search-nearby.output to deathstar_search-nearby.output
tar: removing leading '/' from member names
Debug: Checking Namespace=default, Pod=user-checkuser-7ff8c9c5bd-228tp for Target File=deathstar_*.output
Namespace: default, Pod: user-checkuser-7ff8c9c5bd-228tp has the target files.
Copying deathstar_user-checkuser.output to deathstar_user-checkuser.output
tar: removing leading '/' from member names
