Deployments: ms-11070
ms-11285
ms-11512
ms-1278
ms-13873
ms-19953
ms-21883
ms-25124
ms-27421
ms-2827
ms-33719
ms-37691
ms-43309
ms-4354
ms-46825
ms-60236
ms-71771
ms-8052
ms-902
nginx-web-server
deployment "ms-11070" successfully rolled out
deployment "ms-11285" successfully rolled out
deployment "ms-11512" successfully rolled out
deployment "ms-1278" successfully rolled out
deployment "ms-13873" successfully rolled out
deployment "ms-19953" successfully rolled out
deployment "ms-21883" successfully rolled out
deployment "ms-25124" successfully rolled out
deployment "ms-27421" successfully rolled out
deployment "ms-2827" successfully rolled out
deployment "ms-33719" successfully rolled out
deployment "ms-37691" successfully rolled out
deployment "ms-43309" successfully rolled out
deployment "ms-4354" successfully rolled out
deployment "ms-46825" successfully rolled out
deployment "ms-60236" successfully rolled out
deployment "ms-71771" successfully rolled out
deployment "ms-8052" successfully rolled out
deployment "ms-902" successfully rolled out
deployment "nginx-web-server" successfully rolled out
ENTRY_POINT: nginx-web-server
SERVICE_A_URL: 10.102.171.214:50051
Capacity: 10000
Metadata: timestamp={{.TimestampUnix}}
Metadata: method=S_102000854
Metadata: request-id={{.RequestNumber}}
Charon Configurations:
[{INTERCEPT charon} {PRICE_UPDATE_RATE 28813us} {TOKEN_UPDATE_RATE 24335us} {LATENCY_THRESHOLD 6271us} {PRICE_STEP 41} {PRICE_STRATEGY proportional} {LAZY_UPDATE true} {RATE_LIMITING true} {LOAD_SHEDDING true} {CHARON_TRACK_PRICE false} {BREAKWATER_SLO 12500us} {BREAKWATER_A 0.001} {BREAKWATER_B 0.02} {BREAKWATER_CLIENT_EXPIRATION 10ms} {BREAKWATER_INITIAL_CREDIT 400} {BREAKWATER_LOAD_SHEDDING true} {BREAKWATER_RTT 1000us} {BREAKWATERD_SLO 12500us} {BREAKWATERD_A 0.001} {BREAKWATERD_B 0.02} {BREAKWATERD_CLIENT_EXPIRATION 10ms} {BREAKWATERD_INITIAL_CREDIT 400} {BREAKWATERD_LOAD_SHEDDING true} {BREAKWATERD_RTT 1000us} {DAGOR_QUEUING_THRESHOLD 2ms} {DAGOR_ALPHA 0.05} {DAGOR_BETA 0.01} {DAGOR_ADMISSION_LEVEL_UPDATE_INTERVAL 10ms} {DAGOR_UMAX 20}]

Summary:
  Count:	81393
  Total:	14.81 s
  Slowest:	878.66 ms
  Fastest:	38.87 ms
  Average:	75.25 ms
  Requests/sec:	5495.68

Response time histogram:
  38.868  [1]     |
  122.847 [69829] |∎∎∎∎∎∎∎∎∎∎∎∎∎∎∎∎∎∎∎∎∎∎∎∎∎∎∎∎∎∎∎∎∎∎∎∎∎∎∎∎
  206.826 [3007]  |∎∎
  290.805 [1323]  |∎
  374.784 [1363]  |∎
  458.762 [1246]  |∎
  542.741 [188]   |
  626.720 [25]    |
  710.699 [0]     |
  794.678 [20]    |
  878.656 [67]    |

Latency distribution:
  10 % in 41.12 ms 
  25 % in 45.67 ms 
  50 % in 57.43 ms 
  75 % in 72.98 ms 
  90 % in 112.95 ms 
  95 % in 218.68 ms 
  99 % in 411.35 ms 

Status code distribution:
  [OK]                  77069 responses   
  [ResourceExhausted]   4069 responses    
  [Canceled]            255 responses     

Error distribution:
  [470]    rpc error: code = ResourceExhausted desc = S_102000854 req dropped by ms-13873. Try again later.           
  [5]      rpc error: code = ResourceExhausted desc = S_102000854 req dropped by ms-33719. Try again later.           
  [255]    rpc error: code = Canceled desc = grpc: the client connection is closing                                   
  [293]    rpc error: code = ResourceExhausted desc = S_102000854 req dropped by ms-60236. Try again later.           
  [289]    rpc error: code = ResourceExhausted desc = S_102000854 req dropped by ms-25124. Try again later.           
  [3012]   rpc error: code = ResourceExhausted desc = S_102000854 req dropped by nginx-web-server. Try again later.   

Debug: Checking Namespace=default, Pod=ms-11070-7868c54f44-66msf for Target File=deathstar_*.output
Namespace: default, Pod: ms-11070-7868c54f44-66msf has the target files.
Copying deathstar_ms-11070.output to deathstar_ms-11070.output
tar: removing leading '/' from member names
Debug: Checking Namespace=default, Pod=ms-11285-67d597dc77-s2skr for Target File=deathstar_*.output
Namespace: default, Pod: ms-11285-67d597dc77-s2skr has the target files.
Copying deathstar_ms-11285.output to deathstar_ms-11285.output
tar: removing leading '/' from member names
Debug: Checking Namespace=default, Pod=ms-11512-75f8ddc45b-d9gq2 for Target File=deathstar_*.output
Namespace: default, Pod: ms-11512-75f8ddc45b-d9gq2 has the target files.
Copying deathstar_ms-11512.output to deathstar_ms-11512.output
tar: removing leading '/' from member names
Debug: Checking Namespace=default, Pod=ms-1278-85766ff6b8-wd5nc for Target File=deathstar_*.output
Namespace: default, Pod: ms-1278-85766ff6b8-wd5nc has the target files.
Copying deathstar_ms-1278.output to deathstar_ms-1278.output
tar: removing leading '/' from member names
Debug: Checking Namespace=default, Pod=ms-13873-85d7bb7b97-xxr75 for Target File=deathstar_*.output
Namespace: default, Pod: ms-13873-85d7bb7b97-xxr75 has the target files.
Copying deathstar_ms-13873.output to deathstar_ms-13873.output
tar: removing leading '/' from member names
Debug: Checking Namespace=default, Pod=ms-19953-68cc8998c5-vgq26 for Target File=deathstar_*.output
Namespace: default, Pod: ms-19953-68cc8998c5-vgq26 has the target files.
Copying deathstar_ms-19953.output to deathstar_ms-19953.output
tar: removing leading '/' from member names
Debug: Checking Namespace=default, Pod=ms-21883-f6c88c6d4-f2fjc for Target File=deathstar_*.output
Namespace: default, Pod: ms-21883-f6c88c6d4-f2fjc has the target files.
Copying deathstar_ms-21883.output to deathstar_ms-21883.output
tar: removing leading '/' from member names
Debug: Checking Namespace=default, Pod=ms-25124-77bd4446f5-vvhv6 for Target File=deathstar_*.output
Namespace: default, Pod: ms-25124-77bd4446f5-vvhv6 has the target files.
Copying deathstar_ms-25124.output to deathstar_ms-25124.output
tar: removing leading '/' from member names
Debug: Checking Namespace=default, Pod=ms-27421-8565974486-rkjl7 for Target File=deathstar_*.output
Namespace: default, Pod: ms-27421-8565974486-rkjl7 has the target files.
Copying deathstar_ms-27421.output to deathstar_ms-27421.output
tar: removing leading '/' from member names
Debug: Checking Namespace=default, Pod=ms-2827-5dcc6df4f4-sqvx4 for Target File=deathstar_*.output
Namespace: default, Pod: ms-2827-5dcc6df4f4-sqvx4 has the target files.
Copying deathstar_ms-2827.output to deathstar_ms-2827.output
tar: removing leading '/' from member names
Debug: Checking Namespace=default, Pod=ms-33719-6c455cf54c-8xzcr for Target File=deathstar_*.output
Namespace: default, Pod: ms-33719-6c455cf54c-8xzcr has the target files.
Copying deathstar_ms-33719.output to deathstar_ms-33719.output
tar: removing leading '/' from member names
Debug: Checking Namespace=default, Pod=ms-37691-b9bc44798-95fzn for Target File=deathstar_*.output
Namespace: default, Pod: ms-37691-b9bc44798-95fzn has the target files.
Copying deathstar_ms-37691.output to deathstar_ms-37691.output
tar: removing leading '/' from member names
Debug: Checking Namespace=default, Pod=ms-43309-54f758d465-hhgb6 for Target File=deathstar_*.output
Namespace: default, Pod: ms-43309-54f758d465-hhgb6 has the target files.
Copying deathstar_ms-43309.output to deathstar_ms-43309.output
tar: removing leading '/' from member names
Debug: Checking Namespace=default, Pod=ms-4354-669cfcbdf6-jjtcv for Target File=deathstar_*.output
Namespace: default, Pod: ms-4354-669cfcbdf6-jjtcv has the target files.
Copying deathstar_ms-4354.output to deathstar_ms-4354.output
tar: removing leading '/' from member names
Debug: Checking Namespace=default, Pod=ms-46825-58c684559d-prz9m for Target File=deathstar_*.output
Namespace: default, Pod: ms-46825-58c684559d-prz9m has the target files.
Copying deathstar_ms-46825.output to deathstar_ms-46825.output
tar: removing leading '/' from member names
Debug: Checking Namespace=default, Pod=ms-60236-64866cf49-fz5wc for Target File=deathstar_*.output
Namespace: default, Pod: ms-60236-64866cf49-fz5wc has the target files.
Copying deathstar_ms-60236.output to deathstar_ms-60236.output
tar: removing leading '/' from member names
Debug: Checking Namespace=default, Pod=ms-71771-567ddbdd95-fmwtr for Target File=deathstar_*.output
Namespace: default, Pod: ms-71771-567ddbdd95-fmwtr has the target files.
Copying deathstar_ms-71771.output to deathstar_ms-71771.output
tar: removing leading '/' from member names
Debug: Checking Namespace=default, Pod=ms-8052-b995968dc-c7qg8 for Target File=deathstar_*.output
Namespace: default, Pod: ms-8052-b995968dc-c7qg8 has the target files.
Copying deathstar_ms-8052.output to deathstar_ms-8052.output
tar: removing leading '/' from member names
Debug: Checking Namespace=default, Pod=ms-902-5744544f85-6xhqw for Target File=deathstar_*.output
Namespace: default, Pod: ms-902-5744544f85-6xhqw has the target files.
Copying deathstar_ms-902.output to deathstar_ms-902.output
tar: removing leading '/' from member names
Debug: Checking Namespace=default, Pod=nginx-web-server-56557f7cb7-b8q5d for Target File=deathstar_*.output
Namespace: default, Pod: nginx-web-server-56557f7cb7-b8q5d has the target files.
Copying deathstar_nginx-web-server.output to deathstar_nginx-web-server.output
