Deployments: ms-10090
ms-13558
ms-18330
ms-19585
ms-20172
ms-22893
ms-24009
ms-24959
ms-26622
ms-27421
ms-29373
ms-32301
ms-3289
ms-37691
ms-38964
ms-40147
ms-48118
ms-4829
ms-51685
ms-52379
ms-55394
ms-58436
ms-58772
ms-59962
ms-60061
ms-6323
ms-65741
ms-66473
ms-69188
ms-69614
ms-9081
nginx-web-server
unknown
deployment "ms-10090" successfully rolled out
deployment "ms-13558" successfully rolled out
deployment "ms-18330" successfully rolled out
deployment "ms-19585" successfully rolled out
deployment "ms-20172" successfully rolled out
deployment "ms-22893" successfully rolled out
deployment "ms-24009" successfully rolled out
deployment "ms-24959" successfully rolled out
deployment "ms-26622" successfully rolled out
deployment "ms-27421" successfully rolled out
deployment "ms-29373" successfully rolled out
deployment "ms-32301" successfully rolled out
deployment "ms-3289" successfully rolled out
deployment "ms-37691" successfully rolled out
deployment "ms-38964" successfully rolled out
deployment "ms-40147" successfully rolled out
deployment "ms-48118" successfully rolled out
deployment "ms-4829" successfully rolled out
deployment "ms-51685" successfully rolled out
deployment "ms-52379" successfully rolled out
deployment "ms-55394" successfully rolled out
deployment "ms-58436" successfully rolled out
deployment "ms-58772" successfully rolled out
deployment "ms-59962" successfully rolled out
deployment "ms-60061" successfully rolled out
deployment "ms-6323" successfully rolled out
deployment "ms-65741" successfully rolled out
deployment "ms-66473" successfully rolled out
deployment "ms-69188" successfully rolled out
deployment "ms-69614" successfully rolled out
deployment "ms-9081" successfully rolled out
deployment "nginx-web-server" successfully rolled out
deployment "unknown" successfully rolled out
ENTRY_POINT: nginx-web-server
SERVICE_A_URL: 10.96.48.172:50051
Capacity: 10000
Metadata: request-id={{.RequestNumber}}
Metadata: timestamp={{.TimestampUnix}}
Metadata: method=S_149998854
Charon Configurations:
[{INTERCEPT breakwaterd} {PRICE_UPDATE_RATE 10ms} {TOKEN_UPDATE_RATE 10ms} {LATENCY_THRESHOLD 100us} {PRICE_STEP 0} {PRICE_STRATEGY step} {LAZY_UPDATE false} {RATE_LIMITING true} {LOAD_SHEDDING true} {CHARON_TRACK_PRICE false} {BREAKWATER_SLO 46985us} {BREAKWATER_A 23.504243577782827} {BREAKWATER_B 2.4424451623766363} {BREAKWATER_CLIENT_EXPIRATION 3473us} {BREAKWATER_INITIAL_CREDIT 298} {BREAKWATER_LOAD_SHEDDING true} {BREAKWATER_RTT 8929us} {BREAKWATERD_SLO 47136us} {BREAKWATERD_A 1.1099505166385704} {BREAKWATERD_B 6.557082516306229} {BREAKWATERD_CLIENT_EXPIRATION 60686us} {BREAKWATERD_INITIAL_CREDIT 550} {BREAKWATERD_LOAD_SHEDDING true} {BREAKWATERD_RTT 6423us} {DAGOR_QUEUING_THRESHOLD 2ms} {DAGOR_ALPHA 0.05} {DAGOR_BETA 0.01} {DAGOR_ADMISSION_LEVEL_UPDATE_INTERVAL 10ms} {DAGOR_UMAX 20}]

Summary:
  Count:	98277
  Total:	24.94 s
  Slowest:	901.26 ms
  Fastest:	111.30 ms
  Average:	688.91 ms
  Requests/sec:	3940.40

Response time histogram:
  111.296 [1]     |
  190.293 [10502] |∎∎∎∎∎∎∎∎∎∎∎∎∎∎∎∎∎∎∎∎∎∎∎∎∎∎∎∎∎∎∎∎∎∎∎∎∎∎∎∎
  269.290 [2185]  |∎∎∎∎∎∎∎∎
  348.286 [2711]  |∎∎∎∎∎∎∎∎∎∎
  427.283 [654]   |∎∎
  506.280 [642]   |∎∎
  585.277 [757]   |∎∎∎
  664.274 [369]   |∎
  743.270 [218]   |∎
  822.267 [98]    |
  901.264 [104]   |

Latency distribution:
  10 % in 113.49 ms 
  25 % in 115.29 ms 
  50 % in 122.45 ms 
  75 % in 291.65 ms 
  90 % in 474.95 ms 
  95 % in 570.32 ms 
  99 % in 750.89 ms 

Status code distribution:
  [OK]                  18241 responses   
  [ResourceExhausted]   14652 responses   
  [DeadlineExceeded]    57021 responses   
  [Canceled]            8362 responses    
  [Unavailable]         1 responses       

Error distribution:
  [8362]    rpc error: code = Canceled desc = grpc: the client connection is closing                                              
  [1]       rpc error: code = Unavailable desc = transport is closing                                                             
  [909]     rpc error: code = ResourceExhausted desc = Server-side queuing delay is beyond AQM threshold                          
  [1743]    rpc error: code = ResourceExhausted desc = Client id 935c0775-8be5-4baa-bd31-31e872f1702e request expired in queue.   
  [88]      rpc error: code = ResourceExhausted desc = Client id 3a67941f-e533-4859-b99a-f157974d4580 request expired in queue.   
  [57021]   rpc error: code = DeadlineExceeded desc = context deadline exceeded                                                   
  [1]       rpc error: code = ResourceExhausted desc = Client id 0948d4c7-3620-4f85-bc9f-eb62cd546298 request expired in queue.   
  [4452]    rpc error: code = ResourceExhausted desc = Client id 51c11921-5479-4509-8d8c-3d0d7b6ab5a3 request expired in queue.   
  [678]     rpc error: code = ResourceExhausted desc = Client id 69931c36-dced-4e98-9291-c232b4e719f0 request expired in queue.   
  [5986]    rpc error: code = ResourceExhausted desc = Client id f36f69d4-eed0-4ec8-adfb-024c3c76dbd2 request expired in queue.   
  [321]     rpc error: code = ResourceExhausted desc = Client id 99da40c0-8668-40af-92d9-0f7cb44cd7d5 request expired in queue.   
  [191]     rpc error: code = ResourceExhausted desc = Client id 98dacdb8-5110-4ac3-8d01-fb7e2afc52c3 request expired in queue.   
  [283]     rpc error: code = ResourceExhausted desc = Client id 5b3007a5-1b2f-457b-bebb-d0dfeae20487 request expired in queue.   

Debug: Checking Namespace=default, Pod=ms-10090-6454f977fd-2d8zr for Target File=deathstar_*.output
Namespace: default, Pod: ms-10090-6454f977fd-2d8zr has the target files.
Copying deathstar_ms-10090.output to deathstar_ms-10090.output
tar: removing leading '/' from member names
Debug: Checking Namespace=default, Pod=ms-13558-b48bb5d9d-lq4kt for Target File=deathstar_*.output
Namespace: default, Pod: ms-13558-b48bb5d9d-lq4kt has the target files.
Copying deathstar_ms-13558.output to deathstar_ms-13558.output
tar: removing leading '/' from member names
Debug: Checking Namespace=default, Pod=ms-18330-759d9cf49c-stkc8 for Target File=deathstar_*.output
Namespace: default, Pod: ms-18330-759d9cf49c-stkc8 has the target files.
Copying deathstar_ms-18330.output to deathstar_ms-18330.output
tar: removing leading '/' from member names
Debug: Checking Namespace=default, Pod=ms-19585-6f995cfcbf-ztcnn for Target File=deathstar_*.output
Namespace: default, Pod: ms-19585-6f995cfcbf-ztcnn has the target files.
Copying deathstar_ms-19585.output to deathstar_ms-19585.output
tar: removing leading '/' from member names
Debug: Checking Namespace=default, Pod=ms-20172-59d5485464-jzcgj for Target File=deathstar_*.output
Namespace: default, Pod: ms-20172-59d5485464-jzcgj has the target files.
Copying deathstar_ms-20172.output to deathstar_ms-20172.output
tar: removing leading '/' from member names
Debug: Checking Namespace=default, Pod=ms-22893-576fd5f9f6-k4njj for Target File=deathstar_*.output
Namespace: default, Pod: ms-22893-576fd5f9f6-k4njj has the target files.
Copying deathstar_ms-22893.output to deathstar_ms-22893.output
tar: removing leading '/' from member names
Debug: Checking Namespace=default, Pod=ms-24009-67dbf5b976-px9jx for Target File=deathstar_*.output
Namespace: default, Pod: ms-24009-67dbf5b976-px9jx has the target files.
Copying deathstar_ms-24009.output to deathstar_ms-24009.output
tar: removing leading '/' from member names
Debug: Checking Namespace=default, Pod=ms-24959-99f8bbf9-4tdfx for Target File=deathstar_*.output
Namespace: default, Pod: ms-24959-99f8bbf9-4tdfx has the target files.
Copying deathstar_ms-24959.output to deathstar_ms-24959.output
tar: removing leading '/' from member names
Debug: Checking Namespace=default, Pod=ms-26622-66fdf7d64f-kjssm for Target File=deathstar_*.output
Namespace: default, Pod: ms-26622-66fdf7d64f-kjssm has the target files.
Copying deathstar_ms-26622.output to deathstar_ms-26622.output
tar: removing leading '/' from member names
Debug: Checking Namespace=default, Pod=ms-27421-64f549855c-7lvrc for Target File=deathstar_*.output
Namespace: default, Pod: ms-27421-64f549855c-7lvrc has the target files.
Copying deathstar_ms-27421.output to deathstar_ms-27421.output
tar: removing leading '/' from member names
Debug: Checking Namespace=default, Pod=ms-29373-8467f7db44-cppvn for Target File=deathstar_*.output
Namespace: default, Pod: ms-29373-8467f7db44-cppvn has the target files.
Copying deathstar_ms-29373.output to deathstar_ms-29373.output
tar: removing leading '/' from member names
Debug: Checking Namespace=default, Pod=ms-32301-c5654bbc5-fsrgr for Target File=deathstar_*.output
Namespace: default, Pod: ms-32301-c5654bbc5-fsrgr has the target files.
Copying deathstar_ms-32301.output to deathstar_ms-32301.output
tar: removing leading '/' from member names
Debug: Checking Namespace=default, Pod=ms-3289-587dbd96bf-59pvp for Target File=deathstar_*.output
Namespace: default, Pod: ms-3289-587dbd96bf-59pvp has the target files.
Copying deathstar_ms-3289.output to deathstar_ms-3289.output
tar: removing leading '/' from member names
Debug: Checking Namespace=default, Pod=ms-37691-6dc6cd6744-mq4pz for Target File=deathstar_*.output
Namespace: default, Pod: ms-37691-6dc6cd6744-mq4pz has the target files.
Copying deathstar_ms-37691.output to deathstar_ms-37691.output
tar: removing leading '/' from member names
Debug: Checking Namespace=default, Pod=ms-38964-5b647cdbd-sh6j7 for Target File=deathstar_*.output
Namespace: default, Pod: ms-38964-5b647cdbd-sh6j7 has the target files.
Copying deathstar_ms-38964.output to deathstar_ms-38964.output
tar: removing leading '/' from member names
Debug: Checking Namespace=default, Pod=ms-40147-cd867585-2flch for Target File=deathstar_*.output
Namespace: default, Pod: ms-40147-cd867585-2flch has the target files.
Copying deathstar_ms-40147.output to deathstar_ms-40147.output
tar: removing leading '/' from member names
Debug: Checking Namespace=default, Pod=ms-48118-ff7b99cc9-ln6gn for Target File=deathstar_*.output
Namespace: default, Pod: ms-48118-ff7b99cc9-ln6gn has the target files.
Copying deathstar_ms-48118.output to deathstar_ms-48118.output
tar: removing leading '/' from member names
Debug: Checking Namespace=default, Pod=ms-4829-669557b66c-vvmmm for Target File=deathstar_*.output
Namespace: default, Pod: ms-4829-669557b66c-vvmmm has the target files.
Copying deathstar_ms-4829.output to deathstar_ms-4829.output
tar: removing leading '/' from member names
Debug: Checking Namespace=default, Pod=ms-51685-79858c784f-whbxt for Target File=deathstar_*.output
Namespace: default, Pod: ms-51685-79858c784f-whbxt has the target files.
Copying deathstar_ms-51685.output to deathstar_ms-51685.output
tar: removing leading '/' from member names
Debug: Checking Namespace=default, Pod=ms-52379-57c6cdd54b-4vvn7 for Target File=deathstar_*.output
Namespace: default, Pod: ms-52379-57c6cdd54b-4vvn7 has the target files.
Copying deathstar_ms-52379.output to deathstar_ms-52379.output
tar: removing leading '/' from member names
Debug: Checking Namespace=default, Pod=ms-55394-6f999f5df9-8lfsg for Target File=deathstar_*.output
Namespace: default, Pod: ms-55394-6f999f5df9-8lfsg has the target files.
Copying deathstar_ms-55394.output to deathstar_ms-55394.output
tar: removing leading '/' from member names
Debug: Checking Namespace=default, Pod=ms-58436-59dd96f659-qwdgm for Target File=deathstar_*.output
Namespace: default, Pod: ms-58436-59dd96f659-qwdgm has the target files.
Copying deathstar_ms-58436.output to deathstar_ms-58436.output
tar: removing leading '/' from member names
Debug: Checking Namespace=default, Pod=ms-58772-68ff78c966-7rqq6 for Target File=deathstar_*.output
Namespace: default, Pod: ms-58772-68ff78c966-7rqq6 has the target files.
Copying deathstar_ms-58772.output to deathstar_ms-58772.output
tar: removing leading '/' from member names
Debug: Checking Namespace=default, Pod=ms-59962-756b895b58-cjjbc for Target File=deathstar_*.output
Namespace: default, Pod: ms-59962-756b895b58-cjjbc has the target files.
Copying deathstar_ms-59962.output to deathstar_ms-59962.output
tar: removing leading '/' from member names
Debug: Checking Namespace=default, Pod=ms-60061-68bd84bdcd-4wvgj for Target File=deathstar_*.output
Namespace: default, Pod: ms-60061-68bd84bdcd-4wvgj has the target files.
Copying deathstar_ms-60061.output to deathstar_ms-60061.output
tar: removing leading '/' from member names
Debug: Checking Namespace=default, Pod=ms-6323-974659fcd-rmz2m for Target File=deathstar_*.output
Namespace: default, Pod: ms-6323-974659fcd-rmz2m has the target files.
Copying deathstar_ms-6323.output to deathstar_ms-6323.output
tar: removing leading '/' from member names
Debug: Checking Namespace=default, Pod=ms-65741-65f588bcdf-vszdv for Target File=deathstar_*.output
Namespace: default, Pod: ms-65741-65f588bcdf-vszdv has the target files.
Copying deathstar_ms-65741.output to deathstar_ms-65741.output
tar: removing leading '/' from member names
Debug: Checking Namespace=default, Pod=ms-66473-79c66f8bff-tdxlb for Target File=deathstar_*.output
Namespace: default, Pod: ms-66473-79c66f8bff-tdxlb has the target files.
Copying deathstar_ms-66473.output to deathstar_ms-66473.output
tar: removing leading '/' from member names
Debug: Checking Namespace=default, Pod=ms-69188-65c548d4cb-ph4rb for Target File=deathstar_*.output
Namespace: default, Pod: ms-69188-65c548d4cb-ph4rb has the target files.
Copying deathstar_ms-69188.output to deathstar_ms-69188.output
tar: removing leading '/' from member names
Debug: Checking Namespace=default, Pod=ms-69614-794bd8475-2wq4q for Target File=deathstar_*.output
Namespace: default, Pod: ms-69614-794bd8475-2wq4q has the target files.
Copying deathstar_ms-69614.output to deathstar_ms-69614.output
tar: removing leading '/' from member names
Debug: Checking Namespace=default, Pod=ms-9081-567985788-tfv9f for Target File=deathstar_*.output
Namespace: default, Pod: ms-9081-567985788-tfv9f has the target files.
Copying deathstar_ms-9081.output to deathstar_ms-9081.output
tar: removing leading '/' from member names
Debug: Checking Namespace=default, Pod=nginx-web-server-56557f7cb7-j5wct for Target File=deathstar_*.output
Namespace: default, Pod: nginx-web-server-56557f7cb7-j5wct has the target files.
Copying deathstar_nginx-web-server.output to deathstar_nginx-web-server.output
tar: removing leading '/' from member names
Debug: Checking Namespace=default, Pod=unknown-6ddf9bd4b5-cgvch for Target File=deathstar_*.output
Namespace: default, Pod: unknown-6ddf9bd4b5-cgvch has the target files.
Copying deathstar_unknown.output to deathstar_unknown.output
tar: removing leading '/' from member names
