Deployments: ms-25648
ms-27283
ms-27421
ms-2827
ms-34756
ms-36144
ms-37691
ms-41385
ms-41914
ms-46825
ms-54016
ms-55339
ms-58269
ms-58845
ms-68328
ms-70297
nginx-web-server
unknown
deployment "ms-25648" successfully rolled out
deployment "ms-27283" successfully rolled out
deployment "ms-27421" successfully rolled out
deployment "ms-2827" successfully rolled out
deployment "ms-34756" successfully rolled out
deployment "ms-36144" successfully rolled out
deployment "ms-37691" successfully rolled out
deployment "ms-41385" successfully rolled out
deployment "ms-41914" successfully rolled out
deployment "ms-46825" successfully rolled out
deployment "ms-54016" successfully rolled out
deployment "ms-55339" successfully rolled out
deployment "ms-58269" successfully rolled out
deployment "ms-58845" successfully rolled out
deployment "ms-68328" successfully rolled out
deployment "ms-70297" successfully rolled out
deployment "nginx-web-server" successfully rolled out
deployment "unknown" successfully rolled out
ENTRY_POINT: nginx-web-server
SERVICE_A_URL: 10.111.202.49:50051
Capacity: 10000
Metadata: method=S_161142529
Metadata: request-id={{.RequestNumber}}
Metadata: timestamp={{.TimestampUnix}}
Charon Configurations:
[{INTERCEPT charon} {PRICE_UPDATE_RATE 10702us} {TOKEN_UPDATE_RATE 20345us} {LATENCY_THRESHOLD 14702us} {PRICE_STEP 142} {PRICE_STRATEGY proportional} {LAZY_UPDATE true} {RATE_LIMITING true} {LOAD_SHEDDING true} {CHARON_TRACK_PRICE false} {BREAKWATER_SLO 12500us} {BREAKWATER_A 0.001} {BREAKWATER_B 0.02} {BREAKWATER_CLIENT_EXPIRATION 10ms} {BREAKWATER_INITIAL_CREDIT 400} {BREAKWATER_LOAD_SHEDDING true} {BREAKWATER_RTT 1000us} {BREAKWATERD_SLO 12500us} {BREAKWATERD_A 0.001} {BREAKWATERD_B 0.02} {BREAKWATERD_CLIENT_EXPIRATION 10ms} {BREAKWATERD_INITIAL_CREDIT 400} {BREAKWATERD_LOAD_SHEDDING true} {BREAKWATERD_RTT 1000us} {DAGOR_QUEUING_THRESHOLD 2ms} {DAGOR_ALPHA 0.05} {DAGOR_BETA 0.01} {DAGOR_ADMISSION_LEVEL_UPDATE_INTERVAL 10ms} {DAGOR_UMAX 20}]

Summary:
  Count:	81905
  Total:	14.81 s
  Slowest:	822.61 ms
  Fastest:	65.17 ms
  Average:	106.22 ms
  Requests/sec:	5530.42

Response time histogram:
  65.169  [1]     |
  140.913 [66885] |∎∎∎∎∎∎∎∎∎∎∎∎∎∎∎∎∎∎∎∎∎∎∎∎∎∎∎∎∎∎∎∎∎∎∎∎∎∎∎∎
  216.657 [8883]  |∎∎∎∎∎
  292.402 [1036]  |∎
  368.146 [1331]  |∎
  443.891 [492]   |
  519.635 [38]    |
  595.379 [0]     |
  671.124 [0]     |
  746.868 [0]     |
  822.613 [34]    |

Latency distribution:
  10 % in 68.38 ms 
  25 % in 73.43 ms 
  50 % in 92.03 ms 
  75 % in 123.30 ms 
  90 % in 155.97 ms 
  95 % in 191.96 ms 
  99 % in 359.57 ms 

Status code distribution:
  [OK]                  78700 responses   
  [ResourceExhausted]   2558 responses    
  [Canceled]            647 responses     

Error distribution:
  [72]     rpc error: code = ResourceExhausted desc = S_161142529 req dropped by ms-41385. Try again later.           
  [1370]   rpc error: code = ResourceExhausted desc = S_161142529 req dropped by nginx-web-server. Try again later.   
  [527]    rpc error: code = ResourceExhausted desc = S_161142529 req dropped by ms-36144. Try again later.           
  [647]    rpc error: code = Canceled desc = grpc: the client connection is closing                                   
  [347]    rpc error: code = ResourceExhausted desc = S_161142529 req dropped by unknown. Try again later.            
  [242]    rpc error: code = ResourceExhausted desc = S_161142529 req dropped by ms-27283. Try again later.           

Debug: Checking Namespace=default, Pod=ms-25648-86cc47d8bd-cf5q9 for Target File=deathstar_*.output
Namespace: default, Pod: ms-25648-86cc47d8bd-cf5q9 has the target files.
Copying deathstar_ms-25648.output to deathstar_ms-25648.output
tar: removing leading '/' from member names
Debug: Checking Namespace=default, Pod=ms-27283-7cb76dd56d-kxcn8 for Target File=deathstar_*.output
Namespace: default, Pod: ms-27283-7cb76dd56d-kxcn8 has the target files.
Copying deathstar_ms-27283.output to deathstar_ms-27283.output
tar: removing leading '/' from member names
Debug: Checking Namespace=default, Pod=ms-27421-64f549855c-lxqvb for Target File=deathstar_*.output
Namespace: default, Pod: ms-27421-64f549855c-lxqvb has the target files.
Copying deathstar_ms-27421.output to deathstar_ms-27421.output
tar: removing leading '/' from member names
Debug: Checking Namespace=default, Pod=ms-2827-565cbcd7b-wwssv for Target File=deathstar_*.output
Namespace: default, Pod: ms-2827-565cbcd7b-wwssv has the target files.
Copying deathstar_ms-2827.output to deathstar_ms-2827.output
tar: removing leading '/' from member names
Debug: Checking Namespace=default, Pod=ms-34756-7c45d5bcc-vljph for Target File=deathstar_*.output
Namespace: default, Pod: ms-34756-7c45d5bcc-vljph has the target files.
Copying deathstar_ms-34756.output to deathstar_ms-34756.output
tar: removing leading '/' from member names
Debug: Checking Namespace=default, Pod=ms-36144-7bf7cbfff6-9jdqg for Target File=deathstar_*.output
Namespace: default, Pod: ms-36144-7bf7cbfff6-9jdqg has the target files.
Copying deathstar_ms-36144.output to deathstar_ms-36144.output
tar: removing leading '/' from member names
Debug: Checking Namespace=default, Pod=ms-37691-6f7cbf7c5-25k54 for Target File=deathstar_*.output
Namespace: default, Pod: ms-37691-6f7cbf7c5-25k54 has the target files.
Copying deathstar_ms-37691.output to deathstar_ms-37691.output
tar: removing leading '/' from member names
Debug: Checking Namespace=default, Pod=ms-41385-6bc4f5d4fc-fvxnk for Target File=deathstar_*.output
Namespace: default, Pod: ms-41385-6bc4f5d4fc-fvxnk has the target files.
Copying deathstar_ms-41385.output to deathstar_ms-41385.output
tar: removing leading '/' from member names
Debug: Checking Namespace=default, Pod=ms-41914-5555dd8d48-2bs5w for Target File=deathstar_*.output
Namespace: default, Pod: ms-41914-5555dd8d48-2bs5w has the target files.
Copying deathstar_ms-41914.output to deathstar_ms-41914.output
tar: removing leading '/' from member names
Debug: Checking Namespace=default, Pod=ms-46825-58c684559d-7qckw for Target File=deathstar_*.output
Namespace: default, Pod: ms-46825-58c684559d-7qckw has the target files.
Copying deathstar_ms-46825.output to deathstar_ms-46825.output
tar: removing leading '/' from member names
Debug: Checking Namespace=default, Pod=ms-54016-5665fbcb8d-t9v8l for Target File=deathstar_*.output
Namespace: default, Pod: ms-54016-5665fbcb8d-t9v8l has the target files.
Copying deathstar_ms-54016.output to deathstar_ms-54016.output
tar: removing leading '/' from member names
Debug: Checking Namespace=default, Pod=ms-55339-5b545b67bb-8xdjm for Target File=deathstar_*.output
Namespace: default, Pod: ms-55339-5b545b67bb-8xdjm has the target files.
Copying deathstar_ms-55339.output to deathstar_ms-55339.output
tar: removing leading '/' from member names
Debug: Checking Namespace=default, Pod=ms-58269-8c4794c6c-72gqc for Target File=deathstar_*.output
Namespace: default, Pod: ms-58269-8c4794c6c-72gqc has the target files.
Copying deathstar_ms-58269.output to deathstar_ms-58269.output
tar: removing leading '/' from member names
Debug: Checking Namespace=default, Pod=ms-58845-5bc6f9d8df-69lbr for Target File=deathstar_*.output
Namespace: default, Pod: ms-58845-5bc6f9d8df-69lbr has the target files.
Copying deathstar_ms-58845.output to deathstar_ms-58845.output
tar: removing leading '/' from member names
Debug: Checking Namespace=default, Pod=ms-68328-5866fd45b7-gg6mx for Target File=deathstar_*.output
Namespace: default, Pod: ms-68328-5866fd45b7-gg6mx has the target files.
Copying deathstar_ms-68328.output to deathstar_ms-68328.output
tar: removing leading '/' from member names
Debug: Checking Namespace=default, Pod=ms-70297-868876bcdb-lk5pk for Target File=deathstar_*.output
Namespace: default, Pod: ms-70297-868876bcdb-lk5pk has the target files.
Copying deathstar_ms-70297.output to deathstar_ms-70297.output
tar: removing leading '/' from member names
Debug: Checking Namespace=default, Pod=nginx-web-server-56557f7cb7-tbpt8 for Target File=deathstar_*.output
Namespace: default, Pod: nginx-web-server-56557f7cb7-tbpt8 has the target files.
Copying deathstar_nginx-web-server.output to deathstar_nginx-web-server.output
tar: removing leading '/' from member names
Debug: Checking Namespace=default, Pod=unknown-57ddd65965-wn64f for Target File=deathstar_*.output
Namespace: default, Pod: unknown-57ddd65965-wn64f has the target files.
Copying deathstar_unknown.output to deathstar_unknown.output
tar: removing leading '/' from member names
