Deployments: ms-11070
ms-11285
ms-11512
ms-1278
ms-13873
ms-19953
ms-21883
ms-25124
ms-27421
ms-2827
ms-33719
ms-37691
ms-43309
ms-4354
ms-46825
ms-60236
ms-71771
ms-8052
ms-902
nginx-web-server
deployment "ms-11070" successfully rolled out
deployment "ms-11285" successfully rolled out
deployment "ms-11512" successfully rolled out
deployment "ms-1278" successfully rolled out
deployment "ms-13873" successfully rolled out
deployment "ms-19953" successfully rolled out
deployment "ms-21883" successfully rolled out
deployment "ms-25124" successfully rolled out
deployment "ms-27421" successfully rolled out
deployment "ms-2827" successfully rolled out
deployment "ms-33719" successfully rolled out
deployment "ms-37691" successfully rolled out
deployment "ms-43309" successfully rolled out
deployment "ms-4354" successfully rolled out
deployment "ms-46825" successfully rolled out
deployment "ms-60236" successfully rolled out
deployment "ms-71771" successfully rolled out
deployment "ms-8052" successfully rolled out
deployment "ms-902" successfully rolled out
deployment "nginx-web-server" successfully rolled out
ENTRY_POINT: nginx-web-server
SERVICE_A_URL: 10.107.190.161:50051
Capacity: 10000
Metadata: request-id={{.RequestNumber}}
Metadata: timestamp={{.TimestampUnix}}
Metadata: method=S_102000854
Charon Configurations:
[{INTERCEPT charon} {PRICE_UPDATE_RATE 24689us} {TOKEN_UPDATE_RATE 2294us} {LATENCY_THRESHOLD 9953us} {PRICE_STEP 55} {PRICE_STRATEGY proportional} {LAZY_UPDATE true} {RATE_LIMITING true} {LOAD_SHEDDING true} {CHARON_TRACK_PRICE false} {BREAKWATER_SLO 12500us} {BREAKWATER_A 0.001} {BREAKWATER_B 0.02} {BREAKWATER_CLIENT_EXPIRATION 10ms} {BREAKWATER_INITIAL_CREDIT 400} {BREAKWATER_LOAD_SHEDDING true} {BREAKWATER_RTT 1000us} {BREAKWATERD_SLO 12500us} {BREAKWATERD_A 0.001} {BREAKWATERD_B 0.02} {BREAKWATERD_CLIENT_EXPIRATION 10ms} {BREAKWATERD_INITIAL_CREDIT 400} {BREAKWATERD_LOAD_SHEDDING true} {BREAKWATERD_RTT 1000us} {DAGOR_QUEUING_THRESHOLD 2ms} {DAGOR_ALPHA 0.05} {DAGOR_BETA 0.01} {DAGOR_ADMISSION_LEVEL_UPDATE_INTERVAL 10ms} {DAGOR_UMAX 20}]

Summary:
  Count:	99665
  Total:	14.79 s
  Slowest:	913.25 ms
  Fastest:	38.91 ms
  Average:	177.61 ms
  Requests/sec:	6739.96

Response time histogram:
  38.908  [1]     |
  126.342 [40556] |∎∎∎∎∎∎∎∎∎∎∎∎∎∎∎∎∎∎∎∎∎∎∎∎∎∎∎∎∎∎∎∎∎∎∎∎∎∎∎∎
  213.777 [29751] |∎∎∎∎∎∎∎∎∎∎∎∎∎∎∎∎∎∎∎∎∎∎∎∎∎∎∎∎∎
  301.211 [9166]  |∎∎∎∎∎∎∎∎∎
  388.645 [6675]  |∎∎∎∎∎∎∎
  476.079 [2799]  |∎∎∎
  563.513 [2428]  |∎∎
  650.948 [2597]  |∎∎∎
  738.382 [1086]  |∎
  825.816 [116]   |
  913.250 [47]    |

Latency distribution:
  10 % in 42.09 ms 
  25 % in 93.26 ms 
  50 % in 141.88 ms 
  75 % in 220.42 ms 
  90 % in 381.50 ms 
  95 % in 541.38 ms 
  99 % in 666.83 ms 

Status code distribution:
  [OK]                  95222 responses   
  [ResourceExhausted]   4114 responses    
  [Canceled]            329 responses     

Error distribution:
  [239]    rpc error: code = ResourceExhausted desc = S_102000854 req dropped by ms-60236. Try again later.           
  [276]    rpc error: code = ResourceExhausted desc = S_102000854 req dropped by ms-25124. Try again later.           
  [3051]   rpc error: code = ResourceExhausted desc = S_102000854 req dropped by nginx-web-server. Try again later.   
  [548]    rpc error: code = ResourceExhausted desc = S_102000854 req dropped by ms-13873. Try again later.           
  [329]    rpc error: code = Canceled desc = grpc: the client connection is closing                                   

Debug: Checking Namespace=default, Pod=ms-11070-7868c54f44-jgm77 for Target File=deathstar_*.output
Namespace: default, Pod: ms-11070-7868c54f44-jgm77 has the target files.
Copying deathstar_ms-11070.output to deathstar_ms-11070.output
tar: removing leading '/' from member names
Debug: Checking Namespace=default, Pod=ms-11285-67d597dc77-khn98 for Target File=deathstar_*.output
Namespace: default, Pod: ms-11285-67d597dc77-khn98 has the target files.
Copying deathstar_ms-11285.output to deathstar_ms-11285.output
tar: removing leading '/' from member names
Debug: Checking Namespace=default, Pod=ms-11512-75f8ddc45b-mzpbw for Target File=deathstar_*.output
Namespace: default, Pod: ms-11512-75f8ddc45b-mzpbw has the target files.
Copying deathstar_ms-11512.output to deathstar_ms-11512.output
tar: removing leading '/' from member names
Debug: Checking Namespace=default, Pod=ms-1278-85766ff6b8-6mxjd for Target File=deathstar_*.output
Namespace: default, Pod: ms-1278-85766ff6b8-6mxjd has the target files.
Copying deathstar_ms-1278.output to deathstar_ms-1278.output
tar: removing leading '/' from member names
Debug: Checking Namespace=default, Pod=ms-13873-85d7bb7b97-hpp4h for Target File=deathstar_*.output
Namespace: default, Pod: ms-13873-85d7bb7b97-hpp4h has the target files.
Copying deathstar_ms-13873.output to deathstar_ms-13873.output
tar: removing leading '/' from member names
Debug: Checking Namespace=default, Pod=ms-19953-68cc8998c5-zcd9t for Target File=deathstar_*.output
Namespace: default, Pod: ms-19953-68cc8998c5-zcd9t has the target files.
Copying deathstar_ms-19953.output to deathstar_ms-19953.output
tar: removing leading '/' from member names
Debug: Checking Namespace=default, Pod=ms-21883-f6c88c6d4-xnr2r for Target File=deathstar_*.output
Namespace: default, Pod: ms-21883-f6c88c6d4-xnr2r has the target files.
Copying deathstar_ms-21883.output to deathstar_ms-21883.output
tar: removing leading '/' from member names
Debug: Checking Namespace=default, Pod=ms-25124-77bd4446f5-grzxw for Target File=deathstar_*.output
Namespace: default, Pod: ms-25124-77bd4446f5-grzxw has the target files.
Copying deathstar_ms-25124.output to deathstar_ms-25124.output
tar: removing leading '/' from member names
Debug: Checking Namespace=default, Pod=ms-27421-8565974486-vt2v2 for Target File=deathstar_*.output
Namespace: default, Pod: ms-27421-8565974486-vt2v2 has the target files.
Copying deathstar_ms-27421.output to deathstar_ms-27421.output
Debug: Checking Namespace=default, Pod=ms-2827-5dcc6df4f4-klcf2 for Target File=deathstar_*.output
Namespace: default, Pod: ms-2827-5dcc6df4f4-klcf2 has the target files.
Copying deathstar_ms-2827.output to deathstar_ms-2827.output
tar: removing leading '/' from member names
Debug: Checking Namespace=default, Pod=ms-33719-6c455cf54c-rkdzs for Target File=deathstar_*.output
Namespace: default, Pod: ms-33719-6c455cf54c-rkdzs has the target files.
Copying deathstar_ms-33719.output to deathstar_ms-33719.output
tar: removing leading '/' from member names
Debug: Checking Namespace=default, Pod=ms-37691-b9bc44798-gvhtp for Target File=deathstar_*.output
Namespace: default, Pod: ms-37691-b9bc44798-gvhtp has the target files.
Copying deathstar_ms-37691.output to deathstar_ms-37691.output
tar: removing leading '/' from member names
Debug: Checking Namespace=default, Pod=ms-43309-54f758d465-5vlbt for Target File=deathstar_*.output
Namespace: default, Pod: ms-43309-54f758d465-5vlbt has the target files.
Copying deathstar_ms-43309.output to deathstar_ms-43309.output
tar: removing leading '/' from member names
Debug: Checking Namespace=default, Pod=ms-4354-669cfcbdf6-2jr7v for Target File=deathstar_*.output
Namespace: default, Pod: ms-4354-669cfcbdf6-2jr7v has the target files.
Copying deathstar_ms-4354.output to deathstar_ms-4354.output
tar: removing leading '/' from member names
Debug: Checking Namespace=default, Pod=ms-46825-58c684559d-8dkvf for Target File=deathstar_*.output
Namespace: default, Pod: ms-46825-58c684559d-8dkvf has the target files.
Copying deathstar_ms-46825.output to deathstar_ms-46825.output
tar: removing leading '/' from member names
Debug: Checking Namespace=default, Pod=ms-60236-64866cf49-bdz9h for Target File=deathstar_*.output
Namespace: default, Pod: ms-60236-64866cf49-bdz9h has the target files.
Copying deathstar_ms-60236.output to deathstar_ms-60236.output
tar: removing leading '/' from member names
Debug: Checking Namespace=default, Pod=ms-71771-567ddbdd95-sjbgv for Target File=deathstar_*.output
Namespace: default, Pod: ms-71771-567ddbdd95-sjbgv has the target files.
Copying deathstar_ms-71771.output to deathstar_ms-71771.output
tar: removing leading '/' from member names
Debug: Checking Namespace=default, Pod=ms-8052-b995968dc-hxhtm for Target File=deathstar_*.output
Namespace: default, Pod: ms-8052-b995968dc-hxhtm has the target files.
Copying deathstar_ms-8052.output to deathstar_ms-8052.output
tar: removing leading '/' from member names
Debug: Checking Namespace=default, Pod=ms-902-5744544f85-2952m for Target File=deathstar_*.output
Namespace: default, Pod: ms-902-5744544f85-2952m has the target files.
Copying deathstar_ms-902.output to deathstar_ms-902.output
tar: removing leading '/' from member names
Debug: Checking Namespace=default, Pod=nginx-web-server-56557f7cb7-7n9nf for Target File=deathstar_*.output
Namespace: default, Pod: nginx-web-server-56557f7cb7-7n9nf has the target files.
Copying deathstar_nginx-web-server.output to deathstar_nginx-web-server.output
tar: removing leading '/' from member names
