Deployments: ms-11070
ms-11285
ms-11512
ms-1278
ms-13873
ms-19953
ms-21883
ms-25124
ms-27421
ms-2827
ms-33719
ms-37691
ms-43309
ms-4354
ms-46825
ms-60236
ms-71771
ms-8052
ms-902
nginx-web-server
deployment "ms-11070" successfully rolled out
deployment "ms-11285" successfully rolled out
deployment "ms-11512" successfully rolled out
deployment "ms-1278" successfully rolled out
deployment "ms-13873" successfully rolled out
deployment "ms-19953" successfully rolled out
deployment "ms-21883" successfully rolled out
deployment "ms-25124" successfully rolled out
deployment "ms-27421" successfully rolled out
deployment "ms-2827" successfully rolled out
deployment "ms-33719" successfully rolled out
deployment "ms-37691" successfully rolled out
deployment "ms-43309" successfully rolled out
deployment "ms-4354" successfully rolled out
deployment "ms-46825" successfully rolled out
deployment "ms-60236" successfully rolled out
deployment "ms-71771" successfully rolled out
deployment "ms-8052" successfully rolled out
deployment "ms-902" successfully rolled out
deployment "nginx-web-server" successfully rolled out
ENTRY_POINT: nginx-web-server
SERVICE_A_URL: 10.104.119.155:50051
Capacity: 10000
Metadata: request-id={{.RequestNumber}}
Metadata: timestamp={{.TimestampUnix}}
Metadata: method=S_102000854
Charon Configurations:
[{INTERCEPT charon} {PRICE_UPDATE_RATE 5073us} {TOKEN_UPDATE_RATE 12675us} {LATENCY_THRESHOLD 7121us} {PRICE_STEP 150} {PRICE_STRATEGY proportional} {LAZY_UPDATE true} {RATE_LIMITING true} {LOAD_SHEDDING true} {CHARON_TRACK_PRICE false} {BREAKWATER_SLO 12500us} {BREAKWATER_A 0.001} {BREAKWATER_B 0.02} {BREAKWATER_CLIENT_EXPIRATION 10ms} {BREAKWATER_INITIAL_CREDIT 400} {BREAKWATER_LOAD_SHEDDING true} {BREAKWATER_RTT 1000us} {BREAKWATERD_SLO 12500us} {BREAKWATERD_A 0.001} {BREAKWATERD_B 0.02} {BREAKWATERD_CLIENT_EXPIRATION 10ms} {BREAKWATERD_INITIAL_CREDIT 400} {BREAKWATERD_LOAD_SHEDDING true} {BREAKWATERD_RTT 1000us} {DAGOR_QUEUING_THRESHOLD 2ms} {DAGOR_ALPHA 0.05} {DAGOR_BETA 0.01} {DAGOR_ADMISSION_LEVEL_UPDATE_INTERVAL 10ms} {DAGOR_UMAX 20}]

Summary:
  Count:	64845
  Total:	14.77 s
  Slowest:	875.80 ms
  Fastest:	38.91 ms
  Average:	65.22 ms
  Requests/sec:	4389.00

Response time histogram:
  38.907  [1]     |
  122.596 [57826] |∎∎∎∎∎∎∎∎∎∎∎∎∎∎∎∎∎∎∎∎∎∎∎∎∎∎∎∎∎∎∎∎∎∎∎∎∎∎∎∎
  206.285 [535]   |
  289.975 [627]   |
  373.664 [914]   |∎
  457.353 [1047]  |∎
  541.042 [140]   |
  624.731 [27]    |
  708.421 [0]     |
  792.110 [24]    |
  875.799 [62]    |

Latency distribution:
  10 % in 40.45 ms 
  25 % in 42.03 ms 
  50 % in 47.34 ms 
  75 % in 57.84 ms 
  90 % in 76.74 ms 
  95 % in 162.12 ms 
  99 % in 415.37 ms 

Status code distribution:
  [OK]                  61203 responses   
  [ResourceExhausted]   3438 responses    
  [Canceled]            204 responses     

Error distribution:
  [1112]   rpc error: code = ResourceExhausted desc = S_102000854 req dropped by ms-13873. Try again later.           
  [273]    rpc error: code = ResourceExhausted desc = S_102000854 req dropped by ms-60236. Try again later.           
  [167]    rpc error: code = ResourceExhausted desc = S_102000854 req dropped by ms-25124. Try again later.           
  [1878]   rpc error: code = ResourceExhausted desc = S_102000854 req dropped by nginx-web-server. Try again later.   
  [8]      rpc error: code = ResourceExhausted desc = S_102000854 req dropped by ms-33719. Try again later.           
  [204]    rpc error: code = Canceled desc = grpc: the client connection is closing                                   

Debug: Checking Namespace=default, Pod=ms-11070-7868c54f44-mnwzh for Target File=deathstar_*.output
Namespace: default, Pod: ms-11070-7868c54f44-mnwzh has the target files.
Copying deathstar_ms-11070.output to deathstar_ms-11070.output
tar: removing leading '/' from member names
Debug: Checking Namespace=default, Pod=ms-11285-67d597dc77-4slrj for Target File=deathstar_*.output
Namespace: default, Pod: ms-11285-67d597dc77-4slrj has the target files.
Copying deathstar_ms-11285.output to deathstar_ms-11285.output
tar: removing leading '/' from member names
Debug: Checking Namespace=default, Pod=ms-11512-75f8ddc45b-c7bln for Target File=deathstar_*.output
Namespace: default, Pod: ms-11512-75f8ddc45b-c7bln has the target files.
Copying deathstar_ms-11512.output to deathstar_ms-11512.output
tar: removing leading '/' from member names
Debug: Checking Namespace=default, Pod=ms-1278-85766ff6b8-k75ch for Target File=deathstar_*.output
Namespace: default, Pod: ms-1278-85766ff6b8-k75ch has the target files.
Copying deathstar_ms-1278.output to deathstar_ms-1278.output
tar: removing leading '/' from member names
Debug: Checking Namespace=default, Pod=ms-13873-85d7bb7b97-c6jrk for Target File=deathstar_*.output
Namespace: default, Pod: ms-13873-85d7bb7b97-c6jrk has the target files.
Copying deathstar_ms-13873.output to deathstar_ms-13873.output
tar: removing leading '/' from member names
Debug: Checking Namespace=default, Pod=ms-19953-68cc8998c5-9v9tn for Target File=deathstar_*.output
Namespace: default, Pod: ms-19953-68cc8998c5-9v9tn has the target files.
Copying deathstar_ms-19953.output to deathstar_ms-19953.output
tar: removing leading '/' from member names
Debug: Checking Namespace=default, Pod=ms-21883-f6c88c6d4-mgpfq for Target File=deathstar_*.output
Namespace: default, Pod: ms-21883-f6c88c6d4-mgpfq has the target files.
Copying deathstar_ms-21883.output to deathstar_ms-21883.output
tar: removing leading '/' from member names
Debug: Checking Namespace=default, Pod=ms-25124-77bd4446f5-9c7z7 for Target File=deathstar_*.output
Namespace: default, Pod: ms-25124-77bd4446f5-9c7z7 has the target files.
Copying deathstar_ms-25124.output to deathstar_ms-25124.output
tar: removing leading '/' from member names
Debug: Checking Namespace=default, Pod=ms-27421-8565974486-gm98n for Target File=deathstar_*.output
Namespace: default, Pod: ms-27421-8565974486-gm98n has the target files.
Copying deathstar_ms-27421.output to deathstar_ms-27421.output
tar: removing leading '/' from member names
Debug: Checking Namespace=default, Pod=ms-2827-5dcc6df4f4-b26fv for Target File=deathstar_*.output
Namespace: default, Pod: ms-2827-5dcc6df4f4-b26fv has the target files.
Copying deathstar_ms-2827.output to deathstar_ms-2827.output
tar: removing leading '/' from member names
Debug: Checking Namespace=default, Pod=ms-33719-6c455cf54c-7mgxq for Target File=deathstar_*.output
Namespace: default, Pod: ms-33719-6c455cf54c-7mgxq has the target files.
Copying deathstar_ms-33719.output to deathstar_ms-33719.output
tar: removing leading '/' from member names
Debug: Checking Namespace=default, Pod=ms-37691-b9bc44798-nq2nn for Target File=deathstar_*.output
Namespace: default, Pod: ms-37691-b9bc44798-nq2nn has the target files.
Copying deathstar_ms-37691.output to deathstar_ms-37691.output
tar: removing leading '/' from member names
Debug: Checking Namespace=default, Pod=ms-43309-54f758d465-f8w5k for Target File=deathstar_*.output
Namespace: default, Pod: ms-43309-54f758d465-f8w5k has the target files.
Copying deathstar_ms-43309.output to deathstar_ms-43309.output
tar: removing leading '/' from member names
Debug: Checking Namespace=default, Pod=ms-4354-669cfcbdf6-pkzwh for Target File=deathstar_*.output
Namespace: default, Pod: ms-4354-669cfcbdf6-pkzwh has the target files.
Copying deathstar_ms-4354.output to deathstar_ms-4354.output
tar: removing leading '/' from member names
Debug: Checking Namespace=default, Pod=ms-46825-58c684559d-6jqkl for Target File=deathstar_*.output
Namespace: default, Pod: ms-46825-58c684559d-6jqkl has the target files.
Copying deathstar_ms-46825.output to deathstar_ms-46825.output
tar: removing leading '/' from member names
Debug: Checking Namespace=default, Pod=ms-60236-64866cf49-zt7rm for Target File=deathstar_*.output
Namespace: default, Pod: ms-60236-64866cf49-zt7rm has the target files.
Copying deathstar_ms-60236.output to deathstar_ms-60236.output
tar: removing leading '/' from member names
Debug: Checking Namespace=default, Pod=ms-71771-567ddbdd95-64prx for Target File=deathstar_*.output
Namespace: default, Pod: ms-71771-567ddbdd95-64prx has the target files.
Copying deathstar_ms-71771.output to deathstar_ms-71771.output
tar: removing leading '/' from member names
Debug: Checking Namespace=default, Pod=ms-8052-b995968dc-rgfzq for Target File=deathstar_*.output
Namespace: default, Pod: ms-8052-b995968dc-rgfzq has the target files.
Copying deathstar_ms-8052.output to deathstar_ms-8052.output
tar: removing leading '/' from member names
Debug: Checking Namespace=default, Pod=ms-902-5744544f85-fhv76 for Target File=deathstar_*.output
Namespace: default, Pod: ms-902-5744544f85-fhv76 has the target files.
Copying deathstar_ms-902.output to deathstar_ms-902.output
tar: removing leading '/' from member names
Debug: Checking Namespace=default, Pod=nginx-web-server-56557f7cb7-2kwrb for Target File=deathstar_*.output
Namespace: default, Pod: nginx-web-server-56557f7cb7-2kwrb has the target files.
Copying deathstar_nginx-web-server.output to deathstar_nginx-web-server.output
tar: removing leading '/' from member names
