Deployments: compose-post-service
home-timeline-redis
home-timeline-service
media-service
nginx-web-server
post-storage-mongo
post-storage-service
social-graph-mongo
social-graph-redis
social-graph-service
text-service
unique-id-service
url-shorten-mongo
url-shorten-service
user-mention-memcached
user-mention-mongo
user-mention-service
user-service
user-timeline-mongo
user-timeline-redis
user-timeline-service
deployment "compose-post-service" successfully rolled out
Deployment compose-post-service is ready.
deployment "home-timeline-redis" successfully rolled out
Deployment home-timeline-redis is ready.
deployment "home-timeline-service" successfully rolled out
Deployment home-timeline-service is ready.
deployment "media-service" successfully rolled out
Deployment media-service is ready.
deployment "nginx-web-server" successfully rolled out
Deployment nginx-web-server is ready.
deployment "post-storage-mongo" successfully rolled out
Deployment post-storage-mongo is ready.
deployment "post-storage-service" successfully rolled out
Deployment post-storage-service is ready.
deployment "social-graph-mongo" successfully rolled out
Deployment social-graph-mongo is ready.
deployment "social-graph-redis" successfully rolled out
Deployment social-graph-redis is ready.
deployment "social-graph-service" successfully rolled out
Deployment social-graph-service is ready.
deployment "text-service" successfully rolled out
Deployment text-service is ready.
deployment "unique-id-service" successfully rolled out
Deployment unique-id-service is ready.
deployment "url-shorten-mongo" successfully rolled out
Deployment url-shorten-mongo is ready.
deployment "url-shorten-service" successfully rolled out
Deployment url-shorten-service is ready.
deployment "user-mention-memcached" successfully rolled out
Deployment user-mention-memcached is ready.
deployment "user-mention-mongo" successfully rolled out
Deployment user-mention-mongo is ready.
deployment "user-mention-service" successfully rolled out
Deployment user-mention-service is ready.
deployment "user-service" successfully rolled out
Deployment user-service is ready.
deployment "user-timeline-mongo" successfully rolled out
Deployment user-timeline-mongo is ready.
deployment "user-timeline-redis" successfully rolled out
Deployment user-timeline-redis is ready.
deployment "user-timeline-service" successfully rolled out
Deployment user-timeline-service is ready.
ENTRY_POINT: nginx-web-server
SERVICE_A_URL: 10.108.52.133:50051
Capacity: 6500
Metadata: method=compose
Metadata: request-id={{.RequestNumber}}
Metadata: timestamp={{.TimestampUnix}}
Charon Configurations:
[{PRICE_UPDATE_RATE 354713us} {TOKEN_UPDATE_RATE 382391us} {LATENCY_THRESHOLD 3869us} {PRICE_STEP 81} {PRICE_STRATEGY proportional} {INTERCEPT charon} {LAZY_UPDATE true} {BREAKWATER_SLO 12500us} {BREAKWATER_A 0.001} {BREAKWATER_B 0.02} {BREAKWATER_CLIENT_EXPIRATION 10ms} {BREAKWATER_INITIAL_CREDIT 400} {BREAKWATERD_SLO 12500us} {BREAKWATERD_A 0.001} {BREAKWATERD_B 0.02} {BREAKWATERD_CLIENT_EXPIRATION 10ms} {BREAKWATERD_INITIAL_CREDIT 400} {DAGOR_QUEUING_THRESHOLD 2ms} {DAGOR_ALPHA 0.05} {DAGOR_BETA 0.01} {DAGOR_ADMISSION_LEVEL_UPDATE_INTERVAL 10ms} {DAGOR_UMAX 20}]

Summary:
  Count:	30729
  Total:	8.77 s
  Slowest:	480.76 ms
  Fastest:	19.15 ms
  Average:	25.70 ms
  Requests/sec:	3503.37

Response time histogram:
  19.148  [1]     |
  65.310  [27875] |∎∎∎∎∎∎∎∎∎∎∎∎∎∎∎∎∎∎∎∎∎∎∎∎∎∎∎∎∎∎∎∎∎∎∎∎∎∎∎∎
  111.472 [96]    |
  157.633 [32]    |
  203.795 [22]    |
  249.957 [0]     |
  296.118 [0]     |
  342.280 [0]     |
  388.442 [0]     |
  434.603 [0]     |
  480.765 [28]    |

Latency distribution:
  10 % in 21.74 ms 
  25 % in 23.17 ms 
  50 % in 25.42 ms 
  75 % in 28.89 ms 
  90 % in 35.52 ms 
  95 % in 41.17 ms 
  99 % in 56.62 ms 

Status code distribution:
  [Canceled]            57 responses      
  [OK]                  28054 responses   
  [ResourceExhausted]   2618 responses    

Error distribution:
  [2]      rpc error: code = ResourceExhausted desc = compose req dropped by user-service. Try again later.            
  [12]     rpc error: code = ResourceExhausted desc = compose req dropped by post-storage-service. Try again later.    
  [1]      rpc error: code = ResourceExhausted desc = compose req dropped by home-timeline-service. Try again later.   
  [57]     rpc error: code = Canceled desc = grpc: the client connection is closing                                    
  [2]      rpc error: code = ResourceExhausted desc = compose req dropped by social-graph-mongo. Try again later.      
  [1]      rpc error: code = ResourceExhausted desc = compose req dropped by social-graph-service. Try again later.    
  [72]     rpc error: code = ResourceExhausted desc = compose req dropped by compose-post-service. Try again later.    
  [42]     rpc error: code = ResourceExhausted desc = compose req dropped by post-storage-mongo. Try again later.      
  [3]      rpc error: code = ResourceExhausted desc = compose req dropped by user-timeline-service. Try again later.   
  [2483]   rpc error: code = ResourceExhausted desc = compose req dropped by nginx-web-server. Try again later.        

Debug: Checking Namespace=default, Pod=compose-post-service-854bd54864-s6qjj for Target File=deathstar_*.output
Namespace: default, Pod: compose-post-service-854bd54864-s6qjj has the target files.
Copying deathstar_compose-post-service.output to deathstar_compose-post-service.output
tar: removing leading '/' from member names
Debug: Checking Namespace=default, Pod=home-timeline-redis-76d55b799-flw5s for Target File=deathstar_*.output
Namespace: default, Pod: home-timeline-redis-76d55b799-flw5s has the target files.
Copying deathstar_home-timeline-redis.output to deathstar_home-timeline-redis.output
tar: removing leading '/' from member names
Debug: Checking Namespace=default, Pod=home-timeline-service-77986fbb7f-4wfz5 for Target File=deathstar_*.output
Namespace: default, Pod: home-timeline-service-77986fbb7f-4wfz5 has the target files.
Copying deathstar_home-timeline-service.output to deathstar_home-timeline-service.output
tar: removing leading '/' from member names
Debug: Checking Namespace=default, Pod=media-service-89f86f4f6-wptv4 for Target File=deathstar_*.output
Namespace: default, Pod: media-service-89f86f4f6-wptv4 has the target files.
Copying deathstar_media-service.output to deathstar_media-service.output
tar: removing leading '/' from member names
Debug: Checking Namespace=default, Pod=nginx-web-server-56557f7cb7-r7tvw for Target File=deathstar_*.output
Namespace: default, Pod: nginx-web-server-56557f7cb7-r7tvw has the target files.
Copying deathstar_nginx-web-server.output to deathstar_nginx-web-server.output
tar: removing leading '/' from member names
Debug: Checking Namespace=default, Pod=post-storage-mongo-d8bbf8c65-nc5m5 for Target File=deathstar_*.output
Namespace: default, Pod: post-storage-mongo-d8bbf8c65-nc5m5 has the target files.
Copying deathstar_post-storage-mongo.output to deathstar_post-storage-mongo.output
tar: removing leading '/' from member names
Debug: Checking Namespace=default, Pod=post-storage-service-59b49968c8-hh28p for Target File=deathstar_*.output
Namespace: default, Pod: post-storage-service-59b49968c8-hh28p has the target files.
Copying deathstar_post-storage-service.output to deathstar_post-storage-service.output
tar: removing leading '/' from member names
Debug: Checking Namespace=default, Pod=social-graph-mongo-7fb9669465-7skcb for Target File=deathstar_*.output
Namespace: default, Pod: social-graph-mongo-7fb9669465-7skcb has the target files.
Copying deathstar_social-graph-mongo.output to deathstar_social-graph-mongo.output
tar: removing leading '/' from member names
Debug: Checking Namespace=default, Pod=social-graph-redis-f8c4c788b-4s4lt for Target File=deathstar_*.output
Namespace: default, Pod: social-graph-redis-f8c4c788b-4s4lt has the target files.
Copying deathstar_social-graph-redis.output to deathstar_social-graph-redis.output
tar: removing leading '/' from member names
Debug: Checking Namespace=default, Pod=social-graph-service-54457c5fc9-7qswv for Target File=deathstar_*.output
Namespace: default, Pod: social-graph-service-54457c5fc9-7qswv has the target files.
Copying deathstar_social-graph-service.output to deathstar_social-graph-service.output
tar: removing leading '/' from member names
Debug: Checking Namespace=default, Pod=text-service-6468959769-9vg4s for Target File=deathstar_*.output
Namespace: default, Pod: text-service-6468959769-9vg4s has the target files.
Copying deathstar_text-service.output to deathstar_text-service.output
tar: removing leading '/' from member names
Debug: Checking Namespace=default, Pod=unique-id-service-76fc9d467c-9x6jh for Target File=deathstar_*.output
Namespace: default, Pod: unique-id-service-76fc9d467c-9x6jh has the target files.
Copying deathstar_unique-id-service.output to deathstar_unique-id-service.output
tar: removing leading '/' from member names
Debug: Checking Namespace=default, Pod=url-shorten-mongo-859457fd9d-v6wbd for Target File=deathstar_*.output
Namespace: default, Pod: url-shorten-mongo-859457fd9d-v6wbd has the target files.
Copying deathstar_url-shorten-mongo.output to deathstar_url-shorten-mongo.output
tar: removing leading '/' from member names
Debug: Checking Namespace=default, Pod=url-shorten-service-648c99fcf8-flqd7 for Target File=deathstar_*.output
Namespace: default, Pod: url-shorten-service-648c99fcf8-flqd7 has the target files.
Copying deathstar_url-shorten-service.output to deathstar_url-shorten-service.output
tar: removing leading '/' from member names
Debug: Checking Namespace=default, Pod=user-mention-memcached-6f97488b98-8kbmc for Target File=deathstar_*.output
Namespace: default, Pod: user-mention-memcached-6f97488b98-8kbmc has the target files.
Copying deathstar_user-mention-memcached.output to deathstar_user-mention-memcached.output
tar: removing leading '/' from member names
Debug: Checking Namespace=default, Pod=user-mention-mongo-5674859fcb-nj5jq for Target File=deathstar_*.output
Namespace: default, Pod: user-mention-mongo-5674859fcb-nj5jq has the target files.
Copying deathstar_user-mention-mongo.output to deathstar_user-mention-mongo.output
tar: removing leading '/' from member names
Debug: Checking Namespace=default, Pod=user-mention-service-6dbb786df6-z62r4 for Target File=deathstar_*.output
Namespace: default, Pod: user-mention-service-6dbb786df6-z62r4 has the target files.
Copying deathstar_user-mention-service.output to deathstar_user-mention-service.output
tar: removing leading '/' from member names
Debug: Checking Namespace=default, Pod=user-service-5797d8df8f-xwjmv for Target File=deathstar_*.output
Namespace: default, Pod: user-service-5797d8df8f-xwjmv has the target files.
Copying deathstar_user-service.output to deathstar_user-service.output
tar: removing leading '/' from member names
Debug: Checking Namespace=default, Pod=user-timeline-mongo-7b66b98dfc-bwjfx for Target File=deathstar_*.output
Namespace: default, Pod: user-timeline-mongo-7b66b98dfc-bwjfx has the target files.
Copying deathstar_user-timeline-mongo.output to deathstar_user-timeline-mongo.output
tar: removing leading '/' from member names
Debug: Checking Namespace=default, Pod=user-timeline-redis-7fcf87fb79-p8nsr for Target File=deathstar_*.output
Namespace: default, Pod: user-timeline-redis-7fcf87fb79-p8nsr has the target files.
Copying deathstar_user-timeline-redis.output to deathstar_user-timeline-redis.output
tar: removing leading '/' from member names
Debug: Checking Namespace=default, Pod=user-timeline-service-7db769cd99-69fpg for Target File=deathstar_*.output
Namespace: default, Pod: user-timeline-service-7db769cd99-69fpg has the target files.
Copying deathstar_user-timeline-service.output to deathstar_user-timeline-service.output
tar: removing leading '/' from member names
