Deployments: ms-11070
ms-11285
ms-11512
ms-1278
ms-13873
ms-19953
ms-21883
ms-25124
ms-27421
ms-2827
ms-33719
ms-37691
ms-43309
ms-4354
ms-46825
ms-60236
ms-71771
ms-8052
ms-902
nginx-web-server
deployment "ms-11070" successfully rolled out
deployment "ms-11285" successfully rolled out
deployment "ms-11512" successfully rolled out
deployment "ms-1278" successfully rolled out
deployment "ms-13873" successfully rolled out
deployment "ms-19953" successfully rolled out
deployment "ms-21883" successfully rolled out
deployment "ms-25124" successfully rolled out
deployment "ms-27421" successfully rolled out
deployment "ms-2827" successfully rolled out
deployment "ms-33719" successfully rolled out
deployment "ms-37691" successfully rolled out
deployment "ms-43309" successfully rolled out
deployment "ms-4354" successfully rolled out
deployment "ms-46825" successfully rolled out
deployment "ms-60236" successfully rolled out
deployment "ms-71771" successfully rolled out
deployment "ms-8052" successfully rolled out
deployment "ms-902" successfully rolled out
deployment "nginx-web-server" successfully rolled out
ENTRY_POINT: nginx-web-server
SERVICE_A_URL: 10.101.176.58:50051
Capacity: 10000
Metadata: request-id={{.RequestNumber}}
Metadata: timestamp={{.TimestampUnix}}
Metadata: method=S_102000854
Charon Configurations:
[{INTERCEPT breakwaterd} {PRICE_UPDATE_RATE 10ms} {TOKEN_UPDATE_RATE 10ms} {LATENCY_THRESHOLD 100us} {PRICE_STEP 0} {PRICE_STRATEGY step} {LAZY_UPDATE false} {RATE_LIMITING true} {LOAD_SHEDDING true} {CHARON_TRACK_PRICE false} {BREAKWATER_SLO 50000us} {BREAKWATER_A 30.0} {BREAKWATER_B 10.0} {BREAKWATER_CLIENT_EXPIRATION 5000us} {BREAKWATER_INITIAL_CREDIT 400} {BREAKWATER_LOAD_SHEDDING true} {BREAKWATER_RTT 0us} {BREAKWATERD_SLO 58506us} {BREAKWATERD_A 0.0} {BREAKWATERD_B 10.0} {BREAKWATERD_CLIENT_EXPIRATION 27962us} {BREAKWATERD_INITIAL_CREDIT 5000} {BREAKWATERD_LOAD_SHEDDING true} {BREAKWATERD_RTT 1000us} {DAGOR_QUEUING_THRESHOLD 2ms} {DAGOR_ALPHA 0.05} {DAGOR_BETA 0.01} {DAGOR_ADMISSION_LEVEL_UPDATE_INTERVAL 10ms} {DAGOR_UMAX 20}]

Summary:
  Count:	104623
  Total:	24.86 s
  Slowest:	836.40 ms
  Fastest:	39.01 ms
  Average:	160.58 ms
  Requests/sec:	4208.13

Response time histogram:
  39.006  [1]     |
  118.745 [19069] |∎∎∎∎∎∎∎∎∎∎∎∎∎∎∎∎∎∎∎∎∎∎∎∎∎∎∎∎∎∎∎∎∎∎∎∎∎∎∎
  198.485 [19395] |∎∎∎∎∎∎∎∎∎∎∎∎∎∎∎∎∎∎∎∎∎∎∎∎∎∎∎∎∎∎∎∎∎∎∎∎∎∎∎∎
  278.224 [18645] |∎∎∎∎∎∎∎∎∎∎∎∎∎∎∎∎∎∎∎∎∎∎∎∎∎∎∎∎∎∎∎∎∎∎∎∎∎∎
  357.964 [8034]  |∎∎∎∎∎∎∎∎∎∎∎∎∎∎∎∎∎
  437.703 [2805]  |∎∎∎∎∎∎
  517.443 [1538]  |∎∎∎
  597.182 [783]   |∎∎
  676.922 [58]    |
  756.661 [19]    |
  836.401 [154]   |

Latency distribution:
  10 % in 42.59 ms 
  25 % in 109.80 ms 
  50 % in 189.67 ms 
  75 % in 254.40 ms 
  90 % in 335.49 ms 
  95 % in 401.26 ms 
  99 % in 538.85 ms 

Status code distribution:
  [OK]                  70501 responses   
  [ResourceExhausted]   33967 responses   
  [Canceled]            155 responses     

Error distribution:
  [573]     rpc error: code = ResourceExhausted desc = Client id 3ed8138c-3db7-4304-8ed4-acfa568a6f85 request expired in queue.   
  [102]     rpc error: code = ResourceExhausted desc = Client id 9bcb7139-0284-4dc1-806c-4b4dc0d7fc06 request expired in queue.   
  [158]     rpc error: code = ResourceExhausted desc = Client id 92bd47b7-bf22-4fe1-ad43-2749e63b7c39 request expired in queue.   
  [144]     rpc error: code = ResourceExhausted desc = Client id 5f5c0242-fd8e-4ad6-892b-e25cc0c1f4a2 request expired in queue.   
  [96]      rpc error: code = ResourceExhausted desc = Client id 8dbd80f8-f4ab-4e49-9eac-b0a40777387b request expired in queue.   
  [105]     rpc error: code = ResourceExhausted desc = Client id 2980af26-4f62-4f11-bffa-ab50bfdbcc85 request expired in queue.   
  [70]      rpc error: code = ResourceExhausted desc = Client id 3a5be7a5-840d-407d-b36d-bd6257044617 request expired in queue.   
  [324]     rpc error: code = ResourceExhausted desc = Client id 48d727b6-4978-47b1-9f5a-127d370164f3 request expired in queue.   
  [11480]   rpc error: code = ResourceExhausted desc = Client id 9a6964f2-47db-4bf6-98e3-625792c82ee1 request expired in queue.   
  [155]     rpc error: code = Canceled desc = grpc: the client connection is closing                                              
  [77]      rpc error: code = ResourceExhausted desc = Server-side queuing delay is beyond AQM threshold                          
  [8690]    rpc error: code = ResourceExhausted desc = Client id 3472da5e-dc77-4497-b8cc-2cd37d25e550 request expired in queue.   
  [9969]    rpc error: code = ResourceExhausted desc = Client id 21b3e186-a19b-44e1-98e4-49b8018d0258 request expired in queue.   
  [216]     rpc error: code = ResourceExhausted desc = Client id 29820b57-b0c6-49d7-83ef-d9fe6e3df013 request expired in queue.   
  [1952]    rpc error: code = ResourceExhausted desc = Client id 652bb24d-39a1-42ca-a524-da78152c637e request expired in queue.   
  [11]      rpc error: code = ResourceExhausted desc = Client id a7d5ee1d-b941-4aca-b79c-71da36ebd8a7 request expired in queue.   

Debug: Checking Namespace=default, Pod=ms-11070-7868c54f44-d457c for Target File=deathstar_*.output
Namespace: default, Pod: ms-11070-7868c54f44-d457c has the target files.
Copying deathstar_ms-11070.output to deathstar_ms-11070.output
tar: removing leading '/' from member names
Debug: Checking Namespace=default, Pod=ms-11285-67d597dc77-4zm9n for Target File=deathstar_*.output
Namespace: default, Pod: ms-11285-67d597dc77-4zm9n has the target files.
Copying deathstar_ms-11285.output to deathstar_ms-11285.output
tar: removing leading '/' from member names
Debug: Checking Namespace=default, Pod=ms-11512-75f8ddc45b-tdn4m for Target File=deathstar_*.output
Namespace: default, Pod: ms-11512-75f8ddc45b-tdn4m has the target files.
Copying deathstar_ms-11512.output to deathstar_ms-11512.output
tar: removing leading '/' from member names
Debug: Checking Namespace=default, Pod=ms-1278-85766ff6b8-pmzgf for Target File=deathstar_*.output
Namespace: default, Pod: ms-1278-85766ff6b8-pmzgf has the target files.
Copying deathstar_ms-1278.output to deathstar_ms-1278.output
tar: removing leading '/' from member names
Debug: Checking Namespace=default, Pod=ms-13873-85d7bb7b97-dg99j for Target File=deathstar_*.output
Namespace: default, Pod: ms-13873-85d7bb7b97-dg99j has the target files.
Copying deathstar_ms-13873.output to deathstar_ms-13873.output
tar: removing leading '/' from member names
Debug: Checking Namespace=default, Pod=ms-19953-68cc8998c5-ql9p8 for Target File=deathstar_*.output
Namespace: default, Pod: ms-19953-68cc8998c5-ql9p8 has the target files.
Copying deathstar_ms-19953.output to deathstar_ms-19953.output
tar: removing leading '/' from member names
Debug: Checking Namespace=default, Pod=ms-21883-f6c88c6d4-qp9zh for Target File=deathstar_*.output
Namespace: default, Pod: ms-21883-f6c88c6d4-qp9zh has the target files.
Copying deathstar_ms-21883.output to deathstar_ms-21883.output
tar: removing leading '/' from member names
Debug: Checking Namespace=default, Pod=ms-25124-77bd4446f5-mqg9n for Target File=deathstar_*.output
Namespace: default, Pod: ms-25124-77bd4446f5-mqg9n has the target files.
Copying deathstar_ms-25124.output to deathstar_ms-25124.output
tar: removing leading '/' from member names
Debug: Checking Namespace=default, Pod=ms-27421-8565974486-rd6h7 for Target File=deathstar_*.output
Namespace: default, Pod: ms-27421-8565974486-rd6h7 has the target files.
Copying deathstar_ms-27421.output to deathstar_ms-27421.output
tar: removing leading '/' from member names
Debug: Checking Namespace=default, Pod=ms-2827-5dcc6df4f4-5ddkn for Target File=deathstar_*.output
Namespace: default, Pod: ms-2827-5dcc6df4f4-5ddkn has the target files.
Copying deathstar_ms-2827.output to deathstar_ms-2827.output
tar: removing leading '/' from member names
Debug: Checking Namespace=default, Pod=ms-33719-6c455cf54c-trrbs for Target File=deathstar_*.output
Namespace: default, Pod: ms-33719-6c455cf54c-trrbs has the target files.
Copying deathstar_ms-33719.output to deathstar_ms-33719.output
tar: removing leading '/' from member names
Debug: Checking Namespace=default, Pod=ms-37691-b9bc44798-f84m5 for Target File=deathstar_*.output
Namespace: default, Pod: ms-37691-b9bc44798-f84m5 has the target files.
Copying deathstar_ms-37691.output to deathstar_ms-37691.output
tar: removing leading '/' from member names
Debug: Checking Namespace=default, Pod=ms-43309-54f758d465-kh5g9 for Target File=deathstar_*.output
Namespace: default, Pod: ms-43309-54f758d465-kh5g9 has the target files.
Copying deathstar_ms-43309.output to deathstar_ms-43309.output
tar: removing leading '/' from member names
Debug: Checking Namespace=default, Pod=ms-4354-669cfcbdf6-hpskh for Target File=deathstar_*.output
Namespace: default, Pod: ms-4354-669cfcbdf6-hpskh has the target files.
Copying deathstar_ms-4354.output to deathstar_ms-4354.output
tar: removing leading '/' from member names
Debug: Checking Namespace=default, Pod=ms-46825-58c684559d-2swpg for Target File=deathstar_*.output
Namespace: default, Pod: ms-46825-58c684559d-2swpg has the target files.
Copying deathstar_ms-46825.output to deathstar_ms-46825.output
tar: removing leading '/' from member names
Debug: Checking Namespace=default, Pod=ms-60236-64866cf49-k5w84 for Target File=deathstar_*.output
Namespace: default, Pod: ms-60236-64866cf49-k5w84 has the target files.
Copying deathstar_ms-60236.output to deathstar_ms-60236.output
tar: removing leading '/' from member names
Debug: Checking Namespace=default, Pod=ms-71771-567ddbdd95-zz4f5 for Target File=deathstar_*.output
Namespace: default, Pod: ms-71771-567ddbdd95-zz4f5 has the target files.
Copying deathstar_ms-71771.output to deathstar_ms-71771.output
tar: removing leading '/' from member names
Debug: Checking Namespace=default, Pod=ms-8052-b995968dc-5wrx8 for Target File=deathstar_*.output
Namespace: default, Pod: ms-8052-b995968dc-5wrx8 has the target files.
Copying deathstar_ms-8052.output to deathstar_ms-8052.output
tar: removing leading '/' from member names
Debug: Checking Namespace=default, Pod=ms-902-5744544f85-7p7fc for Target File=deathstar_*.output
Namespace: default, Pod: ms-902-5744544f85-7p7fc has the target files.
Copying deathstar_ms-902.output to deathstar_ms-902.output
tar: removing leading '/' from member names
Debug: Checking Namespace=default, Pod=nginx-web-server-56557f7cb7-tfqb5 for Target File=deathstar_*.output
Namespace: default, Pod: nginx-web-server-56557f7cb7-tfqb5 has the target files.
Copying deathstar_nginx-web-server.output to deathstar_nginx-web-server.output
tar: removing leading '/' from member names
