Deployments: ms-10090
ms-13558
ms-18330
ms-19585
ms-20172
ms-22893
ms-24009
ms-24959
ms-26622
ms-27421
ms-29373
ms-32301
ms-3289
ms-37691
ms-38964
ms-40147
ms-48118
ms-4829
ms-51685
ms-52379
ms-55394
ms-58436
ms-58772
ms-59962
ms-60061
ms-6323
ms-65741
ms-66473
ms-69188
ms-69614
ms-9081
nginx-web-server
unknown
deployment "ms-10090" successfully rolled out
deployment "ms-13558" successfully rolled out
deployment "ms-18330" successfully rolled out
deployment "ms-19585" successfully rolled out
deployment "ms-20172" successfully rolled out
deployment "ms-22893" successfully rolled out
deployment "ms-24009" successfully rolled out
deployment "ms-24959" successfully rolled out
deployment "ms-26622" successfully rolled out
deployment "ms-27421" successfully rolled out
deployment "ms-29373" successfully rolled out
deployment "ms-32301" successfully rolled out
deployment "ms-3289" successfully rolled out
deployment "ms-37691" successfully rolled out
deployment "ms-38964" successfully rolled out
deployment "ms-40147" successfully rolled out
deployment "ms-48118" successfully rolled out
deployment "ms-4829" successfully rolled out
deployment "ms-51685" successfully rolled out
deployment "ms-52379" successfully rolled out
deployment "ms-55394" successfully rolled out
deployment "ms-58436" successfully rolled out
deployment "ms-58772" successfully rolled out
deployment "ms-59962" successfully rolled out
deployment "ms-60061" successfully rolled out
deployment "ms-6323" successfully rolled out
deployment "ms-65741" successfully rolled out
deployment "ms-66473" successfully rolled out
deployment "ms-69188" successfully rolled out
deployment "ms-69614" successfully rolled out
deployment "ms-9081" successfully rolled out
deployment "nginx-web-server" successfully rolled out
deployment "unknown" successfully rolled out
ENTRY_POINT: nginx-web-server
SERVICE_A_URL: 10.105.85.103:50051
Capacity: 10000
Metadata: request-id={{.RequestNumber}}
Metadata: timestamp={{.TimestampUnix}}
Metadata: method=S_149998854
Charon Configurations:
[{INTERCEPT breakwaterd} {PRICE_UPDATE_RATE 10ms} {TOKEN_UPDATE_RATE 10ms} {LATENCY_THRESHOLD 100us} {PRICE_STEP 0} {PRICE_STRATEGY step} {LAZY_UPDATE false} {RATE_LIMITING true} {LOAD_SHEDDING true} {CHARON_TRACK_PRICE false} {BREAKWATER_SLO 13693us} {BREAKWATER_A 12.51066014107722} {BREAKWATER_B 7.203244934421581} {BREAKWATER_CLIENT_EXPIRATION 1us} {BREAKWATER_INITIAL_CREDIT 121} {BREAKWATER_LOAD_SHEDDING true} {BREAKWATER_RTT 2935us} {BREAKWATERD_SLO 57965us} {BREAKWATERD_A 1.862602113776709} {BREAKWATERD_B 3.4556072704304777} {BREAKWATERD_CLIENT_EXPIRATION 45709us} {BREAKWATERD_INITIAL_CREDIT 2694} {BREAKWATERD_LOAD_SHEDDING true} {BREAKWATERD_RTT 8964us} {DAGOR_QUEUING_THRESHOLD 2ms} {DAGOR_ALPHA 0.05} {DAGOR_BETA 0.01} {DAGOR_ADMISSION_LEVEL_UPDATE_INTERVAL 10ms} {DAGOR_UMAX 20}]

Summary:
  Count:	79877
  Total:	25.00 s
  Slowest:	931.75 ms
  Fastest:	111.17 ms
  Average:	190.66 ms
  Requests/sec:	3194.96

Response time histogram:
  111.173 [1]     |
  193.231 [10879] |∎∎∎∎∎∎∎∎∎∎∎∎∎∎∎∎∎∎∎∎∎∎∎∎∎
  275.288 [17285] |∎∎∎∎∎∎∎∎∎∎∎∎∎∎∎∎∎∎∎∎∎∎∎∎∎∎∎∎∎∎∎∎∎∎∎∎∎∎∎∎
  357.345 [12124] |∎∎∎∎∎∎∎∎∎∎∎∎∎∎∎∎∎∎∎∎∎∎∎∎∎∎∎∎
  439.403 [1508]  |∎∎∎
  521.460 [114]   |
  603.517 [537]   |∎
  685.574 [1009]  |∎∎
  767.632 [885]   |∎∎
  849.689 [175]   |
  931.746 [93]    |

Latency distribution:
  10 % in 115.58 ms 
  25 % in 195.00 ms 
  50 % in 250.25 ms 
  75 % in 300.71 ms 
  90 % in 355.08 ms 
  95 % in 596.42 ms 
  99 % in 736.79 ms 

Status code distribution:
  [ResourceExhausted]   34366 responses   
  [OK]                  44610 responses   
  [Canceled]            901 responses     

Error distribution:
  [488]     rpc error: code = ResourceExhausted desc = Client id f93fa258-86eb-49a4-b37b-2b884e4a12e7 request expired in queue.   
  [853]     rpc error: code = ResourceExhausted desc = Client id aa0ccc69-6fff-476a-9b6d-95efb71af227 request expired in queue.   
  [246]     rpc error: code = ResourceExhausted desc = Client id 1e3bd7b1-cc21-4792-8027-1c022f3e1b99 request expired in queue.   
  [901]     rpc error: code = Canceled desc = grpc: the client connection is closing                                              
  [8477]    rpc error: code = ResourceExhausted desc = Client id a6d459e4-5176-4f82-ae09-6437ec069a31 request expired in queue.   
  [6711]    rpc error: code = ResourceExhausted desc = Server-side queuing delay is beyond AQM threshold                          
  [175]     rpc error: code = ResourceExhausted desc = Client id 175220b5-2f8e-454a-8e18-aadd58036898 request expired in queue.   
  [11536]   rpc error: code = ResourceExhausted desc = Client id 759d65de-aae4-4456-92d3-b2ab1572329e request expired in queue.   
  [213]     rpc error: code = ResourceExhausted desc = Client id 6d15d8ed-127f-4180-bd24-4a21410d016b request expired in queue.   
  [5463]    rpc error: code = ResourceExhausted desc = Client id 868435f6-6c00-46f7-b07b-ea1e864060b1 request expired in queue.   
  [143]     rpc error: code = ResourceExhausted desc = Client id b4f10fcc-c52c-45b6-a54a-d51596cecd7d request expired in queue.   
  [19]      rpc error: code = ResourceExhausted desc = Client id 6a892b85-c016-414f-b095-5b882b975a0e request expired in queue.   
  [41]      rpc error: code = ResourceExhausted desc = Client id 773683bd-cdc5-4672-bea4-a514b0ccbb9a request expired in queue.   
  [1]       rpc error: code = ResourceExhausted desc = Client id 9d51752b-8241-4149-ba25-6f7e3851da56 request expired in queue.   

Debug: Checking Namespace=default, Pod=ms-10090-6454f977fd-76jxb for Target File=deathstar_*.output
Namespace: default, Pod: ms-10090-6454f977fd-76jxb has the target files.
Copying deathstar_ms-10090.output to deathstar_ms-10090.output
tar: removing leading '/' from member names
Debug: Checking Namespace=default, Pod=ms-13558-b48bb5d9d-msx8x for Target File=deathstar_*.output
Namespace: default, Pod: ms-13558-b48bb5d9d-msx8x has the target files.
Copying deathstar_ms-13558.output to deathstar_ms-13558.output
tar: removing leading '/' from member names
Debug: Checking Namespace=default, Pod=ms-18330-759d9cf49c-6hm2n for Target File=deathstar_*.output
Namespace: default, Pod: ms-18330-759d9cf49c-6hm2n has the target files.
Copying deathstar_ms-18330.output to deathstar_ms-18330.output
tar: removing leading '/' from member names
Debug: Checking Namespace=default, Pod=ms-19585-6f995cfcbf-qkd2f for Target File=deathstar_*.output
Namespace: default, Pod: ms-19585-6f995cfcbf-qkd2f has the target files.
Copying deathstar_ms-19585.output to deathstar_ms-19585.output
tar: removing leading '/' from member names
Debug: Checking Namespace=default, Pod=ms-20172-59d5485464-4h8cw for Target File=deathstar_*.output
Namespace: default, Pod: ms-20172-59d5485464-4h8cw has the target files.
Copying deathstar_ms-20172.output to deathstar_ms-20172.output
tar: removing leading '/' from member names
Debug: Checking Namespace=default, Pod=ms-22893-576fd5f9f6-smzw8 for Target File=deathstar_*.output
Namespace: default, Pod: ms-22893-576fd5f9f6-smzw8 has the target files.
Copying deathstar_ms-22893.output to deathstar_ms-22893.output
tar: removing leading '/' from member names
Debug: Checking Namespace=default, Pod=ms-24009-67dbf5b976-njnlj for Target File=deathstar_*.output
Namespace: default, Pod: ms-24009-67dbf5b976-njnlj has the target files.
Copying deathstar_ms-24009.output to deathstar_ms-24009.output
tar: removing leading '/' from member names
Debug: Checking Namespace=default, Pod=ms-24959-99f8bbf9-zrcl8 for Target File=deathstar_*.output
Namespace: default, Pod: ms-24959-99f8bbf9-zrcl8 has the target files.
Copying deathstar_ms-24959.output to deathstar_ms-24959.output
tar: removing leading '/' from member names
Debug: Checking Namespace=default, Pod=ms-26622-66fdf7d64f-b5kn7 for Target File=deathstar_*.output
Namespace: default, Pod: ms-26622-66fdf7d64f-b5kn7 has the target files.
Copying deathstar_ms-26622.output to deathstar_ms-26622.output
tar: removing leading '/' from member names
Debug: Checking Namespace=default, Pod=ms-27421-64f549855c-9jn7z for Target File=deathstar_*.output
Namespace: default, Pod: ms-27421-64f549855c-9jn7z has the target files.
Copying deathstar_ms-27421.output to deathstar_ms-27421.output
tar: removing leading '/' from member names
Debug: Checking Namespace=default, Pod=ms-29373-8467f7db44-qn8hx for Target File=deathstar_*.output
Namespace: default, Pod: ms-29373-8467f7db44-qn8hx has the target files.
Copying deathstar_ms-29373.output to deathstar_ms-29373.output
tar: removing leading '/' from member names
Debug: Checking Namespace=default, Pod=ms-32301-c5654bbc5-9mz58 for Target File=deathstar_*.output
Namespace: default, Pod: ms-32301-c5654bbc5-9mz58 has the target files.
Copying deathstar_ms-32301.output to deathstar_ms-32301.output
tar: removing leading '/' from member names
Debug: Checking Namespace=default, Pod=ms-3289-587dbd96bf-d2d7n for Target File=deathstar_*.output
Namespace: default, Pod: ms-3289-587dbd96bf-d2d7n has the target files.
Copying deathstar_ms-3289.output to deathstar_ms-3289.output
tar: removing leading '/' from member names
Debug: Checking Namespace=default, Pod=ms-37691-6dc6cd6744-vffbv for Target File=deathstar_*.output
Namespace: default, Pod: ms-37691-6dc6cd6744-vffbv has the target files.
Copying deathstar_ms-37691.output to deathstar_ms-37691.output
tar: removing leading '/' from member names
Debug: Checking Namespace=default, Pod=ms-38964-5b647cdbd-gmqtz for Target File=deathstar_*.output
Namespace: default, Pod: ms-38964-5b647cdbd-gmqtz has the target files.
Copying deathstar_ms-38964.output to deathstar_ms-38964.output
tar: removing leading '/' from member names
Debug: Checking Namespace=default, Pod=ms-40147-cd867585-2g24c for Target File=deathstar_*.output
Namespace: default, Pod: ms-40147-cd867585-2g24c has the target files.
Copying deathstar_ms-40147.output to deathstar_ms-40147.output
tar: removing leading '/' from member names
Debug: Checking Namespace=default, Pod=ms-48118-ff7b99cc9-z2xtb for Target File=deathstar_*.output
Namespace: default, Pod: ms-48118-ff7b99cc9-z2xtb has the target files.
Copying deathstar_ms-48118.output to deathstar_ms-48118.output
tar: removing leading '/' from member names
Debug: Checking Namespace=default, Pod=ms-4829-669557b66c-b9h77 for Target File=deathstar_*.output
Namespace: default, Pod: ms-4829-669557b66c-b9h77 has the target files.
Copying deathstar_ms-4829.output to deathstar_ms-4829.output
tar: removing leading '/' from member names
Debug: Checking Namespace=default, Pod=ms-51685-79858c784f-xxj4m for Target File=deathstar_*.output
Namespace: default, Pod: ms-51685-79858c784f-xxj4m has the target files.
Copying deathstar_ms-51685.output to deathstar_ms-51685.output
tar: removing leading '/' from member names
Debug: Checking Namespace=default, Pod=ms-52379-57c6cdd54b-gd4kp for Target File=deathstar_*.output
Namespace: default, Pod: ms-52379-57c6cdd54b-gd4kp has the target files.
Copying deathstar_ms-52379.output to deathstar_ms-52379.output
tar: removing leading '/' from member names
Debug: Checking Namespace=default, Pod=ms-55394-6f999f5df9-fgwps for Target File=deathstar_*.output
Namespace: default, Pod: ms-55394-6f999f5df9-fgwps has the target files.
Copying deathstar_ms-55394.output to deathstar_ms-55394.output
tar: removing leading '/' from member names
Debug: Checking Namespace=default, Pod=ms-58436-59dd96f659-52s48 for Target File=deathstar_*.output
Namespace: default, Pod: ms-58436-59dd96f659-52s48 has the target files.
Copying deathstar_ms-58436.output to deathstar_ms-58436.output
tar: removing leading '/' from member names
Debug: Checking Namespace=default, Pod=ms-58772-68ff78c966-l2wvz for Target File=deathstar_*.output
Namespace: default, Pod: ms-58772-68ff78c966-l2wvz has the target files.
Copying deathstar_ms-58772.output to deathstar_ms-58772.output
tar: removing leading '/' from member names
Debug: Checking Namespace=default, Pod=ms-59962-756b895b58-xbj96 for Target File=deathstar_*.output
Namespace: default, Pod: ms-59962-756b895b58-xbj96 has the target files.
Copying deathstar_ms-59962.output to deathstar_ms-59962.output
tar: removing leading '/' from member names
Debug: Checking Namespace=default, Pod=ms-60061-68bd84bdcd-ghnb4 for Target File=deathstar_*.output
Namespace: default, Pod: ms-60061-68bd84bdcd-ghnb4 has the target files.
Copying deathstar_ms-60061.output to deathstar_ms-60061.output
tar: removing leading '/' from member names
Debug: Checking Namespace=default, Pod=ms-6323-974659fcd-6brdf for Target File=deathstar_*.output
Namespace: default, Pod: ms-6323-974659fcd-6brdf has the target files.
Copying deathstar_ms-6323.output to deathstar_ms-6323.output
tar: removing leading '/' from member names
Debug: Checking Namespace=default, Pod=ms-65741-65f588bcdf-cxxqd for Target File=deathstar_*.output
Namespace: default, Pod: ms-65741-65f588bcdf-cxxqd has the target files.
Copying deathstar_ms-65741.output to deathstar_ms-65741.output
tar: removing leading '/' from member names
Debug: Checking Namespace=default, Pod=ms-66473-79c66f8bff-b769w for Target File=deathstar_*.output
Namespace: default, Pod: ms-66473-79c66f8bff-b769w has the target files.
Copying deathstar_ms-66473.output to deathstar_ms-66473.output
tar: removing leading '/' from member names
Debug: Checking Namespace=default, Pod=ms-69188-65c548d4cb-9k4mk for Target File=deathstar_*.output
Namespace: default, Pod: ms-69188-65c548d4cb-9k4mk has the target files.
Copying deathstar_ms-69188.output to deathstar_ms-69188.output
tar: removing leading '/' from member names
Debug: Checking Namespace=default, Pod=ms-69614-794bd8475-hwzl2 for Target File=deathstar_*.output
Namespace: default, Pod: ms-69614-794bd8475-hwzl2 has the target files.
Copying deathstar_ms-69614.output to deathstar_ms-69614.output
tar: removing leading '/' from member names
Debug: Checking Namespace=default, Pod=ms-9081-567985788-zpmfl for Target File=deathstar_*.output
Namespace: default, Pod: ms-9081-567985788-zpmfl has the target files.
Copying deathstar_ms-9081.output to deathstar_ms-9081.output
tar: removing leading '/' from member names
Debug: Checking Namespace=default, Pod=nginx-web-server-56557f7cb7-lp9tx for Target File=deathstar_*.output
Namespace: default, Pod: nginx-web-server-56557f7cb7-lp9tx has the target files.
Copying deathstar_nginx-web-server.output to deathstar_nginx-web-server.output
tar: removing leading '/' from member names
Debug: Checking Namespace=default, Pod=unknown-6ddf9bd4b5-nzl75 for Target File=deathstar_*.output
Namespace: default, Pod: unknown-6ddf9bd4b5-nzl75 has the target files.
Copying deathstar_unknown.output to deathstar_unknown.output
tar: removing leading '/' from member names
