Deployments: ms-25648
ms-27283
ms-27421
ms-2827
ms-34756
ms-36144
ms-37691
ms-41385
ms-41914
ms-46825
ms-54016
ms-55339
ms-58269
ms-58845
ms-68328
ms-70297
nginx-web-server
unknown
deployment "ms-25648" successfully rolled out
deployment "ms-27283" successfully rolled out
deployment "ms-27421" successfully rolled out
deployment "ms-2827" successfully rolled out
deployment "ms-34756" successfully rolled out
deployment "ms-36144" successfully rolled out
deployment "ms-37691" successfully rolled out
deployment "ms-41385" successfully rolled out
deployment "ms-41914" successfully rolled out
deployment "ms-46825" successfully rolled out
deployment "ms-54016" successfully rolled out
deployment "ms-55339" successfully rolled out
deployment "ms-58269" successfully rolled out
deployment "ms-58845" successfully rolled out
deployment "ms-68328" successfully rolled out
deployment "ms-70297" successfully rolled out
deployment "nginx-web-server" successfully rolled out
deployment "unknown" successfully rolled out
ENTRY_POINT: nginx-web-server
SERVICE_A_URL: 10.111.107.39:50051
Capacity: 10000
Metadata: timestamp={{.TimestampUnix}}
Metadata: method=S_161142529
Metadata: request-id={{.RequestNumber}}
Charon Configurations:
[{INTERCEPT charon} {PRICE_UPDATE_RATE 10702us} {TOKEN_UPDATE_RATE 20345us} {LATENCY_THRESHOLD 14702us} {PRICE_STEP 142} {PRICE_STRATEGY proportional} {LAZY_UPDATE true} {RATE_LIMITING true} {LOAD_SHEDDING true} {CHARON_TRACK_PRICE false} {BREAKWATER_SLO 12500us} {BREAKWATER_A 0.001} {BREAKWATER_B 0.02} {BREAKWATER_CLIENT_EXPIRATION 10ms} {BREAKWATER_INITIAL_CREDIT 400} {BREAKWATER_LOAD_SHEDDING true} {BREAKWATER_RTT 1000us} {BREAKWATERD_SLO 12500us} {BREAKWATERD_A 0.001} {BREAKWATERD_B 0.02} {BREAKWATERD_CLIENT_EXPIRATION 10ms} {BREAKWATERD_INITIAL_CREDIT 400} {BREAKWATERD_LOAD_SHEDDING true} {BREAKWATERD_RTT 1000us} {DAGOR_QUEUING_THRESHOLD 2ms} {DAGOR_ALPHA 0.05} {DAGOR_BETA 0.01} {DAGOR_ADMISSION_LEVEL_UPDATE_INTERVAL 10ms} {DAGOR_UMAX 20}]

Summary:
  Count:	87964
  Total:	14.80 s
  Slowest:	975.10 ms
  Fastest:	64.92 ms
  Average:	120.67 ms
  Requests/sec:	5944.57

Response time histogram:
  64.919  [1]     |
  155.937 [66066] |∎∎∎∎∎∎∎∎∎∎∎∎∎∎∎∎∎∎∎∎∎∎∎∎∎∎∎∎∎∎∎∎∎∎∎∎∎∎∎∎
  246.954 [15293] |∎∎∎∎∎∎∎∎∎
  337.972 [1445]  |∎
  428.990 [6]     |
  520.007 [17]    |
  611.025 [64]    |
  702.043 [37]    |
  793.060 [11]    |
  884.078 [37]    |
  975.096 [69]    |

Latency distribution:
  10 % in 68.48 ms 
  25 % in 91.63 ms 
  50 % in 118.43 ms 
  75 % in 148.19 ms 
  90 % in 185.88 ms 
  95 % in 216.22 ms 
  99 % in 265.93 ms 

Status code distribution:
  [OK]                  83046 responses   
  [ResourceExhausted]   4417 responses    
  [Canceled]            501 responses     

Error distribution:
  [5]      rpc error: code = ResourceExhausted desc = S_161142529 req dropped by ms-70297. Try again later.           
  [419]    rpc error: code = ResourceExhausted desc = S_161142529 req dropped by unknown. Try again later.            
  [128]    rpc error: code = ResourceExhausted desc = S_161142529 req dropped by ms-41385. Try again later.           
  [3221]   rpc error: code = ResourceExhausted desc = S_161142529 req dropped by nginx-web-server. Try again later.   
  [454]    rpc error: code = ResourceExhausted desc = S_161142529 req dropped by ms-36144. Try again later.           
  [501]    rpc error: code = Canceled desc = grpc: the client connection is closing                                   
  [190]    rpc error: code = ResourceExhausted desc = S_161142529 req dropped by ms-27283. Try again later.           

Debug: Checking Namespace=default, Pod=ms-25648-86cc47d8bd-flbz9 for Target File=deathstar_*.output
Namespace: default, Pod: ms-25648-86cc47d8bd-flbz9 has the target files.
Copying deathstar_ms-25648.output to deathstar_ms-25648.output
tar: removing leading '/' from member names
Debug: Checking Namespace=default, Pod=ms-27283-7cb76dd56d-7p6d7 for Target File=deathstar_*.output
Namespace: default, Pod: ms-27283-7cb76dd56d-7p6d7 has the target files.
Copying deathstar_ms-27283.output to deathstar_ms-27283.output
tar: removing leading '/' from member names
Debug: Checking Namespace=default, Pod=ms-27421-64f549855c-5wx82 for Target File=deathstar_*.output
Namespace: default, Pod: ms-27421-64f549855c-5wx82 has the target files.
Copying deathstar_ms-27421.output to deathstar_ms-27421.output
tar: removing leading '/' from member names
Debug: Checking Namespace=default, Pod=ms-2827-565cbcd7b-kkdbx for Target File=deathstar_*.output
Namespace: default, Pod: ms-2827-565cbcd7b-kkdbx has the target files.
Copying deathstar_ms-2827.output to deathstar_ms-2827.output
tar: removing leading '/' from member names
Debug: Checking Namespace=default, Pod=ms-34756-7c45d5bcc-jbprw for Target File=deathstar_*.output
Namespace: default, Pod: ms-34756-7c45d5bcc-jbprw has the target files.
Copying deathstar_ms-34756.output to deathstar_ms-34756.output
tar: removing leading '/' from member names
Debug: Checking Namespace=default, Pod=ms-36144-7bf7cbfff6-kbcq4 for Target File=deathstar_*.output
Namespace: default, Pod: ms-36144-7bf7cbfff6-kbcq4 has the target files.
Copying deathstar_ms-36144.output to deathstar_ms-36144.output
tar: removing leading '/' from member names
Debug: Checking Namespace=default, Pod=ms-37691-6f7cbf7c5-w4f8f for Target File=deathstar_*.output
Namespace: default, Pod: ms-37691-6f7cbf7c5-w4f8f has the target files.
Copying deathstar_ms-37691.output to deathstar_ms-37691.output
tar: removing leading '/' from member names
Debug: Checking Namespace=default, Pod=ms-41385-6bc4f5d4fc-2dpkc for Target File=deathstar_*.output
Namespace: default, Pod: ms-41385-6bc4f5d4fc-2dpkc has the target files.
Copying deathstar_ms-41385.output to deathstar_ms-41385.output
tar: removing leading '/' from member names
Debug: Checking Namespace=default, Pod=ms-41914-5555dd8d48-qmj8l for Target File=deathstar_*.output
Namespace: default, Pod: ms-41914-5555dd8d48-qmj8l has the target files.
Copying deathstar_ms-41914.output to deathstar_ms-41914.output
tar: removing leading '/' from member names
Debug: Checking Namespace=default, Pod=ms-46825-58c684559d-7nxn2 for Target File=deathstar_*.output
Namespace: default, Pod: ms-46825-58c684559d-7nxn2 has the target files.
Copying deathstar_ms-46825.output to deathstar_ms-46825.output
tar: removing leading '/' from member names
Debug: Checking Namespace=default, Pod=ms-54016-5665fbcb8d-jvk8s for Target File=deathstar_*.output
Namespace: default, Pod: ms-54016-5665fbcb8d-jvk8s has the target files.
Copying deathstar_ms-54016.output to deathstar_ms-54016.output
tar: removing leading '/' from member names
Debug: Checking Namespace=default, Pod=ms-55339-5b545b67bb-skspl for Target File=deathstar_*.output
Namespace: default, Pod: ms-55339-5b545b67bb-skspl has the target files.
Copying deathstar_ms-55339.output to deathstar_ms-55339.output
tar: removing leading '/' from member names
Debug: Checking Namespace=default, Pod=ms-58269-8c4794c6c-w48bh for Target File=deathstar_*.output
Namespace: default, Pod: ms-58269-8c4794c6c-w48bh has the target files.
Copying deathstar_ms-58269.output to deathstar_ms-58269.output
tar: removing leading '/' from member names
Debug: Checking Namespace=default, Pod=ms-58845-5bc6f9d8df-65gsx for Target File=deathstar_*.output
Namespace: default, Pod: ms-58845-5bc6f9d8df-65gsx has the target files.
Copying deathstar_ms-58845.output to deathstar_ms-58845.output
tar: removing leading '/' from member names
Debug: Checking Namespace=default, Pod=ms-68328-5866fd45b7-bfsfx for Target File=deathstar_*.output
Namespace: default, Pod: ms-68328-5866fd45b7-bfsfx has the target files.
Copying deathstar_ms-68328.output to deathstar_ms-68328.output
tar: removing leading '/' from member names
Debug: Checking Namespace=default, Pod=ms-70297-868876bcdb-snpn5 for Target File=deathstar_*.output
Namespace: default, Pod: ms-70297-868876bcdb-snpn5 has the target files.
Copying deathstar_ms-70297.output to deathstar_ms-70297.output
tar: removing leading '/' from member names
Debug: Checking Namespace=default, Pod=nginx-web-server-56557f7cb7-885dm for Target File=deathstar_*.output
Namespace: default, Pod: nginx-web-server-56557f7cb7-885dm has the target files.
Copying deathstar_nginx-web-server.output to deathstar_nginx-web-server.output
tar: removing leading '/' from member names
Debug: Checking Namespace=default, Pod=unknown-57ddd65965-ttvbs for Target File=deathstar_*.output
Namespace: default, Pod: unknown-57ddd65965-ttvbs has the target files.
Copying deathstar_unknown.output to deathstar_unknown.output
tar: removing leading '/' from member names
