Deployments: ms-10090
ms-13558
ms-18330
ms-19585
ms-20172
ms-22893
ms-24009
ms-24959
ms-26622
ms-27421
ms-29373
ms-32301
ms-3289
ms-37691
ms-38964
ms-40147
ms-48118
ms-4829
ms-51685
ms-52379
ms-55394
ms-58436
ms-58772
ms-59962
ms-60061
ms-6323
ms-65741
ms-66473
ms-69188
ms-69614
ms-9081
nginx-web-server
unknown
deployment "ms-10090" successfully rolled out
deployment "ms-13558" successfully rolled out
deployment "ms-18330" successfully rolled out
deployment "ms-19585" successfully rolled out
deployment "ms-20172" successfully rolled out
deployment "ms-22893" successfully rolled out
deployment "ms-24009" successfully rolled out
deployment "ms-24959" successfully rolled out
deployment "ms-26622" successfully rolled out
deployment "ms-27421" successfully rolled out
deployment "ms-29373" successfully rolled out
deployment "ms-32301" successfully rolled out
deployment "ms-3289" successfully rolled out
deployment "ms-37691" successfully rolled out
deployment "ms-38964" successfully rolled out
deployment "ms-40147" successfully rolled out
deployment "ms-48118" successfully rolled out
deployment "ms-4829" successfully rolled out
deployment "ms-51685" successfully rolled out
deployment "ms-52379" successfully rolled out
deployment "ms-55394" successfully rolled out
deployment "ms-58436" successfully rolled out
deployment "ms-58772" successfully rolled out
deployment "ms-59962" successfully rolled out
deployment "ms-60061" successfully rolled out
deployment "ms-6323" successfully rolled out
deployment "ms-65741" successfully rolled out
deployment "ms-66473" successfully rolled out
deployment "ms-69188" successfully rolled out
deployment "ms-69614" successfully rolled out
deployment "ms-9081" successfully rolled out
deployment "nginx-web-server" successfully rolled out
deployment "unknown" successfully rolled out
ENTRY_POINT: nginx-web-server
SERVICE_A_URL: 10.111.181.246:50051
Capacity: 10000
Metadata: timestamp={{.TimestampUnix}}
Metadata: method=S_149998854
Metadata: request-id={{.RequestNumber}}
Charon Configurations:
[{INTERCEPT breakwaterd} {PRICE_UPDATE_RATE 10ms} {TOKEN_UPDATE_RATE 10ms} {LATENCY_THRESHOLD 100us} {PRICE_STEP 0} {PRICE_STRATEGY step} {LAZY_UPDATE false} {RATE_LIMITING true} {LOAD_SHEDDING true} {CHARON_TRACK_PRICE false} {BREAKWATER_SLO 36922us} {BREAKWATER_A 7.74265239683669} {BREAKWATER_B 4.1729548956761615} {BREAKWATER_CLIENT_EXPIRATION 1239us} {BREAKWATER_INITIAL_CREDIT 385} {BREAKWATER_LOAD_SHEDDING true} {BREAKWATER_RTT 3333us} {BREAKWATERD_SLO 51839us} {BREAKWATERD_A 7.343868416364185} {BREAKWATERD_B 5.862733321486044} {BREAKWATERD_CLIENT_EXPIRATION 83015us} {BREAKWATERD_INITIAL_CREDIT 1293} {BREAKWATERD_LOAD_SHEDDING true} {BREAKWATERD_RTT 8830us} {DAGOR_QUEUING_THRESHOLD 2ms} {DAGOR_ALPHA 0.05} {DAGOR_BETA 0.01} {DAGOR_ADMISSION_LEVEL_UPDATE_INTERVAL 10ms} {DAGOR_UMAX 20}]

Summary:
  Count:	93045
  Total:	25.00 s
  Slowest:	1.02 s
  Fastest:	111.49 ms
  Average:	229.97 ms
  Requests/sec:	3721.71

Response time histogram:
  111.490  [1]     |
  202.705  [12009] |∎∎∎∎∎∎∎∎∎∎∎∎∎∎∎∎∎∎∎∎∎∎∎∎∎∎∎∎∎∎∎∎∎∎∎∎∎
  293.919  [7610]  |∎∎∎∎∎∎∎∎∎∎∎∎∎∎∎∎∎∎∎∎∎∎∎∎
  385.134  [12842] |∎∎∎∎∎∎∎∎∎∎∎∎∎∎∎∎∎∎∎∎∎∎∎∎∎∎∎∎∎∎∎∎∎∎∎∎∎∎∎∎
  476.349  [9279]  |∎∎∎∎∎∎∎∎∎∎∎∎∎∎∎∎∎∎∎∎∎∎∎∎∎∎∎∎∎
  567.564  [2448]  |∎∎∎∎∎∎∎∎
  658.778  [678]   |∎∎
  749.993  [636]   |∎∎
  841.208  [1014]  |∎∎∎
  932.423  [714]   |∎∎
  1023.637 [452]   |∎

Latency distribution:
  10 % in 116.20 ms 
  25 % in 201.05 ms 
  50 % in 331.71 ms 
  75 % in 408.40 ms 
  90 % in 509.18 ms 
  95 % in 720.05 ms 
  99 % in 929.62 ms 

Status code distribution:
  [ResourceExhausted]   44216 responses   
  [DeadlineExceeded]    164 responses     
  [Canceled]            982 responses     
  [OK]                  47683 responses   

Error distribution:
  [7002]    rpc error: code = ResourceExhausted desc = Server-side queuing delay is beyond AQM threshold                          
  [10241]   rpc error: code = ResourceExhausted desc = Client id e7c5fb1c-26d1-4c83-8afb-1e5a94bcca1b request expired in queue.   
  [164]     rpc error: code = DeadlineExceeded desc = context deadline exceeded                                                   
  [2292]    rpc error: code = ResourceExhausted desc = Client id 3b7238bc-1fc5-4bf0-913b-913976aece66 request expired in queue.   
  [982]     rpc error: code = Canceled desc = grpc: the client connection is closing                                              
  [23896]   rpc error: code = ResourceExhausted desc = Client id 7812a9ef-ea26-4441-b7a9-2968eb810219 request expired in queue.   
  [785]     rpc error: code = ResourceExhausted desc = Client id 4552f7b1-f09a-414e-ae17-9b0cef4d91e3 request expired in queue.   

Debug: Checking Namespace=default, Pod=ms-10090-6454f977fd-hhfvz for Target File=deathstar_*.output
Namespace: default, Pod: ms-10090-6454f977fd-hhfvz has the target files.
Copying deathstar_ms-10090.output to deathstar_ms-10090.output
tar: removing leading '/' from member names
Debug: Checking Namespace=default, Pod=ms-13558-b48bb5d9d-8rh67 for Target File=deathstar_*.output
Namespace: default, Pod: ms-13558-b48bb5d9d-8rh67 has the target files.
Copying deathstar_ms-13558.output to deathstar_ms-13558.output
tar: removing leading '/' from member names
Debug: Checking Namespace=default, Pod=ms-18330-759d9cf49c-m4snm for Target File=deathstar_*.output
Namespace: default, Pod: ms-18330-759d9cf49c-m4snm has the target files.
Copying deathstar_ms-18330.output to deathstar_ms-18330.output
tar: removing leading '/' from member names
Debug: Checking Namespace=default, Pod=ms-19585-6f995cfcbf-ltkgt for Target File=deathstar_*.output
Namespace: default, Pod: ms-19585-6f995cfcbf-ltkgt has the target files.
Copying deathstar_ms-19585.output to deathstar_ms-19585.output
tar: removing leading '/' from member names
Debug: Checking Namespace=default, Pod=ms-20172-59d5485464-k7zkp for Target File=deathstar_*.output
Namespace: default, Pod: ms-20172-59d5485464-k7zkp has the target files.
Copying deathstar_ms-20172.output to deathstar_ms-20172.output
tar: removing leading '/' from member names
Debug: Checking Namespace=default, Pod=ms-22893-576fd5f9f6-c59zt for Target File=deathstar_*.output
Namespace: default, Pod: ms-22893-576fd5f9f6-c59zt has the target files.
Copying deathstar_ms-22893.output to deathstar_ms-22893.output
tar: removing leading '/' from member names
Debug: Checking Namespace=default, Pod=ms-24009-67dbf5b976-hp8t2 for Target File=deathstar_*.output
Namespace: default, Pod: ms-24009-67dbf5b976-hp8t2 has the target files.
Copying deathstar_ms-24009.output to deathstar_ms-24009.output
tar: removing leading '/' from member names
Debug: Checking Namespace=default, Pod=ms-24959-99f8bbf9-24xwp for Target File=deathstar_*.output
Namespace: default, Pod: ms-24959-99f8bbf9-24xwp has the target files.
Copying deathstar_ms-24959.output to deathstar_ms-24959.output
tar: removing leading '/' from member names
Debug: Checking Namespace=default, Pod=ms-26622-66fdf7d64f-pvlg9 for Target File=deathstar_*.output
Namespace: default, Pod: ms-26622-66fdf7d64f-pvlg9 has the target files.
Copying deathstar_ms-26622.output to deathstar_ms-26622.output
tar: removing leading '/' from member names
Debug: Checking Namespace=default, Pod=ms-27421-64f549855c-2xnmr for Target File=deathstar_*.output
Namespace: default, Pod: ms-27421-64f549855c-2xnmr has the target files.
Copying deathstar_ms-27421.output to deathstar_ms-27421.output
tar: removing leading '/' from member names
Debug: Checking Namespace=default, Pod=ms-29373-8467f7db44-c659g for Target File=deathstar_*.output
Namespace: default, Pod: ms-29373-8467f7db44-c659g has the target files.
Copying deathstar_ms-29373.output to deathstar_ms-29373.output
tar: removing leading '/' from member names
Debug: Checking Namespace=default, Pod=ms-32301-c5654bbc5-vnvx6 for Target File=deathstar_*.output
Namespace: default, Pod: ms-32301-c5654bbc5-vnvx6 has the target files.
Copying deathstar_ms-32301.output to deathstar_ms-32301.output
tar: removing leading '/' from member names
Debug: Checking Namespace=default, Pod=ms-3289-587dbd96bf-n54fn for Target File=deathstar_*.output
Namespace: default, Pod: ms-3289-587dbd96bf-n54fn has the target files.
Copying deathstar_ms-3289.output to deathstar_ms-3289.output
tar: removing leading '/' from member names
Debug: Checking Namespace=default, Pod=ms-37691-6dc6cd6744-pkjls for Target File=deathstar_*.output
Namespace: default, Pod: ms-37691-6dc6cd6744-pkjls has the target files.
Copying deathstar_ms-37691.output to deathstar_ms-37691.output
tar: removing leading '/' from member names
Debug: Checking Namespace=default, Pod=ms-38964-5b647cdbd-2zn9d for Target File=deathstar_*.output
Namespace: default, Pod: ms-38964-5b647cdbd-2zn9d has the target files.
Copying deathstar_ms-38964.output to deathstar_ms-38964.output
tar: removing leading '/' from member names
Debug: Checking Namespace=default, Pod=ms-40147-cd867585-blnrd for Target File=deathstar_*.output
Namespace: default, Pod: ms-40147-cd867585-blnrd has the target files.
Copying deathstar_ms-40147.output to deathstar_ms-40147.output
tar: removing leading '/' from member names
Debug: Checking Namespace=default, Pod=ms-48118-ff7b99cc9-9n5v8 for Target File=deathstar_*.output
Namespace: default, Pod: ms-48118-ff7b99cc9-9n5v8 has the target files.
Copying deathstar_ms-48118.output to deathstar_ms-48118.output
tar: removing leading '/' from member names
Debug: Checking Namespace=default, Pod=ms-4829-669557b66c-gfz2b for Target File=deathstar_*.output
Namespace: default, Pod: ms-4829-669557b66c-gfz2b has the target files.
Copying deathstar_ms-4829.output to deathstar_ms-4829.output
tar: removing leading '/' from member names
Debug: Checking Namespace=default, Pod=ms-51685-79858c784f-pp844 for Target File=deathstar_*.output
Namespace: default, Pod: ms-51685-79858c784f-pp844 has the target files.
Copying deathstar_ms-51685.output to deathstar_ms-51685.output
tar: removing leading '/' from member names
Debug: Checking Namespace=default, Pod=ms-52379-57c6cdd54b-lgw59 for Target File=deathstar_*.output
Namespace: default, Pod: ms-52379-57c6cdd54b-lgw59 has the target files.
Copying deathstar_ms-52379.output to deathstar_ms-52379.output
tar: removing leading '/' from member names
Debug: Checking Namespace=default, Pod=ms-55394-6f999f5df9-2zd9f for Target File=deathstar_*.output
Namespace: default, Pod: ms-55394-6f999f5df9-2zd9f has the target files.
Copying deathstar_ms-55394.output to deathstar_ms-55394.output
tar: removing leading '/' from member names
Debug: Checking Namespace=default, Pod=ms-58436-59dd96f659-fss86 for Target File=deathstar_*.output
Namespace: default, Pod: ms-58436-59dd96f659-fss86 has the target files.
Copying deathstar_ms-58436.output to deathstar_ms-58436.output
tar: removing leading '/' from member names
Debug: Checking Namespace=default, Pod=ms-58772-68ff78c966-q6ggx for Target File=deathstar_*.output
Namespace: default, Pod: ms-58772-68ff78c966-q6ggx has the target files.
Copying deathstar_ms-58772.output to deathstar_ms-58772.output
tar: removing leading '/' from member names
Debug: Checking Namespace=default, Pod=ms-59962-756b895b58-f9ndw for Target File=deathstar_*.output
Namespace: default, Pod: ms-59962-756b895b58-f9ndw has the target files.
Copying deathstar_ms-59962.output to deathstar_ms-59962.output
tar: removing leading '/' from member names
Debug: Checking Namespace=default, Pod=ms-60061-68bd84bdcd-chllv for Target File=deathstar_*.output
Namespace: default, Pod: ms-60061-68bd84bdcd-chllv has the target files.
Copying deathstar_ms-60061.output to deathstar_ms-60061.output
tar: removing leading '/' from member names
Debug: Checking Namespace=default, Pod=ms-6323-974659fcd-rn9k9 for Target File=deathstar_*.output
Namespace: default, Pod: ms-6323-974659fcd-rn9k9 has the target files.
Copying deathstar_ms-6323.output to deathstar_ms-6323.output
tar: removing leading '/' from member names
Debug: Checking Namespace=default, Pod=ms-65741-65f588bcdf-6m7hx for Target File=deathstar_*.output
Namespace: default, Pod: ms-65741-65f588bcdf-6m7hx has the target files.
Copying deathstar_ms-65741.output to deathstar_ms-65741.output
tar: removing leading '/' from member names
Debug: Checking Namespace=default, Pod=ms-66473-79c66f8bff-fdbrq for Target File=deathstar_*.output
Namespace: default, Pod: ms-66473-79c66f8bff-fdbrq has the target files.
Copying deathstar_ms-66473.output to deathstar_ms-66473.output
tar: removing leading '/' from member names
Debug: Checking Namespace=default, Pod=ms-69188-65c548d4cb-kqst6 for Target File=deathstar_*.output
Namespace: default, Pod: ms-69188-65c548d4cb-kqst6 has the target files.
Copying deathstar_ms-69188.output to deathstar_ms-69188.output
tar: removing leading '/' from member names
Debug: Checking Namespace=default, Pod=ms-69614-794bd8475-dvlnp for Target File=deathstar_*.output
Namespace: default, Pod: ms-69614-794bd8475-dvlnp has the target files.
Copying deathstar_ms-69614.output to deathstar_ms-69614.output
tar: removing leading '/' from member names
Debug: Checking Namespace=default, Pod=ms-9081-567985788-lc9zn for Target File=deathstar_*.output
Namespace: default, Pod: ms-9081-567985788-lc9zn has the target files.
Copying deathstar_ms-9081.output to deathstar_ms-9081.output
tar: removing leading '/' from member names
Debug: Checking Namespace=default, Pod=nginx-web-server-56557f7cb7-2fj4w for Target File=deathstar_*.output
Namespace: default, Pod: nginx-web-server-56557f7cb7-2fj4w has the target files.
Copying deathstar_nginx-web-server.output to deathstar_nginx-web-server.output
tar: removing leading '/' from member names
Debug: Checking Namespace=default, Pod=unknown-6ddf9bd4b5-nbpnm for Target File=deathstar_*.output
Namespace: default, Pod: unknown-6ddf9bd4b5-nbpnm has the target files.
Copying deathstar_unknown.output to deathstar_unknown.output
tar: removing leading '/' from member names
