Deployments: ms-10090
ms-13558
ms-18330
ms-19585
ms-20172
ms-22893
ms-24009
ms-24959
ms-26622
ms-27421
ms-29373
ms-32301
ms-3289
ms-37691
ms-38964
ms-40147
ms-48118
ms-4829
ms-51685
ms-52379
ms-55394
ms-58436
ms-58772
ms-59962
ms-60061
ms-6323
ms-65741
ms-66473
ms-69188
ms-69614
ms-9081
nginx-web-server
unknown
deployment "ms-10090" successfully rolled out
deployment "ms-13558" successfully rolled out
deployment "ms-18330" successfully rolled out
deployment "ms-19585" successfully rolled out
deployment "ms-20172" successfully rolled out
deployment "ms-22893" successfully rolled out
deployment "ms-24009" successfully rolled out
deployment "ms-24959" successfully rolled out
deployment "ms-26622" successfully rolled out
deployment "ms-27421" successfully rolled out
deployment "ms-29373" successfully rolled out
deployment "ms-32301" successfully rolled out
deployment "ms-3289" successfully rolled out
deployment "ms-37691" successfully rolled out
deployment "ms-38964" successfully rolled out
deployment "ms-40147" successfully rolled out
deployment "ms-48118" successfully rolled out
deployment "ms-4829" successfully rolled out
deployment "ms-51685" successfully rolled out
deployment "ms-52379" successfully rolled out
deployment "ms-55394" successfully rolled out
deployment "ms-58436" successfully rolled out
deployment "ms-58772" successfully rolled out
deployment "ms-59962" successfully rolled out
deployment "ms-60061" successfully rolled out
deployment "ms-6323" successfully rolled out
deployment "ms-65741" successfully rolled out
deployment "ms-66473" successfully rolled out
deployment "ms-69188" successfully rolled out
deployment "ms-69614" successfully rolled out
deployment "ms-9081" successfully rolled out
deployment "nginx-web-server" successfully rolled out
deployment "unknown" successfully rolled out
ENTRY_POINT: nginx-web-server
SERVICE_A_URL: 10.106.65.18:50051
Capacity: 10000
Metadata: request-id={{.RequestNumber}}
Metadata: timestamp={{.TimestampUnix}}
Metadata: method=S_149998854
Charon Configurations:
[{INTERCEPT breakwaterd} {PRICE_UPDATE_RATE 10ms} {TOKEN_UPDATE_RATE 10ms} {LATENCY_THRESHOLD 100us} {PRICE_STEP 0} {PRICE_STRATEGY step} {LAZY_UPDATE false} {RATE_LIMITING true} {LOAD_SHEDDING true} {CHARON_TRACK_PRICE false} {BREAKWATER_SLO 31082us} {BREAKWATER_A 27.101385616867613} {BREAKWATER_B 5.7367948667228585} {BREAKWATER_CLIENT_EXPIRATION 15us} {BREAKWATER_INITIAL_CREDIT 247} {BREAKWATER_LOAD_SHEDDING true} {BREAKWATER_RTT 6532us} {BREAKWATERD_SLO 75060us} {BREAKWATERD_A 8.859420993107745} {BREAKWATERD_B 3.5726976000249975} {BREAKWATERD_CLIENT_EXPIRATION 91768us} {BREAKWATERD_INITIAL_CREDIT 3117} {BREAKWATERD_LOAD_SHEDDING true} {BREAKWATERD_RTT 1300us} {DAGOR_QUEUING_THRESHOLD 2ms} {DAGOR_ALPHA 0.05} {DAGOR_BETA 0.01} {DAGOR_ADMISSION_LEVEL_UPDATE_INTERVAL 10ms} {DAGOR_UMAX 20}]

Summary:
  Count:	85144
  Total:	24.94 s
  Slowest:	1.06 s
  Fastest:	111.57 ms
  Average:	418.74 ms
  Requests/sec:	3413.79

Response time histogram:
  111.569  [1]    |
  206.879  [9131] |∎∎∎∎∎∎∎∎∎∎∎∎∎∎∎∎∎∎∎∎∎∎∎∎∎∎∎∎∎∎∎∎∎∎∎∎∎∎∎∎
  302.188  [691]  |∎∎∎
  397.498  [3109] |∎∎∎∎∎∎∎∎∎∎∎∎∎∎
  492.807  [6144] |∎∎∎∎∎∎∎∎∎∎∎∎∎∎∎∎∎∎∎∎∎∎∎∎∎∎∎
  588.117  [6616] |∎∎∎∎∎∎∎∎∎∎∎∎∎∎∎∎∎∎∎∎∎∎∎∎∎∎∎∎∎
  683.426  [6519] |∎∎∎∎∎∎∎∎∎∎∎∎∎∎∎∎∎∎∎∎∎∎∎∎∎∎∎∎∎
  778.736  [3869] |∎∎∎∎∎∎∎∎∎∎∎∎∎∎∎∎∎
  874.045  [2983] |∎∎∎∎∎∎∎∎∎∎∎∎∎
  969.355  [2717] |∎∎∎∎∎∎∎∎∎∎∎∎
  1064.664 [1323] |∎∎∎∎∎∎

Latency distribution:
  10 % in 116.10 ms 
  25 % in 345.05 ms 
  50 % in 531.42 ms 
  75 % in 685.36 ms 
  90 % in 863.63 ms 
  95 % in 942.34 ms 
  99 % in 991.25 ms 

Status code distribution:
  [ResourceExhausted]   30305 responses   
  [OK]                  43103 responses   
  [DeadlineExceeded]    8558 responses    
  [Canceled]            3178 responses    

Error distribution:
  [2]       rpc error: code = ResourceExhausted desc = Client id a72f5240-d681-4e32-9a15-a7761195b949 request expired in queue.   
  [322]     rpc error: code = ResourceExhausted desc = Client id ca287107-13e7-4872-a288-09eabfe6c2c4 request expired in queue.   
  [301]     rpc error: code = ResourceExhausted desc = Client id cc94541e-f403-4c19-bf10-ba0e164ef31b request expired in queue.   
  [3178]    rpc error: code = Canceled desc = grpc: the client connection is closing                                              
  [12917]   rpc error: code = ResourceExhausted desc = Client id 85d1de39-0331-4b01-8af6-e57ce82528ff request expired in queue.   
  [7063]    rpc error: code = ResourceExhausted desc = Server-side queuing delay is beyond AQM threshold                          
  [9476]    rpc error: code = ResourceExhausted desc = Client id 754c13d2-6335-4ede-aeaf-3e18d05deac5 request expired in queue.   
  [8558]    rpc error: code = DeadlineExceeded desc = context deadline exceeded                                                   
  [215]     rpc error: code = ResourceExhausted desc = Client id 349994b1-5cc0-490d-933e-c0487643fe02 request expired in queue.   
  [9]       rpc error: code = ResourceExhausted desc = Client id 98c14729-32ca-4977-9b07-3ebb012a4f4d request expired in queue.   

Debug: Checking Namespace=default, Pod=ms-10090-6454f977fd-t24c5 for Target File=deathstar_*.output
Namespace: default, Pod: ms-10090-6454f977fd-t24c5 has the target files.
Copying deathstar_ms-10090.output to deathstar_ms-10090.output
tar: removing leading '/' from member names
Debug: Checking Namespace=default, Pod=ms-13558-b48bb5d9d-nfsff for Target File=deathstar_*.output
Namespace: default, Pod: ms-13558-b48bb5d9d-nfsff has the target files.
Copying deathstar_ms-13558.output to deathstar_ms-13558.output
tar: removing leading '/' from member names
Debug: Checking Namespace=default, Pod=ms-18330-759d9cf49c-7fqrs for Target File=deathstar_*.output
Namespace: default, Pod: ms-18330-759d9cf49c-7fqrs has the target files.
Copying deathstar_ms-18330.output to deathstar_ms-18330.output
tar: removing leading '/' from member names
Debug: Checking Namespace=default, Pod=ms-19585-6f995cfcbf-g455x for Target File=deathstar_*.output
Namespace: default, Pod: ms-19585-6f995cfcbf-g455x has the target files.
Copying deathstar_ms-19585.output to deathstar_ms-19585.output
tar: removing leading '/' from member names
Debug: Checking Namespace=default, Pod=ms-20172-59d5485464-sbqgj for Target File=deathstar_*.output
Namespace: default, Pod: ms-20172-59d5485464-sbqgj has the target files.
Copying deathstar_ms-20172.output to deathstar_ms-20172.output
tar: removing leading '/' from member names
Debug: Checking Namespace=default, Pod=ms-22893-576fd5f9f6-nbtfh for Target File=deathstar_*.output
Namespace: default, Pod: ms-22893-576fd5f9f6-nbtfh has the target files.
Copying deathstar_ms-22893.output to deathstar_ms-22893.output
tar: removing leading '/' from member names
Debug: Checking Namespace=default, Pod=ms-24009-67dbf5b976-qrp98 for Target File=deathstar_*.output
Namespace: default, Pod: ms-24009-67dbf5b976-qrp98 has the target files.
Copying deathstar_ms-24009.output to deathstar_ms-24009.output
tar: removing leading '/' from member names
Debug: Checking Namespace=default, Pod=ms-24959-99f8bbf9-pbfsd for Target File=deathstar_*.output
Namespace: default, Pod: ms-24959-99f8bbf9-pbfsd has the target files.
Copying deathstar_ms-24959.output to deathstar_ms-24959.output
tar: removing leading '/' from member names
Debug: Checking Namespace=default, Pod=ms-26622-66fdf7d64f-56t57 for Target File=deathstar_*.output
Namespace: default, Pod: ms-26622-66fdf7d64f-56t57 has the target files.
Copying deathstar_ms-26622.output to deathstar_ms-26622.output
tar: removing leading '/' from member names
Debug: Checking Namespace=default, Pod=ms-27421-64f549855c-2dvsf for Target File=deathstar_*.output
Namespace: default, Pod: ms-27421-64f549855c-2dvsf has the target files.
Copying deathstar_ms-27421.output to deathstar_ms-27421.output
tar: removing leading '/' from member names
Debug: Checking Namespace=default, Pod=ms-29373-8467f7db44-gf66m for Target File=deathstar_*.output
Namespace: default, Pod: ms-29373-8467f7db44-gf66m has the target files.
Copying deathstar_ms-29373.output to deathstar_ms-29373.output
tar: removing leading '/' from member names
Debug: Checking Namespace=default, Pod=ms-32301-c5654bbc5-tf85g for Target File=deathstar_*.output
Namespace: default, Pod: ms-32301-c5654bbc5-tf85g has the target files.
Copying deathstar_ms-32301.output to deathstar_ms-32301.output
tar: removing leading '/' from member names
Debug: Checking Namespace=default, Pod=ms-3289-587dbd96bf-4kqqh for Target File=deathstar_*.output
Namespace: default, Pod: ms-3289-587dbd96bf-4kqqh has the target files.
Copying deathstar_ms-3289.output to deathstar_ms-3289.output
tar: removing leading '/' from member names
Debug: Checking Namespace=default, Pod=ms-37691-6dc6cd6744-tkl55 for Target File=deathstar_*.output
Namespace: default, Pod: ms-37691-6dc6cd6744-tkl55 has the target files.
Copying deathstar_ms-37691.output to deathstar_ms-37691.output
tar: removing leading '/' from member names
Debug: Checking Namespace=default, Pod=ms-38964-5b647cdbd-2h42p for Target File=deathstar_*.output
Namespace: default, Pod: ms-38964-5b647cdbd-2h42p has the target files.
Copying deathstar_ms-38964.output to deathstar_ms-38964.output
tar: removing leading '/' from member names
Debug: Checking Namespace=default, Pod=ms-40147-cd867585-lpxqn for Target File=deathstar_*.output
Namespace: default, Pod: ms-40147-cd867585-lpxqn has the target files.
Copying deathstar_ms-40147.output to deathstar_ms-40147.output
tar: removing leading '/' from member names
Debug: Checking Namespace=default, Pod=ms-48118-ff7b99cc9-f4zpx for Target File=deathstar_*.output
Namespace: default, Pod: ms-48118-ff7b99cc9-f4zpx has the target files.
Copying deathstar_ms-48118.output to deathstar_ms-48118.output
tar: removing leading '/' from member names
Debug: Checking Namespace=default, Pod=ms-4829-669557b66c-dsv75 for Target File=deathstar_*.output
Namespace: default, Pod: ms-4829-669557b66c-dsv75 has the target files.
Copying deathstar_ms-4829.output to deathstar_ms-4829.output
tar: removing leading '/' from member names
Debug: Checking Namespace=default, Pod=ms-51685-79858c784f-khcml for Target File=deathstar_*.output
Namespace: default, Pod: ms-51685-79858c784f-khcml has the target files.
Copying deathstar_ms-51685.output to deathstar_ms-51685.output
tar: removing leading '/' from member names
Debug: Checking Namespace=default, Pod=ms-52379-57c6cdd54b-jdwv2 for Target File=deathstar_*.output
Namespace: default, Pod: ms-52379-57c6cdd54b-jdwv2 has the target files.
Copying deathstar_ms-52379.output to deathstar_ms-52379.output
tar: removing leading '/' from member names
Debug: Checking Namespace=default, Pod=ms-55394-6f999f5df9-7bg8r for Target File=deathstar_*.output
Namespace: default, Pod: ms-55394-6f999f5df9-7bg8r has the target files.
Copying deathstar_ms-55394.output to deathstar_ms-55394.output
tar: removing leading '/' from member names
Debug: Checking Namespace=default, Pod=ms-58436-59dd96f659-st2wh for Target File=deathstar_*.output
Namespace: default, Pod: ms-58436-59dd96f659-st2wh has the target files.
Copying deathstar_ms-58436.output to deathstar_ms-58436.output
tar: removing leading '/' from member names
Debug: Checking Namespace=default, Pod=ms-58772-68ff78c966-78mkd for Target File=deathstar_*.output
Namespace: default, Pod: ms-58772-68ff78c966-78mkd has the target files.
Copying deathstar_ms-58772.output to deathstar_ms-58772.output
tar: removing leading '/' from member names
Debug: Checking Namespace=default, Pod=ms-59962-756b895b58-stf5s for Target File=deathstar_*.output
Namespace: default, Pod: ms-59962-756b895b58-stf5s has the target files.
Copying deathstar_ms-59962.output to deathstar_ms-59962.output
tar: removing leading '/' from member names
Debug: Checking Namespace=default, Pod=ms-60061-68bd84bdcd-bw4cr for Target File=deathstar_*.output
Namespace: default, Pod: ms-60061-68bd84bdcd-bw4cr has the target files.
Copying deathstar_ms-60061.output to deathstar_ms-60061.output
tar: removing leading '/' from member names
Debug: Checking Namespace=default, Pod=ms-6323-974659fcd-ftt7v for Target File=deathstar_*.output
Namespace: default, Pod: ms-6323-974659fcd-ftt7v has the target files.
Copying deathstar_ms-6323.output to deathstar_ms-6323.output
tar: removing leading '/' from member names
Debug: Checking Namespace=default, Pod=ms-65741-65f588bcdf-tjd4d for Target File=deathstar_*.output
Namespace: default, Pod: ms-65741-65f588bcdf-tjd4d has the target files.
Copying deathstar_ms-65741.output to deathstar_ms-65741.output
tar: removing leading '/' from member names
Debug: Checking Namespace=default, Pod=ms-66473-79c66f8bff-gj4jn for Target File=deathstar_*.output
Namespace: default, Pod: ms-66473-79c66f8bff-gj4jn has the target files.
Copying deathstar_ms-66473.output to deathstar_ms-66473.output
tar: removing leading '/' from member names
Debug: Checking Namespace=default, Pod=ms-69188-65c548d4cb-vdbwz for Target File=deathstar_*.output
Namespace: default, Pod: ms-69188-65c548d4cb-vdbwz has the target files.
Copying deathstar_ms-69188.output to deathstar_ms-69188.output
tar: removing leading '/' from member names
Debug: Checking Namespace=default, Pod=ms-69614-794bd8475-jj7pn for Target File=deathstar_*.output
Namespace: default, Pod: ms-69614-794bd8475-jj7pn has the target files.
Copying deathstar_ms-69614.output to deathstar_ms-69614.output
tar: removing leading '/' from member names
Debug: Checking Namespace=default, Pod=ms-9081-567985788-8k2lm for Target File=deathstar_*.output
Namespace: default, Pod: ms-9081-567985788-8k2lm has the target files.
Copying deathstar_ms-9081.output to deathstar_ms-9081.output
tar: removing leading '/' from member names
Debug: Checking Namespace=default, Pod=nginx-web-server-56557f7cb7-cxjbv for Target File=deathstar_*.output
Namespace: default, Pod: nginx-web-server-56557f7cb7-cxjbv has the target files.
Copying deathstar_nginx-web-server.output to deathstar_nginx-web-server.output
tar: removing leading '/' from member names
Debug: Checking Namespace=default, Pod=unknown-6ddf9bd4b5-q6slz for Target File=deathstar_*.output
Namespace: default, Pod: unknown-6ddf9bd4b5-q6slz has the target files.
Copying deathstar_unknown.output to deathstar_unknown.output
tar: removing leading '/' from member names
