Deployments: ms-11070
ms-11285
ms-11512
ms-1278
ms-13873
ms-19953
ms-21883
ms-25124
ms-27421
ms-2827
ms-33719
ms-37691
ms-43309
ms-4354
ms-46825
ms-60236
ms-71771
ms-8052
ms-902
nginx-web-server
deployment "ms-11070" successfully rolled out
deployment "ms-11285" successfully rolled out
deployment "ms-11512" successfully rolled out
deployment "ms-1278" successfully rolled out
deployment "ms-13873" successfully rolled out
deployment "ms-19953" successfully rolled out
deployment "ms-21883" successfully rolled out
deployment "ms-25124" successfully rolled out
deployment "ms-27421" successfully rolled out
deployment "ms-2827" successfully rolled out
deployment "ms-33719" successfully rolled out
deployment "ms-37691" successfully rolled out
deployment "ms-43309" successfully rolled out
deployment "ms-4354" successfully rolled out
deployment "ms-46825" successfully rolled out
deployment "ms-60236" successfully rolled out
deployment "ms-71771" successfully rolled out
deployment "ms-8052" successfully rolled out
deployment "ms-902" successfully rolled out
deployment "nginx-web-server" successfully rolled out
ENTRY_POINT: nginx-web-server
SERVICE_A_URL: 10.104.218.79:50051
Capacity: 10000
Metadata: request-id={{.RequestNumber}}
Metadata: timestamp={{.TimestampUnix}}
Metadata: method=S_102000854
Charon Configurations:
[{INTERCEPT charon} {PRICE_UPDATE_RATE 5020us} {TOKEN_UPDATE_RATE 2772us} {LATENCY_THRESHOLD 3980us} {PRICE_STEP 10} {PRICE_STRATEGY proportional} {LAZY_UPDATE true} {RATE_LIMITING true} {LOAD_SHEDDING true} {CHARON_TRACK_PRICE false} {BREAKWATER_SLO 12500us} {BREAKWATER_A 0.001} {BREAKWATER_B 0.02} {BREAKWATER_CLIENT_EXPIRATION 10ms} {BREAKWATER_INITIAL_CREDIT 400} {BREAKWATER_LOAD_SHEDDING true} {BREAKWATER_RTT 1000us} {BREAKWATERD_SLO 12500us} {BREAKWATERD_A 0.001} {BREAKWATERD_B 0.02} {BREAKWATERD_CLIENT_EXPIRATION 10ms} {BREAKWATERD_INITIAL_CREDIT 400} {BREAKWATERD_LOAD_SHEDDING true} {BREAKWATERD_RTT 1000us} {DAGOR_QUEUING_THRESHOLD 2ms} {DAGOR_ALPHA 0.05} {DAGOR_BETA 0.01} {DAGOR_ADMISSION_LEVEL_UPDATE_INTERVAL 10ms} {DAGOR_UMAX 20}]

Summary:
  Count:	102618
  Total:	14.78 s
  Slowest:	941.44 ms
  Fastest:	38.88 ms
  Average:	220.72 ms
  Requests/sec:	6944.06

Response time histogram:
  38.880  [1]     |
  129.136 [41891] |∎∎∎∎∎∎∎∎∎∎∎∎∎∎∎∎∎∎∎∎∎∎∎∎∎∎∎∎∎∎∎∎∎∎∎∎∎∎∎∎
  219.393 [21128] |∎∎∎∎∎∎∎∎∎∎∎∎∎∎∎∎∎∎∎∎
  309.649 [8294]  |∎∎∎∎∎∎∎∎
  399.906 [8299]  |∎∎∎∎∎∎∎∎
  490.162 [5156]  |∎∎∎∎∎
  580.419 [6364]  |∎∎∎∎∎∎
  670.675 [4896]  |∎∎∎∎∎
  760.932 [2181]  |∎∎
  851.188 [368]   |
  941.445 [34]    |

Latency distribution:
  10 % in 42.55 ms 
  25 % in 94.78 ms 
  50 % in 150.17 ms 
  75 % in 340.60 ms 
  90 % in 545.92 ms 
  95 % in 619.83 ms 
  99 % in 716.45 ms 

Status code distribution:
  [ResourceExhausted]   3766 responses    
  [Canceled]            240 responses     
  [OK]                  98612 responses   

Error distribution:
  [211]    rpc error: code = ResourceExhausted desc = S_102000854 req dropped by ms-25124. Try again later.           
  [2792]   rpc error: code = ResourceExhausted desc = S_102000854 req dropped by nginx-web-server. Try again later.   
  [207]    rpc error: code = ResourceExhausted desc = S_102000854 req dropped by ms-60236. Try again later.           
  [556]    rpc error: code = ResourceExhausted desc = S_102000854 req dropped by ms-13873. Try again later.           
  [240]    rpc error: code = Canceled desc = grpc: the client connection is closing                                   

Debug: Checking Namespace=default, Pod=ms-11070-7868c54f44-jr5bq for Target File=deathstar_*.output
Namespace: default, Pod: ms-11070-7868c54f44-jr5bq has the target files.
Copying deathstar_ms-11070.output to deathstar_ms-11070.output
tar: removing leading '/' from member names
Debug: Checking Namespace=default, Pod=ms-11285-67d597dc77-lmfjd for Target File=deathstar_*.output
Namespace: default, Pod: ms-11285-67d597dc77-lmfjd has the target files.
Copying deathstar_ms-11285.output to deathstar_ms-11285.output
tar: removing leading '/' from member names
Debug: Checking Namespace=default, Pod=ms-11512-75f8ddc45b-qnhhp for Target File=deathstar_*.output
Namespace: default, Pod: ms-11512-75f8ddc45b-qnhhp has the target files.
Copying deathstar_ms-11512.output to deathstar_ms-11512.output
tar: removing leading '/' from member names
Debug: Checking Namespace=default, Pod=ms-1278-85766ff6b8-bsnb4 for Target File=deathstar_*.output
Namespace: default, Pod: ms-1278-85766ff6b8-bsnb4 has the target files.
Copying deathstar_ms-1278.output to deathstar_ms-1278.output
tar: removing leading '/' from member names
Debug: Checking Namespace=default, Pod=ms-13873-85d7bb7b97-4sqc7 for Target File=deathstar_*.output
Namespace: default, Pod: ms-13873-85d7bb7b97-4sqc7 has the target files.
Copying deathstar_ms-13873.output to deathstar_ms-13873.output
tar: removing leading '/' from member names
Debug: Checking Namespace=default, Pod=ms-19953-68cc8998c5-w49kj for Target File=deathstar_*.output
Namespace: default, Pod: ms-19953-68cc8998c5-w49kj has the target files.
Copying deathstar_ms-19953.output to deathstar_ms-19953.output
tar: removing leading '/' from member names
Debug: Checking Namespace=default, Pod=ms-21883-f6c88c6d4-j2slf for Target File=deathstar_*.output
Namespace: default, Pod: ms-21883-f6c88c6d4-j2slf has the target files.
Copying deathstar_ms-21883.output to deathstar_ms-21883.output
tar: removing leading '/' from member names
Debug: Checking Namespace=default, Pod=ms-25124-77bd4446f5-tnvmg for Target File=deathstar_*.output
Namespace: default, Pod: ms-25124-77bd4446f5-tnvmg has the target files.
Copying deathstar_ms-25124.output to deathstar_ms-25124.output
tar: removing leading '/' from member names
Debug: Checking Namespace=default, Pod=ms-27421-8565974486-m749d for Target File=deathstar_*.output
Namespace: default, Pod: ms-27421-8565974486-m749d has the target files.
Copying deathstar_ms-27421.output to deathstar_ms-27421.output
tar: removing leading '/' from member names
Debug: Checking Namespace=default, Pod=ms-2827-5dcc6df4f4-9d6fv for Target File=deathstar_*.output
Namespace: default, Pod: ms-2827-5dcc6df4f4-9d6fv has the target files.
Copying deathstar_ms-2827.output to deathstar_ms-2827.output
tar: removing leading '/' from member names
Debug: Checking Namespace=default, Pod=ms-33719-6c455cf54c-8zwlt for Target File=deathstar_*.output
Namespace: default, Pod: ms-33719-6c455cf54c-8zwlt has the target files.
Copying deathstar_ms-33719.output to deathstar_ms-33719.output
tar: removing leading '/' from member names
Debug: Checking Namespace=default, Pod=ms-37691-b9bc44798-pmcbs for Target File=deathstar_*.output
Namespace: default, Pod: ms-37691-b9bc44798-pmcbs has the target files.
Copying deathstar_ms-37691.output to deathstar_ms-37691.output
tar: removing leading '/' from member names
Debug: Checking Namespace=default, Pod=ms-43309-54f758d465-fwskj for Target File=deathstar_*.output
Namespace: default, Pod: ms-43309-54f758d465-fwskj has the target files.
Copying deathstar_ms-43309.output to deathstar_ms-43309.output
tar: removing leading '/' from member names
Debug: Checking Namespace=default, Pod=ms-4354-669cfcbdf6-5jnhk for Target File=deathstar_*.output
Namespace: default, Pod: ms-4354-669cfcbdf6-5jnhk has the target files.
Copying deathstar_ms-4354.output to deathstar_ms-4354.output
tar: removing leading '/' from member names
Debug: Checking Namespace=default, Pod=ms-46825-58c684559d-qt25b for Target File=deathstar_*.output
Namespace: default, Pod: ms-46825-58c684559d-qt25b has the target files.
Copying deathstar_ms-46825.output to deathstar_ms-46825.output
tar: removing leading '/' from member names
Debug: Checking Namespace=default, Pod=ms-60236-64866cf49-z77ct for Target File=deathstar_*.output
Namespace: default, Pod: ms-60236-64866cf49-z77ct has the target files.
Copying deathstar_ms-60236.output to deathstar_ms-60236.output
tar: removing leading '/' from member names
Debug: Checking Namespace=default, Pod=ms-71771-567ddbdd95-ww2jl for Target File=deathstar_*.output
Namespace: default, Pod: ms-71771-567ddbdd95-ww2jl has the target files.
Copying deathstar_ms-71771.output to deathstar_ms-71771.output
tar: removing leading '/' from member names
Debug: Checking Namespace=default, Pod=ms-8052-b995968dc-zqkbv for Target File=deathstar_*.output
Namespace: default, Pod: ms-8052-b995968dc-zqkbv has the target files.
Copying deathstar_ms-8052.output to deathstar_ms-8052.output
tar: removing leading '/' from member names
Debug: Checking Namespace=default, Pod=ms-902-5744544f85-b7wl7 for Target File=deathstar_*.output
Namespace: default, Pod: ms-902-5744544f85-b7wl7 has the target files.
Copying deathstar_ms-902.output to deathstar_ms-902.output
tar: removing leading '/' from member names
Debug: Checking Namespace=default, Pod=nginx-web-server-56557f7cb7-8pxmp for Target File=deathstar_*.output
Namespace: default, Pod: nginx-web-server-56557f7cb7-8pxmp has the target files.
Copying deathstar_nginx-web-server.output to deathstar_nginx-web-server.output
tar: removing leading '/' from member names
