Deployments: ms-10090
ms-13558
ms-18330
ms-19585
ms-20172
ms-22893
ms-24009
ms-24959
ms-26622
ms-27421
ms-29373
ms-32301
ms-3289
ms-37691
ms-38964
ms-40147
ms-48118
ms-4829
ms-51685
ms-52379
ms-55394
ms-58436
ms-58772
ms-59962
ms-60061
ms-6323
ms-65741
ms-66473
ms-69188
ms-69614
ms-9081
nginx-web-server
unknown
deployment "ms-10090" successfully rolled out
deployment "ms-13558" successfully rolled out
deployment "ms-18330" successfully rolled out
deployment "ms-19585" successfully rolled out
deployment "ms-20172" successfully rolled out
deployment "ms-22893" successfully rolled out
deployment "ms-24009" successfully rolled out
deployment "ms-24959" successfully rolled out
deployment "ms-26622" successfully rolled out
deployment "ms-27421" successfully rolled out
deployment "ms-29373" successfully rolled out
deployment "ms-32301" successfully rolled out
deployment "ms-3289" successfully rolled out
deployment "ms-37691" successfully rolled out
deployment "ms-38964" successfully rolled out
deployment "ms-40147" successfully rolled out
deployment "ms-48118" successfully rolled out
deployment "ms-4829" successfully rolled out
deployment "ms-51685" successfully rolled out
deployment "ms-52379" successfully rolled out
deployment "ms-55394" successfully rolled out
deployment "ms-58436" successfully rolled out
deployment "ms-58772" successfully rolled out
deployment "ms-59962" successfully rolled out
deployment "ms-60061" successfully rolled out
deployment "ms-6323" successfully rolled out
deployment "ms-65741" successfully rolled out
deployment "ms-66473" successfully rolled out
deployment "ms-69188" successfully rolled out
deployment "ms-69614" successfully rolled out
deployment "ms-9081" successfully rolled out
deployment "nginx-web-server" successfully rolled out
deployment "unknown" successfully rolled out
ENTRY_POINT: nginx-web-server
SERVICE_A_URL: 10.110.229.34:50051
Capacity: 10000
Metadata: timestamp={{.TimestampUnix}}
Metadata: method=S_149998854
Metadata: request-id={{.RequestNumber}}
Charon Configurations:
[{INTERCEPT breakwater} {PRICE_UPDATE_RATE 10ms} {TOKEN_UPDATE_RATE 10ms} {LATENCY_THRESHOLD 100us} {PRICE_STEP 0} {PRICE_STRATEGY step} {LAZY_UPDATE false} {RATE_LIMITING true} {LOAD_SHEDDING true} {CHARON_TRACK_PRICE false} {BREAKWATER_SLO 2418us} {BREAKWATER_A 1.8506617114993507} {BREAKWATER_B 1.9873594216159594} {BREAKWATER_CLIENT_EXPIRATION 2313us} {BREAKWATER_INITIAL_CREDIT 279} {BREAKWATER_LOAD_SHEDDING true} {BREAKWATER_RTT 5913us} {BREAKWATERD_SLO 12500us} {BREAKWATERD_A 0.001} {BREAKWATERD_B 0.02} {BREAKWATERD_CLIENT_EXPIRATION 10ms} {BREAKWATERD_INITIAL_CREDIT 400} {BREAKWATERD_LOAD_SHEDDING true} {BREAKWATERD_RTT 1000us} {DAGOR_QUEUING_THRESHOLD 2ms} {DAGOR_ALPHA 0.05} {DAGOR_BETA 0.01} {DAGOR_ADMISSION_LEVEL_UPDATE_INTERVAL 10ms} {DAGOR_UMAX 20}]

Summary:
  Count:	84309
  Total:	25.00 s
  Slowest:	848.82 ms
  Fastest:	111.12 ms
  Average:	138.00 ms
  Requests/sec:	3372.98

Response time histogram:
  111.116 [1]     |
  184.886 [27593] |∎∎∎∎∎∎∎∎∎∎∎∎∎∎∎∎∎∎∎∎∎∎∎∎∎∎∎∎∎∎∎∎∎∎∎∎∎∎∎∎
  258.656 [19055] |∎∎∎∎∎∎∎∎∎∎∎∎∎∎∎∎∎∎∎∎∎∎∎∎∎∎∎∎
  332.426 [5741]  |∎∎∎∎∎∎∎∎
  406.196 [2976]  |∎∎∎∎
  479.966 [1155]  |∎∎
  553.736 [101]   |
  627.506 [9]     |
  701.276 [0]     |
  775.046 [23]    |
  848.816 [16]    |

Latency distribution:
  10 % in 114.89 ms 
  25 % in 148.22 ms 
  50 % in 186.70 ms 
  75 % in 231.39 ms 
  90 % in 312.16 ms 
  95 % in 367.77 ms 
  99 % in 432.87 ms 

Status code distribution:
  [Canceled]            501 responses     
  [OK]                  56670 responses   
  [ResourceExhausted]   27138 responses   

Error distribution:
  [27138]   rpc error: code = ResourceExhausted desc = Server-side queuing delay is beyond AQM threshold   
  [501]     rpc error: code = Canceled desc = grpc: the client connection is closing                       

Debug: Checking Namespace=default, Pod=ms-10090-6454f977fd-kbpps for Target File=deathstar_*.output
Namespace: default, Pod: ms-10090-6454f977fd-kbpps has the target files.
Copying deathstar_ms-10090.output to deathstar_ms-10090.output
tar: removing leading '/' from member names
Debug: Checking Namespace=default, Pod=ms-13558-b48bb5d9d-kx444 for Target File=deathstar_*.output
Namespace: default, Pod: ms-13558-b48bb5d9d-kx444 has the target files.
Copying deathstar_ms-13558.output to deathstar_ms-13558.output
tar: removing leading '/' from member names
Debug: Checking Namespace=default, Pod=ms-18330-759d9cf49c-qkght for Target File=deathstar_*.output
Namespace: default, Pod: ms-18330-759d9cf49c-qkght has the target files.
Copying deathstar_ms-18330.output to deathstar_ms-18330.output
tar: removing leading '/' from member names
Debug: Checking Namespace=default, Pod=ms-19585-6f995cfcbf-jm4j6 for Target File=deathstar_*.output
Namespace: default, Pod: ms-19585-6f995cfcbf-jm4j6 has the target files.
Copying deathstar_ms-19585.output to deathstar_ms-19585.output
tar: removing leading '/' from member names
Debug: Checking Namespace=default, Pod=ms-20172-59d5485464-5z5jh for Target File=deathstar_*.output
Namespace: default, Pod: ms-20172-59d5485464-5z5jh has the target files.
Copying deathstar_ms-20172.output to deathstar_ms-20172.output
tar: removing leading '/' from member names
Debug: Checking Namespace=default, Pod=ms-22893-576fd5f9f6-l88n8 for Target File=deathstar_*.output
Namespace: default, Pod: ms-22893-576fd5f9f6-l88n8 has the target files.
Copying deathstar_ms-22893.output to deathstar_ms-22893.output
tar: removing leading '/' from member names
Debug: Checking Namespace=default, Pod=ms-24009-67dbf5b976-khlnt for Target File=deathstar_*.output
Namespace: default, Pod: ms-24009-67dbf5b976-khlnt has the target files.
Copying deathstar_ms-24009.output to deathstar_ms-24009.output
tar: removing leading '/' from member names
Debug: Checking Namespace=default, Pod=ms-24959-99f8bbf9-vn9q9 for Target File=deathstar_*.output
Namespace: default, Pod: ms-24959-99f8bbf9-vn9q9 has the target files.
Copying deathstar_ms-24959.output to deathstar_ms-24959.output
tar: removing leading '/' from member names
Debug: Checking Namespace=default, Pod=ms-26622-66fdf7d64f-rbtw5 for Target File=deathstar_*.output
Namespace: default, Pod: ms-26622-66fdf7d64f-rbtw5 has the target files.
Copying deathstar_ms-26622.output to deathstar_ms-26622.output
tar: removing leading '/' from member names
Debug: Checking Namespace=default, Pod=ms-27421-64f549855c-7vcgp for Target File=deathstar_*.output
Namespace: default, Pod: ms-27421-64f549855c-7vcgp has the target files.
Copying deathstar_ms-27421.output to deathstar_ms-27421.output
tar: removing leading '/' from member names
Debug: Checking Namespace=default, Pod=ms-29373-8467f7db44-ntpt6 for Target File=deathstar_*.output
Namespace: default, Pod: ms-29373-8467f7db44-ntpt6 has the target files.
Copying deathstar_ms-29373.output to deathstar_ms-29373.output
tar: removing leading '/' from member names
Debug: Checking Namespace=default, Pod=ms-32301-c5654bbc5-dg88g for Target File=deathstar_*.output
Namespace: default, Pod: ms-32301-c5654bbc5-dg88g has the target files.
Copying deathstar_ms-32301.output to deathstar_ms-32301.output
tar: removing leading '/' from member names
Debug: Checking Namespace=default, Pod=ms-3289-587dbd96bf-zb4mr for Target File=deathstar_*.output
Namespace: default, Pod: ms-3289-587dbd96bf-zb4mr has the target files.
Copying deathstar_ms-3289.output to deathstar_ms-3289.output
tar: removing leading '/' from member names
Debug: Checking Namespace=default, Pod=ms-37691-6dc6cd6744-bpmwg for Target File=deathstar_*.output
Namespace: default, Pod: ms-37691-6dc6cd6744-bpmwg has the target files.
Copying deathstar_ms-37691.output to deathstar_ms-37691.output
tar: removing leading '/' from member names
Debug: Checking Namespace=default, Pod=ms-38964-5b647cdbd-zbgmx for Target File=deathstar_*.output
Namespace: default, Pod: ms-38964-5b647cdbd-zbgmx has the target files.
Copying deathstar_ms-38964.output to deathstar_ms-38964.output
tar: removing leading '/' from member names
Debug: Checking Namespace=default, Pod=ms-40147-cd867585-j9rsp for Target File=deathstar_*.output
Namespace: default, Pod: ms-40147-cd867585-j9rsp has the target files.
Copying deathstar_ms-40147.output to deathstar_ms-40147.output
tar: removing leading '/' from member names
Debug: Checking Namespace=default, Pod=ms-48118-ff7b99cc9-xftl2 for Target File=deathstar_*.output
Namespace: default, Pod: ms-48118-ff7b99cc9-xftl2 has the target files.
Copying deathstar_ms-48118.output to deathstar_ms-48118.output
tar: removing leading '/' from member names
Debug: Checking Namespace=default, Pod=ms-4829-669557b66c-brrt6 for Target File=deathstar_*.output
Namespace: default, Pod: ms-4829-669557b66c-brrt6 has the target files.
Copying deathstar_ms-4829.output to deathstar_ms-4829.output
tar: removing leading '/' from member names
Debug: Checking Namespace=default, Pod=ms-51685-79858c784f-6cvtp for Target File=deathstar_*.output
Namespace: default, Pod: ms-51685-79858c784f-6cvtp has the target files.
Copying deathstar_ms-51685.output to deathstar_ms-51685.output
tar: removing leading '/' from member names
Debug: Checking Namespace=default, Pod=ms-52379-57c6cdd54b-glmd6 for Target File=deathstar_*.output
Namespace: default, Pod: ms-52379-57c6cdd54b-glmd6 has the target files.
Copying deathstar_ms-52379.output to deathstar_ms-52379.output
tar: removing leading '/' from member names
Debug: Checking Namespace=default, Pod=ms-55394-6f999f5df9-zd2ml for Target File=deathstar_*.output
Namespace: default, Pod: ms-55394-6f999f5df9-zd2ml has the target files.
Copying deathstar_ms-55394.output to deathstar_ms-55394.output
tar: removing leading '/' from member names
Debug: Checking Namespace=default, Pod=ms-58436-59dd96f659-s2fbr for Target File=deathstar_*.output
Namespace: default, Pod: ms-58436-59dd96f659-s2fbr has the target files.
Copying deathstar_ms-58436.output to deathstar_ms-58436.output
tar: removing leading '/' from member names
Debug: Checking Namespace=default, Pod=ms-58772-68ff78c966-rgnbx for Target File=deathstar_*.output
Namespace: default, Pod: ms-58772-68ff78c966-rgnbx has the target files.
Copying deathstar_ms-58772.output to deathstar_ms-58772.output
tar: removing leading '/' from member names
Debug: Checking Namespace=default, Pod=ms-59962-756b895b58-h8947 for Target File=deathstar_*.output
Namespace: default, Pod: ms-59962-756b895b58-h8947 has the target files.
Copying deathstar_ms-59962.output to deathstar_ms-59962.output
tar: removing leading '/' from member names
Debug: Checking Namespace=default, Pod=ms-60061-68bd84bdcd-sx44q for Target File=deathstar_*.output
Namespace: default, Pod: ms-60061-68bd84bdcd-sx44q has the target files.
Copying deathstar_ms-60061.output to deathstar_ms-60061.output
tar: removing leading '/' from member names
Debug: Checking Namespace=default, Pod=ms-6323-974659fcd-6dlbw for Target File=deathstar_*.output
Namespace: default, Pod: ms-6323-974659fcd-6dlbw has the target files.
Copying deathstar_ms-6323.output to deathstar_ms-6323.output
tar: removing leading '/' from member names
Debug: Checking Namespace=default, Pod=ms-65741-65f588bcdf-7rshn for Target File=deathstar_*.output
Namespace: default, Pod: ms-65741-65f588bcdf-7rshn has the target files.
Copying deathstar_ms-65741.output to deathstar_ms-65741.output
tar: removing leading '/' from member names
Debug: Checking Namespace=default, Pod=ms-66473-79c66f8bff-jr7j2 for Target File=deathstar_*.output
Namespace: default, Pod: ms-66473-79c66f8bff-jr7j2 has the target files.
Copying deathstar_ms-66473.output to deathstar_ms-66473.output
tar: removing leading '/' from member names
Debug: Checking Namespace=default, Pod=ms-69188-65c548d4cb-tdppr for Target File=deathstar_*.output
Namespace: default, Pod: ms-69188-65c548d4cb-tdppr has the target files.
Copying deathstar_ms-69188.output to deathstar_ms-69188.output
tar: removing leading '/' from member names
Debug: Checking Namespace=default, Pod=ms-69614-794bd8475-9hgvx for Target File=deathstar_*.output
Namespace: default, Pod: ms-69614-794bd8475-9hgvx has the target files.
Copying deathstar_ms-69614.output to deathstar_ms-69614.output
tar: removing leading '/' from member names
Debug: Checking Namespace=default, Pod=ms-9081-567985788-5f55v for Target File=deathstar_*.output
Namespace: default, Pod: ms-9081-567985788-5f55v has the target files.
Copying deathstar_ms-9081.output to deathstar_ms-9081.output
tar: removing leading '/' from member names
Debug: Checking Namespace=default, Pod=nginx-web-server-56557f7cb7-gc9fb for Target File=deathstar_*.output
Namespace: default, Pod: nginx-web-server-56557f7cb7-gc9fb has the target files.
Copying deathstar_nginx-web-server.output to deathstar_nginx-web-server.output
tar: removing leading '/' from member names
Debug: Checking Namespace=default, Pod=unknown-6ddf9bd4b5-ztbfn for Target File=deathstar_*.output
Namespace: default, Pod: unknown-6ddf9bd4b5-ztbfn has the target files.
Copying deathstar_unknown.output to deathstar_unknown.output
tar: removing leading '/' from member names
