Deployments: ms-11070
ms-11285
ms-11512
ms-1278
ms-13873
ms-19953
ms-21883
ms-25124
ms-27421
ms-2827
ms-33719
ms-37691
ms-43309
ms-4354
ms-46825
ms-60236
ms-71771
ms-8052
ms-902
nginx-web-server
deployment "ms-11070" successfully rolled out
deployment "ms-11285" successfully rolled out
deployment "ms-11512" successfully rolled out
deployment "ms-1278" successfully rolled out
deployment "ms-13873" successfully rolled out
deployment "ms-19953" successfully rolled out
deployment "ms-21883" successfully rolled out
deployment "ms-25124" successfully rolled out
deployment "ms-27421" successfully rolled out
deployment "ms-2827" successfully rolled out
deployment "ms-33719" successfully rolled out
deployment "ms-37691" successfully rolled out
deployment "ms-43309" successfully rolled out
deployment "ms-4354" successfully rolled out
deployment "ms-46825" successfully rolled out
deployment "ms-60236" successfully rolled out
deployment "ms-71771" successfully rolled out
deployment "ms-8052" successfully rolled out
deployment "ms-902" successfully rolled out
deployment "nginx-web-server" successfully rolled out
ENTRY_POINT: nginx-web-server
SERVICE_A_URL: 10.107.214.19:50051
Capacity: 10000
Metadata: request-id={{.RequestNumber}}
Metadata: timestamp={{.TimestampUnix}}
Metadata: method=S_102000854
Charon Configurations:
[{INTERCEPT breakwaterd} {PRICE_UPDATE_RATE 10ms} {TOKEN_UPDATE_RATE 10ms} {LATENCY_THRESHOLD 100us} {PRICE_STEP 0} {PRICE_STRATEGY step} {LAZY_UPDATE false} {RATE_LIMITING true} {LOAD_SHEDDING true} {CHARON_TRACK_PRICE false} {BREAKWATER_SLO 50000us} {BREAKWATER_A 30.0} {BREAKWATER_B 8.426804826741824} {BREAKWATER_CLIENT_EXPIRATION 5000us} {BREAKWATER_INITIAL_CREDIT 1} {BREAKWATER_LOAD_SHEDDING true} {BREAKWATER_RTT 0us} {BREAKWATERD_SLO 75529us} {BREAKWATERD_A 10.0} {BREAKWATERD_B 10.0} {BREAKWATERD_CLIENT_EXPIRATION 10000us} {BREAKWATERD_INITIAL_CREDIT 1} {BREAKWATERD_LOAD_SHEDDING true} {BREAKWATERD_RTT 1000us} {DAGOR_QUEUING_THRESHOLD 2ms} {DAGOR_ALPHA 0.05} {DAGOR_BETA 0.01} {DAGOR_ADMISSION_LEVEL_UPDATE_INTERVAL 10ms} {DAGOR_UMAX 20}]

Summary:
  Count:	92337
  Total:	24.92 s
  Slowest:	871.93 ms
  Fastest:	39.42 ms
  Average:	188.01 ms
  Requests/sec:	3704.66

Response time histogram:
  39.425  [1]     |
  122.675 [14257] |∎∎∎∎∎∎∎∎∎∎∎∎∎∎∎∎∎∎∎∎∎∎∎∎∎∎∎
  205.925 [16213] |∎∎∎∎∎∎∎∎∎∎∎∎∎∎∎∎∎∎∎∎∎∎∎∎∎∎∎∎∎∎∎
  289.176 [20875] |∎∎∎∎∎∎∎∎∎∎∎∎∎∎∎∎∎∎∎∎∎∎∎∎∎∎∎∎∎∎∎∎∎∎∎∎∎∎∎∎
  372.426 [10596] |∎∎∎∎∎∎∎∎∎∎∎∎∎∎∎∎∎∎∎∎
  455.676 [3042]  |∎∎∎∎∎∎
  538.927 [332]   |∎
  622.177 [39]    |
  705.428 [9]     |
  788.678 [53]    |
  871.928 [102]   |

Latency distribution:
  10 % in 44.02 ms 
  25 % in 144.40 ms 
  50 % in 213.97 ms 
  75 % in 277.33 ms 
  90 % in 340.63 ms 
  95 % in 376.04 ms 
  99 % in 446.51 ms 

Status code distribution:
  [ResourceExhausted]   25881 responses   
  [Canceled]            937 responses     
  [OK]                  65519 responses   

Error distribution:
  [1208]   rpc error: code = ResourceExhausted desc = Client id 54b050a0-049f-484e-9b39-d26eae7b4aa7 request expired in queue.   
  [227]    rpc error: code = ResourceExhausted desc = Server-side queuing delay is beyond AQM threshold                          
  [2315]   rpc error: code = ResourceExhausted desc = Client id f081725d-6287-4be4-8a44-7e16ecfef962 request expired in queue.   
  [1258]   rpc error: code = ResourceExhausted desc = Client id c92e101d-cdf1-4702-8a32-671fe92ca500 request expired in queue.   
  [1298]   rpc error: code = ResourceExhausted desc = Client id 131b962a-04f0-49c3-bb7f-f101396e1f58 request expired in queue.   
  [1505]   rpc error: code = ResourceExhausted desc = Client id f8b49be5-d913-4a74-851d-68515c1d0598 request expired in queue.   
  [166]    rpc error: code = ResourceExhausted desc = Client id 2ee5be80-951c-4139-aaed-61b660481870 request expired in queue.   
  [1615]   rpc error: code = ResourceExhausted desc = Client id 1ebfafd8-7212-48a0-9cab-a73fef082cd7 request expired in queue.   
  [955]    rpc error: code = ResourceExhausted desc = Client id 57e12dd1-651f-46e6-a641-34c9d65f29fa request expired in queue.   
  [1419]   rpc error: code = ResourceExhausted desc = Client id d08624cd-c0a7-45dd-95f6-0017dc178d82 request expired in queue.   
  [1567]   rpc error: code = ResourceExhausted desc = Client id a09523f6-e0db-40df-919f-dd9d3b151252 request expired in queue.   
  [979]    rpc error: code = ResourceExhausted desc = Client id eb204fed-49f6-4c75-835c-4a79f9358417 request expired in queue.   
  [937]    rpc error: code = Canceled desc = grpc: the client connection is closing                                              
  [5481]   rpc error: code = ResourceExhausted desc = Client id e1ba70d4-0375-480c-a4ab-6d7305f0d59d request expired in queue.   
  [1963]   rpc error: code = ResourceExhausted desc = Client id 2b1b8bbb-915a-4b12-b536-e5197137f615 request expired in queue.   
  [367]    rpc error: code = ResourceExhausted desc = Client id 55c083fe-bafd-460f-898c-797e200826c4 request expired in queue.   
  [27]     rpc error: code = ResourceExhausted desc = Client id e3e44fb0-9a9a-44e9-9772-c7ad66846983 request expired in queue.   
  [1313]   rpc error: code = ResourceExhausted desc = Client id feb57677-6215-448c-96d4-be017759266e request expired in queue.   
  [1277]   rpc error: code = ResourceExhausted desc = Client id 06cfde0f-059d-4e66-99ac-78d7a6244d4e request expired in queue.   
  [941]    rpc error: code = ResourceExhausted desc = Client id 3e7178fa-fff5-4b2b-84d4-2f34f11a1bfb request expired in queue.   

Debug: Checking Namespace=default, Pod=ms-11070-7868c54f44-lckct for Target File=deathstar_*.output
Namespace: default, Pod: ms-11070-7868c54f44-lckct has the target files.
Copying deathstar_ms-11070.output to deathstar_ms-11070.output
tar: removing leading '/' from member names
Debug: Checking Namespace=default, Pod=ms-11285-67d597dc77-7p5c5 for Target File=deathstar_*.output
Namespace: default, Pod: ms-11285-67d597dc77-7p5c5 has the target files.
Copying deathstar_ms-11285.output to deathstar_ms-11285.output
tar: removing leading '/' from member names
Debug: Checking Namespace=default, Pod=ms-11512-75f8ddc45b-ctcrs for Target File=deathstar_*.output
Namespace: default, Pod: ms-11512-75f8ddc45b-ctcrs has the target files.
Copying deathstar_ms-11512.output to deathstar_ms-11512.output
tar: removing leading '/' from member names
Debug: Checking Namespace=default, Pod=ms-1278-85766ff6b8-npzx5 for Target File=deathstar_*.output
Namespace: default, Pod: ms-1278-85766ff6b8-npzx5 has the target files.
Copying deathstar_ms-1278.output to deathstar_ms-1278.output
tar: removing leading '/' from member names
Debug: Checking Namespace=default, Pod=ms-13873-85d7bb7b97-w89k6 for Target File=deathstar_*.output
Namespace: default, Pod: ms-13873-85d7bb7b97-w89k6 has the target files.
Copying deathstar_ms-13873.output to deathstar_ms-13873.output
tar: removing leading '/' from member names
Debug: Checking Namespace=default, Pod=ms-19953-68cc8998c5-gndct for Target File=deathstar_*.output
Namespace: default, Pod: ms-19953-68cc8998c5-gndct has the target files.
Copying deathstar_ms-19953.output to deathstar_ms-19953.output
tar: removing leading '/' from member names
Debug: Checking Namespace=default, Pod=ms-21883-f6c88c6d4-4l7pd for Target File=deathstar_*.output
Namespace: default, Pod: ms-21883-f6c88c6d4-4l7pd has the target files.
Copying deathstar_ms-21883.output to deathstar_ms-21883.output
tar: removing leading '/' from member names
Debug: Checking Namespace=default, Pod=ms-25124-77bd4446f5-dvgl9 for Target File=deathstar_*.output
Namespace: default, Pod: ms-25124-77bd4446f5-dvgl9 has the target files.
Copying deathstar_ms-25124.output to deathstar_ms-25124.output
tar: removing leading '/' from member names
Debug: Checking Namespace=default, Pod=ms-27421-8565974486-g2ljx for Target File=deathstar_*.output
Namespace: default, Pod: ms-27421-8565974486-g2ljx has the target files.
Copying deathstar_ms-27421.output to deathstar_ms-27421.output
tar: removing leading '/' from member names
Debug: Checking Namespace=default, Pod=ms-2827-5dcc6df4f4-z8gn7 for Target File=deathstar_*.output
Namespace: default, Pod: ms-2827-5dcc6df4f4-z8gn7 has the target files.
Copying deathstar_ms-2827.output to deathstar_ms-2827.output
tar: removing leading '/' from member names
Debug: Checking Namespace=default, Pod=ms-33719-6c455cf54c-pvb2z for Target File=deathstar_*.output
Namespace: default, Pod: ms-33719-6c455cf54c-pvb2z has the target files.
Copying deathstar_ms-33719.output to deathstar_ms-33719.output
tar: removing leading '/' from member names
Debug: Checking Namespace=default, Pod=ms-37691-b9bc44798-vmz8c for Target File=deathstar_*.output
Namespace: default, Pod: ms-37691-b9bc44798-vmz8c has the target files.
Copying deathstar_ms-37691.output to deathstar_ms-37691.output
tar: removing leading '/' from member names
Debug: Checking Namespace=default, Pod=ms-43309-54f758d465-g92t7 for Target File=deathstar_*.output
Namespace: default, Pod: ms-43309-54f758d465-g92t7 has the target files.
Copying deathstar_ms-43309.output to deathstar_ms-43309.output
tar: removing leading '/' from member names
Debug: Checking Namespace=default, Pod=ms-4354-669cfcbdf6-d4sp7 for Target File=deathstar_*.output
Namespace: default, Pod: ms-4354-669cfcbdf6-d4sp7 has the target files.
Copying deathstar_ms-4354.output to deathstar_ms-4354.output
tar: removing leading '/' from member names
Debug: Checking Namespace=default, Pod=ms-46825-58c684559d-nghnh for Target File=deathstar_*.output
Namespace: default, Pod: ms-46825-58c684559d-nghnh has the target files.
Copying deathstar_ms-46825.output to deathstar_ms-46825.output
tar: removing leading '/' from member names
Debug: Checking Namespace=default, Pod=ms-60236-64866cf49-9jg58 for Target File=deathstar_*.output
Namespace: default, Pod: ms-60236-64866cf49-9jg58 has the target files.
Copying deathstar_ms-60236.output to deathstar_ms-60236.output
tar: removing leading '/' from member names
Debug: Checking Namespace=default, Pod=ms-71771-567ddbdd95-b2ftp for Target File=deathstar_*.output
Namespace: default, Pod: ms-71771-567ddbdd95-b2ftp has the target files.
Copying deathstar_ms-71771.output to deathstar_ms-71771.output
tar: removing leading '/' from member names
Debug: Checking Namespace=default, Pod=ms-8052-b995968dc-nfllm for Target File=deathstar_*.output
Namespace: default, Pod: ms-8052-b995968dc-nfllm has the target files.
Copying deathstar_ms-8052.output to deathstar_ms-8052.output
tar: removing leading '/' from member names
Debug: Checking Namespace=default, Pod=ms-902-5744544f85-7t9vs for Target File=deathstar_*.output
Namespace: default, Pod: ms-902-5744544f85-7t9vs has the target files.
Copying deathstar_ms-902.output to deathstar_ms-902.output
tar: removing leading '/' from member names
Debug: Checking Namespace=default, Pod=nginx-web-server-56557f7cb7-pwp6l for Target File=deathstar_*.output
Namespace: default, Pod: nginx-web-server-56557f7cb7-pwp6l has the target files.
Copying deathstar_nginx-web-server.output to deathstar_nginx-web-server.output
tar: removing leading '/' from member names
