Deployments: ms-11070
ms-11285
ms-11512
ms-1278
ms-13873
ms-19953
ms-21883
ms-25124
ms-27421
ms-2827
ms-33719
ms-37691
ms-43309
ms-4354
ms-46825
ms-60236
ms-71771
ms-8052
ms-902
nginx-web-server
deployment "ms-11070" successfully rolled out
deployment "ms-11285" successfully rolled out
deployment "ms-11512" successfully rolled out
deployment "ms-1278" successfully rolled out
deployment "ms-13873" successfully rolled out
deployment "ms-19953" successfully rolled out
deployment "ms-21883" successfully rolled out
deployment "ms-25124" successfully rolled out
deployment "ms-27421" successfully rolled out
deployment "ms-2827" successfully rolled out
deployment "ms-33719" successfully rolled out
deployment "ms-37691" successfully rolled out
deployment "ms-43309" successfully rolled out
deployment "ms-4354" successfully rolled out
deployment "ms-46825" successfully rolled out
deployment "ms-60236" successfully rolled out
deployment "ms-71771" successfully rolled out
deployment "ms-8052" successfully rolled out
deployment "ms-902" successfully rolled out
deployment "nginx-web-server" successfully rolled out
ENTRY_POINT: nginx-web-server
SERVICE_A_URL: 10.96.203.181:50051
Capacity: 10000
Metadata: request-id={{.RequestNumber}}
Metadata: timestamp={{.TimestampUnix}}
Metadata: method=S_102000854
Charon Configurations:
[{INTERCEPT charon} {PRICE_UPDATE_RATE 23224us} {TOKEN_UPDATE_RATE 12207us} {LATENCY_THRESHOLD 5830us} {PRICE_STEP 121} {PRICE_STRATEGY proportional} {LAZY_UPDATE true} {RATE_LIMITING true} {LOAD_SHEDDING true} {CHARON_TRACK_PRICE false} {BREAKWATER_SLO 12500us} {BREAKWATER_A 0.001} {BREAKWATER_B 0.02} {BREAKWATER_CLIENT_EXPIRATION 10ms} {BREAKWATER_INITIAL_CREDIT 400} {BREAKWATER_LOAD_SHEDDING true} {BREAKWATER_RTT 1000us} {BREAKWATERD_SLO 12500us} {BREAKWATERD_A 0.001} {BREAKWATERD_B 0.02} {BREAKWATERD_CLIENT_EXPIRATION 10ms} {BREAKWATERD_INITIAL_CREDIT 400} {BREAKWATERD_LOAD_SHEDDING true} {BREAKWATERD_RTT 1000us} {DAGOR_QUEUING_THRESHOLD 2ms} {DAGOR_ALPHA 0.05} {DAGOR_BETA 0.01} {DAGOR_ADMISSION_LEVEL_UPDATE_INTERVAL 10ms} {DAGOR_UMAX 20}]

Summary:
  Count:	80872
  Total:	14.79 s
  Slowest:	870.04 ms
  Fastest:	39.00 ms
  Average:	63.36 ms
  Requests/sec:	5468.93

Response time histogram:
  38.998  [1]     |
  122.103 [72725] |∎∎∎∎∎∎∎∎∎∎∎∎∎∎∎∎∎∎∎∎∎∎∎∎∎∎∎∎∎∎∎∎∎∎∎∎∎∎∎∎
  205.207 [1225]  |∎
  288.311 [1578]  |∎
  371.416 [657]   |
  454.520 [0]     |
  537.624 [34]    |
  620.729 [15]    |
  703.833 [0]     |
  786.938 [4]     |
  870.042 [41]    |

Latency distribution:
  10 % in 41.67 ms 
  25 % in 47.07 ms 
  50 % in 56.70 ms 
  75 % in 67.98 ms 
  90 % in 83.58 ms 
  95 % in 112.75 ms 
  99 % in 287.50 ms 

Status code distribution:
  [OK]                  76280 responses   
  [ResourceExhausted]   4396 responses    
  [Canceled]            196 responses     

Error distribution:
  [257]    rpc error: code = ResourceExhausted desc = S_102000854 req dropped by ms-25124. Try again later.           
  [3532]   rpc error: code = ResourceExhausted desc = S_102000854 req dropped by nginx-web-server. Try again later.   
  [216]    rpc error: code = ResourceExhausted desc = S_102000854 req dropped by ms-60236. Try again later.           
  [31]     rpc error: code = ResourceExhausted desc = S_102000854 req dropped by ms-71771. Try again later.           
  [360]    rpc error: code = ResourceExhausted desc = S_102000854 req dropped by ms-13873. Try again later.           
  [196]    rpc error: code = Canceled desc = grpc: the client connection is closing                                   

Debug: Checking Namespace=default, Pod=ms-11070-7868c54f44-sgszz for Target File=deathstar_*.output
Namespace: default, Pod: ms-11070-7868c54f44-sgszz has the target files.
Copying deathstar_ms-11070.output to deathstar_ms-11070.output
tar: removing leading '/' from member names
Debug: Checking Namespace=default, Pod=ms-11285-67d597dc77-65n4g for Target File=deathstar_*.output
Namespace: default, Pod: ms-11285-67d597dc77-65n4g has the target files.
Copying deathstar_ms-11285.output to deathstar_ms-11285.output
tar: removing leading '/' from member names
Debug: Checking Namespace=default, Pod=ms-11512-75f8ddc45b-dw8vl for Target File=deathstar_*.output
Namespace: default, Pod: ms-11512-75f8ddc45b-dw8vl has the target files.
Copying deathstar_ms-11512.output to deathstar_ms-11512.output
tar: removing leading '/' from member names
Debug: Checking Namespace=default, Pod=ms-1278-85766ff6b8-cn9bm for Target File=deathstar_*.output
Namespace: default, Pod: ms-1278-85766ff6b8-cn9bm has the target files.
Copying deathstar_ms-1278.output to deathstar_ms-1278.output
tar: removing leading '/' from member names
Debug: Checking Namespace=default, Pod=ms-13873-85d7bb7b97-72xww for Target File=deathstar_*.output
Namespace: default, Pod: ms-13873-85d7bb7b97-72xww has the target files.
Copying deathstar_ms-13873.output to deathstar_ms-13873.output
tar: removing leading '/' from member names
Debug: Checking Namespace=default, Pod=ms-19953-68cc8998c5-phxvh for Target File=deathstar_*.output
Namespace: default, Pod: ms-19953-68cc8998c5-phxvh has the target files.
Copying deathstar_ms-19953.output to deathstar_ms-19953.output
tar: removing leading '/' from member names
Debug: Checking Namespace=default, Pod=ms-21883-f6c88c6d4-dsbjv for Target File=deathstar_*.output
Namespace: default, Pod: ms-21883-f6c88c6d4-dsbjv has the target files.
Copying deathstar_ms-21883.output to deathstar_ms-21883.output
tar: removing leading '/' from member names
Debug: Checking Namespace=default, Pod=ms-25124-77bd4446f5-l4t5w for Target File=deathstar_*.output
Namespace: default, Pod: ms-25124-77bd4446f5-l4t5w has the target files.
Copying deathstar_ms-25124.output to deathstar_ms-25124.output
tar: removing leading '/' from member names
Debug: Checking Namespace=default, Pod=ms-27421-8565974486-xkx9j for Target File=deathstar_*.output
Namespace: default, Pod: ms-27421-8565974486-xkx9j has the target files.
Copying deathstar_ms-27421.output to deathstar_ms-27421.output
tar: removing leading '/' from member names
Debug: Checking Namespace=default, Pod=ms-2827-5dcc6df4f4-qrxdb for Target File=deathstar_*.output
Namespace: default, Pod: ms-2827-5dcc6df4f4-qrxdb has the target files.
Copying deathstar_ms-2827.output to deathstar_ms-2827.output
tar: removing leading '/' from member names
Debug: Checking Namespace=default, Pod=ms-33719-6c455cf54c-mkp7x for Target File=deathstar_*.output
Namespace: default, Pod: ms-33719-6c455cf54c-mkp7x has the target files.
Copying deathstar_ms-33719.output to deathstar_ms-33719.output
tar: removing leading '/' from member names
Debug: Checking Namespace=default, Pod=ms-37691-b9bc44798-ctddc for Target File=deathstar_*.output
Namespace: default, Pod: ms-37691-b9bc44798-ctddc has the target files.
Copying deathstar_ms-37691.output to deathstar_ms-37691.output
tar: removing leading '/' from member names
Debug: Checking Namespace=default, Pod=ms-43309-54f758d465-rv86p for Target File=deathstar_*.output
Namespace: default, Pod: ms-43309-54f758d465-rv86p has the target files.
Copying deathstar_ms-43309.output to deathstar_ms-43309.output
tar: removing leading '/' from member names
Debug: Checking Namespace=default, Pod=ms-4354-669cfcbdf6-5bzm5 for Target File=deathstar_*.output
Namespace: default, Pod: ms-4354-669cfcbdf6-5bzm5 has the target files.
Copying deathstar_ms-4354.output to deathstar_ms-4354.output
tar: removing leading '/' from member names
Debug: Checking Namespace=default, Pod=ms-46825-58c684559d-htkct for Target File=deathstar_*.output
Namespace: default, Pod: ms-46825-58c684559d-htkct has the target files.
Copying deathstar_ms-46825.output to deathstar_ms-46825.output
tar: removing leading '/' from member names
Debug: Checking Namespace=default, Pod=ms-60236-64866cf49-mxm57 for Target File=deathstar_*.output
Namespace: default, Pod: ms-60236-64866cf49-mxm57 has the target files.
Copying deathstar_ms-60236.output to deathstar_ms-60236.output
tar: removing leading '/' from member names
Debug: Checking Namespace=default, Pod=ms-71771-567ddbdd95-xtnth for Target File=deathstar_*.output
Namespace: default, Pod: ms-71771-567ddbdd95-xtnth has the target files.
Copying deathstar_ms-71771.output to deathstar_ms-71771.output
tar: removing leading '/' from member names
Debug: Checking Namespace=default, Pod=ms-8052-b995968dc-q8svr for Target File=deathstar_*.output
Namespace: default, Pod: ms-8052-b995968dc-q8svr has the target files.
Copying deathstar_ms-8052.output to deathstar_ms-8052.output
tar: removing leading '/' from member names
Debug: Checking Namespace=default, Pod=ms-902-5744544f85-7g25q for Target File=deathstar_*.output
Namespace: default, Pod: ms-902-5744544f85-7g25q has the target files.
Copying deathstar_ms-902.output to deathstar_ms-902.output
tar: removing leading '/' from member names
Debug: Checking Namespace=default, Pod=nginx-web-server-56557f7cb7-trg62 for Target File=deathstar_*.output
Namespace: default, Pod: nginx-web-server-56557f7cb7-trg62 has the target files.
Copying deathstar_nginx-web-server.output to deathstar_nginx-web-server.output
tar: removing leading '/' from member names
