Deployments: ms-10090
ms-13558
ms-18330
ms-19585
ms-20172
ms-22893
ms-24009
ms-24959
ms-26622
ms-27421
ms-29373
ms-32301
ms-3289
ms-37691
ms-38964
ms-40147
ms-48118
ms-4829
ms-51685
ms-52379
ms-55394
ms-58436
ms-58772
ms-59962
ms-60061
ms-6323
ms-65741
ms-66473
ms-69188
ms-69614
ms-9081
nginx-web-server
unknown
deployment "ms-10090" successfully rolled out
deployment "ms-13558" successfully rolled out
deployment "ms-18330" successfully rolled out
deployment "ms-19585" successfully rolled out
deployment "ms-20172" successfully rolled out
deployment "ms-22893" successfully rolled out
deployment "ms-24009" successfully rolled out
deployment "ms-24959" successfully rolled out
deployment "ms-26622" successfully rolled out
deployment "ms-27421" successfully rolled out
deployment "ms-29373" successfully rolled out
deployment "ms-32301" successfully rolled out
deployment "ms-3289" successfully rolled out
deployment "ms-37691" successfully rolled out
deployment "ms-38964" successfully rolled out
deployment "ms-40147" successfully rolled out
deployment "ms-48118" successfully rolled out
deployment "ms-4829" successfully rolled out
deployment "ms-51685" successfully rolled out
deployment "ms-52379" successfully rolled out
deployment "ms-55394" successfully rolled out
deployment "ms-58436" successfully rolled out
deployment "ms-58772" successfully rolled out
deployment "ms-59962" successfully rolled out
deployment "ms-60061" successfully rolled out
deployment "ms-6323" successfully rolled out
deployment "ms-65741" successfully rolled out
deployment "ms-66473" successfully rolled out
deployment "ms-69188" successfully rolled out
deployment "ms-69614" successfully rolled out
deployment "ms-9081" successfully rolled out
deployment "nginx-web-server" successfully rolled out
deployment "unknown" successfully rolled out
ENTRY_POINT: nginx-web-server
SERVICE_A_URL: 10.98.228.26:50051
Capacity: 10000
Metadata: request-id={{.RequestNumber}}
Metadata: timestamp={{.TimestampUnix}}
Metadata: method=S_149998854
Charon Configurations:
[{INTERCEPT charon} {PRICE_UPDATE_RATE 7531us} {TOKEN_UPDATE_RATE 26023us} {LATENCY_THRESHOLD 2700us} {PRICE_STEP 13} {PRICE_STRATEGY proportional} {LAZY_UPDATE true} {RATE_LIMITING true} {LOAD_SHEDDING true} {CHARON_TRACK_PRICE false} {BREAKWATER_SLO 12500us} {BREAKWATER_A 0.001} {BREAKWATER_B 0.02} {BREAKWATER_CLIENT_EXPIRATION 10ms} {BREAKWATER_INITIAL_CREDIT 400} {BREAKWATER_LOAD_SHEDDING true} {BREAKWATER_RTT 1000us} {BREAKWATERD_SLO 12500us} {BREAKWATERD_A 0.001} {BREAKWATERD_B 0.02} {BREAKWATERD_CLIENT_EXPIRATION 10ms} {BREAKWATERD_INITIAL_CREDIT 400} {BREAKWATERD_LOAD_SHEDDING true} {BREAKWATERD_RTT 1000us} {DAGOR_QUEUING_THRESHOLD 2ms} {DAGOR_ALPHA 0.05} {DAGOR_BETA 0.01} {DAGOR_ADMISSION_LEVEL_UPDATE_INTERVAL 10ms} {DAGOR_UMAX 20}]

Summary:
  Count:	62805
  Total:	14.85 s
  Slowest:	950.59 ms
  Fastest:	110.96 ms
  Average:	169.48 ms
  Requests/sec:	4229.12

Response time histogram:
  110.959 [1]     |
  194.921 [48432] |∎∎∎∎∎∎∎∎∎∎∎∎∎∎∎∎∎∎∎∎∎∎∎∎∎∎∎∎∎∎∎∎∎∎∎∎∎∎∎∎
  278.884 [1507]  |∎
  362.847 [326]   |
  446.810 [398]   |
  530.772 [358]   |
  614.735 [942]   |∎
  698.698 [941]   |∎
  782.661 [774]   |∎
  866.624 [648]   |∎
  950.586 [236]   |

Latency distribution:
  10 % in 113.47 ms 
  25 % in 119.70 ms 
  50 % in 139.75 ms 
  75 % in 158.28 ms 
  90 % in 217.22 ms 
  95 % in 607.11 ms 
  99 % in 825.08 ms 

Status code distribution:
  [ResourceExhausted]   7855 responses    
  [Canceled]            387 responses     
  [OK]                  54563 responses   

Error distribution:
  [1]      rpc error: code = ResourceExhausted desc = S_149998854 req dropped by ms-51685. Try again later.           
  [387]    rpc error: code = Canceled desc = grpc: the client connection is closing                                   
  [1826]   rpc error: code = ResourceExhausted desc = S_149998854 req dropped by ms-55394. Try again later.           
  [964]    rpc error: code = ResourceExhausted desc = S_149998854 req dropped by ms-18330. Try again later.           
  [571]    rpc error: code = ResourceExhausted desc = S_149998854 req dropped by ms-66473. Try again later.           
  [4493]   rpc error: code = ResourceExhausted desc = S_149998854 req dropped by nginx-web-server. Try again later.   

Debug: Checking Namespace=default, Pod=ms-10090-6454f977fd-5sht2 for Target File=deathstar_*.output
Namespace: default, Pod: ms-10090-6454f977fd-5sht2 has the target files.
Copying deathstar_ms-10090.output to deathstar_ms-10090.output
tar: removing leading '/' from member names
Debug: Checking Namespace=default, Pod=ms-13558-b48bb5d9d-tt29k for Target File=deathstar_*.output
Namespace: default, Pod: ms-13558-b48bb5d9d-tt29k has the target files.
Copying deathstar_ms-13558.output to deathstar_ms-13558.output
tar: removing leading '/' from member names
Debug: Checking Namespace=default, Pod=ms-18330-759d9cf49c-5fjd2 for Target File=deathstar_*.output
Namespace: default, Pod: ms-18330-759d9cf49c-5fjd2 has the target files.
Copying deathstar_ms-18330.output to deathstar_ms-18330.output
tar: removing leading '/' from member names
Debug: Checking Namespace=default, Pod=ms-19585-6f995cfcbf-8kqw9 for Target File=deathstar_*.output
Namespace: default, Pod: ms-19585-6f995cfcbf-8kqw9 has the target files.
Copying deathstar_ms-19585.output to deathstar_ms-19585.output
tar: removing leading '/' from member names
Debug: Checking Namespace=default, Pod=ms-20172-59d5485464-8j7fr for Target File=deathstar_*.output
Namespace: default, Pod: ms-20172-59d5485464-8j7fr has the target files.
Copying deathstar_ms-20172.output to deathstar_ms-20172.output
tar: removing leading '/' from member names
Debug: Checking Namespace=default, Pod=ms-22893-576fd5f9f6-jnz7v for Target File=deathstar_*.output
Namespace: default, Pod: ms-22893-576fd5f9f6-jnz7v has the target files.
Copying deathstar_ms-22893.output to deathstar_ms-22893.output
tar: removing leading '/' from member names
Debug: Checking Namespace=default, Pod=ms-24009-67dbf5b976-jcg92 for Target File=deathstar_*.output
Namespace: default, Pod: ms-24009-67dbf5b976-jcg92 has the target files.
Copying deathstar_ms-24009.output to deathstar_ms-24009.output
tar: removing leading '/' from member names
Debug: Checking Namespace=default, Pod=ms-24959-99f8bbf9-vpqxf for Target File=deathstar_*.output
Namespace: default, Pod: ms-24959-99f8bbf9-vpqxf has the target files.
Copying deathstar_ms-24959.output to deathstar_ms-24959.output
tar: removing leading '/' from member names
Debug: Checking Namespace=default, Pod=ms-26622-66fdf7d64f-l86qc for Target File=deathstar_*.output
Namespace: default, Pod: ms-26622-66fdf7d64f-l86qc has the target files.
Copying deathstar_ms-26622.output to deathstar_ms-26622.output
tar: removing leading '/' from member names
Debug: Checking Namespace=default, Pod=ms-27421-64f549855c-n64xk for Target File=deathstar_*.output
Namespace: default, Pod: ms-27421-64f549855c-n64xk has the target files.
Copying deathstar_ms-27421.output to deathstar_ms-27421.output
tar: removing leading '/' from member names
Debug: Checking Namespace=default, Pod=ms-29373-8467f7db44-h4sj4 for Target File=deathstar_*.output
Namespace: default, Pod: ms-29373-8467f7db44-h4sj4 has the target files.
Copying deathstar_ms-29373.output to deathstar_ms-29373.output
tar: removing leading '/' from member names
Debug: Checking Namespace=default, Pod=ms-32301-c5654bbc5-6dxls for Target File=deathstar_*.output
Namespace: default, Pod: ms-32301-c5654bbc5-6dxls has the target files.
Copying deathstar_ms-32301.output to deathstar_ms-32301.output
tar: removing leading '/' from member names
Debug: Checking Namespace=default, Pod=ms-3289-587dbd96bf-kk7wc for Target File=deathstar_*.output
Namespace: default, Pod: ms-3289-587dbd96bf-kk7wc has the target files.
Copying deathstar_ms-3289.output to deathstar_ms-3289.output
tar: removing leading '/' from member names
Debug: Checking Namespace=default, Pod=ms-37691-6dc6cd6744-gvvkk for Target File=deathstar_*.output
Namespace: default, Pod: ms-37691-6dc6cd6744-gvvkk has the target files.
Copying deathstar_ms-37691.output to deathstar_ms-37691.output
tar: removing leading '/' from member names
Debug: Checking Namespace=default, Pod=ms-38964-5b647cdbd-frmhv for Target File=deathstar_*.output
Namespace: default, Pod: ms-38964-5b647cdbd-frmhv has the target files.
Copying deathstar_ms-38964.output to deathstar_ms-38964.output
tar: removing leading '/' from member names
Debug: Checking Namespace=default, Pod=ms-40147-cd867585-mn256 for Target File=deathstar_*.output
Namespace: default, Pod: ms-40147-cd867585-mn256 has the target files.
Copying deathstar_ms-40147.output to deathstar_ms-40147.output
tar: removing leading '/' from member names
Debug: Checking Namespace=default, Pod=ms-48118-ff7b99cc9-8pdk6 for Target File=deathstar_*.output
Namespace: default, Pod: ms-48118-ff7b99cc9-8pdk6 has the target files.
Copying deathstar_ms-48118.output to deathstar_ms-48118.output
tar: removing leading '/' from member names
Debug: Checking Namespace=default, Pod=ms-4829-669557b66c-8j4bb for Target File=deathstar_*.output
Namespace: default, Pod: ms-4829-669557b66c-8j4bb has the target files.
Copying deathstar_ms-4829.output to deathstar_ms-4829.output
tar: removing leading '/' from member names
Debug: Checking Namespace=default, Pod=ms-51685-79858c784f-9lx5l for Target File=deathstar_*.output
Namespace: default, Pod: ms-51685-79858c784f-9lx5l has the target files.
Copying deathstar_ms-51685.output to deathstar_ms-51685.output
tar: removing leading '/' from member names
Debug: Checking Namespace=default, Pod=ms-52379-57c6cdd54b-vdjdz for Target File=deathstar_*.output
Namespace: default, Pod: ms-52379-57c6cdd54b-vdjdz has the target files.
Copying deathstar_ms-52379.output to deathstar_ms-52379.output
tar: removing leading '/' from member names
Debug: Checking Namespace=default, Pod=ms-55394-6f999f5df9-5ghds for Target File=deathstar_*.output
Namespace: default, Pod: ms-55394-6f999f5df9-5ghds has the target files.
Copying deathstar_ms-55394.output to deathstar_ms-55394.output
tar: removing leading '/' from member names
Debug: Checking Namespace=default, Pod=ms-58436-59dd96f659-9bcb7 for Target File=deathstar_*.output
Namespace: default, Pod: ms-58436-59dd96f659-9bcb7 has the target files.
Copying deathstar_ms-58436.output to deathstar_ms-58436.output
tar: removing leading '/' from member names
Debug: Checking Namespace=default, Pod=ms-58772-68ff78c966-bb2ll for Target File=deathstar_*.output
Namespace: default, Pod: ms-58772-68ff78c966-bb2ll has the target files.
Copying deathstar_ms-58772.output to deathstar_ms-58772.output
tar: removing leading '/' from member names
Debug: Checking Namespace=default, Pod=ms-59962-756b895b58-zkvmc for Target File=deathstar_*.output
Namespace: default, Pod: ms-59962-756b895b58-zkvmc has the target files.
Copying deathstar_ms-59962.output to deathstar_ms-59962.output
tar: removing leading '/' from member names
Debug: Checking Namespace=default, Pod=ms-60061-68bd84bdcd-pnrbb for Target File=deathstar_*.output
Namespace: default, Pod: ms-60061-68bd84bdcd-pnrbb has the target files.
Copying deathstar_ms-60061.output to deathstar_ms-60061.output
tar: removing leading '/' from member names
Debug: Checking Namespace=default, Pod=ms-6323-974659fcd-qmbnd for Target File=deathstar_*.output
Namespace: default, Pod: ms-6323-974659fcd-qmbnd has the target files.
Copying deathstar_ms-6323.output to deathstar_ms-6323.output
tar: removing leading '/' from member names
Debug: Checking Namespace=default, Pod=ms-65741-65f588bcdf-rscb6 for Target File=deathstar_*.output
Namespace: default, Pod: ms-65741-65f588bcdf-rscb6 has the target files.
Copying deathstar_ms-65741.output to deathstar_ms-65741.output
tar: removing leading '/' from member names
Debug: Checking Namespace=default, Pod=ms-66473-79c66f8bff-c85kb for Target File=deathstar_*.output
Namespace: default, Pod: ms-66473-79c66f8bff-c85kb has the target files.
Copying deathstar_ms-66473.output to deathstar_ms-66473.output
tar: removing leading '/' from member names
Debug: Checking Namespace=default, Pod=ms-69188-65c548d4cb-plzl8 for Target File=deathstar_*.output
Namespace: default, Pod: ms-69188-65c548d4cb-plzl8 has the target files.
Copying deathstar_ms-69188.output to deathstar_ms-69188.output
tar: removing leading '/' from member names
Debug: Checking Namespace=default, Pod=ms-69614-794bd8475-ltp5x for Target File=deathstar_*.output
Namespace: default, Pod: ms-69614-794bd8475-ltp5x has the target files.
Copying deathstar_ms-69614.output to deathstar_ms-69614.output
tar: removing leading '/' from member names
Debug: Checking Namespace=default, Pod=ms-9081-567985788-hpwzg for Target File=deathstar_*.output
Namespace: default, Pod: ms-9081-567985788-hpwzg has the target files.
Copying deathstar_ms-9081.output to deathstar_ms-9081.output
tar: removing leading '/' from member names
Debug: Checking Namespace=default, Pod=nginx-web-server-56557f7cb7-ddm92 for Target File=deathstar_*.output
Namespace: default, Pod: nginx-web-server-56557f7cb7-ddm92 has the target files.
Copying deathstar_nginx-web-server.output to deathstar_nginx-web-server.output
tar: removing leading '/' from member names
Debug: Checking Namespace=default, Pod=unknown-6ddf9bd4b5-thjcc for Target File=deathstar_*.output
Namespace: default, Pod: unknown-6ddf9bd4b5-thjcc has the target files.
Copying deathstar_unknown.output to deathstar_unknown.output
tar: removing leading '/' from member names
