Deployments: ms-25648
ms-27283
ms-27421
ms-2827
ms-34756
ms-36144
ms-37691
ms-41385
ms-41914
ms-46825
ms-54016
ms-55339
ms-58269
ms-58845
ms-68328
ms-70297
nginx-web-server
unknown
deployment "ms-25648" successfully rolled out
deployment "ms-27283" successfully rolled out
deployment "ms-27421" successfully rolled out
deployment "ms-2827" successfully rolled out
deployment "ms-34756" successfully rolled out
deployment "ms-36144" successfully rolled out
deployment "ms-37691" successfully rolled out
deployment "ms-41385" successfully rolled out
deployment "ms-41914" successfully rolled out
deployment "ms-46825" successfully rolled out
deployment "ms-54016" successfully rolled out
deployment "ms-55339" successfully rolled out
deployment "ms-58269" successfully rolled out
deployment "ms-58845" successfully rolled out
deployment "ms-68328" successfully rolled out
deployment "ms-70297" successfully rolled out
deployment "nginx-web-server" successfully rolled out
deployment "unknown" successfully rolled out
ENTRY_POINT: nginx-web-server
SERVICE_A_URL: 10.111.206.241:50051
Capacity: 10000
Metadata: request-id={{.RequestNumber}}
Metadata: timestamp={{.TimestampUnix}}
Metadata: method=S_161142529
Charon Configurations:
[{INTERCEPT charon} {PRICE_UPDATE_RATE 10855us} {TOKEN_UPDATE_RATE 18735us} {LATENCY_THRESHOLD 10755us} {PRICE_STEP 24} {PRICE_STRATEGY proportional} {LAZY_UPDATE true} {RATE_LIMITING true} {LOAD_SHEDDING true} {CHARON_TRACK_PRICE false} {BREAKWATER_SLO 12500us} {BREAKWATER_A 0.001} {BREAKWATER_B 0.02} {BREAKWATER_CLIENT_EXPIRATION 10ms} {BREAKWATER_INITIAL_CREDIT 400} {BREAKWATER_LOAD_SHEDDING true} {BREAKWATER_RTT 1000us} {BREAKWATERD_SLO 12500us} {BREAKWATERD_A 0.001} {BREAKWATERD_B 0.02} {BREAKWATERD_CLIENT_EXPIRATION 10ms} {BREAKWATERD_INITIAL_CREDIT 400} {BREAKWATERD_LOAD_SHEDDING true} {BREAKWATERD_RTT 1000us} {DAGOR_QUEUING_THRESHOLD 2ms} {DAGOR_ALPHA 0.05} {DAGOR_BETA 0.01} {DAGOR_ADMISSION_LEVEL_UPDATE_INTERVAL 10ms} {DAGOR_UMAX 20}]

Summary:
  Count:	89580
  Total:	14.83 s
  Slowest:	918.70 ms
  Fastest:	64.82 ms
  Average:	140.37 ms
  Requests/sec:	6040.72

Response time histogram:
  64.823  [1]     |
  150.211 [59010] |∎∎∎∎∎∎∎∎∎∎∎∎∎∎∎∎∎∎∎∎∎∎∎∎∎∎∎∎∎∎∎∎∎∎∎∎∎∎∎∎
  235.599 [17094] |∎∎∎∎∎∎∎∎∎∎∎∎
  320.987 [1909]  |∎
  406.376 [2475]  |∎∎
  491.764 [3095]  |∎∎
  577.152 [918]   |∎
  662.540 [43]    |
  747.928 [5]     |
  833.317 [29]    |
  918.705 [57]    |

Latency distribution:
  10 % in 68.74 ms 
  25 % in 85.47 ms 
  50 % in 118.27 ms 
  75 % in 160.52 ms 
  90 % in 237.15 ms 
  95 % in 404.28 ms 
  99 % in 500.85 ms 

Status code distribution:
  [OK]                  84636 responses   
  [ResourceExhausted]   4627 responses    
  [Canceled]            317 responses     

Error distribution:
  [395]    rpc error: code = ResourceExhausted desc = S_161142529 req dropped by ms-27283. Try again later.           
  [362]    rpc error: code = ResourceExhausted desc = S_161142529 req dropped by unknown. Try again later.            
  [231]    rpc error: code = ResourceExhausted desc = S_161142529 req dropped by ms-41385. Try again later.           
  [2957]   rpc error: code = ResourceExhausted desc = S_161142529 req dropped by nginx-web-server. Try again later.   
  [1]      rpc error: code = ResourceExhausted desc = S_161142529 req dropped by ms-70297. Try again later.           
  [681]    rpc error: code = ResourceExhausted desc = S_161142529 req dropped by ms-36144. Try again later.           
  [317]    rpc error: code = Canceled desc = grpc: the client connection is closing                                   

Debug: Checking Namespace=default, Pod=ms-25648-86cc47d8bd-ktbf2 for Target File=deathstar_*.output
Namespace: default, Pod: ms-25648-86cc47d8bd-ktbf2 has the target files.
Copying deathstar_ms-25648.output to deathstar_ms-25648.output
tar: removing leading '/' from member names
Debug: Checking Namespace=default, Pod=ms-27283-7cb76dd56d-jbz58 for Target File=deathstar_*.output
Namespace: default, Pod: ms-27283-7cb76dd56d-jbz58 has the target files.
Copying deathstar_ms-27283.output to deathstar_ms-27283.output
tar: removing leading '/' from member names
Debug: Checking Namespace=default, Pod=ms-27421-64f549855c-7gs6s for Target File=deathstar_*.output
Namespace: default, Pod: ms-27421-64f549855c-7gs6s has the target files.
Copying deathstar_ms-27421.output to deathstar_ms-27421.output
tar: removing leading '/' from member names
Debug: Checking Namespace=default, Pod=ms-2827-565cbcd7b-88nkx for Target File=deathstar_*.output
Namespace: default, Pod: ms-2827-565cbcd7b-88nkx has the target files.
Copying deathstar_ms-2827.output to deathstar_ms-2827.output
tar: removing leading '/' from member names
Debug: Checking Namespace=default, Pod=ms-34756-7c45d5bcc-jp7bd for Target File=deathstar_*.output
Namespace: default, Pod: ms-34756-7c45d5bcc-jp7bd has the target files.
Copying deathstar_ms-34756.output to deathstar_ms-34756.output
tar: removing leading '/' from member names
Debug: Checking Namespace=default, Pod=ms-36144-7bf7cbfff6-9dlns for Target File=deathstar_*.output
Namespace: default, Pod: ms-36144-7bf7cbfff6-9dlns has the target files.
Copying deathstar_ms-36144.output to deathstar_ms-36144.output
tar: removing leading '/' from member names
Debug: Checking Namespace=default, Pod=ms-37691-6f7cbf7c5-lb45v for Target File=deathstar_*.output
Namespace: default, Pod: ms-37691-6f7cbf7c5-lb45v has the target files.
Copying deathstar_ms-37691.output to deathstar_ms-37691.output
tar: removing leading '/' from member names
Debug: Checking Namespace=default, Pod=ms-41385-6bc4f5d4fc-6xczx for Target File=deathstar_*.output
Namespace: default, Pod: ms-41385-6bc4f5d4fc-6xczx has the target files.
Copying deathstar_ms-41385.output to deathstar_ms-41385.output
tar: removing leading '/' from member names
Debug: Checking Namespace=default, Pod=ms-41914-5555dd8d48-tdz7z for Target File=deathstar_*.output
Namespace: default, Pod: ms-41914-5555dd8d48-tdz7z has the target files.
Copying deathstar_ms-41914.output to deathstar_ms-41914.output
tar: removing leading '/' from member names
Debug: Checking Namespace=default, Pod=ms-46825-58c684559d-6wtkg for Target File=deathstar_*.output
Namespace: default, Pod: ms-46825-58c684559d-6wtkg has the target files.
Copying deathstar_ms-46825.output to deathstar_ms-46825.output
tar: removing leading '/' from member names
Debug: Checking Namespace=default, Pod=ms-54016-5665fbcb8d-qsq4g for Target File=deathstar_*.output
Namespace: default, Pod: ms-54016-5665fbcb8d-qsq4g has the target files.
Copying deathstar_ms-54016.output to deathstar_ms-54016.output
tar: removing leading '/' from member names
Debug: Checking Namespace=default, Pod=ms-55339-5b545b67bb-zjkmp for Target File=deathstar_*.output
Namespace: default, Pod: ms-55339-5b545b67bb-zjkmp has the target files.
Copying deathstar_ms-55339.output to deathstar_ms-55339.output
tar: removing leading '/' from member names
Debug: Checking Namespace=default, Pod=ms-58269-8c4794c6c-rd29v for Target File=deathstar_*.output
Namespace: default, Pod: ms-58269-8c4794c6c-rd29v has the target files.
Copying deathstar_ms-58269.output to deathstar_ms-58269.output
tar: removing leading '/' from member names
Debug: Checking Namespace=default, Pod=ms-58845-5bc6f9d8df-d27jf for Target File=deathstar_*.output
Namespace: default, Pod: ms-58845-5bc6f9d8df-d27jf has the target files.
Copying deathstar_ms-58845.output to deathstar_ms-58845.output
tar: removing leading '/' from member names
Debug: Checking Namespace=default, Pod=ms-68328-5866fd45b7-vnd9k for Target File=deathstar_*.output
Namespace: default, Pod: ms-68328-5866fd45b7-vnd9k has the target files.
Copying deathstar_ms-68328.output to deathstar_ms-68328.output
tar: removing leading '/' from member names
Debug: Checking Namespace=default, Pod=ms-70297-868876bcdb-fjbqq for Target File=deathstar_*.output
Namespace: default, Pod: ms-70297-868876bcdb-fjbqq has the target files.
Copying deathstar_ms-70297.output to deathstar_ms-70297.output
tar: removing leading '/' from member names
Debug: Checking Namespace=default, Pod=nginx-web-server-56557f7cb7-xg6s8 for Target File=deathstar_*.output
Namespace: default, Pod: nginx-web-server-56557f7cb7-xg6s8 has the target files.
Copying deathstar_nginx-web-server.output to deathstar_nginx-web-server.output
tar: removing leading '/' from member names
Debug: Checking Namespace=default, Pod=unknown-57ddd65965-9njrj for Target File=deathstar_*.output
Namespace: default, Pod: unknown-57ddd65965-9njrj has the target files.
Copying deathstar_unknown.output to deathstar_unknown.output
tar: removing leading '/' from member names
