Deployments: ms-11070
ms-11285
ms-11512
ms-1278
ms-13873
ms-19953
ms-21883
ms-25124
ms-27421
ms-2827
ms-33719
ms-37691
ms-43309
ms-4354
ms-46825
ms-60236
ms-71771
ms-8052
ms-902
nginx-web-server
deployment "ms-11070" successfully rolled out
deployment "ms-11285" successfully rolled out
deployment "ms-11512" successfully rolled out
deployment "ms-1278" successfully rolled out
deployment "ms-13873" successfully rolled out
deployment "ms-19953" successfully rolled out
deployment "ms-21883" successfully rolled out
deployment "ms-25124" successfully rolled out
deployment "ms-27421" successfully rolled out
deployment "ms-2827" successfully rolled out
deployment "ms-33719" successfully rolled out
deployment "ms-37691" successfully rolled out
deployment "ms-43309" successfully rolled out
deployment "ms-4354" successfully rolled out
deployment "ms-46825" successfully rolled out
deployment "ms-60236" successfully rolled out
deployment "ms-71771" successfully rolled out
deployment "ms-8052" successfully rolled out
deployment "ms-902" successfully rolled out
deployment "nginx-web-server" successfully rolled out
ENTRY_POINT: nginx-web-server
SERVICE_A_URL: 10.111.12.200:50051
Capacity: 10000
Metadata: request-id={{.RequestNumber}}
Metadata: timestamp={{.TimestampUnix}}
Metadata: method=S_102000854
Charon Configurations:
[{INTERCEPT breakwaterd} {PRICE_UPDATE_RATE 10ms} {TOKEN_UPDATE_RATE 10ms} {LATENCY_THRESHOLD 100us} {PRICE_STEP 0} {PRICE_STRATEGY step} {LAZY_UPDATE false} {RATE_LIMITING true} {LOAD_SHEDDING true} {CHARON_TRACK_PRICE false} {BREAKWATER_SLO 27620us} {BREAKWATER_A 25.207288874023742} {BREAKWATER_B 4.801880451158127} {BREAKWATER_CLIENT_EXPIRATION 4665us} {BREAKWATER_INITIAL_CREDIT 379} {BREAKWATER_LOAD_SHEDDING true} {BREAKWATER_RTT 12881us} {BREAKWATERD_SLO 58031us} {BREAKWATERD_A 8.065554750541684} {BREAKWATERD_B 1.0586457982971709} {BREAKWATERD_CLIENT_EXPIRATION 55235us} {BREAKWATERD_INITIAL_CREDIT 3726} {BREAKWATERD_LOAD_SHEDDING true} {BREAKWATERD_RTT 7468us} {DAGOR_QUEUING_THRESHOLD 2ms} {DAGOR_ALPHA 0.05} {DAGOR_BETA 0.01} {DAGOR_ADMISSION_LEVEL_UPDATE_INTERVAL 10ms} {DAGOR_UMAX 20}]

Summary:
  Count:	106495
  Total:	24.95 s
  Slowest:	1.00 s
  Fastest:	39.21 ms
  Average:	237.51 ms
  Requests/sec:	4268.14

Response time histogram:
  39.211   [1]     |
  135.433  [17454] |∎∎∎∎∎∎∎∎∎∎∎∎∎∎∎∎∎∎∎∎∎∎∎∎∎∎
  231.654  [10951] |∎∎∎∎∎∎∎∎∎∎∎∎∎∎∎∎
  327.876  [26736] |∎∎∎∎∎∎∎∎∎∎∎∎∎∎∎∎∎∎∎∎∎∎∎∎∎∎∎∎∎∎∎∎∎∎∎∎∎∎∎∎
  424.097  [16319] |∎∎∎∎∎∎∎∎∎∎∎∎∎∎∎∎∎∎∎∎∎∎∎∎
  520.319  [7455]  |∎∎∎∎∎∎∎∎∎∎∎
  616.541  [3632]  |∎∎∎∎∎
  712.762  [633]   |∎
  808.984  [391]   |∎
  905.206  [153]   |
  1001.427 [37]    |

Latency distribution:
  10 % in 43.39 ms 
  25 % in 183.64 ms 
  50 % in 279.72 ms 
  75 % in 361.76 ms 
  90 % in 470.78 ms 
  95 % in 531.95 ms 
  99 % in 661.85 ms 

Status code distribution:
  [OK]                  83762 responses   
  [ResourceExhausted]   22456 responses   
  [DeadlineExceeded]    3 responses       
  [Canceled]            274 responses     

Error distribution:
  [2569]   rpc error: code = ResourceExhausted desc = Client id 964884e5-d871-465d-ac05-c9c60290d73b request expired in queue.   
  [3]      rpc error: code = DeadlineExceeded desc = context deadline exceeded                                                   
  [150]    rpc error: code = ResourceExhausted desc = Client id e258f0f6-2a65-4930-8f78-c9d496755b86 request expired in queue.   
  [9745]   rpc error: code = ResourceExhausted desc = Client id f46855a7-e751-4ede-8e9a-c39739bfd07b request expired in queue.   
  [7379]   rpc error: code = ResourceExhausted desc = Client id 5a8980e7-65a4-4658-85d5-88575f70b476 request expired in queue.   
  [52]     rpc error: code = ResourceExhausted desc = Client id 26af9b05-8610-4da5-be40-3c2d81e0103c request expired in queue.   
  [1445]   rpc error: code = ResourceExhausted desc = Server-side queuing delay is beyond AQM threshold                          
  [971]    rpc error: code = ResourceExhausted desc = Client id cbc23459-583d-473c-b982-6cccc26feed0 request expired in queue.   
  [145]    rpc error: code = ResourceExhausted desc = Client id dc55bea5-f8ad-4f5f-9d5b-5d19318658d7 request expired in queue.   
  [274]    rpc error: code = Canceled desc = grpc: the client connection is closing                                              

Debug: Checking Namespace=default, Pod=ms-11070-7868c54f44-prpp6 for Target File=deathstar_*.output
Namespace: default, Pod: ms-11070-7868c54f44-prpp6 has the target files.
Copying deathstar_ms-11070.output to deathstar_ms-11070.output
tar: removing leading '/' from member names
Debug: Checking Namespace=default, Pod=ms-11285-67d597dc77-2txxp for Target File=deathstar_*.output
Namespace: default, Pod: ms-11285-67d597dc77-2txxp has the target files.
Copying deathstar_ms-11285.output to deathstar_ms-11285.output
tar: removing leading '/' from member names
Debug: Checking Namespace=default, Pod=ms-11512-75f8ddc45b-wq9qh for Target File=deathstar_*.output
Namespace: default, Pod: ms-11512-75f8ddc45b-wq9qh has the target files.
Copying deathstar_ms-11512.output to deathstar_ms-11512.output
tar: removing leading '/' from member names
Debug: Checking Namespace=default, Pod=ms-1278-85766ff6b8-frnhm for Target File=deathstar_*.output
Namespace: default, Pod: ms-1278-85766ff6b8-frnhm has the target files.
Copying deathstar_ms-1278.output to deathstar_ms-1278.output
tar: removing leading '/' from member names
Debug: Checking Namespace=default, Pod=ms-13873-85d7bb7b97-7bj6r for Target File=deathstar_*.output
Namespace: default, Pod: ms-13873-85d7bb7b97-7bj6r has the target files.
Copying deathstar_ms-13873.output to deathstar_ms-13873.output
tar: removing leading '/' from member names
Debug: Checking Namespace=default, Pod=ms-19953-68cc8998c5-4nq2x for Target File=deathstar_*.output
Namespace: default, Pod: ms-19953-68cc8998c5-4nq2x has the target files.
Copying deathstar_ms-19953.output to deathstar_ms-19953.output
tar: removing leading '/' from member names
Debug: Checking Namespace=default, Pod=ms-21883-f6c88c6d4-vwjnj for Target File=deathstar_*.output
Namespace: default, Pod: ms-21883-f6c88c6d4-vwjnj has the target files.
Copying deathstar_ms-21883.output to deathstar_ms-21883.output
tar: removing leading '/' from member names
Debug: Checking Namespace=default, Pod=ms-25124-77bd4446f5-27kw5 for Target File=deathstar_*.output
Namespace: default, Pod: ms-25124-77bd4446f5-27kw5 has the target files.
Copying deathstar_ms-25124.output to deathstar_ms-25124.output
tar: removing leading '/' from member names
Debug: Checking Namespace=default, Pod=ms-27421-8565974486-bshsp for Target File=deathstar_*.output
Namespace: default, Pod: ms-27421-8565974486-bshsp has the target files.
Copying deathstar_ms-27421.output to deathstar_ms-27421.output
tar: removing leading '/' from member names
Debug: Checking Namespace=default, Pod=ms-2827-5dcc6df4f4-gn8pg for Target File=deathstar_*.output
Namespace: default, Pod: ms-2827-5dcc6df4f4-gn8pg has the target files.
Copying deathstar_ms-2827.output to deathstar_ms-2827.output
tar: removing leading '/' from member names
Debug: Checking Namespace=default, Pod=ms-33719-6c455cf54c-sk77p for Target File=deathstar_*.output
Namespace: default, Pod: ms-33719-6c455cf54c-sk77p has the target files.
Copying deathstar_ms-33719.output to deathstar_ms-33719.output
tar: removing leading '/' from member names
Debug: Checking Namespace=default, Pod=ms-37691-b9bc44798-57wqb for Target File=deathstar_*.output
Namespace: default, Pod: ms-37691-b9bc44798-57wqb has the target files.
Copying deathstar_ms-37691.output to deathstar_ms-37691.output
tar: removing leading '/' from member names
Debug: Checking Namespace=default, Pod=ms-43309-54f758d465-njdnw for Target File=deathstar_*.output
Namespace: default, Pod: ms-43309-54f758d465-njdnw has the target files.
Copying deathstar_ms-43309.output to deathstar_ms-43309.output
tar: removing leading '/' from member names
Debug: Checking Namespace=default, Pod=ms-4354-669cfcbdf6-lcvzr for Target File=deathstar_*.output
Namespace: default, Pod: ms-4354-669cfcbdf6-lcvzr has the target files.
Copying deathstar_ms-4354.output to deathstar_ms-4354.output
tar: removing leading '/' from member names
Debug: Checking Namespace=default, Pod=ms-46825-58c684559d-rxgsx for Target File=deathstar_*.output
Namespace: default, Pod: ms-46825-58c684559d-rxgsx has the target files.
Copying deathstar_ms-46825.output to deathstar_ms-46825.output
tar: removing leading '/' from member names
Debug: Checking Namespace=default, Pod=ms-60236-64866cf49-qk7vc for Target File=deathstar_*.output
Namespace: default, Pod: ms-60236-64866cf49-qk7vc has the target files.
Copying deathstar_ms-60236.output to deathstar_ms-60236.output
tar: removing leading '/' from member names
Debug: Checking Namespace=default, Pod=ms-71771-567ddbdd95-f5b66 for Target File=deathstar_*.output
Namespace: default, Pod: ms-71771-567ddbdd95-f5b66 has the target files.
Copying deathstar_ms-71771.output to deathstar_ms-71771.output
tar: removing leading '/' from member names
Debug: Checking Namespace=default, Pod=ms-8052-b995968dc-8xltj for Target File=deathstar_*.output
Namespace: default, Pod: ms-8052-b995968dc-8xltj has the target files.
Copying deathstar_ms-8052.output to deathstar_ms-8052.output
tar: removing leading '/' from member names
Debug: Checking Namespace=default, Pod=ms-902-5744544f85-h4hvd for Target File=deathstar_*.output
Namespace: default, Pod: ms-902-5744544f85-h4hvd has the target files.
Copying deathstar_ms-902.output to deathstar_ms-902.output
tar: removing leading '/' from member names
Debug: Checking Namespace=default, Pod=nginx-web-server-56557f7cb7-k724c for Target File=deathstar_*.output
Namespace: default, Pod: nginx-web-server-56557f7cb7-k724c has the target files.
Copying deathstar_nginx-web-server.output to deathstar_nginx-web-server.output
tar: removing leading '/' from member names
