Deployments: ms-10090
ms-13558
ms-18330
ms-19585
ms-20172
ms-22893
ms-24009
ms-24959
ms-26622
ms-27421
ms-29373
ms-32301
ms-3289
ms-37691
ms-38964
ms-40147
ms-48118
ms-4829
ms-51685
ms-52379
ms-55394
ms-58436
ms-58772
ms-59962
ms-60061
ms-6323
ms-65741
ms-66473
ms-69188
ms-69614
ms-9081
nginx-web-server
unknown
deployment "ms-10090" successfully rolled out
deployment "ms-13558" successfully rolled out
deployment "ms-18330" successfully rolled out
deployment "ms-19585" successfully rolled out
deployment "ms-20172" successfully rolled out
deployment "ms-22893" successfully rolled out
deployment "ms-24009" successfully rolled out
deployment "ms-24959" successfully rolled out
deployment "ms-26622" successfully rolled out
deployment "ms-27421" successfully rolled out
deployment "ms-29373" successfully rolled out
deployment "ms-32301" successfully rolled out
deployment "ms-3289" successfully rolled out
deployment "ms-37691" successfully rolled out
deployment "ms-38964" successfully rolled out
deployment "ms-40147" successfully rolled out
deployment "ms-48118" successfully rolled out
deployment "ms-4829" successfully rolled out
deployment "ms-51685" successfully rolled out
deployment "ms-52379" successfully rolled out
deployment "ms-55394" successfully rolled out
deployment "ms-58436" successfully rolled out
deployment "ms-58772" successfully rolled out
deployment "ms-59962" successfully rolled out
deployment "ms-60061" successfully rolled out
deployment "ms-6323" successfully rolled out
deployment "ms-65741" successfully rolled out
deployment "ms-66473" successfully rolled out
deployment "ms-69188" successfully rolled out
deployment "ms-69614" successfully rolled out
deployment "ms-9081" successfully rolled out
deployment "nginx-web-server" successfully rolled out
deployment "unknown" successfully rolled out
ENTRY_POINT: nginx-web-server
SERVICE_A_URL: 10.105.169.25:50051
Capacity: 2000
Metadata: method=S_149998854
Metadata: request-id={{.RequestNumber}}
Metadata: timestamp={{.TimestampUnix}}
Charon Configurations:
[{INTERCEPT breakwaterd} {PRICE_UPDATE_RATE 10ms} {TOKEN_UPDATE_RATE 10ms} {LATENCY_THRESHOLD 100us} {PRICE_STEP 0} {PRICE_STRATEGY step} {LAZY_UPDATE false} {RATE_LIMITING true} {LOAD_SHEDDING true} {CHARON_TRACK_PRICE false} {BREAKWATER_SLO 34033us} {BREAKWATER_A 0.0} {BREAKWATER_B 6.3132361281563485} {BREAKWATER_CLIENT_EXPIRATION 1us} {BREAKWATER_INITIAL_CREDIT 393} {BREAKWATER_LOAD_SHEDDING true} {BREAKWATER_RTT 6077us} {BREAKWATERD_SLO 53486us} {BREAKWATERD_A 2.6582686175651347} {BREAKWATERD_B 4.00666538560816} {BREAKWATERD_CLIENT_EXPIRATION 85547us} {BREAKWATERD_INITIAL_CREDIT 2717} {BREAKWATERD_LOAD_SHEDDING true} {BREAKWATERD_RTT 6312us} {DAGOR_QUEUING_THRESHOLD 2ms} {DAGOR_ALPHA 0.05} {DAGOR_BETA 0.01} {DAGOR_ADMISSION_LEVEL_UPDATE_INTERVAL 10ms} {DAGOR_UMAX 20}]

Summary:
  Count:	21018
  Total:	25.00 s
  Slowest:	885.99 ms
  Fastest:	111.29 ms
  Average:	114.92 ms
  Requests/sec:	840.74

Response time histogram:
  111.291 [1]     |
  188.761 [20531] |∎∎∎∎∎∎∎∎∎∎∎∎∎∎∎∎∎∎∎∎∎∎∎∎∎∎∎∎∎∎∎∎∎∎∎∎∎∎∎∎
  266.231 [0]     |
  343.701 [2]     |
  421.171 [3]     |
  498.641 [0]     |
  576.111 [0]     |
  653.581 [0]     |
  731.052 [8]     |
  808.522 [23]    |
  885.992 [28]    |

Latency distribution:
  10 % in 112.51 ms 
  25 % in 113.13 ms 
  50 % in 114.14 ms 
  75 % in 115.84 ms 
  90 % in 118.39 ms 
  95 % in 120.49 ms 
  99 % in 130.60 ms 

Status code distribution:
  [Canceled]            44 responses      
  [ResourceExhausted]   378 responses     
  [OK]                  20596 responses   

Error distribution:
  [378]   rpc error: code = ResourceExhausted desc = Client id 596d341b-1a18-48d0-b49e-f5c478fedf3e request expired in queue.   
  [44]    rpc error: code = Canceled desc = grpc: the client connection is closing                                              

Debug: Checking Namespace=default, Pod=ms-10090-6454f977fd-wt6t5 for Target File=deathstar_*.output
Namespace: default, Pod: ms-10090-6454f977fd-wt6t5 has the target files.
Copying deathstar_ms-10090.output to deathstar_ms-10090.output
tar: removing leading '/' from member names
Debug: Checking Namespace=default, Pod=ms-13558-b48bb5d9d-278cd for Target File=deathstar_*.output
Namespace: default, Pod: ms-13558-b48bb5d9d-278cd has the target files.
Copying deathstar_ms-13558.output to deathstar_ms-13558.output
tar: removing leading '/' from member names
Debug: Checking Namespace=default, Pod=ms-18330-759d9cf49c-n9ffn for Target File=deathstar_*.output
Namespace: default, Pod: ms-18330-759d9cf49c-n9ffn has the target files.
Copying deathstar_ms-18330.output to deathstar_ms-18330.output
tar: removing leading '/' from member names
Debug: Checking Namespace=default, Pod=ms-19585-6f995cfcbf-wkl8d for Target File=deathstar_*.output
Namespace: default, Pod: ms-19585-6f995cfcbf-wkl8d has the target files.
Copying deathstar_ms-19585.output to deathstar_ms-19585.output
tar: removing leading '/' from member names
Debug: Checking Namespace=default, Pod=ms-20172-59d5485464-4lrdb for Target File=deathstar_*.output
Namespace: default, Pod: ms-20172-59d5485464-4lrdb has the target files.
Copying deathstar_ms-20172.output to deathstar_ms-20172.output
tar: removing leading '/' from member names
Debug: Checking Namespace=default, Pod=ms-22893-576fd5f9f6-lflgw for Target File=deathstar_*.output
Namespace: default, Pod: ms-22893-576fd5f9f6-lflgw has the target files.
Copying deathstar_ms-22893.output to deathstar_ms-22893.output
tar: removing leading '/' from member names
Debug: Checking Namespace=default, Pod=ms-24009-67dbf5b976-qmhz9 for Target File=deathstar_*.output
Namespace: default, Pod: ms-24009-67dbf5b976-qmhz9 has the target files.
Copying deathstar_ms-24009.output to deathstar_ms-24009.output
tar: removing leading '/' from member names
Debug: Checking Namespace=default, Pod=ms-24959-99f8bbf9-s4bj2 for Target File=deathstar_*.output
Namespace: default, Pod: ms-24959-99f8bbf9-s4bj2 has the target files.
Copying deathstar_ms-24959.output to deathstar_ms-24959.output
tar: removing leading '/' from member names
Debug: Checking Namespace=default, Pod=ms-26622-66fdf7d64f-krr2r for Target File=deathstar_*.output
Namespace: default, Pod: ms-26622-66fdf7d64f-krr2r has the target files.
Copying deathstar_ms-26622.output to deathstar_ms-26622.output
tar: removing leading '/' from member names
Debug: Checking Namespace=default, Pod=ms-27421-64f549855c-ndgns for Target File=deathstar_*.output
Namespace: default, Pod: ms-27421-64f549855c-ndgns has the target files.
Copying deathstar_ms-27421.output to deathstar_ms-27421.output
tar: removing leading '/' from member names
Debug: Checking Namespace=default, Pod=ms-29373-8467f7db44-98fbd for Target File=deathstar_*.output
Namespace: default, Pod: ms-29373-8467f7db44-98fbd has the target files.
Copying deathstar_ms-29373.output to deathstar_ms-29373.output
tar: removing leading '/' from member names
Debug: Checking Namespace=default, Pod=ms-32301-c5654bbc5-55srr for Target File=deathstar_*.output
Namespace: default, Pod: ms-32301-c5654bbc5-55srr has the target files.
Copying deathstar_ms-32301.output to deathstar_ms-32301.output
tar: removing leading '/' from member names
Debug: Checking Namespace=default, Pod=ms-3289-587dbd96bf-lfsl7 for Target File=deathstar_*.output
Namespace: default, Pod: ms-3289-587dbd96bf-lfsl7 has the target files.
Copying deathstar_ms-3289.output to deathstar_ms-3289.output
tar: removing leading '/' from member names
Debug: Checking Namespace=default, Pod=ms-37691-6dc6cd6744-kqbwd for Target File=deathstar_*.output
Namespace: default, Pod: ms-37691-6dc6cd6744-kqbwd has the target files.
Copying deathstar_ms-37691.output to deathstar_ms-37691.output
tar: removing leading '/' from member names
Debug: Checking Namespace=default, Pod=ms-38964-5b647cdbd-qchtd for Target File=deathstar_*.output
Namespace: default, Pod: ms-38964-5b647cdbd-qchtd has the target files.
Copying deathstar_ms-38964.output to deathstar_ms-38964.output
tar: removing leading '/' from member names
Debug: Checking Namespace=default, Pod=ms-40147-cd867585-twj7b for Target File=deathstar_*.output
Namespace: default, Pod: ms-40147-cd867585-twj7b has the target files.
Copying deathstar_ms-40147.output to deathstar_ms-40147.output
tar: removing leading '/' from member names
Debug: Checking Namespace=default, Pod=ms-48118-ff7b99cc9-bmkl8 for Target File=deathstar_*.output
Namespace: default, Pod: ms-48118-ff7b99cc9-bmkl8 has the target files.
Copying deathstar_ms-48118.output to deathstar_ms-48118.output
tar: removing leading '/' from member names
Debug: Checking Namespace=default, Pod=ms-4829-669557b66c-6ps7x for Target File=deathstar_*.output
Namespace: default, Pod: ms-4829-669557b66c-6ps7x has the target files.
Copying deathstar_ms-4829.output to deathstar_ms-4829.output
tar: removing leading '/' from member names
Debug: Checking Namespace=default, Pod=ms-51685-79858c784f-54d66 for Target File=deathstar_*.output
Namespace: default, Pod: ms-51685-79858c784f-54d66 has the target files.
Copying deathstar_ms-51685.output to deathstar_ms-51685.output
tar: removing leading '/' from member names
Debug: Checking Namespace=default, Pod=ms-52379-57c6cdd54b-2lhvq for Target File=deathstar_*.output
Namespace: default, Pod: ms-52379-57c6cdd54b-2lhvq has the target files.
Copying deathstar_ms-52379.output to deathstar_ms-52379.output
tar: removing leading '/' from member names
Debug: Checking Namespace=default, Pod=ms-55394-6f999f5df9-vspgv for Target File=deathstar_*.output
Namespace: default, Pod: ms-55394-6f999f5df9-vspgv has the target files.
Copying deathstar_ms-55394.output to deathstar_ms-55394.output
tar: removing leading '/' from member names
Debug: Checking Namespace=default, Pod=ms-58436-59dd96f659-dtzzf for Target File=deathstar_*.output
Namespace: default, Pod: ms-58436-59dd96f659-dtzzf has the target files.
Copying deathstar_ms-58436.output to deathstar_ms-58436.output
tar: removing leading '/' from member names
Debug: Checking Namespace=default, Pod=ms-58772-68ff78c966-gnl77 for Target File=deathstar_*.output
Namespace: default, Pod: ms-58772-68ff78c966-gnl77 has the target files.
Copying deathstar_ms-58772.output to deathstar_ms-58772.output
tar: removing leading '/' from member names
Debug: Checking Namespace=default, Pod=ms-59962-756b895b58-rglnq for Target File=deathstar_*.output
Namespace: default, Pod: ms-59962-756b895b58-rglnq has the target files.
Copying deathstar_ms-59962.output to deathstar_ms-59962.output
tar: removing leading '/' from member names
Debug: Checking Namespace=default, Pod=ms-60061-68bd84bdcd-vvtmb for Target File=deathstar_*.output
Namespace: default, Pod: ms-60061-68bd84bdcd-vvtmb has the target files.
Copying deathstar_ms-60061.output to deathstar_ms-60061.output
tar: removing leading '/' from member names
Debug: Checking Namespace=default, Pod=ms-6323-974659fcd-khj2l for Target File=deathstar_*.output
Namespace: default, Pod: ms-6323-974659fcd-khj2l has the target files.
Copying deathstar_ms-6323.output to deathstar_ms-6323.output
tar: removing leading '/' from member names
Debug: Checking Namespace=default, Pod=ms-65741-65f588bcdf-95fnk for Target File=deathstar_*.output
Namespace: default, Pod: ms-65741-65f588bcdf-95fnk has the target files.
Copying deathstar_ms-65741.output to deathstar_ms-65741.output
tar: removing leading '/' from member names
Debug: Checking Namespace=default, Pod=ms-66473-79c66f8bff-866vw for Target File=deathstar_*.output
Namespace: default, Pod: ms-66473-79c66f8bff-866vw has the target files.
Copying deathstar_ms-66473.output to deathstar_ms-66473.output
tar: removing leading '/' from member names
Debug: Checking Namespace=default, Pod=ms-69188-65c548d4cb-qjp59 for Target File=deathstar_*.output
Namespace: default, Pod: ms-69188-65c548d4cb-qjp59 has the target files.
Copying deathstar_ms-69188.output to deathstar_ms-69188.output
tar: removing leading '/' from member names
Debug: Checking Namespace=default, Pod=ms-69614-794bd8475-6fw8d for Target File=deathstar_*.output
Namespace: default, Pod: ms-69614-794bd8475-6fw8d has the target files.
Copying deathstar_ms-69614.output to deathstar_ms-69614.output
tar: removing leading '/' from member names
Debug: Checking Namespace=default, Pod=ms-9081-567985788-9cv9m for Target File=deathstar_*.output
Namespace: default, Pod: ms-9081-567985788-9cv9m has the target files.
Copying deathstar_ms-9081.output to deathstar_ms-9081.output
tar: removing leading '/' from member names
Debug: Checking Namespace=default, Pod=nginx-web-server-56557f7cb7-wsdtm for Target File=deathstar_*.output
Namespace: default, Pod: nginx-web-server-56557f7cb7-wsdtm has the target files.
Copying deathstar_nginx-web-server.output to deathstar_nginx-web-server.output
tar: removing leading '/' from member names
Debug: Checking Namespace=default, Pod=unknown-6ddf9bd4b5-n27sp for Target File=deathstar_*.output
Namespace: default, Pod: unknown-6ddf9bd4b5-n27sp has the target files.
Copying deathstar_unknown.output to deathstar_unknown.output
tar: removing leading '/' from member names
