Deployments: ms-11070
ms-11285
ms-11512
ms-1278
ms-13873
ms-19953
ms-21883
ms-25124
ms-27421
ms-2827
ms-33719
ms-37691
ms-43309
ms-4354
ms-46825
ms-60236
ms-71771
ms-8052
ms-902
nginx-web-server
deployment "ms-11070" successfully rolled out
deployment "ms-11285" successfully rolled out
deployment "ms-11512" successfully rolled out
deployment "ms-1278" successfully rolled out
deployment "ms-13873" successfully rolled out
deployment "ms-19953" successfully rolled out
deployment "ms-21883" successfully rolled out
deployment "ms-25124" successfully rolled out
deployment "ms-27421" successfully rolled out
deployment "ms-2827" successfully rolled out
deployment "ms-33719" successfully rolled out
deployment "ms-37691" successfully rolled out
deployment "ms-43309" successfully rolled out
deployment "ms-4354" successfully rolled out
deployment "ms-46825" successfully rolled out
deployment "ms-60236" successfully rolled out
deployment "ms-71771" successfully rolled out
deployment "ms-8052" successfully rolled out
deployment "ms-902" successfully rolled out
deployment "nginx-web-server" successfully rolled out
ENTRY_POINT: nginx-web-server
SERVICE_A_URL: 10.102.100.52:50051
Capacity: 10000
Metadata: request-id={{.RequestNumber}}
Metadata: timestamp={{.TimestampUnix}}
Metadata: method=S_102000854
Charon Configurations:
[{INTERCEPT charon} {PRICE_UPDATE_RATE 3546us} {TOKEN_UPDATE_RATE 3047us} {LATENCY_THRESHOLD 9904us} {PRICE_STEP 100} {PRICE_STRATEGY proportional} {LAZY_UPDATE true} {RATE_LIMITING true} {LOAD_SHEDDING true} {CHARON_TRACK_PRICE false} {BREAKWATER_SLO 12500us} {BREAKWATER_A 0.001} {BREAKWATER_B 0.02} {BREAKWATER_CLIENT_EXPIRATION 10ms} {BREAKWATER_INITIAL_CREDIT 400} {BREAKWATER_LOAD_SHEDDING true} {BREAKWATER_RTT 1000us} {BREAKWATERD_SLO 12500us} {BREAKWATERD_A 0.001} {BREAKWATERD_B 0.02} {BREAKWATERD_CLIENT_EXPIRATION 10ms} {BREAKWATERD_INITIAL_CREDIT 400} {BREAKWATERD_LOAD_SHEDDING true} {BREAKWATERD_RTT 1000us} {DAGOR_QUEUING_THRESHOLD 2ms} {DAGOR_ALPHA 0.05} {DAGOR_BETA 0.01} {DAGOR_ADMISSION_LEVEL_UPDATE_INTERVAL 10ms} {DAGOR_UMAX 20}]

Summary:
  Count:	91801
  Total:	14.78 s
  Slowest:	903.58 ms
  Fastest:	38.79 ms
  Average:	105.44 ms
  Requests/sec:	6209.39

Response time histogram:
  38.791  [1]     |
  125.271 [72058] |∎∎∎∎∎∎∎∎∎∎∎∎∎∎∎∎∎∎∎∎∎∎∎∎∎∎∎∎∎∎∎∎∎∎∎∎∎∎∎∎
  211.750 [7939]  |∎∎∎∎
  298.229 [1434]  |∎
  384.708 [2556]  |∎
  471.188 [2994]  |∎∎
  557.667 [615]   |
  644.146 [110]   |
  730.626 [8]     |
  817.105 [64]    |
  903.584 [53]    |

Latency distribution:
  10 % in 41.76 ms 
  25 % in 61.38 ms 
  50 % in 82.81 ms 
  75 % in 109.76 ms 
  90 % in 186.65 ms 
  95 % in 368.92 ms 
  99 % in 469.72 ms 

Status code distribution:
  [OK]                  87832 responses   
  [ResourceExhausted]   3689 responses    
  [Canceled]            280 responses     

Error distribution:
  [159]    rpc error: code = ResourceExhausted desc = S_102000854 req dropped by ms-25124. Try again later.           
  [2834]   rpc error: code = ResourceExhausted desc = S_102000854 req dropped by nginx-web-server. Try again later.   
  [24]     rpc error: code = ResourceExhausted desc = S_102000854 req dropped by ms-71771. Try again later.           
  [496]    rpc error: code = ResourceExhausted desc = S_102000854 req dropped by ms-13873. Try again later.           
  [176]    rpc error: code = ResourceExhausted desc = S_102000854 req dropped by ms-60236. Try again later.           
  [280]    rpc error: code = Canceled desc = grpc: the client connection is closing                                   

Debug: Checking Namespace=default, Pod=ms-11070-7868c54f44-sdl85 for Target File=deathstar_*.output
Namespace: default, Pod: ms-11070-7868c54f44-sdl85 has the target files.
Copying deathstar_ms-11070.output to deathstar_ms-11070.output
tar: removing leading '/' from member names
Debug: Checking Namespace=default, Pod=ms-11285-67d597dc77-2j8j4 for Target File=deathstar_*.output
Namespace: default, Pod: ms-11285-67d597dc77-2j8j4 has the target files.
Copying deathstar_ms-11285.output to deathstar_ms-11285.output
tar: removing leading '/' from member names
Debug: Checking Namespace=default, Pod=ms-11512-75f8ddc45b-n8jkf for Target File=deathstar_*.output
Namespace: default, Pod: ms-11512-75f8ddc45b-n8jkf has the target files.
Copying deathstar_ms-11512.output to deathstar_ms-11512.output
tar: removing leading '/' from member names
Debug: Checking Namespace=default, Pod=ms-1278-85766ff6b8-nqlwl for Target File=deathstar_*.output
Namespace: default, Pod: ms-1278-85766ff6b8-nqlwl has the target files.
Copying deathstar_ms-1278.output to deathstar_ms-1278.output
tar: removing leading '/' from member names
Debug: Checking Namespace=default, Pod=ms-13873-85d7bb7b97-2tzbv for Target File=deathstar_*.output
Namespace: default, Pod: ms-13873-85d7bb7b97-2tzbv has the target files.
Copying deathstar_ms-13873.output to deathstar_ms-13873.output
tar: removing leading '/' from member names
Debug: Checking Namespace=default, Pod=ms-19953-68cc8998c5-kldp4 for Target File=deathstar_*.output
Namespace: default, Pod: ms-19953-68cc8998c5-kldp4 has the target files.
Copying deathstar_ms-19953.output to deathstar_ms-19953.output
tar: removing leading '/' from member names
Debug: Checking Namespace=default, Pod=ms-21883-f6c88c6d4-6hf9g for Target File=deathstar_*.output
Namespace: default, Pod: ms-21883-f6c88c6d4-6hf9g has the target files.
Copying deathstar_ms-21883.output to deathstar_ms-21883.output
tar: removing leading '/' from member names
Debug: Checking Namespace=default, Pod=ms-25124-77bd4446f5-llmj4 for Target File=deathstar_*.output
Namespace: default, Pod: ms-25124-77bd4446f5-llmj4 has the target files.
Copying deathstar_ms-25124.output to deathstar_ms-25124.output
tar: removing leading '/' from member names
Debug: Checking Namespace=default, Pod=ms-27421-8565974486-69n2w for Target File=deathstar_*.output
Namespace: default, Pod: ms-27421-8565974486-69n2w has the target files.
Copying deathstar_ms-27421.output to deathstar_ms-27421.output
tar: removing leading '/' from member names
Debug: Checking Namespace=default, Pod=ms-2827-5dcc6df4f4-fjf9f for Target File=deathstar_*.output
Namespace: default, Pod: ms-2827-5dcc6df4f4-fjf9f has the target files.
Copying deathstar_ms-2827.output to deathstar_ms-2827.output
tar: removing leading '/' from member names
Debug: Checking Namespace=default, Pod=ms-33719-6c455cf54c-ffwfm for Target File=deathstar_*.output
Namespace: default, Pod: ms-33719-6c455cf54c-ffwfm has the target files.
Copying deathstar_ms-33719.output to deathstar_ms-33719.output
tar: removing leading '/' from member names
Debug: Checking Namespace=default, Pod=ms-37691-b9bc44798-hjzsx for Target File=deathstar_*.output
Namespace: default, Pod: ms-37691-b9bc44798-hjzsx has the target files.
Copying deathstar_ms-37691.output to deathstar_ms-37691.output
tar: removing leading '/' from member names
Debug: Checking Namespace=default, Pod=ms-43309-54f758d465-x9fkv for Target File=deathstar_*.output
Namespace: default, Pod: ms-43309-54f758d465-x9fkv has the target files.
Copying deathstar_ms-43309.output to deathstar_ms-43309.output
tar: removing leading '/' from member names
Debug: Checking Namespace=default, Pod=ms-4354-669cfcbdf6-zsk9v for Target File=deathstar_*.output
Namespace: default, Pod: ms-4354-669cfcbdf6-zsk9v has the target files.
Copying deathstar_ms-4354.output to deathstar_ms-4354.output
tar: removing leading '/' from member names
Debug: Checking Namespace=default, Pod=ms-46825-58c684559d-vcxvl for Target File=deathstar_*.output
Namespace: default, Pod: ms-46825-58c684559d-vcxvl has the target files.
Copying deathstar_ms-46825.output to deathstar_ms-46825.output
tar: removing leading '/' from member names
Debug: Checking Namespace=default, Pod=ms-60236-64866cf49-2kgbz for Target File=deathstar_*.output
Namespace: default, Pod: ms-60236-64866cf49-2kgbz has the target files.
Copying deathstar_ms-60236.output to deathstar_ms-60236.output
tar: removing leading '/' from member names
Debug: Checking Namespace=default, Pod=ms-71771-567ddbdd95-5qmjd for Target File=deathstar_*.output
Namespace: default, Pod: ms-71771-567ddbdd95-5qmjd has the target files.
Copying deathstar_ms-71771.output to deathstar_ms-71771.output
tar: removing leading '/' from member names
Debug: Checking Namespace=default, Pod=ms-8052-b995968dc-jxlrc for Target File=deathstar_*.output
Namespace: default, Pod: ms-8052-b995968dc-jxlrc has the target files.
Copying deathstar_ms-8052.output to deathstar_ms-8052.output
tar: removing leading '/' from member names
Debug: Checking Namespace=default, Pod=ms-902-5744544f85-xwhjt for Target File=deathstar_*.output
Namespace: default, Pod: ms-902-5744544f85-xwhjt has the target files.
Copying deathstar_ms-902.output to deathstar_ms-902.output
tar: removing leading '/' from member names
Debug: Checking Namespace=default, Pod=nginx-web-server-56557f7cb7-426jz for Target File=deathstar_*.output
Namespace: default, Pod: nginx-web-server-56557f7cb7-426jz has the target files.
Copying deathstar_nginx-web-server.output to deathstar_nginx-web-server.output
tar: removing leading '/' from member names
