Deployments: ms-10090
ms-13558
ms-18330
ms-19585
ms-20172
ms-22893
ms-24009
ms-24959
ms-26622
ms-27421
ms-29373
ms-32301
ms-3289
ms-37691
ms-38964
ms-40147
ms-48118
ms-4829
ms-51685
ms-52379
ms-55394
ms-58436
ms-58772
ms-59962
ms-60061
ms-6323
ms-65741
ms-66473
ms-69188
ms-69614
ms-9081
nginx-web-server
unknown
deployment "ms-10090" successfully rolled out
deployment "ms-13558" successfully rolled out
deployment "ms-18330" successfully rolled out
deployment "ms-19585" successfully rolled out
deployment "ms-20172" successfully rolled out
deployment "ms-22893" successfully rolled out
deployment "ms-24009" successfully rolled out
deployment "ms-24959" successfully rolled out
deployment "ms-26622" successfully rolled out
deployment "ms-27421" successfully rolled out
deployment "ms-29373" successfully rolled out
deployment "ms-32301" successfully rolled out
deployment "ms-3289" successfully rolled out
deployment "ms-37691" successfully rolled out
deployment "ms-38964" successfully rolled out
deployment "ms-40147" successfully rolled out
deployment "ms-48118" successfully rolled out
deployment "ms-4829" successfully rolled out
deployment "ms-51685" successfully rolled out
deployment "ms-52379" successfully rolled out
deployment "ms-55394" successfully rolled out
deployment "ms-58436" successfully rolled out
deployment "ms-58772" successfully rolled out
deployment "ms-59962" successfully rolled out
deployment "ms-60061" successfully rolled out
deployment "ms-6323" successfully rolled out
deployment "ms-65741" successfully rolled out
deployment "ms-66473" successfully rolled out
deployment "ms-69188" successfully rolled out
deployment "ms-69614" successfully rolled out
deployment "ms-9081" successfully rolled out
deployment "nginx-web-server" successfully rolled out
deployment "unknown" successfully rolled out
ENTRY_POINT: nginx-web-server
SERVICE_A_URL: 10.97.147.68:50051
Capacity: 15000
Metadata: request-id={{.RequestNumber}}
Metadata: timestamp={{.TimestampUnix}}
Metadata: method=S_149998854
Charon Configurations:
[{INTERCEPT charon} {PRICE_UPDATE_RATE 25443us} {TOKEN_UPDATE_RATE 13691us} {LATENCY_THRESHOLD 9014us} {PRICE_STEP 150} {PRICE_STRATEGY proportional} {LAZY_UPDATE true} {RATE_LIMITING true} {LOAD_SHEDDING true} {CHARON_TRACK_PRICE false} {BREAKWATER_SLO 12500us} {BREAKWATER_A 0.001} {BREAKWATER_B 0.02} {BREAKWATER_CLIENT_EXPIRATION 10ms} {BREAKWATER_INITIAL_CREDIT 400} {BREAKWATER_LOAD_SHEDDING true} {BREAKWATER_RTT 1000us} {BREAKWATERD_SLO 12500us} {BREAKWATERD_A 0.001} {BREAKWATERD_B 0.02} {BREAKWATERD_CLIENT_EXPIRATION 10ms} {BREAKWATERD_INITIAL_CREDIT 400} {BREAKWATERD_LOAD_SHEDDING true} {BREAKWATERD_RTT 1000us} {DAGOR_QUEUING_THRESHOLD 2ms} {DAGOR_ALPHA 0.05} {DAGOR_BETA 0.01} {DAGOR_ADMISSION_LEVEL_UPDATE_INTERVAL 10ms} {DAGOR_UMAX 20}]

Summary:
  Count:	48621
  Total:	14.86 s
  Slowest:	831.54 ms
  Fastest:	110.97 ms
  Average:	132.17 ms
  Requests/sec:	3270.87

Response time histogram:
  110.971 [1]     |
  183.028 [36252] |∎∎∎∎∎∎∎∎∎∎∎∎∎∎∎∎∎∎∎∎∎∎∎∎∎∎∎∎∎∎∎∎∎∎∎∎∎∎∎∎
  255.086 [1483]  |∎∎
  327.143 [248]   |
  399.200 [78]    |
  471.258 [176]   |
  543.315 [669]   |∎
  615.372 [184]   |
  687.430 [15]    |
  759.487 [0]     |
  831.544 [1]     |

Latency distribution:
  10 % in 112.97 ms 
  25 % in 115.39 ms 
  50 % in 128.66 ms 
  75 % in 149.80 ms 
  90 % in 173.63 ms 
  95 % in 196.08 ms 
  99 % in 521.43 ms 

Status code distribution:
  [OK]                  39107 responses   
  [ResourceExhausted]   9214 responses    
  [Canceled]            300 responses     

Error distribution:
  [4754]   rpc error: code = ResourceExhausted desc = S_149998854 req dropped by nginx-web-server. Try again later.   
  [300]    rpc error: code = Canceled desc = grpc: the client connection is closing                                   
  [964]    rpc error: code = ResourceExhausted desc = S_149998854 req dropped by ms-66473. Try again later.           
  [1324]   rpc error: code = ResourceExhausted desc = S_149998854 req dropped by ms-18330. Try again later.           
  [2172]   rpc error: code = ResourceExhausted desc = S_149998854 req dropped by ms-55394. Try again later.           

Debug: Checking Namespace=default, Pod=ms-10090-6454f977fd-gq47p for Target File=deathstar_*.output
Namespace: default, Pod: ms-10090-6454f977fd-gq47p has the target files.
Copying deathstar_ms-10090.output to deathstar_ms-10090.output
tar: removing leading '/' from member names
Debug: Checking Namespace=default, Pod=ms-13558-b48bb5d9d-sfz5h for Target File=deathstar_*.output
Namespace: default, Pod: ms-13558-b48bb5d9d-sfz5h has the target files.
Copying deathstar_ms-13558.output to deathstar_ms-13558.output
tar: removing leading '/' from member names
Debug: Checking Namespace=default, Pod=ms-18330-759d9cf49c-s7z2h for Target File=deathstar_*.output
Namespace: default, Pod: ms-18330-759d9cf49c-s7z2h has the target files.
Copying deathstar_ms-18330.output to deathstar_ms-18330.output
tar: removing leading '/' from member names
Debug: Checking Namespace=default, Pod=ms-19585-6f995cfcbf-zlp2j for Target File=deathstar_*.output
Namespace: default, Pod: ms-19585-6f995cfcbf-zlp2j has the target files.
Copying deathstar_ms-19585.output to deathstar_ms-19585.output
tar: removing leading '/' from member names
Debug: Checking Namespace=default, Pod=ms-20172-59d5485464-s9jll for Target File=deathstar_*.output
Namespace: default, Pod: ms-20172-59d5485464-s9jll has the target files.
Copying deathstar_ms-20172.output to deathstar_ms-20172.output
tar: removing leading '/' from member names
Debug: Checking Namespace=default, Pod=ms-22893-576fd5f9f6-77mjq for Target File=deathstar_*.output
Namespace: default, Pod: ms-22893-576fd5f9f6-77mjq has the target files.
Copying deathstar_ms-22893.output to deathstar_ms-22893.output
tar: removing leading '/' from member names
Debug: Checking Namespace=default, Pod=ms-24009-67dbf5b976-2h4tg for Target File=deathstar_*.output
Namespace: default, Pod: ms-24009-67dbf5b976-2h4tg has the target files.
Copying deathstar_ms-24009.output to deathstar_ms-24009.output
tar: removing leading '/' from member names
Debug: Checking Namespace=default, Pod=ms-24959-99f8bbf9-slbgh for Target File=deathstar_*.output
Namespace: default, Pod: ms-24959-99f8bbf9-slbgh has the target files.
Copying deathstar_ms-24959.output to deathstar_ms-24959.output
tar: removing leading '/' from member names
Debug: Checking Namespace=default, Pod=ms-26622-66fdf7d64f-rlp54 for Target File=deathstar_*.output
Namespace: default, Pod: ms-26622-66fdf7d64f-rlp54 has the target files.
Copying deathstar_ms-26622.output to deathstar_ms-26622.output
tar: removing leading '/' from member names
Debug: Checking Namespace=default, Pod=ms-27421-64f549855c-mrlk2 for Target File=deathstar_*.output
Namespace: default, Pod: ms-27421-64f549855c-mrlk2 has the target files.
Copying deathstar_ms-27421.output to deathstar_ms-27421.output
tar: removing leading '/' from member names
Debug: Checking Namespace=default, Pod=ms-29373-8467f7db44-4t7gh for Target File=deathstar_*.output
Namespace: default, Pod: ms-29373-8467f7db44-4t7gh has the target files.
Copying deathstar_ms-29373.output to deathstar_ms-29373.output
tar: removing leading '/' from member names
Debug: Checking Namespace=default, Pod=ms-32301-c5654bbc5-kg228 for Target File=deathstar_*.output
Namespace: default, Pod: ms-32301-c5654bbc5-kg228 has the target files.
Copying deathstar_ms-32301.output to deathstar_ms-32301.output
tar: removing leading '/' from member names
Debug: Checking Namespace=default, Pod=ms-3289-587dbd96bf-jj4mb for Target File=deathstar_*.output
Namespace: default, Pod: ms-3289-587dbd96bf-jj4mb has the target files.
Copying deathstar_ms-3289.output to deathstar_ms-3289.output
tar: removing leading '/' from member names
Debug: Checking Namespace=default, Pod=ms-37691-6dc6cd6744-9hd4c for Target File=deathstar_*.output
Namespace: default, Pod: ms-37691-6dc6cd6744-9hd4c has the target files.
Copying deathstar_ms-37691.output to deathstar_ms-37691.output
tar: removing leading '/' from member names
Debug: Checking Namespace=default, Pod=ms-38964-5b647cdbd-t57m6 for Target File=deathstar_*.output
Namespace: default, Pod: ms-38964-5b647cdbd-t57m6 has the target files.
Copying deathstar_ms-38964.output to deathstar_ms-38964.output
tar: removing leading '/' from member names
Debug: Checking Namespace=default, Pod=ms-40147-cd867585-b95kb for Target File=deathstar_*.output
Namespace: default, Pod: ms-40147-cd867585-b95kb has the target files.
Copying deathstar_ms-40147.output to deathstar_ms-40147.output
tar: removing leading '/' from member names
Debug: Checking Namespace=default, Pod=ms-48118-ff7b99cc9-54pf8 for Target File=deathstar_*.output
Namespace: default, Pod: ms-48118-ff7b99cc9-54pf8 has the target files.
Copying deathstar_ms-48118.output to deathstar_ms-48118.output
tar: removing leading '/' from member names
Debug: Checking Namespace=default, Pod=ms-4829-669557b66c-nlwbp for Target File=deathstar_*.output
Namespace: default, Pod: ms-4829-669557b66c-nlwbp has the target files.
Copying deathstar_ms-4829.output to deathstar_ms-4829.output
tar: removing leading '/' from member names
Debug: Checking Namespace=default, Pod=ms-51685-79858c784f-hxd6r for Target File=deathstar_*.output
Namespace: default, Pod: ms-51685-79858c784f-hxd6r has the target files.
Copying deathstar_ms-51685.output to deathstar_ms-51685.output
tar: removing leading '/' from member names
Debug: Checking Namespace=default, Pod=ms-52379-57c6cdd54b-xb7l9 for Target File=deathstar_*.output
Namespace: default, Pod: ms-52379-57c6cdd54b-xb7l9 has the target files.
Copying deathstar_ms-52379.output to deathstar_ms-52379.output
tar: removing leading '/' from member names
Debug: Checking Namespace=default, Pod=ms-55394-6f999f5df9-7ptd6 for Target File=deathstar_*.output
Namespace: default, Pod: ms-55394-6f999f5df9-7ptd6 has the target files.
Copying deathstar_ms-55394.output to deathstar_ms-55394.output
tar: removing leading '/' from member names
Debug: Checking Namespace=default, Pod=ms-58436-59dd96f659-m2bfb for Target File=deathstar_*.output
Namespace: default, Pod: ms-58436-59dd96f659-m2bfb has the target files.
Copying deathstar_ms-58436.output to deathstar_ms-58436.output
tar: removing leading '/' from member names
Debug: Checking Namespace=default, Pod=ms-58772-68ff78c966-jlhz4 for Target File=deathstar_*.output
Namespace: default, Pod: ms-58772-68ff78c966-jlhz4 has the target files.
Copying deathstar_ms-58772.output to deathstar_ms-58772.output
tar: removing leading '/' from member names
Debug: Checking Namespace=default, Pod=ms-59962-756b895b58-n8cvn for Target File=deathstar_*.output
Namespace: default, Pod: ms-59962-756b895b58-n8cvn has the target files.
Copying deathstar_ms-59962.output to deathstar_ms-59962.output
tar: removing leading '/' from member names
Debug: Checking Namespace=default, Pod=ms-60061-68bd84bdcd-qxgfv for Target File=deathstar_*.output
Namespace: default, Pod: ms-60061-68bd84bdcd-qxgfv has the target files.
Copying deathstar_ms-60061.output to deathstar_ms-60061.output
tar: removing leading '/' from member names
Debug: Checking Namespace=default, Pod=ms-6323-974659fcd-f2j76 for Target File=deathstar_*.output
Namespace: default, Pod: ms-6323-974659fcd-f2j76 has the target files.
Copying deathstar_ms-6323.output to deathstar_ms-6323.output
tar: removing leading '/' from member names
Debug: Checking Namespace=default, Pod=ms-65741-65f588bcdf-glbjr for Target File=deathstar_*.output
Namespace: default, Pod: ms-65741-65f588bcdf-glbjr has the target files.
Copying deathstar_ms-65741.output to deathstar_ms-65741.output
tar: removing leading '/' from member names
Debug: Checking Namespace=default, Pod=ms-66473-79c66f8bff-lvdhg for Target File=deathstar_*.output
Namespace: default, Pod: ms-66473-79c66f8bff-lvdhg has the target files.
Copying deathstar_ms-66473.output to deathstar_ms-66473.output
tar: removing leading '/' from member names
Debug: Checking Namespace=default, Pod=ms-69188-65c548d4cb-lm4rp for Target File=deathstar_*.output
Namespace: default, Pod: ms-69188-65c548d4cb-lm4rp has the target files.
Copying deathstar_ms-69188.output to deathstar_ms-69188.output
tar: removing leading '/' from member names
Debug: Checking Namespace=default, Pod=ms-69614-794bd8475-24r26 for Target File=deathstar_*.output
Namespace: default, Pod: ms-69614-794bd8475-24r26 has the target files.
Copying deathstar_ms-69614.output to deathstar_ms-69614.output
tar: removing leading '/' from member names
Debug: Checking Namespace=default, Pod=ms-9081-567985788-8gb52 for Target File=deathstar_*.output
Namespace: default, Pod: ms-9081-567985788-8gb52 has the target files.
Copying deathstar_ms-9081.output to deathstar_ms-9081.output
tar: removing leading '/' from member names
Debug: Checking Namespace=default, Pod=nginx-web-server-56557f7cb7-c6k6g for Target File=deathstar_*.output
Namespace: default, Pod: nginx-web-server-56557f7cb7-c6k6g has the target files.
Copying deathstar_nginx-web-server.output to deathstar_nginx-web-server.output
tar: removing leading '/' from member names
Debug: Checking Namespace=default, Pod=unknown-6ddf9bd4b5-blz87 for Target File=deathstar_*.output
Namespace: default, Pod: unknown-6ddf9bd4b5-blz87 has the target files.
Copying deathstar_unknown.output to deathstar_unknown.output
tar: removing leading '/' from member names
