Deployments: ms-10090
ms-13558
ms-18330
ms-19585
ms-20172
ms-22893
ms-24009
ms-24959
ms-26622
ms-27421
ms-29373
ms-32301
ms-3289
ms-37691
ms-38964
ms-40147
ms-48118
ms-4829
ms-51685
ms-52379
ms-55394
ms-58436
ms-58772
ms-59962
ms-60061
ms-6323
ms-65741
ms-66473
ms-69188
ms-69614
ms-9081
nginx-web-server
unknown
deployment "ms-10090" successfully rolled out
deployment "ms-13558" successfully rolled out
deployment "ms-18330" successfully rolled out
deployment "ms-19585" successfully rolled out
deployment "ms-20172" successfully rolled out
deployment "ms-22893" successfully rolled out
deployment "ms-24009" successfully rolled out
deployment "ms-24959" successfully rolled out
deployment "ms-26622" successfully rolled out
deployment "ms-27421" successfully rolled out
deployment "ms-29373" successfully rolled out
deployment "ms-32301" successfully rolled out
deployment "ms-3289" successfully rolled out
deployment "ms-37691" successfully rolled out
deployment "ms-38964" successfully rolled out
deployment "ms-40147" successfully rolled out
deployment "ms-48118" successfully rolled out
deployment "ms-4829" successfully rolled out
deployment "ms-51685" successfully rolled out
deployment "ms-52379" successfully rolled out
deployment "ms-55394" successfully rolled out
deployment "ms-58436" successfully rolled out
deployment "ms-58772" successfully rolled out
deployment "ms-59962" successfully rolled out
deployment "ms-60061" successfully rolled out
deployment "ms-6323" successfully rolled out
deployment "ms-65741" successfully rolled out
deployment "ms-66473" successfully rolled out
deployment "ms-69188" successfully rolled out
deployment "ms-69614" successfully rolled out
deployment "ms-9081" successfully rolled out
deployment "nginx-web-server" successfully rolled out
deployment "unknown" successfully rolled out
ENTRY_POINT: nginx-web-server
SERVICE_A_URL: 10.106.146.38:50051
Capacity: 16000
Metadata: method=S_149998854
Metadata: request-id={{.RequestNumber}}
Metadata: timestamp={{.TimestampUnix}}
Charon Configurations:
[{INTERCEPT charon} {PRICE_UPDATE_RATE 25443us} {TOKEN_UPDATE_RATE 13691us} {LATENCY_THRESHOLD 9014us} {PRICE_STEP 150} {PRICE_STRATEGY proportional} {LAZY_UPDATE true} {RATE_LIMITING true} {LOAD_SHEDDING true} {CHARON_TRACK_PRICE false} {BREAKWATER_SLO 12500us} {BREAKWATER_A 0.001} {BREAKWATER_B 0.02} {BREAKWATER_CLIENT_EXPIRATION 10ms} {BREAKWATER_INITIAL_CREDIT 400} {BREAKWATER_LOAD_SHEDDING true} {BREAKWATER_RTT 1000us} {BREAKWATERD_SLO 12500us} {BREAKWATERD_A 0.001} {BREAKWATERD_B 0.02} {BREAKWATERD_CLIENT_EXPIRATION 10ms} {BREAKWATERD_INITIAL_CREDIT 400} {BREAKWATERD_LOAD_SHEDDING true} {BREAKWATERD_RTT 1000us} {DAGOR_QUEUING_THRESHOLD 2ms} {DAGOR_ALPHA 0.05} {DAGOR_BETA 0.01} {DAGOR_ADMISSION_LEVEL_UPDATE_INTERVAL 10ms} {DAGOR_UMAX 20}]

Summary:
  Count:	56164
  Total:	14.86 s
  Slowest:	905.22 ms
  Fastest:	110.89 ms
  Average:	139.09 ms
  Requests/sec:	3779.91

Response time histogram:
  110.890 [1]     |
  190.323 [40532] |∎∎∎∎∎∎∎∎∎∎∎∎∎∎∎∎∎∎∎∎∎∎∎∎∎∎∎∎∎∎∎∎∎∎∎∎∎∎∎∎
  269.756 [4796]  |∎∎∎∎∎
  349.189 [1348]  |∎
  428.621 [958]   |∎
  508.054 [262]   |
  587.487 [20]    |
  666.920 [0]     |
  746.353 [0]     |
  825.786 [32]    |
  905.219 [68]    |

Latency distribution:
  10 % in 113.44 ms 
  25 % in 118.74 ms 
  50 % in 139.80 ms 
  75 % in 164.98 ms 
  90 % in 220.75 ms 
  95 % in 281.78 ms 
  99 % in 418.94 ms 

Status code distribution:
  [OK]                  48017 responses   
  [ResourceExhausted]   7807 responses    
  [Canceled]            340 responses     

Error distribution:
  [590]    rpc error: code = ResourceExhausted desc = S_149998854 req dropped by ms-18330. Try again later.           
  [587]    rpc error: code = ResourceExhausted desc = S_149998854 req dropped by ms-66473. Try again later.           
  [1]      rpc error: code = ResourceExhausted desc = S_149998854 req dropped by ms-51685. Try again later.           
  [674]    rpc error: code = ResourceExhausted desc = S_149998854 req dropped by ms-55394. Try again later.           
  [340]    rpc error: code = Canceled desc = grpc: the client connection is closing                                   
  [5955]   rpc error: code = ResourceExhausted desc = S_149998854 req dropped by nginx-web-server. Try again later.   

Debug: Checking Namespace=default, Pod=ms-10090-6454f977fd-8lvtp for Target File=deathstar_*.output
Namespace: default, Pod: ms-10090-6454f977fd-8lvtp has the target files.
Copying deathstar_ms-10090.output to deathstar_ms-10090.output
tar: removing leading '/' from member names
Debug: Checking Namespace=default, Pod=ms-13558-b48bb5d9d-ccd76 for Target File=deathstar_*.output
Namespace: default, Pod: ms-13558-b48bb5d9d-ccd76 has the target files.
Copying deathstar_ms-13558.output to deathstar_ms-13558.output
tar: removing leading '/' from member names
Debug: Checking Namespace=default, Pod=ms-18330-759d9cf49c-6gh42 for Target File=deathstar_*.output
Namespace: default, Pod: ms-18330-759d9cf49c-6gh42 has the target files.
Copying deathstar_ms-18330.output to deathstar_ms-18330.output
tar: removing leading '/' from member names
Debug: Checking Namespace=default, Pod=ms-19585-6f995cfcbf-bdnc5 for Target File=deathstar_*.output
Namespace: default, Pod: ms-19585-6f995cfcbf-bdnc5 has the target files.
Copying deathstar_ms-19585.output to deathstar_ms-19585.output
tar: removing leading '/' from member names
Debug: Checking Namespace=default, Pod=ms-20172-59d5485464-6psxt for Target File=deathstar_*.output
Namespace: default, Pod: ms-20172-59d5485464-6psxt has the target files.
Copying deathstar_ms-20172.output to deathstar_ms-20172.output
tar: removing leading '/' from member names
Debug: Checking Namespace=default, Pod=ms-22893-576fd5f9f6-z4stg for Target File=deathstar_*.output
Namespace: default, Pod: ms-22893-576fd5f9f6-z4stg has the target files.
Copying deathstar_ms-22893.output to deathstar_ms-22893.output
tar: removing leading '/' from member names
Debug: Checking Namespace=default, Pod=ms-24009-67dbf5b976-f6pcb for Target File=deathstar_*.output
Namespace: default, Pod: ms-24009-67dbf5b976-f6pcb has the target files.
Copying deathstar_ms-24009.output to deathstar_ms-24009.output
tar: removing leading '/' from member names
Debug: Checking Namespace=default, Pod=ms-24959-99f8bbf9-f66xm for Target File=deathstar_*.output
Namespace: default, Pod: ms-24959-99f8bbf9-f66xm has the target files.
Copying deathstar_ms-24959.output to deathstar_ms-24959.output
tar: removing leading '/' from member names
Debug: Checking Namespace=default, Pod=ms-26622-66fdf7d64f-rhmpn for Target File=deathstar_*.output
Namespace: default, Pod: ms-26622-66fdf7d64f-rhmpn has the target files.
Copying deathstar_ms-26622.output to deathstar_ms-26622.output
tar: removing leading '/' from member names
Debug: Checking Namespace=default, Pod=ms-27421-64f549855c-bdhdf for Target File=deathstar_*.output
Namespace: default, Pod: ms-27421-64f549855c-bdhdf has the target files.
Copying deathstar_ms-27421.output to deathstar_ms-27421.output
tar: removing leading '/' from member names
Debug: Checking Namespace=default, Pod=ms-29373-8467f7db44-f4qcs for Target File=deathstar_*.output
Namespace: default, Pod: ms-29373-8467f7db44-f4qcs has the target files.
Copying deathstar_ms-29373.output to deathstar_ms-29373.output
tar: removing leading '/' from member names
Debug: Checking Namespace=default, Pod=ms-32301-c5654bbc5-v57v5 for Target File=deathstar_*.output
Namespace: default, Pod: ms-32301-c5654bbc5-v57v5 has the target files.
Copying deathstar_ms-32301.output to deathstar_ms-32301.output
tar: removing leading '/' from member names
Debug: Checking Namespace=default, Pod=ms-3289-587dbd96bf-qxlv5 for Target File=deathstar_*.output
Namespace: default, Pod: ms-3289-587dbd96bf-qxlv5 has the target files.
Copying deathstar_ms-3289.output to deathstar_ms-3289.output
tar: removing leading '/' from member names
Debug: Checking Namespace=default, Pod=ms-37691-6dc6cd6744-p42kv for Target File=deathstar_*.output
Namespace: default, Pod: ms-37691-6dc6cd6744-p42kv has the target files.
Copying deathstar_ms-37691.output to deathstar_ms-37691.output
tar: removing leading '/' from member names
Debug: Checking Namespace=default, Pod=ms-38964-5b647cdbd-btdn5 for Target File=deathstar_*.output
Namespace: default, Pod: ms-38964-5b647cdbd-btdn5 has the target files.
Copying deathstar_ms-38964.output to deathstar_ms-38964.output
tar: removing leading '/' from member names
Debug: Checking Namespace=default, Pod=ms-40147-cd867585-dz876 for Target File=deathstar_*.output
Namespace: default, Pod: ms-40147-cd867585-dz876 has the target files.
Copying deathstar_ms-40147.output to deathstar_ms-40147.output
tar: removing leading '/' from member names
Debug: Checking Namespace=default, Pod=ms-48118-ff7b99cc9-xmtdz for Target File=deathstar_*.output
Namespace: default, Pod: ms-48118-ff7b99cc9-xmtdz has the target files.
Copying deathstar_ms-48118.output to deathstar_ms-48118.output
tar: removing leading '/' from member names
Debug: Checking Namespace=default, Pod=ms-4829-669557b66c-t55cm for Target File=deathstar_*.output
Namespace: default, Pod: ms-4829-669557b66c-t55cm has the target files.
Copying deathstar_ms-4829.output to deathstar_ms-4829.output
tar: removing leading '/' from member names
Debug: Checking Namespace=default, Pod=ms-51685-79858c784f-d2452 for Target File=deathstar_*.output
Namespace: default, Pod: ms-51685-79858c784f-d2452 has the target files.
Copying deathstar_ms-51685.output to deathstar_ms-51685.output
tar: removing leading '/' from member names
Debug: Checking Namespace=default, Pod=ms-52379-57c6cdd54b-gsgnq for Target File=deathstar_*.output
Namespace: default, Pod: ms-52379-57c6cdd54b-gsgnq has the target files.
Copying deathstar_ms-52379.output to deathstar_ms-52379.output
tar: removing leading '/' from member names
Debug: Checking Namespace=default, Pod=ms-55394-6f999f5df9-skh2s for Target File=deathstar_*.output
Namespace: default, Pod: ms-55394-6f999f5df9-skh2s has the target files.
Copying deathstar_ms-55394.output to deathstar_ms-55394.output
tar: removing leading '/' from member names
Debug: Checking Namespace=default, Pod=ms-58436-59dd96f659-vq8hc for Target File=deathstar_*.output
Namespace: default, Pod: ms-58436-59dd96f659-vq8hc has the target files.
Copying deathstar_ms-58436.output to deathstar_ms-58436.output
tar: removing leading '/' from member names
Debug: Checking Namespace=default, Pod=ms-58772-68ff78c966-l46dp for Target File=deathstar_*.output
Namespace: default, Pod: ms-58772-68ff78c966-l46dp has the target files.
Copying deathstar_ms-58772.output to deathstar_ms-58772.output
tar: removing leading '/' from member names
Debug: Checking Namespace=default, Pod=ms-59962-756b895b58-rn22n for Target File=deathstar_*.output
Namespace: default, Pod: ms-59962-756b895b58-rn22n has the target files.
Copying deathstar_ms-59962.output to deathstar_ms-59962.output
tar: removing leading '/' from member names
Debug: Checking Namespace=default, Pod=ms-60061-68bd84bdcd-9zbdn for Target File=deathstar_*.output
Namespace: default, Pod: ms-60061-68bd84bdcd-9zbdn has the target files.
Copying deathstar_ms-60061.output to deathstar_ms-60061.output
tar: removing leading '/' from member names
Debug: Checking Namespace=default, Pod=ms-6323-974659fcd-9f64k for Target File=deathstar_*.output
Namespace: default, Pod: ms-6323-974659fcd-9f64k has the target files.
Copying deathstar_ms-6323.output to deathstar_ms-6323.output
tar: removing leading '/' from member names
Debug: Checking Namespace=default, Pod=ms-65741-65f588bcdf-77vzf for Target File=deathstar_*.output
Namespace: default, Pod: ms-65741-65f588bcdf-77vzf has the target files.
Copying deathstar_ms-65741.output to deathstar_ms-65741.output
tar: removing leading '/' from member names
Debug: Checking Namespace=default, Pod=ms-66473-79c66f8bff-lrv9m for Target File=deathstar_*.output
Namespace: default, Pod: ms-66473-79c66f8bff-lrv9m has the target files.
Copying deathstar_ms-66473.output to deathstar_ms-66473.output
tar: removing leading '/' from member names
Debug: Checking Namespace=default, Pod=ms-69188-65c548d4cb-vkf72 for Target File=deathstar_*.output
Namespace: default, Pod: ms-69188-65c548d4cb-vkf72 has the target files.
Copying deathstar_ms-69188.output to deathstar_ms-69188.output
tar: removing leading '/' from member names
Debug: Checking Namespace=default, Pod=ms-69614-794bd8475-xtlcl for Target File=deathstar_*.output
Namespace: default, Pod: ms-69614-794bd8475-xtlcl has the target files.
Copying deathstar_ms-69614.output to deathstar_ms-69614.output
tar: removing leading '/' from member names
Debug: Checking Namespace=default, Pod=ms-9081-567985788-z5n2j for Target File=deathstar_*.output
Namespace: default, Pod: ms-9081-567985788-z5n2j has the target files.
Copying deathstar_ms-9081.output to deathstar_ms-9081.output
tar: removing leading '/' from member names
Debug: Checking Namespace=default, Pod=nginx-web-server-56557f7cb7-z52jd for Target File=deathstar_*.output
Namespace: default, Pod: nginx-web-server-56557f7cb7-z52jd has the target files.
Copying deathstar_nginx-web-server.output to deathstar_nginx-web-server.output
tar: removing leading '/' from member names
Debug: Checking Namespace=default, Pod=unknown-6ddf9bd4b5-wggpv for Target File=deathstar_*.output
Namespace: default, Pod: unknown-6ddf9bd4b5-wggpv has the target files.
Copying deathstar_unknown.output to deathstar_unknown.output
tar: removing leading '/' from member names
