Deployments: ms-10090
ms-13558
ms-18330
ms-19585
ms-20172
ms-22893
ms-24009
ms-24959
ms-26622
ms-27421
ms-29373
ms-32301
ms-3289
ms-37691
ms-38964
ms-40147
ms-48118
ms-4829
ms-51685
ms-52379
ms-55394
ms-58436
ms-58772
ms-59962
ms-60061
ms-6323
ms-65741
ms-66473
ms-69188
ms-69614
ms-9081
nginx-web-server
unknown
deployment "ms-10090" successfully rolled out
deployment "ms-13558" successfully rolled out
deployment "ms-18330" successfully rolled out
deployment "ms-19585" successfully rolled out
deployment "ms-20172" successfully rolled out
deployment "ms-22893" successfully rolled out
deployment "ms-24009" successfully rolled out
deployment "ms-24959" successfully rolled out
deployment "ms-26622" successfully rolled out
deployment "ms-27421" successfully rolled out
deployment "ms-29373" successfully rolled out
deployment "ms-32301" successfully rolled out
deployment "ms-3289" successfully rolled out
deployment "ms-37691" successfully rolled out
deployment "ms-38964" successfully rolled out
deployment "ms-40147" successfully rolled out
deployment "ms-48118" successfully rolled out
deployment "ms-4829" successfully rolled out
deployment "ms-51685" successfully rolled out
deployment "ms-52379" successfully rolled out
deployment "ms-55394" successfully rolled out
deployment "ms-58436" successfully rolled out
deployment "ms-58772" successfully rolled out
deployment "ms-59962" successfully rolled out
deployment "ms-60061" successfully rolled out
deployment "ms-6323" successfully rolled out
deployment "ms-65741" successfully rolled out
deployment "ms-66473" successfully rolled out
deployment "ms-69188" successfully rolled out
deployment "ms-69614" successfully rolled out
deployment "ms-9081" successfully rolled out
deployment "nginx-web-server" successfully rolled out
deployment "unknown" successfully rolled out
ENTRY_POINT: nginx-web-server
SERVICE_A_URL: 10.104.252.45:50051
Capacity: 3000
Metadata: method=S_149998854
Metadata: request-id={{.RequestNumber}}
Metadata: timestamp={{.TimestampUnix}}
Charon Configurations:
[{INTERCEPT breakwater} {PRICE_UPDATE_RATE 10ms} {TOKEN_UPDATE_RATE 10ms} {LATENCY_THRESHOLD 100us} {PRICE_STEP 0} {PRICE_STRATEGY step} {LAZY_UPDATE false} {RATE_LIMITING true} {LOAD_SHEDDING true} {CHARON_TRACK_PRICE false} {BREAKWATER_SLO 2418us} {BREAKWATER_A 1.8506617114993507} {BREAKWATER_B 1.9873594216159594} {BREAKWATER_CLIENT_EXPIRATION 2313us} {BREAKWATER_INITIAL_CREDIT 279} {BREAKWATER_LOAD_SHEDDING true} {BREAKWATER_RTT 5913us} {BREAKWATERD_SLO 12500us} {BREAKWATERD_A 0.001} {BREAKWATERD_B 0.02} {BREAKWATERD_CLIENT_EXPIRATION 10ms} {BREAKWATERD_INITIAL_CREDIT 400} {BREAKWATERD_LOAD_SHEDDING true} {BREAKWATERD_RTT 1000us} {DAGOR_QUEUING_THRESHOLD 2ms} {DAGOR_ALPHA 0.05} {DAGOR_BETA 0.01} {DAGOR_ADMISSION_LEVEL_UPDATE_INTERVAL 10ms} {DAGOR_UMAX 20}]

Summary:
  Count:	39456
  Total:	24.84 s
  Slowest:	847.36 ms
  Fastest:	110.88 ms
  Average:	116.60 ms
  Requests/sec:	1588.12

Response time histogram:
  110.884 [1]     |
  184.531 [38990] |∎∎∎∎∎∎∎∎∎∎∎∎∎∎∎∎∎∎∎∎∎∎∎∎∎∎∎∎∎∎∎∎∎∎∎∎∎∎∎∎
  258.179 [0]     |
  331.826 [0]     |
  405.473 [0]     |
  479.121 [0]     |
  552.768 [0]     |
  626.416 [0]     |
  700.063 [0]     |
  773.711 [2]     |
  847.358 [53]    |

Latency distribution:
  10 % in 112.47 ms 
  25 % in 113.40 ms 
  50 % in 115.12 ms 
  75 % in 117.75 ms 
  90 % in 121.12 ms 
  95 % in 123.70 ms 
  99 % in 129.43 ms 

Status code distribution:
  [ResourceExhausted]   220 responses     
  [Canceled]            190 responses     
  [OK]                  39046 responses   

Error distribution:
  [220]   rpc error: code = ResourceExhausted desc = Server-side queuing delay is beyond AQM threshold   
  [190]   rpc error: code = Canceled desc = grpc: the client connection is closing                       

Debug: Checking Namespace=default, Pod=ms-10090-6454f977fd-4xmqf for Target File=deathstar_*.output
Namespace: default, Pod: ms-10090-6454f977fd-4xmqf has the target files.
Copying deathstar_ms-10090.output to deathstar_ms-10090.output
tar: removing leading '/' from member names
Debug: Checking Namespace=default, Pod=ms-13558-b48bb5d9d-pht5d for Target File=deathstar_*.output
Namespace: default, Pod: ms-13558-b48bb5d9d-pht5d has the target files.
Copying deathstar_ms-13558.output to deathstar_ms-13558.output
tar: removing leading '/' from member names
Debug: Checking Namespace=default, Pod=ms-18330-759d9cf49c-2vtfv for Target File=deathstar_*.output
Namespace: default, Pod: ms-18330-759d9cf49c-2vtfv has the target files.
Copying deathstar_ms-18330.output to deathstar_ms-18330.output
tar: removing leading '/' from member names
Debug: Checking Namespace=default, Pod=ms-19585-6f995cfcbf-vnmwc for Target File=deathstar_*.output
Namespace: default, Pod: ms-19585-6f995cfcbf-vnmwc has the target files.
Copying deathstar_ms-19585.output to deathstar_ms-19585.output
tar: removing leading '/' from member names
Debug: Checking Namespace=default, Pod=ms-20172-59d5485464-7ctl6 for Target File=deathstar_*.output
Namespace: default, Pod: ms-20172-59d5485464-7ctl6 has the target files.
Copying deathstar_ms-20172.output to deathstar_ms-20172.output
tar: removing leading '/' from member names
Debug: Checking Namespace=default, Pod=ms-22893-576fd5f9f6-86k7z for Target File=deathstar_*.output
Namespace: default, Pod: ms-22893-576fd5f9f6-86k7z has the target files.
Copying deathstar_ms-22893.output to deathstar_ms-22893.output
tar: removing leading '/' from member names
Debug: Checking Namespace=default, Pod=ms-24009-67dbf5b976-scg9z for Target File=deathstar_*.output
Namespace: default, Pod: ms-24009-67dbf5b976-scg9z has the target files.
Copying deathstar_ms-24009.output to deathstar_ms-24009.output
tar: removing leading '/' from member names
Debug: Checking Namespace=default, Pod=ms-24959-99f8bbf9-9kskv for Target File=deathstar_*.output
Namespace: default, Pod: ms-24959-99f8bbf9-9kskv has the target files.
Copying deathstar_ms-24959.output to deathstar_ms-24959.output
tar: removing leading '/' from member names
Debug: Checking Namespace=default, Pod=ms-26622-66fdf7d64f-xrc59 for Target File=deathstar_*.output
Namespace: default, Pod: ms-26622-66fdf7d64f-xrc59 has the target files.
Copying deathstar_ms-26622.output to deathstar_ms-26622.output
tar: removing leading '/' from member names
Debug: Checking Namespace=default, Pod=ms-27421-64f549855c-m4jfs for Target File=deathstar_*.output
Namespace: default, Pod: ms-27421-64f549855c-m4jfs has the target files.
Copying deathstar_ms-27421.output to deathstar_ms-27421.output
tar: removing leading '/' from member names
Debug: Checking Namespace=default, Pod=ms-29373-8467f7db44-w4v2d for Target File=deathstar_*.output
Namespace: default, Pod: ms-29373-8467f7db44-w4v2d has the target files.
Copying deathstar_ms-29373.output to deathstar_ms-29373.output
tar: removing leading '/' from member names
Debug: Checking Namespace=default, Pod=ms-32301-c5654bbc5-hknbs for Target File=deathstar_*.output
Namespace: default, Pod: ms-32301-c5654bbc5-hknbs has the target files.
Copying deathstar_ms-32301.output to deathstar_ms-32301.output
tar: removing leading '/' from member names
Debug: Checking Namespace=default, Pod=ms-3289-587dbd96bf-c785x for Target File=deathstar_*.output
Namespace: default, Pod: ms-3289-587dbd96bf-c785x has the target files.
Copying deathstar_ms-3289.output to deathstar_ms-3289.output
tar: removing leading '/' from member names
Debug: Checking Namespace=default, Pod=ms-37691-6dc6cd6744-lp2t2 for Target File=deathstar_*.output
Namespace: default, Pod: ms-37691-6dc6cd6744-lp2t2 has the target files.
Copying deathstar_ms-37691.output to deathstar_ms-37691.output
tar: removing leading '/' from member names
Debug: Checking Namespace=default, Pod=ms-38964-5b647cdbd-dv5bl for Target File=deathstar_*.output
Namespace: default, Pod: ms-38964-5b647cdbd-dv5bl has the target files.
Copying deathstar_ms-38964.output to deathstar_ms-38964.output
tar: removing leading '/' from member names
Debug: Checking Namespace=default, Pod=ms-40147-cd867585-d8kjw for Target File=deathstar_*.output
Namespace: default, Pod: ms-40147-cd867585-d8kjw has the target files.
Copying deathstar_ms-40147.output to deathstar_ms-40147.output
tar: removing leading '/' from member names
Debug: Checking Namespace=default, Pod=ms-48118-ff7b99cc9-t24zh for Target File=deathstar_*.output
Namespace: default, Pod: ms-48118-ff7b99cc9-t24zh has the target files.
Copying deathstar_ms-48118.output to deathstar_ms-48118.output
tar: removing leading '/' from member names
Debug: Checking Namespace=default, Pod=ms-4829-669557b66c-mtq7z for Target File=deathstar_*.output
Namespace: default, Pod: ms-4829-669557b66c-mtq7z has the target files.
Copying deathstar_ms-4829.output to deathstar_ms-4829.output
tar: removing leading '/' from member names
Debug: Checking Namespace=default, Pod=ms-51685-79858c784f-929dz for Target File=deathstar_*.output
Namespace: default, Pod: ms-51685-79858c784f-929dz has the target files.
Copying deathstar_ms-51685.output to deathstar_ms-51685.output
tar: removing leading '/' from member names
Debug: Checking Namespace=default, Pod=ms-52379-57c6cdd54b-f2sqz for Target File=deathstar_*.output
Namespace: default, Pod: ms-52379-57c6cdd54b-f2sqz has the target files.
Copying deathstar_ms-52379.output to deathstar_ms-52379.output
tar: removing leading '/' from member names
Debug: Checking Namespace=default, Pod=ms-55394-6f999f5df9-swfq8 for Target File=deathstar_*.output
Namespace: default, Pod: ms-55394-6f999f5df9-swfq8 has the target files.
Copying deathstar_ms-55394.output to deathstar_ms-55394.output
tar: removing leading '/' from member names
Debug: Checking Namespace=default, Pod=ms-58436-59dd96f659-jv7gk for Target File=deathstar_*.output
Namespace: default, Pod: ms-58436-59dd96f659-jv7gk has the target files.
Copying deathstar_ms-58436.output to deathstar_ms-58436.output
tar: removing leading '/' from member names
Debug: Checking Namespace=default, Pod=ms-58772-68ff78c966-s5nct for Target File=deathstar_*.output
Namespace: default, Pod: ms-58772-68ff78c966-s5nct has the target files.
Copying deathstar_ms-58772.output to deathstar_ms-58772.output
tar: removing leading '/' from member names
Debug: Checking Namespace=default, Pod=ms-59962-756b895b58-mrdj4 for Target File=deathstar_*.output
Namespace: default, Pod: ms-59962-756b895b58-mrdj4 has the target files.
Copying deathstar_ms-59962.output to deathstar_ms-59962.output
tar: removing leading '/' from member names
Debug: Checking Namespace=default, Pod=ms-60061-68bd84bdcd-pwhxj for Target File=deathstar_*.output
Namespace: default, Pod: ms-60061-68bd84bdcd-pwhxj has the target files.
Copying deathstar_ms-60061.output to deathstar_ms-60061.output
tar: removing leading '/' from member names
Debug: Checking Namespace=default, Pod=ms-6323-974659fcd-ht4jj for Target File=deathstar_*.output
Namespace: default, Pod: ms-6323-974659fcd-ht4jj has the target files.
Copying deathstar_ms-6323.output to deathstar_ms-6323.output
tar: removing leading '/' from member names
Debug: Checking Namespace=default, Pod=ms-65741-65f588bcdf-gl4fs for Target File=deathstar_*.output
Namespace: default, Pod: ms-65741-65f588bcdf-gl4fs has the target files.
Copying deathstar_ms-65741.output to deathstar_ms-65741.output
tar: removing leading '/' from member names
Debug: Checking Namespace=default, Pod=ms-66473-79c66f8bff-7ckck for Target File=deathstar_*.output
Namespace: default, Pod: ms-66473-79c66f8bff-7ckck has the target files.
Copying deathstar_ms-66473.output to deathstar_ms-66473.output
tar: removing leading '/' from member names
Debug: Checking Namespace=default, Pod=ms-69188-65c548d4cb-7d9sn for Target File=deathstar_*.output
Namespace: default, Pod: ms-69188-65c548d4cb-7d9sn has the target files.
Copying deathstar_ms-69188.output to deathstar_ms-69188.output
tar: removing leading '/' from member names
Debug: Checking Namespace=default, Pod=ms-69614-794bd8475-f7fm7 for Target File=deathstar_*.output
Namespace: default, Pod: ms-69614-794bd8475-f7fm7 has the target files.
Copying deathstar_ms-69614.output to deathstar_ms-69614.output
tar: removing leading '/' from member names
Debug: Checking Namespace=default, Pod=ms-9081-567985788-2mrt6 for Target File=deathstar_*.output
Namespace: default, Pod: ms-9081-567985788-2mrt6 has the target files.
Copying deathstar_ms-9081.output to deathstar_ms-9081.output
tar: removing leading '/' from member names
Debug: Checking Namespace=default, Pod=nginx-web-server-56557f7cb7-967tj for Target File=deathstar_*.output
Namespace: default, Pod: nginx-web-server-56557f7cb7-967tj has the target files.
Copying deathstar_nginx-web-server.output to deathstar_nginx-web-server.output
tar: removing leading '/' from member names
Debug: Checking Namespace=default, Pod=unknown-6ddf9bd4b5-58rc6 for Target File=deathstar_*.output
Namespace: default, Pod: unknown-6ddf9bd4b5-58rc6 has the target files.
Copying deathstar_unknown.output to deathstar_unknown.output
tar: removing leading '/' from member names
