Deployments: ms-10090
ms-13558
ms-18330
ms-19585
ms-20172
ms-22893
ms-24009
ms-24959
ms-26622
ms-27421
ms-29373
ms-32301
ms-3289
ms-37691
ms-38964
ms-40147
ms-48118
ms-4829
ms-51685
ms-52379
ms-55394
ms-58436
ms-58772
ms-59962
ms-60061
ms-6323
ms-65741
ms-66473
ms-69188
ms-69614
ms-9081
nginx-web-server
unknown
deployment "ms-10090" successfully rolled out
deployment "ms-13558" successfully rolled out
deployment "ms-18330" successfully rolled out
deployment "ms-19585" successfully rolled out
deployment "ms-20172" successfully rolled out
deployment "ms-22893" successfully rolled out
deployment "ms-24009" successfully rolled out
deployment "ms-24959" successfully rolled out
deployment "ms-26622" successfully rolled out
deployment "ms-27421" successfully rolled out
deployment "ms-29373" successfully rolled out
deployment "ms-32301" successfully rolled out
deployment "ms-3289" successfully rolled out
deployment "ms-37691" successfully rolled out
deployment "ms-38964" successfully rolled out
deployment "ms-40147" successfully rolled out
deployment "ms-48118" successfully rolled out
deployment "ms-4829" successfully rolled out
deployment "ms-51685" successfully rolled out
deployment "ms-52379" successfully rolled out
deployment "ms-55394" successfully rolled out
deployment "ms-58436" successfully rolled out
deployment "ms-58772" successfully rolled out
deployment "ms-59962" successfully rolled out
deployment "ms-60061" successfully rolled out
deployment "ms-6323" successfully rolled out
deployment "ms-65741" successfully rolled out
deployment "ms-66473" successfully rolled out
deployment "ms-69188" successfully rolled out
deployment "ms-69614" successfully rolled out
deployment "ms-9081" successfully rolled out
deployment "nginx-web-server" successfully rolled out
deployment "unknown" successfully rolled out
ENTRY_POINT: nginx-web-server
SERVICE_A_URL: 10.105.146.219:50051
Capacity: 10000
Metadata: request-id={{.RequestNumber}}
Metadata: timestamp={{.TimestampUnix}}
Metadata: method=S_149998854
Charon Configurations:
[{INTERCEPT breakwater} {PRICE_UPDATE_RATE 10ms} {TOKEN_UPDATE_RATE 10ms} {LATENCY_THRESHOLD 100us} {PRICE_STEP 0} {PRICE_STRATEGY step} {LAZY_UPDATE false} {RATE_LIMITING true} {LOAD_SHEDDING true} {CHARON_TRACK_PRICE false} {BREAKWATER_SLO 20000us} {BREAKWATER_A 0.0} {BREAKWATER_B 2.3885645368146387e-12} {BREAKWATER_CLIENT_EXPIRATION 0us} {BREAKWATER_INITIAL_CREDIT 1} {BREAKWATER_LOAD_SHEDDING true} {BREAKWATER_RTT 0us} {BREAKWATERD_SLO 12500us} {BREAKWATERD_A 0.001} {BREAKWATERD_B 0.02} {BREAKWATERD_CLIENT_EXPIRATION 10ms} {BREAKWATERD_INITIAL_CREDIT 400} {BREAKWATERD_LOAD_SHEDDING true} {BREAKWATERD_RTT 1000us} {DAGOR_QUEUING_THRESHOLD 2ms} {DAGOR_ALPHA 0.05} {DAGOR_BETA 0.01} {DAGOR_ADMISSION_LEVEL_UPDATE_INTERVAL 10ms} {DAGOR_UMAX 20}]

Summary:
  Count:	59257
  Total:	24.86 s
  Slowest:	870.95 ms
  Fastest:	111.67 ms
  Average:	281.11 ms
  Requests/sec:	2383.82

Response time histogram:
  111.672 [1]     |
  187.600 [5171]  |∎∎∎∎∎∎∎∎∎∎∎
  263.528 [18023] |∎∎∎∎∎∎∎∎∎∎∎∎∎∎∎∎∎∎∎∎∎∎∎∎∎∎∎∎∎∎∎∎∎∎∎∎∎∎∎∎
  339.456 [17995] |∎∎∎∎∎∎∎∎∎∎∎∎∎∎∎∎∎∎∎∎∎∎∎∎∎∎∎∎∎∎∎∎∎∎∎∎∎∎∎∎
  415.385 [10265] |∎∎∎∎∎∎∎∎∎∎∎∎∎∎∎∎∎∎∎∎∎∎∎
  491.313 [4127]  |∎∎∎∎∎∎∎∎∎
  567.241 [720]   |∎∎
  643.169 [71]    |
  719.098 [6]     |
  795.026 [34]    |
  870.954 [45]    |

Latency distribution:
  10 % in 191.29 ms 
  25 % in 231.35 ms 
  50 % in 281.37 ms 
  75 % in 345.75 ms 
  90 % in 409.37 ms 
  95 % in 443.42 ms 
  99 % in 506.75 ms 

Status code distribution:
  [ResourceExhausted]   1310 responses    
  [Canceled]            1489 responses    
  [OK]                  56458 responses   

Error distribution:
  [1310]   rpc error: code = ResourceExhausted desc = Server-side queuing delay is beyond AQM threshold   
  [1489]   rpc error: code = Canceled desc = grpc: the client connection is closing                       

Debug: Checking Namespace=default, Pod=ms-10090-6454f977fd-rsn87 for Target File=deathstar_*.output
Namespace: default, Pod: ms-10090-6454f977fd-rsn87 has the target files.
Copying deathstar_ms-10090.output to deathstar_ms-10090.output
tar: removing leading '/' from member names
Debug: Checking Namespace=default, Pod=ms-13558-b48bb5d9d-rwwgq for Target File=deathstar_*.output
Namespace: default, Pod: ms-13558-b48bb5d9d-rwwgq has the target files.
Copying deathstar_ms-13558.output to deathstar_ms-13558.output
tar: removing leading '/' from member names
Debug: Checking Namespace=default, Pod=ms-18330-759d9cf49c-z2czv for Target File=deathstar_*.output
Namespace: default, Pod: ms-18330-759d9cf49c-z2czv has the target files.
Copying deathstar_ms-18330.output to deathstar_ms-18330.output
tar: removing leading '/' from member names
Debug: Checking Namespace=default, Pod=ms-19585-6f995cfcbf-4vtpz for Target File=deathstar_*.output
Namespace: default, Pod: ms-19585-6f995cfcbf-4vtpz has the target files.
Copying deathstar_ms-19585.output to deathstar_ms-19585.output
tar: removing leading '/' from member names
Debug: Checking Namespace=default, Pod=ms-20172-59d5485464-z7pqf for Target File=deathstar_*.output
Namespace: default, Pod: ms-20172-59d5485464-z7pqf has the target files.
Copying deathstar_ms-20172.output to deathstar_ms-20172.output
tar: removing leading '/' from member names
Debug: Checking Namespace=default, Pod=ms-22893-576fd5f9f6-2lxjc for Target File=deathstar_*.output
Namespace: default, Pod: ms-22893-576fd5f9f6-2lxjc has the target files.
Copying deathstar_ms-22893.output to deathstar_ms-22893.output
tar: removing leading '/' from member names
Debug: Checking Namespace=default, Pod=ms-24009-67dbf5b976-wmrkk for Target File=deathstar_*.output
Namespace: default, Pod: ms-24009-67dbf5b976-wmrkk has the target files.
Copying deathstar_ms-24009.output to deathstar_ms-24009.output
tar: removing leading '/' from member names
Debug: Checking Namespace=default, Pod=ms-24959-99f8bbf9-rbx6v for Target File=deathstar_*.output
Namespace: default, Pod: ms-24959-99f8bbf9-rbx6v has the target files.
Copying deathstar_ms-24959.output to deathstar_ms-24959.output
tar: removing leading '/' from member names
Debug: Checking Namespace=default, Pod=ms-26622-66fdf7d64f-6fnzw for Target File=deathstar_*.output
Namespace: default, Pod: ms-26622-66fdf7d64f-6fnzw has the target files.
Copying deathstar_ms-26622.output to deathstar_ms-26622.output
tar: removing leading '/' from member names
Debug: Checking Namespace=default, Pod=ms-27421-64f549855c-nxrh6 for Target File=deathstar_*.output
Namespace: default, Pod: ms-27421-64f549855c-nxrh6 has the target files.
Copying deathstar_ms-27421.output to deathstar_ms-27421.output
tar: removing leading '/' from member names
Debug: Checking Namespace=default, Pod=ms-29373-8467f7db44-5prxx for Target File=deathstar_*.output
Namespace: default, Pod: ms-29373-8467f7db44-5prxx has the target files.
Copying deathstar_ms-29373.output to deathstar_ms-29373.output
tar: removing leading '/' from member names
Debug: Checking Namespace=default, Pod=ms-32301-c5654bbc5-vk5tq for Target File=deathstar_*.output
Namespace: default, Pod: ms-32301-c5654bbc5-vk5tq has the target files.
Copying deathstar_ms-32301.output to deathstar_ms-32301.output
tar: removing leading '/' from member names
Debug: Checking Namespace=default, Pod=ms-3289-587dbd96bf-nq7s4 for Target File=deathstar_*.output
Namespace: default, Pod: ms-3289-587dbd96bf-nq7s4 has the target files.
Copying deathstar_ms-3289.output to deathstar_ms-3289.output
tar: removing leading '/' from member names
Debug: Checking Namespace=default, Pod=ms-37691-6dc6cd6744-m5gvk for Target File=deathstar_*.output
Namespace: default, Pod: ms-37691-6dc6cd6744-m5gvk has the target files.
Copying deathstar_ms-37691.output to deathstar_ms-37691.output
tar: removing leading '/' from member names
Debug: Checking Namespace=default, Pod=ms-38964-5b647cdbd-5x64s for Target File=deathstar_*.output
Namespace: default, Pod: ms-38964-5b647cdbd-5x64s has the target files.
Copying deathstar_ms-38964.output to deathstar_ms-38964.output
tar: removing leading '/' from member names
Debug: Checking Namespace=default, Pod=ms-40147-cd867585-wdhw7 for Target File=deathstar_*.output
Namespace: default, Pod: ms-40147-cd867585-wdhw7 has the target files.
Copying deathstar_ms-40147.output to deathstar_ms-40147.output
tar: removing leading '/' from member names
Debug: Checking Namespace=default, Pod=ms-48118-ff7b99cc9-s94dm for Target File=deathstar_*.output
Namespace: default, Pod: ms-48118-ff7b99cc9-s94dm has the target files.
Copying deathstar_ms-48118.output to deathstar_ms-48118.output
tar: removing leading '/' from member names
Debug: Checking Namespace=default, Pod=ms-4829-669557b66c-c2mxt for Target File=deathstar_*.output
Namespace: default, Pod: ms-4829-669557b66c-c2mxt has the target files.
Copying deathstar_ms-4829.output to deathstar_ms-4829.output
tar: removing leading '/' from member names
Debug: Checking Namespace=default, Pod=ms-51685-79858c784f-wx9j9 for Target File=deathstar_*.output
Namespace: default, Pod: ms-51685-79858c784f-wx9j9 has the target files.
Copying deathstar_ms-51685.output to deathstar_ms-51685.output
tar: removing leading '/' from member names
Debug: Checking Namespace=default, Pod=ms-52379-57c6cdd54b-fgxkj for Target File=deathstar_*.output
Namespace: default, Pod: ms-52379-57c6cdd54b-fgxkj has the target files.
Copying deathstar_ms-52379.output to deathstar_ms-52379.output
tar: removing leading '/' from member names
Debug: Checking Namespace=default, Pod=ms-55394-6f999f5df9-m429r for Target File=deathstar_*.output
Namespace: default, Pod: ms-55394-6f999f5df9-m429r has the target files.
Copying deathstar_ms-55394.output to deathstar_ms-55394.output
tar: removing leading '/' from member names
Debug: Checking Namespace=default, Pod=ms-58436-59dd96f659-f7549 for Target File=deathstar_*.output
Namespace: default, Pod: ms-58436-59dd96f659-f7549 has the target files.
Copying deathstar_ms-58436.output to deathstar_ms-58436.output
tar: removing leading '/' from member names
Debug: Checking Namespace=default, Pod=ms-58772-68ff78c966-p7mcd for Target File=deathstar_*.output
Namespace: default, Pod: ms-58772-68ff78c966-p7mcd has the target files.
Copying deathstar_ms-58772.output to deathstar_ms-58772.output
tar: removing leading '/' from member names
Debug: Checking Namespace=default, Pod=ms-59962-756b895b58-sv49d for Target File=deathstar_*.output
Namespace: default, Pod: ms-59962-756b895b58-sv49d has the target files.
Copying deathstar_ms-59962.output to deathstar_ms-59962.output
tar: removing leading '/' from member names
Debug: Checking Namespace=default, Pod=ms-60061-68bd84bdcd-bl5vh for Target File=deathstar_*.output
Namespace: default, Pod: ms-60061-68bd84bdcd-bl5vh has the target files.
Copying deathstar_ms-60061.output to deathstar_ms-60061.output
tar: removing leading '/' from member names
Debug: Checking Namespace=default, Pod=ms-6323-974659fcd-s27rb for Target File=deathstar_*.output
Namespace: default, Pod: ms-6323-974659fcd-s27rb has the target files.
Copying deathstar_ms-6323.output to deathstar_ms-6323.output
tar: removing leading '/' from member names
Debug: Checking Namespace=default, Pod=ms-65741-65f588bcdf-25bk9 for Target File=deathstar_*.output
Namespace: default, Pod: ms-65741-65f588bcdf-25bk9 has the target files.
Copying deathstar_ms-65741.output to deathstar_ms-65741.output
tar: removing leading '/' from member names
Debug: Checking Namespace=default, Pod=ms-66473-79c66f8bff-n554v for Target File=deathstar_*.output
Namespace: default, Pod: ms-66473-79c66f8bff-n554v has the target files.
Copying deathstar_ms-66473.output to deathstar_ms-66473.output
tar: removing leading '/' from member names
Debug: Checking Namespace=default, Pod=ms-69188-65c548d4cb-trp8z for Target File=deathstar_*.output
Namespace: default, Pod: ms-69188-65c548d4cb-trp8z has the target files.
Copying deathstar_ms-69188.output to deathstar_ms-69188.output
tar: removing leading '/' from member names
Debug: Checking Namespace=default, Pod=ms-69614-794bd8475-cznc8 for Target File=deathstar_*.output
Namespace: default, Pod: ms-69614-794bd8475-cznc8 has the target files.
Copying deathstar_ms-69614.output to deathstar_ms-69614.output
tar: removing leading '/' from member names
Debug: Checking Namespace=default, Pod=ms-9081-567985788-hbjkr for Target File=deathstar_*.output
Namespace: default, Pod: ms-9081-567985788-hbjkr has the target files.
Copying deathstar_ms-9081.output to deathstar_ms-9081.output
tar: removing leading '/' from member names
Debug: Checking Namespace=default, Pod=nginx-web-server-56557f7cb7-7jctm for Target File=deathstar_*.output
Namespace: default, Pod: nginx-web-server-56557f7cb7-7jctm has the target files.
Copying deathstar_nginx-web-server.output to deathstar_nginx-web-server.output
tar: removing leading '/' from member names
Debug: Checking Namespace=default, Pod=unknown-6ddf9bd4b5-kvdwn for Target File=deathstar_*.output
Namespace: default, Pod: unknown-6ddf9bd4b5-kvdwn has the target files.
Copying deathstar_unknown.output to deathstar_unknown.output
tar: removing leading '/' from member names
