Deployments: ms-10090
ms-13558
ms-18330
ms-19585
ms-20172
ms-22893
ms-24009
ms-24959
ms-26622
ms-27421
ms-29373
ms-32301
ms-3289
ms-37691
ms-38964
ms-40147
ms-48118
ms-4829
ms-51685
ms-52379
ms-55394
ms-58436
ms-58772
ms-59962
ms-60061
ms-6323
ms-65741
ms-66473
ms-69188
ms-69614
ms-9081
nginx-web-server
unknown
deployment "ms-10090" successfully rolled out
deployment "ms-13558" successfully rolled out
deployment "ms-18330" successfully rolled out
deployment "ms-19585" successfully rolled out
deployment "ms-20172" successfully rolled out
deployment "ms-22893" successfully rolled out
deployment "ms-24009" successfully rolled out
deployment "ms-24959" successfully rolled out
deployment "ms-26622" successfully rolled out
deployment "ms-27421" successfully rolled out
deployment "ms-29373" successfully rolled out
deployment "ms-32301" successfully rolled out
deployment "ms-3289" successfully rolled out
deployment "ms-37691" successfully rolled out
deployment "ms-38964" successfully rolled out
deployment "ms-40147" successfully rolled out
deployment "ms-48118" successfully rolled out
deployment "ms-4829" successfully rolled out
deployment "ms-51685" successfully rolled out
deployment "ms-52379" successfully rolled out
deployment "ms-55394" successfully rolled out
deployment "ms-58436" successfully rolled out
deployment "ms-58772" successfully rolled out
deployment "ms-59962" successfully rolled out
deployment "ms-60061" successfully rolled out
deployment "ms-6323" successfully rolled out
deployment "ms-65741" successfully rolled out
deployment "ms-66473" successfully rolled out
deployment "ms-69188" successfully rolled out
deployment "ms-69614" successfully rolled out
deployment "ms-9081" successfully rolled out
deployment "nginx-web-server" successfully rolled out
deployment "unknown" successfully rolled out
ENTRY_POINT: nginx-web-server
SERVICE_A_URL: 10.104.80.233:50051
Capacity: 8000
Metadata: request-id={{.RequestNumber}}
Metadata: timestamp={{.TimestampUnix}}
Metadata: method=motivation-both
Charon Configurations:
[{INTERCEPT dagor} {PRICE_UPDATE_RATE 10ms} {TOKEN_UPDATE_RATE 10ms} {LATENCY_THRESHOLD 100us} {PRICE_STEP 0} {PRICE_STRATEGY step} {LAZY_UPDATE false} {RATE_LIMITING true} {LOAD_SHEDDING true} {CHARON_TRACK_PRICE false} {BREAKWATER_SLO 12500us} {BREAKWATER_A 0.001} {BREAKWATER_B 0.02} {BREAKWATER_CLIENT_EXPIRATION 10ms} {BREAKWATER_INITIAL_CREDIT 400} {BREAKWATER_LOAD_SHEDDING true} {BREAKWATER_RTT 1000us} {BREAKWATERD_SLO 12500us} {BREAKWATERD_A 0.001} {BREAKWATERD_B 0.02} {BREAKWATERD_CLIENT_EXPIRATION 10ms} {BREAKWATERD_INITIAL_CREDIT 400} {BREAKWATERD_LOAD_SHEDDING true} {BREAKWATERD_RTT 1000us} {DAGOR_QUEUING_THRESHOLD 348920us} {DAGOR_ALPHA 1.0084947688184391} {DAGOR_BETA 0.1305362387321991} {DAGOR_ADMISSION_LEVEL_UPDATE_INTERVAL 13260us} {DAGOR_UMAX 9}]

Summary:
  Count:	41860
  Total:	6.81 s
  Slowest:	1.01 s
  Fastest:	0.57 ms
  Average:	904.18 ms
  Requests/sec:	6150.84

Response time histogram:
  0.568    [1]   |
  101.199  [116] |∎∎∎∎∎∎∎∎∎∎∎∎∎∎∎∎∎∎∎∎∎∎∎∎∎∎∎∎∎∎∎∎∎∎∎∎∎∎∎∎
  201.829  [30]  |∎∎∎∎∎∎∎∎∎∎
  302.460  [27]  |∎∎∎∎∎∎∎∎∎
  403.090  [30]  |∎∎∎∎∎∎∎∎∎∎
  503.720  [29]  |∎∎∎∎∎∎∎∎∎∎
  604.351  [36]  |∎∎∎∎∎∎∎∎∎∎∎∎
  704.981  [35]  |∎∎∎∎∎∎∎∎∎∎∎∎
  805.612  [25]  |∎∎∎∎∎∎∎∎∎
  906.242  [23]  |∎∎∎∎∎∎∎∎
  1006.872 [31]  |∎∎∎∎∎∎∎∎∎∎∎

Latency distribution:
  10 % in 0.87 ms 
  25 % in 43.29 ms 
  50 % in 360.78 ms 
  75 % in 659.05 ms 
  90 % in 850.02 ms 
  95 % in 926.82 ms 
  99 % in 975.14 ms 

Status code distribution:
  [DeadlineExceeded]    33751 responses   
  [OK]                  383 responses     
  [ResourceExhausted]   923 responses     
  [Canceled]            6803 responses    

Error distribution:
  [923]     rpc error: code = ResourceExhausted desc = [Server Admission Control] Request B, U values do not meet the threshold   
  [6803]    rpc error: code = Canceled desc = grpc: the client connection is closing                                              
  [33751]   rpc error: code = DeadlineExceeded desc = context deadline exceeded                                                   

Debug: Checking Namespace=default, Pod=ms-10090-6454f977fd-gqx7r for Target File=deathstar_*.output
Namespace: default, Pod: ms-10090-6454f977fd-gqx7r has the target files.
Copying deathstar_ms-10090.output to deathstar_ms-10090.output
tar: removing leading '/' from member names
Debug: Checking Namespace=default, Pod=ms-13558-b48bb5d9d-x2l6c for Target File=deathstar_*.output
Namespace: default, Pod: ms-13558-b48bb5d9d-x2l6c has the target files.
Copying deathstar_ms-13558.output to deathstar_ms-13558.output
tar: removing leading '/' from member names
Debug: Checking Namespace=default, Pod=ms-18330-759d9cf49c-ffsj8 for Target File=deathstar_*.output
Namespace: default, Pod: ms-18330-759d9cf49c-ffsj8 has the target files.
Copying deathstar_ms-18330.output to deathstar_ms-18330.output
tar: removing leading '/' from member names
Debug: Checking Namespace=default, Pod=ms-19585-6f995cfcbf-w7vns for Target File=deathstar_*.output
Namespace: default, Pod: ms-19585-6f995cfcbf-w7vns has the target files.
Copying deathstar_ms-19585.output to deathstar_ms-19585.output
tar: removing leading '/' from member names
Debug: Checking Namespace=default, Pod=ms-20172-59d5485464-jh5vc for Target File=deathstar_*.output
Namespace: default, Pod: ms-20172-59d5485464-jh5vc has the target files.
Copying deathstar_ms-20172.output to deathstar_ms-20172.output
tar: removing leading '/' from member names
Debug: Checking Namespace=default, Pod=ms-22893-576fd5f9f6-4jsdd for Target File=deathstar_*.output
Namespace: default, Pod: ms-22893-576fd5f9f6-4jsdd has the target files.
Copying deathstar_ms-22893.output to deathstar_ms-22893.output
tar: removing leading '/' from member names
Debug: Checking Namespace=default, Pod=ms-24009-67dbf5b976-92cnv for Target File=deathstar_*.output
Namespace: default, Pod: ms-24009-67dbf5b976-92cnv has the target files.
Copying deathstar_ms-24009.output to deathstar_ms-24009.output
tar: removing leading '/' from member names
Debug: Checking Namespace=default, Pod=ms-24959-99f8bbf9-r5sd4 for Target File=deathstar_*.output
Namespace: default, Pod: ms-24959-99f8bbf9-r5sd4 has the target files.
Copying deathstar_ms-24959.output to deathstar_ms-24959.output
tar: removing leading '/' from member names
Debug: Checking Namespace=default, Pod=ms-26622-66fdf7d64f-kxhd2 for Target File=deathstar_*.output
Namespace: default, Pod: ms-26622-66fdf7d64f-kxhd2 has the target files.
Copying deathstar_ms-26622.output to deathstar_ms-26622.output
tar: removing leading '/' from member names
Debug: Checking Namespace=default, Pod=ms-27421-64f549855c-9jgzt for Target File=deathstar_*.output
Namespace: default, Pod: ms-27421-64f549855c-9jgzt has the target files.
Copying deathstar_ms-27421.output to deathstar_ms-27421.output
tar: removing leading '/' from member names
Debug: Checking Namespace=default, Pod=ms-29373-8467f7db44-kqgqm for Target File=deathstar_*.output
Namespace: default, Pod: ms-29373-8467f7db44-kqgqm has the target files.
Copying deathstar_ms-29373.output to deathstar_ms-29373.output
tar: removing leading '/' from member names
Debug: Checking Namespace=default, Pod=ms-32301-c5654bbc5-wctpd for Target File=deathstar_*.output
Namespace: default, Pod: ms-32301-c5654bbc5-wctpd has the target files.
Copying deathstar_ms-32301.output to deathstar_ms-32301.output
tar: removing leading '/' from member names
Debug: Checking Namespace=default, Pod=ms-3289-587dbd96bf-dx6hq for Target File=deathstar_*.output
Namespace: default, Pod: ms-3289-587dbd96bf-dx6hq has the target files.
Copying deathstar_ms-3289.output to deathstar_ms-3289.output
tar: removing leading '/' from member names
Debug: Checking Namespace=default, Pod=ms-37691-6dc6cd6744-zzg4p for Target File=deathstar_*.output
Namespace: default, Pod: ms-37691-6dc6cd6744-zzg4p has the target files.
Copying deathstar_ms-37691.output to deathstar_ms-37691.output
tar: removing leading '/' from member names
Debug: Checking Namespace=default, Pod=ms-38964-5b647cdbd-rld59 for Target File=deathstar_*.output
Namespace: default, Pod: ms-38964-5b647cdbd-rld59 has the target files.
Copying deathstar_ms-38964.output to deathstar_ms-38964.output
tar: removing leading '/' from member names
Debug: Checking Namespace=default, Pod=ms-40147-cd867585-xzbl8 for Target File=deathstar_*.output
Namespace: default, Pod: ms-40147-cd867585-xzbl8 has the target files.
Copying deathstar_ms-40147.output to deathstar_ms-40147.output
tar: removing leading '/' from member names
Debug: Checking Namespace=default, Pod=ms-48118-ff7b99cc9-gsrsx for Target File=deathstar_*.output
Namespace: default, Pod: ms-48118-ff7b99cc9-gsrsx has the target files.
Copying deathstar_ms-48118.output to deathstar_ms-48118.output
tar: removing leading '/' from member names
Debug: Checking Namespace=default, Pod=ms-4829-669557b66c-x7q5t for Target File=deathstar_*.output
Namespace: default, Pod: ms-4829-669557b66c-x7q5t has the target files.
Copying deathstar_ms-4829.output to deathstar_ms-4829.output
tar: removing leading '/' from member names
Debug: Checking Namespace=default, Pod=ms-51685-79858c784f-m2px6 for Target File=deathstar_*.output
Namespace: default, Pod: ms-51685-79858c784f-m2px6 has the target files.
Copying deathstar_ms-51685.output to deathstar_ms-51685.output
tar: removing leading '/' from member names
Debug: Checking Namespace=default, Pod=ms-52379-57c6cdd54b-z5xqk for Target File=deathstar_*.output
Namespace: default, Pod: ms-52379-57c6cdd54b-z5xqk has the target files.
Copying deathstar_ms-52379.output to deathstar_ms-52379.output
tar: removing leading '/' from member names
Debug: Checking Namespace=default, Pod=ms-55394-6f999f5df9-fslnz for Target File=deathstar_*.output
Namespace: default, Pod: ms-55394-6f999f5df9-fslnz has the target files.
Copying deathstar_ms-55394.output to deathstar_ms-55394.output
tar: removing leading '/' from member names
Debug: Checking Namespace=default, Pod=ms-58436-59dd96f659-8ftnb for Target File=deathstar_*.output
Namespace: default, Pod: ms-58436-59dd96f659-8ftnb has the target files.
Copying deathstar_ms-58436.output to deathstar_ms-58436.output
tar: removing leading '/' from member names
Debug: Checking Namespace=default, Pod=ms-58772-68ff78c966-nt7tv for Target File=deathstar_*.output
Namespace: default, Pod: ms-58772-68ff78c966-nt7tv has the target files.
Copying deathstar_ms-58772.output to deathstar_ms-58772.output
tar: removing leading '/' from member names
Debug: Checking Namespace=default, Pod=ms-59962-756b895b58-xzjfg for Target File=deathstar_*.output
Namespace: default, Pod: ms-59962-756b895b58-xzjfg has the target files.
Copying deathstar_ms-59962.output to deathstar_ms-59962.output
tar: removing leading '/' from member names
Debug: Checking Namespace=default, Pod=ms-60061-68bd84bdcd-mgrqs for Target File=deathstar_*.output
Namespace: default, Pod: ms-60061-68bd84bdcd-mgrqs has the target files.
Copying deathstar_ms-60061.output to deathstar_ms-60061.output
tar: removing leading '/' from member names
Debug: Checking Namespace=default, Pod=ms-6323-974659fcd-ch6sp for Target File=deathstar_*.output
Namespace: default, Pod: ms-6323-974659fcd-ch6sp has the target files.
Copying deathstar_ms-6323.output to deathstar_ms-6323.output
tar: removing leading '/' from member names
Debug: Checking Namespace=default, Pod=ms-65741-65f588bcdf-zm5hq for Target File=deathstar_*.output
Namespace: default, Pod: ms-65741-65f588bcdf-zm5hq has the target files.
Copying deathstar_ms-65741.output to deathstar_ms-65741.output
tar: removing leading '/' from member names
Debug: Checking Namespace=default, Pod=ms-66473-79c66f8bff-rzhdm for Target File=deathstar_*.output
Namespace: default, Pod: ms-66473-79c66f8bff-rzhdm has the target files.
Copying deathstar_ms-66473.output to deathstar_ms-66473.output
tar: removing leading '/' from member names
Debug: Checking Namespace=default, Pod=ms-69188-65c548d4cb-xkqj4 for Target File=deathstar_*.output
Namespace: default, Pod: ms-69188-65c548d4cb-xkqj4 has the target files.
Copying deathstar_ms-69188.output to deathstar_ms-69188.output
tar: removing leading '/' from member names
Debug: Checking Namespace=default, Pod=ms-69614-794bd8475-brn42 for Target File=deathstar_*.output
Namespace: default, Pod: ms-69614-794bd8475-brn42 has the target files.
Copying deathstar_ms-69614.output to deathstar_ms-69614.output
tar: removing leading '/' from member names
Debug: Checking Namespace=default, Pod=ms-9081-567985788-9fz2m for Target File=deathstar_*.output
Namespace: default, Pod: ms-9081-567985788-9fz2m has the target files.
Copying deathstar_ms-9081.output to deathstar_ms-9081.output
tar: removing leading '/' from member names
Debug: Checking Namespace=default, Pod=nginx-web-server-56557f7cb7-jfhjw for Target File=deathstar_*.output
Namespace: default, Pod: nginx-web-server-56557f7cb7-jfhjw has the target files.
Copying deathstar_nginx-web-server.output to deathstar_nginx-web-server.output
tar: removing leading '/' from member names
Debug: Checking Namespace=default, Pod=unknown-6ddf9bd4b5-57h6n for Target File=deathstar_*.output
Namespace: default, Pod: unknown-6ddf9bd4b5-57h6n has the target files.
Copying deathstar_unknown.output to deathstar_unknown.output
tar: removing leading '/' from member names
