Deployments: ms-25648
ms-27283
ms-27421
ms-2827
ms-34756
ms-36144
ms-37691
ms-41385
ms-41914
ms-46825
ms-54016
ms-55339
ms-58269
ms-58845
ms-68328
ms-70297
nginx-web-server
unknown
deployment "ms-25648" successfully rolled out
deployment "ms-27283" successfully rolled out
deployment "ms-27421" successfully rolled out
deployment "ms-2827" successfully rolled out
deployment "ms-34756" successfully rolled out
deployment "ms-36144" successfully rolled out
deployment "ms-37691" successfully rolled out
deployment "ms-41385" successfully rolled out
deployment "ms-41914" successfully rolled out
deployment "ms-46825" successfully rolled out
deployment "ms-54016" successfully rolled out
deployment "ms-55339" successfully rolled out
deployment "ms-58269" successfully rolled out
deployment "ms-58845" successfully rolled out
deployment "ms-68328" successfully rolled out
deployment "ms-70297" successfully rolled out
deployment "nginx-web-server" successfully rolled out
deployment "unknown" successfully rolled out
ENTRY_POINT: nginx-web-server
SERVICE_A_URL: 10.99.209.153:50051
Capacity: 10000
Metadata: request-id={{.RequestNumber}}
Metadata: timestamp={{.TimestampUnix}}
Metadata: method=S_161142529
Charon Configurations:
[{INTERCEPT breakwater} {PRICE_UPDATE_RATE 10ms} {TOKEN_UPDATE_RATE 10ms} {LATENCY_THRESHOLD 100us} {PRICE_STEP 0} {PRICE_STRATEGY step} {LAZY_UPDATE false} {RATE_LIMITING true} {LOAD_SHEDDING true} {CHARON_TRACK_PRICE false} {BREAKWATER_SLO 6378us} {BREAKWATER_A 1.966936676661002} {BREAKWATER_B 0.8422152500101043} {BREAKWATER_CLIENT_EXPIRATION 4789us} {BREAKWATER_INITIAL_CREDIT 1066} {BREAKWATER_LOAD_SHEDDING true} {BREAKWATER_RTT 13837us} {BREAKWATERD_SLO 12500us} {BREAKWATERD_A 0.001} {BREAKWATERD_B 0.02} {BREAKWATERD_CLIENT_EXPIRATION 10ms} {BREAKWATERD_INITIAL_CREDIT 400} {BREAKWATERD_LOAD_SHEDDING true} {BREAKWATERD_RTT 1000us} {DAGOR_QUEUING_THRESHOLD 2ms} {DAGOR_ALPHA 0.05} {DAGOR_BETA 0.01} {DAGOR_ADMISSION_LEVEL_UPDATE_INTERVAL 10ms} {DAGOR_UMAX 20}]

Summary:
  Count:	112230
  Total:	14.86 s
  Slowest:	1.00 s
  Fastest:	65.19 ms
  Average:	239.78 ms
  Requests/sec:	7553.15

Response time histogram:
  65.189   [1]     |
  158.673  [26733] |∎∎∎∎∎∎∎∎∎∎∎∎∎∎∎∎∎∎∎∎∎∎∎∎∎∎∎∎∎∎∎∎∎∎∎∎∎∎∎∎
  252.157  [25987] |∎∎∎∎∎∎∎∎∎∎∎∎∎∎∎∎∎∎∎∎∎∎∎∎∎∎∎∎∎∎∎∎∎∎∎∎∎∎∎
  345.641  [19046] |∎∎∎∎∎∎∎∎∎∎∎∎∎∎∎∎∎∎∎∎∎∎∎∎∎∎∎∎
  439.125  [8816]  |∎∎∎∎∎∎∎∎∎∎∎∎∎
  532.609  [5049]  |∎∎∎∎∎∎∎∎
  626.093  [3725]  |∎∎∎∎∎∎
  719.577  [2180]  |∎∎∎
  813.061  [2278]  |∎∎∎
  906.545  [1640]  |∎∎
  1000.029 [362]   |∎

Latency distribution:
  10 % in 69.06 ms 
  25 % in 146.90 ms 
  50 % in 230.05 ms 
  75 % in 346.21 ms 
  90 % in 544.99 ms 
  95 % in 695.08 ms 
  99 % in 857.33 ms 

Status code distribution:
  [Canceled]            1867 responses    
  [OK]                  95817 responses   
  [ResourceExhausted]   14438 responses   
  [DeadlineExceeded]    108 responses     

Error distribution:
  [14438]   rpc error: code = ResourceExhausted desc = Server-side queuing delay is beyond AQM threshold   
  [108]     rpc error: code = DeadlineExceeded desc = context deadline exceeded                            
  [1867]    rpc error: code = Canceled desc = grpc: the client connection is closing                       

Debug: Checking Namespace=default, Pod=ms-25648-86cc47d8bd-49x76 for Target File=deathstar_*.output
Namespace: default, Pod: ms-25648-86cc47d8bd-49x76 has the target files.
Copying deathstar_ms-25648.output to deathstar_ms-25648.output
tar: removing leading '/' from member names
Debug: Checking Namespace=default, Pod=ms-27283-7cb76dd56d-dtjnm for Target File=deathstar_*.output
Namespace: default, Pod: ms-27283-7cb76dd56d-dtjnm has the target files.
Copying deathstar_ms-27283.output to deathstar_ms-27283.output
tar: removing leading '/' from member names
Debug: Checking Namespace=default, Pod=ms-27421-64f549855c-x6p4w for Target File=deathstar_*.output
Namespace: default, Pod: ms-27421-64f549855c-x6p4w has the target files.
Copying deathstar_ms-27421.output to deathstar_ms-27421.output
tar: removing leading '/' from member names
Debug: Checking Namespace=default, Pod=ms-2827-565cbcd7b-vlhvn for Target File=deathstar_*.output
Namespace: default, Pod: ms-2827-565cbcd7b-vlhvn has the target files.
Copying deathstar_ms-2827.output to deathstar_ms-2827.output
tar: removing leading '/' from member names
Debug: Checking Namespace=default, Pod=ms-34756-7c45d5bcc-vd7pw for Target File=deathstar_*.output
Namespace: default, Pod: ms-34756-7c45d5bcc-vd7pw has the target files.
Copying deathstar_ms-34756.output to deathstar_ms-34756.output
tar: removing leading '/' from member names
Debug: Checking Namespace=default, Pod=ms-36144-7bf7cbfff6-4mc2z for Target File=deathstar_*.output
Namespace: default, Pod: ms-36144-7bf7cbfff6-4mc2z has the target files.
Copying deathstar_ms-36144.output to deathstar_ms-36144.output
tar: removing leading '/' from member names
Debug: Checking Namespace=default, Pod=ms-37691-6f7cbf7c5-n24q7 for Target File=deathstar_*.output
Namespace: default, Pod: ms-37691-6f7cbf7c5-n24q7 has the target files.
Copying deathstar_ms-37691.output to deathstar_ms-37691.output
tar: removing leading '/' from member names
Debug: Checking Namespace=default, Pod=ms-41385-6bc4f5d4fc-7g4cz for Target File=deathstar_*.output
Namespace: default, Pod: ms-41385-6bc4f5d4fc-7g4cz has the target files.
Copying deathstar_ms-41385.output to deathstar_ms-41385.output
tar: removing leading '/' from member names
Debug: Checking Namespace=default, Pod=ms-41914-5555dd8d48-g4x78 for Target File=deathstar_*.output
Namespace: default, Pod: ms-41914-5555dd8d48-g4x78 has the target files.
Copying deathstar_ms-41914.output to deathstar_ms-41914.output
tar: removing leading '/' from member names
Debug: Checking Namespace=default, Pod=ms-46825-58c684559d-t279w for Target File=deathstar_*.output
Namespace: default, Pod: ms-46825-58c684559d-t279w has the target files.
Copying deathstar_ms-46825.output to deathstar_ms-46825.output
tar: removing leading '/' from member names
Debug: Checking Namespace=default, Pod=ms-54016-5665fbcb8d-zv9zx for Target File=deathstar_*.output
Namespace: default, Pod: ms-54016-5665fbcb8d-zv9zx has the target files.
Copying deathstar_ms-54016.output to deathstar_ms-54016.output
tar: removing leading '/' from member names
Debug: Checking Namespace=default, Pod=ms-55339-5b545b67bb-z7sjd for Target File=deathstar_*.output
Namespace: default, Pod: ms-55339-5b545b67bb-z7sjd has the target files.
Copying deathstar_ms-55339.output to deathstar_ms-55339.output
tar: removing leading '/' from member names
Debug: Checking Namespace=default, Pod=ms-58269-8c4794c6c-m4z4h for Target File=deathstar_*.output
Namespace: default, Pod: ms-58269-8c4794c6c-m4z4h has the target files.
Copying deathstar_ms-58269.output to deathstar_ms-58269.output
tar: removing leading '/' from member names
Debug: Checking Namespace=default, Pod=ms-58845-5bc6f9d8df-jzmn8 for Target File=deathstar_*.output
Namespace: default, Pod: ms-58845-5bc6f9d8df-jzmn8 has the target files.
Copying deathstar_ms-58845.output to deathstar_ms-58845.output
tar: removing leading '/' from member names
Debug: Checking Namespace=default, Pod=ms-68328-5866fd45b7-dbv49 for Target File=deathstar_*.output
Namespace: default, Pod: ms-68328-5866fd45b7-dbv49 has the target files.
Copying deathstar_ms-68328.output to deathstar_ms-68328.output
tar: removing leading '/' from member names
Debug: Checking Namespace=default, Pod=ms-70297-868876bcdb-mn82g for Target File=deathstar_*.output
Namespace: default, Pod: ms-70297-868876bcdb-mn82g has the target files.
Copying deathstar_ms-70297.output to deathstar_ms-70297.output
tar: removing leading '/' from member names
Debug: Checking Namespace=default, Pod=nginx-web-server-56557f7cb7-2d78n for Target File=deathstar_*.output
Namespace: default, Pod: nginx-web-server-56557f7cb7-2d78n has the target files.
Copying deathstar_nginx-web-server.output to deathstar_nginx-web-server.output
tar: removing leading '/' from member names
Debug: Checking Namespace=default, Pod=unknown-57ddd65965-dc4sh for Target File=deathstar_*.output
Namespace: default, Pod: unknown-57ddd65965-dc4sh has the target files.
Copying deathstar_unknown.output to deathstar_unknown.output
tar: removing leading '/' from member names
