Deployments: ms-10090
ms-13558
ms-18330
ms-19585
ms-20172
ms-22893
ms-24009
ms-24959
ms-26622
ms-27421
ms-29373
ms-32301
ms-3289
ms-37691
ms-38964
ms-40147
ms-48118
ms-4829
ms-51685
ms-52379
ms-55394
ms-58436
ms-58772
ms-59962
ms-60061
ms-6323
ms-65741
ms-66473
ms-69188
ms-69614
ms-9081
nginx-web-server
unknown
deployment "ms-10090" successfully rolled out
deployment "ms-13558" successfully rolled out
deployment "ms-18330" successfully rolled out
deployment "ms-19585" successfully rolled out
deployment "ms-20172" successfully rolled out
deployment "ms-22893" successfully rolled out
deployment "ms-24009" successfully rolled out
deployment "ms-24959" successfully rolled out
deployment "ms-26622" successfully rolled out
deployment "ms-27421" successfully rolled out
deployment "ms-29373" successfully rolled out
deployment "ms-32301" successfully rolled out
deployment "ms-3289" successfully rolled out
deployment "ms-37691" successfully rolled out
deployment "ms-38964" successfully rolled out
deployment "ms-40147" successfully rolled out
deployment "ms-48118" successfully rolled out
deployment "ms-4829" successfully rolled out
deployment "ms-51685" successfully rolled out
deployment "ms-52379" successfully rolled out
deployment "ms-55394" successfully rolled out
deployment "ms-58436" successfully rolled out
deployment "ms-58772" successfully rolled out
deployment "ms-59962" successfully rolled out
deployment "ms-60061" successfully rolled out
deployment "ms-6323" successfully rolled out
deployment "ms-65741" successfully rolled out
deployment "ms-66473" successfully rolled out
deployment "ms-69188" successfully rolled out
deployment "ms-69614" successfully rolled out
deployment "ms-9081" successfully rolled out
deployment "nginx-web-server" successfully rolled out
deployment "unknown" successfully rolled out
ENTRY_POINT: nginx-web-server
SERVICE_A_URL: 10.99.68.178:50051
Capacity: 13000
Metadata: request-id={{.RequestNumber}}
Metadata: timestamp={{.TimestampUnix}}
Metadata: method=S_149998854
Charon Configurations:
[{INTERCEPT charon} {PRICE_UPDATE_RATE 16569us} {TOKEN_UPDATE_RATE 13149us} {LATENCY_THRESHOLD 9000us} {PRICE_STEP 73} {PRICE_STRATEGY proportional} {LAZY_UPDATE true} {RATE_LIMITING true} {LOAD_SHEDDING true} {CHARON_TRACK_PRICE false} {BREAKWATER_SLO 12500us} {BREAKWATER_A 0.001} {BREAKWATER_B 0.02} {BREAKWATER_CLIENT_EXPIRATION 10ms} {BREAKWATER_INITIAL_CREDIT 400} {BREAKWATER_LOAD_SHEDDING true} {BREAKWATER_RTT 1000us} {BREAKWATERD_SLO 12500us} {BREAKWATERD_A 0.001} {BREAKWATERD_B 0.02} {BREAKWATERD_CLIENT_EXPIRATION 10ms} {BREAKWATERD_INITIAL_CREDIT 400} {BREAKWATERD_LOAD_SHEDDING true} {BREAKWATERD_RTT 1000us} {DAGOR_QUEUING_THRESHOLD 2ms} {DAGOR_ALPHA 0.05} {DAGOR_BETA 0.01} {DAGOR_ADMISSION_LEVEL_UPDATE_INTERVAL 10ms} {DAGOR_UMAX 20}]

Summary:
  Count:	57162
  Total:	14.86 s
  Slowest:	906.53 ms
  Fastest:	110.81 ms
  Average:	164.16 ms
  Requests/sec:	3846.37

Response time histogram:
  110.810 [1]     |
  190.383 [40768] |∎∎∎∎∎∎∎∎∎∎∎∎∎∎∎∎∎∎∎∎∎∎∎∎∎∎∎∎∎∎∎∎∎∎∎∎∎∎∎∎
  269.955 [2776]  |∎∎∎
  349.527 [341]   |
  429.099 [86]    |
  508.672 [68]    |
  588.244 [21]    |
  667.816 [354]   |
  747.388 [828]   |∎
  826.960 [551]   |∎
  906.533 [63]    |

Latency distribution:
  10 % in 113.33 ms 
  25 % in 117.06 ms 
  50 % in 141.98 ms 
  75 % in 167.31 ms 
  90 % in 194.07 ms 
  95 % in 273.34 ms 
  99 % in 754.92 ms 

Status code distribution:
  [OK]                  45857 responses   
  [ResourceExhausted]   10899 responses   
  [Canceled]            406 responses     

Error distribution:
  [406]    rpc error: code = Canceled desc = grpc: the client connection is closing                                   
  [673]    rpc error: code = ResourceExhausted desc = S_149998854 req dropped by ms-66473. Try again later.           
  [4991]   rpc error: code = ResourceExhausted desc = S_149998854 req dropped by nginx-web-server. Try again later.   
  [2753]   rpc error: code = ResourceExhausted desc = S_149998854 req dropped by ms-18330. Try again later.           
  [2482]   rpc error: code = ResourceExhausted desc = S_149998854 req dropped by ms-55394. Try again later.           

Debug: Checking Namespace=default, Pod=ms-10090-6454f977fd-z24qf for Target File=deathstar_*.output
Namespace: default, Pod: ms-10090-6454f977fd-z24qf has the target files.
Copying deathstar_ms-10090.output to deathstar_ms-10090.output
tar: removing leading '/' from member names
Debug: Checking Namespace=default, Pod=ms-13558-b48bb5d9d-86fnl for Target File=deathstar_*.output
Namespace: default, Pod: ms-13558-b48bb5d9d-86fnl has the target files.
Copying deathstar_ms-13558.output to deathstar_ms-13558.output
tar: removing leading '/' from member names
Debug: Checking Namespace=default, Pod=ms-18330-759d9cf49c-jz8jk for Target File=deathstar_*.output
Namespace: default, Pod: ms-18330-759d9cf49c-jz8jk has the target files.
Copying deathstar_ms-18330.output to deathstar_ms-18330.output
tar: removing leading '/' from member names
Debug: Checking Namespace=default, Pod=ms-19585-6f995cfcbf-8gbmn for Target File=deathstar_*.output
Namespace: default, Pod: ms-19585-6f995cfcbf-8gbmn has the target files.
Copying deathstar_ms-19585.output to deathstar_ms-19585.output
tar: removing leading '/' from member names
Debug: Checking Namespace=default, Pod=ms-20172-59d5485464-4phmr for Target File=deathstar_*.output
Namespace: default, Pod: ms-20172-59d5485464-4phmr has the target files.
Copying deathstar_ms-20172.output to deathstar_ms-20172.output
tar: removing leading '/' from member names
Debug: Checking Namespace=default, Pod=ms-22893-576fd5f9f6-jvjwg for Target File=deathstar_*.output
Namespace: default, Pod: ms-22893-576fd5f9f6-jvjwg has the target files.
Copying deathstar_ms-22893.output to deathstar_ms-22893.output
tar: removing leading '/' from member names
Debug: Checking Namespace=default, Pod=ms-24009-67dbf5b976-2rcwb for Target File=deathstar_*.output
Namespace: default, Pod: ms-24009-67dbf5b976-2rcwb has the target files.
Copying deathstar_ms-24009.output to deathstar_ms-24009.output
tar: removing leading '/' from member names
Debug: Checking Namespace=default, Pod=ms-24959-99f8bbf9-7sxct for Target File=deathstar_*.output
Namespace: default, Pod: ms-24959-99f8bbf9-7sxct has the target files.
Copying deathstar_ms-24959.output to deathstar_ms-24959.output
tar: removing leading '/' from member names
Debug: Checking Namespace=default, Pod=ms-26622-66fdf7d64f-7bx6t for Target File=deathstar_*.output
Namespace: default, Pod: ms-26622-66fdf7d64f-7bx6t has the target files.
Copying deathstar_ms-26622.output to deathstar_ms-26622.output
tar: removing leading '/' from member names
Debug: Checking Namespace=default, Pod=ms-27421-64f549855c-jbckg for Target File=deathstar_*.output
Namespace: default, Pod: ms-27421-64f549855c-jbckg has the target files.
Copying deathstar_ms-27421.output to deathstar_ms-27421.output
tar: removing leading '/' from member names
Debug: Checking Namespace=default, Pod=ms-29373-8467f7db44-hm4nh for Target File=deathstar_*.output
Namespace: default, Pod: ms-29373-8467f7db44-hm4nh has the target files.
Copying deathstar_ms-29373.output to deathstar_ms-29373.output
tar: removing leading '/' from member names
Debug: Checking Namespace=default, Pod=ms-32301-c5654bbc5-z78j5 for Target File=deathstar_*.output
Namespace: default, Pod: ms-32301-c5654bbc5-z78j5 has the target files.
Copying deathstar_ms-32301.output to deathstar_ms-32301.output
tar: removing leading '/' from member names
Debug: Checking Namespace=default, Pod=ms-3289-587dbd96bf-rp9v8 for Target File=deathstar_*.output
Namespace: default, Pod: ms-3289-587dbd96bf-rp9v8 has the target files.
Copying deathstar_ms-3289.output to deathstar_ms-3289.output
tar: removing leading '/' from member names
Debug: Checking Namespace=default, Pod=ms-37691-6dc6cd6744-t2hkn for Target File=deathstar_*.output
Namespace: default, Pod: ms-37691-6dc6cd6744-t2hkn has the target files.
Copying deathstar_ms-37691.output to deathstar_ms-37691.output
tar: removing leading '/' from member names
Debug: Checking Namespace=default, Pod=ms-38964-5b647cdbd-9g55b for Target File=deathstar_*.output
Namespace: default, Pod: ms-38964-5b647cdbd-9g55b has the target files.
Copying deathstar_ms-38964.output to deathstar_ms-38964.output
tar: removing leading '/' from member names
Debug: Checking Namespace=default, Pod=ms-40147-cd867585-gn84j for Target File=deathstar_*.output
Namespace: default, Pod: ms-40147-cd867585-gn84j has the target files.
Copying deathstar_ms-40147.output to deathstar_ms-40147.output
tar: removing leading '/' from member names
Debug: Checking Namespace=default, Pod=ms-48118-ff7b99cc9-nb4k9 for Target File=deathstar_*.output
Namespace: default, Pod: ms-48118-ff7b99cc9-nb4k9 has the target files.
Copying deathstar_ms-48118.output to deathstar_ms-48118.output
tar: removing leading '/' from member names
Debug: Checking Namespace=default, Pod=ms-4829-669557b66c-d7b52 for Target File=deathstar_*.output
Namespace: default, Pod: ms-4829-669557b66c-d7b52 has the target files.
Copying deathstar_ms-4829.output to deathstar_ms-4829.output
tar: removing leading '/' from member names
Debug: Checking Namespace=default, Pod=ms-51685-79858c784f-75hxc for Target File=deathstar_*.output
Namespace: default, Pod: ms-51685-79858c784f-75hxc has the target files.
Copying deathstar_ms-51685.output to deathstar_ms-51685.output
tar: removing leading '/' from member names
Debug: Checking Namespace=default, Pod=ms-52379-57c6cdd54b-52dtv for Target File=deathstar_*.output
Namespace: default, Pod: ms-52379-57c6cdd54b-52dtv has the target files.
Copying deathstar_ms-52379.output to deathstar_ms-52379.output
tar: removing leading '/' from member names
Debug: Checking Namespace=default, Pod=ms-55394-6f999f5df9-rqbzp for Target File=deathstar_*.output
Namespace: default, Pod: ms-55394-6f999f5df9-rqbzp has the target files.
Copying deathstar_ms-55394.output to deathstar_ms-55394.output
tar: removing leading '/' from member names
Debug: Checking Namespace=default, Pod=ms-58436-59dd96f659-mkg6p for Target File=deathstar_*.output
Namespace: default, Pod: ms-58436-59dd96f659-mkg6p has the target files.
Copying deathstar_ms-58436.output to deathstar_ms-58436.output
tar: removing leading '/' from member names
Debug: Checking Namespace=default, Pod=ms-58772-68ff78c966-nqh5h for Target File=deathstar_*.output
Namespace: default, Pod: ms-58772-68ff78c966-nqh5h has the target files.
Copying deathstar_ms-58772.output to deathstar_ms-58772.output
tar: removing leading '/' from member names
Debug: Checking Namespace=default, Pod=ms-59962-756b895b58-r2xtr for Target File=deathstar_*.output
Namespace: default, Pod: ms-59962-756b895b58-r2xtr has the target files.
Copying deathstar_ms-59962.output to deathstar_ms-59962.output
tar: removing leading '/' from member names
Debug: Checking Namespace=default, Pod=ms-60061-68bd84bdcd-22hgg for Target File=deathstar_*.output
Namespace: default, Pod: ms-60061-68bd84bdcd-22hgg has the target files.
Copying deathstar_ms-60061.output to deathstar_ms-60061.output
tar: removing leading '/' from member names
Debug: Checking Namespace=default, Pod=ms-6323-974659fcd-9kjkt for Target File=deathstar_*.output
Namespace: default, Pod: ms-6323-974659fcd-9kjkt has the target files.
Copying deathstar_ms-6323.output to deathstar_ms-6323.output
tar: removing leading '/' from member names
Debug: Checking Namespace=default, Pod=ms-65741-65f588bcdf-lfn9v for Target File=deathstar_*.output
Namespace: default, Pod: ms-65741-65f588bcdf-lfn9v has the target files.
Copying deathstar_ms-65741.output to deathstar_ms-65741.output
tar: removing leading '/' from member names
Debug: Checking Namespace=default, Pod=ms-66473-79c66f8bff-tl6qs for Target File=deathstar_*.output
Namespace: default, Pod: ms-66473-79c66f8bff-tl6qs has the target files.
Copying deathstar_ms-66473.output to deathstar_ms-66473.output
tar: removing leading '/' from member names
Debug: Checking Namespace=default, Pod=ms-69188-65c548d4cb-lfvv6 for Target File=deathstar_*.output
Namespace: default, Pod: ms-69188-65c548d4cb-lfvv6 has the target files.
Copying deathstar_ms-69188.output to deathstar_ms-69188.output
tar: removing leading '/' from member names
Debug: Checking Namespace=default, Pod=ms-69614-794bd8475-st94z for Target File=deathstar_*.output
Namespace: default, Pod: ms-69614-794bd8475-st94z has the target files.
Copying deathstar_ms-69614.output to deathstar_ms-69614.output
tar: removing leading '/' from member names
Debug: Checking Namespace=default, Pod=ms-9081-567985788-lkl69 for Target File=deathstar_*.output
Namespace: default, Pod: ms-9081-567985788-lkl69 has the target files.
Copying deathstar_ms-9081.output to deathstar_ms-9081.output
tar: removing leading '/' from member names
Debug: Checking Namespace=default, Pod=nginx-web-server-56557f7cb7-5xnh2 for Target File=deathstar_*.output
Namespace: default, Pod: nginx-web-server-56557f7cb7-5xnh2 has the target files.
Copying deathstar_nginx-web-server.output to deathstar_nginx-web-server.output
tar: removing leading '/' from member names
Debug: Checking Namespace=default, Pod=unknown-6ddf9bd4b5-5bk2r for Target File=deathstar_*.output
Namespace: default, Pod: unknown-6ddf9bd4b5-5bk2r has the target files.
Copying deathstar_unknown.output to deathstar_unknown.output
tar: removing leading '/' from member names
