Deployments: ms-11070
ms-11285
ms-11512
ms-1278
ms-13873
ms-19953
ms-21883
ms-25124
ms-27421
ms-2827
ms-33719
ms-37691
ms-43309
ms-4354
ms-46825
ms-60236
ms-71771
ms-8052
ms-902
nginx-web-server
deployment "ms-11070" successfully rolled out
deployment "ms-11285" successfully rolled out
deployment "ms-11512" successfully rolled out
deployment "ms-1278" successfully rolled out
deployment "ms-13873" successfully rolled out
deployment "ms-19953" successfully rolled out
deployment "ms-21883" successfully rolled out
deployment "ms-25124" successfully rolled out
deployment "ms-27421" successfully rolled out
deployment "ms-2827" successfully rolled out
deployment "ms-33719" successfully rolled out
deployment "ms-37691" successfully rolled out
deployment "ms-43309" successfully rolled out
deployment "ms-4354" successfully rolled out
deployment "ms-46825" successfully rolled out
deployment "ms-60236" successfully rolled out
deployment "ms-71771" successfully rolled out
deployment "ms-8052" successfully rolled out
deployment "ms-902" successfully rolled out
deployment "nginx-web-server" successfully rolled out
ENTRY_POINT: nginx-web-server
SERVICE_A_URL: 10.100.17.147:50051
Capacity: 10000
Metadata: timestamp={{.TimestampUnix}}
Metadata: method=S_102000854
Metadata: request-id={{.RequestNumber}}
Charon Configurations:
[{INTERCEPT breakwaterd} {PRICE_UPDATE_RATE 10ms} {TOKEN_UPDATE_RATE 10ms} {LATENCY_THRESHOLD 100us} {PRICE_STEP 0} {PRICE_STRATEGY step} {LAZY_UPDATE false} {RATE_LIMITING true} {LOAD_SHEDDING true} {CHARON_TRACK_PRICE false} {BREAKWATER_SLO 37120us} {BREAKWATER_A 8.509350009378666} {BREAKWATER_B 6.791314174750113} {BREAKWATER_CLIENT_EXPIRATION 2110us} {BREAKWATER_INITIAL_CREDIT 113} {BREAKWATER_LOAD_SHEDDING true} {BREAKWATER_RTT 6785us} {BREAKWATERD_SLO 41907us} {BREAKWATERD_A 2.259476933796638} {BREAKWATERD_B 2.7014187010858928} {BREAKWATERD_CLIENT_EXPIRATION 43301us} {BREAKWATERD_INITIAL_CREDIT 3361} {BREAKWATERD_LOAD_SHEDDING true} {BREAKWATERD_RTT 1509us} {DAGOR_QUEUING_THRESHOLD 2ms} {DAGOR_ALPHA 0.05} {DAGOR_BETA 0.01} {DAGOR_ADMISSION_LEVEL_UPDATE_INTERVAL 10ms} {DAGOR_UMAX 20}]

Summary:
  Count:	107314
  Total:	24.99 s
  Slowest:	867.50 ms
  Fastest:	39.08 ms
  Average:	172.95 ms
  Requests/sec:	4294.20

Response time histogram:
  39.078  [1]     |
  121.920 [18348] |∎∎∎∎∎∎∎∎∎∎∎∎∎∎∎∎∎∎∎∎∎∎∎∎∎∎∎∎∎∎∎∎∎
  204.762 [18908] |∎∎∎∎∎∎∎∎∎∎∎∎∎∎∎∎∎∎∎∎∎∎∎∎∎∎∎∎∎∎∎∎∎∎
  287.605 [22088] |∎∎∎∎∎∎∎∎∎∎∎∎∎∎∎∎∎∎∎∎∎∎∎∎∎∎∎∎∎∎∎∎∎∎∎∎∎∎∎∎
  370.447 [11596] |∎∎∎∎∎∎∎∎∎∎∎∎∎∎∎∎∎∎∎∎∎
  453.289 [3757]  |∎∎∎∎∎∎∎
  536.131 [539]   |∎
  618.974 [83]    |
  701.816 [12]    |
  784.658 [29]    |
  867.501 [194]   |

Latency distribution:
  10 % in 43.35 ms 
  25 % in 124.91 ms 
  50 % in 206.52 ms 
  75 % in 277.23 ms 
  90 % in 340.12 ms 
  95 % in 380.61 ms 
  99 % in 460.02 ms 

Status code distribution:
  [ResourceExhausted]   31266 responses   
  [Canceled]            493 responses     
  [OK]                  75555 responses   

Error distribution:
  [290]     rpc error: code = ResourceExhausted desc = Client id 6425e7d5-c8d5-40f9-a79d-475ce647a0c3 request expired in queue.   
  [12198]   rpc error: code = ResourceExhausted desc = Client id 5d4ad448-5b22-405a-b2c5-a2a9430dab6a request expired in queue.   
  [638]     rpc error: code = ResourceExhausted desc = Client id 384e616a-23f6-43bc-95c9-87a5420c857a request expired in queue.   
  [2052]    rpc error: code = ResourceExhausted desc = Server-side queuing delay is beyond AQM threshold                          
  [23]      rpc error: code = ResourceExhausted desc = Client id 981389d4-3a59-4da4-b9d8-f183c40af00a request expired in queue.   
  [336]     rpc error: code = ResourceExhausted desc = Client id 10f2cbfc-944c-4ee1-b2d5-354fc19ce349 request expired in queue.   
  [11853]   rpc error: code = ResourceExhausted desc = Client id af8a0b38-6920-4e5d-8d1d-4b77991f1184 request expired in queue.   
  [2404]    rpc error: code = ResourceExhausted desc = Client id 50f0814b-fbd1-4c9c-8203-c4304afd857d request expired in queue.   
  [493]     rpc error: code = Canceled desc = grpc: the client connection is closing                                              
  [1]       rpc error: code = ResourceExhausted desc = Client id 94e8974d-4a3f-4ca5-a5fa-251fca8d4c54 request expired in queue.   
  [1428]    rpc error: code = ResourceExhausted desc = Client id 6d16b104-bf35-4b3c-8679-e0b29d3d1f71 request expired in queue.   
  [42]      rpc error: code = ResourceExhausted desc = Client id a2d722b5-de09-49f6-9fa2-0194c6feec5c request expired in queue.   
  [1]       rpc error: code = ResourceExhausted desc = Client id 21af4390-e843-4d9d-8baf-347206b4fa09 request expired in queue.   

Debug: Checking Namespace=default, Pod=ms-11070-7868c54f44-gs5k7 for Target File=deathstar_*.output
Namespace: default, Pod: ms-11070-7868c54f44-gs5k7 has the target files.
Copying deathstar_ms-11070.output to deathstar_ms-11070.output
tar: removing leading '/' from member names
Debug: Checking Namespace=default, Pod=ms-11285-67d597dc77-qlsj9 for Target File=deathstar_*.output
Namespace: default, Pod: ms-11285-67d597dc77-qlsj9 has the target files.
Copying deathstar_ms-11285.output to deathstar_ms-11285.output
tar: removing leading '/' from member names
Debug: Checking Namespace=default, Pod=ms-11512-75f8ddc45b-rv9qc for Target File=deathstar_*.output
Namespace: default, Pod: ms-11512-75f8ddc45b-rv9qc has the target files.
Copying deathstar_ms-11512.output to deathstar_ms-11512.output
tar: removing leading '/' from member names
Debug: Checking Namespace=default, Pod=ms-1278-85766ff6b8-mkdmb for Target File=deathstar_*.output
Namespace: default, Pod: ms-1278-85766ff6b8-mkdmb has the target files.
Copying deathstar_ms-1278.output to deathstar_ms-1278.output
tar: removing leading '/' from member names
Debug: Checking Namespace=default, Pod=ms-13873-85d7bb7b97-lzkx8 for Target File=deathstar_*.output
Namespace: default, Pod: ms-13873-85d7bb7b97-lzkx8 has the target files.
Copying deathstar_ms-13873.output to deathstar_ms-13873.output
tar: removing leading '/' from member names
Debug: Checking Namespace=default, Pod=ms-19953-68cc8998c5-m24f4 for Target File=deathstar_*.output
Namespace: default, Pod: ms-19953-68cc8998c5-m24f4 has the target files.
Copying deathstar_ms-19953.output to deathstar_ms-19953.output
tar: removing leading '/' from member names
Debug: Checking Namespace=default, Pod=ms-21883-f6c88c6d4-v952p for Target File=deathstar_*.output
Namespace: default, Pod: ms-21883-f6c88c6d4-v952p has the target files.
Copying deathstar_ms-21883.output to deathstar_ms-21883.output
tar: removing leading '/' from member names
Debug: Checking Namespace=default, Pod=ms-25124-77bd4446f5-q68j9 for Target File=deathstar_*.output
Namespace: default, Pod: ms-25124-77bd4446f5-q68j9 has the target files.
Copying deathstar_ms-25124.output to deathstar_ms-25124.output
tar: removing leading '/' from member names
Debug: Checking Namespace=default, Pod=ms-27421-8565974486-nbntx for Target File=deathstar_*.output
Namespace: default, Pod: ms-27421-8565974486-nbntx has the target files.
Copying deathstar_ms-27421.output to deathstar_ms-27421.output
tar: removing leading '/' from member names
Debug: Checking Namespace=default, Pod=ms-2827-5dcc6df4f4-n6grh for Target File=deathstar_*.output
Namespace: default, Pod: ms-2827-5dcc6df4f4-n6grh has the target files.
Copying deathstar_ms-2827.output to deathstar_ms-2827.output
tar: removing leading '/' from member names
Debug: Checking Namespace=default, Pod=ms-33719-6c455cf54c-5jgfs for Target File=deathstar_*.output
Namespace: default, Pod: ms-33719-6c455cf54c-5jgfs has the target files.
Copying deathstar_ms-33719.output to deathstar_ms-33719.output
tar: removing leading '/' from member names
Debug: Checking Namespace=default, Pod=ms-37691-b9bc44798-5g9d7 for Target File=deathstar_*.output
Namespace: default, Pod: ms-37691-b9bc44798-5g9d7 has the target files.
Copying deathstar_ms-37691.output to deathstar_ms-37691.output
tar: removing leading '/' from member names
Debug: Checking Namespace=default, Pod=ms-43309-54f758d465-9fc9l for Target File=deathstar_*.output
Namespace: default, Pod: ms-43309-54f758d465-9fc9l has the target files.
Copying deathstar_ms-43309.output to deathstar_ms-43309.output
tar: removing leading '/' from member names
Debug: Checking Namespace=default, Pod=ms-4354-669cfcbdf6-7zpr5 for Target File=deathstar_*.output
Namespace: default, Pod: ms-4354-669cfcbdf6-7zpr5 has the target files.
Copying deathstar_ms-4354.output to deathstar_ms-4354.output
tar: removing leading '/' from member names
Debug: Checking Namespace=default, Pod=ms-46825-58c684559d-4n44p for Target File=deathstar_*.output
Namespace: default, Pod: ms-46825-58c684559d-4n44p has the target files.
Copying deathstar_ms-46825.output to deathstar_ms-46825.output
tar: removing leading '/' from member names
Debug: Checking Namespace=default, Pod=ms-60236-64866cf49-6ld4x for Target File=deathstar_*.output
Namespace: default, Pod: ms-60236-64866cf49-6ld4x has the target files.
Copying deathstar_ms-60236.output to deathstar_ms-60236.output
tar: removing leading '/' from member names
Debug: Checking Namespace=default, Pod=ms-71771-567ddbdd95-7rjx2 for Target File=deathstar_*.output
Namespace: default, Pod: ms-71771-567ddbdd95-7rjx2 has the target files.
Copying deathstar_ms-71771.output to deathstar_ms-71771.output
tar: removing leading '/' from member names
Debug: Checking Namespace=default, Pod=ms-8052-b995968dc-d9rgx for Target File=deathstar_*.output
Namespace: default, Pod: ms-8052-b995968dc-d9rgx has the target files.
Copying deathstar_ms-8052.output to deathstar_ms-8052.output
tar: removing leading '/' from member names
Debug: Checking Namespace=default, Pod=ms-902-5744544f85-ffxbh for Target File=deathstar_*.output
Namespace: default, Pod: ms-902-5744544f85-ffxbh has the target files.
Copying deathstar_ms-902.output to deathstar_ms-902.output
tar: removing leading '/' from member names
Debug: Checking Namespace=default, Pod=nginx-web-server-56557f7cb7-qdxh4 for Target File=deathstar_*.output
Namespace: default, Pod: nginx-web-server-56557f7cb7-qdxh4 has the target files.
Copying deathstar_nginx-web-server.output to deathstar_nginx-web-server.output
tar: removing leading '/' from member names
