Deployments: ms-11070
ms-11285
ms-11512
ms-1278
ms-13873
ms-19953
ms-21883
ms-25124
ms-27421
ms-2827
ms-33719
ms-37691
ms-43309
ms-4354
ms-46825
ms-60236
ms-71771
ms-8052
ms-902
nginx-web-server
deployment "ms-11070" successfully rolled out
deployment "ms-11285" successfully rolled out
deployment "ms-11512" successfully rolled out
deployment "ms-1278" successfully rolled out
deployment "ms-13873" successfully rolled out
deployment "ms-19953" successfully rolled out
deployment "ms-21883" successfully rolled out
deployment "ms-25124" successfully rolled out
deployment "ms-27421" successfully rolled out
deployment "ms-2827" successfully rolled out
deployment "ms-33719" successfully rolled out
deployment "ms-37691" successfully rolled out
deployment "ms-43309" successfully rolled out
deployment "ms-4354" successfully rolled out
deployment "ms-46825" successfully rolled out
deployment "ms-60236" successfully rolled out
deployment "ms-71771" successfully rolled out
deployment "ms-8052" successfully rolled out
deployment "ms-902" successfully rolled out
deployment "nginx-web-server" successfully rolled out
ENTRY_POINT: nginx-web-server
SERVICE_A_URL: 10.98.185.39:50051
Capacity: 10000
Metadata: request-id={{.RequestNumber}}
Metadata: timestamp={{.TimestampUnix}}
Metadata: method=S_102000854
Charon Configurations:
[{INTERCEPT charon} {PRICE_UPDATE_RATE 25582us} {TOKEN_UPDATE_RATE 24566us} {LATENCY_THRESHOLD 2519us} {PRICE_STEP 84} {PRICE_STRATEGY proportional} {LAZY_UPDATE true} {RATE_LIMITING true} {LOAD_SHEDDING true} {CHARON_TRACK_PRICE false} {BREAKWATER_SLO 12500us} {BREAKWATER_A 0.001} {BREAKWATER_B 0.02} {BREAKWATER_CLIENT_EXPIRATION 10ms} {BREAKWATER_INITIAL_CREDIT 400} {BREAKWATER_LOAD_SHEDDING true} {BREAKWATER_RTT 1000us} {BREAKWATERD_SLO 12500us} {BREAKWATERD_A 0.001} {BREAKWATERD_B 0.02} {BREAKWATERD_CLIENT_EXPIRATION 10ms} {BREAKWATERD_INITIAL_CREDIT 400} {BREAKWATERD_LOAD_SHEDDING true} {BREAKWATERD_RTT 1000us} {DAGOR_QUEUING_THRESHOLD 2ms} {DAGOR_ALPHA 0.05} {DAGOR_BETA 0.01} {DAGOR_ADMISSION_LEVEL_UPDATE_INTERVAL 10ms} {DAGOR_UMAX 20}]

Summary:
  Count:	70138
  Total:	14.79 s
  Slowest:	870.95 ms
  Fastest:	38.89 ms
  Average:	54.90 ms
  Requests/sec:	4743.24

Response time histogram:
  38.895  [1]     |
  122.100 [60283] |∎∎∎∎∎∎∎∎∎∎∎∎∎∎∎∎∎∎∎∎∎∎∎∎∎∎∎∎∎∎∎∎∎∎∎∎∎∎∎∎
  205.306 [1421]  |∎
  288.511 [1203]  |∎
  371.717 [175]   |
  454.922 [23]    |
  538.127 [134]   |
  621.333 [8]     |
  704.538 [0]     |
  787.744 [10]    |
  870.949 [91]    |

Latency distribution:
  10 % in 40.71 ms 
  25 % in 42.67 ms 
  50 % in 46.96 ms 
  75 % in 53.62 ms 
  90 % in 65.29 ms 
  95 % in 111.66 ms 
  99 % in 270.41 ms 

Status code distribution:
  [Canceled]            134 responses     
  [ResourceExhausted]   6655 responses    
  [OK]                  63349 responses   

Error distribution:
  [380]    rpc error: code = ResourceExhausted desc = S_102000854 req dropped by ms-60236. Try again later.           
  [325]    rpc error: code = ResourceExhausted desc = S_102000854 req dropped by ms-25124. Try again later.           
  [1]      rpc error: code = ResourceExhausted desc = S_102000854 req dropped by ms-33719. Try again later.           
  [445]    rpc error: code = ResourceExhausted desc = S_102000854 req dropped by ms-13873. Try again later.           
  [10]     rpc error: code = ResourceExhausted desc = S_102000854 req dropped by ms-71771. Try again later.           
  [134]    rpc error: code = Canceled desc = grpc: the client connection is closing                                   
  [5494]   rpc error: code = ResourceExhausted desc = S_102000854 req dropped by nginx-web-server. Try again later.   

Debug: Checking Namespace=default, Pod=ms-11070-7868c54f44-5zpx4 for Target File=deathstar_*.output
Namespace: default, Pod: ms-11070-7868c54f44-5zpx4 has the target files.
Copying deathstar_ms-11070.output to deathstar_ms-11070.output
tar: removing leading '/' from member names
Debug: Checking Namespace=default, Pod=ms-11285-67d597dc77-48l67 for Target File=deathstar_*.output
Namespace: default, Pod: ms-11285-67d597dc77-48l67 has the target files.
Copying deathstar_ms-11285.output to deathstar_ms-11285.output
tar: removing leading '/' from member names
Debug: Checking Namespace=default, Pod=ms-11512-75f8ddc45b-j82cp for Target File=deathstar_*.output
Namespace: default, Pod: ms-11512-75f8ddc45b-j82cp has the target files.
Copying deathstar_ms-11512.output to deathstar_ms-11512.output
tar: removing leading '/' from member names
Debug: Checking Namespace=default, Pod=ms-1278-85766ff6b8-5lrbj for Target File=deathstar_*.output
Namespace: default, Pod: ms-1278-85766ff6b8-5lrbj has the target files.
Copying deathstar_ms-1278.output to deathstar_ms-1278.output
tar: removing leading '/' from member names
Debug: Checking Namespace=default, Pod=ms-13873-85d7bb7b97-mlrzb for Target File=deathstar_*.output
Namespace: default, Pod: ms-13873-85d7bb7b97-mlrzb has the target files.
Copying deathstar_ms-13873.output to deathstar_ms-13873.output
tar: removing leading '/' from member names
Debug: Checking Namespace=default, Pod=ms-19953-68cc8998c5-bknj6 for Target File=deathstar_*.output
Namespace: default, Pod: ms-19953-68cc8998c5-bknj6 has the target files.
Copying deathstar_ms-19953.output to deathstar_ms-19953.output
tar: removing leading '/' from member names
Debug: Checking Namespace=default, Pod=ms-21883-f6c88c6d4-fsmfq for Target File=deathstar_*.output
Namespace: default, Pod: ms-21883-f6c88c6d4-fsmfq has the target files.
Copying deathstar_ms-21883.output to deathstar_ms-21883.output
tar: removing leading '/' from member names
Debug: Checking Namespace=default, Pod=ms-25124-77bd4446f5-f9m8v for Target File=deathstar_*.output
Namespace: default, Pod: ms-25124-77bd4446f5-f9m8v has the target files.
Copying deathstar_ms-25124.output to deathstar_ms-25124.output
tar: removing leading '/' from member names
Debug: Checking Namespace=default, Pod=ms-27421-8565974486-g2r62 for Target File=deathstar_*.output
Namespace: default, Pod: ms-27421-8565974486-g2r62 has the target files.
Copying deathstar_ms-27421.output to deathstar_ms-27421.output
tar: removing leading '/' from member names
Debug: Checking Namespace=default, Pod=ms-2827-5dcc6df4f4-ftslk for Target File=deathstar_*.output
Namespace: default, Pod: ms-2827-5dcc6df4f4-ftslk has the target files.
Copying deathstar_ms-2827.output to deathstar_ms-2827.output
tar: removing leading '/' from member names
Debug: Checking Namespace=default, Pod=ms-33719-6c455cf54c-6b4tw for Target File=deathstar_*.output
Namespace: default, Pod: ms-33719-6c455cf54c-6b4tw has the target files.
Copying deathstar_ms-33719.output to deathstar_ms-33719.output
tar: removing leading '/' from member names
Debug: Checking Namespace=default, Pod=ms-37691-b9bc44798-zd4hk for Target File=deathstar_*.output
Namespace: default, Pod: ms-37691-b9bc44798-zd4hk has the target files.
Copying deathstar_ms-37691.output to deathstar_ms-37691.output
tar: removing leading '/' from member names
Debug: Checking Namespace=default, Pod=ms-43309-54f758d465-rjjcm for Target File=deathstar_*.output
Namespace: default, Pod: ms-43309-54f758d465-rjjcm has the target files.
Copying deathstar_ms-43309.output to deathstar_ms-43309.output
tar: removing leading '/' from member names
Debug: Checking Namespace=default, Pod=ms-4354-669cfcbdf6-ws9jd for Target File=deathstar_*.output
Namespace: default, Pod: ms-4354-669cfcbdf6-ws9jd has the target files.
Copying deathstar_ms-4354.output to deathstar_ms-4354.output
tar: removing leading '/' from member names
Debug: Checking Namespace=default, Pod=ms-46825-58c684559d-gg85d for Target File=deathstar_*.output
Namespace: default, Pod: ms-46825-58c684559d-gg85d has the target files.
Copying deathstar_ms-46825.output to deathstar_ms-46825.output
tar: removing leading '/' from member names
Debug: Checking Namespace=default, Pod=ms-60236-64866cf49-fvtd8 for Target File=deathstar_*.output
Namespace: default, Pod: ms-60236-64866cf49-fvtd8 has the target files.
Copying deathstar_ms-60236.output to deathstar_ms-60236.output
tar: removing leading '/' from member names
Debug: Checking Namespace=default, Pod=ms-71771-567ddbdd95-qt8tg for Target File=deathstar_*.output
Namespace: default, Pod: ms-71771-567ddbdd95-qt8tg has the target files.
Copying deathstar_ms-71771.output to deathstar_ms-71771.output
tar: removing leading '/' from member names
Debug: Checking Namespace=default, Pod=ms-8052-b995968dc-fnr6z for Target File=deathstar_*.output
Namespace: default, Pod: ms-8052-b995968dc-fnr6z has the target files.
Copying deathstar_ms-8052.output to deathstar_ms-8052.output
tar: removing leading '/' from member names
Debug: Checking Namespace=default, Pod=ms-902-5744544f85-pl7dm for Target File=deathstar_*.output
Namespace: default, Pod: ms-902-5744544f85-pl7dm has the target files.
Copying deathstar_ms-902.output to deathstar_ms-902.output
tar: removing leading '/' from member names
Debug: Checking Namespace=default, Pod=nginx-web-server-56557f7cb7-qk6mk for Target File=deathstar_*.output
Namespace: default, Pod: nginx-web-server-56557f7cb7-qk6mk has the target files.
Copying deathstar_nginx-web-server.output to deathstar_nginx-web-server.output
tar: removing leading '/' from member names
