Deployments: ms-11070
ms-11285
ms-11512
ms-1278
ms-13873
ms-19953
ms-21883
ms-25124
ms-27421
ms-2827
ms-33719
ms-37691
ms-43309
ms-4354
ms-46825
ms-60236
ms-71771
ms-8052
ms-902
nginx-web-server
deployment "ms-11070" successfully rolled out
deployment "ms-11285" successfully rolled out
deployment "ms-11512" successfully rolled out
deployment "ms-1278" successfully rolled out
deployment "ms-13873" successfully rolled out
deployment "ms-19953" successfully rolled out
deployment "ms-21883" successfully rolled out
deployment "ms-25124" successfully rolled out
deployment "ms-27421" successfully rolled out
deployment "ms-2827" successfully rolled out
deployment "ms-33719" successfully rolled out
deployment "ms-37691" successfully rolled out
deployment "ms-43309" successfully rolled out
deployment "ms-4354" successfully rolled out
deployment "ms-46825" successfully rolled out
deployment "ms-60236" successfully rolled out
deployment "ms-71771" successfully rolled out
deployment "ms-8052" successfully rolled out
deployment "ms-902" successfully rolled out
deployment "nginx-web-server" successfully rolled out
ENTRY_POINT: nginx-web-server
SERVICE_A_URL: 10.99.39.95:50051
Capacity: 10000
Metadata: request-id={{.RequestNumber}}
Metadata: timestamp={{.TimestampUnix}}
Metadata: method=S_102000854
Charon Configurations:
[{INTERCEPT breakwater} {PRICE_UPDATE_RATE 10ms} {TOKEN_UPDATE_RATE 10ms} {LATENCY_THRESHOLD 100us} {PRICE_STEP 0} {PRICE_STRATEGY step} {LAZY_UPDATE false} {RATE_LIMITING true} {LOAD_SHEDDING true} {CHARON_TRACK_PRICE false} {BREAKWATER_SLO 18910us} {BREAKWATER_A 0.09234388041268637} {BREAKWATER_B 1.6420264012065484} {BREAKWATER_CLIENT_EXPIRATION 2562us} {BREAKWATER_INITIAL_CREDIT 1073} {BREAKWATER_LOAD_SHEDDING true} {BREAKWATER_RTT 14767us} {BREAKWATERD_SLO 12500us} {BREAKWATERD_A 0.001} {BREAKWATERD_B 0.02} {BREAKWATERD_CLIENT_EXPIRATION 10ms} {BREAKWATERD_INITIAL_CREDIT 400} {BREAKWATERD_LOAD_SHEDDING true} {BREAKWATERD_RTT 1000us} {DAGOR_QUEUING_THRESHOLD 2ms} {DAGOR_ALPHA 0.05} {DAGOR_BETA 0.01} {DAGOR_ADMISSION_LEVEL_UPDATE_INTERVAL 10ms} {DAGOR_UMAX 20}]

Summary:
  Count:	107753
  Total:	14.80 s
  Slowest:	858.61 ms
  Fastest:	38.90 ms
  Average:	216.19 ms
  Requests/sec:	7278.17

Response time histogram:
  38.899  [1]     |
  120.871 [19429] |∎∎∎∎∎∎∎∎∎∎∎∎∎∎∎∎∎∎∎∎∎∎∎∎∎∎∎∎
  202.842 [26696] |∎∎∎∎∎∎∎∎∎∎∎∎∎∎∎∎∎∎∎∎∎∎∎∎∎∎∎∎∎∎∎∎∎∎∎∎∎∎∎
  284.813 [27337] |∎∎∎∎∎∎∎∎∎∎∎∎∎∎∎∎∎∎∎∎∎∎∎∎∎∎∎∎∎∎∎∎∎∎∎∎∎∎∎∎
  366.785 [13886] |∎∎∎∎∎∎∎∎∎∎∎∎∎∎∎∎∎∎∎∎
  448.756 [10279] |∎∎∎∎∎∎∎∎∎∎∎∎∎∎∎
  530.728 [4005]  |∎∎∎∎∎∎
  612.699 [797]   |∎
  694.671 [93]    |
  776.642 [12]    |
  858.614 [114]   |

Latency distribution:
  10 % in 42.45 ms 
  25 % in 148.18 ms 
  50 % in 215.45 ms 
  75 % in 300.97 ms 
  90 % in 403.46 ms 
  95 % in 447.60 ms 
  99 % in 530.16 ms 

Status code distribution:
  [OK]                  102649 responses   
  [ResourceExhausted]   4867 responses     
  [Canceled]            237 responses      

Error distribution:
  [4867]   rpc error: code = ResourceExhausted desc = Server-side queuing delay is beyond AQM threshold   
  [237]    rpc error: code = Canceled desc = grpc: the client connection is closing                       

Debug: Checking Namespace=default, Pod=ms-11070-7868c54f44-vstsj for Target File=deathstar_*.output
Namespace: default, Pod: ms-11070-7868c54f44-vstsj has the target files.
Copying deathstar_ms-11070.output to deathstar_ms-11070.output
tar: removing leading '/' from member names
Debug: Checking Namespace=default, Pod=ms-11285-67d597dc77-6gtpg for Target File=deathstar_*.output
Namespace: default, Pod: ms-11285-67d597dc77-6gtpg has the target files.
Copying deathstar_ms-11285.output to deathstar_ms-11285.output
tar: removing leading '/' from member names
Debug: Checking Namespace=default, Pod=ms-11512-75f8ddc45b-kld6z for Target File=deathstar_*.output
Namespace: default, Pod: ms-11512-75f8ddc45b-kld6z has the target files.
Copying deathstar_ms-11512.output to deathstar_ms-11512.output
tar: removing leading '/' from member names
Debug: Checking Namespace=default, Pod=ms-1278-85766ff6b8-sz42r for Target File=deathstar_*.output
Namespace: default, Pod: ms-1278-85766ff6b8-sz42r has the target files.
Copying deathstar_ms-1278.output to deathstar_ms-1278.output
tar: removing leading '/' from member names
Debug: Checking Namespace=default, Pod=ms-13873-85d7bb7b97-9m9sh for Target File=deathstar_*.output
Namespace: default, Pod: ms-13873-85d7bb7b97-9m9sh has the target files.
Copying deathstar_ms-13873.output to deathstar_ms-13873.output
tar: removing leading '/' from member names
Debug: Checking Namespace=default, Pod=ms-19953-68cc8998c5-xqdb4 for Target File=deathstar_*.output
Namespace: default, Pod: ms-19953-68cc8998c5-xqdb4 has the target files.
Copying deathstar_ms-19953.output to deathstar_ms-19953.output
tar: removing leading '/' from member names
Debug: Checking Namespace=default, Pod=ms-21883-f6c88c6d4-zwm76 for Target File=deathstar_*.output
Namespace: default, Pod: ms-21883-f6c88c6d4-zwm76 has the target files.
Copying deathstar_ms-21883.output to deathstar_ms-21883.output
tar: removing leading '/' from member names
Debug: Checking Namespace=default, Pod=ms-25124-77bd4446f5-xtwqs for Target File=deathstar_*.output
Namespace: default, Pod: ms-25124-77bd4446f5-xtwqs has the target files.
Copying deathstar_ms-25124.output to deathstar_ms-25124.output
tar: removing leading '/' from member names
Debug: Checking Namespace=default, Pod=ms-27421-8565974486-5sxtp for Target File=deathstar_*.output
Namespace: default, Pod: ms-27421-8565974486-5sxtp has the target files.
Copying deathstar_ms-27421.output to deathstar_ms-27421.output
tar: removing leading '/' from member names
Debug: Checking Namespace=default, Pod=ms-2827-5dcc6df4f4-lwcbt for Target File=deathstar_*.output
Namespace: default, Pod: ms-2827-5dcc6df4f4-lwcbt has the target files.
Copying deathstar_ms-2827.output to deathstar_ms-2827.output
tar: removing leading '/' from member names
Debug: Checking Namespace=default, Pod=ms-33719-6c455cf54c-7qgmg for Target File=deathstar_*.output
Namespace: default, Pod: ms-33719-6c455cf54c-7qgmg has the target files.
Copying deathstar_ms-33719.output to deathstar_ms-33719.output
tar: removing leading '/' from member names
Debug: Checking Namespace=default, Pod=ms-37691-b9bc44798-b2s8l for Target File=deathstar_*.output
Namespace: default, Pod: ms-37691-b9bc44798-b2s8l has the target files.
Copying deathstar_ms-37691.output to deathstar_ms-37691.output
tar: removing leading '/' from member names
Debug: Checking Namespace=default, Pod=ms-43309-54f758d465-88bkv for Target File=deathstar_*.output
Namespace: default, Pod: ms-43309-54f758d465-88bkv has the target files.
Copying deathstar_ms-43309.output to deathstar_ms-43309.output
tar: removing leading '/' from member names
Debug: Checking Namespace=default, Pod=ms-4354-669cfcbdf6-xgwtd for Target File=deathstar_*.output
Namespace: default, Pod: ms-4354-669cfcbdf6-xgwtd has the target files.
Copying deathstar_ms-4354.output to deathstar_ms-4354.output
tar: removing leading '/' from member names
Debug: Checking Namespace=default, Pod=ms-46825-58c684559d-zjfsl for Target File=deathstar_*.output
Namespace: default, Pod: ms-46825-58c684559d-zjfsl has the target files.
Copying deathstar_ms-46825.output to deathstar_ms-46825.output
tar: removing leading '/' from member names
Debug: Checking Namespace=default, Pod=ms-60236-64866cf49-fx2bt for Target File=deathstar_*.output
Namespace: default, Pod: ms-60236-64866cf49-fx2bt has the target files.
Copying deathstar_ms-60236.output to deathstar_ms-60236.output
tar: removing leading '/' from member names
Debug: Checking Namespace=default, Pod=ms-71771-567ddbdd95-nt6lq for Target File=deathstar_*.output
Namespace: default, Pod: ms-71771-567ddbdd95-nt6lq has the target files.
Copying deathstar_ms-71771.output to deathstar_ms-71771.output
tar: removing leading '/' from member names
Debug: Checking Namespace=default, Pod=ms-8052-b995968dc-xp5n7 for Target File=deathstar_*.output
Namespace: default, Pod: ms-8052-b995968dc-xp5n7 has the target files.
Copying deathstar_ms-8052.output to deathstar_ms-8052.output
tar: removing leading '/' from member names
Debug: Checking Namespace=default, Pod=ms-902-5744544f85-xrdzs for Target File=deathstar_*.output
Namespace: default, Pod: ms-902-5744544f85-xrdzs has the target files.
Copying deathstar_ms-902.output to deathstar_ms-902.output
tar: removing leading '/' from member names
Debug: Checking Namespace=default, Pod=nginx-web-server-56557f7cb7-xszb8 for Target File=deathstar_*.output
Namespace: default, Pod: nginx-web-server-56557f7cb7-xszb8 has the target files.
Copying deathstar_nginx-web-server.output to deathstar_nginx-web-server.output
tar: removing leading '/' from member names
