Deployments: ms-11070
ms-11285
ms-11512
ms-1278
ms-13873
ms-19953
ms-21883
ms-25124
ms-27421
ms-2827
ms-33719
ms-37691
ms-43309
ms-4354
ms-46825
ms-60236
ms-71771
ms-8052
ms-902
nginx-web-server
deployment "ms-11070" successfully rolled out
deployment "ms-11285" successfully rolled out
deployment "ms-11512" successfully rolled out
deployment "ms-1278" successfully rolled out
deployment "ms-13873" successfully rolled out
deployment "ms-19953" successfully rolled out
deployment "ms-21883" successfully rolled out
deployment "ms-25124" successfully rolled out
deployment "ms-27421" successfully rolled out
deployment "ms-2827" successfully rolled out
deployment "ms-33719" successfully rolled out
deployment "ms-37691" successfully rolled out
deployment "ms-43309" successfully rolled out
deployment "ms-4354" successfully rolled out
deployment "ms-46825" successfully rolled out
deployment "ms-60236" successfully rolled out
deployment "ms-71771" successfully rolled out
deployment "ms-8052" successfully rolled out
deployment "ms-902" successfully rolled out
deployment "nginx-web-server" successfully rolled out
ENTRY_POINT: nginx-web-server
SERVICE_A_URL: 10.102.169.137:50051
Capacity: 10000
Metadata: request-id={{.RequestNumber}}
Metadata: timestamp={{.TimestampUnix}}
Metadata: method=S_102000854
Charon Configurations:
[{INTERCEPT charon} {PRICE_UPDATE_RATE 19781us} {TOKEN_UPDATE_RATE 24229us} {LATENCY_THRESHOLD 4907us} {PRICE_STEP 106} {PRICE_STRATEGY proportional} {LAZY_UPDATE true} {RATE_LIMITING true} {LOAD_SHEDDING true} {CHARON_TRACK_PRICE false} {BREAKWATER_SLO 12500us} {BREAKWATER_A 0.001} {BREAKWATER_B 0.02} {BREAKWATER_CLIENT_EXPIRATION 10ms} {BREAKWATER_INITIAL_CREDIT 400} {BREAKWATER_LOAD_SHEDDING true} {BREAKWATER_RTT 1000us} {BREAKWATERD_SLO 12500us} {BREAKWATERD_A 0.001} {BREAKWATERD_B 0.02} {BREAKWATERD_CLIENT_EXPIRATION 10ms} {BREAKWATERD_INITIAL_CREDIT 400} {BREAKWATERD_LOAD_SHEDDING true} {BREAKWATERD_RTT 1000us} {DAGOR_QUEUING_THRESHOLD 2ms} {DAGOR_ALPHA 0.05} {DAGOR_BETA 0.01} {DAGOR_ADMISSION_LEVEL_UPDATE_INTERVAL 10ms} {DAGOR_UMAX 20}]

Summary:
  Count:	75460
  Total:	14.78 s
  Slowest:	857.12 ms
  Fastest:	39.00 ms
  Average:	56.92 ms
  Requests/sec:	5105.88

Response time histogram:
  38.995  [1]     |
  120.808 [66836] |∎∎∎∎∎∎∎∎∎∎∎∎∎∎∎∎∎∎∎∎∎∎∎∎∎∎∎∎∎∎∎∎∎∎∎∎∎∎∎∎
  202.620 [1865]  |∎
  284.432 [754]   |
  366.245 [206]   |
  448.057 [1]     |
  529.870 [55]    |
  611.682 [11]    |
  693.495 [0]     |
  775.307 [4]     |
  857.120 [57]    |

Latency distribution:
  10 % in 41.34 ms 
  25 % in 45.04 ms 
  50 % in 52.19 ms 
  75 % in 61.32 ms 
  90 % in 74.00 ms 
  95 % in 95.84 ms 
  99 % in 244.50 ms 

Status code distribution:
  [OK]                  69790 responses   
  [ResourceExhausted]   5510 responses    
  [Canceled]            160 responses     

Error distribution:
  [1]      rpc error: code = ResourceExhausted desc = S_102000854 req dropped by ms-33719. Try again later.           
  [160]    rpc error: code = Canceled desc = grpc: the client connection is closing                                   
  [241]    rpc error: code = ResourceExhausted desc = S_102000854 req dropped by ms-60236. Try again later.           
  [499]    rpc error: code = ResourceExhausted desc = S_102000854 req dropped by ms-13873. Try again later.           
  [214]    rpc error: code = ResourceExhausted desc = S_102000854 req dropped by ms-25124. Try again later.           
  [4555]   rpc error: code = ResourceExhausted desc = S_102000854 req dropped by nginx-web-server. Try again later.   

Debug: Checking Namespace=default, Pod=ms-11070-7868c54f44-km2hb for Target File=deathstar_*.output
Namespace: default, Pod: ms-11070-7868c54f44-km2hb has the target files.
Copying deathstar_ms-11070.output to deathstar_ms-11070.output
tar: removing leading '/' from member names
Debug: Checking Namespace=default, Pod=ms-11285-67d597dc77-b4rtw for Target File=deathstar_*.output
Namespace: default, Pod: ms-11285-67d597dc77-b4rtw has the target files.
Copying deathstar_ms-11285.output to deathstar_ms-11285.output
tar: removing leading '/' from member names
Debug: Checking Namespace=default, Pod=ms-11512-75f8ddc45b-ztr7f for Target File=deathstar_*.output
Namespace: default, Pod: ms-11512-75f8ddc45b-ztr7f has the target files.
Copying deathstar_ms-11512.output to deathstar_ms-11512.output
tar: removing leading '/' from member names
Debug: Checking Namespace=default, Pod=ms-1278-85766ff6b8-wvq74 for Target File=deathstar_*.output
Namespace: default, Pod: ms-1278-85766ff6b8-wvq74 has the target files.
Copying deathstar_ms-1278.output to deathstar_ms-1278.output
tar: removing leading '/' from member names
Debug: Checking Namespace=default, Pod=ms-13873-85d7bb7b97-spp9n for Target File=deathstar_*.output
Namespace: default, Pod: ms-13873-85d7bb7b97-spp9n has the target files.
Copying deathstar_ms-13873.output to deathstar_ms-13873.output
tar: removing leading '/' from member names
Debug: Checking Namespace=default, Pod=ms-19953-68cc8998c5-rt94q for Target File=deathstar_*.output
Namespace: default, Pod: ms-19953-68cc8998c5-rt94q has the target files.
Copying deathstar_ms-19953.output to deathstar_ms-19953.output
tar: removing leading '/' from member names
Debug: Checking Namespace=default, Pod=ms-21883-f6c88c6d4-487mn for Target File=deathstar_*.output
Namespace: default, Pod: ms-21883-f6c88c6d4-487mn has the target files.
Copying deathstar_ms-21883.output to deathstar_ms-21883.output
tar: removing leading '/' from member names
Debug: Checking Namespace=default, Pod=ms-25124-77bd4446f5-qlx7f for Target File=deathstar_*.output
Namespace: default, Pod: ms-25124-77bd4446f5-qlx7f has the target files.
Copying deathstar_ms-25124.output to deathstar_ms-25124.output
tar: removing leading '/' from member names
Debug: Checking Namespace=default, Pod=ms-27421-8565974486-lsqqj for Target File=deathstar_*.output
Namespace: default, Pod: ms-27421-8565974486-lsqqj has the target files.
Copying deathstar_ms-27421.output to deathstar_ms-27421.output
tar: removing leading '/' from member names
Debug: Checking Namespace=default, Pod=ms-2827-5dcc6df4f4-p68fq for Target File=deathstar_*.output
Namespace: default, Pod: ms-2827-5dcc6df4f4-p68fq has the target files.
Copying deathstar_ms-2827.output to deathstar_ms-2827.output
tar: removing leading '/' from member names
Debug: Checking Namespace=default, Pod=ms-33719-6c455cf54c-ndbml for Target File=deathstar_*.output
Namespace: default, Pod: ms-33719-6c455cf54c-ndbml has the target files.
Copying deathstar_ms-33719.output to deathstar_ms-33719.output
tar: removing leading '/' from member names
Debug: Checking Namespace=default, Pod=ms-37691-b9bc44798-b98g9 for Target File=deathstar_*.output
Namespace: default, Pod: ms-37691-b9bc44798-b98g9 has the target files.
Copying deathstar_ms-37691.output to deathstar_ms-37691.output
tar: removing leading '/' from member names
Debug: Checking Namespace=default, Pod=ms-43309-54f758d465-smtwp for Target File=deathstar_*.output
Namespace: default, Pod: ms-43309-54f758d465-smtwp has the target files.
Copying deathstar_ms-43309.output to deathstar_ms-43309.output
tar: removing leading '/' from member names
Debug: Checking Namespace=default, Pod=ms-4354-669cfcbdf6-g4kgp for Target File=deathstar_*.output
Namespace: default, Pod: ms-4354-669cfcbdf6-g4kgp has the target files.
Copying deathstar_ms-4354.output to deathstar_ms-4354.output
tar: removing leading '/' from member names
Debug: Checking Namespace=default, Pod=ms-46825-58c684559d-tbxrj for Target File=deathstar_*.output
Namespace: default, Pod: ms-46825-58c684559d-tbxrj has the target files.
Copying deathstar_ms-46825.output to deathstar_ms-46825.output
tar: removing leading '/' from member names
Debug: Checking Namespace=default, Pod=ms-60236-64866cf49-xdtx4 for Target File=deathstar_*.output
Namespace: default, Pod: ms-60236-64866cf49-xdtx4 has the target files.
Copying deathstar_ms-60236.output to deathstar_ms-60236.output
tar: removing leading '/' from member names
Debug: Checking Namespace=default, Pod=ms-71771-567ddbdd95-5lpl6 for Target File=deathstar_*.output
Namespace: default, Pod: ms-71771-567ddbdd95-5lpl6 has the target files.
Copying deathstar_ms-71771.output to deathstar_ms-71771.output
tar: removing leading '/' from member names
Debug: Checking Namespace=default, Pod=ms-8052-b995968dc-djxps for Target File=deathstar_*.output
Namespace: default, Pod: ms-8052-b995968dc-djxps has the target files.
Copying deathstar_ms-8052.output to deathstar_ms-8052.output
tar: removing leading '/' from member names
Debug: Checking Namespace=default, Pod=ms-902-5744544f85-97zn7 for Target File=deathstar_*.output
Namespace: default, Pod: ms-902-5744544f85-97zn7 has the target files.
Copying deathstar_ms-902.output to deathstar_ms-902.output
tar: removing leading '/' from member names
Debug: Checking Namespace=default, Pod=nginx-web-server-56557f7cb7-n5lqb for Target File=deathstar_*.output
Namespace: default, Pod: nginx-web-server-56557f7cb7-n5lqb has the target files.
Copying deathstar_nginx-web-server.output to deathstar_nginx-web-server.output
tar: removing leading '/' from member names
