Deployments: ms-10090
ms-13558
ms-18330
ms-19585
ms-20172
ms-22893
ms-24009
ms-24959
ms-26622
ms-27421
ms-29373
ms-32301
ms-3289
ms-37691
ms-38964
ms-40147
ms-48118
ms-4829
ms-51685
ms-52379
ms-55394
ms-58436
ms-58772
ms-59962
ms-60061
ms-6323
ms-65741
ms-66473
ms-69188
ms-69614
ms-9081
nginx-web-server
unknown
deployment "ms-10090" successfully rolled out
deployment "ms-13558" successfully rolled out
deployment "ms-18330" successfully rolled out
deployment "ms-19585" successfully rolled out
deployment "ms-20172" successfully rolled out
deployment "ms-22893" successfully rolled out
deployment "ms-24009" successfully rolled out
deployment "ms-24959" successfully rolled out
deployment "ms-26622" successfully rolled out
deployment "ms-27421" successfully rolled out
deployment "ms-29373" successfully rolled out
deployment "ms-32301" successfully rolled out
deployment "ms-3289" successfully rolled out
deployment "ms-37691" successfully rolled out
deployment "ms-38964" successfully rolled out
deployment "ms-40147" successfully rolled out
deployment "ms-48118" successfully rolled out
deployment "ms-4829" successfully rolled out
deployment "ms-51685" successfully rolled out
deployment "ms-52379" successfully rolled out
deployment "ms-55394" successfully rolled out
deployment "ms-58436" successfully rolled out
deployment "ms-58772" successfully rolled out
deployment "ms-59962" successfully rolled out
deployment "ms-60061" successfully rolled out
deployment "ms-6323" successfully rolled out
deployment "ms-65741" successfully rolled out
deployment "ms-66473" successfully rolled out
deployment "ms-69188" successfully rolled out
deployment "ms-69614" successfully rolled out
deployment "ms-9081" successfully rolled out
deployment "nginx-web-server" successfully rolled out
deployment "unknown" successfully rolled out
ENTRY_POINT: nginx-web-server
SERVICE_A_URL: 10.100.79.189:50051
Capacity: 1000
Metadata: request-id={{.RequestNumber}}
Metadata: timestamp={{.TimestampUnix}}
Metadata: method=S_149998854
Charon Configurations:
[{INTERCEPT charon} {PRICE_UPDATE_RATE 25443us} {TOKEN_UPDATE_RATE 13691us} {LATENCY_THRESHOLD 9014us} {PRICE_STEP 150} {PRICE_STRATEGY proportional} {LAZY_UPDATE true} {RATE_LIMITING true} {LOAD_SHEDDING true} {CHARON_TRACK_PRICE false} {BREAKWATER_SLO 12500us} {BREAKWATER_A 0.001} {BREAKWATER_B 0.02} {BREAKWATER_CLIENT_EXPIRATION 10ms} {BREAKWATER_INITIAL_CREDIT 400} {BREAKWATER_LOAD_SHEDDING true} {BREAKWATER_RTT 1000us} {BREAKWATERD_SLO 12500us} {BREAKWATERD_A 0.001} {BREAKWATERD_B 0.02} {BREAKWATERD_CLIENT_EXPIRATION 10ms} {BREAKWATERD_INITIAL_CREDIT 400} {BREAKWATERD_LOAD_SHEDDING true} {BREAKWATERD_RTT 1000us} {DAGOR_QUEUING_THRESHOLD 2ms} {DAGOR_ALPHA 0.05} {DAGOR_BETA 0.01} {DAGOR_ADMISSION_LEVEL_UPDATE_INTERVAL 10ms} {DAGOR_UMAX 20}]

Summary:
  Count:	21263
  Total:	14.85 s
  Slowest:	909.11 ms
  Fastest:	110.82 ms
  Average:	120.81 ms
  Requests/sec:	1431.57

Response time histogram:
  110.821 [1]     |
  190.650 [20271] |∎∎∎∎∎∎∎∎∎∎∎∎∎∎∎∎∎∎∎∎∎∎∎∎∎∎∎∎∎∎∎∎∎∎∎∎∎∎∎∎
  270.479 [2]     |
  350.308 [28]    |
  430.137 [69]    |
  509.967 [87]    |
  589.796 [1]     |
  669.625 [1]     |
  749.454 [18]    |
  829.283 [34]    |
  909.112 [98]    |

Latency distribution:
  10 % in 112.05 ms 
  25 % in 112.53 ms 
  50 % in 113.29 ms 
  75 % in 114.73 ms 
  90 % in 118.25 ms 
  95 % in 123.44 ms 
  99 % in 444.42 ms 

Status code distribution:
  [ResourceExhausted]   623 responses     
  [Canceled]            30 responses      
  [OK]                  20610 responses   

Error distribution:
  [17]    rpc error: code = ResourceExhausted desc = S_149998854 req dropped by ms-55394. Try again later.           
  [18]    rpc error: code = ResourceExhausted desc = S_149998854 req dropped by ms-18330. Try again later.           
  [12]    rpc error: code = ResourceExhausted desc = S_149998854 req dropped by ms-66473. Try again later.           
  [576]   rpc error: code = ResourceExhausted desc = S_149998854 req dropped by nginx-web-server. Try again later.   
  [30]    rpc error: code = Canceled desc = grpc: the client connection is closing                                   

Debug: Checking Namespace=default, Pod=ms-10090-6454f977fd-5qdpt for Target File=deathstar_*.output
Namespace: default, Pod: ms-10090-6454f977fd-5qdpt has the target files.
Copying deathstar_ms-10090.output to deathstar_ms-10090.output
tar: removing leading '/' from member names
Debug: Checking Namespace=default, Pod=ms-13558-b48bb5d9d-vw6p2 for Target File=deathstar_*.output
Namespace: default, Pod: ms-13558-b48bb5d9d-vw6p2 has the target files.
Copying deathstar_ms-13558.output to deathstar_ms-13558.output
tar: removing leading '/' from member names
Debug: Checking Namespace=default, Pod=ms-18330-759d9cf49c-wlhlf for Target File=deathstar_*.output
Namespace: default, Pod: ms-18330-759d9cf49c-wlhlf has the target files.
Copying deathstar_ms-18330.output to deathstar_ms-18330.output
tar: removing leading '/' from member names
Debug: Checking Namespace=default, Pod=ms-19585-6f995cfcbf-r5pvs for Target File=deathstar_*.output
Namespace: default, Pod: ms-19585-6f995cfcbf-r5pvs has the target files.
Copying deathstar_ms-19585.output to deathstar_ms-19585.output
tar: removing leading '/' from member names
Debug: Checking Namespace=default, Pod=ms-20172-59d5485464-gnx77 for Target File=deathstar_*.output
Namespace: default, Pod: ms-20172-59d5485464-gnx77 has the target files.
Copying deathstar_ms-20172.output to deathstar_ms-20172.output
tar: removing leading '/' from member names
Debug: Checking Namespace=default, Pod=ms-22893-576fd5f9f6-lxttx for Target File=deathstar_*.output
Namespace: default, Pod: ms-22893-576fd5f9f6-lxttx has the target files.
Copying deathstar_ms-22893.output to deathstar_ms-22893.output
tar: removing leading '/' from member names
Debug: Checking Namespace=default, Pod=ms-24009-67dbf5b976-5pt7m for Target File=deathstar_*.output
Namespace: default, Pod: ms-24009-67dbf5b976-5pt7m has the target files.
Copying deathstar_ms-24009.output to deathstar_ms-24009.output
tar: removing leading '/' from member names
Debug: Checking Namespace=default, Pod=ms-24959-99f8bbf9-s4dxf for Target File=deathstar_*.output
Namespace: default, Pod: ms-24959-99f8bbf9-s4dxf has the target files.
Copying deathstar_ms-24959.output to deathstar_ms-24959.output
tar: removing leading '/' from member names
Debug: Checking Namespace=default, Pod=ms-26622-66fdf7d64f-64ggb for Target File=deathstar_*.output
Namespace: default, Pod: ms-26622-66fdf7d64f-64ggb has the target files.
Copying deathstar_ms-26622.output to deathstar_ms-26622.output
tar: removing leading '/' from member names
Debug: Checking Namespace=default, Pod=ms-27421-64f549855c-g6cs5 for Target File=deathstar_*.output
Namespace: default, Pod: ms-27421-64f549855c-g6cs5 has the target files.
Copying deathstar_ms-27421.output to deathstar_ms-27421.output
tar: removing leading '/' from member names
Debug: Checking Namespace=default, Pod=ms-29373-8467f7db44-jhdrn for Target File=deathstar_*.output
Namespace: default, Pod: ms-29373-8467f7db44-jhdrn has the target files.
Copying deathstar_ms-29373.output to deathstar_ms-29373.output
tar: removing leading '/' from member names
Debug: Checking Namespace=default, Pod=ms-32301-c5654bbc5-27z7n for Target File=deathstar_*.output
Namespace: default, Pod: ms-32301-c5654bbc5-27z7n has the target files.
Copying deathstar_ms-32301.output to deathstar_ms-32301.output
tar: removing leading '/' from member names
Debug: Checking Namespace=default, Pod=ms-3289-587dbd96bf-l9gqp for Target File=deathstar_*.output
Namespace: default, Pod: ms-3289-587dbd96bf-l9gqp has the target files.
Copying deathstar_ms-3289.output to deathstar_ms-3289.output
tar: removing leading '/' from member names
Debug: Checking Namespace=default, Pod=ms-37691-6dc6cd6744-zv64b for Target File=deathstar_*.output
Namespace: default, Pod: ms-37691-6dc6cd6744-zv64b has the target files.
Copying deathstar_ms-37691.output to deathstar_ms-37691.output
tar: removing leading '/' from member names
Debug: Checking Namespace=default, Pod=ms-38964-5b647cdbd-qvnvl for Target File=deathstar_*.output
Namespace: default, Pod: ms-38964-5b647cdbd-qvnvl has the target files.
Copying deathstar_ms-38964.output to deathstar_ms-38964.output
tar: removing leading '/' from member names
Debug: Checking Namespace=default, Pod=ms-40147-cd867585-lrzcl for Target File=deathstar_*.output
Namespace: default, Pod: ms-40147-cd867585-lrzcl has the target files.
Copying deathstar_ms-40147.output to deathstar_ms-40147.output
tar: removing leading '/' from member names
Debug: Checking Namespace=default, Pod=ms-48118-ff7b99cc9-sqv9j for Target File=deathstar_*.output
Namespace: default, Pod: ms-48118-ff7b99cc9-sqv9j has the target files.
Copying deathstar_ms-48118.output to deathstar_ms-48118.output
tar: removing leading '/' from member names
Debug: Checking Namespace=default, Pod=ms-4829-669557b66c-vlth5 for Target File=deathstar_*.output
Namespace: default, Pod: ms-4829-669557b66c-vlth5 has the target files.
Copying deathstar_ms-4829.output to deathstar_ms-4829.output
tar: removing leading '/' from member names
Debug: Checking Namespace=default, Pod=ms-51685-79858c784f-ndrn4 for Target File=deathstar_*.output
Namespace: default, Pod: ms-51685-79858c784f-ndrn4 has the target files.
Copying deathstar_ms-51685.output to deathstar_ms-51685.output
tar: removing leading '/' from member names
Debug: Checking Namespace=default, Pod=ms-52379-57c6cdd54b-nvwkp for Target File=deathstar_*.output
Namespace: default, Pod: ms-52379-57c6cdd54b-nvwkp has the target files.
Copying deathstar_ms-52379.output to deathstar_ms-52379.output
tar: removing leading '/' from member names
Debug: Checking Namespace=default, Pod=ms-55394-6f999f5df9-dhqzw for Target File=deathstar_*.output
Namespace: default, Pod: ms-55394-6f999f5df9-dhqzw has the target files.
Copying deathstar_ms-55394.output to deathstar_ms-55394.output
tar: removing leading '/' from member names
Debug: Checking Namespace=default, Pod=ms-58436-59dd96f659-h5j7n for Target File=deathstar_*.output
Namespace: default, Pod: ms-58436-59dd96f659-h5j7n has the target files.
Copying deathstar_ms-58436.output to deathstar_ms-58436.output
tar: removing leading '/' from member names
Debug: Checking Namespace=default, Pod=ms-58772-68ff78c966-hnxhd for Target File=deathstar_*.output
Namespace: default, Pod: ms-58772-68ff78c966-hnxhd has the target files.
Copying deathstar_ms-58772.output to deathstar_ms-58772.output
tar: removing leading '/' from member names
Debug: Checking Namespace=default, Pod=ms-59962-756b895b58-5jwt2 for Target File=deathstar_*.output
Namespace: default, Pod: ms-59962-756b895b58-5jwt2 has the target files.
Copying deathstar_ms-59962.output to deathstar_ms-59962.output
tar: removing leading '/' from member names
Debug: Checking Namespace=default, Pod=ms-60061-68bd84bdcd-55f5h for Target File=deathstar_*.output
Namespace: default, Pod: ms-60061-68bd84bdcd-55f5h has the target files.
Copying deathstar_ms-60061.output to deathstar_ms-60061.output
tar: removing leading '/' from member names
Debug: Checking Namespace=default, Pod=ms-6323-974659fcd-4fdbx for Target File=deathstar_*.output
Namespace: default, Pod: ms-6323-974659fcd-4fdbx has the target files.
Copying deathstar_ms-6323.output to deathstar_ms-6323.output
tar: removing leading '/' from member names
Debug: Checking Namespace=default, Pod=ms-65741-65f588bcdf-vnpq2 for Target File=deathstar_*.output
Namespace: default, Pod: ms-65741-65f588bcdf-vnpq2 has the target files.
Copying deathstar_ms-65741.output to deathstar_ms-65741.output
tar: removing leading '/' from member names
Debug: Checking Namespace=default, Pod=ms-66473-79c66f8bff-tcxs5 for Target File=deathstar_*.output
Namespace: default, Pod: ms-66473-79c66f8bff-tcxs5 has the target files.
Copying deathstar_ms-66473.output to deathstar_ms-66473.output
tar: removing leading '/' from member names
Debug: Checking Namespace=default, Pod=ms-69188-65c548d4cb-lpmz8 for Target File=deathstar_*.output
Namespace: default, Pod: ms-69188-65c548d4cb-lpmz8 has the target files.
Copying deathstar_ms-69188.output to deathstar_ms-69188.output
tar: removing leading '/' from member names
Debug: Checking Namespace=default, Pod=ms-69614-794bd8475-5l9k2 for Target File=deathstar_*.output
Namespace: default, Pod: ms-69614-794bd8475-5l9k2 has the target files.
Copying deathstar_ms-69614.output to deathstar_ms-69614.output
tar: removing leading '/' from member names
Debug: Checking Namespace=default, Pod=ms-9081-567985788-jbf6m for Target File=deathstar_*.output
Namespace: default, Pod: ms-9081-567985788-jbf6m has the target files.
Copying deathstar_ms-9081.output to deathstar_ms-9081.output
tar: removing leading '/' from member names
Debug: Checking Namespace=default, Pod=nginx-web-server-56557f7cb7-9hpf9 for Target File=deathstar_*.output
Namespace: default, Pod: nginx-web-server-56557f7cb7-9hpf9 has the target files.
Copying deathstar_nginx-web-server.output to deathstar_nginx-web-server.output
tar: removing leading '/' from member names
Debug: Checking Namespace=default, Pod=unknown-6ddf9bd4b5-p99t8 for Target File=deathstar_*.output
Namespace: default, Pod: unknown-6ddf9bd4b5-p99t8 has the target files.
Copying deathstar_unknown.output to deathstar_unknown.output
tar: removing leading '/' from member names
