Deployments: ms-10090
ms-13558
ms-18330
ms-19585
ms-20172
ms-22893
ms-24009
ms-24959
ms-26622
ms-27421
ms-29373
ms-32301
ms-3289
ms-37691
ms-38964
ms-40147
ms-48118
ms-4829
ms-51685
ms-52379
ms-55394
ms-58436
ms-58772
ms-59962
ms-60061
ms-6323
ms-65741
ms-66473
ms-69188
ms-69614
ms-9081
nginx-web-server
unknown
deployment "ms-10090" successfully rolled out
deployment "ms-13558" successfully rolled out
deployment "ms-18330" successfully rolled out
deployment "ms-19585" successfully rolled out
deployment "ms-20172" successfully rolled out
deployment "ms-22893" successfully rolled out
deployment "ms-24009" successfully rolled out
deployment "ms-24959" successfully rolled out
deployment "ms-26622" successfully rolled out
deployment "ms-27421" successfully rolled out
deployment "ms-29373" successfully rolled out
deployment "ms-32301" successfully rolled out
deployment "ms-3289" successfully rolled out
deployment "ms-37691" successfully rolled out
deployment "ms-38964" successfully rolled out
deployment "ms-40147" successfully rolled out
deployment "ms-48118" successfully rolled out
deployment "ms-4829" successfully rolled out
deployment "ms-51685" successfully rolled out
deployment "ms-52379" successfully rolled out
deployment "ms-55394" successfully rolled out
deployment "ms-58436" successfully rolled out
deployment "ms-58772" successfully rolled out
deployment "ms-59962" successfully rolled out
deployment "ms-60061" successfully rolled out
deployment "ms-6323" successfully rolled out
deployment "ms-65741" successfully rolled out
deployment "ms-66473" successfully rolled out
deployment "ms-69188" successfully rolled out
deployment "ms-69614" successfully rolled out
deployment "ms-9081" successfully rolled out
deployment "nginx-web-server" successfully rolled out
deployment "unknown" successfully rolled out
ENTRY_POINT: nginx-web-server
SERVICE_A_URL: 10.107.190.109:50051
Capacity: 10000
Metadata: timestamp={{.TimestampUnix}}
Metadata: method=S_149998854
Metadata: request-id={{.RequestNumber}}
Charon Configurations:
[{INTERCEPT breakwater} {PRICE_UPDATE_RATE 10ms} {TOKEN_UPDATE_RATE 10ms} {LATENCY_THRESHOLD 100us} {PRICE_STEP 0} {PRICE_STRATEGY step} {LAZY_UPDATE false} {RATE_LIMITING true} {LOAD_SHEDDING true} {CHARON_TRACK_PRICE false} {BREAKWATER_SLO 8006us} {BREAKWATER_A 0.3481129296381402} {BREAKWATER_B 0.66257498476019} {BREAKWATER_CLIENT_EXPIRATION 2328us} {BREAKWATER_INITIAL_CREDIT 574} {BREAKWATER_LOAD_SHEDDING true} {BREAKWATER_RTT 12737us} {BREAKWATERD_SLO 12500us} {BREAKWATERD_A 0.001} {BREAKWATERD_B 0.02} {BREAKWATERD_CLIENT_EXPIRATION 10ms} {BREAKWATERD_INITIAL_CREDIT 400} {BREAKWATERD_LOAD_SHEDDING true} {BREAKWATERD_RTT 1000us} {DAGOR_QUEUING_THRESHOLD 2ms} {DAGOR_ALPHA 0.05} {DAGOR_BETA 0.01} {DAGOR_ADMISSION_LEVEL_UPDATE_INTERVAL 10ms} {DAGOR_UMAX 20}]

Summary:
  Count:	89017
  Total:	25.00 s
  Slowest:	1.01 s
  Fastest:	110.95 ms
  Average:	298.55 ms
  Requests/sec:	3560.67

Response time histogram:
  110.947  [1]     |
  200.780  [15072] |∎∎∎∎∎∎∎∎∎∎∎∎∎∎∎∎∎∎∎∎∎∎∎∎∎∎∎∎∎∎∎∎∎∎∎∎∎∎∎
  290.612  [15291] |∎∎∎∎∎∎∎∎∎∎∎∎∎∎∎∎∎∎∎∎∎∎∎∎∎∎∎∎∎∎∎∎∎∎∎∎∎∎∎∎
  380.445  [10139] |∎∎∎∎∎∎∎∎∎∎∎∎∎∎∎∎∎∎∎∎∎∎∎∎∎∎∎
  470.278  [8137]  |∎∎∎∎∎∎∎∎∎∎∎∎∎∎∎∎∎∎∎∎∎
  560.111  [7529]  |∎∎∎∎∎∎∎∎∎∎∎∎∎∎∎∎∎∎∎∎
  649.943  [3043]  |∎∎∎∎∎∎∎∎
  739.776  [254]   |∎
  829.609  [290]   |∎
  919.441  [715]   |∎∎
  1009.274 [853]   |∎∎

Latency distribution:
  10 % in 114.39 ms 
  25 % in 202.23 ms 
  50 % in 292.64 ms 
  75 % in 445.02 ms 
  90 % in 545.06 ms 
  95 % in 608.97 ms 
  99 % in 955.74 ms 

Status code distribution:
  [ResourceExhausted]   20894 responses   
  [DeadlineExceeded]    6006 responses    
  [Canceled]            793 responses     
  [OK]                  61324 responses   

Error distribution:
  [20894]   rpc error: code = ResourceExhausted desc = Server-side queuing delay is beyond AQM threshold   
  [6006]    rpc error: code = DeadlineExceeded desc = context deadline exceeded                            
  [793]     rpc error: code = Canceled desc = grpc: the client connection is closing                       

Debug: Checking Namespace=default, Pod=ms-10090-6454f977fd-hp26f for Target File=deathstar_*.output
Namespace: default, Pod: ms-10090-6454f977fd-hp26f has the target files.
Copying deathstar_ms-10090.output to deathstar_ms-10090.output
tar: removing leading '/' from member names
Debug: Checking Namespace=default, Pod=ms-13558-b48bb5d9d-vwk6l for Target File=deathstar_*.output
Namespace: default, Pod: ms-13558-b48bb5d9d-vwk6l has the target files.
Copying deathstar_ms-13558.output to deathstar_ms-13558.output
tar: removing leading '/' from member names
Debug: Checking Namespace=default, Pod=ms-18330-759d9cf49c-dpjp6 for Target File=deathstar_*.output
Namespace: default, Pod: ms-18330-759d9cf49c-dpjp6 has the target files.
Copying deathstar_ms-18330.output to deathstar_ms-18330.output
tar: removing leading '/' from member names
Debug: Checking Namespace=default, Pod=ms-19585-6f995cfcbf-knq84 for Target File=deathstar_*.output
Namespace: default, Pod: ms-19585-6f995cfcbf-knq84 has the target files.
Copying deathstar_ms-19585.output to deathstar_ms-19585.output
tar: removing leading '/' from member names
Debug: Checking Namespace=default, Pod=ms-20172-59d5485464-h2c5c for Target File=deathstar_*.output
Namespace: default, Pod: ms-20172-59d5485464-h2c5c has the target files.
Copying deathstar_ms-20172.output to deathstar_ms-20172.output
tar: removing leading '/' from member names
Debug: Checking Namespace=default, Pod=ms-22893-576fd5f9f6-rjp5q for Target File=deathstar_*.output
Namespace: default, Pod: ms-22893-576fd5f9f6-rjp5q has the target files.
Copying deathstar_ms-22893.output to deathstar_ms-22893.output
tar: removing leading '/' from member names
Debug: Checking Namespace=default, Pod=ms-24009-67dbf5b976-82rrd for Target File=deathstar_*.output
Namespace: default, Pod: ms-24009-67dbf5b976-82rrd has the target files.
Copying deathstar_ms-24009.output to deathstar_ms-24009.output
tar: removing leading '/' from member names
Debug: Checking Namespace=default, Pod=ms-24959-99f8bbf9-k9qns for Target File=deathstar_*.output
Namespace: default, Pod: ms-24959-99f8bbf9-k9qns has the target files.
Copying deathstar_ms-24959.output to deathstar_ms-24959.output
tar: removing leading '/' from member names
Debug: Checking Namespace=default, Pod=ms-26622-66fdf7d64f-7j45k for Target File=deathstar_*.output
Namespace: default, Pod: ms-26622-66fdf7d64f-7j45k has the target files.
Copying deathstar_ms-26622.output to deathstar_ms-26622.output
tar: removing leading '/' from member names
Debug: Checking Namespace=default, Pod=ms-27421-64f549855c-6d2bb for Target File=deathstar_*.output
Namespace: default, Pod: ms-27421-64f549855c-6d2bb has the target files.
Copying deathstar_ms-27421.output to deathstar_ms-27421.output
tar: removing leading '/' from member names
Debug: Checking Namespace=default, Pod=ms-29373-8467f7db44-9nn5x for Target File=deathstar_*.output
Namespace: default, Pod: ms-29373-8467f7db44-9nn5x has the target files.
Copying deathstar_ms-29373.output to deathstar_ms-29373.output
tar: removing leading '/' from member names
Debug: Checking Namespace=default, Pod=ms-32301-c5654bbc5-4klm5 for Target File=deathstar_*.output
Namespace: default, Pod: ms-32301-c5654bbc5-4klm5 has the target files.
Copying deathstar_ms-32301.output to deathstar_ms-32301.output
tar: removing leading '/' from member names
Debug: Checking Namespace=default, Pod=ms-3289-587dbd96bf-hrvwz for Target File=deathstar_*.output
Namespace: default, Pod: ms-3289-587dbd96bf-hrvwz has the target files.
Copying deathstar_ms-3289.output to deathstar_ms-3289.output
tar: removing leading '/' from member names
Debug: Checking Namespace=default, Pod=ms-37691-6dc6cd6744-jmzmt for Target File=deathstar_*.output
Namespace: default, Pod: ms-37691-6dc6cd6744-jmzmt has the target files.
Copying deathstar_ms-37691.output to deathstar_ms-37691.output
tar: removing leading '/' from member names
Debug: Checking Namespace=default, Pod=ms-38964-5b647cdbd-g6vsx for Target File=deathstar_*.output
Namespace: default, Pod: ms-38964-5b647cdbd-g6vsx has the target files.
Copying deathstar_ms-38964.output to deathstar_ms-38964.output
tar: removing leading '/' from member names
Debug: Checking Namespace=default, Pod=ms-40147-cd867585-j65xl for Target File=deathstar_*.output
Namespace: default, Pod: ms-40147-cd867585-j65xl has the target files.
Copying deathstar_ms-40147.output to deathstar_ms-40147.output
tar: removing leading '/' from member names
Debug: Checking Namespace=default, Pod=ms-48118-ff7b99cc9-pp2g8 for Target File=deathstar_*.output
Namespace: default, Pod: ms-48118-ff7b99cc9-pp2g8 has the target files.
Copying deathstar_ms-48118.output to deathstar_ms-48118.output
tar: removing leading '/' from member names
Debug: Checking Namespace=default, Pod=ms-4829-669557b66c-csmnx for Target File=deathstar_*.output
Namespace: default, Pod: ms-4829-669557b66c-csmnx has the target files.
Copying deathstar_ms-4829.output to deathstar_ms-4829.output
tar: removing leading '/' from member names
Debug: Checking Namespace=default, Pod=ms-51685-79858c784f-lfd6z for Target File=deathstar_*.output
Namespace: default, Pod: ms-51685-79858c784f-lfd6z has the target files.
Copying deathstar_ms-51685.output to deathstar_ms-51685.output
tar: removing leading '/' from member names
Debug: Checking Namespace=default, Pod=ms-52379-57c6cdd54b-4sv5v for Target File=deathstar_*.output
Namespace: default, Pod: ms-52379-57c6cdd54b-4sv5v has the target files.
Copying deathstar_ms-52379.output to deathstar_ms-52379.output
tar: removing leading '/' from member names
Debug: Checking Namespace=default, Pod=ms-55394-6f999f5df9-svgcg for Target File=deathstar_*.output
Namespace: default, Pod: ms-55394-6f999f5df9-svgcg has the target files.
Copying deathstar_ms-55394.output to deathstar_ms-55394.output
tar: removing leading '/' from member names
Debug: Checking Namespace=default, Pod=ms-58436-59dd96f659-6mbtm for Target File=deathstar_*.output
Namespace: default, Pod: ms-58436-59dd96f659-6mbtm has the target files.
Copying deathstar_ms-58436.output to deathstar_ms-58436.output
tar: removing leading '/' from member names
Debug: Checking Namespace=default, Pod=ms-58772-68ff78c966-29jw4 for Target File=deathstar_*.output
Namespace: default, Pod: ms-58772-68ff78c966-29jw4 has the target files.
Copying deathstar_ms-58772.output to deathstar_ms-58772.output
tar: removing leading '/' from member names
Debug: Checking Namespace=default, Pod=ms-59962-756b895b58-l88hz for Target File=deathstar_*.output
Namespace: default, Pod: ms-59962-756b895b58-l88hz has the target files.
Copying deathstar_ms-59962.output to deathstar_ms-59962.output
tar: removing leading '/' from member names
Debug: Checking Namespace=default, Pod=ms-60061-68bd84bdcd-88xbm for Target File=deathstar_*.output
Namespace: default, Pod: ms-60061-68bd84bdcd-88xbm has the target files.
Copying deathstar_ms-60061.output to deathstar_ms-60061.output
tar: removing leading '/' from member names
Debug: Checking Namespace=default, Pod=ms-6323-974659fcd-bn6b7 for Target File=deathstar_*.output
Namespace: default, Pod: ms-6323-974659fcd-bn6b7 has the target files.
Copying deathstar_ms-6323.output to deathstar_ms-6323.output
tar: removing leading '/' from member names
Debug: Checking Namespace=default, Pod=ms-65741-65f588bcdf-jqcxt for Target File=deathstar_*.output
Namespace: default, Pod: ms-65741-65f588bcdf-jqcxt has the target files.
Copying deathstar_ms-65741.output to deathstar_ms-65741.output
tar: removing leading '/' from member names
Debug: Checking Namespace=default, Pod=ms-66473-79c66f8bff-qdb22 for Target File=deathstar_*.output
Namespace: default, Pod: ms-66473-79c66f8bff-qdb22 has the target files.
Copying deathstar_ms-66473.output to deathstar_ms-66473.output
tar: removing leading '/' from member names
Debug: Checking Namespace=default, Pod=ms-69188-65c548d4cb-qpq8x for Target File=deathstar_*.output
Namespace: default, Pod: ms-69188-65c548d4cb-qpq8x has the target files.
Copying deathstar_ms-69188.output to deathstar_ms-69188.output
tar: removing leading '/' from member names
Debug: Checking Namespace=default, Pod=ms-69614-794bd8475-vdbcg for Target File=deathstar_*.output
Namespace: default, Pod: ms-69614-794bd8475-vdbcg has the target files.
Copying deathstar_ms-69614.output to deathstar_ms-69614.output
tar: removing leading '/' from member names
Debug: Checking Namespace=default, Pod=ms-9081-567985788-5hf5k for Target File=deathstar_*.output
Namespace: default, Pod: ms-9081-567985788-5hf5k has the target files.
Copying deathstar_ms-9081.output to deathstar_ms-9081.output
tar: removing leading '/' from member names
Debug: Checking Namespace=default, Pod=nginx-web-server-56557f7cb7-nrx8c for Target File=deathstar_*.output
Namespace: default, Pod: nginx-web-server-56557f7cb7-nrx8c has the target files.
Copying deathstar_nginx-web-server.output to deathstar_nginx-web-server.output
tar: removing leading '/' from member names
Debug: Checking Namespace=default, Pod=unknown-6ddf9bd4b5-46vd7 for Target File=deathstar_*.output
Namespace: default, Pod: unknown-6ddf9bd4b5-46vd7 has the target files.
Copying deathstar_unknown.output to deathstar_unknown.output
tar: removing leading '/' from member names
