Deployments: ms-10090
ms-13558
ms-18330
ms-19585
ms-20172
ms-22893
ms-24009
ms-24959
ms-26622
ms-27421
ms-29373
ms-32301
ms-3289
ms-37691
ms-38964
ms-40147
ms-48118
ms-4829
ms-51685
ms-52379
ms-55394
ms-58436
ms-58772
ms-59962
ms-60061
ms-6323
ms-65741
ms-66473
ms-69188
ms-69614
ms-9081
nginx-web-server
unknown
deployment "ms-10090" successfully rolled out
deployment "ms-13558" successfully rolled out
deployment "ms-18330" successfully rolled out
deployment "ms-19585" successfully rolled out
deployment "ms-20172" successfully rolled out
deployment "ms-22893" successfully rolled out
deployment "ms-24009" successfully rolled out
deployment "ms-24959" successfully rolled out
deployment "ms-26622" successfully rolled out
deployment "ms-27421" successfully rolled out
deployment "ms-29373" successfully rolled out
deployment "ms-32301" successfully rolled out
deployment "ms-3289" successfully rolled out
deployment "ms-37691" successfully rolled out
deployment "ms-38964" successfully rolled out
deployment "ms-40147" successfully rolled out
deployment "ms-48118" successfully rolled out
deployment "ms-4829" successfully rolled out
deployment "ms-51685" successfully rolled out
deployment "ms-52379" successfully rolled out
deployment "ms-55394" successfully rolled out
deployment "ms-58436" successfully rolled out
deployment "ms-58772" successfully rolled out
deployment "ms-59962" successfully rolled out
deployment "ms-60061" successfully rolled out
deployment "ms-6323" successfully rolled out
deployment "ms-65741" successfully rolled out
deployment "ms-66473" successfully rolled out
deployment "ms-69188" successfully rolled out
deployment "ms-69614" successfully rolled out
deployment "ms-9081" successfully rolled out
deployment "nginx-web-server" successfully rolled out
deployment "unknown" successfully rolled out
ENTRY_POINT: nginx-web-server
SERVICE_A_URL: 10.104.194.19:50051
Capacity: 10000
Metadata: method=S_149998854
Metadata: request-id={{.RequestNumber}}
Metadata: timestamp={{.TimestampUnix}}
Charon Configurations:
[{INTERCEPT breakwaterd} {PRICE_UPDATE_RATE 10ms} {TOKEN_UPDATE_RATE 10ms} {LATENCY_THRESHOLD 100us} {PRICE_STEP 0} {PRICE_STRATEGY step} {LAZY_UPDATE false} {RATE_LIMITING true} {LOAD_SHEDDING true} {CHARON_TRACK_PRICE false} {BREAKWATER_SLO 34033us} {BREAKWATER_A 0.0} {BREAKWATER_B 6.3132361281563485} {BREAKWATER_CLIENT_EXPIRATION 1us} {BREAKWATER_INITIAL_CREDIT 393} {BREAKWATER_LOAD_SHEDDING true} {BREAKWATER_RTT 6077us} {BREAKWATERD_SLO 53486us} {BREAKWATERD_A 2.6582686175651347} {BREAKWATERD_B 4.00666538560816} {BREAKWATERD_CLIENT_EXPIRATION 85547us} {BREAKWATERD_INITIAL_CREDIT 2717} {BREAKWATERD_LOAD_SHEDDING true} {BREAKWATERD_RTT 6312us} {DAGOR_QUEUING_THRESHOLD 2ms} {DAGOR_ALPHA 0.05} {DAGOR_BETA 0.01} {DAGOR_ADMISSION_LEVEL_UPDATE_INTERVAL 10ms} {DAGOR_UMAX 20}]

Summary:
  Count:	47464
  Total:	25.00 s
  Slowest:	937.12 ms
  Fastest:	111.41 ms
  Average:	157.28 ms
  Requests/sec:	1898.52

Response time histogram:
  111.414 [1]     |
  193.984 [37029] |∎∎∎∎∎∎∎∎∎∎∎∎∎∎∎∎∎∎∎∎∎∎∎∎∎∎∎∎∎∎∎∎∎∎∎∎∎∎∎∎
  276.555 [7938]  |∎∎∎∎∎∎∎∎∎
  359.125 [403]   |
  441.695 [4]     |
  524.265 [6]     |
  606.835 [0]     |
  689.406 [0]     |
  771.976 [14]    |
  854.546 [62]    |
  937.116 [76]    |

Latency distribution:
  10 % in 115.35 ms 
  25 % in 127.48 ms 
  50 % in 153.45 ms 
  75 % in 183.58 ms 
  90 % in 216.31 ms 
  95 % in 240.19 ms 
  99 % in 283.80 ms 

Status code distribution:
  [ResourceExhausted]   1421 responses    
  [OK]                  45533 responses   
  [Canceled]            510 responses     

Error distribution:
  [1382]   rpc error: code = ResourceExhausted desc = Client id e95ef871-d985-4225-8ad3-af593a32ffed request expired in queue.   
  [39]     rpc error: code = ResourceExhausted desc = Server-side queuing delay is beyond AQM threshold                          
  [510]    rpc error: code = Canceled desc = grpc: the client connection is closing                                              

Debug: Checking Namespace=default, Pod=ms-10090-6454f977fd-rw2n6 for Target File=deathstar_*.output
Namespace: default, Pod: ms-10090-6454f977fd-rw2n6 has the target files.
Copying deathstar_ms-10090.output to deathstar_ms-10090.output
tar: removing leading '/' from member names
Debug: Checking Namespace=default, Pod=ms-13558-b48bb5d9d-j8cgv for Target File=deathstar_*.output
Namespace: default, Pod: ms-13558-b48bb5d9d-j8cgv has the target files.
Copying deathstar_ms-13558.output to deathstar_ms-13558.output
tar: removing leading '/' from member names
Debug: Checking Namespace=default, Pod=ms-18330-759d9cf49c-zspg2 for Target File=deathstar_*.output
Namespace: default, Pod: ms-18330-759d9cf49c-zspg2 has the target files.
Copying deathstar_ms-18330.output to deathstar_ms-18330.output
tar: removing leading '/' from member names
Debug: Checking Namespace=default, Pod=ms-19585-6f995cfcbf-7tjlh for Target File=deathstar_*.output
Namespace: default, Pod: ms-19585-6f995cfcbf-7tjlh has the target files.
Copying deathstar_ms-19585.output to deathstar_ms-19585.output
tar: removing leading '/' from member names
Debug: Checking Namespace=default, Pod=ms-20172-59d5485464-9clhw for Target File=deathstar_*.output
Namespace: default, Pod: ms-20172-59d5485464-9clhw has the target files.
Copying deathstar_ms-20172.output to deathstar_ms-20172.output
tar: removing leading '/' from member names
Debug: Checking Namespace=default, Pod=ms-22893-576fd5f9f6-k9rhz for Target File=deathstar_*.output
Namespace: default, Pod: ms-22893-576fd5f9f6-k9rhz has the target files.
Copying deathstar_ms-22893.output to deathstar_ms-22893.output
tar: removing leading '/' from member names
Debug: Checking Namespace=default, Pod=ms-24009-67dbf5b976-gdspk for Target File=deathstar_*.output
Namespace: default, Pod: ms-24009-67dbf5b976-gdspk has the target files.
Copying deathstar_ms-24009.output to deathstar_ms-24009.output
tar: removing leading '/' from member names
Debug: Checking Namespace=default, Pod=ms-24959-99f8bbf9-ddrxj for Target File=deathstar_*.output
Namespace: default, Pod: ms-24959-99f8bbf9-ddrxj has the target files.
Copying deathstar_ms-24959.output to deathstar_ms-24959.output
tar: removing leading '/' from member names
Debug: Checking Namespace=default, Pod=ms-26622-66fdf7d64f-tkkg6 for Target File=deathstar_*.output
Namespace: default, Pod: ms-26622-66fdf7d64f-tkkg6 has the target files.
Copying deathstar_ms-26622.output to deathstar_ms-26622.output
tar: removing leading '/' from member names
Debug: Checking Namespace=default, Pod=ms-27421-64f549855c-t75xp for Target File=deathstar_*.output
Namespace: default, Pod: ms-27421-64f549855c-t75xp has the target files.
Copying deathstar_ms-27421.output to deathstar_ms-27421.output
tar: removing leading '/' from member names
Debug: Checking Namespace=default, Pod=ms-29373-8467f7db44-bzhwx for Target File=deathstar_*.output
Namespace: default, Pod: ms-29373-8467f7db44-bzhwx has the target files.
Copying deathstar_ms-29373.output to deathstar_ms-29373.output
tar: removing leading '/' from member names
Debug: Checking Namespace=default, Pod=ms-32301-c5654bbc5-c7klb for Target File=deathstar_*.output
Namespace: default, Pod: ms-32301-c5654bbc5-c7klb has the target files.
Copying deathstar_ms-32301.output to deathstar_ms-32301.output
tar: removing leading '/' from member names
Debug: Checking Namespace=default, Pod=ms-3289-587dbd96bf-k5bvh for Target File=deathstar_*.output
Namespace: default, Pod: ms-3289-587dbd96bf-k5bvh has the target files.
Copying deathstar_ms-3289.output to deathstar_ms-3289.output
tar: removing leading '/' from member names
Debug: Checking Namespace=default, Pod=ms-37691-6dc6cd6744-h5ch6 for Target File=deathstar_*.output
Namespace: default, Pod: ms-37691-6dc6cd6744-h5ch6 has the target files.
Copying deathstar_ms-37691.output to deathstar_ms-37691.output
tar: removing leading '/' from member names
Debug: Checking Namespace=default, Pod=ms-38964-5b647cdbd-bltb7 for Target File=deathstar_*.output
Namespace: default, Pod: ms-38964-5b647cdbd-bltb7 has the target files.
Copying deathstar_ms-38964.output to deathstar_ms-38964.output
tar: removing leading '/' from member names
Debug: Checking Namespace=default, Pod=ms-40147-cd867585-pfxgx for Target File=deathstar_*.output
Namespace: default, Pod: ms-40147-cd867585-pfxgx has the target files.
Copying deathstar_ms-40147.output to deathstar_ms-40147.output
tar: removing leading '/' from member names
Debug: Checking Namespace=default, Pod=ms-48118-ff7b99cc9-cw6jx for Target File=deathstar_*.output
Namespace: default, Pod: ms-48118-ff7b99cc9-cw6jx has the target files.
Copying deathstar_ms-48118.output to deathstar_ms-48118.output
tar: removing leading '/' from member names
Debug: Checking Namespace=default, Pod=ms-4829-669557b66c-jd8qt for Target File=deathstar_*.output
Namespace: default, Pod: ms-4829-669557b66c-jd8qt has the target files.
Copying deathstar_ms-4829.output to deathstar_ms-4829.output
tar: removing leading '/' from member names
Debug: Checking Namespace=default, Pod=ms-51685-79858c784f-l2tfn for Target File=deathstar_*.output
Namespace: default, Pod: ms-51685-79858c784f-l2tfn has the target files.
Copying deathstar_ms-51685.output to deathstar_ms-51685.output
tar: removing leading '/' from member names
Debug: Checking Namespace=default, Pod=ms-52379-57c6cdd54b-s4vck for Target File=deathstar_*.output
Namespace: default, Pod: ms-52379-57c6cdd54b-s4vck has the target files.
Copying deathstar_ms-52379.output to deathstar_ms-52379.output
tar: removing leading '/' from member names
Debug: Checking Namespace=default, Pod=ms-55394-6f999f5df9-jlqfn for Target File=deathstar_*.output
Namespace: default, Pod: ms-55394-6f999f5df9-jlqfn has the target files.
Copying deathstar_ms-55394.output to deathstar_ms-55394.output
tar: removing leading '/' from member names
Debug: Checking Namespace=default, Pod=ms-58436-59dd96f659-grtzm for Target File=deathstar_*.output
Namespace: default, Pod: ms-58436-59dd96f659-grtzm has the target files.
Copying deathstar_ms-58436.output to deathstar_ms-58436.output
tar: removing leading '/' from member names
Debug: Checking Namespace=default, Pod=ms-58772-68ff78c966-whk6h for Target File=deathstar_*.output
Namespace: default, Pod: ms-58772-68ff78c966-whk6h has the target files.
Copying deathstar_ms-58772.output to deathstar_ms-58772.output
tar: removing leading '/' from member names
Debug: Checking Namespace=default, Pod=ms-59962-756b895b58-zs6kt for Target File=deathstar_*.output
Namespace: default, Pod: ms-59962-756b895b58-zs6kt has the target files.
Copying deathstar_ms-59962.output to deathstar_ms-59962.output
tar: removing leading '/' from member names
Debug: Checking Namespace=default, Pod=ms-60061-68bd84bdcd-nsjkr for Target File=deathstar_*.output
Namespace: default, Pod: ms-60061-68bd84bdcd-nsjkr has the target files.
Copying deathstar_ms-60061.output to deathstar_ms-60061.output
tar: removing leading '/' from member names
Debug: Checking Namespace=default, Pod=ms-6323-974659fcd-5fm7c for Target File=deathstar_*.output
Namespace: default, Pod: ms-6323-974659fcd-5fm7c has the target files.
Copying deathstar_ms-6323.output to deathstar_ms-6323.output
tar: removing leading '/' from member names
Debug: Checking Namespace=default, Pod=ms-65741-65f588bcdf-5lzxw for Target File=deathstar_*.output
Namespace: default, Pod: ms-65741-65f588bcdf-5lzxw has the target files.
Copying deathstar_ms-65741.output to deathstar_ms-65741.output
tar: removing leading '/' from member names
Debug: Checking Namespace=default, Pod=ms-66473-79c66f8bff-bmv67 for Target File=deathstar_*.output
Namespace: default, Pod: ms-66473-79c66f8bff-bmv67 has the target files.
Copying deathstar_ms-66473.output to deathstar_ms-66473.output
tar: removing leading '/' from member names
Debug: Checking Namespace=default, Pod=ms-69188-65c548d4cb-hnf8b for Target File=deathstar_*.output
Namespace: default, Pod: ms-69188-65c548d4cb-hnf8b has the target files.
Copying deathstar_ms-69188.output to deathstar_ms-69188.output
tar: removing leading '/' from member names
Debug: Checking Namespace=default, Pod=ms-69614-794bd8475-xfsp6 for Target File=deathstar_*.output
Namespace: default, Pod: ms-69614-794bd8475-xfsp6 has the target files.
Copying deathstar_ms-69614.output to deathstar_ms-69614.output
tar: removing leading '/' from member names
Debug: Checking Namespace=default, Pod=ms-9081-567985788-vhdt4 for Target File=deathstar_*.output
Namespace: default, Pod: ms-9081-567985788-vhdt4 has the target files.
Copying deathstar_ms-9081.output to deathstar_ms-9081.output
tar: removing leading '/' from member names
Debug: Checking Namespace=default, Pod=nginx-web-server-56557f7cb7-x8spq for Target File=deathstar_*.output
Namespace: default, Pod: nginx-web-server-56557f7cb7-x8spq has the target files.
Copying deathstar_nginx-web-server.output to deathstar_nginx-web-server.output
tar: removing leading '/' from member names
Debug: Checking Namespace=default, Pod=unknown-6ddf9bd4b5-qk9d9 for Target File=deathstar_*.output
Namespace: default, Pod: unknown-6ddf9bd4b5-qk9d9 has the target files.
Copying deathstar_unknown.output to deathstar_unknown.output
tar: removing leading '/' from member names
