Deployments: ms-11070
ms-11285
ms-11512
ms-1278
ms-13873
ms-19953
ms-21883
ms-25124
ms-27421
ms-2827
ms-33719
ms-37691
ms-43309
ms-4354
ms-46825
ms-60236
ms-71771
ms-8052
ms-902
nginx-web-server
deployment "ms-11070" successfully rolled out
deployment "ms-11285" successfully rolled out
deployment "ms-11512" successfully rolled out
deployment "ms-1278" successfully rolled out
deployment "ms-13873" successfully rolled out
deployment "ms-19953" successfully rolled out
deployment "ms-21883" successfully rolled out
deployment "ms-25124" successfully rolled out
deployment "ms-27421" successfully rolled out
deployment "ms-2827" successfully rolled out
deployment "ms-33719" successfully rolled out
deployment "ms-37691" successfully rolled out
deployment "ms-43309" successfully rolled out
deployment "ms-4354" successfully rolled out
deployment "ms-46825" successfully rolled out
deployment "ms-60236" successfully rolled out
deployment "ms-71771" successfully rolled out
deployment "ms-8052" successfully rolled out
deployment "ms-902" successfully rolled out
deployment "nginx-web-server" successfully rolled out
ENTRY_POINT: nginx-web-server
SERVICE_A_URL: 10.102.162.229:50051
Capacity: 10000
Metadata: timestamp={{.TimestampUnix}}
Metadata: method=S_102000854
Metadata: request-id={{.RequestNumber}}
Charon Configurations:
[{INTERCEPT breakwaterd} {PRICE_UPDATE_RATE 10ms} {TOKEN_UPDATE_RATE 10ms} {LATENCY_THRESHOLD 100us} {PRICE_STEP 0} {PRICE_STRATEGY step} {LAZY_UPDATE false} {RATE_LIMITING true} {LOAD_SHEDDING true} {CHARON_TRACK_PRICE false} {BREAKWATER_SLO 31082us} {BREAKWATER_A 27.101385616867613} {BREAKWATER_B 5.7367948667228585} {BREAKWATER_CLIENT_EXPIRATION 15us} {BREAKWATER_INITIAL_CREDIT 247} {BREAKWATER_LOAD_SHEDDING true} {BREAKWATER_RTT 6532us} {BREAKWATERD_SLO 75060us} {BREAKWATERD_A 8.859420993107745} {BREAKWATERD_B 3.5726976000249975} {BREAKWATERD_CLIENT_EXPIRATION 91768us} {BREAKWATERD_INITIAL_CREDIT 3117} {BREAKWATERD_LOAD_SHEDDING true} {BREAKWATERD_RTT 1300us} {DAGOR_QUEUING_THRESHOLD 2ms} {DAGOR_ALPHA 0.05} {DAGOR_BETA 0.01} {DAGOR_ADMISSION_LEVEL_UPDATE_INTERVAL 10ms} {DAGOR_UMAX 20}]

Summary:
  Count:	94330
  Total:	25.00 s
  Slowest:	948.56 ms
  Fastest:	39.26 ms
  Average:	239.01 ms
  Requests/sec:	3773.77

Response time histogram:
  39.262  [1]     |
  130.191 [14323] |∎∎∎∎∎∎∎∎∎∎∎∎∎∎∎∎∎∎∎∎∎∎∎∎
  221.121 [15230] |∎∎∎∎∎∎∎∎∎∎∎∎∎∎∎∎∎∎∎∎∎∎∎∎∎
  312.050 [24350] |∎∎∎∎∎∎∎∎∎∎∎∎∎∎∎∎∎∎∎∎∎∎∎∎∎∎∎∎∎∎∎∎∎∎∎∎∎∎∎∎
  402.979 [18583] |∎∎∎∎∎∎∎∎∎∎∎∎∎∎∎∎∎∎∎∎∎∎∎∎∎∎∎∎∎∎∎
  493.909 [7958]  |∎∎∎∎∎∎∎∎∎∎∎∎∎
  584.838 [1788]  |∎∎∎
  675.768 [528]   |∎
  766.697 [398]   |∎
  857.626 [262]   |
  948.556 [88]    |

Latency distribution:
  10 % in 45.16 ms 
  25 % in 190.76 ms 
  50 % in 264.88 ms 
  75 % in 349.47 ms 
  90 % in 424.77 ms 
  95 % in 472.74 ms 
  99 % in 648.10 ms 

Status code distribution:
  [ResourceExhausted]   8932 responses    
  [OK]                  83509 responses   
  [Canceled]            1889 responses    

Error distribution:
  [7866]   rpc error: code = ResourceExhausted desc = Client id b84d8e2e-5607-442f-870c-f5588efb536a request expired in queue.   
  [1066]   rpc error: code = ResourceExhausted desc = Server-side queuing delay is beyond AQM threshold                          
  [1889]   rpc error: code = Canceled desc = grpc: the client connection is closing                                              

Debug: Checking Namespace=default, Pod=ms-11070-7868c54f44-dbhxn for Target File=deathstar_*.output
Namespace: default, Pod: ms-11070-7868c54f44-dbhxn has the target files.
Copying deathstar_ms-11070.output to deathstar_ms-11070.output
tar: removing leading '/' from member names
Debug: Checking Namespace=default, Pod=ms-11285-67d597dc77-44wnp for Target File=deathstar_*.output
Namespace: default, Pod: ms-11285-67d597dc77-44wnp has the target files.
Copying deathstar_ms-11285.output to deathstar_ms-11285.output
tar: removing leading '/' from member names
Debug: Checking Namespace=default, Pod=ms-11512-75f8ddc45b-fqrd7 for Target File=deathstar_*.output
Namespace: default, Pod: ms-11512-75f8ddc45b-fqrd7 has the target files.
Copying deathstar_ms-11512.output to deathstar_ms-11512.output
tar: removing leading '/' from member names
Debug: Checking Namespace=default, Pod=ms-1278-85766ff6b8-lzp4h for Target File=deathstar_*.output
Namespace: default, Pod: ms-1278-85766ff6b8-lzp4h has the target files.
Copying deathstar_ms-1278.output to deathstar_ms-1278.output
tar: removing leading '/' from member names
Debug: Checking Namespace=default, Pod=ms-13873-85d7bb7b97-ltr8k for Target File=deathstar_*.output
Namespace: default, Pod: ms-13873-85d7bb7b97-ltr8k has the target files.
Copying deathstar_ms-13873.output to deathstar_ms-13873.output
tar: removing leading '/' from member names
Debug: Checking Namespace=default, Pod=ms-19953-68cc8998c5-rp7ss for Target File=deathstar_*.output
Namespace: default, Pod: ms-19953-68cc8998c5-rp7ss has the target files.
Copying deathstar_ms-19953.output to deathstar_ms-19953.output
tar: removing leading '/' from member names
Debug: Checking Namespace=default, Pod=ms-21883-f6c88c6d4-s4txs for Target File=deathstar_*.output
Namespace: default, Pod: ms-21883-f6c88c6d4-s4txs has the target files.
Copying deathstar_ms-21883.output to deathstar_ms-21883.output
tar: removing leading '/' from member names
Debug: Checking Namespace=default, Pod=ms-25124-77bd4446f5-t96wl for Target File=deathstar_*.output
Namespace: default, Pod: ms-25124-77bd4446f5-t96wl has the target files.
Copying deathstar_ms-25124.output to deathstar_ms-25124.output
tar: removing leading '/' from member names
Debug: Checking Namespace=default, Pod=ms-27421-8565974486-6t2xm for Target File=deathstar_*.output
Namespace: default, Pod: ms-27421-8565974486-6t2xm has the target files.
Copying deathstar_ms-27421.output to deathstar_ms-27421.output
tar: removing leading '/' from member names
Debug: Checking Namespace=default, Pod=ms-2827-5dcc6df4f4-ltk47 for Target File=deathstar_*.output
Namespace: default, Pod: ms-2827-5dcc6df4f4-ltk47 has the target files.
Copying deathstar_ms-2827.output to deathstar_ms-2827.output
tar: removing leading '/' from member names
Debug: Checking Namespace=default, Pod=ms-33719-6c455cf54c-6lfhc for Target File=deathstar_*.output
Namespace: default, Pod: ms-33719-6c455cf54c-6lfhc has the target files.
Copying deathstar_ms-33719.output to deathstar_ms-33719.output
tar: removing leading '/' from member names
Debug: Checking Namespace=default, Pod=ms-37691-b9bc44798-5r85q for Target File=deathstar_*.output
Namespace: default, Pod: ms-37691-b9bc44798-5r85q has the target files.
Copying deathstar_ms-37691.output to deathstar_ms-37691.output
tar: removing leading '/' from member names
Debug: Checking Namespace=default, Pod=ms-43309-54f758d465-qbh2v for Target File=deathstar_*.output
Namespace: default, Pod: ms-43309-54f758d465-qbh2v has the target files.
Copying deathstar_ms-43309.output to deathstar_ms-43309.output
tar: removing leading '/' from member names
Debug: Checking Namespace=default, Pod=ms-4354-669cfcbdf6-74btp for Target File=deathstar_*.output
Namespace: default, Pod: ms-4354-669cfcbdf6-74btp has the target files.
Copying deathstar_ms-4354.output to deathstar_ms-4354.output
tar: removing leading '/' from member names
Debug: Checking Namespace=default, Pod=ms-46825-58c684559d-dvw4l for Target File=deathstar_*.output
Namespace: default, Pod: ms-46825-58c684559d-dvw4l has the target files.
Copying deathstar_ms-46825.output to deathstar_ms-46825.output
tar: removing leading '/' from member names
Debug: Checking Namespace=default, Pod=ms-60236-64866cf49-m57p9 for Target File=deathstar_*.output
Namespace: default, Pod: ms-60236-64866cf49-m57p9 has the target files.
Copying deathstar_ms-60236.output to deathstar_ms-60236.output
tar: removing leading '/' from member names
Debug: Checking Namespace=default, Pod=ms-71771-567ddbdd95-s2n6k for Target File=deathstar_*.output
Namespace: default, Pod: ms-71771-567ddbdd95-s2n6k has the target files.
Copying deathstar_ms-71771.output to deathstar_ms-71771.output
tar: removing leading '/' from member names
Debug: Checking Namespace=default, Pod=ms-8052-b995968dc-fgrnz for Target File=deathstar_*.output
Namespace: default, Pod: ms-8052-b995968dc-fgrnz has the target files.
Copying deathstar_ms-8052.output to deathstar_ms-8052.output
tar: removing leading '/' from member names
Debug: Checking Namespace=default, Pod=ms-902-5744544f85-sh7lm for Target File=deathstar_*.output
Namespace: default, Pod: ms-902-5744544f85-sh7lm has the target files.
Copying deathstar_ms-902.output to deathstar_ms-902.output
tar: removing leading '/' from member names
Debug: Checking Namespace=default, Pod=nginx-web-server-56557f7cb7-wccm5 for Target File=deathstar_*.output
Namespace: default, Pod: nginx-web-server-56557f7cb7-wccm5 has the target files.
Copying deathstar_nginx-web-server.output to deathstar_nginx-web-server.output
tar: removing leading '/' from member names
