Deployments: ms-11070
ms-11285
ms-11512
ms-1278
ms-13873
ms-19953
ms-21883
ms-25124
ms-27421
ms-2827
ms-33719
ms-37691
ms-43309
ms-4354
ms-46825
ms-60236
ms-71771
ms-8052
ms-902
nginx-web-server
deployment "ms-11070" successfully rolled out
deployment "ms-11285" successfully rolled out
deployment "ms-11512" successfully rolled out
deployment "ms-1278" successfully rolled out
deployment "ms-13873" successfully rolled out
deployment "ms-19953" successfully rolled out
deployment "ms-21883" successfully rolled out
deployment "ms-25124" successfully rolled out
deployment "ms-27421" successfully rolled out
deployment "ms-2827" successfully rolled out
deployment "ms-33719" successfully rolled out
deployment "ms-37691" successfully rolled out
deployment "ms-43309" successfully rolled out
deployment "ms-4354" successfully rolled out
deployment "ms-46825" successfully rolled out
deployment "ms-60236" successfully rolled out
deployment "ms-71771" successfully rolled out
deployment "ms-8052" successfully rolled out
deployment "ms-902" successfully rolled out
deployment "nginx-web-server" successfully rolled out
ENTRY_POINT: nginx-web-server
SERVICE_A_URL: 10.105.62.48:50051
Capacity: 10000
Metadata: request-id={{.RequestNumber}}
Metadata: timestamp={{.TimestampUnix}}
Metadata: method=S_102000854
Charon Configurations:
[{INTERCEPT charon} {PRICE_UPDATE_RATE 8629us} {TOKEN_UPDATE_RATE 26094us} {LATENCY_THRESHOLD 1379us} {PRICE_STEP 10} {PRICE_STRATEGY proportional} {LAZY_UPDATE true} {RATE_LIMITING true} {LOAD_SHEDDING true} {CHARON_TRACK_PRICE false} {BREAKWATER_SLO 12500us} {BREAKWATER_A 0.001} {BREAKWATER_B 0.02} {BREAKWATER_CLIENT_EXPIRATION 10ms} {BREAKWATER_INITIAL_CREDIT 400} {BREAKWATER_LOAD_SHEDDING true} {BREAKWATER_RTT 1000us} {BREAKWATERD_SLO 12500us} {BREAKWATERD_A 0.001} {BREAKWATERD_B 0.02} {BREAKWATERD_CLIENT_EXPIRATION 10ms} {BREAKWATERD_INITIAL_CREDIT 400} {BREAKWATERD_LOAD_SHEDDING true} {BREAKWATERD_RTT 1000us} {DAGOR_QUEUING_THRESHOLD 2ms} {DAGOR_ALPHA 0.05} {DAGOR_BETA 0.01} {DAGOR_ADMISSION_LEVEL_UPDATE_INTERVAL 10ms} {DAGOR_UMAX 20}]

Summary:
  Count:	84676
  Total:	14.79 s
  Slowest:	868.87 ms
  Fastest:	38.87 ms
  Average:	80.31 ms
  Requests/sec:	5726.05

Response time histogram:
  38.871  [1]     |
  121.871 [70502] |∎∎∎∎∎∎∎∎∎∎∎∎∎∎∎∎∎∎∎∎∎∎∎∎∎∎∎∎∎∎∎∎∎∎∎∎∎∎∎∎
  204.872 [3624]  |∎∎
  287.872 [1361]  |∎
  370.872 [756]   |
  453.873 [1217]  |∎
  536.873 [1164]  |∎
  619.873 [286]   |
  702.873 [17]    |
  785.874 [19]    |
  868.874 [118]   |

Latency distribution:
  10 % in 41.78 ms 
  25 % in 49.34 ms 
  50 % in 59.90 ms 
  75 % in 73.93 ms 
  90 % in 136.69 ms 
  95 % in 254.48 ms 
  99 % in 508.38 ms 

Status code distribution:
  [OK]                  79065 responses   
  [ResourceExhausted]   5438 responses    
  [Canceled]            173 responses     

Error distribution:
  [324]    rpc error: code = ResourceExhausted desc = S_102000854 req dropped by ms-25124. Try again later.           
  [523]    rpc error: code = ResourceExhausted desc = S_102000854 req dropped by ms-13873. Try again later.           
  [4329]   rpc error: code = ResourceExhausted desc = S_102000854 req dropped by nginx-web-server. Try again later.   
  [173]    rpc error: code = Canceled desc = grpc: the client connection is closing                                   
  [262]    rpc error: code = ResourceExhausted desc = S_102000854 req dropped by ms-60236. Try again later.           

Debug: Checking Namespace=default, Pod=ms-11070-7868c54f44-4x8s9 for Target File=deathstar_*.output
Namespace: default, Pod: ms-11070-7868c54f44-4x8s9 has the target files.
Copying deathstar_ms-11070.output to deathstar_ms-11070.output
tar: removing leading '/' from member names
Debug: Checking Namespace=default, Pod=ms-11285-67d597dc77-jwz8p for Target File=deathstar_*.output
Namespace: default, Pod: ms-11285-67d597dc77-jwz8p has the target files.
Copying deathstar_ms-11285.output to deathstar_ms-11285.output
tar: removing leading '/' from member names
Debug: Checking Namespace=default, Pod=ms-11512-75f8ddc45b-bvb7n for Target File=deathstar_*.output
Namespace: default, Pod: ms-11512-75f8ddc45b-bvb7n has the target files.
Copying deathstar_ms-11512.output to deathstar_ms-11512.output
tar: removing leading '/' from member names
Debug: Checking Namespace=default, Pod=ms-1278-85766ff6b8-dqxkl for Target File=deathstar_*.output
Namespace: default, Pod: ms-1278-85766ff6b8-dqxkl has the target files.
Copying deathstar_ms-1278.output to deathstar_ms-1278.output
tar: removing leading '/' from member names
Debug: Checking Namespace=default, Pod=ms-13873-85d7bb7b97-nnlf2 for Target File=deathstar_*.output
Namespace: default, Pod: ms-13873-85d7bb7b97-nnlf2 has the target files.
Copying deathstar_ms-13873.output to deathstar_ms-13873.output
tar: removing leading '/' from member names
Debug: Checking Namespace=default, Pod=ms-19953-68cc8998c5-tgm9k for Target File=deathstar_*.output
Namespace: default, Pod: ms-19953-68cc8998c5-tgm9k has the target files.
Copying deathstar_ms-19953.output to deathstar_ms-19953.output
tar: removing leading '/' from member names
Debug: Checking Namespace=default, Pod=ms-21883-f6c88c6d4-476nw for Target File=deathstar_*.output
Namespace: default, Pod: ms-21883-f6c88c6d4-476nw has the target files.
Copying deathstar_ms-21883.output to deathstar_ms-21883.output
tar: removing leading '/' from member names
Debug: Checking Namespace=default, Pod=ms-25124-77bd4446f5-lkxsk for Target File=deathstar_*.output
Namespace: default, Pod: ms-25124-77bd4446f5-lkxsk has the target files.
Copying deathstar_ms-25124.output to deathstar_ms-25124.output
tar: removing leading '/' from member names
Debug: Checking Namespace=default, Pod=ms-27421-8565974486-mf2wq for Target File=deathstar_*.output
Namespace: default, Pod: ms-27421-8565974486-mf2wq has the target files.
Copying deathstar_ms-27421.output to deathstar_ms-27421.output
tar: removing leading '/' from member names
Debug: Checking Namespace=default, Pod=ms-2827-5dcc6df4f4-gzhzt for Target File=deathstar_*.output
Namespace: default, Pod: ms-2827-5dcc6df4f4-gzhzt has the target files.
Copying deathstar_ms-2827.output to deathstar_ms-2827.output
tar: removing leading '/' from member names
Debug: Checking Namespace=default, Pod=ms-33719-6c455cf54c-qcqdg for Target File=deathstar_*.output
Namespace: default, Pod: ms-33719-6c455cf54c-qcqdg has the target files.
Copying deathstar_ms-33719.output to deathstar_ms-33719.output
tar: removing leading '/' from member names
Debug: Checking Namespace=default, Pod=ms-37691-b9bc44798-2xf59 for Target File=deathstar_*.output
Namespace: default, Pod: ms-37691-b9bc44798-2xf59 has the target files.
Copying deathstar_ms-37691.output to deathstar_ms-37691.output
tar: removing leading '/' from member names
Debug: Checking Namespace=default, Pod=ms-43309-54f758d465-ctm4q for Target File=deathstar_*.output
Namespace: default, Pod: ms-43309-54f758d465-ctm4q has the target files.
Copying deathstar_ms-43309.output to deathstar_ms-43309.output
tar: removing leading '/' from member names
Debug: Checking Namespace=default, Pod=ms-4354-669cfcbdf6-vwwck for Target File=deathstar_*.output
Namespace: default, Pod: ms-4354-669cfcbdf6-vwwck has the target files.
Copying deathstar_ms-4354.output to deathstar_ms-4354.output
tar: removing leading '/' from member names
Debug: Checking Namespace=default, Pod=ms-46825-58c684559d-gmgxg for Target File=deathstar_*.output
Namespace: default, Pod: ms-46825-58c684559d-gmgxg has the target files.
Copying deathstar_ms-46825.output to deathstar_ms-46825.output
tar: removing leading '/' from member names
Debug: Checking Namespace=default, Pod=ms-60236-64866cf49-46m7s for Target File=deathstar_*.output
Namespace: default, Pod: ms-60236-64866cf49-46m7s has the target files.
Copying deathstar_ms-60236.output to deathstar_ms-60236.output
tar: removing leading '/' from member names
Debug: Checking Namespace=default, Pod=ms-71771-567ddbdd95-hc6fs for Target File=deathstar_*.output
Namespace: default, Pod: ms-71771-567ddbdd95-hc6fs has the target files.
Copying deathstar_ms-71771.output to deathstar_ms-71771.output
tar: removing leading '/' from member names
Debug: Checking Namespace=default, Pod=ms-8052-b995968dc-b6zns for Target File=deathstar_*.output
Namespace: default, Pod: ms-8052-b995968dc-b6zns has the target files.
Copying deathstar_ms-8052.output to deathstar_ms-8052.output
tar: removing leading '/' from member names
Debug: Checking Namespace=default, Pod=ms-902-5744544f85-lfpc9 for Target File=deathstar_*.output
Namespace: default, Pod: ms-902-5744544f85-lfpc9 has the target files.
Copying deathstar_ms-902.output to deathstar_ms-902.output
tar: removing leading '/' from member names
Debug: Checking Namespace=default, Pod=nginx-web-server-56557f7cb7-w7qf4 for Target File=deathstar_*.output
Namespace: default, Pod: nginx-web-server-56557f7cb7-w7qf4 has the target files.
Copying deathstar_nginx-web-server.output to deathstar_nginx-web-server.output
tar: removing leading '/' from member names
