Deployments: ms-11070
ms-11285
ms-11512
ms-1278
ms-13873
ms-19953
ms-21883
ms-25124
ms-27421
ms-2827
ms-33719
ms-37691
ms-43309
ms-4354
ms-46825
ms-60236
ms-71771
ms-8052
ms-902
nginx-web-server
deployment "ms-11070" successfully rolled out
deployment "ms-11285" successfully rolled out
deployment "ms-11512" successfully rolled out
deployment "ms-1278" successfully rolled out
deployment "ms-13873" successfully rolled out
deployment "ms-19953" successfully rolled out
deployment "ms-21883" successfully rolled out
deployment "ms-25124" successfully rolled out
deployment "ms-27421" successfully rolled out
deployment "ms-2827" successfully rolled out
deployment "ms-33719" successfully rolled out
deployment "ms-37691" successfully rolled out
deployment "ms-43309" successfully rolled out
deployment "ms-4354" successfully rolled out
deployment "ms-46825" successfully rolled out
deployment "ms-60236" successfully rolled out
deployment "ms-71771" successfully rolled out
deployment "ms-8052" successfully rolled out
deployment "ms-902" successfully rolled out
deployment "nginx-web-server" successfully rolled out
ENTRY_POINT: nginx-web-server
SERVICE_A_URL: 10.106.169.179:50051
Capacity: 10000
Metadata: request-id={{.RequestNumber}}
Metadata: timestamp={{.TimestampUnix}}
Metadata: method=S_102000854
Charon Configurations:
[{INTERCEPT breakwaterd} {PRICE_UPDATE_RATE 10ms} {TOKEN_UPDATE_RATE 10ms} {LATENCY_THRESHOLD 100us} {PRICE_STEP 0} {PRICE_STRATEGY step} {LAZY_UPDATE false} {RATE_LIMITING true} {LOAD_SHEDDING true} {CHARON_TRACK_PRICE false} {BREAKWATER_SLO 15340us} {BREAKWATER_A 15.038226590993517} {BREAKWATER_B 2.216301516234461} {BREAKWATER_CLIENT_EXPIRATION 1us} {BREAKWATER_INITIAL_CREDIT 400} {BREAKWATER_LOAD_SHEDDING true} {BREAKWATER_RTT 0us} {BREAKWATERD_SLO 11349us} {BREAKWATERD_A 7.783707047025413} {BREAKWATERD_B 10.0} {BREAKWATERD_CLIENT_EXPIRATION 10000us} {BREAKWATERD_INITIAL_CREDIT 5000} {BREAKWATERD_LOAD_SHEDDING true} {BREAKWATERD_RTT 1000us} {DAGOR_QUEUING_THRESHOLD 2ms} {DAGOR_ALPHA 0.05} {DAGOR_BETA 0.01} {DAGOR_ADMISSION_LEVEL_UPDATE_INTERVAL 10ms} {DAGOR_UMAX 20}]

Summary:
  Count:	88440
  Total:	25.00 s
  Slowest:	844.31 ms
  Fastest:	39.14 ms
  Average:	778.83 ms
  Requests/sec:	3538.07

Response time histogram:
  39.144  [1]     |
  119.660 [12915] |∎∎∎∎∎∎∎∎∎∎∎∎∎∎∎∎∎∎∎∎∎∎∎∎∎∎∎∎∎∎∎∎∎∎∎∎∎∎∎∎
  200.177 [786]   |∎∎
  280.694 [427]   |∎
  361.210 [51]    |
  441.727 [3]     |
  522.243 [1]     |
  602.760 [0]     |
  683.277 [5]     |
  763.793 [29]    |
  844.310 [59]    |

Latency distribution:
  10 % in 40.80 ms 
  25 % in 41.83 ms 
  50 % in 43.81 ms 
  75 % in 47.91 ms 
  90 % in 111.91 ms 
  95 % in 174.56 ms 
  99 % in 282.78 ms 

Status code distribution:
  [Canceled]            7328 responses    
  [ResourceExhausted]   3128 responses    
  [OK]                  14277 responses   
  [DeadlineExceeded]    63707 responses   

Error distribution:
  [68]      rpc error: code = ResourceExhausted desc = Client id 0fe09999-2ea3-469f-9076-5fd8c3d4bdc6 request expired in queue.   
  [69]      rpc error: code = ResourceExhausted desc = Client id 3083d482-cdbd-4600-81b4-4a7e8a270c75 request expired in queue.   
  [63707]   rpc error: code = DeadlineExceeded desc = context deadline exceeded                                                   
  [35]      rpc error: code = ResourceExhausted desc = Client id 8ac90a93-034d-4c17-a116-daab0cf35f95 request expired in queue.   
  [72]      rpc error: code = ResourceExhausted desc = Client id a207ca54-0125-4e64-895f-bcc249c3e6c8 request expired in queue.   
  [31]      rpc error: code = ResourceExhausted desc = Client id 9f6ef060-ad66-448d-bee7-88f8e23b62e2 request expired in queue.   
  [11]      rpc error: code = ResourceExhausted desc = Client id a09d4d65-2ab2-4ba1-beb8-e0e35f733f0a request expired in queue.   
  [1]       rpc error: code = ResourceExhausted desc = Client id 0666c49f-7808-4411-9252-32f43e42e406 request expired in queue.   
  [1]       rpc error: code = ResourceExhausted desc = Client id d526b67c-a679-4e69-a143-7e85dc8fdecd request expired in queue.   
  [38]      rpc error: code = ResourceExhausted desc = Client id a3e0e765-fc46-41ad-b72a-a2726db5d81d request expired in queue.   
  [7328]    rpc error: code = Canceled desc = grpc: the client connection is closing                                              
  [721]     rpc error: code = ResourceExhausted desc = Client id e23cf420-13aa-4603-9975-684f25b5694d request expired in queue.   
  [43]      rpc error: code = ResourceExhausted desc = Client id 5f81dc4e-f37d-4545-843f-aa850c99a6cf request expired in queue.   
  [2]       rpc error: code = ResourceExhausted desc = Client id 6103686a-28fa-4a98-aa58-a18b7c614c86 request expired in queue.   
  [219]     rpc error: code = ResourceExhausted desc = Client id 0acc2f61-2520-4b9c-bd69-74e9c7f4d5d4 request expired in queue.   
  [1817]    rpc error: code = ResourceExhausted desc = Server-side queuing delay is beyond AQM threshold                          

Debug: Checking Namespace=default, Pod=ms-11070-7868c54f44-g5sgq for Target File=deathstar_*.output
Namespace: default, Pod: ms-11070-7868c54f44-g5sgq has the target files.
Copying deathstar_ms-11070.output to deathstar_ms-11070.output
tar: removing leading '/' from member names
Debug: Checking Namespace=default, Pod=ms-11285-67d597dc77-x6gkg for Target File=deathstar_*.output
Namespace: default, Pod: ms-11285-67d597dc77-x6gkg has the target files.
Copying deathstar_ms-11285.output to deathstar_ms-11285.output
tar: removing leading '/' from member names
Debug: Checking Namespace=default, Pod=ms-11512-75f8ddc45b-vdpxc for Target File=deathstar_*.output
Namespace: default, Pod: ms-11512-75f8ddc45b-vdpxc has the target files.
Copying deathstar_ms-11512.output to deathstar_ms-11512.output
tar: removing leading '/' from member names
Debug: Checking Namespace=default, Pod=ms-1278-85766ff6b8-q9vgp for Target File=deathstar_*.output
Namespace: default, Pod: ms-1278-85766ff6b8-q9vgp has the target files.
Copying deathstar_ms-1278.output to deathstar_ms-1278.output
tar: removing leading '/' from member names
Debug: Checking Namespace=default, Pod=ms-13873-85d7bb7b97-8gcmz for Target File=deathstar_*.output
Namespace: default, Pod: ms-13873-85d7bb7b97-8gcmz has the target files.
Copying deathstar_ms-13873.output to deathstar_ms-13873.output
tar: removing leading '/' from member names
Debug: Checking Namespace=default, Pod=ms-19953-68cc8998c5-vs855 for Target File=deathstar_*.output
Namespace: default, Pod: ms-19953-68cc8998c5-vs855 has the target files.
Copying deathstar_ms-19953.output to deathstar_ms-19953.output
tar: removing leading '/' from member names
Debug: Checking Namespace=default, Pod=ms-21883-f6c88c6d4-8jpg8 for Target File=deathstar_*.output
Namespace: default, Pod: ms-21883-f6c88c6d4-8jpg8 has the target files.
Copying deathstar_ms-21883.output to deathstar_ms-21883.output
tar: removing leading '/' from member names
Debug: Checking Namespace=default, Pod=ms-25124-77bd4446f5-s98hs for Target File=deathstar_*.output
Namespace: default, Pod: ms-25124-77bd4446f5-s98hs has the target files.
Copying deathstar_ms-25124.output to deathstar_ms-25124.output
tar: removing leading '/' from member names
Debug: Checking Namespace=default, Pod=ms-27421-8565974486-2lfhc for Target File=deathstar_*.output
Namespace: default, Pod: ms-27421-8565974486-2lfhc has the target files.
Copying deathstar_ms-27421.output to deathstar_ms-27421.output
tar: removing leading '/' from member names
Debug: Checking Namespace=default, Pod=ms-2827-5dcc6df4f4-d9jdc for Target File=deathstar_*.output
Namespace: default, Pod: ms-2827-5dcc6df4f4-d9jdc has the target files.
Copying deathstar_ms-2827.output to deathstar_ms-2827.output
tar: removing leading '/' from member names
Debug: Checking Namespace=default, Pod=ms-33719-6c455cf54c-qjtsc for Target File=deathstar_*.output
Namespace: default, Pod: ms-33719-6c455cf54c-qjtsc has the target files.
Copying deathstar_ms-33719.output to deathstar_ms-33719.output
tar: removing leading '/' from member names
Debug: Checking Namespace=default, Pod=ms-37691-b9bc44798-v4xvs for Target File=deathstar_*.output
Namespace: default, Pod: ms-37691-b9bc44798-v4xvs has the target files.
Copying deathstar_ms-37691.output to deathstar_ms-37691.output
tar: removing leading '/' from member names
Debug: Checking Namespace=default, Pod=ms-43309-54f758d465-jhlh4 for Target File=deathstar_*.output
Namespace: default, Pod: ms-43309-54f758d465-jhlh4 has the target files.
Copying deathstar_ms-43309.output to deathstar_ms-43309.output
tar: removing leading '/' from member names
Debug: Checking Namespace=default, Pod=ms-4354-669cfcbdf6-zxhzj for Target File=deathstar_*.output
Namespace: default, Pod: ms-4354-669cfcbdf6-zxhzj has the target files.
Copying deathstar_ms-4354.output to deathstar_ms-4354.output
tar: removing leading '/' from member names
Debug: Checking Namespace=default, Pod=ms-46825-58c684559d-85c6x for Target File=deathstar_*.output
Namespace: default, Pod: ms-46825-58c684559d-85c6x has the target files.
Copying deathstar_ms-46825.output to deathstar_ms-46825.output
tar: removing leading '/' from member names
Debug: Checking Namespace=default, Pod=ms-60236-64866cf49-zl2bv for Target File=deathstar_*.output
Namespace: default, Pod: ms-60236-64866cf49-zl2bv has the target files.
Copying deathstar_ms-60236.output to deathstar_ms-60236.output
tar: removing leading '/' from member names
Debug: Checking Namespace=default, Pod=ms-71771-567ddbdd95-fkrfc for Target File=deathstar_*.output
Namespace: default, Pod: ms-71771-567ddbdd95-fkrfc has the target files.
Copying deathstar_ms-71771.output to deathstar_ms-71771.output
tar: removing leading '/' from member names
Debug: Checking Namespace=default, Pod=ms-8052-b995968dc-b9w2r for Target File=deathstar_*.output
Namespace: default, Pod: ms-8052-b995968dc-b9w2r has the target files.
Copying deathstar_ms-8052.output to deathstar_ms-8052.output
tar: removing leading '/' from member names
Debug: Checking Namespace=default, Pod=ms-902-5744544f85-4plzq for Target File=deathstar_*.output
Namespace: default, Pod: ms-902-5744544f85-4plzq has the target files.
Copying deathstar_ms-902.output to deathstar_ms-902.output
tar: removing leading '/' from member names
Debug: Checking Namespace=default, Pod=nginx-web-server-56557f7cb7-gnkdc for Target File=deathstar_*.output
Namespace: default, Pod: nginx-web-server-56557f7cb7-gnkdc has the target files.
Copying deathstar_nginx-web-server.output to deathstar_nginx-web-server.output
tar: removing leading '/' from member names
