Deployments: ms-10090
ms-13558
ms-18330
ms-19585
ms-20172
ms-22893
ms-24009
ms-24959
ms-26622
ms-27421
ms-29373
ms-32301
ms-3289
ms-37691
ms-38964
ms-40147
ms-48118
ms-4829
ms-51685
ms-52379
ms-55394
ms-58436
ms-58772
ms-59962
ms-60061
ms-6323
ms-65741
ms-66473
ms-69188
ms-69614
ms-9081
nginx-web-server
unknown
deployment "ms-10090" successfully rolled out
deployment "ms-13558" successfully rolled out
deployment "ms-18330" successfully rolled out
deployment "ms-19585" successfully rolled out
deployment "ms-20172" successfully rolled out
deployment "ms-22893" successfully rolled out
deployment "ms-24009" successfully rolled out
deployment "ms-24959" successfully rolled out
deployment "ms-26622" successfully rolled out
deployment "ms-27421" successfully rolled out
deployment "ms-29373" successfully rolled out
deployment "ms-32301" successfully rolled out
deployment "ms-3289" successfully rolled out
deployment "ms-37691" successfully rolled out
deployment "ms-38964" successfully rolled out
deployment "ms-40147" successfully rolled out
deployment "ms-48118" successfully rolled out
deployment "ms-4829" successfully rolled out
deployment "ms-51685" successfully rolled out
deployment "ms-52379" successfully rolled out
deployment "ms-55394" successfully rolled out
deployment "ms-58436" successfully rolled out
deployment "ms-58772" successfully rolled out
deployment "ms-59962" successfully rolled out
deployment "ms-60061" successfully rolled out
deployment "ms-6323" successfully rolled out
deployment "ms-65741" successfully rolled out
deployment "ms-66473" successfully rolled out
deployment "ms-69188" successfully rolled out
deployment "ms-69614" successfully rolled out
deployment "ms-9081" successfully rolled out
deployment "nginx-web-server" successfully rolled out
deployment "unknown" successfully rolled out
ENTRY_POINT: nginx-web-server
SERVICE_A_URL: 10.106.93.66:50051
Capacity: 10000
Metadata: method=S_149998854
Metadata: request-id={{.RequestNumber}}
Metadata: timestamp={{.TimestampUnix}}
Charon Configurations:
[{INTERCEPT breakwater} {PRICE_UPDATE_RATE 10ms} {TOKEN_UPDATE_RATE 10ms} {LATENCY_THRESHOLD 100us} {PRICE_STEP 0} {PRICE_STRATEGY step} {LAZY_UPDATE false} {RATE_LIMITING true} {LOAD_SHEDDING true} {CHARON_TRACK_PRICE false} {BREAKWATER_SLO 432us} {BREAKWATER_A 9.536967592696977} {BREAKWATER_B 1.4199299316844582} {BREAKWATER_CLIENT_EXPIRATION 499us} {BREAKWATER_INITIAL_CREDIT 549} {BREAKWATER_LOAD_SHEDDING true} {BREAKWATER_RTT 1363us} {BREAKWATERD_SLO 12500us} {BREAKWATERD_A 0.001} {BREAKWATERD_B 0.02} {BREAKWATERD_CLIENT_EXPIRATION 10ms} {BREAKWATERD_INITIAL_CREDIT 400} {BREAKWATERD_LOAD_SHEDDING true} {BREAKWATERD_RTT 1000us} {DAGOR_QUEUING_THRESHOLD 2ms} {DAGOR_ALPHA 0.05} {DAGOR_BETA 0.01} {DAGOR_ADMISSION_LEVEL_UPDATE_INTERVAL 10ms} {DAGOR_UMAX 20}]

Summary:
  Count:	59207
  Total:	25.00 s
  Slowest:	926.79 ms
  Fastest:	110.97 ms
  Average:	102.63 ms
  Requests/sec:	2368.15

Response time histogram:
  110.974 [1]     |
  192.556 [44621] |∎∎∎∎∎∎∎∎∎∎∎∎∎∎∎∎∎∎∎∎∎∎∎∎∎∎∎∎∎∎∎∎∎∎∎∎∎∎∎∎
  274.137 [629]   |∎
  355.718 [0]     |
  437.300 [0]     |
  518.881 [0]     |
  600.462 [0]     |
  682.044 [2]     |
  763.625 [45]    |
  845.207 [37]    |
  926.788 [62]    |

Latency distribution:
  10 % in 113.39 ms 
  25 % in 116.38 ms 
  50 % in 124.20 ms 
  75 % in 137.94 ms 
  90 % in 153.64 ms 
  95 % in 165.93 ms 
  99 % in 206.93 ms 

Status code distribution:
  [ResourceExhausted]   13475 responses   
  [Canceled]            335 responses     
  [OK]                  45397 responses   

Error distribution:
  [13475]   rpc error: code = ResourceExhausted desc = Server-side queuing delay is beyond AQM threshold   
  [335]     rpc error: code = Canceled desc = grpc: the client connection is closing                       

Debug: Checking Namespace=default, Pod=ms-10090-6454f977fd-ht4wr for Target File=deathstar_*.output
Namespace: default, Pod: ms-10090-6454f977fd-ht4wr has the target files.
Copying deathstar_ms-10090.output to deathstar_ms-10090.output
tar: removing leading '/' from member names
Debug: Checking Namespace=default, Pod=ms-13558-b48bb5d9d-v7djr for Target File=deathstar_*.output
Namespace: default, Pod: ms-13558-b48bb5d9d-v7djr has the target files.
Copying deathstar_ms-13558.output to deathstar_ms-13558.output
tar: removing leading '/' from member names
Debug: Checking Namespace=default, Pod=ms-18330-759d9cf49c-dskhb for Target File=deathstar_*.output
Namespace: default, Pod: ms-18330-759d9cf49c-dskhb has the target files.
Copying deathstar_ms-18330.output to deathstar_ms-18330.output
tar: removing leading '/' from member names
Debug: Checking Namespace=default, Pod=ms-19585-6f995cfcbf-txtns for Target File=deathstar_*.output
Namespace: default, Pod: ms-19585-6f995cfcbf-txtns has the target files.
Copying deathstar_ms-19585.output to deathstar_ms-19585.output
tar: removing leading '/' from member names
Debug: Checking Namespace=default, Pod=ms-20172-59d5485464-hxcrl for Target File=deathstar_*.output
Namespace: default, Pod: ms-20172-59d5485464-hxcrl has the target files.
Copying deathstar_ms-20172.output to deathstar_ms-20172.output
tar: removing leading '/' from member names
Debug: Checking Namespace=default, Pod=ms-22893-576fd5f9f6-cwktj for Target File=deathstar_*.output
Namespace: default, Pod: ms-22893-576fd5f9f6-cwktj has the target files.
Copying deathstar_ms-22893.output to deathstar_ms-22893.output
tar: removing leading '/' from member names
Debug: Checking Namespace=default, Pod=ms-24009-67dbf5b976-5s9pf for Target File=deathstar_*.output
Namespace: default, Pod: ms-24009-67dbf5b976-5s9pf has the target files.
Copying deathstar_ms-24009.output to deathstar_ms-24009.output
tar: removing leading '/' from member names
Debug: Checking Namespace=default, Pod=ms-24959-99f8bbf9-7kqqz for Target File=deathstar_*.output
Namespace: default, Pod: ms-24959-99f8bbf9-7kqqz has the target files.
Copying deathstar_ms-24959.output to deathstar_ms-24959.output
tar: removing leading '/' from member names
Debug: Checking Namespace=default, Pod=ms-26622-66fdf7d64f-lfqms for Target File=deathstar_*.output
Namespace: default, Pod: ms-26622-66fdf7d64f-lfqms has the target files.
Copying deathstar_ms-26622.output to deathstar_ms-26622.output
tar: removing leading '/' from member names
Debug: Checking Namespace=default, Pod=ms-27421-64f549855c-5ntvg for Target File=deathstar_*.output
Namespace: default, Pod: ms-27421-64f549855c-5ntvg has the target files.
Copying deathstar_ms-27421.output to deathstar_ms-27421.output
tar: removing leading '/' from member names
Debug: Checking Namespace=default, Pod=ms-29373-8467f7db44-cbdxs for Target File=deathstar_*.output
Namespace: default, Pod: ms-29373-8467f7db44-cbdxs has the target files.
Copying deathstar_ms-29373.output to deathstar_ms-29373.output
tar: removing leading '/' from member names
Debug: Checking Namespace=default, Pod=ms-32301-c5654bbc5-xl2lk for Target File=deathstar_*.output
Namespace: default, Pod: ms-32301-c5654bbc5-xl2lk has the target files.
Copying deathstar_ms-32301.output to deathstar_ms-32301.output
tar: removing leading '/' from member names
Debug: Checking Namespace=default, Pod=ms-3289-587dbd96bf-86vrt for Target File=deathstar_*.output
Namespace: default, Pod: ms-3289-587dbd96bf-86vrt has the target files.
Copying deathstar_ms-3289.output to deathstar_ms-3289.output
tar: removing leading '/' from member names
Debug: Checking Namespace=default, Pod=ms-37691-6dc6cd6744-hbkbn for Target File=deathstar_*.output
Namespace: default, Pod: ms-37691-6dc6cd6744-hbkbn has the target files.
Copying deathstar_ms-37691.output to deathstar_ms-37691.output
tar: removing leading '/' from member names
Debug: Checking Namespace=default, Pod=ms-38964-5b647cdbd-dtffz for Target File=deathstar_*.output
Namespace: default, Pod: ms-38964-5b647cdbd-dtffz has the target files.
Copying deathstar_ms-38964.output to deathstar_ms-38964.output
tar: removing leading '/' from member names
Debug: Checking Namespace=default, Pod=ms-40147-cd867585-wdrfq for Target File=deathstar_*.output
Namespace: default, Pod: ms-40147-cd867585-wdrfq has the target files.
Copying deathstar_ms-40147.output to deathstar_ms-40147.output
tar: removing leading '/' from member names
Debug: Checking Namespace=default, Pod=ms-48118-ff7b99cc9-5lp64 for Target File=deathstar_*.output
Namespace: default, Pod: ms-48118-ff7b99cc9-5lp64 has the target files.
Copying deathstar_ms-48118.output to deathstar_ms-48118.output
tar: removing leading '/' from member names
Debug: Checking Namespace=default, Pod=ms-4829-669557b66c-k28v6 for Target File=deathstar_*.output
Namespace: default, Pod: ms-4829-669557b66c-k28v6 has the target files.
Copying deathstar_ms-4829.output to deathstar_ms-4829.output
tar: removing leading '/' from member names
Debug: Checking Namespace=default, Pod=ms-51685-79858c784f-45qcp for Target File=deathstar_*.output
Namespace: default, Pod: ms-51685-79858c784f-45qcp has the target files.
Copying deathstar_ms-51685.output to deathstar_ms-51685.output
tar: removing leading '/' from member names
Debug: Checking Namespace=default, Pod=ms-52379-57c6cdd54b-tfh7h for Target File=deathstar_*.output
Namespace: default, Pod: ms-52379-57c6cdd54b-tfh7h has the target files.
Copying deathstar_ms-52379.output to deathstar_ms-52379.output
tar: removing leading '/' from member names
Debug: Checking Namespace=default, Pod=ms-55394-6f999f5df9-4jsd7 for Target File=deathstar_*.output
Namespace: default, Pod: ms-55394-6f999f5df9-4jsd7 has the target files.
Copying deathstar_ms-55394.output to deathstar_ms-55394.output
tar: removing leading '/' from member names
Debug: Checking Namespace=default, Pod=ms-58436-59dd96f659-94wrq for Target File=deathstar_*.output
Namespace: default, Pod: ms-58436-59dd96f659-94wrq has the target files.
Copying deathstar_ms-58436.output to deathstar_ms-58436.output
tar: removing leading '/' from member names
Debug: Checking Namespace=default, Pod=ms-58772-68ff78c966-rwlmb for Target File=deathstar_*.output
Namespace: default, Pod: ms-58772-68ff78c966-rwlmb has the target files.
Copying deathstar_ms-58772.output to deathstar_ms-58772.output
tar: removing leading '/' from member names
Debug: Checking Namespace=default, Pod=ms-59962-756b895b58-b8l55 for Target File=deathstar_*.output
Namespace: default, Pod: ms-59962-756b895b58-b8l55 has the target files.
Copying deathstar_ms-59962.output to deathstar_ms-59962.output
tar: removing leading '/' from member names
Debug: Checking Namespace=default, Pod=ms-60061-68bd84bdcd-cwvkb for Target File=deathstar_*.output
Namespace: default, Pod: ms-60061-68bd84bdcd-cwvkb has the target files.
Copying deathstar_ms-60061.output to deathstar_ms-60061.output
tar: removing leading '/' from member names
Debug: Checking Namespace=default, Pod=ms-6323-974659fcd-44djp for Target File=deathstar_*.output
Namespace: default, Pod: ms-6323-974659fcd-44djp has the target files.
Copying deathstar_ms-6323.output to deathstar_ms-6323.output
tar: removing leading '/' from member names
Debug: Checking Namespace=default, Pod=ms-65741-65f588bcdf-vlrrn for Target File=deathstar_*.output
Namespace: default, Pod: ms-65741-65f588bcdf-vlrrn has the target files.
Copying deathstar_ms-65741.output to deathstar_ms-65741.output
tar: removing leading '/' from member names
Debug: Checking Namespace=default, Pod=ms-66473-79c66f8bff-4fr6h for Target File=deathstar_*.output
Namespace: default, Pod: ms-66473-79c66f8bff-4fr6h has the target files.
Copying deathstar_ms-66473.output to deathstar_ms-66473.output
tar: removing leading '/' from member names
Debug: Checking Namespace=default, Pod=ms-69188-65c548d4cb-r677t for Target File=deathstar_*.output
Namespace: default, Pod: ms-69188-65c548d4cb-r677t has the target files.
Copying deathstar_ms-69188.output to deathstar_ms-69188.output
tar: removing leading '/' from member names
Debug: Checking Namespace=default, Pod=ms-69614-794bd8475-k442j for Target File=deathstar_*.output
Namespace: default, Pod: ms-69614-794bd8475-k442j has the target files.
Copying deathstar_ms-69614.output to deathstar_ms-69614.output
tar: removing leading '/' from member names
Debug: Checking Namespace=default, Pod=ms-9081-567985788-mtmdl for Target File=deathstar_*.output
Namespace: default, Pod: ms-9081-567985788-mtmdl has the target files.
Copying deathstar_ms-9081.output to deathstar_ms-9081.output
tar: removing leading '/' from member names
Debug: Checking Namespace=default, Pod=nginx-web-server-56557f7cb7-mvn98 for Target File=deathstar_*.output
Namespace: default, Pod: nginx-web-server-56557f7cb7-mvn98 has the target files.
Copying deathstar_nginx-web-server.output to deathstar_nginx-web-server.output
tar: removing leading '/' from member names
Debug: Checking Namespace=default, Pod=unknown-6ddf9bd4b5-v4cx4 for Target File=deathstar_*.output
Namespace: default, Pod: unknown-6ddf9bd4b5-v4cx4 has the target files.
Copying deathstar_unknown.output to deathstar_unknown.output
tar: removing leading '/' from member names
