Deployments: ms-11070
ms-11285
ms-11512
ms-1278
ms-13873
ms-19953
ms-21883
ms-25124
ms-27421
ms-2827
ms-33719
ms-37691
ms-43309
ms-4354
ms-46825
ms-60236
ms-71771
ms-8052
ms-902
nginx-web-server
deployment "ms-11070" successfully rolled out
deployment "ms-11285" successfully rolled out
deployment "ms-11512" successfully rolled out
deployment "ms-1278" successfully rolled out
deployment "ms-13873" successfully rolled out
deployment "ms-19953" successfully rolled out
deployment "ms-21883" successfully rolled out
deployment "ms-25124" successfully rolled out
deployment "ms-27421" successfully rolled out
deployment "ms-2827" successfully rolled out
deployment "ms-33719" successfully rolled out
deployment "ms-37691" successfully rolled out
deployment "ms-43309" successfully rolled out
deployment "ms-4354" successfully rolled out
deployment "ms-46825" successfully rolled out
deployment "ms-60236" successfully rolled out
deployment "ms-71771" successfully rolled out
deployment "ms-8052" successfully rolled out
deployment "ms-902" successfully rolled out
deployment "nginx-web-server" successfully rolled out
ENTRY_POINT: nginx-web-server
SERVICE_A_URL: 10.105.201.108:50051
Capacity: 10000
Metadata: request-id={{.RequestNumber}}
Metadata: timestamp={{.TimestampUnix}}
Metadata: method=S_102000854
Charon Configurations:
[{INTERCEPT charon} {PRICE_UPDATE_RATE 4693us} {TOKEN_UPDATE_RATE 24132us} {LATENCY_THRESHOLD 3680us} {PRICE_STEP 64} {PRICE_STRATEGY proportional} {LAZY_UPDATE true} {RATE_LIMITING true} {LOAD_SHEDDING true} {CHARON_TRACK_PRICE false} {BREAKWATER_SLO 12500us} {BREAKWATER_A 0.001} {BREAKWATER_B 0.02} {BREAKWATER_CLIENT_EXPIRATION 10ms} {BREAKWATER_INITIAL_CREDIT 400} {BREAKWATER_LOAD_SHEDDING true} {BREAKWATER_RTT 1000us} {BREAKWATERD_SLO 12500us} {BREAKWATERD_A 0.001} {BREAKWATERD_B 0.02} {BREAKWATERD_CLIENT_EXPIRATION 10ms} {BREAKWATERD_INITIAL_CREDIT 400} {BREAKWATERD_LOAD_SHEDDING true} {BREAKWATERD_RTT 1000us} {DAGOR_QUEUING_THRESHOLD 2ms} {DAGOR_ALPHA 0.05} {DAGOR_BETA 0.01} {DAGOR_ADMISSION_LEVEL_UPDATE_INTERVAL 10ms} {DAGOR_UMAX 20}]

Summary:
  Count:	66411
  Total:	14.79 s
  Slowest:	833.93 ms
  Fastest:	38.94 ms
  Average:	60.71 ms
  Requests/sec:	4489.65

Response time histogram:
  38.939  [1]     |
  118.438 [59565] |∎∎∎∎∎∎∎∎∎∎∎∎∎∎∎∎∎∎∎∎∎∎∎∎∎∎∎∎∎∎∎∎∎∎∎∎∎∎∎∎
  197.938 [1642]  |∎
  277.437 [927]   |∎
  356.937 [530]   |
  436.436 [41]    |
  515.936 [84]    |
  595.435 [9]     |
  674.935 [0]     |
  754.434 [1]     |
  833.934 [65]    |

Latency distribution:
  10 % in 40.42 ms 
  25 % in 42.13 ms 
  50 % in 49.55 ms 
  75 % in 62.88 ms 
  90 % in 80.21 ms 
  95 % in 127.96 ms 
  99 % in 288.11 ms 

Status code distribution:
  [ResourceExhausted]   3331 responses    
  [Canceled]            215 responses     
  [OK]                  62865 responses   

Error distribution:
  [676]    rpc error: code = ResourceExhausted desc = S_102000854 req dropped by ms-13873. Try again later.           
  [69]     rpc error: code = ResourceExhausted desc = S_102000854 req dropped by ms-60236. Try again later.           
  [272]    rpc error: code = ResourceExhausted desc = S_102000854 req dropped by ms-25124. Try again later.           
  [2308]   rpc error: code = ResourceExhausted desc = S_102000854 req dropped by nginx-web-server. Try again later.   
  [1]      rpc error: code = ResourceExhausted desc = S_102000854 req dropped by ms-37691. Try again later.           
  [5]      rpc error: code = ResourceExhausted desc = S_102000854 req dropped by ms-33719. Try again later.           
  [215]    rpc error: code = Canceled desc = grpc: the client connection is closing                                   

Debug: Checking Namespace=default, Pod=ms-11070-7868c54f44-q2hn9 for Target File=deathstar_*.output
Namespace: default, Pod: ms-11070-7868c54f44-q2hn9 has the target files.
Copying deathstar_ms-11070.output to deathstar_ms-11070.output
tar: removing leading '/' from member names
Debug: Checking Namespace=default, Pod=ms-11285-67d597dc77-8w49t for Target File=deathstar_*.output
Namespace: default, Pod: ms-11285-67d597dc77-8w49t has the target files.
Copying deathstar_ms-11285.output to deathstar_ms-11285.output
tar: removing leading '/' from member names
Debug: Checking Namespace=default, Pod=ms-11512-75f8ddc45b-96s52 for Target File=deathstar_*.output
Namespace: default, Pod: ms-11512-75f8ddc45b-96s52 has the target files.
Copying deathstar_ms-11512.output to deathstar_ms-11512.output
tar: removing leading '/' from member names
Debug: Checking Namespace=default, Pod=ms-1278-85766ff6b8-gpbvd for Target File=deathstar_*.output
Namespace: default, Pod: ms-1278-85766ff6b8-gpbvd has the target files.
Copying deathstar_ms-1278.output to deathstar_ms-1278.output
tar: removing leading '/' from member names
Debug: Checking Namespace=default, Pod=ms-13873-85d7bb7b97-mgckm for Target File=deathstar_*.output
Namespace: default, Pod: ms-13873-85d7bb7b97-mgckm has the target files.
Copying deathstar_ms-13873.output to deathstar_ms-13873.output
tar: removing leading '/' from member names
Debug: Checking Namespace=default, Pod=ms-19953-68cc8998c5-c2c9v for Target File=deathstar_*.output
Namespace: default, Pod: ms-19953-68cc8998c5-c2c9v has the target files.
Copying deathstar_ms-19953.output to deathstar_ms-19953.output
tar: removing leading '/' from member names
Debug: Checking Namespace=default, Pod=ms-21883-f6c88c6d4-zv5p8 for Target File=deathstar_*.output
Namespace: default, Pod: ms-21883-f6c88c6d4-zv5p8 has the target files.
Copying deathstar_ms-21883.output to deathstar_ms-21883.output
tar: removing leading '/' from member names
Debug: Checking Namespace=default, Pod=ms-25124-77bd4446f5-w2kdh for Target File=deathstar_*.output
Namespace: default, Pod: ms-25124-77bd4446f5-w2kdh has the target files.
Copying deathstar_ms-25124.output to deathstar_ms-25124.output
tar: removing leading '/' from member names
Debug: Checking Namespace=default, Pod=ms-27421-8565974486-kddr2 for Target File=deathstar_*.output
Namespace: default, Pod: ms-27421-8565974486-kddr2 has the target files.
Copying deathstar_ms-27421.output to deathstar_ms-27421.output
tar: removing leading '/' from member names
Debug: Checking Namespace=default, Pod=ms-2827-5dcc6df4f4-r8p5v for Target File=deathstar_*.output
Namespace: default, Pod: ms-2827-5dcc6df4f4-r8p5v has the target files.
Copying deathstar_ms-2827.output to deathstar_ms-2827.output
tar: removing leading '/' from member names
Debug: Checking Namespace=default, Pod=ms-33719-6c455cf54c-trmk8 for Target File=deathstar_*.output
Namespace: default, Pod: ms-33719-6c455cf54c-trmk8 has the target files.
Copying deathstar_ms-33719.output to deathstar_ms-33719.output
tar: removing leading '/' from member names
Debug: Checking Namespace=default, Pod=ms-37691-b9bc44798-h47lv for Target File=deathstar_*.output
Namespace: default, Pod: ms-37691-b9bc44798-h47lv has the target files.
Copying deathstar_ms-37691.output to deathstar_ms-37691.output
tar: removing leading '/' from member names
Debug: Checking Namespace=default, Pod=ms-43309-54f758d465-l94z5 for Target File=deathstar_*.output
Namespace: default, Pod: ms-43309-54f758d465-l94z5 has the target files.
Copying deathstar_ms-43309.output to deathstar_ms-43309.output
tar: removing leading '/' from member names
Debug: Checking Namespace=default, Pod=ms-4354-669cfcbdf6-6jcfs for Target File=deathstar_*.output
Namespace: default, Pod: ms-4354-669cfcbdf6-6jcfs has the target files.
Copying deathstar_ms-4354.output to deathstar_ms-4354.output
tar: removing leading '/' from member names
Debug: Checking Namespace=default, Pod=ms-46825-58c684559d-hqzps for Target File=deathstar_*.output
Namespace: default, Pod: ms-46825-58c684559d-hqzps has the target files.
Copying deathstar_ms-46825.output to deathstar_ms-46825.output
tar: removing leading '/' from member names
Debug: Checking Namespace=default, Pod=ms-60236-64866cf49-d92t2 for Target File=deathstar_*.output
Namespace: default, Pod: ms-60236-64866cf49-d92t2 has the target files.
Copying deathstar_ms-60236.output to deathstar_ms-60236.output
tar: removing leading '/' from member names
Debug: Checking Namespace=default, Pod=ms-71771-567ddbdd95-s85sz for Target File=deathstar_*.output
Namespace: default, Pod: ms-71771-567ddbdd95-s85sz has the target files.
Copying deathstar_ms-71771.output to deathstar_ms-71771.output
tar: removing leading '/' from member names
Debug: Checking Namespace=default, Pod=ms-8052-b995968dc-79q57 for Target File=deathstar_*.output
Namespace: default, Pod: ms-8052-b995968dc-79q57 has the target files.
Copying deathstar_ms-8052.output to deathstar_ms-8052.output
tar: removing leading '/' from member names
Debug: Checking Namespace=default, Pod=ms-902-5744544f85-qb4hh for Target File=deathstar_*.output
Namespace: default, Pod: ms-902-5744544f85-qb4hh has the target files.
Copying deathstar_ms-902.output to deathstar_ms-902.output
tar: removing leading '/' from member names
Debug: Checking Namespace=default, Pod=nginx-web-server-56557f7cb7-9xnwh for Target File=deathstar_*.output
Namespace: default, Pod: nginx-web-server-56557f7cb7-9xnwh has the target files.
Copying deathstar_nginx-web-server.output to deathstar_nginx-web-server.output
tar: removing leading '/' from member names
