Deployments: ms-11070
ms-11285
ms-11512
ms-1278
ms-13873
ms-19953
ms-21883
ms-25124
ms-27421
ms-2827
ms-33719
ms-37691
ms-43309
ms-4354
ms-46825
ms-60236
ms-71771
ms-8052
ms-902
nginx-web-server
deployment "ms-11070" successfully rolled out
deployment "ms-11285" successfully rolled out
deployment "ms-11512" successfully rolled out
deployment "ms-1278" successfully rolled out
deployment "ms-13873" successfully rolled out
deployment "ms-19953" successfully rolled out
deployment "ms-21883" successfully rolled out
deployment "ms-25124" successfully rolled out
deployment "ms-27421" successfully rolled out
deployment "ms-2827" successfully rolled out
deployment "ms-33719" successfully rolled out
deployment "ms-37691" successfully rolled out
deployment "ms-43309" successfully rolled out
deployment "ms-4354" successfully rolled out
deployment "ms-46825" successfully rolled out
deployment "ms-60236" successfully rolled out
deployment "ms-71771" successfully rolled out
deployment "ms-8052" successfully rolled out
deployment "ms-902" successfully rolled out
deployment "nginx-web-server" successfully rolled out
ENTRY_POINT: nginx-web-server
SERVICE_A_URL: 10.110.131.226:50051
Capacity: 10000
Metadata: timestamp={{.TimestampUnix}}
Metadata: method=S_102000854
Metadata: request-id={{.RequestNumber}}
Charon Configurations:
[{INTERCEPT breakwaterd} {PRICE_UPDATE_RATE 10ms} {TOKEN_UPDATE_RATE 10ms} {LATENCY_THRESHOLD 100us} {PRICE_STEP 0} {PRICE_STRATEGY step} {LAZY_UPDATE false} {RATE_LIMITING true} {LOAD_SHEDDING true} {CHARON_TRACK_PRICE false} {BREAKWATER_SLO 37864us} {BREAKWATER_A 6.551057474181095} {BREAKWATER_B 4.806537587266786} {BREAKWATER_CLIENT_EXPIRATION 431us} {BREAKWATER_INITIAL_CREDIT 12} {BREAKWATER_LOAD_SHEDDING true} {BREAKWATER_RTT 16852us} {BREAKWATERD_SLO 55962us} {BREAKWATERD_A 4.050928673697848} {BREAKWATERD_B 3.0608021660542493} {BREAKWATERD_CLIENT_EXPIRATION 82474us} {BREAKWATERD_INITIAL_CREDIT 253} {BREAKWATERD_LOAD_SHEDDING true} {BREAKWATERD_RTT 18747us} {DAGOR_QUEUING_THRESHOLD 2ms} {DAGOR_ALPHA 0.05} {DAGOR_BETA 0.01} {DAGOR_ADMISSION_LEVEL_UPDATE_INTERVAL 10ms} {DAGOR_UMAX 20}]

Summary:
  Count:	89880
  Total:	24.98 s
  Slowest:	810.48 ms
  Fastest:	39.24 ms
  Average:	155.03 ms
  Requests/sec:	3598.55

Response time histogram:
  39.236  [1]     |
  116.360 [20240] |∎∎∎∎∎∎∎∎∎∎∎∎∎∎∎∎∎∎∎∎∎∎∎∎∎∎∎∎∎∎∎∎∎∎∎∎∎
  193.485 [21628] |∎∎∎∎∎∎∎∎∎∎∎∎∎∎∎∎∎∎∎∎∎∎∎∎∎∎∎∎∎∎∎∎∎∎∎∎∎∎∎∎
  270.609 [20351] |∎∎∎∎∎∎∎∎∎∎∎∎∎∎∎∎∎∎∎∎∎∎∎∎∎∎∎∎∎∎∎∎∎∎∎∎∎∎
  347.733 [9422]  |∎∎∎∎∎∎∎∎∎∎∎∎∎∎∎∎∎
  424.858 [2467]  |∎∎∎∎∎
  501.982 [418]   |∎
  579.106 [66]    |
  656.231 [23]    |
  733.355 [2]     |
  810.479 [75]    |

Latency distribution:
  10 % in 44.45 ms 
  25 % in 107.26 ms 
  50 % in 178.53 ms 
  75 % in 242.40 ms 
  90 % in 300.62 ms 
  95 % in 336.59 ms 
  99 % in 411.88 ms 

Status code distribution:
  [OK]                  74693 responses   
  [ResourceExhausted]   14039 responses   
  [Canceled]            1148 responses    

Error distribution:
  [160]     rpc error: code = ResourceExhausted desc = Client id 97515f2e-e5b6-4f1f-a0f2-3e2075b41058 request expired in queue.   
  [169]     rpc error: code = ResourceExhausted desc = Client id 5eb45d1d-f3e3-4a5f-92fb-38ccb4187f23 request expired in queue.   
  [9]       rpc error: code = ResourceExhausted desc = Client id 9e8869e1-2464-4150-9859-631d2218feab request expired in queue.   
  [129]     rpc error: code = ResourceExhausted desc = Client id f6e03122-3be2-4034-9a81-41fac17e091d request expired in queue.   
  [1148]    rpc error: code = Canceled desc = grpc: the client connection is closing                                              
  [13113]   rpc error: code = ResourceExhausted desc = Client id 4b36ea13-b7d9-4a7c-b704-82346935570a request expired in queue.   
  [211]     rpc error: code = ResourceExhausted desc = Client id 334b1339-3e1b-4e54-9e17-ef50a6f2a4a2 request expired in queue.   
  [248]     rpc error: code = ResourceExhausted desc = Client id 1363d2da-8256-4138-b6bb-ace9392cb541 request expired in queue.   

Debug: Checking Namespace=default, Pod=ms-11070-7868c54f44-9qvhf for Target File=deathstar_*.output
Namespace: default, Pod: ms-11070-7868c54f44-9qvhf has the target files.
Copying deathstar_ms-11070.output to deathstar_ms-11070.output
tar: removing leading '/' from member names
Debug: Checking Namespace=default, Pod=ms-11285-67d597dc77-5lffw for Target File=deathstar_*.output
Namespace: default, Pod: ms-11285-67d597dc77-5lffw has the target files.
Copying deathstar_ms-11285.output to deathstar_ms-11285.output
tar: removing leading '/' from member names
Debug: Checking Namespace=default, Pod=ms-11512-75f8ddc45b-nk97h for Target File=deathstar_*.output
Namespace: default, Pod: ms-11512-75f8ddc45b-nk97h has the target files.
Copying deathstar_ms-11512.output to deathstar_ms-11512.output
tar: removing leading '/' from member names
Debug: Checking Namespace=default, Pod=ms-1278-85766ff6b8-f6vsf for Target File=deathstar_*.output
Namespace: default, Pod: ms-1278-85766ff6b8-f6vsf has the target files.
Copying deathstar_ms-1278.output to deathstar_ms-1278.output
tar: removing leading '/' from member names
Debug: Checking Namespace=default, Pod=ms-13873-85d7bb7b97-tg7jw for Target File=deathstar_*.output
Namespace: default, Pod: ms-13873-85d7bb7b97-tg7jw has the target files.
Copying deathstar_ms-13873.output to deathstar_ms-13873.output
tar: removing leading '/' from member names
Debug: Checking Namespace=default, Pod=ms-19953-68cc8998c5-lsk7p for Target File=deathstar_*.output
Namespace: default, Pod: ms-19953-68cc8998c5-lsk7p has the target files.
Copying deathstar_ms-19953.output to deathstar_ms-19953.output
tar: removing leading '/' from member names
Debug: Checking Namespace=default, Pod=ms-21883-f6c88c6d4-g2fpv for Target File=deathstar_*.output
Namespace: default, Pod: ms-21883-f6c88c6d4-g2fpv has the target files.
Copying deathstar_ms-21883.output to deathstar_ms-21883.output
tar: removing leading '/' from member names
Debug: Checking Namespace=default, Pod=ms-25124-77bd4446f5-64jzp for Target File=deathstar_*.output
Namespace: default, Pod: ms-25124-77bd4446f5-64jzp has the target files.
Copying deathstar_ms-25124.output to deathstar_ms-25124.output
tar: removing leading '/' from member names
Debug: Checking Namespace=default, Pod=ms-27421-8565974486-8kw5z for Target File=deathstar_*.output
Namespace: default, Pod: ms-27421-8565974486-8kw5z has the target files.
Copying deathstar_ms-27421.output to deathstar_ms-27421.output
tar: removing leading '/' from member names
Debug: Checking Namespace=default, Pod=ms-2827-5dcc6df4f4-6hzn4 for Target File=deathstar_*.output
Namespace: default, Pod: ms-2827-5dcc6df4f4-6hzn4 has the target files.
Copying deathstar_ms-2827.output to deathstar_ms-2827.output
tar: removing leading '/' from member names
Debug: Checking Namespace=default, Pod=ms-33719-6c455cf54c-chk6n for Target File=deathstar_*.output
Namespace: default, Pod: ms-33719-6c455cf54c-chk6n has the target files.
Copying deathstar_ms-33719.output to deathstar_ms-33719.output
tar: removing leading '/' from member names
Debug: Checking Namespace=default, Pod=ms-37691-b9bc44798-gtzr9 for Target File=deathstar_*.output
Namespace: default, Pod: ms-37691-b9bc44798-gtzr9 has the target files.
Copying deathstar_ms-37691.output to deathstar_ms-37691.output
tar: removing leading '/' from member names
Debug: Checking Namespace=default, Pod=ms-43309-54f758d465-mdgn8 for Target File=deathstar_*.output
Namespace: default, Pod: ms-43309-54f758d465-mdgn8 has the target files.
Copying deathstar_ms-43309.output to deathstar_ms-43309.output
tar: removing leading '/' from member names
Debug: Checking Namespace=default, Pod=ms-4354-669cfcbdf6-rjmt2 for Target File=deathstar_*.output
Namespace: default, Pod: ms-4354-669cfcbdf6-rjmt2 has the target files.
Copying deathstar_ms-4354.output to deathstar_ms-4354.output
tar: removing leading '/' from member names
Debug: Checking Namespace=default, Pod=ms-46825-58c684559d-knmv7 for Target File=deathstar_*.output
Namespace: default, Pod: ms-46825-58c684559d-knmv7 has the target files.
Copying deathstar_ms-46825.output to deathstar_ms-46825.output
tar: removing leading '/' from member names
Debug: Checking Namespace=default, Pod=ms-60236-64866cf49-nbk4g for Target File=deathstar_*.output
Namespace: default, Pod: ms-60236-64866cf49-nbk4g has the target files.
Copying deathstar_ms-60236.output to deathstar_ms-60236.output
tar: removing leading '/' from member names
Debug: Checking Namespace=default, Pod=ms-71771-567ddbdd95-hnbmk for Target File=deathstar_*.output
Namespace: default, Pod: ms-71771-567ddbdd95-hnbmk has the target files.
Copying deathstar_ms-71771.output to deathstar_ms-71771.output
tar: removing leading '/' from member names
Debug: Checking Namespace=default, Pod=ms-8052-b995968dc-7glfd for Target File=deathstar_*.output
Namespace: default, Pod: ms-8052-b995968dc-7glfd has the target files.
Copying deathstar_ms-8052.output to deathstar_ms-8052.output
tar: removing leading '/' from member names
Debug: Checking Namespace=default, Pod=ms-902-5744544f85-6b6h8 for Target File=deathstar_*.output
Namespace: default, Pod: ms-902-5744544f85-6b6h8 has the target files.
Copying deathstar_ms-902.output to deathstar_ms-902.output
tar: removing leading '/' from member names
Debug: Checking Namespace=default, Pod=nginx-web-server-56557f7cb7-srr6j for Target File=deathstar_*.output
Namespace: default, Pod: nginx-web-server-56557f7cb7-srr6j has the target files.
Copying deathstar_nginx-web-server.output to deathstar_nginx-web-server.output
tar: removing leading '/' from member names
