Deployments: ms-10090
ms-13558
ms-18330
ms-19585
ms-20172
ms-22893
ms-24009
ms-24959
ms-26622
ms-27421
ms-29373
ms-32301
ms-3289
ms-37691
ms-38964
ms-40147
ms-48118
ms-4829
ms-51685
ms-52379
ms-55394
ms-58436
ms-58772
ms-59962
ms-60061
ms-6323
ms-65741
ms-66473
ms-69188
ms-69614
ms-9081
nginx-web-server
unknown
deployment "ms-10090" successfully rolled out
deployment "ms-13558" successfully rolled out
deployment "ms-18330" successfully rolled out
deployment "ms-19585" successfully rolled out
deployment "ms-20172" successfully rolled out
deployment "ms-22893" successfully rolled out
deployment "ms-24009" successfully rolled out
deployment "ms-24959" successfully rolled out
deployment "ms-26622" successfully rolled out
deployment "ms-27421" successfully rolled out
deployment "ms-29373" successfully rolled out
deployment "ms-32301" successfully rolled out
deployment "ms-3289" successfully rolled out
deployment "ms-37691" successfully rolled out
deployment "ms-38964" successfully rolled out
deployment "ms-40147" successfully rolled out
deployment "ms-48118" successfully rolled out
deployment "ms-4829" successfully rolled out
deployment "ms-51685" successfully rolled out
deployment "ms-52379" successfully rolled out
deployment "ms-55394" successfully rolled out
deployment "ms-58436" successfully rolled out
deployment "ms-58772" successfully rolled out
deployment "ms-59962" successfully rolled out
deployment "ms-60061" successfully rolled out
deployment "ms-6323" successfully rolled out
deployment "ms-65741" successfully rolled out
deployment "ms-66473" successfully rolled out
deployment "ms-69188" successfully rolled out
deployment "ms-69614" successfully rolled out
deployment "ms-9081" successfully rolled out
deployment "nginx-web-server" successfully rolled out
deployment "unknown" successfully rolled out
ENTRY_POINT: nginx-web-server
SERVICE_A_URL: 10.101.207.250:50051
Capacity: 10000
Metadata: request-id={{.RequestNumber}}
Metadata: timestamp={{.TimestampUnix}}
Metadata: method=S_149998854
Charon Configurations:
[{INTERCEPT breakwaterd} {PRICE_UPDATE_RATE 10ms} {TOKEN_UPDATE_RATE 10ms} {LATENCY_THRESHOLD 100us} {PRICE_STEP 0} {PRICE_STRATEGY step} {LAZY_UPDATE false} {RATE_LIMITING true} {LOAD_SHEDDING true} {CHARON_TRACK_PRICE false} {BREAKWATER_SLO 28396us} {BREAKWATER_A 8.52203709658313} {BREAKWATER_B 9.873027806416664} {BREAKWATER_CLIENT_EXPIRATION 4947us} {BREAKWATER_INITIAL_CREDIT 108} {BREAKWATER_LOAD_SHEDDING true} {BREAKWATER_RTT 18100us} {BREAKWATERD_SLO 11335us} {BREAKWATERD_A 9.892631925098605} {BREAKWATERD_B 7.16324267765976} {BREAKWATERD_CLIENT_EXPIRATION 45230us} {BREAKWATERD_INITIAL_CREDIT 1415} {BREAKWATERD_LOAD_SHEDDING true} {BREAKWATERD_RTT 16898us} {DAGOR_QUEUING_THRESHOLD 2ms} {DAGOR_ALPHA 0.05} {DAGOR_BETA 0.01} {DAGOR_ADMISSION_LEVEL_UPDATE_INTERVAL 10ms} {DAGOR_UMAX 20}]

Summary:
  Count:	90159
  Total:	24.96 s
  Slowest:	922.77 ms
  Fastest:	111.43 ms
  Average:	812.98 ms
  Requests/sec:	3612.09

Response time histogram:
  111.429 [1]    |
  192.563 [9785] |∎∎∎∎∎∎∎∎∎∎∎∎∎∎∎∎∎∎∎∎∎∎∎∎∎∎∎∎∎∎∎∎∎∎∎∎∎∎∎∎
  273.697 [103]  |
  354.831 [0]    |
  435.965 [0]    |
  517.099 [0]    |
  598.233 [0]    |
  679.367 [9]    |
  760.501 [22]   |
  841.635 [32]   |
  922.769 [58]   |

Latency distribution:
  10 % in 113.31 ms 
  25 % in 114.47 ms 
  50 % in 116.79 ms 
  75 % in 121.21 ms 
  90 % in 133.59 ms 
  95 % in 159.87 ms 
  99 % in 713.79 ms 

Status code distribution:
  [ResourceExhausted]   4882 responses    
  [DeadlineExceeded]    67535 responses   
  [Canceled]            7732 responses    
  [OK]                  10010 responses   

Error distribution:
  [7732]    rpc error: code = Canceled desc = grpc: the client connection is closing                                              
  [316]     rpc error: code = ResourceExhausted desc = Client id 10e8a688-8b97-4281-93fe-3907f79fa091 request expired in queue.   
  [4566]    rpc error: code = ResourceExhausted desc = Server-side queuing delay is beyond AQM threshold                          
  [67535]   rpc error: code = DeadlineExceeded desc = context deadline exceeded                                                   

Debug: Checking Namespace=default, Pod=ms-10090-6454f977fd-wfxbb for Target File=deathstar_*.output
Namespace: default, Pod: ms-10090-6454f977fd-wfxbb has the target files.
Copying deathstar_ms-10090.output to deathstar_ms-10090.output
tar: removing leading '/' from member names
Debug: Checking Namespace=default, Pod=ms-13558-b48bb5d9d-ccdm8 for Target File=deathstar_*.output
Namespace: default, Pod: ms-13558-b48bb5d9d-ccdm8 has the target files.
Copying deathstar_ms-13558.output to deathstar_ms-13558.output
tar: removing leading '/' from member names
Debug: Checking Namespace=default, Pod=ms-18330-759d9cf49c-n7476 for Target File=deathstar_*.output
Namespace: default, Pod: ms-18330-759d9cf49c-n7476 has the target files.
Copying deathstar_ms-18330.output to deathstar_ms-18330.output
tar: removing leading '/' from member names
Debug: Checking Namespace=default, Pod=ms-19585-6f995cfcbf-jvpwn for Target File=deathstar_*.output
Namespace: default, Pod: ms-19585-6f995cfcbf-jvpwn has the target files.
Copying deathstar_ms-19585.output to deathstar_ms-19585.output
tar: removing leading '/' from member names
Debug: Checking Namespace=default, Pod=ms-20172-59d5485464-8kf6t for Target File=deathstar_*.output
Namespace: default, Pod: ms-20172-59d5485464-8kf6t has the target files.
Copying deathstar_ms-20172.output to deathstar_ms-20172.output
tar: removing leading '/' from member names
Debug: Checking Namespace=default, Pod=ms-22893-576fd5f9f6-4fls2 for Target File=deathstar_*.output
Namespace: default, Pod: ms-22893-576fd5f9f6-4fls2 has the target files.
Copying deathstar_ms-22893.output to deathstar_ms-22893.output
tar: removing leading '/' from member names
Debug: Checking Namespace=default, Pod=ms-24009-67dbf5b976-sngjf for Target File=deathstar_*.output
Namespace: default, Pod: ms-24009-67dbf5b976-sngjf has the target files.
Copying deathstar_ms-24009.output to deathstar_ms-24009.output
tar: removing leading '/' from member names
Debug: Checking Namespace=default, Pod=ms-24959-99f8bbf9-vvg6n for Target File=deathstar_*.output
Namespace: default, Pod: ms-24959-99f8bbf9-vvg6n has the target files.
Copying deathstar_ms-24959.output to deathstar_ms-24959.output
tar: removing leading '/' from member names
Debug: Checking Namespace=default, Pod=ms-26622-66fdf7d64f-hdp4g for Target File=deathstar_*.output
Namespace: default, Pod: ms-26622-66fdf7d64f-hdp4g has the target files.
Copying deathstar_ms-26622.output to deathstar_ms-26622.output
tar: removing leading '/' from member names
Debug: Checking Namespace=default, Pod=ms-27421-64f549855c-lfwx5 for Target File=deathstar_*.output
Namespace: default, Pod: ms-27421-64f549855c-lfwx5 has the target files.
Copying deathstar_ms-27421.output to deathstar_ms-27421.output
tar: removing leading '/' from member names
Debug: Checking Namespace=default, Pod=ms-29373-8467f7db44-78hgj for Target File=deathstar_*.output
Namespace: default, Pod: ms-29373-8467f7db44-78hgj has the target files.
Copying deathstar_ms-29373.output to deathstar_ms-29373.output
tar: removing leading '/' from member names
Debug: Checking Namespace=default, Pod=ms-32301-c5654bbc5-jzs54 for Target File=deathstar_*.output
Namespace: default, Pod: ms-32301-c5654bbc5-jzs54 has the target files.
Copying deathstar_ms-32301.output to deathstar_ms-32301.output
tar: removing leading '/' from member names
Debug: Checking Namespace=default, Pod=ms-3289-587dbd96bf-vss2f for Target File=deathstar_*.output
Namespace: default, Pod: ms-3289-587dbd96bf-vss2f has the target files.
Copying deathstar_ms-3289.output to deathstar_ms-3289.output
tar: removing leading '/' from member names
Debug: Checking Namespace=default, Pod=ms-37691-6dc6cd6744-s25pd for Target File=deathstar_*.output
Namespace: default, Pod: ms-37691-6dc6cd6744-s25pd has the target files.
Copying deathstar_ms-37691.output to deathstar_ms-37691.output
tar: removing leading '/' from member names
Debug: Checking Namespace=default, Pod=ms-38964-5b647cdbd-tjvqs for Target File=deathstar_*.output
Namespace: default, Pod: ms-38964-5b647cdbd-tjvqs has the target files.
Copying deathstar_ms-38964.output to deathstar_ms-38964.output
tar: removing leading '/' from member names
Debug: Checking Namespace=default, Pod=ms-40147-cd867585-4fjg9 for Target File=deathstar_*.output
Namespace: default, Pod: ms-40147-cd867585-4fjg9 has the target files.
Copying deathstar_ms-40147.output to deathstar_ms-40147.output
tar: removing leading '/' from member names
Debug: Checking Namespace=default, Pod=ms-48118-ff7b99cc9-sfnwp for Target File=deathstar_*.output
Namespace: default, Pod: ms-48118-ff7b99cc9-sfnwp has the target files.
Copying deathstar_ms-48118.output to deathstar_ms-48118.output
tar: removing leading '/' from member names
Debug: Checking Namespace=default, Pod=ms-4829-669557b66c-bq8pt for Target File=deathstar_*.output
Namespace: default, Pod: ms-4829-669557b66c-bq8pt has the target files.
Copying deathstar_ms-4829.output to deathstar_ms-4829.output
tar: removing leading '/' from member names
Debug: Checking Namespace=default, Pod=ms-51685-79858c784f-qnk8m for Target File=deathstar_*.output
Namespace: default, Pod: ms-51685-79858c784f-qnk8m has the target files.
Copying deathstar_ms-51685.output to deathstar_ms-51685.output
tar: removing leading '/' from member names
Debug: Checking Namespace=default, Pod=ms-52379-57c6cdd54b-tk7s6 for Target File=deathstar_*.output
Namespace: default, Pod: ms-52379-57c6cdd54b-tk7s6 has the target files.
Copying deathstar_ms-52379.output to deathstar_ms-52379.output
tar: removing leading '/' from member names
Debug: Checking Namespace=default, Pod=ms-55394-6f999f5df9-mcj5f for Target File=deathstar_*.output
Namespace: default, Pod: ms-55394-6f999f5df9-mcj5f has the target files.
Copying deathstar_ms-55394.output to deathstar_ms-55394.output
tar: removing leading '/' from member names
Debug: Checking Namespace=default, Pod=ms-58436-59dd96f659-crgfp for Target File=deathstar_*.output
Namespace: default, Pod: ms-58436-59dd96f659-crgfp has the target files.
Copying deathstar_ms-58436.output to deathstar_ms-58436.output
tar: removing leading '/' from member names
Debug: Checking Namespace=default, Pod=ms-58772-68ff78c966-97g7m for Target File=deathstar_*.output
Namespace: default, Pod: ms-58772-68ff78c966-97g7m has the target files.
Copying deathstar_ms-58772.output to deathstar_ms-58772.output
tar: removing leading '/' from member names
Debug: Checking Namespace=default, Pod=ms-59962-756b895b58-tjkbf for Target File=deathstar_*.output
Namespace: default, Pod: ms-59962-756b895b58-tjkbf has the target files.
Copying deathstar_ms-59962.output to deathstar_ms-59962.output
tar: removing leading '/' from member names
Debug: Checking Namespace=default, Pod=ms-60061-68bd84bdcd-km9n2 for Target File=deathstar_*.output
Namespace: default, Pod: ms-60061-68bd84bdcd-km9n2 has the target files.
Copying deathstar_ms-60061.output to deathstar_ms-60061.output
tar: removing leading '/' from member names
Debug: Checking Namespace=default, Pod=ms-6323-974659fcd-28qch for Target File=deathstar_*.output
Namespace: default, Pod: ms-6323-974659fcd-28qch has the target files.
Copying deathstar_ms-6323.output to deathstar_ms-6323.output
tar: removing leading '/' from member names
Debug: Checking Namespace=default, Pod=ms-65741-65f588bcdf-4n6xr for Target File=deathstar_*.output
Namespace: default, Pod: ms-65741-65f588bcdf-4n6xr has the target files.
Copying deathstar_ms-65741.output to deathstar_ms-65741.output
tar: removing leading '/' from member names
Debug: Checking Namespace=default, Pod=ms-66473-79c66f8bff-tj9tp for Target File=deathstar_*.output
Namespace: default, Pod: ms-66473-79c66f8bff-tj9tp has the target files.
Copying deathstar_ms-66473.output to deathstar_ms-66473.output
tar: removing leading '/' from member names
Debug: Checking Namespace=default, Pod=ms-69188-65c548d4cb-4294p for Target File=deathstar_*.output
Namespace: default, Pod: ms-69188-65c548d4cb-4294p has the target files.
Copying deathstar_ms-69188.output to deathstar_ms-69188.output
tar: removing leading '/' from member names
Debug: Checking Namespace=default, Pod=ms-69614-794bd8475-5wtt4 for Target File=deathstar_*.output
Namespace: default, Pod: ms-69614-794bd8475-5wtt4 has the target files.
Copying deathstar_ms-69614.output to deathstar_ms-69614.output
tar: removing leading '/' from member names
Debug: Checking Namespace=default, Pod=ms-9081-567985788-2fzch for Target File=deathstar_*.output
Namespace: default, Pod: ms-9081-567985788-2fzch has the target files.
Copying deathstar_ms-9081.output to deathstar_ms-9081.output
tar: removing leading '/' from member names
Debug: Checking Namespace=default, Pod=nginx-web-server-56557f7cb7-tmmbr for Target File=deathstar_*.output
Namespace: default, Pod: nginx-web-server-56557f7cb7-tmmbr has the target files.
Copying deathstar_nginx-web-server.output to deathstar_nginx-web-server.output
tar: removing leading '/' from member names
Debug: Checking Namespace=default, Pod=unknown-6ddf9bd4b5-xpj72 for Target File=deathstar_*.output
Namespace: default, Pod: unknown-6ddf9bd4b5-xpj72 has the target files.
Copying deathstar_unknown.output to deathstar_unknown.output
tar: removing leading '/' from member names
