Deployments: ms-11070
ms-11285
ms-11512
ms-1278
ms-13873
ms-19953
ms-21883
ms-25124
ms-27421
ms-2827
ms-33719
ms-37691
ms-43309
ms-4354
ms-46825
ms-60236
ms-71771
ms-8052
ms-902
nginx-web-server
deployment "ms-11070" successfully rolled out
deployment "ms-11285" successfully rolled out
deployment "ms-11512" successfully rolled out
deployment "ms-1278" successfully rolled out
deployment "ms-13873" successfully rolled out
deployment "ms-19953" successfully rolled out
deployment "ms-21883" successfully rolled out
deployment "ms-25124" successfully rolled out
deployment "ms-27421" successfully rolled out
deployment "ms-2827" successfully rolled out
deployment "ms-33719" successfully rolled out
deployment "ms-37691" successfully rolled out
deployment "ms-43309" successfully rolled out
deployment "ms-4354" successfully rolled out
deployment "ms-46825" successfully rolled out
deployment "ms-60236" successfully rolled out
deployment "ms-71771" successfully rolled out
deployment "ms-8052" successfully rolled out
deployment "ms-902" successfully rolled out
deployment "nginx-web-server" successfully rolled out
ENTRY_POINT: nginx-web-server
SERVICE_A_URL: 10.100.8.94:50051
Capacity: 10000
Metadata: method=S_102000854
Metadata: request-id={{.RequestNumber}}
Metadata: timestamp={{.TimestampUnix}}
Charon Configurations:
[{INTERCEPT breakwater} {PRICE_UPDATE_RATE 10ms} {TOKEN_UPDATE_RATE 10ms} {LATENCY_THRESHOLD 100us} {PRICE_STEP 0} {PRICE_STRATEGY step} {LAZY_UPDATE false} {RATE_LIMITING true} {LOAD_SHEDDING true} {CHARON_TRACK_PRICE false} {BREAKWATER_SLO 8495us} {BREAKWATER_A 0.681764525504247} {BREAKWATER_B 1.437068130097616} {BREAKWATER_CLIENT_EXPIRATION 4317us} {BREAKWATER_INITIAL_CREDIT 601} {BREAKWATER_LOAD_SHEDDING true} {BREAKWATER_RTT 16933us} {BREAKWATERD_SLO 12500us} {BREAKWATERD_A 0.001} {BREAKWATERD_B 0.02} {BREAKWATERD_CLIENT_EXPIRATION 10ms} {BREAKWATERD_INITIAL_CREDIT 400} {BREAKWATERD_LOAD_SHEDDING true} {BREAKWATERD_RTT 1000us} {DAGOR_QUEUING_THRESHOLD 2ms} {DAGOR_ALPHA 0.05} {DAGOR_BETA 0.01} {DAGOR_ADMISSION_LEVEL_UPDATE_INTERVAL 10ms} {DAGOR_UMAX 20}]

Summary:
  Count:	112392
  Total:	24.76 s
  Slowest:	774.78 ms
  Fastest:	38.93 ms
  Average:	168.20 ms
  Requests/sec:	4539.62

Response time histogram:
  38.932  [1]     |
  112.516 [22618] |∎∎∎∎∎∎∎∎∎∎∎∎∎∎∎∎∎∎∎∎∎∎∎∎∎∎∎∎∎∎∎∎∎∎
  186.101 [26481] |∎∎∎∎∎∎∎∎∎∎∎∎∎∎∎∎∎∎∎∎∎∎∎∎∎∎∎∎∎∎∎∎∎∎∎∎∎∎∎∎
  259.685 [26722] |∎∎∎∎∎∎∎∎∎∎∎∎∎∎∎∎∎∎∎∎∎∎∎∎∎∎∎∎∎∎∎∎∎∎∎∎∎∎∎∎
  333.270 [11732] |∎∎∎∎∎∎∎∎∎∎∎∎∎∎∎∎∎∎
  406.854 [6146]  |∎∎∎∎∎∎∎∎∎
  480.439 [2296]  |∎∎∎
  554.023 [897]   |∎
  627.608 [243]   |
  701.193 [27]    |
  774.777 [28]    |

Latency distribution:
  10 % in 42.23 ms 
  25 % in 120.71 ms 
  50 % in 184.89 ms 
  75 % in 248.79 ms 
  90 % in 332.30 ms 
  95 % in 389.19 ms 
  99 % in 494.14 ms 

Status code distribution:
  [OK]                  97191 responses   
  [ResourceExhausted]   14048 responses   
  [Canceled]            1153 responses    

Error distribution:
  [14048]   rpc error: code = ResourceExhausted desc = Server-side queuing delay is beyond AQM threshold   
  [1153]    rpc error: code = Canceled desc = grpc: the client connection is closing                       

Debug: Checking Namespace=default, Pod=ms-11070-7868c54f44-9npxb for Target File=deathstar_*.output
Namespace: default, Pod: ms-11070-7868c54f44-9npxb has the target files.
Copying deathstar_ms-11070.output to deathstar_ms-11070.output
tar: removing leading '/' from member names
Debug: Checking Namespace=default, Pod=ms-11285-67d597dc77-pvknq for Target File=deathstar_*.output
Namespace: default, Pod: ms-11285-67d597dc77-pvknq has the target files.
Copying deathstar_ms-11285.output to deathstar_ms-11285.output
tar: removing leading '/' from member names
Debug: Checking Namespace=default, Pod=ms-11512-75f8ddc45b-wnhrq for Target File=deathstar_*.output
Namespace: default, Pod: ms-11512-75f8ddc45b-wnhrq has the target files.
Copying deathstar_ms-11512.output to deathstar_ms-11512.output
tar: removing leading '/' from member names
Debug: Checking Namespace=default, Pod=ms-1278-85766ff6b8-b79sb for Target File=deathstar_*.output
Namespace: default, Pod: ms-1278-85766ff6b8-b79sb has the target files.
Copying deathstar_ms-1278.output to deathstar_ms-1278.output
tar: removing leading '/' from member names
Debug: Checking Namespace=default, Pod=ms-13873-85d7bb7b97-qxtgz for Target File=deathstar_*.output
Namespace: default, Pod: ms-13873-85d7bb7b97-qxtgz has the target files.
Copying deathstar_ms-13873.output to deathstar_ms-13873.output
tar: removing leading '/' from member names
Debug: Checking Namespace=default, Pod=ms-19953-68cc8998c5-t7rsh for Target File=deathstar_*.output
Namespace: default, Pod: ms-19953-68cc8998c5-t7rsh has the target files.
Copying deathstar_ms-19953.output to deathstar_ms-19953.output
tar: removing leading '/' from member names
Debug: Checking Namespace=default, Pod=ms-21883-f6c88c6d4-r4gtg for Target File=deathstar_*.output
Namespace: default, Pod: ms-21883-f6c88c6d4-r4gtg has the target files.
Copying deathstar_ms-21883.output to deathstar_ms-21883.output
tar: removing leading '/' from member names
Debug: Checking Namespace=default, Pod=ms-25124-77bd4446f5-jw4bx for Target File=deathstar_*.output
Namespace: default, Pod: ms-25124-77bd4446f5-jw4bx has the target files.
Copying deathstar_ms-25124.output to deathstar_ms-25124.output
tar: removing leading '/' from member names
Debug: Checking Namespace=default, Pod=ms-27421-8565974486-vp8fl for Target File=deathstar_*.output
Namespace: default, Pod: ms-27421-8565974486-vp8fl has the target files.
Copying deathstar_ms-27421.output to deathstar_ms-27421.output
tar: removing leading '/' from member names
Debug: Checking Namespace=default, Pod=ms-2827-5dcc6df4f4-n7pws for Target File=deathstar_*.output
Namespace: default, Pod: ms-2827-5dcc6df4f4-n7pws has the target files.
Copying deathstar_ms-2827.output to deathstar_ms-2827.output
tar: removing leading '/' from member names
Debug: Checking Namespace=default, Pod=ms-33719-6c455cf54c-jqcg2 for Target File=deathstar_*.output
Namespace: default, Pod: ms-33719-6c455cf54c-jqcg2 has the target files.
Copying deathstar_ms-33719.output to deathstar_ms-33719.output
tar: removing leading '/' from member names
Debug: Checking Namespace=default, Pod=ms-37691-b9bc44798-nb97t for Target File=deathstar_*.output
Namespace: default, Pod: ms-37691-b9bc44798-nb97t has the target files.
Copying deathstar_ms-37691.output to deathstar_ms-37691.output
tar: removing leading '/' from member names
Debug: Checking Namespace=default, Pod=ms-43309-54f758d465-cpwwx for Target File=deathstar_*.output
Namespace: default, Pod: ms-43309-54f758d465-cpwwx has the target files.
Copying deathstar_ms-43309.output to deathstar_ms-43309.output
tar: removing leading '/' from member names
Debug: Checking Namespace=default, Pod=ms-4354-669cfcbdf6-fvp9b for Target File=deathstar_*.output
Namespace: default, Pod: ms-4354-669cfcbdf6-fvp9b has the target files.
Copying deathstar_ms-4354.output to deathstar_ms-4354.output
tar: removing leading '/' from member names
Debug: Checking Namespace=default, Pod=ms-46825-58c684559d-ghcpq for Target File=deathstar_*.output
Namespace: default, Pod: ms-46825-58c684559d-ghcpq has the target files.
Copying deathstar_ms-46825.output to deathstar_ms-46825.output
tar: removing leading '/' from member names
Debug: Checking Namespace=default, Pod=ms-60236-64866cf49-bm669 for Target File=deathstar_*.output
Namespace: default, Pod: ms-60236-64866cf49-bm669 has the target files.
Copying deathstar_ms-60236.output to deathstar_ms-60236.output
tar: removing leading '/' from member names
Debug: Checking Namespace=default, Pod=ms-71771-567ddbdd95-hrqgh for Target File=deathstar_*.output
Namespace: default, Pod: ms-71771-567ddbdd95-hrqgh has the target files.
Copying deathstar_ms-71771.output to deathstar_ms-71771.output
tar: removing leading '/' from member names
Debug: Checking Namespace=default, Pod=ms-8052-b995968dc-bmt7f for Target File=deathstar_*.output
Namespace: default, Pod: ms-8052-b995968dc-bmt7f has the target files.
Copying deathstar_ms-8052.output to deathstar_ms-8052.output
tar: removing leading '/' from member names
Debug: Checking Namespace=default, Pod=ms-902-5744544f85-7k86h for Target File=deathstar_*.output
Namespace: default, Pod: ms-902-5744544f85-7k86h has the target files.
Copying deathstar_ms-902.output to deathstar_ms-902.output
tar: removing leading '/' from member names
Debug: Checking Namespace=default, Pod=nginx-web-server-56557f7cb7-bkrdb for Target File=deathstar_*.output
Namespace: default, Pod: nginx-web-server-56557f7cb7-bkrdb has the target files.
Copying deathstar_nginx-web-server.output to deathstar_nginx-web-server.output
tar: removing leading '/' from member names
