Deployments: ms-10090
ms-13558
ms-18330
ms-19585
ms-20172
ms-22893
ms-24009
ms-24959
ms-26622
ms-27421
ms-29373
ms-32301
ms-3289
ms-37691
ms-38964
ms-40147
ms-48118
ms-4829
ms-51685
ms-52379
ms-55394
ms-58436
ms-58772
ms-59962
ms-60061
ms-6323
ms-65741
ms-66473
ms-69188
ms-69614
ms-9081
nginx-web-server
unknown
deployment "ms-10090" successfully rolled out
deployment "ms-13558" successfully rolled out
deployment "ms-18330" successfully rolled out
deployment "ms-19585" successfully rolled out
deployment "ms-20172" successfully rolled out
deployment "ms-22893" successfully rolled out
deployment "ms-24009" successfully rolled out
deployment "ms-24959" successfully rolled out
deployment "ms-26622" successfully rolled out
deployment "ms-27421" successfully rolled out
deployment "ms-29373" successfully rolled out
deployment "ms-32301" successfully rolled out
deployment "ms-3289" successfully rolled out
deployment "ms-37691" successfully rolled out
deployment "ms-38964" successfully rolled out
deployment "ms-40147" successfully rolled out
deployment "ms-48118" successfully rolled out
deployment "ms-4829" successfully rolled out
deployment "ms-51685" successfully rolled out
deployment "ms-52379" successfully rolled out
deployment "ms-55394" successfully rolled out
deployment "ms-58436" successfully rolled out
deployment "ms-58772" successfully rolled out
deployment "ms-59962" successfully rolled out
deployment "ms-60061" successfully rolled out
deployment "ms-6323" successfully rolled out
deployment "ms-65741" successfully rolled out
deployment "ms-66473" successfully rolled out
deployment "ms-69188" successfully rolled out
deployment "ms-69614" successfully rolled out
deployment "ms-9081" successfully rolled out
deployment "nginx-web-server" successfully rolled out
deployment "unknown" successfully rolled out
ENTRY_POINT: nginx-web-server
SERVICE_A_URL: 10.96.40.42:50051
Capacity: 5000
Metadata: request-id={{.RequestNumber}}
Metadata: timestamp={{.TimestampUnix}}
Metadata: method=S_149998854
Charon Configurations:
[{INTERCEPT breakwaterd} {PRICE_UPDATE_RATE 10ms} {TOKEN_UPDATE_RATE 10ms} {LATENCY_THRESHOLD 100us} {PRICE_STEP 0} {PRICE_STRATEGY step} {LAZY_UPDATE false} {RATE_LIMITING true} {LOAD_SHEDDING true} {CHARON_TRACK_PRICE false} {BREAKWATER_SLO 34033us} {BREAKWATER_A 0.0} {BREAKWATER_B 6.3132361281563485} {BREAKWATER_CLIENT_EXPIRATION 1us} {BREAKWATER_INITIAL_CREDIT 393} {BREAKWATER_LOAD_SHEDDING true} {BREAKWATER_RTT 6077us} {BREAKWATERD_SLO 53486us} {BREAKWATERD_A 2.6582686175651347} {BREAKWATERD_B 4.00666538560816} {BREAKWATERD_CLIENT_EXPIRATION 85547us} {BREAKWATERD_INITIAL_CREDIT 2717} {BREAKWATERD_LOAD_SHEDDING true} {BREAKWATERD_RTT 6312us} {DAGOR_QUEUING_THRESHOLD 2ms} {DAGOR_ALPHA 0.05} {DAGOR_BETA 0.01} {DAGOR_ADMISSION_LEVEL_UPDATE_INTERVAL 10ms} {DAGOR_UMAX 20}]

Summary:
  Count:	36625
  Total:	25.00 s
  Slowest:	951.50 ms
  Fastest:	111.25 ms
  Average:	124.89 ms
  Requests/sec:	1464.95

Response time histogram:
  111.251 [1]     |
  195.275 [35601] |∎∎∎∎∎∎∎∎∎∎∎∎∎∎∎∎∎∎∎∎∎∎∎∎∎∎∎∎∎∎∎∎∎∎∎∎∎∎∎∎
  279.300 [13]    |
  363.325 [4]     |
  447.350 [5]     |
  531.375 [2]     |
  615.400 [0]     |
  699.425 [0]     |
  783.450 [53]    |
  867.475 [84]    |
  951.500 [55]    |

Latency distribution:
  10 % in 113.64 ms 
  25 % in 115.47 ms 
  50 % in 119.72 ms 
  75 % in 127.77 ms 
  90 % in 138.74 ms 
  95 % in 148.26 ms 
  99 % in 171.87 ms 

Status code distribution:
  [ResourceExhausted]   656 responses     
  [OK]                  35818 responses   
  [Canceled]            151 responses     

Error distribution:
  [656]   rpc error: code = ResourceExhausted desc = Client id ac5cdc50-9913-49cf-b0d9-44bdb2135233 request expired in queue.   
  [151]   rpc error: code = Canceled desc = grpc: the client connection is closing                                              

Debug: Checking Namespace=default, Pod=ms-10090-6454f977fd-bjtcz for Target File=deathstar_*.output
Namespace: default, Pod: ms-10090-6454f977fd-bjtcz has the target files.
Copying deathstar_ms-10090.output to deathstar_ms-10090.output
tar: removing leading '/' from member names
Debug: Checking Namespace=default, Pod=ms-13558-b48bb5d9d-6vd27 for Target File=deathstar_*.output
Namespace: default, Pod: ms-13558-b48bb5d9d-6vd27 has the target files.
Copying deathstar_ms-13558.output to deathstar_ms-13558.output
tar: removing leading '/' from member names
Debug: Checking Namespace=default, Pod=ms-18330-759d9cf49c-4w2fl for Target File=deathstar_*.output
Namespace: default, Pod: ms-18330-759d9cf49c-4w2fl has the target files.
Copying deathstar_ms-18330.output to deathstar_ms-18330.output
tar: removing leading '/' from member names
Debug: Checking Namespace=default, Pod=ms-19585-6f995cfcbf-hx4vp for Target File=deathstar_*.output
Namespace: default, Pod: ms-19585-6f995cfcbf-hx4vp has the target files.
Copying deathstar_ms-19585.output to deathstar_ms-19585.output
tar: removing leading '/' from member names
Debug: Checking Namespace=default, Pod=ms-20172-59d5485464-l9684 for Target File=deathstar_*.output
Namespace: default, Pod: ms-20172-59d5485464-l9684 has the target files.
Copying deathstar_ms-20172.output to deathstar_ms-20172.output
tar: removing leading '/' from member names
Debug: Checking Namespace=default, Pod=ms-22893-576fd5f9f6-hxtsd for Target File=deathstar_*.output
Namespace: default, Pod: ms-22893-576fd5f9f6-hxtsd has the target files.
Copying deathstar_ms-22893.output to deathstar_ms-22893.output
tar: removing leading '/' from member names
Debug: Checking Namespace=default, Pod=ms-24009-67dbf5b976-qtdcq for Target File=deathstar_*.output
Namespace: default, Pod: ms-24009-67dbf5b976-qtdcq has the target files.
Copying deathstar_ms-24009.output to deathstar_ms-24009.output
tar: removing leading '/' from member names
Debug: Checking Namespace=default, Pod=ms-24959-99f8bbf9-947p6 for Target File=deathstar_*.output
Namespace: default, Pod: ms-24959-99f8bbf9-947p6 has the target files.
Copying deathstar_ms-24959.output to deathstar_ms-24959.output
tar: removing leading '/' from member names
Debug: Checking Namespace=default, Pod=ms-26622-66fdf7d64f-nb28f for Target File=deathstar_*.output
Namespace: default, Pod: ms-26622-66fdf7d64f-nb28f has the target files.
Copying deathstar_ms-26622.output to deathstar_ms-26622.output
tar: removing leading '/' from member names
Debug: Checking Namespace=default, Pod=ms-27421-64f549855c-9m779 for Target File=deathstar_*.output
Namespace: default, Pod: ms-27421-64f549855c-9m779 has the target files.
Copying deathstar_ms-27421.output to deathstar_ms-27421.output
tar: removing leading '/' from member names
Debug: Checking Namespace=default, Pod=ms-29373-8467f7db44-fqf57 for Target File=deathstar_*.output
Namespace: default, Pod: ms-29373-8467f7db44-fqf57 has the target files.
Copying deathstar_ms-29373.output to deathstar_ms-29373.output
tar: removing leading '/' from member names
Debug: Checking Namespace=default, Pod=ms-32301-c5654bbc5-9ljwr for Target File=deathstar_*.output
Namespace: default, Pod: ms-32301-c5654bbc5-9ljwr has the target files.
Copying deathstar_ms-32301.output to deathstar_ms-32301.output
tar: removing leading '/' from member names
Debug: Checking Namespace=default, Pod=ms-3289-587dbd96bf-7mjcw for Target File=deathstar_*.output
Namespace: default, Pod: ms-3289-587dbd96bf-7mjcw has the target files.
Copying deathstar_ms-3289.output to deathstar_ms-3289.output
tar: removing leading '/' from member names
Debug: Checking Namespace=default, Pod=ms-37691-6dc6cd6744-fbxpx for Target File=deathstar_*.output
Namespace: default, Pod: ms-37691-6dc6cd6744-fbxpx has the target files.
Copying deathstar_ms-37691.output to deathstar_ms-37691.output
tar: removing leading '/' from member names
Debug: Checking Namespace=default, Pod=ms-38964-5b647cdbd-n6mgp for Target File=deathstar_*.output
Namespace: default, Pod: ms-38964-5b647cdbd-n6mgp has the target files.
Copying deathstar_ms-38964.output to deathstar_ms-38964.output
tar: removing leading '/' from member names
Debug: Checking Namespace=default, Pod=ms-40147-cd867585-g2cvw for Target File=deathstar_*.output
Namespace: default, Pod: ms-40147-cd867585-g2cvw has the target files.
Copying deathstar_ms-40147.output to deathstar_ms-40147.output
tar: removing leading '/' from member names
Debug: Checking Namespace=default, Pod=ms-48118-ff7b99cc9-9gfkx for Target File=deathstar_*.output
Namespace: default, Pod: ms-48118-ff7b99cc9-9gfkx has the target files.
Copying deathstar_ms-48118.output to deathstar_ms-48118.output
tar: removing leading '/' from member names
Debug: Checking Namespace=default, Pod=ms-4829-669557b66c-xb4d2 for Target File=deathstar_*.output
Namespace: default, Pod: ms-4829-669557b66c-xb4d2 has the target files.
Copying deathstar_ms-4829.output to deathstar_ms-4829.output
tar: removing leading '/' from member names
Debug: Checking Namespace=default, Pod=ms-51685-79858c784f-lvsq9 for Target File=deathstar_*.output
Namespace: default, Pod: ms-51685-79858c784f-lvsq9 has the target files.
Copying deathstar_ms-51685.output to deathstar_ms-51685.output
tar: removing leading '/' from member names
Debug: Checking Namespace=default, Pod=ms-52379-57c6cdd54b-fjvhn for Target File=deathstar_*.output
Namespace: default, Pod: ms-52379-57c6cdd54b-fjvhn has the target files.
Copying deathstar_ms-52379.output to deathstar_ms-52379.output
tar: removing leading '/' from member names
Debug: Checking Namespace=default, Pod=ms-55394-6f999f5df9-fwh4z for Target File=deathstar_*.output
Namespace: default, Pod: ms-55394-6f999f5df9-fwh4z has the target files.
Copying deathstar_ms-55394.output to deathstar_ms-55394.output
tar: removing leading '/' from member names
Debug: Checking Namespace=default, Pod=ms-58436-59dd96f659-l2cpr for Target File=deathstar_*.output
Namespace: default, Pod: ms-58436-59dd96f659-l2cpr has the target files.
Copying deathstar_ms-58436.output to deathstar_ms-58436.output
tar: removing leading '/' from member names
Debug: Checking Namespace=default, Pod=ms-58772-68ff78c966-pm7dd for Target File=deathstar_*.output
Namespace: default, Pod: ms-58772-68ff78c966-pm7dd has the target files.
Copying deathstar_ms-58772.output to deathstar_ms-58772.output
tar: removing leading '/' from member names
Debug: Checking Namespace=default, Pod=ms-59962-756b895b58-pfm79 for Target File=deathstar_*.output
Namespace: default, Pod: ms-59962-756b895b58-pfm79 has the target files.
Copying deathstar_ms-59962.output to deathstar_ms-59962.output
tar: removing leading '/' from member names
Debug: Checking Namespace=default, Pod=ms-60061-68bd84bdcd-7c4kd for Target File=deathstar_*.output
Namespace: default, Pod: ms-60061-68bd84bdcd-7c4kd has the target files.
Copying deathstar_ms-60061.output to deathstar_ms-60061.output
tar: removing leading '/' from member names
Debug: Checking Namespace=default, Pod=ms-6323-974659fcd-z8lrj for Target File=deathstar_*.output
Namespace: default, Pod: ms-6323-974659fcd-z8lrj has the target files.
Copying deathstar_ms-6323.output to deathstar_ms-6323.output
tar: removing leading '/' from member names
Debug: Checking Namespace=default, Pod=ms-65741-65f588bcdf-6wrjk for Target File=deathstar_*.output
Namespace: default, Pod: ms-65741-65f588bcdf-6wrjk has the target files.
Copying deathstar_ms-65741.output to deathstar_ms-65741.output
tar: removing leading '/' from member names
Debug: Checking Namespace=default, Pod=ms-66473-79c66f8bff-gwg9c for Target File=deathstar_*.output
Namespace: default, Pod: ms-66473-79c66f8bff-gwg9c has the target files.
Copying deathstar_ms-66473.output to deathstar_ms-66473.output
tar: removing leading '/' from member names
Debug: Checking Namespace=default, Pod=ms-69188-65c548d4cb-plkgt for Target File=deathstar_*.output
Namespace: default, Pod: ms-69188-65c548d4cb-plkgt has the target files.
Copying deathstar_ms-69188.output to deathstar_ms-69188.output
tar: removing leading '/' from member names
Debug: Checking Namespace=default, Pod=ms-69614-794bd8475-q62kp for Target File=deathstar_*.output
Namespace: default, Pod: ms-69614-794bd8475-q62kp has the target files.
Copying deathstar_ms-69614.output to deathstar_ms-69614.output
tar: removing leading '/' from member names
Debug: Checking Namespace=default, Pod=ms-9081-567985788-gcl82 for Target File=deathstar_*.output
Namespace: default, Pod: ms-9081-567985788-gcl82 has the target files.
Copying deathstar_ms-9081.output to deathstar_ms-9081.output
tar: removing leading '/' from member names
Debug: Checking Namespace=default, Pod=nginx-web-server-56557f7cb7-rkn8d for Target File=deathstar_*.output
Namespace: default, Pod: nginx-web-server-56557f7cb7-rkn8d has the target files.
Copying deathstar_nginx-web-server.output to deathstar_nginx-web-server.output
tar: removing leading '/' from member names
Debug: Checking Namespace=default, Pod=unknown-6ddf9bd4b5-lvk4n for Target File=deathstar_*.output
Namespace: default, Pod: unknown-6ddf9bd4b5-lvk4n has the target files.
Copying deathstar_unknown.output to deathstar_unknown.output
tar: removing leading '/' from member names
