Deployments: ms-10090
ms-13558
ms-18330
ms-19585
ms-20172
ms-22893
ms-24009
ms-24959
ms-26622
ms-27421
ms-29373
ms-32301
ms-3289
ms-37691
ms-38964
ms-40147
ms-48118
ms-4829
ms-51685
ms-52379
ms-55394
ms-58436
ms-58772
ms-59962
ms-60061
ms-6323
ms-65741
ms-66473
ms-69188
ms-69614
ms-9081
nginx-web-server
unknown
deployment "ms-10090" successfully rolled out
deployment "ms-13558" successfully rolled out
deployment "ms-18330" successfully rolled out
deployment "ms-19585" successfully rolled out
deployment "ms-20172" successfully rolled out
deployment "ms-22893" successfully rolled out
deployment "ms-24009" successfully rolled out
deployment "ms-24959" successfully rolled out
deployment "ms-26622" successfully rolled out
deployment "ms-27421" successfully rolled out
deployment "ms-29373" successfully rolled out
deployment "ms-32301" successfully rolled out
deployment "ms-3289" successfully rolled out
deployment "ms-37691" successfully rolled out
deployment "ms-38964" successfully rolled out
deployment "ms-40147" successfully rolled out
deployment "ms-48118" successfully rolled out
deployment "ms-4829" successfully rolled out
deployment "ms-51685" successfully rolled out
deployment "ms-52379" successfully rolled out
deployment "ms-55394" successfully rolled out
deployment "ms-58436" successfully rolled out
deployment "ms-58772" successfully rolled out
deployment "ms-59962" successfully rolled out
deployment "ms-60061" successfully rolled out
deployment "ms-6323" successfully rolled out
deployment "ms-65741" successfully rolled out
deployment "ms-66473" successfully rolled out
deployment "ms-69188" successfully rolled out
deployment "ms-69614" successfully rolled out
deployment "ms-9081" successfully rolled out
deployment "nginx-web-server" successfully rolled out
deployment "unknown" successfully rolled out
ENTRY_POINT: nginx-web-server
SERVICE_A_URL: 10.103.254.93:50051
Capacity: 10000
Metadata: request-id={{.RequestNumber}}
Metadata: timestamp={{.TimestampUnix}}
Metadata: method=S_149998854
Charon Configurations:
[{INTERCEPT breakwaterd} {PRICE_UPDATE_RATE 10ms} {TOKEN_UPDATE_RATE 10ms} {LATENCY_THRESHOLD 100us} {PRICE_STEP 0} {PRICE_STRATEGY step} {LAZY_UPDATE false} {RATE_LIMITING true} {LOAD_SHEDDING true} {CHARON_TRACK_PRICE false} {BREAKWATER_SLO 27620us} {BREAKWATER_A 25.207288874023742} {BREAKWATER_B 4.801880451158127} {BREAKWATER_CLIENT_EXPIRATION 4665us} {BREAKWATER_INITIAL_CREDIT 379} {BREAKWATER_LOAD_SHEDDING true} {BREAKWATER_RTT 12881us} {BREAKWATERD_SLO 58031us} {BREAKWATERD_A 8.065554750541684} {BREAKWATERD_B 1.0586457982971709} {BREAKWATERD_CLIENT_EXPIRATION 55235us} {BREAKWATERD_INITIAL_CREDIT 3726} {BREAKWATERD_LOAD_SHEDDING true} {BREAKWATERD_RTT 7468us} {DAGOR_QUEUING_THRESHOLD 2ms} {DAGOR_ALPHA 0.05} {DAGOR_BETA 0.01} {DAGOR_ADMISSION_LEVEL_UPDATE_INTERVAL 10ms} {DAGOR_UMAX 20}]

Summary:
  Count:	99613
  Total:	25.00 s
  Slowest:	1.01 s
  Fastest:	111.28 ms
  Average:	276.67 ms
  Requests/sec:	3984.80

Response time histogram:
  111.276  [1]     |
  201.417  [11410] |∎∎∎∎∎∎∎∎∎∎∎∎∎∎∎∎∎∎∎∎∎∎∎∎∎∎∎∎∎∎∎∎∎∎∎∎∎∎∎∎
  291.558  [5640]  |∎∎∎∎∎∎∎∎∎∎∎∎∎∎∎∎∎∎∎∎
  381.699  [8443]  |∎∎∎∎∎∎∎∎∎∎∎∎∎∎∎∎∎∎∎∎∎∎∎∎∎∎∎∎∎∎
  471.840  [6963]  |∎∎∎∎∎∎∎∎∎∎∎∎∎∎∎∎∎∎∎∎∎∎∎∎
  561.982  [3505]  |∎∎∎∎∎∎∎∎∎∎∎∎
  652.123  [1609]  |∎∎∎∎∎∎
  742.264  [2215]  |∎∎∎∎∎∎∎∎
  832.405  [1065]  |∎∎∎∎
  922.546  [1019]  |∎∎∎∎
  1012.687 [1144]  |∎∎∎∎

Latency distribution:
  10 % in 114.77 ms 
  25 % in 163.11 ms 
  50 % in 339.70 ms 
  75 % in 468.85 ms 
  90 % in 707.36 ms 
  95 % in 833.68 ms 
  99 % in 965.09 ms 

Status code distribution:
  [ResourceExhausted]   52404 responses   
  [DeadlineExceeded]    2337 responses    
  [Canceled]            1858 responses    
  [OK]                  43014 responses   

Error distribution:
  [10976]   rpc error: code = ResourceExhausted desc = Client id 20f946a1-ea9a-4acd-8f05-e2ca99cb6ae7 request expired in queue.   
  [115]     rpc error: code = ResourceExhausted desc = Client id d8ccdd76-53af-4749-836b-2bb067bdff45 request expired in queue.   
  [46]      rpc error: code = ResourceExhausted desc = Client id 73d4c218-9c62-4479-bdde-31582957d34f request expired in queue.   
  [15703]   rpc error: code = ResourceExhausted desc = Client id 9c50d18b-138e-4d45-b1c5-d56a70b6080e request expired in queue.   
  [3]       rpc error: code = ResourceExhausted desc = Client id eb1b95a5-064d-49cf-872b-9c9f6c5ca6ac request expired in queue.   
  [14091]   rpc error: code = ResourceExhausted desc = Client id 9f961b23-f7ee-4f80-94f4-e625d32f124e request expired in queue.   
  [9803]    rpc error: code = ResourceExhausted desc = Server-side queuing delay is beyond AQM threshold                          
  [62]      rpc error: code = ResourceExhausted desc = Client id 9e3ad494-e247-4b10-8803-b65068a9bd03 request expired in queue.   
  [2337]    rpc error: code = DeadlineExceeded desc = context deadline exceeded                                                   
  [1055]    rpc error: code = ResourceExhausted desc = Client id a16639d4-e3a1-4f9e-8519-65a3e5eaf436 request expired in queue.   
  [391]     rpc error: code = ResourceExhausted desc = Client id 7ec1ad06-fc4b-486a-999b-b7e238004250 request expired in queue.   
  [146]     rpc error: code = ResourceExhausted desc = Client id 6f88e9c0-745c-417b-90a4-81fdbe77aef5 request expired in queue.   
  [13]      rpc error: code = ResourceExhausted desc = Client id c809f66f-2be3-43f3-940f-38f550495b98 request expired in queue.   
  [1858]    rpc error: code = Canceled desc = grpc: the client connection is closing                                              

Debug: Checking Namespace=default, Pod=ms-10090-6454f977fd-dgdcn for Target File=deathstar_*.output
Namespace: default, Pod: ms-10090-6454f977fd-dgdcn has the target files.
Copying deathstar_ms-10090.output to deathstar_ms-10090.output
tar: removing leading '/' from member names
Debug: Checking Namespace=default, Pod=ms-13558-b48bb5d9d-dtqch for Target File=deathstar_*.output
Namespace: default, Pod: ms-13558-b48bb5d9d-dtqch has the target files.
Copying deathstar_ms-13558.output to deathstar_ms-13558.output
tar: removing leading '/' from member names
Debug: Checking Namespace=default, Pod=ms-18330-759d9cf49c-2xs4s for Target File=deathstar_*.output
Namespace: default, Pod: ms-18330-759d9cf49c-2xs4s has the target files.
Copying deathstar_ms-18330.output to deathstar_ms-18330.output
tar: removing leading '/' from member names
Debug: Checking Namespace=default, Pod=ms-19585-6f995cfcbf-jqjxd for Target File=deathstar_*.output
Namespace: default, Pod: ms-19585-6f995cfcbf-jqjxd has the target files.
Copying deathstar_ms-19585.output to deathstar_ms-19585.output
tar: removing leading '/' from member names
Debug: Checking Namespace=default, Pod=ms-20172-59d5485464-cc9q8 for Target File=deathstar_*.output
Namespace: default, Pod: ms-20172-59d5485464-cc9q8 has the target files.
Copying deathstar_ms-20172.output to deathstar_ms-20172.output
tar: removing leading '/' from member names
Debug: Checking Namespace=default, Pod=ms-22893-576fd5f9f6-9bcwl for Target File=deathstar_*.output
Namespace: default, Pod: ms-22893-576fd5f9f6-9bcwl has the target files.
Copying deathstar_ms-22893.output to deathstar_ms-22893.output
tar: removing leading '/' from member names
Debug: Checking Namespace=default, Pod=ms-24009-67dbf5b976-4wdmx for Target File=deathstar_*.output
Namespace: default, Pod: ms-24009-67dbf5b976-4wdmx has the target files.
Copying deathstar_ms-24009.output to deathstar_ms-24009.output
tar: removing leading '/' from member names
Debug: Checking Namespace=default, Pod=ms-24959-99f8bbf9-mtkmq for Target File=deathstar_*.output
Namespace: default, Pod: ms-24959-99f8bbf9-mtkmq has the target files.
Copying deathstar_ms-24959.output to deathstar_ms-24959.output
tar: removing leading '/' from member names
Debug: Checking Namespace=default, Pod=ms-26622-66fdf7d64f-7jzcg for Target File=deathstar_*.output
Namespace: default, Pod: ms-26622-66fdf7d64f-7jzcg has the target files.
Copying deathstar_ms-26622.output to deathstar_ms-26622.output
tar: removing leading '/' from member names
Debug: Checking Namespace=default, Pod=ms-27421-64f549855c-dwwp8 for Target File=deathstar_*.output
Namespace: default, Pod: ms-27421-64f549855c-dwwp8 has the target files.
Copying deathstar_ms-27421.output to deathstar_ms-27421.output
tar: removing leading '/' from member names
Debug: Checking Namespace=default, Pod=ms-29373-8467f7db44-dhh5r for Target File=deathstar_*.output
Namespace: default, Pod: ms-29373-8467f7db44-dhh5r has the target files.
Copying deathstar_ms-29373.output to deathstar_ms-29373.output
tar: removing leading '/' from member names
Debug: Checking Namespace=default, Pod=ms-32301-c5654bbc5-wqf7h for Target File=deathstar_*.output
Namespace: default, Pod: ms-32301-c5654bbc5-wqf7h has the target files.
Copying deathstar_ms-32301.output to deathstar_ms-32301.output
tar: removing leading '/' from member names
Debug: Checking Namespace=default, Pod=ms-3289-587dbd96bf-6n6sq for Target File=deathstar_*.output
Namespace: default, Pod: ms-3289-587dbd96bf-6n6sq has the target files.
Copying deathstar_ms-3289.output to deathstar_ms-3289.output
tar: removing leading '/' from member names
Debug: Checking Namespace=default, Pod=ms-37691-6dc6cd6744-lg4zc for Target File=deathstar_*.output
Namespace: default, Pod: ms-37691-6dc6cd6744-lg4zc has the target files.
Copying deathstar_ms-37691.output to deathstar_ms-37691.output
tar: removing leading '/' from member names
Debug: Checking Namespace=default, Pod=ms-38964-5b647cdbd-jxpl2 for Target File=deathstar_*.output
Namespace: default, Pod: ms-38964-5b647cdbd-jxpl2 has the target files.
Copying deathstar_ms-38964.output to deathstar_ms-38964.output
tar: removing leading '/' from member names
Debug: Checking Namespace=default, Pod=ms-40147-cd867585-25hhs for Target File=deathstar_*.output
Namespace: default, Pod: ms-40147-cd867585-25hhs has the target files.
Copying deathstar_ms-40147.output to deathstar_ms-40147.output
tar: removing leading '/' from member names
Debug: Checking Namespace=default, Pod=ms-48118-ff7b99cc9-cf7bw for Target File=deathstar_*.output
Namespace: default, Pod: ms-48118-ff7b99cc9-cf7bw has the target files.
Copying deathstar_ms-48118.output to deathstar_ms-48118.output
tar: removing leading '/' from member names
Debug: Checking Namespace=default, Pod=ms-4829-669557b66c-djm7b for Target File=deathstar_*.output
Namespace: default, Pod: ms-4829-669557b66c-djm7b has the target files.
Copying deathstar_ms-4829.output to deathstar_ms-4829.output
tar: removing leading '/' from member names
Debug: Checking Namespace=default, Pod=ms-51685-79858c784f-mhrtv for Target File=deathstar_*.output
Namespace: default, Pod: ms-51685-79858c784f-mhrtv has the target files.
Copying deathstar_ms-51685.output to deathstar_ms-51685.output
tar: removing leading '/' from member names
Debug: Checking Namespace=default, Pod=ms-52379-57c6cdd54b-qwdfs for Target File=deathstar_*.output
Namespace: default, Pod: ms-52379-57c6cdd54b-qwdfs has the target files.
Copying deathstar_ms-52379.output to deathstar_ms-52379.output
tar: removing leading '/' from member names
Debug: Checking Namespace=default, Pod=ms-55394-6f999f5df9-s7svd for Target File=deathstar_*.output
Namespace: default, Pod: ms-55394-6f999f5df9-s7svd has the target files.
Copying deathstar_ms-55394.output to deathstar_ms-55394.output
tar: removing leading '/' from member names
Debug: Checking Namespace=default, Pod=ms-58436-59dd96f659-72nzx for Target File=deathstar_*.output
Namespace: default, Pod: ms-58436-59dd96f659-72nzx has the target files.
Copying deathstar_ms-58436.output to deathstar_ms-58436.output
tar: removing leading '/' from member names
Debug: Checking Namespace=default, Pod=ms-58772-68ff78c966-kgnxh for Target File=deathstar_*.output
Namespace: default, Pod: ms-58772-68ff78c966-kgnxh has the target files.
Copying deathstar_ms-58772.output to deathstar_ms-58772.output
tar: removing leading '/' from member names
Debug: Checking Namespace=default, Pod=ms-59962-756b895b58-k4xw5 for Target File=deathstar_*.output
Namespace: default, Pod: ms-59962-756b895b58-k4xw5 has the target files.
Copying deathstar_ms-59962.output to deathstar_ms-59962.output
tar: removing leading '/' from member names
Debug: Checking Namespace=default, Pod=ms-60061-68bd84bdcd-cswpm for Target File=deathstar_*.output
Namespace: default, Pod: ms-60061-68bd84bdcd-cswpm has the target files.
Copying deathstar_ms-60061.output to deathstar_ms-60061.output
tar: removing leading '/' from member names
Debug: Checking Namespace=default, Pod=ms-6323-974659fcd-qrstj for Target File=deathstar_*.output
Namespace: default, Pod: ms-6323-974659fcd-qrstj has the target files.
Copying deathstar_ms-6323.output to deathstar_ms-6323.output
tar: removing leading '/' from member names
Debug: Checking Namespace=default, Pod=ms-65741-65f588bcdf-7hwfq for Target File=deathstar_*.output
Namespace: default, Pod: ms-65741-65f588bcdf-7hwfq has the target files.
Copying deathstar_ms-65741.output to deathstar_ms-65741.output
tar: removing leading '/' from member names
Debug: Checking Namespace=default, Pod=ms-66473-79c66f8bff-zcgmr for Target File=deathstar_*.output
Namespace: default, Pod: ms-66473-79c66f8bff-zcgmr has the target files.
Copying deathstar_ms-66473.output to deathstar_ms-66473.output
tar: removing leading '/' from member names
Debug: Checking Namespace=default, Pod=ms-69188-65c548d4cb-hpxjs for Target File=deathstar_*.output
Namespace: default, Pod: ms-69188-65c548d4cb-hpxjs has the target files.
Copying deathstar_ms-69188.output to deathstar_ms-69188.output
tar: removing leading '/' from member names
Debug: Checking Namespace=default, Pod=ms-69614-794bd8475-c5mkw for Target File=deathstar_*.output
Namespace: default, Pod: ms-69614-794bd8475-c5mkw has the target files.
Copying deathstar_ms-69614.output to deathstar_ms-69614.output
tar: removing leading '/' from member names
Debug: Checking Namespace=default, Pod=ms-9081-567985788-44795 for Target File=deathstar_*.output
Namespace: default, Pod: ms-9081-567985788-44795 has the target files.
Copying deathstar_ms-9081.output to deathstar_ms-9081.output
tar: removing leading '/' from member names
Debug: Checking Namespace=default, Pod=nginx-web-server-56557f7cb7-86vxd for Target File=deathstar_*.output
Namespace: default, Pod: nginx-web-server-56557f7cb7-86vxd has the target files.
Copying deathstar_nginx-web-server.output to deathstar_nginx-web-server.output
tar: removing leading '/' from member names
Debug: Checking Namespace=default, Pod=unknown-6ddf9bd4b5-rbbz9 for Target File=deathstar_*.output
Namespace: default, Pod: unknown-6ddf9bd4b5-rbbz9 has the target files.
Copying deathstar_unknown.output to deathstar_unknown.output
tar: removing leading '/' from member names
