Deployments: ms-11070
ms-11285
ms-11512
ms-1278
ms-13873
ms-19953
ms-21883
ms-25124
ms-27421
ms-2827
ms-33719
ms-37691
ms-43309
ms-4354
ms-46825
ms-60236
ms-71771
ms-8052
ms-902
nginx-web-server
deployment "ms-11070" successfully rolled out
deployment "ms-11285" successfully rolled out
deployment "ms-11512" successfully rolled out
deployment "ms-1278" successfully rolled out
deployment "ms-13873" successfully rolled out
deployment "ms-19953" successfully rolled out
deployment "ms-21883" successfully rolled out
deployment "ms-25124" successfully rolled out
deployment "ms-27421" successfully rolled out
deployment "ms-2827" successfully rolled out
deployment "ms-33719" successfully rolled out
deployment "ms-37691" successfully rolled out
deployment "ms-43309" successfully rolled out
deployment "ms-4354" successfully rolled out
deployment "ms-46825" successfully rolled out
deployment "ms-60236" successfully rolled out
deployment "ms-71771" successfully rolled out
deployment "ms-8052" successfully rolled out
deployment "ms-902" successfully rolled out
deployment "nginx-web-server" successfully rolled out
ENTRY_POINT: nginx-web-server
SERVICE_A_URL: 10.104.162.32:50051
Capacity: 10000
Metadata: method=S_102000854
Metadata: request-id={{.RequestNumber}}
Metadata: timestamp={{.TimestampUnix}}
Charon Configurations:
[{INTERCEPT charon} {PRICE_UPDATE_RATE 5020us} {TOKEN_UPDATE_RATE 2772us} {LATENCY_THRESHOLD 3980us} {PRICE_STEP 10} {PRICE_STRATEGY proportional} {LAZY_UPDATE true} {RATE_LIMITING true} {LOAD_SHEDDING true} {CHARON_TRACK_PRICE false} {BREAKWATER_SLO 12500us} {BREAKWATER_A 0.001} {BREAKWATER_B 0.02} {BREAKWATER_CLIENT_EXPIRATION 10ms} {BREAKWATER_INITIAL_CREDIT 400} {BREAKWATER_LOAD_SHEDDING true} {BREAKWATER_RTT 1000us} {BREAKWATERD_SLO 12500us} {BREAKWATERD_A 0.001} {BREAKWATERD_B 0.02} {BREAKWATERD_CLIENT_EXPIRATION 10ms} {BREAKWATERD_INITIAL_CREDIT 400} {BREAKWATERD_LOAD_SHEDDING true} {BREAKWATERD_RTT 1000us} {DAGOR_QUEUING_THRESHOLD 2ms} {DAGOR_ALPHA 0.05} {DAGOR_BETA 0.01} {DAGOR_ADMISSION_LEVEL_UPDATE_INTERVAL 10ms} {DAGOR_UMAX 20}]

Summary:
  Count:	103175
  Total:	14.80 s
  Slowest:	1.00 s
  Fastest:	38.92 ms
  Average:	261.37 ms
  Requests/sec:	6973.49

Response time histogram:
  38.918   [1]     |
  135.048  [44928] |∎∎∎∎∎∎∎∎∎∎∎∎∎∎∎∎∎∎∎∎∎∎∎∎∎∎∎∎∎∎∎∎∎∎∎∎∎∎∎∎
  231.179  [19353] |∎∎∎∎∎∎∎∎∎∎∎∎∎∎∎∎∎
  327.309  [5142]  |∎∎∎∎∎
  423.439  [2242]  |∎∎
  519.569  [4988]  |∎∎∎∎
  615.700  [7046]  |∎∎∎∎∎∎
  711.830  [6996]  |∎∎∎∎∎∎
  807.960  [5671]  |∎∎∎∎∎
  904.090  [2031]  |∎∎
  1000.221 [404]   |

Latency distribution:
  10 % in 42.43 ms 
  25 % in 93.44 ms 
  50 % in 148.74 ms 
  75 % in 481.72 ms 
  90 % in 688.75 ms 
  95 % in 751.74 ms 
  99 % in 860.84 ms 

Status code distribution:
  [OK]                  98802 responses   
  [ResourceExhausted]   4065 responses    
  [DeadlineExceeded]    60 responses      
  [Canceled]            248 responses     

Error distribution:
  [248]    rpc error: code = Canceled desc = grpc: the client connection is closing                                   
  [260]    rpc error: code = ResourceExhausted desc = S_102000854 req dropped by ms-25124. Try again later.           
  [2882]   rpc error: code = ResourceExhausted desc = S_102000854 req dropped by nginx-web-server. Try again later.   
  [254]    rpc error: code = ResourceExhausted desc = S_102000854 req dropped by ms-60236. Try again later.           
  [669]    rpc error: code = ResourceExhausted desc = S_102000854 req dropped by ms-13873. Try again later.           
  [60]     rpc error: code = DeadlineExceeded desc = context deadline exceeded                                        

Debug: Checking Namespace=default, Pod=ms-11070-7868c54f44-2tvcg for Target File=deathstar_*.output
Namespace: default, Pod: ms-11070-7868c54f44-2tvcg has the target files.
Copying deathstar_ms-11070.output to deathstar_ms-11070.output
tar: removing leading '/' from member names
Debug: Checking Namespace=default, Pod=ms-11285-67d597dc77-tkrbv for Target File=deathstar_*.output
Namespace: default, Pod: ms-11285-67d597dc77-tkrbv has the target files.
Copying deathstar_ms-11285.output to deathstar_ms-11285.output
tar: removing leading '/' from member names
Debug: Checking Namespace=default, Pod=ms-11512-75f8ddc45b-9bmvf for Target File=deathstar_*.output
Namespace: default, Pod: ms-11512-75f8ddc45b-9bmvf has the target files.
Copying deathstar_ms-11512.output to deathstar_ms-11512.output
tar: removing leading '/' from member names
Debug: Checking Namespace=default, Pod=ms-1278-85766ff6b8-2fwfq for Target File=deathstar_*.output
Namespace: default, Pod: ms-1278-85766ff6b8-2fwfq has the target files.
Copying deathstar_ms-1278.output to deathstar_ms-1278.output
tar: removing leading '/' from member names
Debug: Checking Namespace=default, Pod=ms-13873-85d7bb7b97-zphsz for Target File=deathstar_*.output
Namespace: default, Pod: ms-13873-85d7bb7b97-zphsz has the target files.
Copying deathstar_ms-13873.output to deathstar_ms-13873.output
tar: removing leading '/' from member names
Debug: Checking Namespace=default, Pod=ms-19953-68cc8998c5-ck29f for Target File=deathstar_*.output
Namespace: default, Pod: ms-19953-68cc8998c5-ck29f has the target files.
Copying deathstar_ms-19953.output to deathstar_ms-19953.output
tar: removing leading '/' from member names
Debug: Checking Namespace=default, Pod=ms-21883-f6c88c6d4-d5txd for Target File=deathstar_*.output
Namespace: default, Pod: ms-21883-f6c88c6d4-d5txd has the target files.
Copying deathstar_ms-21883.output to deathstar_ms-21883.output
tar: removing leading '/' from member names
Debug: Checking Namespace=default, Pod=ms-25124-77bd4446f5-hgk2p for Target File=deathstar_*.output
Namespace: default, Pod: ms-25124-77bd4446f5-hgk2p has the target files.
Copying deathstar_ms-25124.output to deathstar_ms-25124.output
tar: removing leading '/' from member names
Debug: Checking Namespace=default, Pod=ms-27421-8565974486-d95mn for Target File=deathstar_*.output
Namespace: default, Pod: ms-27421-8565974486-d95mn has the target files.
Copying deathstar_ms-27421.output to deathstar_ms-27421.output
tar: removing leading '/' from member names
Debug: Checking Namespace=default, Pod=ms-2827-5dcc6df4f4-c2srk for Target File=deathstar_*.output
Namespace: default, Pod: ms-2827-5dcc6df4f4-c2srk has the target files.
Copying deathstar_ms-2827.output to deathstar_ms-2827.output
tar: removing leading '/' from member names
Debug: Checking Namespace=default, Pod=ms-33719-6c455cf54c-6mlzh for Target File=deathstar_*.output
Namespace: default, Pod: ms-33719-6c455cf54c-6mlzh has the target files.
Copying deathstar_ms-33719.output to deathstar_ms-33719.output
tar: removing leading '/' from member names
Debug: Checking Namespace=default, Pod=ms-37691-b9bc44798-hcpr4 for Target File=deathstar_*.output
Namespace: default, Pod: ms-37691-b9bc44798-hcpr4 has the target files.
Copying deathstar_ms-37691.output to deathstar_ms-37691.output
tar: removing leading '/' from member names
Debug: Checking Namespace=default, Pod=ms-43309-54f758d465-82j4n for Target File=deathstar_*.output
Namespace: default, Pod: ms-43309-54f758d465-82j4n has the target files.
Copying deathstar_ms-43309.output to deathstar_ms-43309.output
tar: removing leading '/' from member names
Debug: Checking Namespace=default, Pod=ms-4354-669cfcbdf6-qv5vg for Target File=deathstar_*.output
Namespace: default, Pod: ms-4354-669cfcbdf6-qv5vg has the target files.
Copying deathstar_ms-4354.output to deathstar_ms-4354.output
tar: removing leading '/' from member names
Debug: Checking Namespace=default, Pod=ms-46825-58c684559d-mpklq for Target File=deathstar_*.output
Namespace: default, Pod: ms-46825-58c684559d-mpklq has the target files.
Copying deathstar_ms-46825.output to deathstar_ms-46825.output
tar: removing leading '/' from member names
Debug: Checking Namespace=default, Pod=ms-60236-64866cf49-kj766 for Target File=deathstar_*.output
Namespace: default, Pod: ms-60236-64866cf49-kj766 has the target files.
Copying deathstar_ms-60236.output to deathstar_ms-60236.output
tar: removing leading '/' from member names
Debug: Checking Namespace=default, Pod=ms-71771-567ddbdd95-kmb5j for Target File=deathstar_*.output
Namespace: default, Pod: ms-71771-567ddbdd95-kmb5j has the target files.
Copying deathstar_ms-71771.output to deathstar_ms-71771.output
tar: removing leading '/' from member names
Debug: Checking Namespace=default, Pod=ms-8052-b995968dc-85rhz for Target File=deathstar_*.output
Namespace: default, Pod: ms-8052-b995968dc-85rhz has the target files.
Copying deathstar_ms-8052.output to deathstar_ms-8052.output
tar: removing leading '/' from member names
Debug: Checking Namespace=default, Pod=ms-902-5744544f85-6n8wl for Target File=deathstar_*.output
Namespace: default, Pod: ms-902-5744544f85-6n8wl has the target files.
Copying deathstar_ms-902.output to deathstar_ms-902.output
tar: removing leading '/' from member names
Debug: Checking Namespace=default, Pod=nginx-web-server-56557f7cb7-dmp9d for Target File=deathstar_*.output
Namespace: default, Pod: nginx-web-server-56557f7cb7-dmp9d has the target files.
Copying deathstar_nginx-web-server.output to deathstar_nginx-web-server.output
tar: removing leading '/' from member names
