Deployments: ms-10090
ms-13558
ms-18330
ms-19585
ms-20172
ms-22893
ms-24009
ms-24959
ms-26622
ms-27421
ms-29373
ms-32301
ms-3289
ms-37691
ms-38964
ms-40147
ms-48118
ms-4829
ms-51685
ms-52379
ms-55394
ms-58436
ms-58772
ms-59962
ms-60061
ms-6323
ms-65741
ms-66473
ms-69188
ms-69614
ms-9081
nginx-web-server
unknown
deployment "ms-10090" successfully rolled out
deployment "ms-13558" successfully rolled out
deployment "ms-18330" successfully rolled out
deployment "ms-19585" successfully rolled out
deployment "ms-20172" successfully rolled out
deployment "ms-22893" successfully rolled out
deployment "ms-24009" successfully rolled out
deployment "ms-24959" successfully rolled out
deployment "ms-26622" successfully rolled out
deployment "ms-27421" successfully rolled out
deployment "ms-29373" successfully rolled out
deployment "ms-32301" successfully rolled out
deployment "ms-3289" successfully rolled out
deployment "ms-37691" successfully rolled out
deployment "ms-38964" successfully rolled out
deployment "ms-40147" successfully rolled out
deployment "ms-48118" successfully rolled out
deployment "ms-4829" successfully rolled out
deployment "ms-51685" successfully rolled out
deployment "ms-52379" successfully rolled out
deployment "ms-55394" successfully rolled out
deployment "ms-58436" successfully rolled out
deployment "ms-58772" successfully rolled out
deployment "ms-59962" successfully rolled out
deployment "ms-60061" successfully rolled out
deployment "ms-6323" successfully rolled out
deployment "ms-65741" successfully rolled out
deployment "ms-66473" successfully rolled out
deployment "ms-69188" successfully rolled out
deployment "ms-69614" successfully rolled out
deployment "ms-9081" successfully rolled out
deployment "nginx-web-server" successfully rolled out
deployment "unknown" successfully rolled out
ENTRY_POINT: nginx-web-server
SERVICE_A_URL: 10.99.66.155:50051
Capacity: 10000
Metadata: timestamp={{.TimestampUnix}}
Metadata: method=S_149998854
Metadata: request-id={{.RequestNumber}}
Charon Configurations:
[{INTERCEPT breakwater} {PRICE_UPDATE_RATE 10ms} {TOKEN_UPDATE_RATE 10ms} {LATENCY_THRESHOLD 100us} {PRICE_STEP 0} {PRICE_STRATEGY step} {LAZY_UPDATE false} {RATE_LIMITING true} {LOAD_SHEDDING true} {CHARON_TRACK_PRICE false} {BREAKWATER_SLO 13241us} {BREAKWATER_A 11.20164630556524} {BREAKWATER_B 1.1791247016355608} {BREAKWATER_CLIENT_EXPIRATION 3624us} {BREAKWATER_INITIAL_CREDIT 1517} {BREAKWATER_LOAD_SHEDDING true} {BREAKWATER_RTT 8733us} {BREAKWATERD_SLO 12500us} {BREAKWATERD_A 0.001} {BREAKWATERD_B 0.02} {BREAKWATERD_CLIENT_EXPIRATION 10ms} {BREAKWATERD_INITIAL_CREDIT 400} {BREAKWATERD_LOAD_SHEDDING true} {BREAKWATERD_RTT 1000us} {DAGOR_QUEUING_THRESHOLD 2ms} {DAGOR_ALPHA 0.05} {DAGOR_BETA 0.01} {DAGOR_ADMISSION_LEVEL_UPDATE_INTERVAL 10ms} {DAGOR_UMAX 20}]

Summary:
  Count:	108879
  Total:	24.90 s
  Slowest:	1.00 s
  Fastest:	110.82 ms
  Average:	719.35 ms
  Requests/sec:	4372.78

Response time histogram:
  110.823  [1]     |
  199.998  [11482] |∎∎∎∎∎∎∎∎∎∎∎∎∎∎∎∎∎∎∎∎∎∎∎∎∎∎∎∎∎∎∎∎∎∎∎∎∎∎∎∎
  289.172  [394]   |∎
  378.346  [320]   |∎
  467.520  [258]   |∎
  556.694  [700]   |∎∎
  645.868  [597]   |∎∎
  735.042  [80]    |
  824.216  [16]    |
  913.390  [322]   |∎
  1002.564 [716]   |∎∎

Latency distribution:
  10 % in 112.19 ms 
  25 % in 113.07 ms 
  50 % in 115.11 ms 
  75 % in 131.79 ms 
  90 % in 578.75 ms 
  95 % in 907.25 ms 
  99 % in 990.61 ms 

Status code distribution:
  [OK]                  14886 responses   
  [ResourceExhausted]   16013 responses   
  [DeadlineExceeded]    70456 responses   
  [Canceled]            7524 responses    

Error distribution:
  [16013]   rpc error: code = ResourceExhausted desc = Server-side queuing delay is beyond AQM threshold   
  [70456]   rpc error: code = DeadlineExceeded desc = context deadline exceeded                            
  [7524]    rpc error: code = Canceled desc = grpc: the client connection is closing                       

Debug: Checking Namespace=default, Pod=ms-10090-6454f977fd-psrsf for Target File=deathstar_*.output
Namespace: default, Pod: ms-10090-6454f977fd-psrsf has the target files.
Copying deathstar_ms-10090.output to deathstar_ms-10090.output
tar: removing leading '/' from member names
Debug: Checking Namespace=default, Pod=ms-13558-b48bb5d9d-gwpbn for Target File=deathstar_*.output
Namespace: default, Pod: ms-13558-b48bb5d9d-gwpbn has the target files.
Copying deathstar_ms-13558.output to deathstar_ms-13558.output
tar: removing leading '/' from member names
Debug: Checking Namespace=default, Pod=ms-18330-759d9cf49c-2mlhw for Target File=deathstar_*.output
Namespace: default, Pod: ms-18330-759d9cf49c-2mlhw has the target files.
Copying deathstar_ms-18330.output to deathstar_ms-18330.output
tar: removing leading '/' from member names
Debug: Checking Namespace=default, Pod=ms-19585-6f995cfcbf-n5xks for Target File=deathstar_*.output
Namespace: default, Pod: ms-19585-6f995cfcbf-n5xks has the target files.
Copying deathstar_ms-19585.output to deathstar_ms-19585.output
tar: removing leading '/' from member names
Debug: Checking Namespace=default, Pod=ms-20172-59d5485464-295c4 for Target File=deathstar_*.output
Namespace: default, Pod: ms-20172-59d5485464-295c4 has the target files.
Copying deathstar_ms-20172.output to deathstar_ms-20172.output
tar: removing leading '/' from member names
Debug: Checking Namespace=default, Pod=ms-22893-576fd5f9f6-9lp65 for Target File=deathstar_*.output
Namespace: default, Pod: ms-22893-576fd5f9f6-9lp65 has the target files.
Copying deathstar_ms-22893.output to deathstar_ms-22893.output
tar: removing leading '/' from member names
Debug: Checking Namespace=default, Pod=ms-24009-67dbf5b976-7272m for Target File=deathstar_*.output
Namespace: default, Pod: ms-24009-67dbf5b976-7272m has the target files.
Copying deathstar_ms-24009.output to deathstar_ms-24009.output
tar: removing leading '/' from member names
Debug: Checking Namespace=default, Pod=ms-24959-99f8bbf9-674g5 for Target File=deathstar_*.output
Namespace: default, Pod: ms-24959-99f8bbf9-674g5 has the target files.
Copying deathstar_ms-24959.output to deathstar_ms-24959.output
tar: removing leading '/' from member names
Debug: Checking Namespace=default, Pod=ms-26622-66fdf7d64f-5cpt2 for Target File=deathstar_*.output
Namespace: default, Pod: ms-26622-66fdf7d64f-5cpt2 has the target files.
Copying deathstar_ms-26622.output to deathstar_ms-26622.output
tar: removing leading '/' from member names
Debug: Checking Namespace=default, Pod=ms-27421-64f549855c-jqjm9 for Target File=deathstar_*.output
Namespace: default, Pod: ms-27421-64f549855c-jqjm9 has the target files.
Copying deathstar_ms-27421.output to deathstar_ms-27421.output
tar: removing leading '/' from member names
Debug: Checking Namespace=default, Pod=ms-29373-8467f7db44-nmtdh for Target File=deathstar_*.output
Namespace: default, Pod: ms-29373-8467f7db44-nmtdh has the target files.
Copying deathstar_ms-29373.output to deathstar_ms-29373.output
tar: removing leading '/' from member names
Debug: Checking Namespace=default, Pod=ms-32301-c5654bbc5-g2dwt for Target File=deathstar_*.output
Namespace: default, Pod: ms-32301-c5654bbc5-g2dwt has the target files.
Copying deathstar_ms-32301.output to deathstar_ms-32301.output
tar: removing leading '/' from member names
Debug: Checking Namespace=default, Pod=ms-3289-587dbd96bf-lw9z6 for Target File=deathstar_*.output
Namespace: default, Pod: ms-3289-587dbd96bf-lw9z6 has the target files.
Copying deathstar_ms-3289.output to deathstar_ms-3289.output
tar: removing leading '/' from member names
Debug: Checking Namespace=default, Pod=ms-37691-6dc6cd6744-cwllk for Target File=deathstar_*.output
Namespace: default, Pod: ms-37691-6dc6cd6744-cwllk has the target files.
Copying deathstar_ms-37691.output to deathstar_ms-37691.output
tar: removing leading '/' from member names
Debug: Checking Namespace=default, Pod=ms-38964-5b647cdbd-qf8nz for Target File=deathstar_*.output
Namespace: default, Pod: ms-38964-5b647cdbd-qf8nz has the target files.
Copying deathstar_ms-38964.output to deathstar_ms-38964.output
tar: removing leading '/' from member names
Debug: Checking Namespace=default, Pod=ms-40147-cd867585-mqvnq for Target File=deathstar_*.output
Namespace: default, Pod: ms-40147-cd867585-mqvnq has the target files.
Copying deathstar_ms-40147.output to deathstar_ms-40147.output
tar: removing leading '/' from member names
Debug: Checking Namespace=default, Pod=ms-48118-ff7b99cc9-lh7hs for Target File=deathstar_*.output
Namespace: default, Pod: ms-48118-ff7b99cc9-lh7hs has the target files.
Copying deathstar_ms-48118.output to deathstar_ms-48118.output
tar: removing leading '/' from member names
Debug: Checking Namespace=default, Pod=ms-4829-669557b66c-6rd5x for Target File=deathstar_*.output
Namespace: default, Pod: ms-4829-669557b66c-6rd5x has the target files.
Copying deathstar_ms-4829.output to deathstar_ms-4829.output
tar: removing leading '/' from member names
Debug: Checking Namespace=default, Pod=ms-51685-79858c784f-jn6mq for Target File=deathstar_*.output
Namespace: default, Pod: ms-51685-79858c784f-jn6mq has the target files.
Copying deathstar_ms-51685.output to deathstar_ms-51685.output
tar: removing leading '/' from member names
Debug: Checking Namespace=default, Pod=ms-52379-57c6cdd54b-l5cpl for Target File=deathstar_*.output
Namespace: default, Pod: ms-52379-57c6cdd54b-l5cpl has the target files.
Copying deathstar_ms-52379.output to deathstar_ms-52379.output
tar: removing leading '/' from member names
Debug: Checking Namespace=default, Pod=ms-55394-6f999f5df9-lwqr2 for Target File=deathstar_*.output
Namespace: default, Pod: ms-55394-6f999f5df9-lwqr2 has the target files.
Copying deathstar_ms-55394.output to deathstar_ms-55394.output
tar: removing leading '/' from member names
Debug: Checking Namespace=default, Pod=ms-58436-59dd96f659-gpwrh for Target File=deathstar_*.output
Namespace: default, Pod: ms-58436-59dd96f659-gpwrh has the target files.
Copying deathstar_ms-58436.output to deathstar_ms-58436.output
tar: removing leading '/' from member names
Debug: Checking Namespace=default, Pod=ms-58772-68ff78c966-lr8js for Target File=deathstar_*.output
Namespace: default, Pod: ms-58772-68ff78c966-lr8js has the target files.
Copying deathstar_ms-58772.output to deathstar_ms-58772.output
tar: removing leading '/' from member names
Debug: Checking Namespace=default, Pod=ms-59962-756b895b58-vqwsf for Target File=deathstar_*.output
Namespace: default, Pod: ms-59962-756b895b58-vqwsf has the target files.
Copying deathstar_ms-59962.output to deathstar_ms-59962.output
tar: removing leading '/' from member names
Debug: Checking Namespace=default, Pod=ms-60061-68bd84bdcd-87btj for Target File=deathstar_*.output
Namespace: default, Pod: ms-60061-68bd84bdcd-87btj has the target files.
Copying deathstar_ms-60061.output to deathstar_ms-60061.output
tar: removing leading '/' from member names
Debug: Checking Namespace=default, Pod=ms-6323-974659fcd-xztpr for Target File=deathstar_*.output
Namespace: default, Pod: ms-6323-974659fcd-xztpr has the target files.
Copying deathstar_ms-6323.output to deathstar_ms-6323.output
tar: removing leading '/' from member names
Debug: Checking Namespace=default, Pod=ms-65741-65f588bcdf-b8wzc for Target File=deathstar_*.output
Namespace: default, Pod: ms-65741-65f588bcdf-b8wzc has the target files.
Copying deathstar_ms-65741.output to deathstar_ms-65741.output
tar: removing leading '/' from member names
Debug: Checking Namespace=default, Pod=ms-66473-79c66f8bff-xlm5z for Target File=deathstar_*.output
Namespace: default, Pod: ms-66473-79c66f8bff-xlm5z has the target files.
Copying deathstar_ms-66473.output to deathstar_ms-66473.output
tar: removing leading '/' from member names
Debug: Checking Namespace=default, Pod=ms-69188-65c548d4cb-qvtft for Target File=deathstar_*.output
Namespace: default, Pod: ms-69188-65c548d4cb-qvtft has the target files.
Copying deathstar_ms-69188.output to deathstar_ms-69188.output
tar: removing leading '/' from member names
Debug: Checking Namespace=default, Pod=ms-69614-794bd8475-6vcl9 for Target File=deathstar_*.output
Namespace: default, Pod: ms-69614-794bd8475-6vcl9 has the target files.
Copying deathstar_ms-69614.output to deathstar_ms-69614.output
tar: removing leading '/' from member names
Debug: Checking Namespace=default, Pod=ms-9081-567985788-nk8zc for Target File=deathstar_*.output
Namespace: default, Pod: ms-9081-567985788-nk8zc has the target files.
Copying deathstar_ms-9081.output to deathstar_ms-9081.output
tar: removing leading '/' from member names
Debug: Checking Namespace=default, Pod=nginx-web-server-56557f7cb7-9sl97 for Target File=deathstar_*.output
Namespace: default, Pod: nginx-web-server-56557f7cb7-9sl97 has the target files.
Copying deathstar_nginx-web-server.output to deathstar_nginx-web-server.output
tar: removing leading '/' from member names
Debug: Checking Namespace=default, Pod=unknown-6ddf9bd4b5-684tk for Target File=deathstar_*.output
Namespace: default, Pod: unknown-6ddf9bd4b5-684tk has the target files.
Copying deathstar_unknown.output to deathstar_unknown.output
tar: removing leading '/' from member names
