Deployments: ms-10090
ms-13558
ms-18330
ms-19585
ms-20172
ms-22893
ms-24009
ms-24959
ms-26622
ms-27421
ms-29373
ms-32301
ms-3289
ms-37691
ms-38964
ms-40147
ms-48118
ms-4829
ms-51685
ms-52379
ms-55394
ms-58436
ms-58772
ms-59962
ms-60061
ms-6323
ms-65741
ms-66473
ms-69188
ms-69614
ms-9081
nginx-web-server
unknown
deployment "ms-10090" successfully rolled out
deployment "ms-13558" successfully rolled out
deployment "ms-18330" successfully rolled out
deployment "ms-19585" successfully rolled out
deployment "ms-20172" successfully rolled out
deployment "ms-22893" successfully rolled out
deployment "ms-24009" successfully rolled out
deployment "ms-24959" successfully rolled out
deployment "ms-26622" successfully rolled out
deployment "ms-27421" successfully rolled out
deployment "ms-29373" successfully rolled out
deployment "ms-32301" successfully rolled out
deployment "ms-3289" successfully rolled out
deployment "ms-37691" successfully rolled out
deployment "ms-38964" successfully rolled out
deployment "ms-40147" successfully rolled out
deployment "ms-48118" successfully rolled out
deployment "ms-4829" successfully rolled out
deployment "ms-51685" successfully rolled out
deployment "ms-52379" successfully rolled out
deployment "ms-55394" successfully rolled out
deployment "ms-58436" successfully rolled out
deployment "ms-58772" successfully rolled out
deployment "ms-59962" successfully rolled out
deployment "ms-60061" successfully rolled out
deployment "ms-6323" successfully rolled out
deployment "ms-65741" successfully rolled out
deployment "ms-66473" successfully rolled out
deployment "ms-69188" successfully rolled out
deployment "ms-69614" successfully rolled out
deployment "ms-9081" successfully rolled out
deployment "nginx-web-server" successfully rolled out
deployment "unknown" successfully rolled out
ENTRY_POINT: nginx-web-server
SERVICE_A_URL: 10.100.31.51:50051
Capacity: 8000
Metadata: request-id={{.RequestNumber}}
Metadata: timestamp={{.TimestampUnix}}
Metadata: method=S_149998854
Charon Configurations:
[{INTERCEPT breakwaterd} {PRICE_UPDATE_RATE 10ms} {TOKEN_UPDATE_RATE 10ms} {LATENCY_THRESHOLD 100us} {PRICE_STEP 0} {PRICE_STRATEGY step} {LAZY_UPDATE false} {RATE_LIMITING true} {LOAD_SHEDDING true} {CHARON_TRACK_PRICE false} {BREAKWATER_SLO 26072us} {BREAKWATER_A 1.7410064597889685} {BREAKWATER_B 1.0434288465238961} {BREAKWATER_CLIENT_EXPIRATION 3882us} {BREAKWATER_INITIAL_CREDIT 123} {BREAKWATER_LOAD_SHEDDING true} {BREAKWATER_RTT 14893us} {BREAKWATERD_SLO 36311us} {BREAKWATERD_A 5.984254797986397} {BREAKWATERD_B 9.103968262162901} {BREAKWATERD_CLIENT_EXPIRATION 15740us} {BREAKWATERD_INITIAL_CREDIT 2475} {BREAKWATERD_LOAD_SHEDDING true} {BREAKWATERD_RTT 4788us} {DAGOR_QUEUING_THRESHOLD 2ms} {DAGOR_ALPHA 0.05} {DAGOR_BETA 0.01} {DAGOR_ADMISSION_LEVEL_UPDATE_INTERVAL 10ms} {DAGOR_UMAX 20}]

Summary:
  Count:	81213
  Total:	24.88 s
  Slowest:	822.16 ms
  Fastest:	111.38 ms
  Average:	154.87 ms
  Requests/sec:	3263.98

Response time histogram:
  111.376 [1]     |
  182.455 [14921] |∎∎∎∎∎∎∎∎∎∎∎∎∎∎∎∎∎∎∎∎∎∎∎∎∎∎∎∎∎∎∎∎∎∎
  253.533 [17562] |∎∎∎∎∎∎∎∎∎∎∎∎∎∎∎∎∎∎∎∎∎∎∎∎∎∎∎∎∎∎∎∎∎∎∎∎∎∎∎∎
  324.611 [7824]  |∎∎∎∎∎∎∎∎∎∎∎∎∎∎∎∎∎∎
  395.689 [3227]  |∎∎∎∎∎∎∎
  466.767 [1086]  |∎∎
  537.845 [702]   |∎∎
  608.924 [291]   |∎
  680.002 [63]    |
  751.080 [0]     |
  822.158 [1]     |

Latency distribution:
  10 % in 115.78 ms 
  25 % in 151.56 ms 
  50 % in 216.74 ms 
  75 % in 263.35 ms 
  90 % in 342.01 ms 
  95 % in 390.25 ms 
  99 % in 520.32 ms 

Status code distribution:
  [ResourceExhausted]   34873 responses   
  [OK]                  45678 responses   
  [Canceled]            662 responses     

Error distribution:
  [2055]    rpc error: code = ResourceExhausted desc = Client id a7bb494d-084f-45c1-bcd4-1c2b16585ca5 request expired in queue.   
  [175]     rpc error: code = ResourceExhausted desc = Client id 523c9005-96dd-43dc-96cf-63d4c175c346 request expired in queue.   
  [39]      rpc error: code = ResourceExhausted desc = Client id 063ef2db-04c9-4147-ba62-b83ab5d577c6 request expired in queue.   
  [61]      rpc error: code = ResourceExhausted desc = Client id ce726c7f-997d-4977-b43e-eeb256f29ef4 request expired in queue.   
  [662]     rpc error: code = Canceled desc = grpc: the client connection is closing                                              
  [81]      rpc error: code = ResourceExhausted desc = Client id eb09e8ff-8f50-4f20-9058-2d2963d09278 request expired in queue.   
  [27]      rpc error: code = ResourceExhausted desc = Client id cc7340cc-9c79-49f8-a81f-ac8677bd1bfa request expired in queue.   
  [12644]   rpc error: code = ResourceExhausted desc = Client id af29f579-e9a0-488f-ba8f-233191b07a2b request expired in queue.   
  [188]     rpc error: code = ResourceExhausted desc = Client id 0d4d193c-ad0a-4059-9d51-34afb62b4153 request expired in queue.   
  [49]      rpc error: code = ResourceExhausted desc = Client id 17242533-2a21-4ece-b3bd-5b5c8406f15b request expired in queue.   
  [27]      rpc error: code = ResourceExhausted desc = Client id 5157a7c5-03ab-4444-85af-8b4376390910 request expired in queue.   
  [6046]    rpc error: code = ResourceExhausted desc = Server-side queuing delay is beyond AQM threshold                          
  [5]       rpc error: code = ResourceExhausted desc = Client id 440abe03-6c0e-44ca-80c7-675d66cff3fe request expired in queue.   
  [85]      rpc error: code = ResourceExhausted desc = Client id 908fb0d8-8ba8-4f52-a858-625e5a937a06 request expired in queue.   
  [39]      rpc error: code = ResourceExhausted desc = Client id 352b17f1-3e8c-43d8-ba96-29a2db839415 request expired in queue.   
  [2849]    rpc error: code = ResourceExhausted desc = Client id b6aafc90-1ce7-4fab-b18f-2ffe71a8627f request expired in queue.   
  [9867]    rpc error: code = ResourceExhausted desc = Client id e90eb387-9580-42b3-8633-8f031245a669 request expired in queue.   
  [246]     rpc error: code = ResourceExhausted desc = Client id f04e2acc-3e67-4b7b-8d3a-0a61794e21d6 request expired in queue.   
  [390]     rpc error: code = ResourceExhausted desc = Client id 5afb6d7f-2db0-40e5-aca4-2a991a9b234d request expired in queue.   

Debug: Checking Namespace=default, Pod=ms-10090-6454f977fd-hxmrp for Target File=deathstar_*.output
Namespace: default, Pod: ms-10090-6454f977fd-hxmrp has the target files.
Copying deathstar_ms-10090.output to deathstar_ms-10090.output
tar: removing leading '/' from member names
Debug: Checking Namespace=default, Pod=ms-13558-b48bb5d9d-4srs7 for Target File=deathstar_*.output
Namespace: default, Pod: ms-13558-b48bb5d9d-4srs7 has the target files.
Copying deathstar_ms-13558.output to deathstar_ms-13558.output
tar: removing leading '/' from member names
Debug: Checking Namespace=default, Pod=ms-18330-759d9cf49c-kmgs7 for Target File=deathstar_*.output
Namespace: default, Pod: ms-18330-759d9cf49c-kmgs7 has the target files.
Copying deathstar_ms-18330.output to deathstar_ms-18330.output
tar: removing leading '/' from member names
Debug: Checking Namespace=default, Pod=ms-19585-6f995cfcbf-hs68h for Target File=deathstar_*.output
Namespace: default, Pod: ms-19585-6f995cfcbf-hs68h has the target files.
Copying deathstar_ms-19585.output to deathstar_ms-19585.output
tar: removing leading '/' from member names
Debug: Checking Namespace=default, Pod=ms-20172-59d5485464-5c79z for Target File=deathstar_*.output
Namespace: default, Pod: ms-20172-59d5485464-5c79z has the target files.
Copying deathstar_ms-20172.output to deathstar_ms-20172.output
tar: removing leading '/' from member names
Debug: Checking Namespace=default, Pod=ms-22893-576fd5f9f6-2bcnz for Target File=deathstar_*.output
Namespace: default, Pod: ms-22893-576fd5f9f6-2bcnz has the target files.
Copying deathstar_ms-22893.output to deathstar_ms-22893.output
tar: removing leading '/' from member names
Debug: Checking Namespace=default, Pod=ms-24009-67dbf5b976-vsb2r for Target File=deathstar_*.output
Namespace: default, Pod: ms-24009-67dbf5b976-vsb2r has the target files.
Copying deathstar_ms-24009.output to deathstar_ms-24009.output
tar: removing leading '/' from member names
Debug: Checking Namespace=default, Pod=ms-24959-99f8bbf9-9fbnb for Target File=deathstar_*.output
Namespace: default, Pod: ms-24959-99f8bbf9-9fbnb has the target files.
Copying deathstar_ms-24959.output to deathstar_ms-24959.output
tar: removing leading '/' from member names
Debug: Checking Namespace=default, Pod=ms-26622-66fdf7d64f-7dnz9 for Target File=deathstar_*.output
Namespace: default, Pod: ms-26622-66fdf7d64f-7dnz9 has the target files.
Copying deathstar_ms-26622.output to deathstar_ms-26622.output
tar: removing leading '/' from member names
Debug: Checking Namespace=default, Pod=ms-27421-64f549855c-q6l27 for Target File=deathstar_*.output
Namespace: default, Pod: ms-27421-64f549855c-q6l27 has the target files.
Copying deathstar_ms-27421.output to deathstar_ms-27421.output
tar: removing leading '/' from member names
Debug: Checking Namespace=default, Pod=ms-29373-8467f7db44-k26ph for Target File=deathstar_*.output
Namespace: default, Pod: ms-29373-8467f7db44-k26ph has the target files.
Copying deathstar_ms-29373.output to deathstar_ms-29373.output
tar: removing leading '/' from member names
Debug: Checking Namespace=default, Pod=ms-32301-c5654bbc5-9swdr for Target File=deathstar_*.output
Namespace: default, Pod: ms-32301-c5654bbc5-9swdr has the target files.
Copying deathstar_ms-32301.output to deathstar_ms-32301.output
tar: removing leading '/' from member names
Debug: Checking Namespace=default, Pod=ms-3289-587dbd96bf-qxbl5 for Target File=deathstar_*.output
Namespace: default, Pod: ms-3289-587dbd96bf-qxbl5 has the target files.
Copying deathstar_ms-3289.output to deathstar_ms-3289.output
tar: removing leading '/' from member names
Debug: Checking Namespace=default, Pod=ms-37691-6dc6cd6744-gdrvf for Target File=deathstar_*.output
Namespace: default, Pod: ms-37691-6dc6cd6744-gdrvf has the target files.
Copying deathstar_ms-37691.output to deathstar_ms-37691.output
tar: removing leading '/' from member names
Debug: Checking Namespace=default, Pod=ms-38964-5b647cdbd-vln7g for Target File=deathstar_*.output
Namespace: default, Pod: ms-38964-5b647cdbd-vln7g has the target files.
Copying deathstar_ms-38964.output to deathstar_ms-38964.output
tar: removing leading '/' from member names
Debug: Checking Namespace=default, Pod=ms-40147-cd867585-rbdff for Target File=deathstar_*.output
Namespace: default, Pod: ms-40147-cd867585-rbdff has the target files.
Copying deathstar_ms-40147.output to deathstar_ms-40147.output
tar: removing leading '/' from member names
Debug: Checking Namespace=default, Pod=ms-48118-ff7b99cc9-gvk4h for Target File=deathstar_*.output
Namespace: default, Pod: ms-48118-ff7b99cc9-gvk4h has the target files.
Copying deathstar_ms-48118.output to deathstar_ms-48118.output
tar: removing leading '/' from member names
Debug: Checking Namespace=default, Pod=ms-4829-669557b66c-k7hnp for Target File=deathstar_*.output
Namespace: default, Pod: ms-4829-669557b66c-k7hnp has the target files.
Copying deathstar_ms-4829.output to deathstar_ms-4829.output
tar: removing leading '/' from member names
Debug: Checking Namespace=default, Pod=ms-51685-79858c784f-gffww for Target File=deathstar_*.output
Namespace: default, Pod: ms-51685-79858c784f-gffww has the target files.
Copying deathstar_ms-51685.output to deathstar_ms-51685.output
tar: removing leading '/' from member names
Debug: Checking Namespace=default, Pod=ms-52379-57c6cdd54b-mmcns for Target File=deathstar_*.output
Namespace: default, Pod: ms-52379-57c6cdd54b-mmcns has the target files.
Copying deathstar_ms-52379.output to deathstar_ms-52379.output
tar: removing leading '/' from member names
Debug: Checking Namespace=default, Pod=ms-55394-6f999f5df9-q5cns for Target File=deathstar_*.output
Namespace: default, Pod: ms-55394-6f999f5df9-q5cns has the target files.
Copying deathstar_ms-55394.output to deathstar_ms-55394.output
tar: removing leading '/' from member names
Debug: Checking Namespace=default, Pod=ms-58436-59dd96f659-tc9lr for Target File=deathstar_*.output
Namespace: default, Pod: ms-58436-59dd96f659-tc9lr has the target files.
Copying deathstar_ms-58436.output to deathstar_ms-58436.output
tar: removing leading '/' from member names
Debug: Checking Namespace=default, Pod=ms-58772-68ff78c966-sqqkx for Target File=deathstar_*.output
Namespace: default, Pod: ms-58772-68ff78c966-sqqkx has the target files.
Copying deathstar_ms-58772.output to deathstar_ms-58772.output
tar: removing leading '/' from member names
Debug: Checking Namespace=default, Pod=ms-59962-756b895b58-z7rfn for Target File=deathstar_*.output
Namespace: default, Pod: ms-59962-756b895b58-z7rfn has the target files.
Copying deathstar_ms-59962.output to deathstar_ms-59962.output
tar: removing leading '/' from member names
Debug: Checking Namespace=default, Pod=ms-60061-68bd84bdcd-cd4tv for Target File=deathstar_*.output
Namespace: default, Pod: ms-60061-68bd84bdcd-cd4tv has the target files.
Copying deathstar_ms-60061.output to deathstar_ms-60061.output
tar: removing leading '/' from member names
Debug: Checking Namespace=default, Pod=ms-6323-974659fcd-ssgvq for Target File=deathstar_*.output
Namespace: default, Pod: ms-6323-974659fcd-ssgvq has the target files.
Copying deathstar_ms-6323.output to deathstar_ms-6323.output
tar: removing leading '/' from member names
Debug: Checking Namespace=default, Pod=ms-65741-65f588bcdf-4kzw9 for Target File=deathstar_*.output
Namespace: default, Pod: ms-65741-65f588bcdf-4kzw9 has the target files.
Copying deathstar_ms-65741.output to deathstar_ms-65741.output
tar: removing leading '/' from member names
Debug: Checking Namespace=default, Pod=ms-66473-79c66f8bff-j84lf for Target File=deathstar_*.output
Namespace: default, Pod: ms-66473-79c66f8bff-j84lf has the target files.
Copying deathstar_ms-66473.output to deathstar_ms-66473.output
tar: removing leading '/' from member names
Debug: Checking Namespace=default, Pod=ms-69188-65c548d4cb-h7qzq for Target File=deathstar_*.output
Namespace: default, Pod: ms-69188-65c548d4cb-h7qzq has the target files.
Copying deathstar_ms-69188.output to deathstar_ms-69188.output
tar: removing leading '/' from member names
Debug: Checking Namespace=default, Pod=ms-69614-794bd8475-fgnbh for Target File=deathstar_*.output
Namespace: default, Pod: ms-69614-794bd8475-fgnbh has the target files.
Copying deathstar_ms-69614.output to deathstar_ms-69614.output
tar: removing leading '/' from member names
Debug: Checking Namespace=default, Pod=ms-9081-567985788-4nvfx for Target File=deathstar_*.output
Namespace: default, Pod: ms-9081-567985788-4nvfx has the target files.
Copying deathstar_ms-9081.output to deathstar_ms-9081.output
tar: removing leading '/' from member names
Debug: Checking Namespace=default, Pod=nginx-web-server-56557f7cb7-55qnw for Target File=deathstar_*.output
Namespace: default, Pod: nginx-web-server-56557f7cb7-55qnw has the target files.
Copying deathstar_nginx-web-server.output to deathstar_nginx-web-server.output
tar: removing leading '/' from member names
Debug: Checking Namespace=default, Pod=unknown-6ddf9bd4b5-68x9z for Target File=deathstar_*.output
Namespace: default, Pod: unknown-6ddf9bd4b5-68x9z has the target files.
Copying deathstar_unknown.output to deathstar_unknown.output
tar: removing leading '/' from member names
