Deployments: ms-11070
ms-11285
ms-11512
ms-1278
ms-13873
ms-19953
ms-21883
ms-25124
ms-27421
ms-2827
ms-33719
ms-37691
ms-43309
ms-4354
ms-46825
ms-60236
ms-71771
ms-8052
ms-902
nginx-web-server
deployment "ms-11070" successfully rolled out
deployment "ms-11285" successfully rolled out
deployment "ms-11512" successfully rolled out
deployment "ms-1278" successfully rolled out
deployment "ms-13873" successfully rolled out
deployment "ms-19953" successfully rolled out
deployment "ms-21883" successfully rolled out
deployment "ms-25124" successfully rolled out
deployment "ms-27421" successfully rolled out
deployment "ms-2827" successfully rolled out
deployment "ms-33719" successfully rolled out
deployment "ms-37691" successfully rolled out
deployment "ms-43309" successfully rolled out
deployment "ms-4354" successfully rolled out
deployment "ms-46825" successfully rolled out
deployment "ms-60236" successfully rolled out
deployment "ms-71771" successfully rolled out
deployment "ms-8052" successfully rolled out
deployment "ms-902" successfully rolled out
deployment "nginx-web-server" successfully rolled out
ENTRY_POINT: nginx-web-server
SERVICE_A_URL: 10.99.8.82:50051
Capacity: 10000
Metadata: request-id={{.RequestNumber}}
Metadata: timestamp={{.TimestampUnix}}
Metadata: method=S_102000854
Charon Configurations:
[{INTERCEPT breakwater} {PRICE_UPDATE_RATE 10ms} {TOKEN_UPDATE_RATE 10ms} {LATENCY_THRESHOLD 100us} {PRICE_STEP 0} {PRICE_STRATEGY step} {LAZY_UPDATE false} {RATE_LIMITING true} {LOAD_SHEDDING true} {CHARON_TRACK_PRICE false} {BREAKWATER_SLO 20000us} {BREAKWATER_A 0.0} {BREAKWATER_B 2.0} {BREAKWATER_CLIENT_EXPIRATION 5000us} {BREAKWATER_INITIAL_CREDIT 2000} {BREAKWATER_LOAD_SHEDDING true} {BREAKWATER_RTT 0us} {BREAKWATERD_SLO 12500us} {BREAKWATERD_A 0.001} {BREAKWATERD_B 0.02} {BREAKWATERD_CLIENT_EXPIRATION 10ms} {BREAKWATERD_INITIAL_CREDIT 400} {BREAKWATERD_LOAD_SHEDDING true} {BREAKWATERD_RTT 1000us} {DAGOR_QUEUING_THRESHOLD 2ms} {DAGOR_ALPHA 0.05} {DAGOR_BETA 0.01} {DAGOR_ADMISSION_LEVEL_UPDATE_INTERVAL 10ms} {DAGOR_UMAX 20}]

Summary:
  Count:	90714
  Total:	14.82 s
  Slowest:	844.59 ms
  Fastest:	38.89 ms
  Average:	148.54 ms
  Requests/sec:	6121.00

Response time histogram:
  38.889  [1]     |
  119.460 [44220] |∎∎∎∎∎∎∎∎∎∎∎∎∎∎∎∎∎∎∎∎∎∎∎∎∎∎∎∎∎∎∎∎∎∎∎∎∎∎∎∎
  200.030 [22031] |∎∎∎∎∎∎∎∎∎∎∎∎∎∎∎∎∎∎∎∎
  280.601 [11222] |∎∎∎∎∎∎∎∎∎∎
  361.171 [9742]  |∎∎∎∎∎∎∎∎∎
  441.742 [2534]  |∎∎
  522.312 [211]   |
  602.883 [2]     |
  683.453 [1]     |
  764.024 [6]     |
  844.594 [55]    |

Latency distribution:
  10 % in 42.00 ms 
  25 % in 75.12 ms 
  50 % in 121.28 ms 
  75 % in 209.02 ms 
  90 % in 302.60 ms 
  95 % in 340.24 ms 
  99 % in 404.44 ms 

Status code distribution:
  [OK]                  90025 responses   
  [ResourceExhausted]   308 responses     
  [Canceled]            381 responses     

Error distribution:
  [308]   rpc error: code = ResourceExhausted desc = Server-side queuing delay is beyond AQM threshold   
  [381]   rpc error: code = Canceled desc = grpc: the client connection is closing                       

Debug: Checking Namespace=default, Pod=ms-11070-7868c54f44-w9bk7 for Target File=deathstar_*.output
Namespace: default, Pod: ms-11070-7868c54f44-w9bk7 has the target files.
Copying deathstar_ms-11070.output to deathstar_ms-11070.output
tar: removing leading '/' from member names
Debug: Checking Namespace=default, Pod=ms-11285-67d597dc77-tb2sf for Target File=deathstar_*.output
Namespace: default, Pod: ms-11285-67d597dc77-tb2sf has the target files.
Copying deathstar_ms-11285.output to deathstar_ms-11285.output
tar: removing leading '/' from member names
Debug: Checking Namespace=default, Pod=ms-11512-75f8ddc45b-zglx7 for Target File=deathstar_*.output
Namespace: default, Pod: ms-11512-75f8ddc45b-zglx7 has the target files.
Copying deathstar_ms-11512.output to deathstar_ms-11512.output
tar: removing leading '/' from member names
Debug: Checking Namespace=default, Pod=ms-1278-85766ff6b8-zfff2 for Target File=deathstar_*.output
Namespace: default, Pod: ms-1278-85766ff6b8-zfff2 has the target files.
Copying deathstar_ms-1278.output to deathstar_ms-1278.output
tar: removing leading '/' from member names
Debug: Checking Namespace=default, Pod=ms-13873-85d7bb7b97-5cqt9 for Target File=deathstar_*.output
Namespace: default, Pod: ms-13873-85d7bb7b97-5cqt9 has the target files.
Copying deathstar_ms-13873.output to deathstar_ms-13873.output
tar: removing leading '/' from member names
Debug: Checking Namespace=default, Pod=ms-19953-68cc8998c5-v9t2q for Target File=deathstar_*.output
Namespace: default, Pod: ms-19953-68cc8998c5-v9t2q has the target files.
Copying deathstar_ms-19953.output to deathstar_ms-19953.output
Debug: Checking Namespace=default, Pod=ms-21883-f6c88c6d4-9zzzl for Target File=deathstar_*.output
Namespace: default, Pod: ms-21883-f6c88c6d4-9zzzl has the target files.
Copying deathstar_ms-21883.output to deathstar_ms-21883.output
tar: removing leading '/' from member names
Debug: Checking Namespace=default, Pod=ms-25124-77bd4446f5-nr4cc for Target File=deathstar_*.output
Namespace: default, Pod: ms-25124-77bd4446f5-nr4cc has the target files.
Copying deathstar_ms-25124.output to deathstar_ms-25124.output
tar: removing leading '/' from member names
Debug: Checking Namespace=default, Pod=ms-27421-8565974486-fl6wt for Target File=deathstar_*.output
Namespace: default, Pod: ms-27421-8565974486-fl6wt has the target files.
Copying deathstar_ms-27421.output to deathstar_ms-27421.output
tar: removing leading '/' from member names
Debug: Checking Namespace=default, Pod=ms-2827-5dcc6df4f4-pm2cx for Target File=deathstar_*.output
Namespace: default, Pod: ms-2827-5dcc6df4f4-pm2cx has the target files.
Copying deathstar_ms-2827.output to deathstar_ms-2827.output
tar: removing leading '/' from member names
Debug: Checking Namespace=default, Pod=ms-33719-6c455cf54c-tqdbv for Target File=deathstar_*.output
Namespace: default, Pod: ms-33719-6c455cf54c-tqdbv has the target files.
Copying deathstar_ms-33719.output to deathstar_ms-33719.output
tar: removing leading '/' from member names
Debug: Checking Namespace=default, Pod=ms-37691-b9bc44798-zvp4n for Target File=deathstar_*.output
Namespace: default, Pod: ms-37691-b9bc44798-zvp4n has the target files.
Copying deathstar_ms-37691.output to deathstar_ms-37691.output
Debug: Checking Namespace=default, Pod=ms-43309-54f758d465-dttxx for Target File=deathstar_*.output
Namespace: default, Pod: ms-43309-54f758d465-dttxx has the target files.
Copying deathstar_ms-43309.output to deathstar_ms-43309.output
tar: removing leading '/' from member names
Debug: Checking Namespace=default, Pod=ms-4354-669cfcbdf6-tg8nh for Target File=deathstar_*.output
Namespace: default, Pod: ms-4354-669cfcbdf6-tg8nh has the target files.
Copying deathstar_ms-4354.output to deathstar_ms-4354.output
tar: removing leading '/' from member names
Debug: Checking Namespace=default, Pod=ms-46825-58c684559d-9dqbq for Target File=deathstar_*.output
Namespace: default, Pod: ms-46825-58c684559d-9dqbq has the target files.
Copying deathstar_ms-46825.output to deathstar_ms-46825.output
tar: removing leading '/' from member names
Debug: Checking Namespace=default, Pod=ms-60236-64866cf49-2jl2h for Target File=deathstar_*.output
Namespace: default, Pod: ms-60236-64866cf49-2jl2h has the target files.
Copying deathstar_ms-60236.output to deathstar_ms-60236.output
tar: removing leading '/' from member names
Debug: Checking Namespace=default, Pod=ms-71771-567ddbdd95-d9tm8 for Target File=deathstar_*.output
Namespace: default, Pod: ms-71771-567ddbdd95-d9tm8 has the target files.
Copying deathstar_ms-71771.output to deathstar_ms-71771.output
tar: removing leading '/' from member names
Debug: Checking Namespace=default, Pod=ms-8052-b995968dc-68rbr for Target File=deathstar_*.output
Namespace: default, Pod: ms-8052-b995968dc-68rbr has the target files.
Copying deathstar_ms-8052.output to deathstar_ms-8052.output
tar: removing leading '/' from member names
Debug: Checking Namespace=default, Pod=ms-902-5744544f85-7c6p9 for Target File=deathstar_*.output
Namespace: default, Pod: ms-902-5744544f85-7c6p9 has the target files.
Copying deathstar_ms-902.output to deathstar_ms-902.output
tar: removing leading '/' from member names
Debug: Checking Namespace=default, Pod=nginx-web-server-56557f7cb7-tv8sm for Target File=deathstar_*.output
Namespace: default, Pod: nginx-web-server-56557f7cb7-tv8sm has the target files.
Copying deathstar_nginx-web-server.output to deathstar_nginx-web-server.output
tar: removing leading '/' from member names
