Deployments: ms-10090
ms-13558
ms-18330
ms-19585
ms-20172
ms-22893
ms-24009
ms-24959
ms-26622
ms-27421
ms-29373
ms-32301
ms-3289
ms-37691
ms-38964
ms-40147
ms-48118
ms-4829
ms-51685
ms-52379
ms-55394
ms-58436
ms-58772
ms-59962
ms-60061
ms-6323
ms-65741
ms-66473
ms-69188
ms-69614
ms-9081
nginx-web-server
unknown
deployment "ms-10090" successfully rolled out
deployment "ms-13558" successfully rolled out
deployment "ms-18330" successfully rolled out
deployment "ms-19585" successfully rolled out
deployment "ms-20172" successfully rolled out
deployment "ms-22893" successfully rolled out
deployment "ms-24009" successfully rolled out
deployment "ms-24959" successfully rolled out
deployment "ms-26622" successfully rolled out
deployment "ms-27421" successfully rolled out
deployment "ms-29373" successfully rolled out
deployment "ms-32301" successfully rolled out
deployment "ms-3289" successfully rolled out
deployment "ms-37691" successfully rolled out
deployment "ms-38964" successfully rolled out
deployment "ms-40147" successfully rolled out
deployment "ms-48118" successfully rolled out
deployment "ms-4829" successfully rolled out
deployment "ms-51685" successfully rolled out
deployment "ms-52379" successfully rolled out
deployment "ms-55394" successfully rolled out
deployment "ms-58436" successfully rolled out
deployment "ms-58772" successfully rolled out
deployment "ms-59962" successfully rolled out
deployment "ms-60061" successfully rolled out
deployment "ms-6323" successfully rolled out
deployment "ms-65741" successfully rolled out
deployment "ms-66473" successfully rolled out
deployment "ms-69188" successfully rolled out
deployment "ms-69614" successfully rolled out
deployment "ms-9081" successfully rolled out
deployment "nginx-web-server" successfully rolled out
deployment "unknown" successfully rolled out
ENTRY_POINT: nginx-web-server
SERVICE_A_URL: 10.104.234.6:50051
Capacity: 12000
Metadata: request-id={{.RequestNumber}}
Metadata: timestamp={{.TimestampUnix}}
Metadata: method=S_149998854
Charon Configurations:
[{INTERCEPT breakwaterd} {PRICE_UPDATE_RATE 10ms} {TOKEN_UPDATE_RATE 10ms} {LATENCY_THRESHOLD 100us} {PRICE_STEP 0} {PRICE_STRATEGY step} {LAZY_UPDATE false} {RATE_LIMITING true} {LOAD_SHEDDING true} {CHARON_TRACK_PRICE false} {BREAKWATER_SLO 26072us} {BREAKWATER_A 1.7410064597889685} {BREAKWATER_B 1.0434288465238961} {BREAKWATER_CLIENT_EXPIRATION 3882us} {BREAKWATER_INITIAL_CREDIT 123} {BREAKWATER_LOAD_SHEDDING true} {BREAKWATER_RTT 14893us} {BREAKWATERD_SLO 36311us} {BREAKWATERD_A 5.984254797986397} {BREAKWATERD_B 9.103968262162901} {BREAKWATERD_CLIENT_EXPIRATION 15740us} {BREAKWATERD_INITIAL_CREDIT 2475} {BREAKWATERD_LOAD_SHEDDING true} {BREAKWATERD_RTT 4788us} {DAGOR_QUEUING_THRESHOLD 2ms} {DAGOR_ALPHA 0.05} {DAGOR_BETA 0.01} {DAGOR_ADMISSION_LEVEL_UPDATE_INTERVAL 10ms} {DAGOR_UMAX 20}]

Summary:
  Count:	109906
  Total:	25.00 s
  Slowest:	890.09 ms
  Fastest:	111.17 ms
  Average:	124.09 ms
  Requests/sec:	4396.64

Response time histogram:
  111.167 [1]     |
  189.059 [15856] |∎∎∎∎∎∎∎∎∎∎∎∎∎∎∎∎∎∎∎∎∎∎∎∎∎∎∎∎∎∎∎∎∎∎∎∎∎∎∎∎
  266.951 [14644] |∎∎∎∎∎∎∎∎∎∎∎∎∎∎∎∎∎∎∎∎∎∎∎∎∎∎∎∎∎∎∎∎∎∎∎∎∎
  344.843 [7853]  |∎∎∎∎∎∎∎∎∎∎∎∎∎∎∎∎∎∎∎∎
  422.736 [1954]  |∎∎∎∎∎
  500.628 [999]   |∎∎∎
  578.520 [384]   |∎
  656.412 [68]    |
  734.305 [0]     |
  812.197 [2]     |
  890.089 [27]    |

Latency distribution:
  10 % in 114.34 ms 
  25 % in 128.53 ms 
  50 % in 213.38 ms 
  75 % in 272.52 ms 
  90 % in 330.92 ms 
  95 % in 395.51 ms 
  99 % in 507.40 ms 

Status code distribution:
  [Canceled]            904 responses     
  [Unavailable]         1 responses       
  [ResourceExhausted]   67213 responses   
  [OK]                  41788 responses   

Error distribution:
  [16840]   rpc error: code = ResourceExhausted desc = Client id 7fc12eaa-aa8b-469d-ba27-dd12fe414a62 request expired in queue.   
  [26324]   rpc error: code = ResourceExhausted desc = Client id 3b6b222d-8fae-47b3-824a-616fcd586dad request expired in queue.   
  [9103]    rpc error: code = ResourceExhausted desc = Client id 4e874ccb-82dd-4973-8eda-173cb3cbbae8 request expired in queue.   
  [319]     rpc error: code = ResourceExhausted desc = Client id 5f9920a5-a259-48f9-800b-0f2c88409cba request expired in queue.   
  [2432]    rpc error: code = ResourceExhausted desc = Client id dd12c6c5-e9df-47e5-b164-2da7e6702481 request expired in queue.   
  [44]      rpc error: code = ResourceExhausted desc = Client id e271850a-5508-45d5-8bd8-38a49ed9e224 request expired in queue.   
  [32]      rpc error: code = ResourceExhausted desc = Client id a2cd8022-3f34-4364-962c-3d4712dad5ce request expired in queue.   
  [10]      rpc error: code = ResourceExhausted desc = Client id 76d37f5f-6398-4f94-a7c6-df0ce9414306 request expired in queue.   
  [15]      rpc error: code = ResourceExhausted desc = Client id 32e4509d-364b-4aae-bc81-67f52f40d2fe request expired in queue.   
  [130]     rpc error: code = ResourceExhausted desc = Client id 8e84eff1-ebe5-4d68-a70c-021192ff022e request expired in queue.   
  [1]       rpc error: code = Unavailable desc = transport is closing                                                             
  [904]     rpc error: code = Canceled desc = grpc: the client connection is closing                                              
  [26]      rpc error: code = ResourceExhausted desc = Client id 4bf0e142-342b-4dd6-9557-e0522ca237de request expired in queue.   
  [15]      rpc error: code = ResourceExhausted desc = Client id 0f88c823-0a11-4771-a88f-9d152b0e87a8 request expired in queue.   
  [1]       rpc error: code = ResourceExhausted desc = Client id 5664f7ea-90a0-474c-892f-b16512d799da request expired in queue.   
  [8]       rpc error: code = ResourceExhausted desc = Client id de731133-1db3-47f4-9152-c3b83232a431 request expired in queue.   
  [128]     rpc error: code = ResourceExhausted desc = Client id 453a08e9-deef-471d-9000-094ad55553cb request expired in queue.   
  [81]      rpc error: code = ResourceExhausted desc = Client id 5d5cf10a-c1ec-46f7-b22c-3f655d14d084 request expired in queue.   
  [14]      rpc error: code = ResourceExhausted desc = Client id d50aa40e-8fca-458d-9bdc-3009d6d669a6 request expired in queue.   
  [52]      rpc error: code = ResourceExhausted desc = Client id 65b64c61-f36b-44ad-83f9-f3dab6a48f0f request expired in queue.   
  [11639]   rpc error: code = ResourceExhausted desc = Server-side queuing delay is beyond AQM threshold                          

Debug: Checking Namespace=default, Pod=ms-10090-6454f977fd-rfvrc for Target File=deathstar_*.output
Namespace: default, Pod: ms-10090-6454f977fd-rfvrc has the target files.
Copying deathstar_ms-10090.output to deathstar_ms-10090.output
tar: removing leading '/' from member names
Debug: Checking Namespace=default, Pod=ms-13558-b48bb5d9d-bn895 for Target File=deathstar_*.output
Namespace: default, Pod: ms-13558-b48bb5d9d-bn895 has the target files.
Copying deathstar_ms-13558.output to deathstar_ms-13558.output
tar: removing leading '/' from member names
Debug: Checking Namespace=default, Pod=ms-18330-759d9cf49c-clqpx for Target File=deathstar_*.output
Namespace: default, Pod: ms-18330-759d9cf49c-clqpx has the target files.
Copying deathstar_ms-18330.output to deathstar_ms-18330.output
tar: removing leading '/' from member names
Debug: Checking Namespace=default, Pod=ms-19585-6f995cfcbf-qnsnm for Target File=deathstar_*.output
Namespace: default, Pod: ms-19585-6f995cfcbf-qnsnm has the target files.
Copying deathstar_ms-19585.output to deathstar_ms-19585.output
tar: removing leading '/' from member names
Debug: Checking Namespace=default, Pod=ms-20172-59d5485464-k64sg for Target File=deathstar_*.output
Namespace: default, Pod: ms-20172-59d5485464-k64sg has the target files.
Copying deathstar_ms-20172.output to deathstar_ms-20172.output
tar: removing leading '/' from member names
Debug: Checking Namespace=default, Pod=ms-22893-576fd5f9f6-jm9wv for Target File=deathstar_*.output
Namespace: default, Pod: ms-22893-576fd5f9f6-jm9wv has the target files.
Copying deathstar_ms-22893.output to deathstar_ms-22893.output
tar: removing leading '/' from member names
Debug: Checking Namespace=default, Pod=ms-24009-67dbf5b976-6vfsx for Target File=deathstar_*.output
Namespace: default, Pod: ms-24009-67dbf5b976-6vfsx has the target files.
Copying deathstar_ms-24009.output to deathstar_ms-24009.output
tar: removing leading '/' from member names
Debug: Checking Namespace=default, Pod=ms-24959-99f8bbf9-xmssq for Target File=deathstar_*.output
Namespace: default, Pod: ms-24959-99f8bbf9-xmssq has the target files.
Copying deathstar_ms-24959.output to deathstar_ms-24959.output
tar: removing leading '/' from member names
Debug: Checking Namespace=default, Pod=ms-26622-66fdf7d64f-lf5lc for Target File=deathstar_*.output
Namespace: default, Pod: ms-26622-66fdf7d64f-lf5lc has the target files.
Copying deathstar_ms-26622.output to deathstar_ms-26622.output
tar: removing leading '/' from member names
Debug: Checking Namespace=default, Pod=ms-27421-64f549855c-kttdl for Target File=deathstar_*.output
Namespace: default, Pod: ms-27421-64f549855c-kttdl has the target files.
Copying deathstar_ms-27421.output to deathstar_ms-27421.output
tar: removing leading '/' from member names
Debug: Checking Namespace=default, Pod=ms-29373-8467f7db44-jg5tf for Target File=deathstar_*.output
Namespace: default, Pod: ms-29373-8467f7db44-jg5tf has the target files.
Copying deathstar_ms-29373.output to deathstar_ms-29373.output
tar: removing leading '/' from member names
Debug: Checking Namespace=default, Pod=ms-32301-c5654bbc5-dmsdd for Target File=deathstar_*.output
Namespace: default, Pod: ms-32301-c5654bbc5-dmsdd has the target files.
Copying deathstar_ms-32301.output to deathstar_ms-32301.output
tar: removing leading '/' from member names
Debug: Checking Namespace=default, Pod=ms-3289-587dbd96bf-kh7x2 for Target File=deathstar_*.output
Namespace: default, Pod: ms-3289-587dbd96bf-kh7x2 has the target files.
Copying deathstar_ms-3289.output to deathstar_ms-3289.output
tar: removing leading '/' from member names
Debug: Checking Namespace=default, Pod=ms-37691-6dc6cd6744-fvn5c for Target File=deathstar_*.output
Namespace: default, Pod: ms-37691-6dc6cd6744-fvn5c has the target files.
Copying deathstar_ms-37691.output to deathstar_ms-37691.output
tar: removing leading '/' from member names
Debug: Checking Namespace=default, Pod=ms-38964-5b647cdbd-rk8bz for Target File=deathstar_*.output
Namespace: default, Pod: ms-38964-5b647cdbd-rk8bz has the target files.
Copying deathstar_ms-38964.output to deathstar_ms-38964.output
tar: removing leading '/' from member names
Debug: Checking Namespace=default, Pod=ms-40147-cd867585-j7p5p for Target File=deathstar_*.output
Namespace: default, Pod: ms-40147-cd867585-j7p5p has the target files.
Copying deathstar_ms-40147.output to deathstar_ms-40147.output
tar: removing leading '/' from member names
Debug: Checking Namespace=default, Pod=ms-48118-ff7b99cc9-98mqr for Target File=deathstar_*.output
Namespace: default, Pod: ms-48118-ff7b99cc9-98mqr has the target files.
Copying deathstar_ms-48118.output to deathstar_ms-48118.output
tar: removing leading '/' from member names
Debug: Checking Namespace=default, Pod=ms-4829-669557b66c-rnvcr for Target File=deathstar_*.output
Namespace: default, Pod: ms-4829-669557b66c-rnvcr has the target files.
Copying deathstar_ms-4829.output to deathstar_ms-4829.output
tar: removing leading '/' from member names
Debug: Checking Namespace=default, Pod=ms-51685-79858c784f-9djjx for Target File=deathstar_*.output
Namespace: default, Pod: ms-51685-79858c784f-9djjx has the target files.
Copying deathstar_ms-51685.output to deathstar_ms-51685.output
tar: removing leading '/' from member names
Debug: Checking Namespace=default, Pod=ms-52379-57c6cdd54b-d5zhf for Target File=deathstar_*.output
Namespace: default, Pod: ms-52379-57c6cdd54b-d5zhf has the target files.
Copying deathstar_ms-52379.output to deathstar_ms-52379.output
tar: removing leading '/' from member names
Debug: Checking Namespace=default, Pod=ms-55394-6f999f5df9-8pjlj for Target File=deathstar_*.output
Namespace: default, Pod: ms-55394-6f999f5df9-8pjlj has the target files.
Copying deathstar_ms-55394.output to deathstar_ms-55394.output
tar: removing leading '/' from member names
Debug: Checking Namespace=default, Pod=ms-58436-59dd96f659-26mv8 for Target File=deathstar_*.output
Namespace: default, Pod: ms-58436-59dd96f659-26mv8 has the target files.
Copying deathstar_ms-58436.output to deathstar_ms-58436.output
tar: removing leading '/' from member names
Debug: Checking Namespace=default, Pod=ms-58772-68ff78c966-ncp9c for Target File=deathstar_*.output
Namespace: default, Pod: ms-58772-68ff78c966-ncp9c has the target files.
Copying deathstar_ms-58772.output to deathstar_ms-58772.output
tar: removing leading '/' from member names
Debug: Checking Namespace=default, Pod=ms-59962-756b895b58-b2qps for Target File=deathstar_*.output
Namespace: default, Pod: ms-59962-756b895b58-b2qps has the target files.
Copying deathstar_ms-59962.output to deathstar_ms-59962.output
tar: removing leading '/' from member names
Debug: Checking Namespace=default, Pod=ms-60061-68bd84bdcd-qvfmk for Target File=deathstar_*.output
Namespace: default, Pod: ms-60061-68bd84bdcd-qvfmk has the target files.
Copying deathstar_ms-60061.output to deathstar_ms-60061.output
tar: removing leading '/' from member names
Debug: Checking Namespace=default, Pod=ms-6323-974659fcd-dqfnr for Target File=deathstar_*.output
Namespace: default, Pod: ms-6323-974659fcd-dqfnr has the target files.
Copying deathstar_ms-6323.output to deathstar_ms-6323.output
tar: removing leading '/' from member names
Debug: Checking Namespace=default, Pod=ms-65741-65f588bcdf-9xs8n for Target File=deathstar_*.output
Namespace: default, Pod: ms-65741-65f588bcdf-9xs8n has the target files.
Copying deathstar_ms-65741.output to deathstar_ms-65741.output
tar: removing leading '/' from member names
Debug: Checking Namespace=default, Pod=ms-66473-79c66f8bff-ft529 for Target File=deathstar_*.output
Namespace: default, Pod: ms-66473-79c66f8bff-ft529 has the target files.
Copying deathstar_ms-66473.output to deathstar_ms-66473.output
tar: removing leading '/' from member names
Debug: Checking Namespace=default, Pod=ms-69188-65c548d4cb-955zr for Target File=deathstar_*.output
Namespace: default, Pod: ms-69188-65c548d4cb-955zr has the target files.
Copying deathstar_ms-69188.output to deathstar_ms-69188.output
tar: removing leading '/' from member names
Debug: Checking Namespace=default, Pod=ms-69614-794bd8475-m56c7 for Target File=deathstar_*.output
Namespace: default, Pod: ms-69614-794bd8475-m56c7 has the target files.
Copying deathstar_ms-69614.output to deathstar_ms-69614.output
tar: removing leading '/' from member names
Debug: Checking Namespace=default, Pod=ms-9081-567985788-pnrks for Target File=deathstar_*.output
Namespace: default, Pod: ms-9081-567985788-pnrks has the target files.
Copying deathstar_ms-9081.output to deathstar_ms-9081.output
tar: removing leading '/' from member names
Debug: Checking Namespace=default, Pod=nginx-web-server-56557f7cb7-xspg8 for Target File=deathstar_*.output
Namespace: default, Pod: nginx-web-server-56557f7cb7-xspg8 has the target files.
Copying deathstar_nginx-web-server.output to deathstar_nginx-web-server.output
tar: removing leading '/' from member names
Debug: Checking Namespace=default, Pod=unknown-6ddf9bd4b5-pf7rd for Target File=deathstar_*.output
Namespace: default, Pod: unknown-6ddf9bd4b5-pf7rd has the target files.
Copying deathstar_unknown.output to deathstar_unknown.output
tar: removing leading '/' from member names
