Deployments: ms-10090
ms-13558
ms-18330
ms-19585
ms-20172
ms-22893
ms-24009
ms-24959
ms-26622
ms-27421
ms-29373
ms-32301
ms-3289
ms-37691
ms-38964
ms-40147
ms-48118
ms-4829
ms-51685
ms-52379
ms-55394
ms-58436
ms-58772
ms-59962
ms-60061
ms-6323
ms-65741
ms-66473
ms-69188
ms-69614
ms-9081
nginx-web-server
unknown
deployment "ms-10090" successfully rolled out
deployment "ms-13558" successfully rolled out
deployment "ms-18330" successfully rolled out
deployment "ms-19585" successfully rolled out
deployment "ms-20172" successfully rolled out
deployment "ms-22893" successfully rolled out
deployment "ms-24009" successfully rolled out
deployment "ms-24959" successfully rolled out
deployment "ms-26622" successfully rolled out
deployment "ms-27421" successfully rolled out
deployment "ms-29373" successfully rolled out
deployment "ms-32301" successfully rolled out
deployment "ms-3289" successfully rolled out
deployment "ms-37691" successfully rolled out
deployment "ms-38964" successfully rolled out
deployment "ms-40147" successfully rolled out
deployment "ms-48118" successfully rolled out
deployment "ms-4829" successfully rolled out
deployment "ms-51685" successfully rolled out
deployment "ms-52379" successfully rolled out
deployment "ms-55394" successfully rolled out
deployment "ms-58436" successfully rolled out
deployment "ms-58772" successfully rolled out
deployment "ms-59962" successfully rolled out
deployment "ms-60061" successfully rolled out
deployment "ms-6323" successfully rolled out
deployment "ms-65741" successfully rolled out
deployment "ms-66473" successfully rolled out
deployment "ms-69188" successfully rolled out
deployment "ms-69614" successfully rolled out
deployment "ms-9081" successfully rolled out
deployment "nginx-web-server" successfully rolled out
deployment "unknown" successfully rolled out
ENTRY_POINT: nginx-web-server
SERVICE_A_URL: 10.100.95.25:50051
Capacity: 5000
Metadata: request-id={{.RequestNumber}}
Metadata: timestamp={{.TimestampUnix}}
Metadata: method=S_149998854
Charon Configurations:
[{INTERCEPT breakwater} {PRICE_UPDATE_RATE 10ms} {TOKEN_UPDATE_RATE 10ms} {LATENCY_THRESHOLD 100us} {PRICE_STEP 0} {PRICE_STRATEGY step} {LAZY_UPDATE false} {RATE_LIMITING true} {LOAD_SHEDDING true} {CHARON_TRACK_PRICE false} {BREAKWATER_SLO 4618us} {BREAKWATER_A 0.2895180150248522} {BREAKWATER_B 1.2813105474595612} {BREAKWATER_CLIENT_EXPIRATION 82us} {BREAKWATER_INITIAL_CREDIT 1776} {BREAKWATER_LOAD_SHEDDING true} {BREAKWATER_RTT 18779us} {BREAKWATERD_SLO 12500us} {BREAKWATERD_A 0.001} {BREAKWATERD_B 0.02} {BREAKWATERD_CLIENT_EXPIRATION 10ms} {BREAKWATERD_INITIAL_CREDIT 400} {BREAKWATERD_LOAD_SHEDDING true} {BREAKWATERD_RTT 1000us} {DAGOR_QUEUING_THRESHOLD 2ms} {DAGOR_ALPHA 0.05} {DAGOR_BETA 0.01} {DAGOR_ADMISSION_LEVEL_UPDATE_INTERVAL 10ms} {DAGOR_UMAX 20}]

Summary:
  Count:	60578
  Total:	14.83 s
  Slowest:	874.67 ms
  Fastest:	110.98 ms
  Average:	128.87 ms
  Requests/sec:	4083.73

Response time histogram:
  110.985 [1]     |
  187.353 [56012] |∎∎∎∎∎∎∎∎∎∎∎∎∎∎∎∎∎∎∎∎∎∎∎∎∎∎∎∎∎∎∎∎∎∎∎∎∎∎∎∎
  263.722 [233]   |
  340.090 [0]     |
  416.458 [0]     |
  492.827 [0]     |
  569.195 [0]     |
  645.564 [0]     |
  721.932 [0]     |
  798.300 [10]    |
  874.669 [57]    |

Latency distribution:
  10 % in 113.99 ms 
  25 % in 123.80 ms 
  50 % in 136.53 ms 
  75 % in 147.28 ms 
  90 % in 158.09 ms 
  95 % in 165.04 ms 
  99 % in 181.26 ms 

Status code distribution:
  [OK]                  56313 responses   
  [ResourceExhausted]   3698 responses    
  [Canceled]            567 responses     

Error distribution:
  [3698]   rpc error: code = ResourceExhausted desc = Server-side queuing delay is beyond AQM threshold   
  [567]    rpc error: code = Canceled desc = grpc: the client connection is closing                       

Debug: Checking Namespace=default, Pod=ms-10090-6454f977fd-r84hg for Target File=deathstar_*.output
Namespace: default, Pod: ms-10090-6454f977fd-r84hg has the target files.
Copying deathstar_ms-10090.output to deathstar_ms-10090.output
tar: removing leading '/' from member names
Debug: Checking Namespace=default, Pod=ms-13558-b48bb5d9d-lcr8l for Target File=deathstar_*.output
Namespace: default, Pod: ms-13558-b48bb5d9d-lcr8l has the target files.
Copying deathstar_ms-13558.output to deathstar_ms-13558.output
tar: removing leading '/' from member names
Debug: Checking Namespace=default, Pod=ms-18330-759d9cf49c-cwghp for Target File=deathstar_*.output
Namespace: default, Pod: ms-18330-759d9cf49c-cwghp has the target files.
Copying deathstar_ms-18330.output to deathstar_ms-18330.output
tar: removing leading '/' from member names
Debug: Checking Namespace=default, Pod=ms-19585-6f995cfcbf-np5n5 for Target File=deathstar_*.output
Namespace: default, Pod: ms-19585-6f995cfcbf-np5n5 has the target files.
Copying deathstar_ms-19585.output to deathstar_ms-19585.output
tar: removing leading '/' from member names
Debug: Checking Namespace=default, Pod=ms-20172-59d5485464-5n6pj for Target File=deathstar_*.output
Namespace: default, Pod: ms-20172-59d5485464-5n6pj has the target files.
Copying deathstar_ms-20172.output to deathstar_ms-20172.output
tar: removing leading '/' from member names
Debug: Checking Namespace=default, Pod=ms-22893-576fd5f9f6-chkfw for Target File=deathstar_*.output
Namespace: default, Pod: ms-22893-576fd5f9f6-chkfw has the target files.
Copying deathstar_ms-22893.output to deathstar_ms-22893.output
tar: removing leading '/' from member names
Debug: Checking Namespace=default, Pod=ms-24009-67dbf5b976-xxd5l for Target File=deathstar_*.output
Namespace: default, Pod: ms-24009-67dbf5b976-xxd5l has the target files.
Copying deathstar_ms-24009.output to deathstar_ms-24009.output
tar: removing leading '/' from member names
Debug: Checking Namespace=default, Pod=ms-24959-99f8bbf9-vh9xc for Target File=deathstar_*.output
Namespace: default, Pod: ms-24959-99f8bbf9-vh9xc has the target files.
Copying deathstar_ms-24959.output to deathstar_ms-24959.output
tar: removing leading '/' from member names
Debug: Checking Namespace=default, Pod=ms-26622-66fdf7d64f-bnksz for Target File=deathstar_*.output
Namespace: default, Pod: ms-26622-66fdf7d64f-bnksz has the target files.
Copying deathstar_ms-26622.output to deathstar_ms-26622.output
tar: removing leading '/' from member names
Debug: Checking Namespace=default, Pod=ms-27421-64f549855c-wt5xk for Target File=deathstar_*.output
Namespace: default, Pod: ms-27421-64f549855c-wt5xk has the target files.
Copying deathstar_ms-27421.output to deathstar_ms-27421.output
tar: removing leading '/' from member names
Debug: Checking Namespace=default, Pod=ms-29373-8467f7db44-6mqpn for Target File=deathstar_*.output
Namespace: default, Pod: ms-29373-8467f7db44-6mqpn has the target files.
Copying deathstar_ms-29373.output to deathstar_ms-29373.output
tar: removing leading '/' from member names
Debug: Checking Namespace=default, Pod=ms-32301-c5654bbc5-cc2zq for Target File=deathstar_*.output
Namespace: default, Pod: ms-32301-c5654bbc5-cc2zq has the target files.
Copying deathstar_ms-32301.output to deathstar_ms-32301.output
tar: removing leading '/' from member names
Debug: Checking Namespace=default, Pod=ms-3289-587dbd96bf-8pjt6 for Target File=deathstar_*.output
Namespace: default, Pod: ms-3289-587dbd96bf-8pjt6 has the target files.
Copying deathstar_ms-3289.output to deathstar_ms-3289.output
tar: removing leading '/' from member names
Debug: Checking Namespace=default, Pod=ms-37691-6dc6cd6744-rngzv for Target File=deathstar_*.output
Namespace: default, Pod: ms-37691-6dc6cd6744-rngzv has the target files.
Copying deathstar_ms-37691.output to deathstar_ms-37691.output
tar: removing leading '/' from member names
Debug: Checking Namespace=default, Pod=ms-38964-5b647cdbd-7xbz8 for Target File=deathstar_*.output
Namespace: default, Pod: ms-38964-5b647cdbd-7xbz8 has the target files.
Copying deathstar_ms-38964.output to deathstar_ms-38964.output
tar: removing leading '/' from member names
Debug: Checking Namespace=default, Pod=ms-40147-cd867585-4sbb4 for Target File=deathstar_*.output
Namespace: default, Pod: ms-40147-cd867585-4sbb4 has the target files.
Copying deathstar_ms-40147.output to deathstar_ms-40147.output
tar: removing leading '/' from member names
Debug: Checking Namespace=default, Pod=ms-48118-ff7b99cc9-j4qwz for Target File=deathstar_*.output
Namespace: default, Pod: ms-48118-ff7b99cc9-j4qwz has the target files.
Copying deathstar_ms-48118.output to deathstar_ms-48118.output
tar: removing leading '/' from member names
Debug: Checking Namespace=default, Pod=ms-4829-669557b66c-7v9b5 for Target File=deathstar_*.output
Namespace: default, Pod: ms-4829-669557b66c-7v9b5 has the target files.
Copying deathstar_ms-4829.output to deathstar_ms-4829.output
tar: removing leading '/' from member names
Debug: Checking Namespace=default, Pod=ms-51685-79858c784f-mp4wr for Target File=deathstar_*.output
Namespace: default, Pod: ms-51685-79858c784f-mp4wr has the target files.
Copying deathstar_ms-51685.output to deathstar_ms-51685.output
tar: removing leading '/' from member names
Debug: Checking Namespace=default, Pod=ms-52379-57c6cdd54b-d9nmh for Target File=deathstar_*.output
Namespace: default, Pod: ms-52379-57c6cdd54b-d9nmh has the target files.
Copying deathstar_ms-52379.output to deathstar_ms-52379.output
tar: removing leading '/' from member names
Debug: Checking Namespace=default, Pod=ms-55394-6f999f5df9-7spxg for Target File=deathstar_*.output
Namespace: default, Pod: ms-55394-6f999f5df9-7spxg has the target files.
Copying deathstar_ms-55394.output to deathstar_ms-55394.output
tar: removing leading '/' from member names
Debug: Checking Namespace=default, Pod=ms-58436-59dd96f659-5lmnp for Target File=deathstar_*.output
Namespace: default, Pod: ms-58436-59dd96f659-5lmnp has the target files.
Copying deathstar_ms-58436.output to deathstar_ms-58436.output
tar: removing leading '/' from member names
Debug: Checking Namespace=default, Pod=ms-58772-68ff78c966-w6b2h for Target File=deathstar_*.output
Namespace: default, Pod: ms-58772-68ff78c966-w6b2h has the target files.
Copying deathstar_ms-58772.output to deathstar_ms-58772.output
tar: removing leading '/' from member names
Debug: Checking Namespace=default, Pod=ms-59962-756b895b58-vh94l for Target File=deathstar_*.output
Namespace: default, Pod: ms-59962-756b895b58-vh94l has the target files.
Copying deathstar_ms-59962.output to deathstar_ms-59962.output
tar: removing leading '/' from member names
Debug: Checking Namespace=default, Pod=ms-60061-68bd84bdcd-2x8xh for Target File=deathstar_*.output
Namespace: default, Pod: ms-60061-68bd84bdcd-2x8xh has the target files.
Copying deathstar_ms-60061.output to deathstar_ms-60061.output
tar: removing leading '/' from member names
Debug: Checking Namespace=default, Pod=ms-6323-974659fcd-5dstq for Target File=deathstar_*.output
Namespace: default, Pod: ms-6323-974659fcd-5dstq has the target files.
Copying deathstar_ms-6323.output to deathstar_ms-6323.output
tar: removing leading '/' from member names
Debug: Checking Namespace=default, Pod=ms-65741-65f588bcdf-rpw5c for Target File=deathstar_*.output
Namespace: default, Pod: ms-65741-65f588bcdf-rpw5c has the target files.
Copying deathstar_ms-65741.output to deathstar_ms-65741.output
tar: removing leading '/' from member names
Debug: Checking Namespace=default, Pod=ms-66473-79c66f8bff-7p4cp for Target File=deathstar_*.output
Namespace: default, Pod: ms-66473-79c66f8bff-7p4cp has the target files.
Copying deathstar_ms-66473.output to deathstar_ms-66473.output
tar: removing leading '/' from member names
Debug: Checking Namespace=default, Pod=ms-69188-65c548d4cb-s77lr for Target File=deathstar_*.output
Namespace: default, Pod: ms-69188-65c548d4cb-s77lr has the target files.
Copying deathstar_ms-69188.output to deathstar_ms-69188.output
tar: removing leading '/' from member names
Debug: Checking Namespace=default, Pod=ms-69614-794bd8475-w8vdj for Target File=deathstar_*.output
Namespace: default, Pod: ms-69614-794bd8475-w8vdj has the target files.
Copying deathstar_ms-69614.output to deathstar_ms-69614.output
tar: removing leading '/' from member names
Debug: Checking Namespace=default, Pod=ms-9081-567985788-jwz9q for Target File=deathstar_*.output
Namespace: default, Pod: ms-9081-567985788-jwz9q has the target files.
Copying deathstar_ms-9081.output to deathstar_ms-9081.output
tar: removing leading '/' from member names
Debug: Checking Namespace=default, Pod=nginx-web-server-56557f7cb7-6gdds for Target File=deathstar_*.output
Namespace: default, Pod: nginx-web-server-56557f7cb7-6gdds has the target files.
Copying deathstar_nginx-web-server.output to deathstar_nginx-web-server.output
tar: removing leading '/' from member names
Debug: Checking Namespace=default, Pod=unknown-6ddf9bd4b5-gspsl for Target File=deathstar_*.output
Namespace: default, Pod: unknown-6ddf9bd4b5-gspsl has the target files.
Copying deathstar_unknown.output to deathstar_unknown.output
tar: removing leading '/' from member names
