Deployments: ms-11070
ms-11285
ms-11512
ms-1278
ms-13873
ms-19953
ms-21883
ms-25124
ms-27421
ms-2827
ms-33719
ms-37691
ms-43309
ms-4354
ms-46825
ms-60236
ms-71771
ms-8052
ms-902
nginx-web-server
deployment "ms-11070" successfully rolled out
deployment "ms-11285" successfully rolled out
deployment "ms-11512" successfully rolled out
deployment "ms-1278" successfully rolled out
deployment "ms-13873" successfully rolled out
deployment "ms-19953" successfully rolled out
deployment "ms-21883" successfully rolled out
deployment "ms-25124" successfully rolled out
deployment "ms-27421" successfully rolled out
deployment "ms-2827" successfully rolled out
deployment "ms-33719" successfully rolled out
deployment "ms-37691" successfully rolled out
deployment "ms-43309" successfully rolled out
deployment "ms-4354" successfully rolled out
deployment "ms-46825" successfully rolled out
deployment "ms-60236" successfully rolled out
deployment "ms-71771" successfully rolled out
deployment "ms-8052" successfully rolled out
deployment "ms-902" successfully rolled out
deployment "nginx-web-server" successfully rolled out
ENTRY_POINT: nginx-web-server
SERVICE_A_URL: 10.98.67.33:50051
Capacity: 10000
Metadata: request-id={{.RequestNumber}}
Metadata: timestamp={{.TimestampUnix}}
Metadata: method=S_102000854
Charon Configurations:
[{INTERCEPT charon} {PRICE_UPDATE_RATE 21431us} {TOKEN_UPDATE_RATE 11675us} {LATENCY_THRESHOLD 1044us} {PRICE_STEP 104} {PRICE_STRATEGY proportional} {LAZY_UPDATE true} {RATE_LIMITING true} {LOAD_SHEDDING true} {CHARON_TRACK_PRICE false} {BREAKWATER_SLO 12500us} {BREAKWATER_A 0.001} {BREAKWATER_B 0.02} {BREAKWATER_CLIENT_EXPIRATION 10ms} {BREAKWATER_INITIAL_CREDIT 400} {BREAKWATER_LOAD_SHEDDING true} {BREAKWATER_RTT 1000us} {BREAKWATERD_SLO 12500us} {BREAKWATERD_A 0.001} {BREAKWATERD_B 0.02} {BREAKWATERD_CLIENT_EXPIRATION 10ms} {BREAKWATERD_INITIAL_CREDIT 400} {BREAKWATERD_LOAD_SHEDDING true} {BREAKWATERD_RTT 1000us} {DAGOR_QUEUING_THRESHOLD 2ms} {DAGOR_ALPHA 0.05} {DAGOR_BETA 0.01} {DAGOR_ADMISSION_LEVEL_UPDATE_INTERVAL 10ms} {DAGOR_UMAX 20}]

Summary:
  Count:	67661
  Total:	14.78 s
  Slowest:	879.19 ms
  Fastest:	38.86 ms
  Average:	49.40 ms
  Requests/sec:	4578.69

Response time histogram:
  38.861  [1]     |
  122.894 [57251] |∎∎∎∎∎∎∎∎∎∎∎∎∎∎∎∎∎∎∎∎∎∎∎∎∎∎∎∎∎∎∎∎∎∎∎∎∎∎∎∎
  206.927 [2347]  |∎∎
  290.961 [200]   |
  374.994 [4]     |
  459.027 [34]    |
  543.061 [48]    |
  627.094 [17]    |
  711.128 [15]    |
  795.161 [17]    |
  879.194 [46]    |

Latency distribution:
  10 % in 40.58 ms 
  25 % in 42.07 ms 
  50 % in 45.41 ms 
  75 % in 51.06 ms 
  90 % in 61.62 ms 
  95 % in 112.21 ms 
  99 % in 189.25 ms 

Status code distribution:
  [OK]                  59980 responses   
  [ResourceExhausted]   7604 responses    
  [Canceled]            77 responses      

Error distribution:
  [387]    rpc error: code = ResourceExhausted desc = S_102000854 req dropped by ms-25124. Try again later.           
  [6388]   rpc error: code = ResourceExhausted desc = S_102000854 req dropped by nginx-web-server. Try again later.   
  [2]      rpc error: code = ResourceExhausted desc = S_102000854 req dropped by ms-71771. Try again later.           
  [77]     rpc error: code = Canceled desc = grpc: the client connection is closing                                   
  [458]    rpc error: code = ResourceExhausted desc = S_102000854 req dropped by ms-13873. Try again later.           
  [369]    rpc error: code = ResourceExhausted desc = S_102000854 req dropped by ms-60236. Try again later.           

Debug: Checking Namespace=default, Pod=ms-11070-7868c54f44-tdl2w for Target File=deathstar_*.output
Namespace: default, Pod: ms-11070-7868c54f44-tdl2w has the target files.
Copying deathstar_ms-11070.output to deathstar_ms-11070.output
tar: removing leading '/' from member names
Debug: Checking Namespace=default, Pod=ms-11285-67d597dc77-xnwch for Target File=deathstar_*.output
Namespace: default, Pod: ms-11285-67d597dc77-xnwch has the target files.
Copying deathstar_ms-11285.output to deathstar_ms-11285.output
tar: removing leading '/' from member names
Debug: Checking Namespace=default, Pod=ms-11512-75f8ddc45b-c7vlg for Target File=deathstar_*.output
Namespace: default, Pod: ms-11512-75f8ddc45b-c7vlg has the target files.
Copying deathstar_ms-11512.output to deathstar_ms-11512.output
tar: removing leading '/' from member names
Debug: Checking Namespace=default, Pod=ms-1278-85766ff6b8-xd5kg for Target File=deathstar_*.output
Namespace: default, Pod: ms-1278-85766ff6b8-xd5kg has the target files.
Copying deathstar_ms-1278.output to deathstar_ms-1278.output
tar: removing leading '/' from member names
Debug: Checking Namespace=default, Pod=ms-13873-85d7bb7b97-4hfwx for Target File=deathstar_*.output
Namespace: default, Pod: ms-13873-85d7bb7b97-4hfwx has the target files.
Copying deathstar_ms-13873.output to deathstar_ms-13873.output
tar: removing leading '/' from member names
Debug: Checking Namespace=default, Pod=ms-19953-68cc8998c5-4zlm4 for Target File=deathstar_*.output
Namespace: default, Pod: ms-19953-68cc8998c5-4zlm4 has the target files.
Copying deathstar_ms-19953.output to deathstar_ms-19953.output
tar: removing leading '/' from member names
Debug: Checking Namespace=default, Pod=ms-21883-f6c88c6d4-jvmkd for Target File=deathstar_*.output
Namespace: default, Pod: ms-21883-f6c88c6d4-jvmkd has the target files.
Copying deathstar_ms-21883.output to deathstar_ms-21883.output
tar: removing leading '/' from member names
Debug: Checking Namespace=default, Pod=ms-25124-77bd4446f5-68cvb for Target File=deathstar_*.output
Namespace: default, Pod: ms-25124-77bd4446f5-68cvb has the target files.
Copying deathstar_ms-25124.output to deathstar_ms-25124.output
tar: removing leading '/' from member names
Debug: Checking Namespace=default, Pod=ms-27421-8565974486-j92s9 for Target File=deathstar_*.output
Namespace: default, Pod: ms-27421-8565974486-j92s9 has the target files.
Copying deathstar_ms-27421.output to deathstar_ms-27421.output
tar: removing leading '/' from member names
Debug: Checking Namespace=default, Pod=ms-2827-5dcc6df4f4-qqnj8 for Target File=deathstar_*.output
Namespace: default, Pod: ms-2827-5dcc6df4f4-qqnj8 has the target files.
Copying deathstar_ms-2827.output to deathstar_ms-2827.output
tar: removing leading '/' from member names
Debug: Checking Namespace=default, Pod=ms-33719-6c455cf54c-rpmcq for Target File=deathstar_*.output
Namespace: default, Pod: ms-33719-6c455cf54c-rpmcq has the target files.
Copying deathstar_ms-33719.output to deathstar_ms-33719.output
tar: removing leading '/' from member names
Debug: Checking Namespace=default, Pod=ms-37691-b9bc44798-wng9t for Target File=deathstar_*.output
Namespace: default, Pod: ms-37691-b9bc44798-wng9t has the target files.
Copying deathstar_ms-37691.output to deathstar_ms-37691.output
tar: removing leading '/' from member names
Debug: Checking Namespace=default, Pod=ms-43309-54f758d465-64h72 for Target File=deathstar_*.output
Namespace: default, Pod: ms-43309-54f758d465-64h72 has the target files.
Copying deathstar_ms-43309.output to deathstar_ms-43309.output
tar: removing leading '/' from member names
Debug: Checking Namespace=default, Pod=ms-4354-669cfcbdf6-4j75n for Target File=deathstar_*.output
Namespace: default, Pod: ms-4354-669cfcbdf6-4j75n has the target files.
Copying deathstar_ms-4354.output to deathstar_ms-4354.output
tar: removing leading '/' from member names
Debug: Checking Namespace=default, Pod=ms-46825-58c684559d-fpqht for Target File=deathstar_*.output
Namespace: default, Pod: ms-46825-58c684559d-fpqht has the target files.
Copying deathstar_ms-46825.output to deathstar_ms-46825.output
tar: removing leading '/' from member names
Debug: Checking Namespace=default, Pod=ms-60236-64866cf49-76lms for Target File=deathstar_*.output
Namespace: default, Pod: ms-60236-64866cf49-76lms has the target files.
Copying deathstar_ms-60236.output to deathstar_ms-60236.output
tar: removing leading '/' from member names
Debug: Checking Namespace=default, Pod=ms-71771-567ddbdd95-jkdf7 for Target File=deathstar_*.output
Namespace: default, Pod: ms-71771-567ddbdd95-jkdf7 has the target files.
Copying deathstar_ms-71771.output to deathstar_ms-71771.output
tar: removing leading '/' from member names
Debug: Checking Namespace=default, Pod=ms-8052-b995968dc-mrskm for Target File=deathstar_*.output
Namespace: default, Pod: ms-8052-b995968dc-mrskm has the target files.
Copying deathstar_ms-8052.output to deathstar_ms-8052.output
tar: removing leading '/' from member names
Debug: Checking Namespace=default, Pod=ms-902-5744544f85-q7t7c for Target File=deathstar_*.output
Namespace: default, Pod: ms-902-5744544f85-q7t7c has the target files.
Copying deathstar_ms-902.output to deathstar_ms-902.output
tar: removing leading '/' from member names
Debug: Checking Namespace=default, Pod=nginx-web-server-56557f7cb7-4bsgc for Target File=deathstar_*.output
Namespace: default, Pod: nginx-web-server-56557f7cb7-4bsgc has the target files.
Copying deathstar_nginx-web-server.output to deathstar_nginx-web-server.output
tar: removing leading '/' from member names
