Deployments: ms-11070
ms-11285
ms-11512
ms-1278
ms-13873
ms-19953
ms-21883
ms-25124
ms-27421
ms-2827
ms-33719
ms-37691
ms-43309
ms-4354
ms-46825
ms-60236
ms-71771
ms-8052
ms-902
nginx-web-server
deployment "ms-11070" successfully rolled out
deployment "ms-11285" successfully rolled out
deployment "ms-11512" successfully rolled out
deployment "ms-1278" successfully rolled out
deployment "ms-13873" successfully rolled out
deployment "ms-19953" successfully rolled out
deployment "ms-21883" successfully rolled out
deployment "ms-25124" successfully rolled out
deployment "ms-27421" successfully rolled out
deployment "ms-2827" successfully rolled out
deployment "ms-33719" successfully rolled out
deployment "ms-37691" successfully rolled out
deployment "ms-43309" successfully rolled out
deployment "ms-4354" successfully rolled out
deployment "ms-46825" successfully rolled out
deployment "ms-60236" successfully rolled out
deployment "ms-71771" successfully rolled out
deployment "ms-8052" successfully rolled out
deployment "ms-902" successfully rolled out
deployment "nginx-web-server" successfully rolled out
ENTRY_POINT: nginx-web-server
SERVICE_A_URL: 10.99.230.83:50051
Capacity: 10000
Metadata: request-id={{.RequestNumber}}
Metadata: timestamp={{.TimestampUnix}}
Metadata: method=S_102000854
Charon Configurations:
[{INTERCEPT charon} {PRICE_UPDATE_RATE 27542us} {TOKEN_UPDATE_RATE 20298us} {LATENCY_THRESHOLD 4850us} {PRICE_STEP 150} {PRICE_STRATEGY proportional} {LAZY_UPDATE true} {RATE_LIMITING true} {LOAD_SHEDDING true} {CHARON_TRACK_PRICE false} {BREAKWATER_SLO 12500us} {BREAKWATER_A 0.001} {BREAKWATER_B 0.02} {BREAKWATER_CLIENT_EXPIRATION 10ms} {BREAKWATER_INITIAL_CREDIT 400} {BREAKWATER_LOAD_SHEDDING true} {BREAKWATER_RTT 1000us} {BREAKWATERD_SLO 12500us} {BREAKWATERD_A 0.001} {BREAKWATERD_B 0.02} {BREAKWATERD_CLIENT_EXPIRATION 10ms} {BREAKWATERD_INITIAL_CREDIT 400} {BREAKWATERD_LOAD_SHEDDING true} {BREAKWATERD_RTT 1000us} {DAGOR_QUEUING_THRESHOLD 2ms} {DAGOR_ALPHA 0.05} {DAGOR_BETA 0.01} {DAGOR_ADMISSION_LEVEL_UPDATE_INTERVAL 10ms} {DAGOR_UMAX 20}]

Summary:
  Count:	73854
  Total:	14.80 s
  Slowest:	953.44 ms
  Fastest:	38.90 ms
  Average:	58.35 ms
  Requests/sec:	4990.93

Response time histogram:
  38.900  [1]     |
  130.353 [65551] |∎∎∎∎∎∎∎∎∎∎∎∎∎∎∎∎∎∎∎∎∎∎∎∎∎∎∎∎∎∎∎∎∎∎∎∎∎∎∎∎
  221.807 [2403]  |∎
  313.261 [274]   |
  404.715 [8]     |
  496.169 [26]    |
  587.622 [100]   |
  679.076 [33]    |
  770.530 [3]     |
  861.984 [66]    |
  953.437 [27]    |

Latency distribution:
  10 % in 40.92 ms 
  25 % in 44.56 ms 
  50 % in 51.58 ms 
  75 % in 60.62 ms 
  90 % in 75.59 ms 
  95 % in 111.08 ms 
  99 % in 210.42 ms 

Status code distribution:
  [Canceled]            204 responses     
  [OK]                  68492 responses   
  [ResourceExhausted]   5158 responses    

Error distribution:
  [4399]   rpc error: code = ResourceExhausted desc = S_102000854 req dropped by nginx-web-server. Try again later.   
  [263]    rpc error: code = ResourceExhausted desc = S_102000854 req dropped by ms-60236. Try again later.           
  [246]    rpc error: code = ResourceExhausted desc = S_102000854 req dropped by ms-13873. Try again later.           
  [250]    rpc error: code = ResourceExhausted desc = S_102000854 req dropped by ms-25124. Try again later.           
  [204]    rpc error: code = Canceled desc = grpc: the client connection is closing                                   

Debug: Checking Namespace=default, Pod=ms-11070-7868c54f44-44f4c for Target File=deathstar_*.output
Namespace: default, Pod: ms-11070-7868c54f44-44f4c has the target files.
Copying deathstar_ms-11070.output to deathstar_ms-11070.output
tar: removing leading '/' from member names
Debug: Checking Namespace=default, Pod=ms-11285-67d597dc77-fqqzt for Target File=deathstar_*.output
Namespace: default, Pod: ms-11285-67d597dc77-fqqzt has the target files.
Copying deathstar_ms-11285.output to deathstar_ms-11285.output
tar: removing leading '/' from member names
Debug: Checking Namespace=default, Pod=ms-11512-75f8ddc45b-ccnzt for Target File=deathstar_*.output
Namespace: default, Pod: ms-11512-75f8ddc45b-ccnzt has the target files.
Copying deathstar_ms-11512.output to deathstar_ms-11512.output
tar: removing leading '/' from member names
Debug: Checking Namespace=default, Pod=ms-1278-85766ff6b8-67rfk for Target File=deathstar_*.output
Namespace: default, Pod: ms-1278-85766ff6b8-67rfk has the target files.
Copying deathstar_ms-1278.output to deathstar_ms-1278.output
tar: removing leading '/' from member names
Debug: Checking Namespace=default, Pod=ms-13873-85d7bb7b97-cbv9m for Target File=deathstar_*.output
Namespace: default, Pod: ms-13873-85d7bb7b97-cbv9m has the target files.
Copying deathstar_ms-13873.output to deathstar_ms-13873.output
tar: removing leading '/' from member names
Debug: Checking Namespace=default, Pod=ms-19953-68cc8998c5-qc26s for Target File=deathstar_*.output
Namespace: default, Pod: ms-19953-68cc8998c5-qc26s has the target files.
Copying deathstar_ms-19953.output to deathstar_ms-19953.output
tar: removing leading '/' from member names
Debug: Checking Namespace=default, Pod=ms-21883-f6c88c6d4-lrhvk for Target File=deathstar_*.output
Namespace: default, Pod: ms-21883-f6c88c6d4-lrhvk has the target files.
Copying deathstar_ms-21883.output to deathstar_ms-21883.output
tar: removing leading '/' from member names
Debug: Checking Namespace=default, Pod=ms-25124-77bd4446f5-6vlqj for Target File=deathstar_*.output
Namespace: default, Pod: ms-25124-77bd4446f5-6vlqj has the target files.
Copying deathstar_ms-25124.output to deathstar_ms-25124.output
tar: removing leading '/' from member names
Debug: Checking Namespace=default, Pod=ms-27421-8565974486-msp5z for Target File=deathstar_*.output
Namespace: default, Pod: ms-27421-8565974486-msp5z has the target files.
Copying deathstar_ms-27421.output to deathstar_ms-27421.output
tar: removing leading '/' from member names
Debug: Checking Namespace=default, Pod=ms-2827-5dcc6df4f4-prln9 for Target File=deathstar_*.output
Namespace: default, Pod: ms-2827-5dcc6df4f4-prln9 has the target files.
Copying deathstar_ms-2827.output to deathstar_ms-2827.output
tar: removing leading '/' from member names
Debug: Checking Namespace=default, Pod=ms-33719-6c455cf54c-528gh for Target File=deathstar_*.output
Namespace: default, Pod: ms-33719-6c455cf54c-528gh has the target files.
Copying deathstar_ms-33719.output to deathstar_ms-33719.output
tar: removing leading '/' from member names
Debug: Checking Namespace=default, Pod=ms-37691-b9bc44798-6tj84 for Target File=deathstar_*.output
Namespace: default, Pod: ms-37691-b9bc44798-6tj84 has the target files.
Copying deathstar_ms-37691.output to deathstar_ms-37691.output
tar: removing leading '/' from member names
Debug: Checking Namespace=default, Pod=ms-43309-54f758d465-rstd4 for Target File=deathstar_*.output
Namespace: default, Pod: ms-43309-54f758d465-rstd4 has the target files.
Copying deathstar_ms-43309.output to deathstar_ms-43309.output
tar: removing leading '/' from member names
Debug: Checking Namespace=default, Pod=ms-4354-669cfcbdf6-84cps for Target File=deathstar_*.output
Namespace: default, Pod: ms-4354-669cfcbdf6-84cps has the target files.
Copying deathstar_ms-4354.output to deathstar_ms-4354.output
tar: removing leading '/' from member names
Debug: Checking Namespace=default, Pod=ms-46825-58c684559d-ws4km for Target File=deathstar_*.output
Namespace: default, Pod: ms-46825-58c684559d-ws4km has the target files.
Copying deathstar_ms-46825.output to deathstar_ms-46825.output
tar: removing leading '/' from member names
Debug: Checking Namespace=default, Pod=ms-60236-64866cf49-xv8jp for Target File=deathstar_*.output
Namespace: default, Pod: ms-60236-64866cf49-xv8jp has the target files.
Copying deathstar_ms-60236.output to deathstar_ms-60236.output
tar: removing leading '/' from member names
Debug: Checking Namespace=default, Pod=ms-71771-567ddbdd95-896bk for Target File=deathstar_*.output
Namespace: default, Pod: ms-71771-567ddbdd95-896bk has the target files.
Copying deathstar_ms-71771.output to deathstar_ms-71771.output
tar: removing leading '/' from member names
Debug: Checking Namespace=default, Pod=ms-8052-b995968dc-srqbj for Target File=deathstar_*.output
Namespace: default, Pod: ms-8052-b995968dc-srqbj has the target files.
Copying deathstar_ms-8052.output to deathstar_ms-8052.output
tar: removing leading '/' from member names
Debug: Checking Namespace=default, Pod=ms-902-5744544f85-w9spt for Target File=deathstar_*.output
Namespace: default, Pod: ms-902-5744544f85-w9spt has the target files.
Copying deathstar_ms-902.output to deathstar_ms-902.output
tar: removing leading '/' from member names
Debug: Checking Namespace=default, Pod=nginx-web-server-56557f7cb7-588wh for Target File=deathstar_*.output
Namespace: default, Pod: nginx-web-server-56557f7cb7-588wh has the target files.
Copying deathstar_nginx-web-server.output to deathstar_nginx-web-server.output
tar: removing leading '/' from member names
