Deployments: ms-11070
ms-11285
ms-11512
ms-1278
ms-13873
ms-19953
ms-21883
ms-25124
ms-27421
ms-2827
ms-33719
ms-37691
ms-43309
ms-4354
ms-46825
ms-60236
ms-71771
ms-8052
ms-902
nginx-web-server
deployment "ms-11070" successfully rolled out
deployment "ms-11285" successfully rolled out
deployment "ms-11512" successfully rolled out
deployment "ms-1278" successfully rolled out
deployment "ms-13873" successfully rolled out
deployment "ms-19953" successfully rolled out
deployment "ms-21883" successfully rolled out
deployment "ms-25124" successfully rolled out
deployment "ms-27421" successfully rolled out
deployment "ms-2827" successfully rolled out
deployment "ms-33719" successfully rolled out
deployment "ms-37691" successfully rolled out
deployment "ms-43309" successfully rolled out
deployment "ms-4354" successfully rolled out
deployment "ms-46825" successfully rolled out
deployment "ms-60236" successfully rolled out
deployment "ms-71771" successfully rolled out
deployment "ms-8052" successfully rolled out
deployment "ms-902" successfully rolled out
deployment "nginx-web-server" successfully rolled out
ENTRY_POINT: nginx-web-server
SERVICE_A_URL: 10.109.194.241:50051
Capacity: 10000
Metadata: request-id={{.RequestNumber}}
Metadata: timestamp={{.TimestampUnix}}
Metadata: method=S_102000854
Charon Configurations:
[{INTERCEPT charon} {PRICE_UPDATE_RATE 18336us} {TOKEN_UPDATE_RATE 18435us} {LATENCY_THRESHOLD 6271us} {PRICE_STEP 150} {PRICE_STRATEGY proportional} {LAZY_UPDATE true} {RATE_LIMITING true} {LOAD_SHEDDING true} {CHARON_TRACK_PRICE false} {BREAKWATER_SLO 12500us} {BREAKWATER_A 0.001} {BREAKWATER_B 0.02} {BREAKWATER_CLIENT_EXPIRATION 10ms} {BREAKWATER_INITIAL_CREDIT 400} {BREAKWATER_LOAD_SHEDDING true} {BREAKWATER_RTT 1000us} {BREAKWATERD_SLO 12500us} {BREAKWATERD_A 0.001} {BREAKWATERD_B 0.02} {BREAKWATERD_CLIENT_EXPIRATION 10ms} {BREAKWATERD_INITIAL_CREDIT 400} {BREAKWATERD_LOAD_SHEDDING true} {BREAKWATERD_RTT 1000us} {DAGOR_QUEUING_THRESHOLD 2ms} {DAGOR_ALPHA 0.05} {DAGOR_BETA 0.01} {DAGOR_ADMISSION_LEVEL_UPDATE_INTERVAL 10ms} {DAGOR_UMAX 20}]

Summary:
  Count:	80143
  Total:	14.77 s
  Slowest:	781.66 ms
  Fastest:	38.93 ms
  Average:	61.02 ms
  Requests/sec:	5424.23

Response time histogram:
  38.932  [1]     |
  113.205 [72529] |∎∎∎∎∎∎∎∎∎∎∎∎∎∎∎∎∎∎∎∎∎∎∎∎∎∎∎∎∎∎∎∎∎∎∎∎∎∎∎∎
  187.479 [1725]  |∎
  261.752 [1304]  |∎
  336.025 [127]   |
  410.299 [0]     |
  484.572 [16]    |
  558.845 [0]     |
  633.118 [0]     |
  707.392 [0]     |
  781.665 [17]    |

Latency distribution:
  10 % in 41.52 ms 
  25 % in 46.99 ms 
  50 % in 57.29 ms 
  75 % in 68.85 ms 
  90 % in 84.23 ms 
  95 % in 104.56 ms 
  99 % in 211.06 ms 

Status code distribution:
  [OK]                  75719 responses   
  [ResourceExhausted]   4306 responses    
  [Canceled]            118 responses     

Error distribution:
  [348]    rpc error: code = ResourceExhausted desc = S_102000854 req dropped by ms-13873. Try again later.           
  [118]    rpc error: code = Canceled desc = grpc: the client connection is closing                                   
  [277]    rpc error: code = ResourceExhausted desc = S_102000854 req dropped by ms-60236. Try again later.           
  [252]    rpc error: code = ResourceExhausted desc = S_102000854 req dropped by ms-25124. Try again later.           
  [3429]   rpc error: code = ResourceExhausted desc = S_102000854 req dropped by nginx-web-server. Try again later.   

Debug: Checking Namespace=default, Pod=ms-11070-7868c54f44-86wt6 for Target File=deathstar_*.output
Namespace: default, Pod: ms-11070-7868c54f44-86wt6 has the target files.
Copying deathstar_ms-11070.output to deathstar_ms-11070.output
tar: removing leading '/' from member names
Debug: Checking Namespace=default, Pod=ms-11285-67d597dc77-h4z5p for Target File=deathstar_*.output
Namespace: default, Pod: ms-11285-67d597dc77-h4z5p has the target files.
Copying deathstar_ms-11285.output to deathstar_ms-11285.output
tar: removing leading '/' from member names
Debug: Checking Namespace=default, Pod=ms-11512-75f8ddc45b-dk4g8 for Target File=deathstar_*.output
Namespace: default, Pod: ms-11512-75f8ddc45b-dk4g8 has the target files.
Copying deathstar_ms-11512.output to deathstar_ms-11512.output
tar: removing leading '/' from member names
Debug: Checking Namespace=default, Pod=ms-1278-85766ff6b8-g7r47 for Target File=deathstar_*.output
Namespace: default, Pod: ms-1278-85766ff6b8-g7r47 has the target files.
Copying deathstar_ms-1278.output to deathstar_ms-1278.output
tar: removing leading '/' from member names
Debug: Checking Namespace=default, Pod=ms-13873-85d7bb7b97-bkr86 for Target File=deathstar_*.output
Namespace: default, Pod: ms-13873-85d7bb7b97-bkr86 has the target files.
Copying deathstar_ms-13873.output to deathstar_ms-13873.output
tar: removing leading '/' from member names
Debug: Checking Namespace=default, Pod=ms-19953-68cc8998c5-8q5xg for Target File=deathstar_*.output
Namespace: default, Pod: ms-19953-68cc8998c5-8q5xg has the target files.
Copying deathstar_ms-19953.output to deathstar_ms-19953.output
tar: removing leading '/' from member names
Debug: Checking Namespace=default, Pod=ms-21883-f6c88c6d4-jxlf2 for Target File=deathstar_*.output
Namespace: default, Pod: ms-21883-f6c88c6d4-jxlf2 has the target files.
Copying deathstar_ms-21883.output to deathstar_ms-21883.output
tar: removing leading '/' from member names
Debug: Checking Namespace=default, Pod=ms-25124-77bd4446f5-tb2w7 for Target File=deathstar_*.output
Namespace: default, Pod: ms-25124-77bd4446f5-tb2w7 has the target files.
Copying deathstar_ms-25124.output to deathstar_ms-25124.output
tar: removing leading '/' from member names
Debug: Checking Namespace=default, Pod=ms-27421-8565974486-qs2kz for Target File=deathstar_*.output
Namespace: default, Pod: ms-27421-8565974486-qs2kz has the target files.
Copying deathstar_ms-27421.output to deathstar_ms-27421.output
tar: removing leading '/' from member names
Debug: Checking Namespace=default, Pod=ms-2827-5dcc6df4f4-mnjwn for Target File=deathstar_*.output
Namespace: default, Pod: ms-2827-5dcc6df4f4-mnjwn has the target files.
Copying deathstar_ms-2827.output to deathstar_ms-2827.output
tar: removing leading '/' from member names
Debug: Checking Namespace=default, Pod=ms-33719-6c455cf54c-jx8wq for Target File=deathstar_*.output
Namespace: default, Pod: ms-33719-6c455cf54c-jx8wq has the target files.
Copying deathstar_ms-33719.output to deathstar_ms-33719.output
tar: removing leading '/' from member names
Debug: Checking Namespace=default, Pod=ms-37691-b9bc44798-rdlsq for Target File=deathstar_*.output
Namespace: default, Pod: ms-37691-b9bc44798-rdlsq has the target files.
Copying deathstar_ms-37691.output to deathstar_ms-37691.output
tar: removing leading '/' from member names
Debug: Checking Namespace=default, Pod=ms-43309-54f758d465-f6pn8 for Target File=deathstar_*.output
Namespace: default, Pod: ms-43309-54f758d465-f6pn8 has the target files.
Copying deathstar_ms-43309.output to deathstar_ms-43309.output
tar: removing leading '/' from member names
Debug: Checking Namespace=default, Pod=ms-4354-669cfcbdf6-kv686 for Target File=deathstar_*.output
Namespace: default, Pod: ms-4354-669cfcbdf6-kv686 has the target files.
Copying deathstar_ms-4354.output to deathstar_ms-4354.output
tar: removing leading '/' from member names
Debug: Checking Namespace=default, Pod=ms-46825-58c684559d-29nqg for Target File=deathstar_*.output
Namespace: default, Pod: ms-46825-58c684559d-29nqg has the target files.
Copying deathstar_ms-46825.output to deathstar_ms-46825.output
tar: removing leading '/' from member names
Debug: Checking Namespace=default, Pod=ms-60236-64866cf49-mh2wj for Target File=deathstar_*.output
Namespace: default, Pod: ms-60236-64866cf49-mh2wj has the target files.
Copying deathstar_ms-60236.output to deathstar_ms-60236.output
tar: removing leading '/' from member names
Debug: Checking Namespace=default, Pod=ms-71771-567ddbdd95-9ntl7 for Target File=deathstar_*.output
Namespace: default, Pod: ms-71771-567ddbdd95-9ntl7 has the target files.
Copying deathstar_ms-71771.output to deathstar_ms-71771.output
tar: removing leading '/' from member names
Debug: Checking Namespace=default, Pod=ms-8052-b995968dc-vqxd5 for Target File=deathstar_*.output
Namespace: default, Pod: ms-8052-b995968dc-vqxd5 has the target files.
Copying deathstar_ms-8052.output to deathstar_ms-8052.output
tar: removing leading '/' from member names
Debug: Checking Namespace=default, Pod=ms-902-5744544f85-j8vxz for Target File=deathstar_*.output
Namespace: default, Pod: ms-902-5744544f85-j8vxz has the target files.
Copying deathstar_ms-902.output to deathstar_ms-902.output
tar: removing leading '/' from member names
Debug: Checking Namespace=default, Pod=nginx-web-server-56557f7cb7-fcksd for Target File=deathstar_*.output
Namespace: default, Pod: nginx-web-server-56557f7cb7-fcksd has the target files.
Copying deathstar_nginx-web-server.output to deathstar_nginx-web-server.output
tar: removing leading '/' from member names
