Deployments: ms-11070
ms-11285
ms-11512
ms-1278
ms-13873
ms-19953
ms-21883
ms-25124
ms-27421
ms-2827
ms-33719
ms-37691
ms-43309
ms-4354
ms-46825
ms-60236
ms-71771
ms-8052
ms-902
nginx-web-server
deployment "ms-11070" successfully rolled out
deployment "ms-11285" successfully rolled out
deployment "ms-11512" successfully rolled out
deployment "ms-1278" successfully rolled out
deployment "ms-13873" successfully rolled out
deployment "ms-19953" successfully rolled out
deployment "ms-21883" successfully rolled out
deployment "ms-25124" successfully rolled out
deployment "ms-27421" successfully rolled out
deployment "ms-2827" successfully rolled out
deployment "ms-33719" successfully rolled out
deployment "ms-37691" successfully rolled out
deployment "ms-43309" successfully rolled out
deployment "ms-4354" successfully rolled out
deployment "ms-46825" successfully rolled out
deployment "ms-60236" successfully rolled out
deployment "ms-71771" successfully rolled out
deployment "ms-8052" successfully rolled out
deployment "ms-902" successfully rolled out
deployment "nginx-web-server" successfully rolled out
ENTRY_POINT: nginx-web-server
SERVICE_A_URL: 10.97.158.157:50051
Capacity: 10000
Metadata: request-id={{.RequestNumber}}
Metadata: timestamp={{.TimestampUnix}}
Metadata: method=S_102000854
Charon Configurations:
[{INTERCEPT charon} {PRICE_UPDATE_RATE 1344us} {TOKEN_UPDATE_RATE 14067us} {LATENCY_THRESHOLD 2280us} {PRICE_STEP 32} {PRICE_STRATEGY proportional} {LAZY_UPDATE true} {RATE_LIMITING true} {LOAD_SHEDDING true} {CHARON_TRACK_PRICE false} {BREAKWATER_SLO 12500us} {BREAKWATER_A 0.001} {BREAKWATER_B 0.02} {BREAKWATER_CLIENT_EXPIRATION 10ms} {BREAKWATER_INITIAL_CREDIT 400} {BREAKWATER_LOAD_SHEDDING true} {BREAKWATER_RTT 1000us} {BREAKWATERD_SLO 12500us} {BREAKWATERD_A 0.001} {BREAKWATERD_B 0.02} {BREAKWATERD_CLIENT_EXPIRATION 10ms} {BREAKWATERD_INITIAL_CREDIT 400} {BREAKWATERD_LOAD_SHEDDING true} {BREAKWATERD_RTT 1000us} {DAGOR_QUEUING_THRESHOLD 2ms} {DAGOR_ALPHA 0.05} {DAGOR_BETA 0.01} {DAGOR_ADMISSION_LEVEL_UPDATE_INTERVAL 10ms} {DAGOR_UMAX 20}]

Summary:
  Count:	76066
  Total:	14.79 s
  Slowest:	857.35 ms
  Fastest:	38.90 ms
  Average:	68.94 ms
  Requests/sec:	5143.91

Response time histogram:
  38.898  [1]     |
  120.743 [67569] |∎∎∎∎∎∎∎∎∎∎∎∎∎∎∎∎∎∎∎∎∎∎∎∎∎∎∎∎∎∎∎∎∎∎∎∎∎∎∎∎
  202.588 [2065]  |∎
  284.433 [1840]  |∎
  366.278 [869]   |∎
  448.123 [45]    |
  529.968 [43]    |
  611.813 [4]     |
  693.658 [0]     |
  775.504 [10]    |
  857.349 [35]    |

Latency distribution:
  10 % in 41.12 ms 
  25 % in 44.30 ms 
  50 % in 57.59 ms 
  75 % in 75.96 ms 
  90 % in 100.42 ms 
  95 % in 163.27 ms 
  99 % in 301.41 ms 

Status code distribution:
  [OK]                  72481 responses   
  [ResourceExhausted]   3397 responses    
  [Canceled]            188 responses     

Error distribution:
  [5]      rpc error: code = ResourceExhausted desc = S_102000854 req dropped by ms-33719. Try again later.           
  [593]    rpc error: code = ResourceExhausted desc = S_102000854 req dropped by ms-13873. Try again later.           
  [149]    rpc error: code = ResourceExhausted desc = S_102000854 req dropped by ms-60236. Try again later.           
  [232]    rpc error: code = ResourceExhausted desc = S_102000854 req dropped by ms-25124. Try again later.           
  [2418]   rpc error: code = ResourceExhausted desc = S_102000854 req dropped by nginx-web-server. Try again later.   
  [188]    rpc error: code = Canceled desc = grpc: the client connection is closing                                   

Debug: Checking Namespace=default, Pod=ms-11070-7868c54f44-f5lxq for Target File=deathstar_*.output
Namespace: default, Pod: ms-11070-7868c54f44-f5lxq has the target files.
Copying deathstar_ms-11070.output to deathstar_ms-11070.output
tar: removing leading '/' from member names
Debug: Checking Namespace=default, Pod=ms-11285-67d597dc77-42p5z for Target File=deathstar_*.output
Namespace: default, Pod: ms-11285-67d597dc77-42p5z has the target files.
Copying deathstar_ms-11285.output to deathstar_ms-11285.output
tar: removing leading '/' from member names
Debug: Checking Namespace=default, Pod=ms-11512-75f8ddc45b-nd74s for Target File=deathstar_*.output
Namespace: default, Pod: ms-11512-75f8ddc45b-nd74s has the target files.
Copying deathstar_ms-11512.output to deathstar_ms-11512.output
tar: removing leading '/' from member names
Debug: Checking Namespace=default, Pod=ms-1278-85766ff6b8-gtz59 for Target File=deathstar_*.output
Namespace: default, Pod: ms-1278-85766ff6b8-gtz59 has the target files.
Copying deathstar_ms-1278.output to deathstar_ms-1278.output
tar: removing leading '/' from member names
Debug: Checking Namespace=default, Pod=ms-13873-85d7bb7b97-zn4m7 for Target File=deathstar_*.output
Namespace: default, Pod: ms-13873-85d7bb7b97-zn4m7 has the target files.
Copying deathstar_ms-13873.output to deathstar_ms-13873.output
tar: removing leading '/' from member names
Debug: Checking Namespace=default, Pod=ms-19953-68cc8998c5-89p8v for Target File=deathstar_*.output
Namespace: default, Pod: ms-19953-68cc8998c5-89p8v has the target files.
Copying deathstar_ms-19953.output to deathstar_ms-19953.output
tar: removing leading '/' from member names
Debug: Checking Namespace=default, Pod=ms-21883-f6c88c6d4-2qbbl for Target File=deathstar_*.output
Namespace: default, Pod: ms-21883-f6c88c6d4-2qbbl has the target files.
Copying deathstar_ms-21883.output to deathstar_ms-21883.output
tar: removing leading '/' from member names
Debug: Checking Namespace=default, Pod=ms-25124-77bd4446f5-zh25m for Target File=deathstar_*.output
Namespace: default, Pod: ms-25124-77bd4446f5-zh25m has the target files.
Copying deathstar_ms-25124.output to deathstar_ms-25124.output
tar: removing leading '/' from member names
Debug: Checking Namespace=default, Pod=ms-27421-8565974486-lbmhf for Target File=deathstar_*.output
Namespace: default, Pod: ms-27421-8565974486-lbmhf has the target files.
Copying deathstar_ms-27421.output to deathstar_ms-27421.output
tar: removing leading '/' from member names
Debug: Checking Namespace=default, Pod=ms-2827-5dcc6df4f4-5vmdg for Target File=deathstar_*.output
Namespace: default, Pod: ms-2827-5dcc6df4f4-5vmdg has the target files.
Copying deathstar_ms-2827.output to deathstar_ms-2827.output
tar: removing leading '/' from member names
Debug: Checking Namespace=default, Pod=ms-33719-6c455cf54c-xllhj for Target File=deathstar_*.output
Namespace: default, Pod: ms-33719-6c455cf54c-xllhj has the target files.
Copying deathstar_ms-33719.output to deathstar_ms-33719.output
tar: removing leading '/' from member names
Debug: Checking Namespace=default, Pod=ms-37691-b9bc44798-z2whg for Target File=deathstar_*.output
Namespace: default, Pod: ms-37691-b9bc44798-z2whg has the target files.
Copying deathstar_ms-37691.output to deathstar_ms-37691.output
tar: removing leading '/' from member names
Debug: Checking Namespace=default, Pod=ms-43309-54f758d465-567f6 for Target File=deathstar_*.output
Namespace: default, Pod: ms-43309-54f758d465-567f6 has the target files.
Copying deathstar_ms-43309.output to deathstar_ms-43309.output
tar: removing leading '/' from member names
Debug: Checking Namespace=default, Pod=ms-4354-669cfcbdf6-wzj8h for Target File=deathstar_*.output
Namespace: default, Pod: ms-4354-669cfcbdf6-wzj8h has the target files.
Copying deathstar_ms-4354.output to deathstar_ms-4354.output
tar: removing leading '/' from member names
Debug: Checking Namespace=default, Pod=ms-46825-58c684559d-kbpjc for Target File=deathstar_*.output
Namespace: default, Pod: ms-46825-58c684559d-kbpjc has the target files.
Copying deathstar_ms-46825.output to deathstar_ms-46825.output
tar: removing leading '/' from member names
Debug: Checking Namespace=default, Pod=ms-60236-64866cf49-ckw6j for Target File=deathstar_*.output
Namespace: default, Pod: ms-60236-64866cf49-ckw6j has the target files.
Copying deathstar_ms-60236.output to deathstar_ms-60236.output
tar: removing leading '/' from member names
Debug: Checking Namespace=default, Pod=ms-71771-567ddbdd95-cp7m8 for Target File=deathstar_*.output
Namespace: default, Pod: ms-71771-567ddbdd95-cp7m8 has the target files.
Copying deathstar_ms-71771.output to deathstar_ms-71771.output
tar: removing leading '/' from member names
Debug: Checking Namespace=default, Pod=ms-8052-b995968dc-sd9lp for Target File=deathstar_*.output
Namespace: default, Pod: ms-8052-b995968dc-sd9lp has the target files.
Copying deathstar_ms-8052.output to deathstar_ms-8052.output
tar: removing leading '/' from member names
Debug: Checking Namespace=default, Pod=ms-902-5744544f85-ws6g7 for Target File=deathstar_*.output
Namespace: default, Pod: ms-902-5744544f85-ws6g7 has the target files.
Copying deathstar_ms-902.output to deathstar_ms-902.output
tar: removing leading '/' from member names
Debug: Checking Namespace=default, Pod=nginx-web-server-56557f7cb7-l9tf2 for Target File=deathstar_*.output
Namespace: default, Pod: nginx-web-server-56557f7cb7-l9tf2 has the target files.
Copying deathstar_nginx-web-server.output to deathstar_nginx-web-server.output
tar: removing leading '/' from member names
