Deployments: ms-10090
ms-13558
ms-18330
ms-19585
ms-20172
ms-22893
ms-24009
ms-24959
ms-26622
ms-27421
ms-29373
ms-32301
ms-3289
ms-37691
ms-38964
ms-40147
ms-48118
ms-4829
ms-51685
ms-52379
ms-55394
ms-58436
ms-58772
ms-59962
ms-60061
ms-6323
ms-65741
ms-66473
ms-69188
ms-69614
ms-9081
nginx-web-server
unknown
deployment "ms-10090" successfully rolled out
deployment "ms-13558" successfully rolled out
deployment "ms-18330" successfully rolled out
deployment "ms-19585" successfully rolled out
deployment "ms-20172" successfully rolled out
deployment "ms-22893" successfully rolled out
deployment "ms-24009" successfully rolled out
deployment "ms-24959" successfully rolled out
deployment "ms-26622" successfully rolled out
deployment "ms-27421" successfully rolled out
deployment "ms-29373" successfully rolled out
deployment "ms-32301" successfully rolled out
deployment "ms-3289" successfully rolled out
deployment "ms-37691" successfully rolled out
deployment "ms-38964" successfully rolled out
deployment "ms-40147" successfully rolled out
deployment "ms-48118" successfully rolled out
deployment "ms-4829" successfully rolled out
deployment "ms-51685" successfully rolled out
deployment "ms-52379" successfully rolled out
deployment "ms-55394" successfully rolled out
deployment "ms-58436" successfully rolled out
deployment "ms-58772" successfully rolled out
deployment "ms-59962" successfully rolled out
deployment "ms-60061" successfully rolled out
deployment "ms-6323" successfully rolled out
deployment "ms-65741" successfully rolled out
deployment "ms-66473" successfully rolled out
deployment "ms-69188" successfully rolled out
deployment "ms-69614" successfully rolled out
deployment "ms-9081" successfully rolled out
deployment "nginx-web-server" successfully rolled out
deployment "unknown" successfully rolled out
ENTRY_POINT: nginx-web-server
SERVICE_A_URL: 10.103.213.28:50051
Capacity: 10000
Metadata: request-id={{.RequestNumber}}
Metadata: timestamp={{.TimestampUnix}}
Metadata: method=S_149998854
Charon Configurations:
[{INTERCEPT breakwaterd} {PRICE_UPDATE_RATE 10ms} {TOKEN_UPDATE_RATE 10ms} {LATENCY_THRESHOLD 100us} {PRICE_STEP 0} {PRICE_STRATEGY step} {LAZY_UPDATE false} {RATE_LIMITING true} {LOAD_SHEDDING true} {CHARON_TRACK_PRICE false} {BREAKWATER_SLO 47846us} {BREAKWATER_A 8.01363723590992} {BREAKWATER_B 2.961724483672467} {BREAKWATER_CLIENT_EXPIRATION 2259us} {BREAKWATER_INITIAL_CREDIT 223} {BREAKWATER_LOAD_SHEDDING true} {BREAKWATER_RTT 0us} {BREAKWATERD_SLO 13445us} {BREAKWATERD_A 7.092502829917316} {BREAKWATERD_B 0.0} {BREAKWATERD_CLIENT_EXPIRATION 79388us} {BREAKWATERD_INITIAL_CREDIT 3294} {BREAKWATERD_LOAD_SHEDDING true} {BREAKWATERD_RTT 14683us} {DAGOR_QUEUING_THRESHOLD 2ms} {DAGOR_ALPHA 0.05} {DAGOR_BETA 0.01} {DAGOR_ADMISSION_LEVEL_UPDATE_INTERVAL 10ms} {DAGOR_UMAX 20}]

Summary:
  Count:	100860
  Total:	24.93 s
  Slowest:	894.96 ms
  Fastest:	111.19 ms
  Average:	791.21 ms
  Requests/sec:	4045.78

Response time histogram:
  111.192 [1]     |
  189.569 [11459] |∎∎∎∎∎∎∎∎∎∎∎∎∎∎∎∎∎∎∎∎∎∎∎∎∎∎∎∎∎∎∎∎∎∎∎∎∎∎∎∎
  267.945 [1086]  |∎∎∎∎
  346.322 [516]   |∎∎
  424.698 [17]    |
  503.075 [0]     |
  581.451 [0]     |
  659.828 [0]     |
  738.204 [0]     |
  816.581 [6]     |
  894.957 [40]    |

Latency distribution:
  10 % in 112.82 ms 
  25 % in 113.92 ms 
  50 % in 116.35 ms 
  75 % in 123.29 ms 
  90 % in 218.25 ms 
  95 % in 261.73 ms 
  99 % in 323.55 ms 

Status code distribution:
  [OK]                  13125 responses   
  [ResourceExhausted]   6187 responses    
  [DeadlineExceeded]    72917 responses   
  [Canceled]            8631 responses    

Error distribution:
  [8631]    rpc error: code = Canceled desc = grpc: the client connection is closing                                              
  [447]     rpc error: code = ResourceExhausted desc = Client id bc276f6e-21ad-4cd8-8648-3ca4ba579ef1 request expired in queue.   
  [5740]    rpc error: code = ResourceExhausted desc = Server-side queuing delay is beyond AQM threshold                          
  [72917]   rpc error: code = DeadlineExceeded desc = context deadline exceeded                                                   

Debug: Checking Namespace=default, Pod=ms-10090-6454f977fd-lww2q for Target File=deathstar_*.output
Namespace: default, Pod: ms-10090-6454f977fd-lww2q has the target files.
Copying deathstar_ms-10090.output to deathstar_ms-10090.output
tar: removing leading '/' from member names
Debug: Checking Namespace=default, Pod=ms-13558-b48bb5d9d-vqvx8 for Target File=deathstar_*.output
Namespace: default, Pod: ms-13558-b48bb5d9d-vqvx8 has the target files.
Copying deathstar_ms-13558.output to deathstar_ms-13558.output
tar: removing leading '/' from member names
Debug: Checking Namespace=default, Pod=ms-18330-759d9cf49c-kc6k8 for Target File=deathstar_*.output
Namespace: default, Pod: ms-18330-759d9cf49c-kc6k8 has the target files.
Copying deathstar_ms-18330.output to deathstar_ms-18330.output
tar: removing leading '/' from member names
Debug: Checking Namespace=default, Pod=ms-19585-6f995cfcbf-xm2b4 for Target File=deathstar_*.output
Namespace: default, Pod: ms-19585-6f995cfcbf-xm2b4 has the target files.
Copying deathstar_ms-19585.output to deathstar_ms-19585.output
tar: removing leading '/' from member names
Debug: Checking Namespace=default, Pod=ms-20172-59d5485464-tvqft for Target File=deathstar_*.output
Namespace: default, Pod: ms-20172-59d5485464-tvqft has the target files.
Copying deathstar_ms-20172.output to deathstar_ms-20172.output
tar: removing leading '/' from member names
Debug: Checking Namespace=default, Pod=ms-22893-576fd5f9f6-tn7mc for Target File=deathstar_*.output
Namespace: default, Pod: ms-22893-576fd5f9f6-tn7mc has the target files.
Copying deathstar_ms-22893.output to deathstar_ms-22893.output
tar: removing leading '/' from member names
Debug: Checking Namespace=default, Pod=ms-24009-67dbf5b976-6ngcz for Target File=deathstar_*.output
Namespace: default, Pod: ms-24009-67dbf5b976-6ngcz has the target files.
Copying deathstar_ms-24009.output to deathstar_ms-24009.output
tar: removing leading '/' from member names
Debug: Checking Namespace=default, Pod=ms-24959-99f8bbf9-7rnrg for Target File=deathstar_*.output
Namespace: default, Pod: ms-24959-99f8bbf9-7rnrg has the target files.
Copying deathstar_ms-24959.output to deathstar_ms-24959.output
tar: removing leading '/' from member names
Debug: Checking Namespace=default, Pod=ms-26622-66fdf7d64f-tj999 for Target File=deathstar_*.output
Namespace: default, Pod: ms-26622-66fdf7d64f-tj999 has the target files.
Copying deathstar_ms-26622.output to deathstar_ms-26622.output
tar: removing leading '/' from member names
Debug: Checking Namespace=default, Pod=ms-27421-64f549855c-4wsxl for Target File=deathstar_*.output
Namespace: default, Pod: ms-27421-64f549855c-4wsxl has the target files.
Copying deathstar_ms-27421.output to deathstar_ms-27421.output
tar: removing leading '/' from member names
Debug: Checking Namespace=default, Pod=ms-29373-8467f7db44-752cp for Target File=deathstar_*.output
Namespace: default, Pod: ms-29373-8467f7db44-752cp has the target files.
Copying deathstar_ms-29373.output to deathstar_ms-29373.output
tar: removing leading '/' from member names
Debug: Checking Namespace=default, Pod=ms-32301-c5654bbc5-qcg59 for Target File=deathstar_*.output
Namespace: default, Pod: ms-32301-c5654bbc5-qcg59 has the target files.
Copying deathstar_ms-32301.output to deathstar_ms-32301.output
tar: removing leading '/' from member names
Debug: Checking Namespace=default, Pod=ms-3289-587dbd96bf-r9gnj for Target File=deathstar_*.output
Namespace: default, Pod: ms-3289-587dbd96bf-r9gnj has the target files.
Copying deathstar_ms-3289.output to deathstar_ms-3289.output
tar: removing leading '/' from member names
Debug: Checking Namespace=default, Pod=ms-37691-6dc6cd6744-ktdq6 for Target File=deathstar_*.output
Namespace: default, Pod: ms-37691-6dc6cd6744-ktdq6 has the target files.
Copying deathstar_ms-37691.output to deathstar_ms-37691.output
tar: removing leading '/' from member names
Debug: Checking Namespace=default, Pod=ms-38964-5b647cdbd-dzlwz for Target File=deathstar_*.output
Namespace: default, Pod: ms-38964-5b647cdbd-dzlwz has the target files.
Copying deathstar_ms-38964.output to deathstar_ms-38964.output
tar: removing leading '/' from member names
Debug: Checking Namespace=default, Pod=ms-40147-cd867585-mvv4h for Target File=deathstar_*.output
Namespace: default, Pod: ms-40147-cd867585-mvv4h has the target files.
Copying deathstar_ms-40147.output to deathstar_ms-40147.output
tar: removing leading '/' from member names
Debug: Checking Namespace=default, Pod=ms-48118-ff7b99cc9-5btxb for Target File=deathstar_*.output
Namespace: default, Pod: ms-48118-ff7b99cc9-5btxb has the target files.
Copying deathstar_ms-48118.output to deathstar_ms-48118.output
tar: removing leading '/' from member names
Debug: Checking Namespace=default, Pod=ms-4829-669557b66c-xvz5t for Target File=deathstar_*.output
Namespace: default, Pod: ms-4829-669557b66c-xvz5t has the target files.
Copying deathstar_ms-4829.output to deathstar_ms-4829.output
tar: removing leading '/' from member names
Debug: Checking Namespace=default, Pod=ms-51685-79858c784f-xtdcp for Target File=deathstar_*.output
Namespace: default, Pod: ms-51685-79858c784f-xtdcp has the target files.
Copying deathstar_ms-51685.output to deathstar_ms-51685.output
tar: removing leading '/' from member names
Debug: Checking Namespace=default, Pod=ms-52379-57c6cdd54b-424ld for Target File=deathstar_*.output
Namespace: default, Pod: ms-52379-57c6cdd54b-424ld has the target files.
Copying deathstar_ms-52379.output to deathstar_ms-52379.output
tar: removing leading '/' from member names
Debug: Checking Namespace=default, Pod=ms-55394-6f999f5df9-jkg4c for Target File=deathstar_*.output
Namespace: default, Pod: ms-55394-6f999f5df9-jkg4c has the target files.
Copying deathstar_ms-55394.output to deathstar_ms-55394.output
tar: removing leading '/' from member names
Debug: Checking Namespace=default, Pod=ms-58436-59dd96f659-shs5l for Target File=deathstar_*.output
Namespace: default, Pod: ms-58436-59dd96f659-shs5l has the target files.
Copying deathstar_ms-58436.output to deathstar_ms-58436.output
tar: removing leading '/' from member names
Debug: Checking Namespace=default, Pod=ms-58772-68ff78c966-ndr6d for Target File=deathstar_*.output
Namespace: default, Pod: ms-58772-68ff78c966-ndr6d has the target files.
Copying deathstar_ms-58772.output to deathstar_ms-58772.output
tar: removing leading '/' from member names
Debug: Checking Namespace=default, Pod=ms-59962-756b895b58-gx7zt for Target File=deathstar_*.output
Namespace: default, Pod: ms-59962-756b895b58-gx7zt has the target files.
Copying deathstar_ms-59962.output to deathstar_ms-59962.output
tar: removing leading '/' from member names
Debug: Checking Namespace=default, Pod=ms-60061-68bd84bdcd-p6trp for Target File=deathstar_*.output
Namespace: default, Pod: ms-60061-68bd84bdcd-p6trp has the target files.
Copying deathstar_ms-60061.output to deathstar_ms-60061.output
tar: removing leading '/' from member names
Debug: Checking Namespace=default, Pod=ms-6323-974659fcd-qxgnd for Target File=deathstar_*.output
Namespace: default, Pod: ms-6323-974659fcd-qxgnd has the target files.
Copying deathstar_ms-6323.output to deathstar_ms-6323.output
tar: removing leading '/' from member names
Debug: Checking Namespace=default, Pod=ms-65741-65f588bcdf-rvrs6 for Target File=deathstar_*.output
Namespace: default, Pod: ms-65741-65f588bcdf-rvrs6 has the target files.
Copying deathstar_ms-65741.output to deathstar_ms-65741.output
tar: removing leading '/' from member names
Debug: Checking Namespace=default, Pod=ms-66473-79c66f8bff-7zsjz for Target File=deathstar_*.output
Namespace: default, Pod: ms-66473-79c66f8bff-7zsjz has the target files.
Copying deathstar_ms-66473.output to deathstar_ms-66473.output
tar: removing leading '/' from member names
Debug: Checking Namespace=default, Pod=ms-69188-65c548d4cb-lzh2g for Target File=deathstar_*.output
Namespace: default, Pod: ms-69188-65c548d4cb-lzh2g has the target files.
Copying deathstar_ms-69188.output to deathstar_ms-69188.output
tar: removing leading '/' from member names
Debug: Checking Namespace=default, Pod=ms-69614-794bd8475-lb6lq for Target File=deathstar_*.output
Namespace: default, Pod: ms-69614-794bd8475-lb6lq has the target files.
Copying deathstar_ms-69614.output to deathstar_ms-69614.output
tar: removing leading '/' from member names
Debug: Checking Namespace=default, Pod=ms-9081-567985788-wb7vn for Target File=deathstar_*.output
Namespace: default, Pod: ms-9081-567985788-wb7vn has the target files.
Copying deathstar_ms-9081.output to deathstar_ms-9081.output
tar: removing leading '/' from member names
Debug: Checking Namespace=default, Pod=nginx-web-server-56557f7cb7-lxl7v for Target File=deathstar_*.output
Namespace: default, Pod: nginx-web-server-56557f7cb7-lxl7v has the target files.
Copying deathstar_nginx-web-server.output to deathstar_nginx-web-server.output
tar: removing leading '/' from member names
Debug: Checking Namespace=default, Pod=unknown-6ddf9bd4b5-dmhmt for Target File=deathstar_*.output
Namespace: default, Pod: unknown-6ddf9bd4b5-dmhmt has the target files.
Copying deathstar_unknown.output to deathstar_unknown.output
tar: removing leading '/' from member names
