Deployments: ms-11070
ms-11285
ms-11512
ms-1278
ms-13873
ms-19953
ms-21883
ms-25124
ms-27421
ms-2827
ms-33719
ms-37691
ms-43309
ms-4354
ms-46825
ms-60236
ms-71771
ms-8052
ms-902
nginx-web-server
deployment "ms-11070" successfully rolled out
deployment "ms-11285" successfully rolled out
deployment "ms-11512" successfully rolled out
deployment "ms-1278" successfully rolled out
deployment "ms-13873" successfully rolled out
deployment "ms-19953" successfully rolled out
deployment "ms-21883" successfully rolled out
deployment "ms-25124" successfully rolled out
deployment "ms-27421" successfully rolled out
deployment "ms-2827" successfully rolled out
deployment "ms-33719" successfully rolled out
deployment "ms-37691" successfully rolled out
deployment "ms-43309" successfully rolled out
deployment "ms-4354" successfully rolled out
deployment "ms-46825" successfully rolled out
deployment "ms-60236" successfully rolled out
deployment "ms-71771" successfully rolled out
deployment "ms-8052" successfully rolled out
deployment "ms-902" successfully rolled out
deployment "nginx-web-server" successfully rolled out
ENTRY_POINT: nginx-web-server
SERVICE_A_URL: 10.101.168.72:50051
Capacity: 10000
Metadata: timestamp={{.TimestampUnix}}
Metadata: method=S_102000854
Metadata: request-id={{.RequestNumber}}
Charon Configurations:
[{INTERCEPT charon} {PRICE_UPDATE_RATE 2082us} {TOKEN_UPDATE_RATE 14387us} {LATENCY_THRESHOLD 6030us} {PRICE_STEP 116} {PRICE_STRATEGY proportional} {LAZY_UPDATE true} {RATE_LIMITING true} {LOAD_SHEDDING true} {CHARON_TRACK_PRICE false} {BREAKWATER_SLO 12500us} {BREAKWATER_A 0.001} {BREAKWATER_B 0.02} {BREAKWATER_CLIENT_EXPIRATION 10ms} {BREAKWATER_INITIAL_CREDIT 400} {BREAKWATER_LOAD_SHEDDING true} {BREAKWATER_RTT 1000us} {BREAKWATERD_SLO 12500us} {BREAKWATERD_A 0.001} {BREAKWATERD_B 0.02} {BREAKWATERD_CLIENT_EXPIRATION 10ms} {BREAKWATERD_INITIAL_CREDIT 400} {BREAKWATERD_LOAD_SHEDDING true} {BREAKWATERD_RTT 1000us} {DAGOR_QUEUING_THRESHOLD 2ms} {DAGOR_ALPHA 0.05} {DAGOR_BETA 0.01} {DAGOR_ADMISSION_LEVEL_UPDATE_INTERVAL 10ms} {DAGOR_UMAX 20}]

Summary:
  Count:	60469
  Total:	14.76 s
  Slowest:	775.02 ms
  Fastest:	38.85 ms
  Average:	58.08 ms
  Requests/sec:	4096.51

Response time histogram:
  38.847  [1]     |
  112.464 [54421] |∎∎∎∎∎∎∎∎∎∎∎∎∎∎∎∎∎∎∎∎∎∎∎∎∎∎∎∎∎∎∎∎∎∎∎∎∎∎∎∎
  186.081 [815]   |∎
  259.698 [974]   |∎
  333.315 [1016]  |∎
  406.932 [451]   |
  480.549 [24]    |
  554.166 [0]     |
  627.783 [0]     |
  701.400 [0]     |
  775.017 [8]     |

Latency distribution:
  10 % in 40.36 ms 
  25 % in 41.79 ms 
  50 % in 45.53 ms 
  75 % in 54.13 ms 
  90 % in 69.13 ms 
  95 % in 150.26 ms 
  99 % in 328.28 ms 

Status code distribution:
  [OK]                  57710 responses   
  [ResourceExhausted]   2707 responses    
  [Canceled]            52 responses      

Error distribution:
  [658]    rpc error: code = ResourceExhausted desc = S_102000854 req dropped by ms-13873. Try again later.           
  [52]     rpc error: code = Canceled desc = grpc: the client connection is closing                                   
  [233]    rpc error: code = ResourceExhausted desc = S_102000854 req dropped by ms-60236. Try again later.           
  [129]    rpc error: code = ResourceExhausted desc = S_102000854 req dropped by ms-25124. Try again later.           
  [1684]   rpc error: code = ResourceExhausted desc = S_102000854 req dropped by nginx-web-server. Try again later.   
  [3]      rpc error: code = ResourceExhausted desc = S_102000854 req dropped by ms-33719. Try again later.           

Debug: Checking Namespace=default, Pod=ms-11070-7868c54f44-rsnqn for Target File=deathstar_*.output
Namespace: default, Pod: ms-11070-7868c54f44-rsnqn has the target files.
Copying deathstar_ms-11070.output to deathstar_ms-11070.output
tar: removing leading '/' from member names
Debug: Checking Namespace=default, Pod=ms-11285-67d597dc77-fqqjq for Target File=deathstar_*.output
Namespace: default, Pod: ms-11285-67d597dc77-fqqjq has the target files.
Copying deathstar_ms-11285.output to deathstar_ms-11285.output
tar: removing leading '/' from member names
Debug: Checking Namespace=default, Pod=ms-11512-75f8ddc45b-s4ns6 for Target File=deathstar_*.output
Namespace: default, Pod: ms-11512-75f8ddc45b-s4ns6 has the target files.
Copying deathstar_ms-11512.output to deathstar_ms-11512.output
tar: removing leading '/' from member names
Debug: Checking Namespace=default, Pod=ms-1278-85766ff6b8-m2fd4 for Target File=deathstar_*.output
Namespace: default, Pod: ms-1278-85766ff6b8-m2fd4 has the target files.
Copying deathstar_ms-1278.output to deathstar_ms-1278.output
tar: removing leading '/' from member names
Debug: Checking Namespace=default, Pod=ms-13873-85d7bb7b97-gjz49 for Target File=deathstar_*.output
Namespace: default, Pod: ms-13873-85d7bb7b97-gjz49 has the target files.
Copying deathstar_ms-13873.output to deathstar_ms-13873.output
tar: removing leading '/' from member names
Debug: Checking Namespace=default, Pod=ms-19953-68cc8998c5-rndf9 for Target File=deathstar_*.output
Namespace: default, Pod: ms-19953-68cc8998c5-rndf9 has the target files.
Copying deathstar_ms-19953.output to deathstar_ms-19953.output
tar: removing leading '/' from member names
Debug: Checking Namespace=default, Pod=ms-21883-f6c88c6d4-rndjj for Target File=deathstar_*.output
Namespace: default, Pod: ms-21883-f6c88c6d4-rndjj has the target files.
Copying deathstar_ms-21883.output to deathstar_ms-21883.output
tar: removing leading '/' from member names
Debug: Checking Namespace=default, Pod=ms-25124-77bd4446f5-snszc for Target File=deathstar_*.output
Namespace: default, Pod: ms-25124-77bd4446f5-snszc has the target files.
Copying deathstar_ms-25124.output to deathstar_ms-25124.output
tar: removing leading '/' from member names
Debug: Checking Namespace=default, Pod=ms-27421-8565974486-fmtpn for Target File=deathstar_*.output
Namespace: default, Pod: ms-27421-8565974486-fmtpn has the target files.
Copying deathstar_ms-27421.output to deathstar_ms-27421.output
tar: removing leading '/' from member names
Debug: Checking Namespace=default, Pod=ms-2827-5dcc6df4f4-dhqdv for Target File=deathstar_*.output
Namespace: default, Pod: ms-2827-5dcc6df4f4-dhqdv has the target files.
Copying deathstar_ms-2827.output to deathstar_ms-2827.output
tar: removing leading '/' from member names
Debug: Checking Namespace=default, Pod=ms-33719-6c455cf54c-mwlsq for Target File=deathstar_*.output
Namespace: default, Pod: ms-33719-6c455cf54c-mwlsq has the target files.
Copying deathstar_ms-33719.output to deathstar_ms-33719.output
tar: removing leading '/' from member names
Debug: Checking Namespace=default, Pod=ms-37691-b9bc44798-c27r8 for Target File=deathstar_*.output
Namespace: default, Pod: ms-37691-b9bc44798-c27r8 has the target files.
Copying deathstar_ms-37691.output to deathstar_ms-37691.output
tar: removing leading '/' from member names
Debug: Checking Namespace=default, Pod=ms-43309-54f758d465-fj5rn for Target File=deathstar_*.output
Namespace: default, Pod: ms-43309-54f758d465-fj5rn has the target files.
Copying deathstar_ms-43309.output to deathstar_ms-43309.output
tar: removing leading '/' from member names
Debug: Checking Namespace=default, Pod=ms-4354-669cfcbdf6-s2nkr for Target File=deathstar_*.output
Namespace: default, Pod: ms-4354-669cfcbdf6-s2nkr has the target files.
Copying deathstar_ms-4354.output to deathstar_ms-4354.output
tar: removing leading '/' from member names
Debug: Checking Namespace=default, Pod=ms-46825-58c684559d-wggvg for Target File=deathstar_*.output
Namespace: default, Pod: ms-46825-58c684559d-wggvg has the target files.
Copying deathstar_ms-46825.output to deathstar_ms-46825.output
tar: removing leading '/' from member names
Debug: Checking Namespace=default, Pod=ms-60236-64866cf49-57nv6 for Target File=deathstar_*.output
Namespace: default, Pod: ms-60236-64866cf49-57nv6 has the target files.
Copying deathstar_ms-60236.output to deathstar_ms-60236.output
tar: removing leading '/' from member names
Debug: Checking Namespace=default, Pod=ms-71771-567ddbdd95-k5dr5 for Target File=deathstar_*.output
Namespace: default, Pod: ms-71771-567ddbdd95-k5dr5 has the target files.
Copying deathstar_ms-71771.output to deathstar_ms-71771.output
tar: removing leading '/' from member names
Debug: Checking Namespace=default, Pod=ms-8052-b995968dc-78mc8 for Target File=deathstar_*.output
Namespace: default, Pod: ms-8052-b995968dc-78mc8 has the target files.
Copying deathstar_ms-8052.output to deathstar_ms-8052.output
tar: removing leading '/' from member names
Debug: Checking Namespace=default, Pod=ms-902-5744544f85-9jvpm for Target File=deathstar_*.output
Namespace: default, Pod: ms-902-5744544f85-9jvpm has the target files.
Copying deathstar_ms-902.output to deathstar_ms-902.output
tar: removing leading '/' from member names
Debug: Checking Namespace=default, Pod=nginx-web-server-56557f7cb7-qfft5 for Target File=deathstar_*.output
Namespace: default, Pod: nginx-web-server-56557f7cb7-qfft5 has the target files.
Copying deathstar_nginx-web-server.output to deathstar_nginx-web-server.output
tar: removing leading '/' from member names
