Deployments: ms-25648
ms-27283
ms-27421
ms-2827
ms-34756
ms-36144
ms-37691
ms-41385
ms-41914
ms-46825
ms-54016
ms-55339
ms-58269
ms-58845
ms-68328
ms-70297
nginx-web-server
unknown
deployment "ms-25648" successfully rolled out
deployment "ms-27283" successfully rolled out
deployment "ms-27421" successfully rolled out
deployment "ms-2827" successfully rolled out
deployment "ms-34756" successfully rolled out
deployment "ms-36144" successfully rolled out
deployment "ms-37691" successfully rolled out
deployment "ms-41385" successfully rolled out
deployment "ms-41914" successfully rolled out
deployment "ms-46825" successfully rolled out
deployment "ms-54016" successfully rolled out
deployment "ms-55339" successfully rolled out
deployment "ms-58269" successfully rolled out
deployment "ms-58845" successfully rolled out
deployment "ms-68328" successfully rolled out
deployment "ms-70297" successfully rolled out
deployment "nginx-web-server" successfully rolled out
deployment "unknown" successfully rolled out
ENTRY_POINT: nginx-web-server
SERVICE_A_URL: 10.98.212.226:50051
Capacity: 10000
Metadata: timestamp={{.TimestampUnix}}
Metadata: method=S_161142529
Metadata: request-id={{.RequestNumber}}
Charon Configurations:
[{INTERCEPT charon} {PRICE_UPDATE_RATE 21064us} {TOKEN_UPDATE_RATE 10149us} {LATENCY_THRESHOLD 28740us} {PRICE_STEP 84} {PRICE_STRATEGY proportional} {LAZY_UPDATE true} {RATE_LIMITING true} {LOAD_SHEDDING true} {CHARON_TRACK_PRICE false} {BREAKWATER_SLO 12500us} {BREAKWATER_A 0.001} {BREAKWATER_B 0.02} {BREAKWATER_CLIENT_EXPIRATION 10ms} {BREAKWATER_INITIAL_CREDIT 400} {BREAKWATER_LOAD_SHEDDING true} {BREAKWATER_RTT 1000us} {BREAKWATERD_SLO 12500us} {BREAKWATERD_A 0.001} {BREAKWATERD_B 0.02} {BREAKWATERD_CLIENT_EXPIRATION 10ms} {BREAKWATERD_INITIAL_CREDIT 400} {BREAKWATERD_LOAD_SHEDDING true} {BREAKWATERD_RTT 1000us} {DAGOR_QUEUING_THRESHOLD 2ms} {DAGOR_ALPHA 0.05} {DAGOR_BETA 0.01} {DAGOR_ADMISSION_LEVEL_UPDATE_INTERVAL 10ms} {DAGOR_UMAX 20}]

Summary:
  Count:	84144
  Total:	14.80 s
  Slowest:	1.03 s
  Fastest:	64.98 ms
  Average:	149.60 ms
  Requests/sec:	5684.19

Response time histogram:
  64.977   [1]     |
  161.122  [68521] |∎∎∎∎∎∎∎∎∎∎∎∎∎∎∎∎∎∎∎∎∎∎∎∎∎∎∎∎∎∎∎∎∎∎∎∎∎∎∎∎
  257.266  [1436]  |∎
  353.410  [1589]  |∎
  449.555  [912]   |∎
  545.699  [1210]  |∎
  641.843  [1306]  |∎
  737.988  [1399]  |∎
  834.132  [1917]  |∎
  930.276  [754]   |
  1026.421 [362]   |

Latency distribution:
  10 % in 68.13 ms 
  25 % in 72.07 ms 
  50 % in 84.06 ms 
  75 % in 105.96 ms 
  90 % in 345.58 ms 
  95 % in 677.31 ms 
  99 % in 862.03 ms 

Status code distribution:
  [ResourceExhausted]   4257 responses    
  [DeadlineExceeded]    261 responses     
  [Canceled]            219 responses     
  [OK]                  79407 responses   

Error distribution:
  [620]    rpc error: code = ResourceExhausted desc = S_161142529 req dropped by unknown. Try again later.            
  [141]    rpc error: code = ResourceExhausted desc = S_161142529 req dropped by ms-41385. Try again later.           
  [1844]   rpc error: code = ResourceExhausted desc = S_161142529 req dropped by nginx-web-server. Try again later.   
  [261]    rpc error: code = DeadlineExceeded desc = context deadline exceeded                                        
  [219]    rpc error: code = Canceled desc = grpc: the client connection is closing                                   
  [866]    rpc error: code = ResourceExhausted desc = S_161142529 req dropped by ms-27283. Try again later.           
  [786]    rpc error: code = ResourceExhausted desc = S_161142529 req dropped by ms-36144. Try again later.           

Debug: Checking Namespace=default, Pod=ms-25648-86cc47d8bd-88hpb for Target File=deathstar_*.output
Namespace: default, Pod: ms-25648-86cc47d8bd-88hpb has the target files.
Copying deathstar_ms-25648.output to deathstar_ms-25648.output
tar: removing leading '/' from member names
Debug: Checking Namespace=default, Pod=ms-27283-7cb76dd56d-2x282 for Target File=deathstar_*.output
Namespace: default, Pod: ms-27283-7cb76dd56d-2x282 has the target files.
Copying deathstar_ms-27283.output to deathstar_ms-27283.output
tar: removing leading '/' from member names
Debug: Checking Namespace=default, Pod=ms-27421-64f549855c-fcblk for Target File=deathstar_*.output
Namespace: default, Pod: ms-27421-64f549855c-fcblk has the target files.
Copying deathstar_ms-27421.output to deathstar_ms-27421.output
tar: removing leading '/' from member names
Debug: Checking Namespace=default, Pod=ms-2827-565cbcd7b-dzgsv for Target File=deathstar_*.output
Namespace: default, Pod: ms-2827-565cbcd7b-dzgsv has the target files.
Copying deathstar_ms-2827.output to deathstar_ms-2827.output
tar: removing leading '/' from member names
Debug: Checking Namespace=default, Pod=ms-34756-7c45d5bcc-77d8t for Target File=deathstar_*.output
Namespace: default, Pod: ms-34756-7c45d5bcc-77d8t has the target files.
Copying deathstar_ms-34756.output to deathstar_ms-34756.output
tar: removing leading '/' from member names
Debug: Checking Namespace=default, Pod=ms-36144-7bf7cbfff6-pl9jp for Target File=deathstar_*.output
Namespace: default, Pod: ms-36144-7bf7cbfff6-pl9jp has the target files.
Copying deathstar_ms-36144.output to deathstar_ms-36144.output
tar: removing leading '/' from member names
Debug: Checking Namespace=default, Pod=ms-37691-6f7cbf7c5-zjc6k for Target File=deathstar_*.output
Namespace: default, Pod: ms-37691-6f7cbf7c5-zjc6k has the target files.
Copying deathstar_ms-37691.output to deathstar_ms-37691.output
tar: removing leading '/' from member names
Debug: Checking Namespace=default, Pod=ms-41385-6bc4f5d4fc-5jrrp for Target File=deathstar_*.output
Namespace: default, Pod: ms-41385-6bc4f5d4fc-5jrrp has the target files.
Copying deathstar_ms-41385.output to deathstar_ms-41385.output
tar: removing leading '/' from member names
Debug: Checking Namespace=default, Pod=ms-41914-5555dd8d48-t5v5r for Target File=deathstar_*.output
Namespace: default, Pod: ms-41914-5555dd8d48-t5v5r has the target files.
Copying deathstar_ms-41914.output to deathstar_ms-41914.output
tar: removing leading '/' from member names
Debug: Checking Namespace=default, Pod=ms-46825-58c684559d-2kgwf for Target File=deathstar_*.output
Namespace: default, Pod: ms-46825-58c684559d-2kgwf has the target files.
Copying deathstar_ms-46825.output to deathstar_ms-46825.output
tar: removing leading '/' from member names
Debug: Checking Namespace=default, Pod=ms-54016-5665fbcb8d-7xgmn for Target File=deathstar_*.output
Namespace: default, Pod: ms-54016-5665fbcb8d-7xgmn has the target files.
Copying deathstar_ms-54016.output to deathstar_ms-54016.output
tar: removing leading '/' from member names
Debug: Checking Namespace=default, Pod=ms-55339-5b545b67bb-xjl5g for Target File=deathstar_*.output
Namespace: default, Pod: ms-55339-5b545b67bb-xjl5g has the target files.
Copying deathstar_ms-55339.output to deathstar_ms-55339.output
tar: removing leading '/' from member names
Debug: Checking Namespace=default, Pod=ms-58269-8c4794c6c-rpqfw for Target File=deathstar_*.output
Namespace: default, Pod: ms-58269-8c4794c6c-rpqfw has the target files.
Copying deathstar_ms-58269.output to deathstar_ms-58269.output
tar: removing leading '/' from member names
Debug: Checking Namespace=default, Pod=ms-58845-5bc6f9d8df-nbxqk for Target File=deathstar_*.output
Namespace: default, Pod: ms-58845-5bc6f9d8df-nbxqk has the target files.
Copying deathstar_ms-58845.output to deathstar_ms-58845.output
tar: removing leading '/' from member names
Debug: Checking Namespace=default, Pod=ms-68328-5866fd45b7-vxkpp for Target File=deathstar_*.output
Namespace: default, Pod: ms-68328-5866fd45b7-vxkpp has the target files.
Copying deathstar_ms-68328.output to deathstar_ms-68328.output
tar: removing leading '/' from member names
Debug: Checking Namespace=default, Pod=ms-70297-868876bcdb-mqkdl for Target File=deathstar_*.output
Namespace: default, Pod: ms-70297-868876bcdb-mqkdl has the target files.
Copying deathstar_ms-70297.output to deathstar_ms-70297.output
tar: removing leading '/' from member names
Debug: Checking Namespace=default, Pod=nginx-web-server-56557f7cb7-4qtrw for Target File=deathstar_*.output
Namespace: default, Pod: nginx-web-server-56557f7cb7-4qtrw has the target files.
Copying deathstar_nginx-web-server.output to deathstar_nginx-web-server.output
tar: removing leading '/' from member names
Debug: Checking Namespace=default, Pod=unknown-57ddd65965-7bz9j for Target File=deathstar_*.output
Namespace: default, Pod: unknown-57ddd65965-7bz9j has the target files.
Copying deathstar_unknown.output to deathstar_unknown.output
tar: removing leading '/' from member names
