Deployments: ms-11070
ms-11285
ms-11512
ms-1278
ms-13873
ms-19953
ms-21883
ms-25124
ms-27421
ms-2827
ms-33719
ms-37691
ms-43309
ms-4354
ms-46825
ms-60236
ms-71771
ms-8052
ms-902
nginx-web-server
deployment "ms-11070" successfully rolled out
deployment "ms-11285" successfully rolled out
deployment "ms-11512" successfully rolled out
deployment "ms-1278" successfully rolled out
deployment "ms-13873" successfully rolled out
deployment "ms-19953" successfully rolled out
deployment "ms-21883" successfully rolled out
deployment "ms-25124" successfully rolled out
deployment "ms-27421" successfully rolled out
deployment "ms-2827" successfully rolled out
deployment "ms-33719" successfully rolled out
deployment "ms-37691" successfully rolled out
deployment "ms-43309" successfully rolled out
deployment "ms-4354" successfully rolled out
deployment "ms-46825" successfully rolled out
deployment "ms-60236" successfully rolled out
deployment "ms-71771" successfully rolled out
deployment "ms-8052" successfully rolled out
deployment "ms-902" successfully rolled out
deployment "nginx-web-server" successfully rolled out
ENTRY_POINT: nginx-web-server
SERVICE_A_URL: 10.96.149.211:50051
Capacity: 10000
Metadata: request-id={{.RequestNumber}}
Metadata: timestamp={{.TimestampUnix}}
Metadata: method=S_102000854
Charon Configurations:
[{INTERCEPT charon} {PRICE_UPDATE_RATE 22864us} {TOKEN_UPDATE_RATE 18699us} {LATENCY_THRESHOLD 6957us} {PRICE_STEP 34} {PRICE_STRATEGY proportional} {LAZY_UPDATE true} {RATE_LIMITING true} {LOAD_SHEDDING true} {CHARON_TRACK_PRICE false} {BREAKWATER_SLO 12500us} {BREAKWATER_A 0.001} {BREAKWATER_B 0.02} {BREAKWATER_CLIENT_EXPIRATION 10ms} {BREAKWATER_INITIAL_CREDIT 400} {BREAKWATER_LOAD_SHEDDING true} {BREAKWATER_RTT 1000us} {BREAKWATERD_SLO 12500us} {BREAKWATERD_A 0.001} {BREAKWATERD_B 0.02} {BREAKWATERD_CLIENT_EXPIRATION 10ms} {BREAKWATERD_INITIAL_CREDIT 400} {BREAKWATERD_LOAD_SHEDDING true} {BREAKWATERD_RTT 1000us} {DAGOR_QUEUING_THRESHOLD 2ms} {DAGOR_ALPHA 0.05} {DAGOR_BETA 0.01} {DAGOR_ADMISSION_LEVEL_UPDATE_INTERVAL 10ms} {DAGOR_UMAX 20}]

Summary:
  Count:	85021
  Total:	14.80 s
  Slowest:	947.35 ms
  Fastest:	39.02 ms
  Average:	101.05 ms
  Requests/sec:	5745.68

Response time histogram:
  39.016  [1]     |
  129.850 [68860] |∎∎∎∎∎∎∎∎∎∎∎∎∎∎∎∎∎∎∎∎∎∎∎∎∎∎∎∎∎∎∎∎∎∎∎∎∎∎∎∎
  220.683 [2147]  |∎
  311.516 [2573]  |∎
  402.350 [2766]  |∎∎
  493.183 [1515]  |∎
  584.016 [1315]  |∎
  674.850 [542]   |
  765.683 [49]    |
  856.516 [54]    |
  947.350 [110]   |

Latency distribution:
  10 % in 41.57 ms 
  25 % in 52.38 ms 
  50 % in 66.71 ms 
  75 % in 86.39 ms 
  90 % in 246.97 ms 
  95 % in 390.36 ms 
  99 % in 579.90 ms 

Status code distribution:
  [OK]                  79932 responses   
  [ResourceExhausted]   4878 responses    
  [Canceled]            211 responses     

Error distribution:
  [3319]   rpc error: code = ResourceExhausted desc = S_102000854 req dropped by nginx-web-server. Try again later.   
  [211]    rpc error: code = Canceled desc = grpc: the client connection is closing                                   
  [1]      rpc error: code = ResourceExhausted desc = S_102000854 req dropped by ms-71771. Try again later.           
  [312]    rpc error: code = ResourceExhausted desc = S_102000854 req dropped by ms-60236. Try again later.           
  [876]    rpc error: code = ResourceExhausted desc = S_102000854 req dropped by ms-13873. Try again later.           
  [370]    rpc error: code = ResourceExhausted desc = S_102000854 req dropped by ms-25124. Try again later.           

Debug: Checking Namespace=default, Pod=ms-11070-7868c54f44-hlfh5 for Target File=deathstar_*.output
Namespace: default, Pod: ms-11070-7868c54f44-hlfh5 has the target files.
Copying deathstar_ms-11070.output to deathstar_ms-11070.output
tar: removing leading '/' from member names
Debug: Checking Namespace=default, Pod=ms-11285-67d597dc77-7z4vj for Target File=deathstar_*.output
Namespace: default, Pod: ms-11285-67d597dc77-7z4vj has the target files.
Copying deathstar_ms-11285.output to deathstar_ms-11285.output
tar: removing leading '/' from member names
Debug: Checking Namespace=default, Pod=ms-11512-75f8ddc45b-frwhk for Target File=deathstar_*.output
Namespace: default, Pod: ms-11512-75f8ddc45b-frwhk has the target files.
Copying deathstar_ms-11512.output to deathstar_ms-11512.output
tar: removing leading '/' from member names
Debug: Checking Namespace=default, Pod=ms-1278-85766ff6b8-z72t7 for Target File=deathstar_*.output
Namespace: default, Pod: ms-1278-85766ff6b8-z72t7 has the target files.
Copying deathstar_ms-1278.output to deathstar_ms-1278.output
tar: removing leading '/' from member names
Debug: Checking Namespace=default, Pod=ms-13873-85d7bb7b97-m4qmz for Target File=deathstar_*.output
Namespace: default, Pod: ms-13873-85d7bb7b97-m4qmz has the target files.
Copying deathstar_ms-13873.output to deathstar_ms-13873.output
tar: removing leading '/' from member names
Debug: Checking Namespace=default, Pod=ms-19953-68cc8998c5-nvc64 for Target File=deathstar_*.output
Namespace: default, Pod: ms-19953-68cc8998c5-nvc64 has the target files.
Copying deathstar_ms-19953.output to deathstar_ms-19953.output
tar: removing leading '/' from member names
Debug: Checking Namespace=default, Pod=ms-21883-f6c88c6d4-flthl for Target File=deathstar_*.output
Namespace: default, Pod: ms-21883-f6c88c6d4-flthl has the target files.
Copying deathstar_ms-21883.output to deathstar_ms-21883.output
tar: removing leading '/' from member names
Debug: Checking Namespace=default, Pod=ms-25124-77bd4446f5-sdszh for Target File=deathstar_*.output
Namespace: default, Pod: ms-25124-77bd4446f5-sdszh has the target files.
Copying deathstar_ms-25124.output to deathstar_ms-25124.output
tar: removing leading '/' from member names
Debug: Checking Namespace=default, Pod=ms-27421-8565974486-ctmfz for Target File=deathstar_*.output
Namespace: default, Pod: ms-27421-8565974486-ctmfz has the target files.
Copying deathstar_ms-27421.output to deathstar_ms-27421.output
tar: removing leading '/' from member names
Debug: Checking Namespace=default, Pod=ms-2827-5dcc6df4f4-xgrkw for Target File=deathstar_*.output
Namespace: default, Pod: ms-2827-5dcc6df4f4-xgrkw has the target files.
Copying deathstar_ms-2827.output to deathstar_ms-2827.output
tar: removing leading '/' from member names
Debug: Checking Namespace=default, Pod=ms-33719-6c455cf54c-2gb82 for Target File=deathstar_*.output
Namespace: default, Pod: ms-33719-6c455cf54c-2gb82 has the target files.
Copying deathstar_ms-33719.output to deathstar_ms-33719.output
tar: removing leading '/' from member names
Debug: Checking Namespace=default, Pod=ms-37691-b9bc44798-6jlzl for Target File=deathstar_*.output
Namespace: default, Pod: ms-37691-b9bc44798-6jlzl has the target files.
Copying deathstar_ms-37691.output to deathstar_ms-37691.output
tar: removing leading '/' from member names
Debug: Checking Namespace=default, Pod=ms-43309-54f758d465-7l5rn for Target File=deathstar_*.output
Namespace: default, Pod: ms-43309-54f758d465-7l5rn has the target files.
Copying deathstar_ms-43309.output to deathstar_ms-43309.output
tar: removing leading '/' from member names
Debug: Checking Namespace=default, Pod=ms-4354-669cfcbdf6-ddnxz for Target File=deathstar_*.output
Namespace: default, Pod: ms-4354-669cfcbdf6-ddnxz has the target files.
Copying deathstar_ms-4354.output to deathstar_ms-4354.output
tar: removing leading '/' from member names
Debug: Checking Namespace=default, Pod=ms-46825-58c684559d-9frsf for Target File=deathstar_*.output
Namespace: default, Pod: ms-46825-58c684559d-9frsf has the target files.
Copying deathstar_ms-46825.output to deathstar_ms-46825.output
tar: removing leading '/' from member names
Debug: Checking Namespace=default, Pod=ms-60236-64866cf49-gl594 for Target File=deathstar_*.output
Namespace: default, Pod: ms-60236-64866cf49-gl594 has the target files.
Copying deathstar_ms-60236.output to deathstar_ms-60236.output
tar: removing leading '/' from member names
Debug: Checking Namespace=default, Pod=ms-71771-567ddbdd95-sx49b for Target File=deathstar_*.output
Namespace: default, Pod: ms-71771-567ddbdd95-sx49b has the target files.
Copying deathstar_ms-71771.output to deathstar_ms-71771.output
tar: removing leading '/' from member names
Debug: Checking Namespace=default, Pod=ms-8052-b995968dc-xs9l4 for Target File=deathstar_*.output
Namespace: default, Pod: ms-8052-b995968dc-xs9l4 has the target files.
Copying deathstar_ms-8052.output to deathstar_ms-8052.output
tar: removing leading '/' from member names
Debug: Checking Namespace=default, Pod=ms-902-5744544f85-5h8qx for Target File=deathstar_*.output
Namespace: default, Pod: ms-902-5744544f85-5h8qx has the target files.
Copying deathstar_ms-902.output to deathstar_ms-902.output
tar: removing leading '/' from member names
Debug: Checking Namespace=default, Pod=nginx-web-server-56557f7cb7-b4r7t for Target File=deathstar_*.output
Namespace: default, Pod: nginx-web-server-56557f7cb7-b4r7t has the target files.
Copying deathstar_nginx-web-server.output to deathstar_nginx-web-server.output
tar: removing leading '/' from member names
