Deployments: ms-10090
ms-13558
ms-18330
ms-19585
ms-20172
ms-22893
ms-24009
ms-24959
ms-26622
ms-27421
ms-29373
ms-32301
ms-3289
ms-37691
ms-38964
ms-40147
ms-48118
ms-4829
ms-51685
ms-52379
ms-55394
ms-58436
ms-58772
ms-59962
ms-60061
ms-6323
ms-65741
ms-66473
ms-69188
ms-69614
ms-9081
nginx-web-server
unknown
deployment "ms-10090" successfully rolled out
deployment "ms-13558" successfully rolled out
deployment "ms-18330" successfully rolled out
deployment "ms-19585" successfully rolled out
deployment "ms-20172" successfully rolled out
deployment "ms-22893" successfully rolled out
deployment "ms-24009" successfully rolled out
deployment "ms-24959" successfully rolled out
deployment "ms-26622" successfully rolled out
deployment "ms-27421" successfully rolled out
deployment "ms-29373" successfully rolled out
deployment "ms-32301" successfully rolled out
deployment "ms-3289" successfully rolled out
deployment "ms-37691" successfully rolled out
deployment "ms-38964" successfully rolled out
deployment "ms-40147" successfully rolled out
deployment "ms-48118" successfully rolled out
deployment "ms-4829" successfully rolled out
deployment "ms-51685" successfully rolled out
deployment "ms-52379" successfully rolled out
deployment "ms-55394" successfully rolled out
deployment "ms-58436" successfully rolled out
deployment "ms-58772" successfully rolled out
deployment "ms-59962" successfully rolled out
deployment "ms-60061" successfully rolled out
deployment "ms-6323" successfully rolled out
deployment "ms-65741" successfully rolled out
deployment "ms-66473" successfully rolled out
deployment "ms-69188" successfully rolled out
deployment "ms-69614" successfully rolled out
deployment "ms-9081" successfully rolled out
deployment "nginx-web-server" successfully rolled out
deployment "unknown" successfully rolled out
ENTRY_POINT: nginx-web-server
SERVICE_A_URL: 10.102.121.121:50051
Capacity: 10000
Metadata: request-id={{.RequestNumber}}
Metadata: timestamp={{.TimestampUnix}}
Metadata: method=S_149998854
Charon Configurations:
[{INTERCEPT breakwaterd} {PRICE_UPDATE_RATE 10ms} {TOKEN_UPDATE_RATE 10ms} {LATENCY_THRESHOLD 100us} {PRICE_STEP 0} {PRICE_STRATEGY step} {LAZY_UPDATE false} {RATE_LIMITING true} {LOAD_SHEDDING true} {CHARON_TRACK_PRICE false} {BREAKWATER_SLO 11306us} {BREAKWATER_A 22.7005236421519} {BREAKWATER_B 0.12163670381664993} {BREAKWATER_CLIENT_EXPIRATION 4754us} {BREAKWATER_INITIAL_CREDIT 362} {BREAKWATER_LOAD_SHEDDING true} {BREAKWATER_RTT 10274us} {BREAKWATERD_SLO 49838us} {BREAKWATERD_A 1.5280118517932095} {BREAKWATERD_B 3.2184178108187558} {BREAKWATERD_CLIENT_EXPIRATION 36422us} {BREAKWATERD_INITIAL_CREDIT 1631} {BREAKWATERD_LOAD_SHEDDING true} {BREAKWATERD_RTT 3846us} {DAGOR_QUEUING_THRESHOLD 2ms} {DAGOR_ALPHA 0.05} {DAGOR_BETA 0.01} {DAGOR_ADMISSION_LEVEL_UPDATE_INTERVAL 10ms} {DAGOR_UMAX 20}]

Summary:
  Count:	102071
  Total:	24.96 s
  Slowest:	1.03 s
  Fastest:	111.02 ms
  Average:	161.87 ms
  Requests/sec:	4089.60

Response time histogram:
  111.020  [1]     |
  202.467  [15559] |∎∎∎∎∎∎∎∎∎∎∎∎∎∎∎∎∎∎∎∎∎∎∎∎∎∎∎∎∎∎∎∎∎∎
  293.913  [18196] |∎∎∎∎∎∎∎∎∎∎∎∎∎∎∎∎∎∎∎∎∎∎∎∎∎∎∎∎∎∎∎∎∎∎∎∎∎∎∎∎
  385.360  [8160]  |∎∎∎∎∎∎∎∎∎∎∎∎∎∎∎∎∎∎
  476.806  [1507]  |∎∎∎
  568.252  [188]   |
  659.699  [512]   |∎
  751.145  [700]   |∎∎
  842.592  [1069]  |∎∎
  934.038  [632]   |∎
  1025.485 [156]   |

Latency distribution:
  10 % in 115.02 ms 
  25 % in 169.73 ms 
  50 % in 239.05 ms 
  75 % in 302.39 ms 
  90 % in 388.94 ms 
  95 % in 695.29 ms 
  99 % in 870.86 ms 

Status code distribution:
  [OK]                  46680 responses   
  [ResourceExhausted]   54370 responses   
  [DeadlineExceeded]    74 responses      
  [Canceled]            947 responses     

Error distribution:
  [15820]   rpc error: code = ResourceExhausted desc = Server-side queuing delay is beyond AQM threshold                          
  [167]     rpc error: code = ResourceExhausted desc = Client id c102eb8e-72a4-49c2-9236-a7d6adb0cf81 request expired in queue.   
  [1692]    rpc error: code = ResourceExhausted desc = Client id 3ea8e2cb-fe6f-47e9-a2cd-94696ab81333 request expired in queue.   
  [112]     rpc error: code = ResourceExhausted desc = Client id 8bf7c605-7d04-4b63-be75-0330537d97ba request expired in queue.   
  [10847]   rpc error: code = ResourceExhausted desc = Client id cce2427d-3298-472c-8486-c765e95becb7 request expired in queue.   
  [947]     rpc error: code = Canceled desc = grpc: the client connection is closing                                              
  [16095]   rpc error: code = ResourceExhausted desc = Client id eb9671f8-fbda-4631-83a4-bca164bec1ed request expired in queue.   
  [271]     rpc error: code = ResourceExhausted desc = Client id 15e5a98e-45e3-4851-b488-4b712e3fc215 request expired in queue.   
  [579]     rpc error: code = ResourceExhausted desc = Client id 54ed034d-5ec0-4491-80ea-707488550129 request expired in queue.   
  [18]      rpc error: code = ResourceExhausted desc = Client id ead5d08f-8662-4c57-8ac0-22e1fcc5bafb request expired in queue.   
  [74]      rpc error: code = DeadlineExceeded desc = context deadline exceeded                                                   
  [32]      rpc error: code = ResourceExhausted desc = Client id 6e3e242e-a3e4-4cb3-8e6a-75c5638e6f01 request expired in queue.   
  [236]     rpc error: code = ResourceExhausted desc = Client id a1ceabc8-4af5-4f5e-973a-fc9a5742a0a2 request expired in queue.   
  [8467]    rpc error: code = ResourceExhausted desc = Client id d5f044c5-91d9-4496-b125-4108eb05edcf request expired in queue.   
  [12]      rpc error: code = ResourceExhausted desc = Client id 86d0b7ec-a3d2-4739-a67a-d2621ff9c443 request expired in queue.   
  [15]      rpc error: code = ResourceExhausted desc = Client id 8b196a7d-b1bf-4dc8-9bc3-01310ce89258 request expired in queue.   
  [7]       rpc error: code = ResourceExhausted desc = Client id 756ade8f-1b13-4ef0-be2b-60d6f1ca9f21 request expired in queue.   

Debug: Checking Namespace=default, Pod=ms-10090-6454f977fd-gl26m for Target File=deathstar_*.output
Namespace: default, Pod: ms-10090-6454f977fd-gl26m has the target files.
Copying deathstar_ms-10090.output to deathstar_ms-10090.output
tar: removing leading '/' from member names
Debug: Checking Namespace=default, Pod=ms-13558-b48bb5d9d-ntmsz for Target File=deathstar_*.output
Namespace: default, Pod: ms-13558-b48bb5d9d-ntmsz has the target files.
Copying deathstar_ms-13558.output to deathstar_ms-13558.output
tar: removing leading '/' from member names
Debug: Checking Namespace=default, Pod=ms-18330-759d9cf49c-jhmlw for Target File=deathstar_*.output
Namespace: default, Pod: ms-18330-759d9cf49c-jhmlw has the target files.
Copying deathstar_ms-18330.output to deathstar_ms-18330.output
tar: removing leading '/' from member names
Debug: Checking Namespace=default, Pod=ms-19585-6f995cfcbf-sdx78 for Target File=deathstar_*.output
Namespace: default, Pod: ms-19585-6f995cfcbf-sdx78 has the target files.
Copying deathstar_ms-19585.output to deathstar_ms-19585.output
tar: removing leading '/' from member names
Debug: Checking Namespace=default, Pod=ms-20172-59d5485464-xjdhs for Target File=deathstar_*.output
Namespace: default, Pod: ms-20172-59d5485464-xjdhs has the target files.
Copying deathstar_ms-20172.output to deathstar_ms-20172.output
tar: removing leading '/' from member names
Debug: Checking Namespace=default, Pod=ms-22893-576fd5f9f6-r85xz for Target File=deathstar_*.output
Namespace: default, Pod: ms-22893-576fd5f9f6-r85xz has the target files.
Copying deathstar_ms-22893.output to deathstar_ms-22893.output
tar: removing leading '/' from member names
Debug: Checking Namespace=default, Pod=ms-24009-67dbf5b976-dp6fj for Target File=deathstar_*.output
Namespace: default, Pod: ms-24009-67dbf5b976-dp6fj has the target files.
Copying deathstar_ms-24009.output to deathstar_ms-24009.output
tar: removing leading '/' from member names
Debug: Checking Namespace=default, Pod=ms-24959-99f8bbf9-xflsf for Target File=deathstar_*.output
Namespace: default, Pod: ms-24959-99f8bbf9-xflsf has the target files.
Copying deathstar_ms-24959.output to deathstar_ms-24959.output
tar: removing leading '/' from member names
Debug: Checking Namespace=default, Pod=ms-26622-66fdf7d64f-bp4v2 for Target File=deathstar_*.output
Namespace: default, Pod: ms-26622-66fdf7d64f-bp4v2 has the target files.
Copying deathstar_ms-26622.output to deathstar_ms-26622.output
tar: removing leading '/' from member names
Debug: Checking Namespace=default, Pod=ms-27421-64f549855c-q957f for Target File=deathstar_*.output
Namespace: default, Pod: ms-27421-64f549855c-q957f has the target files.
Copying deathstar_ms-27421.output to deathstar_ms-27421.output
tar: removing leading '/' from member names
Debug: Checking Namespace=default, Pod=ms-29373-8467f7db44-rrgmg for Target File=deathstar_*.output
Namespace: default, Pod: ms-29373-8467f7db44-rrgmg has the target files.
Copying deathstar_ms-29373.output to deathstar_ms-29373.output
tar: removing leading '/' from member names
Debug: Checking Namespace=default, Pod=ms-32301-c5654bbc5-qspgr for Target File=deathstar_*.output
Namespace: default, Pod: ms-32301-c5654bbc5-qspgr has the target files.
Copying deathstar_ms-32301.output to deathstar_ms-32301.output
tar: removing leading '/' from member names
Debug: Checking Namespace=default, Pod=ms-3289-587dbd96bf-lqth9 for Target File=deathstar_*.output
Namespace: default, Pod: ms-3289-587dbd96bf-lqth9 has the target files.
Copying deathstar_ms-3289.output to deathstar_ms-3289.output
tar: removing leading '/' from member names
Debug: Checking Namespace=default, Pod=ms-37691-6dc6cd6744-4d58n for Target File=deathstar_*.output
Namespace: default, Pod: ms-37691-6dc6cd6744-4d58n has the target files.
Copying deathstar_ms-37691.output to deathstar_ms-37691.output
tar: removing leading '/' from member names
Debug: Checking Namespace=default, Pod=ms-38964-5b647cdbd-t2knr for Target File=deathstar_*.output
Namespace: default, Pod: ms-38964-5b647cdbd-t2knr has the target files.
Copying deathstar_ms-38964.output to deathstar_ms-38964.output
tar: removing leading '/' from member names
Debug: Checking Namespace=default, Pod=ms-40147-cd867585-2xvlw for Target File=deathstar_*.output
Namespace: default, Pod: ms-40147-cd867585-2xvlw has the target files.
Copying deathstar_ms-40147.output to deathstar_ms-40147.output
tar: removing leading '/' from member names
Debug: Checking Namespace=default, Pod=ms-48118-ff7b99cc9-kmz2f for Target File=deathstar_*.output
Namespace: default, Pod: ms-48118-ff7b99cc9-kmz2f has the target files.
Copying deathstar_ms-48118.output to deathstar_ms-48118.output
tar: removing leading '/' from member names
Debug: Checking Namespace=default, Pod=ms-4829-669557b66c-9hj7q for Target File=deathstar_*.output
Namespace: default, Pod: ms-4829-669557b66c-9hj7q has the target files.
Copying deathstar_ms-4829.output to deathstar_ms-4829.output
tar: removing leading '/' from member names
Debug: Checking Namespace=default, Pod=ms-51685-79858c784f-9ktml for Target File=deathstar_*.output
Namespace: default, Pod: ms-51685-79858c784f-9ktml has the target files.
Copying deathstar_ms-51685.output to deathstar_ms-51685.output
tar: removing leading '/' from member names
Debug: Checking Namespace=default, Pod=ms-52379-57c6cdd54b-rtfxd for Target File=deathstar_*.output
Namespace: default, Pod: ms-52379-57c6cdd54b-rtfxd has the target files.
Copying deathstar_ms-52379.output to deathstar_ms-52379.output
tar: removing leading '/' from member names
Debug: Checking Namespace=default, Pod=ms-55394-6f999f5df9-zrt5x for Target File=deathstar_*.output
Namespace: default, Pod: ms-55394-6f999f5df9-zrt5x has the target files.
Copying deathstar_ms-55394.output to deathstar_ms-55394.output
tar: removing leading '/' from member names
Debug: Checking Namespace=default, Pod=ms-58436-59dd96f659-blqk9 for Target File=deathstar_*.output
Namespace: default, Pod: ms-58436-59dd96f659-blqk9 has the target files.
Copying deathstar_ms-58436.output to deathstar_ms-58436.output
tar: removing leading '/' from member names
Debug: Checking Namespace=default, Pod=ms-58772-68ff78c966-59dr5 for Target File=deathstar_*.output
Namespace: default, Pod: ms-58772-68ff78c966-59dr5 has the target files.
Copying deathstar_ms-58772.output to deathstar_ms-58772.output
tar: removing leading '/' from member names
Debug: Checking Namespace=default, Pod=ms-59962-756b895b58-mcl9d for Target File=deathstar_*.output
Namespace: default, Pod: ms-59962-756b895b58-mcl9d has the target files.
Copying deathstar_ms-59962.output to deathstar_ms-59962.output
tar: removing leading '/' from member names
Debug: Checking Namespace=default, Pod=ms-60061-68bd84bdcd-2vplm for Target File=deathstar_*.output
Namespace: default, Pod: ms-60061-68bd84bdcd-2vplm has the target files.
Copying deathstar_ms-60061.output to deathstar_ms-60061.output
tar: removing leading '/' from member names
Debug: Checking Namespace=default, Pod=ms-6323-974659fcd-d9cpf for Target File=deathstar_*.output
Namespace: default, Pod: ms-6323-974659fcd-d9cpf has the target files.
Copying deathstar_ms-6323.output to deathstar_ms-6323.output
tar: removing leading '/' from member names
Debug: Checking Namespace=default, Pod=ms-65741-65f588bcdf-vjllh for Target File=deathstar_*.output
Namespace: default, Pod: ms-65741-65f588bcdf-vjllh has the target files.
Copying deathstar_ms-65741.output to deathstar_ms-65741.output
tar: removing leading '/' from member names
Debug: Checking Namespace=default, Pod=ms-66473-79c66f8bff-d62jd for Target File=deathstar_*.output
Namespace: default, Pod: ms-66473-79c66f8bff-d62jd has the target files.
Copying deathstar_ms-66473.output to deathstar_ms-66473.output
tar: removing leading '/' from member names
Debug: Checking Namespace=default, Pod=ms-69188-65c548d4cb-86xzq for Target File=deathstar_*.output
Namespace: default, Pod: ms-69188-65c548d4cb-86xzq has the target files.
Copying deathstar_ms-69188.output to deathstar_ms-69188.output
tar: removing leading '/' from member names
Debug: Checking Namespace=default, Pod=ms-69614-794bd8475-76nt7 for Target File=deathstar_*.output
Namespace: default, Pod: ms-69614-794bd8475-76nt7 has the target files.
Copying deathstar_ms-69614.output to deathstar_ms-69614.output
tar: removing leading '/' from member names
Debug: Checking Namespace=default, Pod=ms-9081-567985788-v8km9 for Target File=deathstar_*.output
Namespace: default, Pod: ms-9081-567985788-v8km9 has the target files.
Copying deathstar_ms-9081.output to deathstar_ms-9081.output
tar: removing leading '/' from member names
Debug: Checking Namespace=default, Pod=nginx-web-server-56557f7cb7-2xpfc for Target File=deathstar_*.output
Namespace: default, Pod: nginx-web-server-56557f7cb7-2xpfc has the target files.
Copying deathstar_nginx-web-server.output to deathstar_nginx-web-server.output
tar: removing leading '/' from member names
Debug: Checking Namespace=default, Pod=unknown-6ddf9bd4b5-nqlm2 for Target File=deathstar_*.output
Namespace: default, Pod: unknown-6ddf9bd4b5-nqlm2 has the target files.
Copying deathstar_unknown.output to deathstar_unknown.output
tar: removing leading '/' from member names
