Deployments: ms-10090
ms-13558
ms-18330
ms-19585
ms-20172
ms-22893
ms-24009
ms-24959
ms-26622
ms-27421
ms-29373
ms-32301
ms-3289
ms-37691
ms-38964
ms-40147
ms-48118
ms-4829
ms-51685
ms-52379
ms-55394
ms-58436
ms-58772
ms-59962
ms-60061
ms-6323
ms-65741
ms-66473
ms-69188
ms-69614
ms-9081
nginx-web-server
unknown
deployment "ms-10090" successfully rolled out
deployment "ms-13558" successfully rolled out
deployment "ms-18330" successfully rolled out
deployment "ms-19585" successfully rolled out
deployment "ms-20172" successfully rolled out
deployment "ms-22893" successfully rolled out
deployment "ms-24009" successfully rolled out
deployment "ms-24959" successfully rolled out
deployment "ms-26622" successfully rolled out
deployment "ms-27421" successfully rolled out
deployment "ms-29373" successfully rolled out
deployment "ms-32301" successfully rolled out
deployment "ms-3289" successfully rolled out
deployment "ms-37691" successfully rolled out
deployment "ms-38964" successfully rolled out
deployment "ms-40147" successfully rolled out
deployment "ms-48118" successfully rolled out
deployment "ms-4829" successfully rolled out
deployment "ms-51685" successfully rolled out
deployment "ms-52379" successfully rolled out
deployment "ms-55394" successfully rolled out
deployment "ms-58436" successfully rolled out
deployment "ms-58772" successfully rolled out
deployment "ms-59962" successfully rolled out
deployment "ms-60061" successfully rolled out
deployment "ms-6323" successfully rolled out
deployment "ms-65741" successfully rolled out
deployment "ms-66473" successfully rolled out
deployment "ms-69188" successfully rolled out
deployment "ms-69614" successfully rolled out
deployment "ms-9081" successfully rolled out
deployment "nginx-web-server" successfully rolled out
deployment "unknown" successfully rolled out
ENTRY_POINT: nginx-web-server
SERVICE_A_URL: 10.110.201.114:50051
Capacity: 12000
Metadata: request-id={{.RequestNumber}}
Metadata: timestamp={{.TimestampUnix}}
Metadata: method=S_149998854
Charon Configurations:
[{INTERCEPT breakwaterd} {PRICE_UPDATE_RATE 10ms} {TOKEN_UPDATE_RATE 10ms} {LATENCY_THRESHOLD 100us} {PRICE_STEP 0} {PRICE_STRATEGY step} {LAZY_UPDATE false} {RATE_LIMITING true} {LOAD_SHEDDING true} {CHARON_TRACK_PRICE false} {BREAKWATER_SLO 34033us} {BREAKWATER_A 0.0} {BREAKWATER_B 6.3132361281563485} {BREAKWATER_CLIENT_EXPIRATION 1us} {BREAKWATER_INITIAL_CREDIT 393} {BREAKWATER_LOAD_SHEDDING true} {BREAKWATER_RTT 6077us} {BREAKWATERD_SLO 53486us} {BREAKWATERD_A 2.6582686175651347} {BREAKWATERD_B 4.00666538560816} {BREAKWATERD_CLIENT_EXPIRATION 85547us} {BREAKWATERD_INITIAL_CREDIT 2717} {BREAKWATERD_LOAD_SHEDDING true} {BREAKWATERD_RTT 6312us} {DAGOR_QUEUING_THRESHOLD 2ms} {DAGOR_ALPHA 0.05} {DAGOR_BETA 0.01} {DAGOR_ADMISSION_LEVEL_UPDATE_INTERVAL 10ms} {DAGOR_UMAX 20}]

Summary:
  Count:	34701
  Total:	25.00 s
  Slowest:	887.28 ms
  Fastest:	111.42 ms
  Average:	140.88 ms
  Requests/sec:	1388.01

Response time histogram:
  111.420 [1]     |
  189.006 [30149] |∎∎∎∎∎∎∎∎∎∎∎∎∎∎∎∎∎∎∎∎∎∎∎∎∎∎∎∎∎∎∎∎∎∎∎∎∎∎∎∎
  266.592 [2939]  |∎∎∎∎
  344.178 [116]   |
  421.764 [4]     |
  499.350 [1]     |
  576.936 [0]     |
  654.522 [0]     |
  732.108 [0]     |
  809.694 [21]    |
  887.280 [74]    |

Latency distribution:
  10 % in 114.09 ms 
  25 % in 117.48 ms 
  50 % in 135.69 ms 
  75 % in 160.51 ms 
  90 % in 187.33 ms 
  95 % in 206.10 ms 
  99 % in 256.58 ms 

Status code distribution:
  [Canceled]            129 responses     
  [OK]                  33305 responses   
  [ResourceExhausted]   1267 responses    

Error distribution:
  [1267]   rpc error: code = ResourceExhausted desc = Client id 2fa68368-5d71-400e-9909-da4e849d8031 request expired in queue.   
  [129]    rpc error: code = Canceled desc = grpc: the client connection is closing                                              

Debug: Checking Namespace=default, Pod=ms-10090-6454f977fd-5wc6f for Target File=deathstar_*.output
Namespace: default, Pod: ms-10090-6454f977fd-5wc6f has the target files.
Copying deathstar_ms-10090.output to deathstar_ms-10090.output
tar: removing leading '/' from member names
Debug: Checking Namespace=default, Pod=ms-13558-b48bb5d9d-tdq5q for Target File=deathstar_*.output
Namespace: default, Pod: ms-13558-b48bb5d9d-tdq5q has the target files.
Copying deathstar_ms-13558.output to deathstar_ms-13558.output
tar: removing leading '/' from member names
Debug: Checking Namespace=default, Pod=ms-18330-759d9cf49c-7d848 for Target File=deathstar_*.output
Namespace: default, Pod: ms-18330-759d9cf49c-7d848 has the target files.
Copying deathstar_ms-18330.output to deathstar_ms-18330.output
tar: removing leading '/' from member names
Debug: Checking Namespace=default, Pod=ms-19585-6f995cfcbf-jrvq6 for Target File=deathstar_*.output
Namespace: default, Pod: ms-19585-6f995cfcbf-jrvq6 has the target files.
Copying deathstar_ms-19585.output to deathstar_ms-19585.output
tar: removing leading '/' from member names
Debug: Checking Namespace=default, Pod=ms-20172-59d5485464-6tsnt for Target File=deathstar_*.output
Namespace: default, Pod: ms-20172-59d5485464-6tsnt has the target files.
Copying deathstar_ms-20172.output to deathstar_ms-20172.output
tar: removing leading '/' from member names
Debug: Checking Namespace=default, Pod=ms-22893-576fd5f9f6-945hc for Target File=deathstar_*.output
Namespace: default, Pod: ms-22893-576fd5f9f6-945hc has the target files.
Copying deathstar_ms-22893.output to deathstar_ms-22893.output
tar: removing leading '/' from member names
Debug: Checking Namespace=default, Pod=ms-24009-67dbf5b976-4tp9d for Target File=deathstar_*.output
Namespace: default, Pod: ms-24009-67dbf5b976-4tp9d has the target files.
Copying deathstar_ms-24009.output to deathstar_ms-24009.output
tar: removing leading '/' from member names
Debug: Checking Namespace=default, Pod=ms-24959-99f8bbf9-dckjt for Target File=deathstar_*.output
Namespace: default, Pod: ms-24959-99f8bbf9-dckjt has the target files.
Copying deathstar_ms-24959.output to deathstar_ms-24959.output
tar: removing leading '/' from member names
Debug: Checking Namespace=default, Pod=ms-26622-66fdf7d64f-77w6k for Target File=deathstar_*.output
Namespace: default, Pod: ms-26622-66fdf7d64f-77w6k has the target files.
Copying deathstar_ms-26622.output to deathstar_ms-26622.output
tar: removing leading '/' from member names
Debug: Checking Namespace=default, Pod=ms-27421-64f549855c-ld8cf for Target File=deathstar_*.output
Namespace: default, Pod: ms-27421-64f549855c-ld8cf has the target files.
Copying deathstar_ms-27421.output to deathstar_ms-27421.output
tar: removing leading '/' from member names
Debug: Checking Namespace=default, Pod=ms-29373-8467f7db44-t9rkv for Target File=deathstar_*.output
Namespace: default, Pod: ms-29373-8467f7db44-t9rkv has the target files.
Copying deathstar_ms-29373.output to deathstar_ms-29373.output
tar: removing leading '/' from member names
Debug: Checking Namespace=default, Pod=ms-32301-c5654bbc5-lgrzg for Target File=deathstar_*.output
Namespace: default, Pod: ms-32301-c5654bbc5-lgrzg has the target files.
Copying deathstar_ms-32301.output to deathstar_ms-32301.output
tar: removing leading '/' from member names
Debug: Checking Namespace=default, Pod=ms-3289-587dbd96bf-dhh9d for Target File=deathstar_*.output
Namespace: default, Pod: ms-3289-587dbd96bf-dhh9d has the target files.
Copying deathstar_ms-3289.output to deathstar_ms-3289.output
tar: removing leading '/' from member names
Debug: Checking Namespace=default, Pod=ms-37691-6dc6cd6744-8gv8b for Target File=deathstar_*.output
Namespace: default, Pod: ms-37691-6dc6cd6744-8gv8b has the target files.
Copying deathstar_ms-37691.output to deathstar_ms-37691.output
tar: removing leading '/' from member names
Debug: Checking Namespace=default, Pod=ms-38964-5b647cdbd-vmln8 for Target File=deathstar_*.output
Namespace: default, Pod: ms-38964-5b647cdbd-vmln8 has the target files.
Copying deathstar_ms-38964.output to deathstar_ms-38964.output
tar: removing leading '/' from member names
Debug: Checking Namespace=default, Pod=ms-40147-cd867585-fvgv2 for Target File=deathstar_*.output
Namespace: default, Pod: ms-40147-cd867585-fvgv2 has the target files.
Copying deathstar_ms-40147.output to deathstar_ms-40147.output
tar: removing leading '/' from member names
Debug: Checking Namespace=default, Pod=ms-48118-ff7b99cc9-2ktrh for Target File=deathstar_*.output
Namespace: default, Pod: ms-48118-ff7b99cc9-2ktrh has the target files.
Copying deathstar_ms-48118.output to deathstar_ms-48118.output
tar: removing leading '/' from member names
Debug: Checking Namespace=default, Pod=ms-4829-669557b66c-8842q for Target File=deathstar_*.output
Namespace: default, Pod: ms-4829-669557b66c-8842q has the target files.
Copying deathstar_ms-4829.output to deathstar_ms-4829.output
tar: removing leading '/' from member names
Debug: Checking Namespace=default, Pod=ms-51685-79858c784f-vdxh7 for Target File=deathstar_*.output
Namespace: default, Pod: ms-51685-79858c784f-vdxh7 has the target files.
Copying deathstar_ms-51685.output to deathstar_ms-51685.output
tar: removing leading '/' from member names
Debug: Checking Namespace=default, Pod=ms-52379-57c6cdd54b-nz29t for Target File=deathstar_*.output
Namespace: default, Pod: ms-52379-57c6cdd54b-nz29t has the target files.
Copying deathstar_ms-52379.output to deathstar_ms-52379.output
tar: removing leading '/' from member names
Debug: Checking Namespace=default, Pod=ms-55394-6f999f5df9-nfdwp for Target File=deathstar_*.output
Namespace: default, Pod: ms-55394-6f999f5df9-nfdwp has the target files.
Copying deathstar_ms-55394.output to deathstar_ms-55394.output
tar: removing leading '/' from member names
Debug: Checking Namespace=default, Pod=ms-58436-59dd96f659-vt8pt for Target File=deathstar_*.output
Namespace: default, Pod: ms-58436-59dd96f659-vt8pt has the target files.
Copying deathstar_ms-58436.output to deathstar_ms-58436.output
tar: removing leading '/' from member names
Debug: Checking Namespace=default, Pod=ms-58772-68ff78c966-h4sv5 for Target File=deathstar_*.output
Namespace: default, Pod: ms-58772-68ff78c966-h4sv5 has the target files.
Copying deathstar_ms-58772.output to deathstar_ms-58772.output
tar: removing leading '/' from member names
Debug: Checking Namespace=default, Pod=ms-59962-756b895b58-6cnw2 for Target File=deathstar_*.output
Namespace: default, Pod: ms-59962-756b895b58-6cnw2 has the target files.
Copying deathstar_ms-59962.output to deathstar_ms-59962.output
tar: removing leading '/' from member names
Debug: Checking Namespace=default, Pod=ms-60061-68bd84bdcd-x6tsn for Target File=deathstar_*.output
Namespace: default, Pod: ms-60061-68bd84bdcd-x6tsn has the target files.
Copying deathstar_ms-60061.output to deathstar_ms-60061.output
tar: removing leading '/' from member names
Debug: Checking Namespace=default, Pod=ms-6323-974659fcd-cpb24 for Target File=deathstar_*.output
Namespace: default, Pod: ms-6323-974659fcd-cpb24 has the target files.
Copying deathstar_ms-6323.output to deathstar_ms-6323.output
tar: removing leading '/' from member names
Debug: Checking Namespace=default, Pod=ms-65741-65f588bcdf-cpcmn for Target File=deathstar_*.output
Namespace: default, Pod: ms-65741-65f588bcdf-cpcmn has the target files.
Copying deathstar_ms-65741.output to deathstar_ms-65741.output
tar: removing leading '/' from member names
Debug: Checking Namespace=default, Pod=ms-66473-79c66f8bff-859wn for Target File=deathstar_*.output
Namespace: default, Pod: ms-66473-79c66f8bff-859wn has the target files.
Copying deathstar_ms-66473.output to deathstar_ms-66473.output
tar: removing leading '/' from member names
Debug: Checking Namespace=default, Pod=ms-69188-65c548d4cb-kmktt for Target File=deathstar_*.output
Namespace: default, Pod: ms-69188-65c548d4cb-kmktt has the target files.
Copying deathstar_ms-69188.output to deathstar_ms-69188.output
tar: removing leading '/' from member names
Debug: Checking Namespace=default, Pod=ms-69614-794bd8475-kzkdn for Target File=deathstar_*.output
Namespace: default, Pod: ms-69614-794bd8475-kzkdn has the target files.
Copying deathstar_ms-69614.output to deathstar_ms-69614.output
tar: removing leading '/' from member names
Debug: Checking Namespace=default, Pod=ms-9081-567985788-scblz for Target File=deathstar_*.output
Namespace: default, Pod: ms-9081-567985788-scblz has the target files.
Copying deathstar_ms-9081.output to deathstar_ms-9081.output
tar: removing leading '/' from member names
Debug: Checking Namespace=default, Pod=nginx-web-server-56557f7cb7-xpwsz for Target File=deathstar_*.output
Namespace: default, Pod: nginx-web-server-56557f7cb7-xpwsz has the target files.
Copying deathstar_nginx-web-server.output to deathstar_nginx-web-server.output
tar: removing leading '/' from member names
Debug: Checking Namespace=default, Pod=unknown-6ddf9bd4b5-n2cwc for Target File=deathstar_*.output
Namespace: default, Pod: unknown-6ddf9bd4b5-n2cwc has the target files.
Copying deathstar_unknown.output to deathstar_unknown.output
tar: removing leading '/' from member names
