Deployments: ms-25648
ms-27283
ms-27421
ms-2827
ms-34756
ms-36144
ms-37691
ms-41385
ms-41914
ms-46825
ms-54016
ms-55339
ms-58269
ms-58845
ms-68328
ms-70297
nginx-web-server
unknown
deployment "ms-25648" successfully rolled out
deployment "ms-27283" successfully rolled out
deployment "ms-27421" successfully rolled out
deployment "ms-2827" successfully rolled out
deployment "ms-34756" successfully rolled out
deployment "ms-36144" successfully rolled out
deployment "ms-37691" successfully rolled out
deployment "ms-41385" successfully rolled out
deployment "ms-41914" successfully rolled out
deployment "ms-46825" successfully rolled out
deployment "ms-54016" successfully rolled out
deployment "ms-55339" successfully rolled out
deployment "ms-58269" successfully rolled out
deployment "ms-58845" successfully rolled out
deployment "ms-68328" successfully rolled out
deployment "ms-70297" successfully rolled out
deployment "nginx-web-server" successfully rolled out
deployment "unknown" successfully rolled out
ENTRY_POINT: nginx-web-server
SERVICE_A_URL: 10.106.180.113:50051
Capacity: 10000
Metadata: request-id={{.RequestNumber}}
Metadata: timestamp={{.TimestampUnix}}
Metadata: method=S_161142529
Charon Configurations:
[{INTERCEPT breakwater} {PRICE_UPDATE_RATE 10ms} {TOKEN_UPDATE_RATE 10ms} {LATENCY_THRESHOLD 100us} {PRICE_STEP 0} {PRICE_STRATEGY step} {LAZY_UPDATE false} {RATE_LIMITING true} {LOAD_SHEDDING true} {CHARON_TRACK_PRICE false} {BREAKWATER_SLO 11217us} {BREAKWATER_A 4.089044994630349} {BREAKWATER_B 1.7562348727818908} {BREAKWATER_CLIENT_EXPIRATION 136us} {BREAKWATER_INITIAL_CREDIT 1341} {BREAKWATER_LOAD_SHEDDING true} {BREAKWATER_RTT 8346us} {BREAKWATERD_SLO 12500us} {BREAKWATERD_A 0.001} {BREAKWATERD_B 0.02} {BREAKWATERD_CLIENT_EXPIRATION 10ms} {BREAKWATERD_INITIAL_CREDIT 400} {BREAKWATERD_LOAD_SHEDDING true} {BREAKWATERD_RTT 1000us} {DAGOR_QUEUING_THRESHOLD 2ms} {DAGOR_ALPHA 0.05} {DAGOR_BETA 0.01} {DAGOR_ADMISSION_LEVEL_UPDATE_INTERVAL 10ms} {DAGOR_UMAX 20}]

Summary:
  Count:	110670
  Total:	25.00 s
  Slowest:	1.02 s
  Fastest:	65.18 ms
  Average:	452.29 ms
  Requests/sec:	4427.20

Response time histogram:
  65.182   [1]     |
  160.259  [16430] |∎∎∎∎∎∎∎∎∎∎∎∎∎∎∎∎∎∎∎∎∎∎∎∎∎∎∎∎∎∎∎∎∎∎∎∎∎∎∎∎
  255.336  [6500]  |∎∎∎∎∎∎∎∎∎∎∎∎∎∎∎∎
  350.413  [10434] |∎∎∎∎∎∎∎∎∎∎∎∎∎∎∎∎∎∎∎∎∎∎∎∎∎
  445.490  [10651] |∎∎∎∎∎∎∎∎∎∎∎∎∎∎∎∎∎∎∎∎∎∎∎∎∎∎
  540.567  [13315] |∎∎∎∎∎∎∎∎∎∎∎∎∎∎∎∎∎∎∎∎∎∎∎∎∎∎∎∎∎∎∎∎
  635.644  [12339] |∎∎∎∎∎∎∎∎∎∎∎∎∎∎∎∎∎∎∎∎∎∎∎∎∎∎∎∎∎∎
  730.722  [8844]  |∎∎∎∎∎∎∎∎∎∎∎∎∎∎∎∎∎∎∎∎∎∎
  825.799  [7923]  |∎∎∎∎∎∎∎∎∎∎∎∎∎∎∎∎∎∎∎
  920.876  [5565]  |∎∎∎∎∎∎∎∎∎∎∎∎∎∎
  1015.953 [1917]  |∎∎∎∎∎

Latency distribution:
  10 % in 68.84 ms 
  25 % in 261.61 ms 
  50 % in 469.39 ms 
  75 % in 643.57 ms 
  90 % in 799.60 ms 
  95 % in 864.75 ms 
  99 % in 951.77 ms 

Status code distribution:
  [ResourceExhausted]   7565 responses    
  [DeadlineExceeded]    6807 responses    
  [Canceled]            2379 responses    
  [OK]                  93919 responses   

Error distribution:
  [6807]   rpc error: code = DeadlineExceeded desc = context deadline exceeded                            
  [2379]   rpc error: code = Canceled desc = grpc: the client connection is closing                       
  [7565]   rpc error: code = ResourceExhausted desc = Server-side queuing delay is beyond AQM threshold   

Debug: Checking Namespace=default, Pod=ms-25648-86cc47d8bd-bsh4j for Target File=deathstar_*.output
Namespace: default, Pod: ms-25648-86cc47d8bd-bsh4j has the target files.
Copying deathstar_ms-25648.output to deathstar_ms-25648.output
tar: removing leading '/' from member names
Debug: Checking Namespace=default, Pod=ms-27283-7cb76dd56d-jfscr for Target File=deathstar_*.output
Namespace: default, Pod: ms-27283-7cb76dd56d-jfscr has the target files.
Copying deathstar_ms-27283.output to deathstar_ms-27283.output
tar: removing leading '/' from member names
Debug: Checking Namespace=default, Pod=ms-27421-64f549855c-2llvh for Target File=deathstar_*.output
Namespace: default, Pod: ms-27421-64f549855c-2llvh has the target files.
Copying deathstar_ms-27421.output to deathstar_ms-27421.output
tar: removing leading '/' from member names
Debug: Checking Namespace=default, Pod=ms-2827-565cbcd7b-w7zbj for Target File=deathstar_*.output
Namespace: default, Pod: ms-2827-565cbcd7b-w7zbj has the target files.
Copying deathstar_ms-2827.output to deathstar_ms-2827.output
tar: removing leading '/' from member names
Debug: Checking Namespace=default, Pod=ms-34756-7c45d5bcc-5g9dh for Target File=deathstar_*.output
Namespace: default, Pod: ms-34756-7c45d5bcc-5g9dh has the target files.
Copying deathstar_ms-34756.output to deathstar_ms-34756.output
tar: removing leading '/' from member names
Debug: Checking Namespace=default, Pod=ms-36144-7bf7cbfff6-f8qrs for Target File=deathstar_*.output
Namespace: default, Pod: ms-36144-7bf7cbfff6-f8qrs has the target files.
Copying deathstar_ms-36144.output to deathstar_ms-36144.output
tar: removing leading '/' from member names
Debug: Checking Namespace=default, Pod=ms-37691-6f7cbf7c5-l882h for Target File=deathstar_*.output
Namespace: default, Pod: ms-37691-6f7cbf7c5-l882h has the target files.
Copying deathstar_ms-37691.output to deathstar_ms-37691.output
tar: removing leading '/' from member names
Debug: Checking Namespace=default, Pod=ms-41385-6bc4f5d4fc-w9vcx for Target File=deathstar_*.output
Namespace: default, Pod: ms-41385-6bc4f5d4fc-w9vcx has the target files.
Copying deathstar_ms-41385.output to deathstar_ms-41385.output
tar: removing leading '/' from member names
Debug: Checking Namespace=default, Pod=ms-41914-5555dd8d48-qvxl9 for Target File=deathstar_*.output
Namespace: default, Pod: ms-41914-5555dd8d48-qvxl9 has the target files.
Copying deathstar_ms-41914.output to deathstar_ms-41914.output
tar: removing leading '/' from member names
Debug: Checking Namespace=default, Pod=ms-46825-58c684559d-kds9q for Target File=deathstar_*.output
Namespace: default, Pod: ms-46825-58c684559d-kds9q has the target files.
Copying deathstar_ms-46825.output to deathstar_ms-46825.output
tar: removing leading '/' from member names
Debug: Checking Namespace=default, Pod=ms-54016-5665fbcb8d-5fr94 for Target File=deathstar_*.output
Namespace: default, Pod: ms-54016-5665fbcb8d-5fr94 has the target files.
Copying deathstar_ms-54016.output to deathstar_ms-54016.output
tar: removing leading '/' from member names
Debug: Checking Namespace=default, Pod=ms-55339-5b545b67bb-d55pz for Target File=deathstar_*.output
Namespace: default, Pod: ms-55339-5b545b67bb-d55pz has the target files.
Copying deathstar_ms-55339.output to deathstar_ms-55339.output
tar: removing leading '/' from member names
Debug: Checking Namespace=default, Pod=ms-58269-8c4794c6c-4mpbf for Target File=deathstar_*.output
Namespace: default, Pod: ms-58269-8c4794c6c-4mpbf has the target files.
Copying deathstar_ms-58269.output to deathstar_ms-58269.output
tar: removing leading '/' from member names
Debug: Checking Namespace=default, Pod=ms-58845-5bc6f9d8df-28sn9 for Target File=deathstar_*.output
Namespace: default, Pod: ms-58845-5bc6f9d8df-28sn9 has the target files.
Copying deathstar_ms-58845.output to deathstar_ms-58845.output
tar: removing leading '/' from member names
Debug: Checking Namespace=default, Pod=ms-68328-5866fd45b7-7hjzz for Target File=deathstar_*.output
Namespace: default, Pod: ms-68328-5866fd45b7-7hjzz has the target files.
Copying deathstar_ms-68328.output to deathstar_ms-68328.output
tar: removing leading '/' from member names
Debug: Checking Namespace=default, Pod=ms-70297-868876bcdb-4n7hq for Target File=deathstar_*.output
Namespace: default, Pod: ms-70297-868876bcdb-4n7hq has the target files.
Copying deathstar_ms-70297.output to deathstar_ms-70297.output
tar: removing leading '/' from member names
Debug: Checking Namespace=default, Pod=nginx-web-server-56557f7cb7-fmfwq for Target File=deathstar_*.output
Namespace: default, Pod: nginx-web-server-56557f7cb7-fmfwq has the target files.
Copying deathstar_nginx-web-server.output to deathstar_nginx-web-server.output
tar: removing leading '/' from member names
Debug: Checking Namespace=default, Pod=unknown-57ddd65965-9q9pf for Target File=deathstar_*.output
Namespace: default, Pod: unknown-57ddd65965-9q9pf has the target files.
Copying deathstar_unknown.output to deathstar_unknown.output
tar: removing leading '/' from member names
