Deployments: ms-10090
ms-13558
ms-18330
ms-19585
ms-20172
ms-22893
ms-24009
ms-24959
ms-26622
ms-27421
ms-29373
ms-32301
ms-3289
ms-37691
ms-38964
ms-40147
ms-48118
ms-4829
ms-51685
ms-52379
ms-55394
ms-58436
ms-58772
ms-59962
ms-60061
ms-6323
ms-65741
ms-66473
ms-69188
ms-69614
ms-9081
nginx-web-server
unknown
deployment "ms-10090" successfully rolled out
deployment "ms-13558" successfully rolled out
deployment "ms-18330" successfully rolled out
deployment "ms-19585" successfully rolled out
deployment "ms-20172" successfully rolled out
deployment "ms-22893" successfully rolled out
deployment "ms-24009" successfully rolled out
deployment "ms-24959" successfully rolled out
deployment "ms-26622" successfully rolled out
deployment "ms-27421" successfully rolled out
deployment "ms-29373" successfully rolled out
deployment "ms-32301" successfully rolled out
deployment "ms-3289" successfully rolled out
deployment "ms-37691" successfully rolled out
deployment "ms-38964" successfully rolled out
deployment "ms-40147" successfully rolled out
deployment "ms-48118" successfully rolled out
deployment "ms-4829" successfully rolled out
deployment "ms-51685" successfully rolled out
deployment "ms-52379" successfully rolled out
deployment "ms-55394" successfully rolled out
deployment "ms-58436" successfully rolled out
deployment "ms-58772" successfully rolled out
deployment "ms-59962" successfully rolled out
deployment "ms-60061" successfully rolled out
deployment "ms-6323" successfully rolled out
deployment "ms-65741" successfully rolled out
deployment "ms-66473" successfully rolled out
deployment "ms-69188" successfully rolled out
deployment "ms-69614" successfully rolled out
deployment "ms-9081" successfully rolled out
deployment "nginx-web-server" successfully rolled out
deployment "unknown" successfully rolled out
ENTRY_POINT: nginx-web-server
SERVICE_A_URL: 10.103.136.70:50051
Capacity: 8000
Metadata: request-id={{.RequestNumber}}
Metadata: timestamp={{.TimestampUnix}}
Metadata: method=motivation-both
Charon Configurations:
[{INTERCEPT dagor} {PRICE_UPDATE_RATE 10ms} {TOKEN_UPDATE_RATE 10ms} {LATENCY_THRESHOLD 100us} {PRICE_STEP 0} {PRICE_STRATEGY step} {LAZY_UPDATE false} {RATE_LIMITING true} {LOAD_SHEDDING true} {CHARON_TRACK_PRICE false} {BREAKWATER_SLO 12500us} {BREAKWATER_A 0.001} {BREAKWATER_B 0.02} {BREAKWATER_CLIENT_EXPIRATION 10ms} {BREAKWATER_INITIAL_CREDIT 400} {BREAKWATER_LOAD_SHEDDING true} {BREAKWATER_RTT 1000us} {BREAKWATERD_SLO 12500us} {BREAKWATERD_A 0.001} {BREAKWATERD_B 0.02} {BREAKWATERD_CLIENT_EXPIRATION 10ms} {BREAKWATERD_INITIAL_CREDIT 400} {BREAKWATERD_LOAD_SHEDDING true} {BREAKWATERD_RTT 1000us} {DAGOR_QUEUING_THRESHOLD 167932us} {DAGOR_ALPHA 0.17008842273955582} {DAGOR_BETA 0.01952739161644118} {DAGOR_ADMISSION_LEVEL_UPDATE_INTERVAL 17902us} {DAGOR_UMAX 17}]

Summary:
  Count:	41922
  Total:	6.81 s
  Slowest:	0 ns
  Fastest:	0 ns
  Average:	911.28 ms
  Requests/sec:	6154.50

Response time histogram:

Latency distribution:

Status code distribution:
  [DeadlineExceeded]   34050 responses   
  [Canceled]           7872 responses    

Error distribution:
  [34050]   rpc error: code = DeadlineExceeded desc = context deadline exceeded        
  [7872]    rpc error: code = Canceled desc = grpc: the client connection is closing   

Debug: Checking Namespace=default, Pod=ms-10090-6454f977fd-86jkk for Target File=deathstar_*.output
Namespace: default, Pod: ms-10090-6454f977fd-86jkk has the target files.
Copying deathstar_ms-10090.output to deathstar_ms-10090.output
tar: removing leading '/' from member names
Debug: Checking Namespace=default, Pod=ms-13558-b48bb5d9d-jp2g2 for Target File=deathstar_*.output
Namespace: default, Pod: ms-13558-b48bb5d9d-jp2g2 has the target files.
Copying deathstar_ms-13558.output to deathstar_ms-13558.output
tar: removing leading '/' from member names
Debug: Checking Namespace=default, Pod=ms-18330-759d9cf49c-qcnjt for Target File=deathstar_*.output
Namespace: default, Pod: ms-18330-759d9cf49c-qcnjt has the target files.
Copying deathstar_ms-18330.output to deathstar_ms-18330.output
tar: removing leading '/' from member names
Debug: Checking Namespace=default, Pod=ms-19585-6f995cfcbf-pgwzh for Target File=deathstar_*.output
Namespace: default, Pod: ms-19585-6f995cfcbf-pgwzh has the target files.
Copying deathstar_ms-19585.output to deathstar_ms-19585.output
tar: removing leading '/' from member names
Debug: Checking Namespace=default, Pod=ms-20172-59d5485464-qzxsg for Target File=deathstar_*.output
Namespace: default, Pod: ms-20172-59d5485464-qzxsg has the target files.
Copying deathstar_ms-20172.output to deathstar_ms-20172.output
tar: removing leading '/' from member names
Debug: Checking Namespace=default, Pod=ms-22893-576fd5f9f6-hq7pn for Target File=deathstar_*.output
Namespace: default, Pod: ms-22893-576fd5f9f6-hq7pn has the target files.
Copying deathstar_ms-22893.output to deathstar_ms-22893.output
tar: removing leading '/' from member names
Debug: Checking Namespace=default, Pod=ms-24009-67dbf5b976-7b8jk for Target File=deathstar_*.output
Namespace: default, Pod: ms-24009-67dbf5b976-7b8jk has the target files.
Copying deathstar_ms-24009.output to deathstar_ms-24009.output
tar: removing leading '/' from member names
Debug: Checking Namespace=default, Pod=ms-24959-99f8bbf9-7qppl for Target File=deathstar_*.output
Namespace: default, Pod: ms-24959-99f8bbf9-7qppl has the target files.
Copying deathstar_ms-24959.output to deathstar_ms-24959.output
tar: removing leading '/' from member names
Debug: Checking Namespace=default, Pod=ms-26622-66fdf7d64f-h68nx for Target File=deathstar_*.output
Namespace: default, Pod: ms-26622-66fdf7d64f-h68nx has the target files.
Copying deathstar_ms-26622.output to deathstar_ms-26622.output
tar: removing leading '/' from member names
Debug: Checking Namespace=default, Pod=ms-27421-64f549855c-j6zc2 for Target File=deathstar_*.output
Namespace: default, Pod: ms-27421-64f549855c-j6zc2 has the target files.
Copying deathstar_ms-27421.output to deathstar_ms-27421.output
tar: removing leading '/' from member names
Debug: Checking Namespace=default, Pod=ms-29373-8467f7db44-wgcnq for Target File=deathstar_*.output
Namespace: default, Pod: ms-29373-8467f7db44-wgcnq has the target files.
Copying deathstar_ms-29373.output to deathstar_ms-29373.output
tar: removing leading '/' from member names
Debug: Checking Namespace=default, Pod=ms-32301-c5654bbc5-gg7t6 for Target File=deathstar_*.output
Namespace: default, Pod: ms-32301-c5654bbc5-gg7t6 has the target files.
Copying deathstar_ms-32301.output to deathstar_ms-32301.output
tar: removing leading '/' from member names
Debug: Checking Namespace=default, Pod=ms-3289-587dbd96bf-z2s7l for Target File=deathstar_*.output
Namespace: default, Pod: ms-3289-587dbd96bf-z2s7l has the target files.
Copying deathstar_ms-3289.output to deathstar_ms-3289.output
tar: removing leading '/' from member names
Debug: Checking Namespace=default, Pod=ms-37691-6dc6cd6744-p2lc8 for Target File=deathstar_*.output
Namespace: default, Pod: ms-37691-6dc6cd6744-p2lc8 has the target files.
Copying deathstar_ms-37691.output to deathstar_ms-37691.output
tar: removing leading '/' from member names
Debug: Checking Namespace=default, Pod=ms-38964-5b647cdbd-j622x for Target File=deathstar_*.output
Namespace: default, Pod: ms-38964-5b647cdbd-j622x has the target files.
Copying deathstar_ms-38964.output to deathstar_ms-38964.output
tar: removing leading '/' from member names
Debug: Checking Namespace=default, Pod=ms-40147-cd867585-d7pjn for Target File=deathstar_*.output
Namespace: default, Pod: ms-40147-cd867585-d7pjn has the target files.
Copying deathstar_ms-40147.output to deathstar_ms-40147.output
tar: removing leading '/' from member names
Debug: Checking Namespace=default, Pod=ms-48118-ff7b99cc9-7sp44 for Target File=deathstar_*.output
Namespace: default, Pod: ms-48118-ff7b99cc9-7sp44 has the target files.
Copying deathstar_ms-48118.output to deathstar_ms-48118.output
tar: removing leading '/' from member names
Debug: Checking Namespace=default, Pod=ms-4829-669557b66c-lvff6 for Target File=deathstar_*.output
Namespace: default, Pod: ms-4829-669557b66c-lvff6 has the target files.
Copying deathstar_ms-4829.output to deathstar_ms-4829.output
tar: removing leading '/' from member names
Debug: Checking Namespace=default, Pod=ms-51685-79858c784f-tlqfc for Target File=deathstar_*.output
Namespace: default, Pod: ms-51685-79858c784f-tlqfc has the target files.
Copying deathstar_ms-51685.output to deathstar_ms-51685.output
tar: removing leading '/' from member names
Debug: Checking Namespace=default, Pod=ms-52379-57c6cdd54b-rc94v for Target File=deathstar_*.output
Namespace: default, Pod: ms-52379-57c6cdd54b-rc94v has the target files.
Copying deathstar_ms-52379.output to deathstar_ms-52379.output
tar: removing leading '/' from member names
Debug: Checking Namespace=default, Pod=ms-55394-6f999f5df9-kjtdr for Target File=deathstar_*.output
Namespace: default, Pod: ms-55394-6f999f5df9-kjtdr has the target files.
Copying deathstar_ms-55394.output to deathstar_ms-55394.output
tar: removing leading '/' from member names
Debug: Checking Namespace=default, Pod=ms-58436-59dd96f659-wjvp9 for Target File=deathstar_*.output
Namespace: default, Pod: ms-58436-59dd96f659-wjvp9 has the target files.
Copying deathstar_ms-58436.output to deathstar_ms-58436.output
tar: removing leading '/' from member names
Debug: Checking Namespace=default, Pod=ms-58772-68ff78c966-b5wpb for Target File=deathstar_*.output
Namespace: default, Pod: ms-58772-68ff78c966-b5wpb has the target files.
Copying deathstar_ms-58772.output to deathstar_ms-58772.output
tar: removing leading '/' from member names
Debug: Checking Namespace=default, Pod=ms-59962-756b895b58-z7nhk for Target File=deathstar_*.output
Namespace: default, Pod: ms-59962-756b895b58-z7nhk has the target files.
Copying deathstar_ms-59962.output to deathstar_ms-59962.output
tar: removing leading '/' from member names
Debug: Checking Namespace=default, Pod=ms-60061-68bd84bdcd-4ggfk for Target File=deathstar_*.output
Namespace: default, Pod: ms-60061-68bd84bdcd-4ggfk has the target files.
Copying deathstar_ms-60061.output to deathstar_ms-60061.output
tar: removing leading '/' from member names
Debug: Checking Namespace=default, Pod=ms-6323-974659fcd-kmtq4 for Target File=deathstar_*.output
Namespace: default, Pod: ms-6323-974659fcd-kmtq4 has the target files.
Copying deathstar_ms-6323.output to deathstar_ms-6323.output
tar: removing leading '/' from member names
Debug: Checking Namespace=default, Pod=ms-65741-65f588bcdf-gr495 for Target File=deathstar_*.output
Namespace: default, Pod: ms-65741-65f588bcdf-gr495 has the target files.
Copying deathstar_ms-65741.output to deathstar_ms-65741.output
tar: removing leading '/' from member names
Debug: Checking Namespace=default, Pod=ms-66473-79c66f8bff-n75mn for Target File=deathstar_*.output
Namespace: default, Pod: ms-66473-79c66f8bff-n75mn has the target files.
Copying deathstar_ms-66473.output to deathstar_ms-66473.output
tar: removing leading '/' from member names
Debug: Checking Namespace=default, Pod=ms-69188-65c548d4cb-bmwqc for Target File=deathstar_*.output
Namespace: default, Pod: ms-69188-65c548d4cb-bmwqc has the target files.
Copying deathstar_ms-69188.output to deathstar_ms-69188.output
tar: removing leading '/' from member names
Debug: Checking Namespace=default, Pod=ms-69614-794bd8475-jkhqs for Target File=deathstar_*.output
Namespace: default, Pod: ms-69614-794bd8475-jkhqs has the target files.
Copying deathstar_ms-69614.output to deathstar_ms-69614.output
tar: removing leading '/' from member names
Debug: Checking Namespace=default, Pod=ms-9081-567985788-q5js7 for Target File=deathstar_*.output
Namespace: default, Pod: ms-9081-567985788-q5js7 has the target files.
Copying deathstar_ms-9081.output to deathstar_ms-9081.output
tar: removing leading '/' from member names
Debug: Checking Namespace=default, Pod=nginx-web-server-56557f7cb7-jbrfk for Target File=deathstar_*.output
Namespace: default, Pod: nginx-web-server-56557f7cb7-jbrfk has the target files.
Copying deathstar_nginx-web-server.output to deathstar_nginx-web-server.output
tar: removing leading '/' from member names
Debug: Checking Namespace=default, Pod=unknown-6ddf9bd4b5-q5jfm for Target File=deathstar_*.output
Namespace: default, Pod: unknown-6ddf9bd4b5-q5jfm has the target files.
Copying deathstar_unknown.output to deathstar_unknown.output
tar: removing leading '/' from member names
