Deployments: ms-11070
ms-11285
ms-11512
ms-1278
ms-13873
ms-19953
ms-21883
ms-25124
ms-27421
ms-2827
ms-33719
ms-37691
ms-43309
ms-4354
ms-46825
ms-60236
ms-71771
ms-8052
ms-902
nginx-web-server
deployment "ms-11070" successfully rolled out
deployment "ms-11285" successfully rolled out
deployment "ms-11512" successfully rolled out
deployment "ms-1278" successfully rolled out
deployment "ms-13873" successfully rolled out
deployment "ms-19953" successfully rolled out
deployment "ms-21883" successfully rolled out
deployment "ms-25124" successfully rolled out
deployment "ms-27421" successfully rolled out
deployment "ms-2827" successfully rolled out
deployment "ms-33719" successfully rolled out
deployment "ms-37691" successfully rolled out
deployment "ms-43309" successfully rolled out
deployment "ms-4354" successfully rolled out
deployment "ms-46825" successfully rolled out
deployment "ms-60236" successfully rolled out
deployment "ms-71771" successfully rolled out
deployment "ms-8052" successfully rolled out
deployment "ms-902" successfully rolled out
deployment "nginx-web-server" successfully rolled out
ENTRY_POINT: nginx-web-server
SERVICE_A_URL: 10.96.46.139:50051
Capacity: 10000
Metadata: request-id={{.RequestNumber}}
Metadata: timestamp={{.TimestampUnix}}
Metadata: method=S_102000854
Charon Configurations:
[{INTERCEPT charon} {PRICE_UPDATE_RATE 28980us} {TOKEN_UPDATE_RATE 21360us} {LATENCY_THRESHOLD 309us} {PRICE_STEP 123} {PRICE_STRATEGY proportional} {LAZY_UPDATE true} {RATE_LIMITING true} {LOAD_SHEDDING true} {CHARON_TRACK_PRICE false} {BREAKWATER_SLO 12500us} {BREAKWATER_A 0.001} {BREAKWATER_B 0.02} {BREAKWATER_CLIENT_EXPIRATION 10ms} {BREAKWATER_INITIAL_CREDIT 400} {BREAKWATER_LOAD_SHEDDING true} {BREAKWATER_RTT 1000us} {BREAKWATERD_SLO 12500us} {BREAKWATERD_A 0.001} {BREAKWATERD_B 0.02} {BREAKWATERD_CLIENT_EXPIRATION 10ms} {BREAKWATERD_INITIAL_CREDIT 400} {BREAKWATERD_LOAD_SHEDDING true} {BREAKWATERD_RTT 1000us} {DAGOR_QUEUING_THRESHOLD 2ms} {DAGOR_ALPHA 0.05} {DAGOR_BETA 0.01} {DAGOR_ADMISSION_LEVEL_UPDATE_INTERVAL 10ms} {DAGOR_UMAX 20}]

Summary:
  Count:	49514
  Total:	14.80 s
  Slowest:	802.73 ms
  Fastest:	39.03 ms
  Average:	40.10 ms
  Requests/sec:	3346.31

Response time histogram:
  39.031  [1]     |
  115.401 [39434] |∎∎∎∎∎∎∎∎∎∎∎∎∎∎∎∎∎∎∎∎∎∎∎∎∎∎∎∎∎∎∎∎∎∎∎∎∎∎∎∎
  191.771 [178]   |
  268.142 [16]    |
  344.512 [3]     |
  420.882 [9]     |
  497.252 [30]    |
  573.623 [18]    |
  649.993 [2]     |
  726.363 [2]     |
  802.733 [2]     |

Latency distribution:
  10 % in 40.05 ms 
  25 % in 40.70 ms 
  50 % in 41.87 ms 
  75 % in 44.23 ms 
  90 % in 49.07 ms 
  95 % in 58.60 ms 
  99 % in 103.35 ms 

Status code distribution:
  [ResourceExhausted]   9795 responses    
  [OK]                  39695 responses   
  [Canceled]            24 responses      

Error distribution:
  [440]    rpc error: code = ResourceExhausted desc = S_102000854 req dropped by ms-60236. Try again later.           
  [369]    rpc error: code = ResourceExhausted desc = S_102000854 req dropped by ms-25124. Try again later.           
  [24]     rpc error: code = Canceled desc = grpc: the client connection is closing                                   
  [8402]   rpc error: code = ResourceExhausted desc = S_102000854 req dropped by nginx-web-server. Try again later.   
  [584]    rpc error: code = ResourceExhausted desc = S_102000854 req dropped by ms-13873. Try again later.           

Debug: Checking Namespace=default, Pod=ms-11070-7868c54f44-hb59n for Target File=deathstar_*.output
Namespace: default, Pod: ms-11070-7868c54f44-hb59n has the target files.
Copying deathstar_ms-11070.output to deathstar_ms-11070.output
tar: removing leading '/' from member names
Debug: Checking Namespace=default, Pod=ms-11285-67d597dc77-qbvkw for Target File=deathstar_*.output
Namespace: default, Pod: ms-11285-67d597dc77-qbvkw has the target files.
Copying deathstar_ms-11285.output to deathstar_ms-11285.output
tar: removing leading '/' from member names
Debug: Checking Namespace=default, Pod=ms-11512-75f8ddc45b-dlrnh for Target File=deathstar_*.output
Namespace: default, Pod: ms-11512-75f8ddc45b-dlrnh has the target files.
Copying deathstar_ms-11512.output to deathstar_ms-11512.output
tar: removing leading '/' from member names
Debug: Checking Namespace=default, Pod=ms-1278-85766ff6b8-9vs7p for Target File=deathstar_*.output
Namespace: default, Pod: ms-1278-85766ff6b8-9vs7p has the target files.
Copying deathstar_ms-1278.output to deathstar_ms-1278.output
tar: removing leading '/' from member names
Debug: Checking Namespace=default, Pod=ms-13873-85d7bb7b97-vn5gl for Target File=deathstar_*.output
Namespace: default, Pod: ms-13873-85d7bb7b97-vn5gl has the target files.
Copying deathstar_ms-13873.output to deathstar_ms-13873.output
tar: removing leading '/' from member names
Debug: Checking Namespace=default, Pod=ms-19953-68cc8998c5-z8cdj for Target File=deathstar_*.output
Namespace: default, Pod: ms-19953-68cc8998c5-z8cdj has the target files.
Copying deathstar_ms-19953.output to deathstar_ms-19953.output
tar: removing leading '/' from member names
Debug: Checking Namespace=default, Pod=ms-21883-f6c88c6d4-s2v6r for Target File=deathstar_*.output
Namespace: default, Pod: ms-21883-f6c88c6d4-s2v6r has the target files.
Copying deathstar_ms-21883.output to deathstar_ms-21883.output
tar: removing leading '/' from member names
Debug: Checking Namespace=default, Pod=ms-25124-77bd4446f5-kqfv6 for Target File=deathstar_*.output
Namespace: default, Pod: ms-25124-77bd4446f5-kqfv6 has the target files.
Copying deathstar_ms-25124.output to deathstar_ms-25124.output
tar: removing leading '/' from member names
Debug: Checking Namespace=default, Pod=ms-27421-8565974486-lt7hp for Target File=deathstar_*.output
Namespace: default, Pod: ms-27421-8565974486-lt7hp has the target files.
Copying deathstar_ms-27421.output to deathstar_ms-27421.output
tar: removing leading '/' from member names
Debug: Checking Namespace=default, Pod=ms-2827-5dcc6df4f4-d6852 for Target File=deathstar_*.output
Namespace: default, Pod: ms-2827-5dcc6df4f4-d6852 has the target files.
Copying deathstar_ms-2827.output to deathstar_ms-2827.output
tar: removing leading '/' from member names
Debug: Checking Namespace=default, Pod=ms-33719-6c455cf54c-qkfcr for Target File=deathstar_*.output
Namespace: default, Pod: ms-33719-6c455cf54c-qkfcr has the target files.
Copying deathstar_ms-33719.output to deathstar_ms-33719.output
tar: removing leading '/' from member names
Debug: Checking Namespace=default, Pod=ms-37691-b9bc44798-sqkdm for Target File=deathstar_*.output
Namespace: default, Pod: ms-37691-b9bc44798-sqkdm has the target files.
Copying deathstar_ms-37691.output to deathstar_ms-37691.output
tar: removing leading '/' from member names
Debug: Checking Namespace=default, Pod=ms-43309-54f758d465-rkm82 for Target File=deathstar_*.output
Namespace: default, Pod: ms-43309-54f758d465-rkm82 has the target files.
Copying deathstar_ms-43309.output to deathstar_ms-43309.output
tar: removing leading '/' from member names
Debug: Checking Namespace=default, Pod=ms-4354-669cfcbdf6-98xjc for Target File=deathstar_*.output
Namespace: default, Pod: ms-4354-669cfcbdf6-98xjc has the target files.
Copying deathstar_ms-4354.output to deathstar_ms-4354.output
tar: removing leading '/' from member names
Debug: Checking Namespace=default, Pod=ms-46825-58c684559d-nbbjj for Target File=deathstar_*.output
Namespace: default, Pod: ms-46825-58c684559d-nbbjj has the target files.
Copying deathstar_ms-46825.output to deathstar_ms-46825.output
tar: removing leading '/' from member names
Debug: Checking Namespace=default, Pod=ms-60236-64866cf49-zhjgg for Target File=deathstar_*.output
Namespace: default, Pod: ms-60236-64866cf49-zhjgg has the target files.
Copying deathstar_ms-60236.output to deathstar_ms-60236.output
tar: removing leading '/' from member names
Debug: Checking Namespace=default, Pod=ms-71771-567ddbdd95-pxxfr for Target File=deathstar_*.output
Namespace: default, Pod: ms-71771-567ddbdd95-pxxfr has the target files.
Copying deathstar_ms-71771.output to deathstar_ms-71771.output
tar: removing leading '/' from member names
Debug: Checking Namespace=default, Pod=ms-8052-b995968dc-prdwd for Target File=deathstar_*.output
Namespace: default, Pod: ms-8052-b995968dc-prdwd has the target files.
Copying deathstar_ms-8052.output to deathstar_ms-8052.output
tar: removing leading '/' from member names
Debug: Checking Namespace=default, Pod=ms-902-5744544f85-zc6tj for Target File=deathstar_*.output
Namespace: default, Pod: ms-902-5744544f85-zc6tj has the target files.
Copying deathstar_ms-902.output to deathstar_ms-902.output
tar: removing leading '/' from member names
Debug: Checking Namespace=default, Pod=nginx-web-server-56557f7cb7-qp7ht for Target File=deathstar_*.output
Namespace: default, Pod: nginx-web-server-56557f7cb7-qp7ht has the target files.
Copying deathstar_nginx-web-server.output to deathstar_nginx-web-server.output
tar: removing leading '/' from member names
