Deployments: ms-10090
ms-13558
ms-18330
ms-19585
ms-20172
ms-22893
ms-24009
ms-24959
ms-26622
ms-27421
ms-29373
ms-32301
ms-3289
ms-37691
ms-38964
ms-40147
ms-48118
ms-4829
ms-51685
ms-52379
ms-55394
ms-58436
ms-58772
ms-59962
ms-60061
ms-6323
ms-65741
ms-66473
ms-69188
ms-69614
ms-9081
nginx-web-server
unknown
deployment "ms-10090" successfully rolled out
deployment "ms-13558" successfully rolled out
deployment "ms-18330" successfully rolled out
deployment "ms-19585" successfully rolled out
deployment "ms-20172" successfully rolled out
deployment "ms-22893" successfully rolled out
deployment "ms-24009" successfully rolled out
deployment "ms-24959" successfully rolled out
deployment "ms-26622" successfully rolled out
deployment "ms-27421" successfully rolled out
deployment "ms-29373" successfully rolled out
deployment "ms-32301" successfully rolled out
deployment "ms-3289" successfully rolled out
deployment "ms-37691" successfully rolled out
deployment "ms-38964" successfully rolled out
deployment "ms-40147" successfully rolled out
deployment "ms-48118" successfully rolled out
deployment "ms-4829" successfully rolled out
deployment "ms-51685" successfully rolled out
deployment "ms-52379" successfully rolled out
deployment "ms-55394" successfully rolled out
deployment "ms-58436" successfully rolled out
deployment "ms-58772" successfully rolled out
deployment "ms-59962" successfully rolled out
deployment "ms-60061" successfully rolled out
deployment "ms-6323" successfully rolled out
deployment "ms-65741" successfully rolled out
deployment "ms-66473" successfully rolled out
deployment "ms-69188" successfully rolled out
deployment "ms-69614" successfully rolled out
deployment "ms-9081" successfully rolled out
deployment "nginx-web-server" successfully rolled out
deployment "unknown" successfully rolled out
ENTRY_POINT: nginx-web-server
SERVICE_A_URL: 10.109.229.114:50051
Capacity: 10000
Metadata: request-id={{.RequestNumber}}
Metadata: timestamp={{.TimestampUnix}}
Metadata: method=S_149998854
Charon Configurations:
[{INTERCEPT charon} {PRICE_UPDATE_RATE 19152us} {TOKEN_UPDATE_RATE 23966us} {LATENCY_THRESHOLD 5072us} {PRICE_STEP 89} {PRICE_STRATEGY proportional} {LAZY_UPDATE true} {RATE_LIMITING true} {LOAD_SHEDDING true} {CHARON_TRACK_PRICE false} {BREAKWATER_SLO 12500us} {BREAKWATER_A 0.001} {BREAKWATER_B 0.02} {BREAKWATER_CLIENT_EXPIRATION 10ms} {BREAKWATER_INITIAL_CREDIT 400} {BREAKWATER_LOAD_SHEDDING true} {BREAKWATER_RTT 1000us} {BREAKWATERD_SLO 12500us} {BREAKWATERD_A 0.001} {BREAKWATERD_B 0.02} {BREAKWATERD_CLIENT_EXPIRATION 10ms} {BREAKWATERD_INITIAL_CREDIT 400} {BREAKWATERD_LOAD_SHEDDING true} {BREAKWATERD_RTT 1000us} {DAGOR_QUEUING_THRESHOLD 2ms} {DAGOR_ALPHA 0.05} {DAGOR_BETA 0.01} {DAGOR_ADMISSION_LEVEL_UPDATE_INTERVAL 10ms} {DAGOR_UMAX 20}]

Summary:
  Count:	44288
  Total:	14.85 s
  Slowest:	880.90 ms
  Fastest:	110.81 ms
  Average:	116.26 ms
  Requests/sec:	2982.01

Response time histogram:
  110.807 [1]     |
  187.817 [37140] |∎∎∎∎∎∎∎∎∎∎∎∎∎∎∎∎∎∎∎∎∎∎∎∎∎∎∎∎∎∎∎∎∎∎∎∎∎∎∎∎
  264.826 [556]   |∎
  341.836 [637]   |∎
  418.845 [48]    |
  495.855 [11]    |
  572.865 [0]     |
  649.874 [0]     |
  726.884 [0]     |
  803.893 [0]     |
  880.903 [18]    |

Latency distribution:
  10 % in 112.86 ms 
  25 % in 114.90 ms 
  50 % in 122.15 ms 
  75 % in 133.33 ms 
  90 % in 144.87 ms 
  95 % in 156.77 ms 
  99 % in 303.34 ms 

Status code distribution:
  [OK]                  38411 responses   
  [ResourceExhausted]   5753 responses    
  [Canceled]            124 responses     

Error distribution:
  [2]      rpc error: code = ResourceExhausted desc = S_149998854 req dropped by ms-6323. Try again later.            
  [4]      rpc error: code = ResourceExhausted desc = S_149998854 req dropped by ms-3289. Try again later.            
  [942]    rpc error: code = ResourceExhausted desc = S_149998854 req dropped by ms-55394. Try again later.           
  [655]    rpc error: code = ResourceExhausted desc = S_149998854 req dropped by ms-18330. Try again later.           
  [480]    rpc error: code = ResourceExhausted desc = S_149998854 req dropped by ms-66473. Try again later.           
  [3669]   rpc error: code = ResourceExhausted desc = S_149998854 req dropped by nginx-web-server. Try again later.   
  [124]    rpc error: code = Canceled desc = grpc: the client connection is closing                                   
  [1]      rpc error: code = ResourceExhausted desc = S_149998854 req dropped by ms-58436. Try again later.           

Debug: Checking Namespace=default, Pod=ms-10090-6454f977fd-twh5q for Target File=deathstar_*.output
Namespace: default, Pod: ms-10090-6454f977fd-twh5q has the target files.
Copying deathstar_ms-10090.output to deathstar_ms-10090.output
tar: removing leading '/' from member names
Debug: Checking Namespace=default, Pod=ms-13558-b48bb5d9d-vbhs9 for Target File=deathstar_*.output
Namespace: default, Pod: ms-13558-b48bb5d9d-vbhs9 has the target files.
Copying deathstar_ms-13558.output to deathstar_ms-13558.output
tar: removing leading '/' from member names
Debug: Checking Namespace=default, Pod=ms-18330-759d9cf49c-h28fw for Target File=deathstar_*.output
Namespace: default, Pod: ms-18330-759d9cf49c-h28fw has the target files.
Copying deathstar_ms-18330.output to deathstar_ms-18330.output
tar: removing leading '/' from member names
Debug: Checking Namespace=default, Pod=ms-19585-6f995cfcbf-7jj4b for Target File=deathstar_*.output
Namespace: default, Pod: ms-19585-6f995cfcbf-7jj4b has the target files.
Copying deathstar_ms-19585.output to deathstar_ms-19585.output
tar: removing leading '/' from member names
Debug: Checking Namespace=default, Pod=ms-20172-59d5485464-5626l for Target File=deathstar_*.output
Namespace: default, Pod: ms-20172-59d5485464-5626l has the target files.
Copying deathstar_ms-20172.output to deathstar_ms-20172.output
tar: removing leading '/' from member names
Debug: Checking Namespace=default, Pod=ms-22893-576fd5f9f6-fw8r6 for Target File=deathstar_*.output
Namespace: default, Pod: ms-22893-576fd5f9f6-fw8r6 has the target files.
Copying deathstar_ms-22893.output to deathstar_ms-22893.output
tar: removing leading '/' from member names
Debug: Checking Namespace=default, Pod=ms-24009-67dbf5b976-rhmkv for Target File=deathstar_*.output
Namespace: default, Pod: ms-24009-67dbf5b976-rhmkv has the target files.
Copying deathstar_ms-24009.output to deathstar_ms-24009.output
tar: removing leading '/' from member names
Debug: Checking Namespace=default, Pod=ms-24959-99f8bbf9-gffd4 for Target File=deathstar_*.output
Namespace: default, Pod: ms-24959-99f8bbf9-gffd4 has the target files.
Copying deathstar_ms-24959.output to deathstar_ms-24959.output
tar: removing leading '/' from member names
Debug: Checking Namespace=default, Pod=ms-26622-66fdf7d64f-lhr7n for Target File=deathstar_*.output
Namespace: default, Pod: ms-26622-66fdf7d64f-lhr7n has the target files.
Copying deathstar_ms-26622.output to deathstar_ms-26622.output
tar: removing leading '/' from member names
Debug: Checking Namespace=default, Pod=ms-27421-64f549855c-thg9s for Target File=deathstar_*.output
Namespace: default, Pod: ms-27421-64f549855c-thg9s has the target files.
Copying deathstar_ms-27421.output to deathstar_ms-27421.output
tar: removing leading '/' from member names
Debug: Checking Namespace=default, Pod=ms-29373-8467f7db44-dhqzj for Target File=deathstar_*.output
Namespace: default, Pod: ms-29373-8467f7db44-dhqzj has the target files.
Copying deathstar_ms-29373.output to deathstar_ms-29373.output
tar: removing leading '/' from member names
Debug: Checking Namespace=default, Pod=ms-32301-c5654bbc5-67lrr for Target File=deathstar_*.output
Namespace: default, Pod: ms-32301-c5654bbc5-67lrr has the target files.
Copying deathstar_ms-32301.output to deathstar_ms-32301.output
tar: removing leading '/' from member names
Debug: Checking Namespace=default, Pod=ms-3289-587dbd96bf-6cq68 for Target File=deathstar_*.output
Namespace: default, Pod: ms-3289-587dbd96bf-6cq68 has the target files.
Copying deathstar_ms-3289.output to deathstar_ms-3289.output
tar: removing leading '/' from member names
Debug: Checking Namespace=default, Pod=ms-37691-6dc6cd6744-8t8hg for Target File=deathstar_*.output
Namespace: default, Pod: ms-37691-6dc6cd6744-8t8hg has the target files.
Copying deathstar_ms-37691.output to deathstar_ms-37691.output
tar: removing leading '/' from member names
Debug: Checking Namespace=default, Pod=ms-38964-5b647cdbd-qq4vj for Target File=deathstar_*.output
Namespace: default, Pod: ms-38964-5b647cdbd-qq4vj has the target files.
Copying deathstar_ms-38964.output to deathstar_ms-38964.output
tar: removing leading '/' from member names
Debug: Checking Namespace=default, Pod=ms-40147-cd867585-j6sbg for Target File=deathstar_*.output
Namespace: default, Pod: ms-40147-cd867585-j6sbg has the target files.
Copying deathstar_ms-40147.output to deathstar_ms-40147.output
tar: removing leading '/' from member names
Debug: Checking Namespace=default, Pod=ms-48118-ff7b99cc9-8thfk for Target File=deathstar_*.output
Namespace: default, Pod: ms-48118-ff7b99cc9-8thfk has the target files.
Copying deathstar_ms-48118.output to deathstar_ms-48118.output
tar: removing leading '/' from member names
Debug: Checking Namespace=default, Pod=ms-4829-669557b66c-td5rb for Target File=deathstar_*.output
Namespace: default, Pod: ms-4829-669557b66c-td5rb has the target files.
Copying deathstar_ms-4829.output to deathstar_ms-4829.output
tar: removing leading '/' from member names
Debug: Checking Namespace=default, Pod=ms-51685-79858c784f-mp6zh for Target File=deathstar_*.output
Namespace: default, Pod: ms-51685-79858c784f-mp6zh has the target files.
Copying deathstar_ms-51685.output to deathstar_ms-51685.output
tar: removing leading '/' from member names
Debug: Checking Namespace=default, Pod=ms-52379-57c6cdd54b-nr8kw for Target File=deathstar_*.output
Namespace: default, Pod: ms-52379-57c6cdd54b-nr8kw has the target files.
Copying deathstar_ms-52379.output to deathstar_ms-52379.output
tar: removing leading '/' from member names
Debug: Checking Namespace=default, Pod=ms-55394-6f999f5df9-9f6d5 for Target File=deathstar_*.output
Namespace: default, Pod: ms-55394-6f999f5df9-9f6d5 has the target files.
Copying deathstar_ms-55394.output to deathstar_ms-55394.output
tar: removing leading '/' from member names
Debug: Checking Namespace=default, Pod=ms-58436-59dd96f659-rp955 for Target File=deathstar_*.output
Namespace: default, Pod: ms-58436-59dd96f659-rp955 has the target files.
Copying deathstar_ms-58436.output to deathstar_ms-58436.output
tar: removing leading '/' from member names
Debug: Checking Namespace=default, Pod=ms-58772-68ff78c966-d9gcx for Target File=deathstar_*.output
Namespace: default, Pod: ms-58772-68ff78c966-d9gcx has the target files.
Copying deathstar_ms-58772.output to deathstar_ms-58772.output
tar: removing leading '/' from member names
Debug: Checking Namespace=default, Pod=ms-59962-756b895b58-x6vzb for Target File=deathstar_*.output
Namespace: default, Pod: ms-59962-756b895b58-x6vzb has the target files.
Copying deathstar_ms-59962.output to deathstar_ms-59962.output
tar: removing leading '/' from member names
Debug: Checking Namespace=default, Pod=ms-60061-68bd84bdcd-w44nw for Target File=deathstar_*.output
Namespace: default, Pod: ms-60061-68bd84bdcd-w44nw has the target files.
Copying deathstar_ms-60061.output to deathstar_ms-60061.output
tar: removing leading '/' from member names
Debug: Checking Namespace=default, Pod=ms-6323-974659fcd-7r87n for Target File=deathstar_*.output
Namespace: default, Pod: ms-6323-974659fcd-7r87n has the target files.
Copying deathstar_ms-6323.output to deathstar_ms-6323.output
tar: removing leading '/' from member names
Debug: Checking Namespace=default, Pod=ms-65741-65f588bcdf-dmd68 for Target File=deathstar_*.output
Namespace: default, Pod: ms-65741-65f588bcdf-dmd68 has the target files.
Copying deathstar_ms-65741.output to deathstar_ms-65741.output
tar: removing leading '/' from member names
Debug: Checking Namespace=default, Pod=ms-66473-79c66f8bff-h99d6 for Target File=deathstar_*.output
Namespace: default, Pod: ms-66473-79c66f8bff-h99d6 has the target files.
Copying deathstar_ms-66473.output to deathstar_ms-66473.output
tar: removing leading '/' from member names
Debug: Checking Namespace=default, Pod=ms-69188-65c548d4cb-bmmrz for Target File=deathstar_*.output
Namespace: default, Pod: ms-69188-65c548d4cb-bmmrz has the target files.
Copying deathstar_ms-69188.output to deathstar_ms-69188.output
tar: removing leading '/' from member names
Debug: Checking Namespace=default, Pod=ms-69614-794bd8475-fdr4d for Target File=deathstar_*.output
Namespace: default, Pod: ms-69614-794bd8475-fdr4d has the target files.
Copying deathstar_ms-69614.output to deathstar_ms-69614.output
tar: removing leading '/' from member names
Debug: Checking Namespace=default, Pod=ms-9081-567985788-7hjkp for Target File=deathstar_*.output
Namespace: default, Pod: ms-9081-567985788-7hjkp has the target files.
Copying deathstar_ms-9081.output to deathstar_ms-9081.output
tar: removing leading '/' from member names
Debug: Checking Namespace=default, Pod=nginx-web-server-56557f7cb7-gjnkh for Target File=deathstar_*.output
Namespace: default, Pod: nginx-web-server-56557f7cb7-gjnkh has the target files.
Copying deathstar_nginx-web-server.output to deathstar_nginx-web-server.output
tar: removing leading '/' from member names
Debug: Checking Namespace=default, Pod=unknown-6ddf9bd4b5-wwd5h for Target File=deathstar_*.output
Namespace: default, Pod: unknown-6ddf9bd4b5-wwd5h has the target files.
Copying deathstar_unknown.output to deathstar_unknown.output
tar: removing leading '/' from member names
