Deployments: ms-10090
ms-13558
ms-18330
ms-19585
ms-20172
ms-22893
ms-24009
ms-24959
ms-26622
ms-27421
ms-29373
ms-32301
ms-3289
ms-37691
ms-38964
ms-40147
ms-48118
ms-4829
ms-51685
ms-52379
ms-55394
ms-58436
ms-58772
ms-59962
ms-60061
ms-6323
ms-65741
ms-66473
ms-69188
ms-69614
ms-9081
nginx-web-server
unknown
deployment "ms-10090" successfully rolled out
deployment "ms-13558" successfully rolled out
deployment "ms-18330" successfully rolled out
deployment "ms-19585" successfully rolled out
deployment "ms-20172" successfully rolled out
deployment "ms-22893" successfully rolled out
deployment "ms-24009" successfully rolled out
deployment "ms-24959" successfully rolled out
deployment "ms-26622" successfully rolled out
deployment "ms-27421" successfully rolled out
deployment "ms-29373" successfully rolled out
deployment "ms-32301" successfully rolled out
deployment "ms-3289" successfully rolled out
deployment "ms-37691" successfully rolled out
deployment "ms-38964" successfully rolled out
deployment "ms-40147" successfully rolled out
deployment "ms-48118" successfully rolled out
deployment "ms-4829" successfully rolled out
deployment "ms-51685" successfully rolled out
deployment "ms-52379" successfully rolled out
deployment "ms-55394" successfully rolled out
deployment "ms-58436" successfully rolled out
deployment "ms-58772" successfully rolled out
deployment "ms-59962" successfully rolled out
deployment "ms-60061" successfully rolled out
deployment "ms-6323" successfully rolled out
deployment "ms-65741" successfully rolled out
deployment "ms-66473" successfully rolled out
deployment "ms-69188" successfully rolled out
deployment "ms-69614" successfully rolled out
deployment "ms-9081" successfully rolled out
deployment "nginx-web-server" successfully rolled out
deployment "unknown" successfully rolled out
ENTRY_POINT: nginx-web-server
SERVICE_A_URL: 10.105.149.240:50051
Capacity: 10000
Metadata: timestamp={{.TimestampUnix}}
Metadata: method=S_149998854
Metadata: request-id={{.RequestNumber}}
Charon Configurations:
[{INTERCEPT charon} {PRICE_UPDATE_RATE 32857us} {TOKEN_UPDATE_RATE 2740us} {LATENCY_THRESHOLD 9953us} {PRICE_STEP 55} {PRICE_STRATEGY proportional} {LAZY_UPDATE true} {RATE_LIMITING true} {LOAD_SHEDDING true} {CHARON_TRACK_PRICE false} {BREAKWATER_SLO 12500us} {BREAKWATER_A 0.001} {BREAKWATER_B 0.02} {BREAKWATER_CLIENT_EXPIRATION 10ms} {BREAKWATER_INITIAL_CREDIT 400} {BREAKWATER_LOAD_SHEDDING true} {BREAKWATER_RTT 1000us} {BREAKWATERD_SLO 12500us} {BREAKWATERD_A 0.001} {BREAKWATERD_B 0.02} {BREAKWATERD_CLIENT_EXPIRATION 10ms} {BREAKWATERD_INITIAL_CREDIT 400} {BREAKWATERD_LOAD_SHEDDING true} {BREAKWATERD_RTT 1000us} {DAGOR_QUEUING_THRESHOLD 2ms} {DAGOR_ALPHA 0.05} {DAGOR_BETA 0.01} {DAGOR_ADMISSION_LEVEL_UPDATE_INTERVAL 10ms} {DAGOR_UMAX 20}]

Summary:
  Count:	74748
  Total:	14.84 s
  Slowest:	1.05 s
  Fastest:	110.87 ms
  Average:	486.72 ms
  Requests/sec:	5036.18

Response time histogram:
  110.868  [1]     |
  204.826  [29841] |∎∎∎∎∎∎∎∎∎∎∎∎∎∎∎∎∎∎∎∎∎∎∎∎∎∎∎∎∎∎∎∎∎∎∎∎∎∎∎∎
  298.784  [2719]  |∎∎∎∎
  392.742  [1385]  |∎∎
  486.701  [1376]  |∎∎
  580.659  [521]   |∎
  674.617  [642]   |∎
  768.575  [1592]  |∎∎
  862.533  [1288]  |∎∎
  956.491  [852]   |∎
  1050.449 [508]   |∎

Latency distribution:
  10 % in 113.41 ms 
  25 % in 118.53 ms 
  50 % in 154.10 ms 
  75 % in 215.04 ms 
  90 % in 690.16 ms 
  95 % in 804.07 ms 
  99 % in 966.51 ms 

Status code distribution:
  [OK]                  40725 responses   
  [ResourceExhausted]   9536 responses    
  [DeadlineExceeded]    23790 responses   
  [Canceled]            697 responses     

Error distribution:
  [4894]    rpc error: code = ResourceExhausted desc = S_149998854 req dropped by nginx-web-server. Try again later.   
  [1302]    rpc error: code = ResourceExhausted desc = S_149998854 req dropped by ms-18330. Try again later.           
  [2682]    rpc error: code = ResourceExhausted desc = S_149998854 req dropped by ms-55394. Try again later.           
  [23790]   rpc error: code = DeadlineExceeded desc = context deadline exceeded                                        
  [697]     rpc error: code = Canceled desc = grpc: the client connection is closing                                   
  [658]     rpc error: code = ResourceExhausted desc = S_149998854 req dropped by ms-66473. Try again later.           

Debug: Checking Namespace=default, Pod=ms-10090-6454f977fd-jf6n9 for Target File=deathstar_*.output
Namespace: default, Pod: ms-10090-6454f977fd-jf6n9 has the target files.
Copying deathstar_ms-10090.output to deathstar_ms-10090.output
tar: removing leading '/' from member names
Debug: Checking Namespace=default, Pod=ms-13558-b48bb5d9d-bmvc6 for Target File=deathstar_*.output
Namespace: default, Pod: ms-13558-b48bb5d9d-bmvc6 has the target files.
Copying deathstar_ms-13558.output to deathstar_ms-13558.output
tar: removing leading '/' from member names
Debug: Checking Namespace=default, Pod=ms-18330-759d9cf49c-rmk27 for Target File=deathstar_*.output
Namespace: default, Pod: ms-18330-759d9cf49c-rmk27 has the target files.
Copying deathstar_ms-18330.output to deathstar_ms-18330.output
tar: removing leading '/' from member names
Debug: Checking Namespace=default, Pod=ms-19585-6f995cfcbf-z5qql for Target File=deathstar_*.output
Namespace: default, Pod: ms-19585-6f995cfcbf-z5qql has the target files.
Copying deathstar_ms-19585.output to deathstar_ms-19585.output
tar: removing leading '/' from member names
Debug: Checking Namespace=default, Pod=ms-20172-59d5485464-7l9d5 for Target File=deathstar_*.output
Namespace: default, Pod: ms-20172-59d5485464-7l9d5 has the target files.
Copying deathstar_ms-20172.output to deathstar_ms-20172.output
tar: removing leading '/' from member names
Debug: Checking Namespace=default, Pod=ms-22893-576fd5f9f6-j9gkf for Target File=deathstar_*.output
Namespace: default, Pod: ms-22893-576fd5f9f6-j9gkf has the target files.
Copying deathstar_ms-22893.output to deathstar_ms-22893.output
tar: removing leading '/' from member names
Debug: Checking Namespace=default, Pod=ms-24009-67dbf5b976-mvxxr for Target File=deathstar_*.output
Namespace: default, Pod: ms-24009-67dbf5b976-mvxxr has the target files.
Copying deathstar_ms-24009.output to deathstar_ms-24009.output
tar: removing leading '/' from member names
Debug: Checking Namespace=default, Pod=ms-24959-99f8bbf9-bftpv for Target File=deathstar_*.output
Namespace: default, Pod: ms-24959-99f8bbf9-bftpv has the target files.
Copying deathstar_ms-24959.output to deathstar_ms-24959.output
tar: removing leading '/' from member names
Debug: Checking Namespace=default, Pod=ms-26622-66fdf7d64f-xbgmj for Target File=deathstar_*.output
Namespace: default, Pod: ms-26622-66fdf7d64f-xbgmj has the target files.
Copying deathstar_ms-26622.output to deathstar_ms-26622.output
tar: removing leading '/' from member names
Debug: Checking Namespace=default, Pod=ms-27421-64f549855c-gpsjz for Target File=deathstar_*.output
Namespace: default, Pod: ms-27421-64f549855c-gpsjz has the target files.
Copying deathstar_ms-27421.output to deathstar_ms-27421.output
tar: removing leading '/' from member names
Debug: Checking Namespace=default, Pod=ms-29373-8467f7db44-qmztq for Target File=deathstar_*.output
Namespace: default, Pod: ms-29373-8467f7db44-qmztq has the target files.
Copying deathstar_ms-29373.output to deathstar_ms-29373.output
tar: removing leading '/' from member names
Debug: Checking Namespace=default, Pod=ms-32301-c5654bbc5-gg5jc for Target File=deathstar_*.output
Namespace: default, Pod: ms-32301-c5654bbc5-gg5jc has the target files.
Copying deathstar_ms-32301.output to deathstar_ms-32301.output
tar: removing leading '/' from member names
Debug: Checking Namespace=default, Pod=ms-3289-587dbd96bf-c5rlk for Target File=deathstar_*.output
Namespace: default, Pod: ms-3289-587dbd96bf-c5rlk has the target files.
Copying deathstar_ms-3289.output to deathstar_ms-3289.output
tar: removing leading '/' from member names
Debug: Checking Namespace=default, Pod=ms-37691-6dc6cd6744-rhnss for Target File=deathstar_*.output
Namespace: default, Pod: ms-37691-6dc6cd6744-rhnss has the target files.
Copying deathstar_ms-37691.output to deathstar_ms-37691.output
tar: removing leading '/' from member names
Debug: Checking Namespace=default, Pod=ms-38964-5b647cdbd-ghvzq for Target File=deathstar_*.output
Namespace: default, Pod: ms-38964-5b647cdbd-ghvzq has the target files.
Copying deathstar_ms-38964.output to deathstar_ms-38964.output
tar: removing leading '/' from member names
Debug: Checking Namespace=default, Pod=ms-40147-cd867585-fgcm6 for Target File=deathstar_*.output
Namespace: default, Pod: ms-40147-cd867585-fgcm6 has the target files.
Copying deathstar_ms-40147.output to deathstar_ms-40147.output
tar: removing leading '/' from member names
Debug: Checking Namespace=default, Pod=ms-48118-ff7b99cc9-v9trz for Target File=deathstar_*.output
Namespace: default, Pod: ms-48118-ff7b99cc9-v9trz has the target files.
Copying deathstar_ms-48118.output to deathstar_ms-48118.output
tar: removing leading '/' from member names
Debug: Checking Namespace=default, Pod=ms-4829-669557b66c-cpdjd for Target File=deathstar_*.output
Namespace: default, Pod: ms-4829-669557b66c-cpdjd has the target files.
Copying deathstar_ms-4829.output to deathstar_ms-4829.output
tar: removing leading '/' from member names
Debug: Checking Namespace=default, Pod=ms-51685-79858c784f-t67zz for Target File=deathstar_*.output
Namespace: default, Pod: ms-51685-79858c784f-t67zz has the target files.
Copying deathstar_ms-51685.output to deathstar_ms-51685.output
tar: removing leading '/' from member names
Debug: Checking Namespace=default, Pod=ms-52379-57c6cdd54b-2qmp2 for Target File=deathstar_*.output
Namespace: default, Pod: ms-52379-57c6cdd54b-2qmp2 has the target files.
Copying deathstar_ms-52379.output to deathstar_ms-52379.output
tar: removing leading '/' from member names
Debug: Checking Namespace=default, Pod=ms-55394-6f999f5df9-g7rl4 for Target File=deathstar_*.output
Namespace: default, Pod: ms-55394-6f999f5df9-g7rl4 has the target files.
Copying deathstar_ms-55394.output to deathstar_ms-55394.output
tar: removing leading '/' from member names
Debug: Checking Namespace=default, Pod=ms-58436-59dd96f659-28rvf for Target File=deathstar_*.output
Namespace: default, Pod: ms-58436-59dd96f659-28rvf has the target files.
Copying deathstar_ms-58436.output to deathstar_ms-58436.output
tar: removing leading '/' from member names
Debug: Checking Namespace=default, Pod=ms-58772-68ff78c966-z2kx5 for Target File=deathstar_*.output
Namespace: default, Pod: ms-58772-68ff78c966-z2kx5 has the target files.
Copying deathstar_ms-58772.output to deathstar_ms-58772.output
tar: removing leading '/' from member names
Debug: Checking Namespace=default, Pod=ms-59962-756b895b58-p4pdc for Target File=deathstar_*.output
Namespace: default, Pod: ms-59962-756b895b58-p4pdc has the target files.
Copying deathstar_ms-59962.output to deathstar_ms-59962.output
tar: removing leading '/' from member names
Debug: Checking Namespace=default, Pod=ms-60061-68bd84bdcd-vqmfb for Target File=deathstar_*.output
Namespace: default, Pod: ms-60061-68bd84bdcd-vqmfb has the target files.
Copying deathstar_ms-60061.output to deathstar_ms-60061.output
tar: removing leading '/' from member names
Debug: Checking Namespace=default, Pod=ms-6323-974659fcd-slzj6 for Target File=deathstar_*.output
Namespace: default, Pod: ms-6323-974659fcd-slzj6 has the target files.
Copying deathstar_ms-6323.output to deathstar_ms-6323.output
tar: removing leading '/' from member names
Debug: Checking Namespace=default, Pod=ms-65741-65f588bcdf-vtcn6 for Target File=deathstar_*.output
Namespace: default, Pod: ms-65741-65f588bcdf-vtcn6 has the target files.
Copying deathstar_ms-65741.output to deathstar_ms-65741.output
tar: removing leading '/' from member names
Debug: Checking Namespace=default, Pod=ms-66473-79c66f8bff-fnpfz for Target File=deathstar_*.output
Namespace: default, Pod: ms-66473-79c66f8bff-fnpfz has the target files.
Copying deathstar_ms-66473.output to deathstar_ms-66473.output
tar: removing leading '/' from member names
Debug: Checking Namespace=default, Pod=ms-69188-65c548d4cb-jzfqm for Target File=deathstar_*.output
Namespace: default, Pod: ms-69188-65c548d4cb-jzfqm has the target files.
Copying deathstar_ms-69188.output to deathstar_ms-69188.output
tar: removing leading '/' from member names
Debug: Checking Namespace=default, Pod=ms-69614-794bd8475-vzqwz for Target File=deathstar_*.output
Namespace: default, Pod: ms-69614-794bd8475-vzqwz has the target files.
Copying deathstar_ms-69614.output to deathstar_ms-69614.output
tar: removing leading '/' from member names
Debug: Checking Namespace=default, Pod=ms-9081-567985788-frmhd for Target File=deathstar_*.output
Namespace: default, Pod: ms-9081-567985788-frmhd has the target files.
Copying deathstar_ms-9081.output to deathstar_ms-9081.output
tar: removing leading '/' from member names
Debug: Checking Namespace=default, Pod=nginx-web-server-56557f7cb7-mf9nl for Target File=deathstar_*.output
Namespace: default, Pod: nginx-web-server-56557f7cb7-mf9nl has the target files.
Copying deathstar_nginx-web-server.output to deathstar_nginx-web-server.output
tar: removing leading '/' from member names
Debug: Checking Namespace=default, Pod=unknown-6ddf9bd4b5-62q7b for Target File=deathstar_*.output
Namespace: default, Pod: unknown-6ddf9bd4b5-62q7b has the target files.
Copying deathstar_unknown.output to deathstar_unknown.output
tar: removing leading '/' from member names
