Deployments: compose-post-service
home-timeline-redis
home-timeline-service
media-service
nginx-web-server
post-storage-mongo
post-storage-service
social-graph-mongo
social-graph-redis
social-graph-service
text-service
unique-id-service
url-shorten-mongo
url-shorten-service
user-mention-memcached
user-mention-mongo
user-mention-service
user-service
user-timeline-mongo
user-timeline-redis
user-timeline-service
deployment "compose-post-service" successfully rolled out
Deployment compose-post-service is ready.
deployment "home-timeline-redis" successfully rolled out
Deployment home-timeline-redis is ready.
deployment "home-timeline-service" successfully rolled out
Deployment home-timeline-service is ready.
deployment "media-service" successfully rolled out
Deployment media-service is ready.
deployment "nginx-web-server" successfully rolled out
Deployment nginx-web-server is ready.
deployment "post-storage-mongo" successfully rolled out
Deployment post-storage-mongo is ready.
deployment "post-storage-service" successfully rolled out
Deployment post-storage-service is ready.
deployment "social-graph-mongo" successfully rolled out
Deployment social-graph-mongo is ready.
deployment "social-graph-redis" successfully rolled out
Deployment social-graph-redis is ready.
deployment "social-graph-service" successfully rolled out
Deployment social-graph-service is ready.
deployment "text-service" successfully rolled out
Deployment text-service is ready.
deployment "unique-id-service" successfully rolled out
Deployment unique-id-service is ready.
deployment "url-shorten-mongo" successfully rolled out
Deployment url-shorten-mongo is ready.
deployment "url-shorten-service" successfully rolled out
Deployment url-shorten-service is ready.
deployment "user-mention-memcached" successfully rolled out
Deployment user-mention-memcached is ready.
deployment "user-mention-mongo" successfully rolled out
Deployment user-mention-mongo is ready.
deployment "user-mention-service" successfully rolled out
Deployment user-mention-service is ready.
deployment "user-service" successfully rolled out
Deployment user-service is ready.
deployment "user-timeline-mongo" successfully rolled out
Deployment user-timeline-mongo is ready.
deployment "user-timeline-redis" successfully rolled out
Deployment user-timeline-redis is ready.
deployment "user-timeline-service" successfully rolled out
Deployment user-timeline-service is ready.
ENTRY_POINT: nginx-web-server
SERVICE_A_URL: 10.100.65.38:50051
Capacity: 8000
Metadata: timestamp={{.TimestampUnix}}
Metadata: method=compose
Metadata: request-id={{.RequestNumber}}
Charon Configurations:
[{PRICE_UPDATE_RATE 323848us} {TOKEN_UPDATE_RATE 400536us} {LATENCY_THRESHOLD 242831us} {PRICE_STEP 344} {PRICE_STRATEGY proportional} {INTERCEPT charon} {LAZY_UPDATE true} {BREAKWATER_SLO 12500us} {BREAKWATER_A 0.001} {BREAKWATER_B 0.02} {BREAKWATER_CLIENT_EXPIRATION 10ms} {BREAKWATER_INITIAL_CREDIT 400} {BREAKWATERD_SLO 12500us} {BREAKWATERD_A 0.001} {BREAKWATERD_B 0.02} {BREAKWATERD_CLIENT_EXPIRATION 10ms} {BREAKWATERD_INITIAL_CREDIT 400} {DAGOR_QUEUING_THRESHOLD 2ms} {DAGOR_ALPHA 0.05} {DAGOR_BETA 0.01} {DAGOR_ADMISSION_LEVEL_UPDATE_INTERVAL 10ms} {DAGOR_UMAX 20}]

Summary:
  Count:	49335
  Total:	8.80 s
  Slowest:	594.54 ms
  Fastest:	19.26 ms
  Average:	51.01 ms
  Requests/sec:	5607.02

Response time histogram:
  19.256  [1]     |
  76.785  [46195] |∎∎∎∎∎∎∎∎∎∎∎∎∎∎∎∎∎∎∎∎∎∎∎∎∎∎∎∎∎∎∎∎∎∎∎∎∎∎∎∎
  134.313 [3031]  |∎∎∎
  191.842 [8]     |
  249.370 [2]     |
  306.899 [26]    |
  364.428 [25]    |
  421.956 [0]     |
  479.485 [3]     |
  537.013 [6]     |
  594.542 [17]    |

Latency distribution:
  10 % in 24.38 ms 
  25 % in 41.54 ms 
  50 % in 50.40 ms 
  75 % in 59.74 ms 
  90 % in 71.16 ms 
  95 % in 79.42 ms 
  99 % in 93.93 ms 

Status code distribution:
  [OK]         49314 responses   
  [Canceled]   21 responses      

Error distribution:
  [21]   rpc error: code = Canceled desc = grpc: the client connection is closing   

Debug: Checking Namespace=default, Pod=compose-post-service-854bd54864-7dswn for Target File=deathstar_*.output
Namespace: default, Pod: compose-post-service-854bd54864-7dswn has the target files.
Copying deathstar_compose-post-service.output to deathstar_compose-post-service.output
tar: removing leading '/' from member names
Debug: Checking Namespace=default, Pod=home-timeline-redis-76d55b799-mxs7g for Target File=deathstar_*.output
Namespace: default, Pod: home-timeline-redis-76d55b799-mxs7g has the target files.
Copying deathstar_home-timeline-redis.output to deathstar_home-timeline-redis.output
tar: removing leading '/' from member names
Debug: Checking Namespace=default, Pod=home-timeline-service-77986fbb7f-smbts for Target File=deathstar_*.output
Namespace: default, Pod: home-timeline-service-77986fbb7f-smbts has the target files.
Copying deathstar_home-timeline-service.output to deathstar_home-timeline-service.output
tar: removing leading '/' from member names
Debug: Checking Namespace=default, Pod=media-service-6d694cbc7f-hw6nb for Target File=deathstar_*.output
Namespace: default, Pod: media-service-6d694cbc7f-hw6nb has the target files.
Copying deathstar_media-service.output to deathstar_media-service.output
tar: removing leading '/' from member names
Debug: Checking Namespace=default, Pod=nginx-web-server-56557f7cb7-2g76x for Target File=deathstar_*.output
Namespace: default, Pod: nginx-web-server-56557f7cb7-2g76x has the target files.
Copying deathstar_nginx-web-server.output to deathstar_nginx-web-server.output
tar: removing leading '/' from member names
Debug: Checking Namespace=default, Pod=post-storage-mongo-d8bbf8c65-wl4wt for Target File=deathstar_*.output
Namespace: default, Pod: post-storage-mongo-d8bbf8c65-wl4wt has the target files.
Copying deathstar_post-storage-mongo.output to deathstar_post-storage-mongo.output
tar: removing leading '/' from member names
Debug: Checking Namespace=default, Pod=post-storage-service-6cd7955cb7-hkgvl for Target File=deathstar_*.output
Namespace: default, Pod: post-storage-service-6cd7955cb7-hkgvl has the target files.
Copying deathstar_post-storage-service.output to deathstar_post-storage-service.output
tar: removing leading '/' from member names
Debug: Checking Namespace=default, Pod=social-graph-mongo-7fb9669465-5gtzp for Target File=deathstar_*.output
Namespace: default, Pod: social-graph-mongo-7fb9669465-5gtzp has the target files.
Copying deathstar_social-graph-mongo.output to deathstar_social-graph-mongo.output
tar: removing leading '/' from member names
Debug: Checking Namespace=default, Pod=social-graph-redis-f8c4c788b-t6jd7 for Target File=deathstar_*.output
Namespace: default, Pod: social-graph-redis-f8c4c788b-t6jd7 has the target files.
Copying deathstar_social-graph-redis.output to deathstar_social-graph-redis.output
tar: removing leading '/' from member names
Debug: Checking Namespace=default, Pod=social-graph-service-54457c5fc9-6gfxv for Target File=deathstar_*.output
Namespace: default, Pod: social-graph-service-54457c5fc9-6gfxv has the target files.
Copying deathstar_social-graph-service.output to deathstar_social-graph-service.output
tar: removing leading '/' from member names
Debug: Checking Namespace=default, Pod=text-service-dc78f795b-l5pcd for Target File=deathstar_*.output
Namespace: default, Pod: text-service-dc78f795b-l5pcd has the target files.
Copying deathstar_text-service.output to deathstar_text-service.output
tar: removing leading '/' from member names
Debug: Checking Namespace=default, Pod=unique-id-service-6bf4bf49b6-rfz2f for Target File=deathstar_*.output
Namespace: default, Pod: unique-id-service-6bf4bf49b6-rfz2f has the target files.
Copying deathstar_unique-id-service.output to deathstar_unique-id-service.output
tar: removing leading '/' from member names
Debug: Checking Namespace=default, Pod=url-shorten-mongo-859457fd9d-rmwhg for Target File=deathstar_*.output
Namespace: default, Pod: url-shorten-mongo-859457fd9d-rmwhg has the target files.
Copying deathstar_url-shorten-mongo.output to deathstar_url-shorten-mongo.output
tar: removing leading '/' from member names
Debug: Checking Namespace=default, Pod=url-shorten-service-648c99fcf8-2d7qd for Target File=deathstar_*.output
Namespace: default, Pod: url-shorten-service-648c99fcf8-2d7qd has the target files.
Copying deathstar_url-shorten-service.output to deathstar_url-shorten-service.output
tar: removing leading '/' from member names
Debug: Checking Namespace=default, Pod=user-mention-memcached-6f97488b98-qvrrf for Target File=deathstar_*.output
Namespace: default, Pod: user-mention-memcached-6f97488b98-qvrrf has the target files.
Copying deathstar_user-mention-memcached.output to deathstar_user-mention-memcached.output
tar: removing leading '/' from member names
Debug: Checking Namespace=default, Pod=user-mention-mongo-5674859fcb-8wbn8 for Target File=deathstar_*.output
Namespace: default, Pod: user-mention-mongo-5674859fcb-8wbn8 has the target files.
Copying deathstar_user-mention-mongo.output to deathstar_user-mention-mongo.output
tar: removing leading '/' from member names
Debug: Checking Namespace=default, Pod=user-mention-service-6dbb786df6-lshql for Target File=deathstar_*.output
Namespace: default, Pod: user-mention-service-6dbb786df6-lshql has the target files.
Copying deathstar_user-mention-service.output to deathstar_user-mention-service.output
tar: removing leading '/' from member names
Debug: Checking Namespace=default, Pod=user-service-5797d8df8f-8g47s for Target File=deathstar_*.output
Namespace: default, Pod: user-service-5797d8df8f-8g47s has the target files.
Copying deathstar_user-service.output to deathstar_user-service.output
tar: removing leading '/' from member names
Debug: Checking Namespace=default, Pod=user-timeline-mongo-7b66b98dfc-2p8sp for Target File=deathstar_*.output
Namespace: default, Pod: user-timeline-mongo-7b66b98dfc-2p8sp has the target files.
Copying deathstar_user-timeline-mongo.output to deathstar_user-timeline-mongo.output
tar: removing leading '/' from member names
Debug: Checking Namespace=default, Pod=user-timeline-redis-7fcf87fb79-mztcn for Target File=deathstar_*.output
Namespace: default, Pod: user-timeline-redis-7fcf87fb79-mztcn has the target files.
Copying deathstar_user-timeline-redis.output to deathstar_user-timeline-redis.output
tar: removing leading '/' from member names
Debug: Checking Namespace=default, Pod=user-timeline-service-7db769cd99-bgc9t for Target File=deathstar_*.output
Namespace: default, Pod: user-timeline-service-7db769cd99-bgc9t has the target files.
Copying deathstar_user-timeline-service.output to deathstar_user-timeline-service.output
tar: removing leading '/' from member names
