Deployments: ms-25648
ms-27283
ms-27421
ms-2827
ms-34756
ms-36144
ms-37691
ms-41385
ms-41914
ms-46825
ms-54016
ms-55339
ms-58269
ms-58845
ms-68328
ms-70297
nginx-web-server
unknown
deployment "ms-25648" successfully rolled out
deployment "ms-27283" successfully rolled out
deployment "ms-27421" successfully rolled out
deployment "ms-2827" successfully rolled out
deployment "ms-34756" successfully rolled out
deployment "ms-36144" successfully rolled out
deployment "ms-37691" successfully rolled out
deployment "ms-41385" successfully rolled out
deployment "ms-41914" successfully rolled out
deployment "ms-46825" successfully rolled out
deployment "ms-54016" successfully rolled out
deployment "ms-55339" successfully rolled out
deployment "ms-58269" successfully rolled out
deployment "ms-58845" successfully rolled out
deployment "ms-68328" successfully rolled out
deployment "ms-70297" successfully rolled out
deployment "nginx-web-server" successfully rolled out
deployment "unknown" successfully rolled out
ENTRY_POINT: nginx-web-server
SERVICE_A_URL: 10.96.177.239:50051
Capacity: 10000
Metadata: request-id={{.RequestNumber}}
Metadata: timestamp={{.TimestampUnix}}
Metadata: method=S_161142529
Charon Configurations:
[{INTERCEPT breakwater} {PRICE_UPDATE_RATE 10ms} {TOKEN_UPDATE_RATE 10ms} {LATENCY_THRESHOLD 100us} {PRICE_STEP 0} {PRICE_STRATEGY step} {LAZY_UPDATE false} {RATE_LIMITING true} {LOAD_SHEDDING true} {CHARON_TRACK_PRICE false} {BREAKWATER_SLO 14025us} {BREAKWATER_A 9.831463185606765} {BREAKWATER_B 0.10672509023416077} {BREAKWATER_CLIENT_EXPIRATION 2870us} {BREAKWATER_INITIAL_CREDIT 294} {BREAKWATER_LOAD_SHEDDING true} {BREAKWATER_RTT 11786us} {BREAKWATERD_SLO 12500us} {BREAKWATERD_A 0.001} {BREAKWATERD_B 0.02} {BREAKWATERD_CLIENT_EXPIRATION 10ms} {BREAKWATERD_INITIAL_CREDIT 400} {BREAKWATERD_LOAD_SHEDDING true} {BREAKWATERD_RTT 1000us} {DAGOR_QUEUING_THRESHOLD 2ms} {DAGOR_ALPHA 0.05} {DAGOR_BETA 0.01} {DAGOR_ADMISSION_LEVEL_UPDATE_INTERVAL 10ms} {DAGOR_UMAX 20}]

Summary:
  Count:	113333
  Total:	14.94 s
  Slowest:	1.07 s
  Fastest:	65.05 ms
  Average:	678.08 ms
  Requests/sec:	7584.84

Response time histogram:
  65.053   [1]     |
  166.025  [16198] |∎∎∎∎∎∎∎∎∎∎∎∎∎∎∎∎∎∎∎∎∎∎∎∎∎∎∎∎∎∎∎∎∎∎∎∎∎∎∎∎
  266.998  [240]   |∎
  367.970  [1316]  |∎∎∎
  468.943  [1109]  |∎∎∎
  569.915  [1102]  |∎∎∎
  670.887  [5449]  |∎∎∎∎∎∎∎∎∎∎∎∎∎
  771.860  [12063] |∎∎∎∎∎∎∎∎∎∎∎∎∎∎∎∎∎∎∎∎∎∎∎∎∎∎∎∎∎∎
  872.832  [13521] |∎∎∎∎∎∎∎∎∎∎∎∎∎∎∎∎∎∎∎∎∎∎∎∎∎∎∎∎∎∎∎∎∎
  973.804  [15431] |∎∎∎∎∎∎∎∎∎∎∎∎∎∎∎∎∎∎∎∎∎∎∎∎∎∎∎∎∎∎∎∎∎∎∎∎∎∎
  1074.777 [4370]  |∎∎∎∎∎∎∎∎∎∎∎

Latency distribution:
  10 % in 68.21 ms 
  25 % in 365.44 ms 
  50 % in 756.45 ms 
  75 % in 888.91 ms 
  90 % in 955.33 ms 
  95 % in 979.69 ms 
  99 % in 999.99 ms 

Status code distribution:
  [ResourceExhausted]   6607 responses    
  [Canceled]            8322 responses    
  [Unavailable]         3 responses       
  [OK]                  70800 responses   
  [DeadlineExceeded]    27601 responses   

Error distribution:
  [27601]   rpc error: code = DeadlineExceeded desc = context deadline exceeded                            
  [6607]    rpc error: code = ResourceExhausted desc = Server-side queuing delay is beyond AQM threshold   
  [8322]    rpc error: code = Canceled desc = grpc: the client connection is closing                       
  [3]       rpc error: code = Unavailable desc = transport is closing                                      

Debug: Checking Namespace=default, Pod=ms-25648-86cc47d8bd-rdhjc for Target File=deathstar_*.output
Namespace: default, Pod: ms-25648-86cc47d8bd-rdhjc has the target files.
Copying deathstar_ms-25648.output to deathstar_ms-25648.output
tar: removing leading '/' from member names
Debug: Checking Namespace=default, Pod=ms-27283-7cb76dd56d-hg2gp for Target File=deathstar_*.output
Namespace: default, Pod: ms-27283-7cb76dd56d-hg2gp has the target files.
Copying deathstar_ms-27283.output to deathstar_ms-27283.output
tar: removing leading '/' from member names
Debug: Checking Namespace=default, Pod=ms-27421-64f549855c-pwd2b for Target File=deathstar_*.output
Namespace: default, Pod: ms-27421-64f549855c-pwd2b has the target files.
Copying deathstar_ms-27421.output to deathstar_ms-27421.output
tar: removing leading '/' from member names
Debug: Checking Namespace=default, Pod=ms-2827-565cbcd7b-snnwx for Target File=deathstar_*.output
Namespace: default, Pod: ms-2827-565cbcd7b-snnwx has the target files.
Copying deathstar_ms-2827.output to deathstar_ms-2827.output
tar: removing leading '/' from member names
Debug: Checking Namespace=default, Pod=ms-34756-7c45d5bcc-2fxc8 for Target File=deathstar_*.output
Namespace: default, Pod: ms-34756-7c45d5bcc-2fxc8 has the target files.
Copying deathstar_ms-34756.output to deathstar_ms-34756.output
tar: removing leading '/' from member names
Debug: Checking Namespace=default, Pod=ms-36144-7bf7cbfff6-zz8fn for Target File=deathstar_*.output
Namespace: default, Pod: ms-36144-7bf7cbfff6-zz8fn has the target files.
Copying deathstar_ms-36144.output to deathstar_ms-36144.output
tar: removing leading '/' from member names
Debug: Checking Namespace=default, Pod=ms-37691-6f7cbf7c5-wvnv6 for Target File=deathstar_*.output
Namespace: default, Pod: ms-37691-6f7cbf7c5-wvnv6 has the target files.
Copying deathstar_ms-37691.output to deathstar_ms-37691.output
tar: removing leading '/' from member names
Debug: Checking Namespace=default, Pod=ms-41385-6bc4f5d4fc-8f7sx for Target File=deathstar_*.output
Namespace: default, Pod: ms-41385-6bc4f5d4fc-8f7sx has the target files.
Copying deathstar_ms-41385.output to deathstar_ms-41385.output
tar: removing leading '/' from member names
Debug: Checking Namespace=default, Pod=ms-41914-5555dd8d48-fxqfb for Target File=deathstar_*.output
Namespace: default, Pod: ms-41914-5555dd8d48-fxqfb has the target files.
Copying deathstar_ms-41914.output to deathstar_ms-41914.output
tar: removing leading '/' from member names
Debug: Checking Namespace=default, Pod=ms-46825-58c684559d-kgjrd for Target File=deathstar_*.output
Namespace: default, Pod: ms-46825-58c684559d-kgjrd has the target files.
Copying deathstar_ms-46825.output to deathstar_ms-46825.output
tar: removing leading '/' from member names
Debug: Checking Namespace=default, Pod=ms-54016-5665fbcb8d-46hjx for Target File=deathstar_*.output
Namespace: default, Pod: ms-54016-5665fbcb8d-46hjx has the target files.
Copying deathstar_ms-54016.output to deathstar_ms-54016.output
tar: removing leading '/' from member names
Debug: Checking Namespace=default, Pod=ms-55339-5b545b67bb-f98fw for Target File=deathstar_*.output
Namespace: default, Pod: ms-55339-5b545b67bb-f98fw has the target files.
Copying deathstar_ms-55339.output to deathstar_ms-55339.output
tar: removing leading '/' from member names
Debug: Checking Namespace=default, Pod=ms-58269-8c4794c6c-lldt5 for Target File=deathstar_*.output
Namespace: default, Pod: ms-58269-8c4794c6c-lldt5 has the target files.
Copying deathstar_ms-58269.output to deathstar_ms-58269.output
tar: removing leading '/' from member names
Debug: Checking Namespace=default, Pod=ms-58845-5bc6f9d8df-mlnfh for Target File=deathstar_*.output
Namespace: default, Pod: ms-58845-5bc6f9d8df-mlnfh has the target files.
Copying deathstar_ms-58845.output to deathstar_ms-58845.output
tar: removing leading '/' from member names
Debug: Checking Namespace=default, Pod=ms-68328-5866fd45b7-ms6xq for Target File=deathstar_*.output
Namespace: default, Pod: ms-68328-5866fd45b7-ms6xq has the target files.
Copying deathstar_ms-68328.output to deathstar_ms-68328.output
tar: removing leading '/' from member names
Debug: Checking Namespace=default, Pod=ms-70297-868876bcdb-5fzcm for Target File=deathstar_*.output
Namespace: default, Pod: ms-70297-868876bcdb-5fzcm has the target files.
Copying deathstar_ms-70297.output to deathstar_ms-70297.output
tar: removing leading '/' from member names
Debug: Checking Namespace=default, Pod=nginx-web-server-56557f7cb7-7g8nr for Target File=deathstar_*.output
Namespace: default, Pod: nginx-web-server-56557f7cb7-7g8nr has the target files.
Copying deathstar_nginx-web-server.output to deathstar_nginx-web-server.output
tar: removing leading '/' from member names
Debug: Checking Namespace=default, Pod=unknown-57ddd65965-86l9z for Target File=deathstar_*.output
Namespace: default, Pod: unknown-57ddd65965-86l9z has the target files.
Copying deathstar_unknown.output to deathstar_unknown.output
tar: removing leading '/' from member names
