Deployments: ms-10090
ms-13558
ms-18330
ms-19585
ms-20172
ms-22893
ms-24009
ms-24959
ms-26622
ms-27421
ms-29373
ms-32301
ms-3289
ms-37691
ms-38964
ms-40147
ms-48118
ms-4829
ms-51685
ms-52379
ms-55394
ms-58436
ms-58772
ms-59962
ms-60061
ms-6323
ms-65741
ms-66473
ms-69188
ms-69614
ms-9081
nginx-web-server
unknown
deployment "ms-10090" successfully rolled out
deployment "ms-13558" successfully rolled out
deployment "ms-18330" successfully rolled out
deployment "ms-19585" successfully rolled out
deployment "ms-20172" successfully rolled out
deployment "ms-22893" successfully rolled out
deployment "ms-24009" successfully rolled out
deployment "ms-24959" successfully rolled out
deployment "ms-26622" successfully rolled out
deployment "ms-27421" successfully rolled out
deployment "ms-29373" successfully rolled out
deployment "ms-32301" successfully rolled out
deployment "ms-3289" successfully rolled out
deployment "ms-37691" successfully rolled out
deployment "ms-38964" successfully rolled out
deployment "ms-40147" successfully rolled out
deployment "ms-48118" successfully rolled out
deployment "ms-4829" successfully rolled out
deployment "ms-51685" successfully rolled out
deployment "ms-52379" successfully rolled out
deployment "ms-55394" successfully rolled out
deployment "ms-58436" successfully rolled out
deployment "ms-58772" successfully rolled out
deployment "ms-59962" successfully rolled out
deployment "ms-60061" successfully rolled out
deployment "ms-6323" successfully rolled out
deployment "ms-65741" successfully rolled out
deployment "ms-66473" successfully rolled out
deployment "ms-69188" successfully rolled out
deployment "ms-69614" successfully rolled out
deployment "ms-9081" successfully rolled out
deployment "nginx-web-server" successfully rolled out
deployment "unknown" successfully rolled out
ENTRY_POINT: nginx-web-server
SERVICE_A_URL: 10.103.154.32:50051
Capacity: 10000
Metadata: request-id={{.RequestNumber}}
Metadata: timestamp={{.TimestampUnix}}
Metadata: method=S_149998854
Charon Configurations:
[{INTERCEPT charon} {PRICE_UPDATE_RATE 25443us} {TOKEN_UPDATE_RATE 13691us} {LATENCY_THRESHOLD 9014us} {PRICE_STEP 150} {PRICE_STRATEGY proportional} {LAZY_UPDATE true} {RATE_LIMITING true} {LOAD_SHEDDING true} {CHARON_TRACK_PRICE false} {BREAKWATER_SLO 12500us} {BREAKWATER_A 0.001} {BREAKWATER_B 0.02} {BREAKWATER_CLIENT_EXPIRATION 10ms} {BREAKWATER_INITIAL_CREDIT 400} {BREAKWATER_LOAD_SHEDDING true} {BREAKWATER_RTT 1000us} {BREAKWATERD_SLO 12500us} {BREAKWATERD_A 0.001} {BREAKWATERD_B 0.02} {BREAKWATERD_CLIENT_EXPIRATION 10ms} {BREAKWATERD_INITIAL_CREDIT 400} {BREAKWATERD_LOAD_SHEDDING true} {BREAKWATERD_RTT 1000us} {DAGOR_QUEUING_THRESHOLD 2ms} {DAGOR_ALPHA 0.05} {DAGOR_BETA 0.01} {DAGOR_ADMISSION_LEVEL_UPDATE_INTERVAL 10ms} {DAGOR_UMAX 20}]

Summary:
  Count:	59626
  Total:	14.86 s
  Slowest:	857.68 ms
  Fastest:	110.94 ms
  Average:	137.34 ms
  Requests/sec:	4013.57

Response time histogram:
  110.944 [1]     |
  185.617 [49444] |∎∎∎∎∎∎∎∎∎∎∎∎∎∎∎∎∎∎∎∎∎∎∎∎∎∎∎∎∎∎∎∎∎∎∎∎∎∎∎∎
  260.290 [930]   |∎
  334.963 [334]   |
  409.637 [359]   |
  484.310 [1226]  |∎
  558.983 [181]   |
  633.656 [0]     |
  708.330 [0]     |
  783.003 [4]     |
  857.676 [4]     |

Latency distribution:
  10 % in 113.33 ms 
  25 % in 117.31 ms 
  50 % in 135.92 ms 
  75 % in 152.56 ms 
  90 % in 170.39 ms 
  95 % in 192.96 ms 
  99 % in 460.68 ms 

Status code distribution:
  [ResourceExhausted]   6848 responses    
  [Canceled]            295 responses     
  [OK]                  52483 responses   

Error distribution:
  [600]    rpc error: code = ResourceExhausted desc = S_149998854 req dropped by ms-66473. Try again later.           
  [3676]   rpc error: code = ResourceExhausted desc = S_149998854 req dropped by nginx-web-server. Try again later.   
  [1702]   rpc error: code = ResourceExhausted desc = S_149998854 req dropped by ms-55394. Try again later.           
  [295]    rpc error: code = Canceled desc = grpc: the client connection is closing                                   
  [870]    rpc error: code = ResourceExhausted desc = S_149998854 req dropped by ms-18330. Try again later.           

Debug: Checking Namespace=default, Pod=ms-10090-6454f977fd-6rvvv for Target File=deathstar_*.output
Namespace: default, Pod: ms-10090-6454f977fd-6rvvv has the target files.
Copying deathstar_ms-10090.output to deathstar_ms-10090.output
tar: removing leading '/' from member names
Debug: Checking Namespace=default, Pod=ms-13558-b48bb5d9d-dppk4 for Target File=deathstar_*.output
Namespace: default, Pod: ms-13558-b48bb5d9d-dppk4 has the target files.
Copying deathstar_ms-13558.output to deathstar_ms-13558.output
tar: removing leading '/' from member names
Debug: Checking Namespace=default, Pod=ms-18330-759d9cf49c-6pbgg for Target File=deathstar_*.output
Namespace: default, Pod: ms-18330-759d9cf49c-6pbgg has the target files.
Copying deathstar_ms-18330.output to deathstar_ms-18330.output
tar: removing leading '/' from member names
Debug: Checking Namespace=default, Pod=ms-19585-6f995cfcbf-2pvxp for Target File=deathstar_*.output
Namespace: default, Pod: ms-19585-6f995cfcbf-2pvxp has the target files.
Copying deathstar_ms-19585.output to deathstar_ms-19585.output
tar: removing leading '/' from member names
Debug: Checking Namespace=default, Pod=ms-20172-59d5485464-fkkqx for Target File=deathstar_*.output
Namespace: default, Pod: ms-20172-59d5485464-fkkqx has the target files.
Copying deathstar_ms-20172.output to deathstar_ms-20172.output
tar: removing leading '/' from member names
Debug: Checking Namespace=default, Pod=ms-22893-576fd5f9f6-2lg5z for Target File=deathstar_*.output
Namespace: default, Pod: ms-22893-576fd5f9f6-2lg5z has the target files.
Copying deathstar_ms-22893.output to deathstar_ms-22893.output
tar: removing leading '/' from member names
Debug: Checking Namespace=default, Pod=ms-24009-67dbf5b976-bhnsg for Target File=deathstar_*.output
Namespace: default, Pod: ms-24009-67dbf5b976-bhnsg has the target files.
Copying deathstar_ms-24009.output to deathstar_ms-24009.output
tar: removing leading '/' from member names
Debug: Checking Namespace=default, Pod=ms-24959-99f8bbf9-v6g7g for Target File=deathstar_*.output
Namespace: default, Pod: ms-24959-99f8bbf9-v6g7g has the target files.
Copying deathstar_ms-24959.output to deathstar_ms-24959.output
tar: removing leading '/' from member names
Debug: Checking Namespace=default, Pod=ms-26622-66fdf7d64f-bzx7c for Target File=deathstar_*.output
Namespace: default, Pod: ms-26622-66fdf7d64f-bzx7c has the target files.
Copying deathstar_ms-26622.output to deathstar_ms-26622.output
tar: removing leading '/' from member names
Debug: Checking Namespace=default, Pod=ms-27421-64f549855c-726qj for Target File=deathstar_*.output
Namespace: default, Pod: ms-27421-64f549855c-726qj has the target files.
Copying deathstar_ms-27421.output to deathstar_ms-27421.output
tar: removing leading '/' from member names
Debug: Checking Namespace=default, Pod=ms-29373-8467f7db44-2smfr for Target File=deathstar_*.output
Namespace: default, Pod: ms-29373-8467f7db44-2smfr has the target files.
Copying deathstar_ms-29373.output to deathstar_ms-29373.output
tar: removing leading '/' from member names
Debug: Checking Namespace=default, Pod=ms-32301-c5654bbc5-r2cwq for Target File=deathstar_*.output
Namespace: default, Pod: ms-32301-c5654bbc5-r2cwq has the target files.
Copying deathstar_ms-32301.output to deathstar_ms-32301.output
tar: removing leading '/' from member names
Debug: Checking Namespace=default, Pod=ms-3289-587dbd96bf-9jv9c for Target File=deathstar_*.output
Namespace: default, Pod: ms-3289-587dbd96bf-9jv9c has the target files.
Copying deathstar_ms-3289.output to deathstar_ms-3289.output
tar: removing leading '/' from member names
Debug: Checking Namespace=default, Pod=ms-37691-6dc6cd6744-ql8pk for Target File=deathstar_*.output
Namespace: default, Pod: ms-37691-6dc6cd6744-ql8pk has the target files.
Copying deathstar_ms-37691.output to deathstar_ms-37691.output
tar: removing leading '/' from member names
Debug: Checking Namespace=default, Pod=ms-38964-5b647cdbd-zh8rp for Target File=deathstar_*.output
Namespace: default, Pod: ms-38964-5b647cdbd-zh8rp has the target files.
Copying deathstar_ms-38964.output to deathstar_ms-38964.output
tar: removing leading '/' from member names
Debug: Checking Namespace=default, Pod=ms-40147-cd867585-szm5k for Target File=deathstar_*.output
Namespace: default, Pod: ms-40147-cd867585-szm5k has the target files.
Copying deathstar_ms-40147.output to deathstar_ms-40147.output
tar: removing leading '/' from member names
Debug: Checking Namespace=default, Pod=ms-48118-ff7b99cc9-p7ftq for Target File=deathstar_*.output
Namespace: default, Pod: ms-48118-ff7b99cc9-p7ftq has the target files.
Copying deathstar_ms-48118.output to deathstar_ms-48118.output
tar: removing leading '/' from member names
Debug: Checking Namespace=default, Pod=ms-4829-669557b66c-4fzx4 for Target File=deathstar_*.output
Namespace: default, Pod: ms-4829-669557b66c-4fzx4 has the target files.
Copying deathstar_ms-4829.output to deathstar_ms-4829.output
tar: removing leading '/' from member names
Debug: Checking Namespace=default, Pod=ms-51685-79858c784f-5l5w5 for Target File=deathstar_*.output
Namespace: default, Pod: ms-51685-79858c784f-5l5w5 has the target files.
Copying deathstar_ms-51685.output to deathstar_ms-51685.output
tar: removing leading '/' from member names
Debug: Checking Namespace=default, Pod=ms-52379-57c6cdd54b-x67wf for Target File=deathstar_*.output
Namespace: default, Pod: ms-52379-57c6cdd54b-x67wf has the target files.
Copying deathstar_ms-52379.output to deathstar_ms-52379.output
tar: removing leading '/' from member names
Debug: Checking Namespace=default, Pod=ms-55394-6f999f5df9-82jcb for Target File=deathstar_*.output
Namespace: default, Pod: ms-55394-6f999f5df9-82jcb has the target files.
Copying deathstar_ms-55394.output to deathstar_ms-55394.output
tar: removing leading '/' from member names
Debug: Checking Namespace=default, Pod=ms-58436-59dd96f659-bzbgk for Target File=deathstar_*.output
Namespace: default, Pod: ms-58436-59dd96f659-bzbgk has the target files.
Copying deathstar_ms-58436.output to deathstar_ms-58436.output
tar: removing leading '/' from member names
Debug: Checking Namespace=default, Pod=ms-58772-68ff78c966-glpkw for Target File=deathstar_*.output
Namespace: default, Pod: ms-58772-68ff78c966-glpkw has the target files.
Copying deathstar_ms-58772.output to deathstar_ms-58772.output
tar: removing leading '/' from member names
Debug: Checking Namespace=default, Pod=ms-59962-756b895b58-9x4mx for Target File=deathstar_*.output
Namespace: default, Pod: ms-59962-756b895b58-9x4mx has the target files.
Copying deathstar_ms-59962.output to deathstar_ms-59962.output
tar: removing leading '/' from member names
Debug: Checking Namespace=default, Pod=ms-60061-68bd84bdcd-gnxbv for Target File=deathstar_*.output
Namespace: default, Pod: ms-60061-68bd84bdcd-gnxbv has the target files.
Copying deathstar_ms-60061.output to deathstar_ms-60061.output
tar: removing leading '/' from member names
Debug: Checking Namespace=default, Pod=ms-6323-974659fcd-5ph85 for Target File=deathstar_*.output
Namespace: default, Pod: ms-6323-974659fcd-5ph85 has the target files.
Copying deathstar_ms-6323.output to deathstar_ms-6323.output
tar: removing leading '/' from member names
Debug: Checking Namespace=default, Pod=ms-65741-65f588bcdf-nww7q for Target File=deathstar_*.output
Namespace: default, Pod: ms-65741-65f588bcdf-nww7q has the target files.
Copying deathstar_ms-65741.output to deathstar_ms-65741.output
tar: removing leading '/' from member names
Debug: Checking Namespace=default, Pod=ms-66473-79c66f8bff-2w6j8 for Target File=deathstar_*.output
Namespace: default, Pod: ms-66473-79c66f8bff-2w6j8 has the target files.
Copying deathstar_ms-66473.output to deathstar_ms-66473.output
tar: removing leading '/' from member names
Debug: Checking Namespace=default, Pod=ms-69188-65c548d4cb-fw4v8 for Target File=deathstar_*.output
Namespace: default, Pod: ms-69188-65c548d4cb-fw4v8 has the target files.
Copying deathstar_ms-69188.output to deathstar_ms-69188.output
tar: removing leading '/' from member names
Debug: Checking Namespace=default, Pod=ms-69614-794bd8475-2nzz9 for Target File=deathstar_*.output
Namespace: default, Pod: ms-69614-794bd8475-2nzz9 has the target files.
Copying deathstar_ms-69614.output to deathstar_ms-69614.output
tar: removing leading '/' from member names
Debug: Checking Namespace=default, Pod=ms-9081-567985788-72xh8 for Target File=deathstar_*.output
Namespace: default, Pod: ms-9081-567985788-72xh8 has the target files.
Copying deathstar_ms-9081.output to deathstar_ms-9081.output
tar: removing leading '/' from member names
Debug: Checking Namespace=default, Pod=nginx-web-server-56557f7cb7-lpt9r for Target File=deathstar_*.output
Namespace: default, Pod: nginx-web-server-56557f7cb7-lpt9r has the target files.
Copying deathstar_nginx-web-server.output to deathstar_nginx-web-server.output
tar: removing leading '/' from member names
Debug: Checking Namespace=default, Pod=unknown-6ddf9bd4b5-gt6qq for Target File=deathstar_*.output
Namespace: default, Pod: unknown-6ddf9bd4b5-gt6qq has the target files.
Copying deathstar_unknown.output to deathstar_unknown.output
tar: removing leading '/' from member names
