Deployments: compose-post-service
home-timeline-redis
home-timeline-service
media-service
nginx-web-server
post-storage-mongo
post-storage-service
social-graph-mongo
social-graph-redis
social-graph-service
text-service
unique-id-service
url-shorten-mongo
url-shorten-service
user-mention-memcached
user-mention-mongo
user-mention-service
user-service
user-timeline-mongo
user-timeline-redis
user-timeline-service
deployment "compose-post-service" successfully rolled out
Deployment compose-post-service is ready.
deployment "home-timeline-redis" successfully rolled out
Deployment home-timeline-redis is ready.
deployment "home-timeline-service" successfully rolled out
Deployment home-timeline-service is ready.
deployment "media-service" successfully rolled out
Deployment media-service is ready.
deployment "nginx-web-server" successfully rolled out
Deployment nginx-web-server is ready.
deployment "post-storage-mongo" successfully rolled out
Deployment post-storage-mongo is ready.
deployment "post-storage-service" successfully rolled out
Deployment post-storage-service is ready.
deployment "social-graph-mongo" successfully rolled out
Deployment social-graph-mongo is ready.
deployment "social-graph-redis" successfully rolled out
Deployment social-graph-redis is ready.
deployment "social-graph-service" successfully rolled out
Deployment social-graph-service is ready.
deployment "text-service" successfully rolled out
Deployment text-service is ready.
deployment "unique-id-service" successfully rolled out
Deployment unique-id-service is ready.
deployment "url-shorten-mongo" successfully rolled out
Deployment url-shorten-mongo is ready.
deployment "url-shorten-service" successfully rolled out
Deployment url-shorten-service is ready.
deployment "user-mention-memcached" successfully rolled out
Deployment user-mention-memcached is ready.
deployment "user-mention-mongo" successfully rolled out
Deployment user-mention-mongo is ready.
deployment "user-mention-service" successfully rolled out
Deployment user-mention-service is ready.
deployment "user-service" successfully rolled out
Deployment user-service is ready.
deployment "user-timeline-mongo" successfully rolled out
Deployment user-timeline-mongo is ready.
deployment "user-timeline-redis" successfully rolled out
Deployment user-timeline-redis is ready.
deployment "user-timeline-service" successfully rolled out
Deployment user-timeline-service is ready.
ENTRY_POINT: nginx-web-server
SERVICE_A_URL: 10.102.60.193:50051
Capacity: 8000
Metadata: request-id={{.RequestNumber}}
Metadata: timestamp={{.TimestampUnix}}
Metadata: method=compose
Charon Configurations:
[{PRICE_UPDATE_RATE 362445us} {TOKEN_UPDATE_RATE 260513us} {LATENCY_THRESHOLD 179838us} {PRICE_STEP 253} {PRICE_STRATEGY proportional} {INTERCEPT charon} {LAZY_UPDATE true} {BREAKWATER_SLO 12500us} {BREAKWATER_A 0.001} {BREAKWATER_B 0.02} {BREAKWATER_CLIENT_EXPIRATION 10ms} {BREAKWATER_INITIAL_CREDIT 400} {BREAKWATERD_SLO 12500us} {BREAKWATERD_A 0.001} {BREAKWATERD_B 0.02} {BREAKWATERD_CLIENT_EXPIRATION 10ms} {BREAKWATERD_INITIAL_CREDIT 400} {DAGOR_QUEUING_THRESHOLD 2ms} {DAGOR_ALPHA 0.05} {DAGOR_BETA 0.01} {DAGOR_ADMISSION_LEVEL_UPDATE_INTERVAL 10ms} {DAGOR_UMAX 20}]

Summary:
  Count:	52092
  Total:	8.87 s
  Slowest:	831.51 ms
  Fastest:	19.54 ms
  Average:	152.94 ms
  Requests/sec:	5875.17

Response time histogram:
  19.542  [1]     |
  100.739 [9682]  |∎∎∎∎∎∎∎∎∎∎∎∎∎∎∎∎
  181.936 [23560] |∎∎∎∎∎∎∎∎∎∎∎∎∎∎∎∎∎∎∎∎∎∎∎∎∎∎∎∎∎∎∎∎∎∎∎∎∎∎∎∎
  263.133 [15082] |∎∎∎∎∎∎∎∎∎∎∎∎∎∎∎∎∎∎∎∎∎∎∎∎∎∎
  344.330 [2514]  |∎∎∎∎
  425.528 [103]   |
  506.725 [0]     |
  587.922 [68]    |
  669.119 [1]     |
  750.316 [0]     |
  831.513 [1]     |

Latency distribution:
  10 % in 26.11 ms 
  25 % in 118.28 ms 
  50 % in 157.46 ms 
  75 % in 201.56 ms 
  90 % in 243.85 ms 
  95 % in 264.53 ms 
  99 % in 314.24 ms 

Status code distribution:
  [OK]         51012 responses   
  [Canceled]   1080 responses    

Error distribution:
  [1080]   rpc error: code = Canceled desc = grpc: the client connection is closing   

Debug: Checking Namespace=default, Pod=compose-post-service-5dd67b9cf5-g7mn9 for Target File=deathstar_*.output
Namespace: default, Pod: compose-post-service-5dd67b9cf5-g7mn9 has the target files.
Copying deathstar_compose-post-service.output to deathstar_compose-post-service.output
tar: removing leading '/' from member names
Debug: Checking Namespace=default, Pod=home-timeline-redis-76d55b799-gk6x8 for Target File=deathstar_*.output
Namespace: default, Pod: home-timeline-redis-76d55b799-gk6x8 has the target files.
Copying deathstar_home-timeline-redis.output to deathstar_home-timeline-redis.output
tar: removing leading '/' from member names
Debug: Checking Namespace=default, Pod=home-timeline-service-77986fbb7f-cxvw5 for Target File=deathstar_*.output
Namespace: default, Pod: home-timeline-service-77986fbb7f-cxvw5 has the target files.
Copying deathstar_home-timeline-service.output to deathstar_home-timeline-service.output
tar: removing leading '/' from member names
Debug: Checking Namespace=default, Pod=media-service-89f86f4f6-sq722 for Target File=deathstar_*.output
Namespace: default, Pod: media-service-89f86f4f6-sq722 has the target files.
Copying deathstar_media-service.output to deathstar_media-service.output
tar: removing leading '/' from member names
Debug: Checking Namespace=default, Pod=nginx-web-server-56557f7cb7-6htxd for Target File=deathstar_*.output
Namespace: default, Pod: nginx-web-server-56557f7cb7-6htxd has the target files.
Copying deathstar_nginx-web-server.output to deathstar_nginx-web-server.output
tar: removing leading '/' from member names
Debug: Checking Namespace=default, Pod=post-storage-mongo-d8bbf8c65-qxwxl for Target File=deathstar_*.output
Namespace: default, Pod: post-storage-mongo-d8bbf8c65-qxwxl has the target files.
Copying deathstar_post-storage-mongo.output to deathstar_post-storage-mongo.output
tar: removing leading '/' from member names
Debug: Checking Namespace=default, Pod=post-storage-service-59b49968c8-ppptm for Target File=deathstar_*.output
Namespace: default, Pod: post-storage-service-59b49968c8-ppptm has the target files.
Copying deathstar_post-storage-service.output to deathstar_post-storage-service.output
tar: removing leading '/' from member names
Debug: Checking Namespace=default, Pod=social-graph-mongo-7fb9669465-lzxzq for Target File=deathstar_*.output
Namespace: default, Pod: social-graph-mongo-7fb9669465-lzxzq has the target files.
Copying deathstar_social-graph-mongo.output to deathstar_social-graph-mongo.output
tar: removing leading '/' from member names
Debug: Checking Namespace=default, Pod=social-graph-redis-f8c4c788b-gll7s for Target File=deathstar_*.output
Namespace: default, Pod: social-graph-redis-f8c4c788b-gll7s has the target files.
Copying deathstar_social-graph-redis.output to deathstar_social-graph-redis.output
tar: removing leading '/' from member names
Debug: Checking Namespace=default, Pod=social-graph-service-54457c5fc9-ttnt6 for Target File=deathstar_*.output
Namespace: default, Pod: social-graph-service-54457c5fc9-ttnt6 has the target files.
Copying deathstar_social-graph-service.output to deathstar_social-graph-service.output
tar: removing leading '/' from member names
Debug: Checking Namespace=default, Pod=text-service-6468959769-8d886 for Target File=deathstar_*.output
Namespace: default, Pod: text-service-6468959769-8d886 has the target files.
Copying deathstar_text-service.output to deathstar_text-service.output
tar: removing leading '/' from member names
Debug: Checking Namespace=default, Pod=unique-id-service-76fc9d467c-kxn2x for Target File=deathstar_*.output
Namespace: default, Pod: unique-id-service-76fc9d467c-kxn2x has the target files.
Copying deathstar_unique-id-service.output to deathstar_unique-id-service.output
tar: removing leading '/' from member names
Debug: Checking Namespace=default, Pod=url-shorten-mongo-859457fd9d-dbnkw for Target File=deathstar_*.output
Namespace: default, Pod: url-shorten-mongo-859457fd9d-dbnkw has the target files.
Copying deathstar_url-shorten-mongo.output to deathstar_url-shorten-mongo.output
tar: removing leading '/' from member names
Debug: Checking Namespace=default, Pod=url-shorten-service-648c99fcf8-p8ksp for Target File=deathstar_*.output
Namespace: default, Pod: url-shorten-service-648c99fcf8-p8ksp has the target files.
Copying deathstar_url-shorten-service.output to deathstar_url-shorten-service.output
tar: removing leading '/' from member names
Debug: Checking Namespace=default, Pod=user-mention-memcached-6f97488b98-b4g49 for Target File=deathstar_*.output
Namespace: default, Pod: user-mention-memcached-6f97488b98-b4g49 has the target files.
Copying deathstar_user-mention-memcached.output to deathstar_user-mention-memcached.output
tar: removing leading '/' from member names
Debug: Checking Namespace=default, Pod=user-mention-mongo-5674859fcb-kbfmd for Target File=deathstar_*.output
Namespace: default, Pod: user-mention-mongo-5674859fcb-kbfmd has the target files.
Copying deathstar_user-mention-mongo.output to deathstar_user-mention-mongo.output
tar: removing leading '/' from member names
Debug: Checking Namespace=default, Pod=user-mention-service-6dbb786df6-xn2kr for Target File=deathstar_*.output
Namespace: default, Pod: user-mention-service-6dbb786df6-xn2kr has the target files.
Copying deathstar_user-mention-service.output to deathstar_user-mention-service.output
tar: removing leading '/' from member names
Debug: Checking Namespace=default, Pod=user-service-5797d8df8f-9gvj6 for Target File=deathstar_*.output
Namespace: default, Pod: user-service-5797d8df8f-9gvj6 has the target files.
Copying deathstar_user-service.output to deathstar_user-service.output
tar: removing leading '/' from member names
Debug: Checking Namespace=default, Pod=user-timeline-mongo-7b66b98dfc-s2xj8 for Target File=deathstar_*.output
Namespace: default, Pod: user-timeline-mongo-7b66b98dfc-s2xj8 has the target files.
Copying deathstar_user-timeline-mongo.output to deathstar_user-timeline-mongo.output
tar: removing leading '/' from member names
Debug: Checking Namespace=default, Pod=user-timeline-redis-7fcf87fb79-7l8vb for Target File=deathstar_*.output
Namespace: default, Pod: user-timeline-redis-7fcf87fb79-7l8vb has the target files.
Copying deathstar_user-timeline-redis.output to deathstar_user-timeline-redis.output
tar: removing leading '/' from member names
Debug: Checking Namespace=default, Pod=user-timeline-service-846bc479c6-jjpqv for Target File=deathstar_*.output
Namespace: default, Pod: user-timeline-service-846bc479c6-jjpqv has the target files.
Copying deathstar_user-timeline-service.output to deathstar_user-timeline-service.output
tar: removing leading '/' from member names
