Deployments: ms-25648
ms-27283
ms-27421
ms-2827
ms-34756
ms-36144
ms-37691
ms-41385
ms-41914
ms-46825
ms-54016
ms-55339
ms-58269
ms-58845
ms-68328
ms-70297
nginx-web-server
unknown
deployment "ms-25648" successfully rolled out
deployment "ms-27283" successfully rolled out
deployment "ms-27421" successfully rolled out
deployment "ms-2827" successfully rolled out
deployment "ms-34756" successfully rolled out
deployment "ms-36144" successfully rolled out
deployment "ms-37691" successfully rolled out
deployment "ms-41385" successfully rolled out
deployment "ms-41914" successfully rolled out
deployment "ms-46825" successfully rolled out
deployment "ms-54016" successfully rolled out
deployment "ms-55339" successfully rolled out
deployment "ms-58269" successfully rolled out
deployment "ms-58845" successfully rolled out
deployment "ms-68328" successfully rolled out
deployment "ms-70297" successfully rolled out
deployment "nginx-web-server" successfully rolled out
deployment "unknown" successfully rolled out
ENTRY_POINT: nginx-web-server
SERVICE_A_URL: 10.105.105.101:50051
Capacity: 10000
Metadata: request-id={{.RequestNumber}}
Metadata: timestamp={{.TimestampUnix}}
Metadata: method=S_161142529
Charon Configurations:
[{INTERCEPT charon} {PRICE_UPDATE_RATE 4945us} {TOKEN_UPDATE_RATE 16691us} {LATENCY_THRESHOLD 16684us} {PRICE_STEP 122} {PRICE_STRATEGY proportional} {LAZY_UPDATE true} {RATE_LIMITING true} {LOAD_SHEDDING true} {CHARON_TRACK_PRICE false} {BREAKWATER_SLO 12500us} {BREAKWATER_A 0.001} {BREAKWATER_B 0.02} {BREAKWATER_CLIENT_EXPIRATION 10ms} {BREAKWATER_INITIAL_CREDIT 400} {BREAKWATER_LOAD_SHEDDING true} {BREAKWATER_RTT 1000us} {BREAKWATERD_SLO 12500us} {BREAKWATERD_A 0.001} {BREAKWATERD_B 0.02} {BREAKWATERD_CLIENT_EXPIRATION 10ms} {BREAKWATERD_INITIAL_CREDIT 400} {BREAKWATERD_LOAD_SHEDDING true} {BREAKWATERD_RTT 1000us} {DAGOR_QUEUING_THRESHOLD 2ms} {DAGOR_ALPHA 0.05} {DAGOR_BETA 0.01} {DAGOR_ADMISSION_LEVEL_UPDATE_INTERVAL 10ms} {DAGOR_UMAX 20}]

Summary:
  Count:	83601
  Total:	14.80 s
  Slowest:	964.72 ms
  Fastest:	64.92 ms
  Average:	118.02 ms
  Requests/sec:	5649.10

Response time histogram:
  64.921  [1]     |
  154.901 [65698] |∎∎∎∎∎∎∎∎∎∎∎∎∎∎∎∎∎∎∎∎∎∎∎∎∎∎∎∎∎∎∎∎∎∎∎∎∎∎∎∎
  244.881 [11025] |∎∎∎∎∎∎∎
  334.861 [1171]  |∎
  424.842 [1417]  |∎
  514.822 [402]   |
  604.802 [70]    |
  694.783 [5]     |
  784.763 [30]    |
  874.743 [129]   |
  964.724 [7]     |

Latency distribution:
  10 % in 68.32 ms 
  25 % in 76.38 ms 
  50 % in 102.00 ms 
  75 % in 136.95 ms 
  90 % in 184.99 ms 
  95 % in 226.19 ms 
  99 % in 404.31 ms 

Status code distribution:
  [OK]                  79955 responses   
  [ResourceExhausted]   2968 responses    
  [Canceled]            678 responses     

Error distribution:
  [1391]   rpc error: code = ResourceExhausted desc = S_161142529 req dropped by nginx-web-server. Try again later.   
  [474]    rpc error: code = ResourceExhausted desc = S_161142529 req dropped by ms-36144. Try again later.           
  [678]    rpc error: code = Canceled desc = grpc: the client connection is closing                                   
  [521]    rpc error: code = ResourceExhausted desc = S_161142529 req dropped by ms-27283. Try again later.           
  [439]    rpc error: code = ResourceExhausted desc = S_161142529 req dropped by unknown. Try again later.            
  [143]    rpc error: code = ResourceExhausted desc = S_161142529 req dropped by ms-41385. Try again later.           

Debug: Checking Namespace=default, Pod=ms-25648-86cc47d8bd-r9m46 for Target File=deathstar_*.output
Namespace: default, Pod: ms-25648-86cc47d8bd-r9m46 has the target files.
Copying deathstar_ms-25648.output to deathstar_ms-25648.output
tar: removing leading '/' from member names
Debug: Checking Namespace=default, Pod=ms-27283-7cb76dd56d-ntgcb for Target File=deathstar_*.output
Namespace: default, Pod: ms-27283-7cb76dd56d-ntgcb has the target files.
Copying deathstar_ms-27283.output to deathstar_ms-27283.output
tar: removing leading '/' from member names
Debug: Checking Namespace=default, Pod=ms-27421-64f549855c-2xcsd for Target File=deathstar_*.output
Namespace: default, Pod: ms-27421-64f549855c-2xcsd has the target files.
Copying deathstar_ms-27421.output to deathstar_ms-27421.output
tar: removing leading '/' from member names
Debug: Checking Namespace=default, Pod=ms-2827-565cbcd7b-xbbhk for Target File=deathstar_*.output
Namespace: default, Pod: ms-2827-565cbcd7b-xbbhk has the target files.
Copying deathstar_ms-2827.output to deathstar_ms-2827.output
tar: removing leading '/' from member names
Debug: Checking Namespace=default, Pod=ms-34756-7c45d5bcc-bwlbh for Target File=deathstar_*.output
Namespace: default, Pod: ms-34756-7c45d5bcc-bwlbh has the target files.
Copying deathstar_ms-34756.output to deathstar_ms-34756.output
tar: removing leading '/' from member names
Debug: Checking Namespace=default, Pod=ms-36144-7bf7cbfff6-mrbzj for Target File=deathstar_*.output
Namespace: default, Pod: ms-36144-7bf7cbfff6-mrbzj has the target files.
Copying deathstar_ms-36144.output to deathstar_ms-36144.output
tar: removing leading '/' from member names
Debug: Checking Namespace=default, Pod=ms-37691-6f7cbf7c5-w8k8s for Target File=deathstar_*.output
Namespace: default, Pod: ms-37691-6f7cbf7c5-w8k8s has the target files.
Copying deathstar_ms-37691.output to deathstar_ms-37691.output
tar: removing leading '/' from member names
Debug: Checking Namespace=default, Pod=ms-41385-6bc4f5d4fc-z6fgc for Target File=deathstar_*.output
Namespace: default, Pod: ms-41385-6bc4f5d4fc-z6fgc has the target files.
Copying deathstar_ms-41385.output to deathstar_ms-41385.output
tar: removing leading '/' from member names
Debug: Checking Namespace=default, Pod=ms-41914-5555dd8d48-d2t25 for Target File=deathstar_*.output
Namespace: default, Pod: ms-41914-5555dd8d48-d2t25 has the target files.
Copying deathstar_ms-41914.output to deathstar_ms-41914.output
tar: removing leading '/' from member names
Debug: Checking Namespace=default, Pod=ms-46825-58c684559d-8r6mp for Target File=deathstar_*.output
Namespace: default, Pod: ms-46825-58c684559d-8r6mp has the target files.
Copying deathstar_ms-46825.output to deathstar_ms-46825.output
tar: removing leading '/' from member names
Debug: Checking Namespace=default, Pod=ms-54016-5665fbcb8d-grckh for Target File=deathstar_*.output
Namespace: default, Pod: ms-54016-5665fbcb8d-grckh has the target files.
Copying deathstar_ms-54016.output to deathstar_ms-54016.output
tar: removing leading '/' from member names
Debug: Checking Namespace=default, Pod=ms-55339-5b545b67bb-kqc9v for Target File=deathstar_*.output
Namespace: default, Pod: ms-55339-5b545b67bb-kqc9v has the target files.
Copying deathstar_ms-55339.output to deathstar_ms-55339.output
tar: removing leading '/' from member names
Debug: Checking Namespace=default, Pod=ms-58269-8c4794c6c-4s4mn for Target File=deathstar_*.output
Namespace: default, Pod: ms-58269-8c4794c6c-4s4mn has the target files.
Copying deathstar_ms-58269.output to deathstar_ms-58269.output
tar: removing leading '/' from member names
Debug: Checking Namespace=default, Pod=ms-58845-5bc6f9d8df-mm2gb for Target File=deathstar_*.output
Namespace: default, Pod: ms-58845-5bc6f9d8df-mm2gb has the target files.
Copying deathstar_ms-58845.output to deathstar_ms-58845.output
tar: removing leading '/' from member names
Debug: Checking Namespace=default, Pod=ms-68328-5866fd45b7-8v7jh for Target File=deathstar_*.output
Namespace: default, Pod: ms-68328-5866fd45b7-8v7jh has the target files.
Copying deathstar_ms-68328.output to deathstar_ms-68328.output
tar: removing leading '/' from member names
Debug: Checking Namespace=default, Pod=ms-70297-868876bcdb-gd8jt for Target File=deathstar_*.output
Namespace: default, Pod: ms-70297-868876bcdb-gd8jt has the target files.
Copying deathstar_ms-70297.output to deathstar_ms-70297.output
tar: removing leading '/' from member names
Debug: Checking Namespace=default, Pod=nginx-web-server-56557f7cb7-vwmsf for Target File=deathstar_*.output
Namespace: default, Pod: nginx-web-server-56557f7cb7-vwmsf has the target files.
Copying deathstar_nginx-web-server.output to deathstar_nginx-web-server.output
tar: removing leading '/' from member names
Debug: Checking Namespace=default, Pod=unknown-57ddd65965-jlwmv for Target File=deathstar_*.output
Namespace: default, Pod: unknown-57ddd65965-jlwmv has the target files.
Copying deathstar_unknown.output to deathstar_unknown.output
tar: removing leading '/' from member names
