Deployments: ms-25648
ms-27283
ms-27421
ms-2827
ms-34756
ms-36144
ms-37691
ms-41385
ms-41914
ms-46825
ms-54016
ms-55339
ms-58269
ms-58845
ms-68328
ms-70297
nginx-web-server
unknown
deployment "ms-25648" successfully rolled out
deployment "ms-27283" successfully rolled out
deployment "ms-27421" successfully rolled out
deployment "ms-2827" successfully rolled out
deployment "ms-34756" successfully rolled out
deployment "ms-36144" successfully rolled out
deployment "ms-37691" successfully rolled out
deployment "ms-41385" successfully rolled out
deployment "ms-41914" successfully rolled out
deployment "ms-46825" successfully rolled out
deployment "ms-54016" successfully rolled out
deployment "ms-55339" successfully rolled out
deployment "ms-58269" successfully rolled out
deployment "ms-58845" successfully rolled out
deployment "ms-68328" successfully rolled out
deployment "ms-70297" successfully rolled out
deployment "nginx-web-server" successfully rolled out
deployment "unknown" successfully rolled out
ENTRY_POINT: nginx-web-server
SERVICE_A_URL: 10.98.136.200:50051
Capacity: 10000
Metadata: request-id={{.RequestNumber}}
Metadata: timestamp={{.TimestampUnix}}
Metadata: method=S_161142529
Charon Configurations:
[{INTERCEPT breakwater} {PRICE_UPDATE_RATE 10ms} {TOKEN_UPDATE_RATE 10ms} {LATENCY_THRESHOLD 100us} {PRICE_STEP 0} {PRICE_STRATEGY step} {LAZY_UPDATE false} {RATE_LIMITING true} {LOAD_SHEDDING true} {CHARON_TRACK_PRICE false} {BREAKWATER_SLO 1937us} {BREAKWATER_A 8.34044009405148} {BREAKWATER_B 1.4406489868843162} {BREAKWATER_CLIENT_EXPIRATION 0us} {BREAKWATER_INITIAL_CREDIT 605} {BREAKWATER_LOAD_SHEDDING true} {BREAKWATER_RTT 2935us} {BREAKWATERD_SLO 12500us} {BREAKWATERD_A 0.001} {BREAKWATERD_B 0.02} {BREAKWATERD_CLIENT_EXPIRATION 10ms} {BREAKWATERD_INITIAL_CREDIT 400} {BREAKWATERD_LOAD_SHEDDING true} {BREAKWATERD_RTT 1000us} {DAGOR_QUEUING_THRESHOLD 2ms} {DAGOR_ALPHA 0.05} {DAGOR_BETA 0.01} {DAGOR_ADMISSION_LEVEL_UPDATE_INTERVAL 10ms} {DAGOR_UMAX 20}]

Summary:
  Count:	64673
  Total:	24.80 s
  Slowest:	257.18 ms
  Fastest:	65.74 ms
  Average:	98.07 ms
  Requests/sec:	2608.07

Response time histogram:
  65.738  [1]     |
  84.882  [14824] |∎∎∎∎∎∎∎∎∎∎∎∎∎∎∎∎∎∎∎∎∎∎∎∎∎∎∎
  104.026 [22279] |∎∎∎∎∎∎∎∎∎∎∎∎∎∎∎∎∎∎∎∎∎∎∎∎∎∎∎∎∎∎∎∎∎∎∎∎∎∎∎∎
  123.170 [14466] |∎∎∎∎∎∎∎∎∎∎∎∎∎∎∎∎∎∎∎∎∎∎∎∎∎∎
  142.314 [6452]  |∎∎∎∎∎∎∎∎∎∎∎∎
  161.457 [2537]  |∎∎∎∎∎
  180.601 [860]   |∎∎
  199.745 [280]   |∎
  218.889 [88]    |
  238.033 [34]    |
  257.177 [7]     |

Latency distribution:
  10 % in 73.54 ms 
  25 % in 85.45 ms 
  50 % in 98.28 ms 
  75 % in 114.83 ms 
  90 % in 133.21 ms 
  95 % in 145.72 ms 
  99 % in 173.55 ms 

Status code distribution:
  [OK]                  61828 responses   
  [ResourceExhausted]   2467 responses    
  [Canceled]            378 responses     

Error distribution:
  [2467]   rpc error: code = ResourceExhausted desc = Server-side queuing delay is beyond AQM threshold   
  [378]    rpc error: code = Canceled desc = grpc: the client connection is closing                       

Debug: Checking Namespace=default, Pod=ms-25648-86cc47d8bd-5tnmj for Target File=deathstar_*.output
Namespace: default, Pod: ms-25648-86cc47d8bd-5tnmj has the target files.
Copying deathstar_ms-25648.output to deathstar_ms-25648.output
tar: removing leading '/' from member names
Debug: Checking Namespace=default, Pod=ms-27283-7cb76dd56d-bkl8d for Target File=deathstar_*.output
Namespace: default, Pod: ms-27283-7cb76dd56d-bkl8d has the target files.
Copying deathstar_ms-27283.output to deathstar_ms-27283.output
tar: removing leading '/' from member names
Debug: Checking Namespace=default, Pod=ms-27421-64f549855c-58zcq for Target File=deathstar_*.output
Namespace: default, Pod: ms-27421-64f549855c-58zcq has the target files.
Copying deathstar_ms-27421.output to deathstar_ms-27421.output
tar: removing leading '/' from member names
Debug: Checking Namespace=default, Pod=ms-2827-565cbcd7b-wpprn for Target File=deathstar_*.output
Namespace: default, Pod: ms-2827-565cbcd7b-wpprn has the target files.
Copying deathstar_ms-2827.output to deathstar_ms-2827.output
tar: removing leading '/' from member names
Debug: Checking Namespace=default, Pod=ms-34756-7c45d5bcc-wlfjp for Target File=deathstar_*.output
Namespace: default, Pod: ms-34756-7c45d5bcc-wlfjp has the target files.
Copying deathstar_ms-34756.output to deathstar_ms-34756.output
tar: removing leading '/' from member names
Debug: Checking Namespace=default, Pod=ms-36144-7bf7cbfff6-rp96s for Target File=deathstar_*.output
Namespace: default, Pod: ms-36144-7bf7cbfff6-rp96s has the target files.
Copying deathstar_ms-36144.output to deathstar_ms-36144.output
tar: removing leading '/' from member names
Debug: Checking Namespace=default, Pod=ms-37691-6f7cbf7c5-fhvmn for Target File=deathstar_*.output
Namespace: default, Pod: ms-37691-6f7cbf7c5-fhvmn has the target files.
Copying deathstar_ms-37691.output to deathstar_ms-37691.output
tar: removing leading '/' from member names
Debug: Checking Namespace=default, Pod=ms-41385-6bc4f5d4fc-67n64 for Target File=deathstar_*.output
Namespace: default, Pod: ms-41385-6bc4f5d4fc-67n64 has the target files.
Copying deathstar_ms-41385.output to deathstar_ms-41385.output
tar: removing leading '/' from member names
Debug: Checking Namespace=default, Pod=ms-41914-5555dd8d48-xcvw8 for Target File=deathstar_*.output
Namespace: default, Pod: ms-41914-5555dd8d48-xcvw8 has the target files.
Copying deathstar_ms-41914.output to deathstar_ms-41914.output
tar: removing leading '/' from member names
Debug: Checking Namespace=default, Pod=ms-46825-58c684559d-2s2b2 for Target File=deathstar_*.output
Namespace: default, Pod: ms-46825-58c684559d-2s2b2 has the target files.
Copying deathstar_ms-46825.output to deathstar_ms-46825.output
tar: removing leading '/' from member names
Debug: Checking Namespace=default, Pod=ms-54016-5665fbcb8d-v4ssq for Target File=deathstar_*.output
Namespace: default, Pod: ms-54016-5665fbcb8d-v4ssq has the target files.
Copying deathstar_ms-54016.output to deathstar_ms-54016.output
tar: removing leading '/' from member names
Debug: Checking Namespace=default, Pod=ms-55339-5b545b67bb-qbbsg for Target File=deathstar_*.output
Namespace: default, Pod: ms-55339-5b545b67bb-qbbsg has the target files.
Copying deathstar_ms-55339.output to deathstar_ms-55339.output
tar: removing leading '/' from member names
Debug: Checking Namespace=default, Pod=ms-58269-8c4794c6c-b2zzd for Target File=deathstar_*.output
Namespace: default, Pod: ms-58269-8c4794c6c-b2zzd has the target files.
Copying deathstar_ms-58269.output to deathstar_ms-58269.output
tar: removing leading '/' from member names
Debug: Checking Namespace=default, Pod=ms-58845-5bc6f9d8df-d5s42 for Target File=deathstar_*.output
Namespace: default, Pod: ms-58845-5bc6f9d8df-d5s42 has the target files.
Copying deathstar_ms-58845.output to deathstar_ms-58845.output
tar: removing leading '/' from member names
Debug: Checking Namespace=default, Pod=ms-68328-5866fd45b7-f8m4q for Target File=deathstar_*.output
Namespace: default, Pod: ms-68328-5866fd45b7-f8m4q has the target files.
Copying deathstar_ms-68328.output to deathstar_ms-68328.output
tar: removing leading '/' from member names
Debug: Checking Namespace=default, Pod=ms-70297-868876bcdb-58rqj for Target File=deathstar_*.output
Namespace: default, Pod: ms-70297-868876bcdb-58rqj has the target files.
Copying deathstar_ms-70297.output to deathstar_ms-70297.output
tar: removing leading '/' from member names
Debug: Checking Namespace=default, Pod=nginx-web-server-56557f7cb7-nbvs2 for Target File=deathstar_*.output
Namespace: default, Pod: nginx-web-server-56557f7cb7-nbvs2 has the target files.
Copying deathstar_nginx-web-server.output to deathstar_nginx-web-server.output
tar: removing leading '/' from member names
Debug: Checking Namespace=default, Pod=unknown-57ddd65965-z6dms for Target File=deathstar_*.output
Namespace: default, Pod: unknown-57ddd65965-z6dms has the target files.
Copying deathstar_unknown.output to deathstar_unknown.output
tar: removing leading '/' from member names
