Deployments: ms-11070
ms-11285
ms-11512
ms-1278
ms-13873
ms-19953
ms-21883
ms-25124
ms-27421
ms-2827
ms-33719
ms-37691
ms-43309
ms-4354
ms-46825
ms-60236
ms-71771
ms-8052
ms-902
nginx-web-server
deployment "ms-11070" successfully rolled out
deployment "ms-11285" successfully rolled out
deployment "ms-11512" successfully rolled out
deployment "ms-1278" successfully rolled out
deployment "ms-13873" successfully rolled out
deployment "ms-19953" successfully rolled out
deployment "ms-21883" successfully rolled out
deployment "ms-25124" successfully rolled out
deployment "ms-27421" successfully rolled out
deployment "ms-2827" successfully rolled out
deployment "ms-33719" successfully rolled out
deployment "ms-37691" successfully rolled out
deployment "ms-43309" successfully rolled out
deployment "ms-4354" successfully rolled out
deployment "ms-46825" successfully rolled out
deployment "ms-60236" successfully rolled out
deployment "ms-71771" successfully rolled out
deployment "ms-8052" successfully rolled out
deployment "ms-902" successfully rolled out
deployment "nginx-web-server" successfully rolled out
ENTRY_POINT: nginx-web-server
SERVICE_A_URL: 10.106.5.215:50051
Capacity: 10000
Metadata: request-id={{.RequestNumber}}
Metadata: timestamp={{.TimestampUnix}}
Metadata: method=S_102000854
Charon Configurations:
[{INTERCEPT charon} {PRICE_UPDATE_RATE 12836us} {TOKEN_UPDATE_RATE 23848us} {LATENCY_THRESHOLD 4114us} {PRICE_STEP 11} {PRICE_STRATEGY proportional} {LAZY_UPDATE true} {RATE_LIMITING true} {LOAD_SHEDDING true} {CHARON_TRACK_PRICE false} {BREAKWATER_SLO 12500us} {BREAKWATER_A 0.001} {BREAKWATER_B 0.02} {BREAKWATER_CLIENT_EXPIRATION 10ms} {BREAKWATER_INITIAL_CREDIT 400} {BREAKWATER_LOAD_SHEDDING true} {BREAKWATER_RTT 1000us} {BREAKWATERD_SLO 12500us} {BREAKWATERD_A 0.001} {BREAKWATERD_B 0.02} {BREAKWATERD_CLIENT_EXPIRATION 10ms} {BREAKWATERD_INITIAL_CREDIT 400} {BREAKWATERD_LOAD_SHEDDING true} {BREAKWATERD_RTT 1000us} {DAGOR_QUEUING_THRESHOLD 2ms} {DAGOR_ALPHA 0.05} {DAGOR_BETA 0.01} {DAGOR_ADMISSION_LEVEL_UPDATE_INTERVAL 10ms} {DAGOR_UMAX 20}]

Summary:
  Count:	89797
  Total:	14.79 s
  Slowest:	920.62 ms
  Fastest:	38.90 ms
  Average:	94.82 ms
  Requests/sec:	6071.32

Response time histogram:
  38.901  [1]     |
  127.073 [69340] |∎∎∎∎∎∎∎∎∎∎∎∎∎∎∎∎∎∎∎∎∎∎∎∎∎∎∎∎∎∎∎∎∎∎∎∎∎∎∎∎
  215.245 [7947]  |∎∎∎∎∎
  303.418 [4164]  |∎∎
  391.590 [2105]  |∎
  479.762 [312]   |
  567.934 [116]   |
  656.106 [34]    |
  744.278 [1]     |
  832.450 [71]    |
  920.622 [81]    |

Latency distribution:
  10 % in 41.45 ms 
  25 % in 59.25 ms 
  50 % in 77.75 ms 
  75 % in 103.98 ms 
  90 % in 191.88 ms 
  95 % in 273.74 ms 
  99 % in 371.86 ms 

Status code distribution:
  [OK]                  84172 responses   
  [ResourceExhausted]   5429 responses    
  [Canceled]            196 responses     

Error distribution:
  [366]    rpc error: code = ResourceExhausted desc = S_102000854 req dropped by ms-60236. Try again later.           
  [258]    rpc error: code = ResourceExhausted desc = S_102000854 req dropped by ms-25124. Try again later.           
  [4204]   rpc error: code = ResourceExhausted desc = S_102000854 req dropped by nginx-web-server. Try again later.   
  [4]      rpc error: code = ResourceExhausted desc = S_102000854 req dropped by ms-71771. Try again later.           
  [196]    rpc error: code = Canceled desc = grpc: the client connection is closing                                   
  [597]    rpc error: code = ResourceExhausted desc = S_102000854 req dropped by ms-13873. Try again later.           

Debug: Checking Namespace=default, Pod=ms-11070-7868c54f44-twpqd for Target File=deathstar_*.output
Namespace: default, Pod: ms-11070-7868c54f44-twpqd has the target files.
Copying deathstar_ms-11070.output to deathstar_ms-11070.output
tar: removing leading '/' from member names
Debug: Checking Namespace=default, Pod=ms-11285-67d597dc77-4vwpp for Target File=deathstar_*.output
Namespace: default, Pod: ms-11285-67d597dc77-4vwpp has the target files.
Copying deathstar_ms-11285.output to deathstar_ms-11285.output
tar: removing leading '/' from member names
Debug: Checking Namespace=default, Pod=ms-11512-75f8ddc45b-zqpjp for Target File=deathstar_*.output
Namespace: default, Pod: ms-11512-75f8ddc45b-zqpjp has the target files.
Copying deathstar_ms-11512.output to deathstar_ms-11512.output
tar: removing leading '/' from member names
Debug: Checking Namespace=default, Pod=ms-1278-85766ff6b8-4xsmv for Target File=deathstar_*.output
Namespace: default, Pod: ms-1278-85766ff6b8-4xsmv has the target files.
Copying deathstar_ms-1278.output to deathstar_ms-1278.output
tar: removing leading '/' from member names
Debug: Checking Namespace=default, Pod=ms-13873-85d7bb7b97-h6q8w for Target File=deathstar_*.output
Namespace: default, Pod: ms-13873-85d7bb7b97-h6q8w has the target files.
Copying deathstar_ms-13873.output to deathstar_ms-13873.output
tar: removing leading '/' from member names
Debug: Checking Namespace=default, Pod=ms-19953-68cc8998c5-kvdb9 for Target File=deathstar_*.output
Namespace: default, Pod: ms-19953-68cc8998c5-kvdb9 has the target files.
Copying deathstar_ms-19953.output to deathstar_ms-19953.output
tar: removing leading '/' from member names
Debug: Checking Namespace=default, Pod=ms-21883-f6c88c6d4-52sxz for Target File=deathstar_*.output
Namespace: default, Pod: ms-21883-f6c88c6d4-52sxz has the target files.
Copying deathstar_ms-21883.output to deathstar_ms-21883.output
tar: removing leading '/' from member names
Debug: Checking Namespace=default, Pod=ms-25124-77bd4446f5-tgsb9 for Target File=deathstar_*.output
Namespace: default, Pod: ms-25124-77bd4446f5-tgsb9 has the target files.
Copying deathstar_ms-25124.output to deathstar_ms-25124.output
tar: removing leading '/' from member names
Debug: Checking Namespace=default, Pod=ms-27421-8565974486-kc9x6 for Target File=deathstar_*.output
Namespace: default, Pod: ms-27421-8565974486-kc9x6 has the target files.
Copying deathstar_ms-27421.output to deathstar_ms-27421.output
tar: removing leading '/' from member names
Debug: Checking Namespace=default, Pod=ms-2827-5dcc6df4f4-282wx for Target File=deathstar_*.output
Namespace: default, Pod: ms-2827-5dcc6df4f4-282wx has the target files.
Copying deathstar_ms-2827.output to deathstar_ms-2827.output
tar: removing leading '/' from member names
Debug: Checking Namespace=default, Pod=ms-33719-6c455cf54c-v988d for Target File=deathstar_*.output
Namespace: default, Pod: ms-33719-6c455cf54c-v988d has the target files.
Copying deathstar_ms-33719.output to deathstar_ms-33719.output
tar: removing leading '/' from member names
Debug: Checking Namespace=default, Pod=ms-37691-b9bc44798-9msdd for Target File=deathstar_*.output
Namespace: default, Pod: ms-37691-b9bc44798-9msdd has the target files.
Copying deathstar_ms-37691.output to deathstar_ms-37691.output
tar: removing leading '/' from member names
Debug: Checking Namespace=default, Pod=ms-43309-54f758d465-w895k for Target File=deathstar_*.output
Namespace: default, Pod: ms-43309-54f758d465-w895k has the target files.
Copying deathstar_ms-43309.output to deathstar_ms-43309.output
tar: removing leading '/' from member names
Debug: Checking Namespace=default, Pod=ms-4354-669cfcbdf6-k4qlc for Target File=deathstar_*.output
Namespace: default, Pod: ms-4354-669cfcbdf6-k4qlc has the target files.
Copying deathstar_ms-4354.output to deathstar_ms-4354.output
tar: removing leading '/' from member names
Debug: Checking Namespace=default, Pod=ms-46825-58c684559d-69x2d for Target File=deathstar_*.output
Namespace: default, Pod: ms-46825-58c684559d-69x2d has the target files.
Copying deathstar_ms-46825.output to deathstar_ms-46825.output
tar: removing leading '/' from member names
Debug: Checking Namespace=default, Pod=ms-60236-64866cf49-zbq7j for Target File=deathstar_*.output
Namespace: default, Pod: ms-60236-64866cf49-zbq7j has the target files.
Copying deathstar_ms-60236.output to deathstar_ms-60236.output
tar: removing leading '/' from member names
Debug: Checking Namespace=default, Pod=ms-71771-567ddbdd95-xbvsc for Target File=deathstar_*.output
Namespace: default, Pod: ms-71771-567ddbdd95-xbvsc has the target files.
Copying deathstar_ms-71771.output to deathstar_ms-71771.output
tar: removing leading '/' from member names
Debug: Checking Namespace=default, Pod=ms-8052-b995968dc-7hrrf for Target File=deathstar_*.output
Namespace: default, Pod: ms-8052-b995968dc-7hrrf has the target files.
Copying deathstar_ms-8052.output to deathstar_ms-8052.output
tar: removing leading '/' from member names
Debug: Checking Namespace=default, Pod=ms-902-5744544f85-mgnnb for Target File=deathstar_*.output
Namespace: default, Pod: ms-902-5744544f85-mgnnb has the target files.
Copying deathstar_ms-902.output to deathstar_ms-902.output
tar: removing leading '/' from member names
Debug: Checking Namespace=default, Pod=nginx-web-server-56557f7cb7-ll2dz for Target File=deathstar_*.output
Namespace: default, Pod: nginx-web-server-56557f7cb7-ll2dz has the target files.
Copying deathstar_nginx-web-server.output to deathstar_nginx-web-server.output
tar: removing leading '/' from member names
