Deployments: ms-25648
ms-27283
ms-27421
ms-2827
ms-34756
ms-36144
ms-37691
ms-41385
ms-41914
ms-46825
ms-54016
ms-55339
ms-58269
ms-58845
ms-68328
ms-70297
nginx-web-server
unknown
deployment "ms-25648" successfully rolled out
deployment "ms-27283" successfully rolled out
deployment "ms-27421" successfully rolled out
deployment "ms-2827" successfully rolled out
deployment "ms-34756" successfully rolled out
deployment "ms-36144" successfully rolled out
deployment "ms-37691" successfully rolled out
deployment "ms-41385" successfully rolled out
deployment "ms-41914" successfully rolled out
deployment "ms-46825" successfully rolled out
deployment "ms-54016" successfully rolled out
deployment "ms-55339" successfully rolled out
deployment "ms-58269" successfully rolled out
deployment "ms-58845" successfully rolled out
deployment "ms-68328" successfully rolled out
deployment "ms-70297" successfully rolled out
deployment "nginx-web-server" successfully rolled out
deployment "unknown" successfully rolled out
ENTRY_POINT: nginx-web-server
SERVICE_A_URL: 10.110.14.242:50051
Capacity: 10000
Metadata: method=S_161142529
Metadata: request-id={{.RequestNumber}}
Metadata: timestamp={{.TimestampUnix}}
Charon Configurations:
[{INTERCEPT charon} {PRICE_UPDATE_RATE 26783us} {TOKEN_UPDATE_RATE 17447us} {LATENCY_THRESHOLD 4098us} {PRICE_STEP 81} {PRICE_STRATEGY proportional} {LAZY_UPDATE true} {RATE_LIMITING true} {LOAD_SHEDDING true} {CHARON_TRACK_PRICE false} {BREAKWATER_SLO 12500us} {BREAKWATER_A 0.001} {BREAKWATER_B 0.02} {BREAKWATER_CLIENT_EXPIRATION 10ms} {BREAKWATER_INITIAL_CREDIT 400} {BREAKWATER_LOAD_SHEDDING true} {BREAKWATER_RTT 1000us} {BREAKWATERD_SLO 12500us} {BREAKWATERD_A 0.001} {BREAKWATERD_B 0.02} {BREAKWATERD_CLIENT_EXPIRATION 10ms} {BREAKWATERD_INITIAL_CREDIT 400} {BREAKWATERD_LOAD_SHEDDING true} {BREAKWATERD_RTT 1000us} {DAGOR_QUEUING_THRESHOLD 2ms} {DAGOR_ALPHA 0.05} {DAGOR_BETA 0.01} {DAGOR_ADMISSION_LEVEL_UPDATE_INTERVAL 10ms} {DAGOR_UMAX 20}]

Summary:
  Count:	78254
  Total:	14.78 s
  Slowest:	870.45 ms
  Fastest:	65.17 ms
  Average:	86.11 ms
  Requests/sec:	5293.44

Response time histogram:
  65.172  [1]     |
  145.700 [70559] |∎∎∎∎∎∎∎∎∎∎∎∎∎∎∎∎∎∎∎∎∎∎∎∎∎∎∎∎∎∎∎∎∎∎∎∎∎∎∎∎
  226.227 [713]   |
  306.755 [769]   |
  387.282 [883]   |∎
  467.810 [74]    |
  548.337 [10]    |
  628.864 [11]    |
  709.392 [7]     |
  789.919 [28]    |
  870.447 [20]    |

Latency distribution:
  10 % in 68.26 ms 
  25 % in 72.59 ms 
  50 % in 81.73 ms 
  75 % in 92.30 ms 
  90 % in 106.14 ms 
  95 % in 120.59 ms 
  99 % in 329.15 ms 

Status code distribution:
  [Canceled]            94 responses      
  [ResourceExhausted]   5085 responses    
  [OK]                  73075 responses   

Error distribution:
  [359]    rpc error: code = ResourceExhausted desc = S_161142529 req dropped by ms-36144. Try again later.           
  [214]    rpc error: code = ResourceExhausted desc = S_161142529 req dropped by ms-27283. Try again later.           
  [648]    rpc error: code = ResourceExhausted desc = S_161142529 req dropped by unknown. Try again later.            
  [295]    rpc error: code = ResourceExhausted desc = S_161142529 req dropped by ms-41385. Try again later.           
  [3569]   rpc error: code = ResourceExhausted desc = S_161142529 req dropped by nginx-web-server. Try again later.   
  [94]     rpc error: code = Canceled desc = grpc: the client connection is closing                                   

Debug: Checking Namespace=default, Pod=ms-25648-86cc47d8bd-s5hlp for Target File=deathstar_*.output
Namespace: default, Pod: ms-25648-86cc47d8bd-s5hlp has the target files.
Copying deathstar_ms-25648.output to deathstar_ms-25648.output
tar: removing leading '/' from member names
Debug: Checking Namespace=default, Pod=ms-27283-7cb76dd56d-d2drf for Target File=deathstar_*.output
Namespace: default, Pod: ms-27283-7cb76dd56d-d2drf has the target files.
Copying deathstar_ms-27283.output to deathstar_ms-27283.output
tar: removing leading '/' from member names
Debug: Checking Namespace=default, Pod=ms-27421-64f549855c-qzpzz for Target File=deathstar_*.output
Namespace: default, Pod: ms-27421-64f549855c-qzpzz has the target files.
Copying deathstar_ms-27421.output to deathstar_ms-27421.output
tar: removing leading '/' from member names
Debug: Checking Namespace=default, Pod=ms-2827-565cbcd7b-s87sk for Target File=deathstar_*.output
Namespace: default, Pod: ms-2827-565cbcd7b-s87sk has the target files.
Copying deathstar_ms-2827.output to deathstar_ms-2827.output
tar: removing leading '/' from member names
Debug: Checking Namespace=default, Pod=ms-34756-7c45d5bcc-nvhds for Target File=deathstar_*.output
Namespace: default, Pod: ms-34756-7c45d5bcc-nvhds has the target files.
Copying deathstar_ms-34756.output to deathstar_ms-34756.output
tar: removing leading '/' from member names
Debug: Checking Namespace=default, Pod=ms-36144-7bf7cbfff6-ft4tt for Target File=deathstar_*.output
Namespace: default, Pod: ms-36144-7bf7cbfff6-ft4tt has the target files.
Copying deathstar_ms-36144.output to deathstar_ms-36144.output
tar: removing leading '/' from member names
Debug: Checking Namespace=default, Pod=ms-37691-6f7cbf7c5-mdtsf for Target File=deathstar_*.output
Namespace: default, Pod: ms-37691-6f7cbf7c5-mdtsf has the target files.
Copying deathstar_ms-37691.output to deathstar_ms-37691.output
tar: removing leading '/' from member names
Debug: Checking Namespace=default, Pod=ms-41385-6bc4f5d4fc-xvqpv for Target File=deathstar_*.output
Namespace: default, Pod: ms-41385-6bc4f5d4fc-xvqpv has the target files.
Copying deathstar_ms-41385.output to deathstar_ms-41385.output
tar: removing leading '/' from member names
Debug: Checking Namespace=default, Pod=ms-41914-5555dd8d48-rk7wc for Target File=deathstar_*.output
Namespace: default, Pod: ms-41914-5555dd8d48-rk7wc has the target files.
Copying deathstar_ms-41914.output to deathstar_ms-41914.output
tar: removing leading '/' from member names
Debug: Checking Namespace=default, Pod=ms-46825-58c684559d-wdl5x for Target File=deathstar_*.output
Namespace: default, Pod: ms-46825-58c684559d-wdl5x has the target files.
Copying deathstar_ms-46825.output to deathstar_ms-46825.output
tar: removing leading '/' from member names
Debug: Checking Namespace=default, Pod=ms-54016-5665fbcb8d-rjdm7 for Target File=deathstar_*.output
Namespace: default, Pod: ms-54016-5665fbcb8d-rjdm7 has the target files.
Copying deathstar_ms-54016.output to deathstar_ms-54016.output
tar: removing leading '/' from member names
Debug: Checking Namespace=default, Pod=ms-55339-5b545b67bb-mkbkz for Target File=deathstar_*.output
Namespace: default, Pod: ms-55339-5b545b67bb-mkbkz has the target files.
Copying deathstar_ms-55339.output to deathstar_ms-55339.output
tar: removing leading '/' from member names
Debug: Checking Namespace=default, Pod=ms-58269-8c4794c6c-z9lxg for Target File=deathstar_*.output
Namespace: default, Pod: ms-58269-8c4794c6c-z9lxg has the target files.
Copying deathstar_ms-58269.output to deathstar_ms-58269.output
tar: removing leading '/' from member names
Debug: Checking Namespace=default, Pod=ms-58845-5bc6f9d8df-k8k9l for Target File=deathstar_*.output
Namespace: default, Pod: ms-58845-5bc6f9d8df-k8k9l has the target files.
Copying deathstar_ms-58845.output to deathstar_ms-58845.output
tar: removing leading '/' from member names
Debug: Checking Namespace=default, Pod=ms-68328-5866fd45b7-b2qpb for Target File=deathstar_*.output
Namespace: default, Pod: ms-68328-5866fd45b7-b2qpb has the target files.
Copying deathstar_ms-68328.output to deathstar_ms-68328.output
tar: removing leading '/' from member names
Debug: Checking Namespace=default, Pod=ms-70297-868876bcdb-xblzf for Target File=deathstar_*.output
Namespace: default, Pod: ms-70297-868876bcdb-xblzf has the target files.
Copying deathstar_ms-70297.output to deathstar_ms-70297.output
tar: removing leading '/' from member names
Debug: Checking Namespace=default, Pod=nginx-web-server-56557f7cb7-8bqhd for Target File=deathstar_*.output
Namespace: default, Pod: nginx-web-server-56557f7cb7-8bqhd has the target files.
Copying deathstar_nginx-web-server.output to deathstar_nginx-web-server.output
tar: removing leading '/' from member names
Debug: Checking Namespace=default, Pod=unknown-57ddd65965-t9gxj for Target File=deathstar_*.output
Namespace: default, Pod: unknown-57ddd65965-t9gxj has the target files.
Copying deathstar_unknown.output to deathstar_unknown.output
tar: removing leading '/' from member names
