Deployments: compose-post-service
home-timeline-redis
home-timeline-service
media-service
nginx-web-server
post-storage-mongo
post-storage-service
social-graph-mongo
social-graph-redis
social-graph-service
text-service
unique-id-service
url-shorten-mongo
url-shorten-service
user-mention-memcached
user-mention-mongo
user-mention-service
user-service
user-timeline-mongo
user-timeline-redis
user-timeline-service
deployment "compose-post-service" successfully rolled out
Deployment compose-post-service is ready.
deployment "home-timeline-redis" successfully rolled out
Deployment home-timeline-redis is ready.
deployment "home-timeline-service" successfully rolled out
Deployment home-timeline-service is ready.
deployment "media-service" successfully rolled out
Deployment media-service is ready.
deployment "nginx-web-server" successfully rolled out
Deployment nginx-web-server is ready.
deployment "post-storage-mongo" successfully rolled out
Deployment post-storage-mongo is ready.
deployment "post-storage-service" successfully rolled out
Deployment post-storage-service is ready.
deployment "social-graph-mongo" successfully rolled out
Deployment social-graph-mongo is ready.
deployment "social-graph-redis" successfully rolled out
Deployment social-graph-redis is ready.
deployment "social-graph-service" successfully rolled out
Deployment social-graph-service is ready.
deployment "text-service" successfully rolled out
Deployment text-service is ready.
deployment "unique-id-service" successfully rolled out
Deployment unique-id-service is ready.
deployment "url-shorten-mongo" successfully rolled out
Deployment url-shorten-mongo is ready.
deployment "url-shorten-service" successfully rolled out
Deployment url-shorten-service is ready.
deployment "user-mention-memcached" successfully rolled out
Deployment user-mention-memcached is ready.
deployment "user-mention-mongo" successfully rolled out
Deployment user-mention-mongo is ready.
deployment "user-mention-service" successfully rolled out
Deployment user-mention-service is ready.
deployment "user-service" successfully rolled out
Deployment user-service is ready.
deployment "user-timeline-mongo" successfully rolled out
Deployment user-timeline-mongo is ready.
deployment "user-timeline-redis" successfully rolled out
Deployment user-timeline-redis is ready.
deployment "user-timeline-service" successfully rolled out
Deployment user-timeline-service is ready.
ENTRY_POINT: nginx-web-server
SERVICE_A_URL: 10.99.26.105:50051
Capacity: 5000
Metadata: method=compose
Metadata: request-id={{.RequestNumber}}
Metadata: timestamp={{.TimestampUnix}}
Charon Configurations:
[{PRICE_UPDATE_RATE 354713us} {TOKEN_UPDATE_RATE 382391us} {LATENCY_THRESHOLD 3869us} {PRICE_STEP 81} {PRICE_STRATEGY proportional} {INTERCEPT charon} {LAZY_UPDATE true} {BREAKWATER_SLO 12500us} {BREAKWATER_A 0.001} {BREAKWATER_B 0.02} {BREAKWATER_CLIENT_EXPIRATION 10ms} {BREAKWATER_INITIAL_CREDIT 400} {BREAKWATERD_SLO 12500us} {BREAKWATERD_A 0.001} {BREAKWATERD_B 0.02} {BREAKWATERD_CLIENT_EXPIRATION 10ms} {BREAKWATERD_INITIAL_CREDIT 400} {DAGOR_QUEUING_THRESHOLD 2ms} {DAGOR_ALPHA 0.05} {DAGOR_BETA 0.01} {DAGOR_ADMISSION_LEVEL_UPDATE_INTERVAL 10ms} {DAGOR_UMAX 20}]

Summary:
  Count:	25745
  Total:	8.75 s
  Slowest:	292.55 ms
  Fastest:	19.25 ms
  Average:	22.94 ms
  Requests/sec:	2941.94

Response time histogram:
  19.248  [1]     |
  46.577  [23193] |∎∎∎∎∎∎∎∎∎∎∎∎∎∎∎∎∎∎∎∎∎∎∎∎∎∎∎∎∎∎∎∎∎∎∎∎∎∎∎∎
  73.907  [213]   |
  101.237 [0]     |
  128.567 [0]     |
  155.897 [0]     |
  183.226 [0]     |
  210.556 [0]     |
  237.886 [0]     |
  265.216 [0]     |
  292.546 [1]     |

Latency distribution:
  10 % in 21.10 ms 
  25 % in 22.08 ms 
  50 % in 23.67 ms 
  75 % in 25.99 ms 
  90 % in 30.26 ms 
  95 % in 36.44 ms 
  99 % in 46.05 ms 

Status code distribution:
  [OK]                  23408 responses   
  [ResourceExhausted]   2266 responses    
  [Canceled]            71 responses      

Error distribution:
  [4]      rpc error: code = ResourceExhausted desc = compose req dropped by user-service. Try again later.            
  [71]     rpc error: code = Canceled desc = grpc: the client connection is closing                                    
  [9]      rpc error: code = ResourceExhausted desc = compose req dropped by home-timeline-service. Try again later.   
  [34]     rpc error: code = ResourceExhausted desc = compose req dropped by compose-post-service. Try again later.    
  [2219]   rpc error: code = ResourceExhausted desc = compose req dropped by nginx-web-server. Try again later.        

Debug: Checking Namespace=default, Pod=compose-post-service-5dd67b9cf5-sj94d for Target File=deathstar_*.output
Namespace: default, Pod: compose-post-service-5dd67b9cf5-sj94d has the target files.
Copying deathstar_compose-post-service.output to deathstar_compose-post-service.output
tar: removing leading '/' from member names
Debug: Checking Namespace=default, Pod=home-timeline-redis-76d55b799-nq2ww for Target File=deathstar_*.output
Namespace: default, Pod: home-timeline-redis-76d55b799-nq2ww has the target files.
Copying deathstar_home-timeline-redis.output to deathstar_home-timeline-redis.output
tar: removing leading '/' from member names
Debug: Checking Namespace=default, Pod=home-timeline-service-77986fbb7f-njtrb for Target File=deathstar_*.output
Namespace: default, Pod: home-timeline-service-77986fbb7f-njtrb has the target files.
Copying deathstar_home-timeline-service.output to deathstar_home-timeline-service.output
tar: removing leading '/' from member names
Debug: Checking Namespace=default, Pod=media-service-6d694cbc7f-8m8cq for Target File=deathstar_*.output
Namespace: default, Pod: media-service-6d694cbc7f-8m8cq has the target files.
Copying deathstar_media-service.output to deathstar_media-service.output
tar: removing leading '/' from member names
Debug: Checking Namespace=default, Pod=nginx-web-server-56557f7cb7-thfzj for Target File=deathstar_*.output
Namespace: default, Pod: nginx-web-server-56557f7cb7-thfzj has the target files.
Copying deathstar_nginx-web-server.output to deathstar_nginx-web-server.output
tar: removing leading '/' from member names
Debug: Checking Namespace=default, Pod=post-storage-mongo-d8bbf8c65-wq4nf for Target File=deathstar_*.output
Namespace: default, Pod: post-storage-mongo-d8bbf8c65-wq4nf has the target files.
Copying deathstar_post-storage-mongo.output to deathstar_post-storage-mongo.output
tar: removing leading '/' from member names
Debug: Checking Namespace=default, Pod=post-storage-service-6cd7955cb7-5nwvd for Target File=deathstar_*.output
Namespace: default, Pod: post-storage-service-6cd7955cb7-5nwvd has the target files.
Copying deathstar_post-storage-service.output to deathstar_post-storage-service.output
tar: removing leading '/' from member names
Debug: Checking Namespace=default, Pod=social-graph-mongo-7fb9669465-46pkp for Target File=deathstar_*.output
Namespace: default, Pod: social-graph-mongo-7fb9669465-46pkp has the target files.
Copying deathstar_social-graph-mongo.output to deathstar_social-graph-mongo.output
tar: removing leading '/' from member names
Debug: Checking Namespace=default, Pod=social-graph-redis-f8c4c788b-gmxrb for Target File=deathstar_*.output
Namespace: default, Pod: social-graph-redis-f8c4c788b-gmxrb has the target files.
Copying deathstar_social-graph-redis.output to deathstar_social-graph-redis.output
tar: removing leading '/' from member names
Debug: Checking Namespace=default, Pod=social-graph-service-54457c5fc9-s5dpx for Target File=deathstar_*.output
Namespace: default, Pod: social-graph-service-54457c5fc9-s5dpx has the target files.
Copying deathstar_social-graph-service.output to deathstar_social-graph-service.output
tar: removing leading '/' from member names
Debug: Checking Namespace=default, Pod=text-service-85476c4dfd-b8b2m for Target File=deathstar_*.output
Namespace: default, Pod: text-service-85476c4dfd-b8b2m has the target files.
Copying deathstar_text-service.output to deathstar_text-service.output
tar: removing leading '/' from member names
Debug: Checking Namespace=default, Pod=unique-id-service-76fc9d467c-zc9nn for Target File=deathstar_*.output
Namespace: default, Pod: unique-id-service-76fc9d467c-zc9nn has the target files.
Copying deathstar_unique-id-service.output to deathstar_unique-id-service.output
tar: removing leading '/' from member names
Debug: Checking Namespace=default, Pod=url-shorten-mongo-859457fd9d-r9t9f for Target File=deathstar_*.output
Namespace: default, Pod: url-shorten-mongo-859457fd9d-r9t9f has the target files.
Copying deathstar_url-shorten-mongo.output to deathstar_url-shorten-mongo.output
tar: removing leading '/' from member names
Debug: Checking Namespace=default, Pod=url-shorten-service-648c99fcf8-tps6h for Target File=deathstar_*.output
Namespace: default, Pod: url-shorten-service-648c99fcf8-tps6h has the target files.
Copying deathstar_url-shorten-service.output to deathstar_url-shorten-service.output
tar: removing leading '/' from member names
Debug: Checking Namespace=default, Pod=user-mention-memcached-6f97488b98-sn62j for Target File=deathstar_*.output
Namespace: default, Pod: user-mention-memcached-6f97488b98-sn62j has the target files.
Copying deathstar_user-mention-memcached.output to deathstar_user-mention-memcached.output
tar: removing leading '/' from member names
Debug: Checking Namespace=default, Pod=user-mention-mongo-5674859fcb-tb98s for Target File=deathstar_*.output
Namespace: default, Pod: user-mention-mongo-5674859fcb-tb98s has the target files.
Copying deathstar_user-mention-mongo.output to deathstar_user-mention-mongo.output
tar: removing leading '/' from member names
Debug: Checking Namespace=default, Pod=user-mention-service-6dbb786df6-rbwnl for Target File=deathstar_*.output
Namespace: default, Pod: user-mention-service-6dbb786df6-rbwnl has the target files.
Copying deathstar_user-mention-service.output to deathstar_user-mention-service.output
tar: removing leading '/' from member names
Debug: Checking Namespace=default, Pod=user-service-5449d5d464-hxkmf for Target File=deathstar_*.output
Namespace: default, Pod: user-service-5449d5d464-hxkmf has the target files.
Copying deathstar_user-service.output to deathstar_user-service.output
tar: removing leading '/' from member names
Debug: Checking Namespace=default, Pod=user-timeline-mongo-7b66b98dfc-4jzd6 for Target File=deathstar_*.output
Namespace: default, Pod: user-timeline-mongo-7b66b98dfc-4jzd6 has the target files.
Copying deathstar_user-timeline-mongo.output to deathstar_user-timeline-mongo.output
tar: removing leading '/' from member names
Debug: Checking Namespace=default, Pod=user-timeline-redis-7fcf87fb79-v2vls for Target File=deathstar_*.output
Namespace: default, Pod: user-timeline-redis-7fcf87fb79-v2vls has the target files.
Copying deathstar_user-timeline-redis.output to deathstar_user-timeline-redis.output
tar: removing leading '/' from member names
Debug: Checking Namespace=default, Pod=user-timeline-service-846bc479c6-g5bhw for Target File=deathstar_*.output
Namespace: default, Pod: user-timeline-service-846bc479c6-g5bhw has the target files.
Copying deathstar_user-timeline-service.output to deathstar_user-timeline-service.output
tar: removing leading '/' from member names
