Deployments: ms-10090
ms-13558
ms-18330
ms-19585
ms-20172
ms-22893
ms-24009
ms-24959
ms-26622
ms-27421
ms-29373
ms-32301
ms-3289
ms-37691
ms-38964
ms-40147
ms-48118
ms-4829
ms-51685
ms-52379
ms-55394
ms-58436
ms-58772
ms-59962
ms-60061
ms-6323
ms-65741
ms-66473
ms-69188
ms-69614
ms-9081
nginx-web-server
unknown
deployment "ms-10090" successfully rolled out
deployment "ms-13558" successfully rolled out
deployment "ms-18330" successfully rolled out
deployment "ms-19585" successfully rolled out
deployment "ms-20172" successfully rolled out
deployment "ms-22893" successfully rolled out
deployment "ms-24009" successfully rolled out
deployment "ms-24959" successfully rolled out
deployment "ms-26622" successfully rolled out
deployment "ms-27421" successfully rolled out
deployment "ms-29373" successfully rolled out
deployment "ms-32301" successfully rolled out
deployment "ms-3289" successfully rolled out
deployment "ms-37691" successfully rolled out
deployment "ms-38964" successfully rolled out
deployment "ms-40147" successfully rolled out
deployment "ms-48118" successfully rolled out
deployment "ms-4829" successfully rolled out
deployment "ms-51685" successfully rolled out
deployment "ms-52379" successfully rolled out
deployment "ms-55394" successfully rolled out
deployment "ms-58436" successfully rolled out
deployment "ms-58772" successfully rolled out
deployment "ms-59962" successfully rolled out
deployment "ms-60061" successfully rolled out
deployment "ms-6323" successfully rolled out
deployment "ms-65741" successfully rolled out
deployment "ms-66473" successfully rolled out
deployment "ms-69188" successfully rolled out
deployment "ms-69614" successfully rolled out
deployment "ms-9081" successfully rolled out
deployment "nginx-web-server" successfully rolled out
deployment "unknown" successfully rolled out
ENTRY_POINT: nginx-web-server
SERVICE_A_URL: 10.108.51.49:50051
Capacity: 8000
Metadata: request-id={{.RequestNumber}}
Metadata: timestamp={{.TimestampUnix}}
Metadata: method=motivation-both
Charon Configurations:
[{INTERCEPT dagor} {PRICE_UPDATE_RATE 10ms} {TOKEN_UPDATE_RATE 10ms} {LATENCY_THRESHOLD 100us} {PRICE_STEP 0} {PRICE_STRATEGY step} {LAZY_UPDATE false} {RATE_LIMITING true} {LOAD_SHEDDING true} {CHARON_TRACK_PRICE false} {BREAKWATER_SLO 12500us} {BREAKWATER_A 0.001} {BREAKWATER_B 0.02} {BREAKWATER_CLIENT_EXPIRATION 10ms} {BREAKWATER_INITIAL_CREDIT 400} {BREAKWATER_LOAD_SHEDDING true} {BREAKWATER_RTT 1000us} {BREAKWATERD_SLO 12500us} {BREAKWATERD_A 0.001} {BREAKWATERD_B 0.02} {BREAKWATERD_CLIENT_EXPIRATION 10ms} {BREAKWATERD_INITIAL_CREDIT 400} {BREAKWATERD_LOAD_SHEDDING true} {BREAKWATERD_RTT 1000us} {DAGOR_QUEUING_THRESHOLD 220933us} {DAGOR_ALPHA 1.4406489868843162} {DAGOR_BETA 5.718740867244332e-05} {DAGOR_ADMISSION_LEVEL_UPDATE_INTERVAL 8398us} {DAGOR_UMAX 4}]

Summary:
  Count:	42124
  Total:	6.84 s
  Slowest:	0 ns
  Fastest:	0 ns
  Average:	911.78 ms
  Requests/sec:	6160.94

Response time histogram:

Latency distribution:

Status code distribution:
  [DeadlineExceeded]   34314 responses   
  [Canceled]           7810 responses    

Error distribution:
  [7810]    rpc error: code = Canceled desc = grpc: the client connection is closing   
  [34314]   rpc error: code = DeadlineExceeded desc = context deadline exceeded        

Debug: Checking Namespace=default, Pod=ms-10090-6454f977fd-rqzhv for Target File=deathstar_*.output
Namespace: default, Pod: ms-10090-6454f977fd-rqzhv has the target files.
Copying deathstar_ms-10090.output to deathstar_ms-10090.output
tar: removing leading '/' from member names
Debug: Checking Namespace=default, Pod=ms-13558-b48bb5d9d-v9dpc for Target File=deathstar_*.output
Namespace: default, Pod: ms-13558-b48bb5d9d-v9dpc has the target files.
Copying deathstar_ms-13558.output to deathstar_ms-13558.output
tar: removing leading '/' from member names
Debug: Checking Namespace=default, Pod=ms-18330-759d9cf49c-g9gz7 for Target File=deathstar_*.output
Namespace: default, Pod: ms-18330-759d9cf49c-g9gz7 has the target files.
Copying deathstar_ms-18330.output to deathstar_ms-18330.output
tar: removing leading '/' from member names
Debug: Checking Namespace=default, Pod=ms-19585-6f995cfcbf-ltcpg for Target File=deathstar_*.output
Namespace: default, Pod: ms-19585-6f995cfcbf-ltcpg has the target files.
Copying deathstar_ms-19585.output to deathstar_ms-19585.output
tar: removing leading '/' from member names
Debug: Checking Namespace=default, Pod=ms-20172-59d5485464-tgs7b for Target File=deathstar_*.output
Namespace: default, Pod: ms-20172-59d5485464-tgs7b has the target files.
Copying deathstar_ms-20172.output to deathstar_ms-20172.output
tar: removing leading '/' from member names
Debug: Checking Namespace=default, Pod=ms-22893-576fd5f9f6-6qx75 for Target File=deathstar_*.output
Namespace: default, Pod: ms-22893-576fd5f9f6-6qx75 has the target files.
Copying deathstar_ms-22893.output to deathstar_ms-22893.output
tar: removing leading '/' from member names
Debug: Checking Namespace=default, Pod=ms-24009-67dbf5b976-fk9dn for Target File=deathstar_*.output
Namespace: default, Pod: ms-24009-67dbf5b976-fk9dn has the target files.
Copying deathstar_ms-24009.output to deathstar_ms-24009.output
tar: removing leading '/' from member names
Debug: Checking Namespace=default, Pod=ms-24959-99f8bbf9-dxbm5 for Target File=deathstar_*.output
Namespace: default, Pod: ms-24959-99f8bbf9-dxbm5 has the target files.
Copying deathstar_ms-24959.output to deathstar_ms-24959.output
tar: removing leading '/' from member names
Debug: Checking Namespace=default, Pod=ms-26622-66fdf7d64f-hm8zc for Target File=deathstar_*.output
Namespace: default, Pod: ms-26622-66fdf7d64f-hm8zc has the target files.
Copying deathstar_ms-26622.output to deathstar_ms-26622.output
tar: removing leading '/' from member names
Debug: Checking Namespace=default, Pod=ms-27421-64f549855c-hxnxp for Target File=deathstar_*.output
Namespace: default, Pod: ms-27421-64f549855c-hxnxp has the target files.
Copying deathstar_ms-27421.output to deathstar_ms-27421.output
tar: removing leading '/' from member names
Debug: Checking Namespace=default, Pod=ms-29373-8467f7db44-pwvk2 for Target File=deathstar_*.output
Namespace: default, Pod: ms-29373-8467f7db44-pwvk2 has the target files.
Copying deathstar_ms-29373.output to deathstar_ms-29373.output
tar: removing leading '/' from member names
Debug: Checking Namespace=default, Pod=ms-32301-c5654bbc5-pwxbj for Target File=deathstar_*.output
Namespace: default, Pod: ms-32301-c5654bbc5-pwxbj has the target files.
Copying deathstar_ms-32301.output to deathstar_ms-32301.output
tar: removing leading '/' from member names
Debug: Checking Namespace=default, Pod=ms-3289-587dbd96bf-4k76b for Target File=deathstar_*.output
Namespace: default, Pod: ms-3289-587dbd96bf-4k76b has the target files.
Copying deathstar_ms-3289.output to deathstar_ms-3289.output
tar: removing leading '/' from member names
Debug: Checking Namespace=default, Pod=ms-37691-6dc6cd6744-zrc55 for Target File=deathstar_*.output
Namespace: default, Pod: ms-37691-6dc6cd6744-zrc55 has the target files.
Copying deathstar_ms-37691.output to deathstar_ms-37691.output
tar: removing leading '/' from member names
Debug: Checking Namespace=default, Pod=ms-38964-5b647cdbd-ss8sx for Target File=deathstar_*.output
Namespace: default, Pod: ms-38964-5b647cdbd-ss8sx has the target files.
Copying deathstar_ms-38964.output to deathstar_ms-38964.output
tar: removing leading '/' from member names
Debug: Checking Namespace=default, Pod=ms-40147-cd867585-cx4kw for Target File=deathstar_*.output
Namespace: default, Pod: ms-40147-cd867585-cx4kw has the target files.
Copying deathstar_ms-40147.output to deathstar_ms-40147.output
tar: removing leading '/' from member names
Debug: Checking Namespace=default, Pod=ms-48118-ff7b99cc9-f59sj for Target File=deathstar_*.output
Namespace: default, Pod: ms-48118-ff7b99cc9-f59sj has the target files.
Copying deathstar_ms-48118.output to deathstar_ms-48118.output
tar: removing leading '/' from member names
Debug: Checking Namespace=default, Pod=ms-4829-669557b66c-mw6jw for Target File=deathstar_*.output
Namespace: default, Pod: ms-4829-669557b66c-mw6jw has the target files.
Copying deathstar_ms-4829.output to deathstar_ms-4829.output
tar: removing leading '/' from member names
Debug: Checking Namespace=default, Pod=ms-51685-79858c784f-trfrk for Target File=deathstar_*.output
Namespace: default, Pod: ms-51685-79858c784f-trfrk has the target files.
Copying deathstar_ms-51685.output to deathstar_ms-51685.output
tar: removing leading '/' from member names
Debug: Checking Namespace=default, Pod=ms-52379-57c6cdd54b-l9v6d for Target File=deathstar_*.output
Namespace: default, Pod: ms-52379-57c6cdd54b-l9v6d has the target files.
Copying deathstar_ms-52379.output to deathstar_ms-52379.output
tar: removing leading '/' from member names
Debug: Checking Namespace=default, Pod=ms-55394-6f999f5df9-h69vh for Target File=deathstar_*.output
Namespace: default, Pod: ms-55394-6f999f5df9-h69vh has the target files.
Copying deathstar_ms-55394.output to deathstar_ms-55394.output
tar: removing leading '/' from member names
Debug: Checking Namespace=default, Pod=ms-58436-59dd96f659-w59js for Target File=deathstar_*.output
Namespace: default, Pod: ms-58436-59dd96f659-w59js has the target files.
Copying deathstar_ms-58436.output to deathstar_ms-58436.output
tar: removing leading '/' from member names
Debug: Checking Namespace=default, Pod=ms-58772-68ff78c966-dkj9t for Target File=deathstar_*.output
Namespace: default, Pod: ms-58772-68ff78c966-dkj9t has the target files.
Copying deathstar_ms-58772.output to deathstar_ms-58772.output
tar: removing leading '/' from member names
Debug: Checking Namespace=default, Pod=ms-59962-756b895b58-c5989 for Target File=deathstar_*.output
Namespace: default, Pod: ms-59962-756b895b58-c5989 has the target files.
Copying deathstar_ms-59962.output to deathstar_ms-59962.output
tar: removing leading '/' from member names
Debug: Checking Namespace=default, Pod=ms-60061-68bd84bdcd-7dhmj for Target File=deathstar_*.output
Namespace: default, Pod: ms-60061-68bd84bdcd-7dhmj has the target files.
Copying deathstar_ms-60061.output to deathstar_ms-60061.output
tar: removing leading '/' from member names
Debug: Checking Namespace=default, Pod=ms-6323-974659fcd-pqqgm for Target File=deathstar_*.output
Namespace: default, Pod: ms-6323-974659fcd-pqqgm has the target files.
Copying deathstar_ms-6323.output to deathstar_ms-6323.output
tar: removing leading '/' from member names
Debug: Checking Namespace=default, Pod=ms-65741-65f588bcdf-8f82k for Target File=deathstar_*.output
Namespace: default, Pod: ms-65741-65f588bcdf-8f82k has the target files.
Copying deathstar_ms-65741.output to deathstar_ms-65741.output
tar: removing leading '/' from member names
Debug: Checking Namespace=default, Pod=ms-66473-79c66f8bff-j4vrg for Target File=deathstar_*.output
Namespace: default, Pod: ms-66473-79c66f8bff-j4vrg has the target files.
Copying deathstar_ms-66473.output to deathstar_ms-66473.output
tar: removing leading '/' from member names
Debug: Checking Namespace=default, Pod=ms-69188-65c548d4cb-5sfzd for Target File=deathstar_*.output
Namespace: default, Pod: ms-69188-65c548d4cb-5sfzd has the target files.
Copying deathstar_ms-69188.output to deathstar_ms-69188.output
tar: removing leading '/' from member names
Debug: Checking Namespace=default, Pod=ms-69614-794bd8475-gxttb for Target File=deathstar_*.output
Namespace: default, Pod: ms-69614-794bd8475-gxttb has the target files.
Copying deathstar_ms-69614.output to deathstar_ms-69614.output
tar: removing leading '/' from member names
Debug: Checking Namespace=default, Pod=ms-9081-567985788-m4xb6 for Target File=deathstar_*.output
Namespace: default, Pod: ms-9081-567985788-m4xb6 has the target files.
Copying deathstar_ms-9081.output to deathstar_ms-9081.output
tar: removing leading '/' from member names
Debug: Checking Namespace=default, Pod=nginx-web-server-56557f7cb7-rghzj for Target File=deathstar_*.output
Namespace: default, Pod: nginx-web-server-56557f7cb7-rghzj has the target files.
Copying deathstar_nginx-web-server.output to deathstar_nginx-web-server.output
tar: removing leading '/' from member names
Debug: Checking Namespace=default, Pod=unknown-6ddf9bd4b5-vt5tj for Target File=deathstar_*.output
Namespace: default, Pod: unknown-6ddf9bd4b5-vt5tj has the target files.
Copying deathstar_unknown.output to deathstar_unknown.output
tar: removing leading '/' from member names
