Deployments: ms-11070
ms-11285
ms-11512
ms-1278
ms-13873
ms-19953
ms-21883
ms-25124
ms-27421
ms-2827
ms-33719
ms-37691
ms-43309
ms-4354
ms-46825
ms-60236
ms-71771
ms-8052
ms-902
nginx-web-server
deployment "ms-11070" successfully rolled out
deployment "ms-11285" successfully rolled out
deployment "ms-11512" successfully rolled out
deployment "ms-1278" successfully rolled out
deployment "ms-13873" successfully rolled out
deployment "ms-19953" successfully rolled out
deployment "ms-21883" successfully rolled out
deployment "ms-25124" successfully rolled out
deployment "ms-27421" successfully rolled out
deployment "ms-2827" successfully rolled out
deployment "ms-33719" successfully rolled out
deployment "ms-37691" successfully rolled out
deployment "ms-43309" successfully rolled out
deployment "ms-4354" successfully rolled out
deployment "ms-46825" successfully rolled out
deployment "ms-60236" successfully rolled out
deployment "ms-71771" successfully rolled out
deployment "ms-8052" successfully rolled out
deployment "ms-902" successfully rolled out
deployment "nginx-web-server" successfully rolled out
ENTRY_POINT: nginx-web-server
SERVICE_A_URL: 10.96.117.76:50051
Capacity: 10000
Metadata: request-id={{.RequestNumber}}
Metadata: timestamp={{.TimestampUnix}}
Metadata: method=S_102000854
Charon Configurations:
[{INTERCEPT charon} {PRICE_UPDATE_RATE 20771us} {TOKEN_UPDATE_RATE 8366us} {LATENCY_THRESHOLD 5285us} {PRICE_STEP 62} {PRICE_STRATEGY proportional} {LAZY_UPDATE true} {RATE_LIMITING true} {LOAD_SHEDDING true} {CHARON_TRACK_PRICE false} {BREAKWATER_SLO 12500us} {BREAKWATER_A 0.001} {BREAKWATER_B 0.02} {BREAKWATER_CLIENT_EXPIRATION 10ms} {BREAKWATER_INITIAL_CREDIT 400} {BREAKWATER_LOAD_SHEDDING true} {BREAKWATER_RTT 1000us} {BREAKWATERD_SLO 12500us} {BREAKWATERD_A 0.001} {BREAKWATERD_B 0.02} {BREAKWATERD_CLIENT_EXPIRATION 10ms} {BREAKWATERD_INITIAL_CREDIT 400} {BREAKWATERD_LOAD_SHEDDING true} {BREAKWATERD_RTT 1000us} {DAGOR_QUEUING_THRESHOLD 2ms} {DAGOR_ALPHA 0.05} {DAGOR_BETA 0.01} {DAGOR_ADMISSION_LEVEL_UPDATE_INTERVAL 10ms} {DAGOR_UMAX 20}]

Summary:
  Count:	87116
  Total:	14.77 s
  Slowest:	855.14 ms
  Fastest:	38.95 ms
  Average:	89.75 ms
  Requests/sec:	5896.36

Response time histogram:
  38.953  [1]     |
  120.572 [72387] |∎∎∎∎∎∎∎∎∎∎∎∎∎∎∎∎∎∎∎∎∎∎∎∎∎∎∎∎∎∎∎∎∎∎∎∎∎∎∎∎
  202.190 [2699]  |∎
  283.808 [2059]  |∎
  365.426 [828]   |
  447.045 [1652]  |∎
  528.663 [1793]  |∎
  610.281 [436]   |
  691.899 [138]   |
  773.518 [50]    |
  855.136 [100]   |

Latency distribution:
  10 % in 41.74 ms 
  25 % in 51.00 ms 
  50 % in 64.56 ms 
  75 % in 83.19 ms 
  90 % in 152.20 ms 
  95 % in 370.90 ms 
  99 % in 520.68 ms 

Status code distribution:
  [OK]                  82143 responses   
  [ResourceExhausted]   4849 responses    
  [Canceled]            124 responses     

Error distribution:
  [435]    rpc error: code = ResourceExhausted desc = S_102000854 req dropped by ms-13873. Try again later.           
  [215]    rpc error: code = ResourceExhausted desc = S_102000854 req dropped by ms-60236. Try again later.           
  [1]      rpc error: code = ResourceExhausted desc = S_102000854 req dropped by ms-71771. Try again later.           
  [124]    rpc error: code = Canceled desc = grpc: the client connection is closing                                   
  [278]    rpc error: code = ResourceExhausted desc = S_102000854 req dropped by ms-25124. Try again later.           
  [3920]   rpc error: code = ResourceExhausted desc = S_102000854 req dropped by nginx-web-server. Try again later.   

Debug: Checking Namespace=default, Pod=ms-11070-7868c54f44-bqtmc for Target File=deathstar_*.output
Namespace: default, Pod: ms-11070-7868c54f44-bqtmc has the target files.
Copying deathstar_ms-11070.output to deathstar_ms-11070.output
tar: removing leading '/' from member names
Debug: Checking Namespace=default, Pod=ms-11285-67d597dc77-gx48x for Target File=deathstar_*.output
Namespace: default, Pod: ms-11285-67d597dc77-gx48x has the target files.
Copying deathstar_ms-11285.output to deathstar_ms-11285.output
tar: removing leading '/' from member names
Debug: Checking Namespace=default, Pod=ms-11512-75f8ddc45b-2mh2p for Target File=deathstar_*.output
Namespace: default, Pod: ms-11512-75f8ddc45b-2mh2p has the target files.
Copying deathstar_ms-11512.output to deathstar_ms-11512.output
tar: removing leading '/' from member names
Debug: Checking Namespace=default, Pod=ms-1278-85766ff6b8-xf9zb for Target File=deathstar_*.output
Namespace: default, Pod: ms-1278-85766ff6b8-xf9zb has the target files.
Copying deathstar_ms-1278.output to deathstar_ms-1278.output
tar: removing leading '/' from member names
Debug: Checking Namespace=default, Pod=ms-13873-85d7bb7b97-pxpgv for Target File=deathstar_*.output
Namespace: default, Pod: ms-13873-85d7bb7b97-pxpgv has the target files.
Copying deathstar_ms-13873.output to deathstar_ms-13873.output
tar: removing leading '/' from member names
Debug: Checking Namespace=default, Pod=ms-19953-68cc8998c5-q6gqr for Target File=deathstar_*.output
Namespace: default, Pod: ms-19953-68cc8998c5-q6gqr has the target files.
Copying deathstar_ms-19953.output to deathstar_ms-19953.output
tar: removing leading '/' from member names
Debug: Checking Namespace=default, Pod=ms-21883-f6c88c6d4-kkmtt for Target File=deathstar_*.output
Namespace: default, Pod: ms-21883-f6c88c6d4-kkmtt has the target files.
Copying deathstar_ms-21883.output to deathstar_ms-21883.output
tar: removing leading '/' from member names
Debug: Checking Namespace=default, Pod=ms-25124-77bd4446f5-9jvx7 for Target File=deathstar_*.output
Namespace: default, Pod: ms-25124-77bd4446f5-9jvx7 has the target files.
Copying deathstar_ms-25124.output to deathstar_ms-25124.output
tar: removing leading '/' from member names
Debug: Checking Namespace=default, Pod=ms-27421-8565974486-vqld2 for Target File=deathstar_*.output
Namespace: default, Pod: ms-27421-8565974486-vqld2 has the target files.
Copying deathstar_ms-27421.output to deathstar_ms-27421.output
tar: removing leading '/' from member names
Debug: Checking Namespace=default, Pod=ms-2827-5dcc6df4f4-njfsb for Target File=deathstar_*.output
Namespace: default, Pod: ms-2827-5dcc6df4f4-njfsb has the target files.
Copying deathstar_ms-2827.output to deathstar_ms-2827.output
tar: removing leading '/' from member names
Debug: Checking Namespace=default, Pod=ms-33719-6c455cf54c-sq49z for Target File=deathstar_*.output
Namespace: default, Pod: ms-33719-6c455cf54c-sq49z has the target files.
Copying deathstar_ms-33719.output to deathstar_ms-33719.output
tar: removing leading '/' from member names
Debug: Checking Namespace=default, Pod=ms-37691-b9bc44798-ctjkx for Target File=deathstar_*.output
Namespace: default, Pod: ms-37691-b9bc44798-ctjkx has the target files.
Copying deathstar_ms-37691.output to deathstar_ms-37691.output
tar: removing leading '/' from member names
Debug: Checking Namespace=default, Pod=ms-43309-54f758d465-9nvnp for Target File=deathstar_*.output
Namespace: default, Pod: ms-43309-54f758d465-9nvnp has the target files.
Copying deathstar_ms-43309.output to deathstar_ms-43309.output
tar: removing leading '/' from member names
Debug: Checking Namespace=default, Pod=ms-4354-669cfcbdf6-smpnr for Target File=deathstar_*.output
Namespace: default, Pod: ms-4354-669cfcbdf6-smpnr has the target files.
Copying deathstar_ms-4354.output to deathstar_ms-4354.output
tar: removing leading '/' from member names
Debug: Checking Namespace=default, Pod=ms-46825-58c684559d-kntbq for Target File=deathstar_*.output
Namespace: default, Pod: ms-46825-58c684559d-kntbq has the target files.
Copying deathstar_ms-46825.output to deathstar_ms-46825.output
tar: removing leading '/' from member names
Debug: Checking Namespace=default, Pod=ms-60236-64866cf49-r7zp7 for Target File=deathstar_*.output
Namespace: default, Pod: ms-60236-64866cf49-r7zp7 has the target files.
Copying deathstar_ms-60236.output to deathstar_ms-60236.output
tar: removing leading '/' from member names
Debug: Checking Namespace=default, Pod=ms-71771-567ddbdd95-v6z79 for Target File=deathstar_*.output
Namespace: default, Pod: ms-71771-567ddbdd95-v6z79 has the target files.
Copying deathstar_ms-71771.output to deathstar_ms-71771.output
tar: removing leading '/' from member names
Debug: Checking Namespace=default, Pod=ms-8052-b995968dc-5q4qm for Target File=deathstar_*.output
Namespace: default, Pod: ms-8052-b995968dc-5q4qm has the target files.
Copying deathstar_ms-8052.output to deathstar_ms-8052.output
tar: removing leading '/' from member names
Debug: Checking Namespace=default, Pod=ms-902-5744544f85-rd5ql for Target File=deathstar_*.output
Namespace: default, Pod: ms-902-5744544f85-rd5ql has the target files.
Copying deathstar_ms-902.output to deathstar_ms-902.output
tar: removing leading '/' from member names
Debug: Checking Namespace=default, Pod=nginx-web-server-56557f7cb7-njcmj for Target File=deathstar_*.output
Namespace: default, Pod: nginx-web-server-56557f7cb7-njcmj has the target files.
Copying deathstar_nginx-web-server.output to deathstar_nginx-web-server.output
tar: removing leading '/' from member names
