Deployments: ms-10090
ms-13558
ms-18330
ms-19585
ms-20172
ms-22893
ms-24009
ms-24959
ms-26622
ms-27421
ms-29373
ms-32301
ms-3289
ms-37691
ms-38964
ms-40147
ms-48118
ms-4829
ms-51685
ms-52379
ms-55394
ms-58436
ms-58772
ms-59962
ms-60061
ms-6323
ms-65741
ms-66473
ms-69188
ms-69614
ms-9081
nginx-web-server
unknown
deployment "ms-10090" successfully rolled out
deployment "ms-13558" successfully rolled out
deployment "ms-18330" successfully rolled out
deployment "ms-19585" successfully rolled out
deployment "ms-20172" successfully rolled out
deployment "ms-22893" successfully rolled out
deployment "ms-24009" successfully rolled out
deployment "ms-24959" successfully rolled out
deployment "ms-26622" successfully rolled out
deployment "ms-27421" successfully rolled out
deployment "ms-29373" successfully rolled out
deployment "ms-32301" successfully rolled out
deployment "ms-3289" successfully rolled out
deployment "ms-37691" successfully rolled out
deployment "ms-38964" successfully rolled out
deployment "ms-40147" successfully rolled out
deployment "ms-48118" successfully rolled out
deployment "ms-4829" successfully rolled out
deployment "ms-51685" successfully rolled out
deployment "ms-52379" successfully rolled out
deployment "ms-55394" successfully rolled out
deployment "ms-58436" successfully rolled out
deployment "ms-58772" successfully rolled out
deployment "ms-59962" successfully rolled out
deployment "ms-60061" successfully rolled out
deployment "ms-6323" successfully rolled out
deployment "ms-65741" successfully rolled out
deployment "ms-66473" successfully rolled out
deployment "ms-69188" successfully rolled out
deployment "ms-69614" successfully rolled out
deployment "ms-9081" successfully rolled out
deployment "nginx-web-server" successfully rolled out
deployment "unknown" successfully rolled out
ENTRY_POINT: nginx-web-server
SERVICE_A_URL: 10.105.166.125:50051
Capacity: 10000
Metadata: request-id={{.RequestNumber}}
Metadata: timestamp={{.TimestampUnix}}
Metadata: method=S_149998854
Charon Configurations:
[{INTERCEPT breakwaterd} {PRICE_UPDATE_RATE 10ms} {TOKEN_UPDATE_RATE 10ms} {LATENCY_THRESHOLD 100us} {PRICE_STEP 0} {PRICE_STRATEGY step} {LAZY_UPDATE false} {RATE_LIMITING true} {LOAD_SHEDDING true} {CHARON_TRACK_PRICE false} {BREAKWATER_SLO 36555us} {BREAKWATER_A 14.443613866507166} {BREAKWATER_B 4.156379136405561} {BREAKWATER_CLIENT_EXPIRATION 2728us} {BREAKWATER_INITIAL_CREDIT 231} {BREAKWATER_LOAD_SHEDDING true} {BREAKWATER_RTT 5133us} {BREAKWATERD_SLO 12612us} {BREAKWATERD_A 7.848608880176093} {BREAKWATERD_B 1.218272303434406} {BREAKWATERD_CLIENT_EXPIRATION 61142us} {BREAKWATERD_INITIAL_CREDIT 4735} {BREAKWATERD_LOAD_SHEDDING true} {BREAKWATERD_RTT 10486us} {DAGOR_QUEUING_THRESHOLD 2ms} {DAGOR_ALPHA 0.05} {DAGOR_BETA 0.01} {DAGOR_ADMISSION_LEVEL_UPDATE_INTERVAL 10ms} {DAGOR_UMAX 20}]

Summary:
  Count:	93243
  Total:	24.94 s
  Slowest:	859.71 ms
  Fastest:	111.57 ms
  Average:	813.74 ms
  Requests/sec:	3738.94

Response time histogram:
  111.566 [1]     |
  186.381 [10810] |∎∎∎∎∎∎∎∎∎∎∎∎∎∎∎∎∎∎∎∎∎∎∎∎∎∎∎∎∎∎∎∎∎∎∎∎∎∎∎∎
  261.196 [684]   |∎∎∎
  336.010 [175]   |∎
  410.825 [0]     |
  485.640 [0]     |
  560.454 [0]     |
  635.269 [0]     |
  710.084 [0]     |
  784.898 [0]     |
  859.713 [29]    |

Latency distribution:
  10 % in 113.19 ms 
  25 % in 114.39 ms 
  50 % in 116.74 ms 
  75 % in 121.87 ms 
  90 % in 170.41 ms 
  95 % in 214.25 ms 
  99 % in 266.48 ms 

Status code distribution:
  [OK]                  11699 responses   
  [ResourceExhausted]   4230 responses    
  [DeadlineExceeded]    69771 responses   
  [Canceled]            7543 responses    

Error distribution:
  [1254]    rpc error: code = ResourceExhausted desc = Client id 61e050a9-41a0-45ed-9d92-380512119204 request expired in queue.   
  [2874]    rpc error: code = ResourceExhausted desc = Server-side queuing delay is beyond AQM threshold                          
  [102]     rpc error: code = ResourceExhausted desc = Client id c272c5f8-fc45-41cf-8753-be8164fcb56d request expired in queue.   
  [69771]   rpc error: code = DeadlineExceeded desc = context deadline exceeded                                                   
  [7543]    rpc error: code = Canceled desc = grpc: the client connection is closing                                              

Debug: Checking Namespace=default, Pod=ms-10090-6454f977fd-q9tmx for Target File=deathstar_*.output
Namespace: default, Pod: ms-10090-6454f977fd-q9tmx has the target files.
Copying deathstar_ms-10090.output to deathstar_ms-10090.output
tar: removing leading '/' from member names
Debug: Checking Namespace=default, Pod=ms-13558-b48bb5d9d-rw9zj for Target File=deathstar_*.output
Namespace: default, Pod: ms-13558-b48bb5d9d-rw9zj has the target files.
Copying deathstar_ms-13558.output to deathstar_ms-13558.output
tar: removing leading '/' from member names
Debug: Checking Namespace=default, Pod=ms-18330-759d9cf49c-pdmc5 for Target File=deathstar_*.output
Namespace: default, Pod: ms-18330-759d9cf49c-pdmc5 has the target files.
Copying deathstar_ms-18330.output to deathstar_ms-18330.output
tar: removing leading '/' from member names
Debug: Checking Namespace=default, Pod=ms-19585-6f995cfcbf-l272s for Target File=deathstar_*.output
Namespace: default, Pod: ms-19585-6f995cfcbf-l272s has the target files.
Copying deathstar_ms-19585.output to deathstar_ms-19585.output
tar: removing leading '/' from member names
Debug: Checking Namespace=default, Pod=ms-20172-59d5485464-gm8k2 for Target File=deathstar_*.output
Namespace: default, Pod: ms-20172-59d5485464-gm8k2 has the target files.
Copying deathstar_ms-20172.output to deathstar_ms-20172.output
tar: removing leading '/' from member names
Debug: Checking Namespace=default, Pod=ms-22893-576fd5f9f6-kzhdh for Target File=deathstar_*.output
Namespace: default, Pod: ms-22893-576fd5f9f6-kzhdh has the target files.
Copying deathstar_ms-22893.output to deathstar_ms-22893.output
tar: removing leading '/' from member names
Debug: Checking Namespace=default, Pod=ms-24009-67dbf5b976-cnkxt for Target File=deathstar_*.output
Namespace: default, Pod: ms-24009-67dbf5b976-cnkxt has the target files.
Copying deathstar_ms-24009.output to deathstar_ms-24009.output
tar: removing leading '/' from member names
Debug: Checking Namespace=default, Pod=ms-24959-99f8bbf9-h5hkv for Target File=deathstar_*.output
Namespace: default, Pod: ms-24959-99f8bbf9-h5hkv has the target files.
Copying deathstar_ms-24959.output to deathstar_ms-24959.output
tar: removing leading '/' from member names
Debug: Checking Namespace=default, Pod=ms-26622-66fdf7d64f-hrrlb for Target File=deathstar_*.output
Namespace: default, Pod: ms-26622-66fdf7d64f-hrrlb has the target files.
Copying deathstar_ms-26622.output to deathstar_ms-26622.output
tar: removing leading '/' from member names
Debug: Checking Namespace=default, Pod=ms-27421-64f549855c-4m7pw for Target File=deathstar_*.output
Namespace: default, Pod: ms-27421-64f549855c-4m7pw has the target files.
Copying deathstar_ms-27421.output to deathstar_ms-27421.output
tar: removing leading '/' from member names
Debug: Checking Namespace=default, Pod=ms-29373-8467f7db44-bqkx9 for Target File=deathstar_*.output
Namespace: default, Pod: ms-29373-8467f7db44-bqkx9 has the target files.
Copying deathstar_ms-29373.output to deathstar_ms-29373.output
tar: removing leading '/' from member names
Debug: Checking Namespace=default, Pod=ms-32301-c5654bbc5-htfgt for Target File=deathstar_*.output
Namespace: default, Pod: ms-32301-c5654bbc5-htfgt has the target files.
Copying deathstar_ms-32301.output to deathstar_ms-32301.output
tar: removing leading '/' from member names
Debug: Checking Namespace=default, Pod=ms-3289-587dbd96bf-zft5b for Target File=deathstar_*.output
Namespace: default, Pod: ms-3289-587dbd96bf-zft5b has the target files.
Copying deathstar_ms-3289.output to deathstar_ms-3289.output
tar: removing leading '/' from member names
Debug: Checking Namespace=default, Pod=ms-37691-6dc6cd6744-vnjxz for Target File=deathstar_*.output
Namespace: default, Pod: ms-37691-6dc6cd6744-vnjxz has the target files.
Copying deathstar_ms-37691.output to deathstar_ms-37691.output
tar: removing leading '/' from member names
Debug: Checking Namespace=default, Pod=ms-38964-5b647cdbd-mpvcg for Target File=deathstar_*.output
Namespace: default, Pod: ms-38964-5b647cdbd-mpvcg has the target files.
Copying deathstar_ms-38964.output to deathstar_ms-38964.output
tar: removing leading '/' from member names
Debug: Checking Namespace=default, Pod=ms-40147-cd867585-qhdhv for Target File=deathstar_*.output
Namespace: default, Pod: ms-40147-cd867585-qhdhv has the target files.
Copying deathstar_ms-40147.output to deathstar_ms-40147.output
tar: removing leading '/' from member names
Debug: Checking Namespace=default, Pod=ms-48118-ff7b99cc9-nqct2 for Target File=deathstar_*.output
Namespace: default, Pod: ms-48118-ff7b99cc9-nqct2 has the target files.
Copying deathstar_ms-48118.output to deathstar_ms-48118.output
tar: removing leading '/' from member names
Debug: Checking Namespace=default, Pod=ms-4829-669557b66c-xjwqt for Target File=deathstar_*.output
Namespace: default, Pod: ms-4829-669557b66c-xjwqt has the target files.
Copying deathstar_ms-4829.output to deathstar_ms-4829.output
tar: removing leading '/' from member names
Debug: Checking Namespace=default, Pod=ms-51685-79858c784f-2h5xq for Target File=deathstar_*.output
Namespace: default, Pod: ms-51685-79858c784f-2h5xq has the target files.
Copying deathstar_ms-51685.output to deathstar_ms-51685.output
tar: removing leading '/' from member names
Debug: Checking Namespace=default, Pod=ms-52379-57c6cdd54b-flm7z for Target File=deathstar_*.output
Namespace: default, Pod: ms-52379-57c6cdd54b-flm7z has the target files.
Copying deathstar_ms-52379.output to deathstar_ms-52379.output
tar: removing leading '/' from member names
Debug: Checking Namespace=default, Pod=ms-55394-6f999f5df9-wr9mh for Target File=deathstar_*.output
Namespace: default, Pod: ms-55394-6f999f5df9-wr9mh has the target files.
Copying deathstar_ms-55394.output to deathstar_ms-55394.output
tar: removing leading '/' from member names
Debug: Checking Namespace=default, Pod=ms-58436-59dd96f659-hqzqg for Target File=deathstar_*.output
Namespace: default, Pod: ms-58436-59dd96f659-hqzqg has the target files.
Copying deathstar_ms-58436.output to deathstar_ms-58436.output
tar: removing leading '/' from member names
Debug: Checking Namespace=default, Pod=ms-58772-68ff78c966-kz4lq for Target File=deathstar_*.output
Namespace: default, Pod: ms-58772-68ff78c966-kz4lq has the target files.
Copying deathstar_ms-58772.output to deathstar_ms-58772.output
tar: removing leading '/' from member names
Debug: Checking Namespace=default, Pod=ms-59962-756b895b58-bp692 for Target File=deathstar_*.output
Namespace: default, Pod: ms-59962-756b895b58-bp692 has the target files.
Copying deathstar_ms-59962.output to deathstar_ms-59962.output
tar: removing leading '/' from member names
Debug: Checking Namespace=default, Pod=ms-60061-68bd84bdcd-pwd8b for Target File=deathstar_*.output
Namespace: default, Pod: ms-60061-68bd84bdcd-pwd8b has the target files.
Copying deathstar_ms-60061.output to deathstar_ms-60061.output
tar: removing leading '/' from member names
Debug: Checking Namespace=default, Pod=ms-6323-974659fcd-r57r9 for Target File=deathstar_*.output
Namespace: default, Pod: ms-6323-974659fcd-r57r9 has the target files.
Copying deathstar_ms-6323.output to deathstar_ms-6323.output
tar: removing leading '/' from member names
Debug: Checking Namespace=default, Pod=ms-65741-65f588bcdf-l8x5b for Target File=deathstar_*.output
Namespace: default, Pod: ms-65741-65f588bcdf-l8x5b has the target files.
Copying deathstar_ms-65741.output to deathstar_ms-65741.output
tar: removing leading '/' from member names
Debug: Checking Namespace=default, Pod=ms-66473-79c66f8bff-57qzq for Target File=deathstar_*.output
Namespace: default, Pod: ms-66473-79c66f8bff-57qzq has the target files.
Copying deathstar_ms-66473.output to deathstar_ms-66473.output
tar: removing leading '/' from member names
Debug: Checking Namespace=default, Pod=ms-69188-65c548d4cb-4mchr for Target File=deathstar_*.output
Namespace: default, Pod: ms-69188-65c548d4cb-4mchr has the target files.
Copying deathstar_ms-69188.output to deathstar_ms-69188.output
tar: removing leading '/' from member names
Debug: Checking Namespace=default, Pod=ms-69614-794bd8475-gb7qg for Target File=deathstar_*.output
Namespace: default, Pod: ms-69614-794bd8475-gb7qg has the target files.
Copying deathstar_ms-69614.output to deathstar_ms-69614.output
tar: removing leading '/' from member names
Debug: Checking Namespace=default, Pod=ms-9081-567985788-dw6vp for Target File=deathstar_*.output
Namespace: default, Pod: ms-9081-567985788-dw6vp has the target files.
Copying deathstar_ms-9081.output to deathstar_ms-9081.output
tar: removing leading '/' from member names
Debug: Checking Namespace=default, Pod=nginx-web-server-56557f7cb7-cm7j8 for Target File=deathstar_*.output
Namespace: default, Pod: nginx-web-server-56557f7cb7-cm7j8 has the target files.
Copying deathstar_nginx-web-server.output to deathstar_nginx-web-server.output
tar: removing leading '/' from member names
Debug: Checking Namespace=default, Pod=unknown-6ddf9bd4b5-8hrfh for Target File=deathstar_*.output
Namespace: default, Pod: unknown-6ddf9bd4b5-8hrfh has the target files.
Copying deathstar_unknown.output to deathstar_unknown.output
tar: removing leading '/' from member names
