Deployments: ms-25648
ms-27283
ms-27421
ms-2827
ms-34756
ms-36144
ms-37691
ms-41385
ms-41914
ms-46825
ms-54016
ms-55339
ms-58269
ms-58845
ms-68328
ms-70297
nginx-web-server
unknown
deployment "ms-25648" successfully rolled out
deployment "ms-27283" successfully rolled out
deployment "ms-27421" successfully rolled out
deployment "ms-2827" successfully rolled out
deployment "ms-34756" successfully rolled out
deployment "ms-36144" successfully rolled out
deployment "ms-37691" successfully rolled out
deployment "ms-41385" successfully rolled out
deployment "ms-41914" successfully rolled out
deployment "ms-46825" successfully rolled out
deployment "ms-54016" successfully rolled out
deployment "ms-55339" successfully rolled out
deployment "ms-58269" successfully rolled out
deployment "ms-58845" successfully rolled out
deployment "ms-68328" successfully rolled out
deployment "ms-70297" successfully rolled out
deployment "nginx-web-server" successfully rolled out
deployment "unknown" successfully rolled out
ENTRY_POINT: nginx-web-server
SERVICE_A_URL: 10.106.202.79:50051
Capacity: 10000
Metadata: method=S_161142529
Metadata: request-id={{.RequestNumber}}
Metadata: timestamp={{.TimestampUnix}}
Charon Configurations:
[{INTERCEPT breakwater} {PRICE_UPDATE_RATE 10ms} {TOKEN_UPDATE_RATE 10ms} {LATENCY_THRESHOLD 100us} {PRICE_STEP 0} {PRICE_STRATEGY step} {LAZY_UPDATE false} {RATE_LIMITING true} {LOAD_SHEDDING true} {CHARON_TRACK_PRICE false} {BREAKWATER_SLO 5384us} {BREAKWATER_A 5.755506771726974} {BREAKWATER_B 0.26005714423655535} {BREAKWATER_CLIENT_EXPIRATION 96us} {BREAKWATER_INITIAL_CREDIT 1357} {BREAKWATER_LOAD_SHEDDING true} {BREAKWATER_RTT 4232us} {BREAKWATERD_SLO 12500us} {BREAKWATERD_A 0.001} {BREAKWATERD_B 0.02} {BREAKWATERD_CLIENT_EXPIRATION 10ms} {BREAKWATERD_INITIAL_CREDIT 400} {BREAKWATERD_LOAD_SHEDDING true} {BREAKWATERD_RTT 1000us} {DAGOR_QUEUING_THRESHOLD 2ms} {DAGOR_ALPHA 0.05} {DAGOR_BETA 0.01} {DAGOR_ADMISSION_LEVEL_UPDATE_INTERVAL 10ms} {DAGOR_UMAX 20}]

Summary:
  Count:	111616
  Total:	14.84 s
  Slowest:	899.88 ms
  Fastest:	65.12 ms
  Average:	250.38 ms
  Requests/sec:	7519.35

Response time histogram:
  65.118  [1]     |
  148.594 [18047] |∎∎∎∎∎∎∎∎∎∎∎∎∎∎∎∎∎∎∎∎∎∎∎∎∎∎∎∎∎∎
  232.070 [16760] |∎∎∎∎∎∎∎∎∎∎∎∎∎∎∎∎∎∎∎∎∎∎∎∎∎∎∎∎
  315.546 [24364] |∎∎∎∎∎∎∎∎∎∎∎∎∎∎∎∎∎∎∎∎∎∎∎∎∎∎∎∎∎∎∎∎∎∎∎∎∎∎∎∎
  399.022 [21340] |∎∎∎∎∎∎∎∎∎∎∎∎∎∎∎∎∎∎∎∎∎∎∎∎∎∎∎∎∎∎∎∎∎∎∎
  482.498 [10979] |∎∎∎∎∎∎∎∎∎∎∎∎∎∎∎∎∎∎
  565.974 [4976]  |∎∎∎∎∎∎∎∎
  649.450 [1544]  |∎∎∎
  732.925 [328]   |∎
  816.401 [55]    |
  899.877 [56]    |

Latency distribution:
  10 % in 69.05 ms 
  25 % in 189.16 ms 
  50 % in 280.61 ms 
  75 % in 369.87 ms 
  90 % in 451.07 ms 
  95 % in 507.94 ms 
  99 % in 608.19 ms 

Status code distribution:
  [OK]                  98450 responses   
  [ResourceExhausted]   11042 responses   
  [Canceled]            2124 responses    

Error distribution:
  [2124]    rpc error: code = Canceled desc = grpc: the client connection is closing                       
  [11042]   rpc error: code = ResourceExhausted desc = Server-side queuing delay is beyond AQM threshold   

Debug: Checking Namespace=default, Pod=ms-25648-86cc47d8bd-58ls8 for Target File=deathstar_*.output
Namespace: default, Pod: ms-25648-86cc47d8bd-58ls8 has the target files.
Copying deathstar_ms-25648.output to deathstar_ms-25648.output
tar: removing leading '/' from member names
Debug: Checking Namespace=default, Pod=ms-27283-7cb76dd56d-5jzlg for Target File=deathstar_*.output
Namespace: default, Pod: ms-27283-7cb76dd56d-5jzlg has the target files.
Copying deathstar_ms-27283.output to deathstar_ms-27283.output
tar: removing leading '/' from member names
Debug: Checking Namespace=default, Pod=ms-27421-64f549855c-zpj7t for Target File=deathstar_*.output
Namespace: default, Pod: ms-27421-64f549855c-zpj7t has the target files.
Copying deathstar_ms-27421.output to deathstar_ms-27421.output
tar: removing leading '/' from member names
Debug: Checking Namespace=default, Pod=ms-2827-565cbcd7b-djf6b for Target File=deathstar_*.output
Namespace: default, Pod: ms-2827-565cbcd7b-djf6b has the target files.
Copying deathstar_ms-2827.output to deathstar_ms-2827.output
tar: removing leading '/' from member names
Debug: Checking Namespace=default, Pod=ms-34756-7c45d5bcc-xcn88 for Target File=deathstar_*.output
Namespace: default, Pod: ms-34756-7c45d5bcc-xcn88 has the target files.
Copying deathstar_ms-34756.output to deathstar_ms-34756.output
tar: removing leading '/' from member names
Debug: Checking Namespace=default, Pod=ms-36144-7bf7cbfff6-f6rzl for Target File=deathstar_*.output
Namespace: default, Pod: ms-36144-7bf7cbfff6-f6rzl has the target files.
Copying deathstar_ms-36144.output to deathstar_ms-36144.output
tar: removing leading '/' from member names
Debug: Checking Namespace=default, Pod=ms-37691-6f7cbf7c5-ztpx8 for Target File=deathstar_*.output
Namespace: default, Pod: ms-37691-6f7cbf7c5-ztpx8 has the target files.
Copying deathstar_ms-37691.output to deathstar_ms-37691.output
tar: removing leading '/' from member names
Debug: Checking Namespace=default, Pod=ms-41385-6bc4f5d4fc-g68vm for Target File=deathstar_*.output
Namespace: default, Pod: ms-41385-6bc4f5d4fc-g68vm has the target files.
Copying deathstar_ms-41385.output to deathstar_ms-41385.output
tar: removing leading '/' from member names
Debug: Checking Namespace=default, Pod=ms-41914-5555dd8d48-nm79j for Target File=deathstar_*.output
Namespace: default, Pod: ms-41914-5555dd8d48-nm79j has the target files.
Copying deathstar_ms-41914.output to deathstar_ms-41914.output
tar: removing leading '/' from member names
Debug: Checking Namespace=default, Pod=ms-46825-58c684559d-dwrkr for Target File=deathstar_*.output
Namespace: default, Pod: ms-46825-58c684559d-dwrkr has the target files.
Copying deathstar_ms-46825.output to deathstar_ms-46825.output
tar: removing leading '/' from member names
Debug: Checking Namespace=default, Pod=ms-54016-5665fbcb8d-zrzf5 for Target File=deathstar_*.output
Namespace: default, Pod: ms-54016-5665fbcb8d-zrzf5 has the target files.
Copying deathstar_ms-54016.output to deathstar_ms-54016.output
tar: removing leading '/' from member names
Debug: Checking Namespace=default, Pod=ms-55339-5b545b67bb-tgrpv for Target File=deathstar_*.output
Namespace: default, Pod: ms-55339-5b545b67bb-tgrpv has the target files.
Copying deathstar_ms-55339.output to deathstar_ms-55339.output
tar: removing leading '/' from member names
Debug: Checking Namespace=default, Pod=ms-58269-8c4794c6c-97ms2 for Target File=deathstar_*.output
Namespace: default, Pod: ms-58269-8c4794c6c-97ms2 has the target files.
Copying deathstar_ms-58269.output to deathstar_ms-58269.output
tar: removing leading '/' from member names
Debug: Checking Namespace=default, Pod=ms-58845-5bc6f9d8df-zjzxm for Target File=deathstar_*.output
Namespace: default, Pod: ms-58845-5bc6f9d8df-zjzxm has the target files.
Copying deathstar_ms-58845.output to deathstar_ms-58845.output
tar: removing leading '/' from member names
Debug: Checking Namespace=default, Pod=ms-68328-5866fd45b7-8rr9f for Target File=deathstar_*.output
Namespace: default, Pod: ms-68328-5866fd45b7-8rr9f has the target files.
Copying deathstar_ms-68328.output to deathstar_ms-68328.output
tar: removing leading '/' from member names
Debug: Checking Namespace=default, Pod=ms-70297-868876bcdb-5ttbn for Target File=deathstar_*.output
Namespace: default, Pod: ms-70297-868876bcdb-5ttbn has the target files.
Copying deathstar_ms-70297.output to deathstar_ms-70297.output
tar: removing leading '/' from member names
Debug: Checking Namespace=default, Pod=nginx-web-server-56557f7cb7-zsdrb for Target File=deathstar_*.output
Namespace: default, Pod: nginx-web-server-56557f7cb7-zsdrb has the target files.
Copying deathstar_nginx-web-server.output to deathstar_nginx-web-server.output
tar: removing leading '/' from member names
Debug: Checking Namespace=default, Pod=unknown-57ddd65965-79r2r for Target File=deathstar_*.output
Namespace: default, Pod: unknown-57ddd65965-79r2r has the target files.
Copying deathstar_unknown.output to deathstar_unknown.output
tar: removing leading '/' from member names
