Deployments: ms-25648
ms-27283
ms-27421
ms-2827
ms-34756
ms-36144
ms-37691
ms-41385
ms-41914
ms-46825
ms-54016
ms-55339
ms-58269
ms-58845
ms-68328
ms-70297
nginx-web-server
unknown
deployment "ms-25648" successfully rolled out
deployment "ms-27283" successfully rolled out
deployment "ms-27421" successfully rolled out
deployment "ms-2827" successfully rolled out
deployment "ms-34756" successfully rolled out
deployment "ms-36144" successfully rolled out
deployment "ms-37691" successfully rolled out
deployment "ms-41385" successfully rolled out
deployment "ms-41914" successfully rolled out
deployment "ms-46825" successfully rolled out
deployment "ms-54016" successfully rolled out
deployment "ms-55339" successfully rolled out
deployment "ms-58269" successfully rolled out
deployment "ms-58845" successfully rolled out
deployment "ms-68328" successfully rolled out
deployment "ms-70297" successfully rolled out
deployment "nginx-web-server" successfully rolled out
deployment "unknown" successfully rolled out
ENTRY_POINT: nginx-web-server
SERVICE_A_URL: 10.105.63.32:50051
Capacity: 10000
Metadata: request-id={{.RequestNumber}}
Metadata: timestamp={{.TimestampUnix}}
Metadata: method=S_161142529
Charon Configurations:
[{INTERCEPT charon} {PRICE_UPDATE_RATE 10089us} {TOKEN_UPDATE_RATE 21077us} {LATENCY_THRESHOLD 24042us} {PRICE_STEP 145} {PRICE_STRATEGY proportional} {LAZY_UPDATE true} {RATE_LIMITING true} {LOAD_SHEDDING true} {CHARON_TRACK_PRICE false} {BREAKWATER_SLO 12500us} {BREAKWATER_A 0.001} {BREAKWATER_B 0.02} {BREAKWATER_CLIENT_EXPIRATION 10ms} {BREAKWATER_INITIAL_CREDIT 400} {BREAKWATER_LOAD_SHEDDING true} {BREAKWATER_RTT 1000us} {BREAKWATERD_SLO 12500us} {BREAKWATERD_A 0.001} {BREAKWATERD_B 0.02} {BREAKWATERD_CLIENT_EXPIRATION 10ms} {BREAKWATERD_INITIAL_CREDIT 400} {BREAKWATERD_LOAD_SHEDDING true} {BREAKWATERD_RTT 1000us} {DAGOR_QUEUING_THRESHOLD 2ms} {DAGOR_ALPHA 0.05} {DAGOR_BETA 0.01} {DAGOR_ADMISSION_LEVEL_UPDATE_INTERVAL 10ms} {DAGOR_UMAX 20}]

Summary:
  Count:	92881
  Total:	14.81 s
  Slowest:	913.39 ms
  Fastest:	65.01 ms
  Average:	148.59 ms
  Requests/sec:	6270.50

Response time histogram:
  65.007  [1]     |
  149.846 [47657] |∎∎∎∎∎∎∎∎∎∎∎∎∎∎∎∎∎∎∎∎∎∎∎∎∎∎∎∎∎∎∎∎∎∎∎∎∎∎∎∎
  234.684 [32156] |∎∎∎∎∎∎∎∎∎∎∎∎∎∎∎∎∎∎∎∎∎∎∎∎∎∎∎
  319.523 [7525]  |∎∎∎∎∎∎
  404.362 [1046]  |∎
  489.201 [88]    |
  574.039 [139]   |
  658.878 [10]    |
  743.717 [3]     |
  828.556 [65]    |
  913.394 [97]    |

Latency distribution:
  10 % in 68.64 ms 
  25 % in 113.46 ms 
  50 % in 145.24 ms 
  75 % in 184.46 ms 
  90 % in 235.28 ms 
  95 % in 271.70 ms 
  99 % in 338.56 ms 

Status code distribution:
  [Canceled]            514 responses     
  [OK]                  88787 responses   
  [ResourceExhausted]   3580 responses    

Error distribution:
  [514]    rpc error: code = Canceled desc = grpc: the client connection is closing                                   
  [315]    rpc error: code = ResourceExhausted desc = S_161142529 req dropped by ms-36144. Try again later.           
  [296]    rpc error: code = ResourceExhausted desc = S_161142529 req dropped by ms-27283. Try again later.           
  [2533]   rpc error: code = ResourceExhausted desc = S_161142529 req dropped by nginx-web-server. Try again later.   
  [334]    rpc error: code = ResourceExhausted desc = S_161142529 req dropped by unknown. Try again later.            
  [102]    rpc error: code = ResourceExhausted desc = S_161142529 req dropped by ms-41385. Try again later.           

Debug: Checking Namespace=default, Pod=ms-25648-86cc47d8bd-mdd9k for Target File=deathstar_*.output
Namespace: default, Pod: ms-25648-86cc47d8bd-mdd9k has the target files.
Copying deathstar_ms-25648.output to deathstar_ms-25648.output
tar: removing leading '/' from member names
Debug: Checking Namespace=default, Pod=ms-27283-7cb76dd56d-glfzt for Target File=deathstar_*.output
Namespace: default, Pod: ms-27283-7cb76dd56d-glfzt has the target files.
Copying deathstar_ms-27283.output to deathstar_ms-27283.output
tar: removing leading '/' from member names
Debug: Checking Namespace=default, Pod=ms-27421-64f549855c-cxcnl for Target File=deathstar_*.output
Namespace: default, Pod: ms-27421-64f549855c-cxcnl has the target files.
Copying deathstar_ms-27421.output to deathstar_ms-27421.output
tar: removing leading '/' from member names
Debug: Checking Namespace=default, Pod=ms-2827-565cbcd7b-vlsbj for Target File=deathstar_*.output
Namespace: default, Pod: ms-2827-565cbcd7b-vlsbj has the target files.
Copying deathstar_ms-2827.output to deathstar_ms-2827.output
tar: removing leading '/' from member names
Debug: Checking Namespace=default, Pod=ms-34756-7c45d5bcc-5tvx7 for Target File=deathstar_*.output
Namespace: default, Pod: ms-34756-7c45d5bcc-5tvx7 has the target files.
Copying deathstar_ms-34756.output to deathstar_ms-34756.output
tar: removing leading '/' from member names
Debug: Checking Namespace=default, Pod=ms-36144-7bf7cbfff6-6ck6w for Target File=deathstar_*.output
Namespace: default, Pod: ms-36144-7bf7cbfff6-6ck6w has the target files.
Copying deathstar_ms-36144.output to deathstar_ms-36144.output
tar: removing leading '/' from member names
Debug: Checking Namespace=default, Pod=ms-37691-6f7cbf7c5-lg75t for Target File=deathstar_*.output
Namespace: default, Pod: ms-37691-6f7cbf7c5-lg75t has the target files.
Copying deathstar_ms-37691.output to deathstar_ms-37691.output
tar: removing leading '/' from member names
Debug: Checking Namespace=default, Pod=ms-41385-6bc4f5d4fc-pxbvb for Target File=deathstar_*.output
Namespace: default, Pod: ms-41385-6bc4f5d4fc-pxbvb has the target files.
Copying deathstar_ms-41385.output to deathstar_ms-41385.output
tar: removing leading '/' from member names
Debug: Checking Namespace=default, Pod=ms-41914-5555dd8d48-c5rm5 for Target File=deathstar_*.output
Namespace: default, Pod: ms-41914-5555dd8d48-c5rm5 has the target files.
Copying deathstar_ms-41914.output to deathstar_ms-41914.output
tar: removing leading '/' from member names
Debug: Checking Namespace=default, Pod=ms-46825-58c684559d-4jx8x for Target File=deathstar_*.output
Namespace: default, Pod: ms-46825-58c684559d-4jx8x has the target files.
Copying deathstar_ms-46825.output to deathstar_ms-46825.output
tar: removing leading '/' from member names
Debug: Checking Namespace=default, Pod=ms-54016-5665fbcb8d-2k8hh for Target File=deathstar_*.output
Namespace: default, Pod: ms-54016-5665fbcb8d-2k8hh has the target files.
Copying deathstar_ms-54016.output to deathstar_ms-54016.output
tar: removing leading '/' from member names
Debug: Checking Namespace=default, Pod=ms-55339-5b545b67bb-n4jrr for Target File=deathstar_*.output
Namespace: default, Pod: ms-55339-5b545b67bb-n4jrr has the target files.
Copying deathstar_ms-55339.output to deathstar_ms-55339.output
tar: removing leading '/' from member names
Debug: Checking Namespace=default, Pod=ms-58269-8c4794c6c-4jlzr for Target File=deathstar_*.output
Namespace: default, Pod: ms-58269-8c4794c6c-4jlzr has the target files.
Copying deathstar_ms-58269.output to deathstar_ms-58269.output
tar: removing leading '/' from member names
Debug: Checking Namespace=default, Pod=ms-58845-5bc6f9d8df-kkn4h for Target File=deathstar_*.output
Namespace: default, Pod: ms-58845-5bc6f9d8df-kkn4h has the target files.
Copying deathstar_ms-58845.output to deathstar_ms-58845.output
tar: removing leading '/' from member names
Debug: Checking Namespace=default, Pod=ms-68328-5866fd45b7-p8qbs for Target File=deathstar_*.output
Namespace: default, Pod: ms-68328-5866fd45b7-p8qbs has the target files.
Copying deathstar_ms-68328.output to deathstar_ms-68328.output
tar: removing leading '/' from member names
Debug: Checking Namespace=default, Pod=ms-70297-868876bcdb-sgsdr for Target File=deathstar_*.output
Namespace: default, Pod: ms-70297-868876bcdb-sgsdr has the target files.
Copying deathstar_ms-70297.output to deathstar_ms-70297.output
tar: removing leading '/' from member names
Debug: Checking Namespace=default, Pod=nginx-web-server-56557f7cb7-sqwbw for Target File=deathstar_*.output
Namespace: default, Pod: nginx-web-server-56557f7cb7-sqwbw has the target files.
Copying deathstar_nginx-web-server.output to deathstar_nginx-web-server.output
tar: removing leading '/' from member names
Debug: Checking Namespace=default, Pod=unknown-57ddd65965-phmls for Target File=deathstar_*.output
Namespace: default, Pod: unknown-57ddd65965-phmls has the target files.
Copying deathstar_unknown.output to deathstar_unknown.output
tar: removing leading '/' from member names
