Deployments: ms-10090
ms-13558
ms-18330
ms-19585
ms-20172
ms-22893
ms-24009
ms-24959
ms-26622
ms-27421
ms-29373
ms-32301
ms-3289
ms-37691
ms-38964
ms-40147
ms-48118
ms-4829
ms-51685
ms-52379
ms-55394
ms-58436
ms-58772
ms-59962
ms-60061
ms-6323
ms-65741
ms-66473
ms-69188
ms-69614
ms-9081
nginx-web-server
unknown
deployment "ms-10090" successfully rolled out
deployment "ms-13558" successfully rolled out
deployment "ms-18330" successfully rolled out
deployment "ms-19585" successfully rolled out
deployment "ms-20172" successfully rolled out
deployment "ms-22893" successfully rolled out
deployment "ms-24009" successfully rolled out
deployment "ms-24959" successfully rolled out
deployment "ms-26622" successfully rolled out
deployment "ms-27421" successfully rolled out
deployment "ms-29373" successfully rolled out
deployment "ms-32301" successfully rolled out
deployment "ms-3289" successfully rolled out
deployment "ms-37691" successfully rolled out
deployment "ms-38964" successfully rolled out
deployment "ms-40147" successfully rolled out
deployment "ms-48118" successfully rolled out
deployment "ms-4829" successfully rolled out
deployment "ms-51685" successfully rolled out
deployment "ms-52379" successfully rolled out
deployment "ms-55394" successfully rolled out
deployment "ms-58436" successfully rolled out
deployment "ms-58772" successfully rolled out
deployment "ms-59962" successfully rolled out
deployment "ms-60061" successfully rolled out
deployment "ms-6323" successfully rolled out
deployment "ms-65741" successfully rolled out
deployment "ms-66473" successfully rolled out
deployment "ms-69188" successfully rolled out
deployment "ms-69614" successfully rolled out
deployment "ms-9081" successfully rolled out
deployment "nginx-web-server" successfully rolled out
deployment "unknown" successfully rolled out
ENTRY_POINT: nginx-web-server
SERVICE_A_URL: 10.99.30.238:50051
Capacity: 13000
Metadata: request-id={{.RequestNumber}}
Metadata: timestamp={{.TimestampUnix}}
Metadata: method=S_149998854
Charon Configurations:
[{INTERCEPT breakwaterd} {PRICE_UPDATE_RATE 10ms} {TOKEN_UPDATE_RATE 10ms} {LATENCY_THRESHOLD 100us} {PRICE_STEP 0} {PRICE_STRATEGY step} {LAZY_UPDATE false} {RATE_LIMITING true} {LOAD_SHEDDING true} {CHARON_TRACK_PRICE false} {BREAKWATER_SLO 26072us} {BREAKWATER_A 1.7410064597889685} {BREAKWATER_B 1.0434288465238961} {BREAKWATER_CLIENT_EXPIRATION 3882us} {BREAKWATER_INITIAL_CREDIT 123} {BREAKWATER_LOAD_SHEDDING true} {BREAKWATER_RTT 14893us} {BREAKWATERD_SLO 36311us} {BREAKWATERD_A 5.984254797986397} {BREAKWATERD_B 9.103968262162901} {BREAKWATERD_CLIENT_EXPIRATION 15740us} {BREAKWATERD_INITIAL_CREDIT 2475} {BREAKWATERD_LOAD_SHEDDING true} {BREAKWATERD_RTT 4788us} {DAGOR_QUEUING_THRESHOLD 2ms} {DAGOR_ALPHA 0.05} {DAGOR_BETA 0.01} {DAGOR_ADMISSION_LEVEL_UPDATE_INTERVAL 10ms} {DAGOR_UMAX 20}]

Summary:
  Count:	55075
  Total:	25.00 s
  Slowest:	899.94 ms
  Fastest:	111.40 ms
  Average:	506.99 ms
  Requests/sec:	2202.99

Response time histogram:
  111.400 [1]     |
  190.254 [10341] |∎∎∎∎∎∎∎∎∎∎∎∎∎∎∎∎∎∎∎∎∎∎∎∎∎∎∎∎∎∎∎∎∎∎∎∎∎∎∎∎
  269.107 [675]   |∎∎∎
  347.961 [830]   |∎∎∎
  426.814 [259]   |∎
  505.668 [117]   |
  584.521 [293]   |∎
  663.375 [356]   |∎
  742.228 [548]   |∎∎
  821.082 [347]   |∎
  899.935 [166]   |∎

Latency distribution:
  10 % in 113.62 ms 
  25 % in 115.22 ms 
  50 % in 119.45 ms 
  75 % in 198.54 ms 
  90 % in 591.33 ms 
  95 % in 705.96 ms 
  99 % in 829.89 ms 

Status code distribution:
  [ResourceExhausted]   18607 responses   
  [OK]                  13933 responses   
  [DeadlineExceeded]    21760 responses   
  [Canceled]            775 responses     

Error distribution:
  [223]     rpc error: code = ResourceExhausted desc = Client id d7676174-4c6b-4f63-9719-95c28835f095 request expired in queue.   
  [1]       rpc error: code = ResourceExhausted desc = Client id 08889aae-b75c-47f5-8308-1807ad8a3ebf request expired in queue.   
  [76]      rpc error: code = ResourceExhausted desc = Client id 54960c37-6bb2-4471-bd6d-5ecb7688a143 request expired in queue.   
  [345]     rpc error: code = ResourceExhausted desc = Client id ca12256a-4937-4106-944c-e34a0c0fdde2 request expired in queue.   
  [155]     rpc error: code = ResourceExhausted desc = Client id b6fc1c74-bf96-4bb6-87bb-5bf996925b74 request expired in queue.   
  [4]       rpc error: code = ResourceExhausted desc = Client id b8c77234-cf65-4ce8-bcc7-428d61763d9b request expired in queue.   
  [814]     rpc error: code = ResourceExhausted desc = Client id 91fe6ae5-b078-4f03-a1e5-a8241a909557 request expired in queue.   
  [18]      rpc error: code = ResourceExhausted desc = Client id c6051cac-c473-4cfe-bd15-67c29d6f8c23 request expired in queue.   
  [127]     rpc error: code = ResourceExhausted desc = Client id 0b409f36-3e67-449a-b314-b56128b35038 request expired in queue.   
  [22]      rpc error: code = ResourceExhausted desc = Client id 38967095-213f-4d29-b3b5-4da9ad9ec600 request expired in queue.   
  [26]      rpc error: code = ResourceExhausted desc = Client id a8dcde46-2d4d-4195-882c-ef30b67a181b request expired in queue.   
  [8]       rpc error: code = ResourceExhausted desc = Client id 51756a7f-5599-44b7-a3e8-fbf718581358 request expired in queue.   
  [775]     rpc error: code = Canceled desc = grpc: the client connection is closing                                              
  [338]     rpc error: code = ResourceExhausted desc = Client id 8dad61a5-2f55-4184-b1e8-0b8b361c9669 request expired in queue.   
  [3427]    rpc error: code = ResourceExhausted desc = Client id 95f00f98-58c4-4dfe-8a1d-31afde6756bb request expired in queue.   
  [43]      rpc error: code = ResourceExhausted desc = Client id 062ca1d5-3dec-49d8-9e01-0c8d4174b892 request expired in queue.   
  [5023]    rpc error: code = ResourceExhausted desc = Client id 64b72165-e2c5-4524-b2fe-6a041efddb42 request expired in queue.   
  [21760]   rpc error: code = DeadlineExceeded desc = context deadline exceeded                                                   
  [2948]    rpc error: code = ResourceExhausted desc = Client id fd6e778d-3611-48a8-adbe-84bc50a96e6d request expired in queue.   
  [60]      rpc error: code = ResourceExhausted desc = Client id f37325e3-b016-46b7-b2ab-607a66805fca request expired in queue.   
  [4943]    rpc error: code = ResourceExhausted desc = Server-side queuing delay is beyond AQM threshold                          
  [6]       rpc error: code = ResourceExhausted desc = Client id 618c147a-e923-4039-aeaa-731ba8defef7 request expired in queue.   

Debug: Checking Namespace=default, Pod=ms-10090-6454f977fd-44jbr for Target File=deathstar_*.output
Namespace: default, Pod: ms-10090-6454f977fd-44jbr has the target files.
Copying deathstar_ms-10090.output to deathstar_ms-10090.output
tar: removing leading '/' from member names
Debug: Checking Namespace=default, Pod=ms-13558-b48bb5d9d-f7ctv for Target File=deathstar_*.output
Namespace: default, Pod: ms-13558-b48bb5d9d-f7ctv has the target files.
Copying deathstar_ms-13558.output to deathstar_ms-13558.output
tar: removing leading '/' from member names
Debug: Checking Namespace=default, Pod=ms-18330-759d9cf49c-2xnch for Target File=deathstar_*.output
Namespace: default, Pod: ms-18330-759d9cf49c-2xnch has the target files.
Copying deathstar_ms-18330.output to deathstar_ms-18330.output
tar: removing leading '/' from member names
Debug: Checking Namespace=default, Pod=ms-19585-6f995cfcbf-cqwjg for Target File=deathstar_*.output
Namespace: default, Pod: ms-19585-6f995cfcbf-cqwjg has the target files.
Copying deathstar_ms-19585.output to deathstar_ms-19585.output
tar: removing leading '/' from member names
Debug: Checking Namespace=default, Pod=ms-20172-59d5485464-78ptp for Target File=deathstar_*.output
Namespace: default, Pod: ms-20172-59d5485464-78ptp has the target files.
Copying deathstar_ms-20172.output to deathstar_ms-20172.output
tar: removing leading '/' from member names
Debug: Checking Namespace=default, Pod=ms-22893-576fd5f9f6-g6b2k for Target File=deathstar_*.output
Namespace: default, Pod: ms-22893-576fd5f9f6-g6b2k has the target files.
Copying deathstar_ms-22893.output to deathstar_ms-22893.output
tar: removing leading '/' from member names
Debug: Checking Namespace=default, Pod=ms-24009-67dbf5b976-2kqbl for Target File=deathstar_*.output
Namespace: default, Pod: ms-24009-67dbf5b976-2kqbl has the target files.
Copying deathstar_ms-24009.output to deathstar_ms-24009.output
tar: removing leading '/' from member names
Debug: Checking Namespace=default, Pod=ms-24959-99f8bbf9-xn2rw for Target File=deathstar_*.output
Namespace: default, Pod: ms-24959-99f8bbf9-xn2rw has the target files.
Copying deathstar_ms-24959.output to deathstar_ms-24959.output
tar: removing leading '/' from member names
Debug: Checking Namespace=default, Pod=ms-26622-66fdf7d64f-r2q8h for Target File=deathstar_*.output
Namespace: default, Pod: ms-26622-66fdf7d64f-r2q8h has the target files.
Copying deathstar_ms-26622.output to deathstar_ms-26622.output
tar: removing leading '/' from member names
Debug: Checking Namespace=default, Pod=ms-27421-64f549855c-lvlr6 for Target File=deathstar_*.output
Namespace: default, Pod: ms-27421-64f549855c-lvlr6 has the target files.
Copying deathstar_ms-27421.output to deathstar_ms-27421.output
tar: removing leading '/' from member names
Debug: Checking Namespace=default, Pod=ms-29373-8467f7db44-2r2fz for Target File=deathstar_*.output
Namespace: default, Pod: ms-29373-8467f7db44-2r2fz has the target files.
Copying deathstar_ms-29373.output to deathstar_ms-29373.output
tar: removing leading '/' from member names
Debug: Checking Namespace=default, Pod=ms-32301-c5654bbc5-xbj25 for Target File=deathstar_*.output
Namespace: default, Pod: ms-32301-c5654bbc5-xbj25 has the target files.
Copying deathstar_ms-32301.output to deathstar_ms-32301.output
tar: removing leading '/' from member names
Debug: Checking Namespace=default, Pod=ms-3289-587dbd96bf-lpc6r for Target File=deathstar_*.output
Namespace: default, Pod: ms-3289-587dbd96bf-lpc6r has the target files.
Copying deathstar_ms-3289.output to deathstar_ms-3289.output
tar: removing leading '/' from member names
Debug: Checking Namespace=default, Pod=ms-37691-6dc6cd6744-zrs7k for Target File=deathstar_*.output
Namespace: default, Pod: ms-37691-6dc6cd6744-zrs7k has the target files.
Copying deathstar_ms-37691.output to deathstar_ms-37691.output
tar: removing leading '/' from member names
Debug: Checking Namespace=default, Pod=ms-38964-5b647cdbd-tvqcv for Target File=deathstar_*.output
Namespace: default, Pod: ms-38964-5b647cdbd-tvqcv has the target files.
Copying deathstar_ms-38964.output to deathstar_ms-38964.output
tar: removing leading '/' from member names
Debug: Checking Namespace=default, Pod=ms-40147-cd867585-jtcbx for Target File=deathstar_*.output
Namespace: default, Pod: ms-40147-cd867585-jtcbx has the target files.
Copying deathstar_ms-40147.output to deathstar_ms-40147.output
tar: removing leading '/' from member names
Debug: Checking Namespace=default, Pod=ms-48118-ff7b99cc9-ldqlw for Target File=deathstar_*.output
Namespace: default, Pod: ms-48118-ff7b99cc9-ldqlw has the target files.
Copying deathstar_ms-48118.output to deathstar_ms-48118.output
tar: removing leading '/' from member names
Debug: Checking Namespace=default, Pod=ms-4829-669557b66c-4w47z for Target File=deathstar_*.output
Namespace: default, Pod: ms-4829-669557b66c-4w47z has the target files.
Copying deathstar_ms-4829.output to deathstar_ms-4829.output
tar: removing leading '/' from member names
Debug: Checking Namespace=default, Pod=ms-51685-79858c784f-vb6kj for Target File=deathstar_*.output
Namespace: default, Pod: ms-51685-79858c784f-vb6kj has the target files.
Copying deathstar_ms-51685.output to deathstar_ms-51685.output
tar: removing leading '/' from member names
Debug: Checking Namespace=default, Pod=ms-52379-57c6cdd54b-pdx2p for Target File=deathstar_*.output
Namespace: default, Pod: ms-52379-57c6cdd54b-pdx2p has the target files.
Copying deathstar_ms-52379.output to deathstar_ms-52379.output
tar: removing leading '/' from member names
Debug: Checking Namespace=default, Pod=ms-55394-6f999f5df9-jhvgv for Target File=deathstar_*.output
Namespace: default, Pod: ms-55394-6f999f5df9-jhvgv has the target files.
Copying deathstar_ms-55394.output to deathstar_ms-55394.output
tar: removing leading '/' from member names
Debug: Checking Namespace=default, Pod=ms-58436-59dd96f659-24tx6 for Target File=deathstar_*.output
Namespace: default, Pod: ms-58436-59dd96f659-24tx6 has the target files.
Copying deathstar_ms-58436.output to deathstar_ms-58436.output
tar: removing leading '/' from member names
Debug: Checking Namespace=default, Pod=ms-58772-68ff78c966-zztnm for Target File=deathstar_*.output
Namespace: default, Pod: ms-58772-68ff78c966-zztnm has the target files.
Copying deathstar_ms-58772.output to deathstar_ms-58772.output
tar: removing leading '/' from member names
Debug: Checking Namespace=default, Pod=ms-59962-756b895b58-m65sd for Target File=deathstar_*.output
Namespace: default, Pod: ms-59962-756b895b58-m65sd has the target files.
Copying deathstar_ms-59962.output to deathstar_ms-59962.output
tar: removing leading '/' from member names
Debug: Checking Namespace=default, Pod=ms-60061-68bd84bdcd-5h7pp for Target File=deathstar_*.output
Namespace: default, Pod: ms-60061-68bd84bdcd-5h7pp has the target files.
Copying deathstar_ms-60061.output to deathstar_ms-60061.output
tar: removing leading '/' from member names
Debug: Checking Namespace=default, Pod=ms-6323-974659fcd-mzs8g for Target File=deathstar_*.output
Namespace: default, Pod: ms-6323-974659fcd-mzs8g has the target files.
Copying deathstar_ms-6323.output to deathstar_ms-6323.output
tar: removing leading '/' from member names
Debug: Checking Namespace=default, Pod=ms-65741-65f588bcdf-789pf for Target File=deathstar_*.output
Namespace: default, Pod: ms-65741-65f588bcdf-789pf has the target files.
Copying deathstar_ms-65741.output to deathstar_ms-65741.output
tar: removing leading '/' from member names
Debug: Checking Namespace=default, Pod=ms-66473-79c66f8bff-ml25q for Target File=deathstar_*.output
Namespace: default, Pod: ms-66473-79c66f8bff-ml25q has the target files.
Copying deathstar_ms-66473.output to deathstar_ms-66473.output
tar: removing leading '/' from member names
Debug: Checking Namespace=default, Pod=ms-69188-65c548d4cb-94wjt for Target File=deathstar_*.output
Namespace: default, Pod: ms-69188-65c548d4cb-94wjt has the target files.
Copying deathstar_ms-69188.output to deathstar_ms-69188.output
tar: removing leading '/' from member names
Debug: Checking Namespace=default, Pod=ms-69614-794bd8475-7vpmd for Target File=deathstar_*.output
Namespace: default, Pod: ms-69614-794bd8475-7vpmd has the target files.
Copying deathstar_ms-69614.output to deathstar_ms-69614.output
tar: removing leading '/' from member names
Debug: Checking Namespace=default, Pod=ms-9081-567985788-fqlzq for Target File=deathstar_*.output
Namespace: default, Pod: ms-9081-567985788-fqlzq has the target files.
Copying deathstar_ms-9081.output to deathstar_ms-9081.output
tar: removing leading '/' from member names
Debug: Checking Namespace=default, Pod=nginx-web-server-56557f7cb7-pzdzt for Target File=deathstar_*.output
Namespace: default, Pod: nginx-web-server-56557f7cb7-pzdzt has the target files.
Copying deathstar_nginx-web-server.output to deathstar_nginx-web-server.output
tar: removing leading '/' from member names
Debug: Checking Namespace=default, Pod=unknown-6ddf9bd4b5-qfhcs for Target File=deathstar_*.output
Namespace: default, Pod: unknown-6ddf9bd4b5-qfhcs has the target files.
Copying deathstar_unknown.output to deathstar_unknown.output
tar: removing leading '/' from member names
