Deployments: ms-10090
ms-13558
ms-18330
ms-19585
ms-20172
ms-22893
ms-24009
ms-24959
ms-26622
ms-27421
ms-29373
ms-32301
ms-3289
ms-37691
ms-38964
ms-40147
ms-48118
ms-4829
ms-51685
ms-52379
ms-55394
ms-58436
ms-58772
ms-59962
ms-60061
ms-6323
ms-65741
ms-66473
ms-69188
ms-69614
ms-9081
nginx-web-server
unknown
deployment "ms-10090" successfully rolled out
deployment "ms-13558" successfully rolled out
deployment "ms-18330" successfully rolled out
deployment "ms-19585" successfully rolled out
deployment "ms-20172" successfully rolled out
deployment "ms-22893" successfully rolled out
deployment "ms-24009" successfully rolled out
deployment "ms-24959" successfully rolled out
deployment "ms-26622" successfully rolled out
deployment "ms-27421" successfully rolled out
deployment "ms-29373" successfully rolled out
deployment "ms-32301" successfully rolled out
deployment "ms-3289" successfully rolled out
deployment "ms-37691" successfully rolled out
deployment "ms-38964" successfully rolled out
deployment "ms-40147" successfully rolled out
deployment "ms-48118" successfully rolled out
deployment "ms-4829" successfully rolled out
deployment "ms-51685" successfully rolled out
deployment "ms-52379" successfully rolled out
deployment "ms-55394" successfully rolled out
deployment "ms-58436" successfully rolled out
deployment "ms-58772" successfully rolled out
deployment "ms-59962" successfully rolled out
deployment "ms-60061" successfully rolled out
deployment "ms-6323" successfully rolled out
deployment "ms-65741" successfully rolled out
deployment "ms-66473" successfully rolled out
deployment "ms-69188" successfully rolled out
deployment "ms-69614" successfully rolled out
deployment "ms-9081" successfully rolled out
deployment "nginx-web-server" successfully rolled out
deployment "unknown" successfully rolled out
ENTRY_POINT: nginx-web-server
SERVICE_A_URL: 10.109.86.161:50051
Capacity: 10000
Metadata: request-id={{.RequestNumber}}
Metadata: timestamp={{.TimestampUnix}}
Metadata: method=S_149998854
Charon Configurations:
[{INTERCEPT breakwater} {PRICE_UPDATE_RATE 10ms} {TOKEN_UPDATE_RATE 10ms} {LATENCY_THRESHOLD 100us} {PRICE_STEP 0} {PRICE_STRATEGY step} {LAZY_UPDATE false} {RATE_LIMITING true} {LOAD_SHEDDING true} {CHARON_TRACK_PRICE false} {BREAKWATER_SLO 14525us} {BREAKWATER_A 17.478527502846962} {BREAKWATER_B 1.984467942887157} {BREAKWATER_CLIENT_EXPIRATION 1942us} {BREAKWATER_INITIAL_CREDIT 1726} {BREAKWATER_LOAD_SHEDDING true} {BREAKWATER_RTT 15830us} {BREAKWATERD_SLO 12500us} {BREAKWATERD_A 0.001} {BREAKWATERD_B 0.02} {BREAKWATERD_CLIENT_EXPIRATION 10ms} {BREAKWATERD_INITIAL_CREDIT 400} {BREAKWATERD_LOAD_SHEDDING true} {BREAKWATERD_RTT 1000us} {DAGOR_QUEUING_THRESHOLD 2ms} {DAGOR_ALPHA 0.05} {DAGOR_BETA 0.01} {DAGOR_ADMISSION_LEVEL_UPDATE_INTERVAL 10ms} {DAGOR_UMAX 20}]

Summary:
  Count:	74654
  Total:	25.00 s
  Slowest:	1.02 s
  Fastest:	110.98 ms
  Average:	423.54 ms
  Requests/sec:	2986.09

Response time histogram:
  110.975  [1]     |
  201.929  [25313] |∎∎∎∎∎∎∎∎∎∎∎∎∎∎∎∎∎∎∎∎∎∎∎∎∎∎∎∎∎∎∎∎∎∎∎∎∎∎∎∎
  292.883  [12148] |∎∎∎∎∎∎∎∎∎∎∎∎∎∎∎∎∎∎∎
  383.837  [1375]  |∎∎
  474.790  [796]   |∎
  565.744  [963]   |∎∎
  656.698  [1640]  |∎∎∎
  747.652  [873]   |∎
  838.606  [1063]  |∎∎
  929.560  [1238]  |∎∎
  1020.514 [1297]  |∎∎

Latency distribution:
  10 % in 113.68 ms 
  25 % in 128.83 ms 
  50 % in 194.70 ms 
  75 % in 255.52 ms 
  90 % in 641.27 ms 
  95 % in 849.98 ms 
  99 % in 977.02 ms 

Status code distribution:
  [OK]                  46707 responses   
  [ResourceExhausted]   8490 responses    
  [DeadlineExceeded]    18719 responses   
  [Canceled]            737 responses     
  [Unavailable]         1 responses       

Error distribution:
  [8490]    rpc error: code = ResourceExhausted desc = Server-side queuing delay is beyond AQM threshold   
  [18719]   rpc error: code = DeadlineExceeded desc = context deadline exceeded                            
  [737]     rpc error: code = Canceled desc = grpc: the client connection is closing                       
  [1]       rpc error: code = Unavailable desc = transport is closing                                      

Debug: Checking Namespace=default, Pod=ms-10090-6454f977fd-9x6g9 for Target File=deathstar_*.output
Namespace: default, Pod: ms-10090-6454f977fd-9x6g9 has the target files.
Copying deathstar_ms-10090.output to deathstar_ms-10090.output
tar: removing leading '/' from member names
Debug: Checking Namespace=default, Pod=ms-13558-b48bb5d9d-jz84q for Target File=deathstar_*.output
Namespace: default, Pod: ms-13558-b48bb5d9d-jz84q has the target files.
Copying deathstar_ms-13558.output to deathstar_ms-13558.output
tar: removing leading '/' from member names
Debug: Checking Namespace=default, Pod=ms-18330-759d9cf49c-zrlnp for Target File=deathstar_*.output
Namespace: default, Pod: ms-18330-759d9cf49c-zrlnp has the target files.
Copying deathstar_ms-18330.output to deathstar_ms-18330.output
tar: removing leading '/' from member names
Debug: Checking Namespace=default, Pod=ms-19585-6f995cfcbf-bfd5c for Target File=deathstar_*.output
Namespace: default, Pod: ms-19585-6f995cfcbf-bfd5c has the target files.
Copying deathstar_ms-19585.output to deathstar_ms-19585.output
tar: removing leading '/' from member names
Debug: Checking Namespace=default, Pod=ms-20172-59d5485464-xgc2q for Target File=deathstar_*.output
Namespace: default, Pod: ms-20172-59d5485464-xgc2q has the target files.
Copying deathstar_ms-20172.output to deathstar_ms-20172.output
tar: removing leading '/' from member names
Debug: Checking Namespace=default, Pod=ms-22893-576fd5f9f6-zjtvq for Target File=deathstar_*.output
Namespace: default, Pod: ms-22893-576fd5f9f6-zjtvq has the target files.
Copying deathstar_ms-22893.output to deathstar_ms-22893.output
tar: removing leading '/' from member names
Debug: Checking Namespace=default, Pod=ms-24009-67dbf5b976-mfwcj for Target File=deathstar_*.output
Namespace: default, Pod: ms-24009-67dbf5b976-mfwcj has the target files.
Copying deathstar_ms-24009.output to deathstar_ms-24009.output
tar: removing leading '/' from member names
Debug: Checking Namespace=default, Pod=ms-24959-99f8bbf9-kp2fk for Target File=deathstar_*.output
Namespace: default, Pod: ms-24959-99f8bbf9-kp2fk has the target files.
Copying deathstar_ms-24959.output to deathstar_ms-24959.output
tar: removing leading '/' from member names
Debug: Checking Namespace=default, Pod=ms-26622-66fdf7d64f-qf6tm for Target File=deathstar_*.output
Namespace: default, Pod: ms-26622-66fdf7d64f-qf6tm has the target files.
Copying deathstar_ms-26622.output to deathstar_ms-26622.output
tar: removing leading '/' from member names
Debug: Checking Namespace=default, Pod=ms-27421-64f549855c-9wrsw for Target File=deathstar_*.output
Namespace: default, Pod: ms-27421-64f549855c-9wrsw has the target files.
Copying deathstar_ms-27421.output to deathstar_ms-27421.output
tar: removing leading '/' from member names
Debug: Checking Namespace=default, Pod=ms-29373-8467f7db44-qfgn7 for Target File=deathstar_*.output
Namespace: default, Pod: ms-29373-8467f7db44-qfgn7 has the target files.
Copying deathstar_ms-29373.output to deathstar_ms-29373.output
tar: removing leading '/' from member names
Debug: Checking Namespace=default, Pod=ms-32301-c5654bbc5-br4gz for Target File=deathstar_*.output
Namespace: default, Pod: ms-32301-c5654bbc5-br4gz has the target files.
Copying deathstar_ms-32301.output to deathstar_ms-32301.output
tar: removing leading '/' from member names
Debug: Checking Namespace=default, Pod=ms-3289-587dbd96bf-25fpw for Target File=deathstar_*.output
Namespace: default, Pod: ms-3289-587dbd96bf-25fpw has the target files.
Copying deathstar_ms-3289.output to deathstar_ms-3289.output
tar: removing leading '/' from member names
Debug: Checking Namespace=default, Pod=ms-37691-6dc6cd6744-cf7vg for Target File=deathstar_*.output
Namespace: default, Pod: ms-37691-6dc6cd6744-cf7vg has the target files.
Copying deathstar_ms-37691.output to deathstar_ms-37691.output
tar: removing leading '/' from member names
Debug: Checking Namespace=default, Pod=ms-38964-5b647cdbd-82rsf for Target File=deathstar_*.output
Namespace: default, Pod: ms-38964-5b647cdbd-82rsf has the target files.
Copying deathstar_ms-38964.output to deathstar_ms-38964.output
tar: removing leading '/' from member names
Debug: Checking Namespace=default, Pod=ms-40147-cd867585-bqvrk for Target File=deathstar_*.output
Namespace: default, Pod: ms-40147-cd867585-bqvrk has the target files.
Copying deathstar_ms-40147.output to deathstar_ms-40147.output
tar: removing leading '/' from member names
Debug: Checking Namespace=default, Pod=ms-48118-ff7b99cc9-28fln for Target File=deathstar_*.output
Namespace: default, Pod: ms-48118-ff7b99cc9-28fln has the target files.
Copying deathstar_ms-48118.output to deathstar_ms-48118.output
tar: removing leading '/' from member names
Debug: Checking Namespace=default, Pod=ms-4829-669557b66c-f8nb2 for Target File=deathstar_*.output
Namespace: default, Pod: ms-4829-669557b66c-f8nb2 has the target files.
Copying deathstar_ms-4829.output to deathstar_ms-4829.output
tar: removing leading '/' from member names
Debug: Checking Namespace=default, Pod=ms-51685-79858c784f-mlvxf for Target File=deathstar_*.output
Namespace: default, Pod: ms-51685-79858c784f-mlvxf has the target files.
Copying deathstar_ms-51685.output to deathstar_ms-51685.output
tar: removing leading '/' from member names
Debug: Checking Namespace=default, Pod=ms-52379-57c6cdd54b-8wd6v for Target File=deathstar_*.output
Namespace: default, Pod: ms-52379-57c6cdd54b-8wd6v has the target files.
Copying deathstar_ms-52379.output to deathstar_ms-52379.output
tar: removing leading '/' from member names
Debug: Checking Namespace=default, Pod=ms-55394-6f999f5df9-rtgvf for Target File=deathstar_*.output
Namespace: default, Pod: ms-55394-6f999f5df9-rtgvf has the target files.
Copying deathstar_ms-55394.output to deathstar_ms-55394.output
tar: removing leading '/' from member names
Debug: Checking Namespace=default, Pod=ms-58436-59dd96f659-rbbmp for Target File=deathstar_*.output
Namespace: default, Pod: ms-58436-59dd96f659-rbbmp has the target files.
Copying deathstar_ms-58436.output to deathstar_ms-58436.output
tar: removing leading '/' from member names
Debug: Checking Namespace=default, Pod=ms-58772-68ff78c966-x9m98 for Target File=deathstar_*.output
Namespace: default, Pod: ms-58772-68ff78c966-x9m98 has the target files.
Copying deathstar_ms-58772.output to deathstar_ms-58772.output
tar: removing leading '/' from member names
Debug: Checking Namespace=default, Pod=ms-59962-756b895b58-bkrx8 for Target File=deathstar_*.output
Namespace: default, Pod: ms-59962-756b895b58-bkrx8 has the target files.
Copying deathstar_ms-59962.output to deathstar_ms-59962.output
tar: removing leading '/' from member names
Debug: Checking Namespace=default, Pod=ms-60061-68bd84bdcd-89lfv for Target File=deathstar_*.output
Namespace: default, Pod: ms-60061-68bd84bdcd-89lfv has the target files.
Copying deathstar_ms-60061.output to deathstar_ms-60061.output
tar: removing leading '/' from member names
Debug: Checking Namespace=default, Pod=ms-6323-974659fcd-4bp4l for Target File=deathstar_*.output
Namespace: default, Pod: ms-6323-974659fcd-4bp4l has the target files.
Copying deathstar_ms-6323.output to deathstar_ms-6323.output
tar: removing leading '/' from member names
Debug: Checking Namespace=default, Pod=ms-65741-65f588bcdf-cqtcz for Target File=deathstar_*.output
Namespace: default, Pod: ms-65741-65f588bcdf-cqtcz has the target files.
Copying deathstar_ms-65741.output to deathstar_ms-65741.output
tar: removing leading '/' from member names
Debug: Checking Namespace=default, Pod=ms-66473-79c66f8bff-pmm4l for Target File=deathstar_*.output
Namespace: default, Pod: ms-66473-79c66f8bff-pmm4l has the target files.
Copying deathstar_ms-66473.output to deathstar_ms-66473.output
tar: removing leading '/' from member names
Debug: Checking Namespace=default, Pod=ms-69188-65c548d4cb-ddrsf for Target File=deathstar_*.output
Namespace: default, Pod: ms-69188-65c548d4cb-ddrsf has the target files.
Copying deathstar_ms-69188.output to deathstar_ms-69188.output
tar: removing leading '/' from member names
Debug: Checking Namespace=default, Pod=ms-69614-794bd8475-nlxqh for Target File=deathstar_*.output
Namespace: default, Pod: ms-69614-794bd8475-nlxqh has the target files.
Copying deathstar_ms-69614.output to deathstar_ms-69614.output
tar: removing leading '/' from member names
Debug: Checking Namespace=default, Pod=ms-9081-567985788-q42r7 for Target File=deathstar_*.output
Namespace: default, Pod: ms-9081-567985788-q42r7 has the target files.
Copying deathstar_ms-9081.output to deathstar_ms-9081.output
tar: removing leading '/' from member names
Debug: Checking Namespace=default, Pod=nginx-web-server-56557f7cb7-2qswm for Target File=deathstar_*.output
Namespace: default, Pod: nginx-web-server-56557f7cb7-2qswm has the target files.
Copying deathstar_nginx-web-server.output to deathstar_nginx-web-server.output
tar: removing leading '/' from member names
Debug: Checking Namespace=default, Pod=unknown-6ddf9bd4b5-42cjd for Target File=deathstar_*.output
Namespace: default, Pod: unknown-6ddf9bd4b5-42cjd has the target files.
Copying deathstar_unknown.output to deathstar_unknown.output
tar: removing leading '/' from member names
