Deployments: ms-10090
ms-13558
ms-18330
ms-19585
ms-20172
ms-22893
ms-24009
ms-24959
ms-26622
ms-27421
ms-29373
ms-32301
ms-3289
ms-37691
ms-38964
ms-40147
ms-48118
ms-4829
ms-51685
ms-52379
ms-55394
ms-58436
ms-58772
ms-59962
ms-60061
ms-6323
ms-65741
ms-66473
ms-69188
ms-69614
ms-9081
nginx-web-server
unknown
deployment "ms-10090" successfully rolled out
deployment "ms-13558" successfully rolled out
deployment "ms-18330" successfully rolled out
deployment "ms-19585" successfully rolled out
deployment "ms-20172" successfully rolled out
deployment "ms-22893" successfully rolled out
deployment "ms-24009" successfully rolled out
deployment "ms-24959" successfully rolled out
deployment "ms-26622" successfully rolled out
deployment "ms-27421" successfully rolled out
deployment "ms-29373" successfully rolled out
deployment "ms-32301" successfully rolled out
deployment "ms-3289" successfully rolled out
deployment "ms-37691" successfully rolled out
deployment "ms-38964" successfully rolled out
deployment "ms-40147" successfully rolled out
deployment "ms-48118" successfully rolled out
deployment "ms-4829" successfully rolled out
deployment "ms-51685" successfully rolled out
deployment "ms-52379" successfully rolled out
deployment "ms-55394" successfully rolled out
deployment "ms-58436" successfully rolled out
deployment "ms-58772" successfully rolled out
deployment "ms-59962" successfully rolled out
deployment "ms-60061" successfully rolled out
deployment "ms-6323" successfully rolled out
deployment "ms-65741" successfully rolled out
deployment "ms-66473" successfully rolled out
deployment "ms-69188" successfully rolled out
deployment "ms-69614" successfully rolled out
deployment "ms-9081" successfully rolled out
deployment "nginx-web-server" successfully rolled out
deployment "unknown" successfully rolled out
ENTRY_POINT: nginx-web-server
SERVICE_A_URL: 10.104.136.155:50051
Capacity: 11000
Metadata: request-id={{.RequestNumber}}
Metadata: timestamp={{.TimestampUnix}}
Metadata: method=S_149998854
Charon Configurations:
[{INTERCEPT breakwaterd} {PRICE_UPDATE_RATE 10ms} {TOKEN_UPDATE_RATE 10ms} {LATENCY_THRESHOLD 100us} {PRICE_STEP 0} {PRICE_STRATEGY step} {LAZY_UPDATE false} {RATE_LIMITING true} {LOAD_SHEDDING true} {CHARON_TRACK_PRICE false} {BREAKWATER_SLO 26072us} {BREAKWATER_A 1.7410064597889685} {BREAKWATER_B 1.0434288465238961} {BREAKWATER_CLIENT_EXPIRATION 3882us} {BREAKWATER_INITIAL_CREDIT 123} {BREAKWATER_LOAD_SHEDDING true} {BREAKWATER_RTT 14893us} {BREAKWATERD_SLO 36311us} {BREAKWATERD_A 5.984254797986397} {BREAKWATERD_B 9.103968262162901} {BREAKWATERD_CLIENT_EXPIRATION 15740us} {BREAKWATERD_INITIAL_CREDIT 2475} {BREAKWATERD_LOAD_SHEDDING true} {BREAKWATERD_RTT 4788us} {DAGOR_QUEUING_THRESHOLD 2ms} {DAGOR_ALPHA 0.05} {DAGOR_BETA 0.01} {DAGOR_ADMISSION_LEVEL_UPDATE_INTERVAL 10ms} {DAGOR_UMAX 20}]

Summary:
  Count:	1059
  Total:	25.00 s
  Slowest:	145.28 ms
  Fastest:	127.73 ms
  Average:	918.05 ms
  Requests/sec:	42.36

Response time histogram:
  127.729 [1]  |∎∎∎
  129.484 [9]  |∎∎∎∎∎∎∎∎∎∎∎∎∎∎∎∎∎∎∎∎∎∎∎∎∎∎∎∎∎∎
  131.240 [7]  |∎∎∎∎∎∎∎∎∎∎∎∎∎∎∎∎∎∎∎∎∎∎∎
  132.996 [4]  |∎∎∎∎∎∎∎∎∎∎∎∎∎
  134.751 [12] |∎∎∎∎∎∎∎∎∎∎∎∎∎∎∎∎∎∎∎∎∎∎∎∎∎∎∎∎∎∎∎∎∎∎∎∎∎∎∎∎
  136.507 [7]  |∎∎∎∎∎∎∎∎∎∎∎∎∎∎∎∎∎∎∎∎∎∎∎
  138.262 [8]  |∎∎∎∎∎∎∎∎∎∎∎∎∎∎∎∎∎∎∎∎∎∎∎∎∎∎∎
  140.018 [6]  |∎∎∎∎∎∎∎∎∎∎∎∎∎∎∎∎∎∎∎∎
  141.773 [3]  |∎∎∎∎∎∎∎∎∎∎
  143.529 [1]  |∎∎∎
  145.284 [1]  |∎∎∎

Latency distribution:
  10 % in 128.90 ms 
  25 % in 130.72 ms 
  50 % in 134.34 ms 
  75 % in 137.74 ms 
  90 % in 139.70 ms 
  95 % in 140.77 ms 
  99 % in 145.28 ms 

Status code distribution:
  [ResourceExhausted]   37 responses    
  [OK]                  59 responses    
  [DeadlineExceeded]    963 responses   

Error distribution:
  [30]    rpc error: code = ResourceExhausted desc = Client id c533ef2f-9292-4716-826d-96fed69f811e request expired in queue.   
  [6]     rpc error: code = ResourceExhausted desc = Client id 9e6eea94-3473-43bb-b453-8db0e2a9e5f3 request expired in queue.   
  [1]     rpc error: code = ResourceExhausted desc = Client id 76e04f40-a4f5-4909-942c-60e1f7ff76c4 request expired in queue.   
  [963]   rpc error: code = DeadlineExceeded desc = context deadline exceeded                                                   

Debug: Checking Namespace=default, Pod=ms-10090-6454f977fd-bxmh9 for Target File=deathstar_*.output
Namespace: default, Pod: ms-10090-6454f977fd-bxmh9 has the target files.
Copying deathstar_ms-10090.output to deathstar_ms-10090.output
tar: removing leading '/' from member names
Debug: Checking Namespace=default, Pod=ms-13558-b48bb5d9d-h96dd for Target File=deathstar_*.output
Namespace: default, Pod: ms-13558-b48bb5d9d-h96dd has the target files.
Copying deathstar_ms-13558.output to deathstar_ms-13558.output
tar: removing leading '/' from member names
Debug: Checking Namespace=default, Pod=ms-18330-759d9cf49c-qsz8p for Target File=deathstar_*.output
Namespace: default, Pod: ms-18330-759d9cf49c-qsz8p has the target files.
Copying deathstar_ms-18330.output to deathstar_ms-18330.output
tar: removing leading '/' from member names
Debug: Checking Namespace=default, Pod=ms-19585-6f995cfcbf-8vbqm for Target File=deathstar_*.output
Namespace: default, Pod: ms-19585-6f995cfcbf-8vbqm has the target files.
Copying deathstar_ms-19585.output to deathstar_ms-19585.output
tar: removing leading '/' from member names
Debug: Checking Namespace=default, Pod=ms-20172-59d5485464-8smmk for Target File=deathstar_*.output
Namespace: default, Pod: ms-20172-59d5485464-8smmk has the target files.
Copying deathstar_ms-20172.output to deathstar_ms-20172.output
tar: removing leading '/' from member names
Debug: Checking Namespace=default, Pod=ms-22893-576fd5f9f6-6gsjv for Target File=deathstar_*.output
Namespace: default, Pod: ms-22893-576fd5f9f6-6gsjv has the target files.
Copying deathstar_ms-22893.output to deathstar_ms-22893.output
tar: removing leading '/' from member names
Debug: Checking Namespace=default, Pod=ms-24009-67dbf5b976-mjbbs for Target File=deathstar_*.output
Namespace: default, Pod: ms-24009-67dbf5b976-mjbbs has the target files.
Copying deathstar_ms-24009.output to deathstar_ms-24009.output
tar: removing leading '/' from member names
Debug: Checking Namespace=default, Pod=ms-24959-99f8bbf9-2zszb for Target File=deathstar_*.output
Namespace: default, Pod: ms-24959-99f8bbf9-2zszb has the target files.
Copying deathstar_ms-24959.output to deathstar_ms-24959.output
tar: removing leading '/' from member names
Debug: Checking Namespace=default, Pod=ms-26622-66fdf7d64f-d76hc for Target File=deathstar_*.output
Namespace: default, Pod: ms-26622-66fdf7d64f-d76hc has the target files.
Copying deathstar_ms-26622.output to deathstar_ms-26622.output
tar: removing leading '/' from member names
Debug: Checking Namespace=default, Pod=ms-27421-64f549855c-vbh6q for Target File=deathstar_*.output
Namespace: default, Pod: ms-27421-64f549855c-vbh6q has the target files.
Copying deathstar_ms-27421.output to deathstar_ms-27421.output
tar: removing leading '/' from member names
Debug: Checking Namespace=default, Pod=ms-29373-8467f7db44-sgngv for Target File=deathstar_*.output
Namespace: default, Pod: ms-29373-8467f7db44-sgngv has the target files.
Copying deathstar_ms-29373.output to deathstar_ms-29373.output
tar: removing leading '/' from member names
Debug: Checking Namespace=default, Pod=ms-32301-c5654bbc5-8977p for Target File=deathstar_*.output
Namespace: default, Pod: ms-32301-c5654bbc5-8977p has the target files.
Copying deathstar_ms-32301.output to deathstar_ms-32301.output
tar: removing leading '/' from member names
Debug: Checking Namespace=default, Pod=ms-3289-587dbd96bf-s4cfp for Target File=deathstar_*.output
Namespace: default, Pod: ms-3289-587dbd96bf-s4cfp has the target files.
Copying deathstar_ms-3289.output to deathstar_ms-3289.output
tar: removing leading '/' from member names
Debug: Checking Namespace=default, Pod=ms-37691-6dc6cd6744-xh7tm for Target File=deathstar_*.output
Namespace: default, Pod: ms-37691-6dc6cd6744-xh7tm has the target files.
Copying deathstar_ms-37691.output to deathstar_ms-37691.output
tar: removing leading '/' from member names
Debug: Checking Namespace=default, Pod=ms-38964-5b647cdbd-wwhkn for Target File=deathstar_*.output
Namespace: default, Pod: ms-38964-5b647cdbd-wwhkn has the target files.
Copying deathstar_ms-38964.output to deathstar_ms-38964.output
tar: removing leading '/' from member names
Debug: Checking Namespace=default, Pod=ms-40147-cd867585-rm7tp for Target File=deathstar_*.output
Namespace: default, Pod: ms-40147-cd867585-rm7tp has the target files.
Copying deathstar_ms-40147.output to deathstar_ms-40147.output
tar: removing leading '/' from member names
Debug: Checking Namespace=default, Pod=ms-48118-ff7b99cc9-wsb5v for Target File=deathstar_*.output
Namespace: default, Pod: ms-48118-ff7b99cc9-wsb5v has the target files.
Copying deathstar_ms-48118.output to deathstar_ms-48118.output
tar: removing leading '/' from member names
Debug: Checking Namespace=default, Pod=ms-4829-669557b66c-gmnll for Target File=deathstar_*.output
Namespace: default, Pod: ms-4829-669557b66c-gmnll has the target files.
Copying deathstar_ms-4829.output to deathstar_ms-4829.output
tar: removing leading '/' from member names
Debug: Checking Namespace=default, Pod=ms-51685-79858c784f-bnrm2 for Target File=deathstar_*.output
Namespace: default, Pod: ms-51685-79858c784f-bnrm2 has the target files.
Copying deathstar_ms-51685.output to deathstar_ms-51685.output
tar: removing leading '/' from member names
Debug: Checking Namespace=default, Pod=ms-52379-57c6cdd54b-pnzl7 for Target File=deathstar_*.output
Namespace: default, Pod: ms-52379-57c6cdd54b-pnzl7 has the target files.
Copying deathstar_ms-52379.output to deathstar_ms-52379.output
tar: removing leading '/' from member names
Debug: Checking Namespace=default, Pod=ms-55394-6f999f5df9-jj9g9 for Target File=deathstar_*.output
Namespace: default, Pod: ms-55394-6f999f5df9-jj9g9 has the target files.
Copying deathstar_ms-55394.output to deathstar_ms-55394.output
tar: removing leading '/' from member names
Debug: Checking Namespace=default, Pod=ms-58436-59dd96f659-mbswq for Target File=deathstar_*.output
Namespace: default, Pod: ms-58436-59dd96f659-mbswq has the target files.
Copying deathstar_ms-58436.output to deathstar_ms-58436.output
tar: removing leading '/' from member names
Debug: Checking Namespace=default, Pod=ms-58772-68ff78c966-xmshv for Target File=deathstar_*.output
Namespace: default, Pod: ms-58772-68ff78c966-xmshv has the target files.
Copying deathstar_ms-58772.output to deathstar_ms-58772.output
tar: removing leading '/' from member names
Debug: Checking Namespace=default, Pod=ms-59962-756b895b58-k7fc5 for Target File=deathstar_*.output
Namespace: default, Pod: ms-59962-756b895b58-k7fc5 has the target files.
Copying deathstar_ms-59962.output to deathstar_ms-59962.output
tar: removing leading '/' from member names
Debug: Checking Namespace=default, Pod=ms-60061-68bd84bdcd-kfzdb for Target File=deathstar_*.output
Namespace: default, Pod: ms-60061-68bd84bdcd-kfzdb has the target files.
Copying deathstar_ms-60061.output to deathstar_ms-60061.output
tar: removing leading '/' from member names
Debug: Checking Namespace=default, Pod=ms-6323-974659fcd-f7pk6 for Target File=deathstar_*.output
Namespace: default, Pod: ms-6323-974659fcd-f7pk6 has the target files.
Copying deathstar_ms-6323.output to deathstar_ms-6323.output
tar: removing leading '/' from member names
Debug: Checking Namespace=default, Pod=ms-65741-65f588bcdf-kqrs4 for Target File=deathstar_*.output
Namespace: default, Pod: ms-65741-65f588bcdf-kqrs4 has the target files.
Copying deathstar_ms-65741.output to deathstar_ms-65741.output
tar: removing leading '/' from member names
Debug: Checking Namespace=default, Pod=ms-66473-79c66f8bff-qg89j for Target File=deathstar_*.output
Namespace: default, Pod: ms-66473-79c66f8bff-qg89j has the target files.
Copying deathstar_ms-66473.output to deathstar_ms-66473.output
tar: removing leading '/' from member names
Debug: Checking Namespace=default, Pod=ms-69188-65c548d4cb-vgs7j for Target File=deathstar_*.output
Namespace: default, Pod: ms-69188-65c548d4cb-vgs7j has the target files.
Copying deathstar_ms-69188.output to deathstar_ms-69188.output
tar: removing leading '/' from member names
Debug: Checking Namespace=default, Pod=ms-69614-794bd8475-dhbfl for Target File=deathstar_*.output
Namespace: default, Pod: ms-69614-794bd8475-dhbfl has the target files.
Copying deathstar_ms-69614.output to deathstar_ms-69614.output
tar: removing leading '/' from member names
Debug: Checking Namespace=default, Pod=ms-9081-567985788-z8wlx for Target File=deathstar_*.output
Namespace: default, Pod: ms-9081-567985788-z8wlx has the target files.
Copying deathstar_ms-9081.output to deathstar_ms-9081.output
tar: removing leading '/' from member names
Debug: Checking Namespace=default, Pod=nginx-web-server-56557f7cb7-v64sn for Target File=deathstar_*.output
Namespace: default, Pod: nginx-web-server-56557f7cb7-v64sn has the target files.
Copying deathstar_nginx-web-server.output to deathstar_nginx-web-server.output
tar: removing leading '/' from member names
Debug: Checking Namespace=default, Pod=unknown-6ddf9bd4b5-qdzz7 for Target File=deathstar_*.output
Namespace: default, Pod: unknown-6ddf9bd4b5-qdzz7 has the target files.
Copying deathstar_unknown.output to deathstar_unknown.output
tar: removing leading '/' from member names
