Deployments: ms-10090
ms-13558
ms-18330
ms-19585
ms-20172
ms-22893
ms-24009
ms-24959
ms-26622
ms-27421
ms-29373
ms-32301
ms-3289
ms-37691
ms-38964
ms-40147
ms-48118
ms-4829
ms-51685
ms-52379
ms-55394
ms-58436
ms-58772
ms-59962
ms-60061
ms-6323
ms-65741
ms-66473
ms-69188
ms-69614
ms-9081
nginx-web-server
unknown
deployment "ms-10090" successfully rolled out
deployment "ms-13558" successfully rolled out
deployment "ms-18330" successfully rolled out
deployment "ms-19585" successfully rolled out
deployment "ms-20172" successfully rolled out
deployment "ms-22893" successfully rolled out
deployment "ms-24009" successfully rolled out
deployment "ms-24959" successfully rolled out
deployment "ms-26622" successfully rolled out
deployment "ms-27421" successfully rolled out
deployment "ms-29373" successfully rolled out
deployment "ms-32301" successfully rolled out
deployment "ms-3289" successfully rolled out
deployment "ms-37691" successfully rolled out
deployment "ms-38964" successfully rolled out
deployment "ms-40147" successfully rolled out
deployment "ms-48118" successfully rolled out
deployment "ms-4829" successfully rolled out
deployment "ms-51685" successfully rolled out
deployment "ms-52379" successfully rolled out
deployment "ms-55394" successfully rolled out
deployment "ms-58436" successfully rolled out
deployment "ms-58772" successfully rolled out
deployment "ms-59962" successfully rolled out
deployment "ms-60061" successfully rolled out
deployment "ms-6323" successfully rolled out
deployment "ms-65741" successfully rolled out
deployment "ms-66473" successfully rolled out
deployment "ms-69188" successfully rolled out
deployment "ms-69614" successfully rolled out
deployment "ms-9081" successfully rolled out
deployment "nginx-web-server" successfully rolled out
deployment "unknown" successfully rolled out
ENTRY_POINT: nginx-web-server
SERVICE_A_URL: 10.97.17.231:50051
Capacity: 4000
Metadata: method=S_149998854
Metadata: request-id={{.RequestNumber}}
Metadata: timestamp={{.TimestampUnix}}
Charon Configurations:
[{INTERCEPT breakwaterd} {PRICE_UPDATE_RATE 10ms} {TOKEN_UPDATE_RATE 10ms} {LATENCY_THRESHOLD 100us} {PRICE_STEP 0} {PRICE_STRATEGY step} {LAZY_UPDATE false} {RATE_LIMITING true} {LOAD_SHEDDING true} {CHARON_TRACK_PRICE false} {BREAKWATER_SLO 26072us} {BREAKWATER_A 1.7410064597889685} {BREAKWATER_B 1.0434288465238961} {BREAKWATER_CLIENT_EXPIRATION 3882us} {BREAKWATER_INITIAL_CREDIT 123} {BREAKWATER_LOAD_SHEDDING true} {BREAKWATER_RTT 14893us} {BREAKWATERD_SLO 36311us} {BREAKWATERD_A 5.984254797986397} {BREAKWATERD_B 9.103968262162901} {BREAKWATERD_CLIENT_EXPIRATION 15740us} {BREAKWATERD_INITIAL_CREDIT 2475} {BREAKWATERD_LOAD_SHEDDING true} {BREAKWATERD_RTT 4788us} {DAGOR_QUEUING_THRESHOLD 2ms} {DAGOR_ALPHA 0.05} {DAGOR_BETA 0.01} {DAGOR_ADMISSION_LEVEL_UPDATE_INTERVAL 10ms} {DAGOR_UMAX 20}]

Summary:
  Count:	49275
  Total:	24.90 s
  Slowest:	920.77 ms
  Fastest:	111.25 ms
  Average:	131.46 ms
  Requests/sec:	1978.98

Response time histogram:
  111.245 [1]     |
  192.198 [48968] |∎∎∎∎∎∎∎∎∎∎∎∎∎∎∎∎∎∎∎∎∎∎∎∎∎∎∎∎∎∎∎∎∎∎∎∎∎∎∎∎
  273.150 [3]     |
  354.102 [0]     |
  435.054 [0]     |
  516.006 [0]     |
  596.958 [1]     |
  677.910 [32]    |
  758.862 [4]     |
  839.814 [44]    |
  920.766 [62]    |

Latency distribution:
  10 % in 114.90 ms 
  25 % in 120.44 ms 
  50 % in 128.28 ms 
  75 % in 136.82 ms 
  90 % in 146.10 ms 
  95 % in 152.80 ms 
  99 % in 167.23 ms 

Status code distribution:
  [ResourceExhausted]   29 responses      
  [OK]                  49115 responses   
  [Canceled]            131 responses     

Error distribution:
  [6]     rpc error: code = ResourceExhausted desc = Client id 20cb0f03-d964-41fc-a531-4f7d6a84f235 request expired in queue.   
  [22]    rpc error: code = ResourceExhausted desc = Client id 3a267b3f-d3b8-42d4-b59a-1a5989fc35ec request expired in queue.   
  [1]     rpc error: code = ResourceExhausted desc = Client id 9e2658e6-98e5-4469-97cb-e4b490b87e0b request expired in queue.   
  [131]   rpc error: code = Canceled desc = grpc: the client connection is closing                                              

Debug: Checking Namespace=default, Pod=ms-10090-6454f977fd-8kvfd for Target File=deathstar_*.output
Namespace: default, Pod: ms-10090-6454f977fd-8kvfd has the target files.
Copying deathstar_ms-10090.output to deathstar_ms-10090.output
tar: removing leading '/' from member names
Debug: Checking Namespace=default, Pod=ms-13558-b48bb5d9d-fqjr2 for Target File=deathstar_*.output
Namespace: default, Pod: ms-13558-b48bb5d9d-fqjr2 has the target files.
Copying deathstar_ms-13558.output to deathstar_ms-13558.output
tar: removing leading '/' from member names
Debug: Checking Namespace=default, Pod=ms-18330-759d9cf49c-8sdxn for Target File=deathstar_*.output
Namespace: default, Pod: ms-18330-759d9cf49c-8sdxn has the target files.
Copying deathstar_ms-18330.output to deathstar_ms-18330.output
tar: removing leading '/' from member names
Debug: Checking Namespace=default, Pod=ms-19585-6f995cfcbf-nmvz5 for Target File=deathstar_*.output
Namespace: default, Pod: ms-19585-6f995cfcbf-nmvz5 has the target files.
Copying deathstar_ms-19585.output to deathstar_ms-19585.output
tar: removing leading '/' from member names
Debug: Checking Namespace=default, Pod=ms-20172-59d5485464-5b6xj for Target File=deathstar_*.output
Namespace: default, Pod: ms-20172-59d5485464-5b6xj has the target files.
Copying deathstar_ms-20172.output to deathstar_ms-20172.output
tar: removing leading '/' from member names
Debug: Checking Namespace=default, Pod=ms-22893-576fd5f9f6-gqs68 for Target File=deathstar_*.output
Namespace: default, Pod: ms-22893-576fd5f9f6-gqs68 has the target files.
Copying deathstar_ms-22893.output to deathstar_ms-22893.output
tar: removing leading '/' from member names
Debug: Checking Namespace=default, Pod=ms-24009-67dbf5b976-7b6kg for Target File=deathstar_*.output
Namespace: default, Pod: ms-24009-67dbf5b976-7b6kg has the target files.
Copying deathstar_ms-24009.output to deathstar_ms-24009.output
tar: removing leading '/' from member names
Debug: Checking Namespace=default, Pod=ms-24959-99f8bbf9-4nnq9 for Target File=deathstar_*.output
Namespace: default, Pod: ms-24959-99f8bbf9-4nnq9 has the target files.
Copying deathstar_ms-24959.output to deathstar_ms-24959.output
tar: removing leading '/' from member names
Debug: Checking Namespace=default, Pod=ms-26622-66fdf7d64f-qgrdj for Target File=deathstar_*.output
Namespace: default, Pod: ms-26622-66fdf7d64f-qgrdj has the target files.
Copying deathstar_ms-26622.output to deathstar_ms-26622.output
tar: removing leading '/' from member names
Debug: Checking Namespace=default, Pod=ms-27421-64f549855c-tzgzb for Target File=deathstar_*.output
Namespace: default, Pod: ms-27421-64f549855c-tzgzb has the target files.
Copying deathstar_ms-27421.output to deathstar_ms-27421.output
tar: removing leading '/' from member names
Debug: Checking Namespace=default, Pod=ms-29373-8467f7db44-wdgcb for Target File=deathstar_*.output
Namespace: default, Pod: ms-29373-8467f7db44-wdgcb has the target files.
Copying deathstar_ms-29373.output to deathstar_ms-29373.output
tar: removing leading '/' from member names
Debug: Checking Namespace=default, Pod=ms-32301-c5654bbc5-gws4k for Target File=deathstar_*.output
Namespace: default, Pod: ms-32301-c5654bbc5-gws4k has the target files.
Copying deathstar_ms-32301.output to deathstar_ms-32301.output
tar: removing leading '/' from member names
Debug: Checking Namespace=default, Pod=ms-3289-587dbd96bf-7kk8r for Target File=deathstar_*.output
Namespace: default, Pod: ms-3289-587dbd96bf-7kk8r has the target files.
Copying deathstar_ms-3289.output to deathstar_ms-3289.output
tar: removing leading '/' from member names
Debug: Checking Namespace=default, Pod=ms-37691-6dc6cd6744-ngw7f for Target File=deathstar_*.output
Namespace: default, Pod: ms-37691-6dc6cd6744-ngw7f has the target files.
Copying deathstar_ms-37691.output to deathstar_ms-37691.output
tar: removing leading '/' from member names
Debug: Checking Namespace=default, Pod=ms-38964-5b647cdbd-fd8zh for Target File=deathstar_*.output
Namespace: default, Pod: ms-38964-5b647cdbd-fd8zh has the target files.
Copying deathstar_ms-38964.output to deathstar_ms-38964.output
tar: removing leading '/' from member names
Debug: Checking Namespace=default, Pod=ms-40147-cd867585-fgwxj for Target File=deathstar_*.output
Namespace: default, Pod: ms-40147-cd867585-fgwxj has the target files.
Copying deathstar_ms-40147.output to deathstar_ms-40147.output
tar: removing leading '/' from member names
Debug: Checking Namespace=default, Pod=ms-48118-ff7b99cc9-4lxvq for Target File=deathstar_*.output
Namespace: default, Pod: ms-48118-ff7b99cc9-4lxvq has the target files.
Copying deathstar_ms-48118.output to deathstar_ms-48118.output
tar: removing leading '/' from member names
Debug: Checking Namespace=default, Pod=ms-4829-669557b66c-gcjzj for Target File=deathstar_*.output
Namespace: default, Pod: ms-4829-669557b66c-gcjzj has the target files.
Copying deathstar_ms-4829.output to deathstar_ms-4829.output
tar: removing leading '/' from member names
Debug: Checking Namespace=default, Pod=ms-51685-79858c784f-rdvdp for Target File=deathstar_*.output
Namespace: default, Pod: ms-51685-79858c784f-rdvdp has the target files.
Copying deathstar_ms-51685.output to deathstar_ms-51685.output
tar: removing leading '/' from member names
Debug: Checking Namespace=default, Pod=ms-52379-57c6cdd54b-67sb4 for Target File=deathstar_*.output
Namespace: default, Pod: ms-52379-57c6cdd54b-67sb4 has the target files.
Copying deathstar_ms-52379.output to deathstar_ms-52379.output
tar: removing leading '/' from member names
Debug: Checking Namespace=default, Pod=ms-55394-6f999f5df9-6jpp6 for Target File=deathstar_*.output
Namespace: default, Pod: ms-55394-6f999f5df9-6jpp6 has the target files.
Copying deathstar_ms-55394.output to deathstar_ms-55394.output
tar: removing leading '/' from member names
Debug: Checking Namespace=default, Pod=ms-58436-59dd96f659-dkdrm for Target File=deathstar_*.output
Namespace: default, Pod: ms-58436-59dd96f659-dkdrm has the target files.
Copying deathstar_ms-58436.output to deathstar_ms-58436.output
tar: removing leading '/' from member names
Debug: Checking Namespace=default, Pod=ms-58772-68ff78c966-pntv6 for Target File=deathstar_*.output
Namespace: default, Pod: ms-58772-68ff78c966-pntv6 has the target files.
Copying deathstar_ms-58772.output to deathstar_ms-58772.output
tar: removing leading '/' from member names
Debug: Checking Namespace=default, Pod=ms-59962-756b895b58-bg4wz for Target File=deathstar_*.output
Namespace: default, Pod: ms-59962-756b895b58-bg4wz has the target files.
Copying deathstar_ms-59962.output to deathstar_ms-59962.output
tar: removing leading '/' from member names
Debug: Checking Namespace=default, Pod=ms-60061-68bd84bdcd-2nrp2 for Target File=deathstar_*.output
Namespace: default, Pod: ms-60061-68bd84bdcd-2nrp2 has the target files.
Copying deathstar_ms-60061.output to deathstar_ms-60061.output
tar: removing leading '/' from member names
Debug: Checking Namespace=default, Pod=ms-6323-974659fcd-rs7m5 for Target File=deathstar_*.output
Namespace: default, Pod: ms-6323-974659fcd-rs7m5 has the target files.
Copying deathstar_ms-6323.output to deathstar_ms-6323.output
tar: removing leading '/' from member names
Debug: Checking Namespace=default, Pod=ms-65741-65f588bcdf-pn76r for Target File=deathstar_*.output
Namespace: default, Pod: ms-65741-65f588bcdf-pn76r has the target files.
Copying deathstar_ms-65741.output to deathstar_ms-65741.output
tar: removing leading '/' from member names
Debug: Checking Namespace=default, Pod=ms-66473-79c66f8bff-jsmhd for Target File=deathstar_*.output
Namespace: default, Pod: ms-66473-79c66f8bff-jsmhd has the target files.
Copying deathstar_ms-66473.output to deathstar_ms-66473.output
tar: removing leading '/' from member names
Debug: Checking Namespace=default, Pod=ms-69188-65c548d4cb-xvqvc for Target File=deathstar_*.output
Namespace: default, Pod: ms-69188-65c548d4cb-xvqvc has the target files.
Copying deathstar_ms-69188.output to deathstar_ms-69188.output
tar: removing leading '/' from member names
Debug: Checking Namespace=default, Pod=ms-69614-794bd8475-l4nl4 for Target File=deathstar_*.output
Namespace: default, Pod: ms-69614-794bd8475-l4nl4 has the target files.
Copying deathstar_ms-69614.output to deathstar_ms-69614.output
tar: removing leading '/' from member names
Debug: Checking Namespace=default, Pod=ms-9081-567985788-t4hbp for Target File=deathstar_*.output
Namespace: default, Pod: ms-9081-567985788-t4hbp has the target files.
Copying deathstar_ms-9081.output to deathstar_ms-9081.output
tar: removing leading '/' from member names
Debug: Checking Namespace=default, Pod=nginx-web-server-56557f7cb7-dvvhl for Target File=deathstar_*.output
Namespace: default, Pod: nginx-web-server-56557f7cb7-dvvhl has the target files.
Copying deathstar_nginx-web-server.output to deathstar_nginx-web-server.output
tar: removing leading '/' from member names
Debug: Checking Namespace=default, Pod=unknown-6ddf9bd4b5-kr7md for Target File=deathstar_*.output
Namespace: default, Pod: unknown-6ddf9bd4b5-kr7md has the target files.
Copying deathstar_unknown.output to deathstar_unknown.output
tar: removing leading '/' from member names
