Deployments: compose-post-service
home-timeline-redis
home-timeline-service
media-service
nginx-web-server
post-storage-mongo
post-storage-service
social-graph-redis
social-graph-service
text-service
unique-id-service
url-shorten-mongo
url-shorten-service
user-mention-memcached
user-mention-service
user-service
user-timeline-mongo
user-timeline-redis
user-timeline-service
Waiting for deployment "compose-post-service" rollout to finish: 0 of 1 updated replicas are available...
deployment "compose-post-service" successfully rolled out
Deployment compose-post-service is ready.
deployment "home-timeline-redis" successfully rolled out
Deployment home-timeline-redis is ready.
deployment "home-timeline-service" successfully rolled out
Deployment home-timeline-service is ready.
deployment "media-service" successfully rolled out
Deployment media-service is ready.
deployment "nginx-web-server" successfully rolled out
Deployment nginx-web-server is ready.
deployment "post-storage-mongo" successfully rolled out
Deployment post-storage-mongo is ready.
deployment "post-storage-service" successfully rolled out
Deployment post-storage-service is ready.
deployment "social-graph-redis" successfully rolled out
Deployment social-graph-redis is ready.
deployment "social-graph-service" successfully rolled out
Deployment social-graph-service is ready.
deployment "text-service" successfully rolled out
Deployment text-service is ready.
deployment "unique-id-service" successfully rolled out
Deployment unique-id-service is ready.
deployment "url-shorten-mongo" successfully rolled out
Deployment url-shorten-mongo is ready.
deployment "url-shorten-service" successfully rolled out
Deployment url-shorten-service is ready.
deployment "user-mention-memcached" successfully rolled out
Deployment user-mention-memcached is ready.
deployment "user-mention-service" successfully rolled out
Deployment user-mention-service is ready.
deployment "user-service" successfully rolled out
Deployment user-service is ready.
deployment "user-timeline-mongo" successfully rolled out
Deployment user-timeline-mongo is ready.
deployment "user-timeline-redis" successfully rolled out
Deployment user-timeline-redis is ready.
deployment "user-timeline-service" successfully rolled out
Deployment user-timeline-service is ready.
ENTRY_POINT: nginx-web-server
SERVICE_A_URL: 10.111.153.239:50051
Capacity: 7000
Metadata: timestamp={{.TimestampUnix}}
Metadata: method=compose
Metadata: request-id={{.RequestNumber}}
Constant load: true
Capacity: 7000
Run duration: 10s
Enable Charon: false
Charon options: map[debug:false debugFreq:1000 initprice:10 rateLimiting:true tokenRefillDist:poisson tokenStrategy:uniform tokenUpdateRate:10ms tokenUpdateStep:10 tokensLeft:0]

Summary:
  Count:	68278
  Total:	9.80 s
  Slowest:	1.05 s
  Fastest:	16.53 ms
  Average:	66.25 ms
  Requests/sec:	6969.50

Response time histogram:
  16.531   [1]     |
  119.760  [60184] |∎∎∎∎∎∎∎∎∎∎∎∎∎∎∎∎∎∎∎∎∎∎∎∎∎∎∎∎∎∎∎∎∎∎∎∎∎∎∎∎
  222.989  [7968]  |∎∎∎∎∎
  326.218  [19]    |
  429.447  [0]     |
  532.676  [0]     |
  635.905  [0]     |
  739.134  [0]     |
  842.364  [0]     |
  945.593  [9]     |
  1048.822 [68]    |

Latency distribution:
  10 % in 31.61 ms 
  25 % in 38.87 ms 
  50 % in 51.90 ms 
  75 % in 79.80 ms 
  90 % in 126.68 ms 
  95 % in 147.78 ms 
  99 % in 179.17 ms 

Status code distribution:
  [OK]         68249 responses   
  [Canceled]   29 responses      

Error distribution:
  [29]   rpc error: code = Canceled desc = grpc: the client connection is closing   

Debug: Checking Namespace=default, Pod=compose-post-service-6f9845489d-qp5qg for Target File=deathstar_*.output
Namespace: default, Pod: compose-post-service-6f9845489d-qp5qg has the target files.
Copying deathstar_compose-post-service.output to deathstar_compose-post-service.output
tar: removing leading '/' from member names
Debug: Checking Namespace=default, Pod=home-timeline-redis-68bdbb459f-g68ds for Target File=deathstar_*.output
Namespace: default, Pod: home-timeline-redis-68bdbb459f-g68ds has the target files.
Copying deathstar_home-timeline-redis.output to deathstar_home-timeline-redis.output
tar: removing leading '/' from member names
Debug: Checking Namespace=default, Pod=home-timeline-service-7974fb9949-pt4m6 for Target File=deathstar_*.output
Namespace: default, Pod: home-timeline-service-7974fb9949-pt4m6 has the target files.
Copying deathstar_home-timeline-service.output to deathstar_home-timeline-service.output
tar: removing leading '/' from member names
Debug: Checking Namespace=default, Pod=media-service-cfc4b74c7-jw8cc for Target File=deathstar_*.output
Namespace: default, Pod: media-service-cfc4b74c7-jw8cc has the target files.
Copying deathstar_media-service.output to deathstar_media-service.output
tar: removing leading '/' from member names
Debug: Checking Namespace=default, Pod=nginx-web-server-64fc6fd886-jj5kx for Target File=deathstar_*.output
Namespace: default, Pod: nginx-web-server-64fc6fd886-jj5kx has the target files.
Copying deathstar_nginx-web-server.output to deathstar_nginx-web-server.output
tar: removing leading '/' from member names
Debug: Checking Namespace=default, Pod=post-storage-mongo-65c79c9bcd-xzbz6 for Target File=deathstar_*.output
Namespace: default, Pod: post-storage-mongo-65c79c9bcd-xzbz6 has the target files.
Copying deathstar_post-storage-mongo.output to deathstar_post-storage-mongo.output
tar: removing leading '/' from member names
Debug: Checking Namespace=default, Pod=post-storage-service-6cb68b6d86-sqj2l for Target File=deathstar_*.output
Namespace: default, Pod: post-storage-service-6cb68b6d86-sqj2l has the target files.
Copying deathstar_post-storage-service.output to deathstar_post-storage-service.output
tar: removing leading '/' from member names
Debug: Checking Namespace=default, Pod=social-graph-redis-6fdf7b4459-6njwm for Target File=deathstar_*.output
Namespace: default, Pod: social-graph-redis-6fdf7b4459-6njwm has the target files.
Copying deathstar_social-graph-redis.output to deathstar_social-graph-redis.output
tar: removing leading '/' from member names
Debug: Checking Namespace=default, Pod=social-graph-service-7d9d94b79d-g9d84 for Target File=deathstar_*.output
Namespace: default, Pod: social-graph-service-7d9d94b79d-g9d84 has the target files.
Copying deathstar_social-graph-service.output to deathstar_social-graph-service.output
tar: removing leading '/' from member names
Debug: Checking Namespace=default, Pod=text-service-58d95db9d4-5s8nk for Target File=deathstar_*.output
Namespace: default, Pod: text-service-58d95db9d4-5s8nk has the target files.
Copying deathstar_text-service.output to deathstar_text-service.output
tar: removing leading '/' from member names
Debug: Checking Namespace=default, Pod=unique-id-service-64bdc5f76-bmtx8 for Target File=deathstar_*.output
Namespace: default, Pod: unique-id-service-64bdc5f76-bmtx8 has the target files.
Copying deathstar_unique-id-service.output to deathstar_unique-id-service.output
tar: removing leading '/' from member names
Debug: Checking Namespace=default, Pod=url-shorten-mongo-6b4c85bb87-7jlhf for Target File=deathstar_*.output
Namespace: default, Pod: url-shorten-mongo-6b4c85bb87-7jlhf has the target files.
Copying deathstar_url-shorten-mongo.output to deathstar_url-shorten-mongo.output
tar: removing leading '/' from member names
Debug: Checking Namespace=default, Pod=url-shorten-service-68d694d594-jhn2g for Target File=deathstar_*.output
Namespace: default, Pod: url-shorten-service-68d694d594-jhn2g has the target files.
Copying deathstar_url-shorten-service.output to deathstar_url-shorten-service.output
tar: removing leading '/' from member names
Debug: Checking Namespace=default, Pod=user-mention-memcached-64575cd9dc-j4jgd for Target File=deathstar_*.output
Namespace: default, Pod: user-mention-memcached-64575cd9dc-j4jgd has the target files.
Copying deathstar_user-mention-memcached.output to deathstar_user-mention-memcached.output
tar: removing leading '/' from member names
Debug: Checking Namespace=default, Pod=user-mention-service-6dcfcb4b8d-77sjl for Target File=deathstar_*.output
Namespace: default, Pod: user-mention-service-6dcfcb4b8d-77sjl has the target files.
Copying deathstar_user-mention-service.output to deathstar_user-mention-service.output
tar: removing leading '/' from member names
Debug: Checking Namespace=default, Pod=user-service-f4bc49647-bqrkc for Target File=deathstar_*.output
Namespace: default, Pod: user-service-f4bc49647-bqrkc has the target files.
Copying deathstar_user-service.output to deathstar_user-service.output
tar: removing leading '/' from member names
Debug: Checking Namespace=default, Pod=user-timeline-mongo-6dfc455859-ltvg7 for Target File=deathstar_*.output
Namespace: default, Pod: user-timeline-mongo-6dfc455859-ltvg7 has the target files.
Copying deathstar_user-timeline-mongo.output to deathstar_user-timeline-mongo.output
tar: removing leading '/' from member names
Debug: Checking Namespace=default, Pod=user-timeline-redis-7b55f9ffd9-7fp99 for Target File=deathstar_*.output
Namespace: default, Pod: user-timeline-redis-7b55f9ffd9-7fp99 has the target files.
Copying deathstar_user-timeline-redis.output to deathstar_user-timeline-redis.output
tar: removing leading '/' from member names
Debug: Checking Namespace=default, Pod=user-timeline-service-f648cb4f4-tbz7z for Target File=deathstar_*.output
Namespace: default, Pod: user-timeline-service-f648cb4f4-tbz7z has the target files.
Copying deathstar_user-timeline-service.output to deathstar_user-timeline-service.output
tar: removing leading '/' from member names
Debug: Checking Namespace=default, Pod=compose-post-service-6f9845489d-qp5qg for Target File=*.pprof
Namespace: default, Pod: compose-post-service-6f9845489d-qp5qg has the target files.
Copying compose-post-service.pprof to compose-post-service.pprof
tar: removing leading '/' from member names
tar: removing leading '/' from member names
Debug: Checking Namespace=default, Pod=home-timeline-redis-68bdbb459f-g68ds for Target File=*.pprof
Namespace: default, Pod: home-timeline-redis-68bdbb459f-g68ds has the target files.
Copying home-timeline-redis.pprof to home-timeline-redis.pprof
tar: removing leading '/' from member names
tar: removing leading '/' from member names
Debug: Checking Namespace=default, Pod=home-timeline-service-7974fb9949-pt4m6 for Target File=*.pprof
Namespace: default, Pod: home-timeline-service-7974fb9949-pt4m6 has the target files.
Copying home-timeline-service.pprof to home-timeline-service.pprof
tar: removing leading '/' from member names
tar: removing leading '/' from member names
Debug: Checking Namespace=default, Pod=media-service-cfc4b74c7-jw8cc for Target File=*.pprof
Namespace: default, Pod: media-service-cfc4b74c7-jw8cc has the target files.
Copying media-service.pprof to media-service.pprof
tar: removing leading '/' from member names
tar: removing leading '/' from member names
Debug: Checking Namespace=default, Pod=nginx-web-server-64fc6fd886-jj5kx for Target File=*.pprof
Namespace: default, Pod: nginx-web-server-64fc6fd886-jj5kx has the target files.
Copying nginx-web-server.pprof to nginx-web-server.pprof
tar: removing leading '/' from member names
tar: removing leading '/' from member names
Debug: Checking Namespace=default, Pod=post-storage-mongo-65c79c9bcd-xzbz6 for Target File=*.pprof
Namespace: default, Pod: post-storage-mongo-65c79c9bcd-xzbz6 has the target files.
Copying post-storage-mongo.pprof to post-storage-mongo.pprof
tar: removing leading '/' from member names
tar: removing leading '/' from member names
Debug: Checking Namespace=default, Pod=post-storage-service-6cb68b6d86-sqj2l for Target File=*.pprof
Namespace: default, Pod: post-storage-service-6cb68b6d86-sqj2l has the target files.
Copying post-storage-service.pprof to post-storage-service.pprof
tar: removing leading '/' from member names
tar: removing leading '/' from member names
Debug: Checking Namespace=default, Pod=social-graph-redis-6fdf7b4459-6njwm for Target File=*.pprof
Namespace: default, Pod: social-graph-redis-6fdf7b4459-6njwm has the target files.
Copying social-graph-redis.pprof to social-graph-redis.pprof
tar: removing leading '/' from member names
tar: removing leading '/' from member names
Debug: Checking Namespace=default, Pod=social-graph-service-7d9d94b79d-g9d84 for Target File=*.pprof
Namespace: default, Pod: social-graph-service-7d9d94b79d-g9d84 has the target files.
Copying social-graph-service.pprof to social-graph-service.pprof
tar: removing leading '/' from member names
tar: removing leading '/' from member names
Debug: Checking Namespace=default, Pod=text-service-58d95db9d4-5s8nk for Target File=*.pprof
Namespace: default, Pod: text-service-58d95db9d4-5s8nk has the target files.
Copying text-service.pprof to text-service.pprof
tar: removing leading '/' from member names
tar: removing leading '/' from member names
Debug: Checking Namespace=default, Pod=unique-id-service-64bdc5f76-bmtx8 for Target File=*.pprof
Namespace: default, Pod: unique-id-service-64bdc5f76-bmtx8 has the target files.
Copying unique-id-service.pprof to unique-id-service.pprof
tar: removing leading '/' from member names
tar: removing leading '/' from member names
Debug: Checking Namespace=default, Pod=url-shorten-mongo-6b4c85bb87-7jlhf for Target File=*.pprof
Namespace: default, Pod: url-shorten-mongo-6b4c85bb87-7jlhf has the target files.
Copying url-shorten-mongo.pprof to url-shorten-mongo.pprof
tar: removing leading '/' from member names
tar: removing leading '/' from member names
Debug: Checking Namespace=default, Pod=url-shorten-service-68d694d594-jhn2g for Target File=*.pprof
Namespace: default, Pod: url-shorten-service-68d694d594-jhn2g has the target files.
Copying url-shorten-service.pprof to url-shorten-service.pprof
tar: removing leading '/' from member names
tar: removing leading '/' from member names
Debug: Checking Namespace=default, Pod=user-mention-memcached-64575cd9dc-j4jgd for Target File=*.pprof
Namespace: default, Pod: user-mention-memcached-64575cd9dc-j4jgd has the target files.
Copying user-mention-memcached.pprof to user-mention-memcached.pprof
tar: removing leading '/' from member names
tar: removing leading '/' from member names
Debug: Checking Namespace=default, Pod=user-mention-service-6dcfcb4b8d-77sjl for Target File=*.pprof
Namespace: default, Pod: user-mention-service-6dcfcb4b8d-77sjl has the target files.
Copying user-mention-service.pprof to user-mention-service.pprof
tar: removing leading '/' from member names
tar: removing leading '/' from member names
Debug: Checking Namespace=default, Pod=user-service-f4bc49647-bqrkc for Target File=*.pprof
Namespace: default, Pod: user-service-f4bc49647-bqrkc has the target files.
Copying user-service.pprof to user-service.pprof
tar: removing leading '/' from member names
tar: removing leading '/' from member names
Debug: Checking Namespace=default, Pod=user-timeline-mongo-6dfc455859-ltvg7 for Target File=*.pprof
Namespace: default, Pod: user-timeline-mongo-6dfc455859-ltvg7 has the target files.
Copying user-timeline-mongo.pprof to user-timeline-mongo.pprof
tar: removing leading '/' from member names
tar: removing leading '/' from member names
Debug: Checking Namespace=default, Pod=user-timeline-redis-7b55f9ffd9-7fp99 for Target File=*.pprof
Namespace: default, Pod: user-timeline-redis-7b55f9ffd9-7fp99 has the target files.
Copying user-timeline-redis.pprof to user-timeline-redis.pprof
tar: removing leading '/' from member names
tar: removing leading '/' from member names
Debug: Checking Namespace=default, Pod=user-timeline-service-f648cb4f4-tbz7z for Target File=*.pprof
Namespace: default, Pod: user-timeline-service-f648cb4f4-tbz7z has the target files.
Copying user-timeline-service.pprof to user-timeline-service.pprof
tar: removing leading '/' from member names
