Deployments: ms-11070
ms-11285
ms-11512
ms-1278
ms-13873
ms-19953
ms-21883
ms-25124
ms-27421
ms-2827
ms-33719
ms-37691
ms-43309
ms-4354
ms-46825
ms-60236
ms-71771
ms-8052
ms-902
nginx-web-server
deployment "ms-11070" successfully rolled out
deployment "ms-11285" successfully rolled out
deployment "ms-11512" successfully rolled out
deployment "ms-1278" successfully rolled out
deployment "ms-13873" successfully rolled out
deployment "ms-19953" successfully rolled out
deployment "ms-21883" successfully rolled out
deployment "ms-25124" successfully rolled out
deployment "ms-27421" successfully rolled out
deployment "ms-2827" successfully rolled out
deployment "ms-33719" successfully rolled out
deployment "ms-37691" successfully rolled out
deployment "ms-43309" successfully rolled out
deployment "ms-4354" successfully rolled out
deployment "ms-46825" successfully rolled out
deployment "ms-60236" successfully rolled out
deployment "ms-71771" successfully rolled out
deployment "ms-8052" successfully rolled out
deployment "ms-902" successfully rolled out
deployment "nginx-web-server" successfully rolled out
ENTRY_POINT: nginx-web-server
SERVICE_A_URL: 10.102.72.14:50051
Capacity: 10000
Metadata: request-id={{.RequestNumber}}
Metadata: timestamp={{.TimestampUnix}}
Metadata: method=S_102000854
Charon Configurations:
[{INTERCEPT breakwater} {PRICE_UPDATE_RATE 10ms} {TOKEN_UPDATE_RATE 10ms} {LATENCY_THRESHOLD 100us} {PRICE_STEP 0} {PRICE_STRATEGY step} {LAZY_UPDATE false} {RATE_LIMITING true} {LOAD_SHEDDING true} {CHARON_TRACK_PRICE false} {BREAKWATER_SLO 4393us} {BREAKWATER_A 20.0} {BREAKWATER_B 0.0} {BREAKWATER_CLIENT_EXPIRATION 5000us} {BREAKWATER_INITIAL_CREDIT 2000} {BREAKWATER_LOAD_SHEDDING true} {BREAKWATER_RTT 0us} {BREAKWATERD_SLO 12500us} {BREAKWATERD_A 0.001} {BREAKWATERD_B 0.02} {BREAKWATERD_CLIENT_EXPIRATION 10ms} {BREAKWATERD_INITIAL_CREDIT 400} {BREAKWATERD_LOAD_SHEDDING true} {BREAKWATERD_RTT 1000us} {DAGOR_QUEUING_THRESHOLD 2ms} {DAGOR_ALPHA 0.05} {DAGOR_BETA 0.01} {DAGOR_ADMISSION_LEVEL_UPDATE_INTERVAL 10ms} {DAGOR_UMAX 20}]

Summary:
  Count:	113153
  Total:	14.85 s
  Slowest:	824.78 ms
  Fastest:	39.01 ms
  Average:	185.19 ms
  Requests/sec:	7619.69

Response time histogram:
  39.006  [1]     |
  117.583 [22155] |∎∎∎∎∎∎∎∎∎∎∎∎∎∎∎∎∎∎∎∎∎∎∎∎∎∎∎∎∎∎∎∎
  196.161 [27461] |∎∎∎∎∎∎∎∎∎∎∎∎∎∎∎∎∎∎∎∎∎∎∎∎∎∎∎∎∎∎∎∎∎∎∎∎∎∎∎∎
  274.738 [22183] |∎∎∎∎∎∎∎∎∎∎∎∎∎∎∎∎∎∎∎∎∎∎∎∎∎∎∎∎∎∎∎∎
  353.316 [13582] |∎∎∎∎∎∎∎∎∎∎∎∎∎∎∎∎∎∎∎∎
  431.893 [9180]  |∎∎∎∎∎∎∎∎∎∎∎∎∎
  510.470 [3332]  |∎∎∎∎∎
  589.048 [766]   |∎
  667.625 [109]   |
  746.203 [28]    |
  824.780 [107]   |

Latency distribution:
  10 % in 42.48 ms 
  25 % in 126.62 ms 
  50 % in 195.68 ms 
  75 % in 287.02 ms 
  90 % in 376.30 ms 
  95 % in 424.41 ms 
  99 % in 511.68 ms 

Status code distribution:
  [OK]                  98904 responses   
  [ResourceExhausted]   12978 responses   
  [Canceled]            1271 responses    

Error distribution:
  [1271]    rpc error: code = Canceled desc = grpc: the client connection is closing                       
  [12978]   rpc error: code = ResourceExhausted desc = Server-side queuing delay is beyond AQM threshold   

Debug: Checking Namespace=default, Pod=ms-11070-7868c54f44-bg76t for Target File=deathstar_*.output
Namespace: default, Pod: ms-11070-7868c54f44-bg76t has the target files.
Copying deathstar_ms-11070.output to deathstar_ms-11070.output
tar: removing leading '/' from member names
Debug: Checking Namespace=default, Pod=ms-11285-67d597dc77-ll28d for Target File=deathstar_*.output
Namespace: default, Pod: ms-11285-67d597dc77-ll28d has the target files.
Copying deathstar_ms-11285.output to deathstar_ms-11285.output
tar: removing leading '/' from member names
Debug: Checking Namespace=default, Pod=ms-11512-75f8ddc45b-7xd7m for Target File=deathstar_*.output
Namespace: default, Pod: ms-11512-75f8ddc45b-7xd7m has the target files.
Copying deathstar_ms-11512.output to deathstar_ms-11512.output
tar: removing leading '/' from member names
Debug: Checking Namespace=default, Pod=ms-1278-85766ff6b8-xng6n for Target File=deathstar_*.output
Namespace: default, Pod: ms-1278-85766ff6b8-xng6n has the target files.
Copying deathstar_ms-1278.output to deathstar_ms-1278.output
tar: removing leading '/' from member names
Debug: Checking Namespace=default, Pod=ms-13873-85d7bb7b97-xlcjr for Target File=deathstar_*.output
Namespace: default, Pod: ms-13873-85d7bb7b97-xlcjr has the target files.
Copying deathstar_ms-13873.output to deathstar_ms-13873.output
tar: removing leading '/' from member names
Debug: Checking Namespace=default, Pod=ms-19953-68cc8998c5-6rgv7 for Target File=deathstar_*.output
Namespace: default, Pod: ms-19953-68cc8998c5-6rgv7 has the target files.
Copying deathstar_ms-19953.output to deathstar_ms-19953.output
tar: removing leading '/' from member names
Debug: Checking Namespace=default, Pod=ms-21883-f6c88c6d4-9znzm for Target File=deathstar_*.output
Namespace: default, Pod: ms-21883-f6c88c6d4-9znzm has the target files.
Copying deathstar_ms-21883.output to deathstar_ms-21883.output
tar: removing leading '/' from member names
Debug: Checking Namespace=default, Pod=ms-25124-77bd4446f5-6fxq7 for Target File=deathstar_*.output
Namespace: default, Pod: ms-25124-77bd4446f5-6fxq7 has the target files.
Copying deathstar_ms-25124.output to deathstar_ms-25124.output
tar: removing leading '/' from member names
Debug: Checking Namespace=default, Pod=ms-27421-8565974486-fgtq5 for Target File=deathstar_*.output
Namespace: default, Pod: ms-27421-8565974486-fgtq5 has the target files.
Copying deathstar_ms-27421.output to deathstar_ms-27421.output
tar: removing leading '/' from member names
Debug: Checking Namespace=default, Pod=ms-2827-5dcc6df4f4-47pgc for Target File=deathstar_*.output
Namespace: default, Pod: ms-2827-5dcc6df4f4-47pgc has the target files.
Copying deathstar_ms-2827.output to deathstar_ms-2827.output
tar: removing leading '/' from member names
Debug: Checking Namespace=default, Pod=ms-33719-6c455cf54c-zx29j for Target File=deathstar_*.output
Namespace: default, Pod: ms-33719-6c455cf54c-zx29j has the target files.
Copying deathstar_ms-33719.output to deathstar_ms-33719.output
tar: removing leading '/' from member names
Debug: Checking Namespace=default, Pod=ms-37691-b9bc44798-phsxk for Target File=deathstar_*.output
Namespace: default, Pod: ms-37691-b9bc44798-phsxk has the target files.
Copying deathstar_ms-37691.output to deathstar_ms-37691.output
tar: removing leading '/' from member names
Debug: Checking Namespace=default, Pod=ms-43309-54f758d465-xdd29 for Target File=deathstar_*.output
Namespace: default, Pod: ms-43309-54f758d465-xdd29 has the target files.
Copying deathstar_ms-43309.output to deathstar_ms-43309.output
tar: removing leading '/' from member names
Debug: Checking Namespace=default, Pod=ms-4354-669cfcbdf6-sbsw8 for Target File=deathstar_*.output
Namespace: default, Pod: ms-4354-669cfcbdf6-sbsw8 has the target files.
Copying deathstar_ms-4354.output to deathstar_ms-4354.output
tar: removing leading '/' from member names
Debug: Checking Namespace=default, Pod=ms-46825-58c684559d-f9cc6 for Target File=deathstar_*.output
Namespace: default, Pod: ms-46825-58c684559d-f9cc6 has the target files.
Copying deathstar_ms-46825.output to deathstar_ms-46825.output
tar: removing leading '/' from member names
Debug: Checking Namespace=default, Pod=ms-60236-64866cf49-65wj4 for Target File=deathstar_*.output
Namespace: default, Pod: ms-60236-64866cf49-65wj4 has the target files.
Copying deathstar_ms-60236.output to deathstar_ms-60236.output
tar: removing leading '/' from member names
Debug: Checking Namespace=default, Pod=ms-71771-567ddbdd95-tdj52 for Target File=deathstar_*.output
Namespace: default, Pod: ms-71771-567ddbdd95-tdj52 has the target files.
Copying deathstar_ms-71771.output to deathstar_ms-71771.output
tar: removing leading '/' from member names
Debug: Checking Namespace=default, Pod=ms-8052-b995968dc-lzzjv for Target File=deathstar_*.output
Namespace: default, Pod: ms-8052-b995968dc-lzzjv has the target files.
Copying deathstar_ms-8052.output to deathstar_ms-8052.output
tar: removing leading '/' from member names
Debug: Checking Namespace=default, Pod=ms-902-5744544f85-h8l8c for Target File=deathstar_*.output
Namespace: default, Pod: ms-902-5744544f85-h8l8c has the target files.
Copying deathstar_ms-902.output to deathstar_ms-902.output
tar: removing leading '/' from member names
Debug: Checking Namespace=default, Pod=nginx-web-server-56557f7cb7-dq4sj for Target File=deathstar_*.output
Namespace: default, Pod: nginx-web-server-56557f7cb7-dq4sj has the target files.
Copying deathstar_nginx-web-server.output to deathstar_nginx-web-server.output
tar: removing leading '/' from member names
