Deployments: ms-10090
ms-13558
ms-18330
ms-19585
ms-20172
ms-22893
ms-24009
ms-24959
ms-26622
ms-27421
ms-29373
ms-32301
ms-3289
ms-37691
ms-38964
ms-40147
ms-48118
ms-4829
ms-51685
ms-52379
ms-55394
ms-58436
ms-58772
ms-59962
ms-60061
ms-6323
ms-65741
ms-66473
ms-69188
ms-69614
ms-9081
nginx-web-server
unknown
deployment "ms-10090" successfully rolled out
deployment "ms-13558" successfully rolled out
deployment "ms-18330" successfully rolled out
deployment "ms-19585" successfully rolled out
deployment "ms-20172" successfully rolled out
deployment "ms-22893" successfully rolled out
deployment "ms-24009" successfully rolled out
deployment "ms-24959" successfully rolled out
deployment "ms-26622" successfully rolled out
deployment "ms-27421" successfully rolled out
deployment "ms-29373" successfully rolled out
deployment "ms-32301" successfully rolled out
deployment "ms-3289" successfully rolled out
deployment "ms-37691" successfully rolled out
deployment "ms-38964" successfully rolled out
deployment "ms-40147" successfully rolled out
deployment "ms-48118" successfully rolled out
deployment "ms-4829" successfully rolled out
deployment "ms-51685" successfully rolled out
deployment "ms-52379" successfully rolled out
deployment "ms-55394" successfully rolled out
deployment "ms-58436" successfully rolled out
deployment "ms-58772" successfully rolled out
deployment "ms-59962" successfully rolled out
deployment "ms-60061" successfully rolled out
deployment "ms-6323" successfully rolled out
deployment "ms-65741" successfully rolled out
deployment "ms-66473" successfully rolled out
deployment "ms-69188" successfully rolled out
deployment "ms-69614" successfully rolled out
deployment "ms-9081" successfully rolled out
deployment "nginx-web-server" successfully rolled out
deployment "unknown" successfully rolled out
ENTRY_POINT: nginx-web-server
SERVICE_A_URL: 10.110.93.253:50051
Capacity: 10000
Metadata: request-id={{.RequestNumber}}
Metadata: timestamp={{.TimestampUnix}}
Metadata: method=S_149998854
Charon Configurations:
[{INTERCEPT breakwater} {PRICE_UPDATE_RATE 10ms} {TOKEN_UPDATE_RATE 10ms} {LATENCY_THRESHOLD 100us} {PRICE_STEP 0} {PRICE_STRATEGY step} {LAZY_UPDATE false} {RATE_LIMITING true} {LOAD_SHEDDING true} {CHARON_TRACK_PRICE false} {BREAKWATER_SLO 11657us} {BREAKWATER_A 19.77682818935434} {BREAKWATER_B 1.4918584679003895} {BREAKWATER_CLIENT_EXPIRATION 1612us} {BREAKWATER_INITIAL_CREDIT 749} {BREAKWATER_LOAD_SHEDDING true} {BREAKWATER_RTT 6522us} {BREAKWATERD_SLO 12500us} {BREAKWATERD_A 0.001} {BREAKWATERD_B 0.02} {BREAKWATERD_CLIENT_EXPIRATION 10ms} {BREAKWATERD_INITIAL_CREDIT 400} {BREAKWATERD_LOAD_SHEDDING true} {BREAKWATERD_RTT 1000us} {DAGOR_QUEUING_THRESHOLD 2ms} {DAGOR_ALPHA 0.05} {DAGOR_BETA 0.01} {DAGOR_ADMISSION_LEVEL_UPDATE_INTERVAL 10ms} {DAGOR_UMAX 20}]

Summary:
  Count:	84657
  Total:	25.00 s
  Slowest:	1.04 s
  Fastest:	110.90 ms
  Average:	491.74 ms
  Requests/sec:	3386.29

Response time histogram:
  110.902  [1]     |
  204.001  [18218] |∎∎∎∎∎∎∎∎∎∎∎∎∎∎∎∎∎∎∎∎∎∎∎∎∎∎∎∎∎∎∎∎∎∎∎∎∎∎∎∎
  297.101  [11609] |∎∎∎∎∎∎∎∎∎∎∎∎∎∎∎∎∎∎∎∎∎∎∎∎∎
  390.200  [1471]  |∎∎∎
  483.299  [370]   |∎
  576.399  [713]   |∎∎
  669.498  [646]   |∎
  762.598  [995]   |∎∎
  855.697  [2921]  |∎∎∎∎∎∎
  948.797  [6036]  |∎∎∎∎∎∎∎∎∎∎∎∎∎
  1041.896 [3715]  |∎∎∎∎∎∎∎∎

Latency distribution:
  10 % in 113.36 ms 
  25 % in 127.90 ms 
  50 % in 233.32 ms 
  75 % in 808.07 ms 
  90 % in 935.48 ms 
  95 % in 969.12 ms 
  99 % in 995.32 ms 

Status code distribution:
  [ResourceExhausted]   14711 responses   
  [DeadlineExceeded]    22113 responses   
  [Canceled]            1138 responses    
  [OK]                  46695 responses   

Error distribution:
  [14711]   rpc error: code = ResourceExhausted desc = Server-side queuing delay is beyond AQM threshold   
  [22113]   rpc error: code = DeadlineExceeded desc = context deadline exceeded                            
  [1138]    rpc error: code = Canceled desc = grpc: the client connection is closing                       

Debug: Checking Namespace=default, Pod=ms-10090-6454f977fd-wzjsn for Target File=deathstar_*.output
Namespace: default, Pod: ms-10090-6454f977fd-wzjsn has the target files.
Copying deathstar_ms-10090.output to deathstar_ms-10090.output
tar: removing leading '/' from member names
Debug: Checking Namespace=default, Pod=ms-13558-b48bb5d9d-wlsmv for Target File=deathstar_*.output
Namespace: default, Pod: ms-13558-b48bb5d9d-wlsmv has the target files.
Copying deathstar_ms-13558.output to deathstar_ms-13558.output
tar: removing leading '/' from member names
Debug: Checking Namespace=default, Pod=ms-18330-759d9cf49c-m5x77 for Target File=deathstar_*.output
Namespace: default, Pod: ms-18330-759d9cf49c-m5x77 has the target files.
Copying deathstar_ms-18330.output to deathstar_ms-18330.output
tar: removing leading '/' from member names
Debug: Checking Namespace=default, Pod=ms-19585-6f995cfcbf-rg7ll for Target File=deathstar_*.output
Namespace: default, Pod: ms-19585-6f995cfcbf-rg7ll has the target files.
Copying deathstar_ms-19585.output to deathstar_ms-19585.output
tar: removing leading '/' from member names
Debug: Checking Namespace=default, Pod=ms-20172-59d5485464-nvzcl for Target File=deathstar_*.output
Namespace: default, Pod: ms-20172-59d5485464-nvzcl has the target files.
Copying deathstar_ms-20172.output to deathstar_ms-20172.output
tar: removing leading '/' from member names
Debug: Checking Namespace=default, Pod=ms-22893-576fd5f9f6-lkvwv for Target File=deathstar_*.output
Namespace: default, Pod: ms-22893-576fd5f9f6-lkvwv has the target files.
Copying deathstar_ms-22893.output to deathstar_ms-22893.output
tar: removing leading '/' from member names
Debug: Checking Namespace=default, Pod=ms-24009-67dbf5b976-6vfdk for Target File=deathstar_*.output
Namespace: default, Pod: ms-24009-67dbf5b976-6vfdk has the target files.
Copying deathstar_ms-24009.output to deathstar_ms-24009.output
tar: removing leading '/' from member names
Debug: Checking Namespace=default, Pod=ms-24959-99f8bbf9-c8t7z for Target File=deathstar_*.output
Namespace: default, Pod: ms-24959-99f8bbf9-c8t7z has the target files.
Copying deathstar_ms-24959.output to deathstar_ms-24959.output
tar: removing leading '/' from member names
Debug: Checking Namespace=default, Pod=ms-26622-66fdf7d64f-2pn29 for Target File=deathstar_*.output
Namespace: default, Pod: ms-26622-66fdf7d64f-2pn29 has the target files.
Copying deathstar_ms-26622.output to deathstar_ms-26622.output
tar: removing leading '/' from member names
Debug: Checking Namespace=default, Pod=ms-27421-64f549855c-b8zvh for Target File=deathstar_*.output
Namespace: default, Pod: ms-27421-64f549855c-b8zvh has the target files.
Copying deathstar_ms-27421.output to deathstar_ms-27421.output
tar: removing leading '/' from member names
Debug: Checking Namespace=default, Pod=ms-29373-8467f7db44-lwzm4 for Target File=deathstar_*.output
Namespace: default, Pod: ms-29373-8467f7db44-lwzm4 has the target files.
Copying deathstar_ms-29373.output to deathstar_ms-29373.output
tar: removing leading '/' from member names
Debug: Checking Namespace=default, Pod=ms-32301-c5654bbc5-8zknl for Target File=deathstar_*.output
Namespace: default, Pod: ms-32301-c5654bbc5-8zknl has the target files.
Copying deathstar_ms-32301.output to deathstar_ms-32301.output
tar: removing leading '/' from member names
Debug: Checking Namespace=default, Pod=ms-3289-587dbd96bf-slq2d for Target File=deathstar_*.output
Namespace: default, Pod: ms-3289-587dbd96bf-slq2d has the target files.
Copying deathstar_ms-3289.output to deathstar_ms-3289.output
tar: removing leading '/' from member names
Debug: Checking Namespace=default, Pod=ms-37691-6dc6cd6744-qtc4p for Target File=deathstar_*.output
Namespace: default, Pod: ms-37691-6dc6cd6744-qtc4p has the target files.
Copying deathstar_ms-37691.output to deathstar_ms-37691.output
tar: removing leading '/' from member names
Debug: Checking Namespace=default, Pod=ms-38964-5b647cdbd-cgvp2 for Target File=deathstar_*.output
Namespace: default, Pod: ms-38964-5b647cdbd-cgvp2 has the target files.
Copying deathstar_ms-38964.output to deathstar_ms-38964.output
tar: removing leading '/' from member names
Debug: Checking Namespace=default, Pod=ms-40147-cd867585-9vpj2 for Target File=deathstar_*.output
Namespace: default, Pod: ms-40147-cd867585-9vpj2 has the target files.
Copying deathstar_ms-40147.output to deathstar_ms-40147.output
tar: removing leading '/' from member names
Debug: Checking Namespace=default, Pod=ms-48118-ff7b99cc9-vz7x6 for Target File=deathstar_*.output
Namespace: default, Pod: ms-48118-ff7b99cc9-vz7x6 has the target files.
Copying deathstar_ms-48118.output to deathstar_ms-48118.output
tar: removing leading '/' from member names
Debug: Checking Namespace=default, Pod=ms-4829-669557b66c-cpffj for Target File=deathstar_*.output
Namespace: default, Pod: ms-4829-669557b66c-cpffj has the target files.
Copying deathstar_ms-4829.output to deathstar_ms-4829.output
tar: removing leading '/' from member names
Debug: Checking Namespace=default, Pod=ms-51685-79858c784f-9x9p5 for Target File=deathstar_*.output
Namespace: default, Pod: ms-51685-79858c784f-9x9p5 has the target files.
Copying deathstar_ms-51685.output to deathstar_ms-51685.output
tar: removing leading '/' from member names
Debug: Checking Namespace=default, Pod=ms-52379-57c6cdd54b-6lz5q for Target File=deathstar_*.output
Namespace: default, Pod: ms-52379-57c6cdd54b-6lz5q has the target files.
Copying deathstar_ms-52379.output to deathstar_ms-52379.output
tar: removing leading '/' from member names
Debug: Checking Namespace=default, Pod=ms-55394-6f999f5df9-222cp for Target File=deathstar_*.output
Namespace: default, Pod: ms-55394-6f999f5df9-222cp has the target files.
Copying deathstar_ms-55394.output to deathstar_ms-55394.output
tar: removing leading '/' from member names
Debug: Checking Namespace=default, Pod=ms-58436-59dd96f659-nnfj2 for Target File=deathstar_*.output
Namespace: default, Pod: ms-58436-59dd96f659-nnfj2 has the target files.
Copying deathstar_ms-58436.output to deathstar_ms-58436.output
tar: removing leading '/' from member names
Debug: Checking Namespace=default, Pod=ms-58772-68ff78c966-hcxqf for Target File=deathstar_*.output
Namespace: default, Pod: ms-58772-68ff78c966-hcxqf has the target files.
Copying deathstar_ms-58772.output to deathstar_ms-58772.output
tar: removing leading '/' from member names
Debug: Checking Namespace=default, Pod=ms-59962-756b895b58-n4tzd for Target File=deathstar_*.output
Namespace: default, Pod: ms-59962-756b895b58-n4tzd has the target files.
Copying deathstar_ms-59962.output to deathstar_ms-59962.output
tar: removing leading '/' from member names
Debug: Checking Namespace=default, Pod=ms-60061-68bd84bdcd-6qjss for Target File=deathstar_*.output
Namespace: default, Pod: ms-60061-68bd84bdcd-6qjss has the target files.
Copying deathstar_ms-60061.output to deathstar_ms-60061.output
tar: removing leading '/' from member names
Debug: Checking Namespace=default, Pod=ms-6323-974659fcd-2zgg8 for Target File=deathstar_*.output
Namespace: default, Pod: ms-6323-974659fcd-2zgg8 has the target files.
Copying deathstar_ms-6323.output to deathstar_ms-6323.output
tar: removing leading '/' from member names
Debug: Checking Namespace=default, Pod=ms-65741-65f588bcdf-fhtrs for Target File=deathstar_*.output
Namespace: default, Pod: ms-65741-65f588bcdf-fhtrs has the target files.
Copying deathstar_ms-65741.output to deathstar_ms-65741.output
tar: removing leading '/' from member names
Debug: Checking Namespace=default, Pod=ms-66473-79c66f8bff-dkbpv for Target File=deathstar_*.output
Namespace: default, Pod: ms-66473-79c66f8bff-dkbpv has the target files.
Copying deathstar_ms-66473.output to deathstar_ms-66473.output
tar: removing leading '/' from member names
Debug: Checking Namespace=default, Pod=ms-69188-65c548d4cb-jr8gh for Target File=deathstar_*.output
Namespace: default, Pod: ms-69188-65c548d4cb-jr8gh has the target files.
Copying deathstar_ms-69188.output to deathstar_ms-69188.output
tar: removing leading '/' from member names
Debug: Checking Namespace=default, Pod=ms-69614-794bd8475-tz54x for Target File=deathstar_*.output
Namespace: default, Pod: ms-69614-794bd8475-tz54x has the target files.
Copying deathstar_ms-69614.output to deathstar_ms-69614.output
tar: removing leading '/' from member names
Debug: Checking Namespace=default, Pod=ms-9081-567985788-966v9 for Target File=deathstar_*.output
Namespace: default, Pod: ms-9081-567985788-966v9 has the target files.
Copying deathstar_ms-9081.output to deathstar_ms-9081.output
tar: removing leading '/' from member names
Debug: Checking Namespace=default, Pod=nginx-web-server-56557f7cb7-s5vdc for Target File=deathstar_*.output
Namespace: default, Pod: nginx-web-server-56557f7cb7-s5vdc has the target files.
Copying deathstar_nginx-web-server.output to deathstar_nginx-web-server.output
tar: removing leading '/' from member names
Debug: Checking Namespace=default, Pod=unknown-6ddf9bd4b5-c5k4j for Target File=deathstar_*.output
Namespace: default, Pod: unknown-6ddf9bd4b5-c5k4j has the target files.
Copying deathstar_unknown.output to deathstar_unknown.output
tar: removing leading '/' from member names
