Deployments: ms-10090
ms-13558
ms-18330
ms-19585
ms-20172
ms-22893
ms-24009
ms-24959
ms-26622
ms-27421
ms-29373
ms-32301
ms-3289
ms-37691
ms-38964
ms-40147
ms-48118
ms-4829
ms-51685
ms-52379
ms-55394
ms-58436
ms-58772
ms-59962
ms-60061
ms-6323
ms-65741
ms-66473
ms-69188
ms-69614
ms-9081
nginx-web-server
unknown
deployment "ms-10090" successfully rolled out
deployment "ms-13558" successfully rolled out
deployment "ms-18330" successfully rolled out
deployment "ms-19585" successfully rolled out
deployment "ms-20172" successfully rolled out
deployment "ms-22893" successfully rolled out
deployment "ms-24009" successfully rolled out
deployment "ms-24959" successfully rolled out
deployment "ms-26622" successfully rolled out
deployment "ms-27421" successfully rolled out
deployment "ms-29373" successfully rolled out
deployment "ms-32301" successfully rolled out
deployment "ms-3289" successfully rolled out
deployment "ms-37691" successfully rolled out
deployment "ms-38964" successfully rolled out
deployment "ms-40147" successfully rolled out
deployment "ms-48118" successfully rolled out
deployment "ms-4829" successfully rolled out
deployment "ms-51685" successfully rolled out
deployment "ms-52379" successfully rolled out
deployment "ms-55394" successfully rolled out
deployment "ms-58436" successfully rolled out
deployment "ms-58772" successfully rolled out
deployment "ms-59962" successfully rolled out
deployment "ms-60061" successfully rolled out
deployment "ms-6323" successfully rolled out
deployment "ms-65741" successfully rolled out
deployment "ms-66473" successfully rolled out
deployment "ms-69188" successfully rolled out
deployment "ms-69614" successfully rolled out
deployment "ms-9081" successfully rolled out
deployment "nginx-web-server" successfully rolled out
deployment "unknown" successfully rolled out
ENTRY_POINT: nginx-web-server
SERVICE_A_URL: 10.96.194.58:50051
Capacity: 10000
Metadata: method=S_149998854
Metadata: request-id={{.RequestNumber}}
Metadata: timestamp={{.TimestampUnix}}
Charon Configurations:
[{INTERCEPT breakwater} {PRICE_UPDATE_RATE 10ms} {TOKEN_UPDATE_RATE 10ms} {LATENCY_THRESHOLD 100us} {PRICE_STEP 0} {PRICE_STRATEGY step} {LAZY_UPDATE false} {RATE_LIMITING true} {LOAD_SHEDDING true} {CHARON_TRACK_PRICE false} {BREAKWATER_SLO 9385us} {BREAKWATER_A 19.999999995940637} {BREAKWATER_B 6.063462332009628e-09} {BREAKWATER_CLIENT_EXPIRATION 1952us} {BREAKWATER_INITIAL_CREDIT 1} {BREAKWATER_LOAD_SHEDDING true} {BREAKWATER_RTT 0us} {BREAKWATERD_SLO 12500us} {BREAKWATERD_A 0.001} {BREAKWATERD_B 0.02} {BREAKWATERD_CLIENT_EXPIRATION 10ms} {BREAKWATERD_INITIAL_CREDIT 400} {BREAKWATERD_LOAD_SHEDDING true} {BREAKWATERD_RTT 1000us} {DAGOR_QUEUING_THRESHOLD 2ms} {DAGOR_ALPHA 0.05} {DAGOR_BETA 0.01} {DAGOR_ADMISSION_LEVEL_UPDATE_INTERVAL 10ms} {DAGOR_UMAX 20}]

Summary:
  Count:	109299
  Total:	14.88 s
  Slowest:	1.08 s
  Fastest:	110.96 ms
  Average:	755.16 ms
  Requests/sec:	7347.04

Response time histogram:
  110.962  [1]     |
  207.930  [11987] |∎∎∎∎∎∎∎∎∎∎∎∎∎∎∎∎∎∎∎∎∎∎∎∎∎∎∎∎∎∎∎∎∎∎∎∎∎∎∎∎
  304.899  [82]    |
  401.867  [207]   |∎
  498.835  [33]    |
  595.804  [192]   |∎
  692.772  [1681]  |∎∎∎∎∎∎
  789.741  [2032]  |∎∎∎∎∎∎∎
  886.709  [1632]  |∎∎∎∎∎
  983.678  [1120]  |∎∎∎∎
  1080.646 [249]   |∎

Latency distribution:
  10 % in 112.38 ms 
  25 % in 113.54 ms 
  50 % in 116.74 ms 
  75 % in 704.09 ms 
  90 % in 841.83 ms 
  95 % in 936.31 ms 
  99 % in 987.32 ms 

Status code distribution:
  [Canceled]            8557 responses    
  [OK]                  19216 responses   
  [ResourceExhausted]   10803 responses   
  [DeadlineExceeded]    70723 responses   

Error distribution:
  [10803]   rpc error: code = ResourceExhausted desc = Server-side queuing delay is beyond AQM threshold   
  [70723]   rpc error: code = DeadlineExceeded desc = context deadline exceeded                            
  [8557]    rpc error: code = Canceled desc = grpc: the client connection is closing                       

Debug: Checking Namespace=default, Pod=ms-10090-6454f977fd-ljw58 for Target File=deathstar_*.output
Namespace: default, Pod: ms-10090-6454f977fd-ljw58 has the target files.
Copying deathstar_ms-10090.output to deathstar_ms-10090.output
tar: removing leading '/' from member names
Debug: Checking Namespace=default, Pod=ms-13558-b48bb5d9d-s2vpn for Target File=deathstar_*.output
Namespace: default, Pod: ms-13558-b48bb5d9d-s2vpn has the target files.
Copying deathstar_ms-13558.output to deathstar_ms-13558.output
tar: removing leading '/' from member names
Debug: Checking Namespace=default, Pod=ms-18330-759d9cf49c-dn7cn for Target File=deathstar_*.output
Namespace: default, Pod: ms-18330-759d9cf49c-dn7cn has the target files.
Copying deathstar_ms-18330.output to deathstar_ms-18330.output
tar: removing leading '/' from member names
Debug: Checking Namespace=default, Pod=ms-19585-6f995cfcbf-w7gxw for Target File=deathstar_*.output
Namespace: default, Pod: ms-19585-6f995cfcbf-w7gxw has the target files.
Copying deathstar_ms-19585.output to deathstar_ms-19585.output
tar: removing leading '/' from member names
Debug: Checking Namespace=default, Pod=ms-20172-59d5485464-8778b for Target File=deathstar_*.output
Namespace: default, Pod: ms-20172-59d5485464-8778b has the target files.
Copying deathstar_ms-20172.output to deathstar_ms-20172.output
tar: removing leading '/' from member names
Debug: Checking Namespace=default, Pod=ms-22893-576fd5f9f6-pnvc6 for Target File=deathstar_*.output
Namespace: default, Pod: ms-22893-576fd5f9f6-pnvc6 has the target files.
Copying deathstar_ms-22893.output to deathstar_ms-22893.output
tar: removing leading '/' from member names
Debug: Checking Namespace=default, Pod=ms-24009-67dbf5b976-2gmfb for Target File=deathstar_*.output
Namespace: default, Pod: ms-24009-67dbf5b976-2gmfb has the target files.
Copying deathstar_ms-24009.output to deathstar_ms-24009.output
tar: removing leading '/' from member names
Debug: Checking Namespace=default, Pod=ms-24959-99f8bbf9-srm6b for Target File=deathstar_*.output
Namespace: default, Pod: ms-24959-99f8bbf9-srm6b has the target files.
Copying deathstar_ms-24959.output to deathstar_ms-24959.output
tar: removing leading '/' from member names
Debug: Checking Namespace=default, Pod=ms-26622-66fdf7d64f-7b46v for Target File=deathstar_*.output
Namespace: default, Pod: ms-26622-66fdf7d64f-7b46v has the target files.
Copying deathstar_ms-26622.output to deathstar_ms-26622.output
tar: removing leading '/' from member names
Debug: Checking Namespace=default, Pod=ms-27421-64f549855c-j4br8 for Target File=deathstar_*.output
Namespace: default, Pod: ms-27421-64f549855c-j4br8 has the target files.
Copying deathstar_ms-27421.output to deathstar_ms-27421.output
tar: removing leading '/' from member names
Debug: Checking Namespace=default, Pod=ms-29373-8467f7db44-jkp78 for Target File=deathstar_*.output
Namespace: default, Pod: ms-29373-8467f7db44-jkp78 has the target files.
Copying deathstar_ms-29373.output to deathstar_ms-29373.output
tar: removing leading '/' from member names
Debug: Checking Namespace=default, Pod=ms-32301-c5654bbc5-s9j4c for Target File=deathstar_*.output
Namespace: default, Pod: ms-32301-c5654bbc5-s9j4c has the target files.
Copying deathstar_ms-32301.output to deathstar_ms-32301.output
tar: removing leading '/' from member names
Debug: Checking Namespace=default, Pod=ms-3289-587dbd96bf-d4pjm for Target File=deathstar_*.output
Namespace: default, Pod: ms-3289-587dbd96bf-d4pjm has the target files.
Copying deathstar_ms-3289.output to deathstar_ms-3289.output
tar: removing leading '/' from member names
Debug: Checking Namespace=default, Pod=ms-37691-6dc6cd6744-cftx4 for Target File=deathstar_*.output
Namespace: default, Pod: ms-37691-6dc6cd6744-cftx4 has the target files.
Copying deathstar_ms-37691.output to deathstar_ms-37691.output
tar: removing leading '/' from member names
Debug: Checking Namespace=default, Pod=ms-38964-5b647cdbd-w56qg for Target File=deathstar_*.output
Namespace: default, Pod: ms-38964-5b647cdbd-w56qg has the target files.
Copying deathstar_ms-38964.output to deathstar_ms-38964.output
tar: removing leading '/' from member names
Debug: Checking Namespace=default, Pod=ms-40147-cd867585-hrdcc for Target File=deathstar_*.output
Namespace: default, Pod: ms-40147-cd867585-hrdcc has the target files.
Copying deathstar_ms-40147.output to deathstar_ms-40147.output
tar: removing leading '/' from member names
Debug: Checking Namespace=default, Pod=ms-48118-ff7b99cc9-tbwpp for Target File=deathstar_*.output
Namespace: default, Pod: ms-48118-ff7b99cc9-tbwpp has the target files.
Copying deathstar_ms-48118.output to deathstar_ms-48118.output
tar: removing leading '/' from member names
Debug: Checking Namespace=default, Pod=ms-4829-669557b66c-vphbg for Target File=deathstar_*.output
Namespace: default, Pod: ms-4829-669557b66c-vphbg has the target files.
Copying deathstar_ms-4829.output to deathstar_ms-4829.output
Debug: Checking Namespace=default, Pod=ms-51685-79858c784f-c6v67 for Target File=deathstar_*.output
Namespace: default, Pod: ms-51685-79858c784f-c6v67 has the target files.
Copying deathstar_ms-51685.output to deathstar_ms-51685.output
tar: removing leading '/' from member names
Debug: Checking Namespace=default, Pod=ms-52379-57c6cdd54b-f4knz for Target File=deathstar_*.output
Namespace: default, Pod: ms-52379-57c6cdd54b-f4knz has the target files.
Copying deathstar_ms-52379.output to deathstar_ms-52379.output
tar: removing leading '/' from member names
Debug: Checking Namespace=default, Pod=ms-55394-6f999f5df9-clnck for Target File=deathstar_*.output
Namespace: default, Pod: ms-55394-6f999f5df9-clnck has the target files.
Copying deathstar_ms-55394.output to deathstar_ms-55394.output
tar: removing leading '/' from member names
Debug: Checking Namespace=default, Pod=ms-58436-59dd96f659-5vbdb for Target File=deathstar_*.output
Namespace: default, Pod: ms-58436-59dd96f659-5vbdb has the target files.
Copying deathstar_ms-58436.output to deathstar_ms-58436.output
tar: removing leading '/' from member names
Debug: Checking Namespace=default, Pod=ms-58772-68ff78c966-f7shh for Target File=deathstar_*.output
Namespace: default, Pod: ms-58772-68ff78c966-f7shh has the target files.
Copying deathstar_ms-58772.output to deathstar_ms-58772.output
tar: removing leading '/' from member names
Debug: Checking Namespace=default, Pod=ms-59962-756b895b58-7ntlp for Target File=deathstar_*.output
Namespace: default, Pod: ms-59962-756b895b58-7ntlp has the target files.
Copying deathstar_ms-59962.output to deathstar_ms-59962.output
tar: removing leading '/' from member names
Debug: Checking Namespace=default, Pod=ms-60061-68bd84bdcd-l2mzj for Target File=deathstar_*.output
Namespace: default, Pod: ms-60061-68bd84bdcd-l2mzj has the target files.
Copying deathstar_ms-60061.output to deathstar_ms-60061.output
tar: removing leading '/' from member names
Debug: Checking Namespace=default, Pod=ms-6323-974659fcd-vxtr5 for Target File=deathstar_*.output
Namespace: default, Pod: ms-6323-974659fcd-vxtr5 has the target files.
Copying deathstar_ms-6323.output to deathstar_ms-6323.output
tar: removing leading '/' from member names
Debug: Checking Namespace=default, Pod=ms-65741-65f588bcdf-8l68c for Target File=deathstar_*.output
Namespace: default, Pod: ms-65741-65f588bcdf-8l68c has the target files.
Copying deathstar_ms-65741.output to deathstar_ms-65741.output
tar: removing leading '/' from member names
Debug: Checking Namespace=default, Pod=ms-66473-79c66f8bff-jcsmt for Target File=deathstar_*.output
Namespace: default, Pod: ms-66473-79c66f8bff-jcsmt has the target files.
Copying deathstar_ms-66473.output to deathstar_ms-66473.output
tar: removing leading '/' from member names
Debug: Checking Namespace=default, Pod=ms-69188-65c548d4cb-jpgtp for Target File=deathstar_*.output
Namespace: default, Pod: ms-69188-65c548d4cb-jpgtp has the target files.
Copying deathstar_ms-69188.output to deathstar_ms-69188.output
tar: removing leading '/' from member names
Debug: Checking Namespace=default, Pod=ms-69614-794bd8475-7bghh for Target File=deathstar_*.output
Namespace: default, Pod: ms-69614-794bd8475-7bghh has the target files.
Copying deathstar_ms-69614.output to deathstar_ms-69614.output
tar: removing leading '/' from member names
Debug: Checking Namespace=default, Pod=ms-9081-567985788-h7qds for Target File=deathstar_*.output
Namespace: default, Pod: ms-9081-567985788-h7qds has the target files.
Copying deathstar_ms-9081.output to deathstar_ms-9081.output
tar: removing leading '/' from member names
Debug: Checking Namespace=default, Pod=nginx-web-server-56557f7cb7-d6vzd for Target File=deathstar_*.output
Namespace: default, Pod: nginx-web-server-56557f7cb7-d6vzd has the target files.
Copying deathstar_nginx-web-server.output to deathstar_nginx-web-server.output
tar: removing leading '/' from member names
Debug: Checking Namespace=default, Pod=unknown-6ddf9bd4b5-kt6k9 for Target File=deathstar_*.output
Namespace: default, Pod: unknown-6ddf9bd4b5-kt6k9 has the target files.
Copying deathstar_unknown.output to deathstar_unknown.output
tar: removing leading '/' from member names
