Deployments: ms-11070
ms-11285
ms-11512
ms-1278
ms-13873
ms-19953
ms-21883
ms-25124
ms-27421
ms-2827
ms-33719
ms-37691
ms-43309
ms-4354
ms-46825
ms-60236
ms-71771
ms-8052
ms-902
nginx-web-server
deployment "ms-11070" successfully rolled out
deployment "ms-11285" successfully rolled out
deployment "ms-11512" successfully rolled out
deployment "ms-1278" successfully rolled out
deployment "ms-13873" successfully rolled out
deployment "ms-19953" successfully rolled out
deployment "ms-21883" successfully rolled out
deployment "ms-25124" successfully rolled out
deployment "ms-27421" successfully rolled out
deployment "ms-2827" successfully rolled out
deployment "ms-33719" successfully rolled out
deployment "ms-37691" successfully rolled out
deployment "ms-43309" successfully rolled out
deployment "ms-4354" successfully rolled out
deployment "ms-46825" successfully rolled out
deployment "ms-60236" successfully rolled out
deployment "ms-71771" successfully rolled out
deployment "ms-8052" successfully rolled out
deployment "ms-902" successfully rolled out
deployment "nginx-web-server" successfully rolled out
ENTRY_POINT: nginx-web-server
SERVICE_A_URL: 10.105.3.159:50051
Capacity: 10000
Metadata: request-id={{.RequestNumber}}
Metadata: timestamp={{.TimestampUnix}}
Metadata: method=S_102000854
Charon Configurations:
[{INTERCEPT charon} {PRICE_UPDATE_RATE 3030us} {TOKEN_UPDATE_RATE 8450us} {LATENCY_THRESHOLD 8220us} {PRICE_STEP 27} {PRICE_STRATEGY proportional} {LAZY_UPDATE true} {RATE_LIMITING true} {LOAD_SHEDDING true} {CHARON_TRACK_PRICE false} {BREAKWATER_SLO 12500us} {BREAKWATER_A 0.001} {BREAKWATER_B 0.02} {BREAKWATER_CLIENT_EXPIRATION 10ms} {BREAKWATER_INITIAL_CREDIT 400} {BREAKWATER_LOAD_SHEDDING true} {BREAKWATER_RTT 1000us} {BREAKWATERD_SLO 12500us} {BREAKWATERD_A 0.001} {BREAKWATERD_B 0.02} {BREAKWATERD_CLIENT_EXPIRATION 10ms} {BREAKWATERD_INITIAL_CREDIT 400} {BREAKWATERD_LOAD_SHEDDING true} {BREAKWATERD_RTT 1000us} {DAGOR_QUEUING_THRESHOLD 2ms} {DAGOR_ALPHA 0.05} {DAGOR_BETA 0.01} {DAGOR_ADMISSION_LEVEL_UPDATE_INTERVAL 10ms} {DAGOR_UMAX 20}]

Summary:
  Count:	96050
  Total:	14.81 s
  Slowest:	906.17 ms
  Fastest:	38.92 ms
  Average:	112.29 ms
  Requests/sec:	6486.09

Response time histogram:
  38.918  [1]     |
  125.643 [62609] |∎∎∎∎∎∎∎∎∎∎∎∎∎∎∎∎∎∎∎∎∎∎∎∎∎∎∎∎∎∎∎∎∎∎∎∎∎∎∎∎
  212.369 [22155] |∎∎∎∎∎∎∎∎∎∎∎∎∎∎
  299.094 [4495]  |∎∎∎
  385.820 [1796]  |∎
  472.545 [570]   |
  559.271 [48]    |
  645.996 [20]    |
  732.722 [0]     |
  819.447 [2]     |
  906.173 [55]    |

Latency distribution:
  10 % in 42.36 ms 
  25 % in 78.33 ms 
  50 % in 104.18 ms 
  75 % in 137.49 ms 
  90 % in 195.09 ms 
  95 % in 245.87 ms 
  99 % in 371.16 ms 

Status code distribution:
  [OK]                  91751 responses   
  [ResourceExhausted]   3977 responses    
  [Canceled]            322 responses     

Error distribution:
  [3107]   rpc error: code = ResourceExhausted desc = S_102000854 req dropped by nginx-web-server. Try again later.   
  [197]    rpc error: code = ResourceExhausted desc = S_102000854 req dropped by ms-60236. Try again later.           
  [322]    rpc error: code = Canceled desc = grpc: the client connection is closing                                   
  [459]    rpc error: code = ResourceExhausted desc = S_102000854 req dropped by ms-13873. Try again later.           
  [214]    rpc error: code = ResourceExhausted desc = S_102000854 req dropped by ms-25124. Try again later.           

Debug: Checking Namespace=default, Pod=ms-11070-7868c54f44-ccm8d for Target File=deathstar_*.output
Namespace: default, Pod: ms-11070-7868c54f44-ccm8d has the target files.
Copying deathstar_ms-11070.output to deathstar_ms-11070.output
tar: removing leading '/' from member names
Debug: Checking Namespace=default, Pod=ms-11285-67d597dc77-hgd6s for Target File=deathstar_*.output
Namespace: default, Pod: ms-11285-67d597dc77-hgd6s has the target files.
Copying deathstar_ms-11285.output to deathstar_ms-11285.output
tar: removing leading '/' from member names
Debug: Checking Namespace=default, Pod=ms-11512-75f8ddc45b-mzqkr for Target File=deathstar_*.output
Namespace: default, Pod: ms-11512-75f8ddc45b-mzqkr has the target files.
Copying deathstar_ms-11512.output to deathstar_ms-11512.output
tar: removing leading '/' from member names
Debug: Checking Namespace=default, Pod=ms-1278-85766ff6b8-8tl2p for Target File=deathstar_*.output
Namespace: default, Pod: ms-1278-85766ff6b8-8tl2p has the target files.
Copying deathstar_ms-1278.output to deathstar_ms-1278.output
tar: removing leading '/' from member names
Debug: Checking Namespace=default, Pod=ms-13873-85d7bb7b97-nsd5k for Target File=deathstar_*.output
Namespace: default, Pod: ms-13873-85d7bb7b97-nsd5k has the target files.
Copying deathstar_ms-13873.output to deathstar_ms-13873.output
tar: removing leading '/' from member names
Debug: Checking Namespace=default, Pod=ms-19953-68cc8998c5-vc6hl for Target File=deathstar_*.output
Namespace: default, Pod: ms-19953-68cc8998c5-vc6hl has the target files.
Copying deathstar_ms-19953.output to deathstar_ms-19953.output
tar: removing leading '/' from member names
Debug: Checking Namespace=default, Pod=ms-21883-f6c88c6d4-gkm4b for Target File=deathstar_*.output
Namespace: default, Pod: ms-21883-f6c88c6d4-gkm4b has the target files.
Copying deathstar_ms-21883.output to deathstar_ms-21883.output
tar: removing leading '/' from member names
Debug: Checking Namespace=default, Pod=ms-25124-77bd4446f5-mkf5m for Target File=deathstar_*.output
Namespace: default, Pod: ms-25124-77bd4446f5-mkf5m has the target files.
Copying deathstar_ms-25124.output to deathstar_ms-25124.output
tar: removing leading '/' from member names
Debug: Checking Namespace=default, Pod=ms-27421-8565974486-rrx7x for Target File=deathstar_*.output
Namespace: default, Pod: ms-27421-8565974486-rrx7x has the target files.
Copying deathstar_ms-27421.output to deathstar_ms-27421.output
tar: removing leading '/' from member names
Debug: Checking Namespace=default, Pod=ms-2827-5dcc6df4f4-x4mwl for Target File=deathstar_*.output
Namespace: default, Pod: ms-2827-5dcc6df4f4-x4mwl has the target files.
Copying deathstar_ms-2827.output to deathstar_ms-2827.output
tar: removing leading '/' from member names
Debug: Checking Namespace=default, Pod=ms-33719-6c455cf54c-24c76 for Target File=deathstar_*.output
Namespace: default, Pod: ms-33719-6c455cf54c-24c76 has the target files.
Copying deathstar_ms-33719.output to deathstar_ms-33719.output
tar: removing leading '/' from member names
Debug: Checking Namespace=default, Pod=ms-37691-b9bc44798-vnjdn for Target File=deathstar_*.output
Namespace: default, Pod: ms-37691-b9bc44798-vnjdn has the target files.
Copying deathstar_ms-37691.output to deathstar_ms-37691.output
tar: removing leading '/' from member names
Debug: Checking Namespace=default, Pod=ms-43309-54f758d465-84fr7 for Target File=deathstar_*.output
Namespace: default, Pod: ms-43309-54f758d465-84fr7 has the target files.
Copying deathstar_ms-43309.output to deathstar_ms-43309.output
tar: removing leading '/' from member names
Debug: Checking Namespace=default, Pod=ms-4354-669cfcbdf6-mw2lr for Target File=deathstar_*.output
Namespace: default, Pod: ms-4354-669cfcbdf6-mw2lr has the target files.
Copying deathstar_ms-4354.output to deathstar_ms-4354.output
tar: removing leading '/' from member names
Debug: Checking Namespace=default, Pod=ms-46825-58c684559d-x9nnp for Target File=deathstar_*.output
Namespace: default, Pod: ms-46825-58c684559d-x9nnp has the target files.
Copying deathstar_ms-46825.output to deathstar_ms-46825.output
tar: removing leading '/' from member names
Debug: Checking Namespace=default, Pod=ms-60236-64866cf49-wkqcq for Target File=deathstar_*.output
Namespace: default, Pod: ms-60236-64866cf49-wkqcq has the target files.
Copying deathstar_ms-60236.output to deathstar_ms-60236.output
tar: removing leading '/' from member names
Debug: Checking Namespace=default, Pod=ms-71771-567ddbdd95-brsx4 for Target File=deathstar_*.output
Namespace: default, Pod: ms-71771-567ddbdd95-brsx4 has the target files.
Copying deathstar_ms-71771.output to deathstar_ms-71771.output
tar: removing leading '/' from member names
Debug: Checking Namespace=default, Pod=ms-8052-b995968dc-d4brs for Target File=deathstar_*.output
Namespace: default, Pod: ms-8052-b995968dc-d4brs has the target files.
Copying deathstar_ms-8052.output to deathstar_ms-8052.output
tar: removing leading '/' from member names
Debug: Checking Namespace=default, Pod=ms-902-5744544f85-sr49g for Target File=deathstar_*.output
Namespace: default, Pod: ms-902-5744544f85-sr49g has the target files.
Copying deathstar_ms-902.output to deathstar_ms-902.output
tar: removing leading '/' from member names
Debug: Checking Namespace=default, Pod=nginx-web-server-56557f7cb7-x4hcl for Target File=deathstar_*.output
Namespace: default, Pod: nginx-web-server-56557f7cb7-x4hcl has the target files.
Copying deathstar_nginx-web-server.output to deathstar_nginx-web-server.output
tar: removing leading '/' from member names
