Deployments: ms-10090
ms-13558
ms-18330
ms-19585
ms-20172
ms-22893
ms-24009
ms-24959
ms-26622
ms-27421
ms-29373
ms-32301
ms-3289
ms-37691
ms-38964
ms-40147
ms-48118
ms-4829
ms-51685
ms-52379
ms-55394
ms-58436
ms-58772
ms-59962
ms-60061
ms-6323
ms-65741
ms-66473
ms-69188
ms-69614
ms-9081
nginx-web-server
unknown
deployment "ms-10090" successfully rolled out
deployment "ms-13558" successfully rolled out
deployment "ms-18330" successfully rolled out
deployment "ms-19585" successfully rolled out
deployment "ms-20172" successfully rolled out
deployment "ms-22893" successfully rolled out
deployment "ms-24009" successfully rolled out
deployment "ms-24959" successfully rolled out
deployment "ms-26622" successfully rolled out
deployment "ms-27421" successfully rolled out
deployment "ms-29373" successfully rolled out
deployment "ms-32301" successfully rolled out
deployment "ms-3289" successfully rolled out
deployment "ms-37691" successfully rolled out
deployment "ms-38964" successfully rolled out
deployment "ms-40147" successfully rolled out
deployment "ms-48118" successfully rolled out
deployment "ms-4829" successfully rolled out
deployment "ms-51685" successfully rolled out
deployment "ms-52379" successfully rolled out
deployment "ms-55394" successfully rolled out
deployment "ms-58436" successfully rolled out
deployment "ms-58772" successfully rolled out
deployment "ms-59962" successfully rolled out
deployment "ms-60061" successfully rolled out
deployment "ms-6323" successfully rolled out
deployment "ms-65741" successfully rolled out
deployment "ms-66473" successfully rolled out
deployment "ms-69188" successfully rolled out
deployment "ms-69614" successfully rolled out
deployment "ms-9081" successfully rolled out
deployment "nginx-web-server" successfully rolled out
deployment "unknown" successfully rolled out
ENTRY_POINT: nginx-web-server
SERVICE_A_URL: 10.102.201.98:50051
Capacity: 8000
Metadata: request-id={{.RequestNumber}}
Metadata: timestamp={{.TimestampUnix}}
Metadata: method=motivation-both
Charon Configurations:
[{INTERCEPT dagor} {PRICE_UPDATE_RATE 10ms} {TOKEN_UPDATE_RATE 10ms} {LATENCY_THRESHOLD 100us} {PRICE_STEP 0} {PRICE_STRATEGY step} {LAZY_UPDATE false} {RATE_LIMITING true} {LOAD_SHEDDING true} {CHARON_TRACK_PRICE false} {BREAKWATER_SLO 12500us} {BREAKWATER_A 0.001} {BREAKWATER_B 0.02} {BREAKWATER_CLIENT_EXPIRATION 10ms} {BREAKWATER_INITIAL_CREDIT 400} {BREAKWATER_LOAD_SHEDDING true} {BREAKWATER_RTT 1000us} {BREAKWATERD_SLO 12500us} {BREAKWATERD_A 0.001} {BREAKWATERD_B 0.02} {BREAKWATERD_CLIENT_EXPIRATION 10ms} {BREAKWATERD_INITIAL_CREDIT 400} {BREAKWATERD_LOAD_SHEDDING true} {BREAKWATERD_RTT 1000us} {DAGOR_QUEUING_THRESHOLD 369849us} {DAGOR_ALPHA 1.3809206729950259} {DAGOR_BETA 0.04793222549277876} {DAGOR_ADMISSION_LEVEL_UPDATE_INTERVAL 14749us} {DAGOR_UMAX 13}]

Summary:
  Count:	41762
  Total:	6.79 s
  Slowest:	997.83 ms
  Fastest:	0.43 ms
  Average:	869.52 ms
  Requests/sec:	6147.09

Response time histogram:
  0.427   [1]   |
  100.168 [489] |∎∎∎∎∎∎∎∎∎∎∎∎∎∎∎∎∎∎∎∎∎∎∎∎∎∎∎∎∎∎∎∎∎∎∎∎∎∎∎∎
  199.908 [33]  |∎∎∎
  299.649 [37]  |∎∎∎
  399.390 [39]  |∎∎∎
  499.131 [30]  |∎∎
  598.871 [42]  |∎∎∎
  698.612 [39]  |∎∎∎
  798.353 [36]  |∎∎∎
  898.093 [34]  |∎∎∎
  997.834 [35]  |∎∎∎

Latency distribution:
  10 % in 0.68 ms 
  25 % in 0.81 ms 
  50 % in 1.91 ms 
  75 % in 424.58 ms 
  90 % in 775.30 ms 
  95 % in 894.72 ms 
  99 % in 967.31 ms 

Status code distribution:
  [DeadlineExceeded]    32323 responses   
  [OK]                  815 responses     
  [ResourceExhausted]   1895 responses    
  [Canceled]            6729 responses    

Error distribution:
  [32323]   rpc error: code = DeadlineExceeded desc = context deadline exceeded                                                   
  [1895]    rpc error: code = ResourceExhausted desc = [Server Admission Control] Request B, U values do not meet the threshold   
  [6729]    rpc error: code = Canceled desc = grpc: the client connection is closing                                              

Debug: Checking Namespace=default, Pod=ms-10090-6454f977fd-4rlpj for Target File=deathstar_*.output
Namespace: default, Pod: ms-10090-6454f977fd-4rlpj has the target files.
Copying deathstar_ms-10090.output to deathstar_ms-10090.output
tar: removing leading '/' from member names
Debug: Checking Namespace=default, Pod=ms-13558-b48bb5d9d-mcfv2 for Target File=deathstar_*.output
Namespace: default, Pod: ms-13558-b48bb5d9d-mcfv2 has the target files.
Copying deathstar_ms-13558.output to deathstar_ms-13558.output
tar: removing leading '/' from member names
Debug: Checking Namespace=default, Pod=ms-18330-759d9cf49c-vcb96 for Target File=deathstar_*.output
Namespace: default, Pod: ms-18330-759d9cf49c-vcb96 has the target files.
Copying deathstar_ms-18330.output to deathstar_ms-18330.output
tar: removing leading '/' from member names
Debug: Checking Namespace=default, Pod=ms-19585-6f995cfcbf-hnhvv for Target File=deathstar_*.output
Namespace: default, Pod: ms-19585-6f995cfcbf-hnhvv has the target files.
Copying deathstar_ms-19585.output to deathstar_ms-19585.output
tar: removing leading '/' from member names
Debug: Checking Namespace=default, Pod=ms-20172-59d5485464-5gp52 for Target File=deathstar_*.output
Namespace: default, Pod: ms-20172-59d5485464-5gp52 has the target files.
Copying deathstar_ms-20172.output to deathstar_ms-20172.output
tar: removing leading '/' from member names
Debug: Checking Namespace=default, Pod=ms-22893-576fd5f9f6-c7fdz for Target File=deathstar_*.output
Namespace: default, Pod: ms-22893-576fd5f9f6-c7fdz has the target files.
Copying deathstar_ms-22893.output to deathstar_ms-22893.output
tar: removing leading '/' from member names
Debug: Checking Namespace=default, Pod=ms-24009-67dbf5b976-9ptjz for Target File=deathstar_*.output
Namespace: default, Pod: ms-24009-67dbf5b976-9ptjz has the target files.
Copying deathstar_ms-24009.output to deathstar_ms-24009.output
tar: removing leading '/' from member names
Debug: Checking Namespace=default, Pod=ms-24959-99f8bbf9-bxdbs for Target File=deathstar_*.output
Namespace: default, Pod: ms-24959-99f8bbf9-bxdbs has the target files.
Copying deathstar_ms-24959.output to deathstar_ms-24959.output
tar: removing leading '/' from member names
Debug: Checking Namespace=default, Pod=ms-26622-66fdf7d64f-x65ms for Target File=deathstar_*.output
Namespace: default, Pod: ms-26622-66fdf7d64f-x65ms has the target files.
Copying deathstar_ms-26622.output to deathstar_ms-26622.output
tar: removing leading '/' from member names
Debug: Checking Namespace=default, Pod=ms-27421-64f549855c-ggtd7 for Target File=deathstar_*.output
Namespace: default, Pod: ms-27421-64f549855c-ggtd7 has the target files.
Copying deathstar_ms-27421.output to deathstar_ms-27421.output
tar: removing leading '/' from member names
Debug: Checking Namespace=default, Pod=ms-29373-8467f7db44-pkg6t for Target File=deathstar_*.output
Namespace: default, Pod: ms-29373-8467f7db44-pkg6t has the target files.
Copying deathstar_ms-29373.output to deathstar_ms-29373.output
tar: removing leading '/' from member names
Debug: Checking Namespace=default, Pod=ms-32301-c5654bbc5-lsghl for Target File=deathstar_*.output
Namespace: default, Pod: ms-32301-c5654bbc5-lsghl has the target files.
Copying deathstar_ms-32301.output to deathstar_ms-32301.output
tar: removing leading '/' from member names
Debug: Checking Namespace=default, Pod=ms-3289-587dbd96bf-7t2p5 for Target File=deathstar_*.output
Namespace: default, Pod: ms-3289-587dbd96bf-7t2p5 has the target files.
Copying deathstar_ms-3289.output to deathstar_ms-3289.output
tar: removing leading '/' from member names
Debug: Checking Namespace=default, Pod=ms-37691-6dc6cd6744-p92v7 for Target File=deathstar_*.output
Namespace: default, Pod: ms-37691-6dc6cd6744-p92v7 has the target files.
Copying deathstar_ms-37691.output to deathstar_ms-37691.output
tar: removing leading '/' from member names
Debug: Checking Namespace=default, Pod=ms-38964-5b647cdbd-plgwv for Target File=deathstar_*.output
Namespace: default, Pod: ms-38964-5b647cdbd-plgwv has the target files.
Copying deathstar_ms-38964.output to deathstar_ms-38964.output
tar: removing leading '/' from member names
Debug: Checking Namespace=default, Pod=ms-40147-cd867585-hrvcn for Target File=deathstar_*.output
Namespace: default, Pod: ms-40147-cd867585-hrvcn has the target files.
Copying deathstar_ms-40147.output to deathstar_ms-40147.output
tar: removing leading '/' from member names
Debug: Checking Namespace=default, Pod=ms-48118-ff7b99cc9-k5vkg for Target File=deathstar_*.output
Namespace: default, Pod: ms-48118-ff7b99cc9-k5vkg has the target files.
Copying deathstar_ms-48118.output to deathstar_ms-48118.output
tar: removing leading '/' from member names
Debug: Checking Namespace=default, Pod=ms-4829-669557b66c-wld2d for Target File=deathstar_*.output
Namespace: default, Pod: ms-4829-669557b66c-wld2d has the target files.
Copying deathstar_ms-4829.output to deathstar_ms-4829.output
tar: removing leading '/' from member names
Debug: Checking Namespace=default, Pod=ms-51685-79858c784f-j5csk for Target File=deathstar_*.output
Namespace: default, Pod: ms-51685-79858c784f-j5csk has the target files.
Copying deathstar_ms-51685.output to deathstar_ms-51685.output
tar: removing leading '/' from member names
Debug: Checking Namespace=default, Pod=ms-52379-57c6cdd54b-4dpm5 for Target File=deathstar_*.output
Namespace: default, Pod: ms-52379-57c6cdd54b-4dpm5 has the target files.
Copying deathstar_ms-52379.output to deathstar_ms-52379.output
tar: removing leading '/' from member names
Debug: Checking Namespace=default, Pod=ms-55394-6f999f5df9-9fx44 for Target File=deathstar_*.output
Namespace: default, Pod: ms-55394-6f999f5df9-9fx44 has the target files.
Copying deathstar_ms-55394.output to deathstar_ms-55394.output
tar: removing leading '/' from member names
Debug: Checking Namespace=default, Pod=ms-58436-59dd96f659-r7blk for Target File=deathstar_*.output
Namespace: default, Pod: ms-58436-59dd96f659-r7blk has the target files.
Copying deathstar_ms-58436.output to deathstar_ms-58436.output
tar: removing leading '/' from member names
Debug: Checking Namespace=default, Pod=ms-58772-68ff78c966-mwn2m for Target File=deathstar_*.output
Namespace: default, Pod: ms-58772-68ff78c966-mwn2m has the target files.
Copying deathstar_ms-58772.output to deathstar_ms-58772.output
tar: removing leading '/' from member names
Debug: Checking Namespace=default, Pod=ms-59962-756b895b58-gqghn for Target File=deathstar_*.output
Namespace: default, Pod: ms-59962-756b895b58-gqghn has the target files.
Copying deathstar_ms-59962.output to deathstar_ms-59962.output
tar: removing leading '/' from member names
Debug: Checking Namespace=default, Pod=ms-60061-68bd84bdcd-pwzrq for Target File=deathstar_*.output
Namespace: default, Pod: ms-60061-68bd84bdcd-pwzrq has the target files.
Copying deathstar_ms-60061.output to deathstar_ms-60061.output
tar: removing leading '/' from member names
Debug: Checking Namespace=default, Pod=ms-6323-974659fcd-z5g8m for Target File=deathstar_*.output
Namespace: default, Pod: ms-6323-974659fcd-z5g8m has the target files.
Copying deathstar_ms-6323.output to deathstar_ms-6323.output
tar: removing leading '/' from member names
Debug: Checking Namespace=default, Pod=ms-65741-65f588bcdf-ggt67 for Target File=deathstar_*.output
Namespace: default, Pod: ms-65741-65f588bcdf-ggt67 has the target files.
Copying deathstar_ms-65741.output to deathstar_ms-65741.output
tar: removing leading '/' from member names
Debug: Checking Namespace=default, Pod=ms-66473-79c66f8bff-2qb28 for Target File=deathstar_*.output
Namespace: default, Pod: ms-66473-79c66f8bff-2qb28 has the target files.
Copying deathstar_ms-66473.output to deathstar_ms-66473.output
tar: removing leading '/' from member names
Debug: Checking Namespace=default, Pod=ms-69188-65c548d4cb-bxgqs for Target File=deathstar_*.output
Namespace: default, Pod: ms-69188-65c548d4cb-bxgqs has the target files.
Copying deathstar_ms-69188.output to deathstar_ms-69188.output
tar: removing leading '/' from member names
Debug: Checking Namespace=default, Pod=ms-69614-794bd8475-p6kfb for Target File=deathstar_*.output
Namespace: default, Pod: ms-69614-794bd8475-p6kfb has the target files.
Copying deathstar_ms-69614.output to deathstar_ms-69614.output
tar: removing leading '/' from member names
Debug: Checking Namespace=default, Pod=ms-9081-567985788-wcmsq for Target File=deathstar_*.output
Namespace: default, Pod: ms-9081-567985788-wcmsq has the target files.
Copying deathstar_ms-9081.output to deathstar_ms-9081.output
tar: removing leading '/' from member names
Debug: Checking Namespace=default, Pod=nginx-web-server-56557f7cb7-gjvwg for Target File=deathstar_*.output
Namespace: default, Pod: nginx-web-server-56557f7cb7-gjvwg has the target files.
Copying deathstar_nginx-web-server.output to deathstar_nginx-web-server.output
tar: removing leading '/' from member names
Debug: Checking Namespace=default, Pod=unknown-6ddf9bd4b5-wl48z for Target File=deathstar_*.output
Namespace: default, Pod: unknown-6ddf9bd4b5-wl48z has the target files.
Copying deathstar_unknown.output to deathstar_unknown.output
tar: removing leading '/' from member names
