Deployments: ms-11070
ms-11285
ms-11512
ms-1278
ms-13873
ms-19953
ms-21883
ms-25124
ms-27421
ms-2827
ms-33719
ms-37691
ms-43309
ms-4354
ms-46825
ms-60236
ms-71771
ms-8052
ms-902
nginx-web-server
deployment "ms-11070" successfully rolled out
deployment "ms-11285" successfully rolled out
deployment "ms-11512" successfully rolled out
deployment "ms-1278" successfully rolled out
deployment "ms-13873" successfully rolled out
deployment "ms-19953" successfully rolled out
deployment "ms-21883" successfully rolled out
deployment "ms-25124" successfully rolled out
deployment "ms-27421" successfully rolled out
deployment "ms-2827" successfully rolled out
deployment "ms-33719" successfully rolled out
deployment "ms-37691" successfully rolled out
deployment "ms-43309" successfully rolled out
deployment "ms-4354" successfully rolled out
deployment "ms-46825" successfully rolled out
deployment "ms-60236" successfully rolled out
deployment "ms-71771" successfully rolled out
deployment "ms-8052" successfully rolled out
deployment "ms-902" successfully rolled out
deployment "nginx-web-server" successfully rolled out
ENTRY_POINT: nginx-web-server
SERVICE_A_URL: 10.100.111.40:50051
Capacity: 10000
Metadata: request-id={{.RequestNumber}}
Metadata: timestamp={{.TimestampUnix}}
Metadata: method=S_102000854
Charon Configurations:
[{INTERCEPT charon} {PRICE_UPDATE_RATE 15694us} {TOKEN_UPDATE_RATE 4513us} {LATENCY_THRESHOLD 1674us} {PRICE_STEP 76} {PRICE_STRATEGY proportional} {LAZY_UPDATE true} {RATE_LIMITING true} {LOAD_SHEDDING true} {CHARON_TRACK_PRICE false} {BREAKWATER_SLO 12500us} {BREAKWATER_A 0.001} {BREAKWATER_B 0.02} {BREAKWATER_CLIENT_EXPIRATION 10ms} {BREAKWATER_INITIAL_CREDIT 400} {BREAKWATER_LOAD_SHEDDING true} {BREAKWATER_RTT 1000us} {BREAKWATERD_SLO 12500us} {BREAKWATERD_A 0.001} {BREAKWATERD_B 0.02} {BREAKWATERD_CLIENT_EXPIRATION 10ms} {BREAKWATERD_INITIAL_CREDIT 400} {BREAKWATERD_LOAD_SHEDDING true} {BREAKWATERD_RTT 1000us} {DAGOR_QUEUING_THRESHOLD 2ms} {DAGOR_ALPHA 0.05} {DAGOR_BETA 0.01} {DAGOR_ADMISSION_LEVEL_UPDATE_INTERVAL 10ms} {DAGOR_UMAX 20}]

Summary:
  Count:	83172
  Total:	14.78 s
  Slowest:	867.76 ms
  Fastest:	38.90 ms
  Average:	82.21 ms
  Requests/sec:	5628.22

Response time histogram:
  38.904  [1]     |
  121.789 [66880] |∎∎∎∎∎∎∎∎∎∎∎∎∎∎∎∎∎∎∎∎∎∎∎∎∎∎∎∎∎∎∎∎∎∎∎∎∎∎∎∎
  204.674 [3256]  |∎∎
  287.560 [3025]  |∎∎
  370.445 [1950]  |∎
  453.331 [842]   |∎
  536.216 [694]   |
  619.101 [16]    |
  701.987 [0]     |
  784.872 [75]    |
  867.758 [110]   |

Latency distribution:
  10 % in 41.60 ms 
  25 % in 48.74 ms 
  50 % in 59.50 ms 
  75 % in 77.03 ms 
  90 % in 168.46 ms 
  95 % in 283.15 ms 
  99 % in 463.79 ms 

Status code distribution:
  [OK]                  76849 responses   
  [Canceled]            131 responses     
  [ResourceExhausted]   6192 responses    

Error distribution:
  [255]    rpc error: code = ResourceExhausted desc = S_102000854 req dropped by ms-25124. Try again later.           
  [131]    rpc error: code = Canceled desc = grpc: the client connection is closing                                   
  [5000]   rpc error: code = ResourceExhausted desc = S_102000854 req dropped by nginx-web-server. Try again later.   
  [640]    rpc error: code = ResourceExhausted desc = S_102000854 req dropped by ms-13873. Try again later.           
  [297]    rpc error: code = ResourceExhausted desc = S_102000854 req dropped by ms-60236. Try again later.           

Debug: Checking Namespace=default, Pod=ms-11070-7868c54f44-7vbrw for Target File=deathstar_*.output
Namespace: default, Pod: ms-11070-7868c54f44-7vbrw has the target files.
Copying deathstar_ms-11070.output to deathstar_ms-11070.output
tar: removing leading '/' from member names
Debug: Checking Namespace=default, Pod=ms-11285-67d597dc77-cxgdz for Target File=deathstar_*.output
Namespace: default, Pod: ms-11285-67d597dc77-cxgdz has the target files.
Copying deathstar_ms-11285.output to deathstar_ms-11285.output
tar: removing leading '/' from member names
Debug: Checking Namespace=default, Pod=ms-11512-75f8ddc45b-xfzx2 for Target File=deathstar_*.output
Namespace: default, Pod: ms-11512-75f8ddc45b-xfzx2 has the target files.
Copying deathstar_ms-11512.output to deathstar_ms-11512.output
tar: removing leading '/' from member names
Debug: Checking Namespace=default, Pod=ms-1278-85766ff6b8-rhzhb for Target File=deathstar_*.output
Namespace: default, Pod: ms-1278-85766ff6b8-rhzhb has the target files.
Copying deathstar_ms-1278.output to deathstar_ms-1278.output
tar: removing leading '/' from member names
Debug: Checking Namespace=default, Pod=ms-13873-85d7bb7b97-6dcwx for Target File=deathstar_*.output
Namespace: default, Pod: ms-13873-85d7bb7b97-6dcwx has the target files.
Copying deathstar_ms-13873.output to deathstar_ms-13873.output
tar: removing leading '/' from member names
Debug: Checking Namespace=default, Pod=ms-19953-68cc8998c5-n97mv for Target File=deathstar_*.output
Namespace: default, Pod: ms-19953-68cc8998c5-n97mv has the target files.
Copying deathstar_ms-19953.output to deathstar_ms-19953.output
tar: removing leading '/' from member names
Debug: Checking Namespace=default, Pod=ms-21883-f6c88c6d4-6p5p4 for Target File=deathstar_*.output
Namespace: default, Pod: ms-21883-f6c88c6d4-6p5p4 has the target files.
Copying deathstar_ms-21883.output to deathstar_ms-21883.output
tar: removing leading '/' from member names
Debug: Checking Namespace=default, Pod=ms-25124-77bd4446f5-tbwv7 for Target File=deathstar_*.output
Namespace: default, Pod: ms-25124-77bd4446f5-tbwv7 has the target files.
Copying deathstar_ms-25124.output to deathstar_ms-25124.output
tar: removing leading '/' from member names
Debug: Checking Namespace=default, Pod=ms-27421-8565974486-t8rz4 for Target File=deathstar_*.output
Namespace: default, Pod: ms-27421-8565974486-t8rz4 has the target files.
Copying deathstar_ms-27421.output to deathstar_ms-27421.output
tar: removing leading '/' from member names
Debug: Checking Namespace=default, Pod=ms-2827-5dcc6df4f4-9v2cb for Target File=deathstar_*.output
Namespace: default, Pod: ms-2827-5dcc6df4f4-9v2cb has the target files.
Copying deathstar_ms-2827.output to deathstar_ms-2827.output
tar: removing leading '/' from member names
Debug: Checking Namespace=default, Pod=ms-33719-6c455cf54c-pdjcw for Target File=deathstar_*.output
Namespace: default, Pod: ms-33719-6c455cf54c-pdjcw has the target files.
Copying deathstar_ms-33719.output to deathstar_ms-33719.output
tar: removing leading '/' from member names
Debug: Checking Namespace=default, Pod=ms-37691-b9bc44798-9hxjw for Target File=deathstar_*.output
Namespace: default, Pod: ms-37691-b9bc44798-9hxjw has the target files.
Copying deathstar_ms-37691.output to deathstar_ms-37691.output
tar: removing leading '/' from member names
Debug: Checking Namespace=default, Pod=ms-43309-54f758d465-mfkkx for Target File=deathstar_*.output
Namespace: default, Pod: ms-43309-54f758d465-mfkkx has the target files.
Copying deathstar_ms-43309.output to deathstar_ms-43309.output
tar: removing leading '/' from member names
Debug: Checking Namespace=default, Pod=ms-4354-669cfcbdf6-r4l2w for Target File=deathstar_*.output
Namespace: default, Pod: ms-4354-669cfcbdf6-r4l2w has the target files.
Copying deathstar_ms-4354.output to deathstar_ms-4354.output
tar: removing leading '/' from member names
Debug: Checking Namespace=default, Pod=ms-46825-58c684559d-wk6xg for Target File=deathstar_*.output
Namespace: default, Pod: ms-46825-58c684559d-wk6xg has the target files.
Copying deathstar_ms-46825.output to deathstar_ms-46825.output
tar: removing leading '/' from member names
Debug: Checking Namespace=default, Pod=ms-60236-64866cf49-kg276 for Target File=deathstar_*.output
Namespace: default, Pod: ms-60236-64866cf49-kg276 has the target files.
Copying deathstar_ms-60236.output to deathstar_ms-60236.output
tar: removing leading '/' from member names
Debug: Checking Namespace=default, Pod=ms-71771-567ddbdd95-k2rh8 for Target File=deathstar_*.output
Namespace: default, Pod: ms-71771-567ddbdd95-k2rh8 has the target files.
Copying deathstar_ms-71771.output to deathstar_ms-71771.output
tar: removing leading '/' from member names
Debug: Checking Namespace=default, Pod=ms-8052-b995968dc-ps6p8 for Target File=deathstar_*.output
Namespace: default, Pod: ms-8052-b995968dc-ps6p8 has the target files.
Copying deathstar_ms-8052.output to deathstar_ms-8052.output
tar: removing leading '/' from member names
Debug: Checking Namespace=default, Pod=ms-902-5744544f85-zwqv5 for Target File=deathstar_*.output
Namespace: default, Pod: ms-902-5744544f85-zwqv5 has the target files.
Copying deathstar_ms-902.output to deathstar_ms-902.output
tar: removing leading '/' from member names
Debug: Checking Namespace=default, Pod=nginx-web-server-56557f7cb7-6tstn for Target File=deathstar_*.output
Namespace: default, Pod: nginx-web-server-56557f7cb7-6tstn has the target files.
Copying deathstar_nginx-web-server.output to deathstar_nginx-web-server.output
tar: removing leading '/' from member names
