Deployments: compose-post-service
home-timeline-redis
home-timeline-service
media-service
nginx-web-server
post-storage-mongo
post-storage-service
social-graph-mongo
social-graph-redis
social-graph-service
text-service
unique-id-service
url-shorten-mongo
url-shorten-service
user-mention-memcached
user-mention-mongo
user-mention-service
user-service
user-timeline-mongo
user-timeline-redis
user-timeline-service
deployment "compose-post-service" successfully rolled out
Deployment compose-post-service is ready.
deployment "home-timeline-redis" successfully rolled out
Deployment home-timeline-redis is ready.
deployment "home-timeline-service" successfully rolled out
Deployment home-timeline-service is ready.
deployment "media-service" successfully rolled out
Deployment media-service is ready.
deployment "nginx-web-server" successfully rolled out
Deployment nginx-web-server is ready.
deployment "post-storage-mongo" successfully rolled out
Deployment post-storage-mongo is ready.
deployment "post-storage-service" successfully rolled out
Deployment post-storage-service is ready.
deployment "social-graph-mongo" successfully rolled out
Deployment social-graph-mongo is ready.
deployment "social-graph-redis" successfully rolled out
Deployment social-graph-redis is ready.
deployment "social-graph-service" successfully rolled out
Deployment social-graph-service is ready.
deployment "text-service" successfully rolled out
Deployment text-service is ready.
deployment "unique-id-service" successfully rolled out
Deployment unique-id-service is ready.
deployment "url-shorten-mongo" successfully rolled out
Deployment url-shorten-mongo is ready.
deployment "url-shorten-service" successfully rolled out
Deployment url-shorten-service is ready.
deployment "user-mention-memcached" successfully rolled out
Deployment user-mention-memcached is ready.
deployment "user-mention-mongo" successfully rolled out
Deployment user-mention-mongo is ready.
deployment "user-mention-service" successfully rolled out
Deployment user-mention-service is ready.
deployment "user-service" successfully rolled out
Deployment user-service is ready.
deployment "user-timeline-mongo" successfully rolled out
Deployment user-timeline-mongo is ready.
deployment "user-timeline-redis" successfully rolled out
Deployment user-timeline-redis is ready.
deployment "user-timeline-service" successfully rolled out
Deployment user-timeline-service is ready.
ENTRY_POINT: nginx-web-server
SERVICE_A_URL: 10.100.21.47:50051
Capacity: 8500
Metadata: method=compose
Metadata: request-id={{.RequestNumber}}
Metadata: timestamp={{.TimestampUnix}}
Charon Configurations:
[{PRICE_UPDATE_RATE 354713us} {TOKEN_UPDATE_RATE 382391us} {LATENCY_THRESHOLD 3869us} {PRICE_STEP 81} {PRICE_STRATEGY proportional} {INTERCEPT charon} {LAZY_UPDATE true} {BREAKWATER_SLO 12500us} {BREAKWATER_A 0.001} {BREAKWATER_B 0.02} {BREAKWATER_CLIENT_EXPIRATION 10ms} {BREAKWATER_INITIAL_CREDIT 400} {BREAKWATERD_SLO 12500us} {BREAKWATERD_A 0.001} {BREAKWATERD_B 0.02} {BREAKWATERD_CLIENT_EXPIRATION 10ms} {BREAKWATERD_INITIAL_CREDIT 400} {DAGOR_QUEUING_THRESHOLD 2ms} {DAGOR_ALPHA 0.05} {DAGOR_BETA 0.01} {DAGOR_ADMISSION_LEVEL_UPDATE_INTERVAL 10ms} {DAGOR_UMAX 20}]

Summary:
  Count:	33291
  Total:	8.76 s
  Slowest:	588.59 ms
  Fastest:	19.18 ms
  Average:	24.71 ms
  Requests/sec:	3800.72

Response time histogram:
  19.176  [1]     |
  76.118  [28441] |∎∎∎∎∎∎∎∎∎∎∎∎∎∎∎∎∎∎∎∎∎∎∎∎∎∎∎∎∎∎∎∎∎∎∎∎∎∎∎∎
  133.059 [40]    |
  190.000 [0]     |
  246.941 [0]     |
  303.882 [12]    |
  360.823 [31]    |
  417.765 [0]     |
  474.706 [0]     |
  531.647 [2]     |
  588.588 [22]    |

Latency distribution:
  10 % in 22.25 ms 
  25 % in 24.16 ms 
  50 % in 26.73 ms 
  75 % in 30.02 ms 
  90 % in 34.03 ms 
  95 % in 37.10 ms 
  99 % in 44.30 ms 

Status code distribution:
  [OK]                  28549 responses   
  [ResourceExhausted]   4686 responses    
  [Canceled]            56 responses      

Error distribution:
  [16]     rpc error: code = ResourceExhausted desc = compose req dropped by post-storage-mongo. Try again later.      
  [21]     rpc error: code = ResourceExhausted desc = compose req dropped by post-storage-service. Try again later.    
  [6]      rpc error: code = ResourceExhausted desc = compose req dropped by home-timeline-service. Try again later.   
  [123]    rpc error: code = ResourceExhausted desc = compose req dropped by compose-post-service. Try again later.    
  [20]     rpc error: code = ResourceExhausted desc = compose req dropped by user-timeline-service. Try again later.   
  [4500]   rpc error: code = ResourceExhausted desc = compose req dropped by nginx-web-server. Try again later.        
  [56]     rpc error: code = Canceled desc = grpc: the client connection is closing                                    

Debug: Checking Namespace=default, Pod=compose-post-service-5dd67b9cf5-kxffb for Target File=deathstar_*.output
Namespace: default, Pod: compose-post-service-5dd67b9cf5-kxffb has the target files.
Copying deathstar_compose-post-service.output to deathstar_compose-post-service.output
tar: removing leading '/' from member names
Debug: Checking Namespace=default, Pod=home-timeline-redis-76d55b799-xrfl8 for Target File=deathstar_*.output
Namespace: default, Pod: home-timeline-redis-76d55b799-xrfl8 has the target files.
Copying deathstar_home-timeline-redis.output to deathstar_home-timeline-redis.output
tar: removing leading '/' from member names
Debug: Checking Namespace=default, Pod=home-timeline-service-67b78f8bcb-9gb68 for Target File=deathstar_*.output
Namespace: default, Pod: home-timeline-service-67b78f8bcb-9gb68 has the target files.
Copying deathstar_home-timeline-service.output to deathstar_home-timeline-service.output
tar: removing leading '/' from member names
Debug: Checking Namespace=default, Pod=media-service-6cc5864bd6-d8899 for Target File=deathstar_*.output
Namespace: default, Pod: media-service-6cc5864bd6-d8899 has the target files.
Copying deathstar_media-service.output to deathstar_media-service.output
tar: removing leading '/' from member names
Debug: Checking Namespace=default, Pod=nginx-web-server-56557f7cb7-zd4mr for Target File=deathstar_*.output
Namespace: default, Pod: nginx-web-server-56557f7cb7-zd4mr has the target files.
Copying deathstar_nginx-web-server.output to deathstar_nginx-web-server.output
tar: removing leading '/' from member names
Debug: Checking Namespace=default, Pod=post-storage-mongo-d8bbf8c65-c7xnl for Target File=deathstar_*.output
Namespace: default, Pod: post-storage-mongo-d8bbf8c65-c7xnl has the target files.
Copying deathstar_post-storage-mongo.output to deathstar_post-storage-mongo.output
tar: removing leading '/' from member names
Debug: Checking Namespace=default, Pod=post-storage-service-6cd7955cb7-zz2h2 for Target File=deathstar_*.output
Namespace: default, Pod: post-storage-service-6cd7955cb7-zz2h2 has the target files.
Copying deathstar_post-storage-service.output to deathstar_post-storage-service.output
tar: removing leading '/' from member names
Debug: Checking Namespace=default, Pod=social-graph-mongo-7fb9669465-s9lm6 for Target File=deathstar_*.output
Namespace: default, Pod: social-graph-mongo-7fb9669465-s9lm6 has the target files.
Copying deathstar_social-graph-mongo.output to deathstar_social-graph-mongo.output
tar: removing leading '/' from member names
Debug: Checking Namespace=default, Pod=social-graph-redis-f8c4c788b-xkzmq for Target File=deathstar_*.output
Namespace: default, Pod: social-graph-redis-f8c4c788b-xkzmq has the target files.
Copying deathstar_social-graph-redis.output to deathstar_social-graph-redis.output
tar: removing leading '/' from member names
Debug: Checking Namespace=default, Pod=social-graph-service-54457c5fc9-n64x4 for Target File=deathstar_*.output
Namespace: default, Pod: social-graph-service-54457c5fc9-n64x4 has the target files.
Copying deathstar_social-graph-service.output to deathstar_social-graph-service.output
tar: removing leading '/' from member names
Debug: Checking Namespace=default, Pod=text-service-6468959769-89v48 for Target File=deathstar_*.output
Namespace: default, Pod: text-service-6468959769-89v48 has the target files.
Copying deathstar_text-service.output to deathstar_text-service.output
tar: removing leading '/' from member names
Debug: Checking Namespace=default, Pod=unique-id-service-76fc9d467c-xrtpr for Target File=deathstar_*.output
Namespace: default, Pod: unique-id-service-76fc9d467c-xrtpr has the target files.
Copying deathstar_unique-id-service.output to deathstar_unique-id-service.output
tar: removing leading '/' from member names
Debug: Checking Namespace=default, Pod=url-shorten-mongo-859457fd9d-vmgvt for Target File=deathstar_*.output
Namespace: default, Pod: url-shorten-mongo-859457fd9d-vmgvt has the target files.
Copying deathstar_url-shorten-mongo.output to deathstar_url-shorten-mongo.output
tar: removing leading '/' from member names
Debug: Checking Namespace=default, Pod=url-shorten-service-648c99fcf8-xjrzm for Target File=deathstar_*.output
Namespace: default, Pod: url-shorten-service-648c99fcf8-xjrzm has the target files.
Copying deathstar_url-shorten-service.output to deathstar_url-shorten-service.output
tar: removing leading '/' from member names
Debug: Checking Namespace=default, Pod=user-mention-memcached-6f97488b98-g9r5g for Target File=deathstar_*.output
Namespace: default, Pod: user-mention-memcached-6f97488b98-g9r5g has the target files.
Copying deathstar_user-mention-memcached.output to deathstar_user-mention-memcached.output
tar: removing leading '/' from member names
Debug: Checking Namespace=default, Pod=user-mention-mongo-5674859fcb-zzzrv for Target File=deathstar_*.output
Namespace: default, Pod: user-mention-mongo-5674859fcb-zzzrv has the target files.
Copying deathstar_user-mention-mongo.output to deathstar_user-mention-mongo.output
tar: removing leading '/' from member names
Debug: Checking Namespace=default, Pod=user-mention-service-6dbb786df6-tzztg for Target File=deathstar_*.output
Namespace: default, Pod: user-mention-service-6dbb786df6-tzztg has the target files.
Copying deathstar_user-mention-service.output to deathstar_user-mention-service.output
tar: removing leading '/' from member names
Debug: Checking Namespace=default, Pod=user-service-56dd5f4bbb-qz5fl for Target File=deathstar_*.output
Namespace: default, Pod: user-service-56dd5f4bbb-qz5fl has the target files.
Copying deathstar_user-service.output to deathstar_user-service.output
tar: removing leading '/' from member names
Debug: Checking Namespace=default, Pod=user-timeline-mongo-7b66b98dfc-jrz26 for Target File=deathstar_*.output
Namespace: default, Pod: user-timeline-mongo-7b66b98dfc-jrz26 has the target files.
Copying deathstar_user-timeline-mongo.output to deathstar_user-timeline-mongo.output
tar: removing leading '/' from member names
Debug: Checking Namespace=default, Pod=user-timeline-redis-7fcf87fb79-h2dwc for Target File=deathstar_*.output
Namespace: default, Pod: user-timeline-redis-7fcf87fb79-h2dwc has the target files.
Copying deathstar_user-timeline-redis.output to deathstar_user-timeline-redis.output
tar: removing leading '/' from member names
Debug: Checking Namespace=default, Pod=user-timeline-service-7db769cd99-hrknv for Target File=deathstar_*.output
Namespace: default, Pod: user-timeline-service-7db769cd99-hrknv has the target files.
Copying deathstar_user-timeline-service.output to deathstar_user-timeline-service.output
tar: removing leading '/' from member names
