Deployments: ms-25648
ms-27283
ms-27421
ms-2827
ms-34756
ms-36144
ms-37691
ms-41385
ms-41914
ms-46825
ms-54016
ms-55339
ms-58269
ms-58845
ms-68328
ms-70297
nginx-web-server
unknown
deployment "ms-25648" successfully rolled out
deployment "ms-27283" successfully rolled out
deployment "ms-27421" successfully rolled out
deployment "ms-2827" successfully rolled out
deployment "ms-34756" successfully rolled out
deployment "ms-36144" successfully rolled out
deployment "ms-37691" successfully rolled out
deployment "ms-41385" successfully rolled out
deployment "ms-41914" successfully rolled out
deployment "ms-46825" successfully rolled out
deployment "ms-54016" successfully rolled out
deployment "ms-55339" successfully rolled out
deployment "ms-58269" successfully rolled out
deployment "ms-58845" successfully rolled out
deployment "ms-68328" successfully rolled out
deployment "ms-70297" successfully rolled out
deployment "nginx-web-server" successfully rolled out
deployment "unknown" successfully rolled out
ENTRY_POINT: nginx-web-server
SERVICE_A_URL: 10.107.207.6:50051
Capacity: 10000
Metadata: request-id={{.RequestNumber}}
Metadata: timestamp={{.TimestampUnix}}
Metadata: method=S_161142529
Charon Configurations:
[{INTERCEPT charon} {PRICE_UPDATE_RATE 1003us} {TOKEN_UPDATE_RATE 9767us} {LATENCY_THRESHOLD 12568us} {PRICE_STEP 110} {PRICE_STRATEGY proportional} {LAZY_UPDATE true} {RATE_LIMITING true} {LOAD_SHEDDING true} {CHARON_TRACK_PRICE false} {BREAKWATER_SLO 12500us} {BREAKWATER_A 0.001} {BREAKWATER_B 0.02} {BREAKWATER_CLIENT_EXPIRATION 10ms} {BREAKWATER_INITIAL_CREDIT 400} {BREAKWATER_LOAD_SHEDDING true} {BREAKWATER_RTT 1000us} {BREAKWATERD_SLO 12500us} {BREAKWATERD_A 0.001} {BREAKWATERD_B 0.02} {BREAKWATERD_CLIENT_EXPIRATION 10ms} {BREAKWATERD_INITIAL_CREDIT 400} {BREAKWATERD_LOAD_SHEDDING true} {BREAKWATERD_RTT 1000us} {DAGOR_QUEUING_THRESHOLD 2ms} {DAGOR_ALPHA 0.05} {DAGOR_BETA 0.01} {DAGOR_ADMISSION_LEVEL_UPDATE_INTERVAL 10ms} {DAGOR_UMAX 20}]

Summary:
  Count:	79215
  Total:	14.80 s
  Slowest:	749.38 ms
  Fastest:	65.06 ms
  Average:	107.79 ms
  Requests/sec:	5352.64

Response time histogram:
  65.063  [1]     |
  133.495 [64645] |∎∎∎∎∎∎∎∎∎∎∎∎∎∎∎∎∎∎∎∎∎∎∎∎∎∎∎∎∎∎∎∎∎∎∎∎∎∎∎∎
  201.927 [5952]  |∎∎∎∎
  270.359 [880]   |∎
  338.791 [928]   |∎
  407.223 [996]   |∎
  475.655 [1364]  |∎
  544.087 [446]   |
  612.519 [101]   |
  680.951 [22]    |
  749.383 [8]     |

Latency distribution:
  10 % in 68.24 ms 
  25 % in 71.35 ms 
  50 % in 85.53 ms 
  75 % in 111.65 ms 
  90 % in 150.14 ms 
  95 % in 280.39 ms 
  99 % in 462.10 ms 

Status code distribution:
  [ResourceExhausted]   3282 responses    
  [Canceled]            590 responses     
  [OK]                  75343 responses   

Error distribution:
  [590]    rpc error: code = Canceled desc = grpc: the client connection is closing                                   
  [393]    rpc error: code = ResourceExhausted desc = S_161142529 req dropped by ms-27283. Try again later.           
  [383]    rpc error: code = ResourceExhausted desc = S_161142529 req dropped by unknown. Try again later.            
  [120]    rpc error: code = ResourceExhausted desc = S_161142529 req dropped by ms-41385. Try again later.           
  [1706]   rpc error: code = ResourceExhausted desc = S_161142529 req dropped by nginx-web-server. Try again later.   
  [680]    rpc error: code = ResourceExhausted desc = S_161142529 req dropped by ms-36144. Try again later.           

Debug: Checking Namespace=default, Pod=ms-25648-86cc47d8bd-7x84t for Target File=deathstar_*.output
Namespace: default, Pod: ms-25648-86cc47d8bd-7x84t has the target files.
Copying deathstar_ms-25648.output to deathstar_ms-25648.output
tar: removing leading '/' from member names
Debug: Checking Namespace=default, Pod=ms-27283-7cb76dd56d-ntpxz for Target File=deathstar_*.output
Namespace: default, Pod: ms-27283-7cb76dd56d-ntpxz has the target files.
Copying deathstar_ms-27283.output to deathstar_ms-27283.output
tar: removing leading '/' from member names
Debug: Checking Namespace=default, Pod=ms-27421-64f549855c-v54l6 for Target File=deathstar_*.output
Namespace: default, Pod: ms-27421-64f549855c-v54l6 has the target files.
Copying deathstar_ms-27421.output to deathstar_ms-27421.output
tar: removing leading '/' from member names
Debug: Checking Namespace=default, Pod=ms-2827-565cbcd7b-xc84j for Target File=deathstar_*.output
Namespace: default, Pod: ms-2827-565cbcd7b-xc84j has the target files.
Copying deathstar_ms-2827.output to deathstar_ms-2827.output
tar: removing leading '/' from member names
Debug: Checking Namespace=default, Pod=ms-34756-7c45d5bcc-6m2gb for Target File=deathstar_*.output
Namespace: default, Pod: ms-34756-7c45d5bcc-6m2gb has the target files.
Copying deathstar_ms-34756.output to deathstar_ms-34756.output
tar: removing leading '/' from member names
Debug: Checking Namespace=default, Pod=ms-36144-7bf7cbfff6-nmpqv for Target File=deathstar_*.output
Namespace: default, Pod: ms-36144-7bf7cbfff6-nmpqv has the target files.
Copying deathstar_ms-36144.output to deathstar_ms-36144.output
tar: removing leading '/' from member names
Debug: Checking Namespace=default, Pod=ms-37691-6f7cbf7c5-8w9bd for Target File=deathstar_*.output
Namespace: default, Pod: ms-37691-6f7cbf7c5-8w9bd has the target files.
Copying deathstar_ms-37691.output to deathstar_ms-37691.output
tar: removing leading '/' from member names
Debug: Checking Namespace=default, Pod=ms-41385-6bc4f5d4fc-blhsq for Target File=deathstar_*.output
Namespace: default, Pod: ms-41385-6bc4f5d4fc-blhsq has the target files.
Copying deathstar_ms-41385.output to deathstar_ms-41385.output
tar: removing leading '/' from member names
Debug: Checking Namespace=default, Pod=ms-41914-5555dd8d48-vbrfm for Target File=deathstar_*.output
Namespace: default, Pod: ms-41914-5555dd8d48-vbrfm has the target files.
Copying deathstar_ms-41914.output to deathstar_ms-41914.output
tar: removing leading '/' from member names
Debug: Checking Namespace=default, Pod=ms-46825-58c684559d-lzkll for Target File=deathstar_*.output
Namespace: default, Pod: ms-46825-58c684559d-lzkll has the target files.
Copying deathstar_ms-46825.output to deathstar_ms-46825.output
tar: removing leading '/' from member names
Debug: Checking Namespace=default, Pod=ms-54016-5665fbcb8d-bzcvm for Target File=deathstar_*.output
Namespace: default, Pod: ms-54016-5665fbcb8d-bzcvm has the target files.
Copying deathstar_ms-54016.output to deathstar_ms-54016.output
tar: removing leading '/' from member names
Debug: Checking Namespace=default, Pod=ms-55339-5b545b67bb-npwkr for Target File=deathstar_*.output
Namespace: default, Pod: ms-55339-5b545b67bb-npwkr has the target files.
Copying deathstar_ms-55339.output to deathstar_ms-55339.output
tar: removing leading '/' from member names
Debug: Checking Namespace=default, Pod=ms-58269-8c4794c6c-sb9lq for Target File=deathstar_*.output
Namespace: default, Pod: ms-58269-8c4794c6c-sb9lq has the target files.
Copying deathstar_ms-58269.output to deathstar_ms-58269.output
tar: removing leading '/' from member names
Debug: Checking Namespace=default, Pod=ms-58845-5bc6f9d8df-q6gwp for Target File=deathstar_*.output
Namespace: default, Pod: ms-58845-5bc6f9d8df-q6gwp has the target files.
Copying deathstar_ms-58845.output to deathstar_ms-58845.output
tar: removing leading '/' from member names
Debug: Checking Namespace=default, Pod=ms-68328-5866fd45b7-slf69 for Target File=deathstar_*.output
Namespace: default, Pod: ms-68328-5866fd45b7-slf69 has the target files.
Copying deathstar_ms-68328.output to deathstar_ms-68328.output
tar: removing leading '/' from member names
Debug: Checking Namespace=default, Pod=ms-70297-868876bcdb-h4kcf for Target File=deathstar_*.output
Namespace: default, Pod: ms-70297-868876bcdb-h4kcf has the target files.
Copying deathstar_ms-70297.output to deathstar_ms-70297.output
tar: removing leading '/' from member names
Debug: Checking Namespace=default, Pod=nginx-web-server-56557f7cb7-zzjlg for Target File=deathstar_*.output
Namespace: default, Pod: nginx-web-server-56557f7cb7-zzjlg has the target files.
Copying deathstar_nginx-web-server.output to deathstar_nginx-web-server.output
tar: removing leading '/' from member names
Debug: Checking Namespace=default, Pod=unknown-57ddd65965-jzhgx for Target File=deathstar_*.output
Namespace: default, Pod: unknown-57ddd65965-jzhgx has the target files.
Copying deathstar_unknown.output to deathstar_unknown.output
tar: removing leading '/' from member names
