Deployments: ms-10090
ms-13558
ms-18330
ms-19585
ms-20172
ms-22893
ms-24009
ms-24959
ms-26622
ms-27421
ms-29373
ms-32301
ms-3289
ms-37691
ms-38964
ms-40147
ms-48118
ms-4829
ms-51685
ms-52379
ms-55394
ms-58436
ms-58772
ms-59962
ms-60061
ms-6323
ms-65741
ms-66473
ms-69188
ms-69614
ms-9081
nginx-web-server
unknown
deployment "ms-10090" successfully rolled out
deployment "ms-13558" successfully rolled out
deployment "ms-18330" successfully rolled out
deployment "ms-19585" successfully rolled out
deployment "ms-20172" successfully rolled out
deployment "ms-22893" successfully rolled out
deployment "ms-24009" successfully rolled out
deployment "ms-24959" successfully rolled out
deployment "ms-26622" successfully rolled out
deployment "ms-27421" successfully rolled out
deployment "ms-29373" successfully rolled out
deployment "ms-32301" successfully rolled out
deployment "ms-3289" successfully rolled out
deployment "ms-37691" successfully rolled out
deployment "ms-38964" successfully rolled out
deployment "ms-40147" successfully rolled out
deployment "ms-48118" successfully rolled out
deployment "ms-4829" successfully rolled out
deployment "ms-51685" successfully rolled out
deployment "ms-52379" successfully rolled out
deployment "ms-55394" successfully rolled out
deployment "ms-58436" successfully rolled out
deployment "ms-58772" successfully rolled out
deployment "ms-59962" successfully rolled out
deployment "ms-60061" successfully rolled out
deployment "ms-6323" successfully rolled out
deployment "ms-65741" successfully rolled out
deployment "ms-66473" successfully rolled out
deployment "ms-69188" successfully rolled out
deployment "ms-69614" successfully rolled out
deployment "ms-9081" successfully rolled out
deployment "nginx-web-server" successfully rolled out
deployment "unknown" successfully rolled out
ENTRY_POINT: nginx-web-server
SERVICE_A_URL: 10.97.71.187:50051
Capacity: 10000
Metadata: request-id={{.RequestNumber}}
Metadata: timestamp={{.TimestampUnix}}
Metadata: method=S_149998854
Charon Configurations:
[{INTERCEPT breakwaterd} {PRICE_UPDATE_RATE 10ms} {TOKEN_UPDATE_RATE 10ms} {LATENCY_THRESHOLD 100us} {PRICE_STEP 0} {PRICE_STRATEGY step} {LAZY_UPDATE false} {RATE_LIMITING true} {LOAD_SHEDDING true} {CHARON_TRACK_PRICE false} {BREAKWATER_SLO 37872us} {BREAKWATER_A 20.72690752550772} {BREAKWATER_B 9.973228504514806} {BREAKWATER_CLIENT_EXPIRATION 862us} {BREAKWATER_INITIAL_CREDIT 55} {BREAKWATER_LOAD_SHEDDING true} {BREAKWATER_RTT 18651us} {BREAKWATERD_SLO 18698us} {BREAKWATERD_A 0.6600017272206249} {BREAKWATERD_B 7.554630526024663} {BREAKWATERD_CLIENT_EXPIRATION 77848us} {BREAKWATERD_INITIAL_CREDIT 4615} {BREAKWATERD_LOAD_SHEDDING true} {BREAKWATERD_RTT 14518us} {DAGOR_QUEUING_THRESHOLD 2ms} {DAGOR_ALPHA 0.05} {DAGOR_BETA 0.01} {DAGOR_ADMISSION_LEVEL_UPDATE_INTERVAL 10ms} {DAGOR_UMAX 20}]

Summary:
  Count:	15091
  Total:	25.00 s
  Slowest:	903.45 ms
  Fastest:	111.28 ms
  Average:	111.68 ms
  Requests/sec:	603.59

Response time histogram:
  111.279 [1]    |
  190.496 [2882] |∎∎∎∎∎∎∎∎∎∎∎∎∎∎∎∎∎∎∎∎∎∎∎∎∎∎∎∎∎∎∎∎∎∎∎∎∎∎∎∎
  269.712 [0]    |
  348.929 [0]    |
  428.146 [0]    |
  507.362 [0]    |
  586.579 [0]    |
  665.796 [0]    |
  745.012 [0]    |
  824.229 [6]    |
  903.446 [8]    |

Latency distribution:
  10 % in 113.09 ms 
  25 % in 113.92 ms 
  50 % in 115.32 ms 
  75 % in 117.04 ms 
  90 % in 121.96 ms 
  95 % in 129.70 ms 
  99 % in 160.64 ms 

Status code distribution:
  [OK]                  2897 responses    
  [ResourceExhausted]   12075 responses   
  [Canceled]            119 responses     

Error distribution:
  [275]     rpc error: code = ResourceExhausted desc = Client id f9544f4f-6333-4842-a77a-d8729fab4f4d request expired in queue.   
  [11800]   rpc error: code = ResourceExhausted desc = Client id 4168077d-48aa-4567-a160-4856d396e88d request expired in queue.   
  [119]     rpc error: code = Canceled desc = grpc: the client connection is closing                                              

Debug: Checking Namespace=default, Pod=ms-10090-6454f977fd-xb7sn for Target File=deathstar_*.output
Namespace: default, Pod: ms-10090-6454f977fd-xb7sn has the target files.
Copying deathstar_ms-10090.output to deathstar_ms-10090.output
tar: removing leading '/' from member names
Debug: Checking Namespace=default, Pod=ms-13558-b48bb5d9d-pjqsx for Target File=deathstar_*.output
Namespace: default, Pod: ms-13558-b48bb5d9d-pjqsx has the target files.
Copying deathstar_ms-13558.output to deathstar_ms-13558.output
tar: removing leading '/' from member names
Debug: Checking Namespace=default, Pod=ms-18330-759d9cf49c-nwjth for Target File=deathstar_*.output
Namespace: default, Pod: ms-18330-759d9cf49c-nwjth has the target files.
Copying deathstar_ms-18330.output to deathstar_ms-18330.output
tar: removing leading '/' from member names
Debug: Checking Namespace=default, Pod=ms-19585-6f995cfcbf-skpfh for Target File=deathstar_*.output
Namespace: default, Pod: ms-19585-6f995cfcbf-skpfh has the target files.
Copying deathstar_ms-19585.output to deathstar_ms-19585.output
tar: removing leading '/' from member names
Debug: Checking Namespace=default, Pod=ms-20172-59d5485464-rstcn for Target File=deathstar_*.output
Namespace: default, Pod: ms-20172-59d5485464-rstcn has the target files.
Copying deathstar_ms-20172.output to deathstar_ms-20172.output
tar: removing leading '/' from member names
Debug: Checking Namespace=default, Pod=ms-22893-576fd5f9f6-5qmrw for Target File=deathstar_*.output
Namespace: default, Pod: ms-22893-576fd5f9f6-5qmrw has the target files.
Copying deathstar_ms-22893.output to deathstar_ms-22893.output
tar: removing leading '/' from member names
Debug: Checking Namespace=default, Pod=ms-24009-67dbf5b976-fs85z for Target File=deathstar_*.output
Namespace: default, Pod: ms-24009-67dbf5b976-fs85z has the target files.
Copying deathstar_ms-24009.output to deathstar_ms-24009.output
tar: removing leading '/' from member names
Debug: Checking Namespace=default, Pod=ms-24959-99f8bbf9-rgkzp for Target File=deathstar_*.output
Namespace: default, Pod: ms-24959-99f8bbf9-rgkzp has the target files.
Copying deathstar_ms-24959.output to deathstar_ms-24959.output
tar: removing leading '/' from member names
Debug: Checking Namespace=default, Pod=ms-26622-66fdf7d64f-vsgn6 for Target File=deathstar_*.output
Namespace: default, Pod: ms-26622-66fdf7d64f-vsgn6 has the target files.
Copying deathstar_ms-26622.output to deathstar_ms-26622.output
tar: removing leading '/' from member names
Debug: Checking Namespace=default, Pod=ms-27421-64f549855c-g2kgv for Target File=deathstar_*.output
Namespace: default, Pod: ms-27421-64f549855c-g2kgv has the target files.
Copying deathstar_ms-27421.output to deathstar_ms-27421.output
tar: removing leading '/' from member names
Debug: Checking Namespace=default, Pod=ms-29373-8467f7db44-zwbx8 for Target File=deathstar_*.output
Namespace: default, Pod: ms-29373-8467f7db44-zwbx8 has the target files.
Copying deathstar_ms-29373.output to deathstar_ms-29373.output
tar: removing leading '/' from member names
Debug: Checking Namespace=default, Pod=ms-32301-c5654bbc5-6pnws for Target File=deathstar_*.output
Namespace: default, Pod: ms-32301-c5654bbc5-6pnws has the target files.
Copying deathstar_ms-32301.output to deathstar_ms-32301.output
tar: removing leading '/' from member names
Debug: Checking Namespace=default, Pod=ms-3289-587dbd96bf-92bps for Target File=deathstar_*.output
Namespace: default, Pod: ms-3289-587dbd96bf-92bps has the target files.
Copying deathstar_ms-3289.output to deathstar_ms-3289.output
tar: removing leading '/' from member names
Debug: Checking Namespace=default, Pod=ms-37691-6dc6cd6744-f57hp for Target File=deathstar_*.output
Namespace: default, Pod: ms-37691-6dc6cd6744-f57hp has the target files.
Copying deathstar_ms-37691.output to deathstar_ms-37691.output
tar: removing leading '/' from member names
Debug: Checking Namespace=default, Pod=ms-38964-5b647cdbd-97zbm for Target File=deathstar_*.output
Namespace: default, Pod: ms-38964-5b647cdbd-97zbm has the target files.
Copying deathstar_ms-38964.output to deathstar_ms-38964.output
tar: removing leading '/' from member names
Debug: Checking Namespace=default, Pod=ms-40147-cd867585-fqh4v for Target File=deathstar_*.output
Namespace: default, Pod: ms-40147-cd867585-fqh4v has the target files.
Copying deathstar_ms-40147.output to deathstar_ms-40147.output
tar: removing leading '/' from member names
Debug: Checking Namespace=default, Pod=ms-48118-ff7b99cc9-tvbcp for Target File=deathstar_*.output
Namespace: default, Pod: ms-48118-ff7b99cc9-tvbcp has the target files.
Copying deathstar_ms-48118.output to deathstar_ms-48118.output
tar: removing leading '/' from member names
Debug: Checking Namespace=default, Pod=ms-4829-669557b66c-jrww2 for Target File=deathstar_*.output
Namespace: default, Pod: ms-4829-669557b66c-jrww2 has the target files.
Copying deathstar_ms-4829.output to deathstar_ms-4829.output
tar: removing leading '/' from member names
Debug: Checking Namespace=default, Pod=ms-51685-79858c784f-4v4hl for Target File=deathstar_*.output
Namespace: default, Pod: ms-51685-79858c784f-4v4hl has the target files.
Copying deathstar_ms-51685.output to deathstar_ms-51685.output
tar: removing leading '/' from member names
Debug: Checking Namespace=default, Pod=ms-52379-57c6cdd54b-kv4b5 for Target File=deathstar_*.output
Namespace: default, Pod: ms-52379-57c6cdd54b-kv4b5 has the target files.
Copying deathstar_ms-52379.output to deathstar_ms-52379.output
tar: removing leading '/' from member names
Debug: Checking Namespace=default, Pod=ms-55394-6f999f5df9-rpxfj for Target File=deathstar_*.output
Namespace: default, Pod: ms-55394-6f999f5df9-rpxfj has the target files.
Copying deathstar_ms-55394.output to deathstar_ms-55394.output
tar: removing leading '/' from member names
Debug: Checking Namespace=default, Pod=ms-58436-59dd96f659-8fltf for Target File=deathstar_*.output
Namespace: default, Pod: ms-58436-59dd96f659-8fltf has the target files.
Copying deathstar_ms-58436.output to deathstar_ms-58436.output
tar: removing leading '/' from member names
Debug: Checking Namespace=default, Pod=ms-58772-68ff78c966-gdqvh for Target File=deathstar_*.output
Namespace: default, Pod: ms-58772-68ff78c966-gdqvh has the target files.
Copying deathstar_ms-58772.output to deathstar_ms-58772.output
tar: removing leading '/' from member names
Debug: Checking Namespace=default, Pod=ms-59962-756b895b58-dbwzc for Target File=deathstar_*.output
Namespace: default, Pod: ms-59962-756b895b58-dbwzc has the target files.
Copying deathstar_ms-59962.output to deathstar_ms-59962.output
tar: removing leading '/' from member names
Debug: Checking Namespace=default, Pod=ms-60061-68bd84bdcd-p57k9 for Target File=deathstar_*.output
Namespace: default, Pod: ms-60061-68bd84bdcd-p57k9 has the target files.
Copying deathstar_ms-60061.output to deathstar_ms-60061.output
tar: removing leading '/' from member names
Debug: Checking Namespace=default, Pod=ms-6323-974659fcd-d58k4 for Target File=deathstar_*.output
Namespace: default, Pod: ms-6323-974659fcd-d58k4 has the target files.
Copying deathstar_ms-6323.output to deathstar_ms-6323.output
tar: removing leading '/' from member names
Debug: Checking Namespace=default, Pod=ms-65741-65f588bcdf-8vblt for Target File=deathstar_*.output
Namespace: default, Pod: ms-65741-65f588bcdf-8vblt has the target files.
Copying deathstar_ms-65741.output to deathstar_ms-65741.output
tar: removing leading '/' from member names
Debug: Checking Namespace=default, Pod=ms-66473-79c66f8bff-hzn9s for Target File=deathstar_*.output
Namespace: default, Pod: ms-66473-79c66f8bff-hzn9s has the target files.
Copying deathstar_ms-66473.output to deathstar_ms-66473.output
tar: removing leading '/' from member names
Debug: Checking Namespace=default, Pod=ms-69188-65c548d4cb-md85g for Target File=deathstar_*.output
Namespace: default, Pod: ms-69188-65c548d4cb-md85g has the target files.
Copying deathstar_ms-69188.output to deathstar_ms-69188.output
tar: removing leading '/' from member names
Debug: Checking Namespace=default, Pod=ms-69614-794bd8475-82vtz for Target File=deathstar_*.output
Namespace: default, Pod: ms-69614-794bd8475-82vtz has the target files.
Copying deathstar_ms-69614.output to deathstar_ms-69614.output
tar: removing leading '/' from member names
Debug: Checking Namespace=default, Pod=ms-9081-567985788-wfnqg for Target File=deathstar_*.output
Namespace: default, Pod: ms-9081-567985788-wfnqg has the target files.
Copying deathstar_ms-9081.output to deathstar_ms-9081.output
tar: removing leading '/' from member names
Debug: Checking Namespace=default, Pod=nginx-web-server-56557f7cb7-mb7kk for Target File=deathstar_*.output
Namespace: default, Pod: nginx-web-server-56557f7cb7-mb7kk has the target files.
Copying deathstar_nginx-web-server.output to deathstar_nginx-web-server.output
tar: removing leading '/' from member names
Debug: Checking Namespace=default, Pod=unknown-6ddf9bd4b5-lfdkg for Target File=deathstar_*.output
Namespace: default, Pod: unknown-6ddf9bd4b5-lfdkg has the target files.
Copying deathstar_unknown.output to deathstar_unknown.output
tar: removing leading '/' from member names
