Deployments: ms-25648
ms-27283
ms-27421
ms-2827
ms-34756
ms-36144
ms-37691
ms-41385
ms-41914
ms-46825
ms-54016
ms-55339
ms-58269
ms-58845
ms-68328
ms-70297
nginx-web-server
unknown
deployment "ms-25648" successfully rolled out
deployment "ms-27283" successfully rolled out
deployment "ms-27421" successfully rolled out
deployment "ms-2827" successfully rolled out
deployment "ms-34756" successfully rolled out
deployment "ms-36144" successfully rolled out
deployment "ms-37691" successfully rolled out
deployment "ms-41385" successfully rolled out
deployment "ms-41914" successfully rolled out
deployment "ms-46825" successfully rolled out
deployment "ms-54016" successfully rolled out
deployment "ms-55339" successfully rolled out
deployment "ms-58269" successfully rolled out
deployment "ms-58845" successfully rolled out
deployment "ms-68328" successfully rolled out
deployment "ms-70297" successfully rolled out
deployment "nginx-web-server" successfully rolled out
deployment "unknown" successfully rolled out
ENTRY_POINT: nginx-web-server
SERVICE_A_URL: 10.106.24.40:50051
Capacity: 10000
Metadata: request-id={{.RequestNumber}}
Metadata: timestamp={{.TimestampUnix}}
Metadata: method=S_161142529
Charon Configurations:
[{INTERCEPT charon} {PRICE_UPDATE_RATE 21369us} {TOKEN_UPDATE_RATE 12232us} {LATENCY_THRESHOLD 19063us} {PRICE_STEP 10} {PRICE_STRATEGY proportional} {LAZY_UPDATE true} {RATE_LIMITING true} {LOAD_SHEDDING true} {CHARON_TRACK_PRICE false} {BREAKWATER_SLO 12500us} {BREAKWATER_A 0.001} {BREAKWATER_B 0.02} {BREAKWATER_CLIENT_EXPIRATION 10ms} {BREAKWATER_INITIAL_CREDIT 400} {BREAKWATER_LOAD_SHEDDING true} {BREAKWATER_RTT 1000us} {BREAKWATERD_SLO 12500us} {BREAKWATERD_A 0.001} {BREAKWATERD_B 0.02} {BREAKWATERD_CLIENT_EXPIRATION 10ms} {BREAKWATERD_INITIAL_CREDIT 400} {BREAKWATERD_LOAD_SHEDDING true} {BREAKWATERD_RTT 1000us} {DAGOR_QUEUING_THRESHOLD 2ms} {DAGOR_ALPHA 0.05} {DAGOR_BETA 0.01} {DAGOR_ADMISSION_LEVEL_UPDATE_INTERVAL 10ms} {DAGOR_UMAX 20}]

Summary:
  Count:	99061
  Total:	14.82 s
  Slowest:	1.03 s
  Fastest:	64.85 ms
  Average:	265.22 ms
  Requests/sec:	6683.75

Response time histogram:
  64.853   [1]     |
  161.664  [52043] |∎∎∎∎∎∎∎∎∎∎∎∎∎∎∎∎∎∎∎∎∎∎∎∎∎∎∎∎∎∎∎∎∎∎∎∎∎∎∎∎
  258.474  [10590] |∎∎∎∎∎∎∎∎
  355.285  [5521]  |∎∎∎∎
  452.095  [5399]  |∎∎∎∎
  548.905  [4466]  |∎∎∎
  645.716  [3819]  |∎∎∎
  742.526  [2520]  |∎∎
  839.337  [3109]  |∎∎
  936.147  [2677]  |∎∎
  1032.958 [1935]  |∎

Latency distribution:
  10 % in 68.66 ms 
  25 % in 100.88 ms 
  50 % in 144.45 ms 
  75 % in 368.79 ms 
  90 % in 689.30 ms 
  95 % in 839.70 ms 
  99 % in 965.04 ms 

Status code distribution:
  [ResourceExhausted]   4326 responses    
  [DeadlineExceeded]    1120 responses    
  [Canceled]            1535 responses    
  [OK]                  92080 responses   

Error distribution:
  [364]    rpc error: code = ResourceExhausted desc = S_161142529 req dropped by ms-27283. Try again later.           
  [329]    rpc error: code = ResourceExhausted desc = S_161142529 req dropped by unknown. Try again later.            
  [146]    rpc error: code = ResourceExhausted desc = S_161142529 req dropped by ms-41385. Try again later.           
  [2454]   rpc error: code = ResourceExhausted desc = S_161142529 req dropped by nginx-web-server. Try again later.   
  [1033]   rpc error: code = ResourceExhausted desc = S_161142529 req dropped by ms-36144. Try again later.           
  [1120]   rpc error: code = DeadlineExceeded desc = context deadline exceeded                                        
  [1535]   rpc error: code = Canceled desc = grpc: the client connection is closing                                   

Debug: Checking Namespace=default, Pod=ms-25648-86cc47d8bd-wzxwf for Target File=deathstar_*.output
Namespace: default, Pod: ms-25648-86cc47d8bd-wzxwf has the target files.
Copying deathstar_ms-25648.output to deathstar_ms-25648.output
tar: removing leading '/' from member names
Debug: Checking Namespace=default, Pod=ms-27283-7cb76dd56d-wvg54 for Target File=deathstar_*.output
Namespace: default, Pod: ms-27283-7cb76dd56d-wvg54 has the target files.
Copying deathstar_ms-27283.output to deathstar_ms-27283.output
tar: removing leading '/' from member names
Debug: Checking Namespace=default, Pod=ms-27421-64f549855c-4lzpx for Target File=deathstar_*.output
Namespace: default, Pod: ms-27421-64f549855c-4lzpx has the target files.
Copying deathstar_ms-27421.output to deathstar_ms-27421.output
tar: removing leading '/' from member names
Debug: Checking Namespace=default, Pod=ms-2827-565cbcd7b-rmhtc for Target File=deathstar_*.output
Namespace: default, Pod: ms-2827-565cbcd7b-rmhtc has the target files.
Copying deathstar_ms-2827.output to deathstar_ms-2827.output
tar: removing leading '/' from member names
Debug: Checking Namespace=default, Pod=ms-34756-7c45d5bcc-klwgd for Target File=deathstar_*.output
Namespace: default, Pod: ms-34756-7c45d5bcc-klwgd has the target files.
Copying deathstar_ms-34756.output to deathstar_ms-34756.output
tar: removing leading '/' from member names
Debug: Checking Namespace=default, Pod=ms-36144-7bf7cbfff6-xll6q for Target File=deathstar_*.output
Namespace: default, Pod: ms-36144-7bf7cbfff6-xll6q has the target files.
Copying deathstar_ms-36144.output to deathstar_ms-36144.output
tar: removing leading '/' from member names
Debug: Checking Namespace=default, Pod=ms-37691-6f7cbf7c5-kbvqw for Target File=deathstar_*.output
Namespace: default, Pod: ms-37691-6f7cbf7c5-kbvqw has the target files.
Copying deathstar_ms-37691.output to deathstar_ms-37691.output
tar: removing leading '/' from member names
Debug: Checking Namespace=default, Pod=ms-41385-6bc4f5d4fc-q2f9h for Target File=deathstar_*.output
Namespace: default, Pod: ms-41385-6bc4f5d4fc-q2f9h has the target files.
Copying deathstar_ms-41385.output to deathstar_ms-41385.output
tar: removing leading '/' from member names
Debug: Checking Namespace=default, Pod=ms-41914-5555dd8d48-zl78j for Target File=deathstar_*.output
Namespace: default, Pod: ms-41914-5555dd8d48-zl78j has the target files.
Copying deathstar_ms-41914.output to deathstar_ms-41914.output
tar: removing leading '/' from member names
Debug: Checking Namespace=default, Pod=ms-46825-58c684559d-xvczx for Target File=deathstar_*.output
Namespace: default, Pod: ms-46825-58c684559d-xvczx has the target files.
Copying deathstar_ms-46825.output to deathstar_ms-46825.output
tar: removing leading '/' from member names
Debug: Checking Namespace=default, Pod=ms-54016-5665fbcb8d-4v499 for Target File=deathstar_*.output
Namespace: default, Pod: ms-54016-5665fbcb8d-4v499 has the target files.
Copying deathstar_ms-54016.output to deathstar_ms-54016.output
tar: removing leading '/' from member names
Debug: Checking Namespace=default, Pod=ms-55339-5b545b67bb-sscqm for Target File=deathstar_*.output
Namespace: default, Pod: ms-55339-5b545b67bb-sscqm has the target files.
Copying deathstar_ms-55339.output to deathstar_ms-55339.output
tar: removing leading '/' from member names
Debug: Checking Namespace=default, Pod=ms-58269-8c4794c6c-4pwb7 for Target File=deathstar_*.output
Namespace: default, Pod: ms-58269-8c4794c6c-4pwb7 has the target files.
Copying deathstar_ms-58269.output to deathstar_ms-58269.output
tar: removing leading '/' from member names
Debug: Checking Namespace=default, Pod=ms-58845-5bc6f9d8df-bp98k for Target File=deathstar_*.output
Namespace: default, Pod: ms-58845-5bc6f9d8df-bp98k has the target files.
Copying deathstar_ms-58845.output to deathstar_ms-58845.output
tar: removing leading '/' from member names
Debug: Checking Namespace=default, Pod=ms-68328-5866fd45b7-qvb5z for Target File=deathstar_*.output
Namespace: default, Pod: ms-68328-5866fd45b7-qvb5z has the target files.
Copying deathstar_ms-68328.output to deathstar_ms-68328.output
tar: removing leading '/' from member names
Debug: Checking Namespace=default, Pod=ms-70297-868876bcdb-jhhtj for Target File=deathstar_*.output
Namespace: default, Pod: ms-70297-868876bcdb-jhhtj has the target files.
Copying deathstar_ms-70297.output to deathstar_ms-70297.output
tar: removing leading '/' from member names
Debug: Checking Namespace=default, Pod=nginx-web-server-56557f7cb7-7f79r for Target File=deathstar_*.output
Namespace: default, Pod: nginx-web-server-56557f7cb7-7f79r has the target files.
Copying deathstar_nginx-web-server.output to deathstar_nginx-web-server.output
tar: removing leading '/' from member names
Debug: Checking Namespace=default, Pod=unknown-57ddd65965-gwnjx for Target File=deathstar_*.output
Namespace: default, Pod: unknown-57ddd65965-gwnjx has the target files.
Copying deathstar_unknown.output to deathstar_unknown.output
tar: removing leading '/' from member names
