Deployments: ms-10090
ms-13558
ms-18330
ms-19585
ms-20172
ms-22893
ms-24009
ms-24959
ms-26622
ms-27421
ms-29373
ms-32301
ms-3289
ms-37691
ms-38964
ms-40147
ms-48118
ms-4829
ms-51685
ms-52379
ms-55394
ms-58436
ms-58772
ms-59962
ms-60061
ms-6323
ms-65741
ms-66473
ms-69188
ms-69614
ms-9081
nginx-web-server
unknown
deployment "ms-10090" successfully rolled out
deployment "ms-13558" successfully rolled out
deployment "ms-18330" successfully rolled out
deployment "ms-19585" successfully rolled out
deployment "ms-20172" successfully rolled out
deployment "ms-22893" successfully rolled out
deployment "ms-24009" successfully rolled out
deployment "ms-24959" successfully rolled out
deployment "ms-26622" successfully rolled out
deployment "ms-27421" successfully rolled out
deployment "ms-29373" successfully rolled out
deployment "ms-32301" successfully rolled out
deployment "ms-3289" successfully rolled out
deployment "ms-37691" successfully rolled out
deployment "ms-38964" successfully rolled out
deployment "ms-40147" successfully rolled out
deployment "ms-48118" successfully rolled out
deployment "ms-4829" successfully rolled out
deployment "ms-51685" successfully rolled out
deployment "ms-52379" successfully rolled out
deployment "ms-55394" successfully rolled out
deployment "ms-58436" successfully rolled out
deployment "ms-58772" successfully rolled out
deployment "ms-59962" successfully rolled out
deployment "ms-60061" successfully rolled out
deployment "ms-6323" successfully rolled out
deployment "ms-65741" successfully rolled out
deployment "ms-66473" successfully rolled out
deployment "ms-69188" successfully rolled out
deployment "ms-69614" successfully rolled out
deployment "ms-9081" successfully rolled out
deployment "nginx-web-server" successfully rolled out
deployment "unknown" successfully rolled out
ENTRY_POINT: nginx-web-server
SERVICE_A_URL: 10.97.14.27:50051
Capacity: 10000
Metadata: method=S_149998854
Metadata: request-id={{.RequestNumber}}
Metadata: timestamp={{.TimestampUnix}}
Charon Configurations:
[{INTERCEPT charon} {PRICE_UPDATE_RATE 32338us} {TOKEN_UPDATE_RATE 26273us} {LATENCY_THRESHOLD 1889us} {PRICE_STEP 48} {PRICE_STRATEGY proportional} {LAZY_UPDATE true} {RATE_LIMITING true} {LOAD_SHEDDING true} {CHARON_TRACK_PRICE false} {BREAKWATER_SLO 12500us} {BREAKWATER_A 0.001} {BREAKWATER_B 0.02} {BREAKWATER_CLIENT_EXPIRATION 10ms} {BREAKWATER_INITIAL_CREDIT 400} {BREAKWATER_LOAD_SHEDDING true} {BREAKWATER_RTT 1000us} {BREAKWATERD_SLO 12500us} {BREAKWATERD_A 0.001} {BREAKWATERD_B 0.02} {BREAKWATERD_CLIENT_EXPIRATION 10ms} {BREAKWATERD_INITIAL_CREDIT 400} {BREAKWATERD_LOAD_SHEDDING true} {BREAKWATERD_RTT 1000us} {DAGOR_QUEUING_THRESHOLD 2ms} {DAGOR_ALPHA 0.05} {DAGOR_BETA 0.01} {DAGOR_ADMISSION_LEVEL_UPDATE_INTERVAL 10ms} {DAGOR_UMAX 20}]

Summary:
  Count:	54479
  Total:	14.85 s
  Slowest:	866.92 ms
  Fastest:	110.93 ms
  Average:	122.89 ms
  Requests/sec:	3668.36

Response time histogram:
  110.933 [1]     |
  186.531 [43745] |∎∎∎∎∎∎∎∎∎∎∎∎∎∎∎∎∎∎∎∎∎∎∎∎∎∎∎∎∎∎∎∎∎∎∎∎∎∎∎∎
  262.130 [459]   |
  337.728 [475]   |
  413.327 [625]   |∎
  488.925 [976]   |∎
  564.524 [223]   |
  640.122 [0]     |
  715.721 [0]     |
  791.319 [9]     |
  866.918 [13]    |

Latency distribution:
  10 % in 112.96 ms 
  25 % in 115.11 ms 
  50 % in 120.44 ms 
  75 % in 129.21 ms 
  90 % in 141.68 ms 
  95 % in 259.81 ms 
  99 % in 470.44 ms 

Status code distribution:
  [OK]                  46526 responses   
  [ResourceExhausted]   7812 responses    
  [Canceled]            141 responses     

Error distribution:
  [795]    rpc error: code = ResourceExhausted desc = S_149998854 req dropped by ms-18330. Try again later.           
  [449]    rpc error: code = ResourceExhausted desc = S_149998854 req dropped by ms-66473. Try again later.           
  [5083]   rpc error: code = ResourceExhausted desc = S_149998854 req dropped by nginx-web-server. Try again later.   
  [1]      rpc error: code = ResourceExhausted desc = S_149998854 req dropped by ms-51685. Try again later.           
  [1484]   rpc error: code = ResourceExhausted desc = S_149998854 req dropped by ms-55394. Try again later.           
  [141]    rpc error: code = Canceled desc = grpc: the client connection is closing                                   

Debug: Checking Namespace=default, Pod=ms-10090-6454f977fd-5n2jv for Target File=deathstar_*.output
Namespace: default, Pod: ms-10090-6454f977fd-5n2jv has the target files.
Copying deathstar_ms-10090.output to deathstar_ms-10090.output
tar: removing leading '/' from member names
Debug: Checking Namespace=default, Pod=ms-13558-b48bb5d9d-tdcnb for Target File=deathstar_*.output
Namespace: default, Pod: ms-13558-b48bb5d9d-tdcnb has the target files.
Copying deathstar_ms-13558.output to deathstar_ms-13558.output
tar: removing leading '/' from member names
Debug: Checking Namespace=default, Pod=ms-18330-759d9cf49c-lp7vh for Target File=deathstar_*.output
Namespace: default, Pod: ms-18330-759d9cf49c-lp7vh has the target files.
Copying deathstar_ms-18330.output to deathstar_ms-18330.output
tar: removing leading '/' from member names
Debug: Checking Namespace=default, Pod=ms-19585-6f995cfcbf-z52qv for Target File=deathstar_*.output
Namespace: default, Pod: ms-19585-6f995cfcbf-z52qv has the target files.
Copying deathstar_ms-19585.output to deathstar_ms-19585.output
tar: removing leading '/' from member names
Debug: Checking Namespace=default, Pod=ms-20172-59d5485464-nnx8b for Target File=deathstar_*.output
Namespace: default, Pod: ms-20172-59d5485464-nnx8b has the target files.
Copying deathstar_ms-20172.output to deathstar_ms-20172.output
tar: removing leading '/' from member names
Debug: Checking Namespace=default, Pod=ms-22893-576fd5f9f6-cbrw9 for Target File=deathstar_*.output
Namespace: default, Pod: ms-22893-576fd5f9f6-cbrw9 has the target files.
Copying deathstar_ms-22893.output to deathstar_ms-22893.output
tar: removing leading '/' from member names
Debug: Checking Namespace=default, Pod=ms-24009-67dbf5b976-wpdch for Target File=deathstar_*.output
Namespace: default, Pod: ms-24009-67dbf5b976-wpdch has the target files.
Copying deathstar_ms-24009.output to deathstar_ms-24009.output
tar: removing leading '/' from member names
Debug: Checking Namespace=default, Pod=ms-24959-99f8bbf9-4mz8r for Target File=deathstar_*.output
Namespace: default, Pod: ms-24959-99f8bbf9-4mz8r has the target files.
Copying deathstar_ms-24959.output to deathstar_ms-24959.output
tar: removing leading '/' from member names
Debug: Checking Namespace=default, Pod=ms-26622-66fdf7d64f-t5w4p for Target File=deathstar_*.output
Namespace: default, Pod: ms-26622-66fdf7d64f-t5w4p has the target files.
Copying deathstar_ms-26622.output to deathstar_ms-26622.output
tar: removing leading '/' from member names
Debug: Checking Namespace=default, Pod=ms-27421-64f549855c-cx7mj for Target File=deathstar_*.output
Namespace: default, Pod: ms-27421-64f549855c-cx7mj has the target files.
Copying deathstar_ms-27421.output to deathstar_ms-27421.output
tar: removing leading '/' from member names
Debug: Checking Namespace=default, Pod=ms-29373-8467f7db44-8ffkp for Target File=deathstar_*.output
Namespace: default, Pod: ms-29373-8467f7db44-8ffkp has the target files.
Copying deathstar_ms-29373.output to deathstar_ms-29373.output
tar: removing leading '/' from member names
Debug: Checking Namespace=default, Pod=ms-32301-c5654bbc5-pxzzw for Target File=deathstar_*.output
Namespace: default, Pod: ms-32301-c5654bbc5-pxzzw has the target files.
Copying deathstar_ms-32301.output to deathstar_ms-32301.output
tar: removing leading '/' from member names
Debug: Checking Namespace=default, Pod=ms-3289-587dbd96bf-mnvld for Target File=deathstar_*.output
Namespace: default, Pod: ms-3289-587dbd96bf-mnvld has the target files.
Copying deathstar_ms-3289.output to deathstar_ms-3289.output
tar: removing leading '/' from member names
Debug: Checking Namespace=default, Pod=ms-37691-6dc6cd6744-sft4s for Target File=deathstar_*.output
Namespace: default, Pod: ms-37691-6dc6cd6744-sft4s has the target files.
Copying deathstar_ms-37691.output to deathstar_ms-37691.output
tar: removing leading '/' from member names
Debug: Checking Namespace=default, Pod=ms-38964-5b647cdbd-8nh59 for Target File=deathstar_*.output
Namespace: default, Pod: ms-38964-5b647cdbd-8nh59 has the target files.
Copying deathstar_ms-38964.output to deathstar_ms-38964.output
tar: removing leading '/' from member names
Debug: Checking Namespace=default, Pod=ms-40147-cd867585-sv87s for Target File=deathstar_*.output
Namespace: default, Pod: ms-40147-cd867585-sv87s has the target files.
Copying deathstar_ms-40147.output to deathstar_ms-40147.output
tar: removing leading '/' from member names
Debug: Checking Namespace=default, Pod=ms-48118-ff7b99cc9-bbw8c for Target File=deathstar_*.output
Namespace: default, Pod: ms-48118-ff7b99cc9-bbw8c has the target files.
Copying deathstar_ms-48118.output to deathstar_ms-48118.output
tar: removing leading '/' from member names
Debug: Checking Namespace=default, Pod=ms-4829-669557b66c-ddpsd for Target File=deathstar_*.output
Namespace: default, Pod: ms-4829-669557b66c-ddpsd has the target files.
Copying deathstar_ms-4829.output to deathstar_ms-4829.output
tar: removing leading '/' from member names
Debug: Checking Namespace=default, Pod=ms-51685-79858c784f-n6mq5 for Target File=deathstar_*.output
Namespace: default, Pod: ms-51685-79858c784f-n6mq5 has the target files.
Copying deathstar_ms-51685.output to deathstar_ms-51685.output
tar: removing leading '/' from member names
Debug: Checking Namespace=default, Pod=ms-52379-57c6cdd54b-s9wk9 for Target File=deathstar_*.output
Namespace: default, Pod: ms-52379-57c6cdd54b-s9wk9 has the target files.
Copying deathstar_ms-52379.output to deathstar_ms-52379.output
tar: removing leading '/' from member names
Debug: Checking Namespace=default, Pod=ms-55394-6f999f5df9-bvxkq for Target File=deathstar_*.output
Namespace: default, Pod: ms-55394-6f999f5df9-bvxkq has the target files.
Copying deathstar_ms-55394.output to deathstar_ms-55394.output
tar: removing leading '/' from member names
Debug: Checking Namespace=default, Pod=ms-58436-59dd96f659-bj2qx for Target File=deathstar_*.output
Namespace: default, Pod: ms-58436-59dd96f659-bj2qx has the target files.
Copying deathstar_ms-58436.output to deathstar_ms-58436.output
tar: removing leading '/' from member names
Debug: Checking Namespace=default, Pod=ms-58772-68ff78c966-l9g7f for Target File=deathstar_*.output
Namespace: default, Pod: ms-58772-68ff78c966-l9g7f has the target files.
Copying deathstar_ms-58772.output to deathstar_ms-58772.output
tar: removing leading '/' from member names
Debug: Checking Namespace=default, Pod=ms-59962-756b895b58-bsb5k for Target File=deathstar_*.output
Namespace: default, Pod: ms-59962-756b895b58-bsb5k has the target files.
Copying deathstar_ms-59962.output to deathstar_ms-59962.output
tar: removing leading '/' from member names
Debug: Checking Namespace=default, Pod=ms-60061-68bd84bdcd-z5h87 for Target File=deathstar_*.output
Namespace: default, Pod: ms-60061-68bd84bdcd-z5h87 has the target files.
Copying deathstar_ms-60061.output to deathstar_ms-60061.output
tar: removing leading '/' from member names
Debug: Checking Namespace=default, Pod=ms-6323-974659fcd-v4dzv for Target File=deathstar_*.output
Namespace: default, Pod: ms-6323-974659fcd-v4dzv has the target files.
Copying deathstar_ms-6323.output to deathstar_ms-6323.output
tar: removing leading '/' from member names
Debug: Checking Namespace=default, Pod=ms-65741-65f588bcdf-mj6h4 for Target File=deathstar_*.output
Namespace: default, Pod: ms-65741-65f588bcdf-mj6h4 has the target files.
Copying deathstar_ms-65741.output to deathstar_ms-65741.output
tar: removing leading '/' from member names
Debug: Checking Namespace=default, Pod=ms-66473-79c66f8bff-znwhk for Target File=deathstar_*.output
Namespace: default, Pod: ms-66473-79c66f8bff-znwhk has the target files.
Copying deathstar_ms-66473.output to deathstar_ms-66473.output
tar: removing leading '/' from member names
Debug: Checking Namespace=default, Pod=ms-69188-65c548d4cb-szxnz for Target File=deathstar_*.output
Namespace: default, Pod: ms-69188-65c548d4cb-szxnz has the target files.
Copying deathstar_ms-69188.output to deathstar_ms-69188.output
tar: removing leading '/' from member names
Debug: Checking Namespace=default, Pod=ms-69614-794bd8475-gc4xk for Target File=deathstar_*.output
Namespace: default, Pod: ms-69614-794bd8475-gc4xk has the target files.
Copying deathstar_ms-69614.output to deathstar_ms-69614.output
tar: removing leading '/' from member names
Debug: Checking Namespace=default, Pod=ms-9081-567985788-mkmxs for Target File=deathstar_*.output
Namespace: default, Pod: ms-9081-567985788-mkmxs has the target files.
Copying deathstar_ms-9081.output to deathstar_ms-9081.output
tar: removing leading '/' from member names
Debug: Checking Namespace=default, Pod=nginx-web-server-56557f7cb7-mkhlg for Target File=deathstar_*.output
Namespace: default, Pod: nginx-web-server-56557f7cb7-mkhlg has the target files.
Copying deathstar_nginx-web-server.output to deathstar_nginx-web-server.output
tar: removing leading '/' from member names
Debug: Checking Namespace=default, Pod=unknown-6ddf9bd4b5-4dsfv for Target File=deathstar_*.output
Namespace: default, Pod: unknown-6ddf9bd4b5-4dsfv has the target files.
Copying deathstar_unknown.output to deathstar_unknown.output
tar: removing leading '/' from member names
