Deployments: ms-10090
ms-13558
ms-18330
ms-19585
ms-20172
ms-22893
ms-24009
ms-24959
ms-26622
ms-27421
ms-29373
ms-32301
ms-3289
ms-37691
ms-38964
ms-40147
ms-48118
ms-4829
ms-51685
ms-52379
ms-55394
ms-58436
ms-58772
ms-59962
ms-60061
ms-6323
ms-65741
ms-66473
ms-69188
ms-69614
ms-9081
nginx-web-server
unknown
deployment "ms-10090" successfully rolled out
deployment "ms-13558" successfully rolled out
deployment "ms-18330" successfully rolled out
deployment "ms-19585" successfully rolled out
deployment "ms-20172" successfully rolled out
deployment "ms-22893" successfully rolled out
deployment "ms-24009" successfully rolled out
deployment "ms-24959" successfully rolled out
deployment "ms-26622" successfully rolled out
deployment "ms-27421" successfully rolled out
deployment "ms-29373" successfully rolled out
deployment "ms-32301" successfully rolled out
deployment "ms-3289" successfully rolled out
deployment "ms-37691" successfully rolled out
deployment "ms-38964" successfully rolled out
deployment "ms-40147" successfully rolled out
deployment "ms-48118" successfully rolled out
deployment "ms-4829" successfully rolled out
deployment "ms-51685" successfully rolled out
deployment "ms-52379" successfully rolled out
deployment "ms-55394" successfully rolled out
deployment "ms-58436" successfully rolled out
deployment "ms-58772" successfully rolled out
deployment "ms-59962" successfully rolled out
deployment "ms-60061" successfully rolled out
deployment "ms-6323" successfully rolled out
deployment "ms-65741" successfully rolled out
deployment "ms-66473" successfully rolled out
deployment "ms-69188" successfully rolled out
deployment "ms-69614" successfully rolled out
deployment "ms-9081" successfully rolled out
deployment "nginx-web-server" successfully rolled out
deployment "unknown" successfully rolled out
ENTRY_POINT: nginx-web-server
SERVICE_A_URL: 10.106.230.13:50051
Capacity: 8000
Metadata: request-id={{.RequestNumber}}
Metadata: timestamp={{.TimestampUnix}}
Metadata: method=motivation-both
Charon Configurations:
[{INTERCEPT dagor} {PRICE_UPDATE_RATE 10ms} {TOKEN_UPDATE_RATE 10ms} {LATENCY_THRESHOLD 100us} {PRICE_STEP 0} {PRICE_STRATEGY step} {LAZY_UPDATE false} {RATE_LIMITING true} {LOAD_SHEDDING true} {CHARON_TRACK_PRICE false} {BREAKWATER_SLO 12500us} {BREAKWATER_A 0.001} {BREAKWATER_B 0.02} {BREAKWATER_CLIENT_EXPIRATION 10ms} {BREAKWATER_INITIAL_CREDIT 400} {BREAKWATER_LOAD_SHEDDING true} {BREAKWATER_RTT 1000us} {BREAKWATERD_SLO 12500us} {BREAKWATERD_A 0.001} {BREAKWATERD_B 0.02} {BREAKWATERD_CLIENT_EXPIRATION 10ms} {BREAKWATERD_INITIAL_CREDIT 400} {BREAKWATERD_LOAD_SHEDDING true} {BREAKWATERD_RTT 1000us} {DAGOR_QUEUING_THRESHOLD 451246us} {DAGOR_ALPHA 1.370439000793519} {DAGOR_BETA 0.10222612486575872} {DAGOR_ADMISSION_LEVEL_UPDATE_INTERVAL 8441us} {DAGOR_UMAX 2}]

Summary:
  Count:	42053
  Total:	6.77 s
  Slowest:	3.57 ms
  Fastest:	0.44 ms
  Average:	0.02 ms
  Requests/sec:	6210.52

Response time histogram:
  0.439 [1]  |∎
  0.752 [24] |∎∎∎∎∎∎∎∎∎∎∎∎∎∎∎∎∎∎∎∎∎∎∎∎∎∎∎
  1.066 [35] |∎∎∎∎∎∎∎∎∎∎∎∎∎∎∎∎∎∎∎∎∎∎∎∎∎∎∎∎∎∎∎∎∎∎∎∎∎∎∎∎
  1.379 [16] |∎∎∎∎∎∎∎∎∎∎∎∎∎∎∎∎∎∎
  1.693 [4]  |∎∎∎∎∎
  2.006 [1]  |∎
  2.320 [5]  |∎∎∎∎∎∎
  2.634 [5]  |∎∎∎∎∎∎
  2.947 [2]  |∎∎
  3.261 [4]  |∎∎∎∎∎
  3.574 [3]  |∎∎∎

Latency distribution:
  10 % in 0.52 ms 
  25 % in 0.74 ms 
  50 % in 0.98 ms 
  75 % in 1.30 ms 
  90 % in 2.40 ms 
  95 % in 2.98 ms 
  99 % in 3.27 ms 

Status code distribution:
  [ResourceExhausted]   76 responses      
  [Unavailable]         41877 responses   
  [OK]                  100 responses     

Error distribution:
  [41877]   rpc error: code = Unavailable desc = connection error: desc = "transport: Error while dialing: dial tcp 10.106.230.13:50051: connect: connection refused"   
  [76]      rpc error: code = ResourceExhausted desc = [Server Admission Control] Request B, U values do not meet the threshold                                         

Debug: Checking Namespace=default, Pod=ms-10090-6454f977fd-cjzqb for Target File=deathstar_*.output
Namespace: default, Pod: ms-10090-6454f977fd-cjzqb has the target files.
Copying deathstar_ms-10090.output to deathstar_ms-10090.output
tar: removing leading '/' from member names
Debug: Checking Namespace=default, Pod=ms-13558-b48bb5d9d-sck6r for Target File=deathstar_*.output
Namespace: default, Pod: ms-13558-b48bb5d9d-sck6r has the target files.
Copying deathstar_ms-13558.output to deathstar_ms-13558.output
tar: removing leading '/' from member names
Debug: Checking Namespace=default, Pod=ms-18330-759d9cf49c-9wprl for Target File=deathstar_*.output
Namespace: default, Pod: ms-18330-759d9cf49c-9wprl has the target files.
Copying deathstar_ms-18330.output to deathstar_ms-18330.output
tar: removing leading '/' from member names
Debug: Checking Namespace=default, Pod=ms-19585-6f995cfcbf-wmhqr for Target File=deathstar_*.output
Namespace: default, Pod: ms-19585-6f995cfcbf-wmhqr has the target files.
Copying deathstar_ms-19585.output to deathstar_ms-19585.output
tar: removing leading '/' from member names
Debug: Checking Namespace=default, Pod=ms-20172-59d5485464-wmbqx for Target File=deathstar_*.output
Namespace: default, Pod: ms-20172-59d5485464-wmbqx has the target files.
Copying deathstar_ms-20172.output to deathstar_ms-20172.output
tar: removing leading '/' from member names
Debug: Checking Namespace=default, Pod=ms-22893-576fd5f9f6-2hfc5 for Target File=deathstar_*.output
Namespace: default, Pod: ms-22893-576fd5f9f6-2hfc5 has the target files.
Copying deathstar_ms-22893.output to deathstar_ms-22893.output
tar: removing leading '/' from member names
Debug: Checking Namespace=default, Pod=ms-24009-67dbf5b976-zqdfp for Target File=deathstar_*.output
Namespace: default, Pod: ms-24009-67dbf5b976-zqdfp has the target files.
Copying deathstar_ms-24009.output to deathstar_ms-24009.output
tar: removing leading '/' from member names
Debug: Checking Namespace=default, Pod=ms-24959-99f8bbf9-wg485 for Target File=deathstar_*.output
Namespace: default, Pod: ms-24959-99f8bbf9-wg485 has the target files.
Copying deathstar_ms-24959.output to deathstar_ms-24959.output
tar: removing leading '/' from member names
Debug: Checking Namespace=default, Pod=ms-26622-66fdf7d64f-h5cqp for Target File=deathstar_*.output
Namespace: default, Pod: ms-26622-66fdf7d64f-h5cqp has the target files.
Copying deathstar_ms-26622.output to deathstar_ms-26622.output
tar: removing leading '/' from member names
Debug: Checking Namespace=default, Pod=ms-27421-64f549855c-fdfk7 for Target File=deathstar_*.output
Namespace: default, Pod: ms-27421-64f549855c-fdfk7 has the target files.
Copying deathstar_ms-27421.output to deathstar_ms-27421.output
tar: removing leading '/' from member names
Debug: Checking Namespace=default, Pod=ms-29373-8467f7db44-cbgg7 for Target File=deathstar_*.output
Namespace: default, Pod: ms-29373-8467f7db44-cbgg7 has the target files.
Copying deathstar_ms-29373.output to deathstar_ms-29373.output
tar: removing leading '/' from member names
Debug: Checking Namespace=default, Pod=ms-32301-c5654bbc5-n6qcz for Target File=deathstar_*.output
Namespace: default, Pod: ms-32301-c5654bbc5-n6qcz has the target files.
Copying deathstar_ms-32301.output to deathstar_ms-32301.output
tar: removing leading '/' from member names
Debug: Checking Namespace=default, Pod=ms-3289-587dbd96bf-ghxxl for Target File=deathstar_*.output
Namespace: default, Pod: ms-3289-587dbd96bf-ghxxl has the target files.
Copying deathstar_ms-3289.output to deathstar_ms-3289.output
tar: removing leading '/' from member names
Debug: Checking Namespace=default, Pod=ms-37691-6dc6cd6744-fglq9 for Target File=deathstar_*.output
Namespace: default, Pod: ms-37691-6dc6cd6744-fglq9 has the target files.
Copying deathstar_ms-37691.output to deathstar_ms-37691.output
tar: removing leading '/' from member names
Debug: Checking Namespace=default, Pod=ms-38964-5b647cdbd-nxm9c for Target File=deathstar_*.output
Namespace: default, Pod: ms-38964-5b647cdbd-nxm9c has the target files.
Copying deathstar_ms-38964.output to deathstar_ms-38964.output
tar: removing leading '/' from member names
Debug: Checking Namespace=default, Pod=ms-40147-cd867585-c8lvc for Target File=deathstar_*.output
Namespace: default, Pod: ms-40147-cd867585-c8lvc has the target files.
Copying deathstar_ms-40147.output to deathstar_ms-40147.output
tar: removing leading '/' from member names
Debug: Checking Namespace=default, Pod=ms-48118-ff7b99cc9-ch78r for Target File=deathstar_*.output
Namespace: default, Pod: ms-48118-ff7b99cc9-ch78r has the target files.
Copying deathstar_ms-48118.output to deathstar_ms-48118.output
tar: removing leading '/' from member names
Debug: Checking Namespace=default, Pod=ms-4829-669557b66c-9547t for Target File=deathstar_*.output
Namespace: default, Pod: ms-4829-669557b66c-9547t has the target files.
Copying deathstar_ms-4829.output to deathstar_ms-4829.output
tar: removing leading '/' from member names
Debug: Checking Namespace=default, Pod=ms-51685-79858c784f-8swn6 for Target File=deathstar_*.output
Namespace: default, Pod: ms-51685-79858c784f-8swn6 has the target files.
Copying deathstar_ms-51685.output to deathstar_ms-51685.output
tar: removing leading '/' from member names
Debug: Checking Namespace=default, Pod=ms-52379-57c6cdd54b-54fz6 for Target File=deathstar_*.output
Namespace: default, Pod: ms-52379-57c6cdd54b-54fz6 has the target files.
Copying deathstar_ms-52379.output to deathstar_ms-52379.output
tar: removing leading '/' from member names
Debug: Checking Namespace=default, Pod=ms-55394-6f999f5df9-9cs25 for Target File=deathstar_*.output
Namespace: default, Pod: ms-55394-6f999f5df9-9cs25 has the target files.
Copying deathstar_ms-55394.output to deathstar_ms-55394.output
tar: removing leading '/' from member names
Debug: Checking Namespace=default, Pod=ms-58436-59dd96f659-lmms8 for Target File=deathstar_*.output
Namespace: default, Pod: ms-58436-59dd96f659-lmms8 has the target files.
Copying deathstar_ms-58436.output to deathstar_ms-58436.output
tar: removing leading '/' from member names
Debug: Checking Namespace=default, Pod=ms-58772-68ff78c966-9lrkf for Target File=deathstar_*.output
Namespace: default, Pod: ms-58772-68ff78c966-9lrkf has the target files.
Copying deathstar_ms-58772.output to deathstar_ms-58772.output
tar: removing leading '/' from member names
Debug: Checking Namespace=default, Pod=ms-59962-756b895b58-pqv7v for Target File=deathstar_*.output
Namespace: default, Pod: ms-59962-756b895b58-pqv7v has the target files.
Copying deathstar_ms-59962.output to deathstar_ms-59962.output
tar: removing leading '/' from member names
Debug: Checking Namespace=default, Pod=ms-60061-68bd84bdcd-kc2cq for Target File=deathstar_*.output
Namespace: default, Pod: ms-60061-68bd84bdcd-kc2cq has the target files.
Copying deathstar_ms-60061.output to deathstar_ms-60061.output
tar: removing leading '/' from member names
Debug: Checking Namespace=default, Pod=ms-6323-974659fcd-mnp8v for Target File=deathstar_*.output
Namespace: default, Pod: ms-6323-974659fcd-mnp8v has the target files.
Copying deathstar_ms-6323.output to deathstar_ms-6323.output
tar: removing leading '/' from member names
Debug: Checking Namespace=default, Pod=ms-65741-65f588bcdf-bs4v2 for Target File=deathstar_*.output
Namespace: default, Pod: ms-65741-65f588bcdf-bs4v2 has the target files.
Copying deathstar_ms-65741.output to deathstar_ms-65741.output
tar: removing leading '/' from member names
Debug: Checking Namespace=default, Pod=ms-66473-79c66f8bff-r9tkq for Target File=deathstar_*.output
Namespace: default, Pod: ms-66473-79c66f8bff-r9tkq has the target files.
Copying deathstar_ms-66473.output to deathstar_ms-66473.output
tar: removing leading '/' from member names
Debug: Checking Namespace=default, Pod=ms-69188-65c548d4cb-59d5q for Target File=deathstar_*.output
Namespace: default, Pod: ms-69188-65c548d4cb-59d5q has the target files.
Copying deathstar_ms-69188.output to deathstar_ms-69188.output
tar: removing leading '/' from member names
Debug: Checking Namespace=default, Pod=ms-69614-794bd8475-xhmlb for Target File=deathstar_*.output
Namespace: default, Pod: ms-69614-794bd8475-xhmlb has the target files.
Copying deathstar_ms-69614.output to deathstar_ms-69614.output
tar: removing leading '/' from member names
Debug: Checking Namespace=default, Pod=ms-9081-567985788-vsfnt for Target File=deathstar_*.output
Namespace: default, Pod: ms-9081-567985788-vsfnt has the target files.
Copying deathstar_ms-9081.output to deathstar_ms-9081.output
tar: removing leading '/' from member names
Debug: Checking Namespace=default, Pod=nginx-web-server-56557f7cb7-5nkfp for Target File=deathstar_*.output
Namespace: default, Pod: nginx-web-server-56557f7cb7-5nkfp has the target files.
Copying deathstar_nginx-web-server.output to deathstar_nginx-web-server.output
tar: removing leading '/' from member names
Debug: Checking Namespace=default, Pod=unknown-6ddf9bd4b5-khf85 for Target File=deathstar_*.output
Namespace: default, Pod: unknown-6ddf9bd4b5-khf85 has the target files.
Copying deathstar_unknown.output to deathstar_unknown.output
tar: removing leading '/' from member names
