Deployments: ms-10090
ms-13558
ms-18330
ms-19585
ms-20172
ms-22893
ms-24009
ms-24959
ms-26622
ms-27421
ms-29373
ms-32301
ms-3289
ms-37691
ms-38964
ms-40147
ms-48118
ms-4829
ms-51685
ms-52379
ms-55394
ms-58436
ms-58772
ms-59962
ms-60061
ms-6323
ms-65741
ms-66473
ms-69188
ms-69614
ms-9081
nginx-web-server
unknown
deployment "ms-10090" successfully rolled out
deployment "ms-13558" successfully rolled out
deployment "ms-18330" successfully rolled out
deployment "ms-19585" successfully rolled out
deployment "ms-20172" successfully rolled out
deployment "ms-22893" successfully rolled out
deployment "ms-24009" successfully rolled out
deployment "ms-24959" successfully rolled out
deployment "ms-26622" successfully rolled out
deployment "ms-27421" successfully rolled out
deployment "ms-29373" successfully rolled out
deployment "ms-32301" successfully rolled out
deployment "ms-3289" successfully rolled out
deployment "ms-37691" successfully rolled out
deployment "ms-38964" successfully rolled out
deployment "ms-40147" successfully rolled out
deployment "ms-48118" successfully rolled out
deployment "ms-4829" successfully rolled out
deployment "ms-51685" successfully rolled out
deployment "ms-52379" successfully rolled out
deployment "ms-55394" successfully rolled out
deployment "ms-58436" successfully rolled out
deployment "ms-58772" successfully rolled out
deployment "ms-59962" successfully rolled out
deployment "ms-60061" successfully rolled out
deployment "ms-6323" successfully rolled out
deployment "ms-65741" successfully rolled out
deployment "ms-66473" successfully rolled out
deployment "ms-69188" successfully rolled out
deployment "ms-69614" successfully rolled out
deployment "ms-9081" successfully rolled out
deployment "nginx-web-server" successfully rolled out
deployment "unknown" successfully rolled out
ENTRY_POINT: nginx-web-server
SERVICE_A_URL: 10.105.150.200:50051
Capacity: 10000
Metadata: request-id={{.RequestNumber}}
Metadata: timestamp={{.TimestampUnix}}
Metadata: method=S_149998854
Charon Configurations:
[{INTERCEPT breakwaterd} {PRICE_UPDATE_RATE 10ms} {TOKEN_UPDATE_RATE 10ms} {LATENCY_THRESHOLD 100us} {PRICE_STEP 0} {PRICE_STRATEGY step} {LAZY_UPDATE false} {RATE_LIMITING true} {LOAD_SHEDDING true} {CHARON_TRACK_PRICE false} {BREAKWATER_SLO 32347us} {BREAKWATER_A 6.133567491945523} {BREAKWATER_B 8.781174363909454} {BREAKWATER_CLIENT_EXPIRATION 137us} {BREAKWATER_INITIAL_CREDIT 268} {BREAKWATER_LOAD_SHEDDING true} {BREAKWATER_RTT 8346us} {BREAKWATERD_SLO 58462us} {BREAKWATERD_A 1.4038693859523377} {BREAKWATERD_B 1.981014890848788} {BREAKWATERD_CLIENT_EXPIRATION 82067us} {BREAKWATERD_INITIAL_CREDIT 4841} {BREAKWATERD_LOAD_SHEDDING true} {BREAKWATERD_RTT 6955us} {DAGOR_QUEUING_THRESHOLD 2ms} {DAGOR_ALPHA 0.05} {DAGOR_BETA 0.01} {DAGOR_ADMISSION_LEVEL_UPDATE_INTERVAL 10ms} {DAGOR_UMAX 20}]

Summary:
  Count:	77896
  Total:	25.00 s
  Slowest:	862.49 ms
  Fastest:	111.15 ms
  Average:	218.42 ms
  Requests/sec:	3116.19

Response time histogram:
  111.150 [1]     |
  186.284 [9333]  |∎∎∎∎∎∎∎∎∎∎∎∎∎∎∎∎∎∎∎∎∎∎
  261.418 [7549]  |∎∎∎∎∎∎∎∎∎∎∎∎∎∎∎∎∎∎
  336.551 [17017] |∎∎∎∎∎∎∎∎∎∎∎∎∎∎∎∎∎∎∎∎∎∎∎∎∎∎∎∎∎∎∎∎∎∎∎∎∎∎∎∎
  411.685 [9491]  |∎∎∎∎∎∎∎∎∎∎∎∎∎∎∎∎∎∎∎∎∎∎
  486.819 [4146]  |∎∎∎∎∎∎∎∎∎∎
  561.952 [1359]  |∎∎∎
  637.086 [332]   |∎
  712.220 [37]    |
  787.353 [29]    |
  862.487 [92]    |

Latency distribution:
  10 % in 116.35 ms 
  25 % in 229.62 ms 
  50 % in 294.26 ms 
  75 % in 355.23 ms 
  90 % in 426.71 ms 
  95 % in 468.63 ms 
  99 % in 561.27 ms 

Status code distribution:
  [OK]                  49386 responses   
  [ResourceExhausted]   28102 responses   
  [Canceled]            408 responses     

Error distribution:
  [12376]   rpc error: code = ResourceExhausted desc = Client id 5c073f32-107b-4703-9479-9e1408ec2426 request expired in queue.   
  [10073]   rpc error: code = ResourceExhausted desc = Client id 4eede92c-6f50-4c64-9c4d-babd73facc64 request expired in queue.   
  [3704]    rpc error: code = ResourceExhausted desc = Client id c387e07f-0038-4612-848d-7c4672079cc9 request expired in queue.   
  [1755]    rpc error: code = ResourceExhausted desc = Server-side queuing delay is beyond AQM threshold                          
  [194]     rpc error: code = ResourceExhausted desc = Client id bdbed402-9fef-49b2-a24f-85ccafe3012e request expired in queue.   
  [408]     rpc error: code = Canceled desc = grpc: the client connection is closing                                              

Debug: Checking Namespace=default, Pod=ms-10090-6454f977fd-gj5gk for Target File=deathstar_*.output
Namespace: default, Pod: ms-10090-6454f977fd-gj5gk has the target files.
Copying deathstar_ms-10090.output to deathstar_ms-10090.output
tar: removing leading '/' from member names
Debug: Checking Namespace=default, Pod=ms-13558-b48bb5d9d-n44gq for Target File=deathstar_*.output
Namespace: default, Pod: ms-13558-b48bb5d9d-n44gq has the target files.
Copying deathstar_ms-13558.output to deathstar_ms-13558.output
tar: removing leading '/' from member names
Debug: Checking Namespace=default, Pod=ms-18330-759d9cf49c-6svdv for Target File=deathstar_*.output
Namespace: default, Pod: ms-18330-759d9cf49c-6svdv has the target files.
Copying deathstar_ms-18330.output to deathstar_ms-18330.output
tar: removing leading '/' from member names
Debug: Checking Namespace=default, Pod=ms-19585-6f995cfcbf-ljgst for Target File=deathstar_*.output
Namespace: default, Pod: ms-19585-6f995cfcbf-ljgst has the target files.
Copying deathstar_ms-19585.output to deathstar_ms-19585.output
tar: removing leading '/' from member names
Debug: Checking Namespace=default, Pod=ms-20172-59d5485464-zws8s for Target File=deathstar_*.output
Namespace: default, Pod: ms-20172-59d5485464-zws8s has the target files.
Copying deathstar_ms-20172.output to deathstar_ms-20172.output
tar: removing leading '/' from member names
Debug: Checking Namespace=default, Pod=ms-22893-576fd5f9f6-88sw8 for Target File=deathstar_*.output
Namespace: default, Pod: ms-22893-576fd5f9f6-88sw8 has the target files.
Copying deathstar_ms-22893.output to deathstar_ms-22893.output
tar: removing leading '/' from member names
Debug: Checking Namespace=default, Pod=ms-24009-67dbf5b976-79jzb for Target File=deathstar_*.output
Namespace: default, Pod: ms-24009-67dbf5b976-79jzb has the target files.
Copying deathstar_ms-24009.output to deathstar_ms-24009.output
tar: removing leading '/' from member names
Debug: Checking Namespace=default, Pod=ms-24959-99f8bbf9-ldjjd for Target File=deathstar_*.output
Namespace: default, Pod: ms-24959-99f8bbf9-ldjjd has the target files.
Copying deathstar_ms-24959.output to deathstar_ms-24959.output
tar: removing leading '/' from member names
Debug: Checking Namespace=default, Pod=ms-26622-66fdf7d64f-jm6k5 for Target File=deathstar_*.output
Namespace: default, Pod: ms-26622-66fdf7d64f-jm6k5 has the target files.
Copying deathstar_ms-26622.output to deathstar_ms-26622.output
tar: removing leading '/' from member names
Debug: Checking Namespace=default, Pod=ms-27421-64f549855c-rwclt for Target File=deathstar_*.output
Namespace: default, Pod: ms-27421-64f549855c-rwclt has the target files.
Copying deathstar_ms-27421.output to deathstar_ms-27421.output
tar: removing leading '/' from member names
Debug: Checking Namespace=default, Pod=ms-29373-8467f7db44-qqzw4 for Target File=deathstar_*.output
Namespace: default, Pod: ms-29373-8467f7db44-qqzw4 has the target files.
Copying deathstar_ms-29373.output to deathstar_ms-29373.output
tar: removing leading '/' from member names
Debug: Checking Namespace=default, Pod=ms-32301-c5654bbc5-7l2z8 for Target File=deathstar_*.output
Namespace: default, Pod: ms-32301-c5654bbc5-7l2z8 has the target files.
Copying deathstar_ms-32301.output to deathstar_ms-32301.output
tar: removing leading '/' from member names
Debug: Checking Namespace=default, Pod=ms-3289-587dbd96bf-wjxhn for Target File=deathstar_*.output
Namespace: default, Pod: ms-3289-587dbd96bf-wjxhn has the target files.
Copying deathstar_ms-3289.output to deathstar_ms-3289.output
tar: removing leading '/' from member names
Debug: Checking Namespace=default, Pod=ms-37691-6dc6cd6744-xdpzl for Target File=deathstar_*.output
Namespace: default, Pod: ms-37691-6dc6cd6744-xdpzl has the target files.
Copying deathstar_ms-37691.output to deathstar_ms-37691.output
tar: removing leading '/' from member names
Debug: Checking Namespace=default, Pod=ms-38964-5b647cdbd-4qdnx for Target File=deathstar_*.output
Namespace: default, Pod: ms-38964-5b647cdbd-4qdnx has the target files.
Copying deathstar_ms-38964.output to deathstar_ms-38964.output
tar: removing leading '/' from member names
Debug: Checking Namespace=default, Pod=ms-40147-cd867585-pr8sj for Target File=deathstar_*.output
Namespace: default, Pod: ms-40147-cd867585-pr8sj has the target files.
Copying deathstar_ms-40147.output to deathstar_ms-40147.output
tar: removing leading '/' from member names
Debug: Checking Namespace=default, Pod=ms-48118-ff7b99cc9-mmpbx for Target File=deathstar_*.output
Namespace: default, Pod: ms-48118-ff7b99cc9-mmpbx has the target files.
Copying deathstar_ms-48118.output to deathstar_ms-48118.output
tar: removing leading '/' from member names
Debug: Checking Namespace=default, Pod=ms-4829-669557b66c-jtbwq for Target File=deathstar_*.output
Namespace: default, Pod: ms-4829-669557b66c-jtbwq has the target files.
Copying deathstar_ms-4829.output to deathstar_ms-4829.output
tar: removing leading '/' from member names
Debug: Checking Namespace=default, Pod=ms-51685-79858c784f-cjp52 for Target File=deathstar_*.output
Namespace: default, Pod: ms-51685-79858c784f-cjp52 has the target files.
Copying deathstar_ms-51685.output to deathstar_ms-51685.output
tar: removing leading '/' from member names
Debug: Checking Namespace=default, Pod=ms-52379-57c6cdd54b-8rcsj for Target File=deathstar_*.output
Namespace: default, Pod: ms-52379-57c6cdd54b-8rcsj has the target files.
Copying deathstar_ms-52379.output to deathstar_ms-52379.output
tar: removing leading '/' from member names
Debug: Checking Namespace=default, Pod=ms-55394-6f999f5df9-zbh98 for Target File=deathstar_*.output
Namespace: default, Pod: ms-55394-6f999f5df9-zbh98 has the target files.
Copying deathstar_ms-55394.output to deathstar_ms-55394.output
tar: removing leading '/' from member names
Debug: Checking Namespace=default, Pod=ms-58436-59dd96f659-56htx for Target File=deathstar_*.output
Namespace: default, Pod: ms-58436-59dd96f659-56htx has the target files.
Copying deathstar_ms-58436.output to deathstar_ms-58436.output
tar: removing leading '/' from member names
Debug: Checking Namespace=default, Pod=ms-58772-68ff78c966-cntqk for Target File=deathstar_*.output
Namespace: default, Pod: ms-58772-68ff78c966-cntqk has the target files.
Copying deathstar_ms-58772.output to deathstar_ms-58772.output
tar: removing leading '/' from member names
Debug: Checking Namespace=default, Pod=ms-59962-756b895b58-zxmvr for Target File=deathstar_*.output
Namespace: default, Pod: ms-59962-756b895b58-zxmvr has the target files.
Copying deathstar_ms-59962.output to deathstar_ms-59962.output
tar: removing leading '/' from member names
Debug: Checking Namespace=default, Pod=ms-60061-68bd84bdcd-rrh9j for Target File=deathstar_*.output
Namespace: default, Pod: ms-60061-68bd84bdcd-rrh9j has the target files.
Copying deathstar_ms-60061.output to deathstar_ms-60061.output
tar: removing leading '/' from member names
Debug: Checking Namespace=default, Pod=ms-6323-974659fcd-mq4qr for Target File=deathstar_*.output
Namespace: default, Pod: ms-6323-974659fcd-mq4qr has the target files.
Copying deathstar_ms-6323.output to deathstar_ms-6323.output
tar: removing leading '/' from member names
Debug: Checking Namespace=default, Pod=ms-65741-65f588bcdf-5xpkm for Target File=deathstar_*.output
Namespace: default, Pod: ms-65741-65f588bcdf-5xpkm has the target files.
Copying deathstar_ms-65741.output to deathstar_ms-65741.output
tar: removing leading '/' from member names
Debug: Checking Namespace=default, Pod=ms-66473-79c66f8bff-g4hf9 for Target File=deathstar_*.output
Namespace: default, Pod: ms-66473-79c66f8bff-g4hf9 has the target files.
Copying deathstar_ms-66473.output to deathstar_ms-66473.output
tar: removing leading '/' from member names
Debug: Checking Namespace=default, Pod=ms-69188-65c548d4cb-tvrch for Target File=deathstar_*.output
Namespace: default, Pod: ms-69188-65c548d4cb-tvrch has the target files.
Copying deathstar_ms-69188.output to deathstar_ms-69188.output
tar: removing leading '/' from member names
Debug: Checking Namespace=default, Pod=ms-69614-794bd8475-n5p5x for Target File=deathstar_*.output
Namespace: default, Pod: ms-69614-794bd8475-n5p5x has the target files.
Copying deathstar_ms-69614.output to deathstar_ms-69614.output
tar: removing leading '/' from member names
Debug: Checking Namespace=default, Pod=ms-9081-567985788-gn7j8 for Target File=deathstar_*.output
Namespace: default, Pod: ms-9081-567985788-gn7j8 has the target files.
Copying deathstar_ms-9081.output to deathstar_ms-9081.output
tar: removing leading '/' from member names
Debug: Checking Namespace=default, Pod=nginx-web-server-56557f7cb7-cl4vl for Target File=deathstar_*.output
Namespace: default, Pod: nginx-web-server-56557f7cb7-cl4vl has the target files.
Copying deathstar_nginx-web-server.output to deathstar_nginx-web-server.output
tar: removing leading '/' from member names
Debug: Checking Namespace=default, Pod=unknown-6ddf9bd4b5-2n6lf for Target File=deathstar_*.output
Namespace: default, Pod: unknown-6ddf9bd4b5-2n6lf has the target files.
Copying deathstar_unknown.output to deathstar_unknown.output
tar: removing leading '/' from member names
