Deployments: ms-10090
ms-13558
ms-18330
ms-19585
ms-20172
ms-22893
ms-24009
ms-24959
ms-26622
ms-27421
ms-29373
ms-32301
ms-3289
ms-37691
ms-38964
ms-40147
ms-48118
ms-4829
ms-51685
ms-52379
ms-55394
ms-58436
ms-58772
ms-59962
ms-60061
ms-6323
ms-65741
ms-66473
ms-69188
ms-69614
ms-9081
nginx-web-server
unknown
deployment "ms-10090" successfully rolled out
deployment "ms-13558" successfully rolled out
deployment "ms-18330" successfully rolled out
deployment "ms-19585" successfully rolled out
deployment "ms-20172" successfully rolled out
deployment "ms-22893" successfully rolled out
deployment "ms-24009" successfully rolled out
deployment "ms-24959" successfully rolled out
deployment "ms-26622" successfully rolled out
deployment "ms-27421" successfully rolled out
deployment "ms-29373" successfully rolled out
deployment "ms-32301" successfully rolled out
deployment "ms-3289" successfully rolled out
deployment "ms-37691" successfully rolled out
deployment "ms-38964" successfully rolled out
deployment "ms-40147" successfully rolled out
deployment "ms-48118" successfully rolled out
deployment "ms-4829" successfully rolled out
deployment "ms-51685" successfully rolled out
deployment "ms-52379" successfully rolled out
deployment "ms-55394" successfully rolled out
deployment "ms-58436" successfully rolled out
deployment "ms-58772" successfully rolled out
deployment "ms-59962" successfully rolled out
deployment "ms-60061" successfully rolled out
deployment "ms-6323" successfully rolled out
deployment "ms-65741" successfully rolled out
deployment "ms-66473" successfully rolled out
deployment "ms-69188" successfully rolled out
deployment "ms-69614" successfully rolled out
deployment "ms-9081" successfully rolled out
deployment "nginx-web-server" successfully rolled out
deployment "unknown" successfully rolled out
ENTRY_POINT: nginx-web-server
SERVICE_A_URL: 10.99.40.31:50051
Capacity: 10000
Metadata: request-id={{.RequestNumber}}
Metadata: timestamp={{.TimestampUnix}}
Metadata: method=S_149998854
Charon Configurations:
[{INTERCEPT breakwaterd} {PRICE_UPDATE_RATE 10ms} {TOKEN_UPDATE_RATE 10ms} {LATENCY_THRESHOLD 100us} {PRICE_STEP 0} {PRICE_STRATEGY step} {LAZY_UPDATE false} {RATE_LIMITING true} {LOAD_SHEDDING true} {CHARON_TRACK_PRICE false} {BREAKWATER_SLO 42637us} {BREAKWATER_A 24.61292789691942} {BREAKWATER_B 9.999999999999723} {BREAKWATER_CLIENT_EXPIRATION 5000us} {BREAKWATER_INITIAL_CREDIT 399} {BREAKWATER_LOAD_SHEDDING true} {BREAKWATER_RTT 20000us} {BREAKWATERD_SLO 64937us} {BREAKWATERD_A 9.999999999999723} {BREAKWATERD_B 8.134445618955175} {BREAKWATERD_CLIENT_EXPIRATION 10000us} {BREAKWATERD_INITIAL_CREDIT 5000} {BREAKWATERD_LOAD_SHEDDING true} {BREAKWATERD_RTT 11933us} {DAGOR_QUEUING_THRESHOLD 2ms} {DAGOR_ALPHA 0.05} {DAGOR_BETA 0.01} {DAGOR_ADMISSION_LEVEL_UPDATE_INTERVAL 10ms} {DAGOR_UMAX 20}]

Summary:
  Count:	90927
  Total:	25.00 s
  Slowest:	958.33 ms
  Fastest:	111.38 ms
  Average:	188.32 ms
  Requests/sec:	3637.03

Response time histogram:
  111.384 [1]     |
  196.079 [13642] |∎∎∎∎∎∎∎∎∎∎∎∎∎∎∎∎∎∎∎∎∎∎∎∎∎∎∎∎∎∎∎∎∎∎∎∎∎∎∎∎
  280.774 [9338]  |∎∎∎∎∎∎∎∎∎∎∎∎∎∎∎∎∎∎∎∎∎∎∎∎∎∎∎
  365.469 [7881]  |∎∎∎∎∎∎∎∎∎∎∎∎∎∎∎∎∎∎∎∎∎∎∎
  450.164 [5247]  |∎∎∎∎∎∎∎∎∎∎∎∎∎∎∎
  534.859 [2606]  |∎∎∎∎∎∎∎∎
  619.554 [590]   |∎∎
  704.249 [978]   |∎∎∎
  788.944 [464]   |∎
  873.638 [446]   |∎
  958.333 [21]    |

Latency distribution:
  10 % in 115.66 ms 
  25 % in 150.82 ms 
  50 % in 260.36 ms 
  75 % in 366.14 ms 
  90 % in 476.43 ms 
  95 % in 581.56 ms 
  99 % in 796.74 ms 

Status code distribution:
  [OK]                  41214 responses   
  [DeadlineExceeded]    2 responses       
  [Canceled]            595 responses     
  [ResourceExhausted]   49116 responses   

Error distribution:
  [1136]    rpc error: code = ResourceExhausted desc = Client id d3f50d06-d903-4c04-84b6-c131c26bacf6 request expired in queue.   
  [16121]   rpc error: code = ResourceExhausted desc = Client id 0d09da73-b005-414b-be7f-4f26e3ea3f34 request expired in queue.   
  [451]     rpc error: code = ResourceExhausted desc = Client id 8f69934b-5d07-4621-b6a1-bbc65e46d84b request expired in queue.   
  [292]     rpc error: code = ResourceExhausted desc = Client id 8b683b40-aaea-4df6-83ac-c2530b4e32d6 request expired in queue.   
  [4]       rpc error: code = ResourceExhausted desc = Client id ce603c41-35d5-4a52-aaa0-a2ae9f960d86 request expired in queue.   
  [16372]   rpc error: code = ResourceExhausted desc = Client id f08f20c3-28a2-436b-a03f-6bb175c76410 request expired in queue.   
  [347]     rpc error: code = ResourceExhausted desc = Client id c4906423-ac53-4912-9047-df56918e0c4d request expired in queue.   
  [39]      rpc error: code = ResourceExhausted desc = Client id 96670cb5-679e-4532-b63f-d75046bb6c97 request expired in queue.   
  [26]      rpc error: code = ResourceExhausted desc = Client id 0e37c6e9-f7d2-4307-84bf-9fd3edd61298 request expired in queue.   
  [52]      rpc error: code = ResourceExhausted desc = Client id 8fd2965e-3463-40b0-b6da-8b000feb35d2 request expired in queue.   
  [140]     rpc error: code = ResourceExhausted desc = Client id c5db811c-1ef0-4146-8bde-653b8f690fae request expired in queue.   
  [320]     rpc error: code = ResourceExhausted desc = Client id bd52ddb0-4cc4-4ac5-af83-f362e7635a2a request expired in queue.   
  [20]      rpc error: code = ResourceExhausted desc = Client id 75963959-03a2-416e-bf9d-ecea9c58b051 request expired in queue.   
  [152]     rpc error: code = ResourceExhausted desc = Client id 095a612f-6a74-48cc-8cd2-dcc37513cf54 request expired in queue.   
  [1848]    rpc error: code = ResourceExhausted desc = Client id 3a5befc4-ebd5-4cf1-a8b6-4d86b6910874 request expired in queue.   
  [9]       rpc error: code = ResourceExhausted desc = Client id 88091ae9-0619-4bbb-91df-a659b993c564 request expired in queue.   
  [4]       rpc error: code = ResourceExhausted desc = Client id cb29a68e-e85b-49ee-81cd-78ccf5261384 request expired in queue.   
  [595]     rpc error: code = Canceled desc = grpc: the client connection is closing                                              
  [377]     rpc error: code = ResourceExhausted desc = Client id 5a92e5df-cf50-48d6-8d75-06291bfe6733 request expired in queue.   
  [259]     rpc error: code = ResourceExhausted desc = Client id a57f3ee1-e2be-4e0c-a1d2-830c14596f0b request expired in queue.   
  [101]     rpc error: code = ResourceExhausted desc = Client id 99093d32-5c82-471a-aa08-3378e9262716 request expired in queue.   
  [4250]    rpc error: code = ResourceExhausted desc = Server-side queuing delay is beyond AQM threshold                          
  [3]       rpc error: code = ResourceExhausted desc = Client id 53834ea0-9081-4ded-8597-bc8b67a62ff8 request expired in queue.   
  [2]       rpc error: code = DeadlineExceeded desc = context deadline exceeded                                                   
  [803]     rpc error: code = ResourceExhausted desc = Client id 593c3d34-f0d6-4ddd-9825-1bcfbf8aaef2 request expired in queue.   
  [5597]    rpc error: code = ResourceExhausted desc = Client id 95a2160c-7e88-4df8-826f-55430a703e2d request expired in queue.   
  [271]     rpc error: code = ResourceExhausted desc = Client id 03d96d24-0f2b-440e-ac7f-f829ea0bc583 request expired in queue.   
  [76]      rpc error: code = ResourceExhausted desc = Client id 3bcdbf8e-46f0-4ad9-98bb-33784bff3b43 request expired in queue.   
  [46]      rpc error: code = ResourceExhausted desc = Client id 2bc11e11-782b-4740-a6d0-9f66fa1ff3b2 request expired in queue.   

Debug: Checking Namespace=default, Pod=ms-10090-6454f977fd-zmt4n for Target File=deathstar_*.output
Namespace: default, Pod: ms-10090-6454f977fd-zmt4n has the target files.
Copying deathstar_ms-10090.output to deathstar_ms-10090.output
tar: removing leading '/' from member names
Debug: Checking Namespace=default, Pod=ms-13558-b48bb5d9d-482xk for Target File=deathstar_*.output
Namespace: default, Pod: ms-13558-b48bb5d9d-482xk has the target files.
Copying deathstar_ms-13558.output to deathstar_ms-13558.output
tar: removing leading '/' from member names
Debug: Checking Namespace=default, Pod=ms-18330-759d9cf49c-8tzfh for Target File=deathstar_*.output
Namespace: default, Pod: ms-18330-759d9cf49c-8tzfh has the target files.
Copying deathstar_ms-18330.output to deathstar_ms-18330.output
tar: removing leading '/' from member names
Debug: Checking Namespace=default, Pod=ms-19585-6f995cfcbf-twdrj for Target File=deathstar_*.output
Namespace: default, Pod: ms-19585-6f995cfcbf-twdrj has the target files.
Copying deathstar_ms-19585.output to deathstar_ms-19585.output
tar: removing leading '/' from member names
Debug: Checking Namespace=default, Pod=ms-20172-59d5485464-brxx8 for Target File=deathstar_*.output
Namespace: default, Pod: ms-20172-59d5485464-brxx8 has the target files.
Copying deathstar_ms-20172.output to deathstar_ms-20172.output
Debug: Checking Namespace=default, Pod=ms-22893-576fd5f9f6-bt5jg for Target File=deathstar_*.output
Namespace: default, Pod: ms-22893-576fd5f9f6-bt5jg has the target files.
Copying deathstar_ms-22893.output to deathstar_ms-22893.output
tar: removing leading '/' from member names
Debug: Checking Namespace=default, Pod=ms-24009-67dbf5b976-dq7mc for Target File=deathstar_*.output
Namespace: default, Pod: ms-24009-67dbf5b976-dq7mc has the target files.
Copying deathstar_ms-24009.output to deathstar_ms-24009.output
tar: removing leading '/' from member names
Debug: Checking Namespace=default, Pod=ms-24959-99f8bbf9-sr5tm for Target File=deathstar_*.output
Namespace: default, Pod: ms-24959-99f8bbf9-sr5tm has the target files.
Copying deathstar_ms-24959.output to deathstar_ms-24959.output
tar: removing leading '/' from member names
Debug: Checking Namespace=default, Pod=ms-26622-66fdf7d64f-jsrkv for Target File=deathstar_*.output
Namespace: default, Pod: ms-26622-66fdf7d64f-jsrkv has the target files.
Copying deathstar_ms-26622.output to deathstar_ms-26622.output
tar: removing leading '/' from member names
Debug: Checking Namespace=default, Pod=ms-27421-64f549855c-pqrvk for Target File=deathstar_*.output
Namespace: default, Pod: ms-27421-64f549855c-pqrvk has the target files.
Copying deathstar_ms-27421.output to deathstar_ms-27421.output
tar: removing leading '/' from member names
Debug: Checking Namespace=default, Pod=ms-29373-8467f7db44-stq27 for Target File=deathstar_*.output
Namespace: default, Pod: ms-29373-8467f7db44-stq27 has the target files.
Copying deathstar_ms-29373.output to deathstar_ms-29373.output
tar: removing leading '/' from member names
Debug: Checking Namespace=default, Pod=ms-32301-c5654bbc5-q5vr6 for Target File=deathstar_*.output
Namespace: default, Pod: ms-32301-c5654bbc5-q5vr6 has the target files.
Copying deathstar_ms-32301.output to deathstar_ms-32301.output
tar: removing leading '/' from member names
Debug: Checking Namespace=default, Pod=ms-3289-587dbd96bf-pgmch for Target File=deathstar_*.output
Namespace: default, Pod: ms-3289-587dbd96bf-pgmch has the target files.
Copying deathstar_ms-3289.output to deathstar_ms-3289.output
tar: removing leading '/' from member names
Debug: Checking Namespace=default, Pod=ms-37691-6dc6cd6744-62gfr for Target File=deathstar_*.output
Namespace: default, Pod: ms-37691-6dc6cd6744-62gfr has the target files.
Copying deathstar_ms-37691.output to deathstar_ms-37691.output
tar: removing leading '/' from member names
Debug: Checking Namespace=default, Pod=ms-38964-5b647cdbd-s66mm for Target File=deathstar_*.output
Namespace: default, Pod: ms-38964-5b647cdbd-s66mm has the target files.
Copying deathstar_ms-38964.output to deathstar_ms-38964.output
tar: removing leading '/' from member names
Debug: Checking Namespace=default, Pod=ms-40147-cd867585-95bdb for Target File=deathstar_*.output
Namespace: default, Pod: ms-40147-cd867585-95bdb has the target files.
Copying deathstar_ms-40147.output to deathstar_ms-40147.output
tar: removing leading '/' from member names
Debug: Checking Namespace=default, Pod=ms-48118-ff7b99cc9-w5wt4 for Target File=deathstar_*.output
Namespace: default, Pod: ms-48118-ff7b99cc9-w5wt4 has the target files.
Copying deathstar_ms-48118.output to deathstar_ms-48118.output
tar: removing leading '/' from member names
Debug: Checking Namespace=default, Pod=ms-4829-669557b66c-7bj8l for Target File=deathstar_*.output
Namespace: default, Pod: ms-4829-669557b66c-7bj8l has the target files.
Copying deathstar_ms-4829.output to deathstar_ms-4829.output
tar: removing leading '/' from member names
Debug: Checking Namespace=default, Pod=ms-51685-79858c784f-sqf5g for Target File=deathstar_*.output
Namespace: default, Pod: ms-51685-79858c784f-sqf5g has the target files.
Copying deathstar_ms-51685.output to deathstar_ms-51685.output
tar: removing leading '/' from member names
Debug: Checking Namespace=default, Pod=ms-52379-57c6cdd54b-67bls for Target File=deathstar_*.output
Namespace: default, Pod: ms-52379-57c6cdd54b-67bls has the target files.
Copying deathstar_ms-52379.output to deathstar_ms-52379.output
tar: removing leading '/' from member names
Debug: Checking Namespace=default, Pod=ms-55394-6f999f5df9-t8fb2 for Target File=deathstar_*.output
Namespace: default, Pod: ms-55394-6f999f5df9-t8fb2 has the target files.
Copying deathstar_ms-55394.output to deathstar_ms-55394.output
tar: removing leading '/' from member names
Debug: Checking Namespace=default, Pod=ms-58436-59dd96f659-b4w2b for Target File=deathstar_*.output
Namespace: default, Pod: ms-58436-59dd96f659-b4w2b has the target files.
Copying deathstar_ms-58436.output to deathstar_ms-58436.output
tar: removing leading '/' from member names
Debug: Checking Namespace=default, Pod=ms-58772-68ff78c966-hkfp2 for Target File=deathstar_*.output
Namespace: default, Pod: ms-58772-68ff78c966-hkfp2 has the target files.
Copying deathstar_ms-58772.output to deathstar_ms-58772.output
tar: removing leading '/' from member names
Debug: Checking Namespace=default, Pod=ms-59962-756b895b58-858th for Target File=deathstar_*.output
Namespace: default, Pod: ms-59962-756b895b58-858th has the target files.
Copying deathstar_ms-59962.output to deathstar_ms-59962.output
tar: removing leading '/' from member names
Debug: Checking Namespace=default, Pod=ms-60061-68bd84bdcd-7frvz for Target File=deathstar_*.output
Namespace: default, Pod: ms-60061-68bd84bdcd-7frvz has the target files.
Copying deathstar_ms-60061.output to deathstar_ms-60061.output
tar: removing leading '/' from member names
Debug: Checking Namespace=default, Pod=ms-6323-974659fcd-z5gwk for Target File=deathstar_*.output
Namespace: default, Pod: ms-6323-974659fcd-z5gwk has the target files.
Copying deathstar_ms-6323.output to deathstar_ms-6323.output
tar: removing leading '/' from member names
Debug: Checking Namespace=default, Pod=ms-65741-65f588bcdf-sss6k for Target File=deathstar_*.output
Namespace: default, Pod: ms-65741-65f588bcdf-sss6k has the target files.
Copying deathstar_ms-65741.output to deathstar_ms-65741.output
tar: removing leading '/' from member names
Debug: Checking Namespace=default, Pod=ms-66473-79c66f8bff-q5m9n for Target File=deathstar_*.output
Namespace: default, Pod: ms-66473-79c66f8bff-q5m9n has the target files.
Copying deathstar_ms-66473.output to deathstar_ms-66473.output
tar: removing leading '/' from member names
Debug: Checking Namespace=default, Pod=ms-69188-65c548d4cb-pm9gd for Target File=deathstar_*.output
Namespace: default, Pod: ms-69188-65c548d4cb-pm9gd has the target files.
Copying deathstar_ms-69188.output to deathstar_ms-69188.output
tar: removing leading '/' from member names
Debug: Checking Namespace=default, Pod=ms-69614-794bd8475-wsl2h for Target File=deathstar_*.output
Namespace: default, Pod: ms-69614-794bd8475-wsl2h has the target files.
Copying deathstar_ms-69614.output to deathstar_ms-69614.output
tar: removing leading '/' from member names
Debug: Checking Namespace=default, Pod=ms-9081-567985788-rr5c9 for Target File=deathstar_*.output
Namespace: default, Pod: ms-9081-567985788-rr5c9 has the target files.
Copying deathstar_ms-9081.output to deathstar_ms-9081.output
tar: removing leading '/' from member names
Debug: Checking Namespace=default, Pod=nginx-web-server-56557f7cb7-g84bb for Target File=deathstar_*.output
Namespace: default, Pod: nginx-web-server-56557f7cb7-g84bb has the target files.
Copying deathstar_nginx-web-server.output to deathstar_nginx-web-server.output
tar: removing leading '/' from member names
Debug: Checking Namespace=default, Pod=unknown-6ddf9bd4b5-zcwxv for Target File=deathstar_*.output
Namespace: default, Pod: unknown-6ddf9bd4b5-zcwxv has the target files.
Copying deathstar_unknown.output to deathstar_unknown.output
tar: removing leading '/' from member names
