Deployments: ms-11070
ms-11285
ms-11512
ms-1278
ms-13873
ms-19953
ms-21883
ms-25124
ms-27421
ms-2827
ms-33719
ms-37691
ms-43309
ms-4354
ms-46825
ms-60236
ms-71771
ms-8052
ms-902
nginx-web-server
deployment "ms-11070" successfully rolled out
deployment "ms-11285" successfully rolled out
deployment "ms-11512" successfully rolled out
deployment "ms-1278" successfully rolled out
deployment "ms-13873" successfully rolled out
deployment "ms-19953" successfully rolled out
deployment "ms-21883" successfully rolled out
deployment "ms-25124" successfully rolled out
deployment "ms-27421" successfully rolled out
deployment "ms-2827" successfully rolled out
deployment "ms-33719" successfully rolled out
deployment "ms-37691" successfully rolled out
deployment "ms-43309" successfully rolled out
deployment "ms-4354" successfully rolled out
deployment "ms-46825" successfully rolled out
deployment "ms-60236" successfully rolled out
deployment "ms-71771" successfully rolled out
deployment "ms-8052" successfully rolled out
deployment "ms-902" successfully rolled out
deployment "nginx-web-server" successfully rolled out
ENTRY_POINT: nginx-web-server
SERVICE_A_URL: 10.103.2.220:50051
Capacity: 10000
Metadata: method=S_102000854
Metadata: request-id={{.RequestNumber}}
Metadata: timestamp={{.TimestampUnix}}
Charon Configurations:
[{INTERCEPT charon} {PRICE_UPDATE_RATE 3466us} {TOKEN_UPDATE_RATE 2132us} {LATENCY_THRESHOLD 8776us} {PRICE_STEP 135} {PRICE_STRATEGY proportional} {LAZY_UPDATE true} {RATE_LIMITING true} {LOAD_SHEDDING true} {CHARON_TRACK_PRICE false} {BREAKWATER_SLO 12500us} {BREAKWATER_A 0.001} {BREAKWATER_B 0.02} {BREAKWATER_CLIENT_EXPIRATION 10ms} {BREAKWATER_INITIAL_CREDIT 400} {BREAKWATER_LOAD_SHEDDING true} {BREAKWATER_RTT 1000us} {BREAKWATERD_SLO 12500us} {BREAKWATERD_A 0.001} {BREAKWATERD_B 0.02} {BREAKWATERD_CLIENT_EXPIRATION 10ms} {BREAKWATERD_INITIAL_CREDIT 400} {BREAKWATERD_LOAD_SHEDDING true} {BREAKWATERD_RTT 1000us} {DAGOR_QUEUING_THRESHOLD 2ms} {DAGOR_ALPHA 0.05} {DAGOR_BETA 0.01} {DAGOR_ADMISSION_LEVEL_UPDATE_INTERVAL 10ms} {DAGOR_UMAX 20}]

Summary:
  Count:	93591
  Total:	14.78 s
  Slowest:	942.46 ms
  Fastest:	38.86 ms
  Average:	107.01 ms
  Requests/sec:	6331.08

Response time histogram:
  38.858  [1]     |
  129.218 [69911] |∎∎∎∎∎∎∎∎∎∎∎∎∎∎∎∎∎∎∎∎∎∎∎∎∎∎∎∎∎∎∎∎∎∎∎∎∎∎∎∎
  219.578 [9861]  |∎∎∎∎∎∎
  309.938 [5641]  |∎∎∎
  400.298 [3145]  |∎∎
  490.658 [402]   |
  581.018 [101]   |
  671.379 [11]    |
  761.739 [14]    |
  852.099 [91]    |
  942.459 [43]    |

Latency distribution:
  10 % in 41.51 ms 
  25 % in 67.14 ms 
  50 % in 87.93 ms 
  75 % in 119.65 ms 
  90 % in 230.24 ms 
  95 % in 298.73 ms 
  99 % in 385.81 ms 

Status code distribution:
  [Canceled]            203 responses     
  [OK]                  89221 responses   
  [ResourceExhausted]   4167 responses    

Error distribution:
  [3276]   rpc error: code = ResourceExhausted desc = S_102000854 req dropped by nginx-web-server. Try again later.   
  [426]    rpc error: code = ResourceExhausted desc = S_102000854 req dropped by ms-13873. Try again later.           
  [217]    rpc error: code = ResourceExhausted desc = S_102000854 req dropped by ms-60236. Try again later.           
  [203]    rpc error: code = Canceled desc = grpc: the client connection is closing                                   
  [248]    rpc error: code = ResourceExhausted desc = S_102000854 req dropped by ms-25124. Try again later.           

Debug: Checking Namespace=default, Pod=ms-11070-7868c54f44-5frmf for Target File=deathstar_*.output
Namespace: default, Pod: ms-11070-7868c54f44-5frmf has the target files.
Copying deathstar_ms-11070.output to deathstar_ms-11070.output
tar: removing leading '/' from member names
Debug: Checking Namespace=default, Pod=ms-11285-67d597dc77-ts2nh for Target File=deathstar_*.output
Namespace: default, Pod: ms-11285-67d597dc77-ts2nh has the target files.
Copying deathstar_ms-11285.output to deathstar_ms-11285.output
tar: removing leading '/' from member names
Debug: Checking Namespace=default, Pod=ms-11512-75f8ddc45b-nr5s5 for Target File=deathstar_*.output
Namespace: default, Pod: ms-11512-75f8ddc45b-nr5s5 has the target files.
Copying deathstar_ms-11512.output to deathstar_ms-11512.output
tar: removing leading '/' from member names
Debug: Checking Namespace=default, Pod=ms-1278-85766ff6b8-ndtcb for Target File=deathstar_*.output
Namespace: default, Pod: ms-1278-85766ff6b8-ndtcb has the target files.
Copying deathstar_ms-1278.output to deathstar_ms-1278.output
tar: removing leading '/' from member names
Debug: Checking Namespace=default, Pod=ms-13873-85d7bb7b97-fb7r9 for Target File=deathstar_*.output
Namespace: default, Pod: ms-13873-85d7bb7b97-fb7r9 has the target files.
Copying deathstar_ms-13873.output to deathstar_ms-13873.output
tar: removing leading '/' from member names
Debug: Checking Namespace=default, Pod=ms-19953-68cc8998c5-6vzt9 for Target File=deathstar_*.output
Namespace: default, Pod: ms-19953-68cc8998c5-6vzt9 has the target files.
Copying deathstar_ms-19953.output to deathstar_ms-19953.output
tar: removing leading '/' from member names
Debug: Checking Namespace=default, Pod=ms-21883-f6c88c6d4-v48jg for Target File=deathstar_*.output
Namespace: default, Pod: ms-21883-f6c88c6d4-v48jg has the target files.
Copying deathstar_ms-21883.output to deathstar_ms-21883.output
tar: removing leading '/' from member names
Debug: Checking Namespace=default, Pod=ms-25124-77bd4446f5-4q8zn for Target File=deathstar_*.output
Namespace: default, Pod: ms-25124-77bd4446f5-4q8zn has the target files.
Copying deathstar_ms-25124.output to deathstar_ms-25124.output
tar: removing leading '/' from member names
Debug: Checking Namespace=default, Pod=ms-27421-8565974486-f52q6 for Target File=deathstar_*.output
Namespace: default, Pod: ms-27421-8565974486-f52q6 has the target files.
Copying deathstar_ms-27421.output to deathstar_ms-27421.output
tar: removing leading '/' from member names
Debug: Checking Namespace=default, Pod=ms-2827-5dcc6df4f4-rnsc5 for Target File=deathstar_*.output
Namespace: default, Pod: ms-2827-5dcc6df4f4-rnsc5 has the target files.
Copying deathstar_ms-2827.output to deathstar_ms-2827.output
tar: removing leading '/' from member names
Debug: Checking Namespace=default, Pod=ms-33719-6c455cf54c-wxjhl for Target File=deathstar_*.output
Namespace: default, Pod: ms-33719-6c455cf54c-wxjhl has the target files.
Copying deathstar_ms-33719.output to deathstar_ms-33719.output
tar: removing leading '/' from member names
Debug: Checking Namespace=default, Pod=ms-37691-b9bc44798-g7pb8 for Target File=deathstar_*.output
Namespace: default, Pod: ms-37691-b9bc44798-g7pb8 has the target files.
Copying deathstar_ms-37691.output to deathstar_ms-37691.output
tar: removing leading '/' from member names
Debug: Checking Namespace=default, Pod=ms-43309-54f758d465-vz27w for Target File=deathstar_*.output
Namespace: default, Pod: ms-43309-54f758d465-vz27w has the target files.
Copying deathstar_ms-43309.output to deathstar_ms-43309.output
tar: removing leading '/' from member names
Debug: Checking Namespace=default, Pod=ms-4354-669cfcbdf6-bjfm7 for Target File=deathstar_*.output
Namespace: default, Pod: ms-4354-669cfcbdf6-bjfm7 has the target files.
Copying deathstar_ms-4354.output to deathstar_ms-4354.output
tar: removing leading '/' from member names
Debug: Checking Namespace=default, Pod=ms-46825-58c684559d-2gtt9 for Target File=deathstar_*.output
Namespace: default, Pod: ms-46825-58c684559d-2gtt9 has the target files.
Copying deathstar_ms-46825.output to deathstar_ms-46825.output
tar: removing leading '/' from member names
Debug: Checking Namespace=default, Pod=ms-60236-64866cf49-kv4gp for Target File=deathstar_*.output
Namespace: default, Pod: ms-60236-64866cf49-kv4gp has the target files.
Copying deathstar_ms-60236.output to deathstar_ms-60236.output
tar: removing leading '/' from member names
Debug: Checking Namespace=default, Pod=ms-71771-567ddbdd95-f5crg for Target File=deathstar_*.output
Namespace: default, Pod: ms-71771-567ddbdd95-f5crg has the target files.
Copying deathstar_ms-71771.output to deathstar_ms-71771.output
tar: removing leading '/' from member names
Debug: Checking Namespace=default, Pod=ms-8052-b995968dc-qlzzs for Target File=deathstar_*.output
Namespace: default, Pod: ms-8052-b995968dc-qlzzs has the target files.
Copying deathstar_ms-8052.output to deathstar_ms-8052.output
tar: removing leading '/' from member names
Debug: Checking Namespace=default, Pod=ms-902-5744544f85-2vbjp for Target File=deathstar_*.output
Namespace: default, Pod: ms-902-5744544f85-2vbjp has the target files.
Copying deathstar_ms-902.output to deathstar_ms-902.output
tar: removing leading '/' from member names
Debug: Checking Namespace=default, Pod=nginx-web-server-56557f7cb7-mfjtn for Target File=deathstar_*.output
Namespace: default, Pod: nginx-web-server-56557f7cb7-mfjtn has the target files.
Copying deathstar_nginx-web-server.output to deathstar_nginx-web-server.output
tar: removing leading '/' from member names
