Deployments: ms-25648
ms-27283
ms-27421
ms-2827
ms-34756
ms-36144
ms-37691
ms-41385
ms-41914
ms-46825
ms-54016
ms-55339
ms-58269
ms-58845
ms-68328
ms-70297
nginx-web-server
unknown
deployment "ms-25648" successfully rolled out
deployment "ms-27283" successfully rolled out
deployment "ms-27421" successfully rolled out
deployment "ms-2827" successfully rolled out
deployment "ms-34756" successfully rolled out
deployment "ms-36144" successfully rolled out
deployment "ms-37691" successfully rolled out
deployment "ms-41385" successfully rolled out
deployment "ms-41914" successfully rolled out
deployment "ms-46825" successfully rolled out
deployment "ms-54016" successfully rolled out
deployment "ms-55339" successfully rolled out
deployment "ms-58269" successfully rolled out
deployment "ms-58845" successfully rolled out
deployment "ms-68328" successfully rolled out
deployment "ms-70297" successfully rolled out
deployment "nginx-web-server" successfully rolled out
deployment "unknown" successfully rolled out
ENTRY_POINT: nginx-web-server
SERVICE_A_URL: 10.108.71.93:50051
Capacity: 10000
Metadata: request-id={{.RequestNumber}}
Metadata: timestamp={{.TimestampUnix}}
Metadata: method=S_161142529
Charon Configurations:
[{INTERCEPT breakwater} {PRICE_UPDATE_RATE 10ms} {TOKEN_UPDATE_RATE 10ms} {LATENCY_THRESHOLD 100us} {PRICE_STEP 0} {PRICE_STRATEGY step} {LAZY_UPDATE false} {RATE_LIMITING true} {LOAD_SHEDDING true} {CHARON_TRACK_PRICE false} {BREAKWATER_SLO 13735us} {BREAKWATER_A 3.725204227553418} {BREAKWATER_B 0.6911214540860955} {BREAKWATER_CLIENT_EXPIRATION 1983us} {BREAKWATER_INITIAL_CREDIT 1078} {BREAKWATER_LOAD_SHEDDING true} {BREAKWATER_RTT 8383us} {BREAKWATERD_SLO 12500us} {BREAKWATERD_A 0.001} {BREAKWATERD_B 0.02} {BREAKWATERD_CLIENT_EXPIRATION 10ms} {BREAKWATERD_INITIAL_CREDIT 400} {BREAKWATERD_LOAD_SHEDDING true} {BREAKWATERD_RTT 1000us} {DAGOR_QUEUING_THRESHOLD 2ms} {DAGOR_ALPHA 0.05} {DAGOR_BETA 0.01} {DAGOR_ADMISSION_LEVEL_UPDATE_INTERVAL 10ms} {DAGOR_UMAX 20}]

Summary:
  Count:	107725
  Total:	25.00 s
  Slowest:	1.05 s
  Fastest:	65.14 ms
  Average:	681.90 ms
  Requests/sec:	4308.84

Response time histogram:
  65.138   [1]     |
  163.667  [15544] |∎∎∎∎∎∎∎∎∎∎∎∎∎∎∎∎∎∎∎∎∎∎∎∎∎∎∎∎∎∎∎∎∎∎∎∎∎∎∎∎
  262.195  [1042]  |∎∎∎
  360.724  [1068]  |∎∎∎
  459.253  [3207]  |∎∎∎∎∎∎∎∎
  557.781  [9046]  |∎∎∎∎∎∎∎∎∎∎∎∎∎∎∎∎∎∎∎∎∎∎∎
  656.310  [6060]  |∎∎∎∎∎∎∎∎∎∎∎∎∎∎∎∎
  754.839  [5505]  |∎∎∎∎∎∎∎∎∎∎∎∎∎∎
  853.367  [7780]  |∎∎∎∎∎∎∎∎∎∎∎∎∎∎∎∎∎∎∎∎
  951.896  [5579]  |∎∎∎∎∎∎∎∎∎∎∎∎∎∎
  1050.425 [2321]  |∎∎∎∎∎∎

Latency distribution:
  10 % in 67.69 ms 
  25 % in 72.76 ms 
  50 % in 544.95 ms 
  75 % in 774.84 ms 
  90 % in 882.66 ms 
  95 % in 939.33 ms 
  99 % in 992.96 ms 

Status code distribution:
  [ResourceExhausted]   3013 responses    
  [DeadlineExceeded]    41490 responses   
  [Canceled]            6069 responses    
  [OK]                  57153 responses   

Error distribution:
  [6069]    rpc error: code = Canceled desc = grpc: the client connection is closing                       
  [3013]    rpc error: code = ResourceExhausted desc = Server-side queuing delay is beyond AQM threshold   
  [41490]   rpc error: code = DeadlineExceeded desc = context deadline exceeded                            

Debug: Checking Namespace=default, Pod=ms-25648-86cc47d8bd-ds27h for Target File=deathstar_*.output
Namespace: default, Pod: ms-25648-86cc47d8bd-ds27h has the target files.
Copying deathstar_ms-25648.output to deathstar_ms-25648.output
tar: removing leading '/' from member names
Debug: Checking Namespace=default, Pod=ms-27283-7cb76dd56d-xgb6n for Target File=deathstar_*.output
Namespace: default, Pod: ms-27283-7cb76dd56d-xgb6n has the target files.
Copying deathstar_ms-27283.output to deathstar_ms-27283.output
tar: removing leading '/' from member names
Debug: Checking Namespace=default, Pod=ms-27421-64f549855c-2f9rv for Target File=deathstar_*.output
Namespace: default, Pod: ms-27421-64f549855c-2f9rv has the target files.
Copying deathstar_ms-27421.output to deathstar_ms-27421.output
tar: removing leading '/' from member names
Debug: Checking Namespace=default, Pod=ms-2827-565cbcd7b-b4vrl for Target File=deathstar_*.output
Namespace: default, Pod: ms-2827-565cbcd7b-b4vrl has the target files.
Copying deathstar_ms-2827.output to deathstar_ms-2827.output
tar: removing leading '/' from member names
Debug: Checking Namespace=default, Pod=ms-34756-7c45d5bcc-q7b4x for Target File=deathstar_*.output
Namespace: default, Pod: ms-34756-7c45d5bcc-q7b4x has the target files.
Copying deathstar_ms-34756.output to deathstar_ms-34756.output
tar: removing leading '/' from member names
Debug: Checking Namespace=default, Pod=ms-36144-7bf7cbfff6-hmmt6 for Target File=deathstar_*.output
Namespace: default, Pod: ms-36144-7bf7cbfff6-hmmt6 has the target files.
Copying deathstar_ms-36144.output to deathstar_ms-36144.output
tar: removing leading '/' from member names
Debug: Checking Namespace=default, Pod=ms-37691-6f7cbf7c5-7x2cn for Target File=deathstar_*.output
Namespace: default, Pod: ms-37691-6f7cbf7c5-7x2cn has the target files.
Copying deathstar_ms-37691.output to deathstar_ms-37691.output
tar: removing leading '/' from member names
Debug: Checking Namespace=default, Pod=ms-41385-6bc4f5d4fc-vk2s2 for Target File=deathstar_*.output
Namespace: default, Pod: ms-41385-6bc4f5d4fc-vk2s2 has the target files.
Copying deathstar_ms-41385.output to deathstar_ms-41385.output
tar: removing leading '/' from member names
Debug: Checking Namespace=default, Pod=ms-41914-5555dd8d48-qg8rt for Target File=deathstar_*.output
Namespace: default, Pod: ms-41914-5555dd8d48-qg8rt has the target files.
Copying deathstar_ms-41914.output to deathstar_ms-41914.output
tar: removing leading '/' from member names
Debug: Checking Namespace=default, Pod=ms-46825-58c684559d-vw8k2 for Target File=deathstar_*.output
Namespace: default, Pod: ms-46825-58c684559d-vw8k2 has the target files.
Copying deathstar_ms-46825.output to deathstar_ms-46825.output
tar: removing leading '/' from member names
Debug: Checking Namespace=default, Pod=ms-54016-5665fbcb8d-brg45 for Target File=deathstar_*.output
Namespace: default, Pod: ms-54016-5665fbcb8d-brg45 has the target files.
Copying deathstar_ms-54016.output to deathstar_ms-54016.output
tar: removing leading '/' from member names
Debug: Checking Namespace=default, Pod=ms-55339-5b545b67bb-8dkcv for Target File=deathstar_*.output
Namespace: default, Pod: ms-55339-5b545b67bb-8dkcv has the target files.
Copying deathstar_ms-55339.output to deathstar_ms-55339.output
tar: removing leading '/' from member names
Debug: Checking Namespace=default, Pod=ms-58269-8c4794c6c-6xn8v for Target File=deathstar_*.output
Namespace: default, Pod: ms-58269-8c4794c6c-6xn8v has the target files.
Copying deathstar_ms-58269.output to deathstar_ms-58269.output
tar: removing leading '/' from member names
Debug: Checking Namespace=default, Pod=ms-58845-5bc6f9d8df-zjlqt for Target File=deathstar_*.output
Namespace: default, Pod: ms-58845-5bc6f9d8df-zjlqt has the target files.
Copying deathstar_ms-58845.output to deathstar_ms-58845.output
tar: removing leading '/' from member names
Debug: Checking Namespace=default, Pod=ms-68328-5866fd45b7-bvkr5 for Target File=deathstar_*.output
Namespace: default, Pod: ms-68328-5866fd45b7-bvkr5 has the target files.
Copying deathstar_ms-68328.output to deathstar_ms-68328.output
tar: removing leading '/' from member names
Debug: Checking Namespace=default, Pod=ms-70297-868876bcdb-tdtnh for Target File=deathstar_*.output
Namespace: default, Pod: ms-70297-868876bcdb-tdtnh has the target files.
Copying deathstar_ms-70297.output to deathstar_ms-70297.output
tar: removing leading '/' from member names
Debug: Checking Namespace=default, Pod=nginx-web-server-56557f7cb7-4nlrf for Target File=deathstar_*.output
Namespace: default, Pod: nginx-web-server-56557f7cb7-4nlrf has the target files.
Copying deathstar_nginx-web-server.output to deathstar_nginx-web-server.output
tar: removing leading '/' from member names
Debug: Checking Namespace=default, Pod=unknown-57ddd65965-qk6sg for Target File=deathstar_*.output
Namespace: default, Pod: unknown-57ddd65965-qk6sg has the target files.
Copying deathstar_unknown.output to deathstar_unknown.output
tar: removing leading '/' from member names
