Deployments: ms-10090
ms-13558
ms-18330
ms-19585
ms-20172
ms-22893
ms-24009
ms-24959
ms-26622
ms-27421
ms-29373
ms-32301
ms-3289
ms-37691
ms-38964
ms-40147
ms-48118
ms-4829
ms-51685
ms-52379
ms-55394
ms-58436
ms-58772
ms-59962
ms-60061
ms-6323
ms-65741
ms-66473
ms-69188
ms-69614
ms-9081
nginx-web-server
unknown
deployment "ms-10090" successfully rolled out
deployment "ms-13558" successfully rolled out
deployment "ms-18330" successfully rolled out
deployment "ms-19585" successfully rolled out
deployment "ms-20172" successfully rolled out
deployment "ms-22893" successfully rolled out
deployment "ms-24009" successfully rolled out
deployment "ms-24959" successfully rolled out
deployment "ms-26622" successfully rolled out
deployment "ms-27421" successfully rolled out
deployment "ms-29373" successfully rolled out
deployment "ms-32301" successfully rolled out
deployment "ms-3289" successfully rolled out
deployment "ms-37691" successfully rolled out
deployment "ms-38964" successfully rolled out
deployment "ms-40147" successfully rolled out
deployment "ms-48118" successfully rolled out
deployment "ms-4829" successfully rolled out
deployment "ms-51685" successfully rolled out
deployment "ms-52379" successfully rolled out
deployment "ms-55394" successfully rolled out
deployment "ms-58436" successfully rolled out
deployment "ms-58772" successfully rolled out
deployment "ms-59962" successfully rolled out
deployment "ms-60061" successfully rolled out
deployment "ms-6323" successfully rolled out
deployment "ms-65741" successfully rolled out
deployment "ms-66473" successfully rolled out
deployment "ms-69188" successfully rolled out
deployment "ms-69614" successfully rolled out
deployment "ms-9081" successfully rolled out
deployment "nginx-web-server" successfully rolled out
deployment "unknown" successfully rolled out
ENTRY_POINT: nginx-web-server
SERVICE_A_URL: 10.110.151.20:50051
Capacity: 5000
Metadata: method=S_149998854
Metadata: request-id={{.RequestNumber}}
Metadata: timestamp={{.TimestampUnix}}
Charon Configurations:
[{INTERCEPT breakwaterd} {PRICE_UPDATE_RATE 10ms} {TOKEN_UPDATE_RATE 10ms} {LATENCY_THRESHOLD 100us} {PRICE_STEP 0} {PRICE_STRATEGY step} {LAZY_UPDATE false} {RATE_LIMITING true} {LOAD_SHEDDING true} {CHARON_TRACK_PRICE false} {BREAKWATER_SLO 26072us} {BREAKWATER_A 1.7410064597889685} {BREAKWATER_B 1.0434288465238961} {BREAKWATER_CLIENT_EXPIRATION 3882us} {BREAKWATER_INITIAL_CREDIT 123} {BREAKWATER_LOAD_SHEDDING true} {BREAKWATER_RTT 14893us} {BREAKWATERD_SLO 36311us} {BREAKWATERD_A 5.984254797986397} {BREAKWATERD_B 9.103968262162901} {BREAKWATERD_CLIENT_EXPIRATION 15740us} {BREAKWATERD_INITIAL_CREDIT 2475} {BREAKWATERD_LOAD_SHEDDING true} {BREAKWATERD_RTT 4788us} {DAGOR_QUEUING_THRESHOLD 2ms} {DAGOR_ALPHA 0.05} {DAGOR_BETA 0.01} {DAGOR_ADMISSION_LEVEL_UPDATE_INTERVAL 10ms} {DAGOR_UMAX 20}]

Summary:
  Count:	51531
  Total:	24.93 s
  Slowest:	938.03 ms
  Fastest:	111.43 ms
  Average:	163.79 ms
  Requests/sec:	2067.40

Response time histogram:
  111.429 [1]     |
  194.089 [37260] |∎∎∎∎∎∎∎∎∎∎∎∎∎∎∎∎∎∎∎∎∎∎∎∎∎∎∎∎∎∎∎∎∎∎∎∎∎∎∎∎
  276.750 [10781] |∎∎∎∎∎∎∎∎∎∎∎∎
  359.411 [217]   |
  442.071 [0]     |
  524.732 [0]     |
  607.392 [0]     |
  690.053 [0]     |
  772.714 [0]     |
  855.374 [50]    |
  938.035 [78]    |

Latency distribution:
  10 % in 117.01 ms 
  25 % in 143.70 ms 
  50 % in 168.85 ms 
  75 % in 191.81 ms 
  90 % in 216.27 ms 
  95 % in 233.17 ms 
  99 % in 269.99 ms 

Status code distribution:
  [Canceled]            595 responses     
  [OK]                  48387 responses   
  [ResourceExhausted]   2549 responses    

Error distribution:
  [12]     rpc error: code = ResourceExhausted desc = Client id f6a5bc24-5329-41bc-942c-57d8ffd6e9e3 request expired in queue.   
  [61]     rpc error: code = ResourceExhausted desc = Client id 2fd512f8-f650-4405-b81f-ec40d89198c1 request expired in queue.   
  [103]    rpc error: code = ResourceExhausted desc = Client id 8022bf0e-86c2-4290-aca4-e62078fb9fd0 request expired in queue.   
  [2]      rpc error: code = ResourceExhausted desc = Client id c39e109f-c3bd-447f-a329-9338eaa61c19 request expired in queue.   
  [4]      rpc error: code = ResourceExhausted desc = Client id 63365684-67cc-491f-902f-60b8a02671e9 request expired in queue.   
  [595]    rpc error: code = Canceled desc = grpc: the client connection is closing                                              
  [814]    rpc error: code = ResourceExhausted desc = Client id 2a923830-31bb-4d88-affc-6c1f81d2bb0c request expired in queue.   
  [29]     rpc error: code = ResourceExhausted desc = Client id 863d1064-8f37-4cfc-ba36-d4cc9545bc30 request expired in queue.   
  [23]     rpc error: code = ResourceExhausted desc = Client id b2e3b12b-99c9-434b-961c-4b6eba4eb634 request expired in queue.   
  [7]      rpc error: code = ResourceExhausted desc = Client id ddddd61f-4ffc-43a4-a6c2-824bc14ba30e request expired in queue.   
  [7]      rpc error: code = ResourceExhausted desc = Client id ce0633e4-d810-4a55-981a-396a87c5469a request expired in queue.   
  [121]    rpc error: code = ResourceExhausted desc = Client id 2bc73b70-0f3f-48c6-b9e3-475a696bb3e0 request expired in queue.   
  [163]    rpc error: code = ResourceExhausted desc = Server-side queuing delay is beyond AQM threshold                          
  [1023]   rpc error: code = ResourceExhausted desc = Client id 5181f016-3bb1-4aeb-a0a3-b6d8ec34c6fd request expired in queue.   
  [37]     rpc error: code = ResourceExhausted desc = Client id fa28e6b6-8736-4656-9fd5-6a8cb8703b01 request expired in queue.   
  [18]     rpc error: code = ResourceExhausted desc = Client id 03f47c95-c18f-49e7-8c18-eca36ac72b92 request expired in queue.   
  [111]    rpc error: code = ResourceExhausted desc = Client id b3a79fc3-9315-4e91-91e9-07445a81852f request expired in queue.   
  [14]     rpc error: code = ResourceExhausted desc = Client id f1f66160-2b5e-41ee-b6e7-311e8b9eb732 request expired in queue.   

Debug: Checking Namespace=default, Pod=ms-10090-6454f977fd-6v6fd for Target File=deathstar_*.output
Namespace: default, Pod: ms-10090-6454f977fd-6v6fd has the target files.
Copying deathstar_ms-10090.output to deathstar_ms-10090.output
tar: removing leading '/' from member names
Debug: Checking Namespace=default, Pod=ms-13558-b48bb5d9d-vg6fq for Target File=deathstar_*.output
Namespace: default, Pod: ms-13558-b48bb5d9d-vg6fq has the target files.
Copying deathstar_ms-13558.output to deathstar_ms-13558.output
tar: removing leading '/' from member names
Debug: Checking Namespace=default, Pod=ms-18330-759d9cf49c-nxdnn for Target File=deathstar_*.output
Namespace: default, Pod: ms-18330-759d9cf49c-nxdnn has the target files.
Copying deathstar_ms-18330.output to deathstar_ms-18330.output
tar: removing leading '/' from member names
Debug: Checking Namespace=default, Pod=ms-19585-6f995cfcbf-ctdc9 for Target File=deathstar_*.output
Namespace: default, Pod: ms-19585-6f995cfcbf-ctdc9 has the target files.
Copying deathstar_ms-19585.output to deathstar_ms-19585.output
tar: removing leading '/' from member names
Debug: Checking Namespace=default, Pod=ms-20172-59d5485464-6qk59 for Target File=deathstar_*.output
Namespace: default, Pod: ms-20172-59d5485464-6qk59 has the target files.
Copying deathstar_ms-20172.output to deathstar_ms-20172.output
tar: removing leading '/' from member names
Debug: Checking Namespace=default, Pod=ms-22893-576fd5f9f6-db5xv for Target File=deathstar_*.output
Namespace: default, Pod: ms-22893-576fd5f9f6-db5xv has the target files.
Copying deathstar_ms-22893.output to deathstar_ms-22893.output
tar: removing leading '/' from member names
Debug: Checking Namespace=default, Pod=ms-24009-67dbf5b976-xdbvk for Target File=deathstar_*.output
Namespace: default, Pod: ms-24009-67dbf5b976-xdbvk has the target files.
Copying deathstar_ms-24009.output to deathstar_ms-24009.output
tar: removing leading '/' from member names
Debug: Checking Namespace=default, Pod=ms-24959-99f8bbf9-qj9dj for Target File=deathstar_*.output
Namespace: default, Pod: ms-24959-99f8bbf9-qj9dj has the target files.
Copying deathstar_ms-24959.output to deathstar_ms-24959.output
tar: removing leading '/' from member names
Debug: Checking Namespace=default, Pod=ms-26622-66fdf7d64f-xfbzv for Target File=deathstar_*.output
Namespace: default, Pod: ms-26622-66fdf7d64f-xfbzv has the target files.
Copying deathstar_ms-26622.output to deathstar_ms-26622.output
tar: removing leading '/' from member names
Debug: Checking Namespace=default, Pod=ms-27421-64f549855c-472ln for Target File=deathstar_*.output
Namespace: default, Pod: ms-27421-64f549855c-472ln has the target files.
Copying deathstar_ms-27421.output to deathstar_ms-27421.output
tar: removing leading '/' from member names
Debug: Checking Namespace=default, Pod=ms-29373-8467f7db44-bdxkk for Target File=deathstar_*.output
Namespace: default, Pod: ms-29373-8467f7db44-bdxkk has the target files.
Copying deathstar_ms-29373.output to deathstar_ms-29373.output
tar: removing leading '/' from member names
Debug: Checking Namespace=default, Pod=ms-32301-c5654bbc5-rj6c6 for Target File=deathstar_*.output
Namespace: default, Pod: ms-32301-c5654bbc5-rj6c6 has the target files.
Copying deathstar_ms-32301.output to deathstar_ms-32301.output
tar: removing leading '/' from member names
Debug: Checking Namespace=default, Pod=ms-3289-587dbd96bf-42x4t for Target File=deathstar_*.output
Namespace: default, Pod: ms-3289-587dbd96bf-42x4t has the target files.
Copying deathstar_ms-3289.output to deathstar_ms-3289.output
tar: removing leading '/' from member names
Debug: Checking Namespace=default, Pod=ms-37691-6dc6cd6744-ch7sp for Target File=deathstar_*.output
Namespace: default, Pod: ms-37691-6dc6cd6744-ch7sp has the target files.
Copying deathstar_ms-37691.output to deathstar_ms-37691.output
tar: removing leading '/' from member names
Debug: Checking Namespace=default, Pod=ms-38964-5b647cdbd-mgmbx for Target File=deathstar_*.output
Namespace: default, Pod: ms-38964-5b647cdbd-mgmbx has the target files.
Copying deathstar_ms-38964.output to deathstar_ms-38964.output
tar: removing leading '/' from member names
Debug: Checking Namespace=default, Pod=ms-40147-cd867585-cmm4l for Target File=deathstar_*.output
Namespace: default, Pod: ms-40147-cd867585-cmm4l has the target files.
Copying deathstar_ms-40147.output to deathstar_ms-40147.output
tar: removing leading '/' from member names
Debug: Checking Namespace=default, Pod=ms-48118-ff7b99cc9-pcdvq for Target File=deathstar_*.output
Namespace: default, Pod: ms-48118-ff7b99cc9-pcdvq has the target files.
Copying deathstar_ms-48118.output to deathstar_ms-48118.output
tar: removing leading '/' from member names
Debug: Checking Namespace=default, Pod=ms-4829-669557b66c-ww94j for Target File=deathstar_*.output
Namespace: default, Pod: ms-4829-669557b66c-ww94j has the target files.
Copying deathstar_ms-4829.output to deathstar_ms-4829.output
tar: removing leading '/' from member names
Debug: Checking Namespace=default, Pod=ms-51685-79858c784f-bqvx4 for Target File=deathstar_*.output
Namespace: default, Pod: ms-51685-79858c784f-bqvx4 has the target files.
Copying deathstar_ms-51685.output to deathstar_ms-51685.output
tar: removing leading '/' from member names
Debug: Checking Namespace=default, Pod=ms-52379-57c6cdd54b-c7zf8 for Target File=deathstar_*.output
Namespace: default, Pod: ms-52379-57c6cdd54b-c7zf8 has the target files.
Copying deathstar_ms-52379.output to deathstar_ms-52379.output
tar: removing leading '/' from member names
Debug: Checking Namespace=default, Pod=ms-55394-6f999f5df9-t89j9 for Target File=deathstar_*.output
Namespace: default, Pod: ms-55394-6f999f5df9-t89j9 has the target files.
Copying deathstar_ms-55394.output to deathstar_ms-55394.output
tar: removing leading '/' from member names
Debug: Checking Namespace=default, Pod=ms-58436-59dd96f659-q82hq for Target File=deathstar_*.output
Namespace: default, Pod: ms-58436-59dd96f659-q82hq has the target files.
Copying deathstar_ms-58436.output to deathstar_ms-58436.output
tar: removing leading '/' from member names
Debug: Checking Namespace=default, Pod=ms-58772-68ff78c966-nmz8x for Target File=deathstar_*.output
Namespace: default, Pod: ms-58772-68ff78c966-nmz8x has the target files.
Copying deathstar_ms-58772.output to deathstar_ms-58772.output
tar: removing leading '/' from member names
Debug: Checking Namespace=default, Pod=ms-59962-756b895b58-zhjzt for Target File=deathstar_*.output
Namespace: default, Pod: ms-59962-756b895b58-zhjzt has the target files.
Copying deathstar_ms-59962.output to deathstar_ms-59962.output
tar: removing leading '/' from member names
Debug: Checking Namespace=default, Pod=ms-60061-68bd84bdcd-bcpbq for Target File=deathstar_*.output
Namespace: default, Pod: ms-60061-68bd84bdcd-bcpbq has the target files.
Copying deathstar_ms-60061.output to deathstar_ms-60061.output
tar: removing leading '/' from member names
Debug: Checking Namespace=default, Pod=ms-6323-974659fcd-92wzw for Target File=deathstar_*.output
Namespace: default, Pod: ms-6323-974659fcd-92wzw has the target files.
Copying deathstar_ms-6323.output to deathstar_ms-6323.output
tar: removing leading '/' from member names
Debug: Checking Namespace=default, Pod=ms-65741-65f588bcdf-5sc2c for Target File=deathstar_*.output
Namespace: default, Pod: ms-65741-65f588bcdf-5sc2c has the target files.
Copying deathstar_ms-65741.output to deathstar_ms-65741.output
tar: removing leading '/' from member names
Debug: Checking Namespace=default, Pod=ms-66473-79c66f8bff-d8s72 for Target File=deathstar_*.output
Namespace: default, Pod: ms-66473-79c66f8bff-d8s72 has the target files.
Copying deathstar_ms-66473.output to deathstar_ms-66473.output
tar: removing leading '/' from member names
Debug: Checking Namespace=default, Pod=ms-69188-65c548d4cb-rvmrr for Target File=deathstar_*.output
Namespace: default, Pod: ms-69188-65c548d4cb-rvmrr has the target files.
Copying deathstar_ms-69188.output to deathstar_ms-69188.output
tar: removing leading '/' from member names
Debug: Checking Namespace=default, Pod=ms-69614-794bd8475-9k5p9 for Target File=deathstar_*.output
Namespace: default, Pod: ms-69614-794bd8475-9k5p9 has the target files.
Copying deathstar_ms-69614.output to deathstar_ms-69614.output
tar: removing leading '/' from member names
Debug: Checking Namespace=default, Pod=ms-9081-567985788-5g49q for Target File=deathstar_*.output
Namespace: default, Pod: ms-9081-567985788-5g49q has the target files.
Copying deathstar_ms-9081.output to deathstar_ms-9081.output
tar: removing leading '/' from member names
Debug: Checking Namespace=default, Pod=nginx-web-server-56557f7cb7-5bhlc for Target File=deathstar_*.output
Namespace: default, Pod: nginx-web-server-56557f7cb7-5bhlc has the target files.
Copying deathstar_nginx-web-server.output to deathstar_nginx-web-server.output
tar: removing leading '/' from member names
Debug: Checking Namespace=default, Pod=unknown-6ddf9bd4b5-qf7sh for Target File=deathstar_*.output
Namespace: default, Pod: unknown-6ddf9bd4b5-qf7sh has the target files.
Copying deathstar_unknown.output to deathstar_unknown.output
tar: removing leading '/' from member names
