Deployments: ms-25648
ms-27283
ms-27421
ms-2827
ms-34756
ms-36144
ms-37691
ms-41385
ms-41914
ms-46825
ms-54016
ms-55339
ms-58269
ms-58845
ms-68328
ms-70297
nginx-web-server
unknown
deployment "ms-25648" successfully rolled out
deployment "ms-27283" successfully rolled out
deployment "ms-27421" successfully rolled out
deployment "ms-2827" successfully rolled out
deployment "ms-34756" successfully rolled out
deployment "ms-36144" successfully rolled out
deployment "ms-37691" successfully rolled out
deployment "ms-41385" successfully rolled out
deployment "ms-41914" successfully rolled out
deployment "ms-46825" successfully rolled out
deployment "ms-54016" successfully rolled out
deployment "ms-55339" successfully rolled out
deployment "ms-58269" successfully rolled out
deployment "ms-58845" successfully rolled out
deployment "ms-68328" successfully rolled out
deployment "ms-70297" successfully rolled out
deployment "nginx-web-server" successfully rolled out
deployment "unknown" successfully rolled out
ENTRY_POINT: nginx-web-server
SERVICE_A_URL: 10.110.237.87:50051
Capacity: 10000
Metadata: timestamp={{.TimestampUnix}}
Metadata: method=S_161142529
Metadata: request-id={{.RequestNumber}}
Charon Configurations:
[{INTERCEPT breakwater} {PRICE_UPDATE_RATE 10ms} {TOKEN_UPDATE_RATE 10ms} {LATENCY_THRESHOLD 100us} {PRICE_STEP 0} {PRICE_STRATEGY step} {LAZY_UPDATE false} {RATE_LIMITING true} {LOAD_SHEDDING true} {CHARON_TRACK_PRICE false} {BREAKWATER_SLO 6378us} {BREAKWATER_A 1.966936676661002} {BREAKWATER_B 0.8422152500101043} {BREAKWATER_CLIENT_EXPIRATION 4789us} {BREAKWATER_INITIAL_CREDIT 1066} {BREAKWATER_LOAD_SHEDDING true} {BREAKWATER_RTT 13837us} {BREAKWATERD_SLO 12500us} {BREAKWATERD_A 0.001} {BREAKWATERD_B 0.02} {BREAKWATERD_CLIENT_EXPIRATION 10ms} {BREAKWATERD_INITIAL_CREDIT 400} {BREAKWATERD_LOAD_SHEDDING true} {BREAKWATERD_RTT 1000us} {DAGOR_QUEUING_THRESHOLD 2ms} {DAGOR_ALPHA 0.05} {DAGOR_BETA 0.01} {DAGOR_ADMISSION_LEVEL_UPDATE_INTERVAL 10ms} {DAGOR_UMAX 20}]

Summary:
  Count:	112221
  Total:	25.00 s
  Slowest:	1.01 s
  Fastest:	65.06 ms
  Average:	231.49 ms
  Requests/sec:	4488.73

Response time histogram:
  65.060   [1]     |
  160.009  [28578] |∎∎∎∎∎∎∎∎∎∎∎∎∎∎∎∎∎∎∎∎∎∎∎∎∎∎∎∎∎∎∎∎∎∎∎
  254.958  [32291] |∎∎∎∎∎∎∎∎∎∎∎∎∎∎∎∎∎∎∎∎∎∎∎∎∎∎∎∎∎∎∎∎∎∎∎∎∎∎∎∎
  349.908  [15110] |∎∎∎∎∎∎∎∎∎∎∎∎∎∎∎∎∎∎∎
  444.857  [10380] |∎∎∎∎∎∎∎∎∎∎∎∎∎
  539.806  [4197]  |∎∎∎∎∎
  634.756  [2080]  |∎∎∎
  729.705  [1566]  |∎∎
  824.654  [1377]  |∎∎
  919.604  [1784]  |∎∎
  1014.553 [555]   |∎

Latency distribution:
  10 % in 69.22 ms 
  25 % in 141.54 ms 
  50 % in 218.95 ms 
  75 % in 330.96 ms 
  90 % in 484.11 ms 
  95 % in 649.01 ms 
  99 % in 893.33 ms 

Status code distribution:
  [OK]                  97919 responses   
  [ResourceExhausted]   13636 responses   
  [DeadlineExceeded]    395 responses     
  [Canceled]            271 responses     

Error distribution:
  [13636]   rpc error: code = ResourceExhausted desc = Server-side queuing delay is beyond AQM threshold   
  [395]     rpc error: code = DeadlineExceeded desc = context deadline exceeded                            
  [271]     rpc error: code = Canceled desc = grpc: the client connection is closing                       

Debug: Checking Namespace=default, Pod=ms-25648-86cc47d8bd-cfz44 for Target File=deathstar_*.output
Namespace: default, Pod: ms-25648-86cc47d8bd-cfz44 has the target files.
Copying deathstar_ms-25648.output to deathstar_ms-25648.output
tar: removing leading '/' from member names
Debug: Checking Namespace=default, Pod=ms-27283-7cb76dd56d-bsxf6 for Target File=deathstar_*.output
Namespace: default, Pod: ms-27283-7cb76dd56d-bsxf6 has the target files.
Copying deathstar_ms-27283.output to deathstar_ms-27283.output
tar: removing leading '/' from member names
Debug: Checking Namespace=default, Pod=ms-27421-64f549855c-kdsc8 for Target File=deathstar_*.output
Namespace: default, Pod: ms-27421-64f549855c-kdsc8 has the target files.
Copying deathstar_ms-27421.output to deathstar_ms-27421.output
tar: removing leading '/' from member names
Debug: Checking Namespace=default, Pod=ms-2827-565cbcd7b-9p2fr for Target File=deathstar_*.output
Namespace: default, Pod: ms-2827-565cbcd7b-9p2fr has the target files.
Copying deathstar_ms-2827.output to deathstar_ms-2827.output
tar: removing leading '/' from member names
Debug: Checking Namespace=default, Pod=ms-34756-7c45d5bcc-n84lf for Target File=deathstar_*.output
Namespace: default, Pod: ms-34756-7c45d5bcc-n84lf has the target files.
Copying deathstar_ms-34756.output to deathstar_ms-34756.output
tar: removing leading '/' from member names
Debug: Checking Namespace=default, Pod=ms-36144-7bf7cbfff6-kmqbp for Target File=deathstar_*.output
Namespace: default, Pod: ms-36144-7bf7cbfff6-kmqbp has the target files.
Copying deathstar_ms-36144.output to deathstar_ms-36144.output
tar: removing leading '/' from member names
Debug: Checking Namespace=default, Pod=ms-37691-6f7cbf7c5-rzmth for Target File=deathstar_*.output
Namespace: default, Pod: ms-37691-6f7cbf7c5-rzmth has the target files.
Copying deathstar_ms-37691.output to deathstar_ms-37691.output
tar: removing leading '/' from member names
Debug: Checking Namespace=default, Pod=ms-41385-6bc4f5d4fc-f9gdm for Target File=deathstar_*.output
Namespace: default, Pod: ms-41385-6bc4f5d4fc-f9gdm has the target files.
Copying deathstar_ms-41385.output to deathstar_ms-41385.output
tar: removing leading '/' from member names
Debug: Checking Namespace=default, Pod=ms-41914-5555dd8d48-84m68 for Target File=deathstar_*.output
Namespace: default, Pod: ms-41914-5555dd8d48-84m68 has the target files.
Copying deathstar_ms-41914.output to deathstar_ms-41914.output
tar: removing leading '/' from member names
Debug: Checking Namespace=default, Pod=ms-46825-58c684559d-j2qrk for Target File=deathstar_*.output
Namespace: default, Pod: ms-46825-58c684559d-j2qrk has the target files.
Copying deathstar_ms-46825.output to deathstar_ms-46825.output
tar: removing leading '/' from member names
Debug: Checking Namespace=default, Pod=ms-54016-5665fbcb8d-qzbm8 for Target File=deathstar_*.output
Namespace: default, Pod: ms-54016-5665fbcb8d-qzbm8 has the target files.
Copying deathstar_ms-54016.output to deathstar_ms-54016.output
tar: removing leading '/' from member names
Debug: Checking Namespace=default, Pod=ms-55339-5b545b67bb-wb6c2 for Target File=deathstar_*.output
Namespace: default, Pod: ms-55339-5b545b67bb-wb6c2 has the target files.
Copying deathstar_ms-55339.output to deathstar_ms-55339.output
tar: removing leading '/' from member names
Debug: Checking Namespace=default, Pod=ms-58269-8c4794c6c-x46x8 for Target File=deathstar_*.output
Namespace: default, Pod: ms-58269-8c4794c6c-x46x8 has the target files.
Copying deathstar_ms-58269.output to deathstar_ms-58269.output
tar: removing leading '/' from member names
Debug: Checking Namespace=default, Pod=ms-58845-5bc6f9d8df-xdrvc for Target File=deathstar_*.output
Namespace: default, Pod: ms-58845-5bc6f9d8df-xdrvc has the target files.
Copying deathstar_ms-58845.output to deathstar_ms-58845.output
tar: removing leading '/' from member names
Debug: Checking Namespace=default, Pod=ms-68328-5866fd45b7-glbh9 for Target File=deathstar_*.output
Namespace: default, Pod: ms-68328-5866fd45b7-glbh9 has the target files.
Copying deathstar_ms-68328.output to deathstar_ms-68328.output
tar: removing leading '/' from member names
Debug: Checking Namespace=default, Pod=ms-70297-868876bcdb-hczlb for Target File=deathstar_*.output
Namespace: default, Pod: ms-70297-868876bcdb-hczlb has the target files.
Copying deathstar_ms-70297.output to deathstar_ms-70297.output
tar: removing leading '/' from member names
Debug: Checking Namespace=default, Pod=nginx-web-server-56557f7cb7-bs7fr for Target File=deathstar_*.output
Namespace: default, Pod: nginx-web-server-56557f7cb7-bs7fr has the target files.
Copying deathstar_nginx-web-server.output to deathstar_nginx-web-server.output
tar: removing leading '/' from member names
Debug: Checking Namespace=default, Pod=unknown-57ddd65965-6prqj for Target File=deathstar_*.output
Namespace: default, Pod: unknown-57ddd65965-6prqj has the target files.
Copying deathstar_unknown.output to deathstar_unknown.output
tar: removing leading '/' from member names
