Deployments: ms-10090
ms-13558
ms-18330
ms-19585
ms-20172
ms-22893
ms-24009
ms-24959
ms-26622
ms-27421
ms-29373
ms-32301
ms-3289
ms-37691
ms-38964
ms-40147
ms-48118
ms-4829
ms-51685
ms-52379
ms-55394
ms-58436
ms-58772
ms-59962
ms-60061
ms-6323
ms-65741
ms-66473
ms-69188
ms-69614
ms-9081
nginx-web-server
unknown
deployment "ms-10090" successfully rolled out
deployment "ms-13558" successfully rolled out
deployment "ms-18330" successfully rolled out
deployment "ms-19585" successfully rolled out
deployment "ms-20172" successfully rolled out
deployment "ms-22893" successfully rolled out
deployment "ms-24009" successfully rolled out
deployment "ms-24959" successfully rolled out
deployment "ms-26622" successfully rolled out
deployment "ms-27421" successfully rolled out
deployment "ms-29373" successfully rolled out
deployment "ms-32301" successfully rolled out
deployment "ms-3289" successfully rolled out
deployment "ms-37691" successfully rolled out
deployment "ms-38964" successfully rolled out
deployment "ms-40147" successfully rolled out
deployment "ms-48118" successfully rolled out
deployment "ms-4829" successfully rolled out
deployment "ms-51685" successfully rolled out
deployment "ms-52379" successfully rolled out
deployment "ms-55394" successfully rolled out
deployment "ms-58436" successfully rolled out
deployment "ms-58772" successfully rolled out
deployment "ms-59962" successfully rolled out
deployment "ms-60061" successfully rolled out
deployment "ms-6323" successfully rolled out
deployment "ms-65741" successfully rolled out
deployment "ms-66473" successfully rolled out
deployment "ms-69188" successfully rolled out
deployment "ms-69614" successfully rolled out
deployment "ms-9081" successfully rolled out
deployment "nginx-web-server" successfully rolled out
deployment "unknown" successfully rolled out
ENTRY_POINT: nginx-web-server
SERVICE_A_URL: 10.108.201.154:50051
Capacity: 10000
Metadata: timestamp={{.TimestampUnix}}
Metadata: method=S_149998854
Metadata: request-id={{.RequestNumber}}
Charon Configurations:
[{INTERCEPT charon} {PRICE_UPDATE_RATE 27932us} {TOKEN_UPDATE_RATE 13028us} {LATENCY_THRESHOLD 9937us} {PRICE_STEP 16} {PRICE_STRATEGY proportional} {LAZY_UPDATE true} {RATE_LIMITING true} {LOAD_SHEDDING true} {CHARON_TRACK_PRICE false} {BREAKWATER_SLO 12500us} {BREAKWATER_A 0.001} {BREAKWATER_B 0.02} {BREAKWATER_CLIENT_EXPIRATION 10ms} {BREAKWATER_INITIAL_CREDIT 400} {BREAKWATER_LOAD_SHEDDING true} {BREAKWATER_RTT 1000us} {BREAKWATERD_SLO 12500us} {BREAKWATERD_A 0.001} {BREAKWATERD_B 0.02} {BREAKWATERD_CLIENT_EXPIRATION 10ms} {BREAKWATERD_INITIAL_CREDIT 400} {BREAKWATERD_LOAD_SHEDDING true} {BREAKWATERD_RTT 1000us} {DAGOR_QUEUING_THRESHOLD 2ms} {DAGOR_ALPHA 0.05} {DAGOR_BETA 0.01} {DAGOR_ADMISSION_LEVEL_UPDATE_INTERVAL 10ms} {DAGOR_UMAX 20}]

Summary:
  Count:	72228
  Total:	14.86 s
  Slowest:	1.02 s
  Fastest:	110.87 ms
  Average:	270.32 ms
  Requests/sec:	4859.41

Response time histogram:
  110.870  [1]     |
  202.149  [31377] |∎∎∎∎∎∎∎∎∎∎∎∎∎∎∎∎∎∎∎∎∎∎∎∎∎∎∎∎∎∎∎∎∎∎∎∎∎∎∎∎
  293.428  [16141] |∎∎∎∎∎∎∎∎∎∎∎∎∎∎∎∎∎∎∎∎∎
  384.706  [5074]  |∎∎∎∎∎∎
  475.985  [1105]  |∎
  567.264  [573]   |∎
  658.543  [926]   |∎
  749.822  [1097]  |∎
  841.101  [2487]  |∎∎∎
  932.379  [1841]  |∎∎
  1023.658 [740]   |∎

Latency distribution:
  10 % in 114.11 ms 
  25 % in 141.73 ms 
  50 % in 199.93 ms 
  75 % in 277.49 ms 
  90 % in 662.37 ms 
  95 % in 821.81 ms 
  99 % in 937.91 ms 

Status code distribution:
  [OK]                  61362 responses   
  [ResourceExhausted]   9048 responses    
  [DeadlineExceeded]    1022 responses    
  [Canceled]            796 responses     

Error distribution:
  [726]    rpc error: code = ResourceExhausted desc = S_149998854 req dropped by ms-66473. Try again later.           
  [1059]   rpc error: code = ResourceExhausted desc = S_149998854 req dropped by ms-18330. Try again later.           
  [4188]   rpc error: code = ResourceExhausted desc = S_149998854 req dropped by nginx-web-server. Try again later.   
  [3073]   rpc error: code = ResourceExhausted desc = S_149998854 req dropped by ms-55394. Try again later.           
  [2]      rpc error: code = ResourceExhausted desc = S_149998854 req dropped by ms-51685. Try again later.           
  [1022]   rpc error: code = DeadlineExceeded desc = context deadline exceeded                                        
  [796]    rpc error: code = Canceled desc = grpc: the client connection is closing                                   

Debug: Checking Namespace=default, Pod=ms-10090-6454f977fd-rpq5b for Target File=deathstar_*.output
Namespace: default, Pod: ms-10090-6454f977fd-rpq5b has the target files.
Copying deathstar_ms-10090.output to deathstar_ms-10090.output
tar: removing leading '/' from member names
Debug: Checking Namespace=default, Pod=ms-13558-b48bb5d9d-snb9g for Target File=deathstar_*.output
Namespace: default, Pod: ms-13558-b48bb5d9d-snb9g has the target files.
Copying deathstar_ms-13558.output to deathstar_ms-13558.output
tar: removing leading '/' from member names
Debug: Checking Namespace=default, Pod=ms-18330-759d9cf49c-7qrtp for Target File=deathstar_*.output
Namespace: default, Pod: ms-18330-759d9cf49c-7qrtp has the target files.
Copying deathstar_ms-18330.output to deathstar_ms-18330.output
tar: removing leading '/' from member names
Debug: Checking Namespace=default, Pod=ms-19585-6f995cfcbf-49n4x for Target File=deathstar_*.output
Namespace: default, Pod: ms-19585-6f995cfcbf-49n4x has the target files.
Copying deathstar_ms-19585.output to deathstar_ms-19585.output
tar: removing leading '/' from member names
Debug: Checking Namespace=default, Pod=ms-20172-59d5485464-hrrft for Target File=deathstar_*.output
Namespace: default, Pod: ms-20172-59d5485464-hrrft has the target files.
Copying deathstar_ms-20172.output to deathstar_ms-20172.output
tar: removing leading '/' from member names
Debug: Checking Namespace=default, Pod=ms-22893-576fd5f9f6-mvjvn for Target File=deathstar_*.output
Namespace: default, Pod: ms-22893-576fd5f9f6-mvjvn has the target files.
Copying deathstar_ms-22893.output to deathstar_ms-22893.output
tar: removing leading '/' from member names
Debug: Checking Namespace=default, Pod=ms-24009-67dbf5b976-c2ztp for Target File=deathstar_*.output
Namespace: default, Pod: ms-24009-67dbf5b976-c2ztp has the target files.
Copying deathstar_ms-24009.output to deathstar_ms-24009.output
tar: removing leading '/' from member names
Debug: Checking Namespace=default, Pod=ms-24959-99f8bbf9-dxvrs for Target File=deathstar_*.output
Namespace: default, Pod: ms-24959-99f8bbf9-dxvrs has the target files.
Copying deathstar_ms-24959.output to deathstar_ms-24959.output
tar: removing leading '/' from member names
Debug: Checking Namespace=default, Pod=ms-26622-66fdf7d64f-mfk4w for Target File=deathstar_*.output
Namespace: default, Pod: ms-26622-66fdf7d64f-mfk4w has the target files.
Copying deathstar_ms-26622.output to deathstar_ms-26622.output
tar: removing leading '/' from member names
Debug: Checking Namespace=default, Pod=ms-27421-64f549855c-hb9l4 for Target File=deathstar_*.output
Namespace: default, Pod: ms-27421-64f549855c-hb9l4 has the target files.
Copying deathstar_ms-27421.output to deathstar_ms-27421.output
tar: removing leading '/' from member names
Debug: Checking Namespace=default, Pod=ms-29373-8467f7db44-msbk2 for Target File=deathstar_*.output
Namespace: default, Pod: ms-29373-8467f7db44-msbk2 has the target files.
Copying deathstar_ms-29373.output to deathstar_ms-29373.output
tar: removing leading '/' from member names
Debug: Checking Namespace=default, Pod=ms-32301-c5654bbc5-wmpq4 for Target File=deathstar_*.output
Namespace: default, Pod: ms-32301-c5654bbc5-wmpq4 has the target files.
Copying deathstar_ms-32301.output to deathstar_ms-32301.output
tar: removing leading '/' from member names
Debug: Checking Namespace=default, Pod=ms-3289-587dbd96bf-f872n for Target File=deathstar_*.output
Namespace: default, Pod: ms-3289-587dbd96bf-f872n has the target files.
Copying deathstar_ms-3289.output to deathstar_ms-3289.output
tar: removing leading '/' from member names
Debug: Checking Namespace=default, Pod=ms-37691-6dc6cd6744-rlr6t for Target File=deathstar_*.output
Namespace: default, Pod: ms-37691-6dc6cd6744-rlr6t has the target files.
Copying deathstar_ms-37691.output to deathstar_ms-37691.output
tar: removing leading '/' from member names
Debug: Checking Namespace=default, Pod=ms-38964-5b647cdbd-wz4tf for Target File=deathstar_*.output
Namespace: default, Pod: ms-38964-5b647cdbd-wz4tf has the target files.
Copying deathstar_ms-38964.output to deathstar_ms-38964.output
tar: removing leading '/' from member names
Debug: Checking Namespace=default, Pod=ms-40147-cd867585-b4pkx for Target File=deathstar_*.output
Namespace: default, Pod: ms-40147-cd867585-b4pkx has the target files.
Copying deathstar_ms-40147.output to deathstar_ms-40147.output
tar: removing leading '/' from member names
Debug: Checking Namespace=default, Pod=ms-48118-ff7b99cc9-gntjq for Target File=deathstar_*.output
Namespace: default, Pod: ms-48118-ff7b99cc9-gntjq has the target files.
Copying deathstar_ms-48118.output to deathstar_ms-48118.output
tar: removing leading '/' from member names
Debug: Checking Namespace=default, Pod=ms-4829-669557b66c-fh5qv for Target File=deathstar_*.output
Namespace: default, Pod: ms-4829-669557b66c-fh5qv has the target files.
Copying deathstar_ms-4829.output to deathstar_ms-4829.output
tar: removing leading '/' from member names
Debug: Checking Namespace=default, Pod=ms-51685-79858c784f-w9qm6 for Target File=deathstar_*.output
Namespace: default, Pod: ms-51685-79858c784f-w9qm6 has the target files.
Copying deathstar_ms-51685.output to deathstar_ms-51685.output
tar: removing leading '/' from member names
Debug: Checking Namespace=default, Pod=ms-52379-57c6cdd54b-dd8km for Target File=deathstar_*.output
Namespace: default, Pod: ms-52379-57c6cdd54b-dd8km has the target files.
Copying deathstar_ms-52379.output to deathstar_ms-52379.output
tar: removing leading '/' from member names
Debug: Checking Namespace=default, Pod=ms-55394-6f999f5df9-h7kp9 for Target File=deathstar_*.output
Namespace: default, Pod: ms-55394-6f999f5df9-h7kp9 has the target files.
Copying deathstar_ms-55394.output to deathstar_ms-55394.output
tar: removing leading '/' from member names
Debug: Checking Namespace=default, Pod=ms-58436-59dd96f659-wj8ct for Target File=deathstar_*.output
Namespace: default, Pod: ms-58436-59dd96f659-wj8ct has the target files.
Copying deathstar_ms-58436.output to deathstar_ms-58436.output
tar: removing leading '/' from member names
Debug: Checking Namespace=default, Pod=ms-58772-68ff78c966-xbzvj for Target File=deathstar_*.output
Namespace: default, Pod: ms-58772-68ff78c966-xbzvj has the target files.
Copying deathstar_ms-58772.output to deathstar_ms-58772.output
tar: removing leading '/' from member names
Debug: Checking Namespace=default, Pod=ms-59962-756b895b58-h8ws4 for Target File=deathstar_*.output
Namespace: default, Pod: ms-59962-756b895b58-h8ws4 has the target files.
Copying deathstar_ms-59962.output to deathstar_ms-59962.output
tar: removing leading '/' from member names
Debug: Checking Namespace=default, Pod=ms-60061-68bd84bdcd-wd7wt for Target File=deathstar_*.output
Namespace: default, Pod: ms-60061-68bd84bdcd-wd7wt has the target files.
Copying deathstar_ms-60061.output to deathstar_ms-60061.output
tar: removing leading '/' from member names
Debug: Checking Namespace=default, Pod=ms-6323-974659fcd-xrzlr for Target File=deathstar_*.output
Namespace: default, Pod: ms-6323-974659fcd-xrzlr has the target files.
Copying deathstar_ms-6323.output to deathstar_ms-6323.output
tar: removing leading '/' from member names
Debug: Checking Namespace=default, Pod=ms-65741-65f588bcdf-v85r5 for Target File=deathstar_*.output
Namespace: default, Pod: ms-65741-65f588bcdf-v85r5 has the target files.
Copying deathstar_ms-65741.output to deathstar_ms-65741.output
tar: removing leading '/' from member names
Debug: Checking Namespace=default, Pod=ms-66473-79c66f8bff-qjrqb for Target File=deathstar_*.output
Namespace: default, Pod: ms-66473-79c66f8bff-qjrqb has the target files.
Copying deathstar_ms-66473.output to deathstar_ms-66473.output
tar: removing leading '/' from member names
Debug: Checking Namespace=default, Pod=ms-69188-65c548d4cb-84d4v for Target File=deathstar_*.output
Namespace: default, Pod: ms-69188-65c548d4cb-84d4v has the target files.
Copying deathstar_ms-69188.output to deathstar_ms-69188.output
tar: removing leading '/' from member names
Debug: Checking Namespace=default, Pod=ms-69614-794bd8475-hqgw9 for Target File=deathstar_*.output
Namespace: default, Pod: ms-69614-794bd8475-hqgw9 has the target files.
Copying deathstar_ms-69614.output to deathstar_ms-69614.output
tar: removing leading '/' from member names
Debug: Checking Namespace=default, Pod=ms-9081-567985788-5qtlt for Target File=deathstar_*.output
Namespace: default, Pod: ms-9081-567985788-5qtlt has the target files.
Copying deathstar_ms-9081.output to deathstar_ms-9081.output
tar: removing leading '/' from member names
Debug: Checking Namespace=default, Pod=nginx-web-server-56557f7cb7-qz9qb for Target File=deathstar_*.output
Namespace: default, Pod: nginx-web-server-56557f7cb7-qz9qb has the target files.
Copying deathstar_nginx-web-server.output to deathstar_nginx-web-server.output
tar: removing leading '/' from member names
Debug: Checking Namespace=default, Pod=unknown-6ddf9bd4b5-wc42l for Target File=deathstar_*.output
Namespace: default, Pod: unknown-6ddf9bd4b5-wc42l has the target files.
Copying deathstar_unknown.output to deathstar_unknown.output
tar: removing leading '/' from member names
