Deployments: ms-10090
ms-13558
ms-18330
ms-19585
ms-20172
ms-22893
ms-24009
ms-24959
ms-26622
ms-27421
ms-29373
ms-32301
ms-3289
ms-37691
ms-38964
ms-40147
ms-48118
ms-4829
ms-51685
ms-52379
ms-55394
ms-58436
ms-58772
ms-59962
ms-60061
ms-6323
ms-65741
ms-66473
ms-69188
ms-69614
ms-9081
nginx-web-server
unknown
deployment "ms-10090" successfully rolled out
deployment "ms-13558" successfully rolled out
deployment "ms-18330" successfully rolled out
deployment "ms-19585" successfully rolled out
deployment "ms-20172" successfully rolled out
deployment "ms-22893" successfully rolled out
deployment "ms-24009" successfully rolled out
deployment "ms-24959" successfully rolled out
deployment "ms-26622" successfully rolled out
deployment "ms-27421" successfully rolled out
deployment "ms-29373" successfully rolled out
deployment "ms-32301" successfully rolled out
deployment "ms-3289" successfully rolled out
deployment "ms-37691" successfully rolled out
deployment "ms-38964" successfully rolled out
deployment "ms-40147" successfully rolled out
deployment "ms-48118" successfully rolled out
deployment "ms-4829" successfully rolled out
deployment "ms-51685" successfully rolled out
deployment "ms-52379" successfully rolled out
deployment "ms-55394" successfully rolled out
deployment "ms-58436" successfully rolled out
deployment "ms-58772" successfully rolled out
deployment "ms-59962" successfully rolled out
deployment "ms-60061" successfully rolled out
deployment "ms-6323" successfully rolled out
deployment "ms-65741" successfully rolled out
deployment "ms-66473" successfully rolled out
deployment "ms-69188" successfully rolled out
deployment "ms-69614" successfully rolled out
deployment "ms-9081" successfully rolled out
deployment "nginx-web-server" successfully rolled out
deployment "unknown" successfully rolled out
ENTRY_POINT: nginx-web-server
SERVICE_A_URL: 10.103.135.121:50051
Capacity: 10000
Metadata: timestamp={{.TimestampUnix}}
Metadata: method=S_149998854
Metadata: request-id={{.RequestNumber}}
Charon Configurations:
[{INTERCEPT charon} {PRICE_UPDATE_RATE 17974us} {TOKEN_UPDATE_RATE 17656us} {LATENCY_THRESHOLD 7059us} {PRICE_STEP 115} {PRICE_STRATEGY proportional} {LAZY_UPDATE true} {RATE_LIMITING true} {LOAD_SHEDDING true} {CHARON_TRACK_PRICE false} {BREAKWATER_SLO 12500us} {BREAKWATER_A 0.001} {BREAKWATER_B 0.02} {BREAKWATER_CLIENT_EXPIRATION 10ms} {BREAKWATER_INITIAL_CREDIT 400} {BREAKWATER_LOAD_SHEDDING true} {BREAKWATER_RTT 1000us} {BREAKWATERD_SLO 12500us} {BREAKWATERD_A 0.001} {BREAKWATERD_B 0.02} {BREAKWATERD_CLIENT_EXPIRATION 10ms} {BREAKWATERD_INITIAL_CREDIT 400} {BREAKWATERD_LOAD_SHEDDING true} {BREAKWATERD_RTT 1000us} {DAGOR_QUEUING_THRESHOLD 2ms} {DAGOR_ALPHA 0.05} {DAGOR_BETA 0.01} {DAGOR_ADMISSION_LEVEL_UPDATE_INTERVAL 10ms} {DAGOR_UMAX 20}]

Summary:
  Count:	53793
  Total:	14.86 s
  Slowest:	923.00 ms
  Fastest:	110.80 ms
  Average:	125.11 ms
  Requests/sec:	3621.11

Response time histogram:
  110.804 [1]     |
  192.024 [44879] |∎∎∎∎∎∎∎∎∎∎∎∎∎∎∎∎∎∎∎∎∎∎∎∎∎∎∎∎∎∎∎∎∎∎∎∎∎∎∎∎
  273.243 [409]   |
  354.462 [628]   |∎
  435.682 [593]   |∎
  516.901 [79]    |
  598.120 [0]     |
  679.340 [0]     |
  760.559 [0]     |
  841.778 [17]    |
  922.998 [71]    |

Latency distribution:
  10 % in 113.05 ms 
  25 % in 116.53 ms 
  50 % in 128.66 ms 
  75 % in 141.27 ms 
  90 % in 154.94 ms 
  95 % in 168.52 ms 
  99 % in 374.27 ms 

Status code distribution:
  [OK]                  46677 responses   
  [ResourceExhausted]   6692 responses    
  [Canceled]            424 responses     

Error distribution:
  [4196]   rpc error: code = ResourceExhausted desc = S_149998854 req dropped by nginx-web-server. Try again later.   
  [1254]   rpc error: code = ResourceExhausted desc = S_149998854 req dropped by ms-55394. Try again later.           
  [22]     rpc error: code = ResourceExhausted desc = S_149998854 req dropped by ms-51685. Try again later.           
  [424]    rpc error: code = Canceled desc = grpc: the client connection is closing                                   
  [805]    rpc error: code = ResourceExhausted desc = S_149998854 req dropped by ms-18330. Try again later.           
  [415]    rpc error: code = ResourceExhausted desc = S_149998854 req dropped by ms-66473. Try again later.           

Debug: Checking Namespace=default, Pod=ms-10090-6454f977fd-n4fwc for Target File=deathstar_*.output
Namespace: default, Pod: ms-10090-6454f977fd-n4fwc has the target files.
Copying deathstar_ms-10090.output to deathstar_ms-10090.output
tar: removing leading '/' from member names
Debug: Checking Namespace=default, Pod=ms-13558-b48bb5d9d-bbq9g for Target File=deathstar_*.output
Namespace: default, Pod: ms-13558-b48bb5d9d-bbq9g has the target files.
Copying deathstar_ms-13558.output to deathstar_ms-13558.output
tar: removing leading '/' from member names
Debug: Checking Namespace=default, Pod=ms-18330-759d9cf49c-ctst7 for Target File=deathstar_*.output
Namespace: default, Pod: ms-18330-759d9cf49c-ctst7 has the target files.
Copying deathstar_ms-18330.output to deathstar_ms-18330.output
tar: removing leading '/' from member names
Debug: Checking Namespace=default, Pod=ms-19585-6f995cfcbf-vvf5z for Target File=deathstar_*.output
Namespace: default, Pod: ms-19585-6f995cfcbf-vvf5z has the target files.
Copying deathstar_ms-19585.output to deathstar_ms-19585.output
tar: removing leading '/' from member names
Debug: Checking Namespace=default, Pod=ms-20172-59d5485464-g9ltn for Target File=deathstar_*.output
Namespace: default, Pod: ms-20172-59d5485464-g9ltn has the target files.
Copying deathstar_ms-20172.output to deathstar_ms-20172.output
tar: removing leading '/' from member names
Debug: Checking Namespace=default, Pod=ms-22893-576fd5f9f6-xnxtc for Target File=deathstar_*.output
Namespace: default, Pod: ms-22893-576fd5f9f6-xnxtc has the target files.
Copying deathstar_ms-22893.output to deathstar_ms-22893.output
tar: removing leading '/' from member names
Debug: Checking Namespace=default, Pod=ms-24009-67dbf5b976-cw9vk for Target File=deathstar_*.output
Namespace: default, Pod: ms-24009-67dbf5b976-cw9vk has the target files.
Copying deathstar_ms-24009.output to deathstar_ms-24009.output
tar: removing leading '/' from member names
Debug: Checking Namespace=default, Pod=ms-24959-99f8bbf9-8vk5v for Target File=deathstar_*.output
Namespace: default, Pod: ms-24959-99f8bbf9-8vk5v has the target files.
Copying deathstar_ms-24959.output to deathstar_ms-24959.output
tar: removing leading '/' from member names
Debug: Checking Namespace=default, Pod=ms-26622-66fdf7d64f-x24rp for Target File=deathstar_*.output
Namespace: default, Pod: ms-26622-66fdf7d64f-x24rp has the target files.
Copying deathstar_ms-26622.output to deathstar_ms-26622.output
tar: removing leading '/' from member names
Debug: Checking Namespace=default, Pod=ms-27421-64f549855c-l9vng for Target File=deathstar_*.output
Namespace: default, Pod: ms-27421-64f549855c-l9vng has the target files.
Copying deathstar_ms-27421.output to deathstar_ms-27421.output
tar: removing leading '/' from member names
Debug: Checking Namespace=default, Pod=ms-29373-8467f7db44-cc2hh for Target File=deathstar_*.output
Namespace: default, Pod: ms-29373-8467f7db44-cc2hh has the target files.
Copying deathstar_ms-29373.output to deathstar_ms-29373.output
tar: removing leading '/' from member names
Debug: Checking Namespace=default, Pod=ms-32301-c5654bbc5-2g65w for Target File=deathstar_*.output
Namespace: default, Pod: ms-32301-c5654bbc5-2g65w has the target files.
Copying deathstar_ms-32301.output to deathstar_ms-32301.output
tar: removing leading '/' from member names
Debug: Checking Namespace=default, Pod=ms-3289-587dbd96bf-b9t2m for Target File=deathstar_*.output
Namespace: default, Pod: ms-3289-587dbd96bf-b9t2m has the target files.
Copying deathstar_ms-3289.output to deathstar_ms-3289.output
tar: removing leading '/' from member names
Debug: Checking Namespace=default, Pod=ms-37691-6dc6cd6744-hwxzx for Target File=deathstar_*.output
Namespace: default, Pod: ms-37691-6dc6cd6744-hwxzx has the target files.
Copying deathstar_ms-37691.output to deathstar_ms-37691.output
tar: removing leading '/' from member names
Debug: Checking Namespace=default, Pod=ms-38964-5b647cdbd-jvmcp for Target File=deathstar_*.output
Namespace: default, Pod: ms-38964-5b647cdbd-jvmcp has the target files.
Copying deathstar_ms-38964.output to deathstar_ms-38964.output
tar: removing leading '/' from member names
Debug: Checking Namespace=default, Pod=ms-40147-cd867585-k987z for Target File=deathstar_*.output
Namespace: default, Pod: ms-40147-cd867585-k987z has the target files.
Copying deathstar_ms-40147.output to deathstar_ms-40147.output
tar: removing leading '/' from member names
Debug: Checking Namespace=default, Pod=ms-48118-ff7b99cc9-qfjsx for Target File=deathstar_*.output
Namespace: default, Pod: ms-48118-ff7b99cc9-qfjsx has the target files.
Copying deathstar_ms-48118.output to deathstar_ms-48118.output
tar: removing leading '/' from member names
Debug: Checking Namespace=default, Pod=ms-4829-669557b66c-cc5ht for Target File=deathstar_*.output
Namespace: default, Pod: ms-4829-669557b66c-cc5ht has the target files.
Copying deathstar_ms-4829.output to deathstar_ms-4829.output
tar: removing leading '/' from member names
Debug: Checking Namespace=default, Pod=ms-51685-79858c784f-ldqvs for Target File=deathstar_*.output
Namespace: default, Pod: ms-51685-79858c784f-ldqvs has the target files.
Copying deathstar_ms-51685.output to deathstar_ms-51685.output
tar: removing leading '/' from member names
Debug: Checking Namespace=default, Pod=ms-52379-57c6cdd54b-6bzxh for Target File=deathstar_*.output
Namespace: default, Pod: ms-52379-57c6cdd54b-6bzxh has the target files.
Copying deathstar_ms-52379.output to deathstar_ms-52379.output
tar: removing leading '/' from member names
Debug: Checking Namespace=default, Pod=ms-55394-6f999f5df9-bbd7k for Target File=deathstar_*.output
Namespace: default, Pod: ms-55394-6f999f5df9-bbd7k has the target files.
Copying deathstar_ms-55394.output to deathstar_ms-55394.output
tar: removing leading '/' from member names
Debug: Checking Namespace=default, Pod=ms-58436-59dd96f659-c6qqf for Target File=deathstar_*.output
Namespace: default, Pod: ms-58436-59dd96f659-c6qqf has the target files.
Copying deathstar_ms-58436.output to deathstar_ms-58436.output
tar: removing leading '/' from member names
Debug: Checking Namespace=default, Pod=ms-58772-68ff78c966-lkqgj for Target File=deathstar_*.output
Namespace: default, Pod: ms-58772-68ff78c966-lkqgj has the target files.
Copying deathstar_ms-58772.output to deathstar_ms-58772.output
tar: removing leading '/' from member names
Debug: Checking Namespace=default, Pod=ms-59962-756b895b58-vnzjv for Target File=deathstar_*.output
Namespace: default, Pod: ms-59962-756b895b58-vnzjv has the target files.
Copying deathstar_ms-59962.output to deathstar_ms-59962.output
tar: removing leading '/' from member names
Debug: Checking Namespace=default, Pod=ms-60061-68bd84bdcd-dvs7w for Target File=deathstar_*.output
Namespace: default, Pod: ms-60061-68bd84bdcd-dvs7w has the target files.
Copying deathstar_ms-60061.output to deathstar_ms-60061.output
tar: removing leading '/' from member names
Debug: Checking Namespace=default, Pod=ms-6323-974659fcd-j9m7p for Target File=deathstar_*.output
Namespace: default, Pod: ms-6323-974659fcd-j9m7p has the target files.
Copying deathstar_ms-6323.output to deathstar_ms-6323.output
tar: removing leading '/' from member names
Debug: Checking Namespace=default, Pod=ms-65741-65f588bcdf-fs28m for Target File=deathstar_*.output
Namespace: default, Pod: ms-65741-65f588bcdf-fs28m has the target files.
Copying deathstar_ms-65741.output to deathstar_ms-65741.output
tar: removing leading '/' from member names
Debug: Checking Namespace=default, Pod=ms-66473-79c66f8bff-tdxbc for Target File=deathstar_*.output
Namespace: default, Pod: ms-66473-79c66f8bff-tdxbc has the target files.
Copying deathstar_ms-66473.output to deathstar_ms-66473.output
tar: removing leading '/' from member names
Debug: Checking Namespace=default, Pod=ms-69188-65c548d4cb-f87lw for Target File=deathstar_*.output
Namespace: default, Pod: ms-69188-65c548d4cb-f87lw has the target files.
Copying deathstar_ms-69188.output to deathstar_ms-69188.output
tar: removing leading '/' from member names
Debug: Checking Namespace=default, Pod=ms-69614-794bd8475-vspj8 for Target File=deathstar_*.output
Namespace: default, Pod: ms-69614-794bd8475-vspj8 has the target files.
Copying deathstar_ms-69614.output to deathstar_ms-69614.output
tar: removing leading '/' from member names
Debug: Checking Namespace=default, Pod=ms-9081-567985788-s4szt for Target File=deathstar_*.output
Namespace: default, Pod: ms-9081-567985788-s4szt has the target files.
Copying deathstar_ms-9081.output to deathstar_ms-9081.output
tar: removing leading '/' from member names
Debug: Checking Namespace=default, Pod=nginx-web-server-56557f7cb7-xhkht for Target File=deathstar_*.output
Namespace: default, Pod: nginx-web-server-56557f7cb7-xhkht has the target files.
Copying deathstar_nginx-web-server.output to deathstar_nginx-web-server.output
tar: removing leading '/' from member names
Debug: Checking Namespace=default, Pod=unknown-6ddf9bd4b5-4m7jt for Target File=deathstar_*.output
Namespace: default, Pod: unknown-6ddf9bd4b5-4m7jt has the target files.
Copying deathstar_unknown.output to deathstar_unknown.output
tar: removing leading '/' from member names
