Deployments: ms-11070
ms-11285
ms-11512
ms-1278
ms-13873
ms-19953
ms-21883
ms-25124
ms-27421
ms-2827
ms-33719
ms-37691
ms-43309
ms-4354
ms-46825
ms-60236
ms-71771
ms-8052
ms-902
nginx-web-server
deployment "ms-11070" successfully rolled out
deployment "ms-11285" successfully rolled out
deployment "ms-11512" successfully rolled out
deployment "ms-1278" successfully rolled out
deployment "ms-13873" successfully rolled out
deployment "ms-19953" successfully rolled out
deployment "ms-21883" successfully rolled out
deployment "ms-25124" successfully rolled out
deployment "ms-27421" successfully rolled out
deployment "ms-2827" successfully rolled out
deployment "ms-33719" successfully rolled out
deployment "ms-37691" successfully rolled out
deployment "ms-43309" successfully rolled out
deployment "ms-4354" successfully rolled out
deployment "ms-46825" successfully rolled out
deployment "ms-60236" successfully rolled out
deployment "ms-71771" successfully rolled out
deployment "ms-8052" successfully rolled out
deployment "ms-902" successfully rolled out
deployment "nginx-web-server" successfully rolled out
ENTRY_POINT: nginx-web-server
SERVICE_A_URL: 10.100.30.238:50051
Capacity: 10000
Metadata: request-id={{.RequestNumber}}
Metadata: timestamp={{.TimestampUnix}}
Metadata: method=S_102000854
Charon Configurations:
[{INTERCEPT breakwaterd} {PRICE_UPDATE_RATE 10ms} {TOKEN_UPDATE_RATE 10ms} {LATENCY_THRESHOLD 100us} {PRICE_STEP 0} {PRICE_STRATEGY step} {LAZY_UPDATE false} {RATE_LIMITING true} {LOAD_SHEDDING true} {CHARON_TRACK_PRICE false} {BREAKWATER_SLO 46985us} {BREAKWATER_A 23.504243577782827} {BREAKWATER_B 2.4424451623766363} {BREAKWATER_CLIENT_EXPIRATION 3473us} {BREAKWATER_INITIAL_CREDIT 298} {BREAKWATER_LOAD_SHEDDING true} {BREAKWATER_RTT 8929us} {BREAKWATERD_SLO 47136us} {BREAKWATERD_A 1.1099505166385704} {BREAKWATERD_B 6.557082516306229} {BREAKWATERD_CLIENT_EXPIRATION 60686us} {BREAKWATERD_INITIAL_CREDIT 550} {BREAKWATERD_LOAD_SHEDDING true} {BREAKWATERD_RTT 6423us} {DAGOR_QUEUING_THRESHOLD 2ms} {DAGOR_ALPHA 0.05} {DAGOR_BETA 0.01} {DAGOR_ADMISSION_LEVEL_UPDATE_INTERVAL 10ms} {DAGOR_UMAX 20}]

Summary:
  Count:	97944
  Total:	24.95 s
  Slowest:	842.63 ms
  Fastest:	39.23 ms
  Average:	157.85 ms
  Requests/sec:	3926.07

Response time histogram:
  39.233  [1]     |
  119.573 [17562] |∎∎∎∎∎∎∎∎∎∎∎∎∎∎∎∎∎∎∎∎∎∎∎∎∎∎∎
  199.913 [18020] |∎∎∎∎∎∎∎∎∎∎∎∎∎∎∎∎∎∎∎∎∎∎∎∎∎∎∎∎
  280.253 [25550] |∎∎∎∎∎∎∎∎∎∎∎∎∎∎∎∎∎∎∎∎∎∎∎∎∎∎∎∎∎∎∎∎∎∎∎∎∎∎∎∎
  360.593 [9778]  |∎∎∎∎∎∎∎∎∎∎∎∎∎∎∎
  440.933 [1303]  |∎∎
  521.273 [56]    |
  601.613 [0]     |
  681.954 [0]     |
  762.294 [2]     |
  842.634 [137]   |

Latency distribution:
  10 % in 43.74 ms 
  25 % in 123.27 ms 
  50 % in 201.56 ms 
  75 % in 255.53 ms 
  90 % in 298.53 ms 
  95 % in 327.29 ms 
  99 % in 391.32 ms 

Status code distribution:
  [OK]                  72409 responses   
  [ResourceExhausted]   25008 responses   
  [Canceled]            527 responses     

Error distribution:
  [352]     rpc error: code = ResourceExhausted desc = Client id 38a5639e-ea2e-4305-ba21-fb50bed5d916 request expired in queue.   
  [13]      rpc error: code = ResourceExhausted desc = Client id 59756dbb-63bc-4658-a32f-e5fd7f482a34 request expired in queue.   
  [5516]    rpc error: code = ResourceExhausted desc = Client id 92e287e7-746b-4e10-b7ae-f0fd7c6713df request expired in queue.   
  [950]     rpc error: code = ResourceExhausted desc = Client id a0ead72d-dce2-4193-bcec-14a647281250 request expired in queue.   
  [171]     rpc error: code = ResourceExhausted desc = Client id 1bf3ebb9-6812-49aa-9b47-5168cdbcbad5 request expired in queue.   
  [738]     rpc error: code = ResourceExhausted desc = Client id d6383a10-d8e2-4cf2-a2a0-7bcf8130e109 request expired in queue.   
  [527]     rpc error: code = Canceled desc = grpc: the client connection is closing                                              
  [16933]   rpc error: code = ResourceExhausted desc = Client id cb01155f-93b7-4dd4-91fb-dd03aee93ed0 request expired in queue.   
  [335]     rpc error: code = ResourceExhausted desc = Server-side queuing delay is beyond AQM threshold                          

Debug: Checking Namespace=default, Pod=ms-11070-7868c54f44-vh49m for Target File=deathstar_*.output
Namespace: default, Pod: ms-11070-7868c54f44-vh49m has the target files.
Copying deathstar_ms-11070.output to deathstar_ms-11070.output
tar: removing leading '/' from member names
Debug: Checking Namespace=default, Pod=ms-11285-67d597dc77-tgb84 for Target File=deathstar_*.output
Namespace: default, Pod: ms-11285-67d597dc77-tgb84 has the target files.
Copying deathstar_ms-11285.output to deathstar_ms-11285.output
tar: removing leading '/' from member names
Debug: Checking Namespace=default, Pod=ms-11512-75f8ddc45b-kzv5q for Target File=deathstar_*.output
Namespace: default, Pod: ms-11512-75f8ddc45b-kzv5q has the target files.
Copying deathstar_ms-11512.output to deathstar_ms-11512.output
tar: removing leading '/' from member names
Debug: Checking Namespace=default, Pod=ms-1278-85766ff6b8-87tr9 for Target File=deathstar_*.output
Namespace: default, Pod: ms-1278-85766ff6b8-87tr9 has the target files.
Copying deathstar_ms-1278.output to deathstar_ms-1278.output
tar: removing leading '/' from member names
Debug: Checking Namespace=default, Pod=ms-13873-85d7bb7b97-tkln9 for Target File=deathstar_*.output
Namespace: default, Pod: ms-13873-85d7bb7b97-tkln9 has the target files.
Copying deathstar_ms-13873.output to deathstar_ms-13873.output
tar: removing leading '/' from member names
Debug: Checking Namespace=default, Pod=ms-19953-68cc8998c5-5vd25 for Target File=deathstar_*.output
Namespace: default, Pod: ms-19953-68cc8998c5-5vd25 has the target files.
Copying deathstar_ms-19953.output to deathstar_ms-19953.output
tar: removing leading '/' from member names
Debug: Checking Namespace=default, Pod=ms-21883-f6c88c6d4-9gb7b for Target File=deathstar_*.output
Namespace: default, Pod: ms-21883-f6c88c6d4-9gb7b has the target files.
Copying deathstar_ms-21883.output to deathstar_ms-21883.output
tar: removing leading '/' from member names
Debug: Checking Namespace=default, Pod=ms-25124-77bd4446f5-lhddj for Target File=deathstar_*.output
Namespace: default, Pod: ms-25124-77bd4446f5-lhddj has the target files.
Copying deathstar_ms-25124.output to deathstar_ms-25124.output
tar: removing leading '/' from member names
Debug: Checking Namespace=default, Pod=ms-27421-8565974486-xzvs8 for Target File=deathstar_*.output
Namespace: default, Pod: ms-27421-8565974486-xzvs8 has the target files.
Copying deathstar_ms-27421.output to deathstar_ms-27421.output
tar: removing leading '/' from member names
Debug: Checking Namespace=default, Pod=ms-2827-5dcc6df4f4-vvwp7 for Target File=deathstar_*.output
Namespace: default, Pod: ms-2827-5dcc6df4f4-vvwp7 has the target files.
Copying deathstar_ms-2827.output to deathstar_ms-2827.output
tar: removing leading '/' from member names
Debug: Checking Namespace=default, Pod=ms-33719-6c455cf54c-mvrhv for Target File=deathstar_*.output
Namespace: default, Pod: ms-33719-6c455cf54c-mvrhv has the target files.
Copying deathstar_ms-33719.output to deathstar_ms-33719.output
tar: removing leading '/' from member names
Debug: Checking Namespace=default, Pod=ms-37691-b9bc44798-nxrtl for Target File=deathstar_*.output
Namespace: default, Pod: ms-37691-b9bc44798-nxrtl has the target files.
Copying deathstar_ms-37691.output to deathstar_ms-37691.output
tar: removing leading '/' from member names
Debug: Checking Namespace=default, Pod=ms-43309-54f758d465-7828k for Target File=deathstar_*.output
Namespace: default, Pod: ms-43309-54f758d465-7828k has the target files.
Copying deathstar_ms-43309.output to deathstar_ms-43309.output
tar: removing leading '/' from member names
Debug: Checking Namespace=default, Pod=ms-4354-669cfcbdf6-ddtbg for Target File=deathstar_*.output
Namespace: default, Pod: ms-4354-669cfcbdf6-ddtbg has the target files.
Copying deathstar_ms-4354.output to deathstar_ms-4354.output
tar: removing leading '/' from member names
Debug: Checking Namespace=default, Pod=ms-46825-58c684559d-htf2c for Target File=deathstar_*.output
Namespace: default, Pod: ms-46825-58c684559d-htf2c has the target files.
Copying deathstar_ms-46825.output to deathstar_ms-46825.output
tar: removing leading '/' from member names
Debug: Checking Namespace=default, Pod=ms-60236-64866cf49-7cz2l for Target File=deathstar_*.output
Namespace: default, Pod: ms-60236-64866cf49-7cz2l has the target files.
Copying deathstar_ms-60236.output to deathstar_ms-60236.output
tar: removing leading '/' from member names
Debug: Checking Namespace=default, Pod=ms-71771-567ddbdd95-dhh8x for Target File=deathstar_*.output
Namespace: default, Pod: ms-71771-567ddbdd95-dhh8x has the target files.
Copying deathstar_ms-71771.output to deathstar_ms-71771.output
tar: removing leading '/' from member names
Debug: Checking Namespace=default, Pod=ms-8052-b995968dc-r8jvw for Target File=deathstar_*.output
Namespace: default, Pod: ms-8052-b995968dc-r8jvw has the target files.
Copying deathstar_ms-8052.output to deathstar_ms-8052.output
tar: removing leading '/' from member names
Debug: Checking Namespace=default, Pod=ms-902-5744544f85-2hx7d for Target File=deathstar_*.output
Namespace: default, Pod: ms-902-5744544f85-2hx7d has the target files.
Copying deathstar_ms-902.output to deathstar_ms-902.output
tar: removing leading '/' from member names
Debug: Checking Namespace=default, Pod=nginx-web-server-56557f7cb7-4rzcd for Target File=deathstar_*.output
Namespace: default, Pod: nginx-web-server-56557f7cb7-4rzcd has the target files.
Copying deathstar_nginx-web-server.output to deathstar_nginx-web-server.output
tar: removing leading '/' from member names
