Deployments: ms-11070
ms-11285
ms-11512
ms-1278
ms-13873
ms-19953
ms-21883
ms-25124
ms-27421
ms-2827
ms-33719
ms-37691
ms-43309
ms-4354
ms-46825
ms-60236
ms-71771
ms-8052
ms-902
nginx-web-server
deployment "ms-11070" successfully rolled out
deployment "ms-11285" successfully rolled out
deployment "ms-11512" successfully rolled out
deployment "ms-1278" successfully rolled out
deployment "ms-13873" successfully rolled out
deployment "ms-19953" successfully rolled out
deployment "ms-21883" successfully rolled out
deployment "ms-25124" successfully rolled out
deployment "ms-27421" successfully rolled out
deployment "ms-2827" successfully rolled out
deployment "ms-33719" successfully rolled out
deployment "ms-37691" successfully rolled out
deployment "ms-43309" successfully rolled out
deployment "ms-4354" successfully rolled out
deployment "ms-46825" successfully rolled out
deployment "ms-60236" successfully rolled out
deployment "ms-71771" successfully rolled out
deployment "ms-8052" successfully rolled out
deployment "ms-902" successfully rolled out
deployment "nginx-web-server" successfully rolled out
ENTRY_POINT: nginx-web-server
SERVICE_A_URL: 10.97.234.212:50051
Capacity: 10000
Metadata: request-id={{.RequestNumber}}
Metadata: timestamp={{.TimestampUnix}}
Metadata: method=S_102000854
Charon Configurations:
[{INTERCEPT breakwaterd} {PRICE_UPDATE_RATE 10ms} {TOKEN_UPDATE_RATE 10ms} {LATENCY_THRESHOLD 100us} {PRICE_STEP 0} {PRICE_STRATEGY step} {LAZY_UPDATE false} {RATE_LIMITING true} {LOAD_SHEDDING true} {CHARON_TRACK_PRICE false} {BREAKWATER_SLO 24531us} {BREAKWATER_A 17.969085458174256} {BREAKWATER_B 3.52763290262748} {BREAKWATER_CLIENT_EXPIRATION 90us} {BREAKWATER_INITIAL_CREDIT 370} {BREAKWATER_LOAD_SHEDDING true} {BREAKWATER_RTT 13145us} {BREAKWATERD_SLO 29553us} {BREAKWATERD_A 8.822594704565477} {BREAKWATERD_B 1.963116677495943} {BREAKWATERD_CLIENT_EXPIRATION 73109us} {BREAKWATERD_INITIAL_CREDIT 826} {BREAKWATERD_LOAD_SHEDDING true} {BREAKWATERD_RTT 5888us} {DAGOR_QUEUING_THRESHOLD 2ms} {DAGOR_ALPHA 0.05} {DAGOR_BETA 0.01} {DAGOR_ADMISSION_LEVEL_UPDATE_INTERVAL 10ms} {DAGOR_UMAX 20}]

Summary:
  Count:	17410
  Total:	25.00 s
  Slowest:	799.43 ms
  Fastest:	40.49 ms
  Average:	95.31 ms
  Requests/sec:	696.38

Response time histogram:
  40.495  [1]    |
  116.388 [6939] |∎∎∎∎∎∎∎∎∎∎∎∎∎∎∎∎∎∎∎∎∎∎∎∎∎∎∎∎∎∎∎∎∎∎∎∎∎∎∎∎
  192.282 [417]  |∎∎
  268.175 [1]    |
  344.068 [0]    |
  419.962 [0]    |
  495.855 [0]    |
  571.749 [0]    |
  647.642 [0]    |
  723.536 [0]    |
  799.429 [1]    |

Latency distribution:
  10 % in 42.13 ms 
  25 % in 45.63 ms 
  50 % in 103.06 ms 
  75 % in 104.60 ms 
  90 % in 108.10 ms 
  95 % in 119.10 ms 
  99 % in 156.36 ms 

Status code distribution:
  [OK]                  7359 responses   
  [ResourceExhausted]   9855 responses   
  [Canceled]            196 responses    

Error distribution:
  [429]    rpc error: code = ResourceExhausted desc = Client id 0d5ab61a-aa41-404d-bfd3-4f0eceb5ee3e request expired in queue.   
  [9426]   rpc error: code = ResourceExhausted desc = Client id effa4037-47a1-4ffa-833e-67497cf956fc request expired in queue.   
  [196]    rpc error: code = Canceled desc = grpc: the client connection is closing                                              

Debug: Checking Namespace=default, Pod=ms-11070-7868c54f44-5qp8l for Target File=deathstar_*.output
Namespace: default, Pod: ms-11070-7868c54f44-5qp8l has the target files.
Copying deathstar_ms-11070.output to deathstar_ms-11070.output
tar: removing leading '/' from member names
Debug: Checking Namespace=default, Pod=ms-11285-67d597dc77-f85q5 for Target File=deathstar_*.output
Namespace: default, Pod: ms-11285-67d597dc77-f85q5 has the target files.
Copying deathstar_ms-11285.output to deathstar_ms-11285.output
tar: removing leading '/' from member names
Debug: Checking Namespace=default, Pod=ms-11512-75f8ddc45b-m2nfd for Target File=deathstar_*.output
Namespace: default, Pod: ms-11512-75f8ddc45b-m2nfd has the target files.
Copying deathstar_ms-11512.output to deathstar_ms-11512.output
tar: removing leading '/' from member names
Debug: Checking Namespace=default, Pod=ms-1278-85766ff6b8-p9zkx for Target File=deathstar_*.output
Namespace: default, Pod: ms-1278-85766ff6b8-p9zkx has the target files.
Copying deathstar_ms-1278.output to deathstar_ms-1278.output
tar: removing leading '/' from member names
Debug: Checking Namespace=default, Pod=ms-13873-85d7bb7b97-489rh for Target File=deathstar_*.output
Namespace: default, Pod: ms-13873-85d7bb7b97-489rh has the target files.
Copying deathstar_ms-13873.output to deathstar_ms-13873.output
tar: removing leading '/' from member names
Debug: Checking Namespace=default, Pod=ms-19953-68cc8998c5-l2l4p for Target File=deathstar_*.output
Namespace: default, Pod: ms-19953-68cc8998c5-l2l4p has the target files.
Copying deathstar_ms-19953.output to deathstar_ms-19953.output
tar: removing leading '/' from member names
Debug: Checking Namespace=default, Pod=ms-21883-f6c88c6d4-czm6v for Target File=deathstar_*.output
Namespace: default, Pod: ms-21883-f6c88c6d4-czm6v has the target files.
Copying deathstar_ms-21883.output to deathstar_ms-21883.output
tar: removing leading '/' from member names
Debug: Checking Namespace=default, Pod=ms-25124-77bd4446f5-phftg for Target File=deathstar_*.output
Namespace: default, Pod: ms-25124-77bd4446f5-phftg has the target files.
Copying deathstar_ms-25124.output to deathstar_ms-25124.output
tar: removing leading '/' from member names
Debug: Checking Namespace=default, Pod=ms-27421-8565974486-4gcz2 for Target File=deathstar_*.output
Namespace: default, Pod: ms-27421-8565974486-4gcz2 has the target files.
Copying deathstar_ms-27421.output to deathstar_ms-27421.output
tar: removing leading '/' from member names
Debug: Checking Namespace=default, Pod=ms-2827-5dcc6df4f4-jv6j7 for Target File=deathstar_*.output
Namespace: default, Pod: ms-2827-5dcc6df4f4-jv6j7 has the target files.
Copying deathstar_ms-2827.output to deathstar_ms-2827.output
tar: removing leading '/' from member names
Debug: Checking Namespace=default, Pod=ms-33719-6c455cf54c-zl6wt for Target File=deathstar_*.output
Namespace: default, Pod: ms-33719-6c455cf54c-zl6wt has the target files.
Copying deathstar_ms-33719.output to deathstar_ms-33719.output
tar: removing leading '/' from member names
Debug: Checking Namespace=default, Pod=ms-37691-b9bc44798-jgmn9 for Target File=deathstar_*.output
Namespace: default, Pod: ms-37691-b9bc44798-jgmn9 has the target files.
Copying deathstar_ms-37691.output to deathstar_ms-37691.output
tar: removing leading '/' from member names
Debug: Checking Namespace=default, Pod=ms-43309-54f758d465-pvxkb for Target File=deathstar_*.output
Namespace: default, Pod: ms-43309-54f758d465-pvxkb has the target files.
Copying deathstar_ms-43309.output to deathstar_ms-43309.output
tar: removing leading '/' from member names
Debug: Checking Namespace=default, Pod=ms-4354-669cfcbdf6-h225b for Target File=deathstar_*.output
Namespace: default, Pod: ms-4354-669cfcbdf6-h225b has the target files.
Copying deathstar_ms-4354.output to deathstar_ms-4354.output
tar: removing leading '/' from member names
Debug: Checking Namespace=default, Pod=ms-46825-58c684559d-5l4f9 for Target File=deathstar_*.output
Namespace: default, Pod: ms-46825-58c684559d-5l4f9 has the target files.
Copying deathstar_ms-46825.output to deathstar_ms-46825.output
tar: removing leading '/' from member names
Debug: Checking Namespace=default, Pod=ms-60236-64866cf49-nr8zx for Target File=deathstar_*.output
Namespace: default, Pod: ms-60236-64866cf49-nr8zx has the target files.
Copying deathstar_ms-60236.output to deathstar_ms-60236.output
tar: removing leading '/' from member names
Debug: Checking Namespace=default, Pod=ms-71771-567ddbdd95-qjjxx for Target File=deathstar_*.output
Namespace: default, Pod: ms-71771-567ddbdd95-qjjxx has the target files.
Copying deathstar_ms-71771.output to deathstar_ms-71771.output
tar: removing leading '/' from member names
Debug: Checking Namespace=default, Pod=ms-8052-b995968dc-5bg6h for Target File=deathstar_*.output
Namespace: default, Pod: ms-8052-b995968dc-5bg6h has the target files.
Copying deathstar_ms-8052.output to deathstar_ms-8052.output
tar: removing leading '/' from member names
Debug: Checking Namespace=default, Pod=ms-902-5744544f85-qwqc6 for Target File=deathstar_*.output
Namespace: default, Pod: ms-902-5744544f85-qwqc6 has the target files.
Copying deathstar_ms-902.output to deathstar_ms-902.output
tar: removing leading '/' from member names
Debug: Checking Namespace=default, Pod=nginx-web-server-56557f7cb7-587pb for Target File=deathstar_*.output
Namespace: default, Pod: nginx-web-server-56557f7cb7-587pb has the target files.
Copying deathstar_nginx-web-server.output to deathstar_nginx-web-server.output
tar: removing leading '/' from member names
