Deployments: ms-11070
ms-11285
ms-11512
ms-1278
ms-13873
ms-19953
ms-21883
ms-25124
ms-27421
ms-2827
ms-33719
ms-37691
ms-43309
ms-4354
ms-46825
ms-60236
ms-71771
ms-8052
ms-902
nginx-web-server
deployment "ms-11070" successfully rolled out
deployment "ms-11285" successfully rolled out
deployment "ms-11512" successfully rolled out
deployment "ms-1278" successfully rolled out
deployment "ms-13873" successfully rolled out
deployment "ms-19953" successfully rolled out
deployment "ms-21883" successfully rolled out
deployment "ms-25124" successfully rolled out
deployment "ms-27421" successfully rolled out
deployment "ms-2827" successfully rolled out
deployment "ms-33719" successfully rolled out
deployment "ms-37691" successfully rolled out
deployment "ms-43309" successfully rolled out
deployment "ms-4354" successfully rolled out
deployment "ms-46825" successfully rolled out
deployment "ms-60236" successfully rolled out
deployment "ms-71771" successfully rolled out
deployment "ms-8052" successfully rolled out
deployment "ms-902" successfully rolled out
deployment "nginx-web-server" successfully rolled out
ENTRY_POINT: nginx-web-server
SERVICE_A_URL: 10.111.28.29:50051
Capacity: 10000
Metadata: request-id={{.RequestNumber}}
Metadata: timestamp={{.TimestampUnix}}
Metadata: method=S_102000854
Charon Configurations:
[{INTERCEPT breakwater} {PRICE_UPDATE_RATE 10ms} {TOKEN_UPDATE_RATE 10ms} {LATENCY_THRESHOLD 100us} {PRICE_STEP 0} {PRICE_STRATEGY step} {LAZY_UPDATE false} {RATE_LIMITING true} {LOAD_SHEDDING true} {CHARON_TRACK_PRICE false} {BREAKWATER_SLO 7184us} {BREAKWATER_A 5.714854955161666} {BREAKWATER_B 1.274819387802592} {BREAKWATER_CLIENT_EXPIRATION 4371us} {BREAKWATER_INITIAL_CREDIT 1399} {BREAKWATER_LOAD_SHEDDING true} {BREAKWATER_RTT 13420us} {BREAKWATERD_SLO 12500us} {BREAKWATERD_A 0.001} {BREAKWATERD_B 0.02} {BREAKWATERD_CLIENT_EXPIRATION 10ms} {BREAKWATERD_INITIAL_CREDIT 400} {BREAKWATERD_LOAD_SHEDDING true} {BREAKWATERD_RTT 1000us} {DAGOR_QUEUING_THRESHOLD 2ms} {DAGOR_ALPHA 0.05} {DAGOR_BETA 0.01} {DAGOR_ADMISSION_LEVEL_UPDATE_INTERVAL 10ms} {DAGOR_UMAX 20}]

Summary:
  Count:	110865
  Total:	25.00 s
  Slowest:	813.94 ms
  Fastest:	39.01 ms
  Average:	148.39 ms
  Requests/sec:	4434.49

Response time histogram:
  39.007  [1]     |
  116.501 [22622] |∎∎∎∎∎∎∎∎∎∎∎∎∎∎∎∎∎∎∎∎∎∎∎∎∎∎∎∎∎∎∎∎∎∎∎∎∎∎∎
  193.994 [22792] |∎∎∎∎∎∎∎∎∎∎∎∎∎∎∎∎∎∎∎∎∎∎∎∎∎∎∎∎∎∎∎∎∎∎∎∎∎∎∎
  271.488 [23228] |∎∎∎∎∎∎∎∎∎∎∎∎∎∎∎∎∎∎∎∎∎∎∎∎∎∎∎∎∎∎∎∎∎∎∎∎∎∎∎∎
  348.981 [11677] |∎∎∎∎∎∎∎∎∎∎∎∎∎∎∎∎∎∎∎∎
  426.475 [4291]  |∎∎∎∎∎∎∎
  503.968 [1438]  |∎∎
  581.462 [201]   |
  658.955 [1]     |
  736.449 [0]     |
  813.943 [92]    |

Latency distribution:
  10 % in 41.94 ms 
  25 % in 111.85 ms 
  50 % in 187.87 ms 
  75 % in 257.34 ms 
  90 % in 323.30 ms 
  95 % in 369.64 ms 
  99 % in 458.13 ms 

Status code distribution:
  [OK]                  86343 responses   
  [ResourceExhausted]   24522 responses   

Error distribution:
  [24522]   rpc error: code = ResourceExhausted desc = Server-side queuing delay is beyond AQM threshold   

Debug: Checking Namespace=default, Pod=ms-11070-7868c54f44-ktns8 for Target File=deathstar_*.output
Namespace: default, Pod: ms-11070-7868c54f44-ktns8 has the target files.
Copying deathstar_ms-11070.output to deathstar_ms-11070.output
tar: removing leading '/' from member names
Debug: Checking Namespace=default, Pod=ms-11285-67d597dc77-ssfpc for Target File=deathstar_*.output
Namespace: default, Pod: ms-11285-67d597dc77-ssfpc has the target files.
Copying deathstar_ms-11285.output to deathstar_ms-11285.output
tar: removing leading '/' from member names
Debug: Checking Namespace=default, Pod=ms-11512-75f8ddc45b-njmtw for Target File=deathstar_*.output
Namespace: default, Pod: ms-11512-75f8ddc45b-njmtw has the target files.
Copying deathstar_ms-11512.output to deathstar_ms-11512.output
tar: removing leading '/' from member names
Debug: Checking Namespace=default, Pod=ms-1278-85766ff6b8-mptmr for Target File=deathstar_*.output
Namespace: default, Pod: ms-1278-85766ff6b8-mptmr has the target files.
Copying deathstar_ms-1278.output to deathstar_ms-1278.output
tar: removing leading '/' from member names
Debug: Checking Namespace=default, Pod=ms-13873-85d7bb7b97-5nv6f for Target File=deathstar_*.output
Namespace: default, Pod: ms-13873-85d7bb7b97-5nv6f has the target files.
Copying deathstar_ms-13873.output to deathstar_ms-13873.output
tar: removing leading '/' from member names
Debug: Checking Namespace=default, Pod=ms-19953-68cc8998c5-txdz7 for Target File=deathstar_*.output
Namespace: default, Pod: ms-19953-68cc8998c5-txdz7 has the target files.
Copying deathstar_ms-19953.output to deathstar_ms-19953.output
tar: removing leading '/' from member names
Debug: Checking Namespace=default, Pod=ms-21883-f6c88c6d4-tf5h6 for Target File=deathstar_*.output
Namespace: default, Pod: ms-21883-f6c88c6d4-tf5h6 has the target files.
Copying deathstar_ms-21883.output to deathstar_ms-21883.output
tar: removing leading '/' from member names
Debug: Checking Namespace=default, Pod=ms-25124-77bd4446f5-jdjg7 for Target File=deathstar_*.output
Namespace: default, Pod: ms-25124-77bd4446f5-jdjg7 has the target files.
Copying deathstar_ms-25124.output to deathstar_ms-25124.output
tar: removing leading '/' from member names
Debug: Checking Namespace=default, Pod=ms-27421-8565974486-jh9pk for Target File=deathstar_*.output
Namespace: default, Pod: ms-27421-8565974486-jh9pk has the target files.
Copying deathstar_ms-27421.output to deathstar_ms-27421.output
tar: removing leading '/' from member names
Debug: Checking Namespace=default, Pod=ms-2827-5dcc6df4f4-kb7c6 for Target File=deathstar_*.output
Namespace: default, Pod: ms-2827-5dcc6df4f4-kb7c6 has the target files.
Copying deathstar_ms-2827.output to deathstar_ms-2827.output
tar: removing leading '/' from member names
Debug: Checking Namespace=default, Pod=ms-33719-6c455cf54c-b6xw6 for Target File=deathstar_*.output
Namespace: default, Pod: ms-33719-6c455cf54c-b6xw6 has the target files.
Copying deathstar_ms-33719.output to deathstar_ms-33719.output
tar: removing leading '/' from member names
Debug: Checking Namespace=default, Pod=ms-37691-b9bc44798-v2s2l for Target File=deathstar_*.output
Namespace: default, Pod: ms-37691-b9bc44798-v2s2l has the target files.
Copying deathstar_ms-37691.output to deathstar_ms-37691.output
tar: removing leading '/' from member names
Debug: Checking Namespace=default, Pod=ms-43309-54f758d465-jgxfd for Target File=deathstar_*.output
Namespace: default, Pod: ms-43309-54f758d465-jgxfd has the target files.
Copying deathstar_ms-43309.output to deathstar_ms-43309.output
tar: removing leading '/' from member names
Debug: Checking Namespace=default, Pod=ms-4354-669cfcbdf6-9z5fl for Target File=deathstar_*.output
Namespace: default, Pod: ms-4354-669cfcbdf6-9z5fl has the target files.
Copying deathstar_ms-4354.output to deathstar_ms-4354.output
tar: removing leading '/' from member names
Debug: Checking Namespace=default, Pod=ms-46825-58c684559d-lz8pt for Target File=deathstar_*.output
Namespace: default, Pod: ms-46825-58c684559d-lz8pt has the target files.
Copying deathstar_ms-46825.output to deathstar_ms-46825.output
tar: removing leading '/' from member names
Debug: Checking Namespace=default, Pod=ms-60236-64866cf49-glbvt for Target File=deathstar_*.output
Namespace: default, Pod: ms-60236-64866cf49-glbvt has the target files.
Copying deathstar_ms-60236.output to deathstar_ms-60236.output
tar: removing leading '/' from member names
Debug: Checking Namespace=default, Pod=ms-71771-567ddbdd95-fz8gr for Target File=deathstar_*.output
Namespace: default, Pod: ms-71771-567ddbdd95-fz8gr has the target files.
Copying deathstar_ms-71771.output to deathstar_ms-71771.output
tar: removing leading '/' from member names
Debug: Checking Namespace=default, Pod=ms-8052-b995968dc-jpchw for Target File=deathstar_*.output
Namespace: default, Pod: ms-8052-b995968dc-jpchw has the target files.
Copying deathstar_ms-8052.output to deathstar_ms-8052.output
tar: removing leading '/' from member names
Debug: Checking Namespace=default, Pod=ms-902-5744544f85-tbrmb for Target File=deathstar_*.output
Namespace: default, Pod: ms-902-5744544f85-tbrmb has the target files.
Copying deathstar_ms-902.output to deathstar_ms-902.output
tar: removing leading '/' from member names
Debug: Checking Namespace=default, Pod=nginx-web-server-56557f7cb7-8kj8t for Target File=deathstar_*.output
Namespace: default, Pod: nginx-web-server-56557f7cb7-8kj8t has the target files.
Copying deathstar_nginx-web-server.output to deathstar_nginx-web-server.output
tar: removing leading '/' from member names
