Deployments: ms-11070
ms-11285
ms-11512
ms-1278
ms-13873
ms-19953
ms-21883
ms-25124
ms-27421
ms-2827
ms-33719
ms-37691
ms-43309
ms-4354
ms-46825
ms-60236
ms-71771
ms-8052
ms-902
nginx-web-server
deployment "ms-11070" successfully rolled out
deployment "ms-11285" successfully rolled out
deployment "ms-11512" successfully rolled out
deployment "ms-1278" successfully rolled out
deployment "ms-13873" successfully rolled out
deployment "ms-19953" successfully rolled out
deployment "ms-21883" successfully rolled out
deployment "ms-25124" successfully rolled out
deployment "ms-27421" successfully rolled out
deployment "ms-2827" successfully rolled out
deployment "ms-33719" successfully rolled out
deployment "ms-37691" successfully rolled out
deployment "ms-43309" successfully rolled out
deployment "ms-4354" successfully rolled out
deployment "ms-46825" successfully rolled out
deployment "ms-60236" successfully rolled out
deployment "ms-71771" successfully rolled out
deployment "ms-8052" successfully rolled out
deployment "ms-902" successfully rolled out
deployment "nginx-web-server" successfully rolled out
ENTRY_POINT: nginx-web-server
SERVICE_A_URL: 10.98.9.77:50051
Capacity: 1000
Metadata: request-id={{.RequestNumber}}
Metadata: timestamp={{.TimestampUnix}}
Metadata: method=S_102000854
Charon Configurations:
[{INTERCEPT charon} {PRICE_UPDATE_RATE 18913us} {TOKEN_UPDATE_RATE 18869us} {LATENCY_THRESHOLD 6445us} {PRICE_STEP 150} {PRICE_STRATEGY proportional} {LAZY_UPDATE true} {RATE_LIMITING true} {LOAD_SHEDDING true} {CHARON_TRACK_PRICE false} {BREAKWATER_SLO 12500us} {BREAKWATER_A 0.001} {BREAKWATER_B 0.02} {BREAKWATER_CLIENT_EXPIRATION 10ms} {BREAKWATER_INITIAL_CREDIT 400} {BREAKWATER_LOAD_SHEDDING true} {BREAKWATER_RTT 1000us} {BREAKWATERD_SLO 12500us} {BREAKWATERD_A 0.001} {BREAKWATERD_B 0.02} {BREAKWATERD_CLIENT_EXPIRATION 10ms} {BREAKWATERD_INITIAL_CREDIT 400} {BREAKWATERD_LOAD_SHEDDING true} {BREAKWATERD_RTT 1000us} {DAGOR_QUEUING_THRESHOLD 2ms} {DAGOR_ALPHA 0.05} {DAGOR_BETA 0.01} {DAGOR_ADMISSION_LEVEL_UPDATE_INTERVAL 10ms} {DAGOR_UMAX 20}]

Summary:
  Count:	25461
  Total:	14.80 s
  Slowest:	863.52 ms
  Fastest:	39.03 ms
  Average:	48.48 ms
  Requests/sec:	1720.57

Response time histogram:
  39.030  [1]     |
  121.479 [24801] |∎∎∎∎∎∎∎∎∎∎∎∎∎∎∎∎∎∎∎∎∎∎∎∎∎∎∎∎∎∎∎∎∎∎∎∎∎∎∎∎
  203.927 [65]    |
  286.376 [60]    |
  368.825 [0]     |
  451.273 [0]     |
  533.722 [99]    |
  616.171 [15]    |
  698.619 [0]     |
  781.068 [0]     |
  863.517 [106]   |

Latency distribution:
  10 % in 40.07 ms 
  25 % in 40.54 ms 
  50 % in 41.25 ms 
  75 % in 42.46 ms 
  90 % in 44.86 ms 
  95 % in 47.82 ms 
  99 % in 216.21 ms 

Status code distribution:
  [OK]                  25147 responses   
  [ResourceExhausted]   314 responses     

Error distribution:
  [4]     rpc error: code = ResourceExhausted desc = S_102000854 req dropped by ms-25124. Try again later.           
  [277]   rpc error: code = ResourceExhausted desc = S_102000854 req dropped by nginx-web-server. Try again later.   
  [31]    rpc error: code = ResourceExhausted desc = S_102000854 req dropped by ms-13873. Try again later.           
  [2]     rpc error: code = ResourceExhausted desc = S_102000854 req dropped by ms-60236. Try again later.           

Debug: Checking Namespace=default, Pod=ms-11070-7868c54f44-l88gx for Target File=deathstar_*.output
Namespace: default, Pod: ms-11070-7868c54f44-l88gx has the target files.
Copying deathstar_ms-11070.output to deathstar_ms-11070.output
tar: removing leading '/' from member names
Debug: Checking Namespace=default, Pod=ms-11285-67d597dc77-75l6c for Target File=deathstar_*.output
Namespace: default, Pod: ms-11285-67d597dc77-75l6c has the target files.
Copying deathstar_ms-11285.output to deathstar_ms-11285.output
tar: removing leading '/' from member names
Debug: Checking Namespace=default, Pod=ms-11512-75f8ddc45b-lh8fn for Target File=deathstar_*.output
Namespace: default, Pod: ms-11512-75f8ddc45b-lh8fn has the target files.
Copying deathstar_ms-11512.output to deathstar_ms-11512.output
tar: removing leading '/' from member names
Debug: Checking Namespace=default, Pod=ms-1278-85766ff6b8-89x8r for Target File=deathstar_*.output
Namespace: default, Pod: ms-1278-85766ff6b8-89x8r has the target files.
Copying deathstar_ms-1278.output to deathstar_ms-1278.output
tar: removing leading '/' from member names
Debug: Checking Namespace=default, Pod=ms-13873-85d7bb7b97-4nbxz for Target File=deathstar_*.output
Namespace: default, Pod: ms-13873-85d7bb7b97-4nbxz has the target files.
Copying deathstar_ms-13873.output to deathstar_ms-13873.output
tar: removing leading '/' from member names
Debug: Checking Namespace=default, Pod=ms-19953-68cc8998c5-6k7rn for Target File=deathstar_*.output
Namespace: default, Pod: ms-19953-68cc8998c5-6k7rn has the target files.
Copying deathstar_ms-19953.output to deathstar_ms-19953.output
tar: removing leading '/' from member names
Debug: Checking Namespace=default, Pod=ms-21883-f6c88c6d4-hfkfv for Target File=deathstar_*.output
Namespace: default, Pod: ms-21883-f6c88c6d4-hfkfv has the target files.
Copying deathstar_ms-21883.output to deathstar_ms-21883.output
tar: removing leading '/' from member names
Debug: Checking Namespace=default, Pod=ms-25124-77bd4446f5-cjd94 for Target File=deathstar_*.output
Namespace: default, Pod: ms-25124-77bd4446f5-cjd94 has the target files.
Copying deathstar_ms-25124.output to deathstar_ms-25124.output
tar: removing leading '/' from member names
Debug: Checking Namespace=default, Pod=ms-27421-8565974486-zsxcp for Target File=deathstar_*.output
Namespace: default, Pod: ms-27421-8565974486-zsxcp has the target files.
Copying deathstar_ms-27421.output to deathstar_ms-27421.output
tar: removing leading '/' from member names
Debug: Checking Namespace=default, Pod=ms-2827-5dcc6df4f4-dpx5w for Target File=deathstar_*.output
Namespace: default, Pod: ms-2827-5dcc6df4f4-dpx5w has the target files.
Copying deathstar_ms-2827.output to deathstar_ms-2827.output
tar: removing leading '/' from member names
Debug: Checking Namespace=default, Pod=ms-33719-6c455cf54c-kt8ds for Target File=deathstar_*.output
Namespace: default, Pod: ms-33719-6c455cf54c-kt8ds has the target files.
Copying deathstar_ms-33719.output to deathstar_ms-33719.output
tar: removing leading '/' from member names
Debug: Checking Namespace=default, Pod=ms-37691-b9bc44798-wsnjn for Target File=deathstar_*.output
Namespace: default, Pod: ms-37691-b9bc44798-wsnjn has the target files.
Copying deathstar_ms-37691.output to deathstar_ms-37691.output
tar: removing leading '/' from member names
Debug: Checking Namespace=default, Pod=ms-43309-54f758d465-k67gf for Target File=deathstar_*.output
Namespace: default, Pod: ms-43309-54f758d465-k67gf has the target files.
Copying deathstar_ms-43309.output to deathstar_ms-43309.output
tar: removing leading '/' from member names
Debug: Checking Namespace=default, Pod=ms-4354-669cfcbdf6-pjdgq for Target File=deathstar_*.output
Namespace: default, Pod: ms-4354-669cfcbdf6-pjdgq has the target files.
Copying deathstar_ms-4354.output to deathstar_ms-4354.output
tar: removing leading '/' from member names
Debug: Checking Namespace=default, Pod=ms-46825-58c684559d-zm9xw for Target File=deathstar_*.output
Namespace: default, Pod: ms-46825-58c684559d-zm9xw has the target files.
Copying deathstar_ms-46825.output to deathstar_ms-46825.output
tar: removing leading '/' from member names
Debug: Checking Namespace=default, Pod=ms-60236-64866cf49-5sn2d for Target File=deathstar_*.output
Namespace: default, Pod: ms-60236-64866cf49-5sn2d has the target files.
Copying deathstar_ms-60236.output to deathstar_ms-60236.output
tar: removing leading '/' from member names
Debug: Checking Namespace=default, Pod=ms-71771-567ddbdd95-j52s2 for Target File=deathstar_*.output
Namespace: default, Pod: ms-71771-567ddbdd95-j52s2 has the target files.
Copying deathstar_ms-71771.output to deathstar_ms-71771.output
tar: removing leading '/' from member names
Debug: Checking Namespace=default, Pod=ms-8052-b995968dc-zt4mq for Target File=deathstar_*.output
Namespace: default, Pod: ms-8052-b995968dc-zt4mq has the target files.
Copying deathstar_ms-8052.output to deathstar_ms-8052.output
tar: removing leading '/' from member names
Debug: Checking Namespace=default, Pod=ms-902-5744544f85-s4vjz for Target File=deathstar_*.output
Namespace: default, Pod: ms-902-5744544f85-s4vjz has the target files.
Copying deathstar_ms-902.output to deathstar_ms-902.output
tar: removing leading '/' from member names
Debug: Checking Namespace=default, Pod=nginx-web-server-56557f7cb7-pd9wb for Target File=deathstar_*.output
Namespace: default, Pod: nginx-web-server-56557f7cb7-pd9wb has the target files.
Copying deathstar_nginx-web-server.output to deathstar_nginx-web-server.output
tar: removing leading '/' from member names
