Deployments: ms-25648
ms-27283
ms-27421
ms-2827
ms-34756
ms-36144
ms-37691
ms-41385
ms-41914
ms-46825
ms-54016
ms-55339
ms-58269
ms-58845
ms-68328
ms-70297
nginx-web-server
unknown
deployment "ms-25648" successfully rolled out
deployment "ms-27283" successfully rolled out
deployment "ms-27421" successfully rolled out
deployment "ms-2827" successfully rolled out
deployment "ms-34756" successfully rolled out
deployment "ms-36144" successfully rolled out
deployment "ms-37691" successfully rolled out
deployment "ms-41385" successfully rolled out
deployment "ms-41914" successfully rolled out
deployment "ms-46825" successfully rolled out
deployment "ms-54016" successfully rolled out
deployment "ms-55339" successfully rolled out
deployment "ms-58269" successfully rolled out
deployment "ms-58845" successfully rolled out
deployment "ms-68328" successfully rolled out
deployment "ms-70297" successfully rolled out
deployment "nginx-web-server" successfully rolled out
deployment "unknown" successfully rolled out
ENTRY_POINT: nginx-web-server
SERVICE_A_URL: 10.104.96.215:50051
Capacity: 10000
Metadata: request-id={{.RequestNumber}}
Metadata: timestamp={{.TimestampUnix}}
Metadata: method=S_161142529
Charon Configurations:
[{INTERCEPT breakwater} {PRICE_UPDATE_RATE 10ms} {TOKEN_UPDATE_RATE 10ms} {LATENCY_THRESHOLD 100us} {PRICE_STEP 0} {PRICE_STRATEGY step} {LAZY_UPDATE false} {RATE_LIMITING true} {LOAD_SHEDDING true} {CHARON_TRACK_PRICE false} {BREAKWATER_SLO 20000us} {BREAKWATER_A 20.0} {BREAKWATER_B 0.0} {BREAKWATER_CLIENT_EXPIRATION 0us} {BREAKWATER_INITIAL_CREDIT 2000} {BREAKWATER_LOAD_SHEDDING true} {BREAKWATER_RTT 0us} {BREAKWATERD_SLO 12500us} {BREAKWATERD_A 0.001} {BREAKWATERD_B 0.02} {BREAKWATERD_CLIENT_EXPIRATION 10ms} {BREAKWATERD_INITIAL_CREDIT 400} {BREAKWATERD_LOAD_SHEDDING true} {BREAKWATERD_RTT 1000us} {DAGOR_QUEUING_THRESHOLD 2ms} {DAGOR_ALPHA 0.05} {DAGOR_BETA 0.01} {DAGOR_ADMISSION_LEVEL_UPDATE_INTERVAL 10ms} {DAGOR_UMAX 20}]

Summary:
  Count:	66238
  Total:	14.83 s
  Slowest:	863.71 ms
  Fastest:	65.98 ms
  Average:	104.38 ms
  Requests/sec:	4466.88

Response time histogram:
  65.982  [1]     |
  145.754 [60348] |∎∎∎∎∎∎∎∎∎∎∎∎∎∎∎∎∎∎∎∎∎∎∎∎∎∎∎∎∎∎∎∎∎∎∎∎∎∎∎∎
  225.527 [5211]  |∎∎∎
  305.299 [264]   |
  385.072 [3]     |
  464.844 [3]     |
  544.617 [28]    |
  624.389 [1]     |
  704.162 [0]     |
  783.934 [1]     |
  863.707 [45]    |

Latency distribution:
  10 % in 73.42 ms 
  25 % in 84.22 ms 
  50 % in 97.61 ms 
  75 % in 116.55 ms 
  90 % in 141.08 ms 
  95 % in 160.80 ms 
  99 % in 204.96 ms 

Status code distribution:
  [OK]         65905 responses   
  [Canceled]   333 responses     

Error distribution:
  [333]   rpc error: code = Canceled desc = grpc: the client connection is closing   

Debug: Checking Namespace=default, Pod=ms-25648-86cc47d8bd-p8ds8 for Target File=deathstar_*.output
Namespace: default, Pod: ms-25648-86cc47d8bd-p8ds8 has the target files.
Copying deathstar_ms-25648.output to deathstar_ms-25648.output
tar: removing leading '/' from member names
Debug: Checking Namespace=default, Pod=ms-27283-7cb76dd56d-rl47k for Target File=deathstar_*.output
Namespace: default, Pod: ms-27283-7cb76dd56d-rl47k has the target files.
Copying deathstar_ms-27283.output to deathstar_ms-27283.output
tar: removing leading '/' from member names
Debug: Checking Namespace=default, Pod=ms-27421-64f549855c-dmpp5 for Target File=deathstar_*.output
Namespace: default, Pod: ms-27421-64f549855c-dmpp5 has the target files.
Copying deathstar_ms-27421.output to deathstar_ms-27421.output
tar: removing leading '/' from member names
Debug: Checking Namespace=default, Pod=ms-2827-565cbcd7b-sxqk9 for Target File=deathstar_*.output
Namespace: default, Pod: ms-2827-565cbcd7b-sxqk9 has the target files.
Copying deathstar_ms-2827.output to deathstar_ms-2827.output
tar: removing leading '/' from member names
Debug: Checking Namespace=default, Pod=ms-34756-7c45d5bcc-grcrh for Target File=deathstar_*.output
Namespace: default, Pod: ms-34756-7c45d5bcc-grcrh has the target files.
Copying deathstar_ms-34756.output to deathstar_ms-34756.output
tar: removing leading '/' from member names
Debug: Checking Namespace=default, Pod=ms-36144-7bf7cbfff6-4t8xn for Target File=deathstar_*.output
Namespace: default, Pod: ms-36144-7bf7cbfff6-4t8xn has the target files.
Copying deathstar_ms-36144.output to deathstar_ms-36144.output
tar: removing leading '/' from member names
Debug: Checking Namespace=default, Pod=ms-37691-6f7cbf7c5-s5qz2 for Target File=deathstar_*.output
Namespace: default, Pod: ms-37691-6f7cbf7c5-s5qz2 has the target files.
Copying deathstar_ms-37691.output to deathstar_ms-37691.output
tar: removing leading '/' from member names
Debug: Checking Namespace=default, Pod=ms-41385-6bc4f5d4fc-kvsr4 for Target File=deathstar_*.output
Namespace: default, Pod: ms-41385-6bc4f5d4fc-kvsr4 has the target files.
Copying deathstar_ms-41385.output to deathstar_ms-41385.output
tar: removing leading '/' from member names
Debug: Checking Namespace=default, Pod=ms-41914-5555dd8d48-wtbsk for Target File=deathstar_*.output
Namespace: default, Pod: ms-41914-5555dd8d48-wtbsk has the target files.
Copying deathstar_ms-41914.output to deathstar_ms-41914.output
tar: removing leading '/' from member names
Debug: Checking Namespace=default, Pod=ms-46825-58c684559d-xdqln for Target File=deathstar_*.output
Namespace: default, Pod: ms-46825-58c684559d-xdqln has the target files.
Copying deathstar_ms-46825.output to deathstar_ms-46825.output
tar: removing leading '/' from member names
Debug: Checking Namespace=default, Pod=ms-54016-5665fbcb8d-n55n7 for Target File=deathstar_*.output
Namespace: default, Pod: ms-54016-5665fbcb8d-n55n7 has the target files.
Copying deathstar_ms-54016.output to deathstar_ms-54016.output
tar: removing leading '/' from member names
Debug: Checking Namespace=default, Pod=ms-55339-5b545b67bb-zs9q5 for Target File=deathstar_*.output
Namespace: default, Pod: ms-55339-5b545b67bb-zs9q5 has the target files.
Copying deathstar_ms-55339.output to deathstar_ms-55339.output
tar: removing leading '/' from member names
Debug: Checking Namespace=default, Pod=ms-58269-8c4794c6c-9ck6z for Target File=deathstar_*.output
Namespace: default, Pod: ms-58269-8c4794c6c-9ck6z has the target files.
Copying deathstar_ms-58269.output to deathstar_ms-58269.output
tar: removing leading '/' from member names
Debug: Checking Namespace=default, Pod=ms-58845-5bc6f9d8df-htgjr for Target File=deathstar_*.output
Namespace: default, Pod: ms-58845-5bc6f9d8df-htgjr has the target files.
Copying deathstar_ms-58845.output to deathstar_ms-58845.output
tar: removing leading '/' from member names
Debug: Checking Namespace=default, Pod=ms-68328-5866fd45b7-k7t2p for Target File=deathstar_*.output
Namespace: default, Pod: ms-68328-5866fd45b7-k7t2p has the target files.
Copying deathstar_ms-68328.output to deathstar_ms-68328.output
tar: removing leading '/' from member names
Debug: Checking Namespace=default, Pod=ms-70297-868876bcdb-zlcrr for Target File=deathstar_*.output
Namespace: default, Pod: ms-70297-868876bcdb-zlcrr has the target files.
Copying deathstar_ms-70297.output to deathstar_ms-70297.output
tar: removing leading '/' from member names
Debug: Checking Namespace=default, Pod=nginx-web-server-56557f7cb7-c6q2r for Target File=deathstar_*.output
Namespace: default, Pod: nginx-web-server-56557f7cb7-c6q2r has the target files.
Copying deathstar_nginx-web-server.output to deathstar_nginx-web-server.output
tar: removing leading '/' from member names
Debug: Checking Namespace=default, Pod=unknown-57ddd65965-f7cjd for Target File=deathstar_*.output
Namespace: default, Pod: unknown-57ddd65965-f7cjd has the target files.
Copying deathstar_unknown.output to deathstar_unknown.output
tar: removing leading '/' from member names
