Deployments: ms-11070
ms-11285
ms-11512
ms-1278
ms-13873
ms-19953
ms-21883
ms-25124
ms-27421
ms-2827
ms-33719
ms-37691
ms-43309
ms-4354
ms-46825
ms-60236
ms-71771
ms-8052
ms-902
nginx-web-server
deployment "ms-11070" successfully rolled out
deployment "ms-11285" successfully rolled out
deployment "ms-11512" successfully rolled out
deployment "ms-1278" successfully rolled out
deployment "ms-13873" successfully rolled out
deployment "ms-19953" successfully rolled out
deployment "ms-21883" successfully rolled out
deployment "ms-25124" successfully rolled out
deployment "ms-27421" successfully rolled out
deployment "ms-2827" successfully rolled out
deployment "ms-33719" successfully rolled out
deployment "ms-37691" successfully rolled out
deployment "ms-43309" successfully rolled out
deployment "ms-4354" successfully rolled out
deployment "ms-46825" successfully rolled out
deployment "ms-60236" successfully rolled out
deployment "ms-71771" successfully rolled out
deployment "ms-8052" successfully rolled out
deployment "ms-902" successfully rolled out
deployment "nginx-web-server" successfully rolled out
ENTRY_POINT: nginx-web-server
SERVICE_A_URL: 10.111.215.197:50051
Capacity: 10000
Metadata: timestamp={{.TimestampUnix}}
Metadata: method=S_102000854
Metadata: request-id={{.RequestNumber}}
Charon Configurations:
[{INTERCEPT charon} {PRICE_UPDATE_RATE 5856us} {TOKEN_UPDATE_RATE 19607us} {LATENCY_THRESHOLD 2700us} {PRICE_STEP 13} {PRICE_STRATEGY proportional} {LAZY_UPDATE true} {RATE_LIMITING true} {LOAD_SHEDDING true} {CHARON_TRACK_PRICE false} {BREAKWATER_SLO 12500us} {BREAKWATER_A 0.001} {BREAKWATER_B 0.02} {BREAKWATER_CLIENT_EXPIRATION 10ms} {BREAKWATER_INITIAL_CREDIT 400} {BREAKWATER_LOAD_SHEDDING true} {BREAKWATER_RTT 1000us} {BREAKWATERD_SLO 12500us} {BREAKWATERD_A 0.001} {BREAKWATERD_B 0.02} {BREAKWATERD_CLIENT_EXPIRATION 10ms} {BREAKWATERD_INITIAL_CREDIT 400} {BREAKWATERD_LOAD_SHEDDING true} {BREAKWATERD_RTT 1000us} {DAGOR_QUEUING_THRESHOLD 2ms} {DAGOR_ALPHA 0.05} {DAGOR_BETA 0.01} {DAGOR_ADMISSION_LEVEL_UPDATE_INTERVAL 10ms} {DAGOR_UMAX 20}]

Summary:
  Count:	84690
  Total:	14.76 s
  Slowest:	858.59 ms
  Fastest:	38.93 ms
  Average:	81.02 ms
  Requests/sec:	5736.14

Response time histogram:
  38.934  [1]     |
  120.899 [71733] |∎∎∎∎∎∎∎∎∎∎∎∎∎∎∎∎∎∎∎∎∎∎∎∎∎∎∎∎∎∎∎∎∎∎∎∎∎∎∎∎
  202.865 [2613]  |∎
  284.830 [1932]  |∎
  366.796 [2151]  |∎
  448.762 [1267]  |∎
  530.727 [193]   |
  612.693 [40]    |
  694.658 [1]     |
  776.624 [21]    |
  858.590 [69]    |

Latency distribution:
  10 % in 41.64 ms 
  25 % in 50.21 ms 
  50 % in 63.02 ms 
  75 % in 79.07 ms 
  90 % in 124.90 ms 
  95 % in 269.38 ms 
  99 % in 405.97 ms 

Status code distribution:
  [OK]                  80021 responses   
  [ResourceExhausted]   4525 responses    
  [Canceled]            144 responses     

Error distribution:
  [308]    rpc error: code = ResourceExhausted desc = S_102000854 req dropped by ms-25124. Try again later.           
  [3366]   rpc error: code = ResourceExhausted desc = S_102000854 req dropped by nginx-web-server. Try again later.   
  [144]    rpc error: code = Canceled desc = grpc: the client connection is closing                                   
  [635]    rpc error: code = ResourceExhausted desc = S_102000854 req dropped by ms-13873. Try again later.           
  [216]    rpc error: code = ResourceExhausted desc = S_102000854 req dropped by ms-60236. Try again later.           

Debug: Checking Namespace=default, Pod=ms-11070-7868c54f44-62bb9 for Target File=deathstar_*.output
Namespace: default, Pod: ms-11070-7868c54f44-62bb9 has the target files.
Copying deathstar_ms-11070.output to deathstar_ms-11070.output
tar: removing leading '/' from member names
Debug: Checking Namespace=default, Pod=ms-11285-67d597dc77-644qq for Target File=deathstar_*.output
Namespace: default, Pod: ms-11285-67d597dc77-644qq has the target files.
Copying deathstar_ms-11285.output to deathstar_ms-11285.output
tar: removing leading '/' from member names
Debug: Checking Namespace=default, Pod=ms-11512-75f8ddc45b-jcqq5 for Target File=deathstar_*.output
Namespace: default, Pod: ms-11512-75f8ddc45b-jcqq5 has the target files.
Copying deathstar_ms-11512.output to deathstar_ms-11512.output
tar: removing leading '/' from member names
Debug: Checking Namespace=default, Pod=ms-1278-85766ff6b8-hd2sr for Target File=deathstar_*.output
Namespace: default, Pod: ms-1278-85766ff6b8-hd2sr has the target files.
Copying deathstar_ms-1278.output to deathstar_ms-1278.output
tar: removing leading '/' from member names
Debug: Checking Namespace=default, Pod=ms-13873-85d7bb7b97-mhzzp for Target File=deathstar_*.output
Namespace: default, Pod: ms-13873-85d7bb7b97-mhzzp has the target files.
Copying deathstar_ms-13873.output to deathstar_ms-13873.output
tar: removing leading '/' from member names
Debug: Checking Namespace=default, Pod=ms-19953-68cc8998c5-4fgdn for Target File=deathstar_*.output
Namespace: default, Pod: ms-19953-68cc8998c5-4fgdn has the target files.
Copying deathstar_ms-19953.output to deathstar_ms-19953.output
tar: removing leading '/' from member names
Debug: Checking Namespace=default, Pod=ms-21883-f6c88c6d4-4rh2c for Target File=deathstar_*.output
Namespace: default, Pod: ms-21883-f6c88c6d4-4rh2c has the target files.
Copying deathstar_ms-21883.output to deathstar_ms-21883.output
tar: removing leading '/' from member names
Debug: Checking Namespace=default, Pod=ms-25124-77bd4446f5-q4g8t for Target File=deathstar_*.output
Namespace: default, Pod: ms-25124-77bd4446f5-q4g8t has the target files.
Copying deathstar_ms-25124.output to deathstar_ms-25124.output
tar: removing leading '/' from member names
Debug: Checking Namespace=default, Pod=ms-27421-8565974486-q8vjx for Target File=deathstar_*.output
Namespace: default, Pod: ms-27421-8565974486-q8vjx has the target files.
Copying deathstar_ms-27421.output to deathstar_ms-27421.output
tar: removing leading '/' from member names
Debug: Checking Namespace=default, Pod=ms-2827-5dcc6df4f4-jjp7p for Target File=deathstar_*.output
Namespace: default, Pod: ms-2827-5dcc6df4f4-jjp7p has the target files.
Copying deathstar_ms-2827.output to deathstar_ms-2827.output
tar: removing leading '/' from member names
Debug: Checking Namespace=default, Pod=ms-33719-6c455cf54c-fdf2q for Target File=deathstar_*.output
Namespace: default, Pod: ms-33719-6c455cf54c-fdf2q has the target files.
Copying deathstar_ms-33719.output to deathstar_ms-33719.output
tar: removing leading '/' from member names
Debug: Checking Namespace=default, Pod=ms-37691-b9bc44798-p8vxc for Target File=deathstar_*.output
Namespace: default, Pod: ms-37691-b9bc44798-p8vxc has the target files.
Copying deathstar_ms-37691.output to deathstar_ms-37691.output
tar: removing leading '/' from member names
Debug: Checking Namespace=default, Pod=ms-43309-54f758d465-8tgkf for Target File=deathstar_*.output
Namespace: default, Pod: ms-43309-54f758d465-8tgkf has the target files.
Copying deathstar_ms-43309.output to deathstar_ms-43309.output
tar: removing leading '/' from member names
Debug: Checking Namespace=default, Pod=ms-4354-669cfcbdf6-qq4wm for Target File=deathstar_*.output
Namespace: default, Pod: ms-4354-669cfcbdf6-qq4wm has the target files.
Copying deathstar_ms-4354.output to deathstar_ms-4354.output
tar: removing leading '/' from member names
Debug: Checking Namespace=default, Pod=ms-46825-58c684559d-4d5bk for Target File=deathstar_*.output
Namespace: default, Pod: ms-46825-58c684559d-4d5bk has the target files.
Copying deathstar_ms-46825.output to deathstar_ms-46825.output
tar: removing leading '/' from member names
Debug: Checking Namespace=default, Pod=ms-60236-64866cf49-hf4pk for Target File=deathstar_*.output
Namespace: default, Pod: ms-60236-64866cf49-hf4pk has the target files.
Copying deathstar_ms-60236.output to deathstar_ms-60236.output
tar: removing leading '/' from member names
Debug: Checking Namespace=default, Pod=ms-71771-567ddbdd95-fnlnm for Target File=deathstar_*.output
Namespace: default, Pod: ms-71771-567ddbdd95-fnlnm has the target files.
Copying deathstar_ms-71771.output to deathstar_ms-71771.output
tar: removing leading '/' from member names
Debug: Checking Namespace=default, Pod=ms-8052-b995968dc-rr4lc for Target File=deathstar_*.output
Namespace: default, Pod: ms-8052-b995968dc-rr4lc has the target files.
Copying deathstar_ms-8052.output to deathstar_ms-8052.output
tar: removing leading '/' from member names
Debug: Checking Namespace=default, Pod=ms-902-5744544f85-chhv9 for Target File=deathstar_*.output
Namespace: default, Pod: ms-902-5744544f85-chhv9 has the target files.
Copying deathstar_ms-902.output to deathstar_ms-902.output
tar: removing leading '/' from member names
Debug: Checking Namespace=default, Pod=nginx-web-server-56557f7cb7-44fsj for Target File=deathstar_*.output
Namespace: default, Pod: nginx-web-server-56557f7cb7-44fsj has the target files.
Copying deathstar_nginx-web-server.output to deathstar_nginx-web-server.output
tar: removing leading '/' from member names
