Deployments: ms-10090
ms-13558
ms-18330
ms-19585
ms-20172
ms-22893
ms-24009
ms-24959
ms-26622
ms-27421
ms-29373
ms-32301
ms-3289
ms-37691
ms-38964
ms-40147
ms-48118
ms-4829
ms-51685
ms-52379
ms-55394
ms-58436
ms-58772
ms-59962
ms-60061
ms-6323
ms-65741
ms-66473
ms-69188
ms-69614
ms-9081
nginx-web-server
unknown
deployment "ms-10090" successfully rolled out
deployment "ms-13558" successfully rolled out
deployment "ms-18330" successfully rolled out
deployment "ms-19585" successfully rolled out
deployment "ms-20172" successfully rolled out
deployment "ms-22893" successfully rolled out
deployment "ms-24009" successfully rolled out
deployment "ms-24959" successfully rolled out
deployment "ms-26622" successfully rolled out
deployment "ms-27421" successfully rolled out
deployment "ms-29373" successfully rolled out
deployment "ms-32301" successfully rolled out
deployment "ms-3289" successfully rolled out
deployment "ms-37691" successfully rolled out
deployment "ms-38964" successfully rolled out
deployment "ms-40147" successfully rolled out
deployment "ms-48118" successfully rolled out
deployment "ms-4829" successfully rolled out
deployment "ms-51685" successfully rolled out
deployment "ms-52379" successfully rolled out
deployment "ms-55394" successfully rolled out
deployment "ms-58436" successfully rolled out
deployment "ms-58772" successfully rolled out
deployment "ms-59962" successfully rolled out
deployment "ms-60061" successfully rolled out
deployment "ms-6323" successfully rolled out
deployment "ms-65741" successfully rolled out
deployment "ms-66473" successfully rolled out
deployment "ms-69188" successfully rolled out
deployment "ms-69614" successfully rolled out
deployment "ms-9081" successfully rolled out
deployment "nginx-web-server" successfully rolled out
deployment "unknown" successfully rolled out
ENTRY_POINT: nginx-web-server
SERVICE_A_URL: 10.101.197.33:50051
Capacity: 10000
Metadata: request-id={{.RequestNumber}}
Metadata: timestamp={{.TimestampUnix}}
Metadata: method=S_149998854
Charon Configurations:
[{INTERCEPT breakwaterd} {PRICE_UPDATE_RATE 10ms} {TOKEN_UPDATE_RATE 10ms} {LATENCY_THRESHOLD 100us} {PRICE_STEP 0} {PRICE_STRATEGY step} {LAZY_UPDATE false} {RATE_LIMITING true} {LOAD_SHEDDING true} {CHARON_TRACK_PRICE false} {BREAKWATER_SLO 42768us} {BREAKWATER_A 4.285434597232186} {BREAKWATER_B 6.027525859301395} {BREAKWATER_CLIENT_EXPIRATION 623us} {BREAKWATER_INITIAL_CREDIT 44} {BREAKWATER_LOAD_SHEDDING true} {BREAKWATER_RTT 7161us} {BREAKWATERD_SLO 74826us} {BREAKWATERD_A 6.220078760941653} {BREAKWATERD_B 6.121322409202259} {BREAKWATERD_CLIENT_EXPIRATION 43744us} {BREAKWATERD_INITIAL_CREDIT 4666} {BREAKWATERD_LOAD_SHEDDING true} {BREAKWATERD_RTT 15056us} {DAGOR_QUEUING_THRESHOLD 2ms} {DAGOR_ALPHA 0.05} {DAGOR_BETA 0.01} {DAGOR_ADMISSION_LEVEL_UPDATE_INTERVAL 10ms} {DAGOR_UMAX 20}]

Summary:
  Count:	1044
  Total:	25.00 s
  Slowest:	152.10 ms
  Fastest:	120.92 ms
  Average:	800.12 ms
  Requests/sec:	41.75

Response time histogram:
  120.924 [1]  |∎∎∎
  124.042 [1]  |∎∎∎
  127.159 [3]  |∎∎∎∎∎∎∎∎
  130.277 [6]  |∎∎∎∎∎∎∎∎∎∎∎∎∎∎∎
  133.394 [16] |∎∎∎∎∎∎∎∎∎∎∎∎∎∎∎∎∎∎∎∎∎∎∎∎∎∎∎∎∎∎∎∎∎∎∎∎∎∎∎∎
  136.512 [11] |∎∎∎∎∎∎∎∎∎∎∎∎∎∎∎∎∎∎∎∎∎∎∎∎∎∎∎∎
  139.630 [3]  |∎∎∎∎∎∎∎∎
  142.747 [0]  |
  145.865 [1]  |∎∎∎
  148.983 [1]  |∎∎∎
  152.100 [1]  |∎∎∎

Latency distribution:
  10 % in 126.35 ms 
  25 % in 129.96 ms 
  50 % in 132.77 ms 
  75 % in 134.58 ms 
  90 % in 137.72 ms 
  95 % in 144.79 ms 
  99 % in 152.10 ms 

Status code distribution:
  [ResourceExhausted]   180 responses   
  [OK]                  44 responses    
  [DeadlineExceeded]    820 responses   

Error distribution:
  [153]   rpc error: code = ResourceExhausted desc = Client id 9e4baa13-6f69-466f-a791-73523c79f6bd request expired in queue.   
  [8]     rpc error: code = ResourceExhausted desc = Client id 601dc93d-34d5-4b64-9f6e-5c0b972fdaf0 request expired in queue.   
  [19]    rpc error: code = ResourceExhausted desc = Client id fabba6b1-f0f9-473e-a54b-699faa1faf60 request expired in queue.   
  [820]   rpc error: code = DeadlineExceeded desc = context deadline exceeded                                                   

Debug: Checking Namespace=default, Pod=ms-10090-6454f977fd-47zcg for Target File=deathstar_*.output
Namespace: default, Pod: ms-10090-6454f977fd-47zcg has the target files.
Copying deathstar_ms-10090.output to deathstar_ms-10090.output
tar: removing leading '/' from member names
Debug: Checking Namespace=default, Pod=ms-13558-b48bb5d9d-bb6jx for Target File=deathstar_*.output
Namespace: default, Pod: ms-13558-b48bb5d9d-bb6jx has the target files.
Copying deathstar_ms-13558.output to deathstar_ms-13558.output
tar: removing leading '/' from member names
Debug: Checking Namespace=default, Pod=ms-18330-759d9cf49c-xj464 for Target File=deathstar_*.output
Namespace: default, Pod: ms-18330-759d9cf49c-xj464 has the target files.
Copying deathstar_ms-18330.output to deathstar_ms-18330.output
tar: removing leading '/' from member names
Debug: Checking Namespace=default, Pod=ms-19585-6f995cfcbf-fg5w2 for Target File=deathstar_*.output
Namespace: default, Pod: ms-19585-6f995cfcbf-fg5w2 has the target files.
Copying deathstar_ms-19585.output to deathstar_ms-19585.output
tar: removing leading '/' from member names
Debug: Checking Namespace=default, Pod=ms-20172-59d5485464-s6w58 for Target File=deathstar_*.output
Namespace: default, Pod: ms-20172-59d5485464-s6w58 has the target files.
Copying deathstar_ms-20172.output to deathstar_ms-20172.output
tar: removing leading '/' from member names
Debug: Checking Namespace=default, Pod=ms-22893-576fd5f9f6-zvsrk for Target File=deathstar_*.output
Namespace: default, Pod: ms-22893-576fd5f9f6-zvsrk has the target files.
Copying deathstar_ms-22893.output to deathstar_ms-22893.output
tar: removing leading '/' from member names
Debug: Checking Namespace=default, Pod=ms-24009-67dbf5b976-kz4nd for Target File=deathstar_*.output
Namespace: default, Pod: ms-24009-67dbf5b976-kz4nd has the target files.
Copying deathstar_ms-24009.output to deathstar_ms-24009.output
tar: removing leading '/' from member names
Debug: Checking Namespace=default, Pod=ms-24959-99f8bbf9-r5mcz for Target File=deathstar_*.output
Namespace: default, Pod: ms-24959-99f8bbf9-r5mcz has the target files.
Copying deathstar_ms-24959.output to deathstar_ms-24959.output
tar: removing leading '/' from member names
Debug: Checking Namespace=default, Pod=ms-26622-66fdf7d64f-z5dtm for Target File=deathstar_*.output
Namespace: default, Pod: ms-26622-66fdf7d64f-z5dtm has the target files.
Copying deathstar_ms-26622.output to deathstar_ms-26622.output
tar: removing leading '/' from member names
Debug: Checking Namespace=default, Pod=ms-27421-64f549855c-pjgfv for Target File=deathstar_*.output
Namespace: default, Pod: ms-27421-64f549855c-pjgfv has the target files.
Copying deathstar_ms-27421.output to deathstar_ms-27421.output
tar: removing leading '/' from member names
Debug: Checking Namespace=default, Pod=ms-29373-8467f7db44-kqnbl for Target File=deathstar_*.output
Namespace: default, Pod: ms-29373-8467f7db44-kqnbl has the target files.
Copying deathstar_ms-29373.output to deathstar_ms-29373.output
tar: removing leading '/' from member names
Debug: Checking Namespace=default, Pod=ms-32301-c5654bbc5-7449g for Target File=deathstar_*.output
Namespace: default, Pod: ms-32301-c5654bbc5-7449g has the target files.
Copying deathstar_ms-32301.output to deathstar_ms-32301.output
tar: removing leading '/' from member names
Debug: Checking Namespace=default, Pod=ms-3289-587dbd96bf-l2dfr for Target File=deathstar_*.output
Namespace: default, Pod: ms-3289-587dbd96bf-l2dfr has the target files.
Copying deathstar_ms-3289.output to deathstar_ms-3289.output
tar: removing leading '/' from member names
Debug: Checking Namespace=default, Pod=ms-37691-6dc6cd6744-txgp2 for Target File=deathstar_*.output
Namespace: default, Pod: ms-37691-6dc6cd6744-txgp2 has the target files.
Copying deathstar_ms-37691.output to deathstar_ms-37691.output
tar: removing leading '/' from member names
Debug: Checking Namespace=default, Pod=ms-38964-5b647cdbd-gnl7p for Target File=deathstar_*.output
Namespace: default, Pod: ms-38964-5b647cdbd-gnl7p has the target files.
Copying deathstar_ms-38964.output to deathstar_ms-38964.output
tar: removing leading '/' from member names
Debug: Checking Namespace=default, Pod=ms-40147-cd867585-lbck2 for Target File=deathstar_*.output
Namespace: default, Pod: ms-40147-cd867585-lbck2 has the target files.
Copying deathstar_ms-40147.output to deathstar_ms-40147.output
tar: removing leading '/' from member names
Debug: Checking Namespace=default, Pod=ms-48118-ff7b99cc9-cghq6 for Target File=deathstar_*.output
Namespace: default, Pod: ms-48118-ff7b99cc9-cghq6 has the target files.
Copying deathstar_ms-48118.output to deathstar_ms-48118.output
tar: removing leading '/' from member names
Debug: Checking Namespace=default, Pod=ms-4829-669557b66c-lzjp2 for Target File=deathstar_*.output
Namespace: default, Pod: ms-4829-669557b66c-lzjp2 has the target files.
Copying deathstar_ms-4829.output to deathstar_ms-4829.output
tar: removing leading '/' from member names
Debug: Checking Namespace=default, Pod=ms-51685-79858c784f-wfjrf for Target File=deathstar_*.output
Namespace: default, Pod: ms-51685-79858c784f-wfjrf has the target files.
Copying deathstar_ms-51685.output to deathstar_ms-51685.output
tar: removing leading '/' from member names
Debug: Checking Namespace=default, Pod=ms-52379-57c6cdd54b-wcrxs for Target File=deathstar_*.output
Namespace: default, Pod: ms-52379-57c6cdd54b-wcrxs has the target files.
Copying deathstar_ms-52379.output to deathstar_ms-52379.output
tar: removing leading '/' from member names
Debug: Checking Namespace=default, Pod=ms-55394-6f999f5df9-wvfcx for Target File=deathstar_*.output
Namespace: default, Pod: ms-55394-6f999f5df9-wvfcx has the target files.
Copying deathstar_ms-55394.output to deathstar_ms-55394.output
tar: removing leading '/' from member names
Debug: Checking Namespace=default, Pod=ms-58436-59dd96f659-bbzk7 for Target File=deathstar_*.output
Namespace: default, Pod: ms-58436-59dd96f659-bbzk7 has the target files.
Copying deathstar_ms-58436.output to deathstar_ms-58436.output
tar: removing leading '/' from member names
Debug: Checking Namespace=default, Pod=ms-58772-68ff78c966-kcfbq for Target File=deathstar_*.output
Namespace: default, Pod: ms-58772-68ff78c966-kcfbq has the target files.
Copying deathstar_ms-58772.output to deathstar_ms-58772.output
tar: removing leading '/' from member names
Debug: Checking Namespace=default, Pod=ms-59962-756b895b58-hxd57 for Target File=deathstar_*.output
Namespace: default, Pod: ms-59962-756b895b58-hxd57 has the target files.
Copying deathstar_ms-59962.output to deathstar_ms-59962.output
tar: removing leading '/' from member names
Debug: Checking Namespace=default, Pod=ms-60061-68bd84bdcd-jzb2q for Target File=deathstar_*.output
Namespace: default, Pod: ms-60061-68bd84bdcd-jzb2q has the target files.
Copying deathstar_ms-60061.output to deathstar_ms-60061.output
tar: removing leading '/' from member names
Debug: Checking Namespace=default, Pod=ms-6323-974659fcd-thgjs for Target File=deathstar_*.output
Namespace: default, Pod: ms-6323-974659fcd-thgjs has the target files.
Copying deathstar_ms-6323.output to deathstar_ms-6323.output
tar: removing leading '/' from member names
Debug: Checking Namespace=default, Pod=ms-65741-65f588bcdf-h89mh for Target File=deathstar_*.output
Namespace: default, Pod: ms-65741-65f588bcdf-h89mh has the target files.
Copying deathstar_ms-65741.output to deathstar_ms-65741.output
tar: removing leading '/' from member names
Debug: Checking Namespace=default, Pod=ms-66473-79c66f8bff-hn9bn for Target File=deathstar_*.output
Namespace: default, Pod: ms-66473-79c66f8bff-hn9bn has the target files.
Copying deathstar_ms-66473.output to deathstar_ms-66473.output
tar: removing leading '/' from member names
Debug: Checking Namespace=default, Pod=ms-69188-65c548d4cb-tzgw6 for Target File=deathstar_*.output
Namespace: default, Pod: ms-69188-65c548d4cb-tzgw6 has the target files.
Copying deathstar_ms-69188.output to deathstar_ms-69188.output
tar: removing leading '/' from member names
Debug: Checking Namespace=default, Pod=ms-69614-794bd8475-wkfq8 for Target File=deathstar_*.output
Namespace: default, Pod: ms-69614-794bd8475-wkfq8 has the target files.
Copying deathstar_ms-69614.output to deathstar_ms-69614.output
tar: removing leading '/' from member names
Debug: Checking Namespace=default, Pod=ms-9081-567985788-jbt4z for Target File=deathstar_*.output
Namespace: default, Pod: ms-9081-567985788-jbt4z has the target files.
Copying deathstar_ms-9081.output to deathstar_ms-9081.output
tar: removing leading '/' from member names
Debug: Checking Namespace=default, Pod=nginx-web-server-56557f7cb7-dpxn5 for Target File=deathstar_*.output
Namespace: default, Pod: nginx-web-server-56557f7cb7-dpxn5 has the target files.
Copying deathstar_nginx-web-server.output to deathstar_nginx-web-server.output
tar: removing leading '/' from member names
Debug: Checking Namespace=default, Pod=unknown-6ddf9bd4b5-855dz for Target File=deathstar_*.output
Namespace: default, Pod: unknown-6ddf9bd4b5-855dz has the target files.
Copying deathstar_unknown.output to deathstar_unknown.output
tar: removing leading '/' from member names
