Deployments: ms-10090
ms-13558
ms-18330
ms-19585
ms-20172
ms-22893
ms-24009
ms-24959
ms-26622
ms-27421
ms-29373
ms-32301
ms-3289
ms-37691
ms-38964
ms-40147
ms-48118
ms-4829
ms-51685
ms-52379
ms-55394
ms-58436
ms-58772
ms-59962
ms-60061
ms-6323
ms-65741
ms-66473
ms-69188
ms-69614
ms-9081
nginx-web-server
unknown
deployment "ms-10090" successfully rolled out
deployment "ms-13558" successfully rolled out
deployment "ms-18330" successfully rolled out
deployment "ms-19585" successfully rolled out
deployment "ms-20172" successfully rolled out
deployment "ms-22893" successfully rolled out
deployment "ms-24009" successfully rolled out
deployment "ms-24959" successfully rolled out
deployment "ms-26622" successfully rolled out
deployment "ms-27421" successfully rolled out
deployment "ms-29373" successfully rolled out
deployment "ms-32301" successfully rolled out
deployment "ms-3289" successfully rolled out
deployment "ms-37691" successfully rolled out
deployment "ms-38964" successfully rolled out
deployment "ms-40147" successfully rolled out
deployment "ms-48118" successfully rolled out
deployment "ms-4829" successfully rolled out
deployment "ms-51685" successfully rolled out
deployment "ms-52379" successfully rolled out
deployment "ms-55394" successfully rolled out
deployment "ms-58436" successfully rolled out
deployment "ms-58772" successfully rolled out
deployment "ms-59962" successfully rolled out
deployment "ms-60061" successfully rolled out
deployment "ms-6323" successfully rolled out
deployment "ms-65741" successfully rolled out
deployment "ms-66473" successfully rolled out
deployment "ms-69188" successfully rolled out
deployment "ms-69614" successfully rolled out
deployment "ms-9081" successfully rolled out
deployment "nginx-web-server" successfully rolled out
deployment "unknown" successfully rolled out
ENTRY_POINT: nginx-web-server
SERVICE_A_URL: 10.111.50.251:50051
Capacity: 10000
Metadata: request-id={{.RequestNumber}}
Metadata: timestamp={{.TimestampUnix}}
Metadata: method=S_149998854
Charon Configurations:
[{INTERCEPT charon} {PRICE_UPDATE_RATE 17974us} {TOKEN_UPDATE_RATE 17656us} {LATENCY_THRESHOLD 7059us} {PRICE_STEP 115} {PRICE_STRATEGY proportional} {LAZY_UPDATE true} {RATE_LIMITING true} {LOAD_SHEDDING true} {CHARON_TRACK_PRICE false} {BREAKWATER_SLO 12500us} {BREAKWATER_A 0.001} {BREAKWATER_B 0.02} {BREAKWATER_CLIENT_EXPIRATION 10ms} {BREAKWATER_INITIAL_CREDIT 400} {BREAKWATER_LOAD_SHEDDING true} {BREAKWATER_RTT 1000us} {BREAKWATERD_SLO 12500us} {BREAKWATERD_A 0.001} {BREAKWATERD_B 0.02} {BREAKWATERD_CLIENT_EXPIRATION 10ms} {BREAKWATERD_INITIAL_CREDIT 400} {BREAKWATERD_LOAD_SHEDDING true} {BREAKWATERD_RTT 1000us} {DAGOR_QUEUING_THRESHOLD 2ms} {DAGOR_ALPHA 0.05} {DAGOR_BETA 0.01} {DAGOR_ADMISSION_LEVEL_UPDATE_INTERVAL 10ms} {DAGOR_UMAX 20}]

Summary:
  Count:	54533
  Total:	14.86 s
  Slowest:	916.17 ms
  Fastest:	110.94 ms
  Average:	130.38 ms
  Requests/sec:	3669.50

Response time histogram:
  110.939 [1]     |
  191.463 [46418] |∎∎∎∎∎∎∎∎∎∎∎∎∎∎∎∎∎∎∎∎∎∎∎∎∎∎∎∎∎∎∎∎∎∎∎∎∎∎∎∎
  271.986 [991]   |∎
  352.509 [1112]  |∎
  433.032 [648]   |∎
  513.555 [89]    |
  594.078 [9]     |
  674.601 [3]     |
  755.124 [3]     |
  835.647 [23]    |
  916.171 [27]    |

Latency distribution:
  10 % in 113.24 ms 
  25 % in 116.54 ms 
  50 % in 130.06 ms 
  75 % in 145.96 ms 
  90 % in 169.35 ms 
  95 % in 210.00 ms 
  99 % in 375.22 ms 

Status code distribution:
  [OK]                  49324 responses   
  [ResourceExhausted]   4988 responses    
  [Canceled]            221 responses     

Error distribution:
  [1]      rpc error: code = ResourceExhausted desc = S_149998854 req dropped by ms-69188. Try again later.           
  [262]    rpc error: code = ResourceExhausted desc = S_149998854 req dropped by ms-55394. Try again later.           
  [543]    rpc error: code = ResourceExhausted desc = S_149998854 req dropped by ms-18330. Try again later.           
  [264]    rpc error: code = ResourceExhausted desc = S_149998854 req dropped by ms-66473. Try again later.           
  [3889]   rpc error: code = ResourceExhausted desc = S_149998854 req dropped by nginx-web-server. Try again later.   
  [29]     rpc error: code = ResourceExhausted desc = S_149998854 req dropped by ms-51685. Try again later.           
  [221]    rpc error: code = Canceled desc = grpc: the client connection is closing                                   

Debug: Checking Namespace=default, Pod=ms-10090-6454f977fd-ftfvj for Target File=deathstar_*.output
Namespace: default, Pod: ms-10090-6454f977fd-ftfvj has the target files.
Copying deathstar_ms-10090.output to deathstar_ms-10090.output
tar: removing leading '/' from member names
Debug: Checking Namespace=default, Pod=ms-13558-b48bb5d9d-4g628 for Target File=deathstar_*.output
Namespace: default, Pod: ms-13558-b48bb5d9d-4g628 has the target files.
Copying deathstar_ms-13558.output to deathstar_ms-13558.output
tar: removing leading '/' from member names
Debug: Checking Namespace=default, Pod=ms-18330-759d9cf49c-g4ldf for Target File=deathstar_*.output
Namespace: default, Pod: ms-18330-759d9cf49c-g4ldf has the target files.
Copying deathstar_ms-18330.output to deathstar_ms-18330.output
Debug: Checking Namespace=default, Pod=ms-19585-6f995cfcbf-z9xfb for Target File=deathstar_*.output
Namespace: default, Pod: ms-19585-6f995cfcbf-z9xfb has the target files.
Copying deathstar_ms-19585.output to deathstar_ms-19585.output
tar: removing leading '/' from member names
Debug: Checking Namespace=default, Pod=ms-20172-59d5485464-744cl for Target File=deathstar_*.output
Namespace: default, Pod: ms-20172-59d5485464-744cl has the target files.
Copying deathstar_ms-20172.output to deathstar_ms-20172.output
tar: removing leading '/' from member names
Debug: Checking Namespace=default, Pod=ms-22893-576fd5f9f6-shhl2 for Target File=deathstar_*.output
Namespace: default, Pod: ms-22893-576fd5f9f6-shhl2 has the target files.
Copying deathstar_ms-22893.output to deathstar_ms-22893.output
tar: removing leading '/' from member names
Debug: Checking Namespace=default, Pod=ms-24009-67dbf5b976-n6sj6 for Target File=deathstar_*.output
Namespace: default, Pod: ms-24009-67dbf5b976-n6sj6 has the target files.
Copying deathstar_ms-24009.output to deathstar_ms-24009.output
tar: removing leading '/' from member names
Debug: Checking Namespace=default, Pod=ms-24959-99f8bbf9-7c822 for Target File=deathstar_*.output
Namespace: default, Pod: ms-24959-99f8bbf9-7c822 has the target files.
Copying deathstar_ms-24959.output to deathstar_ms-24959.output
tar: removing leading '/' from member names
Debug: Checking Namespace=default, Pod=ms-26622-66fdf7d64f-rjxbd for Target File=deathstar_*.output
Namespace: default, Pod: ms-26622-66fdf7d64f-rjxbd has the target files.
Copying deathstar_ms-26622.output to deathstar_ms-26622.output
tar: removing leading '/' from member names
Debug: Checking Namespace=default, Pod=ms-27421-64f549855c-vd9rk for Target File=deathstar_*.output
Namespace: default, Pod: ms-27421-64f549855c-vd9rk has the target files.
Copying deathstar_ms-27421.output to deathstar_ms-27421.output
tar: removing leading '/' from member names
Debug: Checking Namespace=default, Pod=ms-29373-8467f7db44-6k72f for Target File=deathstar_*.output
Namespace: default, Pod: ms-29373-8467f7db44-6k72f has the target files.
Copying deathstar_ms-29373.output to deathstar_ms-29373.output
tar: removing leading '/' from member names
Debug: Checking Namespace=default, Pod=ms-32301-c5654bbc5-frw2c for Target File=deathstar_*.output
Namespace: default, Pod: ms-32301-c5654bbc5-frw2c has the target files.
Copying deathstar_ms-32301.output to deathstar_ms-32301.output
tar: removing leading '/' from member names
Debug: Checking Namespace=default, Pod=ms-3289-587dbd96bf-fwhbk for Target File=deathstar_*.output
Namespace: default, Pod: ms-3289-587dbd96bf-fwhbk has the target files.
Copying deathstar_ms-3289.output to deathstar_ms-3289.output
tar: removing leading '/' from member names
Debug: Checking Namespace=default, Pod=ms-37691-6dc6cd6744-jt4jn for Target File=deathstar_*.output
Namespace: default, Pod: ms-37691-6dc6cd6744-jt4jn has the target files.
Copying deathstar_ms-37691.output to deathstar_ms-37691.output
tar: removing leading '/' from member names
Debug: Checking Namespace=default, Pod=ms-38964-5b647cdbd-jdqgw for Target File=deathstar_*.output
Namespace: default, Pod: ms-38964-5b647cdbd-jdqgw has the target files.
Copying deathstar_ms-38964.output to deathstar_ms-38964.output
tar: removing leading '/' from member names
Debug: Checking Namespace=default, Pod=ms-40147-cd867585-wnddv for Target File=deathstar_*.output
Namespace: default, Pod: ms-40147-cd867585-wnddv has the target files.
Copying deathstar_ms-40147.output to deathstar_ms-40147.output
tar: removing leading '/' from member names
Debug: Checking Namespace=default, Pod=ms-48118-ff7b99cc9-vgcdn for Target File=deathstar_*.output
Namespace: default, Pod: ms-48118-ff7b99cc9-vgcdn has the target files.
Copying deathstar_ms-48118.output to deathstar_ms-48118.output
tar: removing leading '/' from member names
Debug: Checking Namespace=default, Pod=ms-4829-669557b66c-h8df7 for Target File=deathstar_*.output
Namespace: default, Pod: ms-4829-669557b66c-h8df7 has the target files.
Copying deathstar_ms-4829.output to deathstar_ms-4829.output
tar: removing leading '/' from member names
Debug: Checking Namespace=default, Pod=ms-51685-79858c784f-z5ftp for Target File=deathstar_*.output
Namespace: default, Pod: ms-51685-79858c784f-z5ftp has the target files.
Copying deathstar_ms-51685.output to deathstar_ms-51685.output
tar: removing leading '/' from member names
Debug: Checking Namespace=default, Pod=ms-52379-57c6cdd54b-rrf9w for Target File=deathstar_*.output
Namespace: default, Pod: ms-52379-57c6cdd54b-rrf9w has the target files.
Copying deathstar_ms-52379.output to deathstar_ms-52379.output
tar: removing leading '/' from member names
Debug: Checking Namespace=default, Pod=ms-55394-6f999f5df9-bl5mr for Target File=deathstar_*.output
Namespace: default, Pod: ms-55394-6f999f5df9-bl5mr has the target files.
Copying deathstar_ms-55394.output to deathstar_ms-55394.output
tar: removing leading '/' from member names
Debug: Checking Namespace=default, Pod=ms-58436-59dd96f659-5xlhx for Target File=deathstar_*.output
Namespace: default, Pod: ms-58436-59dd96f659-5xlhx has the target files.
Copying deathstar_ms-58436.output to deathstar_ms-58436.output
tar: removing leading '/' from member names
Debug: Checking Namespace=default, Pod=ms-58772-68ff78c966-bh4rn for Target File=deathstar_*.output
Namespace: default, Pod: ms-58772-68ff78c966-bh4rn has the target files.
Copying deathstar_ms-58772.output to deathstar_ms-58772.output
tar: removing leading '/' from member names
Debug: Checking Namespace=default, Pod=ms-59962-756b895b58-gzt6m for Target File=deathstar_*.output
Namespace: default, Pod: ms-59962-756b895b58-gzt6m has the target files.
Copying deathstar_ms-59962.output to deathstar_ms-59962.output
tar: removing leading '/' from member names
Debug: Checking Namespace=default, Pod=ms-60061-68bd84bdcd-7zdcj for Target File=deathstar_*.output
Namespace: default, Pod: ms-60061-68bd84bdcd-7zdcj has the target files.
Copying deathstar_ms-60061.output to deathstar_ms-60061.output
tar: removing leading '/' from member names
Debug: Checking Namespace=default, Pod=ms-6323-974659fcd-r5mcq for Target File=deathstar_*.output
Namespace: default, Pod: ms-6323-974659fcd-r5mcq has the target files.
Copying deathstar_ms-6323.output to deathstar_ms-6323.output
tar: removing leading '/' from member names
Debug: Checking Namespace=default, Pod=ms-65741-65f588bcdf-k4xbw for Target File=deathstar_*.output
Namespace: default, Pod: ms-65741-65f588bcdf-k4xbw has the target files.
Copying deathstar_ms-65741.output to deathstar_ms-65741.output
tar: removing leading '/' from member names
Debug: Checking Namespace=default, Pod=ms-66473-79c66f8bff-56pr6 for Target File=deathstar_*.output
Namespace: default, Pod: ms-66473-79c66f8bff-56pr6 has the target files.
Copying deathstar_ms-66473.output to deathstar_ms-66473.output
tar: removing leading '/' from member names
Debug: Checking Namespace=default, Pod=ms-69188-65c548d4cb-v5v75 for Target File=deathstar_*.output
Namespace: default, Pod: ms-69188-65c548d4cb-v5v75 has the target files.
Copying deathstar_ms-69188.output to deathstar_ms-69188.output
tar: removing leading '/' from member names
Debug: Checking Namespace=default, Pod=ms-69614-794bd8475-zq2g4 for Target File=deathstar_*.output
Namespace: default, Pod: ms-69614-794bd8475-zq2g4 has the target files.
Copying deathstar_ms-69614.output to deathstar_ms-69614.output
tar: removing leading '/' from member names
Debug: Checking Namespace=default, Pod=ms-9081-567985788-fmckc for Target File=deathstar_*.output
Namespace: default, Pod: ms-9081-567985788-fmckc has the target files.
Copying deathstar_ms-9081.output to deathstar_ms-9081.output
tar: removing leading '/' from member names
Debug: Checking Namespace=default, Pod=nginx-web-server-56557f7cb7-wnlmv for Target File=deathstar_*.output
Namespace: default, Pod: nginx-web-server-56557f7cb7-wnlmv has the target files.
Copying deathstar_nginx-web-server.output to deathstar_nginx-web-server.output
tar: removing leading '/' from member names
Debug: Checking Namespace=default, Pod=unknown-6ddf9bd4b5-5cxr2 for Target File=deathstar_*.output
Namespace: default, Pod: unknown-6ddf9bd4b5-5cxr2 has the target files.
Copying deathstar_unknown.output to deathstar_unknown.output
tar: removing leading '/' from member names
