Deployments: ms-11070
ms-11285
ms-11512
ms-1278
ms-13873
ms-19953
ms-21883
ms-25124
ms-27421
ms-2827
ms-33719
ms-37691
ms-43309
ms-4354
ms-46825
ms-60236
ms-71771
ms-8052
ms-902
nginx-web-server
deployment "ms-11070" successfully rolled out
deployment "ms-11285" successfully rolled out
deployment "ms-11512" successfully rolled out
deployment "ms-1278" successfully rolled out
deployment "ms-13873" successfully rolled out
deployment "ms-19953" successfully rolled out
deployment "ms-21883" successfully rolled out
deployment "ms-25124" successfully rolled out
deployment "ms-27421" successfully rolled out
deployment "ms-2827" successfully rolled out
deployment "ms-33719" successfully rolled out
deployment "ms-37691" successfully rolled out
deployment "ms-43309" successfully rolled out
deployment "ms-4354" successfully rolled out
deployment "ms-46825" successfully rolled out
deployment "ms-60236" successfully rolled out
deployment "ms-71771" successfully rolled out
deployment "ms-8052" successfully rolled out
deployment "ms-902" successfully rolled out
deployment "nginx-web-server" successfully rolled out
ENTRY_POINT: nginx-web-server
SERVICE_A_URL: 10.111.113.226:50051
Capacity: 10000
Metadata: request-id={{.RequestNumber}}
Metadata: timestamp={{.TimestampUnix}}
Metadata: method=S_102000854
Charon Configurations:
[{INTERCEPT charon} {PRICE_UPDATE_RATE 12917us} {TOKEN_UPDATE_RATE 11812us} {LATENCY_THRESHOLD 3863us} {PRICE_STEP 128} {PRICE_STRATEGY proportional} {LAZY_UPDATE true} {RATE_LIMITING true} {LOAD_SHEDDING true} {CHARON_TRACK_PRICE false} {BREAKWATER_SLO 12500us} {BREAKWATER_A 0.001} {BREAKWATER_B 0.02} {BREAKWATER_CLIENT_EXPIRATION 10ms} {BREAKWATER_INITIAL_CREDIT 400} {BREAKWATER_LOAD_SHEDDING true} {BREAKWATER_RTT 1000us} {BREAKWATERD_SLO 12500us} {BREAKWATERD_A 0.001} {BREAKWATERD_B 0.02} {BREAKWATERD_CLIENT_EXPIRATION 10ms} {BREAKWATERD_INITIAL_CREDIT 400} {BREAKWATERD_LOAD_SHEDDING true} {BREAKWATERD_RTT 1000us} {DAGOR_QUEUING_THRESHOLD 2ms} {DAGOR_ALPHA 0.05} {DAGOR_BETA 0.01} {DAGOR_ADMISSION_LEVEL_UPDATE_INTERVAL 10ms} {DAGOR_UMAX 20}]

Summary:
  Count:	79546
  Total:	14.80 s
  Slowest:	819.19 ms
  Fastest:	38.91 ms
  Average:	63.04 ms
  Requests/sec:	5374.64

Response time histogram:
  38.905  [1]     |
  116.934 [69671] |∎∎∎∎∎∎∎∎∎∎∎∎∎∎∎∎∎∎∎∎∎∎∎∎∎∎∎∎∎∎∎∎∎∎∎∎∎∎∎∎
  194.962 [1049]  |∎
  272.990 [1044]  |∎
  351.019 [1895]  |∎
  429.047 [504]   |
  507.076 [58]    |
  585.104 [0]     |
  663.132 [0]     |
  741.161 [0]     |
  819.189 [31]    |

Latency distribution:
  10 % in 41.48 ms 
  25 % in 44.98 ms 
  50 % in 51.88 ms 
  75 % in 61.19 ms 
  90 % in 75.76 ms 
  95 % in 175.98 ms 
  99 % in 337.25 ms 

Status code distribution:
  [OK]                  74253 responses   
  [ResourceExhausted]   5075 responses    
  [Canceled]            218 responses     

Error distribution:
  [1]      rpc error: code = ResourceExhausted desc = S_102000854 req dropped by ms-33719. Try again later.           
  [5]      rpc error: code = ResourceExhausted desc = S_102000854 req dropped by ms-71771. Try again later.           
  [218]    rpc error: code = Canceled desc = grpc: the client connection is closing                                   
  [242]    rpc error: code = ResourceExhausted desc = S_102000854 req dropped by ms-60236. Try again later.           
  [214]    rpc error: code = ResourceExhausted desc = S_102000854 req dropped by ms-25124. Try again later.           
  [4102]   rpc error: code = ResourceExhausted desc = S_102000854 req dropped by nginx-web-server. Try again later.   
  [511]    rpc error: code = ResourceExhausted desc = S_102000854 req dropped by ms-13873. Try again later.           

Debug: Checking Namespace=default, Pod=ms-11070-7868c54f44-vfpfb for Target File=deathstar_*.output
Namespace: default, Pod: ms-11070-7868c54f44-vfpfb has the target files.
Copying deathstar_ms-11070.output to deathstar_ms-11070.output
tar: removing leading '/' from member names
Debug: Checking Namespace=default, Pod=ms-11285-67d597dc77-pmtzs for Target File=deathstar_*.output
Namespace: default, Pod: ms-11285-67d597dc77-pmtzs has the target files.
Copying deathstar_ms-11285.output to deathstar_ms-11285.output
tar: removing leading '/' from member names
Debug: Checking Namespace=default, Pod=ms-11512-75f8ddc45b-qcc4x for Target File=deathstar_*.output
Namespace: default, Pod: ms-11512-75f8ddc45b-qcc4x has the target files.
Copying deathstar_ms-11512.output to deathstar_ms-11512.output
tar: removing leading '/' from member names
Debug: Checking Namespace=default, Pod=ms-1278-85766ff6b8-nq8x8 for Target File=deathstar_*.output
Namespace: default, Pod: ms-1278-85766ff6b8-nq8x8 has the target files.
Copying deathstar_ms-1278.output to deathstar_ms-1278.output
tar: removing leading '/' from member names
Debug: Checking Namespace=default, Pod=ms-13873-85d7bb7b97-km5b6 for Target File=deathstar_*.output
Namespace: default, Pod: ms-13873-85d7bb7b97-km5b6 has the target files.
Copying deathstar_ms-13873.output to deathstar_ms-13873.output
tar: removing leading '/' from member names
Debug: Checking Namespace=default, Pod=ms-19953-68cc8998c5-p4s5t for Target File=deathstar_*.output
Namespace: default, Pod: ms-19953-68cc8998c5-p4s5t has the target files.
Copying deathstar_ms-19953.output to deathstar_ms-19953.output
tar: removing leading '/' from member names
Debug: Checking Namespace=default, Pod=ms-21883-f6c88c6d4-bvgxs for Target File=deathstar_*.output
Namespace: default, Pod: ms-21883-f6c88c6d4-bvgxs has the target files.
Copying deathstar_ms-21883.output to deathstar_ms-21883.output
tar: removing leading '/' from member names
Debug: Checking Namespace=default, Pod=ms-25124-77bd4446f5-hqshh for Target File=deathstar_*.output
Namespace: default, Pod: ms-25124-77bd4446f5-hqshh has the target files.
Copying deathstar_ms-25124.output to deathstar_ms-25124.output
tar: removing leading '/' from member names
Debug: Checking Namespace=default, Pod=ms-27421-8565974486-tdmqv for Target File=deathstar_*.output
Namespace: default, Pod: ms-27421-8565974486-tdmqv has the target files.
Copying deathstar_ms-27421.output to deathstar_ms-27421.output
tar: removing leading '/' from member names
Debug: Checking Namespace=default, Pod=ms-2827-5dcc6df4f4-klcwz for Target File=deathstar_*.output
Namespace: default, Pod: ms-2827-5dcc6df4f4-klcwz has the target files.
Copying deathstar_ms-2827.output to deathstar_ms-2827.output
tar: removing leading '/' from member names
Debug: Checking Namespace=default, Pod=ms-33719-6c455cf54c-wdmqm for Target File=deathstar_*.output
Namespace: default, Pod: ms-33719-6c455cf54c-wdmqm has the target files.
Copying deathstar_ms-33719.output to deathstar_ms-33719.output
tar: removing leading '/' from member names
Debug: Checking Namespace=default, Pod=ms-37691-b9bc44798-tv5gb for Target File=deathstar_*.output
Namespace: default, Pod: ms-37691-b9bc44798-tv5gb has the target files.
Copying deathstar_ms-37691.output to deathstar_ms-37691.output
tar: removing leading '/' from member names
Debug: Checking Namespace=default, Pod=ms-43309-54f758d465-r9hkw for Target File=deathstar_*.output
Namespace: default, Pod: ms-43309-54f758d465-r9hkw has the target files.
Copying deathstar_ms-43309.output to deathstar_ms-43309.output
tar: removing leading '/' from member names
Debug: Checking Namespace=default, Pod=ms-4354-669cfcbdf6-rxghh for Target File=deathstar_*.output
Namespace: default, Pod: ms-4354-669cfcbdf6-rxghh has the target files.
Copying deathstar_ms-4354.output to deathstar_ms-4354.output
tar: removing leading '/' from member names
Debug: Checking Namespace=default, Pod=ms-46825-58c684559d-hvxk9 for Target File=deathstar_*.output
Namespace: default, Pod: ms-46825-58c684559d-hvxk9 has the target files.
Copying deathstar_ms-46825.output to deathstar_ms-46825.output
tar: removing leading '/' from member names
Debug: Checking Namespace=default, Pod=ms-60236-64866cf49-zwspj for Target File=deathstar_*.output
Namespace: default, Pod: ms-60236-64866cf49-zwspj has the target files.
Copying deathstar_ms-60236.output to deathstar_ms-60236.output
tar: removing leading '/' from member names
Debug: Checking Namespace=default, Pod=ms-71771-567ddbdd95-wh5jb for Target File=deathstar_*.output
Namespace: default, Pod: ms-71771-567ddbdd95-wh5jb has the target files.
Copying deathstar_ms-71771.output to deathstar_ms-71771.output
tar: removing leading '/' from member names
Debug: Checking Namespace=default, Pod=ms-8052-b995968dc-gw9d8 for Target File=deathstar_*.output
Namespace: default, Pod: ms-8052-b995968dc-gw9d8 has the target files.
Copying deathstar_ms-8052.output to deathstar_ms-8052.output
tar: removing leading '/' from member names
Debug: Checking Namespace=default, Pod=ms-902-5744544f85-6qmvd for Target File=deathstar_*.output
Namespace: default, Pod: ms-902-5744544f85-6qmvd has the target files.
Copying deathstar_ms-902.output to deathstar_ms-902.output
tar: removing leading '/' from member names
Debug: Checking Namespace=default, Pod=nginx-web-server-56557f7cb7-49zj6 for Target File=deathstar_*.output
Namespace: default, Pod: nginx-web-server-56557f7cb7-49zj6 has the target files.
Copying deathstar_nginx-web-server.output to deathstar_nginx-web-server.output
tar: removing leading '/' from member names
