Deployments: ms-11070
ms-11285
ms-11512
ms-1278
ms-13873
ms-19953
ms-21883
ms-25124
ms-27421
ms-2827
ms-33719
ms-37691
ms-43309
ms-4354
ms-46825
ms-60236
ms-71771
ms-8052
ms-902
nginx-web-server
deployment "ms-11070" successfully rolled out
deployment "ms-11285" successfully rolled out
deployment "ms-11512" successfully rolled out
deployment "ms-1278" successfully rolled out
deployment "ms-13873" successfully rolled out
deployment "ms-19953" successfully rolled out
deployment "ms-21883" successfully rolled out
deployment "ms-25124" successfully rolled out
deployment "ms-27421" successfully rolled out
deployment "ms-2827" successfully rolled out
deployment "ms-33719" successfully rolled out
deployment "ms-37691" successfully rolled out
deployment "ms-43309" successfully rolled out
deployment "ms-4354" successfully rolled out
deployment "ms-46825" successfully rolled out
deployment "ms-60236" successfully rolled out
deployment "ms-71771" successfully rolled out
deployment "ms-8052" successfully rolled out
deployment "ms-902" successfully rolled out
deployment "nginx-web-server" successfully rolled out
ENTRY_POINT: nginx-web-server
SERVICE_A_URL: 10.106.175.122:50051
Capacity: 10000
Metadata: method=S_102000854
Metadata: request-id={{.RequestNumber}}
Metadata: timestamp={{.TimestampUnix}}
Charon Configurations:
[{INTERCEPT charon} {PRICE_UPDATE_RATE 20501us} {TOKEN_UPDATE_RATE 26369us} {LATENCY_THRESHOLD 1601us} {PRICE_STEP 38} {PRICE_STRATEGY proportional} {LAZY_UPDATE true} {RATE_LIMITING true} {LOAD_SHEDDING true} {CHARON_TRACK_PRICE false} {BREAKWATER_SLO 12500us} {BREAKWATER_A 0.001} {BREAKWATER_B 0.02} {BREAKWATER_CLIENT_EXPIRATION 10ms} {BREAKWATER_INITIAL_CREDIT 400} {BREAKWATER_LOAD_SHEDDING true} {BREAKWATER_RTT 1000us} {BREAKWATERD_SLO 12500us} {BREAKWATERD_A 0.001} {BREAKWATERD_B 0.02} {BREAKWATERD_CLIENT_EXPIRATION 10ms} {BREAKWATERD_INITIAL_CREDIT 400} {BREAKWATERD_LOAD_SHEDDING true} {BREAKWATERD_RTT 1000us} {DAGOR_QUEUING_THRESHOLD 2ms} {DAGOR_ALPHA 0.05} {DAGOR_BETA 0.01} {DAGOR_ADMISSION_LEVEL_UPDATE_INTERVAL 10ms} {DAGOR_UMAX 20}]

Summary:
  Count:	74440
  Total:	14.76 s
  Slowest:	308.41 ms
  Fastest:	38.84 ms
  Average:	53.62 ms
  Requests/sec:	5042.19

Response time histogram:
  38.837  [1]     |
  65.794  [59864] |∎∎∎∎∎∎∎∎∎∎∎∎∎∎∎∎∎∎∎∎∎∎∎∎∎∎∎∎∎∎∎∎∎∎∎∎∎∎∎∎
  92.751  [4319]  |∎∎∎
  119.708 [672]   |
  146.665 [991]   |∎
  173.622 [733]   |
  200.579 [556]   |
  227.536 [429]   |
  254.493 [433]   |
  281.450 [322]   |
  308.407 [66]    |

Latency distribution:
  10 % in 41.06 ms 
  25 % in 43.47 ms 
  50 % in 48.47 ms 
  75 % in 56.28 ms 
  90 % in 69.79 ms 
  95 % in 123.01 ms 
  99 % in 236.02 ms 

Status code distribution:
  [OK]                  68386 responses   
  [ResourceExhausted]   5962 responses    
  [Canceled]            92 responses      

Error distribution:
  [593]    rpc error: code = ResourceExhausted desc = S_102000854 req dropped by ms-13873. Try again later.           
  [321]    rpc error: code = ResourceExhausted desc = S_102000854 req dropped by ms-60236. Try again later.           
  [1]      rpc error: code = ResourceExhausted desc = S_102000854 req dropped by ms-71771. Try again later.           
  [92]     rpc error: code = Canceled desc = grpc: the client connection is closing                                   
  [269]    rpc error: code = ResourceExhausted desc = S_102000854 req dropped by ms-25124. Try again later.           
  [4778]   rpc error: code = ResourceExhausted desc = S_102000854 req dropped by nginx-web-server. Try again later.   

Debug: Checking Namespace=default, Pod=ms-11070-7868c54f44-g97cs for Target File=deathstar_*.output
Namespace: default, Pod: ms-11070-7868c54f44-g97cs has the target files.
Copying deathstar_ms-11070.output to deathstar_ms-11070.output
tar: removing leading '/' from member names
Debug: Checking Namespace=default, Pod=ms-11285-67d597dc77-nwn55 for Target File=deathstar_*.output
Namespace: default, Pod: ms-11285-67d597dc77-nwn55 has the target files.
Copying deathstar_ms-11285.output to deathstar_ms-11285.output
tar: removing leading '/' from member names
Debug: Checking Namespace=default, Pod=ms-11512-75f8ddc45b-wm7n7 for Target File=deathstar_*.output
Namespace: default, Pod: ms-11512-75f8ddc45b-wm7n7 has the target files.
Copying deathstar_ms-11512.output to deathstar_ms-11512.output
tar: removing leading '/' from member names
Debug: Checking Namespace=default, Pod=ms-1278-85766ff6b8-6qg5p for Target File=deathstar_*.output
Namespace: default, Pod: ms-1278-85766ff6b8-6qg5p has the target files.
Copying deathstar_ms-1278.output to deathstar_ms-1278.output
tar: removing leading '/' from member names
Debug: Checking Namespace=default, Pod=ms-13873-85d7bb7b97-mw9jd for Target File=deathstar_*.output
Namespace: default, Pod: ms-13873-85d7bb7b97-mw9jd has the target files.
Copying deathstar_ms-13873.output to deathstar_ms-13873.output
tar: removing leading '/' from member names
Debug: Checking Namespace=default, Pod=ms-19953-68cc8998c5-57kw5 for Target File=deathstar_*.output
Namespace: default, Pod: ms-19953-68cc8998c5-57kw5 has the target files.
Copying deathstar_ms-19953.output to deathstar_ms-19953.output
tar: removing leading '/' from member names
Debug: Checking Namespace=default, Pod=ms-21883-f6c88c6d4-p7fd4 for Target File=deathstar_*.output
Namespace: default, Pod: ms-21883-f6c88c6d4-p7fd4 has the target files.
Copying deathstar_ms-21883.output to deathstar_ms-21883.output
tar: removing leading '/' from member names
Debug: Checking Namespace=default, Pod=ms-25124-77bd4446f5-btwpj for Target File=deathstar_*.output
Namespace: default, Pod: ms-25124-77bd4446f5-btwpj has the target files.
Copying deathstar_ms-25124.output to deathstar_ms-25124.output
tar: removing leading '/' from member names
Debug: Checking Namespace=default, Pod=ms-27421-8565974486-4fmgg for Target File=deathstar_*.output
Namespace: default, Pod: ms-27421-8565974486-4fmgg has the target files.
Copying deathstar_ms-27421.output to deathstar_ms-27421.output
tar: removing leading '/' from member names
Debug: Checking Namespace=default, Pod=ms-2827-5dcc6df4f4-z5ck2 for Target File=deathstar_*.output
Namespace: default, Pod: ms-2827-5dcc6df4f4-z5ck2 has the target files.
Copying deathstar_ms-2827.output to deathstar_ms-2827.output
tar: removing leading '/' from member names
Debug: Checking Namespace=default, Pod=ms-33719-6c455cf54c-ljwgx for Target File=deathstar_*.output
Namespace: default, Pod: ms-33719-6c455cf54c-ljwgx has the target files.
Copying deathstar_ms-33719.output to deathstar_ms-33719.output
tar: removing leading '/' from member names
Debug: Checking Namespace=default, Pod=ms-37691-b9bc44798-6qsg8 for Target File=deathstar_*.output
Namespace: default, Pod: ms-37691-b9bc44798-6qsg8 has the target files.
Copying deathstar_ms-37691.output to deathstar_ms-37691.output
tar: removing leading '/' from member names
Debug: Checking Namespace=default, Pod=ms-43309-54f758d465-8nj7w for Target File=deathstar_*.output
Namespace: default, Pod: ms-43309-54f758d465-8nj7w has the target files.
Copying deathstar_ms-43309.output to deathstar_ms-43309.output
tar: removing leading '/' from member names
Debug: Checking Namespace=default, Pod=ms-4354-669cfcbdf6-d46w2 for Target File=deathstar_*.output
Namespace: default, Pod: ms-4354-669cfcbdf6-d46w2 has the target files.
Copying deathstar_ms-4354.output to deathstar_ms-4354.output
tar: removing leading '/' from member names
Debug: Checking Namespace=default, Pod=ms-46825-58c684559d-bnpdh for Target File=deathstar_*.output
Namespace: default, Pod: ms-46825-58c684559d-bnpdh has the target files.
Copying deathstar_ms-46825.output to deathstar_ms-46825.output
tar: removing leading '/' from member names
Debug: Checking Namespace=default, Pod=ms-60236-64866cf49-7sshm for Target File=deathstar_*.output
Namespace: default, Pod: ms-60236-64866cf49-7sshm has the target files.
Copying deathstar_ms-60236.output to deathstar_ms-60236.output
tar: removing leading '/' from member names
Debug: Checking Namespace=default, Pod=ms-71771-567ddbdd95-798gs for Target File=deathstar_*.output
Namespace: default, Pod: ms-71771-567ddbdd95-798gs has the target files.
Copying deathstar_ms-71771.output to deathstar_ms-71771.output
tar: removing leading '/' from member names
Debug: Checking Namespace=default, Pod=ms-8052-b995968dc-r4z7k for Target File=deathstar_*.output
Namespace: default, Pod: ms-8052-b995968dc-r4z7k has the target files.
Copying deathstar_ms-8052.output to deathstar_ms-8052.output
tar: removing leading '/' from member names
Debug: Checking Namespace=default, Pod=ms-902-5744544f85-6gll9 for Target File=deathstar_*.output
Namespace: default, Pod: ms-902-5744544f85-6gll9 has the target files.
Copying deathstar_ms-902.output to deathstar_ms-902.output
tar: removing leading '/' from member names
Debug: Checking Namespace=default, Pod=nginx-web-server-56557f7cb7-t7qtb for Target File=deathstar_*.output
Namespace: default, Pod: nginx-web-server-56557f7cb7-t7qtb has the target files.
Copying deathstar_nginx-web-server.output to deathstar_nginx-web-server.output
tar: removing leading '/' from member names
