Deployments: ms-10090
ms-13558
ms-18330
ms-19585
ms-20172
ms-22893
ms-24009
ms-24959
ms-26622
ms-27421
ms-29373
ms-32301
ms-3289
ms-37691
ms-38964
ms-40147
ms-48118
ms-4829
ms-51685
ms-52379
ms-55394
ms-58436
ms-58772
ms-59962
ms-60061
ms-6323
ms-65741
ms-66473
ms-69188
ms-69614
ms-9081
nginx-web-server
unknown
deployment "ms-10090" successfully rolled out
deployment "ms-13558" successfully rolled out
deployment "ms-18330" successfully rolled out
deployment "ms-19585" successfully rolled out
deployment "ms-20172" successfully rolled out
deployment "ms-22893" successfully rolled out
deployment "ms-24009" successfully rolled out
deployment "ms-24959" successfully rolled out
deployment "ms-26622" successfully rolled out
deployment "ms-27421" successfully rolled out
deployment "ms-29373" successfully rolled out
deployment "ms-32301" successfully rolled out
deployment "ms-3289" successfully rolled out
deployment "ms-37691" successfully rolled out
deployment "ms-38964" successfully rolled out
deployment "ms-40147" successfully rolled out
deployment "ms-48118" successfully rolled out
deployment "ms-4829" successfully rolled out
deployment "ms-51685" successfully rolled out
deployment "ms-52379" successfully rolled out
deployment "ms-55394" successfully rolled out
deployment "ms-58436" successfully rolled out
deployment "ms-58772" successfully rolled out
deployment "ms-59962" successfully rolled out
deployment "ms-60061" successfully rolled out
deployment "ms-6323" successfully rolled out
deployment "ms-65741" successfully rolled out
deployment "ms-66473" successfully rolled out
deployment "ms-69188" successfully rolled out
deployment "ms-69614" successfully rolled out
deployment "ms-9081" successfully rolled out
deployment "nginx-web-server" successfully rolled out
deployment "unknown" successfully rolled out
ENTRY_POINT: nginx-web-server
SERVICE_A_URL: 10.103.48.54:50051
Capacity: 10500
Metadata: request-id={{.RequestNumber}}
Metadata: timestamp={{.TimestampUnix}}
Metadata: method=motivation-both
Charon Configurations:
[{INTERCEPT dagorf} {PRICE_UPDATE_RATE 10ms} {TOKEN_UPDATE_RATE 10ms} {LATENCY_THRESHOLD 100us} {PRICE_STEP 0} {PRICE_STRATEGY step} {LAZY_UPDATE false} {RATE_LIMITING true} {LOAD_SHEDDING true} {CHARON_TRACK_PRICE false} {BREAKWATER_SLO 12500us} {BREAKWATER_A 0.001} {BREAKWATER_B 0.02} {BREAKWATER_CLIENT_EXPIRATION 10ms} {BREAKWATER_INITIAL_CREDIT 400} {BREAKWATER_LOAD_SHEDDING true} {BREAKWATER_RTT 1000us} {BREAKWATERD_SLO 12500us} {BREAKWATERD_A 0.001} {BREAKWATERD_B 0.02} {BREAKWATERD_CLIENT_EXPIRATION 10ms} {BREAKWATERD_INITIAL_CREDIT 400} {BREAKWATERD_LOAD_SHEDDING true} {BREAKWATERD_RTT 1000us} {DAGOR_QUEUING_THRESHOLD 611641us} {DAGOR_ALPHA 1.4406489868843162} {DAGOR_BETA 0.00011437481734488664} {DAGOR_ADMISSION_LEVEL_UPDATE_INTERVAL 20909us} {DAGOR_UMAX 4}]

Summary:
  Count:	55304
  Total:	6.84 s
  Slowest:	1.00 s
  Fastest:	0.31 ms
  Average:	889.62 ms
  Requests/sec:	8088.00

Response time histogram:
  0.312    [1]    |
  100.284  [1339] |∎∎∎∎∎∎∎∎∎∎∎∎∎∎∎∎∎∎∎∎∎∎∎∎∎∎∎∎∎∎∎∎∎∎∎∎∎∎∎∎
  200.255  [137]  |∎∎∎∎
  300.227  [139]  |∎∎∎∎
  400.199  [131]  |∎∎∎∎
  500.170  [142]  |∎∎∎∎
  600.142  [137]  |∎∎∎∎
  700.113  [145]  |∎∎∎∎
  800.085  [139]  |∎∎∎∎
  900.056  [140]  |∎∎∎∎
  1000.028 [137]  |∎∎∎∎

Latency distribution:
  10 % in 0.61 ms 
  25 % in 0.80 ms 
  50 % in 67.07 ms 
  75 % in 528.76 ms 
  90 % in 813.10 ms 
  95 % in 904.99 ms 
  99 % in 981.35 ms 

Status code distribution:
  [DeadlineExceeded]   43851 responses   
  [OK]                 2587 responses    
  [Canceled]           8866 responses    

Error distribution:
  [43851]   rpc error: code = DeadlineExceeded desc = context deadline exceeded        
  [8866]    rpc error: code = Canceled desc = grpc: the client connection is closing   

Debug: Checking Namespace=default, Pod=ms-10090-6454f977fd-4hnvs for Target File=deathstar_*.output
Namespace: default, Pod: ms-10090-6454f977fd-4hnvs has the target files.
Copying deathstar_ms-10090.output to deathstar_ms-10090.output
tar: removing leading '/' from member names
Debug: Checking Namespace=default, Pod=ms-13558-b48bb5d9d-86vrh for Target File=deathstar_*.output
Namespace: default, Pod: ms-13558-b48bb5d9d-86vrh has the target files.
Copying deathstar_ms-13558.output to deathstar_ms-13558.output
tar: removing leading '/' from member names
Debug: Checking Namespace=default, Pod=ms-18330-759d9cf49c-sqwwc for Target File=deathstar_*.output
Namespace: default, Pod: ms-18330-759d9cf49c-sqwwc has the target files.
Copying deathstar_ms-18330.output to deathstar_ms-18330.output
tar: removing leading '/' from member names
Debug: Checking Namespace=default, Pod=ms-19585-6f995cfcbf-xnxxt for Target File=deathstar_*.output
Namespace: default, Pod: ms-19585-6f995cfcbf-xnxxt has the target files.
Copying deathstar_ms-19585.output to deathstar_ms-19585.output
tar: removing leading '/' from member names
Debug: Checking Namespace=default, Pod=ms-20172-59d5485464-pn8qm for Target File=deathstar_*.output
Namespace: default, Pod: ms-20172-59d5485464-pn8qm has the target files.
Copying deathstar_ms-20172.output to deathstar_ms-20172.output
tar: removing leading '/' from member names
Debug: Checking Namespace=default, Pod=ms-22893-576fd5f9f6-gp9k5 for Target File=deathstar_*.output
Namespace: default, Pod: ms-22893-576fd5f9f6-gp9k5 has the target files.
Copying deathstar_ms-22893.output to deathstar_ms-22893.output
tar: removing leading '/' from member names
Debug: Checking Namespace=default, Pod=ms-24009-67dbf5b976-vdks6 for Target File=deathstar_*.output
Namespace: default, Pod: ms-24009-67dbf5b976-vdks6 has the target files.
Copying deathstar_ms-24009.output to deathstar_ms-24009.output
tar: removing leading '/' from member names
Debug: Checking Namespace=default, Pod=ms-24959-99f8bbf9-q9v2m for Target File=deathstar_*.output
Namespace: default, Pod: ms-24959-99f8bbf9-q9v2m has the target files.
Copying deathstar_ms-24959.output to deathstar_ms-24959.output
tar: removing leading '/' from member names
Debug: Checking Namespace=default, Pod=ms-26622-66fdf7d64f-xhhc2 for Target File=deathstar_*.output
Namespace: default, Pod: ms-26622-66fdf7d64f-xhhc2 has the target files.
Copying deathstar_ms-26622.output to deathstar_ms-26622.output
tar: removing leading '/' from member names
Debug: Checking Namespace=default, Pod=ms-27421-64f549855c-hx4k9 for Target File=deathstar_*.output
Namespace: default, Pod: ms-27421-64f549855c-hx4k9 has the target files.
Copying deathstar_ms-27421.output to deathstar_ms-27421.output
tar: removing leading '/' from member names
Debug: Checking Namespace=default, Pod=ms-29373-8467f7db44-ns8jv for Target File=deathstar_*.output
Namespace: default, Pod: ms-29373-8467f7db44-ns8jv has the target files.
Copying deathstar_ms-29373.output to deathstar_ms-29373.output
tar: removing leading '/' from member names
Debug: Checking Namespace=default, Pod=ms-32301-c5654bbc5-zgz75 for Target File=deathstar_*.output
Namespace: default, Pod: ms-32301-c5654bbc5-zgz75 has the target files.
Copying deathstar_ms-32301.output to deathstar_ms-32301.output
tar: removing leading '/' from member names
Debug: Checking Namespace=default, Pod=ms-3289-587dbd96bf-rpmfh for Target File=deathstar_*.output
Namespace: default, Pod: ms-3289-587dbd96bf-rpmfh has the target files.
Copying deathstar_ms-3289.output to deathstar_ms-3289.output
tar: removing leading '/' from member names
Debug: Checking Namespace=default, Pod=ms-37691-6dc6cd6744-s7bmb for Target File=deathstar_*.output
Namespace: default, Pod: ms-37691-6dc6cd6744-s7bmb has the target files.
Copying deathstar_ms-37691.output to deathstar_ms-37691.output
tar: removing leading '/' from member names
Debug: Checking Namespace=default, Pod=ms-38964-5b647cdbd-jxlxx for Target File=deathstar_*.output
Namespace: default, Pod: ms-38964-5b647cdbd-jxlxx has the target files.
Copying deathstar_ms-38964.output to deathstar_ms-38964.output
tar: removing leading '/' from member names
Debug: Checking Namespace=default, Pod=ms-40147-cd867585-7nngv for Target File=deathstar_*.output
Namespace: default, Pod: ms-40147-cd867585-7nngv has the target files.
Copying deathstar_ms-40147.output to deathstar_ms-40147.output
tar: removing leading '/' from member names
Debug: Checking Namespace=default, Pod=ms-48118-ff7b99cc9-hj8jx for Target File=deathstar_*.output
Namespace: default, Pod: ms-48118-ff7b99cc9-hj8jx has the target files.
Copying deathstar_ms-48118.output to deathstar_ms-48118.output
tar: removing leading '/' from member names
Debug: Checking Namespace=default, Pod=ms-4829-669557b66c-49hgn for Target File=deathstar_*.output
Namespace: default, Pod: ms-4829-669557b66c-49hgn has the target files.
Copying deathstar_ms-4829.output to deathstar_ms-4829.output
tar: removing leading '/' from member names
Debug: Checking Namespace=default, Pod=ms-51685-79858c784f-ngs5r for Target File=deathstar_*.output
Namespace: default, Pod: ms-51685-79858c784f-ngs5r has the target files.
Copying deathstar_ms-51685.output to deathstar_ms-51685.output
tar: removing leading '/' from member names
Debug: Checking Namespace=default, Pod=ms-52379-57c6cdd54b-zx4rv for Target File=deathstar_*.output
Namespace: default, Pod: ms-52379-57c6cdd54b-zx4rv has the target files.
Copying deathstar_ms-52379.output to deathstar_ms-52379.output
tar: removing leading '/' from member names
Debug: Checking Namespace=default, Pod=ms-55394-6f999f5df9-b7lx2 for Target File=deathstar_*.output
Namespace: default, Pod: ms-55394-6f999f5df9-b7lx2 has the target files.
Copying deathstar_ms-55394.output to deathstar_ms-55394.output
tar: removing leading '/' from member names
Debug: Checking Namespace=default, Pod=ms-58436-59dd96f659-whcvq for Target File=deathstar_*.output
Namespace: default, Pod: ms-58436-59dd96f659-whcvq has the target files.
Copying deathstar_ms-58436.output to deathstar_ms-58436.output
tar: removing leading '/' from member names
Debug: Checking Namespace=default, Pod=ms-58772-68ff78c966-phrhm for Target File=deathstar_*.output
Namespace: default, Pod: ms-58772-68ff78c966-phrhm has the target files.
Copying deathstar_ms-58772.output to deathstar_ms-58772.output
tar: removing leading '/' from member names
Debug: Checking Namespace=default, Pod=ms-59962-756b895b58-plt6z for Target File=deathstar_*.output
Namespace: default, Pod: ms-59962-756b895b58-plt6z has the target files.
Copying deathstar_ms-59962.output to deathstar_ms-59962.output
tar: removing leading '/' from member names
Debug: Checking Namespace=default, Pod=ms-60061-68bd84bdcd-559wb for Target File=deathstar_*.output
Namespace: default, Pod: ms-60061-68bd84bdcd-559wb has the target files.
Copying deathstar_ms-60061.output to deathstar_ms-60061.output
tar: removing leading '/' from member names
Debug: Checking Namespace=default, Pod=ms-6323-974659fcd-gf85m for Target File=deathstar_*.output
Namespace: default, Pod: ms-6323-974659fcd-gf85m has the target files.
Copying deathstar_ms-6323.output to deathstar_ms-6323.output
tar: removing leading '/' from member names
Debug: Checking Namespace=default, Pod=ms-65741-65f588bcdf-n8rfq for Target File=deathstar_*.output
Namespace: default, Pod: ms-65741-65f588bcdf-n8rfq has the target files.
Copying deathstar_ms-65741.output to deathstar_ms-65741.output
tar: removing leading '/' from member names
Debug: Checking Namespace=default, Pod=ms-66473-79c66f8bff-42b89 for Target File=deathstar_*.output
Namespace: default, Pod: ms-66473-79c66f8bff-42b89 has the target files.
Copying deathstar_ms-66473.output to deathstar_ms-66473.output
tar: removing leading '/' from member names
Debug: Checking Namespace=default, Pod=ms-69188-65c548d4cb-bqr4r for Target File=deathstar_*.output
Namespace: default, Pod: ms-69188-65c548d4cb-bqr4r has the target files.
Copying deathstar_ms-69188.output to deathstar_ms-69188.output
tar: removing leading '/' from member names
Debug: Checking Namespace=default, Pod=ms-69614-794bd8475-k5skr for Target File=deathstar_*.output
Namespace: default, Pod: ms-69614-794bd8475-k5skr has the target files.
Copying deathstar_ms-69614.output to deathstar_ms-69614.output
Debug: Checking Namespace=default, Pod=ms-9081-567985788-6pkjf for Target File=deathstar_*.output
Namespace: default, Pod: ms-9081-567985788-6pkjf has the target files.
Copying deathstar_ms-9081.output to deathstar_ms-9081.output
tar: removing leading '/' from member names
Debug: Checking Namespace=default, Pod=nginx-web-server-56557f7cb7-z76x7 for Target File=deathstar_*.output
Namespace: default, Pod: nginx-web-server-56557f7cb7-z76x7 has the target files.
Copying deathstar_nginx-web-server.output to deathstar_nginx-web-server.output
tar: removing leading '/' from member names
Debug: Checking Namespace=default, Pod=unknown-6ddf9bd4b5-7h9zv for Target File=deathstar_*.output
Namespace: default, Pod: unknown-6ddf9bd4b5-7h9zv has the target files.
Copying deathstar_unknown.output to deathstar_unknown.output
tar: removing leading '/' from member names
