Deployments: ms-11070
ms-11285
ms-11512
ms-1278
ms-13873
ms-19953
ms-21883
ms-25124
ms-27421
ms-2827
ms-33719
ms-37691
ms-43309
ms-4354
ms-46825
ms-60236
ms-71771
ms-8052
ms-902
nginx-web-server
deployment "ms-11070" successfully rolled out
deployment "ms-11285" successfully rolled out
deployment "ms-11512" successfully rolled out
deployment "ms-1278" successfully rolled out
deployment "ms-13873" successfully rolled out
deployment "ms-19953" successfully rolled out
deployment "ms-21883" successfully rolled out
deployment "ms-25124" successfully rolled out
deployment "ms-27421" successfully rolled out
deployment "ms-2827" successfully rolled out
deployment "ms-33719" successfully rolled out
deployment "ms-37691" successfully rolled out
deployment "ms-43309" successfully rolled out
deployment "ms-4354" successfully rolled out
deployment "ms-46825" successfully rolled out
deployment "ms-60236" successfully rolled out
deployment "ms-71771" successfully rolled out
deployment "ms-8052" successfully rolled out
deployment "ms-902" successfully rolled out
deployment "nginx-web-server" successfully rolled out
ENTRY_POINT: nginx-web-server
SERVICE_A_URL: 10.102.183.225:50051
Capacity: 10000
Metadata: request-id={{.RequestNumber}}
Metadata: timestamp={{.TimestampUnix}}
Metadata: method=S_102000854
Charon Configurations:
[{INTERCEPT breakwaterd} {PRICE_UPDATE_RATE 10ms} {TOKEN_UPDATE_RATE 10ms} {LATENCY_THRESHOLD 100us} {PRICE_STEP 0} {PRICE_STRATEGY step} {LAZY_UPDATE false} {RATE_LIMITING true} {LOAD_SHEDDING true} {CHARON_TRACK_PRICE false} {BREAKWATER_SLO 41890us} {BREAKWATER_A 22.566346284709386} {BREAKWATER_B 9.016771316765022} {BREAKWATER_CLIENT_EXPIRATION 4601us} {BREAKWATER_INITIAL_CREDIT 168} {BREAKWATER_LOAD_SHEDDING true} {BREAKWATER_RTT 1616us} {BREAKWATERD_SLO 17113us} {BREAKWATERD_A 6.995262626643976} {BREAKWATERD_B 2.530386532789869} {BREAKWATERD_CLIENT_EXPIRATION 58392us} {BREAKWATERD_INITIAL_CREDIT 4265} {BREAKWATERD_LOAD_SHEDDING true} {BREAKWATERD_RTT 8193us} {DAGOR_QUEUING_THRESHOLD 2ms} {DAGOR_ALPHA 0.05} {DAGOR_BETA 0.01} {DAGOR_ADMISSION_LEVEL_UPDATE_INTERVAL 10ms} {DAGOR_UMAX 20}]

Summary:
  Count:	109624
  Total:	24.84 s
  Slowest:	857.04 ms
  Fastest:	39.17 ms
  Average:	437.55 ms
  Requests/sec:	4414.07

Response time histogram:
  39.170  [1]     |
  120.957 [21106] |∎∎∎∎∎∎∎∎∎∎∎∎∎∎∎∎∎∎∎∎∎∎∎∎∎∎∎∎∎∎∎∎∎∎∎∎∎∎∎∎
  202.744 [17355] |∎∎∎∎∎∎∎∎∎∎∎∎∎∎∎∎∎∎∎∎∎∎∎∎∎∎∎∎∎∎∎∎∎
  284.532 [3693]  |∎∎∎∎∎∎∎
  366.319 [92]    |
  448.107 [0]     |
  529.894 [0]     |
  611.681 [0]     |
  693.469 [0]     |
  775.256 [85]    |
  857.043 [138]   |

Latency distribution:
  10 % in 42.00 ms 
  25 % in 45.60 ms 
  50 % in 121.54 ms 
  75 % in 165.26 ms 
  90 % in 200.91 ms 
  95 % in 219.91 ms 
  99 % in 268.34 ms 

Status code distribution:
  [Canceled]            8956 responses    
  [OK]                  42470 responses   
  [ResourceExhausted]   21208 responses   
  [DeadlineExceeded]    36990 responses   

Error distribution:
  [36990]   rpc error: code = DeadlineExceeded desc = context deadline exceeded                                                   
  [8956]    rpc error: code = Canceled desc = grpc: the client connection is closing                                              
  [11099]   rpc error: code = ResourceExhausted desc = Client id 898046f5-4cf7-43f5-9d8c-6e3ebb28bd59 request expired in queue.   
  [8542]    rpc error: code = ResourceExhausted desc = Server-side queuing delay is beyond AQM threshold                          
  [1549]    rpc error: code = ResourceExhausted desc = Client id 32b7261f-95ba-45fb-99fc-9f975c54160a request expired in queue.   
  [18]      rpc error: code = ResourceExhausted desc = Client id 943bcbe3-9b83-411b-8de2-0ad27cd5da18 request expired in queue.   

Debug: Checking Namespace=default, Pod=ms-11070-7868c54f44-4h52f for Target File=deathstar_*.output
Namespace: default, Pod: ms-11070-7868c54f44-4h52f has the target files.
Copying deathstar_ms-11070.output to deathstar_ms-11070.output
tar: removing leading '/' from member names
Debug: Checking Namespace=default, Pod=ms-11285-67d597dc77-f6n4c for Target File=deathstar_*.output
Namespace: default, Pod: ms-11285-67d597dc77-f6n4c has the target files.
Copying deathstar_ms-11285.output to deathstar_ms-11285.output
tar: removing leading '/' from member names
Debug: Checking Namespace=default, Pod=ms-11512-75f8ddc45b-cv9rv for Target File=deathstar_*.output
Namespace: default, Pod: ms-11512-75f8ddc45b-cv9rv has the target files.
Copying deathstar_ms-11512.output to deathstar_ms-11512.output
tar: removing leading '/' from member names
Debug: Checking Namespace=default, Pod=ms-1278-85766ff6b8-g6w29 for Target File=deathstar_*.output
Namespace: default, Pod: ms-1278-85766ff6b8-g6w29 has the target files.
Copying deathstar_ms-1278.output to deathstar_ms-1278.output
tar: removing leading '/' from member names
Debug: Checking Namespace=default, Pod=ms-13873-85d7bb7b97-jqj4t for Target File=deathstar_*.output
Namespace: default, Pod: ms-13873-85d7bb7b97-jqj4t has the target files.
Copying deathstar_ms-13873.output to deathstar_ms-13873.output
tar: removing leading '/' from member names
Debug: Checking Namespace=default, Pod=ms-19953-68cc8998c5-bfm9s for Target File=deathstar_*.output
Namespace: default, Pod: ms-19953-68cc8998c5-bfm9s has the target files.
Copying deathstar_ms-19953.output to deathstar_ms-19953.output
tar: removing leading '/' from member names
Debug: Checking Namespace=default, Pod=ms-21883-f6c88c6d4-cf8nh for Target File=deathstar_*.output
Namespace: default, Pod: ms-21883-f6c88c6d4-cf8nh has the target files.
Copying deathstar_ms-21883.output to deathstar_ms-21883.output
tar: removing leading '/' from member names
Debug: Checking Namespace=default, Pod=ms-25124-77bd4446f5-6p5n2 for Target File=deathstar_*.output
Namespace: default, Pod: ms-25124-77bd4446f5-6p5n2 has the target files.
Copying deathstar_ms-25124.output to deathstar_ms-25124.output
tar: removing leading '/' from member names
Debug: Checking Namespace=default, Pod=ms-27421-8565974486-l58kq for Target File=deathstar_*.output
Namespace: default, Pod: ms-27421-8565974486-l58kq has the target files.
Copying deathstar_ms-27421.output to deathstar_ms-27421.output
tar: removing leading '/' from member names
Debug: Checking Namespace=default, Pod=ms-2827-5dcc6df4f4-j56g9 for Target File=deathstar_*.output
Namespace: default, Pod: ms-2827-5dcc6df4f4-j56g9 has the target files.
Copying deathstar_ms-2827.output to deathstar_ms-2827.output
tar: removing leading '/' from member names
Debug: Checking Namespace=default, Pod=ms-33719-6c455cf54c-25c6w for Target File=deathstar_*.output
Namespace: default, Pod: ms-33719-6c455cf54c-25c6w has the target files.
Copying deathstar_ms-33719.output to deathstar_ms-33719.output
tar: removing leading '/' from member names
Debug: Checking Namespace=default, Pod=ms-37691-b9bc44798-ll9qk for Target File=deathstar_*.output
Namespace: default, Pod: ms-37691-b9bc44798-ll9qk has the target files.
Copying deathstar_ms-37691.output to deathstar_ms-37691.output
tar: removing leading '/' from member names
Debug: Checking Namespace=default, Pod=ms-43309-54f758d465-qm7kc for Target File=deathstar_*.output
Namespace: default, Pod: ms-43309-54f758d465-qm7kc has the target files.
Copying deathstar_ms-43309.output to deathstar_ms-43309.output
tar: removing leading '/' from member names
Debug: Checking Namespace=default, Pod=ms-4354-669cfcbdf6-dffln for Target File=deathstar_*.output
Namespace: default, Pod: ms-4354-669cfcbdf6-dffln has the target files.
Copying deathstar_ms-4354.output to deathstar_ms-4354.output
tar: removing leading '/' from member names
Debug: Checking Namespace=default, Pod=ms-46825-58c684559d-fgb9j for Target File=deathstar_*.output
Namespace: default, Pod: ms-46825-58c684559d-fgb9j has the target files.
Copying deathstar_ms-46825.output to deathstar_ms-46825.output
tar: removing leading '/' from member names
Debug: Checking Namespace=default, Pod=ms-60236-64866cf49-tk2t7 for Target File=deathstar_*.output
Namespace: default, Pod: ms-60236-64866cf49-tk2t7 has the target files.
Copying deathstar_ms-60236.output to deathstar_ms-60236.output
tar: removing leading '/' from member names
Debug: Checking Namespace=default, Pod=ms-71771-567ddbdd95-zntwk for Target File=deathstar_*.output
Namespace: default, Pod: ms-71771-567ddbdd95-zntwk has the target files.
Copying deathstar_ms-71771.output to deathstar_ms-71771.output
tar: removing leading '/' from member names
Debug: Checking Namespace=default, Pod=ms-8052-b995968dc-hlqqx for Target File=deathstar_*.output
Namespace: default, Pod: ms-8052-b995968dc-hlqqx has the target files.
Copying deathstar_ms-8052.output to deathstar_ms-8052.output
tar: removing leading '/' from member names
Debug: Checking Namespace=default, Pod=ms-902-5744544f85-pc4cp for Target File=deathstar_*.output
Namespace: default, Pod: ms-902-5744544f85-pc4cp has the target files.
Copying deathstar_ms-902.output to deathstar_ms-902.output
tar: removing leading '/' from member names
Debug: Checking Namespace=default, Pod=nginx-web-server-56557f7cb7-j55ds for Target File=deathstar_*.output
Namespace: default, Pod: nginx-web-server-56557f7cb7-j55ds has the target files.
Copying deathstar_nginx-web-server.output to deathstar_nginx-web-server.output
tar: removing leading '/' from member names
