Deployments: ms-10090
ms-13558
ms-18330
ms-19585
ms-20172
ms-22893
ms-24009
ms-24959
ms-26622
ms-27421
ms-29373
ms-32301
ms-3289
ms-37691
ms-38964
ms-40147
ms-48118
ms-4829
ms-51685
ms-52379
ms-55394
ms-58436
ms-58772
ms-59962
ms-60061
ms-6323
ms-65741
ms-66473
ms-69188
ms-69614
ms-9081
nginx-web-server
unknown
deployment "ms-10090" successfully rolled out
deployment "ms-13558" successfully rolled out
deployment "ms-18330" successfully rolled out
deployment "ms-19585" successfully rolled out
deployment "ms-20172" successfully rolled out
deployment "ms-22893" successfully rolled out
deployment "ms-24009" successfully rolled out
deployment "ms-24959" successfully rolled out
deployment "ms-26622" successfully rolled out
deployment "ms-27421" successfully rolled out
deployment "ms-29373" successfully rolled out
deployment "ms-32301" successfully rolled out
deployment "ms-3289" successfully rolled out
deployment "ms-37691" successfully rolled out
deployment "ms-38964" successfully rolled out
deployment "ms-40147" successfully rolled out
deployment "ms-48118" successfully rolled out
deployment "ms-4829" successfully rolled out
deployment "ms-51685" successfully rolled out
deployment "ms-52379" successfully rolled out
deployment "ms-55394" successfully rolled out
deployment "ms-58436" successfully rolled out
deployment "ms-58772" successfully rolled out
deployment "ms-59962" successfully rolled out
deployment "ms-60061" successfully rolled out
deployment "ms-6323" successfully rolled out
deployment "ms-65741" successfully rolled out
deployment "ms-66473" successfully rolled out
deployment "ms-69188" successfully rolled out
deployment "ms-69614" successfully rolled out
deployment "ms-9081" successfully rolled out
deployment "nginx-web-server" successfully rolled out
deployment "unknown" successfully rolled out
ENTRY_POINT: nginx-web-server
SERVICE_A_URL: 10.107.158.8:50051
Capacity: 13000
Metadata: request-id={{.RequestNumber}}
Metadata: timestamp={{.TimestampUnix}}
Metadata: method=motivation-both
Charon Configurations:
[{INTERCEPT dagorf} {PRICE_UPDATE_RATE 10ms} {TOKEN_UPDATE_RATE 10ms} {LATENCY_THRESHOLD 100us} {PRICE_STEP 0} {PRICE_STRATEGY step} {LAZY_UPDATE false} {RATE_LIMITING true} {LOAD_SHEDDING true} {CHARON_TRACK_PRICE false} {BREAKWATER_SLO 12500us} {BREAKWATER_A 0.001} {BREAKWATER_B 0.02} {BREAKWATER_CLIENT_EXPIRATION 10ms} {BREAKWATER_INITIAL_CREDIT 400} {BREAKWATER_LOAD_SHEDDING true} {BREAKWATER_RTT 1000us} {BREAKWATERD_SLO 12500us} {BREAKWATERD_A 0.001} {BREAKWATERD_B 0.02} {BREAKWATERD_CLIENT_EXPIRATION 10ms} {BREAKWATERD_INITIAL_CREDIT 400} {BREAKWATERD_LOAD_SHEDDING true} {BREAKWATERD_RTT 1000us} {DAGOR_QUEUING_THRESHOLD 611641us} {DAGOR_ALPHA 1.4406489868843162} {DAGOR_BETA 0.00011437481734488664} {DAGOR_ADMISSION_LEVEL_UPDATE_INTERVAL 20909us} {DAGOR_UMAX 4}]

Summary:
  Count:	68504
  Total:	6.80 s
  Slowest:	6.95 ms
  Fastest:	0.34 ms
  Average:	0.03 ms
  Requests/sec:	10072.22

Response time histogram:
  0.338 [1]   |
  1.000 [797] |∎∎∎∎∎∎∎∎∎∎∎∎∎∎∎∎∎∎∎∎∎∎∎∎∎∎∎∎∎∎∎∎∎∎∎∎∎∎∎∎
  1.661 [116] |∎∎∎∎∎∎
  2.323 [34]  |∎∎
  2.984 [19]  |∎
  3.646 [9]   |
  4.308 [8]   |
  4.969 [5]   |
  5.631 [3]   |
  6.292 [3]   |
  6.954 [2]   |

Latency distribution:
  10 % in 0.48 ms 
  25 % in 0.57 ms 
  50 % in 0.70 ms 
  75 % in 0.92 ms 
  90 % in 1.44 ms 
  95 % in 2.28 ms 
  99 % in 4.72 ms 

Status code distribution:
  [Unavailable]   67507 responses   
  [OK]            997 responses     

Error distribution:
  [67507]   rpc error: code = Unavailable desc = connection error: desc = "transport: Error while dialing: dial tcp 10.107.158.8:50051: connect: connection refused"   

Debug: Checking Namespace=default, Pod=ms-10090-6454f977fd-mjxdd for Target File=deathstar_*.output
Namespace: default, Pod: ms-10090-6454f977fd-mjxdd has the target files.
Copying deathstar_ms-10090.output to deathstar_ms-10090.output
tar: removing leading '/' from member names
Debug: Checking Namespace=default, Pod=ms-13558-b48bb5d9d-7gdpk for Target File=deathstar_*.output
Namespace: default, Pod: ms-13558-b48bb5d9d-7gdpk has the target files.
Copying deathstar_ms-13558.output to deathstar_ms-13558.output
tar: removing leading '/' from member names
Debug: Checking Namespace=default, Pod=ms-18330-759d9cf49c-srmdq for Target File=deathstar_*.output
Namespace: default, Pod: ms-18330-759d9cf49c-srmdq has the target files.
Copying deathstar_ms-18330.output to deathstar_ms-18330.output
tar: removing leading '/' from member names
Debug: Checking Namespace=default, Pod=ms-19585-6f995cfcbf-nrsvk for Target File=deathstar_*.output
Namespace: default, Pod: ms-19585-6f995cfcbf-nrsvk has the target files.
Copying deathstar_ms-19585.output to deathstar_ms-19585.output
tar: removing leading '/' from member names
Debug: Checking Namespace=default, Pod=ms-20172-59d5485464-4z4x2 for Target File=deathstar_*.output
Namespace: default, Pod: ms-20172-59d5485464-4z4x2 has the target files.
Copying deathstar_ms-20172.output to deathstar_ms-20172.output
tar: removing leading '/' from member names
Debug: Checking Namespace=default, Pod=ms-22893-576fd5f9f6-xkfcx for Target File=deathstar_*.output
Namespace: default, Pod: ms-22893-576fd5f9f6-xkfcx has the target files.
Copying deathstar_ms-22893.output to deathstar_ms-22893.output
tar: removing leading '/' from member names
Debug: Checking Namespace=default, Pod=ms-24009-67dbf5b976-g46kb for Target File=deathstar_*.output
Namespace: default, Pod: ms-24009-67dbf5b976-g46kb has the target files.
Copying deathstar_ms-24009.output to deathstar_ms-24009.output
tar: removing leading '/' from member names
Debug: Checking Namespace=default, Pod=ms-24959-99f8bbf9-fs556 for Target File=deathstar_*.output
Namespace: default, Pod: ms-24959-99f8bbf9-fs556 has the target files.
Copying deathstar_ms-24959.output to deathstar_ms-24959.output
tar: removing leading '/' from member names
Debug: Checking Namespace=default, Pod=ms-26622-66fdf7d64f-89d9q for Target File=deathstar_*.output
Namespace: default, Pod: ms-26622-66fdf7d64f-89d9q has the target files.
Copying deathstar_ms-26622.output to deathstar_ms-26622.output
tar: removing leading '/' from member names
Debug: Checking Namespace=default, Pod=ms-27421-64f549855c-qs7j5 for Target File=deathstar_*.output
Namespace: default, Pod: ms-27421-64f549855c-qs7j5 has the target files.
Copying deathstar_ms-27421.output to deathstar_ms-27421.output
tar: removing leading '/' from member names
Debug: Checking Namespace=default, Pod=ms-29373-8467f7db44-z9jg4 for Target File=deathstar_*.output
Namespace: default, Pod: ms-29373-8467f7db44-z9jg4 has the target files.
Copying deathstar_ms-29373.output to deathstar_ms-29373.output
tar: removing leading '/' from member names
Debug: Checking Namespace=default, Pod=ms-32301-c5654bbc5-2rfph for Target File=deathstar_*.output
Namespace: default, Pod: ms-32301-c5654bbc5-2rfph has the target files.
Copying deathstar_ms-32301.output to deathstar_ms-32301.output
tar: removing leading '/' from member names
Debug: Checking Namespace=default, Pod=ms-3289-587dbd96bf-mb7z4 for Target File=deathstar_*.output
Namespace: default, Pod: ms-3289-587dbd96bf-mb7z4 has the target files.
Copying deathstar_ms-3289.output to deathstar_ms-3289.output
tar: removing leading '/' from member names
Debug: Checking Namespace=default, Pod=ms-37691-6dc6cd6744-szkjf for Target File=deathstar_*.output
Namespace: default, Pod: ms-37691-6dc6cd6744-szkjf has the target files.
Copying deathstar_ms-37691.output to deathstar_ms-37691.output
tar: removing leading '/' from member names
Debug: Checking Namespace=default, Pod=ms-38964-5b647cdbd-5b6kn for Target File=deathstar_*.output
Namespace: default, Pod: ms-38964-5b647cdbd-5b6kn has the target files.
Copying deathstar_ms-38964.output to deathstar_ms-38964.output
tar: removing leading '/' from member names
Debug: Checking Namespace=default, Pod=ms-40147-cd867585-2dl6k for Target File=deathstar_*.output
Namespace: default, Pod: ms-40147-cd867585-2dl6k has the target files.
Copying deathstar_ms-40147.output to deathstar_ms-40147.output
tar: removing leading '/' from member names
Debug: Checking Namespace=default, Pod=ms-48118-ff7b99cc9-9snl8 for Target File=deathstar_*.output
Namespace: default, Pod: ms-48118-ff7b99cc9-9snl8 has the target files.
Copying deathstar_ms-48118.output to deathstar_ms-48118.output
tar: removing leading '/' from member names
Debug: Checking Namespace=default, Pod=ms-4829-669557b66c-76d5g for Target File=deathstar_*.output
Namespace: default, Pod: ms-4829-669557b66c-76d5g has the target files.
Copying deathstar_ms-4829.output to deathstar_ms-4829.output
tar: removing leading '/' from member names
Debug: Checking Namespace=default, Pod=ms-51685-79858c784f-jgsmt for Target File=deathstar_*.output
Namespace: default, Pod: ms-51685-79858c784f-jgsmt has the target files.
Copying deathstar_ms-51685.output to deathstar_ms-51685.output
tar: removing leading '/' from member names
Debug: Checking Namespace=default, Pod=ms-52379-57c6cdd54b-rs8st for Target File=deathstar_*.output
Namespace: default, Pod: ms-52379-57c6cdd54b-rs8st has the target files.
Copying deathstar_ms-52379.output to deathstar_ms-52379.output
tar: removing leading '/' from member names
Debug: Checking Namespace=default, Pod=ms-55394-6f999f5df9-qz9b8 for Target File=deathstar_*.output
Namespace: default, Pod: ms-55394-6f999f5df9-qz9b8 has the target files.
Copying deathstar_ms-55394.output to deathstar_ms-55394.output
tar: removing leading '/' from member names
Debug: Checking Namespace=default, Pod=ms-58436-59dd96f659-ttlhq for Target File=deathstar_*.output
Namespace: default, Pod: ms-58436-59dd96f659-ttlhq has the target files.
Copying deathstar_ms-58436.output to deathstar_ms-58436.output
tar: removing leading '/' from member names
Debug: Checking Namespace=default, Pod=ms-58772-68ff78c966-kc6j9 for Target File=deathstar_*.output
Namespace: default, Pod: ms-58772-68ff78c966-kc6j9 has the target files.
Copying deathstar_ms-58772.output to deathstar_ms-58772.output
tar: removing leading '/' from member names
Debug: Checking Namespace=default, Pod=ms-59962-756b895b58-4z2j4 for Target File=deathstar_*.output
Namespace: default, Pod: ms-59962-756b895b58-4z2j4 has the target files.
Copying deathstar_ms-59962.output to deathstar_ms-59962.output
tar: removing leading '/' from member names
Debug: Checking Namespace=default, Pod=ms-60061-68bd84bdcd-djxds for Target File=deathstar_*.output
Namespace: default, Pod: ms-60061-68bd84bdcd-djxds has the target files.
Copying deathstar_ms-60061.output to deathstar_ms-60061.output
tar: removing leading '/' from member names
Debug: Checking Namespace=default, Pod=ms-6323-974659fcd-rs2sd for Target File=deathstar_*.output
Namespace: default, Pod: ms-6323-974659fcd-rs2sd has the target files.
Copying deathstar_ms-6323.output to deathstar_ms-6323.output
tar: removing leading '/' from member names
Debug: Checking Namespace=default, Pod=ms-65741-65f588bcdf-txsmp for Target File=deathstar_*.output
Namespace: default, Pod: ms-65741-65f588bcdf-txsmp has the target files.
Copying deathstar_ms-65741.output to deathstar_ms-65741.output
tar: removing leading '/' from member names
Debug: Checking Namespace=default, Pod=ms-66473-79c66f8bff-r566r for Target File=deathstar_*.output
Namespace: default, Pod: ms-66473-79c66f8bff-r566r has the target files.
Copying deathstar_ms-66473.output to deathstar_ms-66473.output
tar: removing leading '/' from member names
Debug: Checking Namespace=default, Pod=ms-69188-65c548d4cb-9z7dv for Target File=deathstar_*.output
Namespace: default, Pod: ms-69188-65c548d4cb-9z7dv has the target files.
Copying deathstar_ms-69188.output to deathstar_ms-69188.output
tar: removing leading '/' from member names
Debug: Checking Namespace=default, Pod=ms-69614-794bd8475-kcjxd for Target File=deathstar_*.output
Namespace: default, Pod: ms-69614-794bd8475-kcjxd has the target files.
Copying deathstar_ms-69614.output to deathstar_ms-69614.output
tar: removing leading '/' from member names
Debug: Checking Namespace=default, Pod=ms-9081-567985788-j2dqv for Target File=deathstar_*.output
Namespace: default, Pod: ms-9081-567985788-j2dqv has the target files.
Copying deathstar_ms-9081.output to deathstar_ms-9081.output
tar: removing leading '/' from member names
Debug: Checking Namespace=default, Pod=nginx-web-server-56557f7cb7-ccxgv for Target File=deathstar_*.output
Namespace: default, Pod: nginx-web-server-56557f7cb7-ccxgv has the target files.
Copying deathstar_nginx-web-server.output to deathstar_nginx-web-server.output
tar: removing leading '/' from member names
Debug: Checking Namespace=default, Pod=unknown-6ddf9bd4b5-jnt9x for Target File=deathstar_*.output
Namespace: default, Pod: unknown-6ddf9bd4b5-jnt9x has the target files.
Copying deathstar_unknown.output to deathstar_unknown.output
tar: removing leading '/' from member names
