Deployments: ms-10090
ms-13558
ms-18330
ms-19585
ms-20172
ms-22893
ms-24009
ms-24959
ms-26622
ms-27421
ms-29373
ms-32301
ms-3289
ms-37691
ms-38964
ms-40147
ms-48118
ms-4829
ms-51685
ms-52379
ms-55394
ms-58436
ms-58772
ms-59962
ms-60061
ms-6323
ms-65741
ms-66473
ms-69188
ms-69614
ms-9081
nginx-web-server
unknown
deployment "ms-10090" successfully rolled out
deployment "ms-13558" successfully rolled out
deployment "ms-18330" successfully rolled out
deployment "ms-19585" successfully rolled out
deployment "ms-20172" successfully rolled out
deployment "ms-22893" successfully rolled out
deployment "ms-24009" successfully rolled out
deployment "ms-24959" successfully rolled out
deployment "ms-26622" successfully rolled out
deployment "ms-27421" successfully rolled out
deployment "ms-29373" successfully rolled out
deployment "ms-32301" successfully rolled out
deployment "ms-3289" successfully rolled out
deployment "ms-37691" successfully rolled out
deployment "ms-38964" successfully rolled out
deployment "ms-40147" successfully rolled out
deployment "ms-48118" successfully rolled out
deployment "ms-4829" successfully rolled out
deployment "ms-51685" successfully rolled out
deployment "ms-52379" successfully rolled out
deployment "ms-55394" successfully rolled out
deployment "ms-58436" successfully rolled out
deployment "ms-58772" successfully rolled out
deployment "ms-59962" successfully rolled out
deployment "ms-60061" successfully rolled out
deployment "ms-6323" successfully rolled out
deployment "ms-65741" successfully rolled out
deployment "ms-66473" successfully rolled out
deployment "ms-69188" successfully rolled out
deployment "ms-69614" successfully rolled out
deployment "ms-9081" successfully rolled out
deployment "nginx-web-server" successfully rolled out
deployment "unknown" successfully rolled out
ENTRY_POINT: nginx-web-server
SERVICE_A_URL: 10.111.27.178:50051
Capacity: 10000
Metadata: timestamp={{.TimestampUnix}}
Metadata: method=S_149998854
Metadata: request-id={{.RequestNumber}}
Charon Configurations:
[{INTERCEPT breakwater} {PRICE_UPDATE_RATE 10ms} {TOKEN_UPDATE_RATE 10ms} {LATENCY_THRESHOLD 100us} {PRICE_STEP 0} {PRICE_STRATEGY step} {LAZY_UPDATE false} {RATE_LIMITING true} {LOAD_SHEDDING true} {CHARON_TRACK_PRICE false} {BREAKWATER_SLO 14988us} {BREAKWATER_A 13.730018553631673} {BREAKWATER_B 1.6692513437947458} {BREAKWATER_CLIENT_EXPIRATION 91us} {BREAKWATER_INITIAL_CREDIT 1500} {BREAKWATER_LOAD_SHEDDING true} {BREAKWATER_RTT 19777us} {BREAKWATERD_SLO 12500us} {BREAKWATERD_A 0.001} {BREAKWATERD_B 0.02} {BREAKWATERD_CLIENT_EXPIRATION 10ms} {BREAKWATERD_INITIAL_CREDIT 400} {BREAKWATERD_LOAD_SHEDDING true} {BREAKWATERD_RTT 1000us} {DAGOR_QUEUING_THRESHOLD 2ms} {DAGOR_ALPHA 0.05} {DAGOR_BETA 0.01} {DAGOR_ADMISSION_LEVEL_UPDATE_INTERVAL 10ms} {DAGOR_UMAX 20}]

Summary:
  Count:	97971
  Total:	25.00 s
  Slowest:	1.04 s
  Fastest:	111.03 ms
  Average:	583.51 ms
  Requests/sec:	3918.76

Response time histogram:
  111.030  [1]     |
  204.298  [11903] |∎∎∎∎∎∎∎∎∎∎∎∎∎∎∎∎∎∎∎∎∎∎∎∎∎∎∎∎∎∎∎∎∎∎∎∎∎∎∎∎
  297.566  [251]   |∎
  390.833  [271]   |∎
  484.101  [1302]  |∎∎∎∎
  577.369  [907]   |∎∎∎
  670.636  [3255]  |∎∎∎∎∎∎∎∎∎∎∎
  763.904  [2534]  |∎∎∎∎∎∎∎∎∎
  857.171  [1701]  |∎∎∎∎∎∎
  950.439  [4046]  |∎∎∎∎∎∎∎∎∎∎∎∎∎∎
  1043.707 [2043]  |∎∎∎∎∎∎∎

Latency distribution:
  10 % in 112.84 ms 
  25 % in 114.91 ms 
  50 % in 536.65 ms 
  75 % in 812.46 ms 
  90 % in 933.29 ms 
  95 % in 963.57 ms 
  99 % in 992.50 ms 

Status code distribution:
  [DeadlineExceeded]    40051 responses   
  [Canceled]            5286 responses    
  [OK]                  28214 responses   
  [ResourceExhausted]   24420 responses   

Error distribution:
  [24420]   rpc error: code = ResourceExhausted desc = Server-side queuing delay is beyond AQM threshold   
  [40051]   rpc error: code = DeadlineExceeded desc = context deadline exceeded                            
  [5286]    rpc error: code = Canceled desc = grpc: the client connection is closing                       

Debug: Checking Namespace=default, Pod=ms-10090-6454f977fd-5vd46 for Target File=deathstar_*.output
Namespace: default, Pod: ms-10090-6454f977fd-5vd46 has the target files.
Copying deathstar_ms-10090.output to deathstar_ms-10090.output
tar: removing leading '/' from member names
Debug: Checking Namespace=default, Pod=ms-13558-b48bb5d9d-n5lqw for Target File=deathstar_*.output
Namespace: default, Pod: ms-13558-b48bb5d9d-n5lqw has the target files.
Copying deathstar_ms-13558.output to deathstar_ms-13558.output
tar: removing leading '/' from member names
Debug: Checking Namespace=default, Pod=ms-18330-759d9cf49c-t44qn for Target File=deathstar_*.output
Namespace: default, Pod: ms-18330-759d9cf49c-t44qn has the target files.
Copying deathstar_ms-18330.output to deathstar_ms-18330.output
tar: removing leading '/' from member names
Debug: Checking Namespace=default, Pod=ms-19585-6f995cfcbf-vcvnb for Target File=deathstar_*.output
Namespace: default, Pod: ms-19585-6f995cfcbf-vcvnb has the target files.
Copying deathstar_ms-19585.output to deathstar_ms-19585.output
tar: removing leading '/' from member names
Debug: Checking Namespace=default, Pod=ms-20172-59d5485464-5v2sp for Target File=deathstar_*.output
Namespace: default, Pod: ms-20172-59d5485464-5v2sp has the target files.
Copying deathstar_ms-20172.output to deathstar_ms-20172.output
tar: removing leading '/' from member names
Debug: Checking Namespace=default, Pod=ms-22893-576fd5f9f6-7dlv6 for Target File=deathstar_*.output
Namespace: default, Pod: ms-22893-576fd5f9f6-7dlv6 has the target files.
Copying deathstar_ms-22893.output to deathstar_ms-22893.output
tar: removing leading '/' from member names
Debug: Checking Namespace=default, Pod=ms-24009-67dbf5b976-76cnz for Target File=deathstar_*.output
Namespace: default, Pod: ms-24009-67dbf5b976-76cnz has the target files.
Copying deathstar_ms-24009.output to deathstar_ms-24009.output
tar: removing leading '/' from member names
Debug: Checking Namespace=default, Pod=ms-24959-99f8bbf9-4qn7n for Target File=deathstar_*.output
Namespace: default, Pod: ms-24959-99f8bbf9-4qn7n has the target files.
Copying deathstar_ms-24959.output to deathstar_ms-24959.output
tar: removing leading '/' from member names
Debug: Checking Namespace=default, Pod=ms-26622-66fdf7d64f-wp9z2 for Target File=deathstar_*.output
Namespace: default, Pod: ms-26622-66fdf7d64f-wp9z2 has the target files.
Copying deathstar_ms-26622.output to deathstar_ms-26622.output
tar: removing leading '/' from member names
Debug: Checking Namespace=default, Pod=ms-27421-64f549855c-zv4jb for Target File=deathstar_*.output
Namespace: default, Pod: ms-27421-64f549855c-zv4jb has the target files.
Copying deathstar_ms-27421.output to deathstar_ms-27421.output
tar: removing leading '/' from member names
Debug: Checking Namespace=default, Pod=ms-29373-8467f7db44-wtmxj for Target File=deathstar_*.output
Namespace: default, Pod: ms-29373-8467f7db44-wtmxj has the target files.
Copying deathstar_ms-29373.output to deathstar_ms-29373.output
tar: removing leading '/' from member names
Debug: Checking Namespace=default, Pod=ms-32301-c5654bbc5-84jvm for Target File=deathstar_*.output
Namespace: default, Pod: ms-32301-c5654bbc5-84jvm has the target files.
Copying deathstar_ms-32301.output to deathstar_ms-32301.output
tar: removing leading '/' from member names
Debug: Checking Namespace=default, Pod=ms-3289-587dbd96bf-szscj for Target File=deathstar_*.output
Namespace: default, Pod: ms-3289-587dbd96bf-szscj has the target files.
Copying deathstar_ms-3289.output to deathstar_ms-3289.output
tar: removing leading '/' from member names
Debug: Checking Namespace=default, Pod=ms-37691-6dc6cd6744-v6p6m for Target File=deathstar_*.output
Namespace: default, Pod: ms-37691-6dc6cd6744-v6p6m has the target files.
Copying deathstar_ms-37691.output to deathstar_ms-37691.output
tar: removing leading '/' from member names
Debug: Checking Namespace=default, Pod=ms-38964-5b647cdbd-zrztb for Target File=deathstar_*.output
Namespace: default, Pod: ms-38964-5b647cdbd-zrztb has the target files.
Copying deathstar_ms-38964.output to deathstar_ms-38964.output
tar: removing leading '/' from member names
Debug: Checking Namespace=default, Pod=ms-40147-cd867585-hndnk for Target File=deathstar_*.output
Namespace: default, Pod: ms-40147-cd867585-hndnk has the target files.
Copying deathstar_ms-40147.output to deathstar_ms-40147.output
tar: removing leading '/' from member names
Debug: Checking Namespace=default, Pod=ms-48118-ff7b99cc9-wrchk for Target File=deathstar_*.output
Namespace: default, Pod: ms-48118-ff7b99cc9-wrchk has the target files.
Copying deathstar_ms-48118.output to deathstar_ms-48118.output
tar: removing leading '/' from member names
Debug: Checking Namespace=default, Pod=ms-4829-669557b66c-mz2gq for Target File=deathstar_*.output
Namespace: default, Pod: ms-4829-669557b66c-mz2gq has the target files.
Copying deathstar_ms-4829.output to deathstar_ms-4829.output
tar: removing leading '/' from member names
Debug: Checking Namespace=default, Pod=ms-51685-79858c784f-9kpzj for Target File=deathstar_*.output
Namespace: default, Pod: ms-51685-79858c784f-9kpzj has the target files.
Copying deathstar_ms-51685.output to deathstar_ms-51685.output
tar: removing leading '/' from member names
Debug: Checking Namespace=default, Pod=ms-52379-57c6cdd54b-8nqwc for Target File=deathstar_*.output
Namespace: default, Pod: ms-52379-57c6cdd54b-8nqwc has the target files.
Copying deathstar_ms-52379.output to deathstar_ms-52379.output
tar: removing leading '/' from member names
Debug: Checking Namespace=default, Pod=ms-55394-6f999f5df9-9mqh7 for Target File=deathstar_*.output
Namespace: default, Pod: ms-55394-6f999f5df9-9mqh7 has the target files.
Copying deathstar_ms-55394.output to deathstar_ms-55394.output
tar: removing leading '/' from member names
Debug: Checking Namespace=default, Pod=ms-58436-59dd96f659-2dhh5 for Target File=deathstar_*.output
Namespace: default, Pod: ms-58436-59dd96f659-2dhh5 has the target files.
Copying deathstar_ms-58436.output to deathstar_ms-58436.output
tar: removing leading '/' from member names
Debug: Checking Namespace=default, Pod=ms-58772-68ff78c966-5wqtn for Target File=deathstar_*.output
Namespace: default, Pod: ms-58772-68ff78c966-5wqtn has the target files.
Copying deathstar_ms-58772.output to deathstar_ms-58772.output
tar: removing leading '/' from member names
Debug: Checking Namespace=default, Pod=ms-59962-756b895b58-f2j42 for Target File=deathstar_*.output
Namespace: default, Pod: ms-59962-756b895b58-f2j42 has the target files.
Copying deathstar_ms-59962.output to deathstar_ms-59962.output
tar: removing leading '/' from member names
Debug: Checking Namespace=default, Pod=ms-60061-68bd84bdcd-v5x82 for Target File=deathstar_*.output
Namespace: default, Pod: ms-60061-68bd84bdcd-v5x82 has the target files.
Copying deathstar_ms-60061.output to deathstar_ms-60061.output
tar: removing leading '/' from member names
Debug: Checking Namespace=default, Pod=ms-6323-974659fcd-245vc for Target File=deathstar_*.output
Namespace: default, Pod: ms-6323-974659fcd-245vc has the target files.
Copying deathstar_ms-6323.output to deathstar_ms-6323.output
tar: removing leading '/' from member names
Debug: Checking Namespace=default, Pod=ms-65741-65f588bcdf-9kb8r for Target File=deathstar_*.output
Namespace: default, Pod: ms-65741-65f588bcdf-9kb8r has the target files.
Copying deathstar_ms-65741.output to deathstar_ms-65741.output
tar: removing leading '/' from member names
Debug: Checking Namespace=default, Pod=ms-66473-79c66f8bff-f5mtb for Target File=deathstar_*.output
Namespace: default, Pod: ms-66473-79c66f8bff-f5mtb has the target files.
Copying deathstar_ms-66473.output to deathstar_ms-66473.output
tar: removing leading '/' from member names
Debug: Checking Namespace=default, Pod=ms-69188-65c548d4cb-kxnl2 for Target File=deathstar_*.output
Namespace: default, Pod: ms-69188-65c548d4cb-kxnl2 has the target files.
Copying deathstar_ms-69188.output to deathstar_ms-69188.output
tar: removing leading '/' from member names
Debug: Checking Namespace=default, Pod=ms-69614-794bd8475-scdxd for Target File=deathstar_*.output
Namespace: default, Pod: ms-69614-794bd8475-scdxd has the target files.
Copying deathstar_ms-69614.output to deathstar_ms-69614.output
tar: removing leading '/' from member names
Debug: Checking Namespace=default, Pod=ms-9081-567985788-vvj7s for Target File=deathstar_*.output
Namespace: default, Pod: ms-9081-567985788-vvj7s has the target files.
Copying deathstar_ms-9081.output to deathstar_ms-9081.output
tar: removing leading '/' from member names
Debug: Checking Namespace=default, Pod=nginx-web-server-56557f7cb7-6zj46 for Target File=deathstar_*.output
Namespace: default, Pod: nginx-web-server-56557f7cb7-6zj46 has the target files.
Copying deathstar_nginx-web-server.output to deathstar_nginx-web-server.output
tar: removing leading '/' from member names
Debug: Checking Namespace=default, Pod=unknown-6ddf9bd4b5-fs9cl for Target File=deathstar_*.output
Namespace: default, Pod: unknown-6ddf9bd4b5-fs9cl has the target files.
Copying deathstar_unknown.output to deathstar_unknown.output
tar: removing leading '/' from member names
