Deployments: ms-10090
ms-13558
ms-18330
ms-19585
ms-20172
ms-22893
ms-24009
ms-24959
ms-26622
ms-27421
ms-29373
ms-32301
ms-3289
ms-37691
ms-38964
ms-40147
ms-48118
ms-4829
ms-51685
ms-52379
ms-55394
ms-58436
ms-58772
ms-59962
ms-60061
ms-6323
ms-65741
ms-66473
ms-69188
ms-69614
ms-9081
nginx-web-server
unknown
deployment "ms-10090" successfully rolled out
deployment "ms-13558" successfully rolled out
deployment "ms-18330" successfully rolled out
deployment "ms-19585" successfully rolled out
deployment "ms-20172" successfully rolled out
deployment "ms-22893" successfully rolled out
deployment "ms-24009" successfully rolled out
deployment "ms-24959" successfully rolled out
deployment "ms-26622" successfully rolled out
deployment "ms-27421" successfully rolled out
deployment "ms-29373" successfully rolled out
deployment "ms-32301" successfully rolled out
deployment "ms-3289" successfully rolled out
deployment "ms-37691" successfully rolled out
deployment "ms-38964" successfully rolled out
deployment "ms-40147" successfully rolled out
deployment "ms-48118" successfully rolled out
deployment "ms-4829" successfully rolled out
deployment "ms-51685" successfully rolled out
deployment "ms-52379" successfully rolled out
deployment "ms-55394" successfully rolled out
deployment "ms-58436" successfully rolled out
deployment "ms-58772" successfully rolled out
deployment "ms-59962" successfully rolled out
deployment "ms-60061" successfully rolled out
deployment "ms-6323" successfully rolled out
deployment "ms-65741" successfully rolled out
deployment "ms-66473" successfully rolled out
deployment "ms-69188" successfully rolled out
deployment "ms-69614" successfully rolled out
deployment "ms-9081" successfully rolled out
deployment "nginx-web-server" successfully rolled out
deployment "unknown" successfully rolled out
ENTRY_POINT: nginx-web-server
SERVICE_A_URL: 10.104.94.57:50051
Capacity: 10000
Metadata: request-id={{.RequestNumber}}
Metadata: timestamp={{.TimestampUnix}}
Metadata: method=S_149998854
Charon Configurations:
[{INTERCEPT breakwaterd} {PRICE_UPDATE_RATE 10ms} {TOKEN_UPDATE_RATE 10ms} {LATENCY_THRESHOLD 100us} {PRICE_STEP 0} {PRICE_STRATEGY step} {LAZY_UPDATE false} {RATE_LIMITING true} {LOAD_SHEDDING true} {CHARON_TRACK_PRICE false} {BREAKWATER_SLO 31435us} {BREAKWATER_A 3.070032864834775} {BREAKWATER_B 4.140559878195683} {BREAKWATER_CLIENT_EXPIRATION 3472us} {BREAKWATER_INITIAL_CREDIT 166} {BREAKWATER_LOAD_SHEDDING true} {BREAKWATER_RTT 999us} {BREAKWATERD_SLO 19623us} {BREAKWATERD_A 6.637946452197888} {BREAKWATERD_B 5.148891120583086} {BREAKWATERD_CLIENT_EXPIRATION 95013us} {BREAKWATERD_INITIAL_CREDIT 2933} {BREAKWATERD_LOAD_SHEDDING true} {BREAKWATERD_RTT 18164us} {DAGOR_QUEUING_THRESHOLD 2ms} {DAGOR_ALPHA 0.05} {DAGOR_BETA 0.01} {DAGOR_ADMISSION_LEVEL_UPDATE_INTERVAL 10ms} {DAGOR_UMAX 20}]

Summary:
  Count:	97741
  Total:	24.98 s
  Slowest:	891.35 ms
  Fastest:	111.43 ms
  Average:	751.52 ms
  Requests/sec:	3912.94

Response time histogram:
  111.427 [1]     |
  189.419 [11307] |∎∎∎∎∎∎∎∎∎∎∎∎∎∎∎∎∎∎∎∎∎∎∎∎∎∎∎∎∎∎∎∎∎∎∎∎∎∎∎∎
  267.411 [1449]  |∎∎∎∎∎
  345.403 [1667]  |∎∎∎∎∎∎
  423.394 [217]   |∎
  501.386 [0]     |
  579.378 [0]     |
  657.370 [0]     |
  735.362 [0]     |
  813.353 [9]     |
  891.345 [82]    |

Latency distribution:
  10 % in 113.28 ms 
  25 % in 114.78 ms 
  50 % in 118.72 ms 
  75 % in 179.34 ms 
  90 % in 289.61 ms 
  95 % in 316.39 ms 
  99 % in 369.61 ms 

Status code distribution:
  [Canceled]            7867 responses    
  [OK]                  14732 responses   
  [ResourceExhausted]   9233 responses    
  [DeadlineExceeded]    65909 responses   

Error distribution:
  [1595]    rpc error: code = ResourceExhausted desc = Client id addd83bd-578e-4a8e-bdda-0a7a5c8ce75e request expired in queue.   
  [7638]    rpc error: code = ResourceExhausted desc = Server-side queuing delay is beyond AQM threshold                          
  [65909]   rpc error: code = DeadlineExceeded desc = context deadline exceeded                                                   
  [7867]    rpc error: code = Canceled desc = grpc: the client connection is closing                                              

Debug: Checking Namespace=default, Pod=ms-10090-6454f977fd-vjcgh for Target File=deathstar_*.output
Namespace: default, Pod: ms-10090-6454f977fd-vjcgh has the target files.
Copying deathstar_ms-10090.output to deathstar_ms-10090.output
tar: removing leading '/' from member names
Debug: Checking Namespace=default, Pod=ms-13558-b48bb5d9d-csk2n for Target File=deathstar_*.output
Namespace: default, Pod: ms-13558-b48bb5d9d-csk2n has the target files.
Copying deathstar_ms-13558.output to deathstar_ms-13558.output
tar: removing leading '/' from member names
Debug: Checking Namespace=default, Pod=ms-18330-759d9cf49c-vlr6b for Target File=deathstar_*.output
Namespace: default, Pod: ms-18330-759d9cf49c-vlr6b has the target files.
Copying deathstar_ms-18330.output to deathstar_ms-18330.output
tar: removing leading '/' from member names
Debug: Checking Namespace=default, Pod=ms-19585-6f995cfcbf-rltqw for Target File=deathstar_*.output
Namespace: default, Pod: ms-19585-6f995cfcbf-rltqw has the target files.
Copying deathstar_ms-19585.output to deathstar_ms-19585.output
tar: removing leading '/' from member names
Debug: Checking Namespace=default, Pod=ms-20172-59d5485464-7lswr for Target File=deathstar_*.output
Namespace: default, Pod: ms-20172-59d5485464-7lswr has the target files.
Copying deathstar_ms-20172.output to deathstar_ms-20172.output
tar: removing leading '/' from member names
Debug: Checking Namespace=default, Pod=ms-22893-576fd5f9f6-c5d52 for Target File=deathstar_*.output
Namespace: default, Pod: ms-22893-576fd5f9f6-c5d52 has the target files.
Copying deathstar_ms-22893.output to deathstar_ms-22893.output
tar: removing leading '/' from member names
Debug: Checking Namespace=default, Pod=ms-24009-67dbf5b976-w8j8z for Target File=deathstar_*.output
Namespace: default, Pod: ms-24009-67dbf5b976-w8j8z has the target files.
Copying deathstar_ms-24009.output to deathstar_ms-24009.output
tar: removing leading '/' from member names
Debug: Checking Namespace=default, Pod=ms-24959-99f8bbf9-hz2f8 for Target File=deathstar_*.output
Namespace: default, Pod: ms-24959-99f8bbf9-hz2f8 has the target files.
Copying deathstar_ms-24959.output to deathstar_ms-24959.output
tar: removing leading '/' from member names
Debug: Checking Namespace=default, Pod=ms-26622-66fdf7d64f-p9plr for Target File=deathstar_*.output
Namespace: default, Pod: ms-26622-66fdf7d64f-p9plr has the target files.
Copying deathstar_ms-26622.output to deathstar_ms-26622.output
tar: removing leading '/' from member names
Debug: Checking Namespace=default, Pod=ms-27421-64f549855c-h4n8k for Target File=deathstar_*.output
Namespace: default, Pod: ms-27421-64f549855c-h4n8k has the target files.
Copying deathstar_ms-27421.output to deathstar_ms-27421.output
tar: removing leading '/' from member names
Debug: Checking Namespace=default, Pod=ms-29373-8467f7db44-kqvnv for Target File=deathstar_*.output
Namespace: default, Pod: ms-29373-8467f7db44-kqvnv has the target files.
Copying deathstar_ms-29373.output to deathstar_ms-29373.output
tar: removing leading '/' from member names
Debug: Checking Namespace=default, Pod=ms-32301-c5654bbc5-qnbwc for Target File=deathstar_*.output
Namespace: default, Pod: ms-32301-c5654bbc5-qnbwc has the target files.
Copying deathstar_ms-32301.output to deathstar_ms-32301.output
tar: removing leading '/' from member names
Debug: Checking Namespace=default, Pod=ms-3289-587dbd96bf-5w4ts for Target File=deathstar_*.output
Namespace: default, Pod: ms-3289-587dbd96bf-5w4ts has the target files.
Copying deathstar_ms-3289.output to deathstar_ms-3289.output
tar: removing leading '/' from member names
Debug: Checking Namespace=default, Pod=ms-37691-6dc6cd6744-xj499 for Target File=deathstar_*.output
Namespace: default, Pod: ms-37691-6dc6cd6744-xj499 has the target files.
Copying deathstar_ms-37691.output to deathstar_ms-37691.output
tar: removing leading '/' from member names
Debug: Checking Namespace=default, Pod=ms-38964-5b647cdbd-njjds for Target File=deathstar_*.output
Namespace: default, Pod: ms-38964-5b647cdbd-njjds has the target files.
Copying deathstar_ms-38964.output to deathstar_ms-38964.output
tar: removing leading '/' from member names
Debug: Checking Namespace=default, Pod=ms-40147-cd867585-v7pfz for Target File=deathstar_*.output
Namespace: default, Pod: ms-40147-cd867585-v7pfz has the target files.
Copying deathstar_ms-40147.output to deathstar_ms-40147.output
tar: removing leading '/' from member names
Debug: Checking Namespace=default, Pod=ms-48118-ff7b99cc9-nrc99 for Target File=deathstar_*.output
Namespace: default, Pod: ms-48118-ff7b99cc9-nrc99 has the target files.
Copying deathstar_ms-48118.output to deathstar_ms-48118.output
tar: removing leading '/' from member names
Debug: Checking Namespace=default, Pod=ms-4829-669557b66c-k9ljf for Target File=deathstar_*.output
Namespace: default, Pod: ms-4829-669557b66c-k9ljf has the target files.
Copying deathstar_ms-4829.output to deathstar_ms-4829.output
tar: removing leading '/' from member names
Debug: Checking Namespace=default, Pod=ms-51685-79858c784f-48fx4 for Target File=deathstar_*.output
Namespace: default, Pod: ms-51685-79858c784f-48fx4 has the target files.
Copying deathstar_ms-51685.output to deathstar_ms-51685.output
tar: removing leading '/' from member names
Debug: Checking Namespace=default, Pod=ms-52379-57c6cdd54b-gj7kp for Target File=deathstar_*.output
Namespace: default, Pod: ms-52379-57c6cdd54b-gj7kp has the target files.
Copying deathstar_ms-52379.output to deathstar_ms-52379.output
tar: removing leading '/' from member names
Debug: Checking Namespace=default, Pod=ms-55394-6f999f5df9-2qqwg for Target File=deathstar_*.output
Namespace: default, Pod: ms-55394-6f999f5df9-2qqwg has the target files.
Copying deathstar_ms-55394.output to deathstar_ms-55394.output
tar: removing leading '/' from member names
Debug: Checking Namespace=default, Pod=ms-58436-59dd96f659-drrsd for Target File=deathstar_*.output
Namespace: default, Pod: ms-58436-59dd96f659-drrsd has the target files.
Copying deathstar_ms-58436.output to deathstar_ms-58436.output
tar: removing leading '/' from member names
Debug: Checking Namespace=default, Pod=ms-58772-68ff78c966-8x5r6 for Target File=deathstar_*.output
Namespace: default, Pod: ms-58772-68ff78c966-8x5r6 has the target files.
Copying deathstar_ms-58772.output to deathstar_ms-58772.output
tar: removing leading '/' from member names
Debug: Checking Namespace=default, Pod=ms-59962-756b895b58-vznkv for Target File=deathstar_*.output
Namespace: default, Pod: ms-59962-756b895b58-vznkv has the target files.
Copying deathstar_ms-59962.output to deathstar_ms-59962.output
tar: removing leading '/' from member names
Debug: Checking Namespace=default, Pod=ms-60061-68bd84bdcd-nvkhr for Target File=deathstar_*.output
Namespace: default, Pod: ms-60061-68bd84bdcd-nvkhr has the target files.
Copying deathstar_ms-60061.output to deathstar_ms-60061.output
tar: removing leading '/' from member names
Debug: Checking Namespace=default, Pod=ms-6323-974659fcd-4rnjs for Target File=deathstar_*.output
Namespace: default, Pod: ms-6323-974659fcd-4rnjs has the target files.
Copying deathstar_ms-6323.output to deathstar_ms-6323.output
tar: removing leading '/' from member names
Debug: Checking Namespace=default, Pod=ms-65741-65f588bcdf-s6gxg for Target File=deathstar_*.output
Namespace: default, Pod: ms-65741-65f588bcdf-s6gxg has the target files.
Copying deathstar_ms-65741.output to deathstar_ms-65741.output
tar: removing leading '/' from member names
Debug: Checking Namespace=default, Pod=ms-66473-79c66f8bff-llhvq for Target File=deathstar_*.output
Namespace: default, Pod: ms-66473-79c66f8bff-llhvq has the target files.
Copying deathstar_ms-66473.output to deathstar_ms-66473.output
tar: removing leading '/' from member names
Debug: Checking Namespace=default, Pod=ms-69188-65c548d4cb-zj9qp for Target File=deathstar_*.output
Namespace: default, Pod: ms-69188-65c548d4cb-zj9qp has the target files.
Copying deathstar_ms-69188.output to deathstar_ms-69188.output
tar: removing leading '/' from member names
Debug: Checking Namespace=default, Pod=ms-69614-794bd8475-s8fv5 for Target File=deathstar_*.output
Namespace: default, Pod: ms-69614-794bd8475-s8fv5 has the target files.
Copying deathstar_ms-69614.output to deathstar_ms-69614.output
tar: removing leading '/' from member names
Debug: Checking Namespace=default, Pod=ms-9081-567985788-zh57z for Target File=deathstar_*.output
Namespace: default, Pod: ms-9081-567985788-zh57z has the target files.
Copying deathstar_ms-9081.output to deathstar_ms-9081.output
tar: removing leading '/' from member names
Debug: Checking Namespace=default, Pod=nginx-web-server-56557f7cb7-7rkrr for Target File=deathstar_*.output
Namespace: default, Pod: nginx-web-server-56557f7cb7-7rkrr has the target files.
Copying deathstar_nginx-web-server.output to deathstar_nginx-web-server.output
tar: removing leading '/' from member names
Debug: Checking Namespace=default, Pod=unknown-6ddf9bd4b5-n8dw5 for Target File=deathstar_*.output
Namespace: default, Pod: unknown-6ddf9bd4b5-n8dw5 has the target files.
Copying deathstar_unknown.output to deathstar_unknown.output
tar: removing leading '/' from member names
