Deployments: ms-11070
ms-11285
ms-11512
ms-1278
ms-13873
ms-19953
ms-21883
ms-25124
ms-27421
ms-2827
ms-33719
ms-37691
ms-43309
ms-4354
ms-46825
ms-60236
ms-71771
ms-8052
ms-902
nginx-web-server
deployment "ms-11070" successfully rolled out
deployment "ms-11285" successfully rolled out
deployment "ms-11512" successfully rolled out
deployment "ms-1278" successfully rolled out
deployment "ms-13873" successfully rolled out
deployment "ms-19953" successfully rolled out
deployment "ms-21883" successfully rolled out
deployment "ms-25124" successfully rolled out
deployment "ms-27421" successfully rolled out
deployment "ms-2827" successfully rolled out
deployment "ms-33719" successfully rolled out
deployment "ms-37691" successfully rolled out
deployment "ms-43309" successfully rolled out
deployment "ms-4354" successfully rolled out
deployment "ms-46825" successfully rolled out
deployment "ms-60236" successfully rolled out
deployment "ms-71771" successfully rolled out
deployment "ms-8052" successfully rolled out
deployment "ms-902" successfully rolled out
deployment "nginx-web-server" successfully rolled out
ENTRY_POINT: nginx-web-server
SERVICE_A_URL: 10.98.246.60:50051
Capacity: 10000
Metadata: method=S_102000854
Metadata: request-id={{.RequestNumber}}
Metadata: timestamp={{.TimestampUnix}}
Charon Configurations:
[{INTERCEPT charon} {PRICE_UPDATE_RATE 20771us} {TOKEN_UPDATE_RATE 8366us} {LATENCY_THRESHOLD 5285us} {PRICE_STEP 62} {PRICE_STRATEGY proportional} {LAZY_UPDATE true} {RATE_LIMITING true} {LOAD_SHEDDING true} {CHARON_TRACK_PRICE false} {BREAKWATER_SLO 12500us} {BREAKWATER_A 0.001} {BREAKWATER_B 0.02} {BREAKWATER_CLIENT_EXPIRATION 10ms} {BREAKWATER_INITIAL_CREDIT 400} {BREAKWATER_LOAD_SHEDDING true} {BREAKWATER_RTT 1000us} {BREAKWATERD_SLO 12500us} {BREAKWATERD_A 0.001} {BREAKWATERD_B 0.02} {BREAKWATERD_CLIENT_EXPIRATION 10ms} {BREAKWATERD_INITIAL_CREDIT 400} {BREAKWATERD_LOAD_SHEDDING true} {BREAKWATERD_RTT 1000us} {DAGOR_QUEUING_THRESHOLD 2ms} {DAGOR_ALPHA 0.05} {DAGOR_BETA 0.01} {DAGOR_ADMISSION_LEVEL_UPDATE_INTERVAL 10ms} {DAGOR_UMAX 20}]

Summary:
  Count:	87764
  Total:	14.78 s
  Slowest:	405.77 ms
  Fastest:	38.99 ms
  Average:	80.45 ms
  Requests/sec:	5939.55

Response time histogram:
  38.991  [1]     |
  75.668  [47546] |∎∎∎∎∎∎∎∎∎∎∎∎∎∎∎∎∎∎∎∎∎∎∎∎∎∎∎∎∎∎∎∎∎∎∎∎∎∎∎∎
  112.346 [24193] |∎∎∎∎∎∎∎∎∎∎∎∎∎∎∎∎∎∎∎∎
  149.024 [3571]  |∎∎∎
  185.701 [1715]  |∎
  222.379 [1536]  |∎
  259.056 [1879]  |∎∎
  295.734 [1038]  |∎
  332.412 [738]   |∎
  369.089 [320]   |
  405.767 [72]    |

Latency distribution:
  10 % in 42.12 ms 
  25 % in 55.35 ms 
  50 % in 71.25 ms 
  75 % in 88.94 ms 
  90 % in 134.88 ms 
  95 % in 219.93 ms 
  99 % in 307.98 ms 

Status code distribution:
  [OK]                  82609 responses   
  [ResourceExhausted]   5052 responses    
  [Canceled]            103 responses     

Error distribution:
  [268]    rpc error: code = ResourceExhausted desc = S_102000854 req dropped by ms-25124. Try again later.           
  [4010]   rpc error: code = ResourceExhausted desc = S_102000854 req dropped by nginx-web-server. Try again later.   
  [463]    rpc error: code = ResourceExhausted desc = S_102000854 req dropped by ms-13873. Try again later.           
  [103]    rpc error: code = Canceled desc = grpc: the client connection is closing                                   
  [311]    rpc error: code = ResourceExhausted desc = S_102000854 req dropped by ms-60236. Try again later.           

Debug: Checking Namespace=default, Pod=ms-11070-7868c54f44-xff9f for Target File=deathstar_*.output
Namespace: default, Pod: ms-11070-7868c54f44-xff9f has the target files.
Copying deathstar_ms-11070.output to deathstar_ms-11070.output
tar: removing leading '/' from member names
Debug: Checking Namespace=default, Pod=ms-11285-67d597dc77-d5hdw for Target File=deathstar_*.output
Namespace: default, Pod: ms-11285-67d597dc77-d5hdw has the target files.
Copying deathstar_ms-11285.output to deathstar_ms-11285.output
tar: removing leading '/' from member names
Debug: Checking Namespace=default, Pod=ms-11512-75f8ddc45b-gmjbg for Target File=deathstar_*.output
Namespace: default, Pod: ms-11512-75f8ddc45b-gmjbg has the target files.
Copying deathstar_ms-11512.output to deathstar_ms-11512.output
tar: removing leading '/' from member names
Debug: Checking Namespace=default, Pod=ms-1278-85766ff6b8-7z4qp for Target File=deathstar_*.output
Namespace: default, Pod: ms-1278-85766ff6b8-7z4qp has the target files.
Copying deathstar_ms-1278.output to deathstar_ms-1278.output
tar: removing leading '/' from member names
Debug: Checking Namespace=default, Pod=ms-13873-85d7bb7b97-6492k for Target File=deathstar_*.output
Namespace: default, Pod: ms-13873-85d7bb7b97-6492k has the target files.
Copying deathstar_ms-13873.output to deathstar_ms-13873.output
tar: removing leading '/' from member names
Debug: Checking Namespace=default, Pod=ms-19953-68cc8998c5-rz9jr for Target File=deathstar_*.output
Namespace: default, Pod: ms-19953-68cc8998c5-rz9jr has the target files.
Copying deathstar_ms-19953.output to deathstar_ms-19953.output
tar: removing leading '/' from member names
Debug: Checking Namespace=default, Pod=ms-21883-f6c88c6d4-5ncd8 for Target File=deathstar_*.output
Namespace: default, Pod: ms-21883-f6c88c6d4-5ncd8 has the target files.
Copying deathstar_ms-21883.output to deathstar_ms-21883.output
tar: removing leading '/' from member names
Debug: Checking Namespace=default, Pod=ms-25124-77bd4446f5-bcptz for Target File=deathstar_*.output
Namespace: default, Pod: ms-25124-77bd4446f5-bcptz has the target files.
Copying deathstar_ms-25124.output to deathstar_ms-25124.output
tar: removing leading '/' from member names
Debug: Checking Namespace=default, Pod=ms-27421-8565974486-2bskz for Target File=deathstar_*.output
Namespace: default, Pod: ms-27421-8565974486-2bskz has the target files.
Copying deathstar_ms-27421.output to deathstar_ms-27421.output
tar: removing leading '/' from member names
Debug: Checking Namespace=default, Pod=ms-2827-5dcc6df4f4-hhlvq for Target File=deathstar_*.output
Namespace: default, Pod: ms-2827-5dcc6df4f4-hhlvq has the target files.
Copying deathstar_ms-2827.output to deathstar_ms-2827.output
tar: removing leading '/' from member names
Debug: Checking Namespace=default, Pod=ms-33719-6c455cf54c-j594h for Target File=deathstar_*.output
Namespace: default, Pod: ms-33719-6c455cf54c-j594h has the target files.
Copying deathstar_ms-33719.output to deathstar_ms-33719.output
tar: removing leading '/' from member names
Debug: Checking Namespace=default, Pod=ms-37691-b9bc44798-5d429 for Target File=deathstar_*.output
Namespace: default, Pod: ms-37691-b9bc44798-5d429 has the target files.
Copying deathstar_ms-37691.output to deathstar_ms-37691.output
tar: removing leading '/' from member names
Debug: Checking Namespace=default, Pod=ms-43309-54f758d465-khm7b for Target File=deathstar_*.output
Namespace: default, Pod: ms-43309-54f758d465-khm7b has the target files.
Copying deathstar_ms-43309.output to deathstar_ms-43309.output
tar: removing leading '/' from member names
Debug: Checking Namespace=default, Pod=ms-4354-669cfcbdf6-mpw7w for Target File=deathstar_*.output
Namespace: default, Pod: ms-4354-669cfcbdf6-mpw7w has the target files.
Copying deathstar_ms-4354.output to deathstar_ms-4354.output
tar: removing leading '/' from member names
Debug: Checking Namespace=default, Pod=ms-46825-58c684559d-w2zfk for Target File=deathstar_*.output
Namespace: default, Pod: ms-46825-58c684559d-w2zfk has the target files.
Copying deathstar_ms-46825.output to deathstar_ms-46825.output
tar: removing leading '/' from member names
Debug: Checking Namespace=default, Pod=ms-60236-64866cf49-k6g8s for Target File=deathstar_*.output
Namespace: default, Pod: ms-60236-64866cf49-k6g8s has the target files.
Copying deathstar_ms-60236.output to deathstar_ms-60236.output
tar: removing leading '/' from member names
Debug: Checking Namespace=default, Pod=ms-71771-567ddbdd95-qn8nc for Target File=deathstar_*.output
Namespace: default, Pod: ms-71771-567ddbdd95-qn8nc has the target files.
Copying deathstar_ms-71771.output to deathstar_ms-71771.output
tar: removing leading '/' from member names
Debug: Checking Namespace=default, Pod=ms-8052-b995968dc-b2fcv for Target File=deathstar_*.output
Namespace: default, Pod: ms-8052-b995968dc-b2fcv has the target files.
Copying deathstar_ms-8052.output to deathstar_ms-8052.output
tar: removing leading '/' from member names
Debug: Checking Namespace=default, Pod=ms-902-5744544f85-cgk52 for Target File=deathstar_*.output
Namespace: default, Pod: ms-902-5744544f85-cgk52 has the target files.
Copying deathstar_ms-902.output to deathstar_ms-902.output
tar: removing leading '/' from member names
Debug: Checking Namespace=default, Pod=nginx-web-server-56557f7cb7-bzkrv for Target File=deathstar_*.output
Namespace: default, Pod: nginx-web-server-56557f7cb7-bzkrv has the target files.
Copying deathstar_nginx-web-server.output to deathstar_nginx-web-server.output
tar: removing leading '/' from member names
