Deployments: ms-10090
ms-13558
ms-18330
ms-19585
ms-20172
ms-22893
ms-24009
ms-24959
ms-26622
ms-27421
ms-29373
ms-32301
ms-3289
ms-37691
ms-38964
ms-40147
ms-48118
ms-4829
ms-51685
ms-52379
ms-55394
ms-58436
ms-58772
ms-59962
ms-60061
ms-6323
ms-65741
ms-66473
ms-69188
ms-69614
ms-9081
nginx-web-server
unknown
deployment "ms-10090" successfully rolled out
deployment "ms-13558" successfully rolled out
deployment "ms-18330" successfully rolled out
deployment "ms-19585" successfully rolled out
deployment "ms-20172" successfully rolled out
deployment "ms-22893" successfully rolled out
deployment "ms-24009" successfully rolled out
deployment "ms-24959" successfully rolled out
deployment "ms-26622" successfully rolled out
deployment "ms-27421" successfully rolled out
deployment "ms-29373" successfully rolled out
deployment "ms-32301" successfully rolled out
deployment "ms-3289" successfully rolled out
deployment "ms-37691" successfully rolled out
deployment "ms-38964" successfully rolled out
deployment "ms-40147" successfully rolled out
deployment "ms-48118" successfully rolled out
deployment "ms-4829" successfully rolled out
deployment "ms-51685" successfully rolled out
deployment "ms-52379" successfully rolled out
deployment "ms-55394" successfully rolled out
deployment "ms-58436" successfully rolled out
deployment "ms-58772" successfully rolled out
deployment "ms-59962" successfully rolled out
deployment "ms-60061" successfully rolled out
deployment "ms-6323" successfully rolled out
deployment "ms-65741" successfully rolled out
deployment "ms-66473" successfully rolled out
deployment "ms-69188" successfully rolled out
deployment "ms-69614" successfully rolled out
deployment "ms-9081" successfully rolled out
deployment "nginx-web-server" successfully rolled out
deployment "unknown" successfully rolled out
ENTRY_POINT: nginx-web-server
SERVICE_A_URL: 10.110.240.12:50051
Capacity: 10000
Metadata: request-id={{.RequestNumber}}
Metadata: timestamp={{.TimestampUnix}}
Metadata: method=S_149998854
Charon Configurations:
[{INTERCEPT breakwaterd} {PRICE_UPDATE_RATE 10ms} {TOKEN_UPDATE_RATE 10ms} {LATENCY_THRESHOLD 100us} {PRICE_STEP 0} {PRICE_STRATEGY step} {LAZY_UPDATE false} {RATE_LIMITING true} {LOAD_SHEDDING true} {CHARON_TRACK_PRICE false} {BREAKWATER_SLO 39501us} {BREAKWATER_A 6.246608226540551} {BREAKWATER_B 7.997941903831826} {BREAKWATER_CLIENT_EXPIRATION 1156us} {BREAKWATER_INITIAL_CREDIT 115} {BREAKWATER_LOAD_SHEDDING true} {BREAKWATER_RTT 6327us} {BREAKWATERD_SLO 54986us} {BREAKWATERD_A 6.703407719007979} {BREAKWATERD_B 1.3211769567743337} {BREAKWATERD_CLIENT_EXPIRATION 87214us} {BREAKWATERD_INITIAL_CREDIT 2610} {BREAKWATERD_LOAD_SHEDDING true} {BREAKWATERD_RTT 7431us} {DAGOR_QUEUING_THRESHOLD 2ms} {DAGOR_ALPHA 0.05} {DAGOR_BETA 0.01} {DAGOR_ADMISSION_LEVEL_UPDATE_INTERVAL 10ms} {DAGOR_UMAX 20}]

Summary:
  Count:	90951
  Total:	24.99 s
  Slowest:	1.01 s
  Fastest:	111.28 ms
  Average:	330.15 ms
  Requests/sec:	3639.17

Response time histogram:
  111.280  [1]     |
  200.778  [10163] |∎∎∎∎∎∎∎∎∎∎∎∎∎∎∎∎∎∎∎∎∎∎∎∎∎∎∎∎∎∎∎∎∎∎∎∎∎∎∎∎
  290.277  [865]   |∎∎∎
  379.775  [5670]  |∎∎∎∎∎∎∎∎∎∎∎∎∎∎∎∎∎∎∎∎∎∎
  469.273  [7467]  |∎∎∎∎∎∎∎∎∎∎∎∎∎∎∎∎∎∎∎∎∎∎∎∎∎∎∎∎∎
  558.771  [5441]  |∎∎∎∎∎∎∎∎∎∎∎∎∎∎∎∎∎∎∎∎∎
  648.269  [4910]  |∎∎∎∎∎∎∎∎∎∎∎∎∎∎∎∎∎∎∎
  737.768  [3987]  |∎∎∎∎∎∎∎∎∎∎∎∎∎∎∎∎
  827.266  [2740]  |∎∎∎∎∎∎∎∎∎∎∎
  916.764  [1320]  |∎∎∎∎∎
  1006.262 [1102]  |∎∎∎∎

Latency distribution:
  10 % in 115.66 ms 
  25 % in 285.91 ms 
  50 % in 435.95 ms 
  75 % in 614.00 ms 
  90 % in 757.48 ms 
  95 % in 838.57 ms 
  99 % in 967.97 ms 

Status code distribution:
  [Canceled]            1631 responses    
  [OK]                  43666 responses   
  [ResourceExhausted]   44428 responses   
  [DeadlineExceeded]    1226 responses    

Error distribution:
  [90]      rpc error: code = ResourceExhausted desc = Client id 6d867b66-7e30-42c8-8b4a-43e4ee563b31 request expired in queue.   
  [20939]   rpc error: code = ResourceExhausted desc = Client id 97b7423d-c841-43d2-a261-a4144ef6e6b0 request expired in queue.   
  [1226]    rpc error: code = DeadlineExceeded desc = context deadline exceeded                                                   
  [8669]    rpc error: code = ResourceExhausted desc = Client id b1ced314-b3d4-46e3-a304-85c59d7e52df request expired in queue.   
  [1]       rpc error: code = ResourceExhausted desc = Client id 5758185f-a3ba-4860-a176-a10c20892990 request expired in queue.   
  [1631]    rpc error: code = Canceled desc = grpc: the client connection is closing                                              
  [8806]    rpc error: code = ResourceExhausted desc = Client id cd2ad956-bc16-420a-bc1a-6732112e2bb0 request expired in queue.   
  [5873]    rpc error: code = ResourceExhausted desc = Server-side queuing delay is beyond AQM threshold                          
  [50]      rpc error: code = ResourceExhausted desc = Client id dac0528d-6c2c-4d98-a000-b7dccaeed254 request expired in queue.   

Debug: Checking Namespace=default, Pod=ms-10090-6454f977fd-sv9fx for Target File=deathstar_*.output
Namespace: default, Pod: ms-10090-6454f977fd-sv9fx has the target files.
Copying deathstar_ms-10090.output to deathstar_ms-10090.output
tar: removing leading '/' from member names
Debug: Checking Namespace=default, Pod=ms-13558-b48bb5d9d-2hvlf for Target File=deathstar_*.output
Namespace: default, Pod: ms-13558-b48bb5d9d-2hvlf has the target files.
Copying deathstar_ms-13558.output to deathstar_ms-13558.output
tar: removing leading '/' from member names
Debug: Checking Namespace=default, Pod=ms-18330-759d9cf49c-pjk9k for Target File=deathstar_*.output
Namespace: default, Pod: ms-18330-759d9cf49c-pjk9k has the target files.
Copying deathstar_ms-18330.output to deathstar_ms-18330.output
tar: removing leading '/' from member names
Debug: Checking Namespace=default, Pod=ms-19585-6f995cfcbf-sl5fg for Target File=deathstar_*.output
Namespace: default, Pod: ms-19585-6f995cfcbf-sl5fg has the target files.
Copying deathstar_ms-19585.output to deathstar_ms-19585.output
tar: removing leading '/' from member names
Debug: Checking Namespace=default, Pod=ms-20172-59d5485464-d622c for Target File=deathstar_*.output
Namespace: default, Pod: ms-20172-59d5485464-d622c has the target files.
Copying deathstar_ms-20172.output to deathstar_ms-20172.output
tar: removing leading '/' from member names
Debug: Checking Namespace=default, Pod=ms-22893-576fd5f9f6-c242v for Target File=deathstar_*.output
Namespace: default, Pod: ms-22893-576fd5f9f6-c242v has the target files.
Copying deathstar_ms-22893.output to deathstar_ms-22893.output
tar: removing leading '/' from member names
Debug: Checking Namespace=default, Pod=ms-24009-67dbf5b976-2k57z for Target File=deathstar_*.output
Namespace: default, Pod: ms-24009-67dbf5b976-2k57z has the target files.
Copying deathstar_ms-24009.output to deathstar_ms-24009.output
tar: removing leading '/' from member names
Debug: Checking Namespace=default, Pod=ms-24959-99f8bbf9-nnvwx for Target File=deathstar_*.output
Namespace: default, Pod: ms-24959-99f8bbf9-nnvwx has the target files.
Copying deathstar_ms-24959.output to deathstar_ms-24959.output
tar: removing leading '/' from member names
Debug: Checking Namespace=default, Pod=ms-26622-66fdf7d64f-62ss4 for Target File=deathstar_*.output
Namespace: default, Pod: ms-26622-66fdf7d64f-62ss4 has the target files.
Copying deathstar_ms-26622.output to deathstar_ms-26622.output
tar: removing leading '/' from member names
Debug: Checking Namespace=default, Pod=ms-27421-64f549855c-mgnfc for Target File=deathstar_*.output
Namespace: default, Pod: ms-27421-64f549855c-mgnfc has the target files.
Copying deathstar_ms-27421.output to deathstar_ms-27421.output
tar: removing leading '/' from member names
Debug: Checking Namespace=default, Pod=ms-29373-8467f7db44-rhwc6 for Target File=deathstar_*.output
Namespace: default, Pod: ms-29373-8467f7db44-rhwc6 has the target files.
Copying deathstar_ms-29373.output to deathstar_ms-29373.output
tar: removing leading '/' from member names
Debug: Checking Namespace=default, Pod=ms-32301-c5654bbc5-gnn4q for Target File=deathstar_*.output
Namespace: default, Pod: ms-32301-c5654bbc5-gnn4q has the target files.
Copying deathstar_ms-32301.output to deathstar_ms-32301.output
tar: removing leading '/' from member names
Debug: Checking Namespace=default, Pod=ms-3289-587dbd96bf-h9vhf for Target File=deathstar_*.output
Namespace: default, Pod: ms-3289-587dbd96bf-h9vhf has the target files.
Copying deathstar_ms-3289.output to deathstar_ms-3289.output
tar: removing leading '/' from member names
Debug: Checking Namespace=default, Pod=ms-37691-6dc6cd6744-zwmtk for Target File=deathstar_*.output
Namespace: default, Pod: ms-37691-6dc6cd6744-zwmtk has the target files.
Copying deathstar_ms-37691.output to deathstar_ms-37691.output
tar: removing leading '/' from member names
Debug: Checking Namespace=default, Pod=ms-38964-5b647cdbd-gt5kf for Target File=deathstar_*.output
Namespace: default, Pod: ms-38964-5b647cdbd-gt5kf has the target files.
Copying deathstar_ms-38964.output to deathstar_ms-38964.output
tar: removing leading '/' from member names
Debug: Checking Namespace=default, Pod=ms-40147-cd867585-gzfcs for Target File=deathstar_*.output
Namespace: default, Pod: ms-40147-cd867585-gzfcs has the target files.
Copying deathstar_ms-40147.output to deathstar_ms-40147.output
tar: removing leading '/' from member names
Debug: Checking Namespace=default, Pod=ms-48118-ff7b99cc9-klgwt for Target File=deathstar_*.output
Namespace: default, Pod: ms-48118-ff7b99cc9-klgwt has the target files.
Copying deathstar_ms-48118.output to deathstar_ms-48118.output
tar: removing leading '/' from member names
Debug: Checking Namespace=default, Pod=ms-4829-669557b66c-8v6df for Target File=deathstar_*.output
Namespace: default, Pod: ms-4829-669557b66c-8v6df has the target files.
Copying deathstar_ms-4829.output to deathstar_ms-4829.output
tar: removing leading '/' from member names
Debug: Checking Namespace=default, Pod=ms-51685-79858c784f-k8sj7 for Target File=deathstar_*.output
Namespace: default, Pod: ms-51685-79858c784f-k8sj7 has the target files.
Copying deathstar_ms-51685.output to deathstar_ms-51685.output
tar: removing leading '/' from member names
Debug: Checking Namespace=default, Pod=ms-52379-57c6cdd54b-w52gr for Target File=deathstar_*.output
Namespace: default, Pod: ms-52379-57c6cdd54b-w52gr has the target files.
Copying deathstar_ms-52379.output to deathstar_ms-52379.output
tar: removing leading '/' from member names
Debug: Checking Namespace=default, Pod=ms-55394-6f999f5df9-wbdr2 for Target File=deathstar_*.output
Namespace: default, Pod: ms-55394-6f999f5df9-wbdr2 has the target files.
Copying deathstar_ms-55394.output to deathstar_ms-55394.output
tar: removing leading '/' from member names
Debug: Checking Namespace=default, Pod=ms-58436-59dd96f659-psggn for Target File=deathstar_*.output
Namespace: default, Pod: ms-58436-59dd96f659-psggn has the target files.
Copying deathstar_ms-58436.output to deathstar_ms-58436.output
tar: removing leading '/' from member names
Debug: Checking Namespace=default, Pod=ms-58772-68ff78c966-hhbgw for Target File=deathstar_*.output
Namespace: default, Pod: ms-58772-68ff78c966-hhbgw has the target files.
Copying deathstar_ms-58772.output to deathstar_ms-58772.output
tar: removing leading '/' from member names
Debug: Checking Namespace=default, Pod=ms-59962-756b895b58-sdkzk for Target File=deathstar_*.output
Namespace: default, Pod: ms-59962-756b895b58-sdkzk has the target files.
Copying deathstar_ms-59962.output to deathstar_ms-59962.output
tar: removing leading '/' from member names
Debug: Checking Namespace=default, Pod=ms-60061-68bd84bdcd-vwl4b for Target File=deathstar_*.output
Namespace: default, Pod: ms-60061-68bd84bdcd-vwl4b has the target files.
Copying deathstar_ms-60061.output to deathstar_ms-60061.output
tar: removing leading '/' from member names
Debug: Checking Namespace=default, Pod=ms-6323-974659fcd-vfgzs for Target File=deathstar_*.output
Namespace: default, Pod: ms-6323-974659fcd-vfgzs has the target files.
Copying deathstar_ms-6323.output to deathstar_ms-6323.output
tar: removing leading '/' from member names
Debug: Checking Namespace=default, Pod=ms-65741-65f588bcdf-5fkrh for Target File=deathstar_*.output
Namespace: default, Pod: ms-65741-65f588bcdf-5fkrh has the target files.
Copying deathstar_ms-65741.output to deathstar_ms-65741.output
tar: removing leading '/' from member names
Debug: Checking Namespace=default, Pod=ms-66473-79c66f8bff-gdkgs for Target File=deathstar_*.output
Namespace: default, Pod: ms-66473-79c66f8bff-gdkgs has the target files.
Copying deathstar_ms-66473.output to deathstar_ms-66473.output
tar: removing leading '/' from member names
Debug: Checking Namespace=default, Pod=ms-69188-65c548d4cb-tm2b2 for Target File=deathstar_*.output
Namespace: default, Pod: ms-69188-65c548d4cb-tm2b2 has the target files.
Copying deathstar_ms-69188.output to deathstar_ms-69188.output
tar: removing leading '/' from member names
Debug: Checking Namespace=default, Pod=ms-69614-794bd8475-4mz5b for Target File=deathstar_*.output
Namespace: default, Pod: ms-69614-794bd8475-4mz5b has the target files.
Copying deathstar_ms-69614.output to deathstar_ms-69614.output
tar: removing leading '/' from member names
Debug: Checking Namespace=default, Pod=ms-9081-567985788-44sdb for Target File=deathstar_*.output
Namespace: default, Pod: ms-9081-567985788-44sdb has the target files.
Copying deathstar_ms-9081.output to deathstar_ms-9081.output
tar: removing leading '/' from member names
Debug: Checking Namespace=default, Pod=nginx-web-server-56557f7cb7-gcwzl for Target File=deathstar_*.output
Namespace: default, Pod: nginx-web-server-56557f7cb7-gcwzl has the target files.
Copying deathstar_nginx-web-server.output to deathstar_nginx-web-server.output
tar: removing leading '/' from member names
Debug: Checking Namespace=default, Pod=unknown-6ddf9bd4b5-wsmd7 for Target File=deathstar_*.output
Namespace: default, Pod: unknown-6ddf9bd4b5-wsmd7 has the target files.
Copying deathstar_unknown.output to deathstar_unknown.output
tar: removing leading '/' from member names
