Deployments: ms-11070
ms-11285
ms-11512
ms-1278
ms-13873
ms-19953
ms-21883
ms-25124
ms-27421
ms-2827
ms-33719
ms-37691
ms-43309
ms-4354
ms-46825
ms-60236
ms-71771
ms-8052
ms-902
nginx-web-server
deployment "ms-11070" successfully rolled out
deployment "ms-11285" successfully rolled out
deployment "ms-11512" successfully rolled out
deployment "ms-1278" successfully rolled out
deployment "ms-13873" successfully rolled out
deployment "ms-19953" successfully rolled out
deployment "ms-21883" successfully rolled out
deployment "ms-25124" successfully rolled out
deployment "ms-27421" successfully rolled out
deployment "ms-2827" successfully rolled out
deployment "ms-33719" successfully rolled out
deployment "ms-37691" successfully rolled out
deployment "ms-43309" successfully rolled out
deployment "ms-4354" successfully rolled out
deployment "ms-46825" successfully rolled out
deployment "ms-60236" successfully rolled out
deployment "ms-71771" successfully rolled out
deployment "ms-8052" successfully rolled out
deployment "ms-902" successfully rolled out
deployment "nginx-web-server" successfully rolled out
ENTRY_POINT: nginx-web-server
SERVICE_A_URL: 10.108.22.143:50051
Capacity: 10000
Metadata: request-id={{.RequestNumber}}
Metadata: timestamp={{.TimestampUnix}}
Metadata: method=S_102000854
Charon Configurations:
[{INTERCEPT breakwaterd} {PRICE_UPDATE_RATE 10ms} {TOKEN_UPDATE_RATE 10ms} {LATENCY_THRESHOLD 100us} {PRICE_STEP 0} {PRICE_STRATEGY step} {LAZY_UPDATE false} {RATE_LIMITING true} {LOAD_SHEDDING true} {CHARON_TRACK_PRICE false} {BREAKWATER_SLO 29701us} {BREAKWATER_A 6.503766733748016} {BREAKWATER_B 1.6087730537075406} {BREAKWATER_CLIENT_EXPIRATION 2414us} {BREAKWATER_INITIAL_CREDIT 242} {BREAKWATER_LOAD_SHEDDING true} {BREAKWATER_RTT 18290us} {BREAKWATERD_SLO 25760us} {BREAKWATERD_A 8.306870560381276} {BREAKWATERD_B 0.996021467348196} {BREAKWATERD_CLIENT_EXPIRATION 56274us} {BREAKWATERD_INITIAL_CREDIT 2409} {BREAKWATERD_LOAD_SHEDDING true} {BREAKWATERD_RTT 8098us} {DAGOR_QUEUING_THRESHOLD 2ms} {DAGOR_ALPHA 0.05} {DAGOR_BETA 0.01} {DAGOR_ADMISSION_LEVEL_UPDATE_INTERVAL 10ms} {DAGOR_UMAX 20}]

Summary:
  Count:	103062
  Total:	24.89 s
  Slowest:	826.57 ms
  Fastest:	39.29 ms
  Average:	149.99 ms
  Requests/sec:	4141.21

Response time histogram:
  39.294  [1]     |
  118.022 [18660] |∎∎∎∎∎∎∎∎∎∎∎∎∎∎∎∎∎∎∎∎∎∎∎∎∎∎∎∎∎∎∎∎∎∎∎
  196.750 [21328] |∎∎∎∎∎∎∎∎∎∎∎∎∎∎∎∎∎∎∎∎∎∎∎∎∎∎∎∎∎∎∎∎∎∎∎∎∎∎∎∎
  275.478 [18745] |∎∎∎∎∎∎∎∎∎∎∎∎∎∎∎∎∎∎∎∎∎∎∎∎∎∎∎∎∎∎∎∎∎∎∎
  354.206 [8934]  |∎∎∎∎∎∎∎∎∎∎∎∎∎∎∎∎∎
  432.934 [2595]  |∎∎∎∎∎
  511.663 [397]   |∎
  590.391 [21]    |
  669.119 [0]     |
  747.847 [0]     |
  826.575 [65]    |

Latency distribution:
  10 % in 43.77 ms 
  25 % in 112.17 ms 
  50 % in 180.93 ms 
  75 % in 247.19 ms 
  90 % in 306.61 ms 
  95 % in 346.11 ms 
  99 % in 420.83 ms 

Status code distribution:
  [OK]                  70746 responses   
  [ResourceExhausted]   31106 responses   
  [Canceled]            1210 responses    

Error distribution:
  [207]     rpc error: code = ResourceExhausted desc = Client id e8cafc3f-bed5-40f8-829e-03bff7f4d2fd request expired in queue.   
  [286]     rpc error: code = ResourceExhausted desc = Client id bb5fbb28-76e2-4fe6-a93d-0b90ed7e9ae0 request expired in queue.   
  [1210]    rpc error: code = Canceled desc = grpc: the client connection is closing                                              
  [12108]   rpc error: code = ResourceExhausted desc = Client id 769ca323-54ce-4fe5-87e3-303efa94a0e9 request expired in queue.   
  [12770]   rpc error: code = ResourceExhausted desc = Server-side queuing delay is beyond AQM threshold                          
  [705]     rpc error: code = ResourceExhausted desc = Client id ef5d0037-87e3-410e-b8cc-bfa4024fd7af request expired in queue.   
  [16]      rpc error: code = ResourceExhausted desc = Client id 29d8cece-3ee3-486a-8355-dbd483b9fb50 request expired in queue.   
  [5014]    rpc error: code = ResourceExhausted desc = Client id ddf485a3-d0b5-48dc-abb9-1fe97637f811 request expired in queue.   

Debug: Checking Namespace=default, Pod=ms-11070-7868c54f44-76w27 for Target File=deathstar_*.output
Namespace: default, Pod: ms-11070-7868c54f44-76w27 has the target files.
Copying deathstar_ms-11070.output to deathstar_ms-11070.output
tar: removing leading '/' from member names
Debug: Checking Namespace=default, Pod=ms-11285-67d597dc77-tkp28 for Target File=deathstar_*.output
Namespace: default, Pod: ms-11285-67d597dc77-tkp28 has the target files.
Copying deathstar_ms-11285.output to deathstar_ms-11285.output
tar: removing leading '/' from member names
Debug: Checking Namespace=default, Pod=ms-11512-75f8ddc45b-jcmmd for Target File=deathstar_*.output
Namespace: default, Pod: ms-11512-75f8ddc45b-jcmmd has the target files.
Copying deathstar_ms-11512.output to deathstar_ms-11512.output
tar: removing leading '/' from member names
Debug: Checking Namespace=default, Pod=ms-1278-85766ff6b8-qmfpb for Target File=deathstar_*.output
Namespace: default, Pod: ms-1278-85766ff6b8-qmfpb has the target files.
Copying deathstar_ms-1278.output to deathstar_ms-1278.output
tar: removing leading '/' from member names
Debug: Checking Namespace=default, Pod=ms-13873-85d7bb7b97-5m5q4 for Target File=deathstar_*.output
Namespace: default, Pod: ms-13873-85d7bb7b97-5m5q4 has the target files.
Copying deathstar_ms-13873.output to deathstar_ms-13873.output
tar: removing leading '/' from member names
Debug: Checking Namespace=default, Pod=ms-19953-68cc8998c5-75clj for Target File=deathstar_*.output
Namespace: default, Pod: ms-19953-68cc8998c5-75clj has the target files.
Copying deathstar_ms-19953.output to deathstar_ms-19953.output
tar: removing leading '/' from member names
Debug: Checking Namespace=default, Pod=ms-21883-f6c88c6d4-8tttf for Target File=deathstar_*.output
Namespace: default, Pod: ms-21883-f6c88c6d4-8tttf has the target files.
Copying deathstar_ms-21883.output to deathstar_ms-21883.output
tar: removing leading '/' from member names
Debug: Checking Namespace=default, Pod=ms-25124-77bd4446f5-929kt for Target File=deathstar_*.output
Namespace: default, Pod: ms-25124-77bd4446f5-929kt has the target files.
Copying deathstar_ms-25124.output to deathstar_ms-25124.output
tar: removing leading '/' from member names
Debug: Checking Namespace=default, Pod=ms-27421-8565974486-5h4zk for Target File=deathstar_*.output
Namespace: default, Pod: ms-27421-8565974486-5h4zk has the target files.
Copying deathstar_ms-27421.output to deathstar_ms-27421.output
tar: removing leading '/' from member names
Debug: Checking Namespace=default, Pod=ms-2827-5dcc6df4f4-fwgsg for Target File=deathstar_*.output
Namespace: default, Pod: ms-2827-5dcc6df4f4-fwgsg has the target files.
Copying deathstar_ms-2827.output to deathstar_ms-2827.output
tar: removing leading '/' from member names
Debug: Checking Namespace=default, Pod=ms-33719-6c455cf54c-npxng for Target File=deathstar_*.output
Namespace: default, Pod: ms-33719-6c455cf54c-npxng has the target files.
Copying deathstar_ms-33719.output to deathstar_ms-33719.output
tar: removing leading '/' from member names
Debug: Checking Namespace=default, Pod=ms-37691-b9bc44798-9zfws for Target File=deathstar_*.output
Namespace: default, Pod: ms-37691-b9bc44798-9zfws has the target files.
Copying deathstar_ms-37691.output to deathstar_ms-37691.output
tar: removing leading '/' from member names
Debug: Checking Namespace=default, Pod=ms-43309-54f758d465-xvw6s for Target File=deathstar_*.output
Namespace: default, Pod: ms-43309-54f758d465-xvw6s has the target files.
Copying deathstar_ms-43309.output to deathstar_ms-43309.output
tar: removing leading '/' from member names
Debug: Checking Namespace=default, Pod=ms-4354-669cfcbdf6-gfnhp for Target File=deathstar_*.output
Namespace: default, Pod: ms-4354-669cfcbdf6-gfnhp has the target files.
Copying deathstar_ms-4354.output to deathstar_ms-4354.output
tar: removing leading '/' from member names
Debug: Checking Namespace=default, Pod=ms-46825-58c684559d-fj684 for Target File=deathstar_*.output
Namespace: default, Pod: ms-46825-58c684559d-fj684 has the target files.
Copying deathstar_ms-46825.output to deathstar_ms-46825.output
tar: removing leading '/' from member names
Debug: Checking Namespace=default, Pod=ms-60236-64866cf49-s42l9 for Target File=deathstar_*.output
Namespace: default, Pod: ms-60236-64866cf49-s42l9 has the target files.
Copying deathstar_ms-60236.output to deathstar_ms-60236.output
tar: removing leading '/' from member names
Debug: Checking Namespace=default, Pod=ms-71771-567ddbdd95-2jccd for Target File=deathstar_*.output
Namespace: default, Pod: ms-71771-567ddbdd95-2jccd has the target files.
Copying deathstar_ms-71771.output to deathstar_ms-71771.output
tar: removing leading '/' from member names
Debug: Checking Namespace=default, Pod=ms-8052-b995968dc-xjx64 for Target File=deathstar_*.output
Namespace: default, Pod: ms-8052-b995968dc-xjx64 has the target files.
Copying deathstar_ms-8052.output to deathstar_ms-8052.output
tar: removing leading '/' from member names
Debug: Checking Namespace=default, Pod=ms-902-5744544f85-85bkk for Target File=deathstar_*.output
Namespace: default, Pod: ms-902-5744544f85-85bkk has the target files.
Copying deathstar_ms-902.output to deathstar_ms-902.output
tar: removing leading '/' from member names
Debug: Checking Namespace=default, Pod=nginx-web-server-56557f7cb7-gh9lh for Target File=deathstar_*.output
Namespace: default, Pod: nginx-web-server-56557f7cb7-gh9lh has the target files.
Copying deathstar_nginx-web-server.output to deathstar_nginx-web-server.output
tar: removing leading '/' from member names
