Deployments: ms-10090
ms-13558
ms-18330
ms-19585
ms-20172
ms-22893
ms-24009
ms-24959
ms-26622
ms-27421
ms-29373
ms-32301
ms-3289
ms-37691
ms-38964
ms-40147
ms-48118
ms-4829
ms-51685
ms-52379
ms-55394
ms-58436
ms-58772
ms-59962
ms-60061
ms-6323
ms-65741
ms-66473
ms-69188
ms-69614
ms-9081
nginx-web-server
unknown
deployment "ms-10090" successfully rolled out
deployment "ms-13558" successfully rolled out
deployment "ms-18330" successfully rolled out
deployment "ms-19585" successfully rolled out
deployment "ms-20172" successfully rolled out
deployment "ms-22893" successfully rolled out
deployment "ms-24009" successfully rolled out
deployment "ms-24959" successfully rolled out
deployment "ms-26622" successfully rolled out
deployment "ms-27421" successfully rolled out
deployment "ms-29373" successfully rolled out
deployment "ms-32301" successfully rolled out
deployment "ms-3289" successfully rolled out
deployment "ms-37691" successfully rolled out
deployment "ms-38964" successfully rolled out
deployment "ms-40147" successfully rolled out
deployment "ms-48118" successfully rolled out
deployment "ms-4829" successfully rolled out
deployment "ms-51685" successfully rolled out
deployment "ms-52379" successfully rolled out
deployment "ms-55394" successfully rolled out
deployment "ms-58436" successfully rolled out
deployment "ms-58772" successfully rolled out
deployment "ms-59962" successfully rolled out
deployment "ms-60061" successfully rolled out
deployment "ms-6323" successfully rolled out
deployment "ms-65741" successfully rolled out
deployment "ms-66473" successfully rolled out
deployment "ms-69188" successfully rolled out
deployment "ms-69614" successfully rolled out
deployment "ms-9081" successfully rolled out
deployment "nginx-web-server" successfully rolled out
deployment "unknown" successfully rolled out
ENTRY_POINT: nginx-web-server
SERVICE_A_URL: 10.110.225.11:50051
Capacity: 7500
Metadata: request-id={{.RequestNumber}}
Metadata: timestamp={{.TimestampUnix}}
Metadata: method=motivation-both
Charon Configurations:
[{INTERCEPT dagorf} {PRICE_UPDATE_RATE 10ms} {TOKEN_UPDATE_RATE 10ms} {LATENCY_THRESHOLD 100us} {PRICE_STEP 0} {PRICE_STRATEGY step} {LAZY_UPDATE false} {RATE_LIMITING true} {LOAD_SHEDDING true} {CHARON_TRACK_PRICE false} {BREAKWATER_SLO 12500us} {BREAKWATER_A 0.001} {BREAKWATER_B 0.02} {BREAKWATER_CLIENT_EXPIRATION 10ms} {BREAKWATER_INITIAL_CREDIT 400} {BREAKWATER_LOAD_SHEDDING true} {BREAKWATER_RTT 1000us} {BREAKWATERD_SLO 12500us} {BREAKWATERD_A 0.001} {BREAKWATERD_B 0.02} {BREAKWATERD_CLIENT_EXPIRATION 10ms} {BREAKWATERD_INITIAL_CREDIT 400} {BREAKWATERD_LOAD_SHEDDING true} {BREAKWATERD_RTT 1000us} {DAGOR_QUEUING_THRESHOLD 611641us} {DAGOR_ALPHA 1.4406489868843162} {DAGOR_BETA 0.00011437481734488664} {DAGOR_ADMISSION_LEVEL_UPDATE_INTERVAL 20909us} {DAGOR_UMAX 4}]

Summary:
  Count:	39401
  Total:	6.83 s
  Slowest:	1.02 s
  Fastest:	0.38 ms
  Average:	903.27 ms
  Requests/sec:	5769.01

Response time histogram:
  0.378    [1]   |
  102.432  [434] |∎∎∎∎∎∎∎∎∎∎∎∎∎∎∎∎∎∎∎∎∎∎∎∎∎∎∎∎∎∎∎∎∎∎∎∎∎∎∎∎
  204.486  [97]  |∎∎∎∎∎∎∎∎∎
  306.540  [114] |∎∎∎∎∎∎∎∎∎∎∎
  408.594  [123] |∎∎∎∎∎∎∎∎∎∎∎
  510.648  [73]  |∎∎∎∎∎∎∎
  612.702  [88]  |∎∎∎∎∎∎∎∎
  714.756  [105] |∎∎∎∎∎∎∎∎∎∎
  816.811  [123] |∎∎∎∎∎∎∎∎∎∎∎
  918.865  [104] |∎∎∎∎∎∎∎∎∎∎
  1020.919 [46]  |∎∎∎∎

Latency distribution:
  10 % in 0.64 ms 
  25 % in 1.00 ms 
  50 % in 323.90 ms 
  75 % in 648.19 ms 
  90 % in 868.56 ms 
  95 % in 912.80 ms 
  99 % in 984.15 ms 

Status code distribution:
  [DeadlineExceeded]   31738 responses   
  [OK]                 1308 responses    
  [Canceled]           6355 responses    

Error distribution:
  [31738]   rpc error: code = DeadlineExceeded desc = context deadline exceeded        
  [6355]    rpc error: code = Canceled desc = grpc: the client connection is closing   

Debug: Checking Namespace=default, Pod=ms-10090-6454f977fd-55xht for Target File=deathstar_*.output
Namespace: default, Pod: ms-10090-6454f977fd-55xht has the target files.
Copying deathstar_ms-10090.output to deathstar_ms-10090.output
tar: removing leading '/' from member names
Debug: Checking Namespace=default, Pod=ms-13558-b48bb5d9d-hx595 for Target File=deathstar_*.output
Namespace: default, Pod: ms-13558-b48bb5d9d-hx595 has the target files.
Copying deathstar_ms-13558.output to deathstar_ms-13558.output
tar: removing leading '/' from member names
Debug: Checking Namespace=default, Pod=ms-18330-759d9cf49c-tq85d for Target File=deathstar_*.output
Namespace: default, Pod: ms-18330-759d9cf49c-tq85d has the target files.
Copying deathstar_ms-18330.output to deathstar_ms-18330.output
tar: removing leading '/' from member names
Debug: Checking Namespace=default, Pod=ms-19585-6f995cfcbf-7f7qt for Target File=deathstar_*.output
Namespace: default, Pod: ms-19585-6f995cfcbf-7f7qt has the target files.
Copying deathstar_ms-19585.output to deathstar_ms-19585.output
tar: removing leading '/' from member names
Debug: Checking Namespace=default, Pod=ms-20172-59d5485464-k4skb for Target File=deathstar_*.output
Namespace: default, Pod: ms-20172-59d5485464-k4skb has the target files.
Copying deathstar_ms-20172.output to deathstar_ms-20172.output
tar: removing leading '/' from member names
Debug: Checking Namespace=default, Pod=ms-22893-576fd5f9f6-24p82 for Target File=deathstar_*.output
Namespace: default, Pod: ms-22893-576fd5f9f6-24p82 has the target files.
Copying deathstar_ms-22893.output to deathstar_ms-22893.output
tar: removing leading '/' from member names
Debug: Checking Namespace=default, Pod=ms-24009-67dbf5b976-nldxx for Target File=deathstar_*.output
Namespace: default, Pod: ms-24009-67dbf5b976-nldxx has the target files.
Copying deathstar_ms-24009.output to deathstar_ms-24009.output
tar: removing leading '/' from member names
Debug: Checking Namespace=default, Pod=ms-24959-99f8bbf9-r8tpj for Target File=deathstar_*.output
Namespace: default, Pod: ms-24959-99f8bbf9-r8tpj has the target files.
Copying deathstar_ms-24959.output to deathstar_ms-24959.output
tar: removing leading '/' from member names
Debug: Checking Namespace=default, Pod=ms-26622-66fdf7d64f-m9xfz for Target File=deathstar_*.output
Namespace: default, Pod: ms-26622-66fdf7d64f-m9xfz has the target files.
Copying deathstar_ms-26622.output to deathstar_ms-26622.output
tar: removing leading '/' from member names
Debug: Checking Namespace=default, Pod=ms-27421-64f549855c-nppmw for Target File=deathstar_*.output
Namespace: default, Pod: ms-27421-64f549855c-nppmw has the target files.
Copying deathstar_ms-27421.output to deathstar_ms-27421.output
tar: removing leading '/' from member names
Debug: Checking Namespace=default, Pod=ms-29373-8467f7db44-m86x5 for Target File=deathstar_*.output
Namespace: default, Pod: ms-29373-8467f7db44-m86x5 has the target files.
Copying deathstar_ms-29373.output to deathstar_ms-29373.output
tar: removing leading '/' from member names
Debug: Checking Namespace=default, Pod=ms-32301-c5654bbc5-2pj48 for Target File=deathstar_*.output
Namespace: default, Pod: ms-32301-c5654bbc5-2pj48 has the target files.
Copying deathstar_ms-32301.output to deathstar_ms-32301.output
tar: removing leading '/' from member names
Debug: Checking Namespace=default, Pod=ms-3289-587dbd96bf-hdjr6 for Target File=deathstar_*.output
Namespace: default, Pod: ms-3289-587dbd96bf-hdjr6 has the target files.
Copying deathstar_ms-3289.output to deathstar_ms-3289.output
tar: removing leading '/' from member names
Debug: Checking Namespace=default, Pod=ms-37691-6dc6cd6744-l5tf5 for Target File=deathstar_*.output
Namespace: default, Pod: ms-37691-6dc6cd6744-l5tf5 has the target files.
Copying deathstar_ms-37691.output to deathstar_ms-37691.output
tar: removing leading '/' from member names
Debug: Checking Namespace=default, Pod=ms-38964-5b647cdbd-d6ssf for Target File=deathstar_*.output
Namespace: default, Pod: ms-38964-5b647cdbd-d6ssf has the target files.
Copying deathstar_ms-38964.output to deathstar_ms-38964.output
tar: removing leading '/' from member names
Debug: Checking Namespace=default, Pod=ms-40147-cd867585-gh9mt for Target File=deathstar_*.output
Namespace: default, Pod: ms-40147-cd867585-gh9mt has the target files.
Copying deathstar_ms-40147.output to deathstar_ms-40147.output
tar: removing leading '/' from member names
Debug: Checking Namespace=default, Pod=ms-48118-ff7b99cc9-7hgsj for Target File=deathstar_*.output
Namespace: default, Pod: ms-48118-ff7b99cc9-7hgsj has the target files.
Copying deathstar_ms-48118.output to deathstar_ms-48118.output
tar: removing leading '/' from member names
Debug: Checking Namespace=default, Pod=ms-4829-669557b66c-d4svq for Target File=deathstar_*.output
Namespace: default, Pod: ms-4829-669557b66c-d4svq has the target files.
Copying deathstar_ms-4829.output to deathstar_ms-4829.output
tar: removing leading '/' from member names
Debug: Checking Namespace=default, Pod=ms-51685-79858c784f-nzw7p for Target File=deathstar_*.output
Namespace: default, Pod: ms-51685-79858c784f-nzw7p has the target files.
Copying deathstar_ms-51685.output to deathstar_ms-51685.output
tar: removing leading '/' from member names
Debug: Checking Namespace=default, Pod=ms-52379-57c6cdd54b-8rzpk for Target File=deathstar_*.output
Namespace: default, Pod: ms-52379-57c6cdd54b-8rzpk has the target files.
Copying deathstar_ms-52379.output to deathstar_ms-52379.output
tar: removing leading '/' from member names
Debug: Checking Namespace=default, Pod=ms-55394-6f999f5df9-2ghzx for Target File=deathstar_*.output
Namespace: default, Pod: ms-55394-6f999f5df9-2ghzx has the target files.
Copying deathstar_ms-55394.output to deathstar_ms-55394.output
tar: removing leading '/' from member names
Debug: Checking Namespace=default, Pod=ms-58436-59dd96f659-fsm4t for Target File=deathstar_*.output
Namespace: default, Pod: ms-58436-59dd96f659-fsm4t has the target files.
Copying deathstar_ms-58436.output to deathstar_ms-58436.output
tar: removing leading '/' from member names
Debug: Checking Namespace=default, Pod=ms-58772-68ff78c966-7hskl for Target File=deathstar_*.output
Namespace: default, Pod: ms-58772-68ff78c966-7hskl has the target files.
Copying deathstar_ms-58772.output to deathstar_ms-58772.output
tar: removing leading '/' from member names
Debug: Checking Namespace=default, Pod=ms-59962-756b895b58-4kw5d for Target File=deathstar_*.output
Namespace: default, Pod: ms-59962-756b895b58-4kw5d has the target files.
Copying deathstar_ms-59962.output to deathstar_ms-59962.output
tar: removing leading '/' from member names
Debug: Checking Namespace=default, Pod=ms-60061-68bd84bdcd-bjx8r for Target File=deathstar_*.output
Namespace: default, Pod: ms-60061-68bd84bdcd-bjx8r has the target files.
Copying deathstar_ms-60061.output to deathstar_ms-60061.output
tar: removing leading '/' from member names
Debug: Checking Namespace=default, Pod=ms-6323-974659fcd-456sk for Target File=deathstar_*.output
Namespace: default, Pod: ms-6323-974659fcd-456sk has the target files.
Copying deathstar_ms-6323.output to deathstar_ms-6323.output
tar: removing leading '/' from member names
Debug: Checking Namespace=default, Pod=ms-65741-65f588bcdf-xgg72 for Target File=deathstar_*.output
Namespace: default, Pod: ms-65741-65f588bcdf-xgg72 has the target files.
Copying deathstar_ms-65741.output to deathstar_ms-65741.output
tar: removing leading '/' from member names
Debug: Checking Namespace=default, Pod=ms-66473-79c66f8bff-7q6pv for Target File=deathstar_*.output
Namespace: default, Pod: ms-66473-79c66f8bff-7q6pv has the target files.
Copying deathstar_ms-66473.output to deathstar_ms-66473.output
tar: removing leading '/' from member names
Debug: Checking Namespace=default, Pod=ms-69188-65c548d4cb-jjflh for Target File=deathstar_*.output
Namespace: default, Pod: ms-69188-65c548d4cb-jjflh has the target files.
Copying deathstar_ms-69188.output to deathstar_ms-69188.output
tar: removing leading '/' from member names
Debug: Checking Namespace=default, Pod=ms-69614-794bd8475-srpj4 for Target File=deathstar_*.output
Namespace: default, Pod: ms-69614-794bd8475-srpj4 has the target files.
Copying deathstar_ms-69614.output to deathstar_ms-69614.output
tar: removing leading '/' from member names
Debug: Checking Namespace=default, Pod=ms-9081-567985788-wjmc8 for Target File=deathstar_*.output
Namespace: default, Pod: ms-9081-567985788-wjmc8 has the target files.
Copying deathstar_ms-9081.output to deathstar_ms-9081.output
tar: removing leading '/' from member names
Debug: Checking Namespace=default, Pod=nginx-web-server-56557f7cb7-qscg8 for Target File=deathstar_*.output
Namespace: default, Pod: nginx-web-server-56557f7cb7-qscg8 has the target files.
Copying deathstar_nginx-web-server.output to deathstar_nginx-web-server.output
tar: removing leading '/' from member names
Debug: Checking Namespace=default, Pod=unknown-6ddf9bd4b5-7ql2h for Target File=deathstar_*.output
Namespace: default, Pod: unknown-6ddf9bd4b5-7ql2h has the target files.
Copying deathstar_unknown.output to deathstar_unknown.output
tar: removing leading '/' from member names
