Deployments: ms-10090
ms-13558
ms-18330
ms-19585
ms-20172
ms-22893
ms-24009
ms-24959
ms-26622
ms-27421
ms-29373
ms-32301
ms-3289
ms-37691
ms-38964
ms-40147
ms-48118
ms-4829
ms-51685
ms-52379
ms-55394
ms-58436
ms-58772
ms-59962
ms-60061
ms-6323
ms-65741
ms-66473
ms-69188
ms-69614
ms-9081
nginx-web-server
unknown
deployment "ms-10090" successfully rolled out
deployment "ms-13558" successfully rolled out
deployment "ms-18330" successfully rolled out
deployment "ms-19585" successfully rolled out
deployment "ms-20172" successfully rolled out
deployment "ms-22893" successfully rolled out
deployment "ms-24009" successfully rolled out
deployment "ms-24959" successfully rolled out
deployment "ms-26622" successfully rolled out
deployment "ms-27421" successfully rolled out
deployment "ms-29373" successfully rolled out
deployment "ms-32301" successfully rolled out
deployment "ms-3289" successfully rolled out
deployment "ms-37691" successfully rolled out
deployment "ms-38964" successfully rolled out
deployment "ms-40147" successfully rolled out
deployment "ms-48118" successfully rolled out
deployment "ms-4829" successfully rolled out
deployment "ms-51685" successfully rolled out
deployment "ms-52379" successfully rolled out
deployment "ms-55394" successfully rolled out
deployment "ms-58436" successfully rolled out
deployment "ms-58772" successfully rolled out
deployment "ms-59962" successfully rolled out
deployment "ms-60061" successfully rolled out
deployment "ms-6323" successfully rolled out
deployment "ms-65741" successfully rolled out
deployment "ms-66473" successfully rolled out
deployment "ms-69188" successfully rolled out
deployment "ms-69614" successfully rolled out
deployment "ms-9081" successfully rolled out
deployment "nginx-web-server" successfully rolled out
deployment "unknown" successfully rolled out
ENTRY_POINT: nginx-web-server
SERVICE_A_URL: 10.104.177.141:50051
Capacity: 7000
Metadata: request-id={{.RequestNumber}}
Metadata: timestamp={{.TimestampUnix}}
Metadata: method=S_149998854
Charon Configurations:
[{INTERCEPT breakwaterd} {PRICE_UPDATE_RATE 10ms} {TOKEN_UPDATE_RATE 10ms} {LATENCY_THRESHOLD 100us} {PRICE_STEP 0} {PRICE_STRATEGY step} {LAZY_UPDATE false} {RATE_LIMITING true} {LOAD_SHEDDING true} {CHARON_TRACK_PRICE false} {BREAKWATER_SLO 34033us} {BREAKWATER_A 0.0} {BREAKWATER_B 6.3132361281563485} {BREAKWATER_CLIENT_EXPIRATION 1us} {BREAKWATER_INITIAL_CREDIT 393} {BREAKWATER_LOAD_SHEDDING true} {BREAKWATER_RTT 6077us} {BREAKWATERD_SLO 53486us} {BREAKWATERD_A 2.6582686175651347} {BREAKWATERD_B 4.00666538560816} {BREAKWATERD_CLIENT_EXPIRATION 85547us} {BREAKWATERD_INITIAL_CREDIT 2717} {BREAKWATERD_LOAD_SHEDDING true} {BREAKWATERD_RTT 6312us} {DAGOR_QUEUING_THRESHOLD 2ms} {DAGOR_ALPHA 0.05} {DAGOR_BETA 0.01} {DAGOR_ADMISSION_LEVEL_UPDATE_INTERVAL 10ms} {DAGOR_UMAX 20}]

Summary:
  Count:	40050
  Total:	25.00 s
  Slowest:	873.22 ms
  Fastest:	111.23 ms
  Average:	129.20 ms
  Requests/sec:	1601.96

Response time histogram:
  111.235 [1]     |
  187.433 [38655] |∎∎∎∎∎∎∎∎∎∎∎∎∎∎∎∎∎∎∎∎∎∎∎∎∎∎∎∎∎∎∎∎∎∎∎∎∎∎∎∎
  263.632 [430]   |
  339.831 [1]     |
  416.030 [1]     |
  492.229 [2]     |
  568.427 [0]     |
  644.626 [0]     |
  720.825 [6]     |
  797.024 [22]    |
  873.222 [26]    |

Latency distribution:
  10 % in 114.00 ms 
  25 % in 116.97 ms 
  50 % in 125.57 ms 
  75 % in 139.93 ms 
  90 % in 156.67 ms 
  95 % in 166.91 ms 
  99 % in 190.00 ms 

Status code distribution:
  [ResourceExhausted]   826 responses     
  [OK]                  39144 responses   
  [Canceled]            80 responses      

Error distribution:
  [826]   rpc error: code = ResourceExhausted desc = Client id 83de7002-2ec4-4e9b-a639-0d345794ec03 request expired in queue.   
  [80]    rpc error: code = Canceled desc = grpc: the client connection is closing                                              

Debug: Checking Namespace=default, Pod=ms-10090-6454f977fd-99g22 for Target File=deathstar_*.output
Namespace: default, Pod: ms-10090-6454f977fd-99g22 has the target files.
Copying deathstar_ms-10090.output to deathstar_ms-10090.output
tar: removing leading '/' from member names
Debug: Checking Namespace=default, Pod=ms-13558-b48bb5d9d-6cktd for Target File=deathstar_*.output
Namespace: default, Pod: ms-13558-b48bb5d9d-6cktd has the target files.
Copying deathstar_ms-13558.output to deathstar_ms-13558.output
tar: removing leading '/' from member names
Debug: Checking Namespace=default, Pod=ms-18330-759d9cf49c-r8578 for Target File=deathstar_*.output
Namespace: default, Pod: ms-18330-759d9cf49c-r8578 has the target files.
Copying deathstar_ms-18330.output to deathstar_ms-18330.output
tar: removing leading '/' from member names
Debug: Checking Namespace=default, Pod=ms-19585-6f995cfcbf-vt7wm for Target File=deathstar_*.output
Namespace: default, Pod: ms-19585-6f995cfcbf-vt7wm has the target files.
Copying deathstar_ms-19585.output to deathstar_ms-19585.output
tar: removing leading '/' from member names
Debug: Checking Namespace=default, Pod=ms-20172-59d5485464-f9mkl for Target File=deathstar_*.output
Namespace: default, Pod: ms-20172-59d5485464-f9mkl has the target files.
Copying deathstar_ms-20172.output to deathstar_ms-20172.output
tar: removing leading '/' from member names
Debug: Checking Namespace=default, Pod=ms-22893-576fd5f9f6-j4gbf for Target File=deathstar_*.output
Namespace: default, Pod: ms-22893-576fd5f9f6-j4gbf has the target files.
Copying deathstar_ms-22893.output to deathstar_ms-22893.output
tar: removing leading '/' from member names
Debug: Checking Namespace=default, Pod=ms-24009-67dbf5b976-kzlrb for Target File=deathstar_*.output
Namespace: default, Pod: ms-24009-67dbf5b976-kzlrb has the target files.
Copying deathstar_ms-24009.output to deathstar_ms-24009.output
tar: removing leading '/' from member names
Debug: Checking Namespace=default, Pod=ms-24959-99f8bbf9-t9mpn for Target File=deathstar_*.output
Namespace: default, Pod: ms-24959-99f8bbf9-t9mpn has the target files.
Copying deathstar_ms-24959.output to deathstar_ms-24959.output
tar: removing leading '/' from member names
Debug: Checking Namespace=default, Pod=ms-26622-66fdf7d64f-qrpkb for Target File=deathstar_*.output
Namespace: default, Pod: ms-26622-66fdf7d64f-qrpkb has the target files.
Copying deathstar_ms-26622.output to deathstar_ms-26622.output
tar: removing leading '/' from member names
Debug: Checking Namespace=default, Pod=ms-27421-64f549855c-h7nch for Target File=deathstar_*.output
Namespace: default, Pod: ms-27421-64f549855c-h7nch has the target files.
Copying deathstar_ms-27421.output to deathstar_ms-27421.output
tar: removing leading '/' from member names
Debug: Checking Namespace=default, Pod=ms-29373-8467f7db44-z8chh for Target File=deathstar_*.output
Namespace: default, Pod: ms-29373-8467f7db44-z8chh has the target files.
Copying deathstar_ms-29373.output to deathstar_ms-29373.output
tar: removing leading '/' from member names
Debug: Checking Namespace=default, Pod=ms-32301-c5654bbc5-mmwvh for Target File=deathstar_*.output
Namespace: default, Pod: ms-32301-c5654bbc5-mmwvh has the target files.
Copying deathstar_ms-32301.output to deathstar_ms-32301.output
tar: removing leading '/' from member names
Debug: Checking Namespace=default, Pod=ms-3289-587dbd96bf-x475w for Target File=deathstar_*.output
Namespace: default, Pod: ms-3289-587dbd96bf-x475w has the target files.
Copying deathstar_ms-3289.output to deathstar_ms-3289.output
tar: removing leading '/' from member names
Debug: Checking Namespace=default, Pod=ms-37691-6dc6cd6744-zbbdw for Target File=deathstar_*.output
Namespace: default, Pod: ms-37691-6dc6cd6744-zbbdw has the target files.
Copying deathstar_ms-37691.output to deathstar_ms-37691.output
tar: removing leading '/' from member names
Debug: Checking Namespace=default, Pod=ms-38964-5b647cdbd-7rfl7 for Target File=deathstar_*.output
Namespace: default, Pod: ms-38964-5b647cdbd-7rfl7 has the target files.
Copying deathstar_ms-38964.output to deathstar_ms-38964.output
tar: removing leading '/' from member names
Debug: Checking Namespace=default, Pod=ms-40147-cd867585-xxqnq for Target File=deathstar_*.output
Namespace: default, Pod: ms-40147-cd867585-xxqnq has the target files.
Copying deathstar_ms-40147.output to deathstar_ms-40147.output
tar: removing leading '/' from member names
Debug: Checking Namespace=default, Pod=ms-48118-ff7b99cc9-jxn8z for Target File=deathstar_*.output
Namespace: default, Pod: ms-48118-ff7b99cc9-jxn8z has the target files.
Copying deathstar_ms-48118.output to deathstar_ms-48118.output
tar: removing leading '/' from member names
Debug: Checking Namespace=default, Pod=ms-4829-669557b66c-nhjqn for Target File=deathstar_*.output
Namespace: default, Pod: ms-4829-669557b66c-nhjqn has the target files.
Copying deathstar_ms-4829.output to deathstar_ms-4829.output
tar: removing leading '/' from member names
Debug: Checking Namespace=default, Pod=ms-51685-79858c784f-fq5bn for Target File=deathstar_*.output
Namespace: default, Pod: ms-51685-79858c784f-fq5bn has the target files.
Copying deathstar_ms-51685.output to deathstar_ms-51685.output
tar: removing leading '/' from member names
Debug: Checking Namespace=default, Pod=ms-52379-57c6cdd54b-j84rd for Target File=deathstar_*.output
Namespace: default, Pod: ms-52379-57c6cdd54b-j84rd has the target files.
Copying deathstar_ms-52379.output to deathstar_ms-52379.output
tar: removing leading '/' from member names
Debug: Checking Namespace=default, Pod=ms-55394-6f999f5df9-sltjb for Target File=deathstar_*.output
Namespace: default, Pod: ms-55394-6f999f5df9-sltjb has the target files.
Copying deathstar_ms-55394.output to deathstar_ms-55394.output
tar: removing leading '/' from member names
Debug: Checking Namespace=default, Pod=ms-58436-59dd96f659-tb85w for Target File=deathstar_*.output
Namespace: default, Pod: ms-58436-59dd96f659-tb85w has the target files.
Copying deathstar_ms-58436.output to deathstar_ms-58436.output
tar: removing leading '/' from member names
Debug: Checking Namespace=default, Pod=ms-58772-68ff78c966-2nkk4 for Target File=deathstar_*.output
Namespace: default, Pod: ms-58772-68ff78c966-2nkk4 has the target files.
Copying deathstar_ms-58772.output to deathstar_ms-58772.output
tar: removing leading '/' from member names
Debug: Checking Namespace=default, Pod=ms-59962-756b895b58-qmd4g for Target File=deathstar_*.output
Namespace: default, Pod: ms-59962-756b895b58-qmd4g has the target files.
Copying deathstar_ms-59962.output to deathstar_ms-59962.output
tar: removing leading '/' from member names
Debug: Checking Namespace=default, Pod=ms-60061-68bd84bdcd-qfs7n for Target File=deathstar_*.output
Namespace: default, Pod: ms-60061-68bd84bdcd-qfs7n has the target files.
Copying deathstar_ms-60061.output to deathstar_ms-60061.output
tar: removing leading '/' from member names
Debug: Checking Namespace=default, Pod=ms-6323-974659fcd-z7j6c for Target File=deathstar_*.output
Namespace: default, Pod: ms-6323-974659fcd-z7j6c has the target files.
Copying deathstar_ms-6323.output to deathstar_ms-6323.output
tar: removing leading '/' from member names
Debug: Checking Namespace=default, Pod=ms-65741-65f588bcdf-j6msm for Target File=deathstar_*.output
Namespace: default, Pod: ms-65741-65f588bcdf-j6msm has the target files.
Copying deathstar_ms-65741.output to deathstar_ms-65741.output
tar: removing leading '/' from member names
Debug: Checking Namespace=default, Pod=ms-66473-79c66f8bff-f89t5 for Target File=deathstar_*.output
Namespace: default, Pod: ms-66473-79c66f8bff-f89t5 has the target files.
Copying deathstar_ms-66473.output to deathstar_ms-66473.output
tar: removing leading '/' from member names
Debug: Checking Namespace=default, Pod=ms-69188-65c548d4cb-pgjxc for Target File=deathstar_*.output
Namespace: default, Pod: ms-69188-65c548d4cb-pgjxc has the target files.
Copying deathstar_ms-69188.output to deathstar_ms-69188.output
tar: removing leading '/' from member names
Debug: Checking Namespace=default, Pod=ms-69614-794bd8475-7fnln for Target File=deathstar_*.output
Namespace: default, Pod: ms-69614-794bd8475-7fnln has the target files.
Copying deathstar_ms-69614.output to deathstar_ms-69614.output
tar: removing leading '/' from member names
Debug: Checking Namespace=default, Pod=ms-9081-567985788-29bzv for Target File=deathstar_*.output
Namespace: default, Pod: ms-9081-567985788-29bzv has the target files.
Copying deathstar_ms-9081.output to deathstar_ms-9081.output
tar: removing leading '/' from member names
Debug: Checking Namespace=default, Pod=nginx-web-server-56557f7cb7-q7hln for Target File=deathstar_*.output
Namespace: default, Pod: nginx-web-server-56557f7cb7-q7hln has the target files.
Copying deathstar_nginx-web-server.output to deathstar_nginx-web-server.output
tar: removing leading '/' from member names
Debug: Checking Namespace=default, Pod=unknown-6ddf9bd4b5-mm727 for Target File=deathstar_*.output
Namespace: default, Pod: unknown-6ddf9bd4b5-mm727 has the target files.
Copying deathstar_unknown.output to deathstar_unknown.output
tar: removing leading '/' from member names
