Deployments: ms-10090
ms-13558
ms-18330
ms-19585
ms-20172
ms-22893
ms-24009
ms-24959
ms-26622
ms-27421
ms-29373
ms-32301
ms-3289
ms-37691
ms-38964
ms-40147
ms-48118
ms-4829
ms-51685
ms-52379
ms-55394
ms-58436
ms-58772
ms-59962
ms-60061
ms-6323
ms-65741
ms-66473
ms-69188
ms-69614
ms-9081
nginx-web-server
unknown
deployment "ms-10090" successfully rolled out
deployment "ms-13558" successfully rolled out
deployment "ms-18330" successfully rolled out
deployment "ms-19585" successfully rolled out
deployment "ms-20172" successfully rolled out
deployment "ms-22893" successfully rolled out
deployment "ms-24009" successfully rolled out
deployment "ms-24959" successfully rolled out
deployment "ms-26622" successfully rolled out
deployment "ms-27421" successfully rolled out
deployment "ms-29373" successfully rolled out
deployment "ms-32301" successfully rolled out
deployment "ms-3289" successfully rolled out
deployment "ms-37691" successfully rolled out
deployment "ms-38964" successfully rolled out
deployment "ms-40147" successfully rolled out
deployment "ms-48118" successfully rolled out
deployment "ms-4829" successfully rolled out
deployment "ms-51685" successfully rolled out
deployment "ms-52379" successfully rolled out
deployment "ms-55394" successfully rolled out
deployment "ms-58436" successfully rolled out
deployment "ms-58772" successfully rolled out
deployment "ms-59962" successfully rolled out
deployment "ms-60061" successfully rolled out
deployment "ms-6323" successfully rolled out
deployment "ms-65741" successfully rolled out
deployment "ms-66473" successfully rolled out
deployment "ms-69188" successfully rolled out
deployment "ms-69614" successfully rolled out
deployment "ms-9081" successfully rolled out
deployment "nginx-web-server" successfully rolled out
deployment "unknown" successfully rolled out
ENTRY_POINT: nginx-web-server
SERVICE_A_URL: 10.102.103.147:50051
Capacity: 10000
Metadata: request-id={{.RequestNumber}}
Metadata: timestamp={{.TimestampUnix}}
Metadata: method=S_149998854
Charon Configurations:
[{INTERCEPT breakwater} {PRICE_UPDATE_RATE 10ms} {TOKEN_UPDATE_RATE 10ms} {LATENCY_THRESHOLD 100us} {PRICE_STEP 0} {PRICE_STRATEGY step} {LAZY_UPDATE false} {RATE_LIMITING true} {LOAD_SHEDDING true} {CHARON_TRACK_PRICE false} {BREAKWATER_SLO 12925us} {BREAKWATER_A 11.228577611147019} {BREAKWATER_B 0.7507479522010945} {BREAKWATER_CLIENT_EXPIRATION 2394us} {BREAKWATER_INITIAL_CREDIT 1122} {BREAKWATER_LOAD_SHEDDING true} {BREAKWATER_RTT 2755us} {BREAKWATERD_SLO 12500us} {BREAKWATERD_A 0.001} {BREAKWATERD_B 0.02} {BREAKWATERD_CLIENT_EXPIRATION 10ms} {BREAKWATERD_INITIAL_CREDIT 400} {BREAKWATERD_LOAD_SHEDDING true} {BREAKWATERD_RTT 1000us} {DAGOR_QUEUING_THRESHOLD 2ms} {DAGOR_ALPHA 0.05} {DAGOR_BETA 0.01} {DAGOR_ADMISSION_LEVEL_UPDATE_INTERVAL 10ms} {DAGOR_UMAX 20}]

Summary:
  Count:	108944
  Total:	24.91 s
  Slowest:	1.00 s
  Fastest:	110.95 ms
  Average:	702.58 ms
  Requests/sec:	4374.10

Response time histogram:
  110.955  [1]     |
  199.947  [12001] |∎∎∎∎∎∎∎∎∎∎∎∎∎∎∎∎∎∎∎∎∎∎∎∎∎∎∎∎∎∎∎∎∎∎∎∎∎∎∎∎
  288.940  [200]   |∎
  377.932  [529]   |∎∎
  466.924  [105]   |
  555.917  [187]   |∎
  644.909  [241]   |∎
  733.901  [1616]  |∎∎∎∎∎
  822.894  [708]   |∎∎
  911.886  [194]   |∎
  1000.879 [479]   |∎∎

Latency distribution:
  10 % in 112.16 ms 
  25 % in 113.02 ms 
  50 % in 115.02 ms 
  75 % in 267.17 ms 
  90 % in 719.53 ms 
  95 % in 796.47 ms 
  99 % in 968.74 ms 

Status code distribution:
  [OK]                  16261 responses   
  [ResourceExhausted]   17317 responses   
  [DeadlineExceeded]    66667 responses   
  [Canceled]            8699 responses    

Error distribution:
  [17317]   rpc error: code = ResourceExhausted desc = Server-side queuing delay is beyond AQM threshold   
  [66667]   rpc error: code = DeadlineExceeded desc = context deadline exceeded                            
  [8699]    rpc error: code = Canceled desc = grpc: the client connection is closing                       

Debug: Checking Namespace=default, Pod=ms-10090-6454f977fd-6qs5z for Target File=deathstar_*.output
Namespace: default, Pod: ms-10090-6454f977fd-6qs5z has the target files.
Copying deathstar_ms-10090.output to deathstar_ms-10090.output
tar: removing leading '/' from member names
Debug: Checking Namespace=default, Pod=ms-13558-b48bb5d9d-qqvwq for Target File=deathstar_*.output
Namespace: default, Pod: ms-13558-b48bb5d9d-qqvwq has the target files.
Copying deathstar_ms-13558.output to deathstar_ms-13558.output
tar: removing leading '/' from member names
Debug: Checking Namespace=default, Pod=ms-18330-759d9cf49c-l2dhd for Target File=deathstar_*.output
Namespace: default, Pod: ms-18330-759d9cf49c-l2dhd has the target files.
Copying deathstar_ms-18330.output to deathstar_ms-18330.output
tar: removing leading '/' from member names
Debug: Checking Namespace=default, Pod=ms-19585-6f995cfcbf-7frmc for Target File=deathstar_*.output
Namespace: default, Pod: ms-19585-6f995cfcbf-7frmc has the target files.
Copying deathstar_ms-19585.output to deathstar_ms-19585.output
tar: removing leading '/' from member names
Debug: Checking Namespace=default, Pod=ms-20172-59d5485464-rpd7q for Target File=deathstar_*.output
Namespace: default, Pod: ms-20172-59d5485464-rpd7q has the target files.
Copying deathstar_ms-20172.output to deathstar_ms-20172.output
tar: removing leading '/' from member names
Debug: Checking Namespace=default, Pod=ms-22893-576fd5f9f6-9ffxm for Target File=deathstar_*.output
Namespace: default, Pod: ms-22893-576fd5f9f6-9ffxm has the target files.
Copying deathstar_ms-22893.output to deathstar_ms-22893.output
tar: removing leading '/' from member names
Debug: Checking Namespace=default, Pod=ms-24009-67dbf5b976-hgfdh for Target File=deathstar_*.output
Namespace: default, Pod: ms-24009-67dbf5b976-hgfdh has the target files.
Copying deathstar_ms-24009.output to deathstar_ms-24009.output
tar: removing leading '/' from member names
Debug: Checking Namespace=default, Pod=ms-24959-99f8bbf9-jc6pk for Target File=deathstar_*.output
Namespace: default, Pod: ms-24959-99f8bbf9-jc6pk has the target files.
Copying deathstar_ms-24959.output to deathstar_ms-24959.output
tar: removing leading '/' from member names
Debug: Checking Namespace=default, Pod=ms-26622-66fdf7d64f-4fklx for Target File=deathstar_*.output
Namespace: default, Pod: ms-26622-66fdf7d64f-4fklx has the target files.
Copying deathstar_ms-26622.output to deathstar_ms-26622.output
tar: removing leading '/' from member names
Debug: Checking Namespace=default, Pod=ms-27421-64f549855c-qgvl6 for Target File=deathstar_*.output
Namespace: default, Pod: ms-27421-64f549855c-qgvl6 has the target files.
Copying deathstar_ms-27421.output to deathstar_ms-27421.output
tar: removing leading '/' from member names
Debug: Checking Namespace=default, Pod=ms-29373-8467f7db44-jqf59 for Target File=deathstar_*.output
Namespace: default, Pod: ms-29373-8467f7db44-jqf59 has the target files.
Copying deathstar_ms-29373.output to deathstar_ms-29373.output
tar: removing leading '/' from member names
Debug: Checking Namespace=default, Pod=ms-32301-c5654bbc5-tbm6k for Target File=deathstar_*.output
Namespace: default, Pod: ms-32301-c5654bbc5-tbm6k has the target files.
Copying deathstar_ms-32301.output to deathstar_ms-32301.output
tar: removing leading '/' from member names
Debug: Checking Namespace=default, Pod=ms-3289-587dbd96bf-7v99s for Target File=deathstar_*.output
Namespace: default, Pod: ms-3289-587dbd96bf-7v99s has the target files.
Copying deathstar_ms-3289.output to deathstar_ms-3289.output
tar: removing leading '/' from member names
Debug: Checking Namespace=default, Pod=ms-37691-6dc6cd6744-nc5gr for Target File=deathstar_*.output
Namespace: default, Pod: ms-37691-6dc6cd6744-nc5gr has the target files.
Copying deathstar_ms-37691.output to deathstar_ms-37691.output
tar: removing leading '/' from member names
Debug: Checking Namespace=default, Pod=ms-38964-5b647cdbd-7gxtq for Target File=deathstar_*.output
Namespace: default, Pod: ms-38964-5b647cdbd-7gxtq has the target files.
Copying deathstar_ms-38964.output to deathstar_ms-38964.output
tar: removing leading '/' from member names
Debug: Checking Namespace=default, Pod=ms-40147-cd867585-b5vn5 for Target File=deathstar_*.output
Namespace: default, Pod: ms-40147-cd867585-b5vn5 has the target files.
Copying deathstar_ms-40147.output to deathstar_ms-40147.output
tar: removing leading '/' from member names
Debug: Checking Namespace=default, Pod=ms-48118-ff7b99cc9-rj2cn for Target File=deathstar_*.output
Namespace: default, Pod: ms-48118-ff7b99cc9-rj2cn has the target files.
Copying deathstar_ms-48118.output to deathstar_ms-48118.output
tar: removing leading '/' from member names
Debug: Checking Namespace=default, Pod=ms-4829-669557b66c-twhn6 for Target File=deathstar_*.output
Namespace: default, Pod: ms-4829-669557b66c-twhn6 has the target files.
Copying deathstar_ms-4829.output to deathstar_ms-4829.output
tar: removing leading '/' from member names
Debug: Checking Namespace=default, Pod=ms-51685-79858c784f-cgp6j for Target File=deathstar_*.output
Namespace: default, Pod: ms-51685-79858c784f-cgp6j has the target files.
Copying deathstar_ms-51685.output to deathstar_ms-51685.output
tar: removing leading '/' from member names
Debug: Checking Namespace=default, Pod=ms-52379-57c6cdd54b-8gs5h for Target File=deathstar_*.output
Namespace: default, Pod: ms-52379-57c6cdd54b-8gs5h has the target files.
Copying deathstar_ms-52379.output to deathstar_ms-52379.output
tar: removing leading '/' from member names
Debug: Checking Namespace=default, Pod=ms-55394-6f999f5df9-gnm7h for Target File=deathstar_*.output
Namespace: default, Pod: ms-55394-6f999f5df9-gnm7h has the target files.
Copying deathstar_ms-55394.output to deathstar_ms-55394.output
tar: removing leading '/' from member names
Debug: Checking Namespace=default, Pod=ms-58436-59dd96f659-sslfr for Target File=deathstar_*.output
Namespace: default, Pod: ms-58436-59dd96f659-sslfr has the target files.
Copying deathstar_ms-58436.output to deathstar_ms-58436.output
tar: removing leading '/' from member names
Debug: Checking Namespace=default, Pod=ms-58772-68ff78c966-wdc8r for Target File=deathstar_*.output
Namespace: default, Pod: ms-58772-68ff78c966-wdc8r has the target files.
Copying deathstar_ms-58772.output to deathstar_ms-58772.output
tar: removing leading '/' from member names
Debug: Checking Namespace=default, Pod=ms-59962-756b895b58-qdnzd for Target File=deathstar_*.output
Namespace: default, Pod: ms-59962-756b895b58-qdnzd has the target files.
Copying deathstar_ms-59962.output to deathstar_ms-59962.output
tar: removing leading '/' from member names
Debug: Checking Namespace=default, Pod=ms-60061-68bd84bdcd-ptqc7 for Target File=deathstar_*.output
Namespace: default, Pod: ms-60061-68bd84bdcd-ptqc7 has the target files.
Copying deathstar_ms-60061.output to deathstar_ms-60061.output
tar: removing leading '/' from member names
Debug: Checking Namespace=default, Pod=ms-6323-974659fcd-8979r for Target File=deathstar_*.output
Namespace: default, Pod: ms-6323-974659fcd-8979r has the target files.
Copying deathstar_ms-6323.output to deathstar_ms-6323.output
tar: removing leading '/' from member names
Debug: Checking Namespace=default, Pod=ms-65741-65f588bcdf-jngx9 for Target File=deathstar_*.output
Namespace: default, Pod: ms-65741-65f588bcdf-jngx9 has the target files.
Copying deathstar_ms-65741.output to deathstar_ms-65741.output
tar: removing leading '/' from member names
Debug: Checking Namespace=default, Pod=ms-66473-79c66f8bff-w5wch for Target File=deathstar_*.output
Namespace: default, Pod: ms-66473-79c66f8bff-w5wch has the target files.
Copying deathstar_ms-66473.output to deathstar_ms-66473.output
tar: removing leading '/' from member names
Debug: Checking Namespace=default, Pod=ms-69188-65c548d4cb-xf26m for Target File=deathstar_*.output
Namespace: default, Pod: ms-69188-65c548d4cb-xf26m has the target files.
Copying deathstar_ms-69188.output to deathstar_ms-69188.output
tar: removing leading '/' from member names
Debug: Checking Namespace=default, Pod=ms-69614-794bd8475-q4q42 for Target File=deathstar_*.output
Namespace: default, Pod: ms-69614-794bd8475-q4q42 has the target files.
Copying deathstar_ms-69614.output to deathstar_ms-69614.output
tar: removing leading '/' from member names
Debug: Checking Namespace=default, Pod=ms-9081-567985788-hz7kf for Target File=deathstar_*.output
Namespace: default, Pod: ms-9081-567985788-hz7kf has the target files.
Copying deathstar_ms-9081.output to deathstar_ms-9081.output
tar: removing leading '/' from member names
Debug: Checking Namespace=default, Pod=nginx-web-server-56557f7cb7-wgmsm for Target File=deathstar_*.output
Namespace: default, Pod: nginx-web-server-56557f7cb7-wgmsm has the target files.
Copying deathstar_nginx-web-server.output to deathstar_nginx-web-server.output
tar: removing leading '/' from member names
Debug: Checking Namespace=default, Pod=unknown-6ddf9bd4b5-g7cgx for Target File=deathstar_*.output
Namespace: default, Pod: unknown-6ddf9bd4b5-g7cgx has the target files.
Copying deathstar_unknown.output to deathstar_unknown.output
tar: removing leading '/' from member names
