Deployments: ms-10090
ms-13558
ms-18330
ms-19585
ms-20172
ms-22893
ms-24009
ms-24959
ms-26622
ms-27421
ms-29373
ms-32301
ms-3289
ms-37691
ms-38964
ms-40147
ms-48118
ms-4829
ms-51685
ms-52379
ms-55394
ms-58436
ms-58772
ms-59962
ms-60061
ms-6323
ms-65741
ms-66473
ms-69188
ms-69614
ms-9081
nginx-web-server
unknown
deployment "ms-10090" successfully rolled out
deployment "ms-13558" successfully rolled out
deployment "ms-18330" successfully rolled out
deployment "ms-19585" successfully rolled out
deployment "ms-20172" successfully rolled out
deployment "ms-22893" successfully rolled out
deployment "ms-24009" successfully rolled out
deployment "ms-24959" successfully rolled out
deployment "ms-26622" successfully rolled out
deployment "ms-27421" successfully rolled out
deployment "ms-29373" successfully rolled out
deployment "ms-32301" successfully rolled out
deployment "ms-3289" successfully rolled out
deployment "ms-37691" successfully rolled out
deployment "ms-38964" successfully rolled out
deployment "ms-40147" successfully rolled out
deployment "ms-48118" successfully rolled out
deployment "ms-4829" successfully rolled out
deployment "ms-51685" successfully rolled out
deployment "ms-52379" successfully rolled out
deployment "ms-55394" successfully rolled out
deployment "ms-58436" successfully rolled out
deployment "ms-58772" successfully rolled out
deployment "ms-59962" successfully rolled out
deployment "ms-60061" successfully rolled out
deployment "ms-6323" successfully rolled out
deployment "ms-65741" successfully rolled out
deployment "ms-66473" successfully rolled out
deployment "ms-69188" successfully rolled out
deployment "ms-69614" successfully rolled out
deployment "ms-9081" successfully rolled out
deployment "nginx-web-server" successfully rolled out
deployment "unknown" successfully rolled out
ENTRY_POINT: nginx-web-server
SERVICE_A_URL: 10.107.241.165:50051
Capacity: 13000
Metadata: timestamp={{.TimestampUnix}}
Metadata: method=S_149998854
Metadata: request-id={{.RequestNumber}}
Charon Configurations:
[{INTERCEPT charon} {PRICE_UPDATE_RATE 25443us} {TOKEN_UPDATE_RATE 13691us} {LATENCY_THRESHOLD 9014us} {PRICE_STEP 150} {PRICE_STRATEGY proportional} {LAZY_UPDATE true} {RATE_LIMITING true} {LOAD_SHEDDING true} {CHARON_TRACK_PRICE false} {BREAKWATER_SLO 12500us} {BREAKWATER_A 0.001} {BREAKWATER_B 0.02} {BREAKWATER_CLIENT_EXPIRATION 10ms} {BREAKWATER_INITIAL_CREDIT 400} {BREAKWATER_LOAD_SHEDDING true} {BREAKWATER_RTT 1000us} {BREAKWATERD_SLO 12500us} {BREAKWATERD_A 0.001} {BREAKWATERD_B 0.02} {BREAKWATERD_CLIENT_EXPIRATION 10ms} {BREAKWATERD_INITIAL_CREDIT 400} {BREAKWATERD_LOAD_SHEDDING true} {BREAKWATERD_RTT 1000us} {DAGOR_QUEUING_THRESHOLD 2ms} {DAGOR_ALPHA 0.05} {DAGOR_BETA 0.01} {DAGOR_ADMISSION_LEVEL_UPDATE_INTERVAL 10ms} {DAGOR_UMAX 20}]

Summary:
  Count:	57950
  Total:	14.83 s
  Slowest:	792.89 ms
  Fastest:	110.91 ms
  Average:	133.58 ms
  Requests/sec:	3906.39

Response time histogram:
  110.913 [1]     |
  179.110 [44272] |∎∎∎∎∎∎∎∎∎∎∎∎∎∎∎∎∎∎∎∎∎∎∎∎∎∎∎∎∎∎∎∎∎∎∎∎∎∎∎∎
  247.308 [2824]  |∎∎∎
  315.505 [345]   |
  383.703 [413]   |
  451.900 [572]   |∎
  520.098 [365]   |
  588.295 [38]    |
  656.492 [0]     |
  724.690 [0]     |
  792.887 [1]     |

Latency distribution:
  10 % in 113.26 ms 
  25 % in 117.54 ms 
  50 % in 136.92 ms 
  75 % in 154.90 ms 
  90 % in 177.00 ms 
  95 % in 201.73 ms 
  99 % in 436.86 ms 

Status code distribution:
  [OK]                  48831 responses   
  [ResourceExhausted]   8767 responses    
  [Canceled]            352 responses     

Error distribution:
  [934]    rpc error: code = ResourceExhausted desc = S_149998854 req dropped by ms-18330. Try again later.           
  [5156]   rpc error: code = ResourceExhausted desc = S_149998854 req dropped by nginx-web-server. Try again later.   
  [776]    rpc error: code = ResourceExhausted desc = S_149998854 req dropped by ms-66473. Try again later.           
  [1899]   rpc error: code = ResourceExhausted desc = S_149998854 req dropped by ms-55394. Try again later.           
  [2]      rpc error: code = ResourceExhausted desc = S_149998854 req dropped by ms-51685. Try again later.           
  [352]    rpc error: code = Canceled desc = grpc: the client connection is closing                                   

Debug: Checking Namespace=default, Pod=ms-10090-6454f977fd-6ksjv for Target File=deathstar_*.output
Namespace: default, Pod: ms-10090-6454f977fd-6ksjv has the target files.
Copying deathstar_ms-10090.output to deathstar_ms-10090.output
tar: removing leading '/' from member names
Debug: Checking Namespace=default, Pod=ms-13558-b48bb5d9d-4ccb8 for Target File=deathstar_*.output
Namespace: default, Pod: ms-13558-b48bb5d9d-4ccb8 has the target files.
Copying deathstar_ms-13558.output to deathstar_ms-13558.output
tar: removing leading '/' from member names
Debug: Checking Namespace=default, Pod=ms-18330-759d9cf49c-sn885 for Target File=deathstar_*.output
Namespace: default, Pod: ms-18330-759d9cf49c-sn885 has the target files.
Copying deathstar_ms-18330.output to deathstar_ms-18330.output
tar: removing leading '/' from member names
Debug: Checking Namespace=default, Pod=ms-19585-6f995cfcbf-h9x2l for Target File=deathstar_*.output
Namespace: default, Pod: ms-19585-6f995cfcbf-h9x2l has the target files.
Copying deathstar_ms-19585.output to deathstar_ms-19585.output
tar: removing leading '/' from member names
Debug: Checking Namespace=default, Pod=ms-20172-59d5485464-5p8cl for Target File=deathstar_*.output
Namespace: default, Pod: ms-20172-59d5485464-5p8cl has the target files.
Copying deathstar_ms-20172.output to deathstar_ms-20172.output
tar: removing leading '/' from member names
Debug: Checking Namespace=default, Pod=ms-22893-576fd5f9f6-b4plk for Target File=deathstar_*.output
Namespace: default, Pod: ms-22893-576fd5f9f6-b4plk has the target files.
Copying deathstar_ms-22893.output to deathstar_ms-22893.output
tar: removing leading '/' from member names
Debug: Checking Namespace=default, Pod=ms-24009-67dbf5b976-zsxhg for Target File=deathstar_*.output
Namespace: default, Pod: ms-24009-67dbf5b976-zsxhg has the target files.
Copying deathstar_ms-24009.output to deathstar_ms-24009.output
tar: removing leading '/' from member names
Debug: Checking Namespace=default, Pod=ms-24959-99f8bbf9-hc9dk for Target File=deathstar_*.output
Namespace: default, Pod: ms-24959-99f8bbf9-hc9dk has the target files.
Copying deathstar_ms-24959.output to deathstar_ms-24959.output
tar: removing leading '/' from member names
Debug: Checking Namespace=default, Pod=ms-26622-66fdf7d64f-jxfpl for Target File=deathstar_*.output
Namespace: default, Pod: ms-26622-66fdf7d64f-jxfpl has the target files.
Copying deathstar_ms-26622.output to deathstar_ms-26622.output
tar: removing leading '/' from member names
Debug: Checking Namespace=default, Pod=ms-27421-64f549855c-hg2jz for Target File=deathstar_*.output
Namespace: default, Pod: ms-27421-64f549855c-hg2jz has the target files.
Copying deathstar_ms-27421.output to deathstar_ms-27421.output
tar: removing leading '/' from member names
Debug: Checking Namespace=default, Pod=ms-29373-8467f7db44-h6ttl for Target File=deathstar_*.output
Namespace: default, Pod: ms-29373-8467f7db44-h6ttl has the target files.
Copying deathstar_ms-29373.output to deathstar_ms-29373.output
tar: removing leading '/' from member names
Debug: Checking Namespace=default, Pod=ms-32301-c5654bbc5-x5fll for Target File=deathstar_*.output
Namespace: default, Pod: ms-32301-c5654bbc5-x5fll has the target files.
Copying deathstar_ms-32301.output to deathstar_ms-32301.output
tar: removing leading '/' from member names
Debug: Checking Namespace=default, Pod=ms-3289-587dbd96bf-qpz27 for Target File=deathstar_*.output
Namespace: default, Pod: ms-3289-587dbd96bf-qpz27 has the target files.
Copying deathstar_ms-3289.output to deathstar_ms-3289.output
tar: removing leading '/' from member names
Debug: Checking Namespace=default, Pod=ms-37691-6dc6cd6744-8rlf6 for Target File=deathstar_*.output
Namespace: default, Pod: ms-37691-6dc6cd6744-8rlf6 has the target files.
Copying deathstar_ms-37691.output to deathstar_ms-37691.output
tar: removing leading '/' from member names
Debug: Checking Namespace=default, Pod=ms-38964-5b647cdbd-wsfd2 for Target File=deathstar_*.output
Namespace: default, Pod: ms-38964-5b647cdbd-wsfd2 has the target files.
Copying deathstar_ms-38964.output to deathstar_ms-38964.output
tar: removing leading '/' from member names
Debug: Checking Namespace=default, Pod=ms-40147-cd867585-4r94l for Target File=deathstar_*.output
Namespace: default, Pod: ms-40147-cd867585-4r94l has the target files.
Copying deathstar_ms-40147.output to deathstar_ms-40147.output
tar: removing leading '/' from member names
Debug: Checking Namespace=default, Pod=ms-48118-ff7b99cc9-jnhpt for Target File=deathstar_*.output
Namespace: default, Pod: ms-48118-ff7b99cc9-jnhpt has the target files.
Copying deathstar_ms-48118.output to deathstar_ms-48118.output
tar: removing leading '/' from member names
Debug: Checking Namespace=default, Pod=ms-4829-669557b66c-hhtp7 for Target File=deathstar_*.output
Namespace: default, Pod: ms-4829-669557b66c-hhtp7 has the target files.
Copying deathstar_ms-4829.output to deathstar_ms-4829.output
tar: removing leading '/' from member names
Debug: Checking Namespace=default, Pod=ms-51685-79858c784f-xrv9k for Target File=deathstar_*.output
Namespace: default, Pod: ms-51685-79858c784f-xrv9k has the target files.
Copying deathstar_ms-51685.output to deathstar_ms-51685.output
tar: removing leading '/' from member names
Debug: Checking Namespace=default, Pod=ms-52379-57c6cdd54b-c8xbt for Target File=deathstar_*.output
Namespace: default, Pod: ms-52379-57c6cdd54b-c8xbt has the target files.
Copying deathstar_ms-52379.output to deathstar_ms-52379.output
tar: removing leading '/' from member names
Debug: Checking Namespace=default, Pod=ms-55394-6f999f5df9-7bz5x for Target File=deathstar_*.output
Namespace: default, Pod: ms-55394-6f999f5df9-7bz5x has the target files.
Copying deathstar_ms-55394.output to deathstar_ms-55394.output
tar: removing leading '/' from member names
Debug: Checking Namespace=default, Pod=ms-58436-59dd96f659-7vnvs for Target File=deathstar_*.output
Namespace: default, Pod: ms-58436-59dd96f659-7vnvs has the target files.
Copying deathstar_ms-58436.output to deathstar_ms-58436.output
tar: removing leading '/' from member names
Debug: Checking Namespace=default, Pod=ms-58772-68ff78c966-wqw9w for Target File=deathstar_*.output
Namespace: default, Pod: ms-58772-68ff78c966-wqw9w has the target files.
Copying deathstar_ms-58772.output to deathstar_ms-58772.output
tar: removing leading '/' from member names
Debug: Checking Namespace=default, Pod=ms-59962-756b895b58-hzf65 for Target File=deathstar_*.output
Namespace: default, Pod: ms-59962-756b895b58-hzf65 has the target files.
Copying deathstar_ms-59962.output to deathstar_ms-59962.output
tar: removing leading '/' from member names
Debug: Checking Namespace=default, Pod=ms-60061-68bd84bdcd-vwxz6 for Target File=deathstar_*.output
Namespace: default, Pod: ms-60061-68bd84bdcd-vwxz6 has the target files.
Copying deathstar_ms-60061.output to deathstar_ms-60061.output
tar: removing leading '/' from member names
Debug: Checking Namespace=default, Pod=ms-6323-974659fcd-5vtx8 for Target File=deathstar_*.output
Namespace: default, Pod: ms-6323-974659fcd-5vtx8 has the target files.
Copying deathstar_ms-6323.output to deathstar_ms-6323.output
tar: removing leading '/' from member names
Debug: Checking Namespace=default, Pod=ms-65741-65f588bcdf-955xj for Target File=deathstar_*.output
Namespace: default, Pod: ms-65741-65f588bcdf-955xj has the target files.
Copying deathstar_ms-65741.output to deathstar_ms-65741.output
tar: removing leading '/' from member names
Debug: Checking Namespace=default, Pod=ms-66473-79c66f8bff-6k4vw for Target File=deathstar_*.output
Namespace: default, Pod: ms-66473-79c66f8bff-6k4vw has the target files.
Copying deathstar_ms-66473.output to deathstar_ms-66473.output
tar: removing leading '/' from member names
Debug: Checking Namespace=default, Pod=ms-69188-65c548d4cb-q74sr for Target File=deathstar_*.output
Namespace: default, Pod: ms-69188-65c548d4cb-q74sr has the target files.
Copying deathstar_ms-69188.output to deathstar_ms-69188.output
tar: removing leading '/' from member names
Debug: Checking Namespace=default, Pod=ms-69614-794bd8475-p57pj for Target File=deathstar_*.output
Namespace: default, Pod: ms-69614-794bd8475-p57pj has the target files.
Copying deathstar_ms-69614.output to deathstar_ms-69614.output
tar: removing leading '/' from member names
Debug: Checking Namespace=default, Pod=ms-9081-567985788-pjk88 for Target File=deathstar_*.output
Namespace: default, Pod: ms-9081-567985788-pjk88 has the target files.
Copying deathstar_ms-9081.output to deathstar_ms-9081.output
tar: removing leading '/' from member names
Debug: Checking Namespace=default, Pod=nginx-web-server-56557f7cb7-fnf24 for Target File=deathstar_*.output
Namespace: default, Pod: nginx-web-server-56557f7cb7-fnf24 has the target files.
Copying deathstar_nginx-web-server.output to deathstar_nginx-web-server.output
tar: removing leading '/' from member names
Debug: Checking Namespace=default, Pod=unknown-6ddf9bd4b5-2ldhm for Target File=deathstar_*.output
Namespace: default, Pod: unknown-6ddf9bd4b5-2ldhm has the target files.
Copying deathstar_unknown.output to deathstar_unknown.output
tar: removing leading '/' from member names
