Deployments: ms-11070
ms-11285
ms-11512
ms-1278
ms-13873
ms-19953
ms-21883
ms-25124
ms-27421
ms-2827
ms-33719
ms-37691
ms-43309
ms-4354
ms-46825
ms-60236
ms-71771
ms-8052
ms-902
nginx-web-server
deployment "ms-11070" successfully rolled out
deployment "ms-11285" successfully rolled out
deployment "ms-11512" successfully rolled out
deployment "ms-1278" successfully rolled out
deployment "ms-13873" successfully rolled out
deployment "ms-19953" successfully rolled out
deployment "ms-21883" successfully rolled out
deployment "ms-25124" successfully rolled out
deployment "ms-27421" successfully rolled out
deployment "ms-2827" successfully rolled out
deployment "ms-33719" successfully rolled out
deployment "ms-37691" successfully rolled out
deployment "ms-43309" successfully rolled out
deployment "ms-4354" successfully rolled out
deployment "ms-46825" successfully rolled out
deployment "ms-60236" successfully rolled out
deployment "ms-71771" successfully rolled out
deployment "ms-8052" successfully rolled out
deployment "ms-902" successfully rolled out
deployment "nginx-web-server" successfully rolled out
ENTRY_POINT: nginx-web-server
SERVICE_A_URL: 10.101.99.65:50051
Capacity: 10000
Metadata: request-id={{.RequestNumber}}
Metadata: timestamp={{.TimestampUnix}}
Metadata: method=S_102000854
Charon Configurations:
[{INTERCEPT breakwater} {PRICE_UPDATE_RATE 10ms} {TOKEN_UPDATE_RATE 10ms} {LATENCY_THRESHOLD 100us} {PRICE_STEP 0} {PRICE_STRATEGY step} {LAZY_UPDATE false} {RATE_LIMITING true} {LOAD_SHEDDING true} {CHARON_TRACK_PRICE false} {BREAKWATER_SLO 17575us} {BREAKWATER_A 17.527783045920767} {BREAKWATER_B 1.7892133270076946} {BREAKWATER_CLIENT_EXPIRATION 425us} {BREAKWATER_INITIAL_CREDIT 79} {BREAKWATER_LOAD_SHEDDING true} {BREAKWATER_RTT 3396us} {BREAKWATERD_SLO 12500us} {BREAKWATERD_A 0.001} {BREAKWATERD_B 0.02} {BREAKWATERD_CLIENT_EXPIRATION 10ms} {BREAKWATERD_INITIAL_CREDIT 400} {BREAKWATERD_LOAD_SHEDDING true} {BREAKWATERD_RTT 1000us} {DAGOR_QUEUING_THRESHOLD 2ms} {DAGOR_ALPHA 0.05} {DAGOR_BETA 0.01} {DAGOR_ADMISSION_LEVEL_UPDATE_INTERVAL 10ms} {DAGOR_UMAX 20}]

Summary:
  Count:	112068
  Total:	24.96 s
  Slowest:	1.13 s
  Fastest:	38.87 ms
  Average:	360.74 ms
  Requests/sec:	4489.87

Response time histogram:
  38.874   [1]     |
  148.416  [16109] |∎∎∎∎∎∎∎∎∎∎∎∎∎∎∎∎∎∎∎∎∎∎∎∎∎∎∎
  257.958  [7745]  |∎∎∎∎∎∎∎∎∎∎∎∎∎
  367.500  [23971] |∎∎∎∎∎∎∎∎∎∎∎∎∎∎∎∎∎∎∎∎∎∎∎∎∎∎∎∎∎∎∎∎∎∎∎∎∎∎∎∎
  477.043  [24109] |∎∎∎∎∎∎∎∎∎∎∎∎∎∎∎∎∎∎∎∎∎∎∎∎∎∎∎∎∎∎∎∎∎∎∎∎∎∎∎∎
  586.585  [15163] |∎∎∎∎∎∎∎∎∎∎∎∎∎∎∎∎∎∎∎∎∎∎∎∎∎
  696.127  [7136]  |∎∎∎∎∎∎∎∎∎∎∎∎
  805.669  [1929]  |∎∎∎
  915.211  [858]   |∎
  1024.753 [1090]  |∎∎
  1134.295 [304]   |∎

Latency distribution:
  10 % in 42.69 ms 
  25 % in 263.69 ms 
  50 % in 372.81 ms 
  75 % in 488.40 ms 
  90 % in 600.80 ms 
  95 % in 676.58 ms 
  99 % in 953.12 ms 

Status code distribution:
  [OK]                  98415 responses   
  [ResourceExhausted]   5838 responses    
  [DeadlineExceeded]    933 responses     
  [Canceled]            6882 responses    

Error distribution:
  [933]    rpc error: code = DeadlineExceeded desc = context deadline exceeded                            
  [6882]   rpc error: code = Canceled desc = grpc: the client connection is closing                       
  [5838]   rpc error: code = ResourceExhausted desc = Server-side queuing delay is beyond AQM threshold   

Debug: Checking Namespace=default, Pod=ms-11070-7868c54f44-j7dnc for Target File=deathstar_*.output
Namespace: default, Pod: ms-11070-7868c54f44-j7dnc has the target files.
Copying deathstar_ms-11070.output to deathstar_ms-11070.output
tar: removing leading '/' from member names
Debug: Checking Namespace=default, Pod=ms-11285-67d597dc77-f9ljm for Target File=deathstar_*.output
Namespace: default, Pod: ms-11285-67d597dc77-f9ljm has the target files.
Copying deathstar_ms-11285.output to deathstar_ms-11285.output
tar: removing leading '/' from member names
Debug: Checking Namespace=default, Pod=ms-11512-75f8ddc45b-pnhlz for Target File=deathstar_*.output
Namespace: default, Pod: ms-11512-75f8ddc45b-pnhlz has the target files.
Copying deathstar_ms-11512.output to deathstar_ms-11512.output
tar: removing leading '/' from member names
Debug: Checking Namespace=default, Pod=ms-1278-85766ff6b8-dnswf for Target File=deathstar_*.output
Namespace: default, Pod: ms-1278-85766ff6b8-dnswf has the target files.
Copying deathstar_ms-1278.output to deathstar_ms-1278.output
tar: removing leading '/' from member names
Debug: Checking Namespace=default, Pod=ms-13873-85d7bb7b97-85n6r for Target File=deathstar_*.output
Namespace: default, Pod: ms-13873-85d7bb7b97-85n6r has the target files.
Copying deathstar_ms-13873.output to deathstar_ms-13873.output
tar: removing leading '/' from member names
Debug: Checking Namespace=default, Pod=ms-19953-68cc8998c5-hpflz for Target File=deathstar_*.output
Namespace: default, Pod: ms-19953-68cc8998c5-hpflz has the target files.
Copying deathstar_ms-19953.output to deathstar_ms-19953.output
tar: removing leading '/' from member names
Debug: Checking Namespace=default, Pod=ms-21883-f6c88c6d4-pr6vb for Target File=deathstar_*.output
Namespace: default, Pod: ms-21883-f6c88c6d4-pr6vb has the target files.
Copying deathstar_ms-21883.output to deathstar_ms-21883.output
tar: removing leading '/' from member names
Debug: Checking Namespace=default, Pod=ms-25124-77bd4446f5-qnz5d for Target File=deathstar_*.output
Namespace: default, Pod: ms-25124-77bd4446f5-qnz5d has the target files.
Copying deathstar_ms-25124.output to deathstar_ms-25124.output
tar: removing leading '/' from member names
Debug: Checking Namespace=default, Pod=ms-27421-8565974486-kzn98 for Target File=deathstar_*.output
Namespace: default, Pod: ms-27421-8565974486-kzn98 has the target files.
Copying deathstar_ms-27421.output to deathstar_ms-27421.output
tar: removing leading '/' from member names
Debug: Checking Namespace=default, Pod=ms-2827-5dcc6df4f4-sxg25 for Target File=deathstar_*.output
Namespace: default, Pod: ms-2827-5dcc6df4f4-sxg25 has the target files.
Copying deathstar_ms-2827.output to deathstar_ms-2827.output
tar: removing leading '/' from member names
Debug: Checking Namespace=default, Pod=ms-33719-6c455cf54c-5ncbm for Target File=deathstar_*.output
Namespace: default, Pod: ms-33719-6c455cf54c-5ncbm has the target files.
Copying deathstar_ms-33719.output to deathstar_ms-33719.output
tar: removing leading '/' from member names
Debug: Checking Namespace=default, Pod=ms-37691-b9bc44798-gcdqq for Target File=deathstar_*.output
Namespace: default, Pod: ms-37691-b9bc44798-gcdqq has the target files.
Copying deathstar_ms-37691.output to deathstar_ms-37691.output
tar: removing leading '/' from member names
Debug: Checking Namespace=default, Pod=ms-43309-54f758d465-tmpp4 for Target File=deathstar_*.output
Namespace: default, Pod: ms-43309-54f758d465-tmpp4 has the target files.
Copying deathstar_ms-43309.output to deathstar_ms-43309.output
tar: removing leading '/' from member names
Debug: Checking Namespace=default, Pod=ms-4354-669cfcbdf6-sjnwx for Target File=deathstar_*.output
Namespace: default, Pod: ms-4354-669cfcbdf6-sjnwx has the target files.
Copying deathstar_ms-4354.output to deathstar_ms-4354.output
tar: removing leading '/' from member names
Debug: Checking Namespace=default, Pod=ms-46825-58c684559d-5z2dc for Target File=deathstar_*.output
Namespace: default, Pod: ms-46825-58c684559d-5z2dc has the target files.
Copying deathstar_ms-46825.output to deathstar_ms-46825.output
tar: removing leading '/' from member names
Debug: Checking Namespace=default, Pod=ms-60236-64866cf49-zww7j for Target File=deathstar_*.output
Namespace: default, Pod: ms-60236-64866cf49-zww7j has the target files.
Copying deathstar_ms-60236.output to deathstar_ms-60236.output
tar: removing leading '/' from member names
Debug: Checking Namespace=default, Pod=ms-71771-567ddbdd95-8ctsx for Target File=deathstar_*.output
Namespace: default, Pod: ms-71771-567ddbdd95-8ctsx has the target files.
Copying deathstar_ms-71771.output to deathstar_ms-71771.output
tar: removing leading '/' from member names
Debug: Checking Namespace=default, Pod=ms-8052-b995968dc-n69p4 for Target File=deathstar_*.output
Namespace: default, Pod: ms-8052-b995968dc-n69p4 has the target files.
Copying deathstar_ms-8052.output to deathstar_ms-8052.output
tar: removing leading '/' from member names
Debug: Checking Namespace=default, Pod=ms-902-5744544f85-wjkzr for Target File=deathstar_*.output
Namespace: default, Pod: ms-902-5744544f85-wjkzr has the target files.
Copying deathstar_ms-902.output to deathstar_ms-902.output
tar: removing leading '/' from member names
Debug: Checking Namespace=default, Pod=nginx-web-server-56557f7cb7-wt7dm for Target File=deathstar_*.output
Namespace: default, Pod: nginx-web-server-56557f7cb7-wt7dm has the target files.
Copying deathstar_nginx-web-server.output to deathstar_nginx-web-server.output
tar: removing leading '/' from member names
