Deployments: ms-11070
ms-11285
ms-11512
ms-1278
ms-13873
ms-19953
ms-21883
ms-25124
ms-27421
ms-2827
ms-33719
ms-37691
ms-43309
ms-4354
ms-46825
ms-60236
ms-71771
ms-8052
ms-902
nginx-web-server
deployment "ms-11070" successfully rolled out
deployment "ms-11285" successfully rolled out
deployment "ms-11512" successfully rolled out
deployment "ms-1278" successfully rolled out
deployment "ms-13873" successfully rolled out
deployment "ms-19953" successfully rolled out
deployment "ms-21883" successfully rolled out
deployment "ms-25124" successfully rolled out
deployment "ms-27421" successfully rolled out
deployment "ms-2827" successfully rolled out
deployment "ms-33719" successfully rolled out
deployment "ms-37691" successfully rolled out
deployment "ms-43309" successfully rolled out
deployment "ms-4354" successfully rolled out
deployment "ms-46825" successfully rolled out
deployment "ms-60236" successfully rolled out
deployment "ms-71771" successfully rolled out
deployment "ms-8052" successfully rolled out
deployment "ms-902" successfully rolled out
deployment "nginx-web-server" successfully rolled out
ENTRY_POINT: nginx-web-server
SERVICE_A_URL: 10.103.229.181:50051
Capacity: 10000
Metadata: request-id={{.RequestNumber}}
Metadata: timestamp={{.TimestampUnix}}
Metadata: method=S_102000854
Charon Configurations:
[{INTERCEPT charon} {PRICE_UPDATE_RATE 1530us} {TOKEN_UPDATE_RATE 22754us} {LATENCY_THRESHOLD 6896us} {PRICE_STEP 126} {PRICE_STRATEGY proportional} {LAZY_UPDATE true} {RATE_LIMITING true} {LOAD_SHEDDING true} {CHARON_TRACK_PRICE false} {BREAKWATER_SLO 12500us} {BREAKWATER_A 0.001} {BREAKWATER_B 0.02} {BREAKWATER_CLIENT_EXPIRATION 10ms} {BREAKWATER_INITIAL_CREDIT 400} {BREAKWATER_LOAD_SHEDDING true} {BREAKWATER_RTT 1000us} {BREAKWATERD_SLO 12500us} {BREAKWATERD_A 0.001} {BREAKWATERD_B 0.02} {BREAKWATERD_CLIENT_EXPIRATION 10ms} {BREAKWATERD_INITIAL_CREDIT 400} {BREAKWATERD_LOAD_SHEDDING true} {BREAKWATERD_RTT 1000us} {DAGOR_QUEUING_THRESHOLD 2ms} {DAGOR_ALPHA 0.05} {DAGOR_BETA 0.01} {DAGOR_ADMISSION_LEVEL_UPDATE_INTERVAL 10ms} {DAGOR_UMAX 20}]

Summary:
  Count:	75774
  Total:	14.77 s
  Slowest:	749.36 ms
  Fastest:	38.88 ms
  Average:	66.73 ms
  Requests/sec:	5130.06

Response time histogram:
  38.878  [1]     |
  109.926 [68398] |∎∎∎∎∎∎∎∎∎∎∎∎∎∎∎∎∎∎∎∎∎∎∎∎∎∎∎∎∎∎∎∎∎∎∎∎∎∎∎∎
  180.975 [3398]  |∎∎
  252.024 [1245]  |∎
  323.072 [304]   |
  394.121 [0]     |
  465.170 [1]     |
  536.218 [0]     |
  607.267 [0]     |
  678.316 [0]     |
  749.364 [1]     |

Latency distribution:
  10 % in 40.94 ms 
  25 % in 43.93 ms 
  50 % in 60.26 ms 
  75 % in 78.43 ms 
  90 % in 99.04 ms 
  95 % in 121.34 ms 
  99 % in 224.48 ms 

Status code distribution:
  [OK]                  73348 responses   
  [ResourceExhausted]   2301 responses    
  [Canceled]            125 responses     

Error distribution:
  [500]    rpc error: code = ResourceExhausted desc = S_102000854 req dropped by ms-13873. Try again later.           
  [299]    rpc error: code = ResourceExhausted desc = S_102000854 req dropped by ms-60236. Try again later.           
  [125]    rpc error: code = Canceled desc = grpc: the client connection is closing                                   
  [146]    rpc error: code = ResourceExhausted desc = S_102000854 req dropped by ms-25124. Try again later.           
  [1353]   rpc error: code = ResourceExhausted desc = S_102000854 req dropped by nginx-web-server. Try again later.   
  [3]      rpc error: code = ResourceExhausted desc = S_102000854 req dropped by ms-33719. Try again later.           

Debug: Checking Namespace=default, Pod=ms-11070-7868c54f44-l8zth for Target File=deathstar_*.output
Namespace: default, Pod: ms-11070-7868c54f44-l8zth has the target files.
Copying deathstar_ms-11070.output to deathstar_ms-11070.output
tar: removing leading '/' from member names
Debug: Checking Namespace=default, Pod=ms-11285-67d597dc77-skp2w for Target File=deathstar_*.output
Namespace: default, Pod: ms-11285-67d597dc77-skp2w has the target files.
Copying deathstar_ms-11285.output to deathstar_ms-11285.output
tar: removing leading '/' from member names
Debug: Checking Namespace=default, Pod=ms-11512-75f8ddc45b-r4vs4 for Target File=deathstar_*.output
Namespace: default, Pod: ms-11512-75f8ddc45b-r4vs4 has the target files.
Copying deathstar_ms-11512.output to deathstar_ms-11512.output
tar: removing leading '/' from member names
Debug: Checking Namespace=default, Pod=ms-1278-85766ff6b8-vpfg5 for Target File=deathstar_*.output
Namespace: default, Pod: ms-1278-85766ff6b8-vpfg5 has the target files.
Copying deathstar_ms-1278.output to deathstar_ms-1278.output
tar: removing leading '/' from member names
Debug: Checking Namespace=default, Pod=ms-13873-85d7bb7b97-9z9lj for Target File=deathstar_*.output
Namespace: default, Pod: ms-13873-85d7bb7b97-9z9lj has the target files.
Copying deathstar_ms-13873.output to deathstar_ms-13873.output
tar: removing leading '/' from member names
Debug: Checking Namespace=default, Pod=ms-19953-68cc8998c5-w2dnd for Target File=deathstar_*.output
Namespace: default, Pod: ms-19953-68cc8998c5-w2dnd has the target files.
Copying deathstar_ms-19953.output to deathstar_ms-19953.output
tar: removing leading '/' from member names
Debug: Checking Namespace=default, Pod=ms-21883-f6c88c6d4-hxjlg for Target File=deathstar_*.output
Namespace: default, Pod: ms-21883-f6c88c6d4-hxjlg has the target files.
Copying deathstar_ms-21883.output to deathstar_ms-21883.output
tar: removing leading '/' from member names
Debug: Checking Namespace=default, Pod=ms-25124-77bd4446f5-lxp42 for Target File=deathstar_*.output
Namespace: default, Pod: ms-25124-77bd4446f5-lxp42 has the target files.
Copying deathstar_ms-25124.output to deathstar_ms-25124.output
tar: removing leading '/' from member names
Debug: Checking Namespace=default, Pod=ms-27421-8565974486-kpczl for Target File=deathstar_*.output
Namespace: default, Pod: ms-27421-8565974486-kpczl has the target files.
Copying deathstar_ms-27421.output to deathstar_ms-27421.output
tar: removing leading '/' from member names
Debug: Checking Namespace=default, Pod=ms-2827-5dcc6df4f4-9cvzc for Target File=deathstar_*.output
Namespace: default, Pod: ms-2827-5dcc6df4f4-9cvzc has the target files.
Copying deathstar_ms-2827.output to deathstar_ms-2827.output
tar: removing leading '/' from member names
Debug: Checking Namespace=default, Pod=ms-33719-6c455cf54c-kxzm2 for Target File=deathstar_*.output
Namespace: default, Pod: ms-33719-6c455cf54c-kxzm2 has the target files.
Copying deathstar_ms-33719.output to deathstar_ms-33719.output
tar: removing leading '/' from member names
Debug: Checking Namespace=default, Pod=ms-37691-b9bc44798-jjvqc for Target File=deathstar_*.output
Namespace: default, Pod: ms-37691-b9bc44798-jjvqc has the target files.
Copying deathstar_ms-37691.output to deathstar_ms-37691.output
tar: removing leading '/' from member names
Debug: Checking Namespace=default, Pod=ms-43309-54f758d465-f6wrz for Target File=deathstar_*.output
Namespace: default, Pod: ms-43309-54f758d465-f6wrz has the target files.
Copying deathstar_ms-43309.output to deathstar_ms-43309.output
tar: removing leading '/' from member names
Debug: Checking Namespace=default, Pod=ms-4354-669cfcbdf6-zk6j5 for Target File=deathstar_*.output
Namespace: default, Pod: ms-4354-669cfcbdf6-zk6j5 has the target files.
Copying deathstar_ms-4354.output to deathstar_ms-4354.output
tar: removing leading '/' from member names
Debug: Checking Namespace=default, Pod=ms-46825-58c684559d-s2796 for Target File=deathstar_*.output
Namespace: default, Pod: ms-46825-58c684559d-s2796 has the target files.
Copying deathstar_ms-46825.output to deathstar_ms-46825.output
tar: removing leading '/' from member names
Debug: Checking Namespace=default, Pod=ms-60236-64866cf49-2crnw for Target File=deathstar_*.output
Namespace: default, Pod: ms-60236-64866cf49-2crnw has the target files.
Copying deathstar_ms-60236.output to deathstar_ms-60236.output
tar: removing leading '/' from member names
Debug: Checking Namespace=default, Pod=ms-71771-567ddbdd95-6bh9p for Target File=deathstar_*.output
Namespace: default, Pod: ms-71771-567ddbdd95-6bh9p has the target files.
Copying deathstar_ms-71771.output to deathstar_ms-71771.output
tar: removing leading '/' from member names
Debug: Checking Namespace=default, Pod=ms-8052-b995968dc-9wdc6 for Target File=deathstar_*.output
Namespace: default, Pod: ms-8052-b995968dc-9wdc6 has the target files.
Copying deathstar_ms-8052.output to deathstar_ms-8052.output
tar: removing leading '/' from member names
Debug: Checking Namespace=default, Pod=ms-902-5744544f85-jhtql for Target File=deathstar_*.output
Namespace: default, Pod: ms-902-5744544f85-jhtql has the target files.
Copying deathstar_ms-902.output to deathstar_ms-902.output
tar: removing leading '/' from member names
Debug: Checking Namespace=default, Pod=nginx-web-server-56557f7cb7-n5w9k for Target File=deathstar_*.output
Namespace: default, Pod: nginx-web-server-56557f7cb7-n5w9k has the target files.
Copying deathstar_nginx-web-server.output to deathstar_nginx-web-server.output
tar: removing leading '/' from member names
