Deployments: ms-11070
ms-11285
ms-11512
ms-1278
ms-13873
ms-19953
ms-21883
ms-25124
ms-27421
ms-2827
ms-33719
ms-37691
ms-43309
ms-4354
ms-46825
ms-60236
ms-71771
ms-8052
ms-902
nginx-web-server
deployment "ms-11070" successfully rolled out
deployment "ms-11285" successfully rolled out
deployment "ms-11512" successfully rolled out
deployment "ms-1278" successfully rolled out
deployment "ms-13873" successfully rolled out
deployment "ms-19953" successfully rolled out
deployment "ms-21883" successfully rolled out
deployment "ms-25124" successfully rolled out
deployment "ms-27421" successfully rolled out
deployment "ms-2827" successfully rolled out
deployment "ms-33719" successfully rolled out
deployment "ms-37691" successfully rolled out
deployment "ms-43309" successfully rolled out
deployment "ms-4354" successfully rolled out
deployment "ms-46825" successfully rolled out
deployment "ms-60236" successfully rolled out
deployment "ms-71771" successfully rolled out
deployment "ms-8052" successfully rolled out
deployment "ms-902" successfully rolled out
deployment "nginx-web-server" successfully rolled out
ENTRY_POINT: nginx-web-server
SERVICE_A_URL: 10.111.131.143:50051
Capacity: 10000
Metadata: request-id={{.RequestNumber}}
Metadata: timestamp={{.TimestampUnix}}
Metadata: method=S_102000854
Charon Configurations:
[{INTERCEPT breakwaterd} {PRICE_UPDATE_RATE 10ms} {TOKEN_UPDATE_RATE 10ms} {LATENCY_THRESHOLD 100us} {PRICE_STEP 0} {PRICE_STRATEGY step} {LAZY_UPDATE false} {RATE_LIMITING true} {LOAD_SHEDDING true} {CHARON_TRACK_PRICE false} {BREAKWATER_SLO 48970us} {BREAKWATER_A 15.546737774032593} {BREAKWATER_B 7.654791458470507} {BREAKWATER_CLIENT_EXPIRATION 1009us} {BREAKWATER_INITIAL_CREDIT 251} {BREAKWATER_LOAD_SHEDDING true} {BREAKWATER_RTT 1943us} {BREAKWATERD_SLO 25307us} {BREAKWATERD_A 5.373489800554769} {BREAKWATERD_B 3.3162800563436967} {BREAKWATERD_CLIENT_EXPIRATION 85651us} {BREAKWATERD_INITIAL_CREDIT 1903} {BREAKWATERD_LOAD_SHEDDING true} {BREAKWATERD_RTT 18021us} {DAGOR_QUEUING_THRESHOLD 2ms} {DAGOR_ALPHA 0.05} {DAGOR_BETA 0.01} {DAGOR_ADMISSION_LEVEL_UPDATE_INTERVAL 10ms} {DAGOR_UMAX 20}]

Summary:
  Count:	93678
  Total:	24.98 s
  Slowest:	864.57 ms
  Fastest:	39.38 ms
  Average:	417.82 ms
  Requests/sec:	3750.17

Response time histogram:
  39.381  [1]     |
  121.900 [17862] |∎∎∎∎∎∎∎∎∎∎∎∎∎∎∎∎∎∎∎∎∎∎∎∎∎∎∎∎∎∎∎∎∎∎∎∎∎∎∎∎
  204.419 [14641] |∎∎∎∎∎∎∎∎∎∎∎∎∎∎∎∎∎∎∎∎∎∎∎∎∎∎∎∎∎∎∎∎∎
  286.938 [8417]  |∎∎∎∎∎∎∎∎∎∎∎∎∎∎∎∎∎∎∎
  369.458 [2120]  |∎∎∎∎∎
  451.977 [257]   |∎
  534.496 [23]    |
  617.015 [2]     |
  699.534 [6]     |
  782.053 [11]    |
  864.572 [17]    |

Latency distribution:
  10 % in 41.90 ms 
  25 % in 46.12 ms 
  50 % in 147.01 ms 
  75 % in 204.47 ms 
  90 % in 254.99 ms 
  95 % in 293.80 ms 
  99 % in 358.76 ms 

Status code distribution:
  [OK]                  43357 responses   
  [ResourceExhausted]   15238 responses   
  [DeadlineExceeded]    27600 responses   
  [Canceled]            7478 responses    
  [Unavailable]         5 responses       

Error distribution:
  [7428]    rpc error: code = ResourceExhausted desc = Client id c627adda-5b08-4ac9-a294-3141a1a1420a request expired in queue.   
  [7353]    rpc error: code = ResourceExhausted desc = Server-side queuing delay is beyond AQM threshold                          
  [248]     rpc error: code = ResourceExhausted desc = Client id ec09c75c-29dc-4b45-80e8-f85c89f39ee8 request expired in queue.   
  [209]     rpc error: code = ResourceExhausted desc = Client id 3df25016-9286-4793-9555-2ed4ae0d57a1 request expired in queue.   
  [27600]   rpc error: code = DeadlineExceeded desc = context deadline exceeded                                                   
  [7478]    rpc error: code = Canceled desc = grpc: the client connection is closing                                              
  [5]       rpc error: code = Unavailable desc = transport is closing                                                             

Debug: Checking Namespace=default, Pod=ms-11070-7868c54f44-jzff5 for Target File=deathstar_*.output
Namespace: default, Pod: ms-11070-7868c54f44-jzff5 has the target files.
Copying deathstar_ms-11070.output to deathstar_ms-11070.output
tar: removing leading '/' from member names
Debug: Checking Namespace=default, Pod=ms-11285-67d597dc77-25sn4 for Target File=deathstar_*.output
Namespace: default, Pod: ms-11285-67d597dc77-25sn4 has the target files.
Copying deathstar_ms-11285.output to deathstar_ms-11285.output
tar: removing leading '/' from member names
Debug: Checking Namespace=default, Pod=ms-11512-75f8ddc45b-t2nbk for Target File=deathstar_*.output
Namespace: default, Pod: ms-11512-75f8ddc45b-t2nbk has the target files.
Copying deathstar_ms-11512.output to deathstar_ms-11512.output
tar: removing leading '/' from member names
Debug: Checking Namespace=default, Pod=ms-1278-85766ff6b8-p8q68 for Target File=deathstar_*.output
Namespace: default, Pod: ms-1278-85766ff6b8-p8q68 has the target files.
Copying deathstar_ms-1278.output to deathstar_ms-1278.output
tar: removing leading '/' from member names
Debug: Checking Namespace=default, Pod=ms-13873-85d7bb7b97-fchgd for Target File=deathstar_*.output
Namespace: default, Pod: ms-13873-85d7bb7b97-fchgd has the target files.
Copying deathstar_ms-13873.output to deathstar_ms-13873.output
tar: removing leading '/' from member names
Debug: Checking Namespace=default, Pod=ms-19953-68cc8998c5-b7jq5 for Target File=deathstar_*.output
Namespace: default, Pod: ms-19953-68cc8998c5-b7jq5 has the target files.
Copying deathstar_ms-19953.output to deathstar_ms-19953.output
tar: removing leading '/' from member names
Debug: Checking Namespace=default, Pod=ms-21883-f6c88c6d4-9d74b for Target File=deathstar_*.output
Namespace: default, Pod: ms-21883-f6c88c6d4-9d74b has the target files.
Copying deathstar_ms-21883.output to deathstar_ms-21883.output
tar: removing leading '/' from member names
Debug: Checking Namespace=default, Pod=ms-25124-77bd4446f5-sg8gz for Target File=deathstar_*.output
Namespace: default, Pod: ms-25124-77bd4446f5-sg8gz has the target files.
Copying deathstar_ms-25124.output to deathstar_ms-25124.output
tar: removing leading '/' from member names
Debug: Checking Namespace=default, Pod=ms-27421-8565974486-ff49k for Target File=deathstar_*.output
Namespace: default, Pod: ms-27421-8565974486-ff49k has the target files.
Copying deathstar_ms-27421.output to deathstar_ms-27421.output
tar: removing leading '/' from member names
Debug: Checking Namespace=default, Pod=ms-2827-5dcc6df4f4-dbtfj for Target File=deathstar_*.output
Namespace: default, Pod: ms-2827-5dcc6df4f4-dbtfj has the target files.
Copying deathstar_ms-2827.output to deathstar_ms-2827.output
tar: removing leading '/' from member names
Debug: Checking Namespace=default, Pod=ms-33719-6c455cf54c-b2g4l for Target File=deathstar_*.output
Namespace: default, Pod: ms-33719-6c455cf54c-b2g4l has the target files.
Copying deathstar_ms-33719.output to deathstar_ms-33719.output
tar: removing leading '/' from member names
Debug: Checking Namespace=default, Pod=ms-37691-b9bc44798-989x9 for Target File=deathstar_*.output
Namespace: default, Pod: ms-37691-b9bc44798-989x9 has the target files.
Copying deathstar_ms-37691.output to deathstar_ms-37691.output
tar: removing leading '/' from member names
Debug: Checking Namespace=default, Pod=ms-43309-54f758d465-xm4lv for Target File=deathstar_*.output
Namespace: default, Pod: ms-43309-54f758d465-xm4lv has the target files.
Copying deathstar_ms-43309.output to deathstar_ms-43309.output
tar: removing leading '/' from member names
Debug: Checking Namespace=default, Pod=ms-4354-669cfcbdf6-4blb2 for Target File=deathstar_*.output
Namespace: default, Pod: ms-4354-669cfcbdf6-4blb2 has the target files.
Copying deathstar_ms-4354.output to deathstar_ms-4354.output
tar: removing leading '/' from member names
Debug: Checking Namespace=default, Pod=ms-46825-58c684559d-p5xnz for Target File=deathstar_*.output
Namespace: default, Pod: ms-46825-58c684559d-p5xnz has the target files.
Copying deathstar_ms-46825.output to deathstar_ms-46825.output
tar: removing leading '/' from member names
Debug: Checking Namespace=default, Pod=ms-60236-64866cf49-cdh8v for Target File=deathstar_*.output
Namespace: default, Pod: ms-60236-64866cf49-cdh8v has the target files.
Copying deathstar_ms-60236.output to deathstar_ms-60236.output
tar: removing leading '/' from member names
Debug: Checking Namespace=default, Pod=ms-71771-567ddbdd95-d9z5k for Target File=deathstar_*.output
Namespace: default, Pod: ms-71771-567ddbdd95-d9z5k has the target files.
Copying deathstar_ms-71771.output to deathstar_ms-71771.output
tar: removing leading '/' from member names
Debug: Checking Namespace=default, Pod=ms-8052-b995968dc-r8tgq for Target File=deathstar_*.output
Namespace: default, Pod: ms-8052-b995968dc-r8tgq has the target files.
Copying deathstar_ms-8052.output to deathstar_ms-8052.output
tar: removing leading '/' from member names
Debug: Checking Namespace=default, Pod=ms-902-5744544f85-dzczg for Target File=deathstar_*.output
Namespace: default, Pod: ms-902-5744544f85-dzczg has the target files.
Copying deathstar_ms-902.output to deathstar_ms-902.output
tar: removing leading '/' from member names
Debug: Checking Namespace=default, Pod=nginx-web-server-56557f7cb7-jxnjj for Target File=deathstar_*.output
Namespace: default, Pod: nginx-web-server-56557f7cb7-jxnjj has the target files.
Copying deathstar_nginx-web-server.output to deathstar_nginx-web-server.output
tar: removing leading '/' from member names
