Deployments: ms-11070
ms-11285
ms-11512
ms-1278
ms-13873
ms-19953
ms-21883
ms-25124
ms-27421
ms-2827
ms-33719
ms-37691
ms-43309
ms-4354
ms-46825
ms-60236
ms-71771
ms-8052
ms-902
nginx-web-server
deployment "ms-11070" successfully rolled out
deployment "ms-11285" successfully rolled out
deployment "ms-11512" successfully rolled out
deployment "ms-1278" successfully rolled out
deployment "ms-13873" successfully rolled out
deployment "ms-19953" successfully rolled out
deployment "ms-21883" successfully rolled out
deployment "ms-25124" successfully rolled out
deployment "ms-27421" successfully rolled out
deployment "ms-2827" successfully rolled out
deployment "ms-33719" successfully rolled out
deployment "ms-37691" successfully rolled out
deployment "ms-43309" successfully rolled out
deployment "ms-4354" successfully rolled out
deployment "ms-46825" successfully rolled out
deployment "ms-60236" successfully rolled out
deployment "ms-71771" successfully rolled out
deployment "ms-8052" successfully rolled out
deployment "ms-902" successfully rolled out
deployment "nginx-web-server" successfully rolled out
ENTRY_POINT: nginx-web-server
SERVICE_A_URL: 10.110.132.100:50051
Capacity: 10000
Metadata: request-id={{.RequestNumber}}
Metadata: timestamp={{.TimestampUnix}}
Metadata: method=S_102000854
Charon Configurations:
[{INTERCEPT charon} {PRICE_UPDATE_RATE 3030us} {TOKEN_UPDATE_RATE 8450us} {LATENCY_THRESHOLD 8220us} {PRICE_STEP 27} {PRICE_STRATEGY proportional} {LAZY_UPDATE true} {RATE_LIMITING true} {LOAD_SHEDDING true} {CHARON_TRACK_PRICE false} {BREAKWATER_SLO 12500us} {BREAKWATER_A 0.001} {BREAKWATER_B 0.02} {BREAKWATER_CLIENT_EXPIRATION 10ms} {BREAKWATER_INITIAL_CREDIT 400} {BREAKWATER_LOAD_SHEDDING true} {BREAKWATER_RTT 1000us} {BREAKWATERD_SLO 12500us} {BREAKWATERD_A 0.001} {BREAKWATERD_B 0.02} {BREAKWATERD_CLIENT_EXPIRATION 10ms} {BREAKWATERD_INITIAL_CREDIT 400} {BREAKWATERD_LOAD_SHEDDING true} {BREAKWATERD_RTT 1000us} {DAGOR_QUEUING_THRESHOLD 2ms} {DAGOR_ALPHA 0.05} {DAGOR_BETA 0.01} {DAGOR_ADMISSION_LEVEL_UPDATE_INTERVAL 10ms} {DAGOR_UMAX 20}]

Summary:
  Count:	91793
  Total:	14.78 s
  Slowest:	762.80 ms
  Fastest:	38.83 ms
  Average:	120.20 ms
  Requests/sec:	6210.19

Response time histogram:
  38.833  [1]     |
  111.229 [58616] |∎∎∎∎∎∎∎∎∎∎∎∎∎∎∎∎∎∎∎∎∎∎∎∎∎∎∎∎∎∎∎∎∎∎∎∎∎∎∎∎
  183.626 [17328] |∎∎∎∎∎∎∎∎∎∎∎∎
  256.022 [4194]  |∎∎∎
  328.419 [1436]  |∎
  400.815 [1624]  |∎
  473.212 [1863]  |∎
  545.608 [1754]  |∎
  618.005 [1008]  |∎
  690.401 [257]   |
  762.798 [25]    |

Latency distribution:
  10 % in 42.14 ms 
  25 % in 59.47 ms 
  50 % in 86.69 ms 
  75 % in 131.53 ms 
  90 % in 233.11 ms 
  95 % in 417.55 ms 
  99 % in 568.13 ms 

Status code distribution:
  [Canceled]            267 responses     
  [OK]                  88106 responses   
  [ResourceExhausted]   3420 responses    

Error distribution:
  [216]    rpc error: code = ResourceExhausted desc = S_102000854 req dropped by ms-25124. Try again later.           
  [1]      rpc error: code = ResourceExhausted desc = S_102000854 req dropped by ms-33719. Try again later.           
  [2163]   rpc error: code = ResourceExhausted desc = S_102000854 req dropped by nginx-web-server. Try again later.   
  [346]    rpc error: code = ResourceExhausted desc = S_102000854 req dropped by ms-60236. Try again later.           
  [694]    rpc error: code = ResourceExhausted desc = S_102000854 req dropped by ms-13873. Try again later.           
  [267]    rpc error: code = Canceled desc = grpc: the client connection is closing                                   

Debug: Checking Namespace=default, Pod=ms-11070-7868c54f44-l2vvp for Target File=deathstar_*.output
Namespace: default, Pod: ms-11070-7868c54f44-l2vvp has the target files.
Copying deathstar_ms-11070.output to deathstar_ms-11070.output
tar: removing leading '/' from member names
Debug: Checking Namespace=default, Pod=ms-11285-67d597dc77-q7klr for Target File=deathstar_*.output
Namespace: default, Pod: ms-11285-67d597dc77-q7klr has the target files.
Copying deathstar_ms-11285.output to deathstar_ms-11285.output
tar: removing leading '/' from member names
Debug: Checking Namespace=default, Pod=ms-11512-75f8ddc45b-fczfl for Target File=deathstar_*.output
Namespace: default, Pod: ms-11512-75f8ddc45b-fczfl has the target files.
Copying deathstar_ms-11512.output to deathstar_ms-11512.output
tar: removing leading '/' from member names
Debug: Checking Namespace=default, Pod=ms-1278-85766ff6b8-cdd67 for Target File=deathstar_*.output
Namespace: default, Pod: ms-1278-85766ff6b8-cdd67 has the target files.
Copying deathstar_ms-1278.output to deathstar_ms-1278.output
tar: removing leading '/' from member names
Debug: Checking Namespace=default, Pod=ms-13873-85d7bb7b97-bnb94 for Target File=deathstar_*.output
Namespace: default, Pod: ms-13873-85d7bb7b97-bnb94 has the target files.
Copying deathstar_ms-13873.output to deathstar_ms-13873.output
tar: removing leading '/' from member names
Debug: Checking Namespace=default, Pod=ms-19953-68cc8998c5-kw2rn for Target File=deathstar_*.output
Namespace: default, Pod: ms-19953-68cc8998c5-kw2rn has the target files.
Copying deathstar_ms-19953.output to deathstar_ms-19953.output
tar: removing leading '/' from member names
Debug: Checking Namespace=default, Pod=ms-21883-f6c88c6d4-28qqh for Target File=deathstar_*.output
Namespace: default, Pod: ms-21883-f6c88c6d4-28qqh has the target files.
Copying deathstar_ms-21883.output to deathstar_ms-21883.output
tar: removing leading '/' from member names
Debug: Checking Namespace=default, Pod=ms-25124-77bd4446f5-sf5jl for Target File=deathstar_*.output
Namespace: default, Pod: ms-25124-77bd4446f5-sf5jl has the target files.
Copying deathstar_ms-25124.output to deathstar_ms-25124.output
tar: removing leading '/' from member names
Debug: Checking Namespace=default, Pod=ms-27421-8565974486-xf6k2 for Target File=deathstar_*.output
Namespace: default, Pod: ms-27421-8565974486-xf6k2 has the target files.
Copying deathstar_ms-27421.output to deathstar_ms-27421.output
tar: removing leading '/' from member names
Debug: Checking Namespace=default, Pod=ms-2827-5dcc6df4f4-chhxl for Target File=deathstar_*.output
Namespace: default, Pod: ms-2827-5dcc6df4f4-chhxl has the target files.
Copying deathstar_ms-2827.output to deathstar_ms-2827.output
tar: removing leading '/' from member names
Debug: Checking Namespace=default, Pod=ms-33719-6c455cf54c-zjd5q for Target File=deathstar_*.output
Namespace: default, Pod: ms-33719-6c455cf54c-zjd5q has the target files.
Copying deathstar_ms-33719.output to deathstar_ms-33719.output
tar: removing leading '/' from member names
Debug: Checking Namespace=default, Pod=ms-37691-b9bc44798-mk8m7 for Target File=deathstar_*.output
Namespace: default, Pod: ms-37691-b9bc44798-mk8m7 has the target files.
Copying deathstar_ms-37691.output to deathstar_ms-37691.output
tar: removing leading '/' from member names
Debug: Checking Namespace=default, Pod=ms-43309-54f758d465-pr4kr for Target File=deathstar_*.output
Namespace: default, Pod: ms-43309-54f758d465-pr4kr has the target files.
Copying deathstar_ms-43309.output to deathstar_ms-43309.output
tar: removing leading '/' from member names
Debug: Checking Namespace=default, Pod=ms-4354-669cfcbdf6-2mwfm for Target File=deathstar_*.output
Namespace: default, Pod: ms-4354-669cfcbdf6-2mwfm has the target files.
Copying deathstar_ms-4354.output to deathstar_ms-4354.output
tar: removing leading '/' from member names
Debug: Checking Namespace=default, Pod=ms-46825-58c684559d-mkwz4 for Target File=deathstar_*.output
Namespace: default, Pod: ms-46825-58c684559d-mkwz4 has the target files.
Copying deathstar_ms-46825.output to deathstar_ms-46825.output
tar: removing leading '/' from member names
Debug: Checking Namespace=default, Pod=ms-60236-64866cf49-cq4fw for Target File=deathstar_*.output
Namespace: default, Pod: ms-60236-64866cf49-cq4fw has the target files.
Copying deathstar_ms-60236.output to deathstar_ms-60236.output
tar: removing leading '/' from member names
Debug: Checking Namespace=default, Pod=ms-71771-567ddbdd95-zn9jp for Target File=deathstar_*.output
Namespace: default, Pod: ms-71771-567ddbdd95-zn9jp has the target files.
Copying deathstar_ms-71771.output to deathstar_ms-71771.output
tar: removing leading '/' from member names
Debug: Checking Namespace=default, Pod=ms-8052-b995968dc-tspss for Target File=deathstar_*.output
Namespace: default, Pod: ms-8052-b995968dc-tspss has the target files.
Copying deathstar_ms-8052.output to deathstar_ms-8052.output
tar: removing leading '/' from member names
Debug: Checking Namespace=default, Pod=ms-902-5744544f85-9zcwv for Target File=deathstar_*.output
Namespace: default, Pod: ms-902-5744544f85-9zcwv has the target files.
Copying deathstar_ms-902.output to deathstar_ms-902.output
tar: removing leading '/' from member names
Debug: Checking Namespace=default, Pod=nginx-web-server-56557f7cb7-cvg4l for Target File=deathstar_*.output
Namespace: default, Pod: nginx-web-server-56557f7cb7-cvg4l has the target files.
Copying deathstar_nginx-web-server.output to deathstar_nginx-web-server.output
tar: removing leading '/' from member names
