Deployments: ms-10090
ms-13558
ms-18330
ms-19585
ms-20172
ms-22893
ms-24009
ms-24959
ms-26622
ms-27421
ms-29373
ms-32301
ms-3289
ms-37691
ms-38964
ms-40147
ms-48118
ms-4829
ms-51685
ms-52379
ms-55394
ms-58436
ms-58772
ms-59962
ms-60061
ms-6323
ms-65741
ms-66473
ms-69188
ms-69614
ms-9081
nginx-web-server
unknown
deployment "ms-10090" successfully rolled out
deployment "ms-13558" successfully rolled out
deployment "ms-18330" successfully rolled out
deployment "ms-19585" successfully rolled out
deployment "ms-20172" successfully rolled out
deployment "ms-22893" successfully rolled out
deployment "ms-24009" successfully rolled out
deployment "ms-24959" successfully rolled out
deployment "ms-26622" successfully rolled out
deployment "ms-27421" successfully rolled out
deployment "ms-29373" successfully rolled out
deployment "ms-32301" successfully rolled out
deployment "ms-3289" successfully rolled out
deployment "ms-37691" successfully rolled out
deployment "ms-38964" successfully rolled out
deployment "ms-40147" successfully rolled out
deployment "ms-48118" successfully rolled out
deployment "ms-4829" successfully rolled out
deployment "ms-51685" successfully rolled out
deployment "ms-52379" successfully rolled out
deployment "ms-55394" successfully rolled out
deployment "ms-58436" successfully rolled out
deployment "ms-58772" successfully rolled out
deployment "ms-59962" successfully rolled out
deployment "ms-60061" successfully rolled out
deployment "ms-6323" successfully rolled out
deployment "ms-65741" successfully rolled out
deployment "ms-66473" successfully rolled out
deployment "ms-69188" successfully rolled out
deployment "ms-69614" successfully rolled out
deployment "ms-9081" successfully rolled out
deployment "nginx-web-server" successfully rolled out
deployment "unknown" successfully rolled out
ENTRY_POINT: nginx-web-server
SERVICE_A_URL: 10.107.17.21:50051
Capacity: 13000
Metadata: request-id={{.RequestNumber}}
Metadata: timestamp={{.TimestampUnix}}
Metadata: method=S_149998854
Charon Configurations:
[{INTERCEPT breakwaterd} {PRICE_UPDATE_RATE 10ms} {TOKEN_UPDATE_RATE 10ms} {LATENCY_THRESHOLD 100us} {PRICE_STEP 0} {PRICE_STRATEGY step} {LAZY_UPDATE false} {RATE_LIMITING true} {LOAD_SHEDDING true} {CHARON_TRACK_PRICE false} {BREAKWATER_SLO 34033us} {BREAKWATER_A 0.0} {BREAKWATER_B 6.3132361281563485} {BREAKWATER_CLIENT_EXPIRATION 1us} {BREAKWATER_INITIAL_CREDIT 393} {BREAKWATER_LOAD_SHEDDING true} {BREAKWATER_RTT 6077us} {BREAKWATERD_SLO 53486us} {BREAKWATERD_A 2.6582686175651347} {BREAKWATERD_B 4.00666538560816} {BREAKWATERD_CLIENT_EXPIRATION 85547us} {BREAKWATERD_INITIAL_CREDIT 2717} {BREAKWATERD_LOAD_SHEDDING true} {BREAKWATERD_RTT 6312us} {DAGOR_QUEUING_THRESHOLD 2ms} {DAGOR_ALPHA 0.05} {DAGOR_BETA 0.01} {DAGOR_ADMISSION_LEVEL_UPDATE_INTERVAL 10ms} {DAGOR_UMAX 20}]

Summary:
  Count:	45351
  Total:	25.00 s
  Slowest:	922.96 ms
  Fastest:	111.30 ms
  Average:	172.64 ms
  Requests/sec:	1813.97

Response time histogram:
  111.297 [1]     |
  192.463 [24644] |∎∎∎∎∎∎∎∎∎∎∎∎∎∎∎∎∎∎∎∎∎∎∎∎∎∎∎∎∎∎∎∎∎∎∎∎∎∎∎∎
  273.629 [13747] |∎∎∎∎∎∎∎∎∎∎∎∎∎∎∎∎∎∎∎∎∎∎
  354.794 [2842]  |∎∎∎∎∎
  435.960 [231]   |
  517.126 [26]    |
  598.292 [4]     |
  679.458 [16]    |
  760.623 [42]    |
  841.789 [38]    |
  922.955 [74]    |

Latency distribution:
  10 % in 114.97 ms 
  25 % in 132.52 ms 
  50 % in 178.36 ms 
  75 % in 221.44 ms 
  90 % in 262.81 ms 
  95 % in 293.09 ms 
  99 % in 358.54 ms 

Status code distribution:
  [ResourceExhausted]   3564 responses    
  [OK]                  41665 responses   
  [Canceled]            122 responses     

Error distribution:
  [3564]   rpc error: code = ResourceExhausted desc = Client id 76586632-c568-4f4c-86d3-74fd9912e8cb request expired in queue.   
  [122]    rpc error: code = Canceled desc = grpc: the client connection is closing                                              

Debug: Checking Namespace=default, Pod=ms-10090-6454f977fd-xvc5g for Target File=deathstar_*.output
Namespace: default, Pod: ms-10090-6454f977fd-xvc5g has the target files.
Copying deathstar_ms-10090.output to deathstar_ms-10090.output
tar: removing leading '/' from member names
Debug: Checking Namespace=default, Pod=ms-13558-b48bb5d9d-4xq9p for Target File=deathstar_*.output
Namespace: default, Pod: ms-13558-b48bb5d9d-4xq9p has the target files.
Copying deathstar_ms-13558.output to deathstar_ms-13558.output
tar: removing leading '/' from member names
Debug: Checking Namespace=default, Pod=ms-18330-759d9cf49c-ghkzj for Target File=deathstar_*.output
Namespace: default, Pod: ms-18330-759d9cf49c-ghkzj has the target files.
Copying deathstar_ms-18330.output to deathstar_ms-18330.output
tar: removing leading '/' from member names
Debug: Checking Namespace=default, Pod=ms-19585-6f995cfcbf-nrpsg for Target File=deathstar_*.output
Namespace: default, Pod: ms-19585-6f995cfcbf-nrpsg has the target files.
Copying deathstar_ms-19585.output to deathstar_ms-19585.output
tar: removing leading '/' from member names
Debug: Checking Namespace=default, Pod=ms-20172-59d5485464-tgdg6 for Target File=deathstar_*.output
Namespace: default, Pod: ms-20172-59d5485464-tgdg6 has the target files.
Copying deathstar_ms-20172.output to deathstar_ms-20172.output
tar: removing leading '/' from member names
Debug: Checking Namespace=default, Pod=ms-22893-576fd5f9f6-vmjss for Target File=deathstar_*.output
Namespace: default, Pod: ms-22893-576fd5f9f6-vmjss has the target files.
Copying deathstar_ms-22893.output to deathstar_ms-22893.output
tar: removing leading '/' from member names
Debug: Checking Namespace=default, Pod=ms-24009-67dbf5b976-pdzc6 for Target File=deathstar_*.output
Namespace: default, Pod: ms-24009-67dbf5b976-pdzc6 has the target files.
Copying deathstar_ms-24009.output to deathstar_ms-24009.output
tar: removing leading '/' from member names
Debug: Checking Namespace=default, Pod=ms-24959-99f8bbf9-zdf87 for Target File=deathstar_*.output
Namespace: default, Pod: ms-24959-99f8bbf9-zdf87 has the target files.
Copying deathstar_ms-24959.output to deathstar_ms-24959.output
tar: removing leading '/' from member names
Debug: Checking Namespace=default, Pod=ms-26622-66fdf7d64f-4t7k8 for Target File=deathstar_*.output
Namespace: default, Pod: ms-26622-66fdf7d64f-4t7k8 has the target files.
Copying deathstar_ms-26622.output to deathstar_ms-26622.output
Debug: Checking Namespace=default, Pod=ms-27421-64f549855c-gjg4d for Target File=deathstar_*.output
Namespace: default, Pod: ms-27421-64f549855c-gjg4d has the target files.
Copying deathstar_ms-27421.output to deathstar_ms-27421.output
tar: removing leading '/' from member names
Debug: Checking Namespace=default, Pod=ms-29373-8467f7db44-wfsvg for Target File=deathstar_*.output
Namespace: default, Pod: ms-29373-8467f7db44-wfsvg has the target files.
Copying deathstar_ms-29373.output to deathstar_ms-29373.output
tar: removing leading '/' from member names
Debug: Checking Namespace=default, Pod=ms-32301-c5654bbc5-x5mlz for Target File=deathstar_*.output
Namespace: default, Pod: ms-32301-c5654bbc5-x5mlz has the target files.
Copying deathstar_ms-32301.output to deathstar_ms-32301.output
tar: removing leading '/' from member names
Debug: Checking Namespace=default, Pod=ms-3289-587dbd96bf-hqnns for Target File=deathstar_*.output
Namespace: default, Pod: ms-3289-587dbd96bf-hqnns has the target files.
Copying deathstar_ms-3289.output to deathstar_ms-3289.output
tar: removing leading '/' from member names
Debug: Checking Namespace=default, Pod=ms-37691-6dc6cd6744-gdmgl for Target File=deathstar_*.output
Namespace: default, Pod: ms-37691-6dc6cd6744-gdmgl has the target files.
Copying deathstar_ms-37691.output to deathstar_ms-37691.output
tar: removing leading '/' from member names
Debug: Checking Namespace=default, Pod=ms-38964-5b647cdbd-rg5qx for Target File=deathstar_*.output
Namespace: default, Pod: ms-38964-5b647cdbd-rg5qx has the target files.
Copying deathstar_ms-38964.output to deathstar_ms-38964.output
tar: removing leading '/' from member names
Debug: Checking Namespace=default, Pod=ms-40147-cd867585-z9h75 for Target File=deathstar_*.output
Namespace: default, Pod: ms-40147-cd867585-z9h75 has the target files.
Copying deathstar_ms-40147.output to deathstar_ms-40147.output
tar: removing leading '/' from member names
Debug: Checking Namespace=default, Pod=ms-48118-ff7b99cc9-7b4nw for Target File=deathstar_*.output
Namespace: default, Pod: ms-48118-ff7b99cc9-7b4nw has the target files.
Copying deathstar_ms-48118.output to deathstar_ms-48118.output
tar: removing leading '/' from member names
Debug: Checking Namespace=default, Pod=ms-4829-669557b66c-26l6v for Target File=deathstar_*.output
Namespace: default, Pod: ms-4829-669557b66c-26l6v has the target files.
Copying deathstar_ms-4829.output to deathstar_ms-4829.output
tar: removing leading '/' from member names
Debug: Checking Namespace=default, Pod=ms-51685-79858c784f-pw65p for Target File=deathstar_*.output
Namespace: default, Pod: ms-51685-79858c784f-pw65p has the target files.
Copying deathstar_ms-51685.output to deathstar_ms-51685.output
tar: removing leading '/' from member names
Debug: Checking Namespace=default, Pod=ms-52379-57c6cdd54b-sjh6t for Target File=deathstar_*.output
Namespace: default, Pod: ms-52379-57c6cdd54b-sjh6t has the target files.
Copying deathstar_ms-52379.output to deathstar_ms-52379.output
tar: removing leading '/' from member names
Debug: Checking Namespace=default, Pod=ms-55394-6f999f5df9-29dvx for Target File=deathstar_*.output
Namespace: default, Pod: ms-55394-6f999f5df9-29dvx has the target files.
Copying deathstar_ms-55394.output to deathstar_ms-55394.output
tar: removing leading '/' from member names
Debug: Checking Namespace=default, Pod=ms-58436-59dd96f659-rxzld for Target File=deathstar_*.output
Namespace: default, Pod: ms-58436-59dd96f659-rxzld has the target files.
Copying deathstar_ms-58436.output to deathstar_ms-58436.output
tar: removing leading '/' from member names
Debug: Checking Namespace=default, Pod=ms-58772-68ff78c966-9thzn for Target File=deathstar_*.output
Namespace: default, Pod: ms-58772-68ff78c966-9thzn has the target files.
Copying deathstar_ms-58772.output to deathstar_ms-58772.output
tar: removing leading '/' from member names
Debug: Checking Namespace=default, Pod=ms-59962-756b895b58-wfh7w for Target File=deathstar_*.output
Namespace: default, Pod: ms-59962-756b895b58-wfh7w has the target files.
Copying deathstar_ms-59962.output to deathstar_ms-59962.output
tar: removing leading '/' from member names
Debug: Checking Namespace=default, Pod=ms-60061-68bd84bdcd-5w2s7 for Target File=deathstar_*.output
Namespace: default, Pod: ms-60061-68bd84bdcd-5w2s7 has the target files.
Copying deathstar_ms-60061.output to deathstar_ms-60061.output
tar: removing leading '/' from member names
Debug: Checking Namespace=default, Pod=ms-6323-974659fcd-247qk for Target File=deathstar_*.output
Namespace: default, Pod: ms-6323-974659fcd-247qk has the target files.
Copying deathstar_ms-6323.output to deathstar_ms-6323.output
tar: removing leading '/' from member names
Debug: Checking Namespace=default, Pod=ms-65741-65f588bcdf-2ffz2 for Target File=deathstar_*.output
Namespace: default, Pod: ms-65741-65f588bcdf-2ffz2 has the target files.
Copying deathstar_ms-65741.output to deathstar_ms-65741.output
tar: removing leading '/' from member names
Debug: Checking Namespace=default, Pod=ms-66473-79c66f8bff-2mqq4 for Target File=deathstar_*.output
Namespace: default, Pod: ms-66473-79c66f8bff-2mqq4 has the target files.
Copying deathstar_ms-66473.output to deathstar_ms-66473.output
tar: removing leading '/' from member names
Debug: Checking Namespace=default, Pod=ms-69188-65c548d4cb-mrlt2 for Target File=deathstar_*.output
Namespace: default, Pod: ms-69188-65c548d4cb-mrlt2 has the target files.
Copying deathstar_ms-69188.output to deathstar_ms-69188.output
tar: removing leading '/' from member names
Debug: Checking Namespace=default, Pod=ms-69614-794bd8475-8rx7l for Target File=deathstar_*.output
Namespace: default, Pod: ms-69614-794bd8475-8rx7l has the target files.
Copying deathstar_ms-69614.output to deathstar_ms-69614.output
tar: removing leading '/' from member names
Debug: Checking Namespace=default, Pod=ms-9081-567985788-4rgg9 for Target File=deathstar_*.output
Namespace: default, Pod: ms-9081-567985788-4rgg9 has the target files.
Copying deathstar_ms-9081.output to deathstar_ms-9081.output
tar: removing leading '/' from member names
Debug: Checking Namespace=default, Pod=nginx-web-server-56557f7cb7-5pzxp for Target File=deathstar_*.output
Namespace: default, Pod: nginx-web-server-56557f7cb7-5pzxp has the target files.
Copying deathstar_nginx-web-server.output to deathstar_nginx-web-server.output
tar: removing leading '/' from member names
Debug: Checking Namespace=default, Pod=unknown-6ddf9bd4b5-x8vpc for Target File=deathstar_*.output
Namespace: default, Pod: unknown-6ddf9bd4b5-x8vpc has the target files.
Copying deathstar_unknown.output to deathstar_unknown.output
tar: removing leading '/' from member names
