Deployments: ms-11070
ms-11285
ms-11512
ms-1278
ms-13873
ms-19953
ms-21883
ms-25124
ms-27421
ms-2827
ms-33719
ms-37691
ms-43309
ms-4354
ms-46825
ms-60236
ms-71771
ms-8052
ms-902
nginx-web-server
deployment "ms-11070" successfully rolled out
deployment "ms-11285" successfully rolled out
deployment "ms-11512" successfully rolled out
deployment "ms-1278" successfully rolled out
deployment "ms-13873" successfully rolled out
deployment "ms-19953" successfully rolled out
deployment "ms-21883" successfully rolled out
deployment "ms-25124" successfully rolled out
deployment "ms-27421" successfully rolled out
deployment "ms-2827" successfully rolled out
deployment "ms-33719" successfully rolled out
deployment "ms-37691" successfully rolled out
deployment "ms-43309" successfully rolled out
deployment "ms-4354" successfully rolled out
deployment "ms-46825" successfully rolled out
deployment "ms-60236" successfully rolled out
deployment "ms-71771" successfully rolled out
deployment "ms-8052" successfully rolled out
deployment "ms-902" successfully rolled out
deployment "nginx-web-server" successfully rolled out
ENTRY_POINT: nginx-web-server
SERVICE_A_URL: 10.103.157.45:50051
Capacity: 10000
Metadata: method=S_102000854
Metadata: request-id={{.RequestNumber}}
Metadata: timestamp={{.TimestampUnix}}
Charon Configurations:
[{INTERCEPT breakwaterd} {PRICE_UPDATE_RATE 10ms} {TOKEN_UPDATE_RATE 10ms} {LATENCY_THRESHOLD 100us} {PRICE_STEP 0} {PRICE_STRATEGY step} {LAZY_UPDATE false} {RATE_LIMITING true} {LOAD_SHEDDING true} {CHARON_TRACK_PRICE false} {BREAKWATER_SLO 13693us} {BREAKWATER_A 12.51066014107722} {BREAKWATER_B 7.203244934421581} {BREAKWATER_CLIENT_EXPIRATION 1us} {BREAKWATER_INITIAL_CREDIT 121} {BREAKWATER_LOAD_SHEDDING true} {BREAKWATER_RTT 2935us} {BREAKWATERD_SLO 57965us} {BREAKWATERD_A 1.862602113776709} {BREAKWATERD_B 3.4556072704304777} {BREAKWATERD_CLIENT_EXPIRATION 45709us} {BREAKWATERD_INITIAL_CREDIT 2694} {BREAKWATERD_LOAD_SHEDDING true} {BREAKWATERD_RTT 8964us} {DAGOR_QUEUING_THRESHOLD 2ms} {DAGOR_ALPHA 0.05} {DAGOR_BETA 0.01} {DAGOR_ADMISSION_LEVEL_UPDATE_INTERVAL 10ms} {DAGOR_UMAX 20}]

Summary:
  Count:	98807
  Total:	25.00 s
  Slowest:	856.61 ms
  Fastest:	39.25 ms
  Average:	154.25 ms
  Requests/sec:	3952.88

Response time histogram:
  39.247  [1]     |
  120.983 [18438] |∎∎∎∎∎∎∎∎∎∎∎∎∎∎∎∎∎∎∎∎∎∎∎∎∎∎∎∎∎∎∎∎∎
  202.719 [21600] |∎∎∎∎∎∎∎∎∎∎∎∎∎∎∎∎∎∎∎∎∎∎∎∎∎∎∎∎∎∎∎∎∎∎∎∎∎∎∎
  284.455 [22263] |∎∎∎∎∎∎∎∎∎∎∎∎∎∎∎∎∎∎∎∎∎∎∎∎∎∎∎∎∎∎∎∎∎∎∎∎∎∎∎∎
  366.191 [7636]  |∎∎∎∎∎∎∎∎∎∎∎∎∎∎
  447.927 [705]   |∎
  529.664 [20]    |
  611.400 [2]     |
  693.136 [0]     |
  774.872 [2]     |
  856.608 [115]   |

Latency distribution:
  10 % in 42.56 ms 
  25 % in 117.47 ms 
  50 % in 186.74 ms 
  75 % in 250.44 ms 
  90 % in 291.67 ms 
  95 % in 317.00 ms 
  99 % in 370.97 ms 

Status code distribution:
  [ResourceExhausted]   27124 responses   
  [OK]                  70782 responses   
  [Canceled]            901 responses     

Error distribution:
  [1576]    rpc error: code = ResourceExhausted desc = Server-side queuing delay is beyond AQM threshold                          
  [141]     rpc error: code = ResourceExhausted desc = Client id fc607abb-bad6-4e52-81fe-740a2f5f9c0c request expired in queue.   
  [48]      rpc error: code = ResourceExhausted desc = Client id 44757862-7293-4df4-ae29-190f79364aea request expired in queue.   
  [901]     rpc error: code = Canceled desc = grpc: the client connection is closing                                              
  [1406]    rpc error: code = ResourceExhausted desc = Client id 64e9d0c2-caa4-415f-b9c1-daa81b7ca6eb request expired in queue.   
  [17]      rpc error: code = ResourceExhausted desc = Client id c0894231-dabb-4cb7-bd02-acbf4a3f0b76 request expired in queue.   
  [12]      rpc error: code = ResourceExhausted desc = Client id 3cc0da7d-8510-4d28-b90e-218713e101a7 request expired in queue.   
  [4]       rpc error: code = ResourceExhausted desc = Client id 54132414-db7f-4e2f-96b4-53ff9a063e16 request expired in queue.   
  [3035]    rpc error: code = ResourceExhausted desc = Client id aa2eed88-01e5-4ead-b069-1df2b7a13c9d request expired in queue.   
  [663]     rpc error: code = ResourceExhausted desc = Client id b2d50eef-28fc-41d2-93eb-5b6e49ccf5a7 request expired in queue.   
  [7874]    rpc error: code = ResourceExhausted desc = Client id d910ac7f-04e8-426a-af49-cb271c4a5b1b request expired in queue.   
  [100]     rpc error: code = ResourceExhausted desc = Client id d7a3b197-442b-4667-9443-34ebea399569 request expired in queue.   
  [1399]    rpc error: code = ResourceExhausted desc = Client id 65841c2e-7126-4139-ac0d-4b3f37ec3328 request expired in queue.   
  [10849]   rpc error: code = ResourceExhausted desc = Client id ce73b46e-d055-4eb0-b444-d6511736b71e request expired in queue.   

Debug: Checking Namespace=default, Pod=ms-11070-7868c54f44-g5qkw for Target File=deathstar_*.output
Namespace: default, Pod: ms-11070-7868c54f44-g5qkw has the target files.
Copying deathstar_ms-11070.output to deathstar_ms-11070.output
tar: removing leading '/' from member names
Debug: Checking Namespace=default, Pod=ms-11285-67d597dc77-nd22t for Target File=deathstar_*.output
Namespace: default, Pod: ms-11285-67d597dc77-nd22t has the target files.
Copying deathstar_ms-11285.output to deathstar_ms-11285.output
tar: removing leading '/' from member names
Debug: Checking Namespace=default, Pod=ms-11512-75f8ddc45b-bgm5k for Target File=deathstar_*.output
Namespace: default, Pod: ms-11512-75f8ddc45b-bgm5k has the target files.
Copying deathstar_ms-11512.output to deathstar_ms-11512.output
tar: removing leading '/' from member names
Debug: Checking Namespace=default, Pod=ms-1278-85766ff6b8-5fllx for Target File=deathstar_*.output
Namespace: default, Pod: ms-1278-85766ff6b8-5fllx has the target files.
Copying deathstar_ms-1278.output to deathstar_ms-1278.output
tar: removing leading '/' from member names
Debug: Checking Namespace=default, Pod=ms-13873-85d7bb7b97-cbp5b for Target File=deathstar_*.output
Namespace: default, Pod: ms-13873-85d7bb7b97-cbp5b has the target files.
Copying deathstar_ms-13873.output to deathstar_ms-13873.output
tar: removing leading '/' from member names
Debug: Checking Namespace=default, Pod=ms-19953-68cc8998c5-cd7qx for Target File=deathstar_*.output
Namespace: default, Pod: ms-19953-68cc8998c5-cd7qx has the target files.
Copying deathstar_ms-19953.output to deathstar_ms-19953.output
tar: removing leading '/' from member names
Debug: Checking Namespace=default, Pod=ms-21883-f6c88c6d4-69rfj for Target File=deathstar_*.output
Namespace: default, Pod: ms-21883-f6c88c6d4-69rfj has the target files.
Copying deathstar_ms-21883.output to deathstar_ms-21883.output
tar: removing leading '/' from member names
Debug: Checking Namespace=default, Pod=ms-25124-77bd4446f5-bgcql for Target File=deathstar_*.output
Namespace: default, Pod: ms-25124-77bd4446f5-bgcql has the target files.
Copying deathstar_ms-25124.output to deathstar_ms-25124.output
tar: removing leading '/' from member names
Debug: Checking Namespace=default, Pod=ms-27421-8565974486-rfqdj for Target File=deathstar_*.output
Namespace: default, Pod: ms-27421-8565974486-rfqdj has the target files.
Copying deathstar_ms-27421.output to deathstar_ms-27421.output
tar: removing leading '/' from member names
Debug: Checking Namespace=default, Pod=ms-2827-5dcc6df4f4-p9bkb for Target File=deathstar_*.output
Namespace: default, Pod: ms-2827-5dcc6df4f4-p9bkb has the target files.
Copying deathstar_ms-2827.output to deathstar_ms-2827.output
tar: removing leading '/' from member names
Debug: Checking Namespace=default, Pod=ms-33719-6c455cf54c-d8r8h for Target File=deathstar_*.output
Namespace: default, Pod: ms-33719-6c455cf54c-d8r8h has the target files.
Copying deathstar_ms-33719.output to deathstar_ms-33719.output
tar: removing leading '/' from member names
Debug: Checking Namespace=default, Pod=ms-37691-b9bc44798-smbsj for Target File=deathstar_*.output
Namespace: default, Pod: ms-37691-b9bc44798-smbsj has the target files.
Copying deathstar_ms-37691.output to deathstar_ms-37691.output
tar: removing leading '/' from member names
Debug: Checking Namespace=default, Pod=ms-43309-54f758d465-qtmh2 for Target File=deathstar_*.output
Namespace: default, Pod: ms-43309-54f758d465-qtmh2 has the target files.
Copying deathstar_ms-43309.output to deathstar_ms-43309.output
tar: removing leading '/' from member names
Debug: Checking Namespace=default, Pod=ms-4354-669cfcbdf6-lkbfb for Target File=deathstar_*.output
Namespace: default, Pod: ms-4354-669cfcbdf6-lkbfb has the target files.
Copying deathstar_ms-4354.output to deathstar_ms-4354.output
tar: removing leading '/' from member names
Debug: Checking Namespace=default, Pod=ms-46825-58c684559d-njd8f for Target File=deathstar_*.output
Namespace: default, Pod: ms-46825-58c684559d-njd8f has the target files.
Copying deathstar_ms-46825.output to deathstar_ms-46825.output
tar: removing leading '/' from member names
Debug: Checking Namespace=default, Pod=ms-60236-64866cf49-47dz2 for Target File=deathstar_*.output
Namespace: default, Pod: ms-60236-64866cf49-47dz2 has the target files.
Copying deathstar_ms-60236.output to deathstar_ms-60236.output
tar: removing leading '/' from member names
Debug: Checking Namespace=default, Pod=ms-71771-567ddbdd95-6brgf for Target File=deathstar_*.output
Namespace: default, Pod: ms-71771-567ddbdd95-6brgf has the target files.
Copying deathstar_ms-71771.output to deathstar_ms-71771.output
tar: removing leading '/' from member names
Debug: Checking Namespace=default, Pod=ms-8052-b995968dc-9hrhd for Target File=deathstar_*.output
Namespace: default, Pod: ms-8052-b995968dc-9hrhd has the target files.
Copying deathstar_ms-8052.output to deathstar_ms-8052.output
tar: removing leading '/' from member names
Debug: Checking Namespace=default, Pod=ms-902-5744544f85-2dc7c for Target File=deathstar_*.output
Namespace: default, Pod: ms-902-5744544f85-2dc7c has the target files.
Copying deathstar_ms-902.output to deathstar_ms-902.output
tar: removing leading '/' from member names
Debug: Checking Namespace=default, Pod=nginx-web-server-56557f7cb7-w26cv for Target File=deathstar_*.output
Namespace: default, Pod: nginx-web-server-56557f7cb7-w26cv has the target files.
Copying deathstar_nginx-web-server.output to deathstar_nginx-web-server.output
tar: removing leading '/' from member names
