Deployments: ms-11070
ms-11285
ms-11512
ms-1278
ms-13873
ms-19953
ms-21883
ms-25124
ms-27421
ms-2827
ms-33719
ms-37691
ms-43309
ms-4354
ms-46825
ms-60236
ms-71771
ms-8052
ms-902
nginx-web-server
deployment "ms-11070" successfully rolled out
deployment "ms-11285" successfully rolled out
deployment "ms-11512" successfully rolled out
deployment "ms-1278" successfully rolled out
deployment "ms-13873" successfully rolled out
deployment "ms-19953" successfully rolled out
deployment "ms-21883" successfully rolled out
deployment "ms-25124" successfully rolled out
deployment "ms-27421" successfully rolled out
deployment "ms-2827" successfully rolled out
deployment "ms-33719" successfully rolled out
deployment "ms-37691" successfully rolled out
deployment "ms-43309" successfully rolled out
deployment "ms-4354" successfully rolled out
deployment "ms-46825" successfully rolled out
deployment "ms-60236" successfully rolled out
deployment "ms-71771" successfully rolled out
deployment "ms-8052" successfully rolled out
deployment "ms-902" successfully rolled out
deployment "nginx-web-server" successfully rolled out
ENTRY_POINT: nginx-web-server
SERVICE_A_URL: 10.103.219.154:50051
Capacity: 10000
Metadata: request-id={{.RequestNumber}}
Metadata: timestamp={{.TimestampUnix}}
Metadata: method=S_102000854
Charon Configurations:
[{INTERCEPT breakwaterd} {PRICE_UPDATE_RATE 10ms} {TOKEN_UPDATE_RATE 10ms} {LATENCY_THRESHOLD 100us} {PRICE_STEP 0} {PRICE_STRATEGY step} {LAZY_UPDATE false} {RATE_LIMITING true} {LOAD_SHEDDING true} {CHARON_TRACK_PRICE false} {BREAKWATER_SLO 36304us} {BREAKWATER_A 3.664877073965248} {BREAKWATER_B 9.769608827274784} {BREAKWATER_CLIENT_EXPIRATION 2406us} {BREAKWATER_INITIAL_CREDIT 112} {BREAKWATER_LOAD_SHEDDING true} {BREAKWATER_RTT 4787us} {BREAKWATERD_SLO 39435us} {BREAKWATERD_A 9.978152197383794} {BREAKWATERD_B 8.665868812534196} {BREAKWATERD_CLIENT_EXPIRATION 77448us} {BREAKWATERD_INITIAL_CREDIT 1384} {BREAKWATERD_LOAD_SHEDDING true} {BREAKWATERD_RTT 14854us} {DAGOR_QUEUING_THRESHOLD 2ms} {DAGOR_ALPHA 0.05} {DAGOR_BETA 0.01} {DAGOR_ADMISSION_LEVEL_UPDATE_INTERVAL 10ms} {DAGOR_UMAX 20}]

Summary:
  Count:	104952
  Total:	24.93 s
  Slowest:	810.71 ms
  Fastest:	39.14 ms
  Average:	175.07 ms
  Requests/sec:	4210.40

Response time histogram:
  39.144  [1]     |
  116.300 [18357] |∎∎∎∎∎∎∎∎∎∎∎∎∎∎∎∎∎∎∎∎∎∎∎∎∎∎∎∎∎∎∎
  193.457 [17589] |∎∎∎∎∎∎∎∎∎∎∎∎∎∎∎∎∎∎∎∎∎∎∎∎∎∎∎∎∎
  270.613 [24050] |∎∎∎∎∎∎∎∎∎∎∎∎∎∎∎∎∎∎∎∎∎∎∎∎∎∎∎∎∎∎∎∎∎∎∎∎∎∎∎∎
  347.770 [11340] |∎∎∎∎∎∎∎∎∎∎∎∎∎∎∎∎∎∎∎
  424.926 [4933]  |∎∎∎∎∎∎∎∎
  502.083 [2522]  |∎∎∎∎
  579.239 [834]   |∎
  656.396 [325]   |∎
  733.552 [33]    |
  810.709 [49]    |

Latency distribution:
  10 % in 42.83 ms 
  25 % in 130.20 ms 
  50 % in 205.38 ms 
  75 % in 270.72 ms 
  90 % in 355.93 ms 
  95 % in 420.55 ms 
  99 % in 544.18 ms 

Status code distribution:
  [OK]                  80033 responses   
  [ResourceExhausted]   24560 responses   
  [Canceled]            359 responses     

Error distribution:
  [3924]    rpc error: code = ResourceExhausted desc = Client id da53ad02-1b38-4039-8ccf-9295406c2138 request expired in queue.   
  [597]     rpc error: code = ResourceExhausted desc = Client id c56c7c94-3267-4522-becc-8a70d1b472ac request expired in queue.   
  [10]      rpc error: code = ResourceExhausted desc = Client id 7f95ba9b-2321-453c-9bc7-5c7e8f1465f7 request expired in queue.   
  [359]     rpc error: code = Canceled desc = grpc: the client connection is closing                                              
  [15350]   rpc error: code = ResourceExhausted desc = Client id 699db372-d548-4c94-aea6-966d46520dd4 request expired in queue.   
  [3824]    rpc error: code = ResourceExhausted desc = Server-side queuing delay is beyond AQM threshold                          
  [855]     rpc error: code = ResourceExhausted desc = Client id 00324edb-88c1-4a27-92d7-b080eef609d9 request expired in queue.   

Debug: Checking Namespace=default, Pod=ms-11070-7868c54f44-dtkm5 for Target File=deathstar_*.output
Namespace: default, Pod: ms-11070-7868c54f44-dtkm5 has the target files.
Copying deathstar_ms-11070.output to deathstar_ms-11070.output
tar: removing leading '/' from member names
Debug: Checking Namespace=default, Pod=ms-11285-67d597dc77-mrwgd for Target File=deathstar_*.output
Namespace: default, Pod: ms-11285-67d597dc77-mrwgd has the target files.
Copying deathstar_ms-11285.output to deathstar_ms-11285.output
tar: removing leading '/' from member names
Debug: Checking Namespace=default, Pod=ms-11512-75f8ddc45b-wd5fd for Target File=deathstar_*.output
Namespace: default, Pod: ms-11512-75f8ddc45b-wd5fd has the target files.
Copying deathstar_ms-11512.output to deathstar_ms-11512.output
tar: removing leading '/' from member names
Debug: Checking Namespace=default, Pod=ms-1278-85766ff6b8-2z8g7 for Target File=deathstar_*.output
Namespace: default, Pod: ms-1278-85766ff6b8-2z8g7 has the target files.
Copying deathstar_ms-1278.output to deathstar_ms-1278.output
tar: removing leading '/' from member names
Debug: Checking Namespace=default, Pod=ms-13873-85d7bb7b97-mb44p for Target File=deathstar_*.output
Namespace: default, Pod: ms-13873-85d7bb7b97-mb44p has the target files.
Copying deathstar_ms-13873.output to deathstar_ms-13873.output
tar: removing leading '/' from member names
Debug: Checking Namespace=default, Pod=ms-19953-68cc8998c5-dr7rp for Target File=deathstar_*.output
Namespace: default, Pod: ms-19953-68cc8998c5-dr7rp has the target files.
Copying deathstar_ms-19953.output to deathstar_ms-19953.output
tar: removing leading '/' from member names
Debug: Checking Namespace=default, Pod=ms-21883-f6c88c6d4-96krd for Target File=deathstar_*.output
Namespace: default, Pod: ms-21883-f6c88c6d4-96krd has the target files.
Copying deathstar_ms-21883.output to deathstar_ms-21883.output
tar: removing leading '/' from member names
Debug: Checking Namespace=default, Pod=ms-25124-77bd4446f5-7dqjn for Target File=deathstar_*.output
Namespace: default, Pod: ms-25124-77bd4446f5-7dqjn has the target files.
Copying deathstar_ms-25124.output to deathstar_ms-25124.output
tar: removing leading '/' from member names
Debug: Checking Namespace=default, Pod=ms-27421-8565974486-7d6jx for Target File=deathstar_*.output
Namespace: default, Pod: ms-27421-8565974486-7d6jx has the target files.
Copying deathstar_ms-27421.output to deathstar_ms-27421.output
tar: removing leading '/' from member names
Debug: Checking Namespace=default, Pod=ms-2827-5dcc6df4f4-ttwct for Target File=deathstar_*.output
Namespace: default, Pod: ms-2827-5dcc6df4f4-ttwct has the target files.
Copying deathstar_ms-2827.output to deathstar_ms-2827.output
tar: removing leading '/' from member names
Debug: Checking Namespace=default, Pod=ms-33719-6c455cf54c-4s49p for Target File=deathstar_*.output
Namespace: default, Pod: ms-33719-6c455cf54c-4s49p has the target files.
Copying deathstar_ms-33719.output to deathstar_ms-33719.output
tar: removing leading '/' from member names
Debug: Checking Namespace=default, Pod=ms-37691-b9bc44798-hxx8m for Target File=deathstar_*.output
Namespace: default, Pod: ms-37691-b9bc44798-hxx8m has the target files.
Copying deathstar_ms-37691.output to deathstar_ms-37691.output
tar: removing leading '/' from member names
Debug: Checking Namespace=default, Pod=ms-43309-54f758d465-t79r8 for Target File=deathstar_*.output
Namespace: default, Pod: ms-43309-54f758d465-t79r8 has the target files.
Copying deathstar_ms-43309.output to deathstar_ms-43309.output
tar: removing leading '/' from member names
Debug: Checking Namespace=default, Pod=ms-4354-669cfcbdf6-h5lhn for Target File=deathstar_*.output
Namespace: default, Pod: ms-4354-669cfcbdf6-h5lhn has the target files.
Copying deathstar_ms-4354.output to deathstar_ms-4354.output
tar: removing leading '/' from member names
Debug: Checking Namespace=default, Pod=ms-46825-58c684559d-ncd5r for Target File=deathstar_*.output
Namespace: default, Pod: ms-46825-58c684559d-ncd5r has the target files.
Copying deathstar_ms-46825.output to deathstar_ms-46825.output
tar: removing leading '/' from member names
Debug: Checking Namespace=default, Pod=ms-60236-64866cf49-7xv96 for Target File=deathstar_*.output
Namespace: default, Pod: ms-60236-64866cf49-7xv96 has the target files.
Copying deathstar_ms-60236.output to deathstar_ms-60236.output
tar: removing leading '/' from member names
Debug: Checking Namespace=default, Pod=ms-71771-567ddbdd95-wbv2j for Target File=deathstar_*.output
Namespace: default, Pod: ms-71771-567ddbdd95-wbv2j has the target files.
Copying deathstar_ms-71771.output to deathstar_ms-71771.output
tar: removing leading '/' from member names
Debug: Checking Namespace=default, Pod=ms-8052-b995968dc-9g967 for Target File=deathstar_*.output
Namespace: default, Pod: ms-8052-b995968dc-9g967 has the target files.
Copying deathstar_ms-8052.output to deathstar_ms-8052.output
tar: removing leading '/' from member names
Debug: Checking Namespace=default, Pod=ms-902-5744544f85-rqdkr for Target File=deathstar_*.output
Namespace: default, Pod: ms-902-5744544f85-rqdkr has the target files.
Copying deathstar_ms-902.output to deathstar_ms-902.output
tar: removing leading '/' from member names
Debug: Checking Namespace=default, Pod=nginx-web-server-56557f7cb7-27lff for Target File=deathstar_*.output
Namespace: default, Pod: nginx-web-server-56557f7cb7-27lff has the target files.
Copying deathstar_nginx-web-server.output to deathstar_nginx-web-server.output
tar: removing leading '/' from member names
