Deployments: ms-25648
ms-27283
ms-27421
ms-2827
ms-34756
ms-36144
ms-37691
ms-41385
ms-41914
ms-46825
ms-54016
ms-55339
ms-58269
ms-58845
ms-68328
ms-70297
nginx-web-server
unknown
deployment "ms-25648" successfully rolled out
deployment "ms-27283" successfully rolled out
deployment "ms-27421" successfully rolled out
deployment "ms-2827" successfully rolled out
deployment "ms-34756" successfully rolled out
deployment "ms-36144" successfully rolled out
deployment "ms-37691" successfully rolled out
deployment "ms-41385" successfully rolled out
deployment "ms-41914" successfully rolled out
deployment "ms-46825" successfully rolled out
deployment "ms-54016" successfully rolled out
deployment "ms-55339" successfully rolled out
deployment "ms-58269" successfully rolled out
deployment "ms-58845" successfully rolled out
deployment "ms-68328" successfully rolled out
deployment "ms-70297" successfully rolled out
deployment "nginx-web-server" successfully rolled out
deployment "unknown" successfully rolled out
ENTRY_POINT: nginx-web-server
SERVICE_A_URL: 10.106.28.151:50051
Capacity: 10000
Metadata: request-id={{.RequestNumber}}
Metadata: timestamp={{.TimestampUnix}}
Metadata: method=S_161142529
Charon Configurations:
[{INTERCEPT charon} {PRICE_UPDATE_RATE 13156us} {TOKEN_UPDATE_RATE 20871us} {LATENCY_THRESHOLD 11963us} {PRICE_STEP 85} {PRICE_STRATEGY proportional} {LAZY_UPDATE true} {RATE_LIMITING true} {LOAD_SHEDDING true} {CHARON_TRACK_PRICE false} {BREAKWATER_SLO 12500us} {BREAKWATER_A 0.001} {BREAKWATER_B 0.02} {BREAKWATER_CLIENT_EXPIRATION 10ms} {BREAKWATER_INITIAL_CREDIT 400} {BREAKWATER_LOAD_SHEDDING true} {BREAKWATER_RTT 1000us} {BREAKWATERD_SLO 12500us} {BREAKWATERD_A 0.001} {BREAKWATERD_B 0.02} {BREAKWATERD_CLIENT_EXPIRATION 10ms} {BREAKWATERD_INITIAL_CREDIT 400} {BREAKWATERD_LOAD_SHEDDING true} {BREAKWATERD_RTT 1000us} {DAGOR_QUEUING_THRESHOLD 2ms} {DAGOR_ALPHA 0.05} {DAGOR_BETA 0.01} {DAGOR_ADMISSION_LEVEL_UPDATE_INTERVAL 10ms} {DAGOR_UMAX 20}]

Summary:
  Count:	88397
  Total:	14.80 s
  Slowest:	961.45 ms
  Fastest:	65.02 ms
  Average:	117.90 ms
  Requests/sec:	5974.67

Response time histogram:
  65.022  [1]     |
  154.665 [70089] |∎∎∎∎∎∎∎∎∎∎∎∎∎∎∎∎∎∎∎∎∎∎∎∎∎∎∎∎∎∎∎∎∎∎∎∎∎∎∎∎
  244.308 [10243] |∎∎∎∎∎∎
  333.952 [2239]  |∎
  423.595 [1053]  |∎
  513.238 [128]   |
  602.882 [102]   |
  692.525 [8]     |
  782.168 [9]     |
  871.812 [75]    |
  961.455 [45]    |

Latency distribution:
  10 % in 68.37 ms 
  25 % in 89.07 ms 
  50 % in 109.52 ms 
  75 % in 136.88 ms 
  90 % in 178.16 ms 
  95 % in 223.32 ms 
  99 % in 366.82 ms 

Status code distribution:
  [OK]                  83992 responses   
  [ResourceExhausted]   4189 responses    
  [Canceled]            216 responses     

Error distribution:
  [400]    rpc error: code = ResourceExhausted desc = S_161142529 req dropped by unknown. Try again later.            
  [160]    rpc error: code = ResourceExhausted desc = S_161142529 req dropped by ms-41385. Try again later.           
  [3160]   rpc error: code = ResourceExhausted desc = S_161142529 req dropped by nginx-web-server. Try again later.   
  [197]    rpc error: code = ResourceExhausted desc = S_161142529 req dropped by ms-36144. Try again later.           
  [216]    rpc error: code = Canceled desc = grpc: the client connection is closing                                   
  [1]      rpc error: code = ResourceExhausted desc = S_161142529 req dropped by ms-70297. Try again later.           
  [271]    rpc error: code = ResourceExhausted desc = S_161142529 req dropped by ms-27283. Try again later.           

Debug: Checking Namespace=default, Pod=ms-25648-86cc47d8bd-cd5cs for Target File=deathstar_*.output
Namespace: default, Pod: ms-25648-86cc47d8bd-cd5cs has the target files.
Copying deathstar_ms-25648.output to deathstar_ms-25648.output
tar: removing leading '/' from member names
Debug: Checking Namespace=default, Pod=ms-27283-7cb76dd56d-ctkkd for Target File=deathstar_*.output
Namespace: default, Pod: ms-27283-7cb76dd56d-ctkkd has the target files.
Copying deathstar_ms-27283.output to deathstar_ms-27283.output
tar: removing leading '/' from member names
Debug: Checking Namespace=default, Pod=ms-27421-64f549855c-qwc5v for Target File=deathstar_*.output
Namespace: default, Pod: ms-27421-64f549855c-qwc5v has the target files.
Copying deathstar_ms-27421.output to deathstar_ms-27421.output
tar: removing leading '/' from member names
Debug: Checking Namespace=default, Pod=ms-2827-565cbcd7b-lt7rp for Target File=deathstar_*.output
Namespace: default, Pod: ms-2827-565cbcd7b-lt7rp has the target files.
Copying deathstar_ms-2827.output to deathstar_ms-2827.output
tar: removing leading '/' from member names
Debug: Checking Namespace=default, Pod=ms-34756-7c45d5bcc-2cvqm for Target File=deathstar_*.output
Namespace: default, Pod: ms-34756-7c45d5bcc-2cvqm has the target files.
Copying deathstar_ms-34756.output to deathstar_ms-34756.output
tar: removing leading '/' from member names
Debug: Checking Namespace=default, Pod=ms-36144-7bf7cbfff6-bpsgl for Target File=deathstar_*.output
Namespace: default, Pod: ms-36144-7bf7cbfff6-bpsgl has the target files.
Copying deathstar_ms-36144.output to deathstar_ms-36144.output
tar: removing leading '/' from member names
Debug: Checking Namespace=default, Pod=ms-37691-6f7cbf7c5-w2qwx for Target File=deathstar_*.output
Namespace: default, Pod: ms-37691-6f7cbf7c5-w2qwx has the target files.
Copying deathstar_ms-37691.output to deathstar_ms-37691.output
tar: removing leading '/' from member names
Debug: Checking Namespace=default, Pod=ms-41385-6bc4f5d4fc-kmkqd for Target File=deathstar_*.output
Namespace: default, Pod: ms-41385-6bc4f5d4fc-kmkqd has the target files.
Copying deathstar_ms-41385.output to deathstar_ms-41385.output
tar: removing leading '/' from member names
Debug: Checking Namespace=default, Pod=ms-41914-5555dd8d48-8c75b for Target File=deathstar_*.output
Namespace: default, Pod: ms-41914-5555dd8d48-8c75b has the target files.
Copying deathstar_ms-41914.output to deathstar_ms-41914.output
tar: removing leading '/' from member names
Debug: Checking Namespace=default, Pod=ms-46825-58c684559d-gbcq9 for Target File=deathstar_*.output
Namespace: default, Pod: ms-46825-58c684559d-gbcq9 has the target files.
Copying deathstar_ms-46825.output to deathstar_ms-46825.output
tar: removing leading '/' from member names
Debug: Checking Namespace=default, Pod=ms-54016-5665fbcb8d-w5kq4 for Target File=deathstar_*.output
Namespace: default, Pod: ms-54016-5665fbcb8d-w5kq4 has the target files.
Copying deathstar_ms-54016.output to deathstar_ms-54016.output
tar: removing leading '/' from member names
Debug: Checking Namespace=default, Pod=ms-55339-5b545b67bb-bpfl2 for Target File=deathstar_*.output
Namespace: default, Pod: ms-55339-5b545b67bb-bpfl2 has the target files.
Copying deathstar_ms-55339.output to deathstar_ms-55339.output
tar: removing leading '/' from member names
Debug: Checking Namespace=default, Pod=ms-58269-8c4794c6c-w2s4l for Target File=deathstar_*.output
Namespace: default, Pod: ms-58269-8c4794c6c-w2s4l has the target files.
Copying deathstar_ms-58269.output to deathstar_ms-58269.output
tar: removing leading '/' from member names
Debug: Checking Namespace=default, Pod=ms-58845-5bc6f9d8df-gpr7m for Target File=deathstar_*.output
Namespace: default, Pod: ms-58845-5bc6f9d8df-gpr7m has the target files.
Copying deathstar_ms-58845.output to deathstar_ms-58845.output
tar: removing leading '/' from member names
Debug: Checking Namespace=default, Pod=ms-68328-5866fd45b7-dqwdl for Target File=deathstar_*.output
Namespace: default, Pod: ms-68328-5866fd45b7-dqwdl has the target files.
Copying deathstar_ms-68328.output to deathstar_ms-68328.output
tar: removing leading '/' from member names
Debug: Checking Namespace=default, Pod=ms-70297-868876bcdb-57qf4 for Target File=deathstar_*.output
Namespace: default, Pod: ms-70297-868876bcdb-57qf4 has the target files.
Copying deathstar_ms-70297.output to deathstar_ms-70297.output
tar: removing leading '/' from member names
Debug: Checking Namespace=default, Pod=nginx-web-server-56557f7cb7-shdkd for Target File=deathstar_*.output
Namespace: default, Pod: nginx-web-server-56557f7cb7-shdkd has the target files.
Copying deathstar_nginx-web-server.output to deathstar_nginx-web-server.output
tar: removing leading '/' from member names
Debug: Checking Namespace=default, Pod=unknown-57ddd65965-8r8jr for Target File=deathstar_*.output
Namespace: default, Pod: unknown-57ddd65965-8r8jr has the target files.
Copying deathstar_unknown.output to deathstar_unknown.output
tar: removing leading '/' from member names
