Deployments: ms-11070
ms-11285
ms-11512
ms-1278
ms-13873
ms-19953
ms-21883
ms-25124
ms-27421
ms-2827
ms-33719
ms-37691
ms-43309
ms-4354
ms-46825
ms-60236
ms-71771
ms-8052
ms-902
nginx-web-server
deployment "ms-11070" successfully rolled out
deployment "ms-11285" successfully rolled out
deployment "ms-11512" successfully rolled out
deployment "ms-1278" successfully rolled out
deployment "ms-13873" successfully rolled out
deployment "ms-19953" successfully rolled out
deployment "ms-21883" successfully rolled out
deployment "ms-25124" successfully rolled out
deployment "ms-27421" successfully rolled out
deployment "ms-2827" successfully rolled out
deployment "ms-33719" successfully rolled out
deployment "ms-37691" successfully rolled out
deployment "ms-43309" successfully rolled out
deployment "ms-4354" successfully rolled out
deployment "ms-46825" successfully rolled out
deployment "ms-60236" successfully rolled out
deployment "ms-71771" successfully rolled out
deployment "ms-8052" successfully rolled out
deployment "ms-902" successfully rolled out
deployment "nginx-web-server" successfully rolled out
ENTRY_POINT: nginx-web-server
SERVICE_A_URL: 10.100.18.0:50051
Capacity: 10000
Metadata: method=S_102000854
Metadata: request-id={{.RequestNumber}}
Metadata: timestamp={{.TimestampUnix}}
Charon Configurations:
[{INTERCEPT charon} {PRICE_UPDATE_RATE 5884us} {TOKEN_UPDATE_RATE 23155us} {LATENCY_THRESHOLD 8404us} {PRICE_STEP 10} {PRICE_STRATEGY proportional} {LAZY_UPDATE true} {RATE_LIMITING true} {LOAD_SHEDDING true} {CHARON_TRACK_PRICE false} {BREAKWATER_SLO 12500us} {BREAKWATER_A 0.001} {BREAKWATER_B 0.02} {BREAKWATER_CLIENT_EXPIRATION 10ms} {BREAKWATER_INITIAL_CREDIT 400} {BREAKWATER_LOAD_SHEDDING true} {BREAKWATER_RTT 1000us} {BREAKWATERD_SLO 12500us} {BREAKWATERD_A 0.001} {BREAKWATERD_B 0.02} {BREAKWATERD_CLIENT_EXPIRATION 10ms} {BREAKWATERD_INITIAL_CREDIT 400} {BREAKWATERD_LOAD_SHEDDING true} {BREAKWATERD_RTT 1000us} {DAGOR_QUEUING_THRESHOLD 2ms} {DAGOR_ALPHA 0.05} {DAGOR_BETA 0.01} {DAGOR_ADMISSION_LEVEL_UPDATE_INTERVAL 10ms} {DAGOR_UMAX 20}]

Summary:
  Count:	93228
  Total:	14.81 s
  Slowest:	940.45 ms
  Fastest:	38.95 ms
  Average:	112.16 ms
  Requests/sec:	6296.69

Response time histogram:
  38.948  [1]     |
  129.099 [65418] |∎∎∎∎∎∎∎∎∎∎∎∎∎∎∎∎∎∎∎∎∎∎∎∎∎∎∎∎∎∎∎∎∎∎∎∎∎∎∎∎
  219.249 [17472] |∎∎∎∎∎∎∎∎∎∎∎
  309.400 [3894]  |∎∎
  399.551 [2379]  |∎
  489.701 [968]   |∎
  579.852 [122]   |
  670.002 [4]     |
  760.153 [0]     |
  850.303 [56]    |
  940.454 [57]    |

Latency distribution:
  10 % in 41.95 ms 
  25 % in 66.00 ms 
  50 % in 95.62 ms 
  75 % in 134.25 ms 
  90 % in 197.53 ms 
  95 % in 287.01 ms 
  99 % in 413.97 ms 

Status code distribution:
  [OK]                  90371 responses   
  [ResourceExhausted]   2549 responses    
  [Canceled]            308 responses     

Error distribution:
  [185]    rpc error: code = ResourceExhausted desc = S_102000854 req dropped by ms-25124. Try again later.           
  [456]    rpc error: code = ResourceExhausted desc = S_102000854 req dropped by ms-13873. Try again later.           
  [1789]   rpc error: code = ResourceExhausted desc = S_102000854 req dropped by nginx-web-server. Try again later.   
  [119]    rpc error: code = ResourceExhausted desc = S_102000854 req dropped by ms-60236. Try again later.           
  [308]    rpc error: code = Canceled desc = grpc: the client connection is closing                                   

Debug: Checking Namespace=default, Pod=ms-11070-7868c54f44-qsm58 for Target File=deathstar_*.output
Namespace: default, Pod: ms-11070-7868c54f44-qsm58 has the target files.
Copying deathstar_ms-11070.output to deathstar_ms-11070.output
tar: removing leading '/' from member names
Debug: Checking Namespace=default, Pod=ms-11285-67d597dc77-qv6ml for Target File=deathstar_*.output
Namespace: default, Pod: ms-11285-67d597dc77-qv6ml has the target files.
Copying deathstar_ms-11285.output to deathstar_ms-11285.output
tar: removing leading '/' from member names
Debug: Checking Namespace=default, Pod=ms-11512-75f8ddc45b-4mkhx for Target File=deathstar_*.output
Namespace: default, Pod: ms-11512-75f8ddc45b-4mkhx has the target files.
Copying deathstar_ms-11512.output to deathstar_ms-11512.output
tar: removing leading '/' from member names
Debug: Checking Namespace=default, Pod=ms-1278-85766ff6b8-vlcqd for Target File=deathstar_*.output
Namespace: default, Pod: ms-1278-85766ff6b8-vlcqd has the target files.
Copying deathstar_ms-1278.output to deathstar_ms-1278.output
tar: removing leading '/' from member names
Debug: Checking Namespace=default, Pod=ms-13873-85d7bb7b97-4dbq9 for Target File=deathstar_*.output
Namespace: default, Pod: ms-13873-85d7bb7b97-4dbq9 has the target files.
Copying deathstar_ms-13873.output to deathstar_ms-13873.output
tar: removing leading '/' from member names
Debug: Checking Namespace=default, Pod=ms-19953-68cc8998c5-cgmz8 for Target File=deathstar_*.output
Namespace: default, Pod: ms-19953-68cc8998c5-cgmz8 has the target files.
Copying deathstar_ms-19953.output to deathstar_ms-19953.output
tar: removing leading '/' from member names
Debug: Checking Namespace=default, Pod=ms-21883-f6c88c6d4-8nl9r for Target File=deathstar_*.output
Namespace: default, Pod: ms-21883-f6c88c6d4-8nl9r has the target files.
Copying deathstar_ms-21883.output to deathstar_ms-21883.output
tar: removing leading '/' from member names
Debug: Checking Namespace=default, Pod=ms-25124-77bd4446f5-dbq5g for Target File=deathstar_*.output
Namespace: default, Pod: ms-25124-77bd4446f5-dbq5g has the target files.
Copying deathstar_ms-25124.output to deathstar_ms-25124.output
tar: removing leading '/' from member names
Debug: Checking Namespace=default, Pod=ms-27421-8565974486-ffntv for Target File=deathstar_*.output
Namespace: default, Pod: ms-27421-8565974486-ffntv has the target files.
Copying deathstar_ms-27421.output to deathstar_ms-27421.output
tar: removing leading '/' from member names
Debug: Checking Namespace=default, Pod=ms-2827-5dcc6df4f4-gzxv2 for Target File=deathstar_*.output
Namespace: default, Pod: ms-2827-5dcc6df4f4-gzxv2 has the target files.
Copying deathstar_ms-2827.output to deathstar_ms-2827.output
tar: removing leading '/' from member names
Debug: Checking Namespace=default, Pod=ms-33719-6c455cf54c-bstlj for Target File=deathstar_*.output
Namespace: default, Pod: ms-33719-6c455cf54c-bstlj has the target files.
Copying deathstar_ms-33719.output to deathstar_ms-33719.output
tar: removing leading '/' from member names
Debug: Checking Namespace=default, Pod=ms-37691-b9bc44798-vr6kn for Target File=deathstar_*.output
Namespace: default, Pod: ms-37691-b9bc44798-vr6kn has the target files.
Copying deathstar_ms-37691.output to deathstar_ms-37691.output
tar: removing leading '/' from member names
Debug: Checking Namespace=default, Pod=ms-43309-54f758d465-r27s2 for Target File=deathstar_*.output
Namespace: default, Pod: ms-43309-54f758d465-r27s2 has the target files.
Copying deathstar_ms-43309.output to deathstar_ms-43309.output
tar: removing leading '/' from member names
Debug: Checking Namespace=default, Pod=ms-4354-669cfcbdf6-2c42g for Target File=deathstar_*.output
Namespace: default, Pod: ms-4354-669cfcbdf6-2c42g has the target files.
Copying deathstar_ms-4354.output to deathstar_ms-4354.output
tar: removing leading '/' from member names
Debug: Checking Namespace=default, Pod=ms-46825-58c684559d-g6w7g for Target File=deathstar_*.output
Namespace: default, Pod: ms-46825-58c684559d-g6w7g has the target files.
Copying deathstar_ms-46825.output to deathstar_ms-46825.output
tar: removing leading '/' from member names
Debug: Checking Namespace=default, Pod=ms-60236-64866cf49-6vk2c for Target File=deathstar_*.output
Namespace: default, Pod: ms-60236-64866cf49-6vk2c has the target files.
Copying deathstar_ms-60236.output to deathstar_ms-60236.output
tar: removing leading '/' from member names
Debug: Checking Namespace=default, Pod=ms-71771-567ddbdd95-8vg4x for Target File=deathstar_*.output
Namespace: default, Pod: ms-71771-567ddbdd95-8vg4x has the target files.
Copying deathstar_ms-71771.output to deathstar_ms-71771.output
tar: removing leading '/' from member names
Debug: Checking Namespace=default, Pod=ms-8052-b995968dc-4m6b9 for Target File=deathstar_*.output
Namespace: default, Pod: ms-8052-b995968dc-4m6b9 has the target files.
Copying deathstar_ms-8052.output to deathstar_ms-8052.output
tar: removing leading '/' from member names
Debug: Checking Namespace=default, Pod=ms-902-5744544f85-wpxc2 for Target File=deathstar_*.output
Namespace: default, Pod: ms-902-5744544f85-wpxc2 has the target files.
Copying deathstar_ms-902.output to deathstar_ms-902.output
tar: removing leading '/' from member names
Debug: Checking Namespace=default, Pod=nginx-web-server-56557f7cb7-42mzd for Target File=deathstar_*.output
Namespace: default, Pod: nginx-web-server-56557f7cb7-42mzd has the target files.
Copying deathstar_nginx-web-server.output to deathstar_nginx-web-server.output
tar: removing leading '/' from member names
