Deployments: ms-10090
ms-13558
ms-18330
ms-19585
ms-20172
ms-22893
ms-24009
ms-24959
ms-26622
ms-27421
ms-29373
ms-32301
ms-3289
ms-37691
ms-38964
ms-40147
ms-48118
ms-4829
ms-51685
ms-52379
ms-55394
ms-58436
ms-58772
ms-59962
ms-60061
ms-6323
ms-65741
ms-66473
ms-69188
ms-69614
ms-9081
nginx-web-server
unknown
deployment "ms-10090" successfully rolled out
deployment "ms-13558" successfully rolled out
deployment "ms-18330" successfully rolled out
deployment "ms-19585" successfully rolled out
deployment "ms-20172" successfully rolled out
deployment "ms-22893" successfully rolled out
deployment "ms-24009" successfully rolled out
deployment "ms-24959" successfully rolled out
deployment "ms-26622" successfully rolled out
deployment "ms-27421" successfully rolled out
deployment "ms-29373" successfully rolled out
deployment "ms-32301" successfully rolled out
deployment "ms-3289" successfully rolled out
deployment "ms-37691" successfully rolled out
deployment "ms-38964" successfully rolled out
deployment "ms-40147" successfully rolled out
deployment "ms-48118" successfully rolled out
deployment "ms-4829" successfully rolled out
deployment "ms-51685" successfully rolled out
deployment "ms-52379" successfully rolled out
deployment "ms-55394" successfully rolled out
deployment "ms-58436" successfully rolled out
deployment "ms-58772" successfully rolled out
deployment "ms-59962" successfully rolled out
deployment "ms-60061" successfully rolled out
deployment "ms-6323" successfully rolled out
deployment "ms-65741" successfully rolled out
deployment "ms-66473" successfully rolled out
deployment "ms-69188" successfully rolled out
deployment "ms-69614" successfully rolled out
deployment "ms-9081" successfully rolled out
deployment "nginx-web-server" successfully rolled out
deployment "unknown" successfully rolled out
ENTRY_POINT: nginx-web-server
SERVICE_A_URL: 10.96.247.22:50051
Capacity: 10000
Metadata: timestamp={{.TimestampUnix}}
Metadata: method=S_149998854
Metadata: request-id={{.RequestNumber}}
Charon Configurations:
[{INTERCEPT breakwaterd} {PRICE_UPDATE_RATE 10ms} {TOKEN_UPDATE_RATE 10ms} {LATENCY_THRESHOLD 100us} {PRICE_STEP 0} {PRICE_STRATEGY step} {LAZY_UPDATE false} {RATE_LIMITING true} {LOAD_SHEDDING true} {CHARON_TRACK_PRICE false} {BREAKWATER_SLO 21017us} {BREAKWATER_A 4.704134317981329} {BREAKWATER_B 3.150630340955195} {BREAKWATER_CLIENT_EXPIRATION 1418us} {BREAKWATER_INITIAL_CREDIT 285} {BREAKWATER_LOAD_SHEDDING true} {BREAKWATER_RTT 6393us} {BREAKWATERD_SLO 47257us} {BREAKWATERD_A 2.7865797959759404} {BREAKWATERD_B 2.4421721476293747} {BREAKWATERD_CLIENT_EXPIRATION 52312us} {BREAKWATERD_INITIAL_CREDIT 2482} {BREAKWATERD_LOAD_SHEDDING true} {BREAKWATERD_RTT 9548us} {DAGOR_QUEUING_THRESHOLD 2ms} {DAGOR_ALPHA 0.05} {DAGOR_BETA 0.01} {DAGOR_ADMISSION_LEVEL_UPDATE_INTERVAL 10ms} {DAGOR_UMAX 20}]

Summary:
  Count:	92089
  Total:	25.00 s
  Slowest:	949.26 ms
  Fastest:	111.42 ms
  Average:	178.87 ms
  Requests/sec:	3683.94

Response time histogram:
  111.418 [1]     |
  195.202 [13358] |∎∎∎∎∎∎∎∎∎∎∎∎∎∎∎∎∎∎∎∎∎∎∎∎∎∎∎∎∎∎∎∎∎∎∎∎
  278.986 [14646] |∎∎∎∎∎∎∎∎∎∎∎∎∎∎∎∎∎∎∎∎∎∎∎∎∎∎∎∎∎∎∎∎∎∎∎∎∎∎∎∎
  362.771 [11695] |∎∎∎∎∎∎∎∎∎∎∎∎∎∎∎∎∎∎∎∎∎∎∎∎∎∎∎∎∎∎∎∎
  446.555 [3899]  |∎∎∎∎∎∎∎∎∎∎∎
  530.339 [1403]  |∎∎∎∎
  614.123 [1033]  |∎∎∎
  697.908 [505]   |∎
  781.692 [563]   |∎∎
  865.476 [450]   |∎
  949.260 [45]    |

Latency distribution:
  10 % in 116.09 ms 
  25 % in 182.16 ms 
  50 % in 254.26 ms 
  75 % in 331.28 ms 
  90 % in 407.40 ms 
  95 % in 547.31 ms 
  99 % in 785.55 ms 

Status code distribution:
  [Canceled]            822 responses     
  [OK]                  47598 responses   
  [ResourceExhausted]   43669 responses   

Error distribution:
  [23287]   rpc error: code = ResourceExhausted desc = Client id b172d8d4-e37c-492f-bbce-aac2492efbcc request expired in queue.   
  [6738]    rpc error: code = ResourceExhausted desc = Client id cd04c3bd-3aea-4211-93f8-9bfa2915a6e5 request expired in queue.   
  [8143]    rpc error: code = ResourceExhausted desc = Client id 11c6505a-d658-4bec-9171-aa179cf6625d request expired in queue.   
  [4499]    rpc error: code = ResourceExhausted desc = Server-side queuing delay is beyond AQM threshold                          
  [30]      rpc error: code = ResourceExhausted desc = Client id 29dc55c8-2993-45c2-b872-6d536d14934f request expired in queue.   
  [948]     rpc error: code = ResourceExhausted desc = Client id 2a315eb2-76e7-4b22-9318-81aad66382dc request expired in queue.   
  [24]      rpc error: code = ResourceExhausted desc = Client id 10fa6ba2-2c36-4a94-942a-3bcce1c4c530 request expired in queue.   
  [822]     rpc error: code = Canceled desc = grpc: the client connection is closing                                              

Debug: Checking Namespace=default, Pod=ms-10090-6454f977fd-dlv54 for Target File=deathstar_*.output
Namespace: default, Pod: ms-10090-6454f977fd-dlv54 has the target files.
Copying deathstar_ms-10090.output to deathstar_ms-10090.output
tar: removing leading '/' from member names
Debug: Checking Namespace=default, Pod=ms-13558-b48bb5d9d-2l86n for Target File=deathstar_*.output
Namespace: default, Pod: ms-13558-b48bb5d9d-2l86n has the target files.
Copying deathstar_ms-13558.output to deathstar_ms-13558.output
tar: removing leading '/' from member names
Debug: Checking Namespace=default, Pod=ms-18330-759d9cf49c-4j4t9 for Target File=deathstar_*.output
Namespace: default, Pod: ms-18330-759d9cf49c-4j4t9 has the target files.
Copying deathstar_ms-18330.output to deathstar_ms-18330.output
tar: removing leading '/' from member names
Debug: Checking Namespace=default, Pod=ms-19585-6f995cfcbf-lx5m9 for Target File=deathstar_*.output
Namespace: default, Pod: ms-19585-6f995cfcbf-lx5m9 has the target files.
Copying deathstar_ms-19585.output to deathstar_ms-19585.output
tar: removing leading '/' from member names
Debug: Checking Namespace=default, Pod=ms-20172-59d5485464-wcgmx for Target File=deathstar_*.output
Namespace: default, Pod: ms-20172-59d5485464-wcgmx has the target files.
Copying deathstar_ms-20172.output to deathstar_ms-20172.output
tar: removing leading '/' from member names
Debug: Checking Namespace=default, Pod=ms-22893-576fd5f9f6-6mkjz for Target File=deathstar_*.output
Namespace: default, Pod: ms-22893-576fd5f9f6-6mkjz has the target files.
Copying deathstar_ms-22893.output to deathstar_ms-22893.output
tar: removing leading '/' from member names
Debug: Checking Namespace=default, Pod=ms-24009-67dbf5b976-nsp2q for Target File=deathstar_*.output
Namespace: default, Pod: ms-24009-67dbf5b976-nsp2q has the target files.
Copying deathstar_ms-24009.output to deathstar_ms-24009.output
tar: removing leading '/' from member names
Debug: Checking Namespace=default, Pod=ms-24959-99f8bbf9-64bgb for Target File=deathstar_*.output
Namespace: default, Pod: ms-24959-99f8bbf9-64bgb has the target files.
Copying deathstar_ms-24959.output to deathstar_ms-24959.output
tar: removing leading '/' from member names
Debug: Checking Namespace=default, Pod=ms-26622-66fdf7d64f-487xj for Target File=deathstar_*.output
Namespace: default, Pod: ms-26622-66fdf7d64f-487xj has the target files.
Copying deathstar_ms-26622.output to deathstar_ms-26622.output
tar: removing leading '/' from member names
Debug: Checking Namespace=default, Pod=ms-27421-64f549855c-8xtgh for Target File=deathstar_*.output
Namespace: default, Pod: ms-27421-64f549855c-8xtgh has the target files.
Copying deathstar_ms-27421.output to deathstar_ms-27421.output
tar: removing leading '/' from member names
Debug: Checking Namespace=default, Pod=ms-29373-8467f7db44-bvlgg for Target File=deathstar_*.output
Namespace: default, Pod: ms-29373-8467f7db44-bvlgg has the target files.
Copying deathstar_ms-29373.output to deathstar_ms-29373.output
tar: removing leading '/' from member names
Debug: Checking Namespace=default, Pod=ms-32301-c5654bbc5-8mhqb for Target File=deathstar_*.output
Namespace: default, Pod: ms-32301-c5654bbc5-8mhqb has the target files.
Copying deathstar_ms-32301.output to deathstar_ms-32301.output
tar: removing leading '/' from member names
Debug: Checking Namespace=default, Pod=ms-3289-587dbd96bf-m55zz for Target File=deathstar_*.output
Namespace: default, Pod: ms-3289-587dbd96bf-m55zz has the target files.
Copying deathstar_ms-3289.output to deathstar_ms-3289.output
tar: removing leading '/' from member names
Debug: Checking Namespace=default, Pod=ms-37691-6dc6cd6744-tv29f for Target File=deathstar_*.output
Namespace: default, Pod: ms-37691-6dc6cd6744-tv29f has the target files.
Copying deathstar_ms-37691.output to deathstar_ms-37691.output
tar: removing leading '/' from member names
Debug: Checking Namespace=default, Pod=ms-38964-5b647cdbd-szmsg for Target File=deathstar_*.output
Namespace: default, Pod: ms-38964-5b647cdbd-szmsg has the target files.
Copying deathstar_ms-38964.output to deathstar_ms-38964.output
tar: removing leading '/' from member names
Debug: Checking Namespace=default, Pod=ms-40147-cd867585-9jvdz for Target File=deathstar_*.output
Namespace: default, Pod: ms-40147-cd867585-9jvdz has the target files.
Copying deathstar_ms-40147.output to deathstar_ms-40147.output
tar: removing leading '/' from member names
Debug: Checking Namespace=default, Pod=ms-48118-ff7b99cc9-fmvbz for Target File=deathstar_*.output
Namespace: default, Pod: ms-48118-ff7b99cc9-fmvbz has the target files.
Copying deathstar_ms-48118.output to deathstar_ms-48118.output
tar: removing leading '/' from member names
Debug: Checking Namespace=default, Pod=ms-4829-669557b66c-7vs6z for Target File=deathstar_*.output
Namespace: default, Pod: ms-4829-669557b66c-7vs6z has the target files.
Copying deathstar_ms-4829.output to deathstar_ms-4829.output
tar: removing leading '/' from member names
Debug: Checking Namespace=default, Pod=ms-51685-79858c784f-7tq4k for Target File=deathstar_*.output
Namespace: default, Pod: ms-51685-79858c784f-7tq4k has the target files.
Copying deathstar_ms-51685.output to deathstar_ms-51685.output
tar: removing leading '/' from member names
Debug: Checking Namespace=default, Pod=ms-52379-57c6cdd54b-92t5w for Target File=deathstar_*.output
Namespace: default, Pod: ms-52379-57c6cdd54b-92t5w has the target files.
Copying deathstar_ms-52379.output to deathstar_ms-52379.output
tar: removing leading '/' from member names
Debug: Checking Namespace=default, Pod=ms-55394-6f999f5df9-fn5lx for Target File=deathstar_*.output
Namespace: default, Pod: ms-55394-6f999f5df9-fn5lx has the target files.
Copying deathstar_ms-55394.output to deathstar_ms-55394.output
tar: removing leading '/' from member names
Debug: Checking Namespace=default, Pod=ms-58436-59dd96f659-spbjw for Target File=deathstar_*.output
Namespace: default, Pod: ms-58436-59dd96f659-spbjw has the target files.
Copying deathstar_ms-58436.output to deathstar_ms-58436.output
tar: removing leading '/' from member names
Debug: Checking Namespace=default, Pod=ms-58772-68ff78c966-ndfzj for Target File=deathstar_*.output
Namespace: default, Pod: ms-58772-68ff78c966-ndfzj has the target files.
Copying deathstar_ms-58772.output to deathstar_ms-58772.output
tar: removing leading '/' from member names
Debug: Checking Namespace=default, Pod=ms-59962-756b895b58-5z2xz for Target File=deathstar_*.output
Namespace: default, Pod: ms-59962-756b895b58-5z2xz has the target files.
Copying deathstar_ms-59962.output to deathstar_ms-59962.output
tar: removing leading '/' from member names
Debug: Checking Namespace=default, Pod=ms-60061-68bd84bdcd-dtjqp for Target File=deathstar_*.output
Namespace: default, Pod: ms-60061-68bd84bdcd-dtjqp has the target files.
Copying deathstar_ms-60061.output to deathstar_ms-60061.output
tar: removing leading '/' from member names
Debug: Checking Namespace=default, Pod=ms-6323-974659fcd-kchdx for Target File=deathstar_*.output
Namespace: default, Pod: ms-6323-974659fcd-kchdx has the target files.
Copying deathstar_ms-6323.output to deathstar_ms-6323.output
tar: removing leading '/' from member names
Debug: Checking Namespace=default, Pod=ms-65741-65f588bcdf-gvjwh for Target File=deathstar_*.output
Namespace: default, Pod: ms-65741-65f588bcdf-gvjwh has the target files.
Copying deathstar_ms-65741.output to deathstar_ms-65741.output
tar: removing leading '/' from member names
Debug: Checking Namespace=default, Pod=ms-66473-79c66f8bff-97tgd for Target File=deathstar_*.output
Namespace: default, Pod: ms-66473-79c66f8bff-97tgd has the target files.
Copying deathstar_ms-66473.output to deathstar_ms-66473.output
tar: removing leading '/' from member names
Debug: Checking Namespace=default, Pod=ms-69188-65c548d4cb-plcxb for Target File=deathstar_*.output
Namespace: default, Pod: ms-69188-65c548d4cb-plcxb has the target files.
Copying deathstar_ms-69188.output to deathstar_ms-69188.output
tar: removing leading '/' from member names
Debug: Checking Namespace=default, Pod=ms-69614-794bd8475-hh95k for Target File=deathstar_*.output
Namespace: default, Pod: ms-69614-794bd8475-hh95k has the target files.
Copying deathstar_ms-69614.output to deathstar_ms-69614.output
tar: removing leading '/' from member names
Debug: Checking Namespace=default, Pod=ms-9081-567985788-b2f4h for Target File=deathstar_*.output
Namespace: default, Pod: ms-9081-567985788-b2f4h has the target files.
Copying deathstar_ms-9081.output to deathstar_ms-9081.output
tar: removing leading '/' from member names
Debug: Checking Namespace=default, Pod=nginx-web-server-56557f7cb7-9ctr6 for Target File=deathstar_*.output
Namespace: default, Pod: nginx-web-server-56557f7cb7-9ctr6 has the target files.
Copying deathstar_nginx-web-server.output to deathstar_nginx-web-server.output
tar: removing leading '/' from member names
Debug: Checking Namespace=default, Pod=unknown-6ddf9bd4b5-vsp59 for Target File=deathstar_*.output
Namespace: default, Pod: unknown-6ddf9bd4b5-vsp59 has the target files.
Copying deathstar_unknown.output to deathstar_unknown.output
tar: removing leading '/' from member names
