Deployments: ms-11070
ms-11285
ms-11512
ms-1278
ms-13873
ms-19953
ms-21883
ms-25124
ms-27421
ms-2827
ms-33719
ms-37691
ms-43309
ms-4354
ms-46825
ms-60236
ms-71771
ms-8052
ms-902
nginx-web-server
deployment "ms-11070" successfully rolled out
deployment "ms-11285" successfully rolled out
deployment "ms-11512" successfully rolled out
deployment "ms-1278" successfully rolled out
deployment "ms-13873" successfully rolled out
deployment "ms-19953" successfully rolled out
deployment "ms-21883" successfully rolled out
deployment "ms-25124" successfully rolled out
deployment "ms-27421" successfully rolled out
deployment "ms-2827" successfully rolled out
deployment "ms-33719" successfully rolled out
deployment "ms-37691" successfully rolled out
deployment "ms-43309" successfully rolled out
deployment "ms-4354" successfully rolled out
deployment "ms-46825" successfully rolled out
deployment "ms-60236" successfully rolled out
deployment "ms-71771" successfully rolled out
deployment "ms-8052" successfully rolled out
deployment "ms-902" successfully rolled out
deployment "nginx-web-server" successfully rolled out
ENTRY_POINT: nginx-web-server
SERVICE_A_URL: 10.102.107.37:50051
Capacity: 10000
Metadata: request-id={{.RequestNumber}}
Metadata: timestamp={{.TimestampUnix}}
Metadata: method=S_102000854
Charon Configurations:
[{INTERCEPT charon} {PRICE_UPDATE_RATE 23773us} {TOKEN_UPDATE_RATE 12274us} {LATENCY_THRESHOLD 5691us} {PRICE_STEP 10} {PRICE_STRATEGY proportional} {LAZY_UPDATE true} {RATE_LIMITING true} {LOAD_SHEDDING true} {CHARON_TRACK_PRICE false} {BREAKWATER_SLO 12500us} {BREAKWATER_A 0.001} {BREAKWATER_B 0.02} {BREAKWATER_CLIENT_EXPIRATION 10ms} {BREAKWATER_INITIAL_CREDIT 400} {BREAKWATER_LOAD_SHEDDING true} {BREAKWATER_RTT 1000us} {BREAKWATERD_SLO 12500us} {BREAKWATERD_A 0.001} {BREAKWATERD_B 0.02} {BREAKWATERD_CLIENT_EXPIRATION 10ms} {BREAKWATERD_INITIAL_CREDIT 400} {BREAKWATERD_LOAD_SHEDDING true} {BREAKWATERD_RTT 1000us} {DAGOR_QUEUING_THRESHOLD 2ms} {DAGOR_ALPHA 0.05} {DAGOR_BETA 0.01} {DAGOR_ADMISSION_LEVEL_UPDATE_INTERVAL 10ms} {DAGOR_UMAX 20}]

Summary:
  Count:	99621
  Total:	14.83 s
  Slowest:	986.87 ms
  Fastest:	38.94 ms
  Average:	137.19 ms
  Requests/sec:	6715.67

Response time histogram:
  38.939  [1]     |
  133.732 [54556] |∎∎∎∎∎∎∎∎∎∎∎∎∎∎∎∎∎∎∎∎∎∎∎∎∎∎∎∎∎∎∎∎∎∎∎∎∎∎∎∎
  228.525 [25580] |∎∎∎∎∎∎∎∎∎∎∎∎∎∎∎∎∎∎∎
  323.318 [9187]  |∎∎∎∎∎∎∎
  418.111 [4554]  |∎∎∎
  512.904 [273]   |
  607.697 [111]   |
  702.490 [17]    |
  797.283 [23]    |
  892.076 [114]   |
  986.869 [46]    |

Latency distribution:
  10 % in 42.00 ms 
  25 % in 87.31 ms 
  50 % in 121.30 ms 
  75 % in 175.94 ms 
  90 % in 276.29 ms 
  95 % in 327.79 ms 
  99 % in 396.11 ms 

Status code distribution:
  [ResourceExhausted]   4426 responses    
  [Canceled]            733 responses     
  [OK]                  94462 responses   

Error distribution:
  [196]    rpc error: code = ResourceExhausted desc = S_102000854 req dropped by ms-25124. Try again later.           
  [3569]   rpc error: code = ResourceExhausted desc = S_102000854 req dropped by nginx-web-server. Try again later.   
  [733]    rpc error: code = Canceled desc = grpc: the client connection is closing                                   
  [433]    rpc error: code = ResourceExhausted desc = S_102000854 req dropped by ms-13873. Try again later.           
  [228]    rpc error: code = ResourceExhausted desc = S_102000854 req dropped by ms-60236. Try again later.           

Debug: Checking Namespace=default, Pod=ms-11070-7868c54f44-nzxkf for Target File=deathstar_*.output
Namespace: default, Pod: ms-11070-7868c54f44-nzxkf has the target files.
Copying deathstar_ms-11070.output to deathstar_ms-11070.output
tar: removing leading '/' from member names
Debug: Checking Namespace=default, Pod=ms-11285-67d597dc77-lkqrp for Target File=deathstar_*.output
Namespace: default, Pod: ms-11285-67d597dc77-lkqrp has the target files.
Copying deathstar_ms-11285.output to deathstar_ms-11285.output
tar: removing leading '/' from member names
Debug: Checking Namespace=default, Pod=ms-11512-75f8ddc45b-9c8s9 for Target File=deathstar_*.output
Namespace: default, Pod: ms-11512-75f8ddc45b-9c8s9 has the target files.
Copying deathstar_ms-11512.output to deathstar_ms-11512.output
tar: removing leading '/' from member names
Debug: Checking Namespace=default, Pod=ms-1278-85766ff6b8-dphd9 for Target File=deathstar_*.output
Namespace: default, Pod: ms-1278-85766ff6b8-dphd9 has the target files.
Copying deathstar_ms-1278.output to deathstar_ms-1278.output
tar: removing leading '/' from member names
Debug: Checking Namespace=default, Pod=ms-13873-85d7bb7b97-52mfc for Target File=deathstar_*.output
Namespace: default, Pod: ms-13873-85d7bb7b97-52mfc has the target files.
Copying deathstar_ms-13873.output to deathstar_ms-13873.output
tar: removing leading '/' from member names
Debug: Checking Namespace=default, Pod=ms-19953-68cc8998c5-gsrvb for Target File=deathstar_*.output
Namespace: default, Pod: ms-19953-68cc8998c5-gsrvb has the target files.
Copying deathstar_ms-19953.output to deathstar_ms-19953.output
tar: removing leading '/' from member names
Debug: Checking Namespace=default, Pod=ms-21883-f6c88c6d4-gq54b for Target File=deathstar_*.output
Namespace: default, Pod: ms-21883-f6c88c6d4-gq54b has the target files.
Copying deathstar_ms-21883.output to deathstar_ms-21883.output
tar: removing leading '/' from member names
Debug: Checking Namespace=default, Pod=ms-25124-77bd4446f5-87d57 for Target File=deathstar_*.output
Namespace: default, Pod: ms-25124-77bd4446f5-87d57 has the target files.
Copying deathstar_ms-25124.output to deathstar_ms-25124.output
tar: removing leading '/' from member names
Debug: Checking Namespace=default, Pod=ms-27421-8565974486-72ljb for Target File=deathstar_*.output
Namespace: default, Pod: ms-27421-8565974486-72ljb has the target files.
Copying deathstar_ms-27421.output to deathstar_ms-27421.output
tar: removing leading '/' from member names
Debug: Checking Namespace=default, Pod=ms-2827-5dcc6df4f4-vf8jw for Target File=deathstar_*.output
Namespace: default, Pod: ms-2827-5dcc6df4f4-vf8jw has the target files.
Copying deathstar_ms-2827.output to deathstar_ms-2827.output
tar: removing leading '/' from member names
Debug: Checking Namespace=default, Pod=ms-33719-6c455cf54c-6f5zf for Target File=deathstar_*.output
Namespace: default, Pod: ms-33719-6c455cf54c-6f5zf has the target files.
Copying deathstar_ms-33719.output to deathstar_ms-33719.output
tar: removing leading '/' from member names
Debug: Checking Namespace=default, Pod=ms-37691-b9bc44798-2zr5n for Target File=deathstar_*.output
Namespace: default, Pod: ms-37691-b9bc44798-2zr5n has the target files.
Copying deathstar_ms-37691.output to deathstar_ms-37691.output
tar: removing leading '/' from member names
Debug: Checking Namespace=default, Pod=ms-43309-54f758d465-lf6s2 for Target File=deathstar_*.output
Namespace: default, Pod: ms-43309-54f758d465-lf6s2 has the target files.
Copying deathstar_ms-43309.output to deathstar_ms-43309.output
tar: removing leading '/' from member names
Debug: Checking Namespace=default, Pod=ms-4354-669cfcbdf6-6g9sk for Target File=deathstar_*.output
Namespace: default, Pod: ms-4354-669cfcbdf6-6g9sk has the target files.
Copying deathstar_ms-4354.output to deathstar_ms-4354.output
tar: removing leading '/' from member names
Debug: Checking Namespace=default, Pod=ms-46825-58c684559d-j97kl for Target File=deathstar_*.output
Namespace: default, Pod: ms-46825-58c684559d-j97kl has the target files.
Copying deathstar_ms-46825.output to deathstar_ms-46825.output
tar: removing leading '/' from member names
Debug: Checking Namespace=default, Pod=ms-60236-64866cf49-bhk8q for Target File=deathstar_*.output
Namespace: default, Pod: ms-60236-64866cf49-bhk8q has the target files.
Copying deathstar_ms-60236.output to deathstar_ms-60236.output
tar: removing leading '/' from member names
Debug: Checking Namespace=default, Pod=ms-71771-567ddbdd95-8hh84 for Target File=deathstar_*.output
Namespace: default, Pod: ms-71771-567ddbdd95-8hh84 has the target files.
Copying deathstar_ms-71771.output to deathstar_ms-71771.output
tar: removing leading '/' from member names
Debug: Checking Namespace=default, Pod=ms-8052-b995968dc-n52hk for Target File=deathstar_*.output
Namespace: default, Pod: ms-8052-b995968dc-n52hk has the target files.
Copying deathstar_ms-8052.output to deathstar_ms-8052.output
tar: removing leading '/' from member names
Debug: Checking Namespace=default, Pod=ms-902-5744544f85-22rkc for Target File=deathstar_*.output
Namespace: default, Pod: ms-902-5744544f85-22rkc has the target files.
Copying deathstar_ms-902.output to deathstar_ms-902.output
tar: removing leading '/' from member names
Debug: Checking Namespace=default, Pod=nginx-web-server-56557f7cb7-6lhsp for Target File=deathstar_*.output
Namespace: default, Pod: nginx-web-server-56557f7cb7-6lhsp has the target files.
Copying deathstar_nginx-web-server.output to deathstar_nginx-web-server.output
tar: removing leading '/' from member names
