Deployments: ms-11070
ms-11285
ms-11512
ms-1278
ms-13873
ms-19953
ms-21883
ms-25124
ms-27421
ms-2827
ms-33719
ms-37691
ms-43309
ms-4354
ms-46825
ms-60236
ms-71771
ms-8052
ms-902
nginx-web-server
deployment "ms-11070" successfully rolled out
deployment "ms-11285" successfully rolled out
deployment "ms-11512" successfully rolled out
deployment "ms-1278" successfully rolled out
deployment "ms-13873" successfully rolled out
deployment "ms-19953" successfully rolled out
deployment "ms-21883" successfully rolled out
deployment "ms-25124" successfully rolled out
deployment "ms-27421" successfully rolled out
deployment "ms-2827" successfully rolled out
deployment "ms-33719" successfully rolled out
deployment "ms-37691" successfully rolled out
deployment "ms-43309" successfully rolled out
deployment "ms-4354" successfully rolled out
deployment "ms-46825" successfully rolled out
deployment "ms-60236" successfully rolled out
deployment "ms-71771" successfully rolled out
deployment "ms-8052" successfully rolled out
deployment "ms-902" successfully rolled out
deployment "nginx-web-server" successfully rolled out
ENTRY_POINT: nginx-web-server
SERVICE_A_URL: 10.103.137.152:50051
Capacity: 10000
Metadata: request-id={{.RequestNumber}}
Metadata: timestamp={{.TimestampUnix}}
Metadata: method=S_102000854
Charon Configurations:
[{INTERCEPT breakwaterd} {PRICE_UPDATE_RATE 10ms} {TOKEN_UPDATE_RATE 10ms} {LATENCY_THRESHOLD 100us} {PRICE_STEP 0} {PRICE_STRATEGY step} {LAZY_UPDATE false} {RATE_LIMITING true} {LOAD_SHEDDING true} {CHARON_TRACK_PRICE false} {BREAKWATER_SLO 23939us} {BREAKWATER_A 14.790032562609088} {BREAKWATER_B 2.4044960186137843} {BREAKWATER_CLIENT_EXPIRATION 4320us} {BREAKWATER_INITIAL_CREDIT 167} {BREAKWATER_LOAD_SHEDDING true} {BREAKWATER_RTT 12908us} {BREAKWATERD_SLO 37175us} {BREAKWATERD_A 9.1850325109432} {BREAKWATERD_B 1.704705800198969} {BREAKWATERD_CLIENT_EXPIRATION 16846us} {BREAKWATERD_INITIAL_CREDIT 1298} {BREAKWATERD_LOAD_SHEDDING true} {BREAKWATERD_RTT 6298us} {DAGOR_QUEUING_THRESHOLD 2ms} {DAGOR_ALPHA 0.05} {DAGOR_BETA 0.01} {DAGOR_ADMISSION_LEVEL_UPDATE_INTERVAL 10ms} {DAGOR_UMAX 20}]

Summary:
  Count:	105567
  Total:	24.92 s
  Slowest:	910.81 ms
  Fastest:	39.11 ms
  Average:	142.73 ms
  Requests/sec:	4237.03

Response time histogram:
  39.107  [1]     |
  126.278 [21334] |∎∎∎∎∎∎∎∎∎∎∎∎∎∎∎∎∎∎∎∎∎∎∎∎∎∎∎∎∎∎∎∎∎∎∎
  213.449 [24725] |∎∎∎∎∎∎∎∎∎∎∎∎∎∎∎∎∎∎∎∎∎∎∎∎∎∎∎∎∎∎∎∎∎∎∎∎∎∎∎∎
  300.619 [14846] |∎∎∎∎∎∎∎∎∎∎∎∎∎∎∎∎∎∎∎∎∎∎∎∎
  387.790 [5777]  |∎∎∎∎∎∎∎∎∎
  474.961 [1002]  |∎∎
  562.131 [49]    |
  649.302 [0]     |
  736.473 [35]    |
  823.644 [78]    |
  910.814 [92]    |

Latency distribution:
  10 % in 42.55 ms 
  25 % in 97.69 ms 
  50 % in 177.21 ms 
  75 % in 234.81 ms 
  90 % in 303.32 ms 
  95 % in 347.45 ms 
  99 % in 410.03 ms 

Status code distribution:
  [Canceled]            612 responses     
  [OK]                  67939 responses   
  [ResourceExhausted]   37016 responses   

Error distribution:
  [6973]   rpc error: code = ResourceExhausted desc = Client id ffe1ef8a-383d-4ac7-be4d-453e9820556e request expired in queue.   
  [3916]   rpc error: code = ResourceExhausted desc = Client id 08c7729b-78db-401f-92bf-060f3ed25b0b request expired in queue.   
  [113]    rpc error: code = ResourceExhausted desc = Client id eeb54c02-a6d0-43ba-a814-89d6823249d1 request expired in queue.   
  [554]    rpc error: code = ResourceExhausted desc = Client id 5b8001ed-4536-4722-be27-9255dabe0540 request expired in queue.   
  [239]    rpc error: code = ResourceExhausted desc = Client id 046f8ec8-d94f-400f-b975-09d0f69b556e request expired in queue.   
  [794]    rpc error: code = ResourceExhausted desc = Client id 049a5a9b-8420-49ca-8c8f-c55fd8c95aa6 request expired in queue.   
  [552]    rpc error: code = ResourceExhausted desc = Client id c39c9575-74e7-4a66-8ee9-26601361698b request expired in queue.   
  [163]    rpc error: code = ResourceExhausted desc = Client id f15c0e06-6598-489f-97db-9da0822b671e request expired in queue.   
  [9971]   rpc error: code = ResourceExhausted desc = Client id ff7e2d59-3b50-4b0a-817b-171187950aa1 request expired in queue.   
  [3975]   rpc error: code = ResourceExhausted desc = Server-side queuing delay is beyond AQM threshold                          
  [93]     rpc error: code = ResourceExhausted desc = Client id 0cb79853-f42d-48ac-91c4-6325866e442a request expired in queue.   
  [951]    rpc error: code = ResourceExhausted desc = Client id 599996fb-605f-46cb-b4d4-3c48e350d9f4 request expired in queue.   
  [332]    rpc error: code = ResourceExhausted desc = Client id e69793fe-e936-4417-aae3-d255612430e6 request expired in queue.   
  [462]    rpc error: code = ResourceExhausted desc = Client id 9b3770d8-d241-484e-92ea-e1a690e4149b request expired in queue.   
  [7041]   rpc error: code = ResourceExhausted desc = Client id c3132f18-1765-4287-a0a6-9f2e135e9a57 request expired in queue.   
  [244]    rpc error: code = ResourceExhausted desc = Client id 41edd5a7-52f5-4333-83b6-fa50980f71fe request expired in queue.   
  [142]    rpc error: code = ResourceExhausted desc = Client id aedba425-93ca-49e4-960c-2f1fd86f35a0 request expired in queue.   
  [191]    rpc error: code = ResourceExhausted desc = Client id a185cc3d-2b5f-4bad-b478-056fbbf9a6c9 request expired in queue.   
  [310]    rpc error: code = ResourceExhausted desc = Client id 78415702-02d9-4fec-bbfc-fe92e96e789a request expired in queue.   
  [612]    rpc error: code = Canceled desc = grpc: the client connection is closing                                              

Debug: Checking Namespace=default, Pod=ms-11070-7868c54f44-djr9j for Target File=deathstar_*.output
Namespace: default, Pod: ms-11070-7868c54f44-djr9j has the target files.
Copying deathstar_ms-11070.output to deathstar_ms-11070.output
tar: removing leading '/' from member names
Debug: Checking Namespace=default, Pod=ms-11285-67d597dc77-jgnbd for Target File=deathstar_*.output
Namespace: default, Pod: ms-11285-67d597dc77-jgnbd has the target files.
Copying deathstar_ms-11285.output to deathstar_ms-11285.output
tar: removing leading '/' from member names
Debug: Checking Namespace=default, Pod=ms-11512-75f8ddc45b-2zn58 for Target File=deathstar_*.output
Namespace: default, Pod: ms-11512-75f8ddc45b-2zn58 has the target files.
Copying deathstar_ms-11512.output to deathstar_ms-11512.output
tar: removing leading '/' from member names
Debug: Checking Namespace=default, Pod=ms-1278-85766ff6b8-q9sfk for Target File=deathstar_*.output
Namespace: default, Pod: ms-1278-85766ff6b8-q9sfk has the target files.
Copying deathstar_ms-1278.output to deathstar_ms-1278.output
tar: removing leading '/' from member names
Debug: Checking Namespace=default, Pod=ms-13873-85d7bb7b97-fd4l9 for Target File=deathstar_*.output
Namespace: default, Pod: ms-13873-85d7bb7b97-fd4l9 has the target files.
Copying deathstar_ms-13873.output to deathstar_ms-13873.output
tar: removing leading '/' from member names
Debug: Checking Namespace=default, Pod=ms-19953-68cc8998c5-xcrwt for Target File=deathstar_*.output
Namespace: default, Pod: ms-19953-68cc8998c5-xcrwt has the target files.
Copying deathstar_ms-19953.output to deathstar_ms-19953.output
tar: removing leading '/' from member names
Debug: Checking Namespace=default, Pod=ms-21883-f6c88c6d4-dfppd for Target File=deathstar_*.output
Namespace: default, Pod: ms-21883-f6c88c6d4-dfppd has the target files.
Copying deathstar_ms-21883.output to deathstar_ms-21883.output
tar: removing leading '/' from member names
Debug: Checking Namespace=default, Pod=ms-25124-77bd4446f5-p8fjk for Target File=deathstar_*.output
Namespace: default, Pod: ms-25124-77bd4446f5-p8fjk has the target files.
Copying deathstar_ms-25124.output to deathstar_ms-25124.output
tar: removing leading '/' from member names
Debug: Checking Namespace=default, Pod=ms-27421-8565974486-9bvwj for Target File=deathstar_*.output
Namespace: default, Pod: ms-27421-8565974486-9bvwj has the target files.
Copying deathstar_ms-27421.output to deathstar_ms-27421.output
tar: removing leading '/' from member names
Debug: Checking Namespace=default, Pod=ms-2827-5dcc6df4f4-g98vk for Target File=deathstar_*.output
Namespace: default, Pod: ms-2827-5dcc6df4f4-g98vk has the target files.
Copying deathstar_ms-2827.output to deathstar_ms-2827.output
tar: removing leading '/' from member names
Debug: Checking Namespace=default, Pod=ms-33719-6c455cf54c-hs7r6 for Target File=deathstar_*.output
Namespace: default, Pod: ms-33719-6c455cf54c-hs7r6 has the target files.
Copying deathstar_ms-33719.output to deathstar_ms-33719.output
tar: removing leading '/' from member names
Debug: Checking Namespace=default, Pod=ms-37691-b9bc44798-kz988 for Target File=deathstar_*.output
Namespace: default, Pod: ms-37691-b9bc44798-kz988 has the target files.
Copying deathstar_ms-37691.output to deathstar_ms-37691.output
tar: removing leading '/' from member names
Debug: Checking Namespace=default, Pod=ms-43309-54f758d465-jdrmz for Target File=deathstar_*.output
Namespace: default, Pod: ms-43309-54f758d465-jdrmz has the target files.
Copying deathstar_ms-43309.output to deathstar_ms-43309.output
tar: removing leading '/' from member names
Debug: Checking Namespace=default, Pod=ms-4354-669cfcbdf6-5h4ts for Target File=deathstar_*.output
Namespace: default, Pod: ms-4354-669cfcbdf6-5h4ts has the target files.
Copying deathstar_ms-4354.output to deathstar_ms-4354.output
tar: removing leading '/' from member names
Debug: Checking Namespace=default, Pod=ms-46825-58c684559d-z5xbn for Target File=deathstar_*.output
Namespace: default, Pod: ms-46825-58c684559d-z5xbn has the target files.
Copying deathstar_ms-46825.output to deathstar_ms-46825.output
tar: removing leading '/' from member names
Debug: Checking Namespace=default, Pod=ms-60236-64866cf49-fskr9 for Target File=deathstar_*.output
Namespace: default, Pod: ms-60236-64866cf49-fskr9 has the target files.
Copying deathstar_ms-60236.output to deathstar_ms-60236.output
tar: removing leading '/' from member names
Debug: Checking Namespace=default, Pod=ms-71771-567ddbdd95-zd6c5 for Target File=deathstar_*.output
Namespace: default, Pod: ms-71771-567ddbdd95-zd6c5 has the target files.
Copying deathstar_ms-71771.output to deathstar_ms-71771.output
tar: removing leading '/' from member names
Debug: Checking Namespace=default, Pod=ms-8052-b995968dc-2pf4k for Target File=deathstar_*.output
Namespace: default, Pod: ms-8052-b995968dc-2pf4k has the target files.
Copying deathstar_ms-8052.output to deathstar_ms-8052.output
tar: removing leading '/' from member names
Debug: Checking Namespace=default, Pod=ms-902-5744544f85-mwxmk for Target File=deathstar_*.output
Namespace: default, Pod: ms-902-5744544f85-mwxmk has the target files.
Copying deathstar_ms-902.output to deathstar_ms-902.output
tar: removing leading '/' from member names
Debug: Checking Namespace=default, Pod=nginx-web-server-56557f7cb7-jd52g for Target File=deathstar_*.output
Namespace: default, Pod: nginx-web-server-56557f7cb7-jd52g has the target files.
Copying deathstar_nginx-web-server.output to deathstar_nginx-web-server.output
tar: removing leading '/' from member names
