Deployments: ms-10090
ms-13558
ms-18330
ms-19585
ms-20172
ms-22893
ms-24009
ms-24959
ms-26622
ms-27421
ms-29373
ms-32301
ms-3289
ms-37691
ms-38964
ms-40147
ms-48118
ms-4829
ms-51685
ms-52379
ms-55394
ms-58436
ms-58772
ms-59962
ms-60061
ms-6323
ms-65741
ms-66473
ms-69188
ms-69614
ms-9081
nginx-web-server
unknown
deployment "ms-10090" successfully rolled out
deployment "ms-13558" successfully rolled out
deployment "ms-18330" successfully rolled out
deployment "ms-19585" successfully rolled out
deployment "ms-20172" successfully rolled out
deployment "ms-22893" successfully rolled out
deployment "ms-24009" successfully rolled out
deployment "ms-24959" successfully rolled out
deployment "ms-26622" successfully rolled out
deployment "ms-27421" successfully rolled out
deployment "ms-29373" successfully rolled out
deployment "ms-32301" successfully rolled out
deployment "ms-3289" successfully rolled out
deployment "ms-37691" successfully rolled out
deployment "ms-38964" successfully rolled out
deployment "ms-40147" successfully rolled out
deployment "ms-48118" successfully rolled out
deployment "ms-4829" successfully rolled out
deployment "ms-51685" successfully rolled out
deployment "ms-52379" successfully rolled out
deployment "ms-55394" successfully rolled out
deployment "ms-58436" successfully rolled out
deployment "ms-58772" successfully rolled out
deployment "ms-59962" successfully rolled out
deployment "ms-60061" successfully rolled out
deployment "ms-6323" successfully rolled out
deployment "ms-65741" successfully rolled out
deployment "ms-66473" successfully rolled out
deployment "ms-69188" successfully rolled out
deployment "ms-69614" successfully rolled out
deployment "ms-9081" successfully rolled out
deployment "nginx-web-server" successfully rolled out
deployment "unknown" successfully rolled out
ENTRY_POINT: nginx-web-server
SERVICE_A_URL: 10.111.97.175:50051
Capacity: 10000
Metadata: request-id={{.RequestNumber}}
Metadata: timestamp={{.TimestampUnix}}
Metadata: method=S_149998854
Charon Configurations:
[{INTERCEPT breakwater} {PRICE_UPDATE_RATE 10ms} {TOKEN_UPDATE_RATE 10ms} {LATENCY_THRESHOLD 100us} {PRICE_STEP 0} {PRICE_STRATEGY step} {LAZY_UPDATE false} {RATE_LIMITING true} {LOAD_SHEDDING true} {CHARON_TRACK_PRICE false} {BREAKWATER_SLO 19318us} {BREAKWATER_A 15.166390757724063} {BREAKWATER_B 0.40750021650226187} {BREAKWATER_CLIENT_EXPIRATION 1167us} {BREAKWATER_INITIAL_CREDIT 1170} {BREAKWATER_LOAD_SHEDDING true} {BREAKWATER_RTT 15333us} {BREAKWATERD_SLO 12500us} {BREAKWATERD_A 0.001} {BREAKWATERD_B 0.02} {BREAKWATERD_CLIENT_EXPIRATION 10ms} {BREAKWATERD_INITIAL_CREDIT 400} {BREAKWATERD_LOAD_SHEDDING true} {BREAKWATERD_RTT 1000us} {DAGOR_QUEUING_THRESHOLD 2ms} {DAGOR_ALPHA 0.05} {DAGOR_BETA 0.01} {DAGOR_ADMISSION_LEVEL_UPDATE_INTERVAL 10ms} {DAGOR_UMAX 20}]

Summary:
  Count:	108825
  Total:	24.99 s
  Slowest:	1.01 s
  Fastest:	110.89 ms
  Average:	667.75 ms
  Requests/sec:	4353.96

Response time histogram:
  110.888  [1]     |
  200.877  [11330] |∎∎∎∎∎∎∎∎∎∎∎∎∎∎∎∎∎∎∎∎∎∎∎∎∎∎∎∎∎∎∎∎∎∎∎∎∎∎∎∎
  290.867  [194]   |∎
  380.856  [308]   |∎
  470.846  [460]   |∎∎
  560.835  [791]   |∎∎∎
  650.824  [759]   |∎∎∎
  740.814  [838]   |∎∎∎
  830.803  [1056]  |∎∎∎∎
  920.793  [755]   |∎∎∎
  1010.782 [1212]  |∎∎∎∎

Latency distribution:
  10 % in 112.51 ms 
  25 % in 113.70 ms 
  50 % in 118.03 ms 
  75 % in 594.46 ms 
  90 % in 857.22 ms 
  95 % in 950.01 ms 
  99 % in 992.88 ms 

Status code distribution:
  [DeadlineExceeded]    61062 responses   
  [Canceled]            8083 responses    
  [OK]                  17704 responses   
  [ResourceExhausted]   21976 responses   

Error distribution:
  [21976]   rpc error: code = ResourceExhausted desc = Server-side queuing delay is beyond AQM threshold   
  [61062]   rpc error: code = DeadlineExceeded desc = context deadline exceeded                            
  [8083]    rpc error: code = Canceled desc = grpc: the client connection is closing                       

Debug: Checking Namespace=default, Pod=ms-10090-6454f977fd-6fhjr for Target File=deathstar_*.output
Namespace: default, Pod: ms-10090-6454f977fd-6fhjr has the target files.
Copying deathstar_ms-10090.output to deathstar_ms-10090.output
tar: removing leading '/' from member names
Debug: Checking Namespace=default, Pod=ms-13558-b48bb5d9d-5nhrq for Target File=deathstar_*.output
Namespace: default, Pod: ms-13558-b48bb5d9d-5nhrq has the target files.
Copying deathstar_ms-13558.output to deathstar_ms-13558.output
tar: removing leading '/' from member names
Debug: Checking Namespace=default, Pod=ms-18330-759d9cf49c-8f74d for Target File=deathstar_*.output
Namespace: default, Pod: ms-18330-759d9cf49c-8f74d has the target files.
Copying deathstar_ms-18330.output to deathstar_ms-18330.output
tar: removing leading '/' from member names
Debug: Checking Namespace=default, Pod=ms-19585-6f995cfcbf-x79lv for Target File=deathstar_*.output
Namespace: default, Pod: ms-19585-6f995cfcbf-x79lv has the target files.
Copying deathstar_ms-19585.output to deathstar_ms-19585.output
tar: removing leading '/' from member names
Debug: Checking Namespace=default, Pod=ms-20172-59d5485464-bh8sc for Target File=deathstar_*.output
Namespace: default, Pod: ms-20172-59d5485464-bh8sc has the target files.
Copying deathstar_ms-20172.output to deathstar_ms-20172.output
tar: removing leading '/' from member names
Debug: Checking Namespace=default, Pod=ms-22893-576fd5f9f6-plrbj for Target File=deathstar_*.output
Namespace: default, Pod: ms-22893-576fd5f9f6-plrbj has the target files.
Copying deathstar_ms-22893.output to deathstar_ms-22893.output
tar: removing leading '/' from member names
Debug: Checking Namespace=default, Pod=ms-24009-67dbf5b976-2xbnn for Target File=deathstar_*.output
Namespace: default, Pod: ms-24009-67dbf5b976-2xbnn has the target files.
Copying deathstar_ms-24009.output to deathstar_ms-24009.output
tar: removing leading '/' from member names
Debug: Checking Namespace=default, Pod=ms-24959-99f8bbf9-jtcph for Target File=deathstar_*.output
Namespace: default, Pod: ms-24959-99f8bbf9-jtcph has the target files.
Copying deathstar_ms-24959.output to deathstar_ms-24959.output
tar: removing leading '/' from member names
Debug: Checking Namespace=default, Pod=ms-26622-66fdf7d64f-s2wll for Target File=deathstar_*.output
Namespace: default, Pod: ms-26622-66fdf7d64f-s2wll has the target files.
Copying deathstar_ms-26622.output to deathstar_ms-26622.output
tar: removing leading '/' from member names
Debug: Checking Namespace=default, Pod=ms-27421-64f549855c-tf6qh for Target File=deathstar_*.output
Namespace: default, Pod: ms-27421-64f549855c-tf6qh has the target files.
Copying deathstar_ms-27421.output to deathstar_ms-27421.output
tar: removing leading '/' from member names
Debug: Checking Namespace=default, Pod=ms-29373-8467f7db44-prgkv for Target File=deathstar_*.output
Namespace: default, Pod: ms-29373-8467f7db44-prgkv has the target files.
Copying deathstar_ms-29373.output to deathstar_ms-29373.output
tar: removing leading '/' from member names
Debug: Checking Namespace=default, Pod=ms-32301-c5654bbc5-wzhc8 for Target File=deathstar_*.output
Namespace: default, Pod: ms-32301-c5654bbc5-wzhc8 has the target files.
Copying deathstar_ms-32301.output to deathstar_ms-32301.output
tar: removing leading '/' from member names
Debug: Checking Namespace=default, Pod=ms-3289-587dbd96bf-nl4wj for Target File=deathstar_*.output
Namespace: default, Pod: ms-3289-587dbd96bf-nl4wj has the target files.
Copying deathstar_ms-3289.output to deathstar_ms-3289.output
tar: removing leading '/' from member names
Debug: Checking Namespace=default, Pod=ms-37691-6dc6cd6744-djlmb for Target File=deathstar_*.output
Namespace: default, Pod: ms-37691-6dc6cd6744-djlmb has the target files.
Copying deathstar_ms-37691.output to deathstar_ms-37691.output
tar: removing leading '/' from member names
Debug: Checking Namespace=default, Pod=ms-38964-5b647cdbd-k4jlj for Target File=deathstar_*.output
Namespace: default, Pod: ms-38964-5b647cdbd-k4jlj has the target files.
Copying deathstar_ms-38964.output to deathstar_ms-38964.output
tar: removing leading '/' from member names
Debug: Checking Namespace=default, Pod=ms-40147-cd867585-gwqhc for Target File=deathstar_*.output
Namespace: default, Pod: ms-40147-cd867585-gwqhc has the target files.
Copying deathstar_ms-40147.output to deathstar_ms-40147.output
tar: removing leading '/' from member names
Debug: Checking Namespace=default, Pod=ms-48118-ff7b99cc9-mp2hd for Target File=deathstar_*.output
Namespace: default, Pod: ms-48118-ff7b99cc9-mp2hd has the target files.
Copying deathstar_ms-48118.output to deathstar_ms-48118.output
tar: removing leading '/' from member names
Debug: Checking Namespace=default, Pod=ms-4829-669557b66c-g6fvx for Target File=deathstar_*.output
Namespace: default, Pod: ms-4829-669557b66c-g6fvx has the target files.
Copying deathstar_ms-4829.output to deathstar_ms-4829.output
tar: removing leading '/' from member names
Debug: Checking Namespace=default, Pod=ms-51685-79858c784f-f29nx for Target File=deathstar_*.output
Namespace: default, Pod: ms-51685-79858c784f-f29nx has the target files.
Copying deathstar_ms-51685.output to deathstar_ms-51685.output
tar: removing leading '/' from member names
Debug: Checking Namespace=default, Pod=ms-52379-57c6cdd54b-ffnll for Target File=deathstar_*.output
Namespace: default, Pod: ms-52379-57c6cdd54b-ffnll has the target files.
Copying deathstar_ms-52379.output to deathstar_ms-52379.output
tar: removing leading '/' from member names
Debug: Checking Namespace=default, Pod=ms-55394-6f999f5df9-qvvs6 for Target File=deathstar_*.output
Namespace: default, Pod: ms-55394-6f999f5df9-qvvs6 has the target files.
Copying deathstar_ms-55394.output to deathstar_ms-55394.output
tar: removing leading '/' from member names
Debug: Checking Namespace=default, Pod=ms-58436-59dd96f659-bn2hs for Target File=deathstar_*.output
Namespace: default, Pod: ms-58436-59dd96f659-bn2hs has the target files.
Copying deathstar_ms-58436.output to deathstar_ms-58436.output
tar: removing leading '/' from member names
Debug: Checking Namespace=default, Pod=ms-58772-68ff78c966-v5gmn for Target File=deathstar_*.output
Namespace: default, Pod: ms-58772-68ff78c966-v5gmn has the target files.
Copying deathstar_ms-58772.output to deathstar_ms-58772.output
tar: removing leading '/' from member names
Debug: Checking Namespace=default, Pod=ms-59962-756b895b58-sczgd for Target File=deathstar_*.output
Namespace: default, Pod: ms-59962-756b895b58-sczgd has the target files.
Copying deathstar_ms-59962.output to deathstar_ms-59962.output
tar: removing leading '/' from member names
Debug: Checking Namespace=default, Pod=ms-60061-68bd84bdcd-8hnjp for Target File=deathstar_*.output
Namespace: default, Pod: ms-60061-68bd84bdcd-8hnjp has the target files.
Copying deathstar_ms-60061.output to deathstar_ms-60061.output
tar: removing leading '/' from member names
Debug: Checking Namespace=default, Pod=ms-6323-974659fcd-tz4lp for Target File=deathstar_*.output
Namespace: default, Pod: ms-6323-974659fcd-tz4lp has the target files.
Copying deathstar_ms-6323.output to deathstar_ms-6323.output
tar: removing leading '/' from member names
Debug: Checking Namespace=default, Pod=ms-65741-65f588bcdf-rcpv2 for Target File=deathstar_*.output
Namespace: default, Pod: ms-65741-65f588bcdf-rcpv2 has the target files.
Copying deathstar_ms-65741.output to deathstar_ms-65741.output
tar: removing leading '/' from member names
Debug: Checking Namespace=default, Pod=ms-66473-79c66f8bff-vqr4g for Target File=deathstar_*.output
Namespace: default, Pod: ms-66473-79c66f8bff-vqr4g has the target files.
Copying deathstar_ms-66473.output to deathstar_ms-66473.output
tar: removing leading '/' from member names
Debug: Checking Namespace=default, Pod=ms-69188-65c548d4cb-pjss2 for Target File=deathstar_*.output
Namespace: default, Pod: ms-69188-65c548d4cb-pjss2 has the target files.
Copying deathstar_ms-69188.output to deathstar_ms-69188.output
tar: removing leading '/' from member names
Debug: Checking Namespace=default, Pod=ms-69614-794bd8475-p2jl4 for Target File=deathstar_*.output
Namespace: default, Pod: ms-69614-794bd8475-p2jl4 has the target files.
Copying deathstar_ms-69614.output to deathstar_ms-69614.output
tar: removing leading '/' from member names
Debug: Checking Namespace=default, Pod=ms-9081-567985788-n2k22 for Target File=deathstar_*.output
Namespace: default, Pod: ms-9081-567985788-n2k22 has the target files.
Copying deathstar_ms-9081.output to deathstar_ms-9081.output
tar: removing leading '/' from member names
Debug: Checking Namespace=default, Pod=nginx-web-server-56557f7cb7-tnwtg for Target File=deathstar_*.output
Namespace: default, Pod: nginx-web-server-56557f7cb7-tnwtg has the target files.
Copying deathstar_nginx-web-server.output to deathstar_nginx-web-server.output
tar: removing leading '/' from member names
Debug: Checking Namespace=default, Pod=unknown-6ddf9bd4b5-j7985 for Target File=deathstar_*.output
Namespace: default, Pod: unknown-6ddf9bd4b5-j7985 has the target files.
Copying deathstar_unknown.output to deathstar_unknown.output
tar: removing leading '/' from member names
