Deployments: ms-10090
ms-13558
ms-18330
ms-19585
ms-20172
ms-22893
ms-24009
ms-24959
ms-26622
ms-27421
ms-29373
ms-32301
ms-3289
ms-37691
ms-38964
ms-40147
ms-48118
ms-4829
ms-51685
ms-52379
ms-55394
ms-58436
ms-58772
ms-59962
ms-60061
ms-6323
ms-65741
ms-66473
ms-69188
ms-69614
ms-9081
nginx-web-server
unknown
deployment "ms-10090" successfully rolled out
deployment "ms-13558" successfully rolled out
deployment "ms-18330" successfully rolled out
deployment "ms-19585" successfully rolled out
deployment "ms-20172" successfully rolled out
deployment "ms-22893" successfully rolled out
deployment "ms-24009" successfully rolled out
deployment "ms-24959" successfully rolled out
deployment "ms-26622" successfully rolled out
deployment "ms-27421" successfully rolled out
deployment "ms-29373" successfully rolled out
deployment "ms-32301" successfully rolled out
deployment "ms-3289" successfully rolled out
deployment "ms-37691" successfully rolled out
deployment "ms-38964" successfully rolled out
deployment "ms-40147" successfully rolled out
deployment "ms-48118" successfully rolled out
deployment "ms-4829" successfully rolled out
deployment "ms-51685" successfully rolled out
deployment "ms-52379" successfully rolled out
deployment "ms-55394" successfully rolled out
deployment "ms-58436" successfully rolled out
deployment "ms-58772" successfully rolled out
deployment "ms-59962" successfully rolled out
deployment "ms-60061" successfully rolled out
deployment "ms-6323" successfully rolled out
deployment "ms-65741" successfully rolled out
deployment "ms-66473" successfully rolled out
deployment "ms-69188" successfully rolled out
deployment "ms-69614" successfully rolled out
deployment "ms-9081" successfully rolled out
deployment "nginx-web-server" successfully rolled out
deployment "unknown" successfully rolled out
ENTRY_POINT: nginx-web-server
SERVICE_A_URL: 10.103.177.24:50051
Capacity: 10000
Metadata: method=S_149998854
Metadata: request-id={{.RequestNumber}}
Metadata: timestamp={{.TimestampUnix}}
Charon Configurations:
[{INTERCEPT breakwaterd} {PRICE_UPDATE_RATE 10ms} {TOKEN_UPDATE_RATE 10ms} {LATENCY_THRESHOLD 100us} {PRICE_STEP 0} {PRICE_STRATEGY step} {LAZY_UPDATE false} {RATE_LIMITING true} {LOAD_SHEDDING true} {CHARON_TRACK_PRICE false} {BREAKWATER_SLO 35818us} {BREAKWATER_A 6.7793950677883865} {BREAKWATER_B 8.738599138951002} {BREAKWATER_CLIENT_EXPIRATION 1331us} {BREAKWATER_INITIAL_CREDIT 43} {BREAKWATER_LOAD_SHEDDING true} {BREAKWATER_RTT 8345us} {BREAKWATERD_SLO 56803us} {BREAKWATERD_A 9.748761423055992} {BREAKWATERD_B 1.186183391826886} {BREAKWATERD_CLIENT_EXPIRATION 83273us} {BREAKWATERD_INITIAL_CREDIT 3002} {BREAKWATERD_LOAD_SHEDDING true} {BREAKWATERD_RTT 3674us} {DAGOR_QUEUING_THRESHOLD 2ms} {DAGOR_ALPHA 0.05} {DAGOR_BETA 0.01} {DAGOR_ADMISSION_LEVEL_UPDATE_INTERVAL 10ms} {DAGOR_UMAX 20}]

Summary:
  Count:	97438
  Total:	25.00 s
  Slowest:	1.03 s
  Fastest:	111.24 ms
  Average:	302.55 ms
  Requests/sec:	3897.61

Response time histogram:
  111.241  [1]     |
  202.801  [11205] |∎∎∎∎∎∎∎∎∎∎∎∎∎∎∎∎∎∎∎∎∎∎∎∎∎∎∎∎∎∎∎∎∎∎∎∎∎∎∎∎
  294.362  [3580]  |∎∎∎∎∎∎∎∎∎∎∎∎∎
  385.922  [5699]  |∎∎∎∎∎∎∎∎∎∎∎∎∎∎∎∎∎∎∎∎
  477.483  [6695]  |∎∎∎∎∎∎∎∎∎∎∎∎∎∎∎∎∎∎∎∎∎∎∎∎
  569.044  [5611]  |∎∎∎∎∎∎∎∎∎∎∎∎∎∎∎∎∎∎∎∎
  660.604  [6537]  |∎∎∎∎∎∎∎∎∎∎∎∎∎∎∎∎∎∎∎∎∎∎∎
  752.165  [2601]  |∎∎∎∎∎∎∎∎∎
  843.725  [1787]  |∎∎∎∎∎∎
  935.286  [1702]  |∎∎∎∎∎∎
  1026.846 [1573]  |∎∎∎∎∎∎

Latency distribution:
  10 % in 115.66 ms 
  25 % in 228.46 ms 
  50 % in 427.11 ms 
  75 % in 598.02 ms 
  90 % in 767.52 ms 
  95 % in 909.39 ms 
  99 % in 978.15 ms 

Status code distribution:
  [OK]                  46991 responses   
  [ResourceExhausted]   47299 responses   
  [DeadlineExceeded]    2296 responses    
  [Canceled]            852 responses     

Error distribution:
  [10252]   rpc error: code = ResourceExhausted desc = Client id a8a72da7-4966-4f2b-b842-ef9f52669c86 request expired in queue.   
  [2296]    rpc error: code = DeadlineExceeded desc = context deadline exceeded                                                   
  [6550]    rpc error: code = ResourceExhausted desc = Client id d2997de0-0013-40b1-8864-f2a18c82dfe0 request expired in queue.   
  [1052]    rpc error: code = ResourceExhausted desc = Client id f26b428c-d2d5-411d-8cb4-38093104d080 request expired in queue.   
  [38]      rpc error: code = ResourceExhausted desc = Client id a33cd49b-05ef-4b09-9bbe-2a83252eb56d request expired in queue.   
  [106]     rpc error: code = ResourceExhausted desc = Client id e1b1c419-4f0b-415e-b21f-cb2cd554d061 request expired in queue.   
  [88]      rpc error: code = ResourceExhausted desc = Client id e333e187-c034-4449-a2df-f82efeac6248 request expired in queue.   
  [10700]   rpc error: code = ResourceExhausted desc = Server-side queuing delay is beyond AQM threshold                          
  [33]      rpc error: code = ResourceExhausted desc = Client id d379cc71-b69f-4881-b94c-05ce246a3782 request expired in queue.   
  [22]      rpc error: code = ResourceExhausted desc = Client id 18cf9729-de3e-4a26-a4ad-3e6908890456 request expired in queue.   
  [187]     rpc error: code = ResourceExhausted desc = Client id abd248a7-3ae2-44dc-9900-fdaa7d75eeda request expired in queue.   
  [852]     rpc error: code = Canceled desc = grpc: the client connection is closing                                              
  [18271]   rpc error: code = ResourceExhausted desc = Client id 310ba080-d2ae-49f3-8cc8-b6850ac3b1c0 request expired in queue.   

Debug: Checking Namespace=default, Pod=ms-10090-6454f977fd-dqklh for Target File=deathstar_*.output
Namespace: default, Pod: ms-10090-6454f977fd-dqklh has the target files.
Copying deathstar_ms-10090.output to deathstar_ms-10090.output
tar: removing leading '/' from member names
Debug: Checking Namespace=default, Pod=ms-13558-b48bb5d9d-bkqbj for Target File=deathstar_*.output
Namespace: default, Pod: ms-13558-b48bb5d9d-bkqbj has the target files.
Copying deathstar_ms-13558.output to deathstar_ms-13558.output
tar: removing leading '/' from member names
Debug: Checking Namespace=default, Pod=ms-18330-759d9cf49c-cnmgx for Target File=deathstar_*.output
Namespace: default, Pod: ms-18330-759d9cf49c-cnmgx has the target files.
Copying deathstar_ms-18330.output to deathstar_ms-18330.output
tar: removing leading '/' from member names
Debug: Checking Namespace=default, Pod=ms-19585-6f995cfcbf-mtk2p for Target File=deathstar_*.output
Namespace: default, Pod: ms-19585-6f995cfcbf-mtk2p has the target files.
Copying deathstar_ms-19585.output to deathstar_ms-19585.output
tar: removing leading '/' from member names
Debug: Checking Namespace=default, Pod=ms-20172-59d5485464-4fckm for Target File=deathstar_*.output
Namespace: default, Pod: ms-20172-59d5485464-4fckm has the target files.
Copying deathstar_ms-20172.output to deathstar_ms-20172.output
tar: removing leading '/' from member names
Debug: Checking Namespace=default, Pod=ms-22893-576fd5f9f6-hwcq7 for Target File=deathstar_*.output
Namespace: default, Pod: ms-22893-576fd5f9f6-hwcq7 has the target files.
Copying deathstar_ms-22893.output to deathstar_ms-22893.output
tar: removing leading '/' from member names
Debug: Checking Namespace=default, Pod=ms-24009-67dbf5b976-97d2j for Target File=deathstar_*.output
Namespace: default, Pod: ms-24009-67dbf5b976-97d2j has the target files.
Copying deathstar_ms-24009.output to deathstar_ms-24009.output
tar: removing leading '/' from member names
Debug: Checking Namespace=default, Pod=ms-24959-99f8bbf9-fwq6w for Target File=deathstar_*.output
Namespace: default, Pod: ms-24959-99f8bbf9-fwq6w has the target files.
Copying deathstar_ms-24959.output to deathstar_ms-24959.output
tar: removing leading '/' from member names
Debug: Checking Namespace=default, Pod=ms-26622-66fdf7d64f-cp97k for Target File=deathstar_*.output
Namespace: default, Pod: ms-26622-66fdf7d64f-cp97k has the target files.
Copying deathstar_ms-26622.output to deathstar_ms-26622.output
tar: removing leading '/' from member names
Debug: Checking Namespace=default, Pod=ms-27421-64f549855c-t6c79 for Target File=deathstar_*.output
Namespace: default, Pod: ms-27421-64f549855c-t6c79 has the target files.
Copying deathstar_ms-27421.output to deathstar_ms-27421.output
tar: removing leading '/' from member names
Debug: Checking Namespace=default, Pod=ms-29373-8467f7db44-s8g9q for Target File=deathstar_*.output
Namespace: default, Pod: ms-29373-8467f7db44-s8g9q has the target files.
Copying deathstar_ms-29373.output to deathstar_ms-29373.output
tar: removing leading '/' from member names
Debug: Checking Namespace=default, Pod=ms-32301-c5654bbc5-sp99v for Target File=deathstar_*.output
Namespace: default, Pod: ms-32301-c5654bbc5-sp99v has the target files.
Copying deathstar_ms-32301.output to deathstar_ms-32301.output
tar: removing leading '/' from member names
Debug: Checking Namespace=default, Pod=ms-3289-587dbd96bf-hmh4p for Target File=deathstar_*.output
Namespace: default, Pod: ms-3289-587dbd96bf-hmh4p has the target files.
Copying deathstar_ms-3289.output to deathstar_ms-3289.output
tar: removing leading '/' from member names
Debug: Checking Namespace=default, Pod=ms-37691-6dc6cd6744-mf86k for Target File=deathstar_*.output
Namespace: default, Pod: ms-37691-6dc6cd6744-mf86k has the target files.
Copying deathstar_ms-37691.output to deathstar_ms-37691.output
tar: removing leading '/' from member names
Debug: Checking Namespace=default, Pod=ms-38964-5b647cdbd-ptts7 for Target File=deathstar_*.output
Namespace: default, Pod: ms-38964-5b647cdbd-ptts7 has the target files.
Copying deathstar_ms-38964.output to deathstar_ms-38964.output
tar: removing leading '/' from member names
Debug: Checking Namespace=default, Pod=ms-40147-cd867585-tttwb for Target File=deathstar_*.output
Namespace: default, Pod: ms-40147-cd867585-tttwb has the target files.
Copying deathstar_ms-40147.output to deathstar_ms-40147.output
tar: removing leading '/' from member names
Debug: Checking Namespace=default, Pod=ms-48118-ff7b99cc9-dxwdc for Target File=deathstar_*.output
Namespace: default, Pod: ms-48118-ff7b99cc9-dxwdc has the target files.
Copying deathstar_ms-48118.output to deathstar_ms-48118.output
tar: removing leading '/' from member names
Debug: Checking Namespace=default, Pod=ms-4829-669557b66c-n5phs for Target File=deathstar_*.output
Namespace: default, Pod: ms-4829-669557b66c-n5phs has the target files.
Copying deathstar_ms-4829.output to deathstar_ms-4829.output
tar: removing leading '/' from member names
Debug: Checking Namespace=default, Pod=ms-51685-79858c784f-rqbp4 for Target File=deathstar_*.output
Namespace: default, Pod: ms-51685-79858c784f-rqbp4 has the target files.
Copying deathstar_ms-51685.output to deathstar_ms-51685.output
tar: removing leading '/' from member names
Debug: Checking Namespace=default, Pod=ms-52379-57c6cdd54b-hjpvx for Target File=deathstar_*.output
Namespace: default, Pod: ms-52379-57c6cdd54b-hjpvx has the target files.
Copying deathstar_ms-52379.output to deathstar_ms-52379.output
tar: removing leading '/' from member names
Debug: Checking Namespace=default, Pod=ms-55394-6f999f5df9-q2247 for Target File=deathstar_*.output
Namespace: default, Pod: ms-55394-6f999f5df9-q2247 has the target files.
Copying deathstar_ms-55394.output to deathstar_ms-55394.output
tar: removing leading '/' from member names
Debug: Checking Namespace=default, Pod=ms-58436-59dd96f659-srgdp for Target File=deathstar_*.output
Namespace: default, Pod: ms-58436-59dd96f659-srgdp has the target files.
Copying deathstar_ms-58436.output to deathstar_ms-58436.output
tar: removing leading '/' from member names
Debug: Checking Namespace=default, Pod=ms-58772-68ff78c966-zlfbj for Target File=deathstar_*.output
Namespace: default, Pod: ms-58772-68ff78c966-zlfbj has the target files.
Copying deathstar_ms-58772.output to deathstar_ms-58772.output
tar: removing leading '/' from member names
Debug: Checking Namespace=default, Pod=ms-59962-756b895b58-d9llc for Target File=deathstar_*.output
Namespace: default, Pod: ms-59962-756b895b58-d9llc has the target files.
Copying deathstar_ms-59962.output to deathstar_ms-59962.output
tar: removing leading '/' from member names
Debug: Checking Namespace=default, Pod=ms-60061-68bd84bdcd-j5wzx for Target File=deathstar_*.output
Namespace: default, Pod: ms-60061-68bd84bdcd-j5wzx has the target files.
Copying deathstar_ms-60061.output to deathstar_ms-60061.output
tar: removing leading '/' from member names
Debug: Checking Namespace=default, Pod=ms-6323-974659fcd-g5l5d for Target File=deathstar_*.output
Namespace: default, Pod: ms-6323-974659fcd-g5l5d has the target files.
Copying deathstar_ms-6323.output to deathstar_ms-6323.output
tar: removing leading '/' from member names
Debug: Checking Namespace=default, Pod=ms-65741-65f588bcdf-hrvpd for Target File=deathstar_*.output
Namespace: default, Pod: ms-65741-65f588bcdf-hrvpd has the target files.
Copying deathstar_ms-65741.output to deathstar_ms-65741.output
tar: removing leading '/' from member names
Debug: Checking Namespace=default, Pod=ms-66473-79c66f8bff-6s9tq for Target File=deathstar_*.output
Namespace: default, Pod: ms-66473-79c66f8bff-6s9tq has the target files.
Copying deathstar_ms-66473.output to deathstar_ms-66473.output
tar: removing leading '/' from member names
Debug: Checking Namespace=default, Pod=ms-69188-65c548d4cb-8clqc for Target File=deathstar_*.output
Namespace: default, Pod: ms-69188-65c548d4cb-8clqc has the target files.
Copying deathstar_ms-69188.output to deathstar_ms-69188.output
tar: removing leading '/' from member names
Debug: Checking Namespace=default, Pod=ms-69614-794bd8475-5r9bc for Target File=deathstar_*.output
Namespace: default, Pod: ms-69614-794bd8475-5r9bc has the target files.
Copying deathstar_ms-69614.output to deathstar_ms-69614.output
tar: removing leading '/' from member names
Debug: Checking Namespace=default, Pod=ms-9081-567985788-nz866 for Target File=deathstar_*.output
Namespace: default, Pod: ms-9081-567985788-nz866 has the target files.
Copying deathstar_ms-9081.output to deathstar_ms-9081.output
tar: removing leading '/' from member names
Debug: Checking Namespace=default, Pod=nginx-web-server-56557f7cb7-xxmf7 for Target File=deathstar_*.output
Namespace: default, Pod: nginx-web-server-56557f7cb7-xxmf7 has the target files.
Copying deathstar_nginx-web-server.output to deathstar_nginx-web-server.output
tar: removing leading '/' from member names
Debug: Checking Namespace=default, Pod=unknown-6ddf9bd4b5-2q547 for Target File=deathstar_*.output
Namespace: default, Pod: unknown-6ddf9bd4b5-2q547 has the target files.
Copying deathstar_unknown.output to deathstar_unknown.output
tar: removing leading '/' from member names
