Deployments: ms-25648
ms-27283
ms-27421
ms-2827
ms-34756
ms-36144
ms-37691
ms-41385
ms-41914
ms-46825
ms-54016
ms-55339
ms-58269
ms-58845
ms-68328
ms-70297
nginx-web-server
unknown
deployment "ms-25648" successfully rolled out
deployment "ms-27283" successfully rolled out
deployment "ms-27421" successfully rolled out
deployment "ms-2827" successfully rolled out
deployment "ms-34756" successfully rolled out
deployment "ms-36144" successfully rolled out
deployment "ms-37691" successfully rolled out
deployment "ms-41385" successfully rolled out
deployment "ms-41914" successfully rolled out
deployment "ms-46825" successfully rolled out
deployment "ms-54016" successfully rolled out
deployment "ms-55339" successfully rolled out
deployment "ms-58269" successfully rolled out
deployment "ms-58845" successfully rolled out
deployment "ms-68328" successfully rolled out
deployment "ms-70297" successfully rolled out
deployment "nginx-web-server" successfully rolled out
deployment "unknown" successfully rolled out
ENTRY_POINT: nginx-web-server
SERVICE_A_URL: 10.101.157.213:50051
Capacity: 10000
Metadata: request-id={{.RequestNumber}}
Metadata: timestamp={{.TimestampUnix}}
Metadata: method=S_161142529
Charon Configurations:
[{INTERCEPT charon} {PRICE_UPDATE_RATE 30000us} {TOKEN_UPDATE_RATE 1000us} {LATENCY_THRESHOLD 100us} {PRICE_STEP 150} {PRICE_STRATEGY proportional} {LAZY_UPDATE true} {RATE_LIMITING true} {LOAD_SHEDDING true} {CHARON_TRACK_PRICE false} {BREAKWATER_SLO 12500us} {BREAKWATER_A 0.001} {BREAKWATER_B 0.02} {BREAKWATER_CLIENT_EXPIRATION 10ms} {BREAKWATER_INITIAL_CREDIT 400} {BREAKWATER_LOAD_SHEDDING true} {BREAKWATER_RTT 1000us} {BREAKWATERD_SLO 12500us} {BREAKWATERD_A 0.001} {BREAKWATERD_B 0.02} {BREAKWATERD_CLIENT_EXPIRATION 10ms} {BREAKWATERD_INITIAL_CREDIT 400} {BREAKWATERD_LOAD_SHEDDING true} {BREAKWATERD_RTT 1000us} {DAGOR_QUEUING_THRESHOLD 2ms} {DAGOR_ALPHA 0.05} {DAGOR_BETA 0.01} {DAGOR_ADMISSION_LEVEL_UPDATE_INTERVAL 10ms} {DAGOR_UMAX 20}]

Summary:
  Count:	86240
  Total:	14.79 s
  Slowest:	846.09 ms
  Fastest:	64.96 ms
  Average:	120.82 ms
  Requests/sec:	5829.28

Response time histogram:
  64.963  [1]     |
  143.076 [66267] |∎∎∎∎∎∎∎∎∎∎∎∎∎∎∎∎∎∎∎∎∎∎∎∎∎∎∎∎∎∎∎∎∎∎∎∎∎∎∎∎
  221.189 [3188]  |∎∎
  299.302 [1953]  |∎
  377.415 [2846]  |∎∎
  455.527 [2587]  |∎∎
  533.640 [1941]  |∎
  611.753 [285]   |
  689.866 [7]     |
  767.979 [0]     |
  846.092 [59]    |

Latency distribution:
  10 % in 68.32 ms 
  25 % in 79.69 ms 
  50 % in 93.66 ms 
  75 % in 114.85 ms 
  90 % in 293.26 ms 
  95 % in 406.03 ms 
  99 % in 502.87 ms 

Status code distribution:
  [ResourceExhausted]   6959 responses    
  [OK]                  79134 responses   
  [Canceled]            147 responses     

Error distribution:
  [335]    rpc error: code = ResourceExhausted desc = S_161142529 req dropped by ms-41385. Try again later.           
  [147]    rpc error: code = Canceled desc = grpc: the client connection is closing                                   
  [5384]   rpc error: code = ResourceExhausted desc = S_161142529 req dropped by nginx-web-server. Try again later.   
  [450]    rpc error: code = ResourceExhausted desc = S_161142529 req dropped by ms-36144. Try again later.           
  [349]    rpc error: code = ResourceExhausted desc = S_161142529 req dropped by ms-27283. Try again later.           
  [441]    rpc error: code = ResourceExhausted desc = S_161142529 req dropped by unknown. Try again later.            

Debug: Checking Namespace=default, Pod=ms-25648-86cc47d8bd-m2ntb for Target File=deathstar_*.output
Namespace: default, Pod: ms-25648-86cc47d8bd-m2ntb has the target files.
Copying deathstar_ms-25648.output to deathstar_ms-25648.output
tar: removing leading '/' from member names
Debug: Checking Namespace=default, Pod=ms-27283-7cb76dd56d-bb87c for Target File=deathstar_*.output
Namespace: default, Pod: ms-27283-7cb76dd56d-bb87c has the target files.
Copying deathstar_ms-27283.output to deathstar_ms-27283.output
tar: removing leading '/' from member names
Debug: Checking Namespace=default, Pod=ms-27421-64f549855c-cn2lr for Target File=deathstar_*.output
Namespace: default, Pod: ms-27421-64f549855c-cn2lr has the target files.
Copying deathstar_ms-27421.output to deathstar_ms-27421.output
tar: removing leading '/' from member names
Debug: Checking Namespace=default, Pod=ms-2827-565cbcd7b-k5q4r for Target File=deathstar_*.output
Namespace: default, Pod: ms-2827-565cbcd7b-k5q4r has the target files.
Copying deathstar_ms-2827.output to deathstar_ms-2827.output
tar: removing leading '/' from member names
Debug: Checking Namespace=default, Pod=ms-34756-7c45d5bcc-vhxwz for Target File=deathstar_*.output
Namespace: default, Pod: ms-34756-7c45d5bcc-vhxwz has the target files.
Copying deathstar_ms-34756.output to deathstar_ms-34756.output
tar: removing leading '/' from member names
Debug: Checking Namespace=default, Pod=ms-36144-7bf7cbfff6-9ddf8 for Target File=deathstar_*.output
Namespace: default, Pod: ms-36144-7bf7cbfff6-9ddf8 has the target files.
Copying deathstar_ms-36144.output to deathstar_ms-36144.output
tar: removing leading '/' from member names
Debug: Checking Namespace=default, Pod=ms-37691-6f7cbf7c5-z5zmn for Target File=deathstar_*.output
Namespace: default, Pod: ms-37691-6f7cbf7c5-z5zmn has the target files.
Copying deathstar_ms-37691.output to deathstar_ms-37691.output
tar: removing leading '/' from member names
Debug: Checking Namespace=default, Pod=ms-41385-6bc4f5d4fc-ssvb4 for Target File=deathstar_*.output
Namespace: default, Pod: ms-41385-6bc4f5d4fc-ssvb4 has the target files.
Copying deathstar_ms-41385.output to deathstar_ms-41385.output
tar: removing leading '/' from member names
Debug: Checking Namespace=default, Pod=ms-41914-5555dd8d48-jz5dh for Target File=deathstar_*.output
Namespace: default, Pod: ms-41914-5555dd8d48-jz5dh has the target files.
Copying deathstar_ms-41914.output to deathstar_ms-41914.output
tar: removing leading '/' from member names
Debug: Checking Namespace=default, Pod=ms-46825-58c684559d-pbj8w for Target File=deathstar_*.output
Namespace: default, Pod: ms-46825-58c684559d-pbj8w has the target files.
Copying deathstar_ms-46825.output to deathstar_ms-46825.output
tar: removing leading '/' from member names
Debug: Checking Namespace=default, Pod=ms-54016-5665fbcb8d-964dm for Target File=deathstar_*.output
Namespace: default, Pod: ms-54016-5665fbcb8d-964dm has the target files.
Copying deathstar_ms-54016.output to deathstar_ms-54016.output
tar: removing leading '/' from member names
Debug: Checking Namespace=default, Pod=ms-55339-5b545b67bb-c4ckr for Target File=deathstar_*.output
Namespace: default, Pod: ms-55339-5b545b67bb-c4ckr has the target files.
Copying deathstar_ms-55339.output to deathstar_ms-55339.output
tar: removing leading '/' from member names
Debug: Checking Namespace=default, Pod=ms-58269-8c4794c6c-8jsqf for Target File=deathstar_*.output
Namespace: default, Pod: ms-58269-8c4794c6c-8jsqf has the target files.
Copying deathstar_ms-58269.output to deathstar_ms-58269.output
tar: removing leading '/' from member names
Debug: Checking Namespace=default, Pod=ms-58845-5bc6f9d8df-j8l66 for Target File=deathstar_*.output
Namespace: default, Pod: ms-58845-5bc6f9d8df-j8l66 has the target files.
Copying deathstar_ms-58845.output to deathstar_ms-58845.output
tar: removing leading '/' from member names
Debug: Checking Namespace=default, Pod=ms-68328-5866fd45b7-lj9j4 for Target File=deathstar_*.output
Namespace: default, Pod: ms-68328-5866fd45b7-lj9j4 has the target files.
Copying deathstar_ms-68328.output to deathstar_ms-68328.output
tar: removing leading '/' from member names
Debug: Checking Namespace=default, Pod=ms-70297-868876bcdb-pnxs4 for Target File=deathstar_*.output
Namespace: default, Pod: ms-70297-868876bcdb-pnxs4 has the target files.
Copying deathstar_ms-70297.output to deathstar_ms-70297.output
tar: removing leading '/' from member names
Debug: Checking Namespace=default, Pod=nginx-web-server-56557f7cb7-8l9xk for Target File=deathstar_*.output
Namespace: default, Pod: nginx-web-server-56557f7cb7-8l9xk has the target files.
Copying deathstar_nginx-web-server.output to deathstar_nginx-web-server.output
tar: removing leading '/' from member names
Debug: Checking Namespace=default, Pod=unknown-57ddd65965-9tjq7 for Target File=deathstar_*.output
Namespace: default, Pod: unknown-57ddd65965-9tjq7 has the target files.
Copying deathstar_unknown.output to deathstar_unknown.output
tar: removing leading '/' from member names
