Deployments: ms-10090
ms-13558
ms-18330
ms-19585
ms-20172
ms-22893
ms-24009
ms-24959
ms-26622
ms-27421
ms-29373
ms-32301
ms-3289
ms-37691
ms-38964
ms-40147
ms-48118
ms-4829
ms-51685
ms-52379
ms-55394
ms-58436
ms-58772
ms-59962
ms-60061
ms-6323
ms-65741
ms-66473
ms-69188
ms-69614
ms-9081
nginx-web-server
unknown
deployment "ms-10090" successfully rolled out
deployment "ms-13558" successfully rolled out
deployment "ms-18330" successfully rolled out
deployment "ms-19585" successfully rolled out
deployment "ms-20172" successfully rolled out
deployment "ms-22893" successfully rolled out
deployment "ms-24009" successfully rolled out
deployment "ms-24959" successfully rolled out
deployment "ms-26622" successfully rolled out
deployment "ms-27421" successfully rolled out
deployment "ms-29373" successfully rolled out
deployment "ms-32301" successfully rolled out
deployment "ms-3289" successfully rolled out
deployment "ms-37691" successfully rolled out
deployment "ms-38964" successfully rolled out
deployment "ms-40147" successfully rolled out
deployment "ms-48118" successfully rolled out
deployment "ms-4829" successfully rolled out
deployment "ms-51685" successfully rolled out
deployment "ms-52379" successfully rolled out
deployment "ms-55394" successfully rolled out
deployment "ms-58436" successfully rolled out
deployment "ms-58772" successfully rolled out
deployment "ms-59962" successfully rolled out
deployment "ms-60061" successfully rolled out
deployment "ms-6323" successfully rolled out
deployment "ms-65741" successfully rolled out
deployment "ms-66473" successfully rolled out
deployment "ms-69188" successfully rolled out
deployment "ms-69614" successfully rolled out
deployment "ms-9081" successfully rolled out
deployment "nginx-web-server" successfully rolled out
deployment "unknown" successfully rolled out
ENTRY_POINT: nginx-web-server
SERVICE_A_URL: 10.111.248.224:50051
Capacity: 10000
Metadata: request-id={{.RequestNumber}}
Metadata: timestamp={{.TimestampUnix}}
Metadata: method=S_149998854
Charon Configurations:
[{INTERCEPT breakwater} {PRICE_UPDATE_RATE 10ms} {TOKEN_UPDATE_RATE 10ms} {LATENCY_THRESHOLD 100us} {PRICE_STEP 0} {PRICE_STRATEGY step} {LAZY_UPDATE false} {RATE_LIMITING true} {LOAD_SHEDDING true} {CHARON_TRACK_PRICE false} {BREAKWATER_SLO 16583us} {BREAKWATER_A 0.0} {BREAKWATER_B 2.0} {BREAKWATER_CLIENT_EXPIRATION 4999us} {BREAKWATER_INITIAL_CREDIT 1} {BREAKWATER_LOAD_SHEDDING true} {BREAKWATER_RTT 13082us} {BREAKWATERD_SLO 12500us} {BREAKWATERD_A 0.001} {BREAKWATERD_B 0.02} {BREAKWATERD_CLIENT_EXPIRATION 10ms} {BREAKWATERD_INITIAL_CREDIT 400} {BREAKWATERD_LOAD_SHEDDING true} {BREAKWATERD_RTT 1000us} {DAGOR_QUEUING_THRESHOLD 2ms} {DAGOR_ALPHA 0.05} {DAGOR_BETA 0.01} {DAGOR_ADMISSION_LEVEL_UPDATE_INTERVAL 10ms} {DAGOR_UMAX 20}]

Summary:
  Count:	50833
  Total:	24.98 s
  Slowest:	918.52 ms
  Fastest:	110.97 ms
  Average:	137.40 ms
  Requests/sec:	2034.64

Response time histogram:
  110.974 [1]     |
  191.728 [49007] |∎∎∎∎∎∎∎∎∎∎∎∎∎∎∎∎∎∎∎∎∎∎∎∎∎∎∎∎∎∎∎∎∎∎∎∎∎∎∎∎
  272.483 [1239]  |∎
  353.237 [0]     |
  433.991 [0]     |
  514.746 [0]     |
  595.500 [0]     |
  676.255 [0]     |
  757.009 [3]     |
  837.763 [79]    |
  918.518 [79]    |

Latency distribution:
  10 % in 113.77 ms 
  25 % in 118.73 ms 
  50 % in 130.61 ms 
  75 % in 147.12 ms 
  90 % in 166.83 ms 
  95 % in 179.27 ms 
  99 % in 223.45 ms 

Status code distribution:
  [OK]                  50408 responses   
  [ResourceExhausted]   207 responses     
  [Canceled]            217 responses     
  [Unavailable]         1 responses       

Error distribution:
  [207]   rpc error: code = ResourceExhausted desc = Server-side queuing delay is beyond AQM threshold   
  [217]   rpc error: code = Canceled desc = grpc: the client connection is closing                       
  [1]     rpc error: code = Unavailable desc = transport is closing                                      

Debug: Checking Namespace=default, Pod=ms-10090-6454f977fd-xqxbh for Target File=deathstar_*.output
Namespace: default, Pod: ms-10090-6454f977fd-xqxbh has the target files.
Copying deathstar_ms-10090.output to deathstar_ms-10090.output
tar: removing leading '/' from member names
Debug: Checking Namespace=default, Pod=ms-13558-b48bb5d9d-knhz4 for Target File=deathstar_*.output
Namespace: default, Pod: ms-13558-b48bb5d9d-knhz4 has the target files.
Copying deathstar_ms-13558.output to deathstar_ms-13558.output
tar: removing leading '/' from member names
Debug: Checking Namespace=default, Pod=ms-18330-759d9cf49c-q4ck8 for Target File=deathstar_*.output
Namespace: default, Pod: ms-18330-759d9cf49c-q4ck8 has the target files.
Copying deathstar_ms-18330.output to deathstar_ms-18330.output
tar: removing leading '/' from member names
Debug: Checking Namespace=default, Pod=ms-19585-6f995cfcbf-7k6w5 for Target File=deathstar_*.output
Namespace: default, Pod: ms-19585-6f995cfcbf-7k6w5 has the target files.
Copying deathstar_ms-19585.output to deathstar_ms-19585.output
tar: removing leading '/' from member names
Debug: Checking Namespace=default, Pod=ms-20172-59d5485464-x85ps for Target File=deathstar_*.output
Namespace: default, Pod: ms-20172-59d5485464-x85ps has the target files.
Copying deathstar_ms-20172.output to deathstar_ms-20172.output
tar: removing leading '/' from member names
Debug: Checking Namespace=default, Pod=ms-22893-576fd5f9f6-rplvx for Target File=deathstar_*.output
Namespace: default, Pod: ms-22893-576fd5f9f6-rplvx has the target files.
Copying deathstar_ms-22893.output to deathstar_ms-22893.output
tar: removing leading '/' from member names
Debug: Checking Namespace=default, Pod=ms-24009-67dbf5b976-g5hgb for Target File=deathstar_*.output
Namespace: default, Pod: ms-24009-67dbf5b976-g5hgb has the target files.
Copying deathstar_ms-24009.output to deathstar_ms-24009.output
tar: removing leading '/' from member names
Debug: Checking Namespace=default, Pod=ms-24959-99f8bbf9-dxfpq for Target File=deathstar_*.output
Namespace: default, Pod: ms-24959-99f8bbf9-dxfpq has the target files.
Copying deathstar_ms-24959.output to deathstar_ms-24959.output
tar: removing leading '/' from member names
Debug: Checking Namespace=default, Pod=ms-26622-66fdf7d64f-wp4hv for Target File=deathstar_*.output
Namespace: default, Pod: ms-26622-66fdf7d64f-wp4hv has the target files.
Copying deathstar_ms-26622.output to deathstar_ms-26622.output
tar: removing leading '/' from member names
Debug: Checking Namespace=default, Pod=ms-27421-64f549855c-cvb6l for Target File=deathstar_*.output
Namespace: default, Pod: ms-27421-64f549855c-cvb6l has the target files.
Copying deathstar_ms-27421.output to deathstar_ms-27421.output
tar: removing leading '/' from member names
Debug: Checking Namespace=default, Pod=ms-29373-8467f7db44-r5kdg for Target File=deathstar_*.output
Namespace: default, Pod: ms-29373-8467f7db44-r5kdg has the target files.
Copying deathstar_ms-29373.output to deathstar_ms-29373.output
tar: removing leading '/' from member names
Debug: Checking Namespace=default, Pod=ms-32301-c5654bbc5-tngsl for Target File=deathstar_*.output
Namespace: default, Pod: ms-32301-c5654bbc5-tngsl has the target files.
Copying deathstar_ms-32301.output to deathstar_ms-32301.output
tar: removing leading '/' from member names
Debug: Checking Namespace=default, Pod=ms-3289-587dbd96bf-xvthb for Target File=deathstar_*.output
Namespace: default, Pod: ms-3289-587dbd96bf-xvthb has the target files.
Copying deathstar_ms-3289.output to deathstar_ms-3289.output
tar: removing leading '/' from member names
Debug: Checking Namespace=default, Pod=ms-37691-6dc6cd6744-7hwlf for Target File=deathstar_*.output
Namespace: default, Pod: ms-37691-6dc6cd6744-7hwlf has the target files.
Copying deathstar_ms-37691.output to deathstar_ms-37691.output
tar: removing leading '/' from member names
Debug: Checking Namespace=default, Pod=ms-38964-5b647cdbd-rtxkm for Target File=deathstar_*.output
Namespace: default, Pod: ms-38964-5b647cdbd-rtxkm has the target files.
Copying deathstar_ms-38964.output to deathstar_ms-38964.output
tar: removing leading '/' from member names
Debug: Checking Namespace=default, Pod=ms-40147-cd867585-s5f64 for Target File=deathstar_*.output
Namespace: default, Pod: ms-40147-cd867585-s5f64 has the target files.
Copying deathstar_ms-40147.output to deathstar_ms-40147.output
tar: removing leading '/' from member names
Debug: Checking Namespace=default, Pod=ms-48118-ff7b99cc9-wm5k8 for Target File=deathstar_*.output
Namespace: default, Pod: ms-48118-ff7b99cc9-wm5k8 has the target files.
Copying deathstar_ms-48118.output to deathstar_ms-48118.output
tar: removing leading '/' from member names
Debug: Checking Namespace=default, Pod=ms-4829-669557b66c-tl6m9 for Target File=deathstar_*.output
Namespace: default, Pod: ms-4829-669557b66c-tl6m9 has the target files.
Copying deathstar_ms-4829.output to deathstar_ms-4829.output
tar: removing leading '/' from member names
Debug: Checking Namespace=default, Pod=ms-51685-79858c784f-74b4r for Target File=deathstar_*.output
Namespace: default, Pod: ms-51685-79858c784f-74b4r has the target files.
Copying deathstar_ms-51685.output to deathstar_ms-51685.output
tar: removing leading '/' from member names
Debug: Checking Namespace=default, Pod=ms-52379-57c6cdd54b-bsj6x for Target File=deathstar_*.output
Namespace: default, Pod: ms-52379-57c6cdd54b-bsj6x has the target files.
Copying deathstar_ms-52379.output to deathstar_ms-52379.output
tar: removing leading '/' from member names
Debug: Checking Namespace=default, Pod=ms-55394-6f999f5df9-z6qll for Target File=deathstar_*.output
Namespace: default, Pod: ms-55394-6f999f5df9-z6qll has the target files.
Copying deathstar_ms-55394.output to deathstar_ms-55394.output
tar: removing leading '/' from member names
Debug: Checking Namespace=default, Pod=ms-58436-59dd96f659-qzdf9 for Target File=deathstar_*.output
Namespace: default, Pod: ms-58436-59dd96f659-qzdf9 has the target files.
Copying deathstar_ms-58436.output to deathstar_ms-58436.output
tar: removing leading '/' from member names
Debug: Checking Namespace=default, Pod=ms-58772-68ff78c966-98mtq for Target File=deathstar_*.output
Namespace: default, Pod: ms-58772-68ff78c966-98mtq has the target files.
Copying deathstar_ms-58772.output to deathstar_ms-58772.output
tar: removing leading '/' from member names
Debug: Checking Namespace=default, Pod=ms-59962-756b895b58-vnrkr for Target File=deathstar_*.output
Namespace: default, Pod: ms-59962-756b895b58-vnrkr has the target files.
Copying deathstar_ms-59962.output to deathstar_ms-59962.output
tar: removing leading '/' from member names
Debug: Checking Namespace=default, Pod=ms-60061-68bd84bdcd-489zf for Target File=deathstar_*.output
Namespace: default, Pod: ms-60061-68bd84bdcd-489zf has the target files.
Copying deathstar_ms-60061.output to deathstar_ms-60061.output
tar: removing leading '/' from member names
Debug: Checking Namespace=default, Pod=ms-6323-974659fcd-rdv8r for Target File=deathstar_*.output
Namespace: default, Pod: ms-6323-974659fcd-rdv8r has the target files.
Copying deathstar_ms-6323.output to deathstar_ms-6323.output
tar: removing leading '/' from member names
Debug: Checking Namespace=default, Pod=ms-65741-65f588bcdf-xwf92 for Target File=deathstar_*.output
Namespace: default, Pod: ms-65741-65f588bcdf-xwf92 has the target files.
Copying deathstar_ms-65741.output to deathstar_ms-65741.output
tar: removing leading '/' from member names
Debug: Checking Namespace=default, Pod=ms-66473-79c66f8bff-d4vh5 for Target File=deathstar_*.output
Namespace: default, Pod: ms-66473-79c66f8bff-d4vh5 has the target files.
Copying deathstar_ms-66473.output to deathstar_ms-66473.output
tar: removing leading '/' from member names
Debug: Checking Namespace=default, Pod=ms-69188-65c548d4cb-5plc6 for Target File=deathstar_*.output
Namespace: default, Pod: ms-69188-65c548d4cb-5plc6 has the target files.
Copying deathstar_ms-69188.output to deathstar_ms-69188.output
tar: removing leading '/' from member names
Debug: Checking Namespace=default, Pod=ms-69614-794bd8475-8jb6v for Target File=deathstar_*.output
Namespace: default, Pod: ms-69614-794bd8475-8jb6v has the target files.
Copying deathstar_ms-69614.output to deathstar_ms-69614.output
tar: removing leading '/' from member names
Debug: Checking Namespace=default, Pod=ms-9081-567985788-2pkqn for Target File=deathstar_*.output
Namespace: default, Pod: ms-9081-567985788-2pkqn has the target files.
Copying deathstar_ms-9081.output to deathstar_ms-9081.output
tar: removing leading '/' from member names
Debug: Checking Namespace=default, Pod=nginx-web-server-56557f7cb7-mc2zc for Target File=deathstar_*.output
Namespace: default, Pod: nginx-web-server-56557f7cb7-mc2zc has the target files.
Copying deathstar_nginx-web-server.output to deathstar_nginx-web-server.output
tar: removing leading '/' from member names
Debug: Checking Namespace=default, Pod=unknown-6ddf9bd4b5-4zpfb for Target File=deathstar_*.output
Namespace: default, Pod: unknown-6ddf9bd4b5-4zpfb has the target files.
Copying deathstar_unknown.output to deathstar_unknown.output
tar: removing leading '/' from member names
