Deployments: ms-10090
ms-13558
ms-18330
ms-19585
ms-20172
ms-22893
ms-24009
ms-24959
ms-26622
ms-27421
ms-29373
ms-32301
ms-3289
ms-37691
ms-38964
ms-40147
ms-48118
ms-4829
ms-51685
ms-52379
ms-55394
ms-58436
ms-58772
ms-59962
ms-60061
ms-6323
ms-65741
ms-66473
ms-69188
ms-69614
ms-9081
nginx-web-server
unknown
deployment "ms-10090" successfully rolled out
deployment "ms-13558" successfully rolled out
deployment "ms-18330" successfully rolled out
deployment "ms-19585" successfully rolled out
deployment "ms-20172" successfully rolled out
deployment "ms-22893" successfully rolled out
deployment "ms-24009" successfully rolled out
deployment "ms-24959" successfully rolled out
deployment "ms-26622" successfully rolled out
deployment "ms-27421" successfully rolled out
deployment "ms-29373" successfully rolled out
deployment "ms-32301" successfully rolled out
deployment "ms-3289" successfully rolled out
deployment "ms-37691" successfully rolled out
deployment "ms-38964" successfully rolled out
deployment "ms-40147" successfully rolled out
deployment "ms-48118" successfully rolled out
deployment "ms-4829" successfully rolled out
deployment "ms-51685" successfully rolled out
deployment "ms-52379" successfully rolled out
deployment "ms-55394" successfully rolled out
deployment "ms-58436" successfully rolled out
deployment "ms-58772" successfully rolled out
deployment "ms-59962" successfully rolled out
deployment "ms-60061" successfully rolled out
deployment "ms-6323" successfully rolled out
deployment "ms-65741" successfully rolled out
deployment "ms-66473" successfully rolled out
deployment "ms-69188" successfully rolled out
deployment "ms-69614" successfully rolled out
deployment "ms-9081" successfully rolled out
deployment "nginx-web-server" successfully rolled out
deployment "unknown" successfully rolled out
ENTRY_POINT: nginx-web-server
SERVICE_A_URL: 10.97.79.94:50051
Capacity: 10000
Metadata: request-id={{.RequestNumber}}
Metadata: timestamp={{.TimestampUnix}}
Metadata: method=S_149998854
Charon Configurations:
[{INTERCEPT breakwater} {PRICE_UPDATE_RATE 10ms} {TOKEN_UPDATE_RATE 10ms} {LATENCY_THRESHOLD 100us} {PRICE_STEP 0} {PRICE_STRATEGY step} {LAZY_UPDATE false} {RATE_LIMITING true} {LOAD_SHEDDING true} {CHARON_TRACK_PRICE false} {BREAKWATER_SLO 5942us} {BREAKWATER_A 5.608879841288104} {BREAKWATER_B 1.578558656902977} {BREAKWATER_CLIENT_EXPIRATION 516us} {BREAKWATER_INITIAL_CREDIT 896} {BREAKWATER_LOAD_SHEDDING true} {BREAKWATER_RTT 18171us} {BREAKWATERD_SLO 12500us} {BREAKWATERD_A 0.001} {BREAKWATERD_B 0.02} {BREAKWATERD_CLIENT_EXPIRATION 10ms} {BREAKWATERD_INITIAL_CREDIT 400} {BREAKWATERD_LOAD_SHEDDING true} {BREAKWATERD_RTT 1000us} {DAGOR_QUEUING_THRESHOLD 2ms} {DAGOR_ALPHA 0.05} {DAGOR_BETA 0.01} {DAGOR_ADMISSION_LEVEL_UPDATE_INTERVAL 10ms} {DAGOR_UMAX 20}]

Summary:
  Count:	100818
  Total:	25.00 s
  Slowest:	1.00 s
  Fastest:	111.10 ms
  Average:	180.43 ms
  Requests/sec:	4033.24

Response time histogram:
  111.096  [1]     |
  200.066  [17179] |∎∎∎∎∎∎∎∎∎∎∎∎∎∎∎∎∎∎∎∎∎∎∎∎∎∎∎∎∎∎∎∎∎∎∎∎∎∎∎∎
  289.035  [16705] |∎∎∎∎∎∎∎∎∎∎∎∎∎∎∎∎∎∎∎∎∎∎∎∎∎∎∎∎∎∎∎∎∎∎∎∎∎∎∎
  378.005  [14044] |∎∎∎∎∎∎∎∎∎∎∎∎∎∎∎∎∎∎∎∎∎∎∎∎∎∎∎∎∎∎∎∎∎
  466.974  [6345]  |∎∎∎∎∎∎∎∎∎∎∎∎∎∎∎
  555.944  [3399]  |∎∎∎∎∎∎∎∎
  644.913  [2232]  |∎∎∎∎∎
  733.883  [631]   |∎
  822.852  [314]   |∎
  911.822  [233]   |∎
  1000.791 [33]    |

Latency distribution:
  10 % in 114.78 ms 
  25 % in 189.97 ms 
  50 % in 271.36 ms 
  75 % in 357.90 ms 
  90 % in 482.63 ms 
  95 % in 572.15 ms 
  99 % in 718.39 ms 

Status code distribution:
  [Canceled]            1067 responses    
  [OK]                  61116 responses   
  [ResourceExhausted]   38635 responses   

Error distribution:
  [38635]   rpc error: code = ResourceExhausted desc = Server-side queuing delay is beyond AQM threshold   
  [1067]    rpc error: code = Canceled desc = grpc: the client connection is closing                       

Debug: Checking Namespace=default, Pod=ms-10090-6454f977fd-q8cd8 for Target File=deathstar_*.output
Namespace: default, Pod: ms-10090-6454f977fd-q8cd8 has the target files.
Copying deathstar_ms-10090.output to deathstar_ms-10090.output
tar: removing leading '/' from member names
Debug: Checking Namespace=default, Pod=ms-13558-b48bb5d9d-s7kc4 for Target File=deathstar_*.output
Namespace: default, Pod: ms-13558-b48bb5d9d-s7kc4 has the target files.
Copying deathstar_ms-13558.output to deathstar_ms-13558.output
tar: removing leading '/' from member names
Debug: Checking Namespace=default, Pod=ms-18330-759d9cf49c-ppbrq for Target File=deathstar_*.output
Namespace: default, Pod: ms-18330-759d9cf49c-ppbrq has the target files.
Copying deathstar_ms-18330.output to deathstar_ms-18330.output
tar: removing leading '/' from member names
Debug: Checking Namespace=default, Pod=ms-19585-6f995cfcbf-44sv4 for Target File=deathstar_*.output
Namespace: default, Pod: ms-19585-6f995cfcbf-44sv4 has the target files.
Copying deathstar_ms-19585.output to deathstar_ms-19585.output
tar: removing leading '/' from member names
Debug: Checking Namespace=default, Pod=ms-20172-59d5485464-8j672 for Target File=deathstar_*.output
Namespace: default, Pod: ms-20172-59d5485464-8j672 has the target files.
Copying deathstar_ms-20172.output to deathstar_ms-20172.output
tar: removing leading '/' from member names
Debug: Checking Namespace=default, Pod=ms-22893-576fd5f9f6-669qw for Target File=deathstar_*.output
Namespace: default, Pod: ms-22893-576fd5f9f6-669qw has the target files.
Copying deathstar_ms-22893.output to deathstar_ms-22893.output
tar: removing leading '/' from member names
Debug: Checking Namespace=default, Pod=ms-24009-67dbf5b976-m8zdj for Target File=deathstar_*.output
Namespace: default, Pod: ms-24009-67dbf5b976-m8zdj has the target files.
Copying deathstar_ms-24009.output to deathstar_ms-24009.output
tar: removing leading '/' from member names
Debug: Checking Namespace=default, Pod=ms-24959-99f8bbf9-s7xsb for Target File=deathstar_*.output
Namespace: default, Pod: ms-24959-99f8bbf9-s7xsb has the target files.
Copying deathstar_ms-24959.output to deathstar_ms-24959.output
tar: removing leading '/' from member names
Debug: Checking Namespace=default, Pod=ms-26622-66fdf7d64f-jjw8q for Target File=deathstar_*.output
Namespace: default, Pod: ms-26622-66fdf7d64f-jjw8q has the target files.
Copying deathstar_ms-26622.output to deathstar_ms-26622.output
tar: removing leading '/' from member names
Debug: Checking Namespace=default, Pod=ms-27421-64f549855c-87fwc for Target File=deathstar_*.output
Namespace: default, Pod: ms-27421-64f549855c-87fwc has the target files.
Copying deathstar_ms-27421.output to deathstar_ms-27421.output
tar: removing leading '/' from member names
Debug: Checking Namespace=default, Pod=ms-29373-8467f7db44-pkc4p for Target File=deathstar_*.output
Namespace: default, Pod: ms-29373-8467f7db44-pkc4p has the target files.
Copying deathstar_ms-29373.output to deathstar_ms-29373.output
tar: removing leading '/' from member names
Debug: Checking Namespace=default, Pod=ms-32301-c5654bbc5-ptttq for Target File=deathstar_*.output
Namespace: default, Pod: ms-32301-c5654bbc5-ptttq has the target files.
Copying deathstar_ms-32301.output to deathstar_ms-32301.output
tar: removing leading '/' from member names
Debug: Checking Namespace=default, Pod=ms-3289-587dbd96bf-q2pmg for Target File=deathstar_*.output
Namespace: default, Pod: ms-3289-587dbd96bf-q2pmg has the target files.
Copying deathstar_ms-3289.output to deathstar_ms-3289.output
tar: removing leading '/' from member names
Debug: Checking Namespace=default, Pod=ms-37691-6dc6cd6744-sg8cn for Target File=deathstar_*.output
Namespace: default, Pod: ms-37691-6dc6cd6744-sg8cn has the target files.
Copying deathstar_ms-37691.output to deathstar_ms-37691.output
tar: removing leading '/' from member names
Debug: Checking Namespace=default, Pod=ms-38964-5b647cdbd-4xgp6 for Target File=deathstar_*.output
Namespace: default, Pod: ms-38964-5b647cdbd-4xgp6 has the target files.
Copying deathstar_ms-38964.output to deathstar_ms-38964.output
tar: removing leading '/' from member names
Debug: Checking Namespace=default, Pod=ms-40147-cd867585-sgbj9 for Target File=deathstar_*.output
Namespace: default, Pod: ms-40147-cd867585-sgbj9 has the target files.
Copying deathstar_ms-40147.output to deathstar_ms-40147.output
tar: removing leading '/' from member names
Debug: Checking Namespace=default, Pod=ms-48118-ff7b99cc9-cszpx for Target File=deathstar_*.output
Namespace: default, Pod: ms-48118-ff7b99cc9-cszpx has the target files.
Copying deathstar_ms-48118.output to deathstar_ms-48118.output
tar: removing leading '/' from member names
Debug: Checking Namespace=default, Pod=ms-4829-669557b66c-wg5qq for Target File=deathstar_*.output
Namespace: default, Pod: ms-4829-669557b66c-wg5qq has the target files.
Copying deathstar_ms-4829.output to deathstar_ms-4829.output
tar: removing leading '/' from member names
Debug: Checking Namespace=default, Pod=ms-51685-79858c784f-7ntt9 for Target File=deathstar_*.output
Namespace: default, Pod: ms-51685-79858c784f-7ntt9 has the target files.
Copying deathstar_ms-51685.output to deathstar_ms-51685.output
tar: removing leading '/' from member names
Debug: Checking Namespace=default, Pod=ms-52379-57c6cdd54b-hzprv for Target File=deathstar_*.output
Namespace: default, Pod: ms-52379-57c6cdd54b-hzprv has the target files.
Copying deathstar_ms-52379.output to deathstar_ms-52379.output
tar: removing leading '/' from member names
Debug: Checking Namespace=default, Pod=ms-55394-6f999f5df9-rhjb9 for Target File=deathstar_*.output
Namespace: default, Pod: ms-55394-6f999f5df9-rhjb9 has the target files.
Copying deathstar_ms-55394.output to deathstar_ms-55394.output
tar: removing leading '/' from member names
Debug: Checking Namespace=default, Pod=ms-58436-59dd96f659-jb77t for Target File=deathstar_*.output
Namespace: default, Pod: ms-58436-59dd96f659-jb77t has the target files.
Copying deathstar_ms-58436.output to deathstar_ms-58436.output
tar: removing leading '/' from member names
Debug: Checking Namespace=default, Pod=ms-58772-68ff78c966-n98k8 for Target File=deathstar_*.output
Namespace: default, Pod: ms-58772-68ff78c966-n98k8 has the target files.
Copying deathstar_ms-58772.output to deathstar_ms-58772.output
tar: removing leading '/' from member names
Debug: Checking Namespace=default, Pod=ms-59962-756b895b58-l76n8 for Target File=deathstar_*.output
Namespace: default, Pod: ms-59962-756b895b58-l76n8 has the target files.
Copying deathstar_ms-59962.output to deathstar_ms-59962.output
tar: removing leading '/' from member names
Debug: Checking Namespace=default, Pod=ms-60061-68bd84bdcd-p8tlh for Target File=deathstar_*.output
Namespace: default, Pod: ms-60061-68bd84bdcd-p8tlh has the target files.
Copying deathstar_ms-60061.output to deathstar_ms-60061.output
tar: removing leading '/' from member names
Debug: Checking Namespace=default, Pod=ms-6323-974659fcd-tbpqd for Target File=deathstar_*.output
Namespace: default, Pod: ms-6323-974659fcd-tbpqd has the target files.
Copying deathstar_ms-6323.output to deathstar_ms-6323.output
tar: removing leading '/' from member names
Debug: Checking Namespace=default, Pod=ms-65741-65f588bcdf-zrbsd for Target File=deathstar_*.output
Namespace: default, Pod: ms-65741-65f588bcdf-zrbsd has the target files.
Copying deathstar_ms-65741.output to deathstar_ms-65741.output
tar: removing leading '/' from member names
Debug: Checking Namespace=default, Pod=ms-66473-79c66f8bff-nmsfw for Target File=deathstar_*.output
Namespace: default, Pod: ms-66473-79c66f8bff-nmsfw has the target files.
Copying deathstar_ms-66473.output to deathstar_ms-66473.output
tar: removing leading '/' from member names
Debug: Checking Namespace=default, Pod=ms-69188-65c548d4cb-bp5pn for Target File=deathstar_*.output
Namespace: default, Pod: ms-69188-65c548d4cb-bp5pn has the target files.
Copying deathstar_ms-69188.output to deathstar_ms-69188.output
tar: removing leading '/' from member names
Debug: Checking Namespace=default, Pod=ms-69614-794bd8475-mc45n for Target File=deathstar_*.output
Namespace: default, Pod: ms-69614-794bd8475-mc45n has the target files.
Copying deathstar_ms-69614.output to deathstar_ms-69614.output
tar: removing leading '/' from member names
Debug: Checking Namespace=default, Pod=ms-9081-567985788-czdb7 for Target File=deathstar_*.output
Namespace: default, Pod: ms-9081-567985788-czdb7 has the target files.
Copying deathstar_ms-9081.output to deathstar_ms-9081.output
tar: removing leading '/' from member names
Debug: Checking Namespace=default, Pod=nginx-web-server-56557f7cb7-vkg5k for Target File=deathstar_*.output
Namespace: default, Pod: nginx-web-server-56557f7cb7-vkg5k has the target files.
Copying deathstar_nginx-web-server.output to deathstar_nginx-web-server.output
tar: removing leading '/' from member names
Debug: Checking Namespace=default, Pod=unknown-6ddf9bd4b5-djtm2 for Target File=deathstar_*.output
Namespace: default, Pod: unknown-6ddf9bd4b5-djtm2 has the target files.
Copying deathstar_unknown.output to deathstar_unknown.output
tar: removing leading '/' from member names
