Deployments: ms-11070
ms-11285
ms-11512
ms-1278
ms-13873
ms-19953
ms-21883
ms-25124
ms-27421
ms-2827
ms-33719
ms-37691
ms-43309
ms-4354
ms-46825
ms-60236
ms-71771
ms-8052
ms-902
nginx-web-server
deployment "ms-11070" successfully rolled out
deployment "ms-11285" successfully rolled out
deployment "ms-11512" successfully rolled out
deployment "ms-1278" successfully rolled out
deployment "ms-13873" successfully rolled out
deployment "ms-19953" successfully rolled out
deployment "ms-21883" successfully rolled out
deployment "ms-25124" successfully rolled out
deployment "ms-27421" successfully rolled out
deployment "ms-2827" successfully rolled out
deployment "ms-33719" successfully rolled out
deployment "ms-37691" successfully rolled out
deployment "ms-43309" successfully rolled out
deployment "ms-4354" successfully rolled out
deployment "ms-46825" successfully rolled out
deployment "ms-60236" successfully rolled out
deployment "ms-71771" successfully rolled out
deployment "ms-8052" successfully rolled out
deployment "ms-902" successfully rolled out
deployment "nginx-web-server" successfully rolled out
ENTRY_POINT: nginx-web-server
SERVICE_A_URL: 10.108.181.170:50051
Capacity: 10000
Metadata: request-id={{.RequestNumber}}
Metadata: timestamp={{.TimestampUnix}}
Metadata: method=S_102000854
Charon Configurations:
[{INTERCEPT breakwaterd} {PRICE_UPDATE_RATE 10ms} {TOKEN_UPDATE_RATE 10ms} {LATENCY_THRESHOLD 100us} {PRICE_STEP 0} {PRICE_STRATEGY step} {LAZY_UPDATE false} {RATE_LIMITING true} {LOAD_SHEDDING true} {CHARON_TRACK_PRICE false} {BREAKWATER_SLO 45943us} {BREAKWATER_A 29.999999999976005} {BREAKWATER_B 9.999999999976925} {BREAKWATER_CLIENT_EXPIRATION 1us} {BREAKWATER_INITIAL_CREDIT 400} {BREAKWATER_LOAD_SHEDDING true} {BREAKWATER_RTT 0us} {BREAKWATERD_SLO 12555us} {BREAKWATERD_A 4.5640322029212454e-11} {BREAKWATERD_B 10.0} {BREAKWATERD_CLIENT_EXPIRATION 10000us} {BREAKWATERD_INITIAL_CREDIT 3887} {BREAKWATERD_LOAD_SHEDDING true} {BREAKWATERD_RTT 1000us} {DAGOR_QUEUING_THRESHOLD 2ms} {DAGOR_ALPHA 0.05} {DAGOR_BETA 0.01} {DAGOR_ADMISSION_LEVEL_UPDATE_INTERVAL 10ms} {DAGOR_UMAX 20}]

Summary:
  Count:	91112
  Total:	25.00 s
  Slowest:	831.57 ms
  Fastest:	39.29 ms
  Average:	52.31 ms
  Requests/sec:	3644.38

Response time histogram:
  39.291  [1]     |
  118.519 [43489] |∎∎∎∎∎∎∎∎∎∎∎∎∎∎∎∎∎∎∎∎∎∎∎∎∎∎∎∎∎∎∎∎∎∎∎∎∎∎∎∎
  197.747 [3614]  |∎∎∎
  276.975 [95]    |
  356.203 [0]     |
  435.430 [0]     |
  514.658 [6]     |
  593.886 [1]     |
  673.114 [0]     |
  752.342 [3]     |
  831.570 [88]    |

Latency distribution:
  10 % in 41.74 ms 
  25 % in 46.80 ms 
  50 % in 70.86 ms 
  75 % in 91.91 ms 
  90 % in 113.41 ms 
  95 % in 132.52 ms 
  99 % in 173.54 ms 

Status code distribution:
  [ResourceExhausted]   43726 responses   
  [OK]                  47297 responses   
  [Canceled]            89 responses      

Error distribution:
  [5]       rpc error: code = ResourceExhausted desc = Client id 7a9edfc7-1ed3-44fd-8a7c-75ac030dd768 request expired in queue.   
  [1725]    rpc error: code = ResourceExhausted desc = Client id 0a731595-1cd1-4723-8977-829ec61f314b request expired in queue.   
  [30]      rpc error: code = ResourceExhausted desc = Client id 316f481d-6c49-4ca3-95c0-b726e554d650 request expired in queue.   
  [5]       rpc error: code = ResourceExhausted desc = Client id b5174b8b-cd3b-4bcb-bd88-1b2e13729930 request expired in queue.   
  [12]      rpc error: code = ResourceExhausted desc = Client id 57269f8e-6d03-45e9-b792-3dbc50b7290a request expired in queue.   
  [4944]    rpc error: code = ResourceExhausted desc = Client id 63a3cb48-e9f2-409c-b9c9-4938d30a9e24 request expired in queue.   
  [107]     rpc error: code = ResourceExhausted desc = Client id c28bd935-ffc2-48c6-9926-6230f3309de4 request expired in queue.   
  [83]      rpc error: code = ResourceExhausted desc = Client id f1147261-9122-4dd1-b51d-304cb24823da request expired in queue.   
  [95]      rpc error: code = ResourceExhausted desc = Client id 3938da40-386e-453d-ba17-1c83beac8bd4 request expired in queue.   
  [25]      rpc error: code = ResourceExhausted desc = Client id 62e2f1c2-2e1d-47d4-aad2-6271fd66b86b request expired in queue.   
  [1754]    rpc error: code = ResourceExhausted desc = Client id 7ba83e92-8e63-4aff-9f58-1b91678b1d1d request expired in queue.   
  [17]      rpc error: code = ResourceExhausted desc = Client id 0af238e8-9297-48f1-b142-75d1e873f670 request expired in queue.   
  [37]      rpc error: code = ResourceExhausted desc = Client id c1aefcb5-03b0-43d7-8c86-1955f5e804a9 request expired in queue.   
  [4155]    rpc error: code = ResourceExhausted desc = Client id e69a73f2-7aac-43bb-958a-5df9f8b644b1 request expired in queue.   
  [89]      rpc error: code = Canceled desc = grpc: the client connection is closing                                              
  [26501]   rpc error: code = ResourceExhausted desc = Client id 7041a62d-244d-4f65-b514-18270955e874 request expired in queue.   
  [42]      rpc error: code = ResourceExhausted desc = Client id a7b9bc99-e143-4a0c-85cf-7f44ee31bc81 request expired in queue.   
  [30]      rpc error: code = ResourceExhausted desc = Client id 26878d8e-c9a1-4515-b6c6-f724d1b55613 request expired in queue.   
  [4159]    rpc error: code = ResourceExhausted desc = Server-side queuing delay is beyond AQM threshold                          

Debug: Checking Namespace=default, Pod=ms-11070-7868c54f44-6k2wj for Target File=deathstar_*.output
Namespace: default, Pod: ms-11070-7868c54f44-6k2wj has the target files.
Copying deathstar_ms-11070.output to deathstar_ms-11070.output
tar: removing leading '/' from member names
Debug: Checking Namespace=default, Pod=ms-11285-67d597dc77-sngtb for Target File=deathstar_*.output
Namespace: default, Pod: ms-11285-67d597dc77-sngtb has the target files.
Copying deathstar_ms-11285.output to deathstar_ms-11285.output
tar: removing leading '/' from member names
Debug: Checking Namespace=default, Pod=ms-11512-75f8ddc45b-8nfwf for Target File=deathstar_*.output
Namespace: default, Pod: ms-11512-75f8ddc45b-8nfwf has the target files.
Copying deathstar_ms-11512.output to deathstar_ms-11512.output
tar: removing leading '/' from member names
Debug: Checking Namespace=default, Pod=ms-1278-85766ff6b8-zzs5z for Target File=deathstar_*.output
Namespace: default, Pod: ms-1278-85766ff6b8-zzs5z has the target files.
Copying deathstar_ms-1278.output to deathstar_ms-1278.output
tar: removing leading '/' from member names
Debug: Checking Namespace=default, Pod=ms-13873-85d7bb7b97-rvpht for Target File=deathstar_*.output
Namespace: default, Pod: ms-13873-85d7bb7b97-rvpht has the target files.
Copying deathstar_ms-13873.output to deathstar_ms-13873.output
tar: removing leading '/' from member names
Debug: Checking Namespace=default, Pod=ms-19953-68cc8998c5-2zhh6 for Target File=deathstar_*.output
Namespace: default, Pod: ms-19953-68cc8998c5-2zhh6 has the target files.
Copying deathstar_ms-19953.output to deathstar_ms-19953.output
tar: removing leading '/' from member names
Debug: Checking Namespace=default, Pod=ms-21883-f6c88c6d4-82w47 for Target File=deathstar_*.output
Namespace: default, Pod: ms-21883-f6c88c6d4-82w47 has the target files.
Copying deathstar_ms-21883.output to deathstar_ms-21883.output
tar: removing leading '/' from member names
Debug: Checking Namespace=default, Pod=ms-25124-77bd4446f5-6kttb for Target File=deathstar_*.output
Namespace: default, Pod: ms-25124-77bd4446f5-6kttb has the target files.
Copying deathstar_ms-25124.output to deathstar_ms-25124.output
tar: removing leading '/' from member names
Debug: Checking Namespace=default, Pod=ms-27421-8565974486-q5ktz for Target File=deathstar_*.output
Namespace: default, Pod: ms-27421-8565974486-q5ktz has the target files.
Copying deathstar_ms-27421.output to deathstar_ms-27421.output
tar: removing leading '/' from member names
Debug: Checking Namespace=default, Pod=ms-2827-5dcc6df4f4-xskxd for Target File=deathstar_*.output
Namespace: default, Pod: ms-2827-5dcc6df4f4-xskxd has the target files.
Copying deathstar_ms-2827.output to deathstar_ms-2827.output
tar: removing leading '/' from member names
Debug: Checking Namespace=default, Pod=ms-33719-6c455cf54c-c8qff for Target File=deathstar_*.output
Namespace: default, Pod: ms-33719-6c455cf54c-c8qff has the target files.
Copying deathstar_ms-33719.output to deathstar_ms-33719.output
tar: removing leading '/' from member names
Debug: Checking Namespace=default, Pod=ms-37691-b9bc44798-xtwhl for Target File=deathstar_*.output
Namespace: default, Pod: ms-37691-b9bc44798-xtwhl has the target files.
Copying deathstar_ms-37691.output to deathstar_ms-37691.output
tar: removing leading '/' from member names
Debug: Checking Namespace=default, Pod=ms-43309-54f758d465-8plvl for Target File=deathstar_*.output
Namespace: default, Pod: ms-43309-54f758d465-8plvl has the target files.
Copying deathstar_ms-43309.output to deathstar_ms-43309.output
tar: removing leading '/' from member names
Debug: Checking Namespace=default, Pod=ms-4354-669cfcbdf6-8nh8m for Target File=deathstar_*.output
Namespace: default, Pod: ms-4354-669cfcbdf6-8nh8m has the target files.
Copying deathstar_ms-4354.output to deathstar_ms-4354.output
tar: removing leading '/' from member names
Debug: Checking Namespace=default, Pod=ms-46825-58c684559d-zqds8 for Target File=deathstar_*.output
Namespace: default, Pod: ms-46825-58c684559d-zqds8 has the target files.
Copying deathstar_ms-46825.output to deathstar_ms-46825.output
tar: removing leading '/' from member names
Debug: Checking Namespace=default, Pod=ms-60236-64866cf49-c6q8c for Target File=deathstar_*.output
Namespace: default, Pod: ms-60236-64866cf49-c6q8c has the target files.
Copying deathstar_ms-60236.output to deathstar_ms-60236.output
tar: removing leading '/' from member names
Debug: Checking Namespace=default, Pod=ms-71771-567ddbdd95-57psl for Target File=deathstar_*.output
Namespace: default, Pod: ms-71771-567ddbdd95-57psl has the target files.
Copying deathstar_ms-71771.output to deathstar_ms-71771.output
tar: removing leading '/' from member names
Debug: Checking Namespace=default, Pod=ms-8052-b995968dc-fqnwz for Target File=deathstar_*.output
Namespace: default, Pod: ms-8052-b995968dc-fqnwz has the target files.
Copying deathstar_ms-8052.output to deathstar_ms-8052.output
tar: removing leading '/' from member names
Debug: Checking Namespace=default, Pod=ms-902-5744544f85-bn2xj for Target File=deathstar_*.output
Namespace: default, Pod: ms-902-5744544f85-bn2xj has the target files.
Copying deathstar_ms-902.output to deathstar_ms-902.output
tar: removing leading '/' from member names
Debug: Checking Namespace=default, Pod=nginx-web-server-56557f7cb7-8rq5g for Target File=deathstar_*.output
Namespace: default, Pod: nginx-web-server-56557f7cb7-8rq5g has the target files.
Copying deathstar_nginx-web-server.output to deathstar_nginx-web-server.output
tar: removing leading '/' from member names
