Deployments: ms-11070
ms-11285
ms-11512
ms-1278
ms-13873
ms-19953
ms-21883
ms-25124
ms-27421
ms-2827
ms-33719
ms-37691
ms-43309
ms-4354
ms-46825
ms-60236
ms-71771
ms-8052
ms-902
nginx-web-server
deployment "ms-11070" successfully rolled out
deployment "ms-11285" successfully rolled out
deployment "ms-11512" successfully rolled out
deployment "ms-1278" successfully rolled out
deployment "ms-13873" successfully rolled out
deployment "ms-19953" successfully rolled out
deployment "ms-21883" successfully rolled out
deployment "ms-25124" successfully rolled out
deployment "ms-27421" successfully rolled out
deployment "ms-2827" successfully rolled out
deployment "ms-33719" successfully rolled out
deployment "ms-37691" successfully rolled out
deployment "ms-43309" successfully rolled out
deployment "ms-4354" successfully rolled out
deployment "ms-46825" successfully rolled out
deployment "ms-60236" successfully rolled out
deployment "ms-71771" successfully rolled out
deployment "ms-8052" successfully rolled out
deployment "ms-902" successfully rolled out
deployment "nginx-web-server" successfully rolled out
ENTRY_POINT: nginx-web-server
SERVICE_A_URL: 10.110.230.199:50051
Capacity: 10000
Metadata: request-id={{.RequestNumber}}
Metadata: timestamp={{.TimestampUnix}}
Metadata: method=S_102000854
Charon Configurations:
[{INTERCEPT breakwaterd} {PRICE_UPDATE_RATE 10ms} {TOKEN_UPDATE_RATE 10ms} {LATENCY_THRESHOLD 100us} {PRICE_STEP 0} {PRICE_STRATEGY step} {LAZY_UPDATE false} {RATE_LIMITING true} {LOAD_SHEDDING true} {CHARON_TRACK_PRICE false} {BREAKWATER_SLO 25635us} {BREAKWATER_A 0.09501067514218642} {BREAKWATER_B 0.6500527792015809} {BREAKWATER_CLIENT_EXPIRATION 4601us} {BREAKWATER_INITIAL_CREDIT 358} {BREAKWATER_LOAD_SHEDDING true} {BREAKWATER_RTT 1251us} {BREAKWATERD_SLO 34402us} {BREAKWATERD_A 6.764443652485968} {BREAKWATERD_B 9.300256996401057} {BREAKWATERD_CLIENT_EXPIRATION 96858us} {BREAKWATERD_INITIAL_CREDIT 3751} {BREAKWATERD_LOAD_SHEDDING true} {BREAKWATERD_RTT 8226us} {DAGOR_QUEUING_THRESHOLD 2ms} {DAGOR_ALPHA 0.05} {DAGOR_BETA 0.01} {DAGOR_ADMISSION_LEVEL_UPDATE_INTERVAL 10ms} {DAGOR_UMAX 20}]

Summary:
  Count:	104687
  Total:	24.94 s
  Slowest:	820.86 ms
  Fastest:	39.07 ms
  Average:	174.74 ms
  Requests/sec:	4198.15

Response time histogram:
  39.070  [1]     |
  117.250 [18100] |∎∎∎∎∎∎∎∎∎∎∎∎∎∎∎∎∎∎∎∎∎∎∎∎∎∎∎∎∎∎∎∎∎∎
  195.429 [19404] |∎∎∎∎∎∎∎∎∎∎∎∎∎∎∎∎∎∎∎∎∎∎∎∎∎∎∎∎∎∎∎∎∎∎∎∎
  273.608 [21333] |∎∎∎∎∎∎∎∎∎∎∎∎∎∎∎∎∎∎∎∎∎∎∎∎∎∎∎∎∎∎∎∎∎∎∎∎∎∎∎∎
  351.787 [11090] |∎∎∎∎∎∎∎∎∎∎∎∎∎∎∎∎∎∎∎∎∎
  429.966 [6882]  |∎∎∎∎∎∎∎∎∎∎∎∎∎
  508.145 [3101]  |∎∎∎∎∎∎
  586.324 [398]   |∎
  664.503 [101]   |
  742.682 [0]     |
  820.861 [113]   |

Latency distribution:
  10 % in 43.23 ms 
  25 % in 129.48 ms 
  50 % in 204.32 ms 
  75 % in 280.81 ms 
  90 % in 376.53 ms 
  95 % in 425.29 ms 
  99 % in 494.85 ms 

Status code distribution:
  [OK]                  80523 responses   
  [ResourceExhausted]   23668 responses   
  [Canceled]            495 responses     
  [Unavailable]         1 responses       

Error distribution:
  [52]      rpc error: code = ResourceExhausted desc = Client id 71757c22-ec81-4a98-9ed9-9db412bcfa27 request expired in queue.   
  [3]       rpc error: code = ResourceExhausted desc = Client id ffa970e4-e26d-4aa2-a605-431d8d135dc2 request expired in queue.   
  [54]      rpc error: code = ResourceExhausted desc = Client id 8ff9940a-ecff-434e-bd80-4f5e03826b64 request expired in queue.   
  [495]     rpc error: code = Canceled desc = grpc: the client connection is closing                                              
  [1]       rpc error: code = Unavailable desc = transport is closing                                                             
  [17841]   rpc error: code = ResourceExhausted desc = Client id 31e69326-ea12-4c15-bedc-8724b17d8887 request expired in queue.   
  [3970]    rpc error: code = ResourceExhausted desc = Server-side queuing delay is beyond AQM threshold                          
  [1748]    rpc error: code = ResourceExhausted desc = Client id e54055e9-f6d4-451c-882a-3736100c72bf request expired in queue.   

Debug: Checking Namespace=default, Pod=ms-11070-7868c54f44-2skdv for Target File=deathstar_*.output
Namespace: default, Pod: ms-11070-7868c54f44-2skdv has the target files.
Copying deathstar_ms-11070.output to deathstar_ms-11070.output
tar: removing leading '/' from member names
Debug: Checking Namespace=default, Pod=ms-11285-67d597dc77-tfc87 for Target File=deathstar_*.output
Namespace: default, Pod: ms-11285-67d597dc77-tfc87 has the target files.
Copying deathstar_ms-11285.output to deathstar_ms-11285.output
tar: removing leading '/' from member names
Debug: Checking Namespace=default, Pod=ms-11512-75f8ddc45b-z47vs for Target File=deathstar_*.output
Namespace: default, Pod: ms-11512-75f8ddc45b-z47vs has the target files.
Copying deathstar_ms-11512.output to deathstar_ms-11512.output
tar: removing leading '/' from member names
Debug: Checking Namespace=default, Pod=ms-1278-85766ff6b8-zvzpg for Target File=deathstar_*.output
Namespace: default, Pod: ms-1278-85766ff6b8-zvzpg has the target files.
Copying deathstar_ms-1278.output to deathstar_ms-1278.output
tar: removing leading '/' from member names
Debug: Checking Namespace=default, Pod=ms-13873-85d7bb7b97-5jvx6 for Target File=deathstar_*.output
Namespace: default, Pod: ms-13873-85d7bb7b97-5jvx6 has the target files.
Copying deathstar_ms-13873.output to deathstar_ms-13873.output
tar: removing leading '/' from member names
Debug: Checking Namespace=default, Pod=ms-19953-68cc8998c5-jrs57 for Target File=deathstar_*.output
Namespace: default, Pod: ms-19953-68cc8998c5-jrs57 has the target files.
Copying deathstar_ms-19953.output to deathstar_ms-19953.output
tar: removing leading '/' from member names
Debug: Checking Namespace=default, Pod=ms-21883-f6c88c6d4-lch5s for Target File=deathstar_*.output
Namespace: default, Pod: ms-21883-f6c88c6d4-lch5s has the target files.
Copying deathstar_ms-21883.output to deathstar_ms-21883.output
tar: removing leading '/' from member names
Debug: Checking Namespace=default, Pod=ms-25124-77bd4446f5-7pmfb for Target File=deathstar_*.output
Namespace: default, Pod: ms-25124-77bd4446f5-7pmfb has the target files.
Copying deathstar_ms-25124.output to deathstar_ms-25124.output
tar: removing leading '/' from member names
Debug: Checking Namespace=default, Pod=ms-27421-8565974486-f2jkd for Target File=deathstar_*.output
Namespace: default, Pod: ms-27421-8565974486-f2jkd has the target files.
Copying deathstar_ms-27421.output to deathstar_ms-27421.output
tar: removing leading '/' from member names
Debug: Checking Namespace=default, Pod=ms-2827-5dcc6df4f4-8d6c6 for Target File=deathstar_*.output
Namespace: default, Pod: ms-2827-5dcc6df4f4-8d6c6 has the target files.
Copying deathstar_ms-2827.output to deathstar_ms-2827.output
tar: removing leading '/' from member names
Debug: Checking Namespace=default, Pod=ms-33719-6c455cf54c-4pw56 for Target File=deathstar_*.output
Namespace: default, Pod: ms-33719-6c455cf54c-4pw56 has the target files.
Copying deathstar_ms-33719.output to deathstar_ms-33719.output
tar: removing leading '/' from member names
Debug: Checking Namespace=default, Pod=ms-37691-b9bc44798-xc579 for Target File=deathstar_*.output
Namespace: default, Pod: ms-37691-b9bc44798-xc579 has the target files.
Copying deathstar_ms-37691.output to deathstar_ms-37691.output
tar: removing leading '/' from member names
Debug: Checking Namespace=default, Pod=ms-43309-54f758d465-b8l7g for Target File=deathstar_*.output
Namespace: default, Pod: ms-43309-54f758d465-b8l7g has the target files.
Copying deathstar_ms-43309.output to deathstar_ms-43309.output
tar: removing leading '/' from member names
Debug: Checking Namespace=default, Pod=ms-4354-669cfcbdf6-hdj4l for Target File=deathstar_*.output
Namespace: default, Pod: ms-4354-669cfcbdf6-hdj4l has the target files.
Copying deathstar_ms-4354.output to deathstar_ms-4354.output
tar: removing leading '/' from member names
Debug: Checking Namespace=default, Pod=ms-46825-58c684559d-qc4x9 for Target File=deathstar_*.output
Namespace: default, Pod: ms-46825-58c684559d-qc4x9 has the target files.
Copying deathstar_ms-46825.output to deathstar_ms-46825.output
tar: removing leading '/' from member names
Debug: Checking Namespace=default, Pod=ms-60236-64866cf49-p8rnz for Target File=deathstar_*.output
Namespace: default, Pod: ms-60236-64866cf49-p8rnz has the target files.
Copying deathstar_ms-60236.output to deathstar_ms-60236.output
tar: removing leading '/' from member names
Debug: Checking Namespace=default, Pod=ms-71771-567ddbdd95-88btv for Target File=deathstar_*.output
Namespace: default, Pod: ms-71771-567ddbdd95-88btv has the target files.
Copying deathstar_ms-71771.output to deathstar_ms-71771.output
tar: removing leading '/' from member names
Debug: Checking Namespace=default, Pod=ms-8052-b995968dc-4w7vx for Target File=deathstar_*.output
Namespace: default, Pod: ms-8052-b995968dc-4w7vx has the target files.
Copying deathstar_ms-8052.output to deathstar_ms-8052.output
tar: removing leading '/' from member names
Debug: Checking Namespace=default, Pod=ms-902-5744544f85-9wd8l for Target File=deathstar_*.output
Namespace: default, Pod: ms-902-5744544f85-9wd8l has the target files.
Copying deathstar_ms-902.output to deathstar_ms-902.output
tar: removing leading '/' from member names
Debug: Checking Namespace=default, Pod=nginx-web-server-56557f7cb7-jtswg for Target File=deathstar_*.output
Namespace: default, Pod: nginx-web-server-56557f7cb7-jtswg has the target files.
Copying deathstar_nginx-web-server.output to deathstar_nginx-web-server.output
tar: removing leading '/' from member names
