Deployments: ms-10090
ms-13558
ms-18330
ms-19585
ms-20172
ms-22893
ms-24009
ms-24959
ms-26622
ms-27421
ms-29373
ms-32301
ms-3289
ms-37691
ms-38964
ms-40147
ms-48118
ms-4829
ms-51685
ms-52379
ms-55394
ms-58436
ms-58772
ms-59962
ms-60061
ms-6323
ms-65741
ms-66473
ms-69188
ms-69614
ms-9081
nginx-web-server
unknown
deployment "ms-10090" successfully rolled out
deployment "ms-13558" successfully rolled out
deployment "ms-18330" successfully rolled out
deployment "ms-19585" successfully rolled out
deployment "ms-20172" successfully rolled out
deployment "ms-22893" successfully rolled out
deployment "ms-24009" successfully rolled out
deployment "ms-24959" successfully rolled out
deployment "ms-26622" successfully rolled out
deployment "ms-27421" successfully rolled out
deployment "ms-29373" successfully rolled out
deployment "ms-32301" successfully rolled out
deployment "ms-3289" successfully rolled out
deployment "ms-37691" successfully rolled out
deployment "ms-38964" successfully rolled out
deployment "ms-40147" successfully rolled out
deployment "ms-48118" successfully rolled out
deployment "ms-4829" successfully rolled out
deployment "ms-51685" successfully rolled out
deployment "ms-52379" successfully rolled out
deployment "ms-55394" successfully rolled out
deployment "ms-58436" successfully rolled out
deployment "ms-58772" successfully rolled out
deployment "ms-59962" successfully rolled out
deployment "ms-60061" successfully rolled out
deployment "ms-6323" successfully rolled out
deployment "ms-65741" successfully rolled out
deployment "ms-66473" successfully rolled out
deployment "ms-69188" successfully rolled out
deployment "ms-69614" successfully rolled out
deployment "ms-9081" successfully rolled out
deployment "nginx-web-server" successfully rolled out
deployment "unknown" successfully rolled out
ENTRY_POINT: nginx-web-server
SERVICE_A_URL: 10.99.114.40:50051
Capacity: 6000
Metadata: request-id={{.RequestNumber}}
Metadata: timestamp={{.TimestampUnix}}
Metadata: method=S_149998854
Charon Configurations:
[{INTERCEPT charon} {PRICE_UPDATE_RATE 25443us} {TOKEN_UPDATE_RATE 13691us} {LATENCY_THRESHOLD 9014us} {PRICE_STEP 150} {PRICE_STRATEGY proportional} {LAZY_UPDATE true} {RATE_LIMITING true} {LOAD_SHEDDING true} {CHARON_TRACK_PRICE false} {BREAKWATER_SLO 12500us} {BREAKWATER_A 0.001} {BREAKWATER_B 0.02} {BREAKWATER_CLIENT_EXPIRATION 10ms} {BREAKWATER_INITIAL_CREDIT 400} {BREAKWATER_LOAD_SHEDDING true} {BREAKWATER_RTT 1000us} {BREAKWATERD_SLO 12500us} {BREAKWATERD_A 0.001} {BREAKWATERD_B 0.02} {BREAKWATERD_CLIENT_EXPIRATION 10ms} {BREAKWATERD_INITIAL_CREDIT 400} {BREAKWATERD_LOAD_SHEDDING true} {BREAKWATERD_RTT 1000us} {DAGOR_QUEUING_THRESHOLD 2ms} {DAGOR_ALPHA 0.05} {DAGOR_BETA 0.01} {DAGOR_ADMISSION_LEVEL_UPDATE_INTERVAL 10ms} {DAGOR_UMAX 20}]

Summary:
  Count:	58989
  Total:	14.82 s
  Slowest:	901.90 ms
  Fastest:	110.81 ms
  Average:	130.21 ms
  Requests/sec:	3979.21

Response time histogram:
  110.807 [1]     |
  189.917 [52846] |∎∎∎∎∎∎∎∎∎∎∎∎∎∎∎∎∎∎∎∎∎∎∎∎∎∎∎∎∎∎∎∎∎∎∎∎∎∎∎∎
  269.026 [1831]  |∎
  348.136 [130]   |
  427.245 [23]    |
  506.355 [40]    |
  585.464 [0]     |
  664.574 [0]     |
  743.683 [9]     |
  822.793 [13]    |
  901.902 [24]    |

Latency distribution:
  10 % in 113.83 ms 
  25 % in 123.61 ms 
  50 % in 133.93 ms 
  75 % in 144.78 ms 
  90 % in 159.31 ms 
  95 % in 176.84 ms 
  99 % in 248.28 ms 

Status code distribution:
  [ResourceExhausted]   3687 responses    
  [OK]                  54917 responses   
  [Canceled]            385 responses     

Error distribution:
  [119]    rpc error: code = ResourceExhausted desc = S_149998854 req dropped by ms-66473. Try again later.           
  [3188]   rpc error: code = ResourceExhausted desc = S_149998854 req dropped by nginx-web-server. Try again later.   
  [385]    rpc error: code = Canceled desc = grpc: the client connection is closing                                   
  [249]    rpc error: code = ResourceExhausted desc = S_149998854 req dropped by ms-55394. Try again later.           
  [131]    rpc error: code = ResourceExhausted desc = S_149998854 req dropped by ms-18330. Try again later.           

Debug: Checking Namespace=default, Pod=ms-10090-6454f977fd-f6dnn for Target File=deathstar_*.output
Namespace: default, Pod: ms-10090-6454f977fd-f6dnn has the target files.
Copying deathstar_ms-10090.output to deathstar_ms-10090.output
tar: removing leading '/' from member names
Debug: Checking Namespace=default, Pod=ms-13558-b48bb5d9d-b2svr for Target File=deathstar_*.output
Namespace: default, Pod: ms-13558-b48bb5d9d-b2svr has the target files.
Copying deathstar_ms-13558.output to deathstar_ms-13558.output
tar: removing leading '/' from member names
Debug: Checking Namespace=default, Pod=ms-18330-759d9cf49c-dvbb5 for Target File=deathstar_*.output
Namespace: default, Pod: ms-18330-759d9cf49c-dvbb5 has the target files.
Copying deathstar_ms-18330.output to deathstar_ms-18330.output
tar: removing leading '/' from member names
Debug: Checking Namespace=default, Pod=ms-19585-6f995cfcbf-r4x5b for Target File=deathstar_*.output
Namespace: default, Pod: ms-19585-6f995cfcbf-r4x5b has the target files.
Copying deathstar_ms-19585.output to deathstar_ms-19585.output
tar: removing leading '/' from member names
Debug: Checking Namespace=default, Pod=ms-20172-59d5485464-g9449 for Target File=deathstar_*.output
Namespace: default, Pod: ms-20172-59d5485464-g9449 has the target files.
Copying deathstar_ms-20172.output to deathstar_ms-20172.output
tar: removing leading '/' from member names
Debug: Checking Namespace=default, Pod=ms-22893-576fd5f9f6-4mkrv for Target File=deathstar_*.output
Namespace: default, Pod: ms-22893-576fd5f9f6-4mkrv has the target files.
Copying deathstar_ms-22893.output to deathstar_ms-22893.output
tar: removing leading '/' from member names
Debug: Checking Namespace=default, Pod=ms-24009-67dbf5b976-5b4qq for Target File=deathstar_*.output
Namespace: default, Pod: ms-24009-67dbf5b976-5b4qq has the target files.
Copying deathstar_ms-24009.output to deathstar_ms-24009.output
tar: removing leading '/' from member names
Debug: Checking Namespace=default, Pod=ms-24959-99f8bbf9-4l7m8 for Target File=deathstar_*.output
Namespace: default, Pod: ms-24959-99f8bbf9-4l7m8 has the target files.
Copying deathstar_ms-24959.output to deathstar_ms-24959.output
tar: removing leading '/' from member names
Debug: Checking Namespace=default, Pod=ms-26622-66fdf7d64f-cxlz6 for Target File=deathstar_*.output
Namespace: default, Pod: ms-26622-66fdf7d64f-cxlz6 has the target files.
Copying deathstar_ms-26622.output to deathstar_ms-26622.output
tar: removing leading '/' from member names
Debug: Checking Namespace=default, Pod=ms-27421-64f549855c-xv59p for Target File=deathstar_*.output
Namespace: default, Pod: ms-27421-64f549855c-xv59p has the target files.
Copying deathstar_ms-27421.output to deathstar_ms-27421.output
tar: removing leading '/' from member names
Debug: Checking Namespace=default, Pod=ms-29373-8467f7db44-4hcbk for Target File=deathstar_*.output
Namespace: default, Pod: ms-29373-8467f7db44-4hcbk has the target files.
Copying deathstar_ms-29373.output to deathstar_ms-29373.output
tar: removing leading '/' from member names
Debug: Checking Namespace=default, Pod=ms-32301-c5654bbc5-c52hz for Target File=deathstar_*.output
Namespace: default, Pod: ms-32301-c5654bbc5-c52hz has the target files.
Copying deathstar_ms-32301.output to deathstar_ms-32301.output
tar: removing leading '/' from member names
Debug: Checking Namespace=default, Pod=ms-3289-587dbd96bf-wrzhw for Target File=deathstar_*.output
Namespace: default, Pod: ms-3289-587dbd96bf-wrzhw has the target files.
Copying deathstar_ms-3289.output to deathstar_ms-3289.output
tar: removing leading '/' from member names
Debug: Checking Namespace=default, Pod=ms-37691-6dc6cd6744-9lkmc for Target File=deathstar_*.output
Namespace: default, Pod: ms-37691-6dc6cd6744-9lkmc has the target files.
Copying deathstar_ms-37691.output to deathstar_ms-37691.output
tar: removing leading '/' from member names
Debug: Checking Namespace=default, Pod=ms-38964-5b647cdbd-v6gjb for Target File=deathstar_*.output
Namespace: default, Pod: ms-38964-5b647cdbd-v6gjb has the target files.
Copying deathstar_ms-38964.output to deathstar_ms-38964.output
tar: removing leading '/' from member names
Debug: Checking Namespace=default, Pod=ms-40147-cd867585-qghkt for Target File=deathstar_*.output
Namespace: default, Pod: ms-40147-cd867585-qghkt has the target files.
Copying deathstar_ms-40147.output to deathstar_ms-40147.output
tar: removing leading '/' from member names
Debug: Checking Namespace=default, Pod=ms-48118-ff7b99cc9-llcfn for Target File=deathstar_*.output
Namespace: default, Pod: ms-48118-ff7b99cc9-llcfn has the target files.
Copying deathstar_ms-48118.output to deathstar_ms-48118.output
tar: removing leading '/' from member names
Debug: Checking Namespace=default, Pod=ms-4829-669557b66c-t9mjn for Target File=deathstar_*.output
Namespace: default, Pod: ms-4829-669557b66c-t9mjn has the target files.
Copying deathstar_ms-4829.output to deathstar_ms-4829.output
tar: removing leading '/' from member names
Debug: Checking Namespace=default, Pod=ms-51685-79858c784f-v2dlr for Target File=deathstar_*.output
Namespace: default, Pod: ms-51685-79858c784f-v2dlr has the target files.
Copying deathstar_ms-51685.output to deathstar_ms-51685.output
tar: removing leading '/' from member names
Debug: Checking Namespace=default, Pod=ms-52379-57c6cdd54b-7xfsh for Target File=deathstar_*.output
Namespace: default, Pod: ms-52379-57c6cdd54b-7xfsh has the target files.
Copying deathstar_ms-52379.output to deathstar_ms-52379.output
tar: removing leading '/' from member names
Debug: Checking Namespace=default, Pod=ms-55394-6f999f5df9-zg7zq for Target File=deathstar_*.output
Namespace: default, Pod: ms-55394-6f999f5df9-zg7zq has the target files.
Copying deathstar_ms-55394.output to deathstar_ms-55394.output
tar: removing leading '/' from member names
Debug: Checking Namespace=default, Pod=ms-58436-59dd96f659-p46sf for Target File=deathstar_*.output
Namespace: default, Pod: ms-58436-59dd96f659-p46sf has the target files.
Copying deathstar_ms-58436.output to deathstar_ms-58436.output
tar: removing leading '/' from member names
Debug: Checking Namespace=default, Pod=ms-58772-68ff78c966-x52vf for Target File=deathstar_*.output
Namespace: default, Pod: ms-58772-68ff78c966-x52vf has the target files.
Copying deathstar_ms-58772.output to deathstar_ms-58772.output
tar: removing leading '/' from member names
Debug: Checking Namespace=default, Pod=ms-59962-756b895b58-4tgw6 for Target File=deathstar_*.output
Namespace: default, Pod: ms-59962-756b895b58-4tgw6 has the target files.
Copying deathstar_ms-59962.output to deathstar_ms-59962.output
tar: removing leading '/' from member names
Debug: Checking Namespace=default, Pod=ms-60061-68bd84bdcd-wkglg for Target File=deathstar_*.output
Namespace: default, Pod: ms-60061-68bd84bdcd-wkglg has the target files.
Copying deathstar_ms-60061.output to deathstar_ms-60061.output
tar: removing leading '/' from member names
Debug: Checking Namespace=default, Pod=ms-6323-974659fcd-7t6rd for Target File=deathstar_*.output
Namespace: default, Pod: ms-6323-974659fcd-7t6rd has the target files.
Copying deathstar_ms-6323.output to deathstar_ms-6323.output
tar: removing leading '/' from member names
Debug: Checking Namespace=default, Pod=ms-65741-65f588bcdf-dlxq2 for Target File=deathstar_*.output
Namespace: default, Pod: ms-65741-65f588bcdf-dlxq2 has the target files.
Copying deathstar_ms-65741.output to deathstar_ms-65741.output
tar: removing leading '/' from member names
Debug: Checking Namespace=default, Pod=ms-66473-79c66f8bff-qslz5 for Target File=deathstar_*.output
Namespace: default, Pod: ms-66473-79c66f8bff-qslz5 has the target files.
Copying deathstar_ms-66473.output to deathstar_ms-66473.output
tar: removing leading '/' from member names
Debug: Checking Namespace=default, Pod=ms-69188-65c548d4cb-sf64g for Target File=deathstar_*.output
Namespace: default, Pod: ms-69188-65c548d4cb-sf64g has the target files.
Copying deathstar_ms-69188.output to deathstar_ms-69188.output
tar: removing leading '/' from member names
Debug: Checking Namespace=default, Pod=ms-69614-794bd8475-j6lzd for Target File=deathstar_*.output
Namespace: default, Pod: ms-69614-794bd8475-j6lzd has the target files.
Copying deathstar_ms-69614.output to deathstar_ms-69614.output
tar: removing leading '/' from member names
Debug: Checking Namespace=default, Pod=ms-9081-567985788-kmgt7 for Target File=deathstar_*.output
Namespace: default, Pod: ms-9081-567985788-kmgt7 has the target files.
Copying deathstar_ms-9081.output to deathstar_ms-9081.output
tar: removing leading '/' from member names
Debug: Checking Namespace=default, Pod=nginx-web-server-56557f7cb7-jhnpf for Target File=deathstar_*.output
Namespace: default, Pod: nginx-web-server-56557f7cb7-jhnpf has the target files.
Copying deathstar_nginx-web-server.output to deathstar_nginx-web-server.output
tar: removing leading '/' from member names
Debug: Checking Namespace=default, Pod=unknown-6ddf9bd4b5-wmlxr for Target File=deathstar_*.output
Namespace: default, Pod: unknown-6ddf9bd4b5-wmlxr has the target files.
Copying deathstar_unknown.output to deathstar_unknown.output
tar: removing leading '/' from member names
