Deployments: ms-25648
ms-27283
ms-27421
ms-2827
ms-34756
ms-36144
ms-37691
ms-41385
ms-41914
ms-46825
ms-54016
ms-55339
ms-58269
ms-58845
ms-68328
ms-70297
nginx-web-server
unknown
deployment "ms-25648" successfully rolled out
deployment "ms-27283" successfully rolled out
deployment "ms-27421" successfully rolled out
deployment "ms-2827" successfully rolled out
deployment "ms-34756" successfully rolled out
deployment "ms-36144" successfully rolled out
deployment "ms-37691" successfully rolled out
deployment "ms-41385" successfully rolled out
deployment "ms-41914" successfully rolled out
deployment "ms-46825" successfully rolled out
deployment "ms-54016" successfully rolled out
deployment "ms-55339" successfully rolled out
deployment "ms-58269" successfully rolled out
deployment "ms-58845" successfully rolled out
deployment "ms-68328" successfully rolled out
deployment "ms-70297" successfully rolled out
deployment "nginx-web-server" successfully rolled out
deployment "unknown" successfully rolled out
ENTRY_POINT: nginx-web-server
SERVICE_A_URL: 10.101.45.212:50051
Capacity: 10000
Metadata: method=S_161142529
Metadata: request-id={{.RequestNumber}}
Metadata: timestamp={{.TimestampUnix}}
Charon Configurations:
[{INTERCEPT charon} {PRICE_UPDATE_RATE 1725us} {TOKEN_UPDATE_RATE 1000us} {LATENCY_THRESHOLD 30000us} {PRICE_STEP 149} {PRICE_STRATEGY proportional} {LAZY_UPDATE true} {RATE_LIMITING true} {LOAD_SHEDDING true} {CHARON_TRACK_PRICE false} {BREAKWATER_SLO 12500us} {BREAKWATER_A 0.001} {BREAKWATER_B 0.02} {BREAKWATER_CLIENT_EXPIRATION 10ms} {BREAKWATER_INITIAL_CREDIT 400} {BREAKWATER_LOAD_SHEDDING true} {BREAKWATER_RTT 1000us} {BREAKWATERD_SLO 12500us} {BREAKWATERD_A 0.001} {BREAKWATERD_B 0.02} {BREAKWATERD_CLIENT_EXPIRATION 10ms} {BREAKWATERD_INITIAL_CREDIT 400} {BREAKWATERD_LOAD_SHEDDING true} {BREAKWATERD_RTT 1000us} {DAGOR_QUEUING_THRESHOLD 2ms} {DAGOR_ALPHA 0.05} {DAGOR_BETA 0.01} {DAGOR_ADMISSION_LEVEL_UPDATE_INTERVAL 10ms} {DAGOR_UMAX 20}]

Summary:
  Count:	98503
  Total:	14.81 s
  Slowest:	1.03 s
  Fastest:	64.85 ms
  Average:	225.72 ms
  Requests/sec:	6649.65

Response time histogram:
  64.849   [1]     |
  161.342  [49898] |∎∎∎∎∎∎∎∎∎∎∎∎∎∎∎∎∎∎∎∎∎∎∎∎∎∎∎∎∎∎∎∎∎∎∎∎∎∎∎∎
  257.834  [19954] |∎∎∎∎∎∎∎∎∎∎∎∎∎∎∎∎
  354.326  [7380]  |∎∎∎∎∎∎
  450.818  [4199]  |∎∎∎
  547.311  [4199]  |∎∎∎
  643.803  [1766]  |∎
  740.295  [2870]  |∎∎
  836.787  [2564]  |∎∎
  933.279  [1373]  |∎
  1029.772 [303]   |

Latency distribution:
  10 % in 68.52 ms 
  25 % in 110.41 ms 
  50 % in 155.15 ms 
  75 % in 271.07 ms 
  90 % in 526.38 ms 
  95 % in 726.91 ms 
  99 % in 878.92 ms 

Status code distribution:
  [DeadlineExceeded]    31 responses      
  [Canceled]            1194 responses    
  [OK]                  94507 responses   
  [ResourceExhausted]   2771 responses    

Error distribution:
  [1836]   rpc error: code = ResourceExhausted desc = S_161142529 req dropped by nginx-web-server. Try again later.   
  [31]     rpc error: code = DeadlineExceeded desc = context deadline exceeded                                        
  [1194]   rpc error: code = Canceled desc = grpc: the client connection is closing                                   
  [170]    rpc error: code = ResourceExhausted desc = S_161142529 req dropped by ms-36144. Try again later.           
  [325]    rpc error: code = ResourceExhausted desc = S_161142529 req dropped by ms-27283. Try again later.           
  [262]    rpc error: code = ResourceExhausted desc = S_161142529 req dropped by unknown. Try again later.            
  [178]    rpc error: code = ResourceExhausted desc = S_161142529 req dropped by ms-41385. Try again later.           

Debug: Checking Namespace=default, Pod=ms-25648-86cc47d8bd-vfpgb for Target File=deathstar_*.output
Namespace: default, Pod: ms-25648-86cc47d8bd-vfpgb has the target files.
Copying deathstar_ms-25648.output to deathstar_ms-25648.output
tar: removing leading '/' from member names
Debug: Checking Namespace=default, Pod=ms-27283-7cb76dd56d-kfclh for Target File=deathstar_*.output
Namespace: default, Pod: ms-27283-7cb76dd56d-kfclh has the target files.
Copying deathstar_ms-27283.output to deathstar_ms-27283.output
tar: removing leading '/' from member names
Debug: Checking Namespace=default, Pod=ms-27421-64f549855c-nccbv for Target File=deathstar_*.output
Namespace: default, Pod: ms-27421-64f549855c-nccbv has the target files.
Copying deathstar_ms-27421.output to deathstar_ms-27421.output
tar: removing leading '/' from member names
Debug: Checking Namespace=default, Pod=ms-2827-565cbcd7b-29s9q for Target File=deathstar_*.output
Namespace: default, Pod: ms-2827-565cbcd7b-29s9q has the target files.
Copying deathstar_ms-2827.output to deathstar_ms-2827.output
tar: removing leading '/' from member names
Debug: Checking Namespace=default, Pod=ms-34756-7c45d5bcc-vcjlb for Target File=deathstar_*.output
Namespace: default, Pod: ms-34756-7c45d5bcc-vcjlb has the target files.
Copying deathstar_ms-34756.output to deathstar_ms-34756.output
tar: removing leading '/' from member names
Debug: Checking Namespace=default, Pod=ms-36144-7bf7cbfff6-f2d28 for Target File=deathstar_*.output
Namespace: default, Pod: ms-36144-7bf7cbfff6-f2d28 has the target files.
Copying deathstar_ms-36144.output to deathstar_ms-36144.output
tar: removing leading '/' from member names
Debug: Checking Namespace=default, Pod=ms-37691-6f7cbf7c5-hc6c9 for Target File=deathstar_*.output
Namespace: default, Pod: ms-37691-6f7cbf7c5-hc6c9 has the target files.
Copying deathstar_ms-37691.output to deathstar_ms-37691.output
tar: removing leading '/' from member names
Debug: Checking Namespace=default, Pod=ms-41385-6bc4f5d4fc-mhqxp for Target File=deathstar_*.output
Namespace: default, Pod: ms-41385-6bc4f5d4fc-mhqxp has the target files.
Copying deathstar_ms-41385.output to deathstar_ms-41385.output
tar: removing leading '/' from member names
Debug: Checking Namespace=default, Pod=ms-41914-5555dd8d48-5nr68 for Target File=deathstar_*.output
Namespace: default, Pod: ms-41914-5555dd8d48-5nr68 has the target files.
Copying deathstar_ms-41914.output to deathstar_ms-41914.output
tar: removing leading '/' from member names
Debug: Checking Namespace=default, Pod=ms-46825-58c684559d-2jfqr for Target File=deathstar_*.output
Namespace: default, Pod: ms-46825-58c684559d-2jfqr has the target files.
Copying deathstar_ms-46825.output to deathstar_ms-46825.output
tar: removing leading '/' from member names
Debug: Checking Namespace=default, Pod=ms-54016-5665fbcb8d-9t6hs for Target File=deathstar_*.output
Namespace: default, Pod: ms-54016-5665fbcb8d-9t6hs has the target files.
Copying deathstar_ms-54016.output to deathstar_ms-54016.output
tar: removing leading '/' from member names
Debug: Checking Namespace=default, Pod=ms-55339-5b545b67bb-z8wsl for Target File=deathstar_*.output
Namespace: default, Pod: ms-55339-5b545b67bb-z8wsl has the target files.
Copying deathstar_ms-55339.output to deathstar_ms-55339.output
tar: removing leading '/' from member names
Debug: Checking Namespace=default, Pod=ms-58269-8c4794c6c-sfpdf for Target File=deathstar_*.output
Namespace: default, Pod: ms-58269-8c4794c6c-sfpdf has the target files.
Copying deathstar_ms-58269.output to deathstar_ms-58269.output
tar: removing leading '/' from member names
Debug: Checking Namespace=default, Pod=ms-58845-5bc6f9d8df-m2gqw for Target File=deathstar_*.output
Namespace: default, Pod: ms-58845-5bc6f9d8df-m2gqw has the target files.
Copying deathstar_ms-58845.output to deathstar_ms-58845.output
tar: removing leading '/' from member names
Debug: Checking Namespace=default, Pod=ms-68328-5866fd45b7-dx9tg for Target File=deathstar_*.output
Namespace: default, Pod: ms-68328-5866fd45b7-dx9tg has the target files.
Copying deathstar_ms-68328.output to deathstar_ms-68328.output
tar: removing leading '/' from member names
Debug: Checking Namespace=default, Pod=ms-70297-868876bcdb-kfr8f for Target File=deathstar_*.output
Namespace: default, Pod: ms-70297-868876bcdb-kfr8f has the target files.
Copying deathstar_ms-70297.output to deathstar_ms-70297.output
tar: removing leading '/' from member names
Debug: Checking Namespace=default, Pod=nginx-web-server-56557f7cb7-hk8ft for Target File=deathstar_*.output
Namespace: default, Pod: nginx-web-server-56557f7cb7-hk8ft has the target files.
Copying deathstar_nginx-web-server.output to deathstar_nginx-web-server.output
tar: removing leading '/' from member names
Debug: Checking Namespace=default, Pod=unknown-57ddd65965-kt9cw for Target File=deathstar_*.output
Namespace: default, Pod: unknown-57ddd65965-kt9cw has the target files.
Copying deathstar_unknown.output to deathstar_unknown.output
tar: removing leading '/' from member names
