Deployments: ms-10090
ms-13558
ms-18330
ms-19585
ms-20172
ms-22893
ms-24009
ms-24959
ms-26622
ms-27421
ms-29373
ms-32301
ms-3289
ms-37691
ms-38964
ms-40147
ms-48118
ms-4829
ms-51685
ms-52379
ms-55394
ms-58436
ms-58772
ms-59962
ms-60061
ms-6323
ms-65741
ms-66473
ms-69188
ms-69614
ms-9081
nginx-web-server
unknown
deployment "ms-10090" successfully rolled out
deployment "ms-13558" successfully rolled out
deployment "ms-18330" successfully rolled out
deployment "ms-19585" successfully rolled out
deployment "ms-20172" successfully rolled out
deployment "ms-22893" successfully rolled out
deployment "ms-24009" successfully rolled out
deployment "ms-24959" successfully rolled out
deployment "ms-26622" successfully rolled out
deployment "ms-27421" successfully rolled out
deployment "ms-29373" successfully rolled out
deployment "ms-32301" successfully rolled out
deployment "ms-3289" successfully rolled out
deployment "ms-37691" successfully rolled out
deployment "ms-38964" successfully rolled out
deployment "ms-40147" successfully rolled out
deployment "ms-48118" successfully rolled out
deployment "ms-4829" successfully rolled out
deployment "ms-51685" successfully rolled out
deployment "ms-52379" successfully rolled out
deployment "ms-55394" successfully rolled out
deployment "ms-58436" successfully rolled out
deployment "ms-58772" successfully rolled out
deployment "ms-59962" successfully rolled out
deployment "ms-60061" successfully rolled out
deployment "ms-6323" successfully rolled out
deployment "ms-65741" successfully rolled out
deployment "ms-66473" successfully rolled out
deployment "ms-69188" successfully rolled out
deployment "ms-69614" successfully rolled out
deployment "ms-9081" successfully rolled out
deployment "nginx-web-server" successfully rolled out
deployment "unknown" successfully rolled out
ENTRY_POINT: nginx-web-server
SERVICE_A_URL: 10.106.216.96:50051
Capacity: 6000
Metadata: request-id={{.RequestNumber}}
Metadata: timestamp={{.TimestampUnix}}
Metadata: method=S_149998854
Charon Configurations:
[{INTERCEPT breakwater} {PRICE_UPDATE_RATE 10ms} {TOKEN_UPDATE_RATE 10ms} {LATENCY_THRESHOLD 100us} {PRICE_STEP 0} {PRICE_STRATEGY step} {LAZY_UPDATE false} {RATE_LIMITING true} {LOAD_SHEDDING true} {CHARON_TRACK_PRICE false} {BREAKWATER_SLO 4618us} {BREAKWATER_A 0.2895180150248522} {BREAKWATER_B 1.2813105474595612} {BREAKWATER_CLIENT_EXPIRATION 82us} {BREAKWATER_INITIAL_CREDIT 1776} {BREAKWATER_LOAD_SHEDDING true} {BREAKWATER_RTT 18779us} {BREAKWATERD_SLO 12500us} {BREAKWATERD_A 0.001} {BREAKWATERD_B 0.02} {BREAKWATERD_CLIENT_EXPIRATION 10ms} {BREAKWATERD_INITIAL_CREDIT 400} {BREAKWATERD_LOAD_SHEDDING true} {BREAKWATERD_RTT 1000us} {DAGOR_QUEUING_THRESHOLD 2ms} {DAGOR_ALPHA 0.05} {DAGOR_BETA 0.01} {DAGOR_ADMISSION_LEVEL_UPDATE_INTERVAL 10ms} {DAGOR_UMAX 20}]

Summary:
  Count:	62752
  Total:	24.93 s
  Slowest:	873.39 ms
  Fastest:	111.02 ms
  Average:	138.88 ms
  Requests/sec:	2516.94

Response time histogram:
  111.020 [1]     |
  187.257 [50379] |∎∎∎∎∎∎∎∎∎∎∎∎∎∎∎∎∎∎∎∎∎∎∎∎∎∎∎∎∎∎∎∎∎∎∎∎∎∎∎∎
  263.494 [6197]  |∎∎∎∎∎
  339.731 [24]    |
  415.968 [0]     |
  492.205 [0]     |
  568.443 [0]     |
  644.680 [0]     |
  720.917 [0]     |
  797.154 [31]    |
  873.391 [52]    |

Latency distribution:
  10 % in 115.33 ms 
  25 % in 129.47 ms 
  50 % in 148.54 ms 
  75 % in 169.17 ms 
  90 % in 189.33 ms 
  95 % in 201.49 ms 
  99 % in 228.10 ms 

Status code distribution:
  [OK]                  56684 responses   
  [ResourceExhausted]   5677 responses    
  [Canceled]            391 responses     

Error distribution:
  [391]    rpc error: code = Canceled desc = grpc: the client connection is closing                       
  [5677]   rpc error: code = ResourceExhausted desc = Server-side queuing delay is beyond AQM threshold   

Debug: Checking Namespace=default, Pod=ms-10090-6454f977fd-gxm65 for Target File=deathstar_*.output
Namespace: default, Pod: ms-10090-6454f977fd-gxm65 has the target files.
Copying deathstar_ms-10090.output to deathstar_ms-10090.output
tar: removing leading '/' from member names
Debug: Checking Namespace=default, Pod=ms-13558-b48bb5d9d-7wf4h for Target File=deathstar_*.output
Namespace: default, Pod: ms-13558-b48bb5d9d-7wf4h has the target files.
Copying deathstar_ms-13558.output to deathstar_ms-13558.output
tar: removing leading '/' from member names
Debug: Checking Namespace=default, Pod=ms-18330-759d9cf49c-cpb57 for Target File=deathstar_*.output
Namespace: default, Pod: ms-18330-759d9cf49c-cpb57 has the target files.
Copying deathstar_ms-18330.output to deathstar_ms-18330.output
tar: removing leading '/' from member names
Debug: Checking Namespace=default, Pod=ms-19585-6f995cfcbf-9zmzk for Target File=deathstar_*.output
Namespace: default, Pod: ms-19585-6f995cfcbf-9zmzk has the target files.
Copying deathstar_ms-19585.output to deathstar_ms-19585.output
tar: removing leading '/' from member names
Debug: Checking Namespace=default, Pod=ms-20172-59d5485464-jwv7p for Target File=deathstar_*.output
Namespace: default, Pod: ms-20172-59d5485464-jwv7p has the target files.
Copying deathstar_ms-20172.output to deathstar_ms-20172.output
tar: removing leading '/' from member names
Debug: Checking Namespace=default, Pod=ms-22893-576fd5f9f6-lghjr for Target File=deathstar_*.output
Namespace: default, Pod: ms-22893-576fd5f9f6-lghjr has the target files.
Copying deathstar_ms-22893.output to deathstar_ms-22893.output
tar: removing leading '/' from member names
Debug: Checking Namespace=default, Pod=ms-24009-67dbf5b976-l5mvh for Target File=deathstar_*.output
Namespace: default, Pod: ms-24009-67dbf5b976-l5mvh has the target files.
Copying deathstar_ms-24009.output to deathstar_ms-24009.output
tar: removing leading '/' from member names
Debug: Checking Namespace=default, Pod=ms-24959-99f8bbf9-s8lgd for Target File=deathstar_*.output
Namespace: default, Pod: ms-24959-99f8bbf9-s8lgd has the target files.
Copying deathstar_ms-24959.output to deathstar_ms-24959.output
tar: removing leading '/' from member names
Debug: Checking Namespace=default, Pod=ms-26622-66fdf7d64f-7rhfb for Target File=deathstar_*.output
Namespace: default, Pod: ms-26622-66fdf7d64f-7rhfb has the target files.
Copying deathstar_ms-26622.output to deathstar_ms-26622.output
tar: removing leading '/' from member names
Debug: Checking Namespace=default, Pod=ms-27421-64f549855c-v8wl8 for Target File=deathstar_*.output
Namespace: default, Pod: ms-27421-64f549855c-v8wl8 has the target files.
Copying deathstar_ms-27421.output to deathstar_ms-27421.output
tar: removing leading '/' from member names
Debug: Checking Namespace=default, Pod=ms-29373-8467f7db44-76gbt for Target File=deathstar_*.output
Namespace: default, Pod: ms-29373-8467f7db44-76gbt has the target files.
Copying deathstar_ms-29373.output to deathstar_ms-29373.output
tar: removing leading '/' from member names
Debug: Checking Namespace=default, Pod=ms-32301-c5654bbc5-jtqjn for Target File=deathstar_*.output
Namespace: default, Pod: ms-32301-c5654bbc5-jtqjn has the target files.
Copying deathstar_ms-32301.output to deathstar_ms-32301.output
tar: removing leading '/' from member names
Debug: Checking Namespace=default, Pod=ms-3289-587dbd96bf-8cbg5 for Target File=deathstar_*.output
Namespace: default, Pod: ms-3289-587dbd96bf-8cbg5 has the target files.
Copying deathstar_ms-3289.output to deathstar_ms-3289.output
tar: removing leading '/' from member names
Debug: Checking Namespace=default, Pod=ms-37691-6dc6cd6744-zzjq4 for Target File=deathstar_*.output
Namespace: default, Pod: ms-37691-6dc6cd6744-zzjq4 has the target files.
Copying deathstar_ms-37691.output to deathstar_ms-37691.output
tar: removing leading '/' from member names
Debug: Checking Namespace=default, Pod=ms-38964-5b647cdbd-jdc6j for Target File=deathstar_*.output
Namespace: default, Pod: ms-38964-5b647cdbd-jdc6j has the target files.
Copying deathstar_ms-38964.output to deathstar_ms-38964.output
tar: removing leading '/' from member names
Debug: Checking Namespace=default, Pod=ms-40147-cd867585-h5j4l for Target File=deathstar_*.output
Namespace: default, Pod: ms-40147-cd867585-h5j4l has the target files.
Copying deathstar_ms-40147.output to deathstar_ms-40147.output
tar: removing leading '/' from member names
Debug: Checking Namespace=default, Pod=ms-48118-ff7b99cc9-4vspc for Target File=deathstar_*.output
Namespace: default, Pod: ms-48118-ff7b99cc9-4vspc has the target files.
Copying deathstar_ms-48118.output to deathstar_ms-48118.output
tar: removing leading '/' from member names
Debug: Checking Namespace=default, Pod=ms-4829-669557b66c-dltxs for Target File=deathstar_*.output
Namespace: default, Pod: ms-4829-669557b66c-dltxs has the target files.
Copying deathstar_ms-4829.output to deathstar_ms-4829.output
tar: removing leading '/' from member names
Debug: Checking Namespace=default, Pod=ms-51685-79858c784f-z99th for Target File=deathstar_*.output
Namespace: default, Pod: ms-51685-79858c784f-z99th has the target files.
Copying deathstar_ms-51685.output to deathstar_ms-51685.output
tar: removing leading '/' from member names
Debug: Checking Namespace=default, Pod=ms-52379-57c6cdd54b-c7pfx for Target File=deathstar_*.output
Namespace: default, Pod: ms-52379-57c6cdd54b-c7pfx has the target files.
Copying deathstar_ms-52379.output to deathstar_ms-52379.output
tar: removing leading '/' from member names
Debug: Checking Namespace=default, Pod=ms-55394-6f999f5df9-xxl5f for Target File=deathstar_*.output
Namespace: default, Pod: ms-55394-6f999f5df9-xxl5f has the target files.
Copying deathstar_ms-55394.output to deathstar_ms-55394.output
tar: removing leading '/' from member names
Debug: Checking Namespace=default, Pod=ms-58436-59dd96f659-ngjdp for Target File=deathstar_*.output
Namespace: default, Pod: ms-58436-59dd96f659-ngjdp has the target files.
Copying deathstar_ms-58436.output to deathstar_ms-58436.output
tar: removing leading '/' from member names
Debug: Checking Namespace=default, Pod=ms-58772-68ff78c966-98npd for Target File=deathstar_*.output
Namespace: default, Pod: ms-58772-68ff78c966-98npd has the target files.
Copying deathstar_ms-58772.output to deathstar_ms-58772.output
tar: removing leading '/' from member names
Debug: Checking Namespace=default, Pod=ms-59962-756b895b58-lmlvw for Target File=deathstar_*.output
Namespace: default, Pod: ms-59962-756b895b58-lmlvw has the target files.
Copying deathstar_ms-59962.output to deathstar_ms-59962.output
tar: removing leading '/' from member names
Debug: Checking Namespace=default, Pod=ms-60061-68bd84bdcd-67vsp for Target File=deathstar_*.output
Namespace: default, Pod: ms-60061-68bd84bdcd-67vsp has the target files.
Copying deathstar_ms-60061.output to deathstar_ms-60061.output
tar: removing leading '/' from member names
Debug: Checking Namespace=default, Pod=ms-6323-974659fcd-7cq9x for Target File=deathstar_*.output
Namespace: default, Pod: ms-6323-974659fcd-7cq9x has the target files.
Copying deathstar_ms-6323.output to deathstar_ms-6323.output
tar: removing leading '/' from member names
Debug: Checking Namespace=default, Pod=ms-65741-65f588bcdf-877q6 for Target File=deathstar_*.output
Namespace: default, Pod: ms-65741-65f588bcdf-877q6 has the target files.
Copying deathstar_ms-65741.output to deathstar_ms-65741.output
tar: removing leading '/' from member names
Debug: Checking Namespace=default, Pod=ms-66473-79c66f8bff-cb9zd for Target File=deathstar_*.output
Namespace: default, Pod: ms-66473-79c66f8bff-cb9zd has the target files.
Copying deathstar_ms-66473.output to deathstar_ms-66473.output
tar: removing leading '/' from member names
Debug: Checking Namespace=default, Pod=ms-69188-65c548d4cb-pclc9 for Target File=deathstar_*.output
Namespace: default, Pod: ms-69188-65c548d4cb-pclc9 has the target files.
Copying deathstar_ms-69188.output to deathstar_ms-69188.output
tar: removing leading '/' from member names
Debug: Checking Namespace=default, Pod=ms-69614-794bd8475-4kwf4 for Target File=deathstar_*.output
Namespace: default, Pod: ms-69614-794bd8475-4kwf4 has the target files.
Copying deathstar_ms-69614.output to deathstar_ms-69614.output
tar: removing leading '/' from member names
Debug: Checking Namespace=default, Pod=ms-9081-567985788-jw5gv for Target File=deathstar_*.output
Namespace: default, Pod: ms-9081-567985788-jw5gv has the target files.
Copying deathstar_ms-9081.output to deathstar_ms-9081.output
tar: removing leading '/' from member names
Debug: Checking Namespace=default, Pod=nginx-web-server-56557f7cb7-vlfmv for Target File=deathstar_*.output
Namespace: default, Pod: nginx-web-server-56557f7cb7-vlfmv has the target files.
Copying deathstar_nginx-web-server.output to deathstar_nginx-web-server.output
tar: removing leading '/' from member names
Debug: Checking Namespace=default, Pod=unknown-6ddf9bd4b5-cswfr for Target File=deathstar_*.output
Namespace: default, Pod: unknown-6ddf9bd4b5-cswfr has the target files.
Copying deathstar_unknown.output to deathstar_unknown.output
tar: removing leading '/' from member names
