Deployments: compose-post-service
home-timeline-redis
home-timeline-service
media-service
nginx-web-server
post-storage-mongo
post-storage-service
social-graph-redis
social-graph-service
text-service
unique-id-service
url-shorten-mongo
url-shorten-service
user-mention-memcached
user-mention-service
user-service
user-timeline-mongo
user-timeline-redis
user-timeline-service
deployment "compose-post-service" successfully rolled out
Deployment compose-post-service is ready.
deployment "home-timeline-redis" successfully rolled out
Deployment home-timeline-redis is ready.
deployment "home-timeline-service" successfully rolled out
Deployment home-timeline-service is ready.
deployment "media-service" successfully rolled out
Deployment media-service is ready.
deployment "nginx-web-server" successfully rolled out
Deployment nginx-web-server is ready.
deployment "post-storage-mongo" successfully rolled out
Deployment post-storage-mongo is ready.
deployment "post-storage-service" successfully rolled out
Deployment post-storage-service is ready.
deployment "social-graph-redis" successfully rolled out
Deployment social-graph-redis is ready.
deployment "social-graph-service" successfully rolled out
Deployment social-graph-service is ready.
deployment "text-service" successfully rolled out
Deployment text-service is ready.
deployment "unique-id-service" successfully rolled out
Deployment unique-id-service is ready.
deployment "url-shorten-mongo" successfully rolled out
Deployment url-shorten-mongo is ready.
deployment "url-shorten-service" successfully rolled out
Deployment url-shorten-service is ready.
deployment "user-mention-memcached" successfully rolled out
Deployment user-mention-memcached is ready.
deployment "user-mention-service" successfully rolled out
Deployment user-mention-service is ready.
deployment "user-service" successfully rolled out
Deployment user-service is ready.
deployment "user-timeline-mongo" successfully rolled out
Deployment user-timeline-mongo is ready.
deployment "user-timeline-redis" successfully rolled out
Deployment user-timeline-redis is ready.
deployment "user-timeline-service" successfully rolled out
Deployment user-timeline-service is ready.
ENTRY_POINT: nginx-web-server
SERVICE_A_URL: 10.108.109.199:50051
Capacity: 3500
Metadata: timestamp={{.TimestampUnix}}
Metadata: method=compose
Metadata: request-id={{.RequestNumber}}
Constant load: true
Capacity: 3500
Run duration: 10s
Enable Charon: true
Charon options: map[debug:false debugFreq:1000 initprice:10 rateLimiting:true tokenRefillDist:poisson tokenStrategy:uniform tokenUpdateRate:10ms tokenUpdateStep:10 tokensLeft:0]

Summary:
  Count:	30949
  Total:	9.79 s
  Slowest:	3.02 s
  Fastest:	12.94 ms
  Average:	105.50 ms
  Requests/sec:	3160.60

Response time histogram:
  12.943   [1]     |
  313.566  [29409] |∎∎∎∎∎∎∎∎∎∎∎∎∎∎∎∎∎∎∎∎∎∎∎∎∎∎∎∎∎∎∎∎∎∎∎∎∎∎∎∎
  614.189  [270]   |
  914.812  [120]   |
  1215.435 [238]   |
  1516.058 [0]     |
  1816.681 [0]     |
  2117.304 [0]     |
  2417.928 [0]     |
  2718.551 [26]    |
  3019.174 [611]   |∎

Latency distribution:
  10 % in 14.07 ms 
  25 % in 15.10 ms 
  50 % in 17.74 ms 
  75 % in 37.02 ms 
  90 % in 103.64 ms 
  95 % in 265.10 ms 
  99 % in 2.82 s 

Status code distribution:
  [Unavailable]   143 responses     
  [OK]            30675 responses   
  [Canceled]      131 responses     

Error distribution:
  [34]    rpc error: code = Unavailable desc = connection error: desc = "error reading server preface: read tcp 128.110.218.26:46006->10.108.109.199:50051: read: connection reset by peer"   
  [30]    rpc error: code = Unavailable desc = connection error: desc = "error reading server preface: read tcp 128.110.218.26:46134->10.108.109.199:50051: read: connection reset by peer"   
  [25]    rpc error: code = Unavailable desc = connection error: desc = "error reading server preface: read tcp 128.110.218.26:46052->10.108.109.199:50051: read: connection reset by peer"   
  [25]    rpc error: code = Unavailable desc = connection error: desc = "error reading server preface: read tcp 128.110.218.26:46156->10.108.109.199:50051: read: connection reset by peer"   
  [131]   rpc error: code = Canceled desc = grpc: the client connection is closing                                                                                                            
  [29]    rpc error: code = Unavailable desc = connection error: desc = "error reading server preface: read tcp 128.110.218.26:46152->10.108.109.199:50051: read: connection reset by peer"   

Debug: Checking Namespace=default, Pod=compose-post-service-6db8bd7fb5-4zb8n for Target File=deathstar_*.output
Namespace: default, Pod: compose-post-service-6db8bd7fb5-4zb8n has the target files.
Copying deathstar_compose-post-service.output to deathstar_compose-post-service.output
tar: removing leading '/' from member names
Debug: Checking Namespace=default, Pod=home-timeline-redis-68bdbb459f-t2777 for Target File=deathstar_*.output
Namespace: default, Pod: home-timeline-redis-68bdbb459f-t2777 has the target files.
Copying deathstar_home-timeline-redis.output to deathstar_home-timeline-redis.output
tar: removing leading '/' from member names
Debug: Checking Namespace=default, Pod=home-timeline-service-6fcb4679db-dp84f for Target File=deathstar_*.output
Namespace: default, Pod: home-timeline-service-6fcb4679db-dp84f has the target files.
Copying deathstar_home-timeline-service.output to deathstar_home-timeline-service.output
tar: removing leading '/' from member names
Debug: Checking Namespace=default, Pod=media-service-cfc4b74c7-ml6wd for Target File=deathstar_*.output
Namespace: default, Pod: media-service-cfc4b74c7-ml6wd has the target files.
Copying deathstar_media-service.output to deathstar_media-service.output
tar: removing leading '/' from member names
Debug: Checking Namespace=default, Pod=nginx-web-server-64fc6fd886-zgjk7 for Target File=deathstar_*.output
Namespace: default, Pod: nginx-web-server-64fc6fd886-zgjk7 has the target files.
Copying deathstar_nginx-web-server.output to deathstar_nginx-web-server.output
tar: removing leading '/' from member names
Debug: Checking Namespace=default, Pod=post-storage-mongo-65c79c9bcd-8r9fs for Target File=deathstar_*.output
Namespace: default, Pod: post-storage-mongo-65c79c9bcd-8r9fs has the target files.
Copying deathstar_post-storage-mongo.output to deathstar_post-storage-mongo.output
tar: removing leading '/' from member names
Debug: Checking Namespace=default, Pod=post-storage-service-6cb68b6d86-2k7nz for Target File=deathstar_*.output
Namespace: default, Pod: post-storage-service-6cb68b6d86-2k7nz has the target files.
Copying deathstar_post-storage-service.output to deathstar_post-storage-service.output
tar: removing leading '/' from member names
Debug: Checking Namespace=default, Pod=social-graph-redis-6fdf7b4459-vc6mh for Target File=deathstar_*.output
Namespace: default, Pod: social-graph-redis-6fdf7b4459-vc6mh has the target files.
Copying deathstar_social-graph-redis.output to deathstar_social-graph-redis.output
tar: removing leading '/' from member names
Debug: Checking Namespace=default, Pod=social-graph-service-7d9d94b79d-frqhl for Target File=deathstar_*.output
Namespace: default, Pod: social-graph-service-7d9d94b79d-frqhl has the target files.
Copying deathstar_social-graph-service.output to deathstar_social-graph-service.output
tar: removing leading '/' from member names
Debug: Checking Namespace=default, Pod=text-service-58d95db9d4-hdjxj for Target File=deathstar_*.output
Namespace: default, Pod: text-service-58d95db9d4-hdjxj has the target files.
Copying deathstar_text-service.output to deathstar_text-service.output
tar: removing leading '/' from member names
Debug: Checking Namespace=default, Pod=unique-id-service-545ffbdd6c-4mcv8 for Target File=deathstar_*.output
Namespace: default, Pod: unique-id-service-545ffbdd6c-4mcv8 has the target files.
Copying deathstar_unique-id-service.output to deathstar_unique-id-service.output
tar: removing leading '/' from member names
Debug: Checking Namespace=default, Pod=url-shorten-mongo-6b4c85bb87-24jwr for Target File=deathstar_*.output
Namespace: default, Pod: url-shorten-mongo-6b4c85bb87-24jwr has the target files.
Copying deathstar_url-shorten-mongo.output to deathstar_url-shorten-mongo.output
tar: removing leading '/' from member names
Debug: Checking Namespace=default, Pod=url-shorten-service-68d694d594-wq9hp for Target File=deathstar_*.output
Namespace: default, Pod: url-shorten-service-68d694d594-wq9hp has the target files.
Copying deathstar_url-shorten-service.output to deathstar_url-shorten-service.output
tar: removing leading '/' from member names
Debug: Checking Namespace=default, Pod=user-mention-memcached-64575cd9dc-f25gt for Target File=deathstar_*.output
Namespace: default, Pod: user-mention-memcached-64575cd9dc-f25gt has the target files.
Copying deathstar_user-mention-memcached.output to deathstar_user-mention-memcached.output
tar: removing leading '/' from member names
Debug: Checking Namespace=default, Pod=user-mention-service-6dcfcb4b8d-hx5f9 for Target File=deathstar_*.output
Namespace: default, Pod: user-mention-service-6dcfcb4b8d-hx5f9 has the target files.
Copying deathstar_user-mention-service.output to deathstar_user-mention-service.output
tar: removing leading '/' from member names
Debug: Checking Namespace=default, Pod=user-service-5b549c744-tdlv9 for Target File=deathstar_*.output
Namespace: default, Pod: user-service-5b549c744-tdlv9 has the target files.
Copying deathstar_user-service.output to deathstar_user-service.output
tar: removing leading '/' from member names
Debug: Checking Namespace=default, Pod=user-timeline-mongo-6dfc455859-5zdgr for Target File=deathstar_*.output
Namespace: default, Pod: user-timeline-mongo-6dfc455859-5zdgr has the target files.
Copying deathstar_user-timeline-mongo.output to deathstar_user-timeline-mongo.output
tar: removing leading '/' from member names
Debug: Checking Namespace=default, Pod=user-timeline-redis-7b55f9ffd9-bx75z for Target File=deathstar_*.output
Namespace: default, Pod: user-timeline-redis-7b55f9ffd9-bx75z has the target files.
Copying deathstar_user-timeline-redis.output to deathstar_user-timeline-redis.output
tar: removing leading '/' from member names
Debug: Checking Namespace=default, Pod=user-timeline-service-f648cb4f4-v2468 for Target File=deathstar_*.output
Namespace: default, Pod: user-timeline-service-f648cb4f4-v2468 has the target files.
Copying deathstar_user-timeline-service.output to deathstar_user-timeline-service.output
tar: removing leading '/' from member names
Debug: Checking Namespace=default, Pod=compose-post-service-6db8bd7fb5-4zb8n for Target File=*.pprof
Namespace: default, Pod: compose-post-service-6db8bd7fb5-4zb8n has the target files.
Copying compose-post-service.pprof to compose-post-service.pprof
tar: removing leading '/' from member names
tar: removing leading '/' from member names
Debug: Checking Namespace=default, Pod=home-timeline-redis-68bdbb459f-t2777 for Target File=*.pprof
Namespace: default, Pod: home-timeline-redis-68bdbb459f-t2777 has the target files.
Debug: Checking Namespace=default, Pod=home-timeline-service-6fcb4679db-dp84f for Target File=*.pprof
Namespace: default, Pod: home-timeline-service-6fcb4679db-dp84f has the target files.
Copying home-timeline-service.pprof to home-timeline-service.pprof
tar: removing leading '/' from member names
tar: removing leading '/' from member names
Debug: Checking Namespace=default, Pod=media-service-cfc4b74c7-ml6wd for Target File=*.pprof
Namespace: default, Pod: media-service-cfc4b74c7-ml6wd has the target files.
Debug: Checking Namespace=default, Pod=nginx-web-server-64fc6fd886-zgjk7 for Target File=*.pprof
Namespace: default, Pod: nginx-web-server-64fc6fd886-zgjk7 has the target files.
Copying nginx-web-server.pprof to nginx-web-server.pprof
tar: removing leading '/' from member names
tar: removing leading '/' from member names
Debug: Checking Namespace=default, Pod=post-storage-mongo-65c79c9bcd-8r9fs for Target File=*.pprof
Namespace: default, Pod: post-storage-mongo-65c79c9bcd-8r9fs has the target files.
Copying post-storage-mongo.pprof to post-storage-mongo.pprof
tar: removing leading '/' from member names
tar: removing leading '/' from member names
Debug: Checking Namespace=default, Pod=post-storage-service-6cb68b6d86-2k7nz for Target File=*.pprof
Namespace: default, Pod: post-storage-service-6cb68b6d86-2k7nz has the target files.
Copying post-storage-service.pprof to post-storage-service.pprof
tar: removing leading '/' from member names
tar: removing leading '/' from member names
Debug: Checking Namespace=default, Pod=social-graph-redis-6fdf7b4459-vc6mh for Target File=*.pprof
Namespace: default, Pod: social-graph-redis-6fdf7b4459-vc6mh has the target files.
Copying social-graph-redis.pprof to social-graph-redis.pprof
tar: removing leading '/' from member names
tar: removing leading '/' from member names
Debug: Checking Namespace=default, Pod=social-graph-service-7d9d94b79d-frqhl for Target File=*.pprof
Namespace: default, Pod: social-graph-service-7d9d94b79d-frqhl has the target files.
Copying social-graph-service.pprof to social-graph-service.pprof
tar: removing leading '/' from member names
tar: removing leading '/' from member names
Debug: Checking Namespace=default, Pod=text-service-58d95db9d4-hdjxj for Target File=*.pprof
Namespace: default, Pod: text-service-58d95db9d4-hdjxj has the target files.
Copying text-service.pprof to text-service.pprof
tar: removing leading '/' from member names
tar: removing leading '/' from member names
Debug: Checking Namespace=default, Pod=unique-id-service-545ffbdd6c-4mcv8 for Target File=*.pprof
Namespace: default, Pod: unique-id-service-545ffbdd6c-4mcv8 has the target files.
Copying unique-id-service.pprof to unique-id-service.pprof
tar: removing leading '/' from member names
tar: removing leading '/' from member names
Debug: Checking Namespace=default, Pod=url-shorten-mongo-6b4c85bb87-24jwr for Target File=*.pprof
Namespace: default, Pod: url-shorten-mongo-6b4c85bb87-24jwr has the target files.
Copying url-shorten-mongo.pprof to url-shorten-mongo.pprof
tar: removing leading '/' from member names
tar: removing leading '/' from member names
Debug: Checking Namespace=default, Pod=url-shorten-service-68d694d594-wq9hp for Target File=*.pprof
Namespace: default, Pod: url-shorten-service-68d694d594-wq9hp has the target files.
Copying url-shorten-service.pprof to url-shorten-service.pprof
tar: removing leading '/' from member names
tar: removing leading '/' from member names
Debug: Checking Namespace=default, Pod=user-mention-memcached-64575cd9dc-f25gt for Target File=*.pprof
Namespace: default, Pod: user-mention-memcached-64575cd9dc-f25gt has the target files.
Copying user-mention-memcached.pprof to user-mention-memcached.pprof
tar: removing leading '/' from member names
tar: removing leading '/' from member names
Debug: Checking Namespace=default, Pod=user-mention-service-6dcfcb4b8d-hx5f9 for Target File=*.pprof
Namespace: default, Pod: user-mention-service-6dcfcb4b8d-hx5f9 has the target files.
Copying user-mention-service.pprof to user-mention-service.pprof
tar: removing leading '/' from member names
tar: removing leading '/' from member names
Debug: Checking Namespace=default, Pod=user-service-5b549c744-tdlv9 for Target File=*.pprof
Namespace: default, Pod: user-service-5b549c744-tdlv9 has the target files.
Copying user-service.pprof to user-service.pprof
tar: removing leading '/' from member names
tar: removing leading '/' from member names
Debug: Checking Namespace=default, Pod=user-timeline-mongo-6dfc455859-5zdgr for Target File=*.pprof
Namespace: default, Pod: user-timeline-mongo-6dfc455859-5zdgr has the target files.
Copying user-timeline-mongo.pprof to user-timeline-mongo.pprof
tar: removing leading '/' from member names
tar: removing leading '/' from member names
Debug: Checking Namespace=default, Pod=user-timeline-redis-7b55f9ffd9-bx75z for Target File=*.pprof
Namespace: default, Pod: user-timeline-redis-7b55f9ffd9-bx75z has the target files.
Copying user-timeline-redis.pprof to user-timeline-redis.pprof
tar: removing leading '/' from member names
tar: removing leading '/' from member names
Debug: Checking Namespace=default, Pod=user-timeline-service-f648cb4f4-v2468 for Target File=*.pprof
Namespace: default, Pod: user-timeline-service-f648cb4f4-v2468 has the target files.
Copying user-timeline-service.pprof to user-timeline-service.pprof
tar: removing leading '/' from member names
tar: removing leading '/' from member names
