Deployments: ms-11070
ms-11285
ms-11512
ms-1278
ms-13873
ms-19953
ms-21883
ms-25124
ms-27421
ms-2827
ms-33719
ms-37691
ms-43309
ms-4354
ms-46825
ms-60236
ms-71771
ms-8052
ms-902
nginx-web-server
deployment "ms-11070" successfully rolled out
deployment "ms-11285" successfully rolled out
deployment "ms-11512" successfully rolled out
deployment "ms-1278" successfully rolled out
deployment "ms-13873" successfully rolled out
deployment "ms-19953" successfully rolled out
deployment "ms-21883" successfully rolled out
deployment "ms-25124" successfully rolled out
deployment "ms-27421" successfully rolled out
deployment "ms-2827" successfully rolled out
deployment "ms-33719" successfully rolled out
deployment "ms-37691" successfully rolled out
deployment "ms-43309" successfully rolled out
deployment "ms-4354" successfully rolled out
deployment "ms-46825" successfully rolled out
deployment "ms-60236" successfully rolled out
deployment "ms-71771" successfully rolled out
deployment "ms-8052" successfully rolled out
deployment "ms-902" successfully rolled out
deployment "nginx-web-server" successfully rolled out
ENTRY_POINT: nginx-web-server
SERVICE_A_URL: 10.111.196.25:50051
Capacity: 10000
Metadata: request-id={{.RequestNumber}}
Metadata: timestamp={{.TimestampUnix}}
Metadata: method=S_102000854
Charon Configurations:
[{INTERCEPT breakwater} {PRICE_UPDATE_RATE 10ms} {TOKEN_UPDATE_RATE 10ms} {LATENCY_THRESHOLD 100us} {PRICE_STEP 0} {PRICE_STRATEGY step} {LAZY_UPDATE false} {RATE_LIMITING true} {LOAD_SHEDDING true} {CHARON_TRACK_PRICE false} {BREAKWATER_SLO 5942us} {BREAKWATER_A 5.608879841288104} {BREAKWATER_B 1.578558656902977} {BREAKWATER_CLIENT_EXPIRATION 516us} {BREAKWATER_INITIAL_CREDIT 896} {BREAKWATER_LOAD_SHEDDING true} {BREAKWATER_RTT 18171us} {BREAKWATERD_SLO 12500us} {BREAKWATERD_A 0.001} {BREAKWATERD_B 0.02} {BREAKWATERD_CLIENT_EXPIRATION 10ms} {BREAKWATERD_INITIAL_CREDIT 400} {BREAKWATERD_LOAD_SHEDDING true} {BREAKWATERD_RTT 1000us} {DAGOR_QUEUING_THRESHOLD 2ms} {DAGOR_ALPHA 0.05} {DAGOR_BETA 0.01} {DAGOR_ADMISSION_LEVEL_UPDATE_INTERVAL 10ms} {DAGOR_UMAX 20}]

Summary:
  Count:	108755
  Total:	25.00 s
  Slowest:	845.81 ms
  Fastest:	38.93 ms
  Average:	124.09 ms
  Requests/sec:	4350.52

Response time histogram:
  38.931  [1]     |
  119.619 [40118] |∎∎∎∎∎∎∎∎∎∎∎∎∎∎∎∎∎∎∎∎∎∎∎∎∎∎∎∎∎∎∎∎∎∎∎∎∎∎∎∎
  200.306 [33345] |∎∎∎∎∎∎∎∎∎∎∎∎∎∎∎∎∎∎∎∎∎∎∎∎∎∎∎∎∎∎∎∎∎
  280.994 [15024] |∎∎∎∎∎∎∎∎∎∎∎∎∎∎∎
  361.682 [4665]  |∎∎∎∎∎
  442.369 [390]   |
  523.057 [0]     |
  603.744 [0]     |
  684.432 [5]     |
  765.119 [31]    |
  845.807 [154]   |

Latency distribution:
  10 % in 42.16 ms 
  25 % in 84.98 ms 
  50 % in 133.69 ms 
  75 % in 190.51 ms 
  90 % in 248.65 ms 
  95 % in 286.15 ms 
  99 % in 343.54 ms 

Status code distribution:
  [OK]                  93733 responses   
  [ResourceExhausted]   14900 responses   
  [Canceled]            122 responses     

Error distribution:
  [14900]   rpc error: code = ResourceExhausted desc = Server-side queuing delay is beyond AQM threshold   
  [122]     rpc error: code = Canceled desc = grpc: the client connection is closing                       

Debug: Checking Namespace=default, Pod=ms-11070-7868c54f44-ngm8k for Target File=deathstar_*.output
Namespace: default, Pod: ms-11070-7868c54f44-ngm8k has the target files.
Copying deathstar_ms-11070.output to deathstar_ms-11070.output
tar: removing leading '/' from member names
Debug: Checking Namespace=default, Pod=ms-11285-67d597dc77-rppfr for Target File=deathstar_*.output
Namespace: default, Pod: ms-11285-67d597dc77-rppfr has the target files.
Copying deathstar_ms-11285.output to deathstar_ms-11285.output
tar: removing leading '/' from member names
Debug: Checking Namespace=default, Pod=ms-11512-75f8ddc45b-snf2z for Target File=deathstar_*.output
Namespace: default, Pod: ms-11512-75f8ddc45b-snf2z has the target files.
Copying deathstar_ms-11512.output to deathstar_ms-11512.output
tar: removing leading '/' from member names
Debug: Checking Namespace=default, Pod=ms-1278-85766ff6b8-76ktg for Target File=deathstar_*.output
Namespace: default, Pod: ms-1278-85766ff6b8-76ktg has the target files.
Copying deathstar_ms-1278.output to deathstar_ms-1278.output
tar: removing leading '/' from member names
Debug: Checking Namespace=default, Pod=ms-13873-85d7bb7b97-44x72 for Target File=deathstar_*.output
Namespace: default, Pod: ms-13873-85d7bb7b97-44x72 has the target files.
Copying deathstar_ms-13873.output to deathstar_ms-13873.output
tar: removing leading '/' from member names
Debug: Checking Namespace=default, Pod=ms-19953-68cc8998c5-dpk7h for Target File=deathstar_*.output
Namespace: default, Pod: ms-19953-68cc8998c5-dpk7h has the target files.
Copying deathstar_ms-19953.output to deathstar_ms-19953.output
tar: removing leading '/' from member names
Debug: Checking Namespace=default, Pod=ms-21883-f6c88c6d4-86m4w for Target File=deathstar_*.output
Namespace: default, Pod: ms-21883-f6c88c6d4-86m4w has the target files.
Copying deathstar_ms-21883.output to deathstar_ms-21883.output
tar: removing leading '/' from member names
Debug: Checking Namespace=default, Pod=ms-25124-77bd4446f5-brgpt for Target File=deathstar_*.output
Namespace: default, Pod: ms-25124-77bd4446f5-brgpt has the target files.
Copying deathstar_ms-25124.output to deathstar_ms-25124.output
tar: removing leading '/' from member names
Debug: Checking Namespace=default, Pod=ms-27421-8565974486-fgjkf for Target File=deathstar_*.output
Namespace: default, Pod: ms-27421-8565974486-fgjkf has the target files.
Copying deathstar_ms-27421.output to deathstar_ms-27421.output
tar: removing leading '/' from member names
Debug: Checking Namespace=default, Pod=ms-2827-5dcc6df4f4-rw9mw for Target File=deathstar_*.output
Namespace: default, Pod: ms-2827-5dcc6df4f4-rw9mw has the target files.
Copying deathstar_ms-2827.output to deathstar_ms-2827.output
tar: removing leading '/' from member names
Debug: Checking Namespace=default, Pod=ms-33719-6c455cf54c-6x6dz for Target File=deathstar_*.output
Namespace: default, Pod: ms-33719-6c455cf54c-6x6dz has the target files.
Copying deathstar_ms-33719.output to deathstar_ms-33719.output
tar: removing leading '/' from member names
Debug: Checking Namespace=default, Pod=ms-37691-b9bc44798-kxfsz for Target File=deathstar_*.output
Namespace: default, Pod: ms-37691-b9bc44798-kxfsz has the target files.
Copying deathstar_ms-37691.output to deathstar_ms-37691.output
tar: removing leading '/' from member names
Debug: Checking Namespace=default, Pod=ms-43309-54f758d465-842c2 for Target File=deathstar_*.output
Namespace: default, Pod: ms-43309-54f758d465-842c2 has the target files.
Copying deathstar_ms-43309.output to deathstar_ms-43309.output
tar: removing leading '/' from member names
Debug: Checking Namespace=default, Pod=ms-4354-669cfcbdf6-plbd6 for Target File=deathstar_*.output
Namespace: default, Pod: ms-4354-669cfcbdf6-plbd6 has the target files.
Copying deathstar_ms-4354.output to deathstar_ms-4354.output
tar: removing leading '/' from member names
Debug: Checking Namespace=default, Pod=ms-46825-58c684559d-f2l7z for Target File=deathstar_*.output
Namespace: default, Pod: ms-46825-58c684559d-f2l7z has the target files.
Copying deathstar_ms-46825.output to deathstar_ms-46825.output
tar: removing leading '/' from member names
Debug: Checking Namespace=default, Pod=ms-60236-64866cf49-bkqmm for Target File=deathstar_*.output
Namespace: default, Pod: ms-60236-64866cf49-bkqmm has the target files.
Copying deathstar_ms-60236.output to deathstar_ms-60236.output
tar: removing leading '/' from member names
Debug: Checking Namespace=default, Pod=ms-71771-567ddbdd95-47mb7 for Target File=deathstar_*.output
Namespace: default, Pod: ms-71771-567ddbdd95-47mb7 has the target files.
Copying deathstar_ms-71771.output to deathstar_ms-71771.output
tar: removing leading '/' from member names
Debug: Checking Namespace=default, Pod=ms-8052-b995968dc-lgnvw for Target File=deathstar_*.output
Namespace: default, Pod: ms-8052-b995968dc-lgnvw has the target files.
Copying deathstar_ms-8052.output to deathstar_ms-8052.output
tar: removing leading '/' from member names
Debug: Checking Namespace=default, Pod=ms-902-5744544f85-4rmfc for Target File=deathstar_*.output
Namespace: default, Pod: ms-902-5744544f85-4rmfc has the target files.
Copying deathstar_ms-902.output to deathstar_ms-902.output
tar: removing leading '/' from member names
Debug: Checking Namespace=default, Pod=nginx-web-server-56557f7cb7-9t2jz for Target File=deathstar_*.output
Namespace: default, Pod: nginx-web-server-56557f7cb7-9t2jz has the target files.
Copying deathstar_nginx-web-server.output to deathstar_nginx-web-server.output
tar: removing leading '/' from member names
