Deployments: ms-10090
ms-13558
ms-18330
ms-19585
ms-20172
ms-22893
ms-24009
ms-24959
ms-26622
ms-27421
ms-29373
ms-32301
ms-3289
ms-37691
ms-38964
ms-40147
ms-48118
ms-4829
ms-51685
ms-52379
ms-55394
ms-58436
ms-58772
ms-59962
ms-60061
ms-6323
ms-65741
ms-66473
ms-69188
ms-69614
ms-9081
nginx-web-server
unknown
deployment "ms-10090" successfully rolled out
deployment "ms-13558" successfully rolled out
deployment "ms-18330" successfully rolled out
deployment "ms-19585" successfully rolled out
deployment "ms-20172" successfully rolled out
deployment "ms-22893" successfully rolled out
deployment "ms-24009" successfully rolled out
deployment "ms-24959" successfully rolled out
deployment "ms-26622" successfully rolled out
deployment "ms-27421" successfully rolled out
deployment "ms-29373" successfully rolled out
deployment "ms-32301" successfully rolled out
deployment "ms-3289" successfully rolled out
deployment "ms-37691" successfully rolled out
deployment "ms-38964" successfully rolled out
deployment "ms-40147" successfully rolled out
deployment "ms-48118" successfully rolled out
deployment "ms-4829" successfully rolled out
deployment "ms-51685" successfully rolled out
deployment "ms-52379" successfully rolled out
deployment "ms-55394" successfully rolled out
deployment "ms-58436" successfully rolled out
deployment "ms-58772" successfully rolled out
deployment "ms-59962" successfully rolled out
deployment "ms-60061" successfully rolled out
deployment "ms-6323" successfully rolled out
deployment "ms-65741" successfully rolled out
deployment "ms-66473" successfully rolled out
deployment "ms-69188" successfully rolled out
deployment "ms-69614" successfully rolled out
deployment "ms-9081" successfully rolled out
deployment "nginx-web-server" successfully rolled out
deployment "unknown" successfully rolled out
ENTRY_POINT: nginx-web-server
SERVICE_A_URL: 10.106.158.174:50051
Capacity: 10000
Metadata: request-id={{.RequestNumber}}
Metadata: timestamp={{.TimestampUnix}}
Metadata: method=S_149998854
Charon Configurations:
[{INTERCEPT breakwater} {PRICE_UPDATE_RATE 10ms} {TOKEN_UPDATE_RATE 10ms} {LATENCY_THRESHOLD 100us} {PRICE_STEP 0} {PRICE_STRATEGY step} {LAZY_UPDATE false} {RATE_LIMITING true} {LOAD_SHEDDING true} {CHARON_TRACK_PRICE false} {BREAKWATER_SLO 19713us} {BREAKWATER_A 0.8758149493767986} {BREAKWATER_B 0.7751298484534537} {BREAKWATER_CLIENT_EXPIRATION 851us} {BREAKWATER_INITIAL_CREDIT 1499} {BREAKWATER_LOAD_SHEDDING true} {BREAKWATER_RTT 297us} {BREAKWATERD_SLO 12500us} {BREAKWATERD_A 0.001} {BREAKWATERD_B 0.02} {BREAKWATERD_CLIENT_EXPIRATION 10ms} {BREAKWATERD_INITIAL_CREDIT 400} {BREAKWATERD_LOAD_SHEDDING true} {BREAKWATERD_RTT 1000us} {DAGOR_QUEUING_THRESHOLD 2ms} {DAGOR_ALPHA 0.05} {DAGOR_BETA 0.01} {DAGOR_ADMISSION_LEVEL_UPDATE_INTERVAL 10ms} {DAGOR_UMAX 20}]

Summary:
  Count:	98829
  Total:	25.00 s
  Slowest:	1.02 s
  Fastest:	110.93 ms
  Average:	796.36 ms
  Requests/sec:	3953.15

Response time histogram:
  110.930  [1]     |
  201.816  [11404] |∎∎∎∎∎∎∎∎∎∎∎∎∎∎∎∎∎∎∎∎∎∎∎∎∎∎∎∎∎∎∎∎∎∎∎∎∎∎∎∎
  292.702  [356]   |∎
  383.588  [51]    |
  474.474  [165]   |∎
  565.360  [401]   |∎
  656.246  [29]    |
  747.132  [215]   |∎
  838.018  [926]   |∎∎∎
  928.904  [1601]  |∎∎∎∎∎∎
  1019.790 [952]   |∎∎∎

Latency distribution:
  10 % in 112.40 ms 
  25 % in 113.34 ms 
  50 % in 115.86 ms 
  75 % in 495.10 ms 
  90 % in 893.20 ms 
  95 % in 940.17 ms 
  99 % in 988.85 ms 

Status code distribution:
  [OK]                  16101 responses   
  [ResourceExhausted]   6488 responses    
  [DeadlineExceeded]    69495 responses   
  [Canceled]            6745 responses    

Error distribution:
  [6488]    rpc error: code = ResourceExhausted desc = Server-side queuing delay is beyond AQM threshold   
  [69495]   rpc error: code = DeadlineExceeded desc = context deadline exceeded                            
  [6745]    rpc error: code = Canceled desc = grpc: the client connection is closing                       

Debug: Checking Namespace=default, Pod=ms-10090-6454f977fd-h2r5q for Target File=deathstar_*.output
Namespace: default, Pod: ms-10090-6454f977fd-h2r5q has the target files.
Copying deathstar_ms-10090.output to deathstar_ms-10090.output
tar: removing leading '/' from member names
Debug: Checking Namespace=default, Pod=ms-13558-b48bb5d9d-l8glp for Target File=deathstar_*.output
Namespace: default, Pod: ms-13558-b48bb5d9d-l8glp has the target files.
Copying deathstar_ms-13558.output to deathstar_ms-13558.output
tar: removing leading '/' from member names
Debug: Checking Namespace=default, Pod=ms-18330-759d9cf49c-zj5pg for Target File=deathstar_*.output
Namespace: default, Pod: ms-18330-759d9cf49c-zj5pg has the target files.
Copying deathstar_ms-18330.output to deathstar_ms-18330.output
tar: removing leading '/' from member names
Debug: Checking Namespace=default, Pod=ms-19585-6f995cfcbf-8zbfg for Target File=deathstar_*.output
Namespace: default, Pod: ms-19585-6f995cfcbf-8zbfg has the target files.
Copying deathstar_ms-19585.output to deathstar_ms-19585.output
tar: removing leading '/' from member names
Debug: Checking Namespace=default, Pod=ms-20172-59d5485464-d6gjt for Target File=deathstar_*.output
Namespace: default, Pod: ms-20172-59d5485464-d6gjt has the target files.
Copying deathstar_ms-20172.output to deathstar_ms-20172.output
tar: removing leading '/' from member names
Debug: Checking Namespace=default, Pod=ms-22893-576fd5f9f6-tb26m for Target File=deathstar_*.output
Namespace: default, Pod: ms-22893-576fd5f9f6-tb26m has the target files.
Copying deathstar_ms-22893.output to deathstar_ms-22893.output
tar: removing leading '/' from member names
Debug: Checking Namespace=default, Pod=ms-24009-67dbf5b976-4pgbc for Target File=deathstar_*.output
Namespace: default, Pod: ms-24009-67dbf5b976-4pgbc has the target files.
Copying deathstar_ms-24009.output to deathstar_ms-24009.output
tar: removing leading '/' from member names
Debug: Checking Namespace=default, Pod=ms-24959-99f8bbf9-hs6f4 for Target File=deathstar_*.output
Namespace: default, Pod: ms-24959-99f8bbf9-hs6f4 has the target files.
Copying deathstar_ms-24959.output to deathstar_ms-24959.output
tar: removing leading '/' from member names
Debug: Checking Namespace=default, Pod=ms-26622-66fdf7d64f-ls46j for Target File=deathstar_*.output
Namespace: default, Pod: ms-26622-66fdf7d64f-ls46j has the target files.
Copying deathstar_ms-26622.output to deathstar_ms-26622.output
tar: removing leading '/' from member names
Debug: Checking Namespace=default, Pod=ms-27421-64f549855c-wg4m4 for Target File=deathstar_*.output
Namespace: default, Pod: ms-27421-64f549855c-wg4m4 has the target files.
Copying deathstar_ms-27421.output to deathstar_ms-27421.output
tar: removing leading '/' from member names
Debug: Checking Namespace=default, Pod=ms-29373-8467f7db44-fh6vq for Target File=deathstar_*.output
Namespace: default, Pod: ms-29373-8467f7db44-fh6vq has the target files.
Copying deathstar_ms-29373.output to deathstar_ms-29373.output
tar: removing leading '/' from member names
Debug: Checking Namespace=default, Pod=ms-32301-c5654bbc5-5w4r6 for Target File=deathstar_*.output
Namespace: default, Pod: ms-32301-c5654bbc5-5w4r6 has the target files.
Copying deathstar_ms-32301.output to deathstar_ms-32301.output
tar: removing leading '/' from member names
Debug: Checking Namespace=default, Pod=ms-3289-587dbd96bf-pd4qx for Target File=deathstar_*.output
Namespace: default, Pod: ms-3289-587dbd96bf-pd4qx has the target files.
Copying deathstar_ms-3289.output to deathstar_ms-3289.output
tar: removing leading '/' from member names
Debug: Checking Namespace=default, Pod=ms-37691-6dc6cd6744-866zg for Target File=deathstar_*.output
Namespace: default, Pod: ms-37691-6dc6cd6744-866zg has the target files.
Copying deathstar_ms-37691.output to deathstar_ms-37691.output
tar: removing leading '/' from member names
Debug: Checking Namespace=default, Pod=ms-38964-5b647cdbd-ltht5 for Target File=deathstar_*.output
Namespace: default, Pod: ms-38964-5b647cdbd-ltht5 has the target files.
Copying deathstar_ms-38964.output to deathstar_ms-38964.output
tar: removing leading '/' from member names
Debug: Checking Namespace=default, Pod=ms-40147-cd867585-gmjhs for Target File=deathstar_*.output
Namespace: default, Pod: ms-40147-cd867585-gmjhs has the target files.
Copying deathstar_ms-40147.output to deathstar_ms-40147.output
tar: removing leading '/' from member names
Debug: Checking Namespace=default, Pod=ms-48118-ff7b99cc9-5s7cx for Target File=deathstar_*.output
Namespace: default, Pod: ms-48118-ff7b99cc9-5s7cx has the target files.
Copying deathstar_ms-48118.output to deathstar_ms-48118.output
tar: removing leading '/' from member names
Debug: Checking Namespace=default, Pod=ms-4829-669557b66c-gzmzq for Target File=deathstar_*.output
Namespace: default, Pod: ms-4829-669557b66c-gzmzq has the target files.
Copying deathstar_ms-4829.output to deathstar_ms-4829.output
tar: removing leading '/' from member names
Debug: Checking Namespace=default, Pod=ms-51685-79858c784f-xtd5t for Target File=deathstar_*.output
Namespace: default, Pod: ms-51685-79858c784f-xtd5t has the target files.
Copying deathstar_ms-51685.output to deathstar_ms-51685.output
tar: removing leading '/' from member names
Debug: Checking Namespace=default, Pod=ms-52379-57c6cdd54b-rk5j5 for Target File=deathstar_*.output
Namespace: default, Pod: ms-52379-57c6cdd54b-rk5j5 has the target files.
Copying deathstar_ms-52379.output to deathstar_ms-52379.output
tar: removing leading '/' from member names
Debug: Checking Namespace=default, Pod=ms-55394-6f999f5df9-7ml9n for Target File=deathstar_*.output
Namespace: default, Pod: ms-55394-6f999f5df9-7ml9n has the target files.
Copying deathstar_ms-55394.output to deathstar_ms-55394.output
tar: removing leading '/' from member names
Debug: Checking Namespace=default, Pod=ms-58436-59dd96f659-qrgcn for Target File=deathstar_*.output
Namespace: default, Pod: ms-58436-59dd96f659-qrgcn has the target files.
Copying deathstar_ms-58436.output to deathstar_ms-58436.output
tar: removing leading '/' from member names
Debug: Checking Namespace=default, Pod=ms-58772-68ff78c966-gdcp8 for Target File=deathstar_*.output
Namespace: default, Pod: ms-58772-68ff78c966-gdcp8 has the target files.
Copying deathstar_ms-58772.output to deathstar_ms-58772.output
tar: removing leading '/' from member names
Debug: Checking Namespace=default, Pod=ms-59962-756b895b58-65nsr for Target File=deathstar_*.output
Namespace: default, Pod: ms-59962-756b895b58-65nsr has the target files.
Copying deathstar_ms-59962.output to deathstar_ms-59962.output
tar: removing leading '/' from member names
Debug: Checking Namespace=default, Pod=ms-60061-68bd84bdcd-d7j8d for Target File=deathstar_*.output
Namespace: default, Pod: ms-60061-68bd84bdcd-d7j8d has the target files.
Copying deathstar_ms-60061.output to deathstar_ms-60061.output
tar: removing leading '/' from member names
Debug: Checking Namespace=default, Pod=ms-6323-974659fcd-drnmg for Target File=deathstar_*.output
Namespace: default, Pod: ms-6323-974659fcd-drnmg has the target files.
Copying deathstar_ms-6323.output to deathstar_ms-6323.output
tar: removing leading '/' from member names
Debug: Checking Namespace=default, Pod=ms-65741-65f588bcdf-qd28t for Target File=deathstar_*.output
Namespace: default, Pod: ms-65741-65f588bcdf-qd28t has the target files.
Copying deathstar_ms-65741.output to deathstar_ms-65741.output
tar: removing leading '/' from member names
Debug: Checking Namespace=default, Pod=ms-66473-79c66f8bff-4clt8 for Target File=deathstar_*.output
Namespace: default, Pod: ms-66473-79c66f8bff-4clt8 has the target files.
Copying deathstar_ms-66473.output to deathstar_ms-66473.output
tar: removing leading '/' from member names
Debug: Checking Namespace=default, Pod=ms-69188-65c548d4cb-pbfzd for Target File=deathstar_*.output
Namespace: default, Pod: ms-69188-65c548d4cb-pbfzd has the target files.
Copying deathstar_ms-69188.output to deathstar_ms-69188.output
tar: removing leading '/' from member names
Debug: Checking Namespace=default, Pod=ms-69614-794bd8475-j529f for Target File=deathstar_*.output
Namespace: default, Pod: ms-69614-794bd8475-j529f has the target files.
Copying deathstar_ms-69614.output to deathstar_ms-69614.output
tar: removing leading '/' from member names
Debug: Checking Namespace=default, Pod=ms-9081-567985788-qwffv for Target File=deathstar_*.output
Namespace: default, Pod: ms-9081-567985788-qwffv has the target files.
Copying deathstar_ms-9081.output to deathstar_ms-9081.output
tar: removing leading '/' from member names
Debug: Checking Namespace=default, Pod=nginx-web-server-56557f7cb7-t2wxs for Target File=deathstar_*.output
Namespace: default, Pod: nginx-web-server-56557f7cb7-t2wxs has the target files.
Copying deathstar_nginx-web-server.output to deathstar_nginx-web-server.output
tar: removing leading '/' from member names
Debug: Checking Namespace=default, Pod=unknown-6ddf9bd4b5-prhvd for Target File=deathstar_*.output
Namespace: default, Pod: unknown-6ddf9bd4b5-prhvd has the target files.
Copying deathstar_unknown.output to deathstar_unknown.output
tar: removing leading '/' from member names
