Deployments: ms-10090
ms-13558
ms-18330
ms-19585
ms-20172
ms-22893
ms-24009
ms-24959
ms-26622
ms-27421
ms-29373
ms-32301
ms-3289
ms-37691
ms-38964
ms-40147
ms-48118
ms-4829
ms-51685
ms-52379
ms-55394
ms-58436
ms-58772
ms-59962
ms-60061
ms-6323
ms-65741
ms-66473
ms-69188
ms-69614
ms-9081
nginx-web-server
unknown
deployment "ms-10090" successfully rolled out
deployment "ms-13558" successfully rolled out
deployment "ms-18330" successfully rolled out
deployment "ms-19585" successfully rolled out
deployment "ms-20172" successfully rolled out
deployment "ms-22893" successfully rolled out
deployment "ms-24009" successfully rolled out
deployment "ms-24959" successfully rolled out
deployment "ms-26622" successfully rolled out
deployment "ms-27421" successfully rolled out
deployment "ms-29373" successfully rolled out
deployment "ms-32301" successfully rolled out
deployment "ms-3289" successfully rolled out
deployment "ms-37691" successfully rolled out
deployment "ms-38964" successfully rolled out
deployment "ms-40147" successfully rolled out
deployment "ms-48118" successfully rolled out
deployment "ms-4829" successfully rolled out
deployment "ms-51685" successfully rolled out
deployment "ms-52379" successfully rolled out
deployment "ms-55394" successfully rolled out
deployment "ms-58436" successfully rolled out
deployment "ms-58772" successfully rolled out
deployment "ms-59962" successfully rolled out
deployment "ms-60061" successfully rolled out
deployment "ms-6323" successfully rolled out
deployment "ms-65741" successfully rolled out
deployment "ms-66473" successfully rolled out
deployment "ms-69188" successfully rolled out
deployment "ms-69614" successfully rolled out
deployment "ms-9081" successfully rolled out
deployment "nginx-web-server" successfully rolled out
deployment "unknown" successfully rolled out
ENTRY_POINT: nginx-web-server
SERVICE_A_URL: 10.101.202.175:50051
Capacity: 10000
Metadata: timestamp={{.TimestampUnix}}
Metadata: method=S_149998854
Metadata: request-id={{.RequestNumber}}
Charon Configurations:
[{INTERCEPT breakwaterd} {PRICE_UPDATE_RATE 10ms} {TOKEN_UPDATE_RATE 10ms} {LATENCY_THRESHOLD 100us} {PRICE_STEP 0} {PRICE_STRATEGY step} {LAZY_UPDATE false} {RATE_LIMITING true} {LOAD_SHEDDING true} {CHARON_TRACK_PRICE false} {BREAKWATER_SLO 28396us} {BREAKWATER_A 8.52203709658313} {BREAKWATER_B 9.873027806416664} {BREAKWATER_CLIENT_EXPIRATION 4947us} {BREAKWATER_INITIAL_CREDIT 108} {BREAKWATER_LOAD_SHEDDING true} {BREAKWATER_RTT 18100us} {BREAKWATERD_SLO 11335us} {BREAKWATERD_A 9.892631925098605} {BREAKWATERD_B 7.16324267765976} {BREAKWATERD_CLIENT_EXPIRATION 45230us} {BREAKWATERD_INITIAL_CREDIT 1415} {BREAKWATERD_LOAD_SHEDDING true} {BREAKWATERD_RTT 16898us} {DAGOR_QUEUING_THRESHOLD 2ms} {DAGOR_ALPHA 0.05} {DAGOR_BETA 0.01} {DAGOR_ADMISSION_LEVEL_UPDATE_INTERVAL 10ms} {DAGOR_UMAX 20}]

Summary:
  Count:	97085
  Total:	24.92 s
  Slowest:	871.25 ms
  Fastest:	111.47 ms
  Average:	819.96 ms
  Requests/sec:	3896.29

Response time histogram:
  111.470 [1]     |
  187.448 [10370] |∎∎∎∎∎∎∎∎∎∎∎∎∎∎∎∎∎∎∎∎∎∎∎∎∎∎∎∎∎∎∎∎∎∎∎∎∎∎∎∎
  263.426 [348]   |∎
  339.404 [1]     |
  415.382 [0]     |
  491.360 [0]     |
  567.337 [0]     |
  643.315 [0]     |
  719.293 [0]     |
  795.271 [15]    |
  871.249 [74]    |

Latency distribution:
  10 % in 113.36 ms 
  25 % in 114.47 ms 
  50 % in 116.65 ms 
  75 % in 120.43 ms 
  90 % in 127.63 ms 
  95 % in 152.33 ms 
  99 % in 239.15 ms 

Status code distribution:
  [OK]                  10809 responses   
  [ResourceExhausted]   4585 responses    
  [DeadlineExceeded]    73347 responses   
  [Canceled]            8344 responses    

Error distribution:
  [120]     rpc error: code = ResourceExhausted desc = Client id 0ed8aecf-e3fb-4047-bbeb-0c9f9108b64a request expired in queue.   
  [4465]    rpc error: code = ResourceExhausted desc = Server-side queuing delay is beyond AQM threshold                          
  [73347]   rpc error: code = DeadlineExceeded desc = context deadline exceeded                                                   
  [8344]    rpc error: code = Canceled desc = grpc: the client connection is closing                                              

Debug: Checking Namespace=default, Pod=ms-10090-6454f977fd-llp8x for Target File=deathstar_*.output
Namespace: default, Pod: ms-10090-6454f977fd-llp8x has the target files.
Copying deathstar_ms-10090.output to deathstar_ms-10090.output
tar: removing leading '/' from member names
Debug: Checking Namespace=default, Pod=ms-13558-b48bb5d9d-wpm47 for Target File=deathstar_*.output
Namespace: default, Pod: ms-13558-b48bb5d9d-wpm47 has the target files.
Copying deathstar_ms-13558.output to deathstar_ms-13558.output
tar: removing leading '/' from member names
Debug: Checking Namespace=default, Pod=ms-18330-759d9cf49c-9cbfx for Target File=deathstar_*.output
Namespace: default, Pod: ms-18330-759d9cf49c-9cbfx has the target files.
Copying deathstar_ms-18330.output to deathstar_ms-18330.output
tar: removing leading '/' from member names
Debug: Checking Namespace=default, Pod=ms-19585-6f995cfcbf-5qlhh for Target File=deathstar_*.output
Namespace: default, Pod: ms-19585-6f995cfcbf-5qlhh has the target files.
Copying deathstar_ms-19585.output to deathstar_ms-19585.output
tar: removing leading '/' from member names
Debug: Checking Namespace=default, Pod=ms-20172-59d5485464-c6dms for Target File=deathstar_*.output
Namespace: default, Pod: ms-20172-59d5485464-c6dms has the target files.
Copying deathstar_ms-20172.output to deathstar_ms-20172.output
tar: removing leading '/' from member names
Debug: Checking Namespace=default, Pod=ms-22893-576fd5f9f6-jtbhf for Target File=deathstar_*.output
Namespace: default, Pod: ms-22893-576fd5f9f6-jtbhf has the target files.
Copying deathstar_ms-22893.output to deathstar_ms-22893.output
tar: removing leading '/' from member names
Debug: Checking Namespace=default, Pod=ms-24009-67dbf5b976-wljp9 for Target File=deathstar_*.output
Namespace: default, Pod: ms-24009-67dbf5b976-wljp9 has the target files.
Copying deathstar_ms-24009.output to deathstar_ms-24009.output
tar: removing leading '/' from member names
Debug: Checking Namespace=default, Pod=ms-24959-99f8bbf9-v6jv4 for Target File=deathstar_*.output
Namespace: default, Pod: ms-24959-99f8bbf9-v6jv4 has the target files.
Copying deathstar_ms-24959.output to deathstar_ms-24959.output
tar: removing leading '/' from member names
Debug: Checking Namespace=default, Pod=ms-26622-66fdf7d64f-xhjq7 for Target File=deathstar_*.output
Namespace: default, Pod: ms-26622-66fdf7d64f-xhjq7 has the target files.
Copying deathstar_ms-26622.output to deathstar_ms-26622.output
tar: removing leading '/' from member names
Debug: Checking Namespace=default, Pod=ms-27421-64f549855c-ctknd for Target File=deathstar_*.output
Namespace: default, Pod: ms-27421-64f549855c-ctknd has the target files.
Copying deathstar_ms-27421.output to deathstar_ms-27421.output
tar: removing leading '/' from member names
Debug: Checking Namespace=default, Pod=ms-29373-8467f7db44-flpgq for Target File=deathstar_*.output
Namespace: default, Pod: ms-29373-8467f7db44-flpgq has the target files.
Copying deathstar_ms-29373.output to deathstar_ms-29373.output
tar: removing leading '/' from member names
Debug: Checking Namespace=default, Pod=ms-32301-c5654bbc5-lntgh for Target File=deathstar_*.output
Namespace: default, Pod: ms-32301-c5654bbc5-lntgh has the target files.
Copying deathstar_ms-32301.output to deathstar_ms-32301.output
tar: removing leading '/' from member names
Debug: Checking Namespace=default, Pod=ms-3289-587dbd96bf-h5cxm for Target File=deathstar_*.output
Namespace: default, Pod: ms-3289-587dbd96bf-h5cxm has the target files.
Copying deathstar_ms-3289.output to deathstar_ms-3289.output
tar: removing leading '/' from member names
Debug: Checking Namespace=default, Pod=ms-37691-6dc6cd6744-7qhhr for Target File=deathstar_*.output
Namespace: default, Pod: ms-37691-6dc6cd6744-7qhhr has the target files.
Copying deathstar_ms-37691.output to deathstar_ms-37691.output
tar: removing leading '/' from member names
Debug: Checking Namespace=default, Pod=ms-38964-5b647cdbd-q5d2p for Target File=deathstar_*.output
Namespace: default, Pod: ms-38964-5b647cdbd-q5d2p has the target files.
Copying deathstar_ms-38964.output to deathstar_ms-38964.output
tar: removing leading '/' from member names
Debug: Checking Namespace=default, Pod=ms-40147-cd867585-5m6tx for Target File=deathstar_*.output
Namespace: default, Pod: ms-40147-cd867585-5m6tx has the target files.
Copying deathstar_ms-40147.output to deathstar_ms-40147.output
tar: removing leading '/' from member names
Debug: Checking Namespace=default, Pod=ms-48118-ff7b99cc9-mkjm8 for Target File=deathstar_*.output
Namespace: default, Pod: ms-48118-ff7b99cc9-mkjm8 has the target files.
Copying deathstar_ms-48118.output to deathstar_ms-48118.output
tar: removing leading '/' from member names
Debug: Checking Namespace=default, Pod=ms-4829-669557b66c-bqfn7 for Target File=deathstar_*.output
Namespace: default, Pod: ms-4829-669557b66c-bqfn7 has the target files.
Copying deathstar_ms-4829.output to deathstar_ms-4829.output
tar: removing leading '/' from member names
Debug: Checking Namespace=default, Pod=ms-51685-79858c784f-n58r2 for Target File=deathstar_*.output
Namespace: default, Pod: ms-51685-79858c784f-n58r2 has the target files.
Copying deathstar_ms-51685.output to deathstar_ms-51685.output
tar: removing leading '/' from member names
Debug: Checking Namespace=default, Pod=ms-52379-57c6cdd54b-v89v5 for Target File=deathstar_*.output
Namespace: default, Pod: ms-52379-57c6cdd54b-v89v5 has the target files.
Copying deathstar_ms-52379.output to deathstar_ms-52379.output
Debug: Checking Namespace=default, Pod=ms-55394-6f999f5df9-j5z54 for Target File=deathstar_*.output
Namespace: default, Pod: ms-55394-6f999f5df9-j5z54 has the target files.
Copying deathstar_ms-55394.output to deathstar_ms-55394.output
tar: removing leading '/' from member names
Debug: Checking Namespace=default, Pod=ms-58436-59dd96f659-sgcst for Target File=deathstar_*.output
Namespace: default, Pod: ms-58436-59dd96f659-sgcst has the target files.
Copying deathstar_ms-58436.output to deathstar_ms-58436.output
tar: removing leading '/' from member names
Debug: Checking Namespace=default, Pod=ms-58772-68ff78c966-srzh4 for Target File=deathstar_*.output
Namespace: default, Pod: ms-58772-68ff78c966-srzh4 has the target files.
Copying deathstar_ms-58772.output to deathstar_ms-58772.output
Debug: Checking Namespace=default, Pod=ms-59962-756b895b58-85bfc for Target File=deathstar_*.output
Namespace: default, Pod: ms-59962-756b895b58-85bfc has the target files.
Copying deathstar_ms-59962.output to deathstar_ms-59962.output
tar: removing leading '/' from member names
Debug: Checking Namespace=default, Pod=ms-60061-68bd84bdcd-rcjcr for Target File=deathstar_*.output
Namespace: default, Pod: ms-60061-68bd84bdcd-rcjcr has the target files.
Copying deathstar_ms-60061.output to deathstar_ms-60061.output
tar: removing leading '/' from member names
Debug: Checking Namespace=default, Pod=ms-6323-974659fcd-szlql for Target File=deathstar_*.output
Namespace: default, Pod: ms-6323-974659fcd-szlql has the target files.
Copying deathstar_ms-6323.output to deathstar_ms-6323.output
tar: removing leading '/' from member names
Debug: Checking Namespace=default, Pod=ms-65741-65f588bcdf-99jnx for Target File=deathstar_*.output
Namespace: default, Pod: ms-65741-65f588bcdf-99jnx has the target files.
Copying deathstar_ms-65741.output to deathstar_ms-65741.output
tar: removing leading '/' from member names
Debug: Checking Namespace=default, Pod=ms-66473-79c66f8bff-mnzwt for Target File=deathstar_*.output
Namespace: default, Pod: ms-66473-79c66f8bff-mnzwt has the target files.
Copying deathstar_ms-66473.output to deathstar_ms-66473.output
tar: removing leading '/' from member names
Debug: Checking Namespace=default, Pod=ms-69188-65c548d4cb-vr46j for Target File=deathstar_*.output
Namespace: default, Pod: ms-69188-65c548d4cb-vr46j has the target files.
Copying deathstar_ms-69188.output to deathstar_ms-69188.output
tar: removing leading '/' from member names
Debug: Checking Namespace=default, Pod=ms-69614-794bd8475-2pfpf for Target File=deathstar_*.output
Namespace: default, Pod: ms-69614-794bd8475-2pfpf has the target files.
Copying deathstar_ms-69614.output to deathstar_ms-69614.output
tar: removing leading '/' from member names
Debug: Checking Namespace=default, Pod=ms-9081-567985788-5sv5g for Target File=deathstar_*.output
Namespace: default, Pod: ms-9081-567985788-5sv5g has the target files.
Copying deathstar_ms-9081.output to deathstar_ms-9081.output
tar: removing leading '/' from member names
Debug: Checking Namespace=default, Pod=nginx-web-server-56557f7cb7-dpsdm for Target File=deathstar_*.output
Namespace: default, Pod: nginx-web-server-56557f7cb7-dpsdm has the target files.
Copying deathstar_nginx-web-server.output to deathstar_nginx-web-server.output
tar: removing leading '/' from member names
Debug: Checking Namespace=default, Pod=unknown-6ddf9bd4b5-khph4 for Target File=deathstar_*.output
Namespace: default, Pod: unknown-6ddf9bd4b5-khph4 has the target files.
Copying deathstar_unknown.output to deathstar_unknown.output
tar: removing leading '/' from member names
