Deployments: ms-11070
ms-11285
ms-11512
ms-1278
ms-13873
ms-19953
ms-21883
ms-25124
ms-27421
ms-2827
ms-33719
ms-37691
ms-43309
ms-4354
ms-46825
ms-60236
ms-71771
ms-8052
ms-902
nginx-web-server
deployment "ms-11070" successfully rolled out
deployment "ms-11285" successfully rolled out
deployment "ms-11512" successfully rolled out
deployment "ms-1278" successfully rolled out
deployment "ms-13873" successfully rolled out
deployment "ms-19953" successfully rolled out
deployment "ms-21883" successfully rolled out
deployment "ms-25124" successfully rolled out
deployment "ms-27421" successfully rolled out
deployment "ms-2827" successfully rolled out
deployment "ms-33719" successfully rolled out
deployment "ms-37691" successfully rolled out
deployment "ms-43309" successfully rolled out
deployment "ms-4354" successfully rolled out
deployment "ms-46825" successfully rolled out
deployment "ms-60236" successfully rolled out
deployment "ms-71771" successfully rolled out
deployment "ms-8052" successfully rolled out
deployment "ms-902" successfully rolled out
deployment "nginx-web-server" successfully rolled out
ENTRY_POINT: nginx-web-server
SERVICE_A_URL: 10.96.255.183:50051
Capacity: 10000
Metadata: request-id={{.RequestNumber}}
Metadata: timestamp={{.TimestampUnix}}
Metadata: method=S_102000854
Charon Configurations:
[{INTERCEPT breakwaterd} {PRICE_UPDATE_RATE 10ms} {TOKEN_UPDATE_RATE 10ms} {LATENCY_THRESHOLD 100us} {PRICE_STEP 0} {PRICE_STRATEGY step} {LAZY_UPDATE false} {RATE_LIMITING true} {LOAD_SHEDDING true} {CHARON_TRACK_PRICE false} {BREAKWATER_SLO 45125us} {BREAKWATER_A 26.29167456888115} {BREAKWATER_B 8.946066635038473} {BREAKWATER_CLIENT_EXPIRATION 426us} {BREAKWATER_INITIAL_CREDIT 16} {BREAKWATER_LOAD_SHEDDING true} {BREAKWATER_RTT 3396us} {BREAKWATERD_SLO 32086us} {BREAKWATERD_A 0.983468338330501} {BREAKWATERD_B 4.211076250050522} {BREAKWATERD_CLIENT_EXPIRATION 96210us} {BREAKWATERD_INITIAL_CREDIT 2666} {BREAKWATERD_LOAD_SHEDDING true} {BREAKWATERD_RTT 14145us} {DAGOR_QUEUING_THRESHOLD 2ms} {DAGOR_ALPHA 0.05} {DAGOR_BETA 0.01} {DAGOR_ADMISSION_LEVEL_UPDATE_INTERVAL 10ms} {DAGOR_UMAX 20}]

Summary:
  Count:	78076
  Total:	25.00 s
  Slowest:	807.67 ms
  Fastest:	39.21 ms
  Average:	137.58 ms
  Requests/sec:	3123.21

Response time histogram:
  39.208  [1]     |
  116.054 [22645] |∎∎∎∎∎∎∎∎∎∎∎∎∎∎∎∎∎∎∎∎∎∎∎∎∎∎∎∎∎∎∎
  192.901 [29261] |∎∎∎∎∎∎∎∎∎∎∎∎∎∎∎∎∎∎∎∎∎∎∎∎∎∎∎∎∎∎∎∎∎∎∎∎∎∎∎∎
  269.747 [13189] |∎∎∎∎∎∎∎∎∎∎∎∎∎∎∎∎∎∎
  346.594 [2737]  |∎∎∎∎
  423.441 [675]   |∎
  500.287 [92]    |
  577.134 [7]     |
  653.980 [0]     |
  730.827 [0]     |
  807.674 [88]    |

Latency distribution:
  10 % in 43.91 ms 
  25 % in 95.22 ms 
  50 % in 146.07 ms 
  75 % in 191.42 ms 
  90 % in 241.30 ms 
  95 % in 272.04 ms 
  99 % in 357.62 ms 

Status code distribution:
  [Canceled]            837 responses     
  [OK]                  68695 responses   
  [ResourceExhausted]   8544 responses    

Error distribution:
  [5573]   rpc error: code = ResourceExhausted desc = Client id e0182ff6-e5bf-4157-8e36-be05321e11ab request expired in queue.   
  [78]     rpc error: code = ResourceExhausted desc = Client id f5bdf7ce-0e8d-4e6c-a64a-f9b4a2131c6f request expired in queue.   
  [1198]   rpc error: code = ResourceExhausted desc = Server-side queuing delay is beyond AQM threshold                          
  [1692]   rpc error: code = ResourceExhausted desc = Client id 976424b8-e58d-4c3e-bb04-3fe3895ab260 request expired in queue.   
  [3]      rpc error: code = ResourceExhausted desc = Client id 4f2082bd-15da-4d8a-a100-8069aa3077ad request expired in queue.   
  [837]    rpc error: code = Canceled desc = grpc: the client connection is closing                                              

Debug: Checking Namespace=default, Pod=ms-11070-7868c54f44-hw9ks for Target File=deathstar_*.output
Namespace: default, Pod: ms-11070-7868c54f44-hw9ks has the target files.
Copying deathstar_ms-11070.output to deathstar_ms-11070.output
tar: removing leading '/' from member names
Debug: Checking Namespace=default, Pod=ms-11285-67d597dc77-ncxg6 for Target File=deathstar_*.output
Namespace: default, Pod: ms-11285-67d597dc77-ncxg6 has the target files.
Copying deathstar_ms-11285.output to deathstar_ms-11285.output
tar: removing leading '/' from member names
Debug: Checking Namespace=default, Pod=ms-11512-75f8ddc45b-hhr8h for Target File=deathstar_*.output
Namespace: default, Pod: ms-11512-75f8ddc45b-hhr8h has the target files.
Copying deathstar_ms-11512.output to deathstar_ms-11512.output
tar: removing leading '/' from member names
Debug: Checking Namespace=default, Pod=ms-1278-85766ff6b8-7jlhh for Target File=deathstar_*.output
Namespace: default, Pod: ms-1278-85766ff6b8-7jlhh has the target files.
Copying deathstar_ms-1278.output to deathstar_ms-1278.output
tar: removing leading '/' from member names
Debug: Checking Namespace=default, Pod=ms-13873-85d7bb7b97-bwpqb for Target File=deathstar_*.output
Namespace: default, Pod: ms-13873-85d7bb7b97-bwpqb has the target files.
Copying deathstar_ms-13873.output to deathstar_ms-13873.output
tar: removing leading '/' from member names
Debug: Checking Namespace=default, Pod=ms-19953-68cc8998c5-dfxpj for Target File=deathstar_*.output
Namespace: default, Pod: ms-19953-68cc8998c5-dfxpj has the target files.
Copying deathstar_ms-19953.output to deathstar_ms-19953.output
tar: removing leading '/' from member names
Debug: Checking Namespace=default, Pod=ms-21883-f6c88c6d4-kmf8r for Target File=deathstar_*.output
Namespace: default, Pod: ms-21883-f6c88c6d4-kmf8r has the target files.
Copying deathstar_ms-21883.output to deathstar_ms-21883.output
tar: removing leading '/' from member names
Debug: Checking Namespace=default, Pod=ms-25124-77bd4446f5-nm9gw for Target File=deathstar_*.output
Namespace: default, Pod: ms-25124-77bd4446f5-nm9gw has the target files.
Copying deathstar_ms-25124.output to deathstar_ms-25124.output
tar: removing leading '/' from member names
Debug: Checking Namespace=default, Pod=ms-27421-8565974486-8n8tn for Target File=deathstar_*.output
Namespace: default, Pod: ms-27421-8565974486-8n8tn has the target files.
Copying deathstar_ms-27421.output to deathstar_ms-27421.output
tar: removing leading '/' from member names
Debug: Checking Namespace=default, Pod=ms-2827-5dcc6df4f4-d95fc for Target File=deathstar_*.output
Namespace: default, Pod: ms-2827-5dcc6df4f4-d95fc has the target files.
Copying deathstar_ms-2827.output to deathstar_ms-2827.output
tar: removing leading '/' from member names
Debug: Checking Namespace=default, Pod=ms-33719-6c455cf54c-tbbj9 for Target File=deathstar_*.output
Namespace: default, Pod: ms-33719-6c455cf54c-tbbj9 has the target files.
Copying deathstar_ms-33719.output to deathstar_ms-33719.output
tar: removing leading '/' from member names
Debug: Checking Namespace=default, Pod=ms-37691-b9bc44798-sm8mz for Target File=deathstar_*.output
Namespace: default, Pod: ms-37691-b9bc44798-sm8mz has the target files.
Copying deathstar_ms-37691.output to deathstar_ms-37691.output
tar: removing leading '/' from member names
Debug: Checking Namespace=default, Pod=ms-43309-54f758d465-br7jk for Target File=deathstar_*.output
Namespace: default, Pod: ms-43309-54f758d465-br7jk has the target files.
Copying deathstar_ms-43309.output to deathstar_ms-43309.output
tar: removing leading '/' from member names
Debug: Checking Namespace=default, Pod=ms-4354-669cfcbdf6-b7t5q for Target File=deathstar_*.output
Namespace: default, Pod: ms-4354-669cfcbdf6-b7t5q has the target files.
Copying deathstar_ms-4354.output to deathstar_ms-4354.output
tar: removing leading '/' from member names
Debug: Checking Namespace=default, Pod=ms-46825-58c684559d-4wbs5 for Target File=deathstar_*.output
Namespace: default, Pod: ms-46825-58c684559d-4wbs5 has the target files.
Copying deathstar_ms-46825.output to deathstar_ms-46825.output
tar: removing leading '/' from member names
Debug: Checking Namespace=default, Pod=ms-60236-64866cf49-4krzt for Target File=deathstar_*.output
Namespace: default, Pod: ms-60236-64866cf49-4krzt has the target files.
Copying deathstar_ms-60236.output to deathstar_ms-60236.output
tar: removing leading '/' from member names
Debug: Checking Namespace=default, Pod=ms-71771-567ddbdd95-trrmf for Target File=deathstar_*.output
Namespace: default, Pod: ms-71771-567ddbdd95-trrmf has the target files.
Copying deathstar_ms-71771.output to deathstar_ms-71771.output
tar: removing leading '/' from member names
Debug: Checking Namespace=default, Pod=ms-8052-b995968dc-58j6c for Target File=deathstar_*.output
Namespace: default, Pod: ms-8052-b995968dc-58j6c has the target files.
Copying deathstar_ms-8052.output to deathstar_ms-8052.output
Debug: Checking Namespace=default, Pod=ms-902-5744544f85-sw56s for Target File=deathstar_*.output
Namespace: default, Pod: ms-902-5744544f85-sw56s has the target files.
Copying deathstar_ms-902.output to deathstar_ms-902.output
tar: removing leading '/' from member names
Debug: Checking Namespace=default, Pod=nginx-web-server-56557f7cb7-7fjkb for Target File=deathstar_*.output
Namespace: default, Pod: nginx-web-server-56557f7cb7-7fjkb has the target files.
Copying deathstar_nginx-web-server.output to deathstar_nginx-web-server.output
tar: removing leading '/' from member names
