Deployments: ms-10090
ms-13558
ms-18330
ms-19585
ms-20172
ms-22893
ms-24009
ms-24959
ms-26622
ms-27421
ms-29373
ms-32301
ms-3289
ms-37691
ms-38964
ms-40147
ms-48118
ms-4829
ms-51685
ms-52379
ms-55394
ms-58436
ms-58772
ms-59962
ms-60061
ms-6323
ms-65741
ms-66473
ms-69188
ms-69614
ms-9081
nginx-web-server
unknown
deployment "ms-10090" successfully rolled out
deployment "ms-13558" successfully rolled out
deployment "ms-18330" successfully rolled out
deployment "ms-19585" successfully rolled out
deployment "ms-20172" successfully rolled out
deployment "ms-22893" successfully rolled out
deployment "ms-24009" successfully rolled out
deployment "ms-24959" successfully rolled out
deployment "ms-26622" successfully rolled out
deployment "ms-27421" successfully rolled out
deployment "ms-29373" successfully rolled out
deployment "ms-32301" successfully rolled out
deployment "ms-3289" successfully rolled out
deployment "ms-37691" successfully rolled out
deployment "ms-38964" successfully rolled out
deployment "ms-40147" successfully rolled out
deployment "ms-48118" successfully rolled out
deployment "ms-4829" successfully rolled out
deployment "ms-51685" successfully rolled out
deployment "ms-52379" successfully rolled out
deployment "ms-55394" successfully rolled out
deployment "ms-58436" successfully rolled out
deployment "ms-58772" successfully rolled out
deployment "ms-59962" successfully rolled out
deployment "ms-60061" successfully rolled out
deployment "ms-6323" successfully rolled out
deployment "ms-65741" successfully rolled out
deployment "ms-66473" successfully rolled out
deployment "ms-69188" successfully rolled out
deployment "ms-69614" successfully rolled out
deployment "ms-9081" successfully rolled out
deployment "nginx-web-server" successfully rolled out
deployment "unknown" successfully rolled out
ENTRY_POINT: nginx-web-server
SERVICE_A_URL: 10.107.98.28:50051
Capacity: 16000
Metadata: method=S_149998854
Metadata: request-id={{.RequestNumber}}
Metadata: timestamp={{.TimestampUnix}}
Charon Configurations:
[{INTERCEPT breakwater} {PRICE_UPDATE_RATE 10ms} {TOKEN_UPDATE_RATE 10ms} {LATENCY_THRESHOLD 100us} {PRICE_STEP 0} {PRICE_STRATEGY step} {LAZY_UPDATE false} {RATE_LIMITING true} {LOAD_SHEDDING true} {CHARON_TRACK_PRICE false} {BREAKWATER_SLO 4618us} {BREAKWATER_A 0.2895180150248522} {BREAKWATER_B 1.2813105474595612} {BREAKWATER_CLIENT_EXPIRATION 82us} {BREAKWATER_INITIAL_CREDIT 1776} {BREAKWATER_LOAD_SHEDDING true} {BREAKWATER_RTT 18779us} {BREAKWATERD_SLO 12500us} {BREAKWATERD_A 0.001} {BREAKWATERD_B 0.02} {BREAKWATERD_CLIENT_EXPIRATION 10ms} {BREAKWATERD_INITIAL_CREDIT 400} {BREAKWATERD_LOAD_SHEDDING true} {BREAKWATERD_RTT 1000us} {DAGOR_QUEUING_THRESHOLD 2ms} {DAGOR_ALPHA 0.05} {DAGOR_BETA 0.01} {DAGOR_ADMISSION_LEVEL_UPDATE_INTERVAL 10ms} {DAGOR_UMAX 20}]

Summary:
  Count:	89841
  Total:	25.00 s
  Slowest:	1.01 s
  Fastest:	110.91 ms
  Average:	174.72 ms
  Requests/sec:	3593.62

Response time histogram:
  110.909  [1]     |
  200.323  [25019] |∎∎∎∎∎∎∎∎∎∎∎∎∎∎∎∎∎∎∎∎∎∎∎∎∎∎∎∎∎∎∎∎∎∎∎∎∎∎∎∎
  289.738  [18780] |∎∎∎∎∎∎∎∎∎∎∎∎∎∎∎∎∎∎∎∎∎∎∎∎∎∎∎∎∎∎
  379.152  [7197]  |∎∎∎∎∎∎∎∎∎∎∎∎
  468.566  [1549]  |∎∎
  557.980  [626]   |∎
  647.394  [2441]  |∎∎∎∎
  736.808  [1982]  |∎∎∎
  826.223  [1061]  |∎∎
  915.637  [111]   |
  1005.051 [105]   |

Latency distribution:
  10 % in 114.83 ms 
  25 % in 151.05 ms 
  50 % in 222.47 ms 
  75 % in 291.50 ms 
  90 % in 537.54 ms 
  95 % in 657.59 ms 
  99 % in 779.36 ms 

Status code distribution:
  [ResourceExhausted]   30569 responses   
  [OK]                  58872 responses   
  [DeadlineExceeded]    3 responses       
  [Canceled]            395 responses     
  [Unavailable]         2 responses       

Error distribution:
  [30569]   rpc error: code = ResourceExhausted desc = Server-side queuing delay is beyond AQM threshold   
  [3]       rpc error: code = DeadlineExceeded desc = context deadline exceeded                            
  [395]     rpc error: code = Canceled desc = grpc: the client connection is closing                       
  [2]       rpc error: code = Unavailable desc = transport is closing                                      

Debug: Checking Namespace=default, Pod=ms-10090-6454f977fd-5wcm5 for Target File=deathstar_*.output
Namespace: default, Pod: ms-10090-6454f977fd-5wcm5 has the target files.
Copying deathstar_ms-10090.output to deathstar_ms-10090.output
tar: removing leading '/' from member names
Debug: Checking Namespace=default, Pod=ms-13558-b48bb5d9d-phpdl for Target File=deathstar_*.output
Namespace: default, Pod: ms-13558-b48bb5d9d-phpdl has the target files.
Copying deathstar_ms-13558.output to deathstar_ms-13558.output
tar: removing leading '/' from member names
Debug: Checking Namespace=default, Pod=ms-18330-759d9cf49c-2wjq2 for Target File=deathstar_*.output
Namespace: default, Pod: ms-18330-759d9cf49c-2wjq2 has the target files.
Copying deathstar_ms-18330.output to deathstar_ms-18330.output
tar: removing leading '/' from member names
Debug: Checking Namespace=default, Pod=ms-19585-6f995cfcbf-bfq5q for Target File=deathstar_*.output
Namespace: default, Pod: ms-19585-6f995cfcbf-bfq5q has the target files.
Copying deathstar_ms-19585.output to deathstar_ms-19585.output
tar: removing leading '/' from member names
Debug: Checking Namespace=default, Pod=ms-20172-59d5485464-66x5z for Target File=deathstar_*.output
Namespace: default, Pod: ms-20172-59d5485464-66x5z has the target files.
Copying deathstar_ms-20172.output to deathstar_ms-20172.output
tar: removing leading '/' from member names
Debug: Checking Namespace=default, Pod=ms-22893-576fd5f9f6-8ln9q for Target File=deathstar_*.output
Namespace: default, Pod: ms-22893-576fd5f9f6-8ln9q has the target files.
Copying deathstar_ms-22893.output to deathstar_ms-22893.output
tar: removing leading '/' from member names
Debug: Checking Namespace=default, Pod=ms-24009-67dbf5b976-t8t84 for Target File=deathstar_*.output
Namespace: default, Pod: ms-24009-67dbf5b976-t8t84 has the target files.
Copying deathstar_ms-24009.output to deathstar_ms-24009.output
tar: removing leading '/' from member names
Debug: Checking Namespace=default, Pod=ms-24959-99f8bbf9-sb698 for Target File=deathstar_*.output
Namespace: default, Pod: ms-24959-99f8bbf9-sb698 has the target files.
Copying deathstar_ms-24959.output to deathstar_ms-24959.output
tar: removing leading '/' from member names
Debug: Checking Namespace=default, Pod=ms-26622-66fdf7d64f-2ktxm for Target File=deathstar_*.output
Namespace: default, Pod: ms-26622-66fdf7d64f-2ktxm has the target files.
Copying deathstar_ms-26622.output to deathstar_ms-26622.output
tar: removing leading '/' from member names
Debug: Checking Namespace=default, Pod=ms-27421-64f549855c-shjxq for Target File=deathstar_*.output
Namespace: default, Pod: ms-27421-64f549855c-shjxq has the target files.
Copying deathstar_ms-27421.output to deathstar_ms-27421.output
tar: removing leading '/' from member names
Debug: Checking Namespace=default, Pod=ms-29373-8467f7db44-rvckp for Target File=deathstar_*.output
Namespace: default, Pod: ms-29373-8467f7db44-rvckp has the target files.
Copying deathstar_ms-29373.output to deathstar_ms-29373.output
tar: removing leading '/' from member names
Debug: Checking Namespace=default, Pod=ms-32301-c5654bbc5-t7w6t for Target File=deathstar_*.output
Namespace: default, Pod: ms-32301-c5654bbc5-t7w6t has the target files.
Copying deathstar_ms-32301.output to deathstar_ms-32301.output
tar: removing leading '/' from member names
Debug: Checking Namespace=default, Pod=ms-3289-587dbd96bf-5qxq2 for Target File=deathstar_*.output
Namespace: default, Pod: ms-3289-587dbd96bf-5qxq2 has the target files.
Copying deathstar_ms-3289.output to deathstar_ms-3289.output
tar: removing leading '/' from member names
Debug: Checking Namespace=default, Pod=ms-37691-6dc6cd6744-8cwj7 for Target File=deathstar_*.output
Namespace: default, Pod: ms-37691-6dc6cd6744-8cwj7 has the target files.
Copying deathstar_ms-37691.output to deathstar_ms-37691.output
tar: removing leading '/' from member names
Debug: Checking Namespace=default, Pod=ms-38964-5b647cdbd-wq46d for Target File=deathstar_*.output
Namespace: default, Pod: ms-38964-5b647cdbd-wq46d has the target files.
Copying deathstar_ms-38964.output to deathstar_ms-38964.output
tar: removing leading '/' from member names
Debug: Checking Namespace=default, Pod=ms-40147-cd867585-jft92 for Target File=deathstar_*.output
Namespace: default, Pod: ms-40147-cd867585-jft92 has the target files.
Copying deathstar_ms-40147.output to deathstar_ms-40147.output
tar: removing leading '/' from member names
Debug: Checking Namespace=default, Pod=ms-48118-ff7b99cc9-plcdk for Target File=deathstar_*.output
Namespace: default, Pod: ms-48118-ff7b99cc9-plcdk has the target files.
Copying deathstar_ms-48118.output to deathstar_ms-48118.output
tar: removing leading '/' from member names
Debug: Checking Namespace=default, Pod=ms-4829-669557b66c-gfmb2 for Target File=deathstar_*.output
Namespace: default, Pod: ms-4829-669557b66c-gfmb2 has the target files.
Copying deathstar_ms-4829.output to deathstar_ms-4829.output
tar: removing leading '/' from member names
Debug: Checking Namespace=default, Pod=ms-51685-79858c784f-ls4k4 for Target File=deathstar_*.output
Namespace: default, Pod: ms-51685-79858c784f-ls4k4 has the target files.
Copying deathstar_ms-51685.output to deathstar_ms-51685.output
tar: removing leading '/' from member names
Debug: Checking Namespace=default, Pod=ms-52379-57c6cdd54b-shpfd for Target File=deathstar_*.output
Namespace: default, Pod: ms-52379-57c6cdd54b-shpfd has the target files.
Copying deathstar_ms-52379.output to deathstar_ms-52379.output
tar: removing leading '/' from member names
Debug: Checking Namespace=default, Pod=ms-55394-6f999f5df9-8vdhv for Target File=deathstar_*.output
Namespace: default, Pod: ms-55394-6f999f5df9-8vdhv has the target files.
Copying deathstar_ms-55394.output to deathstar_ms-55394.output
tar: removing leading '/' from member names
Debug: Checking Namespace=default, Pod=ms-58436-59dd96f659-fhrvm for Target File=deathstar_*.output
Namespace: default, Pod: ms-58436-59dd96f659-fhrvm has the target files.
Copying deathstar_ms-58436.output to deathstar_ms-58436.output
tar: removing leading '/' from member names
Debug: Checking Namespace=default, Pod=ms-58772-68ff78c966-56d6x for Target File=deathstar_*.output
Namespace: default, Pod: ms-58772-68ff78c966-56d6x has the target files.
Copying deathstar_ms-58772.output to deathstar_ms-58772.output
tar: removing leading '/' from member names
Debug: Checking Namespace=default, Pod=ms-59962-756b895b58-krn2s for Target File=deathstar_*.output
Namespace: default, Pod: ms-59962-756b895b58-krn2s has the target files.
Copying deathstar_ms-59962.output to deathstar_ms-59962.output
tar: removing leading '/' from member names
Debug: Checking Namespace=default, Pod=ms-60061-68bd84bdcd-tvwk8 for Target File=deathstar_*.output
Namespace: default, Pod: ms-60061-68bd84bdcd-tvwk8 has the target files.
Copying deathstar_ms-60061.output to deathstar_ms-60061.output
tar: removing leading '/' from member names
Debug: Checking Namespace=default, Pod=ms-6323-974659fcd-sprfb for Target File=deathstar_*.output
Namespace: default, Pod: ms-6323-974659fcd-sprfb has the target files.
Copying deathstar_ms-6323.output to deathstar_ms-6323.output
tar: removing leading '/' from member names
Debug: Checking Namespace=default, Pod=ms-65741-65f588bcdf-snskx for Target File=deathstar_*.output
Namespace: default, Pod: ms-65741-65f588bcdf-snskx has the target files.
Copying deathstar_ms-65741.output to deathstar_ms-65741.output
tar: removing leading '/' from member names
Debug: Checking Namespace=default, Pod=ms-66473-79c66f8bff-8bpj2 for Target File=deathstar_*.output
Namespace: default, Pod: ms-66473-79c66f8bff-8bpj2 has the target files.
Copying deathstar_ms-66473.output to deathstar_ms-66473.output
tar: removing leading '/' from member names
Debug: Checking Namespace=default, Pod=ms-69188-65c548d4cb-mmmpd for Target File=deathstar_*.output
Namespace: default, Pod: ms-69188-65c548d4cb-mmmpd has the target files.
Copying deathstar_ms-69188.output to deathstar_ms-69188.output
tar: removing leading '/' from member names
Debug: Checking Namespace=default, Pod=ms-69614-794bd8475-k479z for Target File=deathstar_*.output
Namespace: default, Pod: ms-69614-794bd8475-k479z has the target files.
Copying deathstar_ms-69614.output to deathstar_ms-69614.output
tar: removing leading '/' from member names
Debug: Checking Namespace=default, Pod=ms-9081-567985788-cr54m for Target File=deathstar_*.output
Namespace: default, Pod: ms-9081-567985788-cr54m has the target files.
Copying deathstar_ms-9081.output to deathstar_ms-9081.output
tar: removing leading '/' from member names
Debug: Checking Namespace=default, Pod=nginx-web-server-56557f7cb7-przg9 for Target File=deathstar_*.output
Namespace: default, Pod: nginx-web-server-56557f7cb7-przg9 has the target files.
Copying deathstar_nginx-web-server.output to deathstar_nginx-web-server.output
tar: removing leading '/' from member names
Debug: Checking Namespace=default, Pod=unknown-6ddf9bd4b5-r8c97 for Target File=deathstar_*.output
Namespace: default, Pod: unknown-6ddf9bd4b5-r8c97 has the target files.
Copying deathstar_unknown.output to deathstar_unknown.output
tar: removing leading '/' from member names
