Deployments: ms-11070
ms-11285
ms-11512
ms-1278
ms-13873
ms-19953
ms-21883
ms-25124
ms-27421
ms-2827
ms-33719
ms-37691
ms-43309
ms-4354
ms-46825
ms-60236
ms-71771
ms-8052
ms-902
nginx-web-server
deployment "ms-11070" successfully rolled out
deployment "ms-11285" successfully rolled out
deployment "ms-11512" successfully rolled out
deployment "ms-1278" successfully rolled out
deployment "ms-13873" successfully rolled out
deployment "ms-19953" successfully rolled out
deployment "ms-21883" successfully rolled out
deployment "ms-25124" successfully rolled out
deployment "ms-27421" successfully rolled out
deployment "ms-2827" successfully rolled out
deployment "ms-33719" successfully rolled out
deployment "ms-37691" successfully rolled out
deployment "ms-43309" successfully rolled out
deployment "ms-4354" successfully rolled out
deployment "ms-46825" successfully rolled out
deployment "ms-60236" successfully rolled out
deployment "ms-71771" successfully rolled out
deployment "ms-8052" successfully rolled out
deployment "ms-902" successfully rolled out
deployment "nginx-web-server" successfully rolled out
ENTRY_POINT: nginx-web-server
SERVICE_A_URL: 10.103.232.171:50051
Capacity: 10000
Metadata: request-id={{.RequestNumber}}
Metadata: timestamp={{.TimestampUnix}}
Metadata: method=S_102000854
Charon Configurations:
[{INTERCEPT breakwaterd} {PRICE_UPDATE_RATE 10ms} {TOKEN_UPDATE_RATE 10ms} {LATENCY_THRESHOLD 100us} {PRICE_STEP 0} {PRICE_STRATEGY step} {LAZY_UPDATE false} {RATE_LIMITING true} {LOAD_SHEDDING true} {CHARON_TRACK_PRICE false} {BREAKWATER_SLO 50000us} {BREAKWATER_A 30.0} {BREAKWATER_B 10.0} {BREAKWATER_CLIENT_EXPIRATION 1us} {BREAKWATER_INITIAL_CREDIT 47} {BREAKWATER_LOAD_SHEDDING true} {BREAKWATER_RTT 0us} {BREAKWATERD_SLO 43944us} {BREAKWATERD_A 0.0} {BREAKWATERD_B 10.0} {BREAKWATERD_CLIENT_EXPIRATION 10000us} {BREAKWATERD_INITIAL_CREDIT 5000} {BREAKWATERD_LOAD_SHEDDING true} {BREAKWATERD_RTT 12060us} {DAGOR_QUEUING_THRESHOLD 2ms} {DAGOR_ALPHA 0.05} {DAGOR_BETA 0.01} {DAGOR_ADMISSION_LEVEL_UPDATE_INTERVAL 10ms} {DAGOR_UMAX 20}]

Summary:
  Count:	93106
  Total:	24.99 s
  Slowest:	847.96 ms
  Fastest:	39.26 ms
  Average:	800.53 ms
  Requests/sec:	3725.63

Response time histogram:
  39.263  [1]     |
  120.132 [13010] |∎∎∎∎∎∎∎∎∎∎∎∎∎∎∎∎∎∎∎∎∎∎∎∎∎∎∎∎∎∎∎∎∎∎∎∎∎∎∎∎
  201.002 [1050]  |∎∎∎
  281.872 [41]    |
  362.742 [1]     |
  443.611 [0]     |
  524.481 [5]     |
  605.351 [1]     |
  686.221 [12]    |
  767.091 [21]    |
  847.960 [69]    |

Latency distribution:
  10 % in 40.47 ms 
  25 % in 41.30 ms 
  50 % in 42.82 ms 
  75 % in 45.94 ms 
  90 % in 106.27 ms 
  95 % in 154.52 ms 
  99 % in 203.69 ms 

Status code distribution:
  [ResourceExhausted]   1930 responses    
  [OK]                  14211 responses   
  [DeadlineExceeded]    69270 responses   
  [Canceled]            7695 responses    

Error distribution:
  [121]     rpc error: code = ResourceExhausted desc = Client id 197f7685-c450-409a-ae37-2bf136cf714e request expired in queue.   
  [43]      rpc error: code = ResourceExhausted desc = Client id 15000893-8565-47da-8e19-2e7a4f8afeae request expired in queue.   
  [971]     rpc error: code = ResourceExhausted desc = Client id 6d0c67a0-834c-44eb-9729-7e761ab0fdd1 request expired in queue.   
  [28]      rpc error: code = ResourceExhausted desc = Client id 22bdfa02-92d2-4b77-8cf1-95d316dbc921 request expired in queue.   
  [175]     rpc error: code = ResourceExhausted desc = Client id 4de32ca9-39cf-4d42-b769-d96f55ddd198 request expired in queue.   
  [69270]   rpc error: code = DeadlineExceeded desc = context deadline exceeded                                                   
  [7695]    rpc error: code = Canceled desc = grpc: the client connection is closing                                              
  [254]     rpc error: code = ResourceExhausted desc = Client id 658aceaa-3879-42fb-ab9a-67cabc51fed9 request expired in queue.   
  [1]       rpc error: code = ResourceExhausted desc = Client id 9ee42e74-8c1f-4d55-a407-3c2da5acbbd0 request expired in queue.   
  [13]      rpc error: code = ResourceExhausted desc = Client id fb6a4fb3-5043-4a90-8d4d-106ebecfb589 request expired in queue.   
  [9]       rpc error: code = ResourceExhausted desc = Client id 5eb5e787-38a1-4912-a834-6b9feb285b10 request expired in queue.   
  [133]     rpc error: code = ResourceExhausted desc = Client id 69b9503d-610d-468d-8830-a11af0a67a81 request expired in queue.   
  [80]      rpc error: code = ResourceExhausted desc = Client id 57ed1fa5-847e-42f4-8b1a-253180205881 request expired in queue.   
  [96]      rpc error: code = ResourceExhausted desc = Client id 1d1c013d-9f68-464b-a4f6-8cc2cb58e2b4 request expired in queue.   
  [3]       rpc error: code = ResourceExhausted desc = Client id c7e6f285-c4ff-402e-b414-d3adf886a27c request expired in queue.   
  [3]       rpc error: code = ResourceExhausted desc = Client id 2e772197-ab40-458a-acb9-483446094cd7 request expired in queue.   

Debug: Checking Namespace=default, Pod=ms-11070-7868c54f44-zzwj4 for Target File=deathstar_*.output
Namespace: default, Pod: ms-11070-7868c54f44-zzwj4 has the target files.
Copying deathstar_ms-11070.output to deathstar_ms-11070.output
tar: removing leading '/' from member names
Debug: Checking Namespace=default, Pod=ms-11285-67d597dc77-jh8gz for Target File=deathstar_*.output
Namespace: default, Pod: ms-11285-67d597dc77-jh8gz has the target files.
Copying deathstar_ms-11285.output to deathstar_ms-11285.output
tar: removing leading '/' from member names
Debug: Checking Namespace=default, Pod=ms-11512-75f8ddc45b-p4jm7 for Target File=deathstar_*.output
Namespace: default, Pod: ms-11512-75f8ddc45b-p4jm7 has the target files.
Copying deathstar_ms-11512.output to deathstar_ms-11512.output
tar: removing leading '/' from member names
Debug: Checking Namespace=default, Pod=ms-1278-85766ff6b8-5k46m for Target File=deathstar_*.output
Namespace: default, Pod: ms-1278-85766ff6b8-5k46m has the target files.
Copying deathstar_ms-1278.output to deathstar_ms-1278.output
tar: removing leading '/' from member names
Debug: Checking Namespace=default, Pod=ms-13873-85d7bb7b97-vpkvk for Target File=deathstar_*.output
Namespace: default, Pod: ms-13873-85d7bb7b97-vpkvk has the target files.
Copying deathstar_ms-13873.output to deathstar_ms-13873.output
tar: removing leading '/' from member names
Debug: Checking Namespace=default, Pod=ms-19953-68cc8998c5-7kbw7 for Target File=deathstar_*.output
Namespace: default, Pod: ms-19953-68cc8998c5-7kbw7 has the target files.
Copying deathstar_ms-19953.output to deathstar_ms-19953.output
tar: removing leading '/' from member names
Debug: Checking Namespace=default, Pod=ms-21883-f6c88c6d4-b8pcv for Target File=deathstar_*.output
Namespace: default, Pod: ms-21883-f6c88c6d4-b8pcv has the target files.
Copying deathstar_ms-21883.output to deathstar_ms-21883.output
tar: removing leading '/' from member names
Debug: Checking Namespace=default, Pod=ms-25124-77bd4446f5-sp928 for Target File=deathstar_*.output
Namespace: default, Pod: ms-25124-77bd4446f5-sp928 has the target files.
Copying deathstar_ms-25124.output to deathstar_ms-25124.output
tar: removing leading '/' from member names
Debug: Checking Namespace=default, Pod=ms-27421-8565974486-v6k6g for Target File=deathstar_*.output
Namespace: default, Pod: ms-27421-8565974486-v6k6g has the target files.
Copying deathstar_ms-27421.output to deathstar_ms-27421.output
tar: removing leading '/' from member names
Debug: Checking Namespace=default, Pod=ms-2827-5dcc6df4f4-v5s4h for Target File=deathstar_*.output
Namespace: default, Pod: ms-2827-5dcc6df4f4-v5s4h has the target files.
Copying deathstar_ms-2827.output to deathstar_ms-2827.output
tar: removing leading '/' from member names
Debug: Checking Namespace=default, Pod=ms-33719-6c455cf54c-mf27t for Target File=deathstar_*.output
Namespace: default, Pod: ms-33719-6c455cf54c-mf27t has the target files.
Copying deathstar_ms-33719.output to deathstar_ms-33719.output
tar: removing leading '/' from member names
Debug: Checking Namespace=default, Pod=ms-37691-b9bc44798-qvnxz for Target File=deathstar_*.output
Namespace: default, Pod: ms-37691-b9bc44798-qvnxz has the target files.
Copying deathstar_ms-37691.output to deathstar_ms-37691.output
tar: removing leading '/' from member names
Debug: Checking Namespace=default, Pod=ms-43309-54f758d465-rvptl for Target File=deathstar_*.output
Namespace: default, Pod: ms-43309-54f758d465-rvptl has the target files.
Copying deathstar_ms-43309.output to deathstar_ms-43309.output
tar: removing leading '/' from member names
Debug: Checking Namespace=default, Pod=ms-4354-669cfcbdf6-x7h6c for Target File=deathstar_*.output
Namespace: default, Pod: ms-4354-669cfcbdf6-x7h6c has the target files.
Copying deathstar_ms-4354.output to deathstar_ms-4354.output
tar: removing leading '/' from member names
Debug: Checking Namespace=default, Pod=ms-46825-58c684559d-pz7kl for Target File=deathstar_*.output
Namespace: default, Pod: ms-46825-58c684559d-pz7kl has the target files.
Copying deathstar_ms-46825.output to deathstar_ms-46825.output
tar: removing leading '/' from member names
Debug: Checking Namespace=default, Pod=ms-60236-64866cf49-4wp99 for Target File=deathstar_*.output
Namespace: default, Pod: ms-60236-64866cf49-4wp99 has the target files.
Copying deathstar_ms-60236.output to deathstar_ms-60236.output
tar: removing leading '/' from member names
Debug: Checking Namespace=default, Pod=ms-71771-567ddbdd95-jfm4j for Target File=deathstar_*.output
Namespace: default, Pod: ms-71771-567ddbdd95-jfm4j has the target files.
Copying deathstar_ms-71771.output to deathstar_ms-71771.output
tar: removing leading '/' from member names
Debug: Checking Namespace=default, Pod=ms-8052-b995968dc-7dvr6 for Target File=deathstar_*.output
Namespace: default, Pod: ms-8052-b995968dc-7dvr6 has the target files.
Copying deathstar_ms-8052.output to deathstar_ms-8052.output
tar: removing leading '/' from member names
Debug: Checking Namespace=default, Pod=ms-902-5744544f85-fvp4q for Target File=deathstar_*.output
Namespace: default, Pod: ms-902-5744544f85-fvp4q has the target files.
Copying deathstar_ms-902.output to deathstar_ms-902.output
tar: removing leading '/' from member names
Debug: Checking Namespace=default, Pod=nginx-web-server-56557f7cb7-sr48t for Target File=deathstar_*.output
Namespace: default, Pod: nginx-web-server-56557f7cb7-sr48t has the target files.
Copying deathstar_nginx-web-server.output to deathstar_nginx-web-server.output
tar: removing leading '/' from member names
