Deployments: ms-10090
ms-13558
ms-18330
ms-19585
ms-20172
ms-22893
ms-24009
ms-24959
ms-26622
ms-27421
ms-29373
ms-32301
ms-3289
ms-37691
ms-38964
ms-40147
ms-48118
ms-4829
ms-51685
ms-52379
ms-55394
ms-58436
ms-58772
ms-59962
ms-60061
ms-6323
ms-65741
ms-66473
ms-69188
ms-69614
ms-9081
nginx-web-server
unknown
deployment "ms-10090" successfully rolled out
deployment "ms-13558" successfully rolled out
deployment "ms-18330" successfully rolled out
deployment "ms-19585" successfully rolled out
deployment "ms-20172" successfully rolled out
deployment "ms-22893" successfully rolled out
deployment "ms-24009" successfully rolled out
deployment "ms-24959" successfully rolled out
deployment "ms-26622" successfully rolled out
deployment "ms-27421" successfully rolled out
deployment "ms-29373" successfully rolled out
deployment "ms-32301" successfully rolled out
deployment "ms-3289" successfully rolled out
deployment "ms-37691" successfully rolled out
deployment "ms-38964" successfully rolled out
deployment "ms-40147" successfully rolled out
deployment "ms-48118" successfully rolled out
deployment "ms-4829" successfully rolled out
deployment "ms-51685" successfully rolled out
deployment "ms-52379" successfully rolled out
deployment "ms-55394" successfully rolled out
deployment "ms-58436" successfully rolled out
deployment "ms-58772" successfully rolled out
deployment "ms-59962" successfully rolled out
deployment "ms-60061" successfully rolled out
deployment "ms-6323" successfully rolled out
deployment "ms-65741" successfully rolled out
deployment "ms-66473" successfully rolled out
deployment "ms-69188" successfully rolled out
deployment "ms-69614" successfully rolled out
deployment "ms-9081" successfully rolled out
deployment "nginx-web-server" successfully rolled out
deployment "unknown" successfully rolled out
ENTRY_POINT: nginx-web-server
SERVICE_A_URL: 10.109.176.39:50051
Capacity: 10000
Metadata: method=S_149998854
Metadata: request-id={{.RequestNumber}}
Metadata: timestamp={{.TimestampUnix}}
Charon Configurations:
[{INTERCEPT breakwater} {PRICE_UPDATE_RATE 10ms} {TOKEN_UPDATE_RATE 10ms} {LATENCY_THRESHOLD 100us} {PRICE_STEP 0} {PRICE_STRATEGY step} {LAZY_UPDATE false} {RATE_LIMITING true} {LOAD_SHEDDING true} {CHARON_TRACK_PRICE false} {BREAKWATER_SLO 4618us} {BREAKWATER_A 0.2895180150248522} {BREAKWATER_B 1.2813105474595612} {BREAKWATER_CLIENT_EXPIRATION 82us} {BREAKWATER_INITIAL_CREDIT 1776} {BREAKWATER_LOAD_SHEDDING true} {BREAKWATER_RTT 18779us} {BREAKWATERD_SLO 12500us} {BREAKWATERD_A 0.001} {BREAKWATERD_B 0.02} {BREAKWATERD_CLIENT_EXPIRATION 10ms} {BREAKWATERD_INITIAL_CREDIT 400} {BREAKWATERD_LOAD_SHEDDING true} {BREAKWATERD_RTT 1000us} {DAGOR_QUEUING_THRESHOLD 2ms} {DAGOR_ALPHA 0.05} {DAGOR_BETA 0.01} {DAGOR_ADMISSION_LEVEL_UPDATE_INTERVAL 10ms} {DAGOR_UMAX 20}]

Summary:
  Count:	88714
  Total:	24.99 s
  Slowest:	889.28 ms
  Fastest:	110.91 ms
  Average:	161.20 ms
  Requests/sec:	3549.66

Response time histogram:
  110.911 [1]     |
  188.749 [25347] |∎∎∎∎∎∎∎∎∎∎∎∎∎∎∎∎∎∎∎∎∎∎∎∎∎∎∎∎∎∎∎∎∎∎∎∎∎∎∎∎
  266.586 [20482] |∎∎∎∎∎∎∎∎∎∎∎∎∎∎∎∎∎∎∎∎∎∎∎∎∎∎∎∎∎∎∎∎
  344.423 [9283]  |∎∎∎∎∎∎∎∎∎∎∎∎∎∎∎
  422.261 [4731]  |∎∎∎∎∎∎∎
  500.098 [2119]  |∎∎∎
  577.935 [493]   |∎
  655.773 [98]    |
  733.610 [7]     |
  811.447 [32]    |
  889.285 [70]    |

Latency distribution:
  10 % in 114.32 ms 
  25 % in 156.37 ms 
  50 % in 205.84 ms 
  75 % in 273.68 ms 
  90 % in 359.47 ms 
  95 % in 414.45 ms 
  99 % in 511.02 ms 

Status code distribution:
  [OK]                  62663 responses   
  [ResourceExhausted]   25549 responses   
  [Canceled]            502 responses     

Error distribution:
  [25549]   rpc error: code = ResourceExhausted desc = Server-side queuing delay is beyond AQM threshold   
  [502]     rpc error: code = Canceled desc = grpc: the client connection is closing                       

Debug: Checking Namespace=default, Pod=ms-10090-6454f977fd-qrbb6 for Target File=deathstar_*.output
Namespace: default, Pod: ms-10090-6454f977fd-qrbb6 has the target files.
Copying deathstar_ms-10090.output to deathstar_ms-10090.output
tar: removing leading '/' from member names
Debug: Checking Namespace=default, Pod=ms-13558-b48bb5d9d-k6m94 for Target File=deathstar_*.output
Namespace: default, Pod: ms-13558-b48bb5d9d-k6m94 has the target files.
Copying deathstar_ms-13558.output to deathstar_ms-13558.output
tar: removing leading '/' from member names
Debug: Checking Namespace=default, Pod=ms-18330-759d9cf49c-nj4qn for Target File=deathstar_*.output
Namespace: default, Pod: ms-18330-759d9cf49c-nj4qn has the target files.
Copying deathstar_ms-18330.output to deathstar_ms-18330.output
tar: removing leading '/' from member names
Debug: Checking Namespace=default, Pod=ms-19585-6f995cfcbf-296rl for Target File=deathstar_*.output
Namespace: default, Pod: ms-19585-6f995cfcbf-296rl has the target files.
Copying deathstar_ms-19585.output to deathstar_ms-19585.output
tar: removing leading '/' from member names
Debug: Checking Namespace=default, Pod=ms-20172-59d5485464-rm5h7 for Target File=deathstar_*.output
Namespace: default, Pod: ms-20172-59d5485464-rm5h7 has the target files.
Copying deathstar_ms-20172.output to deathstar_ms-20172.output
tar: removing leading '/' from member names
Debug: Checking Namespace=default, Pod=ms-22893-576fd5f9f6-tnbqt for Target File=deathstar_*.output
Namespace: default, Pod: ms-22893-576fd5f9f6-tnbqt has the target files.
Copying deathstar_ms-22893.output to deathstar_ms-22893.output
tar: removing leading '/' from member names
Debug: Checking Namespace=default, Pod=ms-24009-67dbf5b976-2znn7 for Target File=deathstar_*.output
Namespace: default, Pod: ms-24009-67dbf5b976-2znn7 has the target files.
Copying deathstar_ms-24009.output to deathstar_ms-24009.output
tar: removing leading '/' from member names
Debug: Checking Namespace=default, Pod=ms-24959-99f8bbf9-wzcrb for Target File=deathstar_*.output
Namespace: default, Pod: ms-24959-99f8bbf9-wzcrb has the target files.
Copying deathstar_ms-24959.output to deathstar_ms-24959.output
tar: removing leading '/' from member names
Debug: Checking Namespace=default, Pod=ms-26622-66fdf7d64f-ssr8j for Target File=deathstar_*.output
Namespace: default, Pod: ms-26622-66fdf7d64f-ssr8j has the target files.
Copying deathstar_ms-26622.output to deathstar_ms-26622.output
tar: removing leading '/' from member names
Debug: Checking Namespace=default, Pod=ms-27421-64f549855c-28wp9 for Target File=deathstar_*.output
Namespace: default, Pod: ms-27421-64f549855c-28wp9 has the target files.
Copying deathstar_ms-27421.output to deathstar_ms-27421.output
tar: removing leading '/' from member names
Debug: Checking Namespace=default, Pod=ms-29373-8467f7db44-q28w6 for Target File=deathstar_*.output
Namespace: default, Pod: ms-29373-8467f7db44-q28w6 has the target files.
Copying deathstar_ms-29373.output to deathstar_ms-29373.output
tar: removing leading '/' from member names
Debug: Checking Namespace=default, Pod=ms-32301-c5654bbc5-wxxf2 for Target File=deathstar_*.output
Namespace: default, Pod: ms-32301-c5654bbc5-wxxf2 has the target files.
Copying deathstar_ms-32301.output to deathstar_ms-32301.output
tar: removing leading '/' from member names
Debug: Checking Namespace=default, Pod=ms-3289-587dbd96bf-f4vr6 for Target File=deathstar_*.output
Namespace: default, Pod: ms-3289-587dbd96bf-f4vr6 has the target files.
Copying deathstar_ms-3289.output to deathstar_ms-3289.output
tar: removing leading '/' from member names
Debug: Checking Namespace=default, Pod=ms-37691-6dc6cd6744-lvdmp for Target File=deathstar_*.output
Namespace: default, Pod: ms-37691-6dc6cd6744-lvdmp has the target files.
Copying deathstar_ms-37691.output to deathstar_ms-37691.output
tar: removing leading '/' from member names
Debug: Checking Namespace=default, Pod=ms-38964-5b647cdbd-77224 for Target File=deathstar_*.output
Namespace: default, Pod: ms-38964-5b647cdbd-77224 has the target files.
Copying deathstar_ms-38964.output to deathstar_ms-38964.output
tar: removing leading '/' from member names
Debug: Checking Namespace=default, Pod=ms-40147-cd867585-jv5dd for Target File=deathstar_*.output
Namespace: default, Pod: ms-40147-cd867585-jv5dd has the target files.
Copying deathstar_ms-40147.output to deathstar_ms-40147.output
tar: removing leading '/' from member names
Debug: Checking Namespace=default, Pod=ms-48118-ff7b99cc9-rlxhf for Target File=deathstar_*.output
Namespace: default, Pod: ms-48118-ff7b99cc9-rlxhf has the target files.
Copying deathstar_ms-48118.output to deathstar_ms-48118.output
tar: removing leading '/' from member names
Debug: Checking Namespace=default, Pod=ms-4829-669557b66c-qsmlq for Target File=deathstar_*.output
Namespace: default, Pod: ms-4829-669557b66c-qsmlq has the target files.
Copying deathstar_ms-4829.output to deathstar_ms-4829.output
tar: removing leading '/' from member names
Debug: Checking Namespace=default, Pod=ms-51685-79858c784f-bps8v for Target File=deathstar_*.output
Namespace: default, Pod: ms-51685-79858c784f-bps8v has the target files.
Copying deathstar_ms-51685.output to deathstar_ms-51685.output
tar: removing leading '/' from member names
Debug: Checking Namespace=default, Pod=ms-52379-57c6cdd54b-xdwlw for Target File=deathstar_*.output
Namespace: default, Pod: ms-52379-57c6cdd54b-xdwlw has the target files.
Copying deathstar_ms-52379.output to deathstar_ms-52379.output
tar: removing leading '/' from member names
Debug: Checking Namespace=default, Pod=ms-55394-6f999f5df9-25jdg for Target File=deathstar_*.output
Namespace: default, Pod: ms-55394-6f999f5df9-25jdg has the target files.
Copying deathstar_ms-55394.output to deathstar_ms-55394.output
tar: removing leading '/' from member names
Debug: Checking Namespace=default, Pod=ms-58436-59dd96f659-l78jm for Target File=deathstar_*.output
Namespace: default, Pod: ms-58436-59dd96f659-l78jm has the target files.
Copying deathstar_ms-58436.output to deathstar_ms-58436.output
tar: removing leading '/' from member names
Debug: Checking Namespace=default, Pod=ms-58772-68ff78c966-pz2vp for Target File=deathstar_*.output
Namespace: default, Pod: ms-58772-68ff78c966-pz2vp has the target files.
Copying deathstar_ms-58772.output to deathstar_ms-58772.output
tar: removing leading '/' from member names
Debug: Checking Namespace=default, Pod=ms-59962-756b895b58-dtzwg for Target File=deathstar_*.output
Namespace: default, Pod: ms-59962-756b895b58-dtzwg has the target files.
Copying deathstar_ms-59962.output to deathstar_ms-59962.output
tar: removing leading '/' from member names
Debug: Checking Namespace=default, Pod=ms-60061-68bd84bdcd-dncrq for Target File=deathstar_*.output
Namespace: default, Pod: ms-60061-68bd84bdcd-dncrq has the target files.
Copying deathstar_ms-60061.output to deathstar_ms-60061.output
tar: removing leading '/' from member names
Debug: Checking Namespace=default, Pod=ms-6323-974659fcd-2q559 for Target File=deathstar_*.output
Namespace: default, Pod: ms-6323-974659fcd-2q559 has the target files.
Copying deathstar_ms-6323.output to deathstar_ms-6323.output
tar: removing leading '/' from member names
Debug: Checking Namespace=default, Pod=ms-65741-65f588bcdf-mhnh9 for Target File=deathstar_*.output
Namespace: default, Pod: ms-65741-65f588bcdf-mhnh9 has the target files.
Copying deathstar_ms-65741.output to deathstar_ms-65741.output
tar: removing leading '/' from member names
Debug: Checking Namespace=default, Pod=ms-66473-79c66f8bff-8tlcv for Target File=deathstar_*.output
Namespace: default, Pod: ms-66473-79c66f8bff-8tlcv has the target files.
Copying deathstar_ms-66473.output to deathstar_ms-66473.output
tar: removing leading '/' from member names
Debug: Checking Namespace=default, Pod=ms-69188-65c548d4cb-v89wq for Target File=deathstar_*.output
Namespace: default, Pod: ms-69188-65c548d4cb-v89wq has the target files.
Copying deathstar_ms-69188.output to deathstar_ms-69188.output
tar: removing leading '/' from member names
Debug: Checking Namespace=default, Pod=ms-69614-794bd8475-nkfds for Target File=deathstar_*.output
Namespace: default, Pod: ms-69614-794bd8475-nkfds has the target files.
Copying deathstar_ms-69614.output to deathstar_ms-69614.output
tar: removing leading '/' from member names
Debug: Checking Namespace=default, Pod=ms-9081-567985788-d5wfs for Target File=deathstar_*.output
Namespace: default, Pod: ms-9081-567985788-d5wfs has the target files.
Copying deathstar_ms-9081.output to deathstar_ms-9081.output
tar: removing leading '/' from member names
Debug: Checking Namespace=default, Pod=nginx-web-server-56557f7cb7-q4czq for Target File=deathstar_*.output
Namespace: default, Pod: nginx-web-server-56557f7cb7-q4czq has the target files.
Copying deathstar_nginx-web-server.output to deathstar_nginx-web-server.output
tar: removing leading '/' from member names
Debug: Checking Namespace=default, Pod=unknown-6ddf9bd4b5-n92m6 for Target File=deathstar_*.output
Namespace: default, Pod: unknown-6ddf9bd4b5-n92m6 has the target files.
Copying deathstar_unknown.output to deathstar_unknown.output
tar: removing leading '/' from member names
