Deployments: ms-11070
ms-11285
ms-11512
ms-1278
ms-13873
ms-19953
ms-21883
ms-25124
ms-27421
ms-2827
ms-33719
ms-37691
ms-43309
ms-4354
ms-46825
ms-60236
ms-71771
ms-8052
ms-902
nginx-web-server
deployment "ms-11070" successfully rolled out
deployment "ms-11285" successfully rolled out
deployment "ms-11512" successfully rolled out
deployment "ms-1278" successfully rolled out
deployment "ms-13873" successfully rolled out
deployment "ms-19953" successfully rolled out
deployment "ms-21883" successfully rolled out
deployment "ms-25124" successfully rolled out
deployment "ms-27421" successfully rolled out
deployment "ms-2827" successfully rolled out
deployment "ms-33719" successfully rolled out
deployment "ms-37691" successfully rolled out
deployment "ms-43309" successfully rolled out
deployment "ms-4354" successfully rolled out
deployment "ms-46825" successfully rolled out
deployment "ms-60236" successfully rolled out
deployment "ms-71771" successfully rolled out
deployment "ms-8052" successfully rolled out
deployment "ms-902" successfully rolled out
deployment "nginx-web-server" successfully rolled out
ENTRY_POINT: nginx-web-server
SERVICE_A_URL: 10.98.75.94:50051
Capacity: 10000
Metadata: method=S_102000854
Metadata: request-id={{.RequestNumber}}
Metadata: timestamp={{.TimestampUnix}}
Charon Configurations:
[{INTERCEPT charon} {PRICE_UPDATE_RATE 3607us} {TOKEN_UPDATE_RATE 16275us} {LATENCY_THRESHOLD 1614us} {PRICE_STEP 150} {PRICE_STRATEGY proportional} {LAZY_UPDATE true} {RATE_LIMITING true} {LOAD_SHEDDING true} {CHARON_TRACK_PRICE false} {BREAKWATER_SLO 12500us} {BREAKWATER_A 0.001} {BREAKWATER_B 0.02} {BREAKWATER_CLIENT_EXPIRATION 10ms} {BREAKWATER_INITIAL_CREDIT 400} {BREAKWATER_LOAD_SHEDDING true} {BREAKWATER_RTT 1000us} {BREAKWATERD_SLO 12500us} {BREAKWATERD_A 0.001} {BREAKWATERD_B 0.02} {BREAKWATERD_CLIENT_EXPIRATION 10ms} {BREAKWATERD_INITIAL_CREDIT 400} {BREAKWATERD_LOAD_SHEDDING true} {BREAKWATERD_RTT 1000us} {DAGOR_QUEUING_THRESHOLD 2ms} {DAGOR_ALPHA 0.05} {DAGOR_BETA 0.01} {DAGOR_ADMISSION_LEVEL_UPDATE_INTERVAL 10ms} {DAGOR_UMAX 20}]

Summary:
  Count:	59981
  Total:	14.78 s
  Slowest:	836.51 ms
  Fastest:	38.91 ms
  Average:	46.03 ms
  Requests/sec:	4058.62

Response time histogram:
  38.908  [1]     |
  118.668 [51696] |∎∎∎∎∎∎∎∎∎∎∎∎∎∎∎∎∎∎∎∎∎∎∎∎∎∎∎∎∎∎∎∎∎∎∎∎∎∎∎∎
  198.429 [1194]  |∎
  278.189 [27]    |
  357.949 [0]     |
  437.709 [0]     |
  517.469 [47]    |
  597.229 [8]     |
  676.989 [0]     |
  756.750 [0]     |
  836.510 [35]    |

Latency distribution:
  10 % in 40.43 ms 
  25 % in 41.66 ms 
  50 % in 44.45 ms 
  75 % in 49.20 ms 
  90 % in 56.94 ms 
  95 % in 71.07 ms 
  99 % in 145.59 ms 

Status code distribution:
  [ResourceExhausted]   6873 responses    
  [Canceled]            100 responses     
  [OK]                  53008 responses   

Error distribution:
  [10]     rpc error: code = ResourceExhausted desc = S_102000854 req dropped by ms-71771. Try again later.           
  [8]      rpc error: code = ResourceExhausted desc = S_102000854 req dropped by ms-33719. Try again later.           
  [100]    rpc error: code = Canceled desc = grpc: the client connection is closing                                   
  [630]    rpc error: code = ResourceExhausted desc = S_102000854 req dropped by ms-13873. Try again later.           
  [292]    rpc error: code = ResourceExhausted desc = S_102000854 req dropped by ms-60236. Try again later.           
  [271]    rpc error: code = ResourceExhausted desc = S_102000854 req dropped by ms-25124. Try again later.           
  [5662]   rpc error: code = ResourceExhausted desc = S_102000854 req dropped by nginx-web-server. Try again later.   

Debug: Checking Namespace=default, Pod=ms-11070-7868c54f44-nt2fm for Target File=deathstar_*.output
Namespace: default, Pod: ms-11070-7868c54f44-nt2fm has the target files.
Copying deathstar_ms-11070.output to deathstar_ms-11070.output
tar: removing leading '/' from member names
Debug: Checking Namespace=default, Pod=ms-11285-67d597dc77-krj9j for Target File=deathstar_*.output
Namespace: default, Pod: ms-11285-67d597dc77-krj9j has the target files.
Copying deathstar_ms-11285.output to deathstar_ms-11285.output
tar: removing leading '/' from member names
Debug: Checking Namespace=default, Pod=ms-11512-75f8ddc45b-rmsvd for Target File=deathstar_*.output
Namespace: default, Pod: ms-11512-75f8ddc45b-rmsvd has the target files.
Copying deathstar_ms-11512.output to deathstar_ms-11512.output
tar: removing leading '/' from member names
Debug: Checking Namespace=default, Pod=ms-1278-85766ff6b8-w7wgz for Target File=deathstar_*.output
Namespace: default, Pod: ms-1278-85766ff6b8-w7wgz has the target files.
Copying deathstar_ms-1278.output to deathstar_ms-1278.output
tar: removing leading '/' from member names
Debug: Checking Namespace=default, Pod=ms-13873-85d7bb7b97-6ctxn for Target File=deathstar_*.output
Namespace: default, Pod: ms-13873-85d7bb7b97-6ctxn has the target files.
Copying deathstar_ms-13873.output to deathstar_ms-13873.output
tar: removing leading '/' from member names
Debug: Checking Namespace=default, Pod=ms-19953-68cc8998c5-vjstr for Target File=deathstar_*.output
Namespace: default, Pod: ms-19953-68cc8998c5-vjstr has the target files.
Copying deathstar_ms-19953.output to deathstar_ms-19953.output
tar: removing leading '/' from member names
Debug: Checking Namespace=default, Pod=ms-21883-f6c88c6d4-765lw for Target File=deathstar_*.output
Namespace: default, Pod: ms-21883-f6c88c6d4-765lw has the target files.
Copying deathstar_ms-21883.output to deathstar_ms-21883.output
tar: removing leading '/' from member names
Debug: Checking Namespace=default, Pod=ms-25124-77bd4446f5-cwmlt for Target File=deathstar_*.output
Namespace: default, Pod: ms-25124-77bd4446f5-cwmlt has the target files.
Copying deathstar_ms-25124.output to deathstar_ms-25124.output
tar: removing leading '/' from member names
Debug: Checking Namespace=default, Pod=ms-27421-8565974486-q2vqj for Target File=deathstar_*.output
Namespace: default, Pod: ms-27421-8565974486-q2vqj has the target files.
Copying deathstar_ms-27421.output to deathstar_ms-27421.output
tar: removing leading '/' from member names
Debug: Checking Namespace=default, Pod=ms-2827-5dcc6df4f4-4j69p for Target File=deathstar_*.output
Namespace: default, Pod: ms-2827-5dcc6df4f4-4j69p has the target files.
Copying deathstar_ms-2827.output to deathstar_ms-2827.output
tar: removing leading '/' from member names
Debug: Checking Namespace=default, Pod=ms-33719-6c455cf54c-zhgpj for Target File=deathstar_*.output
Namespace: default, Pod: ms-33719-6c455cf54c-zhgpj has the target files.
Copying deathstar_ms-33719.output to deathstar_ms-33719.output
tar: removing leading '/' from member names
Debug: Checking Namespace=default, Pod=ms-37691-b9bc44798-k49m5 for Target File=deathstar_*.output
Namespace: default, Pod: ms-37691-b9bc44798-k49m5 has the target files.
Copying deathstar_ms-37691.output to deathstar_ms-37691.output
tar: removing leading '/' from member names
Debug: Checking Namespace=default, Pod=ms-43309-54f758d465-dcztr for Target File=deathstar_*.output
Namespace: default, Pod: ms-43309-54f758d465-dcztr has the target files.
Copying deathstar_ms-43309.output to deathstar_ms-43309.output
tar: removing leading '/' from member names
Debug: Checking Namespace=default, Pod=ms-4354-669cfcbdf6-p8f5n for Target File=deathstar_*.output
Namespace: default, Pod: ms-4354-669cfcbdf6-p8f5n has the target files.
Copying deathstar_ms-4354.output to deathstar_ms-4354.output
tar: removing leading '/' from member names
Debug: Checking Namespace=default, Pod=ms-46825-58c684559d-fs4jz for Target File=deathstar_*.output
Namespace: default, Pod: ms-46825-58c684559d-fs4jz has the target files.
Copying deathstar_ms-46825.output to deathstar_ms-46825.output
tar: removing leading '/' from member names
Debug: Checking Namespace=default, Pod=ms-60236-64866cf49-r54lq for Target File=deathstar_*.output
Namespace: default, Pod: ms-60236-64866cf49-r54lq has the target files.
Copying deathstar_ms-60236.output to deathstar_ms-60236.output
tar: removing leading '/' from member names
Debug: Checking Namespace=default, Pod=ms-71771-567ddbdd95-dhqf5 for Target File=deathstar_*.output
Namespace: default, Pod: ms-71771-567ddbdd95-dhqf5 has the target files.
Copying deathstar_ms-71771.output to deathstar_ms-71771.output
tar: removing leading '/' from member names
Debug: Checking Namespace=default, Pod=ms-8052-b995968dc-pfl69 for Target File=deathstar_*.output
Namespace: default, Pod: ms-8052-b995968dc-pfl69 has the target files.
Copying deathstar_ms-8052.output to deathstar_ms-8052.output
tar: removing leading '/' from member names
Debug: Checking Namespace=default, Pod=ms-902-5744544f85-7vf4d for Target File=deathstar_*.output
Namespace: default, Pod: ms-902-5744544f85-7vf4d has the target files.
Copying deathstar_ms-902.output to deathstar_ms-902.output
tar: removing leading '/' from member names
Debug: Checking Namespace=default, Pod=nginx-web-server-56557f7cb7-82mmh for Target File=deathstar_*.output
Namespace: default, Pod: nginx-web-server-56557f7cb7-82mmh has the target files.
Copying deathstar_nginx-web-server.output to deathstar_nginx-web-server.output
tar: removing leading '/' from member names
