Deployments: ms-11070
ms-11285
ms-11512
ms-1278
ms-13873
ms-19953
ms-21883
ms-25124
ms-27421
ms-2827
ms-33719
ms-37691
ms-43309
ms-4354
ms-46825
ms-60236
ms-71771
ms-8052
ms-902
nginx-web-server
deployment "ms-11070" successfully rolled out
deployment "ms-11285" successfully rolled out
deployment "ms-11512" successfully rolled out
deployment "ms-1278" successfully rolled out
deployment "ms-13873" successfully rolled out
deployment "ms-19953" successfully rolled out
deployment "ms-21883" successfully rolled out
deployment "ms-25124" successfully rolled out
deployment "ms-27421" successfully rolled out
deployment "ms-2827" successfully rolled out
deployment "ms-33719" successfully rolled out
deployment "ms-37691" successfully rolled out
deployment "ms-43309" successfully rolled out
deployment "ms-4354" successfully rolled out
deployment "ms-46825" successfully rolled out
deployment "ms-60236" successfully rolled out
deployment "ms-71771" successfully rolled out
deployment "ms-8052" successfully rolled out
deployment "ms-902" successfully rolled out
deployment "nginx-web-server" successfully rolled out
ENTRY_POINT: nginx-web-server
SERVICE_A_URL: 10.97.24.130:50051
Capacity: 10000
Metadata: request-id={{.RequestNumber}}
Metadata: timestamp={{.TimestampUnix}}
Metadata: method=S_102000854
Charon Configurations:
[{INTERCEPT charon} {PRICE_UPDATE_RATE 21431us} {TOKEN_UPDATE_RATE 11675us} {LATENCY_THRESHOLD 1044us} {PRICE_STEP 104} {PRICE_STRATEGY proportional} {LAZY_UPDATE true} {RATE_LIMITING true} {LOAD_SHEDDING true} {CHARON_TRACK_PRICE false} {BREAKWATER_SLO 12500us} {BREAKWATER_A 0.001} {BREAKWATER_B 0.02} {BREAKWATER_CLIENT_EXPIRATION 10ms} {BREAKWATER_INITIAL_CREDIT 400} {BREAKWATER_LOAD_SHEDDING true} {BREAKWATER_RTT 1000us} {BREAKWATERD_SLO 12500us} {BREAKWATERD_A 0.001} {BREAKWATERD_B 0.02} {BREAKWATERD_CLIENT_EXPIRATION 10ms} {BREAKWATERD_INITIAL_CREDIT 400} {BREAKWATERD_LOAD_SHEDDING true} {BREAKWATERD_RTT 1000us} {DAGOR_QUEUING_THRESHOLD 2ms} {DAGOR_ALPHA 0.05} {DAGOR_BETA 0.01} {DAGOR_ADMISSION_LEVEL_UPDATE_INTERVAL 10ms} {DAGOR_UMAX 20}]

Summary:
  Count:	68050
  Total:	14.79 s
  Slowest:	777.33 ms
  Fastest:	38.94 ms
  Average:	52.88 ms
  Requests/sec:	4602.44

Response time histogram:
  38.942  [1]     |
  112.782 [57229] |∎∎∎∎∎∎∎∎∎∎∎∎∎∎∎∎∎∎∎∎∎∎∎∎∎∎∎∎∎∎∎∎∎∎∎∎∎∎∎∎
  186.621 [577]   |
  260.460 [1566]  |∎
  334.299 [1188]  |∎
  408.138 [221]   |
  481.977 [20]    |
  555.817 [2]     |
  629.656 [0]     |
  703.495 [0]     |
  777.334 [1]     |

Latency distribution:
  10 % in 40.49 ms 
  25 % in 41.90 ms 
  50 % in 44.77 ms 
  75 % in 49.66 ms 
  90 % in 58.01 ms 
  95 % in 178.89 ms 
  99 % in 294.71 ms 

Status code distribution:
  [OK]                  60805 responses   
  [ResourceExhausted]   7104 responses    
  [Canceled]            140 responses     
  [Unavailable]         1 responses       

Error distribution:
  [642]    rpc error: code = ResourceExhausted desc = S_102000854 req dropped by ms-13873. Try again later.           
  [358]    rpc error: code = ResourceExhausted desc = S_102000854 req dropped by ms-60236. Try again later.           
  [346]    rpc error: code = ResourceExhausted desc = S_102000854 req dropped by ms-25124. Try again later.           
  [5719]   rpc error: code = ResourceExhausted desc = S_102000854 req dropped by nginx-web-server. Try again later.   
  [6]      rpc error: code = ResourceExhausted desc = S_102000854 req dropped by ms-71771. Try again later.           
  [33]     rpc error: code = ResourceExhausted desc = S_102000854 req dropped by ms-33719. Try again later.           
  [140]    rpc error: code = Canceled desc = grpc: the client connection is closing                                   
  [1]      rpc error: code = Unavailable desc = transport is closing                                                  

Debug: Checking Namespace=default, Pod=ms-11070-7868c54f44-s55zv for Target File=deathstar_*.output
Namespace: default, Pod: ms-11070-7868c54f44-s55zv has the target files.
Copying deathstar_ms-11070.output to deathstar_ms-11070.output
tar: removing leading '/' from member names
Debug: Checking Namespace=default, Pod=ms-11285-67d597dc77-kg56k for Target File=deathstar_*.output
Namespace: default, Pod: ms-11285-67d597dc77-kg56k has the target files.
Copying deathstar_ms-11285.output to deathstar_ms-11285.output
tar: removing leading '/' from member names
Debug: Checking Namespace=default, Pod=ms-11512-75f8ddc45b-2nmrb for Target File=deathstar_*.output
Namespace: default, Pod: ms-11512-75f8ddc45b-2nmrb has the target files.
Copying deathstar_ms-11512.output to deathstar_ms-11512.output
tar: removing leading '/' from member names
Debug: Checking Namespace=default, Pod=ms-1278-85766ff6b8-dnk2r for Target File=deathstar_*.output
Namespace: default, Pod: ms-1278-85766ff6b8-dnk2r has the target files.
Copying deathstar_ms-1278.output to deathstar_ms-1278.output
tar: removing leading '/' from member names
Debug: Checking Namespace=default, Pod=ms-13873-85d7bb7b97-h2p5n for Target File=deathstar_*.output
Namespace: default, Pod: ms-13873-85d7bb7b97-h2p5n has the target files.
Copying deathstar_ms-13873.output to deathstar_ms-13873.output
tar: removing leading '/' from member names
Debug: Checking Namespace=default, Pod=ms-19953-68cc8998c5-vfrgt for Target File=deathstar_*.output
Namespace: default, Pod: ms-19953-68cc8998c5-vfrgt has the target files.
Copying deathstar_ms-19953.output to deathstar_ms-19953.output
tar: removing leading '/' from member names
Debug: Checking Namespace=default, Pod=ms-21883-f6c88c6d4-l64r8 for Target File=deathstar_*.output
Namespace: default, Pod: ms-21883-f6c88c6d4-l64r8 has the target files.
Copying deathstar_ms-21883.output to deathstar_ms-21883.output
tar: removing leading '/' from member names
Debug: Checking Namespace=default, Pod=ms-25124-77bd4446f5-kkwlc for Target File=deathstar_*.output
Namespace: default, Pod: ms-25124-77bd4446f5-kkwlc has the target files.
Copying deathstar_ms-25124.output to deathstar_ms-25124.output
tar: removing leading '/' from member names
Debug: Checking Namespace=default, Pod=ms-27421-8565974486-4g5nw for Target File=deathstar_*.output
Namespace: default, Pod: ms-27421-8565974486-4g5nw has the target files.
Copying deathstar_ms-27421.output to deathstar_ms-27421.output
tar: removing leading '/' from member names
Debug: Checking Namespace=default, Pod=ms-2827-5dcc6df4f4-t6bb6 for Target File=deathstar_*.output
Namespace: default, Pod: ms-2827-5dcc6df4f4-t6bb6 has the target files.
Copying deathstar_ms-2827.output to deathstar_ms-2827.output
tar: removing leading '/' from member names
Debug: Checking Namespace=default, Pod=ms-33719-6c455cf54c-t48sq for Target File=deathstar_*.output
Namespace: default, Pod: ms-33719-6c455cf54c-t48sq has the target files.
Copying deathstar_ms-33719.output to deathstar_ms-33719.output
tar: removing leading '/' from member names
Debug: Checking Namespace=default, Pod=ms-37691-b9bc44798-vr4dd for Target File=deathstar_*.output
Namespace: default, Pod: ms-37691-b9bc44798-vr4dd has the target files.
Copying deathstar_ms-37691.output to deathstar_ms-37691.output
tar: removing leading '/' from member names
Debug: Checking Namespace=default, Pod=ms-43309-54f758d465-9fhpk for Target File=deathstar_*.output
Namespace: default, Pod: ms-43309-54f758d465-9fhpk has the target files.
Copying deathstar_ms-43309.output to deathstar_ms-43309.output
tar: removing leading '/' from member names
Debug: Checking Namespace=default, Pod=ms-4354-669cfcbdf6-698qk for Target File=deathstar_*.output
Namespace: default, Pod: ms-4354-669cfcbdf6-698qk has the target files.
Copying deathstar_ms-4354.output to deathstar_ms-4354.output
tar: removing leading '/' from member names
Debug: Checking Namespace=default, Pod=ms-46825-58c684559d-nwz4s for Target File=deathstar_*.output
Namespace: default, Pod: ms-46825-58c684559d-nwz4s has the target files.
Copying deathstar_ms-46825.output to deathstar_ms-46825.output
tar: removing leading '/' from member names
Debug: Checking Namespace=default, Pod=ms-60236-64866cf49-69z25 for Target File=deathstar_*.output
Namespace: default, Pod: ms-60236-64866cf49-69z25 has the target files.
Copying deathstar_ms-60236.output to deathstar_ms-60236.output
tar: removing leading '/' from member names
Debug: Checking Namespace=default, Pod=ms-71771-567ddbdd95-m4tcv for Target File=deathstar_*.output
Namespace: default, Pod: ms-71771-567ddbdd95-m4tcv has the target files.
Copying deathstar_ms-71771.output to deathstar_ms-71771.output
tar: removing leading '/' from member names
Debug: Checking Namespace=default, Pod=ms-8052-b995968dc-nbd4s for Target File=deathstar_*.output
Namespace: default, Pod: ms-8052-b995968dc-nbd4s has the target files.
Copying deathstar_ms-8052.output to deathstar_ms-8052.output
tar: removing leading '/' from member names
Debug: Checking Namespace=default, Pod=ms-902-5744544f85-6vtsc for Target File=deathstar_*.output
Namespace: default, Pod: ms-902-5744544f85-6vtsc has the target files.
Copying deathstar_ms-902.output to deathstar_ms-902.output
tar: removing leading '/' from member names
Debug: Checking Namespace=default, Pod=nginx-web-server-56557f7cb7-9fz29 for Target File=deathstar_*.output
Namespace: default, Pod: nginx-web-server-56557f7cb7-9fz29 has the target files.
Copying deathstar_nginx-web-server.output to deathstar_nginx-web-server.output
tar: removing leading '/' from member names
