Deployments: compose-post-service
home-timeline-redis
home-timeline-service
media-service
nginx-web-server
post-storage-mongo
post-storage-service
social-graph-mongo
social-graph-redis
social-graph-service
text-service
unique-id-service
url-shorten-mongo
url-shorten-service
user-mention-memcached
user-mention-mongo
user-mention-service
user-service
user-timeline-mongo
user-timeline-redis
user-timeline-service
deployment "compose-post-service" successfully rolled out
Deployment compose-post-service is ready.
deployment "home-timeline-redis" successfully rolled out
Deployment home-timeline-redis is ready.
deployment "home-timeline-service" successfully rolled out
Deployment home-timeline-service is ready.
deployment "media-service" successfully rolled out
Deployment media-service is ready.
deployment "nginx-web-server" successfully rolled out
Deployment nginx-web-server is ready.
deployment "post-storage-mongo" successfully rolled out
Deployment post-storage-mongo is ready.
deployment "post-storage-service" successfully rolled out
Deployment post-storage-service is ready.
deployment "social-graph-mongo" successfully rolled out
Deployment social-graph-mongo is ready.
deployment "social-graph-redis" successfully rolled out
Deployment social-graph-redis is ready.
deployment "social-graph-service" successfully rolled out
Deployment social-graph-service is ready.
deployment "text-service" successfully rolled out
Deployment text-service is ready.
deployment "unique-id-service" successfully rolled out
Deployment unique-id-service is ready.
deployment "url-shorten-mongo" successfully rolled out
Deployment url-shorten-mongo is ready.
deployment "url-shorten-service" successfully rolled out
Deployment url-shorten-service is ready.
deployment "user-mention-memcached" successfully rolled out
Deployment user-mention-memcached is ready.
deployment "user-mention-mongo" successfully rolled out
Deployment user-mention-mongo is ready.
deployment "user-mention-service" successfully rolled out
Deployment user-mention-service is ready.
deployment "user-service" successfully rolled out
Deployment user-service is ready.
deployment "user-timeline-mongo" successfully rolled out
Deployment user-timeline-mongo is ready.
deployment "user-timeline-redis" successfully rolled out
Deployment user-timeline-redis is ready.
deployment "user-timeline-service" successfully rolled out
Deployment user-timeline-service is ready.
ENTRY_POINT: nginx-web-server
SERVICE_A_URL: 10.105.122.25:50051
Capacity: 7000
Metadata: request-id={{.RequestNumber}}
Metadata: timestamp={{.TimestampUnix}}
Metadata: method=compose
Charon Configurations:
[{PRICE_UPDATE_RATE 354713us} {TOKEN_UPDATE_RATE 382391us} {LATENCY_THRESHOLD 3869us} {PRICE_STEP 81} {PRICE_STRATEGY proportional} {INTERCEPT charon} {LAZY_UPDATE true} {BREAKWATER_SLO 12500us} {BREAKWATER_A 0.001} {BREAKWATER_B 0.02} {BREAKWATER_CLIENT_EXPIRATION 10ms} {BREAKWATER_INITIAL_CREDIT 400} {BREAKWATERD_SLO 12500us} {BREAKWATERD_A 0.001} {BREAKWATERD_B 0.02} {BREAKWATERD_CLIENT_EXPIRATION 10ms} {BREAKWATERD_INITIAL_CREDIT 400} {DAGOR_QUEUING_THRESHOLD 2ms} {DAGOR_ALPHA 0.05} {DAGOR_BETA 0.01} {DAGOR_ADMISSION_LEVEL_UPDATE_INTERVAL 10ms} {DAGOR_UMAX 20}]

Summary:
  Count:	31275
  Total:	8.77 s
  Slowest:	496.30 ms
  Fastest:	19.12 ms
  Average:	24.75 ms
  Requests/sec:	3567.12

Response time histogram:
  19.116  [1]     |
  66.834  [27396] |∎∎∎∎∎∎∎∎∎∎∎∎∎∎∎∎∎∎∎∎∎∎∎∎∎∎∎∎∎∎∎∎∎∎∎∎∎∎∎∎
  114.553 [627]   |∎
  162.271 [0]     |
  209.989 [16]    |
  257.708 [3]     |
  305.426 [0]     |
  353.145 [0]     |
  400.863 [0]     |
  448.582 [0]     |
  496.300 [13]    |

Latency distribution:
  10 % in 21.36 ms 
  25 % in 22.61 ms 
  50 % in 24.55 ms 
  75 % in 27.54 ms 
  90 % in 31.90 ms 
  95 % in 41.84 ms 
  99 % in 78.82 ms 

Status code distribution:
  [ResourceExhausted]   3218 responses    
  [Canceled]            1 responses       
  [OK]                  28056 responses   

Error distribution:
  [4]      rpc error: code = ResourceExhausted desc = compose req dropped by user-service. Try again later.            
  [78]     rpc error: code = ResourceExhausted desc = compose req dropped by compose-post-service. Try again later.    
  [3087]   rpc error: code = ResourceExhausted desc = compose req dropped by nginx-web-server. Try again later.        
  [9]      rpc error: code = ResourceExhausted desc = compose req dropped by social-graph-mongo. Try again later.      
  [16]     rpc error: code = ResourceExhausted desc = compose req dropped by user-timeline-service. Try again later.   
  [1]      rpc error: code = Canceled desc = grpc: the client connection is closing                                    
  [9]      rpc error: code = ResourceExhausted desc = compose req dropped by social-graph-service. Try again later.    
  [1]      rpc error: code = ResourceExhausted desc = compose req dropped by home-timeline-service. Try again later.   
  [9]      rpc error: code = ResourceExhausted desc = compose req dropped by post-storage-mongo. Try again later.      
  [5]      rpc error: code = ResourceExhausted desc = compose req dropped by post-storage-service. Try again later.    

Debug: Checking Namespace=default, Pod=compose-post-service-5dd67b9cf5-bwr8h for Target File=deathstar_*.output
Namespace: default, Pod: compose-post-service-5dd67b9cf5-bwr8h has the target files.
Copying deathstar_compose-post-service.output to deathstar_compose-post-service.output
tar: removing leading '/' from member names
Debug: Checking Namespace=default, Pod=home-timeline-redis-76d55b799-8s2dc for Target File=deathstar_*.output
Namespace: default, Pod: home-timeline-redis-76d55b799-8s2dc has the target files.
Copying deathstar_home-timeline-redis.output to deathstar_home-timeline-redis.output
tar: removing leading '/' from member names
Debug: Checking Namespace=default, Pod=home-timeline-service-67b78f8bcb-m74r9 for Target File=deathstar_*.output
Namespace: default, Pod: home-timeline-service-67b78f8bcb-m74r9 has the target files.
Copying deathstar_home-timeline-service.output to deathstar_home-timeline-service.output
tar: removing leading '/' from member names
Debug: Checking Namespace=default, Pod=media-service-6d694cbc7f-g2jh2 for Target File=deathstar_*.output
Namespace: default, Pod: media-service-6d694cbc7f-g2jh2 has the target files.
Copying deathstar_media-service.output to deathstar_media-service.output
tar: removing leading '/' from member names
Debug: Checking Namespace=default, Pod=nginx-web-server-56557f7cb7-6ntrl for Target File=deathstar_*.output
Namespace: default, Pod: nginx-web-server-56557f7cb7-6ntrl has the target files.
Copying deathstar_nginx-web-server.output to deathstar_nginx-web-server.output
tar: removing leading '/' from member names
Debug: Checking Namespace=default, Pod=post-storage-mongo-d8bbf8c65-s6htw for Target File=deathstar_*.output
Namespace: default, Pod: post-storage-mongo-d8bbf8c65-s6htw has the target files.
Copying deathstar_post-storage-mongo.output to deathstar_post-storage-mongo.output
tar: removing leading '/' from member names
Debug: Checking Namespace=default, Pod=post-storage-service-6cd7955cb7-l4r2p for Target File=deathstar_*.output
Namespace: default, Pod: post-storage-service-6cd7955cb7-l4r2p has the target files.
Copying deathstar_post-storage-service.output to deathstar_post-storage-service.output
tar: removing leading '/' from member names
Debug: Checking Namespace=default, Pod=social-graph-mongo-7fb9669465-nnkc5 for Target File=deathstar_*.output
Namespace: default, Pod: social-graph-mongo-7fb9669465-nnkc5 has the target files.
Copying deathstar_social-graph-mongo.output to deathstar_social-graph-mongo.output
tar: removing leading '/' from member names
Debug: Checking Namespace=default, Pod=social-graph-redis-f8c4c788b-59h4z for Target File=deathstar_*.output
Namespace: default, Pod: social-graph-redis-f8c4c788b-59h4z has the target files.
Copying deathstar_social-graph-redis.output to deathstar_social-graph-redis.output
tar: removing leading '/' from member names
Debug: Checking Namespace=default, Pod=social-graph-service-54457c5fc9-wtj7m for Target File=deathstar_*.output
Namespace: default, Pod: social-graph-service-54457c5fc9-wtj7m has the target files.
Copying deathstar_social-graph-service.output to deathstar_social-graph-service.output
tar: removing leading '/' from member names
Debug: Checking Namespace=default, Pod=text-service-dc78f795b-vpcgd for Target File=deathstar_*.output
Namespace: default, Pod: text-service-dc78f795b-vpcgd has the target files.
Copying deathstar_text-service.output to deathstar_text-service.output
tar: removing leading '/' from member names
Debug: Checking Namespace=default, Pod=unique-id-service-6bf4bf49b6-r26ht for Target File=deathstar_*.output
Namespace: default, Pod: unique-id-service-6bf4bf49b6-r26ht has the target files.
Copying deathstar_unique-id-service.output to deathstar_unique-id-service.output
tar: removing leading '/' from member names
Debug: Checking Namespace=default, Pod=url-shorten-mongo-859457fd9d-tnzn4 for Target File=deathstar_*.output
Namespace: default, Pod: url-shorten-mongo-859457fd9d-tnzn4 has the target files.
Copying deathstar_url-shorten-mongo.output to deathstar_url-shorten-mongo.output
tar: removing leading '/' from member names
Debug: Checking Namespace=default, Pod=url-shorten-service-648c99fcf8-5kzcb for Target File=deathstar_*.output
Namespace: default, Pod: url-shorten-service-648c99fcf8-5kzcb has the target files.
Copying deathstar_url-shorten-service.output to deathstar_url-shorten-service.output
tar: removing leading '/' from member names
Debug: Checking Namespace=default, Pod=user-mention-memcached-6f97488b98-tqfrm for Target File=deathstar_*.output
Namespace: default, Pod: user-mention-memcached-6f97488b98-tqfrm has the target files.
Copying deathstar_user-mention-memcached.output to deathstar_user-mention-memcached.output
tar: removing leading '/' from member names
Debug: Checking Namespace=default, Pod=user-mention-mongo-5674859fcb-7hbqq for Target File=deathstar_*.output
Namespace: default, Pod: user-mention-mongo-5674859fcb-7hbqq has the target files.
Copying deathstar_user-mention-mongo.output to deathstar_user-mention-mongo.output
tar: removing leading '/' from member names
Debug: Checking Namespace=default, Pod=user-mention-service-6dbb786df6-r2jl8 for Target File=deathstar_*.output
Namespace: default, Pod: user-mention-service-6dbb786df6-r2jl8 has the target files.
Copying deathstar_user-mention-service.output to deathstar_user-mention-service.output
tar: removing leading '/' from member names
Debug: Checking Namespace=default, Pod=user-service-5797d8df8f-tlntf for Target File=deathstar_*.output
Namespace: default, Pod: user-service-5797d8df8f-tlntf has the target files.
Copying deathstar_user-service.output to deathstar_user-service.output
tar: removing leading '/' from member names
Debug: Checking Namespace=default, Pod=user-timeline-mongo-7b66b98dfc-tzp6g for Target File=deathstar_*.output
Namespace: default, Pod: user-timeline-mongo-7b66b98dfc-tzp6g has the target files.
Copying deathstar_user-timeline-mongo.output to deathstar_user-timeline-mongo.output
tar: removing leading '/' from member names
Debug: Checking Namespace=default, Pod=user-timeline-redis-7fcf87fb79-7z98x for Target File=deathstar_*.output
Namespace: default, Pod: user-timeline-redis-7fcf87fb79-7z98x has the target files.
Copying deathstar_user-timeline-redis.output to deathstar_user-timeline-redis.output
tar: removing leading '/' from member names
Debug: Checking Namespace=default, Pod=user-timeline-service-7db769cd99-48bj4 for Target File=deathstar_*.output
Namespace: default, Pod: user-timeline-service-7db769cd99-48bj4 has the target files.
Copying deathstar_user-timeline-service.output to deathstar_user-timeline-service.output
tar: removing leading '/' from member names
