Deployments: ms-10090
ms-13558
ms-18330
ms-19585
ms-20172
ms-22893
ms-24009
ms-24959
ms-26622
ms-27421
ms-29373
ms-32301
ms-3289
ms-37691
ms-38964
ms-40147
ms-48118
ms-4829
ms-51685
ms-52379
ms-55394
ms-58436
ms-58772
ms-59962
ms-60061
ms-6323
ms-65741
ms-66473
ms-69188
ms-69614
ms-9081
nginx-web-server
unknown
deployment "ms-10090" successfully rolled out
deployment "ms-13558" successfully rolled out
deployment "ms-18330" successfully rolled out
deployment "ms-19585" successfully rolled out
deployment "ms-20172" successfully rolled out
deployment "ms-22893" successfully rolled out
deployment "ms-24009" successfully rolled out
deployment "ms-24959" successfully rolled out
deployment "ms-26622" successfully rolled out
deployment "ms-27421" successfully rolled out
deployment "ms-29373" successfully rolled out
deployment "ms-32301" successfully rolled out
deployment "ms-3289" successfully rolled out
deployment "ms-37691" successfully rolled out
deployment "ms-38964" successfully rolled out
deployment "ms-40147" successfully rolled out
deployment "ms-48118" successfully rolled out
deployment "ms-4829" successfully rolled out
deployment "ms-51685" successfully rolled out
deployment "ms-52379" successfully rolled out
deployment "ms-55394" successfully rolled out
deployment "ms-58436" successfully rolled out
deployment "ms-58772" successfully rolled out
deployment "ms-59962" successfully rolled out
deployment "ms-60061" successfully rolled out
deployment "ms-6323" successfully rolled out
deployment "ms-65741" successfully rolled out
deployment "ms-66473" successfully rolled out
deployment "ms-69188" successfully rolled out
deployment "ms-69614" successfully rolled out
deployment "ms-9081" successfully rolled out
deployment "nginx-web-server" successfully rolled out
deployment "unknown" successfully rolled out
ENTRY_POINT: nginx-web-server
SERVICE_A_URL: 10.104.94.251:50051
Capacity: 10000
Metadata: request-id={{.RequestNumber}}
Metadata: timestamp={{.TimestampUnix}}
Metadata: method=S_149998854
Charon Configurations:
[{INTERCEPT breakwaterd} {PRICE_UPDATE_RATE 10ms} {TOKEN_UPDATE_RATE 10ms} {LATENCY_THRESHOLD 100us} {PRICE_STEP 0} {PRICE_STRATEGY step} {LAZY_UPDATE false} {RATE_LIMITING true} {LOAD_SHEDDING true} {CHARON_TRACK_PRICE false} {BREAKWATER_SLO 26072us} {BREAKWATER_A 1.7410064597889685} {BREAKWATER_B 1.0434288465238961} {BREAKWATER_CLIENT_EXPIRATION 3882us} {BREAKWATER_INITIAL_CREDIT 123} {BREAKWATER_LOAD_SHEDDING true} {BREAKWATER_RTT 14893us} {BREAKWATERD_SLO 36311us} {BREAKWATERD_A 5.984254797986397} {BREAKWATERD_B 9.103968262162901} {BREAKWATERD_CLIENT_EXPIRATION 15740us} {BREAKWATERD_INITIAL_CREDIT 2475} {BREAKWATERD_LOAD_SHEDDING true} {BREAKWATERD_RTT 4788us} {DAGOR_QUEUING_THRESHOLD 2ms} {DAGOR_ALPHA 0.05} {DAGOR_BETA 0.01} {DAGOR_ADMISSION_LEVEL_UPDATE_INTERVAL 10ms} {DAGOR_UMAX 20}]

Summary:
  Count:	86604
  Total:	24.94 s
  Slowest:	804.35 ms
  Fastest:	111.62 ms
  Average:	137.42 ms
  Requests/sec:	3472.75

Response time histogram:
  111.618 [1]     |
  180.891 [13437] |∎∎∎∎∎∎∎∎∎∎∎∎∎∎∎∎∎∎∎∎∎∎∎∎∎∎∎∎∎∎∎∎∎∎∎∎∎∎∎
  250.164 [13627] |∎∎∎∎∎∎∎∎∎∎∎∎∎∎∎∎∎∎∎∎∎∎∎∎∎∎∎∎∎∎∎∎∎∎∎∎∎∎∎∎
  319.436 [9427]  |∎∎∎∎∎∎∎∎∎∎∎∎∎∎∎∎∎∎∎∎∎∎∎∎∎∎∎∎
  388.709 [2010]  |∎∎∎∎∎∎
  457.982 [985]   |∎∎∎
  527.255 [543]   |∎∎
  596.528 [54]    |
  665.801 [4]     |
  735.074 [6]     |
  804.347 [1]     |

Latency distribution:
  10 % in 115.68 ms 
  25 % in 147.76 ms 
  50 % in 213.76 ms 
  75 % in 267.63 ms 
  90 % in 312.80 ms 
  95 % in 370.59 ms 
  99 % in 469.07 ms 

Status code distribution:
  [OK]                  40095 responses   
  [ResourceExhausted]   46040 responses   
  [Canceled]            469 responses     

Error distribution:
  [68]      rpc error: code = ResourceExhausted desc = Client id fcf68994-d521-4dd4-b3e1-6d48ff3e4022 request expired in queue.   
  [104]     rpc error: code = ResourceExhausted desc = Client id ea78f776-16dd-4e56-ba7d-124823dd5639 request expired in queue.   
  [143]     rpc error: code = ResourceExhausted desc = Client id af5c0964-2850-47c9-9b0d-7c5a49140709 request expired in queue.   
  [33]      rpc error: code = ResourceExhausted desc = Client id 72d7ddaf-acaa-4918-b228-ca9dd90da902 request expired in queue.   
  [4]       rpc error: code = ResourceExhausted desc = Client id eff13760-c966-462d-9439-84dc1c3a39d1 request expired in queue.   
  [154]     rpc error: code = ResourceExhausted desc = Client id 80190baa-e8ed-40bf-9ebe-e32b8c497ace request expired in queue.   
  [1]       rpc error: code = ResourceExhausted desc = Client id 8c77d2b8-386a-4f2a-8a33-a755afd85a41 request expired in queue.   
  [3504]    rpc error: code = ResourceExhausted desc = Client id 3a98df66-0344-4e09-835b-d2261082813e request expired in queue.   
  [469]     rpc error: code = Canceled desc = grpc: the client connection is closing                                              
  [33]      rpc error: code = ResourceExhausted desc = Client id 6d968254-df70-4550-8649-e8b7745f51a8 request expired in queue.   
  [14607]   rpc error: code = ResourceExhausted desc = Client id 689bf00f-f60d-4150-98f8-56105123d11b request expired in queue.   
  [9040]    rpc error: code = ResourceExhausted desc = Server-side queuing delay is beyond AQM threshold                          
  [87]      rpc error: code = ResourceExhausted desc = Client id 3ef48d10-7ac3-435d-a711-9261562acc60 request expired in queue.   
  [356]     rpc error: code = ResourceExhausted desc = Client id b61d9a97-a690-440c-840a-93aef769fcf9 request expired in queue.   
  [2]       rpc error: code = ResourceExhausted desc = Client id 0868a0f3-48b7-4841-92b6-245e803a7550 request expired in queue.   
  [6955]    rpc error: code = ResourceExhausted desc = Client id c7e448c2-886a-47a1-ad80-e6a96ca0a888 request expired in queue.   
  [10820]   rpc error: code = ResourceExhausted desc = Client id e82f5f4b-afbf-415b-b38b-aabd4870945a request expired in queue.   
  [10]      rpc error: code = ResourceExhausted desc = Client id 8682255e-4133-465b-b96c-067bda052304 request expired in queue.   
  [3]       rpc error: code = ResourceExhausted desc = Client id d202416e-91c5-4697-ba00-f596dbc93b0a request expired in queue.   
  [74]      rpc error: code = ResourceExhausted desc = Client id 1acca5a3-0d90-46c0-b9c9-26bcae68351d request expired in queue.   
  [41]      rpc error: code = ResourceExhausted desc = Client id f3a59866-99e9-409e-83a2-b3affdc53741 request expired in queue.   
  [1]       rpc error: code = ResourceExhausted desc = Client id 55eb038a-3157-45e3-9732-ead56cb5ec25 request expired in queue.   

Debug: Checking Namespace=default, Pod=ms-10090-6454f977fd-bmc8g for Target File=deathstar_*.output
Namespace: default, Pod: ms-10090-6454f977fd-bmc8g has the target files.
Copying deathstar_ms-10090.output to deathstar_ms-10090.output
tar: removing leading '/' from member names
Debug: Checking Namespace=default, Pod=ms-13558-b48bb5d9d-2bzkt for Target File=deathstar_*.output
Namespace: default, Pod: ms-13558-b48bb5d9d-2bzkt has the target files.
Copying deathstar_ms-13558.output to deathstar_ms-13558.output
tar: removing leading '/' from member names
Debug: Checking Namespace=default, Pod=ms-18330-759d9cf49c-8ngxj for Target File=deathstar_*.output
Namespace: default, Pod: ms-18330-759d9cf49c-8ngxj has the target files.
Copying deathstar_ms-18330.output to deathstar_ms-18330.output
tar: removing leading '/' from member names
Debug: Checking Namespace=default, Pod=ms-19585-6f995cfcbf-ldkn4 for Target File=deathstar_*.output
Namespace: default, Pod: ms-19585-6f995cfcbf-ldkn4 has the target files.
Copying deathstar_ms-19585.output to deathstar_ms-19585.output
tar: removing leading '/' from member names
Debug: Checking Namespace=default, Pod=ms-20172-59d5485464-6xftl for Target File=deathstar_*.output
Namespace: default, Pod: ms-20172-59d5485464-6xftl has the target files.
Copying deathstar_ms-20172.output to deathstar_ms-20172.output
tar: removing leading '/' from member names
Debug: Checking Namespace=default, Pod=ms-22893-576fd5f9f6-mpb9l for Target File=deathstar_*.output
Namespace: default, Pod: ms-22893-576fd5f9f6-mpb9l has the target files.
Copying deathstar_ms-22893.output to deathstar_ms-22893.output
tar: removing leading '/' from member names
Debug: Checking Namespace=default, Pod=ms-24009-67dbf5b976-gcdzc for Target File=deathstar_*.output
Namespace: default, Pod: ms-24009-67dbf5b976-gcdzc has the target files.
Copying deathstar_ms-24009.output to deathstar_ms-24009.output
tar: removing leading '/' from member names
Debug: Checking Namespace=default, Pod=ms-24959-99f8bbf9-zf42j for Target File=deathstar_*.output
Namespace: default, Pod: ms-24959-99f8bbf9-zf42j has the target files.
Copying deathstar_ms-24959.output to deathstar_ms-24959.output
tar: removing leading '/' from member names
Debug: Checking Namespace=default, Pod=ms-26622-66fdf7d64f-kdwxl for Target File=deathstar_*.output
Namespace: default, Pod: ms-26622-66fdf7d64f-kdwxl has the target files.
Copying deathstar_ms-26622.output to deathstar_ms-26622.output
tar: removing leading '/' from member names
Debug: Checking Namespace=default, Pod=ms-27421-64f549855c-gkdxf for Target File=deathstar_*.output
Namespace: default, Pod: ms-27421-64f549855c-gkdxf has the target files.
Copying deathstar_ms-27421.output to deathstar_ms-27421.output
tar: removing leading '/' from member names
Debug: Checking Namespace=default, Pod=ms-29373-8467f7db44-s468x for Target File=deathstar_*.output
Namespace: default, Pod: ms-29373-8467f7db44-s468x has the target files.
Copying deathstar_ms-29373.output to deathstar_ms-29373.output
tar: removing leading '/' from member names
Debug: Checking Namespace=default, Pod=ms-32301-c5654bbc5-ld2k8 for Target File=deathstar_*.output
Namespace: default, Pod: ms-32301-c5654bbc5-ld2k8 has the target files.
Copying deathstar_ms-32301.output to deathstar_ms-32301.output
tar: removing leading '/' from member names
Debug: Checking Namespace=default, Pod=ms-3289-587dbd96bf-phflj for Target File=deathstar_*.output
Namespace: default, Pod: ms-3289-587dbd96bf-phflj has the target files.
Copying deathstar_ms-3289.output to deathstar_ms-3289.output
tar: removing leading '/' from member names
Debug: Checking Namespace=default, Pod=ms-37691-6dc6cd6744-52hrm for Target File=deathstar_*.output
Namespace: default, Pod: ms-37691-6dc6cd6744-52hrm has the target files.
Copying deathstar_ms-37691.output to deathstar_ms-37691.output
tar: removing leading '/' from member names
Debug: Checking Namespace=default, Pod=ms-38964-5b647cdbd-tl6nb for Target File=deathstar_*.output
Namespace: default, Pod: ms-38964-5b647cdbd-tl6nb has the target files.
Copying deathstar_ms-38964.output to deathstar_ms-38964.output
tar: removing leading '/' from member names
Debug: Checking Namespace=default, Pod=ms-40147-cd867585-ggpc9 for Target File=deathstar_*.output
Namespace: default, Pod: ms-40147-cd867585-ggpc9 has the target files.
Copying deathstar_ms-40147.output to deathstar_ms-40147.output
tar: removing leading '/' from member names
Debug: Checking Namespace=default, Pod=ms-48118-ff7b99cc9-4w65c for Target File=deathstar_*.output
Namespace: default, Pod: ms-48118-ff7b99cc9-4w65c has the target files.
Copying deathstar_ms-48118.output to deathstar_ms-48118.output
tar: removing leading '/' from member names
Debug: Checking Namespace=default, Pod=ms-4829-669557b66c-4bgpm for Target File=deathstar_*.output
Namespace: default, Pod: ms-4829-669557b66c-4bgpm has the target files.
Copying deathstar_ms-4829.output to deathstar_ms-4829.output
tar: removing leading '/' from member names
Debug: Checking Namespace=default, Pod=ms-51685-79858c784f-bgtxk for Target File=deathstar_*.output
Namespace: default, Pod: ms-51685-79858c784f-bgtxk has the target files.
Copying deathstar_ms-51685.output to deathstar_ms-51685.output
tar: removing leading '/' from member names
Debug: Checking Namespace=default, Pod=ms-52379-57c6cdd54b-tjdqm for Target File=deathstar_*.output
Namespace: default, Pod: ms-52379-57c6cdd54b-tjdqm has the target files.
Copying deathstar_ms-52379.output to deathstar_ms-52379.output
tar: removing leading '/' from member names
Debug: Checking Namespace=default, Pod=ms-55394-6f999f5df9-khbdz for Target File=deathstar_*.output
Namespace: default, Pod: ms-55394-6f999f5df9-khbdz has the target files.
Copying deathstar_ms-55394.output to deathstar_ms-55394.output
tar: removing leading '/' from member names
Debug: Checking Namespace=default, Pod=ms-58436-59dd96f659-7crbb for Target File=deathstar_*.output
Namespace: default, Pod: ms-58436-59dd96f659-7crbb has the target files.
Copying deathstar_ms-58436.output to deathstar_ms-58436.output
tar: removing leading '/' from member names
Debug: Checking Namespace=default, Pod=ms-58772-68ff78c966-2ngl6 for Target File=deathstar_*.output
Namespace: default, Pod: ms-58772-68ff78c966-2ngl6 has the target files.
Copying deathstar_ms-58772.output to deathstar_ms-58772.output
tar: removing leading '/' from member names
Debug: Checking Namespace=default, Pod=ms-59962-756b895b58-bljbg for Target File=deathstar_*.output
Namespace: default, Pod: ms-59962-756b895b58-bljbg has the target files.
Copying deathstar_ms-59962.output to deathstar_ms-59962.output
tar: removing leading '/' from member names
Debug: Checking Namespace=default, Pod=ms-60061-68bd84bdcd-z5qvb for Target File=deathstar_*.output
Namespace: default, Pod: ms-60061-68bd84bdcd-z5qvb has the target files.
Copying deathstar_ms-60061.output to deathstar_ms-60061.output
tar: removing leading '/' from member names
Debug: Checking Namespace=default, Pod=ms-6323-974659fcd-7ldvh for Target File=deathstar_*.output
Namespace: default, Pod: ms-6323-974659fcd-7ldvh has the target files.
Copying deathstar_ms-6323.output to deathstar_ms-6323.output
tar: removing leading '/' from member names
Debug: Checking Namespace=default, Pod=ms-65741-65f588bcdf-b9j9l for Target File=deathstar_*.output
Namespace: default, Pod: ms-65741-65f588bcdf-b9j9l has the target files.
Copying deathstar_ms-65741.output to deathstar_ms-65741.output
tar: removing leading '/' from member names
Debug: Checking Namespace=default, Pod=ms-66473-79c66f8bff-n5d4z for Target File=deathstar_*.output
Namespace: default, Pod: ms-66473-79c66f8bff-n5d4z has the target files.
Copying deathstar_ms-66473.output to deathstar_ms-66473.output
tar: removing leading '/' from member names
Debug: Checking Namespace=default, Pod=ms-69188-65c548d4cb-8qvtd for Target File=deathstar_*.output
Namespace: default, Pod: ms-69188-65c548d4cb-8qvtd has the target files.
Copying deathstar_ms-69188.output to deathstar_ms-69188.output
tar: removing leading '/' from member names
Debug: Checking Namespace=default, Pod=ms-69614-794bd8475-tsgvf for Target File=deathstar_*.output
Namespace: default, Pod: ms-69614-794bd8475-tsgvf has the target files.
Copying deathstar_ms-69614.output to deathstar_ms-69614.output
tar: removing leading '/' from member names
Debug: Checking Namespace=default, Pod=ms-9081-567985788-6cvgf for Target File=deathstar_*.output
Namespace: default, Pod: ms-9081-567985788-6cvgf has the target files.
Copying deathstar_ms-9081.output to deathstar_ms-9081.output
tar: removing leading '/' from member names
Debug: Checking Namespace=default, Pod=nginx-web-server-56557f7cb7-8625m for Target File=deathstar_*.output
Namespace: default, Pod: nginx-web-server-56557f7cb7-8625m has the target files.
Copying deathstar_nginx-web-server.output to deathstar_nginx-web-server.output
tar: removing leading '/' from member names
Debug: Checking Namespace=default, Pod=unknown-6ddf9bd4b5-sdmnh for Target File=deathstar_*.output
Namespace: default, Pod: unknown-6ddf9bd4b5-sdmnh has the target files.
Copying deathstar_unknown.output to deathstar_unknown.output
tar: removing leading '/' from member names
