Deployments: ms-11070
ms-11285
ms-11512
ms-1278
ms-13873
ms-19953
ms-21883
ms-25124
ms-27421
ms-2827
ms-33719
ms-37691
ms-43309
ms-4354
ms-46825
ms-60236
ms-71771
ms-8052
ms-902
nginx-web-server
deployment "ms-11070" successfully rolled out
deployment "ms-11285" successfully rolled out
deployment "ms-11512" successfully rolled out
deployment "ms-1278" successfully rolled out
deployment "ms-13873" successfully rolled out
deployment "ms-19953" successfully rolled out
deployment "ms-21883" successfully rolled out
deployment "ms-25124" successfully rolled out
deployment "ms-27421" successfully rolled out
deployment "ms-2827" successfully rolled out
deployment "ms-33719" successfully rolled out
deployment "ms-37691" successfully rolled out
deployment "ms-43309" successfully rolled out
deployment "ms-4354" successfully rolled out
deployment "ms-46825" successfully rolled out
deployment "ms-60236" successfully rolled out
deployment "ms-71771" successfully rolled out
deployment "ms-8052" successfully rolled out
deployment "ms-902" successfully rolled out
deployment "nginx-web-server" successfully rolled out
ENTRY_POINT: nginx-web-server
SERVICE_A_URL: 10.97.130.83:50051
Capacity: 10000
Metadata: request-id={{.RequestNumber}}
Metadata: timestamp={{.TimestampUnix}}
Metadata: method=S_102000854
Charon Configurations:
[{INTERCEPT breakwater} {PRICE_UPDATE_RATE 10ms} {TOKEN_UPDATE_RATE 10ms} {LATENCY_THRESHOLD 100us} {PRICE_STEP 0} {PRICE_STRATEGY step} {LAZY_UPDATE false} {RATE_LIMITING true} {LOAD_SHEDDING true} {CHARON_TRACK_PRICE false} {BREAKWATER_SLO 20000us} {BREAKWATER_A 0.0} {BREAKWATER_B 2.0} {BREAKWATER_CLIENT_EXPIRATION 5000us} {BREAKWATER_INITIAL_CREDIT 2000} {BREAKWATER_LOAD_SHEDDING true} {BREAKWATER_RTT 17193us} {BREAKWATERD_SLO 12500us} {BREAKWATERD_A 0.001} {BREAKWATERD_B 0.02} {BREAKWATERD_CLIENT_EXPIRATION 10ms} {BREAKWATERD_INITIAL_CREDIT 400} {BREAKWATERD_LOAD_SHEDDING true} {BREAKWATERD_RTT 1000us} {DAGOR_QUEUING_THRESHOLD 2ms} {DAGOR_ALPHA 0.05} {DAGOR_BETA 0.01} {DAGOR_ADMISSION_LEVEL_UPDATE_INTERVAL 10ms} {DAGOR_UMAX 20}]

Summary:
  Count:	82717
  Total:	25.00 s
  Slowest:	808.91 ms
  Fastest:	38.92 ms
  Average:	107.72 ms
  Requests/sec:	3309.33

Response time histogram:
  38.917  [1]     |
  115.916 [50964] |∎∎∎∎∎∎∎∎∎∎∎∎∎∎∎∎∎∎∎∎∎∎∎∎∎∎∎∎∎∎∎∎∎∎∎∎∎∎∎∎
  192.916 [23021] |∎∎∎∎∎∎∎∎∎∎∎∎∎∎∎∎∎∎
  269.916 [6563]  |∎∎∎∎∎
  346.916 [894]   |∎
  423.915 [2]     |
  500.915 [0]     |
  577.915 [0]     |
  654.915 [0]     |
  731.915 [0]     |
  808.914 [123]   |

Latency distribution:
  10 % in 41.71 ms 
  25 % in 63.08 ms 
  50 % in 98.85 ms 
  75 % in 139.68 ms 
  90 % in 188.57 ms 
  95 % in 220.96 ms 
  99 % in 277.87 ms 

Status code distribution:
  [OK]                  81568 responses   
  [ResourceExhausted]   883 responses     
  [Canceled]            266 responses     

Error distribution:
  [883]   rpc error: code = ResourceExhausted desc = Server-side queuing delay is beyond AQM threshold   
  [266]   rpc error: code = Canceled desc = grpc: the client connection is closing                       

Debug: Checking Namespace=default, Pod=ms-11070-7868c54f44-vd85w for Target File=deathstar_*.output
Namespace: default, Pod: ms-11070-7868c54f44-vd85w has the target files.
Copying deathstar_ms-11070.output to deathstar_ms-11070.output
tar: removing leading '/' from member names
Debug: Checking Namespace=default, Pod=ms-11285-67d597dc77-8pt6f for Target File=deathstar_*.output
Namespace: default, Pod: ms-11285-67d597dc77-8pt6f has the target files.
Copying deathstar_ms-11285.output to deathstar_ms-11285.output
tar: removing leading '/' from member names
Debug: Checking Namespace=default, Pod=ms-11512-75f8ddc45b-p7qvp for Target File=deathstar_*.output
Namespace: default, Pod: ms-11512-75f8ddc45b-p7qvp has the target files.
Copying deathstar_ms-11512.output to deathstar_ms-11512.output
tar: removing leading '/' from member names
Debug: Checking Namespace=default, Pod=ms-1278-85766ff6b8-bg8cv for Target File=deathstar_*.output
Namespace: default, Pod: ms-1278-85766ff6b8-bg8cv has the target files.
Copying deathstar_ms-1278.output to deathstar_ms-1278.output
tar: removing leading '/' from member names
Debug: Checking Namespace=default, Pod=ms-13873-85d7bb7b97-4s2b4 for Target File=deathstar_*.output
Namespace: default, Pod: ms-13873-85d7bb7b97-4s2b4 has the target files.
Copying deathstar_ms-13873.output to deathstar_ms-13873.output
tar: removing leading '/' from member names
Debug: Checking Namespace=default, Pod=ms-19953-68cc8998c5-fn6zg for Target File=deathstar_*.output
Namespace: default, Pod: ms-19953-68cc8998c5-fn6zg has the target files.
Copying deathstar_ms-19953.output to deathstar_ms-19953.output
tar: removing leading '/' from member names
Debug: Checking Namespace=default, Pod=ms-21883-f6c88c6d4-l6sdp for Target File=deathstar_*.output
Namespace: default, Pod: ms-21883-f6c88c6d4-l6sdp has the target files.
Copying deathstar_ms-21883.output to deathstar_ms-21883.output
tar: removing leading '/' from member names
Debug: Checking Namespace=default, Pod=ms-25124-77bd4446f5-rtqgn for Target File=deathstar_*.output
Namespace: default, Pod: ms-25124-77bd4446f5-rtqgn has the target files.
Copying deathstar_ms-25124.output to deathstar_ms-25124.output
tar: removing leading '/' from member names
Debug: Checking Namespace=default, Pod=ms-27421-8565974486-xs622 for Target File=deathstar_*.output
Namespace: default, Pod: ms-27421-8565974486-xs622 has the target files.
Copying deathstar_ms-27421.output to deathstar_ms-27421.output
tar: removing leading '/' from member names
Debug: Checking Namespace=default, Pod=ms-2827-5dcc6df4f4-vnt6v for Target File=deathstar_*.output
Namespace: default, Pod: ms-2827-5dcc6df4f4-vnt6v has the target files.
Copying deathstar_ms-2827.output to deathstar_ms-2827.output
tar: removing leading '/' from member names
Debug: Checking Namespace=default, Pod=ms-33719-6c455cf54c-tx5gn for Target File=deathstar_*.output
Namespace: default, Pod: ms-33719-6c455cf54c-tx5gn has the target files.
Copying deathstar_ms-33719.output to deathstar_ms-33719.output
tar: removing leading '/' from member names
Debug: Checking Namespace=default, Pod=ms-37691-b9bc44798-5rkwl for Target File=deathstar_*.output
Namespace: default, Pod: ms-37691-b9bc44798-5rkwl has the target files.
Copying deathstar_ms-37691.output to deathstar_ms-37691.output
tar: removing leading '/' from member names
Debug: Checking Namespace=default, Pod=ms-43309-54f758d465-tbfmh for Target File=deathstar_*.output
Namespace: default, Pod: ms-43309-54f758d465-tbfmh has the target files.
Copying deathstar_ms-43309.output to deathstar_ms-43309.output
tar: removing leading '/' from member names
Debug: Checking Namespace=default, Pod=ms-4354-669cfcbdf6-fkbr7 for Target File=deathstar_*.output
Namespace: default, Pod: ms-4354-669cfcbdf6-fkbr7 has the target files.
Copying deathstar_ms-4354.output to deathstar_ms-4354.output
tar: removing leading '/' from member names
Debug: Checking Namespace=default, Pod=ms-46825-58c684559d-r2rv7 for Target File=deathstar_*.output
Namespace: default, Pod: ms-46825-58c684559d-r2rv7 has the target files.
Copying deathstar_ms-46825.output to deathstar_ms-46825.output
tar: removing leading '/' from member names
Debug: Checking Namespace=default, Pod=ms-60236-64866cf49-s6vjh for Target File=deathstar_*.output
Namespace: default, Pod: ms-60236-64866cf49-s6vjh has the target files.
Copying deathstar_ms-60236.output to deathstar_ms-60236.output
tar: removing leading '/' from member names
Debug: Checking Namespace=default, Pod=ms-71771-567ddbdd95-tr9j5 for Target File=deathstar_*.output
Namespace: default, Pod: ms-71771-567ddbdd95-tr9j5 has the target files.
Copying deathstar_ms-71771.output to deathstar_ms-71771.output
tar: removing leading '/' from member names
Debug: Checking Namespace=default, Pod=ms-8052-b995968dc-jwpx8 for Target File=deathstar_*.output
Namespace: default, Pod: ms-8052-b995968dc-jwpx8 has the target files.
Copying deathstar_ms-8052.output to deathstar_ms-8052.output
tar: removing leading '/' from member names
Debug: Checking Namespace=default, Pod=ms-902-5744544f85-krkkd for Target File=deathstar_*.output
Namespace: default, Pod: ms-902-5744544f85-krkkd has the target files.
Copying deathstar_ms-902.output to deathstar_ms-902.output
tar: removing leading '/' from member names
Debug: Checking Namespace=default, Pod=nginx-web-server-56557f7cb7-gwbct for Target File=deathstar_*.output
Namespace: default, Pod: nginx-web-server-56557f7cb7-gwbct has the target files.
Copying deathstar_nginx-web-server.output to deathstar_nginx-web-server.output
tar: removing leading '/' from member names
