Deployments: ms-10090
ms-13558
ms-18330
ms-19585
ms-20172
ms-22893
ms-24009
ms-24959
ms-26622
ms-27421
ms-29373
ms-32301
ms-3289
ms-37691
ms-38964
ms-40147
ms-48118
ms-4829
ms-51685
ms-52379
ms-55394
ms-58436
ms-58772
ms-59962
ms-60061
ms-6323
ms-65741
ms-66473
ms-69188
ms-69614
ms-9081
nginx-web-server
unknown
deployment "ms-10090" successfully rolled out
deployment "ms-13558" successfully rolled out
deployment "ms-18330" successfully rolled out
deployment "ms-19585" successfully rolled out
deployment "ms-20172" successfully rolled out
deployment "ms-22893" successfully rolled out
deployment "ms-24009" successfully rolled out
deployment "ms-24959" successfully rolled out
deployment "ms-26622" successfully rolled out
deployment "ms-27421" successfully rolled out
deployment "ms-29373" successfully rolled out
deployment "ms-32301" successfully rolled out
deployment "ms-3289" successfully rolled out
deployment "ms-37691" successfully rolled out
deployment "ms-38964" successfully rolled out
deployment "ms-40147" successfully rolled out
deployment "ms-48118" successfully rolled out
deployment "ms-4829" successfully rolled out
deployment "ms-51685" successfully rolled out
deployment "ms-52379" successfully rolled out
deployment "ms-55394" successfully rolled out
deployment "ms-58436" successfully rolled out
deployment "ms-58772" successfully rolled out
deployment "ms-59962" successfully rolled out
deployment "ms-60061" successfully rolled out
deployment "ms-6323" successfully rolled out
deployment "ms-65741" successfully rolled out
deployment "ms-66473" successfully rolled out
deployment "ms-69188" successfully rolled out
deployment "ms-69614" successfully rolled out
deployment "ms-9081" successfully rolled out
deployment "nginx-web-server" successfully rolled out
deployment "unknown" successfully rolled out
ENTRY_POINT: nginx-web-server
SERVICE_A_URL: 10.97.60.187:50051
Capacity: 14000
Metadata: request-id={{.RequestNumber}}
Metadata: timestamp={{.TimestampUnix}}
Metadata: method=S_149998854
Charon Configurations:
[{INTERCEPT breakwater} {PRICE_UPDATE_RATE 10ms} {TOKEN_UPDATE_RATE 10ms} {LATENCY_THRESHOLD 100us} {PRICE_STEP 0} {PRICE_STRATEGY step} {LAZY_UPDATE false} {RATE_LIMITING true} {LOAD_SHEDDING true} {CHARON_TRACK_PRICE false} {BREAKWATER_SLO 4618us} {BREAKWATER_A 0.2895180150248522} {BREAKWATER_B 1.2813105474595612} {BREAKWATER_CLIENT_EXPIRATION 82us} {BREAKWATER_INITIAL_CREDIT 1776} {BREAKWATER_LOAD_SHEDDING true} {BREAKWATER_RTT 18779us} {BREAKWATERD_SLO 12500us} {BREAKWATERD_A 0.001} {BREAKWATERD_B 0.02} {BREAKWATERD_CLIENT_EXPIRATION 10ms} {BREAKWATERD_INITIAL_CREDIT 400} {BREAKWATERD_LOAD_SHEDDING true} {BREAKWATERD_RTT 1000us} {DAGOR_QUEUING_THRESHOLD 2ms} {DAGOR_ALPHA 0.05} {DAGOR_BETA 0.01} {DAGOR_ADMISSION_LEVEL_UPDATE_INTERVAL 10ms} {DAGOR_UMAX 20}]

Summary:
  Count:	88648
  Total:	25.00 s
  Slowest:	857.90 ms
  Fastest:	111.00 ms
  Average:	160.01 ms
  Requests/sec:	3545.98

Response time histogram:
  110.997 [1]     |
  185.687 [18883] |∎∎∎∎∎∎∎∎∎∎∎∎∎∎∎∎∎∎∎∎∎∎∎∎∎∎∎∎∎∎∎∎∎∎∎
  260.378 [21289] |∎∎∎∎∎∎∎∎∎∎∎∎∎∎∎∎∎∎∎∎∎∎∎∎∎∎∎∎∎∎∎∎∎∎∎∎∎∎∎∎
  335.068 [11617] |∎∎∎∎∎∎∎∎∎∎∎∎∎∎∎∎∎∎∎∎∎∎
  409.759 [3794]  |∎∎∎∎∎∎∎
  484.449 [759]   |∎
  559.139 [1012]  |∎∎
  633.830 [867]   |∎∎
  708.520 [406]   |∎
  783.210 [53]    |
  857.901 [38]    |

Latency distribution:
  10 % in 115.13 ms 
  25 % in 161.94 ms 
  50 % in 222.65 ms 
  75 % in 281.57 ms 
  90 % in 347.89 ms 
  95 % in 426.33 ms 
  99 % in 616.07 ms 

Status code distribution:
  [OK]                  58719 responses   
  [ResourceExhausted]   29120 responses   
  [Canceled]            809 responses     

Error distribution:
  [29120]   rpc error: code = ResourceExhausted desc = Server-side queuing delay is beyond AQM threshold   
  [809]     rpc error: code = Canceled desc = grpc: the client connection is closing                       

Debug: Checking Namespace=default, Pod=ms-10090-6454f977fd-k9qvx for Target File=deathstar_*.output
Namespace: default, Pod: ms-10090-6454f977fd-k9qvx has the target files.
Copying deathstar_ms-10090.output to deathstar_ms-10090.output
tar: removing leading '/' from member names
Debug: Checking Namespace=default, Pod=ms-13558-b48bb5d9d-v8t97 for Target File=deathstar_*.output
Namespace: default, Pod: ms-13558-b48bb5d9d-v8t97 has the target files.
Copying deathstar_ms-13558.output to deathstar_ms-13558.output
tar: removing leading '/' from member names
Debug: Checking Namespace=default, Pod=ms-18330-759d9cf49c-d646t for Target File=deathstar_*.output
Namespace: default, Pod: ms-18330-759d9cf49c-d646t has the target files.
Copying deathstar_ms-18330.output to deathstar_ms-18330.output
tar: removing leading '/' from member names
Debug: Checking Namespace=default, Pod=ms-19585-6f995cfcbf-dmzmw for Target File=deathstar_*.output
Namespace: default, Pod: ms-19585-6f995cfcbf-dmzmw has the target files.
Copying deathstar_ms-19585.output to deathstar_ms-19585.output
tar: removing leading '/' from member names
Debug: Checking Namespace=default, Pod=ms-20172-59d5485464-cbmxb for Target File=deathstar_*.output
Namespace: default, Pod: ms-20172-59d5485464-cbmxb has the target files.
Copying deathstar_ms-20172.output to deathstar_ms-20172.output
tar: removing leading '/' from member names
Debug: Checking Namespace=default, Pod=ms-22893-576fd5f9f6-rmjcp for Target File=deathstar_*.output
Namespace: default, Pod: ms-22893-576fd5f9f6-rmjcp has the target files.
Copying deathstar_ms-22893.output to deathstar_ms-22893.output
tar: removing leading '/' from member names
Debug: Checking Namespace=default, Pod=ms-24009-67dbf5b976-zf77d for Target File=deathstar_*.output
Namespace: default, Pod: ms-24009-67dbf5b976-zf77d has the target files.
Copying deathstar_ms-24009.output to deathstar_ms-24009.output
tar: removing leading '/' from member names
Debug: Checking Namespace=default, Pod=ms-24959-99f8bbf9-65gns for Target File=deathstar_*.output
Namespace: default, Pod: ms-24959-99f8bbf9-65gns has the target files.
Copying deathstar_ms-24959.output to deathstar_ms-24959.output
tar: removing leading '/' from member names
Debug: Checking Namespace=default, Pod=ms-26622-66fdf7d64f-2fljf for Target File=deathstar_*.output
Namespace: default, Pod: ms-26622-66fdf7d64f-2fljf has the target files.
Copying deathstar_ms-26622.output to deathstar_ms-26622.output
tar: removing leading '/' from member names
Debug: Checking Namespace=default, Pod=ms-27421-64f549855c-dbvpq for Target File=deathstar_*.output
Namespace: default, Pod: ms-27421-64f549855c-dbvpq has the target files.
Copying deathstar_ms-27421.output to deathstar_ms-27421.output
tar: removing leading '/' from member names
Debug: Checking Namespace=default, Pod=ms-29373-8467f7db44-nd2fn for Target File=deathstar_*.output
Namespace: default, Pod: ms-29373-8467f7db44-nd2fn has the target files.
Copying deathstar_ms-29373.output to deathstar_ms-29373.output
tar: removing leading '/' from member names
Debug: Checking Namespace=default, Pod=ms-32301-c5654bbc5-vw9pz for Target File=deathstar_*.output
Namespace: default, Pod: ms-32301-c5654bbc5-vw9pz has the target files.
Copying deathstar_ms-32301.output to deathstar_ms-32301.output
tar: removing leading '/' from member names
Debug: Checking Namespace=default, Pod=ms-3289-587dbd96bf-sxpf5 for Target File=deathstar_*.output
Namespace: default, Pod: ms-3289-587dbd96bf-sxpf5 has the target files.
Copying deathstar_ms-3289.output to deathstar_ms-3289.output
tar: removing leading '/' from member names
Debug: Checking Namespace=default, Pod=ms-37691-6dc6cd6744-dzddw for Target File=deathstar_*.output
Namespace: default, Pod: ms-37691-6dc6cd6744-dzddw has the target files.
Copying deathstar_ms-37691.output to deathstar_ms-37691.output
tar: removing leading '/' from member names
Debug: Checking Namespace=default, Pod=ms-38964-5b647cdbd-qgfm7 for Target File=deathstar_*.output
Namespace: default, Pod: ms-38964-5b647cdbd-qgfm7 has the target files.
Copying deathstar_ms-38964.output to deathstar_ms-38964.output
tar: removing leading '/' from member names
Debug: Checking Namespace=default, Pod=ms-40147-cd867585-j828p for Target File=deathstar_*.output
Namespace: default, Pod: ms-40147-cd867585-j828p has the target files.
Copying deathstar_ms-40147.output to deathstar_ms-40147.output
tar: removing leading '/' from member names
Debug: Checking Namespace=default, Pod=ms-48118-ff7b99cc9-ttbc2 for Target File=deathstar_*.output
Namespace: default, Pod: ms-48118-ff7b99cc9-ttbc2 has the target files.
Copying deathstar_ms-48118.output to deathstar_ms-48118.output
tar: removing leading '/' from member names
Debug: Checking Namespace=default, Pod=ms-4829-669557b66c-rp5pb for Target File=deathstar_*.output
Namespace: default, Pod: ms-4829-669557b66c-rp5pb has the target files.
Copying deathstar_ms-4829.output to deathstar_ms-4829.output
tar: removing leading '/' from member names
Debug: Checking Namespace=default, Pod=ms-51685-79858c784f-kcr44 for Target File=deathstar_*.output
Namespace: default, Pod: ms-51685-79858c784f-kcr44 has the target files.
Copying deathstar_ms-51685.output to deathstar_ms-51685.output
tar: removing leading '/' from member names
Debug: Checking Namespace=default, Pod=ms-52379-57c6cdd54b-2csgv for Target File=deathstar_*.output
Namespace: default, Pod: ms-52379-57c6cdd54b-2csgv has the target files.
Copying deathstar_ms-52379.output to deathstar_ms-52379.output
tar: removing leading '/' from member names
Debug: Checking Namespace=default, Pod=ms-55394-6f999f5df9-8z9n4 for Target File=deathstar_*.output
Namespace: default, Pod: ms-55394-6f999f5df9-8z9n4 has the target files.
Copying deathstar_ms-55394.output to deathstar_ms-55394.output
tar: removing leading '/' from member names
Debug: Checking Namespace=default, Pod=ms-58436-59dd96f659-h5dls for Target File=deathstar_*.output
Namespace: default, Pod: ms-58436-59dd96f659-h5dls has the target files.
Copying deathstar_ms-58436.output to deathstar_ms-58436.output
tar: removing leading '/' from member names
Debug: Checking Namespace=default, Pod=ms-58772-68ff78c966-cp4ks for Target File=deathstar_*.output
Namespace: default, Pod: ms-58772-68ff78c966-cp4ks has the target files.
Copying deathstar_ms-58772.output to deathstar_ms-58772.output
tar: removing leading '/' from member names
Debug: Checking Namespace=default, Pod=ms-59962-756b895b58-8f8bd for Target File=deathstar_*.output
Namespace: default, Pod: ms-59962-756b895b58-8f8bd has the target files.
Copying deathstar_ms-59962.output to deathstar_ms-59962.output
tar: removing leading '/' from member names
Debug: Checking Namespace=default, Pod=ms-60061-68bd84bdcd-pvf6c for Target File=deathstar_*.output
Namespace: default, Pod: ms-60061-68bd84bdcd-pvf6c has the target files.
Copying deathstar_ms-60061.output to deathstar_ms-60061.output
tar: removing leading '/' from member names
Debug: Checking Namespace=default, Pod=ms-6323-974659fcd-789nj for Target File=deathstar_*.output
Namespace: default, Pod: ms-6323-974659fcd-789nj has the target files.
Copying deathstar_ms-6323.output to deathstar_ms-6323.output
tar: removing leading '/' from member names
Debug: Checking Namespace=default, Pod=ms-65741-65f588bcdf-lm4jv for Target File=deathstar_*.output
Namespace: default, Pod: ms-65741-65f588bcdf-lm4jv has the target files.
Copying deathstar_ms-65741.output to deathstar_ms-65741.output
tar: removing leading '/' from member names
Debug: Checking Namespace=default, Pod=ms-66473-79c66f8bff-dd5ps for Target File=deathstar_*.output
Namespace: default, Pod: ms-66473-79c66f8bff-dd5ps has the target files.
Copying deathstar_ms-66473.output to deathstar_ms-66473.output
tar: removing leading '/' from member names
Debug: Checking Namespace=default, Pod=ms-69188-65c548d4cb-nglfd for Target File=deathstar_*.output
Namespace: default, Pod: ms-69188-65c548d4cb-nglfd has the target files.
Copying deathstar_ms-69188.output to deathstar_ms-69188.output
tar: removing leading '/' from member names
Debug: Checking Namespace=default, Pod=ms-69614-794bd8475-48ljd for Target File=deathstar_*.output
Namespace: default, Pod: ms-69614-794bd8475-48ljd has the target files.
Copying deathstar_ms-69614.output to deathstar_ms-69614.output
tar: removing leading '/' from member names
Debug: Checking Namespace=default, Pod=ms-9081-567985788-6mfmw for Target File=deathstar_*.output
Namespace: default, Pod: ms-9081-567985788-6mfmw has the target files.
Copying deathstar_ms-9081.output to deathstar_ms-9081.output
tar: removing leading '/' from member names
Debug: Checking Namespace=default, Pod=nginx-web-server-56557f7cb7-mjg5x for Target File=deathstar_*.output
Namespace: default, Pod: nginx-web-server-56557f7cb7-mjg5x has the target files.
Copying deathstar_nginx-web-server.output to deathstar_nginx-web-server.output
tar: removing leading '/' from member names
Debug: Checking Namespace=default, Pod=unknown-6ddf9bd4b5-vxlv6 for Target File=deathstar_*.output
Namespace: default, Pod: unknown-6ddf9bd4b5-vxlv6 has the target files.
Copying deathstar_unknown.output to deathstar_unknown.output
tar: removing leading '/' from member names
