Deployments: ms-11070
ms-11285
ms-11512
ms-1278
ms-13873
ms-19953
ms-21883
ms-25124
ms-27421
ms-2827
ms-33719
ms-37691
ms-43309
ms-4354
ms-46825
ms-60236
ms-71771
ms-8052
ms-902
nginx-web-server
deployment "ms-11070" successfully rolled out
deployment "ms-11285" successfully rolled out
deployment "ms-11512" successfully rolled out
deployment "ms-1278" successfully rolled out
deployment "ms-13873" successfully rolled out
deployment "ms-19953" successfully rolled out
deployment "ms-21883" successfully rolled out
deployment "ms-25124" successfully rolled out
deployment "ms-27421" successfully rolled out
deployment "ms-2827" successfully rolled out
deployment "ms-33719" successfully rolled out
deployment "ms-37691" successfully rolled out
deployment "ms-43309" successfully rolled out
deployment "ms-4354" successfully rolled out
deployment "ms-46825" successfully rolled out
deployment "ms-60236" successfully rolled out
deployment "ms-71771" successfully rolled out
deployment "ms-8052" successfully rolled out
deployment "ms-902" successfully rolled out
deployment "nginx-web-server" successfully rolled out
ENTRY_POINT: nginx-web-server
SERVICE_A_URL: 10.106.37.115:50051
Capacity: 10000
Metadata: method=S_102000854
Metadata: request-id={{.RequestNumber}}
Metadata: timestamp={{.TimestampUnix}}
Charon Configurations:
[{INTERCEPT breakwaterd} {PRICE_UPDATE_RATE 10ms} {TOKEN_UPDATE_RATE 10ms} {LATENCY_THRESHOLD 100us} {PRICE_STEP 0} {PRICE_STRATEGY step} {LAZY_UPDATE false} {RATE_LIMITING true} {LOAD_SHEDDING true} {CHARON_TRACK_PRICE false} {BREAKWATER_SLO 41890us} {BREAKWATER_A 22.566346284709386} {BREAKWATER_B 9.016771316765022} {BREAKWATER_CLIENT_EXPIRATION 4601us} {BREAKWATER_INITIAL_CREDIT 168} {BREAKWATER_LOAD_SHEDDING true} {BREAKWATER_RTT 1616us} {BREAKWATERD_SLO 17113us} {BREAKWATERD_A 6.995262626643976} {BREAKWATERD_B 2.530386532789869} {BREAKWATERD_CLIENT_EXPIRATION 58392us} {BREAKWATERD_INITIAL_CREDIT 4265} {BREAKWATERD_LOAD_SHEDDING true} {BREAKWATERD_RTT 8193us} {DAGOR_QUEUING_THRESHOLD 2ms} {DAGOR_ALPHA 0.05} {DAGOR_BETA 0.01} {DAGOR_ADMISSION_LEVEL_UPDATE_INTERVAL 10ms} {DAGOR_UMAX 20}]

Summary:
  Count:	110152
  Total:	24.94 s
  Slowest:	872.76 ms
  Fastest:	39.14 ms
  Average:	126.47 ms
  Requests/sec:	4416.92

Response time histogram:
  39.137  [1]     |
  122.500 [31036] |∎∎∎∎∎∎∎∎∎∎∎∎∎∎∎∎∎∎∎∎∎∎∎∎∎∎∎∎∎∎∎∎∎∎∎∎∎∎∎∎
  205.863 [26945] |∎∎∎∎∎∎∎∎∎∎∎∎∎∎∎∎∎∎∎∎∎∎∎∎∎∎∎∎∎∎∎∎∎∎∎
  289.225 [5108]  |∎∎∎∎∎∎∎
  372.588 [728]   |∎
  455.950 [24]    |
  539.313 [0]     |
  622.676 [0]     |
  706.038 [5]     |
  789.401 [30]    |
  872.764 [119]   |

Latency distribution:
  10 % in 42.21 ms 
  25 % in 65.89 ms 
  50 % in 124.57 ms 
  75 % in 163.95 ms 
  90 % in 203.53 ms 
  95 % in 234.23 ms 
  99 % in 301.78 ms 

Status code distribution:
  [OK]                  63996 responses   
  [ResourceExhausted]   37448 responses   
  [Canceled]            8618 responses    
  [DeadlineExceeded]    90 responses      

Error distribution:
  [16499]   rpc error: code = ResourceExhausted desc = Server-side queuing delay is beyond AQM threshold                          
  [36]      rpc error: code = ResourceExhausted desc = Client id c6a61801-8675-4669-841a-1a523c188f3e request expired in queue.   
  [170]     rpc error: code = ResourceExhausted desc = Client id c1ffe3a5-60c7-4cce-b6f1-f32ab8dd663f request expired in queue.   
  [104]     rpc error: code = ResourceExhausted desc = Client id cd1690b5-7c5b-4681-bbe7-a223d16a4ada request expired in queue.   
  [8618]    rpc error: code = Canceled desc = grpc: the client connection is closing                                              
  [90]      rpc error: code = DeadlineExceeded desc = context deadline exceeded                                                   
  [20639]   rpc error: code = ResourceExhausted desc = Client id 63f37bf9-a68a-4735-99b5-9b7da43861be request expired in queue.   

Debug: Checking Namespace=default, Pod=ms-11070-7868c54f44-m98ld for Target File=deathstar_*.output
Namespace: default, Pod: ms-11070-7868c54f44-m98ld has the target files.
Copying deathstar_ms-11070.output to deathstar_ms-11070.output
tar: removing leading '/' from member names
Debug: Checking Namespace=default, Pod=ms-11285-67d597dc77-9ntc4 for Target File=deathstar_*.output
Namespace: default, Pod: ms-11285-67d597dc77-9ntc4 has the target files.
Copying deathstar_ms-11285.output to deathstar_ms-11285.output
tar: removing leading '/' from member names
Debug: Checking Namespace=default, Pod=ms-11512-75f8ddc45b-qjjkd for Target File=deathstar_*.output
Namespace: default, Pod: ms-11512-75f8ddc45b-qjjkd has the target files.
Copying deathstar_ms-11512.output to deathstar_ms-11512.output
tar: removing leading '/' from member names
Debug: Checking Namespace=default, Pod=ms-1278-85766ff6b8-862dp for Target File=deathstar_*.output
Namespace: default, Pod: ms-1278-85766ff6b8-862dp has the target files.
Copying deathstar_ms-1278.output to deathstar_ms-1278.output
tar: removing leading '/' from member names
Debug: Checking Namespace=default, Pod=ms-13873-85d7bb7b97-zkp4q for Target File=deathstar_*.output
Namespace: default, Pod: ms-13873-85d7bb7b97-zkp4q has the target files.
Copying deathstar_ms-13873.output to deathstar_ms-13873.output
tar: removing leading '/' from member names
Debug: Checking Namespace=default, Pod=ms-19953-68cc8998c5-6c5dt for Target File=deathstar_*.output
Namespace: default, Pod: ms-19953-68cc8998c5-6c5dt has the target files.
Copying deathstar_ms-19953.output to deathstar_ms-19953.output
tar: removing leading '/' from member names
Debug: Checking Namespace=default, Pod=ms-21883-f6c88c6d4-sxp6v for Target File=deathstar_*.output
Namespace: default, Pod: ms-21883-f6c88c6d4-sxp6v has the target files.
Copying deathstar_ms-21883.output to deathstar_ms-21883.output
tar: removing leading '/' from member names
Debug: Checking Namespace=default, Pod=ms-25124-77bd4446f5-h9g2f for Target File=deathstar_*.output
Namespace: default, Pod: ms-25124-77bd4446f5-h9g2f has the target files.
Copying deathstar_ms-25124.output to deathstar_ms-25124.output
tar: removing leading '/' from member names
Debug: Checking Namespace=default, Pod=ms-27421-8565974486-v6md2 for Target File=deathstar_*.output
Namespace: default, Pod: ms-27421-8565974486-v6md2 has the target files.
Copying deathstar_ms-27421.output to deathstar_ms-27421.output
tar: removing leading '/' from member names
Debug: Checking Namespace=default, Pod=ms-2827-5dcc6df4f4-5h9kk for Target File=deathstar_*.output
Namespace: default, Pod: ms-2827-5dcc6df4f4-5h9kk has the target files.
Copying deathstar_ms-2827.output to deathstar_ms-2827.output
tar: removing leading '/' from member names
Debug: Checking Namespace=default, Pod=ms-33719-6c455cf54c-2c42b for Target File=deathstar_*.output
Namespace: default, Pod: ms-33719-6c455cf54c-2c42b has the target files.
Copying deathstar_ms-33719.output to deathstar_ms-33719.output
tar: removing leading '/' from member names
Debug: Checking Namespace=default, Pod=ms-37691-b9bc44798-j9l52 for Target File=deathstar_*.output
Namespace: default, Pod: ms-37691-b9bc44798-j9l52 has the target files.
Copying deathstar_ms-37691.output to deathstar_ms-37691.output
tar: removing leading '/' from member names
Debug: Checking Namespace=default, Pod=ms-43309-54f758d465-r5v2w for Target File=deathstar_*.output
Namespace: default, Pod: ms-43309-54f758d465-r5v2w has the target files.
Copying deathstar_ms-43309.output to deathstar_ms-43309.output
tar: removing leading '/' from member names
Debug: Checking Namespace=default, Pod=ms-4354-669cfcbdf6-t5582 for Target File=deathstar_*.output
Namespace: default, Pod: ms-4354-669cfcbdf6-t5582 has the target files.
Copying deathstar_ms-4354.output to deathstar_ms-4354.output
tar: removing leading '/' from member names
Debug: Checking Namespace=default, Pod=ms-46825-58c684559d-2dms5 for Target File=deathstar_*.output
Namespace: default, Pod: ms-46825-58c684559d-2dms5 has the target files.
Copying deathstar_ms-46825.output to deathstar_ms-46825.output
tar: removing leading '/' from member names
Debug: Checking Namespace=default, Pod=ms-60236-64866cf49-vknnb for Target File=deathstar_*.output
Namespace: default, Pod: ms-60236-64866cf49-vknnb has the target files.
Copying deathstar_ms-60236.output to deathstar_ms-60236.output
tar: removing leading '/' from member names
Debug: Checking Namespace=default, Pod=ms-71771-567ddbdd95-xzvhf for Target File=deathstar_*.output
Namespace: default, Pod: ms-71771-567ddbdd95-xzvhf has the target files.
Copying deathstar_ms-71771.output to deathstar_ms-71771.output
tar: removing leading '/' from member names
Debug: Checking Namespace=default, Pod=ms-8052-b995968dc-86r5t for Target File=deathstar_*.output
Namespace: default, Pod: ms-8052-b995968dc-86r5t has the target files.
Copying deathstar_ms-8052.output to deathstar_ms-8052.output
tar: removing leading '/' from member names
Debug: Checking Namespace=default, Pod=ms-902-5744544f85-j486x for Target File=deathstar_*.output
Namespace: default, Pod: ms-902-5744544f85-j486x has the target files.
Copying deathstar_ms-902.output to deathstar_ms-902.output
tar: removing leading '/' from member names
Debug: Checking Namespace=default, Pod=nginx-web-server-56557f7cb7-xf9bm for Target File=deathstar_*.output
Namespace: default, Pod: nginx-web-server-56557f7cb7-xf9bm has the target files.
Copying deathstar_nginx-web-server.output to deathstar_nginx-web-server.output
tar: removing leading '/' from member names
