Deployments: compose-post-service
home-timeline-redis
home-timeline-service
media-service
nginx-web-server
post-storage-mongo
post-storage-service
social-graph-redis
social-graph-service
text-service
unique-id-service
url-shorten-mongo
url-shorten-service
user-mention-memcached
user-mention-service
user-service
user-timeline-mongo
user-timeline-redis
user-timeline-service
Waiting for deployment "compose-post-service" rollout to finish: 0 of 1 updated replicas are available...
deployment "compose-post-service" successfully rolled out
Deployment compose-post-service is ready.
Waiting for deployment "home-timeline-redis" rollout to finish: 0 of 1 updated replicas are available...
deployment "home-timeline-redis" successfully rolled out
Deployment home-timeline-redis is ready.
deployment "home-timeline-service" successfully rolled out
Deployment home-timeline-service is ready.
deployment "media-service" successfully rolled out
Deployment media-service is ready.
deployment "nginx-web-server" successfully rolled out
Deployment nginx-web-server is ready.
Waiting for deployment "post-storage-mongo" rollout to finish: 0 of 1 updated replicas are available...
deployment "post-storage-mongo" successfully rolled out
Deployment post-storage-mongo is ready.
deployment "post-storage-service" successfully rolled out
Deployment post-storage-service is ready.
deployment "social-graph-redis" successfully rolled out
Deployment social-graph-redis is ready.
deployment "social-graph-service" successfully rolled out
Deployment social-graph-service is ready.
deployment "text-service" successfully rolled out
Deployment text-service is ready.
deployment "unique-id-service" successfully rolled out
Deployment unique-id-service is ready.
deployment "url-shorten-mongo" successfully rolled out
Deployment url-shorten-mongo is ready.
deployment "url-shorten-service" successfully rolled out
Deployment url-shorten-service is ready.
deployment "user-mention-memcached" successfully rolled out
Deployment user-mention-memcached is ready.
deployment "user-mention-service" successfully rolled out
Deployment user-mention-service is ready.
deployment "user-service" successfully rolled out
Deployment user-service is ready.
deployment "user-timeline-mongo" successfully rolled out
Deployment user-timeline-mongo is ready.
deployment "user-timeline-redis" successfully rolled out
Deployment user-timeline-redis is ready.
deployment "user-timeline-service" successfully rolled out
Deployment user-timeline-service is ready.
ENTRY_POINT: nginx-web-server
SERVICE_A_URL: 10.101.164.210:50051
Capacity: 8500
Metadata: timestamp={{.TimestampUnix}}
Metadata: method=compose
Metadata: request-id={{.RequestNumber}}
Constant load: true
Capacity: 8500
Run duration: 10s
Enable Charon: false
Charon options: map[debug:false debugFreq:1000 initprice:10 rateLimiting:true tokenRefillDist:poisson tokenStrategy:uniform tokenUpdateRate:10ms tokenUpdateStep:10 tokensLeft:0]

Summary:
  Count:	76411
  Total:	9.86 s
  Slowest:	7.10 s
  Fastest:	17.31 ms
  Average:	122.75 ms
  Requests/sec:	7749.42

Response time histogram:
  17.314   [1]     |
  725.492  [65666] |∎∎∎∎∎∎∎∎∎∎∎∎∎∎∎∎∎∎∎∎∎∎∎∎∎∎∎∎∎∎∎∎∎∎∎∎∎∎∎∎
  1433.670 [458]   |
  2141.848 [0]     |
  2850.026 [0]     |
  3558.203 [469]   |
  4266.381 [0]     |
  4974.559 [0]     |
  5682.737 [0]     |
  6390.915 [0]     |
  7099.092 [55]    |

Latency distribution:
  10 % in 58.56 ms 
  25 % in 78.90 ms 
  50 % in 106.32 ms 
  75 % in 136.74 ms 
  90 % in 161.42 ms 
  95 % in 177.86 ms 
  99 % in 985.47 ms 

Status code distribution:
  [Canceled]      290 responses     
  [OK]            66649 responses   
  [Unavailable]   9472 responses    

Error distribution:
  [542]   rpc error: code = Unavailable desc = connection error: desc = "error reading server preface: read tcp 128.110.218.26:40980->10.101.164.210:50051: read: connection reset by peer"   
  [555]   rpc error: code = Unavailable desc = connection error: desc = "error reading server preface: read tcp 128.110.218.26:40750->10.101.164.210:50051: read: connection reset by peer"   
  [516]   rpc error: code = Unavailable desc = connection error: desc = "error reading server preface: read tcp 128.110.218.26:40870->10.101.164.210:50051: read: connection reset by peer"   
  [531]   rpc error: code = Unavailable desc = connection error: desc = "error reading server preface: read tcp 128.110.218.26:40876->10.101.164.210:50051: read: connection reset by peer"   
  [537]   rpc error: code = Unavailable desc = connection error: desc = "error reading server preface: read tcp 128.110.218.26:40902->10.101.164.210:50051: read: connection reset by peer"   
  [518]   rpc error: code = Unavailable desc = connection error: desc = "error reading server preface: read tcp 128.110.218.26:40888->10.101.164.210:50051: read: connection reset by peer"   
  [521]   rpc error: code = Unavailable desc = connection error: desc = "error reading server preface: read tcp 128.110.218.26:40736->10.101.164.210:50051: read: connection reset by peer"   
  [530]   rpc error: code = Unavailable desc = connection error: desc = "error reading server preface: read tcp 128.110.218.26:40930->10.101.164.210:50051: read: connection reset by peer"   
  [527]   rpc error: code = Unavailable desc = connection error: desc = "error reading server preface: read tcp 128.110.218.26:40942->10.101.164.210:50051: read: connection reset by peer"   
  [499]   rpc error: code = Unavailable desc = connection error: desc = "error reading server preface: read tcp 128.110.218.26:41094->10.101.164.210:50051: read: connection reset by peer"   
  [518]   rpc error: code = Unavailable desc = connection error: desc = "error reading server preface: read tcp 128.110.218.26:41024->10.101.164.210:50051: read: connection reset by peer"   
  [546]   rpc error: code = Unavailable desc = connection error: desc = "error reading server preface: read tcp 128.110.218.26:40804->10.101.164.210:50051: read: connection reset by peer"   
  [516]   rpc error: code = Unavailable desc = connection error: desc = "error reading server preface: read tcp 128.110.218.26:41088->10.101.164.210:50051: read: connection reset by peer"   
  [517]   rpc error: code = Unavailable desc = connection error: desc = "error reading server preface: read tcp 128.110.218.26:40826->10.101.164.210:50051: read: connection reset by peer"   
  [518]   rpc error: code = Unavailable desc = connection error: desc = "error reading server preface: read tcp 128.110.218.26:41040->10.101.164.210:50051: read: connection reset by peer"   
  [524]   rpc error: code = Unavailable desc = connection error: desc = "error reading server preface: read tcp 128.110.218.26:40900->10.101.164.210:50051: read: connection reset by peer"   
  [531]   rpc error: code = Unavailable desc = connection error: desc = "error reading server preface: read tcp 128.110.218.26:40898->10.101.164.210:50051: read: connection reset by peer"   
  [290]   rpc error: code = Canceled desc = grpc: the client connection is closing                                                                                                            
  [526]   rpc error: code = Unavailable desc = connection error: desc = "error reading server preface: read tcp 128.110.218.26:41016->10.101.164.210:50051: read: connection reset by peer"   

Debug: Checking Namespace=default, Pod=compose-post-service-6f9845489d-9g7fj for Target File=deathstar_*.output
Namespace: default, Pod: compose-post-service-6f9845489d-9g7fj has the target files.
Copying deathstar_compose-post-service.output to deathstar_compose-post-service.output
tar: removing leading '/' from member names
Debug: Checking Namespace=default, Pod=home-timeline-redis-68bdbb459f-4r5ds for Target File=deathstar_*.output
Namespace: default, Pod: home-timeline-redis-68bdbb459f-4r5ds has the target files.
Copying deathstar_home-timeline-redis.output to deathstar_home-timeline-redis.output
tar: removing leading '/' from member names
Debug: Checking Namespace=default, Pod=home-timeline-service-7974fb9949-wj4q7 for Target File=deathstar_*.output
Namespace: default, Pod: home-timeline-service-7974fb9949-wj4q7 has the target files.
Copying deathstar_home-timeline-service.output to deathstar_home-timeline-service.output
tar: removing leading '/' from member names
Debug: Checking Namespace=default, Pod=media-service-57f4b9d99d-mhvg2 for Target File=deathstar_*.output
Namespace: default, Pod: media-service-57f4b9d99d-mhvg2 has the target files.
Copying deathstar_media-service.output to deathstar_media-service.output
tar: removing leading '/' from member names
Debug: Checking Namespace=default, Pod=nginx-web-server-64fc6fd886-2nm88 for Target File=deathstar_*.output
Namespace: default, Pod: nginx-web-server-64fc6fd886-2nm88 has the target files.
Copying deathstar_nginx-web-server.output to deathstar_nginx-web-server.output
tar: removing leading '/' from member names
Debug: Checking Namespace=default, Pod=post-storage-mongo-65c79c9bcd-dlnct for Target File=deathstar_*.output
Namespace: default, Pod: post-storage-mongo-65c79c9bcd-dlnct has the target files.
Copying deathstar_post-storage-mongo.output to deathstar_post-storage-mongo.output
tar: removing leading '/' from member names
Debug: Checking Namespace=default, Pod=post-storage-service-6cb68b6d86-6c9sx for Target File=deathstar_*.output
Namespace: default, Pod: post-storage-service-6cb68b6d86-6c9sx has the target files.
Copying deathstar_post-storage-service.output to deathstar_post-storage-service.output
tar: removing leading '/' from member names
Debug: Checking Namespace=default, Pod=social-graph-redis-6fdf7b4459-kwmpf for Target File=deathstar_*.output
Namespace: default, Pod: social-graph-redis-6fdf7b4459-kwmpf has the target files.
Copying deathstar_social-graph-redis.output to deathstar_social-graph-redis.output
tar: removing leading '/' from member names
Debug: Checking Namespace=default, Pod=social-graph-service-7d9d94b79d-nhczl for Target File=deathstar_*.output
Namespace: default, Pod: social-graph-service-7d9d94b79d-nhczl has the target files.
Copying deathstar_social-graph-service.output to deathstar_social-graph-service.output
tar: removing leading '/' from member names
Debug: Checking Namespace=default, Pod=text-service-6674d788d7-xsjb9 for Target File=deathstar_*.output
Namespace: default, Pod: text-service-6674d788d7-xsjb9 has the target files.
Copying deathstar_text-service.output to deathstar_text-service.output
tar: removing leading '/' from member names
Debug: Checking Namespace=default, Pod=unique-id-service-545ffbdd6c-xltm5 for Target File=deathstar_*.output
Namespace: default, Pod: unique-id-service-545ffbdd6c-xltm5 has the target files.
Copying deathstar_unique-id-service.output to deathstar_unique-id-service.output
tar: removing leading '/' from member names
Debug: Checking Namespace=default, Pod=url-shorten-mongo-6b4c85bb87-htht5 for Target File=deathstar_*.output
Namespace: default, Pod: url-shorten-mongo-6b4c85bb87-htht5 has the target files.
Copying deathstar_url-shorten-mongo.output to deathstar_url-shorten-mongo.output
tar: removing leading '/' from member names
Debug: Checking Namespace=default, Pod=url-shorten-service-68d694d594-nf7zv for Target File=deathstar_*.output
Namespace: default, Pod: url-shorten-service-68d694d594-nf7zv has the target files.
Copying deathstar_url-shorten-service.output to deathstar_url-shorten-service.output
tar: removing leading '/' from member names
Debug: Checking Namespace=default, Pod=user-mention-memcached-64575cd9dc-pkzwn for Target File=deathstar_*.output
Namespace: default, Pod: user-mention-memcached-64575cd9dc-pkzwn has the target files.
Copying deathstar_user-mention-memcached.output to deathstar_user-mention-memcached.output
tar: removing leading '/' from member names
Debug: Checking Namespace=default, Pod=user-mention-service-6dcfcb4b8d-wnvvs for Target File=deathstar_*.output
Namespace: default, Pod: user-mention-service-6dcfcb4b8d-wnvvs has the target files.
Copying deathstar_user-mention-service.output to deathstar_user-mention-service.output
tar: removing leading '/' from member names
Debug: Checking Namespace=default, Pod=user-service-5b549c744-2ktnq for Target File=deathstar_*.output
Namespace: default, Pod: user-service-5b549c744-2ktnq has the target files.
Copying deathstar_user-service.output to deathstar_user-service.output
tar: removing leading '/' from member names
Debug: Checking Namespace=default, Pod=user-timeline-mongo-6dfc455859-n48pp for Target File=deathstar_*.output
Namespace: default, Pod: user-timeline-mongo-6dfc455859-n48pp has the target files.
Copying deathstar_user-timeline-mongo.output to deathstar_user-timeline-mongo.output
tar: removing leading '/' from member names
Debug: Checking Namespace=default, Pod=user-timeline-redis-7b55f9ffd9-9q5kw for Target File=deathstar_*.output
Namespace: default, Pod: user-timeline-redis-7b55f9ffd9-9q5kw has the target files.
Copying deathstar_user-timeline-redis.output to deathstar_user-timeline-redis.output
tar: removing leading '/' from member names
Debug: Checking Namespace=default, Pod=user-timeline-service-f648cb4f4-d4dkn for Target File=deathstar_*.output
Namespace: default, Pod: user-timeline-service-f648cb4f4-d4dkn has the target files.
Copying deathstar_user-timeline-service.output to deathstar_user-timeline-service.output
tar: removing leading '/' from member names
Debug: Checking Namespace=default, Pod=compose-post-service-6f9845489d-9g7fj for Target File=*.pprof
Namespace: default, Pod: compose-post-service-6f9845489d-9g7fj has the target files.
Copying compose-post-service.pprof to compose-post-service.pprof
tar: removing leading '/' from member names
tar: removing leading '/' from member names
Debug: Checking Namespace=default, Pod=home-timeline-redis-68bdbb459f-4r5ds for Target File=*.pprof
Namespace: default, Pod: home-timeline-redis-68bdbb459f-4r5ds has the target files.
Copying home-timeline-redis.pprof to home-timeline-redis.pprof
tar: removing leading '/' from member names
tar: removing leading '/' from member names
Debug: Checking Namespace=default, Pod=home-timeline-service-7974fb9949-wj4q7 for Target File=*.pprof
Namespace: default, Pod: home-timeline-service-7974fb9949-wj4q7 has the target files.
Copying home-timeline-service.pprof to home-timeline-service.pprof
tar: removing leading '/' from member names
tar: removing leading '/' from member names
Debug: Checking Namespace=default, Pod=media-service-57f4b9d99d-mhvg2 for Target File=*.pprof
Namespace: default, Pod: media-service-57f4b9d99d-mhvg2 has the target files.
Copying media-service.pprof to media-service.pprof
tar: removing leading '/' from member names
tar: removing leading '/' from member names
Debug: Checking Namespace=default, Pod=nginx-web-server-64fc6fd886-2nm88 for Target File=*.pprof
Namespace: default, Pod: nginx-web-server-64fc6fd886-2nm88 has the target files.
Copying nginx-web-server.pprof to nginx-web-server.pprof
tar: removing leading '/' from member names
tar: removing leading '/' from member names
Debug: Checking Namespace=default, Pod=post-storage-mongo-65c79c9bcd-dlnct for Target File=*.pprof
Namespace: default, Pod: post-storage-mongo-65c79c9bcd-dlnct has the target files.
Copying post-storage-mongo.pprof to post-storage-mongo.pprof
tar: removing leading '/' from member names
tar: removing leading '/' from member names
Debug: Checking Namespace=default, Pod=post-storage-service-6cb68b6d86-6c9sx for Target File=*.pprof
Namespace: default, Pod: post-storage-service-6cb68b6d86-6c9sx has the target files.
Copying post-storage-service.pprof to post-storage-service.pprof
tar: removing leading '/' from member names
tar: removing leading '/' from member names
Debug: Checking Namespace=default, Pod=social-graph-redis-6fdf7b4459-kwmpf for Target File=*.pprof
Namespace: default, Pod: social-graph-redis-6fdf7b4459-kwmpf has the target files.
Copying social-graph-redis.pprof to social-graph-redis.pprof
tar: removing leading '/' from member names
tar: removing leading '/' from member names
Debug: Checking Namespace=default, Pod=social-graph-service-7d9d94b79d-nhczl for Target File=*.pprof
Namespace: default, Pod: social-graph-service-7d9d94b79d-nhczl has the target files.
Copying social-graph-service.pprof to social-graph-service.pprof
tar: removing leading '/' from member names
tar: removing leading '/' from member names
Debug: Checking Namespace=default, Pod=text-service-6674d788d7-xsjb9 for Target File=*.pprof
Namespace: default, Pod: text-service-6674d788d7-xsjb9 has the target files.
Copying text-service.pprof to text-service.pprof
tar: removing leading '/' from member names
tar: removing leading '/' from member names
Debug: Checking Namespace=default, Pod=unique-id-service-545ffbdd6c-xltm5 for Target File=*.pprof
Namespace: default, Pod: unique-id-service-545ffbdd6c-xltm5 has the target files.
Copying unique-id-service.pprof to unique-id-service.pprof
tar: removing leading '/' from member names
tar: removing leading '/' from member names
Debug: Checking Namespace=default, Pod=url-shorten-mongo-6b4c85bb87-htht5 for Target File=*.pprof
Namespace: default, Pod: url-shorten-mongo-6b4c85bb87-htht5 has the target files.
Copying url-shorten-mongo.pprof to url-shorten-mongo.pprof
tar: removing leading '/' from member names
tar: removing leading '/' from member names
Debug: Checking Namespace=default, Pod=url-shorten-service-68d694d594-nf7zv for Target File=*.pprof
Namespace: default, Pod: url-shorten-service-68d694d594-nf7zv has the target files.
Copying url-shorten-service.pprof to url-shorten-service.pprof
tar: removing leading '/' from member names
tar: removing leading '/' from member names
Debug: Checking Namespace=default, Pod=user-mention-memcached-64575cd9dc-pkzwn for Target File=*.pprof
Namespace: default, Pod: user-mention-memcached-64575cd9dc-pkzwn has the target files.
Copying user-mention-memcached.pprof to user-mention-memcached.pprof
tar: removing leading '/' from member names
tar: removing leading '/' from member names
Debug: Checking Namespace=default, Pod=user-mention-service-6dcfcb4b8d-wnvvs for Target File=*.pprof
Namespace: default, Pod: user-mention-service-6dcfcb4b8d-wnvvs has the target files.
Copying user-mention-service.pprof to user-mention-service.pprof
tar: removing leading '/' from member names
tar: removing leading '/' from member names
Debug: Checking Namespace=default, Pod=user-service-5b549c744-2ktnq for Target File=*.pprof
Namespace: default, Pod: user-service-5b549c744-2ktnq has the target files.
Copying user-service.pprof to user-service.pprof
tar: removing leading '/' from member names
tar: removing leading '/' from member names
Debug: Checking Namespace=default, Pod=user-timeline-mongo-6dfc455859-n48pp for Target File=*.pprof
Namespace: default, Pod: user-timeline-mongo-6dfc455859-n48pp has the target files.
Copying user-timeline-mongo.pprof to user-timeline-mongo.pprof
tar: removing leading '/' from member names
tar: removing leading '/' from member names
Debug: Checking Namespace=default, Pod=user-timeline-redis-7b55f9ffd9-9q5kw for Target File=*.pprof
Namespace: default, Pod: user-timeline-redis-7b55f9ffd9-9q5kw has the target files.
Copying user-timeline-redis.pprof to user-timeline-redis.pprof
tar: removing leading '/' from member names
tar: removing leading '/' from member names
Debug: Checking Namespace=default, Pod=user-timeline-service-f648cb4f4-d4dkn for Target File=*.pprof
Namespace: default, Pod: user-timeline-service-f648cb4f4-d4dkn has the target files.
Copying user-timeline-service.pprof to user-timeline-service.pprof
tar: removing leading '/' from member names
tar: removing leading '/' from member names
