Deployments: ms-10090
ms-13558
ms-18330
ms-19585
ms-20172
ms-22893
ms-24009
ms-24959
ms-26622
ms-27421
ms-29373
ms-32301
ms-3289
ms-37691
ms-38964
ms-40147
ms-48118
ms-4829
ms-51685
ms-52379
ms-55394
ms-58436
ms-58772
ms-59962
ms-60061
ms-6323
ms-65741
ms-66473
ms-69188
ms-69614
ms-9081
nginx-web-server
unknown
deployment "ms-10090" successfully rolled out
deployment "ms-13558" successfully rolled out
deployment "ms-18330" successfully rolled out
deployment "ms-19585" successfully rolled out
deployment "ms-20172" successfully rolled out
deployment "ms-22893" successfully rolled out
deployment "ms-24009" successfully rolled out
deployment "ms-24959" successfully rolled out
deployment "ms-26622" successfully rolled out
deployment "ms-27421" successfully rolled out
deployment "ms-29373" successfully rolled out
deployment "ms-32301" successfully rolled out
deployment "ms-3289" successfully rolled out
deployment "ms-37691" successfully rolled out
deployment "ms-38964" successfully rolled out
deployment "ms-40147" successfully rolled out
deployment "ms-48118" successfully rolled out
deployment "ms-4829" successfully rolled out
deployment "ms-51685" successfully rolled out
deployment "ms-52379" successfully rolled out
deployment "ms-55394" successfully rolled out
deployment "ms-58436" successfully rolled out
deployment "ms-58772" successfully rolled out
deployment "ms-59962" successfully rolled out
deployment "ms-60061" successfully rolled out
deployment "ms-6323" successfully rolled out
deployment "ms-65741" successfully rolled out
deployment "ms-66473" successfully rolled out
deployment "ms-69188" successfully rolled out
deployment "ms-69614" successfully rolled out
deployment "ms-9081" successfully rolled out
deployment "nginx-web-server" successfully rolled out
deployment "unknown" successfully rolled out
ENTRY_POINT: nginx-web-server
SERVICE_A_URL: 10.97.62.246:50051
Capacity: 10000
Metadata: request-id={{.RequestNumber}}
Metadata: timestamp={{.TimestampUnix}}
Metadata: method=S_149998854
Charon Configurations:
[{INTERCEPT breakwaterd} {PRICE_UPDATE_RATE 10ms} {TOKEN_UPDATE_RATE 10ms} {LATENCY_THRESHOLD 100us} {PRICE_STEP 0} {PRICE_STRATEGY step} {LAZY_UPDATE false} {RATE_LIMITING true} {LOAD_SHEDDING true} {CHARON_TRACK_PRICE false} {BREAKWATER_SLO 44282us} {BREAKWATER_A 7.951918639011793} {BREAKWATER_B 0.0} {BREAKWATER_CLIENT_EXPIRATION 4841us} {BREAKWATER_INITIAL_CREDIT 1} {BREAKWATER_LOAD_SHEDDING true} {BREAKWATER_RTT 0us} {BREAKWATERD_SLO 62470us} {BREAKWATERD_A 10.0} {BREAKWATERD_B 0.0} {BREAKWATERD_CLIENT_EXPIRATION 75242us} {BREAKWATERD_INITIAL_CREDIT 5000} {BREAKWATERD_LOAD_SHEDDING true} {BREAKWATERD_RTT 12954us} {DAGOR_QUEUING_THRESHOLD 2ms} {DAGOR_ALPHA 0.05} {DAGOR_BETA 0.01} {DAGOR_ADMISSION_LEVEL_UPDATE_INTERVAL 10ms} {DAGOR_UMAX 20}]

Summary:
  Count:	96571
  Total:	24.97 s
  Slowest:	1.05 s
  Fastest:	111.02 ms
  Average:	437.21 ms
  Requests/sec:	3867.73

Response time histogram:
  111.016  [1]     |
  204.462  [10419] |∎∎∎∎∎∎∎∎∎∎∎∎∎∎∎∎∎∎∎∎∎∎∎∎∎∎∎∎∎∎∎∎∎∎∎∎∎∎∎∎
  297.908  [1004]  |∎∎∎∎
  391.355  [1503]  |∎∎∎∎∎∎
  484.801  [1334]  |∎∎∎∎∎
  578.247  [2439]  |∎∎∎∎∎∎∎∎∎
  671.693  [4526]  |∎∎∎∎∎∎∎∎∎∎∎∎∎∎∎∎∎
  765.139  [3878]  |∎∎∎∎∎∎∎∎∎∎∎∎∎∎∎
  858.585  [3386]  |∎∎∎∎∎∎∎∎∎∎∎∎∎
  952.032  [3268]  |∎∎∎∎∎∎∎∎∎∎∎∎∎
  1045.478 [1841]  |∎∎∎∎∎∎∎

Latency distribution:
  10 % in 115.11 ms 
  25 % in 121.18 ms 
  50 % in 580.43 ms 
  75 % in 766.93 ms 
  90 % in 918.43 ms 
  95 % in 955.70 ms 
  99 % in 992.26 ms 

Status code distribution:
  [OK]                  33599 responses   
  [ResourceExhausted]   51700 responses   
  [DeadlineExceeded]    10216 responses   
  [Canceled]            1056 responses    

Error distribution:
  [180]     rpc error: code = ResourceExhausted desc = Client id 010c9a57-6538-46ec-83f1-dfc388256cbd request expired in queue.   
  [135]     rpc error: code = ResourceExhausted desc = Client id 700365fb-ea86-4bf3-9f82-48db709740bc request expired in queue.   
  [1]       rpc error: code = ResourceExhausted desc = Client id 03434ae8-16e7-485c-827c-2b95ce606ed0 request expired in queue.   
  [20526]   rpc error: code = ResourceExhausted desc = Client id 0e179b62-0898-42b7-a206-4d547fe5cf4b request expired in queue.   
  [20567]   rpc error: code = ResourceExhausted desc = Server-side queuing delay is beyond AQM threshold                          
  [10]      rpc error: code = ResourceExhausted desc = Client id 360b3380-2d6f-408b-9837-107fd69b8265 request expired in queue.   
  [23]      rpc error: code = ResourceExhausted desc = Client id 813ccde9-e25e-42a2-b126-5686b86b8bab request expired in queue.   
  [102]     rpc error: code = ResourceExhausted desc = Client id a4dd5498-735e-4fb7-af60-682c533d259c request expired in queue.   
  [8]       rpc error: code = ResourceExhausted desc = Client id cbfb7c35-0524-4e55-bc28-2ee7051a8654 request expired in queue.   
  [1056]    rpc error: code = Canceled desc = grpc: the client connection is closing                                              
  [7442]    rpc error: code = ResourceExhausted desc = Client id babb7248-a4f9-4117-a145-661144477ceb request expired in queue.   
  [1197]    rpc error: code = ResourceExhausted desc = Client id 70375c39-ac50-4ef0-a92d-0c1466d2e1f4 request expired in queue.   
  [10216]   rpc error: code = DeadlineExceeded desc = context deadline exceeded                                                   
  [1299]    rpc error: code = ResourceExhausted desc = Client id 9cd30338-c832-4d1a-a32d-e1ab7d57eecb request expired in queue.   
  [210]     rpc error: code = ResourceExhausted desc = Client id 1b2bd7c7-4638-4ac7-9e9b-94db4ed2317d request expired in queue.   

Debug: Checking Namespace=default, Pod=ms-10090-6454f977fd-b7t8s for Target File=deathstar_*.output
Namespace: default, Pod: ms-10090-6454f977fd-b7t8s has the target files.
Copying deathstar_ms-10090.output to deathstar_ms-10090.output
tar: removing leading '/' from member names
Debug: Checking Namespace=default, Pod=ms-13558-b48bb5d9d-2wt46 for Target File=deathstar_*.output
Namespace: default, Pod: ms-13558-b48bb5d9d-2wt46 has the target files.
Copying deathstar_ms-13558.output to deathstar_ms-13558.output
tar: removing leading '/' from member names
Debug: Checking Namespace=default, Pod=ms-18330-759d9cf49c-xnnfq for Target File=deathstar_*.output
Namespace: default, Pod: ms-18330-759d9cf49c-xnnfq has the target files.
Copying deathstar_ms-18330.output to deathstar_ms-18330.output
tar: removing leading '/' from member names
Debug: Checking Namespace=default, Pod=ms-19585-6f995cfcbf-fxfb8 for Target File=deathstar_*.output
Namespace: default, Pod: ms-19585-6f995cfcbf-fxfb8 has the target files.
Copying deathstar_ms-19585.output to deathstar_ms-19585.output
tar: removing leading '/' from member names
Debug: Checking Namespace=default, Pod=ms-20172-59d5485464-cmm6h for Target File=deathstar_*.output
Namespace: default, Pod: ms-20172-59d5485464-cmm6h has the target files.
Copying deathstar_ms-20172.output to deathstar_ms-20172.output
tar: removing leading '/' from member names
Debug: Checking Namespace=default, Pod=ms-22893-576fd5f9f6-dqc79 for Target File=deathstar_*.output
Namespace: default, Pod: ms-22893-576fd5f9f6-dqc79 has the target files.
Copying deathstar_ms-22893.output to deathstar_ms-22893.output
tar: removing leading '/' from member names
Debug: Checking Namespace=default, Pod=ms-24009-67dbf5b976-29nfb for Target File=deathstar_*.output
Namespace: default, Pod: ms-24009-67dbf5b976-29nfb has the target files.
Copying deathstar_ms-24009.output to deathstar_ms-24009.output
tar: removing leading '/' from member names
Debug: Checking Namespace=default, Pod=ms-24959-99f8bbf9-nvnfh for Target File=deathstar_*.output
Namespace: default, Pod: ms-24959-99f8bbf9-nvnfh has the target files.
Copying deathstar_ms-24959.output to deathstar_ms-24959.output
tar: removing leading '/' from member names
Debug: Checking Namespace=default, Pod=ms-26622-66fdf7d64f-w5hs7 for Target File=deathstar_*.output
Namespace: default, Pod: ms-26622-66fdf7d64f-w5hs7 has the target files.
Copying deathstar_ms-26622.output to deathstar_ms-26622.output
tar: removing leading '/' from member names
Debug: Checking Namespace=default, Pod=ms-27421-64f549855c-t4cpg for Target File=deathstar_*.output
Namespace: default, Pod: ms-27421-64f549855c-t4cpg has the target files.
Copying deathstar_ms-27421.output to deathstar_ms-27421.output
tar: removing leading '/' from member names
Debug: Checking Namespace=default, Pod=ms-29373-8467f7db44-75znj for Target File=deathstar_*.output
Namespace: default, Pod: ms-29373-8467f7db44-75znj has the target files.
Copying deathstar_ms-29373.output to deathstar_ms-29373.output
tar: removing leading '/' from member names
Debug: Checking Namespace=default, Pod=ms-32301-c5654bbc5-7mt48 for Target File=deathstar_*.output
Namespace: default, Pod: ms-32301-c5654bbc5-7mt48 has the target files.
Copying deathstar_ms-32301.output to deathstar_ms-32301.output
tar: removing leading '/' from member names
Debug: Checking Namespace=default, Pod=ms-3289-587dbd96bf-dldkg for Target File=deathstar_*.output
Namespace: default, Pod: ms-3289-587dbd96bf-dldkg has the target files.
Copying deathstar_ms-3289.output to deathstar_ms-3289.output
tar: removing leading '/' from member names
Debug: Checking Namespace=default, Pod=ms-37691-6dc6cd6744-2b9tw for Target File=deathstar_*.output
Namespace: default, Pod: ms-37691-6dc6cd6744-2b9tw has the target files.
Copying deathstar_ms-37691.output to deathstar_ms-37691.output
tar: removing leading '/' from member names
Debug: Checking Namespace=default, Pod=ms-38964-5b647cdbd-zstmv for Target File=deathstar_*.output
Namespace: default, Pod: ms-38964-5b647cdbd-zstmv has the target files.
Copying deathstar_ms-38964.output to deathstar_ms-38964.output
tar: removing leading '/' from member names
Debug: Checking Namespace=default, Pod=ms-40147-cd867585-2qb96 for Target File=deathstar_*.output
Namespace: default, Pod: ms-40147-cd867585-2qb96 has the target files.
Copying deathstar_ms-40147.output to deathstar_ms-40147.output
tar: removing leading '/' from member names
Debug: Checking Namespace=default, Pod=ms-48118-ff7b99cc9-qtr9r for Target File=deathstar_*.output
Namespace: default, Pod: ms-48118-ff7b99cc9-qtr9r has the target files.
Copying deathstar_ms-48118.output to deathstar_ms-48118.output
tar: removing leading '/' from member names
Debug: Checking Namespace=default, Pod=ms-4829-669557b66c-5hkv6 for Target File=deathstar_*.output
Namespace: default, Pod: ms-4829-669557b66c-5hkv6 has the target files.
Copying deathstar_ms-4829.output to deathstar_ms-4829.output
tar: removing leading '/' from member names
Debug: Checking Namespace=default, Pod=ms-51685-79858c784f-5p9vg for Target File=deathstar_*.output
Namespace: default, Pod: ms-51685-79858c784f-5p9vg has the target files.
Copying deathstar_ms-51685.output to deathstar_ms-51685.output
tar: removing leading '/' from member names
Debug: Checking Namespace=default, Pod=ms-52379-57c6cdd54b-pw84k for Target File=deathstar_*.output
Namespace: default, Pod: ms-52379-57c6cdd54b-pw84k has the target files.
Copying deathstar_ms-52379.output to deathstar_ms-52379.output
tar: removing leading '/' from member names
Debug: Checking Namespace=default, Pod=ms-55394-6f999f5df9-ghb95 for Target File=deathstar_*.output
Namespace: default, Pod: ms-55394-6f999f5df9-ghb95 has the target files.
Copying deathstar_ms-55394.output to deathstar_ms-55394.output
tar: removing leading '/' from member names
Debug: Checking Namespace=default, Pod=ms-58436-59dd96f659-259zh for Target File=deathstar_*.output
Namespace: default, Pod: ms-58436-59dd96f659-259zh has the target files.
Copying deathstar_ms-58436.output to deathstar_ms-58436.output
tar: removing leading '/' from member names
Debug: Checking Namespace=default, Pod=ms-58772-68ff78c966-5qdfc for Target File=deathstar_*.output
Namespace: default, Pod: ms-58772-68ff78c966-5qdfc has the target files.
Copying deathstar_ms-58772.output to deathstar_ms-58772.output
tar: removing leading '/' from member names
Debug: Checking Namespace=default, Pod=ms-59962-756b895b58-4nnvm for Target File=deathstar_*.output
Namespace: default, Pod: ms-59962-756b895b58-4nnvm has the target files.
Copying deathstar_ms-59962.output to deathstar_ms-59962.output
tar: removing leading '/' from member names
Debug: Checking Namespace=default, Pod=ms-60061-68bd84bdcd-xgbcm for Target File=deathstar_*.output
Namespace: default, Pod: ms-60061-68bd84bdcd-xgbcm has the target files.
Copying deathstar_ms-60061.output to deathstar_ms-60061.output
tar: removing leading '/' from member names
Debug: Checking Namespace=default, Pod=ms-6323-974659fcd-d9tr7 for Target File=deathstar_*.output
Namespace: default, Pod: ms-6323-974659fcd-d9tr7 has the target files.
Copying deathstar_ms-6323.output to deathstar_ms-6323.output
tar: removing leading '/' from member names
Debug: Checking Namespace=default, Pod=ms-65741-65f588bcdf-mtpkh for Target File=deathstar_*.output
Namespace: default, Pod: ms-65741-65f588bcdf-mtpkh has the target files.
Copying deathstar_ms-65741.output to deathstar_ms-65741.output
tar: removing leading '/' from member names
Debug: Checking Namespace=default, Pod=ms-66473-79c66f8bff-l8gvf for Target File=deathstar_*.output
Namespace: default, Pod: ms-66473-79c66f8bff-l8gvf has the target files.
Copying deathstar_ms-66473.output to deathstar_ms-66473.output
tar: removing leading '/' from member names
Debug: Checking Namespace=default, Pod=ms-69188-65c548d4cb-bxpxr for Target File=deathstar_*.output
Namespace: default, Pod: ms-69188-65c548d4cb-bxpxr has the target files.
Copying deathstar_ms-69188.output to deathstar_ms-69188.output
tar: removing leading '/' from member names
Debug: Checking Namespace=default, Pod=ms-69614-794bd8475-blt4f for Target File=deathstar_*.output
Namespace: default, Pod: ms-69614-794bd8475-blt4f has the target files.
Copying deathstar_ms-69614.output to deathstar_ms-69614.output
tar: removing leading '/' from member names
Debug: Checking Namespace=default, Pod=ms-9081-567985788-m5zdp for Target File=deathstar_*.output
Namespace: default, Pod: ms-9081-567985788-m5zdp has the target files.
Copying deathstar_ms-9081.output to deathstar_ms-9081.output
tar: removing leading '/' from member names
Debug: Checking Namespace=default, Pod=nginx-web-server-56557f7cb7-mszj5 for Target File=deathstar_*.output
Namespace: default, Pod: nginx-web-server-56557f7cb7-mszj5 has the target files.
Copying deathstar_nginx-web-server.output to deathstar_nginx-web-server.output
tar: removing leading '/' from member names
Debug: Checking Namespace=default, Pod=unknown-6ddf9bd4b5-6nnpx for Target File=deathstar_*.output
Namespace: default, Pod: unknown-6ddf9bd4b5-6nnpx has the target files.
Copying deathstar_unknown.output to deathstar_unknown.output
tar: removing leading '/' from member names
