Deployments: ms-11070
ms-11285
ms-11512
ms-1278
ms-13873
ms-19953
ms-21883
ms-25124
ms-27421
ms-2827
ms-33719
ms-37691
ms-43309
ms-4354
ms-46825
ms-60236
ms-71771
ms-8052
ms-902
nginx-web-server
deployment "ms-11070" successfully rolled out
deployment "ms-11285" successfully rolled out
deployment "ms-11512" successfully rolled out
deployment "ms-1278" successfully rolled out
deployment "ms-13873" successfully rolled out
deployment "ms-19953" successfully rolled out
deployment "ms-21883" successfully rolled out
deployment "ms-25124" successfully rolled out
deployment "ms-27421" successfully rolled out
deployment "ms-2827" successfully rolled out
deployment "ms-33719" successfully rolled out
deployment "ms-37691" successfully rolled out
deployment "ms-43309" successfully rolled out
deployment "ms-4354" successfully rolled out
deployment "ms-46825" successfully rolled out
deployment "ms-60236" successfully rolled out
deployment "ms-71771" successfully rolled out
deployment "ms-8052" successfully rolled out
deployment "ms-902" successfully rolled out
deployment "nginx-web-server" successfully rolled out
ENTRY_POINT: nginx-web-server
SERVICE_A_URL: 10.109.83.164:50051
Capacity: 10000
Metadata: method=S_102000854
Metadata: request-id={{.RequestNumber}}
Metadata: timestamp={{.TimestampUnix}}
Charon Configurations:
[{INTERCEPT charon} {PRICE_UPDATE_RATE 12917us} {TOKEN_UPDATE_RATE 11812us} {LATENCY_THRESHOLD 3863us} {PRICE_STEP 128} {PRICE_STRATEGY proportional} {LAZY_UPDATE true} {RATE_LIMITING true} {LOAD_SHEDDING true} {CHARON_TRACK_PRICE false} {BREAKWATER_SLO 12500us} {BREAKWATER_A 0.001} {BREAKWATER_B 0.02} {BREAKWATER_CLIENT_EXPIRATION 10ms} {BREAKWATER_INITIAL_CREDIT 400} {BREAKWATER_LOAD_SHEDDING true} {BREAKWATER_RTT 1000us} {BREAKWATERD_SLO 12500us} {BREAKWATERD_A 0.001} {BREAKWATERD_B 0.02} {BREAKWATERD_CLIENT_EXPIRATION 10ms} {BREAKWATERD_INITIAL_CREDIT 400} {BREAKWATERD_LOAD_SHEDDING true} {BREAKWATERD_RTT 1000us} {DAGOR_QUEUING_THRESHOLD 2ms} {DAGOR_ALPHA 0.05} {DAGOR_BETA 0.01} {DAGOR_ADMISSION_LEVEL_UPDATE_INTERVAL 10ms} {DAGOR_UMAX 20}]

Summary:
  Count:	75967
  Total:	14.77 s
  Slowest:	773.46 ms
  Fastest:	38.78 ms
  Average:	62.70 ms
  Requests/sec:	5144.25

Response time histogram:
  38.783  [1]     |
  112.250 [65977] |∎∎∎∎∎∎∎∎∎∎∎∎∎∎∎∎∎∎∎∎∎∎∎∎∎∎∎∎∎∎∎∎∎∎∎∎∎∎∎∎
  185.718 [1353]  |∎
  259.185 [1232]  |∎
  332.652 [1344]  |∎
  406.120 [806]   |
  479.587 [101]   |
  553.054 [5]     |
  626.522 [0]     |
  699.989 [0]     |
  773.456 [2]     |

Latency distribution:
  10 % in 41.05 ms 
  25 % in 44.14 ms 
  50 % in 51.26 ms 
  75 % in 61.04 ms 
  90 % in 79.25 ms 
  95 % in 182.42 ms 
  99 % in 345.97 ms 

Status code distribution:
  [ResourceExhausted]   5035 responses    
  [OK]                  70821 responses   
  [Canceled]            111 responses     

Error distribution:
  [188]    rpc error: code = ResourceExhausted desc = S_102000854 req dropped by ms-60236. Try again later.           
  [357]    rpc error: code = ResourceExhausted desc = S_102000854 req dropped by ms-25124. Try again later.           
  [3960]   rpc error: code = ResourceExhausted desc = S_102000854 req dropped by nginx-web-server. Try again later.   
  [111]    rpc error: code = Canceled desc = grpc: the client connection is closing                                   
  [530]    rpc error: code = ResourceExhausted desc = S_102000854 req dropped by ms-13873. Try again later.           

Debug: Checking Namespace=default, Pod=ms-11070-7868c54f44-2zh4b for Target File=deathstar_*.output
Namespace: default, Pod: ms-11070-7868c54f44-2zh4b has the target files.
Copying deathstar_ms-11070.output to deathstar_ms-11070.output
tar: removing leading '/' from member names
Debug: Checking Namespace=default, Pod=ms-11285-67d597dc77-wmwnt for Target File=deathstar_*.output
Namespace: default, Pod: ms-11285-67d597dc77-wmwnt has the target files.
Copying deathstar_ms-11285.output to deathstar_ms-11285.output
tar: removing leading '/' from member names
Debug: Checking Namespace=default, Pod=ms-11512-75f8ddc45b-m7n89 for Target File=deathstar_*.output
Namespace: default, Pod: ms-11512-75f8ddc45b-m7n89 has the target files.
Copying deathstar_ms-11512.output to deathstar_ms-11512.output
tar: removing leading '/' from member names
Debug: Checking Namespace=default, Pod=ms-1278-85766ff6b8-7hprb for Target File=deathstar_*.output
Namespace: default, Pod: ms-1278-85766ff6b8-7hprb has the target files.
Copying deathstar_ms-1278.output to deathstar_ms-1278.output
tar: removing leading '/' from member names
Debug: Checking Namespace=default, Pod=ms-13873-85d7bb7b97-74w2k for Target File=deathstar_*.output
Namespace: default, Pod: ms-13873-85d7bb7b97-74w2k has the target files.
Copying deathstar_ms-13873.output to deathstar_ms-13873.output
tar: removing leading '/' from member names
Debug: Checking Namespace=default, Pod=ms-19953-68cc8998c5-mvfgn for Target File=deathstar_*.output
Namespace: default, Pod: ms-19953-68cc8998c5-mvfgn has the target files.
Copying deathstar_ms-19953.output to deathstar_ms-19953.output
tar: removing leading '/' from member names
Debug: Checking Namespace=default, Pod=ms-21883-f6c88c6d4-v46l2 for Target File=deathstar_*.output
Namespace: default, Pod: ms-21883-f6c88c6d4-v46l2 has the target files.
Copying deathstar_ms-21883.output to deathstar_ms-21883.output
tar: removing leading '/' from member names
Debug: Checking Namespace=default, Pod=ms-25124-77bd4446f5-x66t8 for Target File=deathstar_*.output
Namespace: default, Pod: ms-25124-77bd4446f5-x66t8 has the target files.
Copying deathstar_ms-25124.output to deathstar_ms-25124.output
tar: removing leading '/' from member names
Debug: Checking Namespace=default, Pod=ms-27421-8565974486-5296r for Target File=deathstar_*.output
Namespace: default, Pod: ms-27421-8565974486-5296r has the target files.
Copying deathstar_ms-27421.output to deathstar_ms-27421.output
tar: removing leading '/' from member names
Debug: Checking Namespace=default, Pod=ms-2827-5dcc6df4f4-bmhl6 for Target File=deathstar_*.output
Namespace: default, Pod: ms-2827-5dcc6df4f4-bmhl6 has the target files.
Copying deathstar_ms-2827.output to deathstar_ms-2827.output
tar: removing leading '/' from member names
Debug: Checking Namespace=default, Pod=ms-33719-6c455cf54c-lxg89 for Target File=deathstar_*.output
Namespace: default, Pod: ms-33719-6c455cf54c-lxg89 has the target files.
Copying deathstar_ms-33719.output to deathstar_ms-33719.output
tar: removing leading '/' from member names
Debug: Checking Namespace=default, Pod=ms-37691-b9bc44798-js94v for Target File=deathstar_*.output
Namespace: default, Pod: ms-37691-b9bc44798-js94v has the target files.
Copying deathstar_ms-37691.output to deathstar_ms-37691.output
tar: removing leading '/' from member names
Debug: Checking Namespace=default, Pod=ms-43309-54f758d465-rzlzb for Target File=deathstar_*.output
Namespace: default, Pod: ms-43309-54f758d465-rzlzb has the target files.
Copying deathstar_ms-43309.output to deathstar_ms-43309.output
tar: removing leading '/' from member names
Debug: Checking Namespace=default, Pod=ms-4354-669cfcbdf6-vx8rj for Target File=deathstar_*.output
Namespace: default, Pod: ms-4354-669cfcbdf6-vx8rj has the target files.
Copying deathstar_ms-4354.output to deathstar_ms-4354.output
tar: removing leading '/' from member names
Debug: Checking Namespace=default, Pod=ms-46825-58c684559d-qhrgd for Target File=deathstar_*.output
Namespace: default, Pod: ms-46825-58c684559d-qhrgd has the target files.
Copying deathstar_ms-46825.output to deathstar_ms-46825.output
tar: removing leading '/' from member names
Debug: Checking Namespace=default, Pod=ms-60236-64866cf49-nz6rp for Target File=deathstar_*.output
Namespace: default, Pod: ms-60236-64866cf49-nz6rp has the target files.
Copying deathstar_ms-60236.output to deathstar_ms-60236.output
tar: removing leading '/' from member names
Debug: Checking Namespace=default, Pod=ms-71771-567ddbdd95-gjxqg for Target File=deathstar_*.output
Namespace: default, Pod: ms-71771-567ddbdd95-gjxqg has the target files.
Copying deathstar_ms-71771.output to deathstar_ms-71771.output
tar: removing leading '/' from member names
Debug: Checking Namespace=default, Pod=ms-8052-b995968dc-6b6r6 for Target File=deathstar_*.output
Namespace: default, Pod: ms-8052-b995968dc-6b6r6 has the target files.
Copying deathstar_ms-8052.output to deathstar_ms-8052.output
tar: removing leading '/' from member names
Debug: Checking Namespace=default, Pod=ms-902-5744544f85-6lbmv for Target File=deathstar_*.output
Namespace: default, Pod: ms-902-5744544f85-6lbmv has the target files.
Copying deathstar_ms-902.output to deathstar_ms-902.output
tar: removing leading '/' from member names
Debug: Checking Namespace=default, Pod=nginx-web-server-56557f7cb7-vlrgw for Target File=deathstar_*.output
Namespace: default, Pod: nginx-web-server-56557f7cb7-vlrgw has the target files.
Copying deathstar_nginx-web-server.output to deathstar_nginx-web-server.output
tar: removing leading '/' from member names
