Deployments: ms-10090
ms-13558
ms-18330
ms-19585
ms-20172
ms-22893
ms-24009
ms-24959
ms-26622
ms-27421
ms-29373
ms-32301
ms-3289
ms-37691
ms-38964
ms-40147
ms-48118
ms-4829
ms-51685
ms-52379
ms-55394
ms-58436
ms-58772
ms-59962
ms-60061
ms-6323
ms-65741
ms-66473
ms-69188
ms-69614
ms-9081
nginx-web-server
unknown
deployment "ms-10090" successfully rolled out
deployment "ms-13558" successfully rolled out
deployment "ms-18330" successfully rolled out
deployment "ms-19585" successfully rolled out
deployment "ms-20172" successfully rolled out
deployment "ms-22893" successfully rolled out
deployment "ms-24009" successfully rolled out
deployment "ms-24959" successfully rolled out
deployment "ms-26622" successfully rolled out
deployment "ms-27421" successfully rolled out
deployment "ms-29373" successfully rolled out
deployment "ms-32301" successfully rolled out
deployment "ms-3289" successfully rolled out
deployment "ms-37691" successfully rolled out
deployment "ms-38964" successfully rolled out
deployment "ms-40147" successfully rolled out
deployment "ms-48118" successfully rolled out
deployment "ms-4829" successfully rolled out
deployment "ms-51685" successfully rolled out
deployment "ms-52379" successfully rolled out
deployment "ms-55394" successfully rolled out
deployment "ms-58436" successfully rolled out
deployment "ms-58772" successfully rolled out
deployment "ms-59962" successfully rolled out
deployment "ms-60061" successfully rolled out
deployment "ms-6323" successfully rolled out
deployment "ms-65741" successfully rolled out
deployment "ms-66473" successfully rolled out
deployment "ms-69188" successfully rolled out
deployment "ms-69614" successfully rolled out
deployment "ms-9081" successfully rolled out
deployment "nginx-web-server" successfully rolled out
deployment "unknown" successfully rolled out
ENTRY_POINT: nginx-web-server
SERVICE_A_URL: 10.106.82.108:50051
Capacity: 10000
Metadata: request-id={{.RequestNumber}}
Metadata: timestamp={{.TimestampUnix}}
Metadata: method=S_149998854
Charon Configurations:
[{INTERCEPT breakwater} {PRICE_UPDATE_RATE 10ms} {TOKEN_UPDATE_RATE 10ms} {LATENCY_THRESHOLD 100us} {PRICE_STEP 0} {PRICE_STRATEGY step} {LAZY_UPDATE false} {RATE_LIMITING true} {LOAD_SHEDDING true} {CHARON_TRACK_PRICE false} {BREAKWATER_SLO 17575us} {BREAKWATER_A 17.527783045920767} {BREAKWATER_B 1.7892133270076946} {BREAKWATER_CLIENT_EXPIRATION 425us} {BREAKWATER_INITIAL_CREDIT 79} {BREAKWATER_LOAD_SHEDDING true} {BREAKWATER_RTT 3396us} {BREAKWATERD_SLO 12500us} {BREAKWATERD_A 0.001} {BREAKWATERD_B 0.02} {BREAKWATERD_CLIENT_EXPIRATION 10ms} {BREAKWATERD_INITIAL_CREDIT 400} {BREAKWATERD_LOAD_SHEDDING true} {BREAKWATERD_RTT 1000us} {DAGOR_QUEUING_THRESHOLD 2ms} {DAGOR_ALPHA 0.05} {DAGOR_BETA 0.01} {DAGOR_ADMISSION_LEVEL_UPDATE_INTERVAL 10ms} {DAGOR_UMAX 20}]

Summary:
  Count:	108270
  Total:	24.82 s
  Slowest:	1.04 s
  Fastest:	110.82 ms
  Average:	722.81 ms
  Requests/sec:	4361.38

Response time histogram:
  110.817  [1]     |
  203.419  [11613] |∎∎∎∎∎∎∎∎∎∎∎∎∎∎∎∎∎∎∎∎∎∎∎∎∎∎∎∎∎∎∎∎∎∎∎∎∎∎∎∎
  296.022  [237]   |∎
  388.624  [238]   |∎
  481.227  [237]   |∎
  573.829  [502]   |∎∎
  666.432  [230]   |∎
  759.035  [320]   |∎
  851.637  [487]   |∎∎
  944.240  [816]   |∎∎∎
  1036.842 [164]   |∎

Latency distribution:
  10 % in 112.16 ms 
  25 % in 113.04 ms 
  50 % in 115.09 ms 
  75 % in 127.56 ms 
  90 % in 750.12 ms 
  95 % in 874.96 ms 
  99 % in 948.46 ms 

Status code distribution:
  [OK]                  14845 responses   
  [ResourceExhausted]   16229 responses   
  [DeadlineExceeded]    68282 responses   
  [Canceled]            8914 responses    

Error distribution:
  [16229]   rpc error: code = ResourceExhausted desc = Server-side queuing delay is beyond AQM threshold   
  [68282]   rpc error: code = DeadlineExceeded desc = context deadline exceeded                            
  [8914]    rpc error: code = Canceled desc = grpc: the client connection is closing                       

Debug: Checking Namespace=default, Pod=ms-10090-6454f977fd-xrpkx for Target File=deathstar_*.output
Namespace: default, Pod: ms-10090-6454f977fd-xrpkx has the target files.
Copying deathstar_ms-10090.output to deathstar_ms-10090.output
tar: removing leading '/' from member names
Debug: Checking Namespace=default, Pod=ms-13558-b48bb5d9d-jgcbd for Target File=deathstar_*.output
Namespace: default, Pod: ms-13558-b48bb5d9d-jgcbd has the target files.
Copying deathstar_ms-13558.output to deathstar_ms-13558.output
tar: removing leading '/' from member names
Debug: Checking Namespace=default, Pod=ms-18330-759d9cf49c-dmc4r for Target File=deathstar_*.output
Namespace: default, Pod: ms-18330-759d9cf49c-dmc4r has the target files.
Copying deathstar_ms-18330.output to deathstar_ms-18330.output
tar: removing leading '/' from member names
Debug: Checking Namespace=default, Pod=ms-19585-6f995cfcbf-mz58q for Target File=deathstar_*.output
Namespace: default, Pod: ms-19585-6f995cfcbf-mz58q has the target files.
Copying deathstar_ms-19585.output to deathstar_ms-19585.output
tar: removing leading '/' from member names
Debug: Checking Namespace=default, Pod=ms-20172-59d5485464-56wdr for Target File=deathstar_*.output
Namespace: default, Pod: ms-20172-59d5485464-56wdr has the target files.
Copying deathstar_ms-20172.output to deathstar_ms-20172.output
tar: removing leading '/' from member names
Debug: Checking Namespace=default, Pod=ms-22893-576fd5f9f6-xhrst for Target File=deathstar_*.output
Namespace: default, Pod: ms-22893-576fd5f9f6-xhrst has the target files.
Copying deathstar_ms-22893.output to deathstar_ms-22893.output
tar: removing leading '/' from member names
Debug: Checking Namespace=default, Pod=ms-24009-67dbf5b976-q5tpn for Target File=deathstar_*.output
Namespace: default, Pod: ms-24009-67dbf5b976-q5tpn has the target files.
Copying deathstar_ms-24009.output to deathstar_ms-24009.output
tar: removing leading '/' from member names
Debug: Checking Namespace=default, Pod=ms-24959-99f8bbf9-v85vx for Target File=deathstar_*.output
Namespace: default, Pod: ms-24959-99f8bbf9-v85vx has the target files.
Copying deathstar_ms-24959.output to deathstar_ms-24959.output
tar: removing leading '/' from member names
Debug: Checking Namespace=default, Pod=ms-26622-66fdf7d64f-8jwjq for Target File=deathstar_*.output
Namespace: default, Pod: ms-26622-66fdf7d64f-8jwjq has the target files.
Copying deathstar_ms-26622.output to deathstar_ms-26622.output
tar: removing leading '/' from member names
Debug: Checking Namespace=default, Pod=ms-27421-64f549855c-4kzw7 for Target File=deathstar_*.output
Namespace: default, Pod: ms-27421-64f549855c-4kzw7 has the target files.
Copying deathstar_ms-27421.output to deathstar_ms-27421.output
tar: removing leading '/' from member names
Debug: Checking Namespace=default, Pod=ms-29373-8467f7db44-ljg67 for Target File=deathstar_*.output
Namespace: default, Pod: ms-29373-8467f7db44-ljg67 has the target files.
Copying deathstar_ms-29373.output to deathstar_ms-29373.output
tar: removing leading '/' from member names
Debug: Checking Namespace=default, Pod=ms-32301-c5654bbc5-ztj87 for Target File=deathstar_*.output
Namespace: default, Pod: ms-32301-c5654bbc5-ztj87 has the target files.
Copying deathstar_ms-32301.output to deathstar_ms-32301.output
tar: removing leading '/' from member names
Debug: Checking Namespace=default, Pod=ms-3289-587dbd96bf-2z8bv for Target File=deathstar_*.output
Namespace: default, Pod: ms-3289-587dbd96bf-2z8bv has the target files.
Copying deathstar_ms-3289.output to deathstar_ms-3289.output
tar: removing leading '/' from member names
Debug: Checking Namespace=default, Pod=ms-37691-6dc6cd6744-68998 for Target File=deathstar_*.output
Namespace: default, Pod: ms-37691-6dc6cd6744-68998 has the target files.
Copying deathstar_ms-37691.output to deathstar_ms-37691.output
tar: removing leading '/' from member names
Debug: Checking Namespace=default, Pod=ms-38964-5b647cdbd-gj4q4 for Target File=deathstar_*.output
Namespace: default, Pod: ms-38964-5b647cdbd-gj4q4 has the target files.
Copying deathstar_ms-38964.output to deathstar_ms-38964.output
tar: removing leading '/' from member names
Debug: Checking Namespace=default, Pod=ms-40147-cd867585-bw76s for Target File=deathstar_*.output
Namespace: default, Pod: ms-40147-cd867585-bw76s has the target files.
Copying deathstar_ms-40147.output to deathstar_ms-40147.output
tar: removing leading '/' from member names
Debug: Checking Namespace=default, Pod=ms-48118-ff7b99cc9-bpsgq for Target File=deathstar_*.output
Namespace: default, Pod: ms-48118-ff7b99cc9-bpsgq has the target files.
Copying deathstar_ms-48118.output to deathstar_ms-48118.output
tar: removing leading '/' from member names
Debug: Checking Namespace=default, Pod=ms-4829-669557b66c-rdmf9 for Target File=deathstar_*.output
Namespace: default, Pod: ms-4829-669557b66c-rdmf9 has the target files.
Copying deathstar_ms-4829.output to deathstar_ms-4829.output
tar: removing leading '/' from member names
Debug: Checking Namespace=default, Pod=ms-51685-79858c784f-gxnzk for Target File=deathstar_*.output
Namespace: default, Pod: ms-51685-79858c784f-gxnzk has the target files.
Copying deathstar_ms-51685.output to deathstar_ms-51685.output
tar: removing leading '/' from member names
Debug: Checking Namespace=default, Pod=ms-52379-57c6cdd54b-dn92v for Target File=deathstar_*.output
Namespace: default, Pod: ms-52379-57c6cdd54b-dn92v has the target files.
Copying deathstar_ms-52379.output to deathstar_ms-52379.output
tar: removing leading '/' from member names
Debug: Checking Namespace=default, Pod=ms-55394-6f999f5df9-9sd5m for Target File=deathstar_*.output
Namespace: default, Pod: ms-55394-6f999f5df9-9sd5m has the target files.
Copying deathstar_ms-55394.output to deathstar_ms-55394.output
tar: removing leading '/' from member names
Debug: Checking Namespace=default, Pod=ms-58436-59dd96f659-5mvsz for Target File=deathstar_*.output
Namespace: default, Pod: ms-58436-59dd96f659-5mvsz has the target files.
Copying deathstar_ms-58436.output to deathstar_ms-58436.output
tar: removing leading '/' from member names
Debug: Checking Namespace=default, Pod=ms-58772-68ff78c966-bl25l for Target File=deathstar_*.output
Namespace: default, Pod: ms-58772-68ff78c966-bl25l has the target files.
Copying deathstar_ms-58772.output to deathstar_ms-58772.output
tar: removing leading '/' from member names
Debug: Checking Namespace=default, Pod=ms-59962-756b895b58-ch4wm for Target File=deathstar_*.output
Namespace: default, Pod: ms-59962-756b895b58-ch4wm has the target files.
Copying deathstar_ms-59962.output to deathstar_ms-59962.output
tar: removing leading '/' from member names
Debug: Checking Namespace=default, Pod=ms-60061-68bd84bdcd-dcwtg for Target File=deathstar_*.output
Namespace: default, Pod: ms-60061-68bd84bdcd-dcwtg has the target files.
Copying deathstar_ms-60061.output to deathstar_ms-60061.output
tar: removing leading '/' from member names
Debug: Checking Namespace=default, Pod=ms-6323-974659fcd-fscbx for Target File=deathstar_*.output
Namespace: default, Pod: ms-6323-974659fcd-fscbx has the target files.
Copying deathstar_ms-6323.output to deathstar_ms-6323.output
tar: removing leading '/' from member names
Debug: Checking Namespace=default, Pod=ms-65741-65f588bcdf-t74mk for Target File=deathstar_*.output
Namespace: default, Pod: ms-65741-65f588bcdf-t74mk has the target files.
Copying deathstar_ms-65741.output to deathstar_ms-65741.output
tar: removing leading '/' from member names
Debug: Checking Namespace=default, Pod=ms-66473-79c66f8bff-jq7kf for Target File=deathstar_*.output
Namespace: default, Pod: ms-66473-79c66f8bff-jq7kf has the target files.
Copying deathstar_ms-66473.output to deathstar_ms-66473.output
tar: removing leading '/' from member names
Debug: Checking Namespace=default, Pod=ms-69188-65c548d4cb-6492f for Target File=deathstar_*.output
Namespace: default, Pod: ms-69188-65c548d4cb-6492f has the target files.
Copying deathstar_ms-69188.output to deathstar_ms-69188.output
tar: removing leading '/' from member names
Debug: Checking Namespace=default, Pod=ms-69614-794bd8475-jh2w7 for Target File=deathstar_*.output
Namespace: default, Pod: ms-69614-794bd8475-jh2w7 has the target files.
Copying deathstar_ms-69614.output to deathstar_ms-69614.output
tar: removing leading '/' from member names
Debug: Checking Namespace=default, Pod=ms-9081-567985788-2wz2k for Target File=deathstar_*.output
Namespace: default, Pod: ms-9081-567985788-2wz2k has the target files.
Copying deathstar_ms-9081.output to deathstar_ms-9081.output
tar: removing leading '/' from member names
Debug: Checking Namespace=default, Pod=nginx-web-server-56557f7cb7-7hc9g for Target File=deathstar_*.output
Namespace: default, Pod: nginx-web-server-56557f7cb7-7hc9g has the target files.
Copying deathstar_nginx-web-server.output to deathstar_nginx-web-server.output
tar: removing leading '/' from member names
Debug: Checking Namespace=default, Pod=unknown-6ddf9bd4b5-d8bx9 for Target File=deathstar_*.output
Namespace: default, Pod: unknown-6ddf9bd4b5-d8bx9 has the target files.
Copying deathstar_unknown.output to deathstar_unknown.output
tar: removing leading '/' from member names
