Deployments: ms-10090
ms-13558
ms-18330
ms-19585
ms-20172
ms-22893
ms-24009
ms-24959
ms-26622
ms-27421
ms-29373
ms-32301
ms-3289
ms-37691
ms-38964
ms-40147
ms-48118
ms-4829
ms-51685
ms-52379
ms-55394
ms-58436
ms-58772
ms-59962
ms-60061
ms-6323
ms-65741
ms-66473
ms-69188
ms-69614
ms-9081
nginx-web-server
unknown
deployment "ms-10090" successfully rolled out
deployment "ms-13558" successfully rolled out
deployment "ms-18330" successfully rolled out
deployment "ms-19585" successfully rolled out
deployment "ms-20172" successfully rolled out
deployment "ms-22893" successfully rolled out
deployment "ms-24009" successfully rolled out
deployment "ms-24959" successfully rolled out
deployment "ms-26622" successfully rolled out
deployment "ms-27421" successfully rolled out
deployment "ms-29373" successfully rolled out
deployment "ms-32301" successfully rolled out
deployment "ms-3289" successfully rolled out
deployment "ms-37691" successfully rolled out
deployment "ms-38964" successfully rolled out
deployment "ms-40147" successfully rolled out
deployment "ms-48118" successfully rolled out
deployment "ms-4829" successfully rolled out
deployment "ms-51685" successfully rolled out
deployment "ms-52379" successfully rolled out
deployment "ms-55394" successfully rolled out
deployment "ms-58436" successfully rolled out
deployment "ms-58772" successfully rolled out
deployment "ms-59962" successfully rolled out
deployment "ms-60061" successfully rolled out
deployment "ms-6323" successfully rolled out
deployment "ms-65741" successfully rolled out
deployment "ms-66473" successfully rolled out
deployment "ms-69188" successfully rolled out
deployment "ms-69614" successfully rolled out
deployment "ms-9081" successfully rolled out
deployment "nginx-web-server" successfully rolled out
deployment "unknown" successfully rolled out
ENTRY_POINT: nginx-web-server
SERVICE_A_URL: 10.105.70.217:50051
Capacity: 10000
Metadata: request-id={{.RequestNumber}}
Metadata: timestamp={{.TimestampUnix}}
Metadata: method=S_149998854
Charon Configurations:
[{INTERCEPT breakwater} {PRICE_UPDATE_RATE 10ms} {TOKEN_UPDATE_RATE 10ms} {LATENCY_THRESHOLD 100us} {PRICE_STEP 0} {PRICE_STRATEGY step} {LAZY_UPDATE false} {RATE_LIMITING true} {LOAD_SHEDDING true} {CHARON_TRACK_PRICE false} {BREAKWATER_SLO 2436us} {BREAKWATER_A 14.257102937111096} {BREAKWATER_B 2.0} {BREAKWATER_CLIENT_EXPIRATION 0us} {BREAKWATER_INITIAL_CREDIT 1965} {BREAKWATER_LOAD_SHEDDING true} {BREAKWATER_RTT 20000us} {BREAKWATERD_SLO 12500us} {BREAKWATERD_A 0.001} {BREAKWATERD_B 0.02} {BREAKWATERD_CLIENT_EXPIRATION 10ms} {BREAKWATERD_INITIAL_CREDIT 400} {BREAKWATERD_LOAD_SHEDDING true} {BREAKWATERD_RTT 1000us} {DAGOR_QUEUING_THRESHOLD 2ms} {DAGOR_ALPHA 0.05} {DAGOR_BETA 0.01} {DAGOR_ADMISSION_LEVEL_UPDATE_INTERVAL 10ms} {DAGOR_UMAX 20}]

Summary:
  Count:	58105
  Total:	25.00 s
  Slowest:	821.58 ms
  Fastest:	112.16 ms
  Average:	113.57 ms
  Requests/sec:	2324.34

Response time histogram:
  112.157 [1]     |
  183.099 [33408] |∎∎∎∎∎∎∎∎∎∎∎∎∎∎∎∎∎∎∎∎∎∎∎∎∎∎∎∎∎∎∎∎∎∎∎∎∎∎∎∎
  254.042 [6865]  |∎∎∎∎∎∎∎∎
  324.984 [648]   |∎
  395.927 [85]    |
  466.870 [5]     |
  537.812 [0]     |
  608.755 [0]     |
  679.698 [0]     |
  750.640 [1]     |
  821.583 [14]    |

Latency distribution:
  10 % in 122.99 ms 
  25 % in 137.36 ms 
  50 % in 152.74 ms 
  75 % in 174.15 ms 
  90 % in 201.52 ms 
  95 % in 220.58 ms 
  99 % in 272.94 ms 

Status code distribution:
  [OK]                  41027 responses   
  [ResourceExhausted]   16730 responses   
  [Canceled]            348 responses     

Error distribution:
  [16730]   rpc error: code = ResourceExhausted desc = Server-side queuing delay is beyond AQM threshold   
  [348]     rpc error: code = Canceled desc = grpc: the client connection is closing                       

Debug: Checking Namespace=default, Pod=ms-10090-6454f977fd-npb8r for Target File=deathstar_*.output
Namespace: default, Pod: ms-10090-6454f977fd-npb8r has the target files.
Copying deathstar_ms-10090.output to deathstar_ms-10090.output
tar: removing leading '/' from member names
Debug: Checking Namespace=default, Pod=ms-13558-b48bb5d9d-mp7f6 for Target File=deathstar_*.output
Namespace: default, Pod: ms-13558-b48bb5d9d-mp7f6 has the target files.
Copying deathstar_ms-13558.output to deathstar_ms-13558.output
tar: removing leading '/' from member names
Debug: Checking Namespace=default, Pod=ms-18330-759d9cf49c-c95sr for Target File=deathstar_*.output
Namespace: default, Pod: ms-18330-759d9cf49c-c95sr has the target files.
Copying deathstar_ms-18330.output to deathstar_ms-18330.output
tar: removing leading '/' from member names
Debug: Checking Namespace=default, Pod=ms-19585-6f995cfcbf-4fcg2 for Target File=deathstar_*.output
Namespace: default, Pod: ms-19585-6f995cfcbf-4fcg2 has the target files.
Copying deathstar_ms-19585.output to deathstar_ms-19585.output
tar: removing leading '/' from member names
Debug: Checking Namespace=default, Pod=ms-20172-59d5485464-ktc7b for Target File=deathstar_*.output
Namespace: default, Pod: ms-20172-59d5485464-ktc7b has the target files.
Copying deathstar_ms-20172.output to deathstar_ms-20172.output
tar: removing leading '/' from member names
Debug: Checking Namespace=default, Pod=ms-22893-576fd5f9f6-8rxgb for Target File=deathstar_*.output
Namespace: default, Pod: ms-22893-576fd5f9f6-8rxgb has the target files.
Copying deathstar_ms-22893.output to deathstar_ms-22893.output
tar: removing leading '/' from member names
Debug: Checking Namespace=default, Pod=ms-24009-67dbf5b976-99gn8 for Target File=deathstar_*.output
Namespace: default, Pod: ms-24009-67dbf5b976-99gn8 has the target files.
Copying deathstar_ms-24009.output to deathstar_ms-24009.output
tar: removing leading '/' from member names
Debug: Checking Namespace=default, Pod=ms-24959-99f8bbf9-4nlqn for Target File=deathstar_*.output
Namespace: default, Pod: ms-24959-99f8bbf9-4nlqn has the target files.
Copying deathstar_ms-24959.output to deathstar_ms-24959.output
tar: removing leading '/' from member names
Debug: Checking Namespace=default, Pod=ms-26622-66fdf7d64f-7g542 for Target File=deathstar_*.output
Namespace: default, Pod: ms-26622-66fdf7d64f-7g542 has the target files.
Copying deathstar_ms-26622.output to deathstar_ms-26622.output
tar: removing leading '/' from member names
Debug: Checking Namespace=default, Pod=ms-27421-64f549855c-jtldj for Target File=deathstar_*.output
Namespace: default, Pod: ms-27421-64f549855c-jtldj has the target files.
Copying deathstar_ms-27421.output to deathstar_ms-27421.output
tar: removing leading '/' from member names
Debug: Checking Namespace=default, Pod=ms-29373-8467f7db44-wg9vc for Target File=deathstar_*.output
Namespace: default, Pod: ms-29373-8467f7db44-wg9vc has the target files.
Copying deathstar_ms-29373.output to deathstar_ms-29373.output
tar: removing leading '/' from member names
Debug: Checking Namespace=default, Pod=ms-32301-c5654bbc5-hmvbv for Target File=deathstar_*.output
Namespace: default, Pod: ms-32301-c5654bbc5-hmvbv has the target files.
Copying deathstar_ms-32301.output to deathstar_ms-32301.output
tar: removing leading '/' from member names
Debug: Checking Namespace=default, Pod=ms-3289-587dbd96bf-vrk4l for Target File=deathstar_*.output
Namespace: default, Pod: ms-3289-587dbd96bf-vrk4l has the target files.
Copying deathstar_ms-3289.output to deathstar_ms-3289.output
tar: removing leading '/' from member names
Debug: Checking Namespace=default, Pod=ms-37691-6dc6cd6744-lmd8f for Target File=deathstar_*.output
Namespace: default, Pod: ms-37691-6dc6cd6744-lmd8f has the target files.
Copying deathstar_ms-37691.output to deathstar_ms-37691.output
tar: removing leading '/' from member names
Debug: Checking Namespace=default, Pod=ms-38964-5b647cdbd-9pmt5 for Target File=deathstar_*.output
Namespace: default, Pod: ms-38964-5b647cdbd-9pmt5 has the target files.
Copying deathstar_ms-38964.output to deathstar_ms-38964.output
tar: removing leading '/' from member names
Debug: Checking Namespace=default, Pod=ms-40147-cd867585-dk28q for Target File=deathstar_*.output
Namespace: default, Pod: ms-40147-cd867585-dk28q has the target files.
Copying deathstar_ms-40147.output to deathstar_ms-40147.output
tar: removing leading '/' from member names
Debug: Checking Namespace=default, Pod=ms-48118-ff7b99cc9-jjvjh for Target File=deathstar_*.output
Namespace: default, Pod: ms-48118-ff7b99cc9-jjvjh has the target files.
Copying deathstar_ms-48118.output to deathstar_ms-48118.output
tar: removing leading '/' from member names
Debug: Checking Namespace=default, Pod=ms-4829-669557b66c-kh9q5 for Target File=deathstar_*.output
Namespace: default, Pod: ms-4829-669557b66c-kh9q5 has the target files.
Copying deathstar_ms-4829.output to deathstar_ms-4829.output
tar: removing leading '/' from member names
Debug: Checking Namespace=default, Pod=ms-51685-79858c784f-ddpgw for Target File=deathstar_*.output
Namespace: default, Pod: ms-51685-79858c784f-ddpgw has the target files.
Copying deathstar_ms-51685.output to deathstar_ms-51685.output
tar: removing leading '/' from member names
Debug: Checking Namespace=default, Pod=ms-52379-57c6cdd54b-j5b9p for Target File=deathstar_*.output
Namespace: default, Pod: ms-52379-57c6cdd54b-j5b9p has the target files.
Copying deathstar_ms-52379.output to deathstar_ms-52379.output
tar: removing leading '/' from member names
Debug: Checking Namespace=default, Pod=ms-55394-6f999f5df9-zwswl for Target File=deathstar_*.output
Namespace: default, Pod: ms-55394-6f999f5df9-zwswl has the target files.
Copying deathstar_ms-55394.output to deathstar_ms-55394.output
tar: removing leading '/' from member names
Debug: Checking Namespace=default, Pod=ms-58436-59dd96f659-qsxtp for Target File=deathstar_*.output
Namespace: default, Pod: ms-58436-59dd96f659-qsxtp has the target files.
Copying deathstar_ms-58436.output to deathstar_ms-58436.output
tar: removing leading '/' from member names
Debug: Checking Namespace=default, Pod=ms-58772-68ff78c966-fmpj6 for Target File=deathstar_*.output
Namespace: default, Pod: ms-58772-68ff78c966-fmpj6 has the target files.
Copying deathstar_ms-58772.output to deathstar_ms-58772.output
tar: removing leading '/' from member names
Debug: Checking Namespace=default, Pod=ms-59962-756b895b58-t74z6 for Target File=deathstar_*.output
Namespace: default, Pod: ms-59962-756b895b58-t74z6 has the target files.
Copying deathstar_ms-59962.output to deathstar_ms-59962.output
tar: removing leading '/' from member names
Debug: Checking Namespace=default, Pod=ms-60061-68bd84bdcd-txjf9 for Target File=deathstar_*.output
Namespace: default, Pod: ms-60061-68bd84bdcd-txjf9 has the target files.
Copying deathstar_ms-60061.output to deathstar_ms-60061.output
tar: removing leading '/' from member names
Debug: Checking Namespace=default, Pod=ms-6323-974659fcd-sdbjd for Target File=deathstar_*.output
Namespace: default, Pod: ms-6323-974659fcd-sdbjd has the target files.
Copying deathstar_ms-6323.output to deathstar_ms-6323.output
tar: removing leading '/' from member names
Debug: Checking Namespace=default, Pod=ms-65741-65f588bcdf-45fl5 for Target File=deathstar_*.output
Namespace: default, Pod: ms-65741-65f588bcdf-45fl5 has the target files.
Copying deathstar_ms-65741.output to deathstar_ms-65741.output
tar: removing leading '/' from member names
Debug: Checking Namespace=default, Pod=ms-66473-79c66f8bff-425tm for Target File=deathstar_*.output
Namespace: default, Pod: ms-66473-79c66f8bff-425tm has the target files.
Copying deathstar_ms-66473.output to deathstar_ms-66473.output
tar: removing leading '/' from member names
Debug: Checking Namespace=default, Pod=ms-69188-65c548d4cb-lfctv for Target File=deathstar_*.output
Namespace: default, Pod: ms-69188-65c548d4cb-lfctv has the target files.
Copying deathstar_ms-69188.output to deathstar_ms-69188.output
tar: removing leading '/' from member names
Debug: Checking Namespace=default, Pod=ms-69614-794bd8475-7p4fc for Target File=deathstar_*.output
Namespace: default, Pod: ms-69614-794bd8475-7p4fc has the target files.
Copying deathstar_ms-69614.output to deathstar_ms-69614.output
tar: removing leading '/' from member names
Debug: Checking Namespace=default, Pod=ms-9081-567985788-f99mt for Target File=deathstar_*.output
Namespace: default, Pod: ms-9081-567985788-f99mt has the target files.
Copying deathstar_ms-9081.output to deathstar_ms-9081.output
tar: removing leading '/' from member names
Debug: Checking Namespace=default, Pod=nginx-web-server-56557f7cb7-j56hv for Target File=deathstar_*.output
Namespace: default, Pod: nginx-web-server-56557f7cb7-j56hv has the target files.
Copying deathstar_nginx-web-server.output to deathstar_nginx-web-server.output
tar: removing leading '/' from member names
Debug: Checking Namespace=default, Pod=unknown-6ddf9bd4b5-mls4m for Target File=deathstar_*.output
Namespace: default, Pod: unknown-6ddf9bd4b5-mls4m has the target files.
Copying deathstar_unknown.output to deathstar_unknown.output
tar: removing leading '/' from member names
