Deployments: ms-25648
ms-27283
ms-27421
ms-2827
ms-34756
ms-36144
ms-37691
ms-41385
ms-41914
ms-46825
ms-54016
ms-55339
ms-58269
ms-58845
ms-68328
ms-70297
nginx-web-server
unknown
deployment "ms-25648" successfully rolled out
deployment "ms-27283" successfully rolled out
deployment "ms-27421" successfully rolled out
deployment "ms-2827" successfully rolled out
deployment "ms-34756" successfully rolled out
deployment "ms-36144" successfully rolled out
deployment "ms-37691" successfully rolled out
deployment "ms-41385" successfully rolled out
deployment "ms-41914" successfully rolled out
deployment "ms-46825" successfully rolled out
deployment "ms-54016" successfully rolled out
deployment "ms-55339" successfully rolled out
deployment "ms-58269" successfully rolled out
deployment "ms-58845" successfully rolled out
deployment "ms-68328" successfully rolled out
deployment "ms-70297" successfully rolled out
deployment "nginx-web-server" successfully rolled out
deployment "unknown" successfully rolled out
ENTRY_POINT: nginx-web-server
SERVICE_A_URL: 10.96.170.34:50051
Capacity: 10000
Metadata: request-id={{.RequestNumber}}
Metadata: timestamp={{.TimestampUnix}}
Metadata: method=S_161142529
Charon Configurations:
[{INTERCEPT charon} {PRICE_UPDATE_RATE 13087us} {TOKEN_UPDATE_RATE 24804us} {LATENCY_THRESHOLD 10037us} {PRICE_STEP 77} {PRICE_STRATEGY proportional} {LAZY_UPDATE true} {RATE_LIMITING true} {LOAD_SHEDDING true} {CHARON_TRACK_PRICE false} {BREAKWATER_SLO 12500us} {BREAKWATER_A 0.001} {BREAKWATER_B 0.02} {BREAKWATER_CLIENT_EXPIRATION 10ms} {BREAKWATER_INITIAL_CREDIT 400} {BREAKWATER_LOAD_SHEDDING true} {BREAKWATER_RTT 1000us} {BREAKWATERD_SLO 12500us} {BREAKWATERD_A 0.001} {BREAKWATERD_B 0.02} {BREAKWATERD_CLIENT_EXPIRATION 10ms} {BREAKWATERD_INITIAL_CREDIT 400} {BREAKWATERD_LOAD_SHEDDING true} {BREAKWATERD_RTT 1000us} {DAGOR_QUEUING_THRESHOLD 2ms} {DAGOR_ALPHA 0.05} {DAGOR_BETA 0.01} {DAGOR_ADMISSION_LEVEL_UPDATE_INTERVAL 10ms} {DAGOR_UMAX 20}]

Summary:
  Count:	84940
  Total:	14.80 s
  Slowest:	867.30 ms
  Fastest:	65.13 ms
  Average:	101.36 ms
  Requests/sec:	5738.71

Response time histogram:
  65.126  [1]     |
  145.343 [73460] |∎∎∎∎∎∎∎∎∎∎∎∎∎∎∎∎∎∎∎∎∎∎∎∎∎∎∎∎∎∎∎∎∎∎∎∎∎∎∎∎
  225.561 [4394]  |∎∎
  305.779 [2027]  |∎
  385.997 [385]   |
  466.215 [29]    |
  546.432 [78]    |
  626.650 [4]     |
  706.868 [0]     |
  787.086 [11]    |
  867.303 [69]    |

Latency distribution:
  10 % in 68.52 ms 
  25 % in 79.16 ms 
  50 % in 96.11 ms 
  75 % in 114.97 ms 
  90 % in 139.98 ms 
  95 % in 176.33 ms 
  99 % in 295.16 ms 

Status code distribution:
  [OK]                  80458 responses   
  [ResourceExhausted]   4231 responses    
  [Canceled]            251 responses     

Error distribution:
  [252]    rpc error: code = ResourceExhausted desc = S_161142529 req dropped by ms-27283. Try again later.           
  [373]    rpc error: code = ResourceExhausted desc = S_161142529 req dropped by unknown. Try again later.            
  [465]    rpc error: code = ResourceExhausted desc = S_161142529 req dropped by ms-36144. Try again later.           
  [201]    rpc error: code = ResourceExhausted desc = S_161142529 req dropped by ms-41385. Try again later.           
  [2940]   rpc error: code = ResourceExhausted desc = S_161142529 req dropped by nginx-web-server. Try again later.   
  [251]    rpc error: code = Canceled desc = grpc: the client connection is closing                                   

Debug: Checking Namespace=default, Pod=ms-25648-86cc47d8bd-j7lv5 for Target File=deathstar_*.output
Namespace: default, Pod: ms-25648-86cc47d8bd-j7lv5 has the target files.
Copying deathstar_ms-25648.output to deathstar_ms-25648.output
tar: removing leading '/' from member names
Debug: Checking Namespace=default, Pod=ms-27283-7cb76dd56d-bqdvv for Target File=deathstar_*.output
Namespace: default, Pod: ms-27283-7cb76dd56d-bqdvv has the target files.
Copying deathstar_ms-27283.output to deathstar_ms-27283.output
tar: removing leading '/' from member names
Debug: Checking Namespace=default, Pod=ms-27421-64f549855c-5mg2l for Target File=deathstar_*.output
Namespace: default, Pod: ms-27421-64f549855c-5mg2l has the target files.
Copying deathstar_ms-27421.output to deathstar_ms-27421.output
tar: removing leading '/' from member names
Debug: Checking Namespace=default, Pod=ms-2827-565cbcd7b-29dlg for Target File=deathstar_*.output
Namespace: default, Pod: ms-2827-565cbcd7b-29dlg has the target files.
Copying deathstar_ms-2827.output to deathstar_ms-2827.output
tar: removing leading '/' from member names
Debug: Checking Namespace=default, Pod=ms-34756-7c45d5bcc-shprl for Target File=deathstar_*.output
Namespace: default, Pod: ms-34756-7c45d5bcc-shprl has the target files.
Copying deathstar_ms-34756.output to deathstar_ms-34756.output
tar: removing leading '/' from member names
Debug: Checking Namespace=default, Pod=ms-36144-7bf7cbfff6-rngvr for Target File=deathstar_*.output
Namespace: default, Pod: ms-36144-7bf7cbfff6-rngvr has the target files.
Copying deathstar_ms-36144.output to deathstar_ms-36144.output
tar: removing leading '/' from member names
Debug: Checking Namespace=default, Pod=ms-37691-6f7cbf7c5-k58gj for Target File=deathstar_*.output
Namespace: default, Pod: ms-37691-6f7cbf7c5-k58gj has the target files.
Copying deathstar_ms-37691.output to deathstar_ms-37691.output
tar: removing leading '/' from member names
Debug: Checking Namespace=default, Pod=ms-41385-6bc4f5d4fc-gpk28 for Target File=deathstar_*.output
Namespace: default, Pod: ms-41385-6bc4f5d4fc-gpk28 has the target files.
Copying deathstar_ms-41385.output to deathstar_ms-41385.output
tar: removing leading '/' from member names
Debug: Checking Namespace=default, Pod=ms-41914-5555dd8d48-zwt66 for Target File=deathstar_*.output
Namespace: default, Pod: ms-41914-5555dd8d48-zwt66 has the target files.
Copying deathstar_ms-41914.output to deathstar_ms-41914.output
tar: removing leading '/' from member names
Debug: Checking Namespace=default, Pod=ms-46825-58c684559d-2wpjj for Target File=deathstar_*.output
Namespace: default, Pod: ms-46825-58c684559d-2wpjj has the target files.
Copying deathstar_ms-46825.output to deathstar_ms-46825.output
tar: removing leading '/' from member names
Debug: Checking Namespace=default, Pod=ms-54016-5665fbcb8d-c6jmj for Target File=deathstar_*.output
Namespace: default, Pod: ms-54016-5665fbcb8d-c6jmj has the target files.
Copying deathstar_ms-54016.output to deathstar_ms-54016.output
tar: removing leading '/' from member names
Debug: Checking Namespace=default, Pod=ms-55339-5b545b67bb-hvfhs for Target File=deathstar_*.output
Namespace: default, Pod: ms-55339-5b545b67bb-hvfhs has the target files.
Copying deathstar_ms-55339.output to deathstar_ms-55339.output
tar: removing leading '/' from member names
Debug: Checking Namespace=default, Pod=ms-58269-8c4794c6c-cqsst for Target File=deathstar_*.output
Namespace: default, Pod: ms-58269-8c4794c6c-cqsst has the target files.
Copying deathstar_ms-58269.output to deathstar_ms-58269.output
tar: removing leading '/' from member names
Debug: Checking Namespace=default, Pod=ms-58845-5bc6f9d8df-llz98 for Target File=deathstar_*.output
Namespace: default, Pod: ms-58845-5bc6f9d8df-llz98 has the target files.
Copying deathstar_ms-58845.output to deathstar_ms-58845.output
tar: removing leading '/' from member names
Debug: Checking Namespace=default, Pod=ms-68328-5866fd45b7-nhmhv for Target File=deathstar_*.output
Namespace: default, Pod: ms-68328-5866fd45b7-nhmhv has the target files.
Copying deathstar_ms-68328.output to deathstar_ms-68328.output
tar: removing leading '/' from member names
Debug: Checking Namespace=default, Pod=ms-70297-868876bcdb-rdfsg for Target File=deathstar_*.output
Namespace: default, Pod: ms-70297-868876bcdb-rdfsg has the target files.
Copying deathstar_ms-70297.output to deathstar_ms-70297.output
tar: removing leading '/' from member names
Debug: Checking Namespace=default, Pod=nginx-web-server-56557f7cb7-shntm for Target File=deathstar_*.output
Namespace: default, Pod: nginx-web-server-56557f7cb7-shntm has the target files.
Copying deathstar_nginx-web-server.output to deathstar_nginx-web-server.output
tar: removing leading '/' from member names
Debug: Checking Namespace=default, Pod=unknown-57ddd65965-8fpfd for Target File=deathstar_*.output
Namespace: default, Pod: unknown-57ddd65965-8fpfd has the target files.
Copying deathstar_unknown.output to deathstar_unknown.output
tar: removing leading '/' from member names
