Deployments: ms-11070
ms-11285
ms-11512
ms-1278
ms-13873
ms-19953
ms-21883
ms-25124
ms-27421
ms-2827
ms-33719
ms-37691
ms-43309
ms-4354
ms-46825
ms-60236
ms-71771
ms-8052
ms-902
nginx-web-server
deployment "ms-11070" successfully rolled out
deployment "ms-11285" successfully rolled out
deployment "ms-11512" successfully rolled out
deployment "ms-1278" successfully rolled out
deployment "ms-13873" successfully rolled out
deployment "ms-19953" successfully rolled out
deployment "ms-21883" successfully rolled out
deployment "ms-25124" successfully rolled out
deployment "ms-27421" successfully rolled out
deployment "ms-2827" successfully rolled out
deployment "ms-33719" successfully rolled out
deployment "ms-37691" successfully rolled out
deployment "ms-43309" successfully rolled out
deployment "ms-4354" successfully rolled out
deployment "ms-46825" successfully rolled out
deployment "ms-60236" successfully rolled out
deployment "ms-71771" successfully rolled out
deployment "ms-8052" successfully rolled out
deployment "ms-902" successfully rolled out
deployment "nginx-web-server" successfully rolled out
ENTRY_POINT: nginx-web-server
SERVICE_A_URL: 10.98.92.71:50051
Capacity: 10000
Metadata: request-id={{.RequestNumber}}
Metadata: timestamp={{.TimestampUnix}}
Metadata: method=S_102000854
Charon Configurations:
[{INTERCEPT breakwaterd} {PRICE_UPDATE_RATE 10ms} {TOKEN_UPDATE_RATE 10ms} {LATENCY_THRESHOLD 100us} {PRICE_STEP 0} {PRICE_STRATEGY step} {LAZY_UPDATE false} {RATE_LIMITING true} {LOAD_SHEDDING true} {CHARON_TRACK_PRICE false} {BREAKWATER_SLO 21907us} {BREAKWATER_A 0.0} {BREAKWATER_B 1.8718380326117234} {BREAKWATER_CLIENT_EXPIRATION 5000us} {BREAKWATER_INITIAL_CREDIT 1} {BREAKWATER_LOAD_SHEDDING true} {BREAKWATER_RTT 0us} {BREAKWATERD_SLO 74493us} {BREAKWATERD_A 10.0} {BREAKWATERD_B 10.0} {BREAKWATERD_CLIENT_EXPIRATION 10000us} {BREAKWATERD_INITIAL_CREDIT 5000} {BREAKWATERD_LOAD_SHEDDING true} {BREAKWATERD_RTT 1000us} {DAGOR_QUEUING_THRESHOLD 2ms} {DAGOR_ALPHA 0.05} {DAGOR_BETA 0.01} {DAGOR_ADMISSION_LEVEL_UPDATE_INTERVAL 10ms} {DAGOR_UMAX 20}]

Summary:
  Count:	62211
  Total:	25.00 s
  Slowest:	876.03 ms
  Fastest:	39.14 ms
  Average:	85.21 ms
  Requests/sec:	2488.41

Response time histogram:
  39.138  [1]     |
  122.827 [52299] |∎∎∎∎∎∎∎∎∎∎∎∎∎∎∎∎∎∎∎∎∎∎∎∎∎∎∎∎∎∎∎∎∎∎∎∎∎∎∎∎
  206.517 [3483]  |∎∎∎
  290.206 [2051]  |∎∎
  373.895 [845]   |∎
  457.584 [312]   |
  541.273 [24]    |
  624.962 [0]     |
  708.651 [23]    |
  792.340 [23]    |
  876.029 [93]    |

Latency distribution:
  10 % in 42.33 ms 
  25 % in 45.96 ms 
  50 % in 59.30 ms 
  75 % in 89.35 ms 
  90 % in 130.17 ms 
  95 % in 229.36 ms 
  99 % in 346.22 ms 

Status code distribution:
  [OK]                  59154 responses   
  [ResourceExhausted]   3015 responses    
  [Canceled]            42 responses      

Error distribution:
  [346]   rpc error: code = ResourceExhausted desc = Client id 7ee65893-baf3-4306-aa9e-d709b952e0eb request expired in queue.   
  [55]    rpc error: code = ResourceExhausted desc = Client id dd527ac1-0f7c-4f00-b2d8-f5c60a918d79 request expired in queue.   
  [524]   rpc error: code = ResourceExhausted desc = Client id 5a424753-18f6-4c60-baae-f4e3ccce619a request expired in queue.   
  [20]    rpc error: code = ResourceExhausted desc = Client id 3002c33e-0ec6-4107-a15d-ffe2f8a66ae5 request expired in queue.   
  [52]    rpc error: code = ResourceExhausted desc = Client id c7f3c448-7636-4c80-acd3-e31936ab0857 request expired in queue.   
  [274]   rpc error: code = ResourceExhausted desc = Client id c55e56ef-1642-4bdf-b442-fab3a544d119 request expired in queue.   
  [57]    rpc error: code = ResourceExhausted desc = Client id 912cc35c-723b-496b-8f2a-4a6f688f1144 request expired in queue.   
  [73]    rpc error: code = ResourceExhausted desc = Client id 2ac26a0c-974e-4417-b7d0-3a017e02cfc6 request expired in queue.   
  [80]    rpc error: code = ResourceExhausted desc = Client id 765b79a5-d0b9-4450-949a-3b77053e73c6 request expired in queue.   
  [314]   rpc error: code = ResourceExhausted desc = Client id 74b267e4-c9ac-4c73-81b6-5b1d15f8ca79 request expired in queue.   
  [291]   rpc error: code = ResourceExhausted desc = Client id 8c3e7e2b-04bd-4661-8a6a-3aa8a1f524c8 request expired in queue.   
  [383]   rpc error: code = ResourceExhausted desc = Client id 75dfa118-84f1-43e3-8c28-5164cc5ee177 request expired in queue.   
  [37]    rpc error: code = ResourceExhausted desc = Client id b24c1860-76f0-4baa-b254-c295853b7b16 request expired in queue.   
  [223]   rpc error: code = ResourceExhausted desc = Client id 8733ef0c-56d4-4295-89ac-7009fc891cae request expired in queue.   
  [286]   rpc error: code = ResourceExhausted desc = Client id 0b0dcc53-a7f5-4986-ae9e-47229864353e request expired in queue.   
  [42]    rpc error: code = Canceled desc = grpc: the client connection is closing                                              

Debug: Checking Namespace=default, Pod=ms-11070-7868c54f44-ktnd2 for Target File=deathstar_*.output
Namespace: default, Pod: ms-11070-7868c54f44-ktnd2 has the target files.
Copying deathstar_ms-11070.output to deathstar_ms-11070.output
tar: removing leading '/' from member names
Debug: Checking Namespace=default, Pod=ms-11285-67d597dc77-77429 for Target File=deathstar_*.output
Namespace: default, Pod: ms-11285-67d597dc77-77429 has the target files.
Copying deathstar_ms-11285.output to deathstar_ms-11285.output
tar: removing leading '/' from member names
Debug: Checking Namespace=default, Pod=ms-11512-75f8ddc45b-vnv9s for Target File=deathstar_*.output
Namespace: default, Pod: ms-11512-75f8ddc45b-vnv9s has the target files.
Copying deathstar_ms-11512.output to deathstar_ms-11512.output
tar: removing leading '/' from member names
Debug: Checking Namespace=default, Pod=ms-1278-85766ff6b8-rmd2w for Target File=deathstar_*.output
Namespace: default, Pod: ms-1278-85766ff6b8-rmd2w has the target files.
Copying deathstar_ms-1278.output to deathstar_ms-1278.output
tar: removing leading '/' from member names
Debug: Checking Namespace=default, Pod=ms-13873-85d7bb7b97-lcrrf for Target File=deathstar_*.output
Namespace: default, Pod: ms-13873-85d7bb7b97-lcrrf has the target files.
Copying deathstar_ms-13873.output to deathstar_ms-13873.output
tar: removing leading '/' from member names
Debug: Checking Namespace=default, Pod=ms-19953-68cc8998c5-gcmk9 for Target File=deathstar_*.output
Namespace: default, Pod: ms-19953-68cc8998c5-gcmk9 has the target files.
Copying deathstar_ms-19953.output to deathstar_ms-19953.output
tar: removing leading '/' from member names
Debug: Checking Namespace=default, Pod=ms-21883-f6c88c6d4-5bs7f for Target File=deathstar_*.output
Namespace: default, Pod: ms-21883-f6c88c6d4-5bs7f has the target files.
Copying deathstar_ms-21883.output to deathstar_ms-21883.output
tar: removing leading '/' from member names
Debug: Checking Namespace=default, Pod=ms-25124-77bd4446f5-54qjw for Target File=deathstar_*.output
Namespace: default, Pod: ms-25124-77bd4446f5-54qjw has the target files.
Copying deathstar_ms-25124.output to deathstar_ms-25124.output
tar: removing leading '/' from member names
Debug: Checking Namespace=default, Pod=ms-27421-8565974486-mqxkj for Target File=deathstar_*.output
Namespace: default, Pod: ms-27421-8565974486-mqxkj has the target files.
Copying deathstar_ms-27421.output to deathstar_ms-27421.output
tar: removing leading '/' from member names
Debug: Checking Namespace=default, Pod=ms-2827-5dcc6df4f4-q998w for Target File=deathstar_*.output
Namespace: default, Pod: ms-2827-5dcc6df4f4-q998w has the target files.
Copying deathstar_ms-2827.output to deathstar_ms-2827.output
tar: removing leading '/' from member names
Debug: Checking Namespace=default, Pod=ms-33719-6c455cf54c-6kswh for Target File=deathstar_*.output
Namespace: default, Pod: ms-33719-6c455cf54c-6kswh has the target files.
Copying deathstar_ms-33719.output to deathstar_ms-33719.output
tar: removing leading '/' from member names
Debug: Checking Namespace=default, Pod=ms-37691-b9bc44798-khnl5 for Target File=deathstar_*.output
Namespace: default, Pod: ms-37691-b9bc44798-khnl5 has the target files.
Copying deathstar_ms-37691.output to deathstar_ms-37691.output
tar: removing leading '/' from member names
Debug: Checking Namespace=default, Pod=ms-43309-54f758d465-gh8xj for Target File=deathstar_*.output
Namespace: default, Pod: ms-43309-54f758d465-gh8xj has the target files.
Copying deathstar_ms-43309.output to deathstar_ms-43309.output
tar: removing leading '/' from member names
Debug: Checking Namespace=default, Pod=ms-4354-669cfcbdf6-92k9n for Target File=deathstar_*.output
Namespace: default, Pod: ms-4354-669cfcbdf6-92k9n has the target files.
Copying deathstar_ms-4354.output to deathstar_ms-4354.output
tar: removing leading '/' from member names
Debug: Checking Namespace=default, Pod=ms-46825-58c684559d-gv5f8 for Target File=deathstar_*.output
Namespace: default, Pod: ms-46825-58c684559d-gv5f8 has the target files.
Copying deathstar_ms-46825.output to deathstar_ms-46825.output
tar: removing leading '/' from member names
Debug: Checking Namespace=default, Pod=ms-60236-64866cf49-fndrg for Target File=deathstar_*.output
Namespace: default, Pod: ms-60236-64866cf49-fndrg has the target files.
Copying deathstar_ms-60236.output to deathstar_ms-60236.output
tar: removing leading '/' from member names
Debug: Checking Namespace=default, Pod=ms-71771-567ddbdd95-dcvkv for Target File=deathstar_*.output
Namespace: default, Pod: ms-71771-567ddbdd95-dcvkv has the target files.
Copying deathstar_ms-71771.output to deathstar_ms-71771.output
tar: removing leading '/' from member names
Debug: Checking Namespace=default, Pod=ms-8052-b995968dc-7svhk for Target File=deathstar_*.output
Namespace: default, Pod: ms-8052-b995968dc-7svhk has the target files.
Copying deathstar_ms-8052.output to deathstar_ms-8052.output
tar: removing leading '/' from member names
Debug: Checking Namespace=default, Pod=ms-902-5744544f85-bh2q4 for Target File=deathstar_*.output
Namespace: default, Pod: ms-902-5744544f85-bh2q4 has the target files.
Copying deathstar_ms-902.output to deathstar_ms-902.output
tar: removing leading '/' from member names
Debug: Checking Namespace=default, Pod=nginx-web-server-56557f7cb7-bsgdn for Target File=deathstar_*.output
Namespace: default, Pod: nginx-web-server-56557f7cb7-bsgdn has the target files.
Copying deathstar_nginx-web-server.output to deathstar_nginx-web-server.output
tar: removing leading '/' from member names
