Deployments: ms-10090
ms-13558
ms-18330
ms-19585
ms-20172
ms-22893
ms-24009
ms-24959
ms-26622
ms-27421
ms-29373
ms-32301
ms-3289
ms-37691
ms-38964
ms-40147
ms-48118
ms-4829
ms-51685
ms-52379
ms-55394
ms-58436
ms-58772
ms-59962
ms-60061
ms-6323
ms-65741
ms-66473
ms-69188
ms-69614
ms-9081
nginx-web-server
unknown
deployment "ms-10090" successfully rolled out
deployment "ms-13558" successfully rolled out
deployment "ms-18330" successfully rolled out
deployment "ms-19585" successfully rolled out
deployment "ms-20172" successfully rolled out
deployment "ms-22893" successfully rolled out
deployment "ms-24009" successfully rolled out
deployment "ms-24959" successfully rolled out
deployment "ms-26622" successfully rolled out
deployment "ms-27421" successfully rolled out
deployment "ms-29373" successfully rolled out
deployment "ms-32301" successfully rolled out
deployment "ms-3289" successfully rolled out
deployment "ms-37691" successfully rolled out
deployment "ms-38964" successfully rolled out
deployment "ms-40147" successfully rolled out
deployment "ms-48118" successfully rolled out
deployment "ms-4829" successfully rolled out
deployment "ms-51685" successfully rolled out
deployment "ms-52379" successfully rolled out
deployment "ms-55394" successfully rolled out
deployment "ms-58436" successfully rolled out
deployment "ms-58772" successfully rolled out
deployment "ms-59962" successfully rolled out
deployment "ms-60061" successfully rolled out
deployment "ms-6323" successfully rolled out
deployment "ms-65741" successfully rolled out
deployment "ms-66473" successfully rolled out
deployment "ms-69188" successfully rolled out
deployment "ms-69614" successfully rolled out
deployment "ms-9081" successfully rolled out
deployment "nginx-web-server" successfully rolled out
deployment "unknown" successfully rolled out
ENTRY_POINT: nginx-web-server
SERVICE_A_URL: 10.99.86.97:50051
Capacity: 10000
Metadata: request-id={{.RequestNumber}}
Metadata: timestamp={{.TimestampUnix}}
Metadata: method=S_149998854
Charon Configurations:
[{INTERCEPT charon} {PRICE_UPDATE_RATE 6944us} {TOKEN_UPDATE_RATE 38889us} {LATENCY_THRESHOLD 3707us} {PRICE_STEP 13} {PRICE_STRATEGY proportional} {LAZY_UPDATE true} {RATE_LIMITING true} {LOAD_SHEDDING true} {CHARON_TRACK_PRICE false} {BREAKWATER_SLO 12500us} {BREAKWATER_A 0.001} {BREAKWATER_B 0.02} {BREAKWATER_CLIENT_EXPIRATION 10ms} {BREAKWATER_INITIAL_CREDIT 400} {BREAKWATER_LOAD_SHEDDING true} {BREAKWATER_RTT 1000us} {BREAKWATERD_SLO 12500us} {BREAKWATERD_A 0.001} {BREAKWATERD_B 0.02} {BREAKWATERD_CLIENT_EXPIRATION 10ms} {BREAKWATERD_INITIAL_CREDIT 400} {BREAKWATERD_LOAD_SHEDDING true} {BREAKWATERD_RTT 1000us} {DAGOR_QUEUING_THRESHOLD 2ms} {DAGOR_ALPHA 0.05} {DAGOR_BETA 0.01} {DAGOR_ADMISSION_LEVEL_UPDATE_INTERVAL 10ms} {DAGOR_UMAX 20}]

Summary:
  Count:	59876
  Total:	14.84 s
  Slowest:	923.92 ms
  Fastest:	110.85 ms
  Average:	156.94 ms
  Requests/sec:	4035.98

Response time histogram:
  110.848 [1]     |
  192.155 [46377] |∎∎∎∎∎∎∎∎∎∎∎∎∎∎∎∎∎∎∎∎∎∎∎∎∎∎∎∎∎∎∎∎∎∎∎∎∎∎∎∎
  273.463 [3120]  |∎∎∎
  354.770 [156]   |
  436.078 [381]   |
  517.385 [444]   |
  598.693 [427]   |
  680.000 [839]   |∎
  761.307 [325]   |
  842.615 [57]    |
  923.922 [86]    |

Latency distribution:
  10 % in 113.25 ms 
  25 % in 117.12 ms 
  50 % in 139.53 ms 
  75 % in 164.71 ms 
  90 % in 196.92 ms 
  95 % in 334.09 ms 
  99 % in 673.08 ms 

Status code distribution:
  [OK]                  52213 responses   
  [ResourceExhausted]   7275 responses    
  [Canceled]            388 responses     

Error distribution:
  [552]    rpc error: code = ResourceExhausted desc = S_149998854 req dropped by ms-66473. Try again later.           
  [43]     rpc error: code = ResourceExhausted desc = S_149998854 req dropped by ms-51685. Try again later.           
  [388]    rpc error: code = Canceled desc = grpc: the client connection is closing                                   
  [3489]   rpc error: code = ResourceExhausted desc = S_149998854 req dropped by nginx-web-server. Try again later.   
  [2138]   rpc error: code = ResourceExhausted desc = S_149998854 req dropped by ms-55394. Try again later.           
  [1053]   rpc error: code = ResourceExhausted desc = S_149998854 req dropped by ms-18330. Try again later.           

Debug: Checking Namespace=default, Pod=ms-10090-6454f977fd-fv2t6 for Target File=deathstar_*.output
Namespace: default, Pod: ms-10090-6454f977fd-fv2t6 has the target files.
Copying deathstar_ms-10090.output to deathstar_ms-10090.output
tar: removing leading '/' from member names
Debug: Checking Namespace=default, Pod=ms-13558-b48bb5d9d-b9ltd for Target File=deathstar_*.output
Namespace: default, Pod: ms-13558-b48bb5d9d-b9ltd has the target files.
Copying deathstar_ms-13558.output to deathstar_ms-13558.output
tar: removing leading '/' from member names
Debug: Checking Namespace=default, Pod=ms-18330-759d9cf49c-wpdkz for Target File=deathstar_*.output
Namespace: default, Pod: ms-18330-759d9cf49c-wpdkz has the target files.
Copying deathstar_ms-18330.output to deathstar_ms-18330.output
tar: removing leading '/' from member names
Debug: Checking Namespace=default, Pod=ms-19585-6f995cfcbf-np675 for Target File=deathstar_*.output
Namespace: default, Pod: ms-19585-6f995cfcbf-np675 has the target files.
Copying deathstar_ms-19585.output to deathstar_ms-19585.output
tar: removing leading '/' from member names
Debug: Checking Namespace=default, Pod=ms-20172-59d5485464-l4cmc for Target File=deathstar_*.output
Namespace: default, Pod: ms-20172-59d5485464-l4cmc has the target files.
Copying deathstar_ms-20172.output to deathstar_ms-20172.output
tar: removing leading '/' from member names
Debug: Checking Namespace=default, Pod=ms-22893-576fd5f9f6-4x6cs for Target File=deathstar_*.output
Namespace: default, Pod: ms-22893-576fd5f9f6-4x6cs has the target files.
Copying deathstar_ms-22893.output to deathstar_ms-22893.output
tar: removing leading '/' from member names
Debug: Checking Namespace=default, Pod=ms-24009-67dbf5b976-9d4qv for Target File=deathstar_*.output
Namespace: default, Pod: ms-24009-67dbf5b976-9d4qv has the target files.
Copying deathstar_ms-24009.output to deathstar_ms-24009.output
tar: removing leading '/' from member names
Debug: Checking Namespace=default, Pod=ms-24959-99f8bbf9-mvkpq for Target File=deathstar_*.output
Namespace: default, Pod: ms-24959-99f8bbf9-mvkpq has the target files.
Copying deathstar_ms-24959.output to deathstar_ms-24959.output
tar: removing leading '/' from member names
Debug: Checking Namespace=default, Pod=ms-26622-66fdf7d64f-xnf88 for Target File=deathstar_*.output
Namespace: default, Pod: ms-26622-66fdf7d64f-xnf88 has the target files.
Copying deathstar_ms-26622.output to deathstar_ms-26622.output
tar: removing leading '/' from member names
Debug: Checking Namespace=default, Pod=ms-27421-64f549855c-f2kzq for Target File=deathstar_*.output
Namespace: default, Pod: ms-27421-64f549855c-f2kzq has the target files.
Copying deathstar_ms-27421.output to deathstar_ms-27421.output
tar: removing leading '/' from member names
Debug: Checking Namespace=default, Pod=ms-29373-8467f7db44-fsbl4 for Target File=deathstar_*.output
Namespace: default, Pod: ms-29373-8467f7db44-fsbl4 has the target files.
Copying deathstar_ms-29373.output to deathstar_ms-29373.output
tar: removing leading '/' from member names
Debug: Checking Namespace=default, Pod=ms-32301-c5654bbc5-k9dwf for Target File=deathstar_*.output
Namespace: default, Pod: ms-32301-c5654bbc5-k9dwf has the target files.
Copying deathstar_ms-32301.output to deathstar_ms-32301.output
tar: removing leading '/' from member names
Debug: Checking Namespace=default, Pod=ms-3289-587dbd96bf-66pvz for Target File=deathstar_*.output
Namespace: default, Pod: ms-3289-587dbd96bf-66pvz has the target files.
Copying deathstar_ms-3289.output to deathstar_ms-3289.output
tar: removing leading '/' from member names
Debug: Checking Namespace=default, Pod=ms-37691-6dc6cd6744-stk2k for Target File=deathstar_*.output
Namespace: default, Pod: ms-37691-6dc6cd6744-stk2k has the target files.
Copying deathstar_ms-37691.output to deathstar_ms-37691.output
tar: removing leading '/' from member names
Debug: Checking Namespace=default, Pod=ms-38964-5b647cdbd-82lk4 for Target File=deathstar_*.output
Namespace: default, Pod: ms-38964-5b647cdbd-82lk4 has the target files.
Copying deathstar_ms-38964.output to deathstar_ms-38964.output
tar: removing leading '/' from member names
Debug: Checking Namespace=default, Pod=ms-40147-cd867585-87ld7 for Target File=deathstar_*.output
Namespace: default, Pod: ms-40147-cd867585-87ld7 has the target files.
Copying deathstar_ms-40147.output to deathstar_ms-40147.output
tar: removing leading '/' from member names
Debug: Checking Namespace=default, Pod=ms-48118-ff7b99cc9-lx84k for Target File=deathstar_*.output
Namespace: default, Pod: ms-48118-ff7b99cc9-lx84k has the target files.
Copying deathstar_ms-48118.output to deathstar_ms-48118.output
tar: removing leading '/' from member names
Debug: Checking Namespace=default, Pod=ms-4829-669557b66c-lrlbl for Target File=deathstar_*.output
Namespace: default, Pod: ms-4829-669557b66c-lrlbl has the target files.
Copying deathstar_ms-4829.output to deathstar_ms-4829.output
tar: removing leading '/' from member names
Debug: Checking Namespace=default, Pod=ms-51685-79858c784f-gfbjl for Target File=deathstar_*.output
Namespace: default, Pod: ms-51685-79858c784f-gfbjl has the target files.
Copying deathstar_ms-51685.output to deathstar_ms-51685.output
tar: removing leading '/' from member names
Debug: Checking Namespace=default, Pod=ms-52379-57c6cdd54b-x92zc for Target File=deathstar_*.output
Namespace: default, Pod: ms-52379-57c6cdd54b-x92zc has the target files.
Copying deathstar_ms-52379.output to deathstar_ms-52379.output
tar: removing leading '/' from member names
Debug: Checking Namespace=default, Pod=ms-55394-6f999f5df9-bpz4r for Target File=deathstar_*.output
Namespace: default, Pod: ms-55394-6f999f5df9-bpz4r has the target files.
Copying deathstar_ms-55394.output to deathstar_ms-55394.output
tar: removing leading '/' from member names
Debug: Checking Namespace=default, Pod=ms-58436-59dd96f659-dhshv for Target File=deathstar_*.output
Namespace: default, Pod: ms-58436-59dd96f659-dhshv has the target files.
Copying deathstar_ms-58436.output to deathstar_ms-58436.output
tar: removing leading '/' from member names
Debug: Checking Namespace=default, Pod=ms-58772-68ff78c966-tcrnb for Target File=deathstar_*.output
Namespace: default, Pod: ms-58772-68ff78c966-tcrnb has the target files.
Copying deathstar_ms-58772.output to deathstar_ms-58772.output
tar: removing leading '/' from member names
Debug: Checking Namespace=default, Pod=ms-59962-756b895b58-nqvdj for Target File=deathstar_*.output
Namespace: default, Pod: ms-59962-756b895b58-nqvdj has the target files.
Copying deathstar_ms-59962.output to deathstar_ms-59962.output
tar: removing leading '/' from member names
Debug: Checking Namespace=default, Pod=ms-60061-68bd84bdcd-cf42z for Target File=deathstar_*.output
Namespace: default, Pod: ms-60061-68bd84bdcd-cf42z has the target files.
Copying deathstar_ms-60061.output to deathstar_ms-60061.output
tar: removing leading '/' from member names
Debug: Checking Namespace=default, Pod=ms-6323-974659fcd-nxp7x for Target File=deathstar_*.output
Namespace: default, Pod: ms-6323-974659fcd-nxp7x has the target files.
Copying deathstar_ms-6323.output to deathstar_ms-6323.output
tar: removing leading '/' from member names
Debug: Checking Namespace=default, Pod=ms-65741-65f588bcdf-kn829 for Target File=deathstar_*.output
Namespace: default, Pod: ms-65741-65f588bcdf-kn829 has the target files.
Copying deathstar_ms-65741.output to deathstar_ms-65741.output
tar: removing leading '/' from member names
Debug: Checking Namespace=default, Pod=ms-66473-79c66f8bff-dn2lh for Target File=deathstar_*.output
Namespace: default, Pod: ms-66473-79c66f8bff-dn2lh has the target files.
Copying deathstar_ms-66473.output to deathstar_ms-66473.output
tar: removing leading '/' from member names
Debug: Checking Namespace=default, Pod=ms-69188-65c548d4cb-nbzx8 for Target File=deathstar_*.output
Namespace: default, Pod: ms-69188-65c548d4cb-nbzx8 has the target files.
Copying deathstar_ms-69188.output to deathstar_ms-69188.output
tar: removing leading '/' from member names
Debug: Checking Namespace=default, Pod=ms-69614-794bd8475-9mgrk for Target File=deathstar_*.output
Namespace: default, Pod: ms-69614-794bd8475-9mgrk has the target files.
Copying deathstar_ms-69614.output to deathstar_ms-69614.output
tar: removing leading '/' from member names
Debug: Checking Namespace=default, Pod=ms-9081-567985788-b7fzl for Target File=deathstar_*.output
Namespace: default, Pod: ms-9081-567985788-b7fzl has the target files.
Copying deathstar_ms-9081.output to deathstar_ms-9081.output
tar: removing leading '/' from member names
Debug: Checking Namespace=default, Pod=nginx-web-server-56557f7cb7-47b45 for Target File=deathstar_*.output
Namespace: default, Pod: nginx-web-server-56557f7cb7-47b45 has the target files.
Copying deathstar_nginx-web-server.output to deathstar_nginx-web-server.output
tar: removing leading '/' from member names
Debug: Checking Namespace=default, Pod=unknown-6ddf9bd4b5-8qq5d for Target File=deathstar_*.output
Namespace: default, Pod: unknown-6ddf9bd4b5-8qq5d has the target files.
Copying deathstar_unknown.output to deathstar_unknown.output
tar: removing leading '/' from member names
