Deployments: ms-25648
ms-27283
ms-27421
ms-2827
ms-34756
ms-36144
ms-37691
ms-41385
ms-41914
ms-46825
ms-54016
ms-55339
ms-58269
ms-58845
ms-68328
ms-70297
nginx-web-server
unknown
deployment "ms-25648" successfully rolled out
deployment "ms-27283" successfully rolled out
deployment "ms-27421" successfully rolled out
deployment "ms-2827" successfully rolled out
deployment "ms-34756" successfully rolled out
deployment "ms-36144" successfully rolled out
deployment "ms-37691" successfully rolled out
deployment "ms-41385" successfully rolled out
deployment "ms-41914" successfully rolled out
deployment "ms-46825" successfully rolled out
deployment "ms-54016" successfully rolled out
deployment "ms-55339" successfully rolled out
deployment "ms-58269" successfully rolled out
deployment "ms-58845" successfully rolled out
deployment "ms-68328" successfully rolled out
deployment "ms-70297" successfully rolled out
deployment "nginx-web-server" successfully rolled out
deployment "unknown" successfully rolled out
ENTRY_POINT: nginx-web-server
SERVICE_A_URL: 10.97.208.190:50051
Capacity: 10000
Metadata: request-id={{.RequestNumber}}
Metadata: timestamp={{.TimestampUnix}}
Metadata: method=S_161142529
Charon Configurations:
[{INTERCEPT charon} {PRICE_UPDATE_RATE 5382us} {TOKEN_UPDATE_RATE 14615us} {LATENCY_THRESHOLD 12363us} {PRICE_STEP 142} {PRICE_STRATEGY proportional} {LAZY_UPDATE true} {RATE_LIMITING true} {LOAD_SHEDDING true} {CHARON_TRACK_PRICE false} {BREAKWATER_SLO 12500us} {BREAKWATER_A 0.001} {BREAKWATER_B 0.02} {BREAKWATER_CLIENT_EXPIRATION 10ms} {BREAKWATER_INITIAL_CREDIT 400} {BREAKWATER_LOAD_SHEDDING true} {BREAKWATER_RTT 1000us} {BREAKWATERD_SLO 12500us} {BREAKWATERD_A 0.001} {BREAKWATERD_B 0.02} {BREAKWATERD_CLIENT_EXPIRATION 10ms} {BREAKWATERD_INITIAL_CREDIT 400} {BREAKWATERD_LOAD_SHEDDING true} {BREAKWATERD_RTT 1000us} {DAGOR_QUEUING_THRESHOLD 2ms} {DAGOR_ALPHA 0.05} {DAGOR_BETA 0.01} {DAGOR_ADMISSION_LEVEL_UPDATE_INTERVAL 10ms} {DAGOR_UMAX 20}]

Summary:
  Count:	63815
  Total:	14.80 s
  Slowest:	925.91 ms
  Fastest:	64.98 ms
  Average:	89.47 ms
  Requests/sec:	4310.48

Response time histogram:
  64.975  [1]     |
  151.068 [56479] |∎∎∎∎∎∎∎∎∎∎∎∎∎∎∎∎∎∎∎∎∎∎∎∎∎∎∎∎∎∎∎∎∎∎∎∎∎∎∎∎
  237.161 [1223]  |∎
  323.255 [823]   |∎
  409.348 [1060]  |∎
  495.441 [181]   |
  581.534 [153]   |
  667.627 [18]    |
  753.720 [0]     |
  839.813 [90]    |
  925.906 [95]    |

Latency distribution:
  10 % in 67.14 ms 
  25 % in 68.64 ms 
  50 % in 73.27 ms 
  75 % in 84.78 ms 
  90 % in 104.69 ms 
  95 % in 181.25 ms 
  99 % in 403.11 ms 

Status code distribution:
  [ResourceExhausted]   3455 responses    
  [Canceled]            237 responses     
  [OK]                  60123 responses   

Error distribution:
  [176]    rpc error: code = ResourceExhausted desc = S_161142529 req dropped by ms-41385. Try again later.           
  [1645]   rpc error: code = ResourceExhausted desc = S_161142529 req dropped by nginx-web-server. Try again later.   
  [237]    rpc error: code = Canceled desc = grpc: the client connection is closing                                   
  [738]    rpc error: code = ResourceExhausted desc = S_161142529 req dropped by ms-36144. Try again later.           
  [239]    rpc error: code = ResourceExhausted desc = S_161142529 req dropped by ms-27283. Try again later.           
  [657]    rpc error: code = ResourceExhausted desc = S_161142529 req dropped by unknown. Try again later.            

Debug: Checking Namespace=default, Pod=ms-25648-86cc47d8bd-4mrbn for Target File=deathstar_*.output
Namespace: default, Pod: ms-25648-86cc47d8bd-4mrbn has the target files.
Copying deathstar_ms-25648.output to deathstar_ms-25648.output
tar: removing leading '/' from member names
Debug: Checking Namespace=default, Pod=ms-27283-7cb76dd56d-dz6p8 for Target File=deathstar_*.output
Namespace: default, Pod: ms-27283-7cb76dd56d-dz6p8 has the target files.
Copying deathstar_ms-27283.output to deathstar_ms-27283.output
tar: removing leading '/' from member names
Debug: Checking Namespace=default, Pod=ms-27421-64f549855c-gc5pm for Target File=deathstar_*.output
Namespace: default, Pod: ms-27421-64f549855c-gc5pm has the target files.
Copying deathstar_ms-27421.output to deathstar_ms-27421.output
tar: removing leading '/' from member names
Debug: Checking Namespace=default, Pod=ms-2827-565cbcd7b-86544 for Target File=deathstar_*.output
Namespace: default, Pod: ms-2827-565cbcd7b-86544 has the target files.
Copying deathstar_ms-2827.output to deathstar_ms-2827.output
tar: removing leading '/' from member names
Debug: Checking Namespace=default, Pod=ms-34756-7c45d5bcc-hd4n4 for Target File=deathstar_*.output
Namespace: default, Pod: ms-34756-7c45d5bcc-hd4n4 has the target files.
Copying deathstar_ms-34756.output to deathstar_ms-34756.output
tar: removing leading '/' from member names
Debug: Checking Namespace=default, Pod=ms-36144-7bf7cbfff6-qlr5m for Target File=deathstar_*.output
Namespace: default, Pod: ms-36144-7bf7cbfff6-qlr5m has the target files.
Copying deathstar_ms-36144.output to deathstar_ms-36144.output
tar: removing leading '/' from member names
Debug: Checking Namespace=default, Pod=ms-37691-6f7cbf7c5-9fx9p for Target File=deathstar_*.output
Namespace: default, Pod: ms-37691-6f7cbf7c5-9fx9p has the target files.
Copying deathstar_ms-37691.output to deathstar_ms-37691.output
tar: removing leading '/' from member names
Debug: Checking Namespace=default, Pod=ms-41385-6bc4f5d4fc-wpfbf for Target File=deathstar_*.output
Namespace: default, Pod: ms-41385-6bc4f5d4fc-wpfbf has the target files.
Copying deathstar_ms-41385.output to deathstar_ms-41385.output
tar: removing leading '/' from member names
Debug: Checking Namespace=default, Pod=ms-41914-5555dd8d48-s2m2w for Target File=deathstar_*.output
Namespace: default, Pod: ms-41914-5555dd8d48-s2m2w has the target files.
Copying deathstar_ms-41914.output to deathstar_ms-41914.output
tar: removing leading '/' from member names
Debug: Checking Namespace=default, Pod=ms-46825-58c684559d-ffnj6 for Target File=deathstar_*.output
Namespace: default, Pod: ms-46825-58c684559d-ffnj6 has the target files.
Copying deathstar_ms-46825.output to deathstar_ms-46825.output
tar: removing leading '/' from member names
Debug: Checking Namespace=default, Pod=ms-54016-5665fbcb8d-hjsz6 for Target File=deathstar_*.output
Namespace: default, Pod: ms-54016-5665fbcb8d-hjsz6 has the target files.
Copying deathstar_ms-54016.output to deathstar_ms-54016.output
tar: removing leading '/' from member names
Debug: Checking Namespace=default, Pod=ms-55339-5b545b67bb-brtrs for Target File=deathstar_*.output
Namespace: default, Pod: ms-55339-5b545b67bb-brtrs has the target files.
Copying deathstar_ms-55339.output to deathstar_ms-55339.output
tar: removing leading '/' from member names
Debug: Checking Namespace=default, Pod=ms-58269-8c4794c6c-xb994 for Target File=deathstar_*.output
Namespace: default, Pod: ms-58269-8c4794c6c-xb994 has the target files.
Copying deathstar_ms-58269.output to deathstar_ms-58269.output
tar: removing leading '/' from member names
Debug: Checking Namespace=default, Pod=ms-58845-5bc6f9d8df-lcvc5 for Target File=deathstar_*.output
Namespace: default, Pod: ms-58845-5bc6f9d8df-lcvc5 has the target files.
Copying deathstar_ms-58845.output to deathstar_ms-58845.output
tar: removing leading '/' from member names
Debug: Checking Namespace=default, Pod=ms-68328-5866fd45b7-wqgcd for Target File=deathstar_*.output
Namespace: default, Pod: ms-68328-5866fd45b7-wqgcd has the target files.
Copying deathstar_ms-68328.output to deathstar_ms-68328.output
tar: removing leading '/' from member names
Debug: Checking Namespace=default, Pod=ms-70297-868876bcdb-vj7rd for Target File=deathstar_*.output
Namespace: default, Pod: ms-70297-868876bcdb-vj7rd has the target files.
Copying deathstar_ms-70297.output to deathstar_ms-70297.output
tar: removing leading '/' from member names
Debug: Checking Namespace=default, Pod=nginx-web-server-56557f7cb7-qfk8x for Target File=deathstar_*.output
Namespace: default, Pod: nginx-web-server-56557f7cb7-qfk8x has the target files.
Copying deathstar_nginx-web-server.output to deathstar_nginx-web-server.output
tar: removing leading '/' from member names
Debug: Checking Namespace=default, Pod=unknown-57ddd65965-gzvkc for Target File=deathstar_*.output
Namespace: default, Pod: unknown-57ddd65965-gzvkc has the target files.
Copying deathstar_unknown.output to deathstar_unknown.output
tar: removing leading '/' from member names
