Deployments: ms-25648
ms-27283
ms-27421
ms-2827
ms-34756
ms-36144
ms-37691
ms-41385
ms-41914
ms-46825
ms-54016
ms-55339
ms-58269
ms-58845
ms-68328
ms-70297
nginx-web-server
unknown
deployment "ms-25648" successfully rolled out
deployment "ms-27283" successfully rolled out
deployment "ms-27421" successfully rolled out
deployment "ms-2827" successfully rolled out
deployment "ms-34756" successfully rolled out
deployment "ms-36144" successfully rolled out
deployment "ms-37691" successfully rolled out
deployment "ms-41385" successfully rolled out
deployment "ms-41914" successfully rolled out
deployment "ms-46825" successfully rolled out
deployment "ms-54016" successfully rolled out
deployment "ms-55339" successfully rolled out
deployment "ms-58269" successfully rolled out
deployment "ms-58845" successfully rolled out
deployment "ms-68328" successfully rolled out
deployment "ms-70297" successfully rolled out
deployment "nginx-web-server" successfully rolled out
deployment "unknown" successfully rolled out
ENTRY_POINT: nginx-web-server
SERVICE_A_URL: 10.105.177.231:50051
Capacity: 10000
Metadata: request-id={{.RequestNumber}}
Metadata: timestamp={{.TimestampUnix}}
Metadata: method=S_161142529
Charon Configurations:
[{INTERCEPT charon} {PRICE_UPDATE_RATE 11058us} {TOKEN_UPDATE_RATE 15795us} {LATENCY_THRESHOLD 11961us} {PRICE_STEP 59} {PRICE_STRATEGY proportional} {LAZY_UPDATE true} {RATE_LIMITING true} {LOAD_SHEDDING true} {CHARON_TRACK_PRICE false} {BREAKWATER_SLO 12500us} {BREAKWATER_A 0.001} {BREAKWATER_B 0.02} {BREAKWATER_CLIENT_EXPIRATION 10ms} {BREAKWATER_INITIAL_CREDIT 400} {BREAKWATER_LOAD_SHEDDING true} {BREAKWATER_RTT 1000us} {BREAKWATERD_SLO 12500us} {BREAKWATERD_A 0.001} {BREAKWATERD_B 0.02} {BREAKWATERD_CLIENT_EXPIRATION 10ms} {BREAKWATERD_INITIAL_CREDIT 400} {BREAKWATERD_LOAD_SHEDDING true} {BREAKWATERD_RTT 1000us} {DAGOR_QUEUING_THRESHOLD 2ms} {DAGOR_ALPHA 0.05} {DAGOR_BETA 0.01} {DAGOR_ADMISSION_LEVEL_UPDATE_INTERVAL 10ms} {DAGOR_UMAX 20}]

Summary:
  Count:	89963
  Total:	14.81 s
  Slowest:	850.56 ms
  Fastest:	65.09 ms
  Average:	132.58 ms
  Requests/sec:	6073.15

Response time histogram:
  65.090  [1]     |
  143.637 [54909] |∎∎∎∎∎∎∎∎∎∎∎∎∎∎∎∎∎∎∎∎∎∎∎∎∎∎∎∎∎∎∎∎∎∎∎∎∎∎∎∎
  222.184 [23236] |∎∎∎∎∎∎∎∎∎∎∎∎∎∎∎∎∎
  300.731 [3957]  |∎∎∎
  379.278 [1501]  |∎
  457.825 [1044]  |∎
  536.372 [208]   |
  614.919 [13]    |
  693.466 [0]     |
  772.013 [6]     |
  850.561 [147]   |

Latency distribution:
  10 % in 68.57 ms 
  25 % in 98.44 ms 
  50 % in 127.01 ms 
  75 % in 157.62 ms 
  90 % in 204.32 ms 
  95 % in 267.28 ms 
  99 % in 411.06 ms 

Status code distribution:
  [Canceled]            482 responses     
  [OK]                  85022 responses   
  [ResourceExhausted]   4459 responses    

Error distribution:
  [232]    rpc error: code = ResourceExhausted desc = S_161142529 req dropped by ms-27283. Try again later.           
  [338]    rpc error: code = ResourceExhausted desc = S_161142529 req dropped by unknown. Try again later.            
  [179]    rpc error: code = ResourceExhausted desc = S_161142529 req dropped by ms-41385. Try again later.           
  [3190]   rpc error: code = ResourceExhausted desc = S_161142529 req dropped by nginx-web-server. Try again later.   
  [520]    rpc error: code = ResourceExhausted desc = S_161142529 req dropped by ms-36144. Try again later.           
  [482]    rpc error: code = Canceled desc = grpc: the client connection is closing                                   

Debug: Checking Namespace=default, Pod=ms-25648-86cc47d8bd-srbbp for Target File=deathstar_*.output
Namespace: default, Pod: ms-25648-86cc47d8bd-srbbp has the target files.
Copying deathstar_ms-25648.output to deathstar_ms-25648.output
tar: removing leading '/' from member names
Debug: Checking Namespace=default, Pod=ms-27283-7cb76dd56d-vjrtf for Target File=deathstar_*.output
Namespace: default, Pod: ms-27283-7cb76dd56d-vjrtf has the target files.
Copying deathstar_ms-27283.output to deathstar_ms-27283.output
tar: removing leading '/' from member names
Debug: Checking Namespace=default, Pod=ms-27421-64f549855c-mdpjg for Target File=deathstar_*.output
Namespace: default, Pod: ms-27421-64f549855c-mdpjg has the target files.
Copying deathstar_ms-27421.output to deathstar_ms-27421.output
tar: removing leading '/' from member names
Debug: Checking Namespace=default, Pod=ms-2827-565cbcd7b-w9klb for Target File=deathstar_*.output
Namespace: default, Pod: ms-2827-565cbcd7b-w9klb has the target files.
Copying deathstar_ms-2827.output to deathstar_ms-2827.output
tar: removing leading '/' from member names
Debug: Checking Namespace=default, Pod=ms-34756-7c45d5bcc-4mx2w for Target File=deathstar_*.output
Namespace: default, Pod: ms-34756-7c45d5bcc-4mx2w has the target files.
Copying deathstar_ms-34756.output to deathstar_ms-34756.output
tar: removing leading '/' from member names
Debug: Checking Namespace=default, Pod=ms-36144-7bf7cbfff6-vmcjd for Target File=deathstar_*.output
Namespace: default, Pod: ms-36144-7bf7cbfff6-vmcjd has the target files.
Copying deathstar_ms-36144.output to deathstar_ms-36144.output
tar: removing leading '/' from member names
Debug: Checking Namespace=default, Pod=ms-37691-6f7cbf7c5-f9bxs for Target File=deathstar_*.output
Namespace: default, Pod: ms-37691-6f7cbf7c5-f9bxs has the target files.
Copying deathstar_ms-37691.output to deathstar_ms-37691.output
tar: removing leading '/' from member names
Debug: Checking Namespace=default, Pod=ms-41385-6bc4f5d4fc-8nw6j for Target File=deathstar_*.output
Namespace: default, Pod: ms-41385-6bc4f5d4fc-8nw6j has the target files.
Copying deathstar_ms-41385.output to deathstar_ms-41385.output
tar: removing leading '/' from member names
Debug: Checking Namespace=default, Pod=ms-41914-5555dd8d48-jl6bc for Target File=deathstar_*.output
Namespace: default, Pod: ms-41914-5555dd8d48-jl6bc has the target files.
Copying deathstar_ms-41914.output to deathstar_ms-41914.output
tar: removing leading '/' from member names
Debug: Checking Namespace=default, Pod=ms-46825-58c684559d-bvm8n for Target File=deathstar_*.output
Namespace: default, Pod: ms-46825-58c684559d-bvm8n has the target files.
Copying deathstar_ms-46825.output to deathstar_ms-46825.output
tar: removing leading '/' from member names
Debug: Checking Namespace=default, Pod=ms-54016-5665fbcb8d-8st4q for Target File=deathstar_*.output
Namespace: default, Pod: ms-54016-5665fbcb8d-8st4q has the target files.
Copying deathstar_ms-54016.output to deathstar_ms-54016.output
tar: removing leading '/' from member names
Debug: Checking Namespace=default, Pod=ms-55339-5b545b67bb-xk64m for Target File=deathstar_*.output
Namespace: default, Pod: ms-55339-5b545b67bb-xk64m has the target files.
Copying deathstar_ms-55339.output to deathstar_ms-55339.output
tar: removing leading '/' from member names
Debug: Checking Namespace=default, Pod=ms-58269-8c4794c6c-m746n for Target File=deathstar_*.output
Namespace: default, Pod: ms-58269-8c4794c6c-m746n has the target files.
Copying deathstar_ms-58269.output to deathstar_ms-58269.output
tar: removing leading '/' from member names
Debug: Checking Namespace=default, Pod=ms-58845-5bc6f9d8df-8srmr for Target File=deathstar_*.output
Namespace: default, Pod: ms-58845-5bc6f9d8df-8srmr has the target files.
Copying deathstar_ms-58845.output to deathstar_ms-58845.output
tar: removing leading '/' from member names
Debug: Checking Namespace=default, Pod=ms-68328-5866fd45b7-2kxl7 for Target File=deathstar_*.output
Namespace: default, Pod: ms-68328-5866fd45b7-2kxl7 has the target files.
Copying deathstar_ms-68328.output to deathstar_ms-68328.output
tar: removing leading '/' from member names
Debug: Checking Namespace=default, Pod=ms-70297-868876bcdb-5684t for Target File=deathstar_*.output
Namespace: default, Pod: ms-70297-868876bcdb-5684t has the target files.
Copying deathstar_ms-70297.output to deathstar_ms-70297.output
tar: removing leading '/' from member names
Debug: Checking Namespace=default, Pod=nginx-web-server-56557f7cb7-4zz8v for Target File=deathstar_*.output
Namespace: default, Pod: nginx-web-server-56557f7cb7-4zz8v has the target files.
Copying deathstar_nginx-web-server.output to deathstar_nginx-web-server.output
tar: removing leading '/' from member names
Debug: Checking Namespace=default, Pod=unknown-57ddd65965-dqdn9 for Target File=deathstar_*.output
Namespace: default, Pod: unknown-57ddd65965-dqdn9 has the target files.
Copying deathstar_unknown.output to deathstar_unknown.output
tar: removing leading '/' from member names
