Deployments: ms-10090
ms-13558
ms-18330
ms-19585
ms-20172
ms-22893
ms-24009
ms-24959
ms-26622
ms-27421
ms-29373
ms-32301
ms-3289
ms-37691
ms-38964
ms-40147
ms-48118
ms-4829
ms-51685
ms-52379
ms-55394
ms-58436
ms-58772
ms-59962
ms-60061
ms-6323
ms-65741
ms-66473
ms-69188
ms-69614
ms-9081
nginx-web-server
unknown
deployment "ms-10090" successfully rolled out
deployment "ms-13558" successfully rolled out
deployment "ms-18330" successfully rolled out
deployment "ms-19585" successfully rolled out
deployment "ms-20172" successfully rolled out
deployment "ms-22893" successfully rolled out
deployment "ms-24009" successfully rolled out
deployment "ms-24959" successfully rolled out
deployment "ms-26622" successfully rolled out
deployment "ms-27421" successfully rolled out
deployment "ms-29373" successfully rolled out
deployment "ms-32301" successfully rolled out
deployment "ms-3289" successfully rolled out
deployment "ms-37691" successfully rolled out
deployment "ms-38964" successfully rolled out
deployment "ms-40147" successfully rolled out
deployment "ms-48118" successfully rolled out
deployment "ms-4829" successfully rolled out
deployment "ms-51685" successfully rolled out
deployment "ms-52379" successfully rolled out
deployment "ms-55394" successfully rolled out
deployment "ms-58436" successfully rolled out
deployment "ms-58772" successfully rolled out
deployment "ms-59962" successfully rolled out
deployment "ms-60061" successfully rolled out
deployment "ms-6323" successfully rolled out
deployment "ms-65741" successfully rolled out
deployment "ms-66473" successfully rolled out
deployment "ms-69188" successfully rolled out
deployment "ms-69614" successfully rolled out
deployment "ms-9081" successfully rolled out
deployment "nginx-web-server" successfully rolled out
deployment "unknown" successfully rolled out
ENTRY_POINT: nginx-web-server
SERVICE_A_URL: 10.102.93.218:50051
Capacity: 2000
Metadata: request-id={{.RequestNumber}}
Metadata: timestamp={{.TimestampUnix}}
Metadata: method=S_149998854
Charon Configurations:
[{INTERCEPT charon} {PRICE_UPDATE_RATE 16569us} {TOKEN_UPDATE_RATE 13149us} {LATENCY_THRESHOLD 9000us} {PRICE_STEP 73} {PRICE_STRATEGY proportional} {LAZY_UPDATE true} {RATE_LIMITING true} {LOAD_SHEDDING true} {CHARON_TRACK_PRICE false} {BREAKWATER_SLO 12500us} {BREAKWATER_A 0.001} {BREAKWATER_B 0.02} {BREAKWATER_CLIENT_EXPIRATION 10ms} {BREAKWATER_INITIAL_CREDIT 400} {BREAKWATER_LOAD_SHEDDING true} {BREAKWATER_RTT 1000us} {BREAKWATERD_SLO 12500us} {BREAKWATERD_A 0.001} {BREAKWATERD_B 0.02} {BREAKWATERD_CLIENT_EXPIRATION 10ms} {BREAKWATERD_INITIAL_CREDIT 400} {BREAKWATERD_LOAD_SHEDDING true} {BREAKWATERD_RTT 1000us} {DAGOR_QUEUING_THRESHOLD 2ms} {DAGOR_ALPHA 0.05} {DAGOR_BETA 0.01} {DAGOR_ADMISSION_LEVEL_UPDATE_INTERVAL 10ms} {DAGOR_UMAX 20}]

Summary:
  Count:	31215
  Total:	14.76 s
  Slowest:	151.80 ms
  Fastest:	110.74 ms
  Average:	112.39 ms
  Requests/sec:	2114.92

Response time histogram:
  110.741 [1]     |
  114.847 [23694] |∎∎∎∎∎∎∎∎∎∎∎∎∎∎∎∎∎∎∎∎∎∎∎∎∎∎∎∎∎∎∎∎∎∎∎∎∎∎∎∎
  118.953 [5746]  |∎∎∎∎∎∎∎∎∎∎
  123.059 [939]   |∎∎
  127.165 [209]   |
  131.271 [50]    |
  135.377 [35]    |
  139.483 [14]    |
  143.589 [2]     |
  147.695 [3]     |
  151.801 [4]     |

Latency distribution:
  10 % in 111.68 ms 
  25 % in 112.18 ms 
  50 % in 113.10 ms 
  75 % in 114.66 ms 
  90 % in 116.71 ms 
  95 % in 118.41 ms 
  99 % in 123.16 ms 

Status code distribution:
  [ResourceExhausted]   333 responses     
  [OK]                  30697 responses   
  [Canceled]            185 responses     

Error distribution:
  [6]     rpc error: code = ResourceExhausted desc = S_149998854 req dropped by ms-55394. Try again later.           
  [2]     rpc error: code = ResourceExhausted desc = S_149998854 req dropped by ms-18330. Try again later.           
  [3]     rpc error: code = ResourceExhausted desc = S_149998854 req dropped by ms-66473. Try again later.           
  [322]   rpc error: code = ResourceExhausted desc = S_149998854 req dropped by nginx-web-server. Try again later.   
  [185]   rpc error: code = Canceled desc = grpc: the client connection is closing                                   

Debug: Checking Namespace=default, Pod=ms-10090-6454f977fd-qzpw4 for Target File=deathstar_*.output
Namespace: default, Pod: ms-10090-6454f977fd-qzpw4 has the target files.
Copying deathstar_ms-10090.output to deathstar_ms-10090.output
tar: removing leading '/' from member names
Debug: Checking Namespace=default, Pod=ms-13558-b48bb5d9d-cmwrq for Target File=deathstar_*.output
Namespace: default, Pod: ms-13558-b48bb5d9d-cmwrq has the target files.
Copying deathstar_ms-13558.output to deathstar_ms-13558.output
tar: removing leading '/' from member names
Debug: Checking Namespace=default, Pod=ms-18330-759d9cf49c-7sqnd for Target File=deathstar_*.output
Namespace: default, Pod: ms-18330-759d9cf49c-7sqnd has the target files.
Copying deathstar_ms-18330.output to deathstar_ms-18330.output
tar: removing leading '/' from member names
Debug: Checking Namespace=default, Pod=ms-19585-6f995cfcbf-tjwgh for Target File=deathstar_*.output
Namespace: default, Pod: ms-19585-6f995cfcbf-tjwgh has the target files.
Copying deathstar_ms-19585.output to deathstar_ms-19585.output
tar: removing leading '/' from member names
Debug: Checking Namespace=default, Pod=ms-20172-59d5485464-hxmvp for Target File=deathstar_*.output
Namespace: default, Pod: ms-20172-59d5485464-hxmvp has the target files.
Copying deathstar_ms-20172.output to deathstar_ms-20172.output
tar: removing leading '/' from member names
Debug: Checking Namespace=default, Pod=ms-22893-576fd5f9f6-9bcxb for Target File=deathstar_*.output
Namespace: default, Pod: ms-22893-576fd5f9f6-9bcxb has the target files.
Copying deathstar_ms-22893.output to deathstar_ms-22893.output
tar: removing leading '/' from member names
Debug: Checking Namespace=default, Pod=ms-24009-67dbf5b976-8xwsj for Target File=deathstar_*.output
Namespace: default, Pod: ms-24009-67dbf5b976-8xwsj has the target files.
Copying deathstar_ms-24009.output to deathstar_ms-24009.output
tar: removing leading '/' from member names
Debug: Checking Namespace=default, Pod=ms-24959-99f8bbf9-zmxv6 for Target File=deathstar_*.output
Namespace: default, Pod: ms-24959-99f8bbf9-zmxv6 has the target files.
Copying deathstar_ms-24959.output to deathstar_ms-24959.output
tar: removing leading '/' from member names
Debug: Checking Namespace=default, Pod=ms-26622-66fdf7d64f-ltrb4 for Target File=deathstar_*.output
Namespace: default, Pod: ms-26622-66fdf7d64f-ltrb4 has the target files.
Copying deathstar_ms-26622.output to deathstar_ms-26622.output
tar: removing leading '/' from member names
Debug: Checking Namespace=default, Pod=ms-27421-64f549855c-z5qh4 for Target File=deathstar_*.output
Namespace: default, Pod: ms-27421-64f549855c-z5qh4 has the target files.
Copying deathstar_ms-27421.output to deathstar_ms-27421.output
tar: removing leading '/' from member names
Debug: Checking Namespace=default, Pod=ms-29373-8467f7db44-zxggz for Target File=deathstar_*.output
Namespace: default, Pod: ms-29373-8467f7db44-zxggz has the target files.
Copying deathstar_ms-29373.output to deathstar_ms-29373.output
tar: removing leading '/' from member names
Debug: Checking Namespace=default, Pod=ms-32301-c5654bbc5-88qhd for Target File=deathstar_*.output
Namespace: default, Pod: ms-32301-c5654bbc5-88qhd has the target files.
Copying deathstar_ms-32301.output to deathstar_ms-32301.output
tar: removing leading '/' from member names
Debug: Checking Namespace=default, Pod=ms-3289-587dbd96bf-dh559 for Target File=deathstar_*.output
Namespace: default, Pod: ms-3289-587dbd96bf-dh559 has the target files.
Copying deathstar_ms-3289.output to deathstar_ms-3289.output
tar: removing leading '/' from member names
Debug: Checking Namespace=default, Pod=ms-37691-6dc6cd6744-dpqnl for Target File=deathstar_*.output
Namespace: default, Pod: ms-37691-6dc6cd6744-dpqnl has the target files.
Copying deathstar_ms-37691.output to deathstar_ms-37691.output
tar: removing leading '/' from member names
Debug: Checking Namespace=default, Pod=ms-38964-5b647cdbd-tkfw4 for Target File=deathstar_*.output
Namespace: default, Pod: ms-38964-5b647cdbd-tkfw4 has the target files.
Copying deathstar_ms-38964.output to deathstar_ms-38964.output
tar: removing leading '/' from member names
Debug: Checking Namespace=default, Pod=ms-40147-cd867585-xwt24 for Target File=deathstar_*.output
Namespace: default, Pod: ms-40147-cd867585-xwt24 has the target files.
Copying deathstar_ms-40147.output to deathstar_ms-40147.output
tar: removing leading '/' from member names
Debug: Checking Namespace=default, Pod=ms-48118-ff7b99cc9-tvlqn for Target File=deathstar_*.output
Namespace: default, Pod: ms-48118-ff7b99cc9-tvlqn has the target files.
Copying deathstar_ms-48118.output to deathstar_ms-48118.output
tar: removing leading '/' from member names
Debug: Checking Namespace=default, Pod=ms-4829-669557b66c-229l7 for Target File=deathstar_*.output
Namespace: default, Pod: ms-4829-669557b66c-229l7 has the target files.
Copying deathstar_ms-4829.output to deathstar_ms-4829.output
tar: removing leading '/' from member names
Debug: Checking Namespace=default, Pod=ms-51685-79858c784f-ptxk6 for Target File=deathstar_*.output
Namespace: default, Pod: ms-51685-79858c784f-ptxk6 has the target files.
Copying deathstar_ms-51685.output to deathstar_ms-51685.output
tar: removing leading '/' from member names
Debug: Checking Namespace=default, Pod=ms-52379-57c6cdd54b-m2wl2 for Target File=deathstar_*.output
Namespace: default, Pod: ms-52379-57c6cdd54b-m2wl2 has the target files.
Copying deathstar_ms-52379.output to deathstar_ms-52379.output
tar: removing leading '/' from member names
Debug: Checking Namespace=default, Pod=ms-55394-6f999f5df9-6rp52 for Target File=deathstar_*.output
Namespace: default, Pod: ms-55394-6f999f5df9-6rp52 has the target files.
Copying deathstar_ms-55394.output to deathstar_ms-55394.output
tar: removing leading '/' from member names
Debug: Checking Namespace=default, Pod=ms-58436-59dd96f659-6nqpm for Target File=deathstar_*.output
Namespace: default, Pod: ms-58436-59dd96f659-6nqpm has the target files.
Copying deathstar_ms-58436.output to deathstar_ms-58436.output
tar: removing leading '/' from member names
Debug: Checking Namespace=default, Pod=ms-58772-68ff78c966-sbb9c for Target File=deathstar_*.output
Namespace: default, Pod: ms-58772-68ff78c966-sbb9c has the target files.
Copying deathstar_ms-58772.output to deathstar_ms-58772.output
tar: removing leading '/' from member names
Debug: Checking Namespace=default, Pod=ms-59962-756b895b58-zs2r9 for Target File=deathstar_*.output
Namespace: default, Pod: ms-59962-756b895b58-zs2r9 has the target files.
Copying deathstar_ms-59962.output to deathstar_ms-59962.output
tar: removing leading '/' from member names
Debug: Checking Namespace=default, Pod=ms-60061-68bd84bdcd-kvw9t for Target File=deathstar_*.output
Namespace: default, Pod: ms-60061-68bd84bdcd-kvw9t has the target files.
Copying deathstar_ms-60061.output to deathstar_ms-60061.output
tar: removing leading '/' from member names
Debug: Checking Namespace=default, Pod=ms-6323-974659fcd-gcv7s for Target File=deathstar_*.output
Namespace: default, Pod: ms-6323-974659fcd-gcv7s has the target files.
Copying deathstar_ms-6323.output to deathstar_ms-6323.output
tar: removing leading '/' from member names
Debug: Checking Namespace=default, Pod=ms-65741-65f588bcdf-zmq79 for Target File=deathstar_*.output
Namespace: default, Pod: ms-65741-65f588bcdf-zmq79 has the target files.
Copying deathstar_ms-65741.output to deathstar_ms-65741.output
tar: removing leading '/' from member names
Debug: Checking Namespace=default, Pod=ms-66473-79c66f8bff-fh9lg for Target File=deathstar_*.output
Namespace: default, Pod: ms-66473-79c66f8bff-fh9lg has the target files.
Copying deathstar_ms-66473.output to deathstar_ms-66473.output
tar: removing leading '/' from member names
Debug: Checking Namespace=default, Pod=ms-69188-65c548d4cb-qppnn for Target File=deathstar_*.output
Namespace: default, Pod: ms-69188-65c548d4cb-qppnn has the target files.
Copying deathstar_ms-69188.output to deathstar_ms-69188.output
tar: removing leading '/' from member names
Debug: Checking Namespace=default, Pod=ms-69614-794bd8475-shs47 for Target File=deathstar_*.output
Namespace: default, Pod: ms-69614-794bd8475-shs47 has the target files.
Copying deathstar_ms-69614.output to deathstar_ms-69614.output
tar: removing leading '/' from member names
Debug: Checking Namespace=default, Pod=ms-9081-567985788-mp8xc for Target File=deathstar_*.output
Namespace: default, Pod: ms-9081-567985788-mp8xc has the target files.
Copying deathstar_ms-9081.output to deathstar_ms-9081.output
tar: removing leading '/' from member names
Debug: Checking Namespace=default, Pod=nginx-web-server-56557f7cb7-fxxrb for Target File=deathstar_*.output
Namespace: default, Pod: nginx-web-server-56557f7cb7-fxxrb has the target files.
Copying deathstar_nginx-web-server.output to deathstar_nginx-web-server.output
tar: removing leading '/' from member names
Debug: Checking Namespace=default, Pod=unknown-6ddf9bd4b5-25sp9 for Target File=deathstar_*.output
Namespace: default, Pod: unknown-6ddf9bd4b5-25sp9 has the target files.
Copying deathstar_unknown.output to deathstar_unknown.output
tar: removing leading '/' from member names
