Deployments: ms-11070
ms-11285
ms-11512
ms-1278
ms-13873
ms-19953
ms-21883
ms-25124
ms-27421
ms-2827
ms-33719
ms-37691
ms-43309
ms-4354
ms-46825
ms-60236
ms-71771
ms-8052
ms-902
nginx-web-server
deployment "ms-11070" successfully rolled out
deployment "ms-11285" successfully rolled out
deployment "ms-11512" successfully rolled out
deployment "ms-1278" successfully rolled out
deployment "ms-13873" successfully rolled out
deployment "ms-19953" successfully rolled out
deployment "ms-21883" successfully rolled out
deployment "ms-25124" successfully rolled out
deployment "ms-27421" successfully rolled out
deployment "ms-2827" successfully rolled out
deployment "ms-33719" successfully rolled out
deployment "ms-37691" successfully rolled out
deployment "ms-43309" successfully rolled out
deployment "ms-4354" successfully rolled out
deployment "ms-46825" successfully rolled out
deployment "ms-60236" successfully rolled out
deployment "ms-71771" successfully rolled out
deployment "ms-8052" successfully rolled out
deployment "ms-902" successfully rolled out
deployment "nginx-web-server" successfully rolled out
ENTRY_POINT: nginx-web-server
SERVICE_A_URL: 10.97.124.253:50051
Capacity: 10000
Metadata: request-id={{.RequestNumber}}
Metadata: timestamp={{.TimestampUnix}}
Metadata: method=S_102000854
Charon Configurations:
[{INTERCEPT charon} {PRICE_UPDATE_RATE 8549us} {TOKEN_UPDATE_RATE 26106us} {LATENCY_THRESHOLD 5785us} {PRICE_STEP 78} {PRICE_STRATEGY proportional} {LAZY_UPDATE true} {RATE_LIMITING true} {LOAD_SHEDDING true} {CHARON_TRACK_PRICE false} {BREAKWATER_SLO 12500us} {BREAKWATER_A 0.001} {BREAKWATER_B 0.02} {BREAKWATER_CLIENT_EXPIRATION 10ms} {BREAKWATER_INITIAL_CREDIT 400} {BREAKWATER_LOAD_SHEDDING true} {BREAKWATER_RTT 1000us} {BREAKWATERD_SLO 12500us} {BREAKWATERD_A 0.001} {BREAKWATERD_B 0.02} {BREAKWATERD_CLIENT_EXPIRATION 10ms} {BREAKWATERD_INITIAL_CREDIT 400} {BREAKWATERD_LOAD_SHEDDING true} {BREAKWATERD_RTT 1000us} {DAGOR_QUEUING_THRESHOLD 2ms} {DAGOR_ALPHA 0.05} {DAGOR_BETA 0.01} {DAGOR_ADMISSION_LEVEL_UPDATE_INTERVAL 10ms} {DAGOR_UMAX 20}]

Summary:
  Count:	77450
  Total:	14.80 s
  Slowest:	928.12 ms
  Fastest:	38.87 ms
  Average:	66.05 ms
  Requests/sec:	5234.87

Response time histogram:
  38.872  [1]     |
  127.797 [68928] |∎∎∎∎∎∎∎∎∎∎∎∎∎∎∎∎∎∎∎∎∎∎∎∎∎∎∎∎∎∎∎∎∎∎∎∎∎∎∎∎
  216.722 [2109]  |∎
  305.646 [1640]  |∎
  394.571 [115]   |
  483.496 [36]    |
  572.421 [73]    |
  661.345 [36]    |
  750.270 [7]     |
  839.195 [72]    |
  928.119 [50]    |

Latency distribution:
  10 % in 40.84 ms 
  25 % in 45.49 ms 
  50 % in 57.32 ms 
  75 % in 70.13 ms 
  90 % in 89.39 ms 
  95 % in 144.43 ms 
  99 % in 272.01 ms 

Status code distribution:
  [OK]                  73067 responses   
  [ResourceExhausted]   4177 responses    
  [Canceled]            206 responses     

Error distribution:
  [192]    rpc error: code = ResourceExhausted desc = S_102000854 req dropped by ms-25124. Try again later.           
  [2]      rpc error: code = ResourceExhausted desc = S_102000854 req dropped by ms-71771. Try again later.           
  [636]    rpc error: code = ResourceExhausted desc = S_102000854 req dropped by ms-13873. Try again later.           
  [176]    rpc error: code = ResourceExhausted desc = S_102000854 req dropped by ms-60236. Try again later.           
  [206]    rpc error: code = Canceled desc = grpc: the client connection is closing                                   
  [3171]   rpc error: code = ResourceExhausted desc = S_102000854 req dropped by nginx-web-server. Try again later.   

Debug: Checking Namespace=default, Pod=ms-11070-7868c54f44-nrmgk for Target File=deathstar_*.output
Namespace: default, Pod: ms-11070-7868c54f44-nrmgk has the target files.
Copying deathstar_ms-11070.output to deathstar_ms-11070.output
tar: removing leading '/' from member names
Debug: Checking Namespace=default, Pod=ms-11285-67d597dc77-95fdr for Target File=deathstar_*.output
Namespace: default, Pod: ms-11285-67d597dc77-95fdr has the target files.
Copying deathstar_ms-11285.output to deathstar_ms-11285.output
tar: removing leading '/' from member names
Debug: Checking Namespace=default, Pod=ms-11512-75f8ddc45b-nvc4c for Target File=deathstar_*.output
Namespace: default, Pod: ms-11512-75f8ddc45b-nvc4c has the target files.
Copying deathstar_ms-11512.output to deathstar_ms-11512.output
tar: removing leading '/' from member names
Debug: Checking Namespace=default, Pod=ms-1278-85766ff6b8-7gjc6 for Target File=deathstar_*.output
Namespace: default, Pod: ms-1278-85766ff6b8-7gjc6 has the target files.
Copying deathstar_ms-1278.output to deathstar_ms-1278.output
tar: removing leading '/' from member names
Debug: Checking Namespace=default, Pod=ms-13873-85d7bb7b97-mm5zt for Target File=deathstar_*.output
Namespace: default, Pod: ms-13873-85d7bb7b97-mm5zt has the target files.
Copying deathstar_ms-13873.output to deathstar_ms-13873.output
tar: removing leading '/' from member names
Debug: Checking Namespace=default, Pod=ms-19953-68cc8998c5-kzx7m for Target File=deathstar_*.output
Namespace: default, Pod: ms-19953-68cc8998c5-kzx7m has the target files.
Copying deathstar_ms-19953.output to deathstar_ms-19953.output
tar: removing leading '/' from member names
Debug: Checking Namespace=default, Pod=ms-21883-f6c88c6d4-v6brc for Target File=deathstar_*.output
Namespace: default, Pod: ms-21883-f6c88c6d4-v6brc has the target files.
Copying deathstar_ms-21883.output to deathstar_ms-21883.output
tar: removing leading '/' from member names
Debug: Checking Namespace=default, Pod=ms-25124-77bd4446f5-zdk72 for Target File=deathstar_*.output
Namespace: default, Pod: ms-25124-77bd4446f5-zdk72 has the target files.
Copying deathstar_ms-25124.output to deathstar_ms-25124.output
tar: removing leading '/' from member names
Debug: Checking Namespace=default, Pod=ms-27421-8565974486-hszkg for Target File=deathstar_*.output
Namespace: default, Pod: ms-27421-8565974486-hszkg has the target files.
Copying deathstar_ms-27421.output to deathstar_ms-27421.output
tar: removing leading '/' from member names
Debug: Checking Namespace=default, Pod=ms-2827-5dcc6df4f4-2wkp7 for Target File=deathstar_*.output
Namespace: default, Pod: ms-2827-5dcc6df4f4-2wkp7 has the target files.
Copying deathstar_ms-2827.output to deathstar_ms-2827.output
tar: removing leading '/' from member names
Debug: Checking Namespace=default, Pod=ms-33719-6c455cf54c-4wq2s for Target File=deathstar_*.output
Namespace: default, Pod: ms-33719-6c455cf54c-4wq2s has the target files.
Copying deathstar_ms-33719.output to deathstar_ms-33719.output
tar: removing leading '/' from member names
Debug: Checking Namespace=default, Pod=ms-37691-b9bc44798-lmn77 for Target File=deathstar_*.output
Namespace: default, Pod: ms-37691-b9bc44798-lmn77 has the target files.
Copying deathstar_ms-37691.output to deathstar_ms-37691.output
tar: removing leading '/' from member names
Debug: Checking Namespace=default, Pod=ms-43309-54f758d465-tvg65 for Target File=deathstar_*.output
Namespace: default, Pod: ms-43309-54f758d465-tvg65 has the target files.
Copying deathstar_ms-43309.output to deathstar_ms-43309.output
tar: removing leading '/' from member names
Debug: Checking Namespace=default, Pod=ms-4354-669cfcbdf6-h4cjv for Target File=deathstar_*.output
Namespace: default, Pod: ms-4354-669cfcbdf6-h4cjv has the target files.
Copying deathstar_ms-4354.output to deathstar_ms-4354.output
tar: removing leading '/' from member names
Debug: Checking Namespace=default, Pod=ms-46825-58c684559d-6bnwh for Target File=deathstar_*.output
Namespace: default, Pod: ms-46825-58c684559d-6bnwh has the target files.
Copying deathstar_ms-46825.output to deathstar_ms-46825.output
tar: removing leading '/' from member names
Debug: Checking Namespace=default, Pod=ms-60236-64866cf49-hhqgh for Target File=deathstar_*.output
Namespace: default, Pod: ms-60236-64866cf49-hhqgh has the target files.
Copying deathstar_ms-60236.output to deathstar_ms-60236.output
tar: removing leading '/' from member names
Debug: Checking Namespace=default, Pod=ms-71771-567ddbdd95-tv75l for Target File=deathstar_*.output
Namespace: default, Pod: ms-71771-567ddbdd95-tv75l has the target files.
Copying deathstar_ms-71771.output to deathstar_ms-71771.output
tar: removing leading '/' from member names
Debug: Checking Namespace=default, Pod=ms-8052-b995968dc-x6c5f for Target File=deathstar_*.output
Namespace: default, Pod: ms-8052-b995968dc-x6c5f has the target files.
Copying deathstar_ms-8052.output to deathstar_ms-8052.output
tar: removing leading '/' from member names
Debug: Checking Namespace=default, Pod=ms-902-5744544f85-wzdlw for Target File=deathstar_*.output
Namespace: default, Pod: ms-902-5744544f85-wzdlw has the target files.
Copying deathstar_ms-902.output to deathstar_ms-902.output
tar: removing leading '/' from member names
Debug: Checking Namespace=default, Pod=nginx-web-server-56557f7cb7-xhrvp for Target File=deathstar_*.output
Namespace: default, Pod: nginx-web-server-56557f7cb7-xhrvp has the target files.
Copying deathstar_nginx-web-server.output to deathstar_nginx-web-server.output
tar: removing leading '/' from member names
