Deployments: ms-11070
ms-11285
ms-11512
ms-1278
ms-13873
ms-19953
ms-21883
ms-25124
ms-27421
ms-2827
ms-33719
ms-37691
ms-43309
ms-4354
ms-46825
ms-60236
ms-71771
ms-8052
ms-902
nginx-web-server
deployment "ms-11070" successfully rolled out
deployment "ms-11285" successfully rolled out
deployment "ms-11512" successfully rolled out
deployment "ms-1278" successfully rolled out
deployment "ms-13873" successfully rolled out
deployment "ms-19953" successfully rolled out
deployment "ms-21883" successfully rolled out
deployment "ms-25124" successfully rolled out
deployment "ms-27421" successfully rolled out
deployment "ms-2827" successfully rolled out
deployment "ms-33719" successfully rolled out
deployment "ms-37691" successfully rolled out
deployment "ms-43309" successfully rolled out
deployment "ms-4354" successfully rolled out
deployment "ms-46825" successfully rolled out
deployment "ms-60236" successfully rolled out
deployment "ms-71771" successfully rolled out
deployment "ms-8052" successfully rolled out
deployment "ms-902" successfully rolled out
deployment "nginx-web-server" successfully rolled out
ENTRY_POINT: nginx-web-server
SERVICE_A_URL: 10.107.185.153:50051
Capacity: 10000
Metadata: request-id={{.RequestNumber}}
Metadata: timestamp={{.TimestampUnix}}
Metadata: method=S_102000854
Charon Configurations:
[{INTERCEPT charon} {PRICE_UPDATE_RATE 5073us} {TOKEN_UPDATE_RATE 12675us} {LATENCY_THRESHOLD 7121us} {PRICE_STEP 150} {PRICE_STRATEGY proportional} {LAZY_UPDATE true} {RATE_LIMITING true} {LOAD_SHEDDING true} {CHARON_TRACK_PRICE false} {BREAKWATER_SLO 12500us} {BREAKWATER_A 0.001} {BREAKWATER_B 0.02} {BREAKWATER_CLIENT_EXPIRATION 10ms} {BREAKWATER_INITIAL_CREDIT 400} {BREAKWATER_LOAD_SHEDDING true} {BREAKWATER_RTT 1000us} {BREAKWATERD_SLO 12500us} {BREAKWATERD_A 0.001} {BREAKWATERD_B 0.02} {BREAKWATERD_CLIENT_EXPIRATION 10ms} {BREAKWATERD_INITIAL_CREDIT 400} {BREAKWATERD_LOAD_SHEDDING true} {BREAKWATERD_RTT 1000us} {DAGOR_QUEUING_THRESHOLD 2ms} {DAGOR_ALPHA 0.05} {DAGOR_BETA 0.01} {DAGOR_ADMISSION_LEVEL_UPDATE_INTERVAL 10ms} {DAGOR_UMAX 20}]

Summary:
  Count:	81725
  Total:	14.75 s
  Slowest:	768.02 ms
  Fastest:	38.87 ms
  Average:	71.04 ms
  Requests/sec:	5542.18

Response time histogram:
  38.874  [1]     |
  111.789 [72354] |∎∎∎∎∎∎∎∎∎∎∎∎∎∎∎∎∎∎∎∎∎∎∎∎∎∎∎∎∎∎∎∎∎∎∎∎∎∎∎∎
  184.703 [2753]  |∎∎
  257.618 [1012]  |∎
  330.533 [1288]  |∎
  403.448 [485]   |
  476.363 [41]    |
  549.278 [0]     |
  622.192 [0]     |
  695.107 [0]     |
  768.022 [35]    |

Latency distribution:
  10 % in 41.51 ms 
  25 % in 47.79 ms 
  50 % in 61.98 ms 
  75 % in 78.21 ms 
  90 % in 100.89 ms 
  95 % in 138.33 ms 
  99 % in 315.72 ms 

Status code distribution:
  [OK]                  77969 responses   
  [ResourceExhausted]   3746 responses    
  [Canceled]            10 responses      

Error distribution:
  [211]    rpc error: code = ResourceExhausted desc = S_102000854 req dropped by ms-25124. Try again later.           
  [2630]   rpc error: code = ResourceExhausted desc = S_102000854 req dropped by nginx-web-server. Try again later.   
  [574]    rpc error: code = ResourceExhausted desc = S_102000854 req dropped by ms-13873. Try again later.           
  [1]      rpc error: code = ResourceExhausted desc = S_102000854 req dropped by ms-33719. Try again later.           
  [16]     rpc error: code = ResourceExhausted desc = S_102000854 req dropped by ms-71771. Try again later.           
  [10]     rpc error: code = Canceled desc = grpc: the client connection is closing                                   
  [314]    rpc error: code = ResourceExhausted desc = S_102000854 req dropped by ms-60236. Try again later.           

Debug: Checking Namespace=default, Pod=ms-11070-7868c54f44-qcqvs for Target File=deathstar_*.output
Namespace: default, Pod: ms-11070-7868c54f44-qcqvs has the target files.
Copying deathstar_ms-11070.output to deathstar_ms-11070.output
tar: removing leading '/' from member names
Debug: Checking Namespace=default, Pod=ms-11285-67d597dc77-jsgxg for Target File=deathstar_*.output
Namespace: default, Pod: ms-11285-67d597dc77-jsgxg has the target files.
Copying deathstar_ms-11285.output to deathstar_ms-11285.output
tar: removing leading '/' from member names
Debug: Checking Namespace=default, Pod=ms-11512-75f8ddc45b-8cxdw for Target File=deathstar_*.output
Namespace: default, Pod: ms-11512-75f8ddc45b-8cxdw has the target files.
Copying deathstar_ms-11512.output to deathstar_ms-11512.output
tar: removing leading '/' from member names
Debug: Checking Namespace=default, Pod=ms-1278-85766ff6b8-r287t for Target File=deathstar_*.output
Namespace: default, Pod: ms-1278-85766ff6b8-r287t has the target files.
Copying deathstar_ms-1278.output to deathstar_ms-1278.output
tar: removing leading '/' from member names
Debug: Checking Namespace=default, Pod=ms-13873-85d7bb7b97-klrlm for Target File=deathstar_*.output
Namespace: default, Pod: ms-13873-85d7bb7b97-klrlm has the target files.
Copying deathstar_ms-13873.output to deathstar_ms-13873.output
tar: removing leading '/' from member names
Debug: Checking Namespace=default, Pod=ms-19953-68cc8998c5-nd7sh for Target File=deathstar_*.output
Namespace: default, Pod: ms-19953-68cc8998c5-nd7sh has the target files.
Copying deathstar_ms-19953.output to deathstar_ms-19953.output
tar: removing leading '/' from member names
Debug: Checking Namespace=default, Pod=ms-21883-f6c88c6d4-f9zzw for Target File=deathstar_*.output
Namespace: default, Pod: ms-21883-f6c88c6d4-f9zzw has the target files.
Copying deathstar_ms-21883.output to deathstar_ms-21883.output
tar: removing leading '/' from member names
Debug: Checking Namespace=default, Pod=ms-25124-77bd4446f5-ml4nk for Target File=deathstar_*.output
Namespace: default, Pod: ms-25124-77bd4446f5-ml4nk has the target files.
Copying deathstar_ms-25124.output to deathstar_ms-25124.output
tar: removing leading '/' from member names
Debug: Checking Namespace=default, Pod=ms-27421-8565974486-nwcwk for Target File=deathstar_*.output
Namespace: default, Pod: ms-27421-8565974486-nwcwk has the target files.
Copying deathstar_ms-27421.output to deathstar_ms-27421.output
tar: removing leading '/' from member names
Debug: Checking Namespace=default, Pod=ms-2827-5dcc6df4f4-zsjnd for Target File=deathstar_*.output
Namespace: default, Pod: ms-2827-5dcc6df4f4-zsjnd has the target files.
Copying deathstar_ms-2827.output to deathstar_ms-2827.output
tar: removing leading '/' from member names
Debug: Checking Namespace=default, Pod=ms-33719-6c455cf54c-f8qc6 for Target File=deathstar_*.output
Namespace: default, Pod: ms-33719-6c455cf54c-f8qc6 has the target files.
Copying deathstar_ms-33719.output to deathstar_ms-33719.output
tar: removing leading '/' from member names
Debug: Checking Namespace=default, Pod=ms-37691-b9bc44798-8smjt for Target File=deathstar_*.output
Namespace: default, Pod: ms-37691-b9bc44798-8smjt has the target files.
Copying deathstar_ms-37691.output to deathstar_ms-37691.output
tar: removing leading '/' from member names
Debug: Checking Namespace=default, Pod=ms-43309-54f758d465-9m7bc for Target File=deathstar_*.output
Namespace: default, Pod: ms-43309-54f758d465-9m7bc has the target files.
Copying deathstar_ms-43309.output to deathstar_ms-43309.output
tar: removing leading '/' from member names
Debug: Checking Namespace=default, Pod=ms-4354-669cfcbdf6-zv4qr for Target File=deathstar_*.output
Namespace: default, Pod: ms-4354-669cfcbdf6-zv4qr has the target files.
Copying deathstar_ms-4354.output to deathstar_ms-4354.output
tar: removing leading '/' from member names
Debug: Checking Namespace=default, Pod=ms-46825-58c684559d-scpdk for Target File=deathstar_*.output
Namespace: default, Pod: ms-46825-58c684559d-scpdk has the target files.
Copying deathstar_ms-46825.output to deathstar_ms-46825.output
tar: removing leading '/' from member names
Debug: Checking Namespace=default, Pod=ms-60236-64866cf49-6sl95 for Target File=deathstar_*.output
Namespace: default, Pod: ms-60236-64866cf49-6sl95 has the target files.
Copying deathstar_ms-60236.output to deathstar_ms-60236.output
tar: removing leading '/' from member names
Debug: Checking Namespace=default, Pod=ms-71771-567ddbdd95-rd27p for Target File=deathstar_*.output
Namespace: default, Pod: ms-71771-567ddbdd95-rd27p has the target files.
Copying deathstar_ms-71771.output to deathstar_ms-71771.output
tar: removing leading '/' from member names
Debug: Checking Namespace=default, Pod=ms-8052-b995968dc-szvs7 for Target File=deathstar_*.output
Namespace: default, Pod: ms-8052-b995968dc-szvs7 has the target files.
Copying deathstar_ms-8052.output to deathstar_ms-8052.output
tar: removing leading '/' from member names
Debug: Checking Namespace=default, Pod=ms-902-5744544f85-gq7ds for Target File=deathstar_*.output
Namespace: default, Pod: ms-902-5744544f85-gq7ds has the target files.
Copying deathstar_ms-902.output to deathstar_ms-902.output
tar: removing leading '/' from member names
Debug: Checking Namespace=default, Pod=nginx-web-server-56557f7cb7-wc9q5 for Target File=deathstar_*.output
Namespace: default, Pod: nginx-web-server-56557f7cb7-wc9q5 has the target files.
Copying deathstar_nginx-web-server.output to deathstar_nginx-web-server.output
tar: removing leading '/' from member names
