Deployments: ms-10090
ms-13558
ms-18330
ms-19585
ms-20172
ms-22893
ms-24009
ms-24959
ms-26622
ms-27421
ms-29373
ms-32301
ms-3289
ms-37691
ms-38964
ms-40147
ms-48118
ms-4829
ms-51685
ms-52379
ms-55394
ms-58436
ms-58772
ms-59962
ms-60061
ms-6323
ms-65741
ms-66473
ms-69188
ms-69614
ms-9081
nginx-web-server
unknown
deployment "ms-10090" successfully rolled out
deployment "ms-13558" successfully rolled out
deployment "ms-18330" successfully rolled out
deployment "ms-19585" successfully rolled out
deployment "ms-20172" successfully rolled out
deployment "ms-22893" successfully rolled out
deployment "ms-24009" successfully rolled out
deployment "ms-24959" successfully rolled out
deployment "ms-26622" successfully rolled out
deployment "ms-27421" successfully rolled out
deployment "ms-29373" successfully rolled out
deployment "ms-32301" successfully rolled out
deployment "ms-3289" successfully rolled out
deployment "ms-37691" successfully rolled out
deployment "ms-38964" successfully rolled out
deployment "ms-40147" successfully rolled out
deployment "ms-48118" successfully rolled out
deployment "ms-4829" successfully rolled out
deployment "ms-51685" successfully rolled out
deployment "ms-52379" successfully rolled out
deployment "ms-55394" successfully rolled out
deployment "ms-58436" successfully rolled out
deployment "ms-58772" successfully rolled out
deployment "ms-59962" successfully rolled out
deployment "ms-60061" successfully rolled out
deployment "ms-6323" successfully rolled out
deployment "ms-65741" successfully rolled out
deployment "ms-66473" successfully rolled out
deployment "ms-69188" successfully rolled out
deployment "ms-69614" successfully rolled out
deployment "ms-9081" successfully rolled out
deployment "nginx-web-server" successfully rolled out
deployment "unknown" successfully rolled out
ENTRY_POINT: nginx-web-server
SERVICE_A_URL: 10.104.12.49:50051
Capacity: 8000
Metadata: request-id={{.RequestNumber}}
Metadata: timestamp={{.TimestampUnix}}
Metadata: method=motivation-both
Charon Configurations:
[{INTERCEPT breakwater} {PRICE_UPDATE_RATE 10ms} {TOKEN_UPDATE_RATE 10ms} {LATENCY_THRESHOLD 100us} {PRICE_STEP 0} {PRICE_STRATEGY step} {LAZY_UPDATE false} {RATE_LIMITING true} {LOAD_SHEDDING true} {CHARON_TRACK_PRICE false} {BREAKWATER_SLO 1937us} {BREAKWATER_A 8.34044009405148} {BREAKWATER_B 1.4406489868843162} {BREAKWATER_CLIENT_EXPIRATION 0us} {BREAKWATER_INITIAL_CREDIT 605} {BREAKWATER_LOAD_SHEDDING true} {BREAKWATER_RTT 2935us} {BREAKWATERD_SLO 12500us} {BREAKWATERD_A 0.001} {BREAKWATERD_B 0.02} {BREAKWATERD_CLIENT_EXPIRATION 10ms} {BREAKWATERD_INITIAL_CREDIT 400} {BREAKWATERD_LOAD_SHEDDING true} {BREAKWATERD_RTT 1000us} {DAGOR_QUEUING_THRESHOLD 2ms} {DAGOR_ALPHA 0.05} {DAGOR_BETA 0.01} {DAGOR_ADMISSION_LEVEL_UPDATE_INTERVAL 10ms} {DAGOR_UMAX 20}]

Summary:
  Count:	1000
  Total:	25.00 s
  Slowest:	0 ns
  Fastest:	0 ns
  Average:	1.00 s
  Requests/sec:	40.00

Response time histogram:

Latency distribution:

Status code distribution:
  [DeadlineExceeded]   1000 responses   

Error distribution:
  [1000]   rpc error: code = DeadlineExceeded desc = context deadline exceeded   

Debug: Checking Namespace=default, Pod=ms-10090-6454f977fd-qcrn7 for Target File=deathstar_*.output
Namespace: default, Pod: ms-10090-6454f977fd-qcrn7 has the target files.
Copying deathstar_ms-10090.output to deathstar_ms-10090.output
tar: removing leading '/' from member names
Debug: Checking Namespace=default, Pod=ms-13558-b48bb5d9d-tk2vs for Target File=deathstar_*.output
Namespace: default, Pod: ms-13558-b48bb5d9d-tk2vs has the target files.
Copying deathstar_ms-13558.output to deathstar_ms-13558.output
tar: removing leading '/' from member names
Debug: Checking Namespace=default, Pod=ms-18330-759d9cf49c-w6vbq for Target File=deathstar_*.output
Namespace: default, Pod: ms-18330-759d9cf49c-w6vbq has the target files.
Copying deathstar_ms-18330.output to deathstar_ms-18330.output
tar: removing leading '/' from member names
Debug: Checking Namespace=default, Pod=ms-19585-6f995cfcbf-fkbpx for Target File=deathstar_*.output
Namespace: default, Pod: ms-19585-6f995cfcbf-fkbpx has the target files.
Copying deathstar_ms-19585.output to deathstar_ms-19585.output
tar: removing leading '/' from member names
Debug: Checking Namespace=default, Pod=ms-20172-59d5485464-vbmhz for Target File=deathstar_*.output
Namespace: default, Pod: ms-20172-59d5485464-vbmhz has the target files.
Copying deathstar_ms-20172.output to deathstar_ms-20172.output
tar: removing leading '/' from member names
Debug: Checking Namespace=default, Pod=ms-22893-576fd5f9f6-t25j2 for Target File=deathstar_*.output
Namespace: default, Pod: ms-22893-576fd5f9f6-t25j2 has the target files.
Copying deathstar_ms-22893.output to deathstar_ms-22893.output
tar: removing leading '/' from member names
Debug: Checking Namespace=default, Pod=ms-24009-67dbf5b976-84fw8 for Target File=deathstar_*.output
Namespace: default, Pod: ms-24009-67dbf5b976-84fw8 has the target files.
Copying deathstar_ms-24009.output to deathstar_ms-24009.output
tar: removing leading '/' from member names
Debug: Checking Namespace=default, Pod=ms-24959-99f8bbf9-vdz8l for Target File=deathstar_*.output
Namespace: default, Pod: ms-24959-99f8bbf9-vdz8l has the target files.
Copying deathstar_ms-24959.output to deathstar_ms-24959.output
tar: removing leading '/' from member names
Debug: Checking Namespace=default, Pod=ms-26622-66fdf7d64f-pw2bl for Target File=deathstar_*.output
Namespace: default, Pod: ms-26622-66fdf7d64f-pw2bl has the target files.
Copying deathstar_ms-26622.output to deathstar_ms-26622.output
tar: removing leading '/' from member names
Debug: Checking Namespace=default, Pod=ms-27421-64f549855c-rb72f for Target File=deathstar_*.output
Namespace: default, Pod: ms-27421-64f549855c-rb72f has the target files.
Copying deathstar_ms-27421.output to deathstar_ms-27421.output
tar: removing leading '/' from member names
Debug: Checking Namespace=default, Pod=ms-29373-8467f7db44-qklvg for Target File=deathstar_*.output
Namespace: default, Pod: ms-29373-8467f7db44-qklvg has the target files.
Copying deathstar_ms-29373.output to deathstar_ms-29373.output
tar: removing leading '/' from member names
Debug: Checking Namespace=default, Pod=ms-32301-c5654bbc5-945dg for Target File=deathstar_*.output
Namespace: default, Pod: ms-32301-c5654bbc5-945dg has the target files.
Copying deathstar_ms-32301.output to deathstar_ms-32301.output
tar: removing leading '/' from member names
Debug: Checking Namespace=default, Pod=ms-3289-587dbd96bf-4tgr7 for Target File=deathstar_*.output
Namespace: default, Pod: ms-3289-587dbd96bf-4tgr7 has the target files.
Copying deathstar_ms-3289.output to deathstar_ms-3289.output
tar: removing leading '/' from member names
Debug: Checking Namespace=default, Pod=ms-37691-6dc6cd6744-426fp for Target File=deathstar_*.output
Namespace: default, Pod: ms-37691-6dc6cd6744-426fp has the target files.
Copying deathstar_ms-37691.output to deathstar_ms-37691.output
tar: removing leading '/' from member names
Debug: Checking Namespace=default, Pod=ms-38964-5b647cdbd-mp47q for Target File=deathstar_*.output
Namespace: default, Pod: ms-38964-5b647cdbd-mp47q has the target files.
Copying deathstar_ms-38964.output to deathstar_ms-38964.output
tar: removing leading '/' from member names
Debug: Checking Namespace=default, Pod=ms-40147-cd867585-qkwz9 for Target File=deathstar_*.output
Namespace: default, Pod: ms-40147-cd867585-qkwz9 has the target files.
Copying deathstar_ms-40147.output to deathstar_ms-40147.output
tar: removing leading '/' from member names
Debug: Checking Namespace=default, Pod=ms-48118-ff7b99cc9-tjms8 for Target File=deathstar_*.output
Namespace: default, Pod: ms-48118-ff7b99cc9-tjms8 has the target files.
Copying deathstar_ms-48118.output to deathstar_ms-48118.output
tar: removing leading '/' from member names
Debug: Checking Namespace=default, Pod=ms-4829-669557b66c-d2d7t for Target File=deathstar_*.output
Namespace: default, Pod: ms-4829-669557b66c-d2d7t has the target files.
Copying deathstar_ms-4829.output to deathstar_ms-4829.output
tar: removing leading '/' from member names
Debug: Checking Namespace=default, Pod=ms-51685-79858c784f-sqh9c for Target File=deathstar_*.output
Namespace: default, Pod: ms-51685-79858c784f-sqh9c has the target files.
Copying deathstar_ms-51685.output to deathstar_ms-51685.output
tar: removing leading '/' from member names
Debug: Checking Namespace=default, Pod=ms-52379-57c6cdd54b-jgrd5 for Target File=deathstar_*.output
Namespace: default, Pod: ms-52379-57c6cdd54b-jgrd5 has the target files.
Copying deathstar_ms-52379.output to deathstar_ms-52379.output
tar: removing leading '/' from member names
Debug: Checking Namespace=default, Pod=ms-55394-6f999f5df9-2thh5 for Target File=deathstar_*.output
Namespace: default, Pod: ms-55394-6f999f5df9-2thh5 has the target files.
Copying deathstar_ms-55394.output to deathstar_ms-55394.output
tar: removing leading '/' from member names
Debug: Checking Namespace=default, Pod=ms-58436-59dd96f659-chzvz for Target File=deathstar_*.output
Namespace: default, Pod: ms-58436-59dd96f659-chzvz has the target files.
Copying deathstar_ms-58436.output to deathstar_ms-58436.output
tar: removing leading '/' from member names
Debug: Checking Namespace=default, Pod=ms-58772-68ff78c966-r6n45 for Target File=deathstar_*.output
Namespace: default, Pod: ms-58772-68ff78c966-r6n45 has the target files.
Copying deathstar_ms-58772.output to deathstar_ms-58772.output
tar: removing leading '/' from member names
Debug: Checking Namespace=default, Pod=ms-59962-756b895b58-r4824 for Target File=deathstar_*.output
Namespace: default, Pod: ms-59962-756b895b58-r4824 has the target files.
Copying deathstar_ms-59962.output to deathstar_ms-59962.output
tar: removing leading '/' from member names
Debug: Checking Namespace=default, Pod=ms-60061-68bd84bdcd-8rkqz for Target File=deathstar_*.output
Namespace: default, Pod: ms-60061-68bd84bdcd-8rkqz has the target files.
Copying deathstar_ms-60061.output to deathstar_ms-60061.output
tar: removing leading '/' from member names
Debug: Checking Namespace=default, Pod=ms-6323-974659fcd-67rpd for Target File=deathstar_*.output
Namespace: default, Pod: ms-6323-974659fcd-67rpd has the target files.
Copying deathstar_ms-6323.output to deathstar_ms-6323.output
tar: removing leading '/' from member names
Debug: Checking Namespace=default, Pod=ms-65741-65f588bcdf-zcbzk for Target File=deathstar_*.output
Namespace: default, Pod: ms-65741-65f588bcdf-zcbzk has the target files.
Copying deathstar_ms-65741.output to deathstar_ms-65741.output
tar: removing leading '/' from member names
Debug: Checking Namespace=default, Pod=ms-66473-79c66f8bff-s9bh2 for Target File=deathstar_*.output
Namespace: default, Pod: ms-66473-79c66f8bff-s9bh2 has the target files.
Copying deathstar_ms-66473.output to deathstar_ms-66473.output
tar: removing leading '/' from member names
Debug: Checking Namespace=default, Pod=ms-69188-65c548d4cb-2gg4j for Target File=deathstar_*.output
Namespace: default, Pod: ms-69188-65c548d4cb-2gg4j has the target files.
Copying deathstar_ms-69188.output to deathstar_ms-69188.output
tar: removing leading '/' from member names
Debug: Checking Namespace=default, Pod=ms-69614-794bd8475-ptccd for Target File=deathstar_*.output
Namespace: default, Pod: ms-69614-794bd8475-ptccd has the target files.
Copying deathstar_ms-69614.output to deathstar_ms-69614.output
tar: removing leading '/' from member names
Debug: Checking Namespace=default, Pod=ms-9081-567985788-7pm6g for Target File=deathstar_*.output
Namespace: default, Pod: ms-9081-567985788-7pm6g has the target files.
Copying deathstar_ms-9081.output to deathstar_ms-9081.output
tar: removing leading '/' from member names
Debug: Checking Namespace=default, Pod=nginx-web-server-56557f7cb7-pcmw2 for Target File=deathstar_*.output
Namespace: default, Pod: nginx-web-server-56557f7cb7-pcmw2 has the target files.
Copying deathstar_nginx-web-server.output to deathstar_nginx-web-server.output
tar: removing leading '/' from member names
Debug: Checking Namespace=default, Pod=unknown-6ddf9bd4b5-s99g5 for Target File=deathstar_*.output
Namespace: default, Pod: unknown-6ddf9bd4b5-s99g5 has the target files.
Copying deathstar_unknown.output to deathstar_unknown.output
tar: removing leading '/' from member names
