Deployments: ms-10090
ms-13558
ms-18330
ms-19585
ms-20172
ms-22893
ms-24009
ms-24959
ms-26622
ms-27421
ms-29373
ms-32301
ms-3289
ms-37691
ms-38964
ms-40147
ms-48118
ms-4829
ms-51685
ms-52379
ms-55394
ms-58436
ms-58772
ms-59962
ms-60061
ms-6323
ms-65741
ms-66473
ms-69188
ms-69614
ms-9081
nginx-web-server
unknown
deployment "ms-10090" successfully rolled out
deployment "ms-13558" successfully rolled out
deployment "ms-18330" successfully rolled out
deployment "ms-19585" successfully rolled out
deployment "ms-20172" successfully rolled out
deployment "ms-22893" successfully rolled out
deployment "ms-24009" successfully rolled out
deployment "ms-24959" successfully rolled out
deployment "ms-26622" successfully rolled out
deployment "ms-27421" successfully rolled out
deployment "ms-29373" successfully rolled out
deployment "ms-32301" successfully rolled out
deployment "ms-3289" successfully rolled out
deployment "ms-37691" successfully rolled out
deployment "ms-38964" successfully rolled out
deployment "ms-40147" successfully rolled out
deployment "ms-48118" successfully rolled out
deployment "ms-4829" successfully rolled out
deployment "ms-51685" successfully rolled out
deployment "ms-52379" successfully rolled out
deployment "ms-55394" successfully rolled out
deployment "ms-58436" successfully rolled out
deployment "ms-58772" successfully rolled out
deployment "ms-59962" successfully rolled out
deployment "ms-60061" successfully rolled out
deployment "ms-6323" successfully rolled out
deployment "ms-65741" successfully rolled out
deployment "ms-66473" successfully rolled out
deployment "ms-69188" successfully rolled out
deployment "ms-69614" successfully rolled out
deployment "ms-9081" successfully rolled out
deployment "nginx-web-server" successfully rolled out
deployment "unknown" successfully rolled out
ENTRY_POINT: nginx-web-server
SERVICE_A_URL: 10.109.164.81:50051
Capacity: 11000
Metadata: request-id={{.RequestNumber}}
Metadata: timestamp={{.TimestampUnix}}
Metadata: method=S_149998854
Charon Configurations:
[{INTERCEPT breakwater} {PRICE_UPDATE_RATE 10ms} {TOKEN_UPDATE_RATE 10ms} {LATENCY_THRESHOLD 100us} {PRICE_STEP 0} {PRICE_STRATEGY step} {LAZY_UPDATE false} {RATE_LIMITING true} {LOAD_SHEDDING true} {CHARON_TRACK_PRICE false} {BREAKWATER_SLO 4618us} {BREAKWATER_A 0.2895180150248522} {BREAKWATER_B 1.2813105474595612} {BREAKWATER_CLIENT_EXPIRATION 82us} {BREAKWATER_INITIAL_CREDIT 1776} {BREAKWATER_LOAD_SHEDDING true} {BREAKWATER_RTT 18779us} {BREAKWATERD_SLO 12500us} {BREAKWATERD_A 0.001} {BREAKWATERD_B 0.02} {BREAKWATERD_CLIENT_EXPIRATION 10ms} {BREAKWATERD_INITIAL_CREDIT 400} {BREAKWATERD_LOAD_SHEDDING true} {BREAKWATERD_RTT 1000us} {DAGOR_QUEUING_THRESHOLD 2ms} {DAGOR_ALPHA 0.05} {DAGOR_BETA 0.01} {DAGOR_ADMISSION_LEVEL_UPDATE_INTERVAL 10ms} {DAGOR_UMAX 20}]

Summary:
  Count:	82990
  Total:	25.00 s
  Slowest:	941.37 ms
  Fastest:	110.92 ms
  Average:	157.49 ms
  Requests/sec:	3319.53

Response time histogram:
  110.924 [1]     |
  193.968 [31168] |∎∎∎∎∎∎∎∎∎∎∎∎∎∎∎∎∎∎∎∎∎∎∎∎∎∎∎∎∎∎∎∎∎∎∎∎∎∎∎∎
  277.013 [18302] |∎∎∎∎∎∎∎∎∎∎∎∎∎∎∎∎∎∎∎∎∎∎∎
  360.057 [5897]  |∎∎∎∎∎∎∎∎
  443.101 [2568]  |∎∎∎
  526.145 [1628]  |∎∎
  609.190 [495]   |∎
  692.234 [49]    |
  775.278 [11]    |
  858.322 [64]    |
  941.367 [87]    |

Latency distribution:
  10 % in 114.34 ms 
  25 % in 146.50 ms 
  50 % in 190.89 ms 
  75 % in 248.06 ms 
  90 % in 329.40 ms 
  95 % in 418.64 ms 
  99 % in 534.66 ms 

Status code distribution:
  [Canceled]            599 responses     
  [OK]                  60270 responses   
  [ResourceExhausted]   22121 responses   

Error distribution:
  [22121]   rpc error: code = ResourceExhausted desc = Server-side queuing delay is beyond AQM threshold   
  [599]     rpc error: code = Canceled desc = grpc: the client connection is closing                       

Debug: Checking Namespace=default, Pod=ms-10090-6454f977fd-k79qx for Target File=deathstar_*.output
Namespace: default, Pod: ms-10090-6454f977fd-k79qx has the target files.
Copying deathstar_ms-10090.output to deathstar_ms-10090.output
tar: removing leading '/' from member names
Debug: Checking Namespace=default, Pod=ms-13558-b48bb5d9d-zss29 for Target File=deathstar_*.output
Namespace: default, Pod: ms-13558-b48bb5d9d-zss29 has the target files.
Copying deathstar_ms-13558.output to deathstar_ms-13558.output
tar: removing leading '/' from member names
Debug: Checking Namespace=default, Pod=ms-18330-759d9cf49c-kpzcp for Target File=deathstar_*.output
Namespace: default, Pod: ms-18330-759d9cf49c-kpzcp has the target files.
Copying deathstar_ms-18330.output to deathstar_ms-18330.output
tar: removing leading '/' from member names
Debug: Checking Namespace=default, Pod=ms-19585-6f995cfcbf-z5hch for Target File=deathstar_*.output
Namespace: default, Pod: ms-19585-6f995cfcbf-z5hch has the target files.
Copying deathstar_ms-19585.output to deathstar_ms-19585.output
tar: removing leading '/' from member names
Debug: Checking Namespace=default, Pod=ms-20172-59d5485464-lgmt8 for Target File=deathstar_*.output
Namespace: default, Pod: ms-20172-59d5485464-lgmt8 has the target files.
Copying deathstar_ms-20172.output to deathstar_ms-20172.output
tar: removing leading '/' from member names
Debug: Checking Namespace=default, Pod=ms-22893-576fd5f9f6-gvtdh for Target File=deathstar_*.output
Namespace: default, Pod: ms-22893-576fd5f9f6-gvtdh has the target files.
Copying deathstar_ms-22893.output to deathstar_ms-22893.output
tar: removing leading '/' from member names
Debug: Checking Namespace=default, Pod=ms-24009-67dbf5b976-6qgw7 for Target File=deathstar_*.output
Namespace: default, Pod: ms-24009-67dbf5b976-6qgw7 has the target files.
Copying deathstar_ms-24009.output to deathstar_ms-24009.output
tar: removing leading '/' from member names
Debug: Checking Namespace=default, Pod=ms-24959-99f8bbf9-pqnnb for Target File=deathstar_*.output
Namespace: default, Pod: ms-24959-99f8bbf9-pqnnb has the target files.
Copying deathstar_ms-24959.output to deathstar_ms-24959.output
tar: removing leading '/' from member names
Debug: Checking Namespace=default, Pod=ms-26622-66fdf7d64f-2jk57 for Target File=deathstar_*.output
Namespace: default, Pod: ms-26622-66fdf7d64f-2jk57 has the target files.
Copying deathstar_ms-26622.output to deathstar_ms-26622.output
tar: removing leading '/' from member names
Debug: Checking Namespace=default, Pod=ms-27421-64f549855c-dxbjc for Target File=deathstar_*.output
Namespace: default, Pod: ms-27421-64f549855c-dxbjc has the target files.
Copying deathstar_ms-27421.output to deathstar_ms-27421.output
tar: removing leading '/' from member names
Debug: Checking Namespace=default, Pod=ms-29373-8467f7db44-6xs2j for Target File=deathstar_*.output
Namespace: default, Pod: ms-29373-8467f7db44-6xs2j has the target files.
Copying deathstar_ms-29373.output to deathstar_ms-29373.output
tar: removing leading '/' from member names
Debug: Checking Namespace=default, Pod=ms-32301-c5654bbc5-qzkgq for Target File=deathstar_*.output
Namespace: default, Pod: ms-32301-c5654bbc5-qzkgq has the target files.
Copying deathstar_ms-32301.output to deathstar_ms-32301.output
tar: removing leading '/' from member names
Debug: Checking Namespace=default, Pod=ms-3289-587dbd96bf-cqx7c for Target File=deathstar_*.output
Namespace: default, Pod: ms-3289-587dbd96bf-cqx7c has the target files.
Copying deathstar_ms-3289.output to deathstar_ms-3289.output
tar: removing leading '/' from member names
Debug: Checking Namespace=default, Pod=ms-37691-6dc6cd6744-7rzdq for Target File=deathstar_*.output
Namespace: default, Pod: ms-37691-6dc6cd6744-7rzdq has the target files.
Copying deathstar_ms-37691.output to deathstar_ms-37691.output
tar: removing leading '/' from member names
Debug: Checking Namespace=default, Pod=ms-38964-5b647cdbd-wfsl2 for Target File=deathstar_*.output
Namespace: default, Pod: ms-38964-5b647cdbd-wfsl2 has the target files.
Copying deathstar_ms-38964.output to deathstar_ms-38964.output
tar: removing leading '/' from member names
Debug: Checking Namespace=default, Pod=ms-40147-cd867585-zp578 for Target File=deathstar_*.output
Namespace: default, Pod: ms-40147-cd867585-zp578 has the target files.
Copying deathstar_ms-40147.output to deathstar_ms-40147.output
tar: removing leading '/' from member names
Debug: Checking Namespace=default, Pod=ms-48118-ff7b99cc9-xt2g6 for Target File=deathstar_*.output
Namespace: default, Pod: ms-48118-ff7b99cc9-xt2g6 has the target files.
Copying deathstar_ms-48118.output to deathstar_ms-48118.output
tar: removing leading '/' from member names
Debug: Checking Namespace=default, Pod=ms-4829-669557b66c-7fsx4 for Target File=deathstar_*.output
Namespace: default, Pod: ms-4829-669557b66c-7fsx4 has the target files.
Copying deathstar_ms-4829.output to deathstar_ms-4829.output
tar: removing leading '/' from member names
Debug: Checking Namespace=default, Pod=ms-51685-79858c784f-6qlbs for Target File=deathstar_*.output
Namespace: default, Pod: ms-51685-79858c784f-6qlbs has the target files.
Copying deathstar_ms-51685.output to deathstar_ms-51685.output
tar: removing leading '/' from member names
Debug: Checking Namespace=default, Pod=ms-52379-57c6cdd54b-7n5gj for Target File=deathstar_*.output
Namespace: default, Pod: ms-52379-57c6cdd54b-7n5gj has the target files.
Copying deathstar_ms-52379.output to deathstar_ms-52379.output
tar: removing leading '/' from member names
Debug: Checking Namespace=default, Pod=ms-55394-6f999f5df9-7tmgv for Target File=deathstar_*.output
Namespace: default, Pod: ms-55394-6f999f5df9-7tmgv has the target files.
Copying deathstar_ms-55394.output to deathstar_ms-55394.output
tar: removing leading '/' from member names
Debug: Checking Namespace=default, Pod=ms-58436-59dd96f659-bh9md for Target File=deathstar_*.output
Namespace: default, Pod: ms-58436-59dd96f659-bh9md has the target files.
Copying deathstar_ms-58436.output to deathstar_ms-58436.output
tar: removing leading '/' from member names
Debug: Checking Namespace=default, Pod=ms-58772-68ff78c966-n72gf for Target File=deathstar_*.output
Namespace: default, Pod: ms-58772-68ff78c966-n72gf has the target files.
Copying deathstar_ms-58772.output to deathstar_ms-58772.output
tar: removing leading '/' from member names
Debug: Checking Namespace=default, Pod=ms-59962-756b895b58-s4plt for Target File=deathstar_*.output
Namespace: default, Pod: ms-59962-756b895b58-s4plt has the target files.
Copying deathstar_ms-59962.output to deathstar_ms-59962.output
tar: removing leading '/' from member names
Debug: Checking Namespace=default, Pod=ms-60061-68bd84bdcd-4xw76 for Target File=deathstar_*.output
Namespace: default, Pod: ms-60061-68bd84bdcd-4xw76 has the target files.
Copying deathstar_ms-60061.output to deathstar_ms-60061.output
tar: removing leading '/' from member names
Debug: Checking Namespace=default, Pod=ms-6323-974659fcd-xpc2p for Target File=deathstar_*.output
Namespace: default, Pod: ms-6323-974659fcd-xpc2p has the target files.
Copying deathstar_ms-6323.output to deathstar_ms-6323.output
tar: removing leading '/' from member names
Debug: Checking Namespace=default, Pod=ms-65741-65f588bcdf-9gmnz for Target File=deathstar_*.output
Namespace: default, Pod: ms-65741-65f588bcdf-9gmnz has the target files.
Copying deathstar_ms-65741.output to deathstar_ms-65741.output
tar: removing leading '/' from member names
Debug: Checking Namespace=default, Pod=ms-66473-79c66f8bff-swxhx for Target File=deathstar_*.output
Namespace: default, Pod: ms-66473-79c66f8bff-swxhx has the target files.
Copying deathstar_ms-66473.output to deathstar_ms-66473.output
tar: removing leading '/' from member names
Debug: Checking Namespace=default, Pod=ms-69188-65c548d4cb-xp7jw for Target File=deathstar_*.output
Namespace: default, Pod: ms-69188-65c548d4cb-xp7jw has the target files.
Copying deathstar_ms-69188.output to deathstar_ms-69188.output
tar: removing leading '/' from member names
Debug: Checking Namespace=default, Pod=ms-69614-794bd8475-qdtnp for Target File=deathstar_*.output
Namespace: default, Pod: ms-69614-794bd8475-qdtnp has the target files.
Copying deathstar_ms-69614.output to deathstar_ms-69614.output
tar: removing leading '/' from member names
Debug: Checking Namespace=default, Pod=ms-9081-567985788-l96qw for Target File=deathstar_*.output
Namespace: default, Pod: ms-9081-567985788-l96qw has the target files.
Copying deathstar_ms-9081.output to deathstar_ms-9081.output
tar: removing leading '/' from member names
Debug: Checking Namespace=default, Pod=nginx-web-server-56557f7cb7-tlqc8 for Target File=deathstar_*.output
Namespace: default, Pod: nginx-web-server-56557f7cb7-tlqc8 has the target files.
Copying deathstar_nginx-web-server.output to deathstar_nginx-web-server.output
tar: removing leading '/' from member names
Debug: Checking Namespace=default, Pod=unknown-6ddf9bd4b5-7pxtn for Target File=deathstar_*.output
Namespace: default, Pod: unknown-6ddf9bd4b5-7pxtn has the target files.
Copying deathstar_unknown.output to deathstar_unknown.output
tar: removing leading '/' from member names
