Deployments: ms-10090
ms-13558
ms-18330
ms-19585
ms-20172
ms-22893
ms-24009
ms-24959
ms-26622
ms-27421
ms-29373
ms-32301
ms-3289
ms-37691
ms-38964
ms-40147
ms-48118
ms-4829
ms-51685
ms-52379
ms-55394
ms-58436
ms-58772
ms-59962
ms-60061
ms-6323
ms-65741
ms-66473
ms-69188
ms-69614
ms-9081
nginx-web-server
unknown
deployment "ms-10090" successfully rolled out
deployment "ms-13558" successfully rolled out
deployment "ms-18330" successfully rolled out
deployment "ms-19585" successfully rolled out
deployment "ms-20172" successfully rolled out
deployment "ms-22893" successfully rolled out
deployment "ms-24009" successfully rolled out
deployment "ms-24959" successfully rolled out
deployment "ms-26622" successfully rolled out
deployment "ms-27421" successfully rolled out
deployment "ms-29373" successfully rolled out
deployment "ms-32301" successfully rolled out
deployment "ms-3289" successfully rolled out
deployment "ms-37691" successfully rolled out
deployment "ms-38964" successfully rolled out
deployment "ms-40147" successfully rolled out
deployment "ms-48118" successfully rolled out
deployment "ms-4829" successfully rolled out
deployment "ms-51685" successfully rolled out
deployment "ms-52379" successfully rolled out
deployment "ms-55394" successfully rolled out
deployment "ms-58436" successfully rolled out
deployment "ms-58772" successfully rolled out
deployment "ms-59962" successfully rolled out
deployment "ms-60061" successfully rolled out
deployment "ms-6323" successfully rolled out
deployment "ms-65741" successfully rolled out
deployment "ms-66473" successfully rolled out
deployment "ms-69188" successfully rolled out
deployment "ms-69614" successfully rolled out
deployment "ms-9081" successfully rolled out
deployment "nginx-web-server" successfully rolled out
deployment "unknown" successfully rolled out
ENTRY_POINT: nginx-web-server
SERVICE_A_URL: 10.104.227.131:50051
Capacity: 10000
Metadata: timestamp={{.TimestampUnix}}
Metadata: method=S_149998854
Metadata: request-id={{.RequestNumber}}
Charon Configurations:
[{INTERCEPT breakwater} {PRICE_UPDATE_RATE 10ms} {TOKEN_UPDATE_RATE 10ms} {LATENCY_THRESHOLD 100us} {PRICE_STEP 0} {PRICE_STRATEGY step} {LAZY_UPDATE false} {RATE_LIMITING true} {LOAD_SHEDDING true} {CHARON_TRACK_PRICE false} {BREAKWATER_SLO 12381us} {BREAKWATER_A 1.5278401793745733} {BREAKWATER_B 1.3410198383151157} {BREAKWATER_CLIENT_EXPIRATION 3454us} {BREAKWATER_INITIAL_CREDIT 1371} {BREAKWATER_LOAD_SHEDDING true} {BREAKWATER_RTT 5597us} {BREAKWATERD_SLO 12500us} {BREAKWATERD_A 0.001} {BREAKWATERD_B 0.02} {BREAKWATERD_CLIENT_EXPIRATION 10ms} {BREAKWATERD_INITIAL_CREDIT 400} {BREAKWATERD_LOAD_SHEDDING true} {BREAKWATERD_RTT 1000us} {DAGOR_QUEUING_THRESHOLD 2ms} {DAGOR_ALPHA 0.05} {DAGOR_BETA 0.01} {DAGOR_ADMISSION_LEVEL_UPDATE_INTERVAL 10ms} {DAGOR_UMAX 20}]

Summary:
  Count:	85209
  Total:	25.00 s
  Slowest:	1.04 s
  Fastest:	110.86 ms
  Average:	466.66 ms
  Requests/sec:	3408.29

Response time histogram:
  110.855  [1]     |
  203.994  [12140] |∎∎∎∎∎∎∎∎∎∎∎∎∎∎∎∎∎∎∎∎∎∎∎∎∎∎∎∎∎∎∎∎∎∎∎∎∎∎∎∎
  297.133  [2673]  |∎∎∎∎∎∎∎∎∎
  390.271  [10025] |∎∎∎∎∎∎∎∎∎∎∎∎∎∎∎∎∎∎∎∎∎∎∎∎∎∎∎∎∎∎∎∎∎
  483.410  [8498]  |∎∎∎∎∎∎∎∎∎∎∎∎∎∎∎∎∎∎∎∎∎∎∎∎∎∎∎∎
  576.549  [4269]  |∎∎∎∎∎∎∎∎∎∎∎∎∎∎
  669.687  [2548]  |∎∎∎∎∎∎∎∎
  762.826  [3445]  |∎∎∎∎∎∎∎∎∎∎∎
  855.965  [4673]  |∎∎∎∎∎∎∎∎∎∎∎∎∎∎∎
  949.103  [5025]  |∎∎∎∎∎∎∎∎∎∎∎∎∎∎∎∎∎
  1042.242 [2762]  |∎∎∎∎∎∎∎∎∎

Latency distribution:
  10 % in 114.13 ms 
  25 % in 285.98 ms 
  50 % in 421.82 ms 
  75 % in 722.47 ms 
  90 % in 895.57 ms 
  95 % in 948.48 ms 
  99 % in 990.37 ms 

Status code distribution:
  [OK]                  56059 responses   
  [ResourceExhausted]   15474 responses   
  [DeadlineExceeded]    12121 responses   
  [Canceled]            1555 responses    

Error distribution:
  [15474]   rpc error: code = ResourceExhausted desc = Server-side queuing delay is beyond AQM threshold   
  [12121]   rpc error: code = DeadlineExceeded desc = context deadline exceeded                            
  [1555]    rpc error: code = Canceled desc = grpc: the client connection is closing                       

Debug: Checking Namespace=default, Pod=ms-10090-6454f977fd-kfpmh for Target File=deathstar_*.output
Namespace: default, Pod: ms-10090-6454f977fd-kfpmh has the target files.
Copying deathstar_ms-10090.output to deathstar_ms-10090.output
tar: removing leading '/' from member names
Debug: Checking Namespace=default, Pod=ms-13558-b48bb5d9d-tfgzg for Target File=deathstar_*.output
Namespace: default, Pod: ms-13558-b48bb5d9d-tfgzg has the target files.
Copying deathstar_ms-13558.output to deathstar_ms-13558.output
tar: removing leading '/' from member names
Debug: Checking Namespace=default, Pod=ms-18330-759d9cf49c-6vc9m for Target File=deathstar_*.output
Namespace: default, Pod: ms-18330-759d9cf49c-6vc9m has the target files.
Copying deathstar_ms-18330.output to deathstar_ms-18330.output
tar: removing leading '/' from member names
Debug: Checking Namespace=default, Pod=ms-19585-6f995cfcbf-zht8z for Target File=deathstar_*.output
Namespace: default, Pod: ms-19585-6f995cfcbf-zht8z has the target files.
Copying deathstar_ms-19585.output to deathstar_ms-19585.output
tar: removing leading '/' from member names
Debug: Checking Namespace=default, Pod=ms-20172-59d5485464-qgfvz for Target File=deathstar_*.output
Namespace: default, Pod: ms-20172-59d5485464-qgfvz has the target files.
Copying deathstar_ms-20172.output to deathstar_ms-20172.output
tar: removing leading '/' from member names
Debug: Checking Namespace=default, Pod=ms-22893-576fd5f9f6-dzsmq for Target File=deathstar_*.output
Namespace: default, Pod: ms-22893-576fd5f9f6-dzsmq has the target files.
Copying deathstar_ms-22893.output to deathstar_ms-22893.output
tar: removing leading '/' from member names
Debug: Checking Namespace=default, Pod=ms-24009-67dbf5b976-hsjzg for Target File=deathstar_*.output
Namespace: default, Pod: ms-24009-67dbf5b976-hsjzg has the target files.
Copying deathstar_ms-24009.output to deathstar_ms-24009.output
tar: removing leading '/' from member names
Debug: Checking Namespace=default, Pod=ms-24959-99f8bbf9-dpl4k for Target File=deathstar_*.output
Namespace: default, Pod: ms-24959-99f8bbf9-dpl4k has the target files.
Copying deathstar_ms-24959.output to deathstar_ms-24959.output
tar: removing leading '/' from member names
Debug: Checking Namespace=default, Pod=ms-26622-66fdf7d64f-tkx9p for Target File=deathstar_*.output
Namespace: default, Pod: ms-26622-66fdf7d64f-tkx9p has the target files.
Copying deathstar_ms-26622.output to deathstar_ms-26622.output
tar: removing leading '/' from member names
Debug: Checking Namespace=default, Pod=ms-27421-64f549855c-7c4wd for Target File=deathstar_*.output
Namespace: default, Pod: ms-27421-64f549855c-7c4wd has the target files.
Copying deathstar_ms-27421.output to deathstar_ms-27421.output
tar: removing leading '/' from member names
Debug: Checking Namespace=default, Pod=ms-29373-8467f7db44-94rj5 for Target File=deathstar_*.output
Namespace: default, Pod: ms-29373-8467f7db44-94rj5 has the target files.
Copying deathstar_ms-29373.output to deathstar_ms-29373.output
tar: removing leading '/' from member names
Debug: Checking Namespace=default, Pod=ms-32301-c5654bbc5-d7bq9 for Target File=deathstar_*.output
Namespace: default, Pod: ms-32301-c5654bbc5-d7bq9 has the target files.
Copying deathstar_ms-32301.output to deathstar_ms-32301.output
tar: removing leading '/' from member names
Debug: Checking Namespace=default, Pod=ms-3289-587dbd96bf-4dnzk for Target File=deathstar_*.output
Namespace: default, Pod: ms-3289-587dbd96bf-4dnzk has the target files.
Copying deathstar_ms-3289.output to deathstar_ms-3289.output
tar: removing leading '/' from member names
Debug: Checking Namespace=default, Pod=ms-37691-6dc6cd6744-x568w for Target File=deathstar_*.output
Namespace: default, Pod: ms-37691-6dc6cd6744-x568w has the target files.
Copying deathstar_ms-37691.output to deathstar_ms-37691.output
tar: removing leading '/' from member names
Debug: Checking Namespace=default, Pod=ms-38964-5b647cdbd-nmlv8 for Target File=deathstar_*.output
Namespace: default, Pod: ms-38964-5b647cdbd-nmlv8 has the target files.
Copying deathstar_ms-38964.output to deathstar_ms-38964.output
tar: removing leading '/' from member names
Debug: Checking Namespace=default, Pod=ms-40147-cd867585-kpcbl for Target File=deathstar_*.output
Namespace: default, Pod: ms-40147-cd867585-kpcbl has the target files.
Copying deathstar_ms-40147.output to deathstar_ms-40147.output
tar: removing leading '/' from member names
Debug: Checking Namespace=default, Pod=ms-48118-ff7b99cc9-qvcvm for Target File=deathstar_*.output
Namespace: default, Pod: ms-48118-ff7b99cc9-qvcvm has the target files.
Copying deathstar_ms-48118.output to deathstar_ms-48118.output
tar: removing leading '/' from member names
Debug: Checking Namespace=default, Pod=ms-4829-669557b66c-wssfj for Target File=deathstar_*.output
Namespace: default, Pod: ms-4829-669557b66c-wssfj has the target files.
Copying deathstar_ms-4829.output to deathstar_ms-4829.output
tar: removing leading '/' from member names
Debug: Checking Namespace=default, Pod=ms-51685-79858c784f-6j7th for Target File=deathstar_*.output
Namespace: default, Pod: ms-51685-79858c784f-6j7th has the target files.
Copying deathstar_ms-51685.output to deathstar_ms-51685.output
tar: removing leading '/' from member names
Debug: Checking Namespace=default, Pod=ms-52379-57c6cdd54b-5k2bl for Target File=deathstar_*.output
Namespace: default, Pod: ms-52379-57c6cdd54b-5k2bl has the target files.
Copying deathstar_ms-52379.output to deathstar_ms-52379.output
tar: removing leading '/' from member names
Debug: Checking Namespace=default, Pod=ms-55394-6f999f5df9-x5xtr for Target File=deathstar_*.output
Namespace: default, Pod: ms-55394-6f999f5df9-x5xtr has the target files.
Copying deathstar_ms-55394.output to deathstar_ms-55394.output
tar: removing leading '/' from member names
Debug: Checking Namespace=default, Pod=ms-58436-59dd96f659-7m8s6 for Target File=deathstar_*.output
Namespace: default, Pod: ms-58436-59dd96f659-7m8s6 has the target files.
Copying deathstar_ms-58436.output to deathstar_ms-58436.output
tar: removing leading '/' from member names
Debug: Checking Namespace=default, Pod=ms-58772-68ff78c966-h5jb4 for Target File=deathstar_*.output
Namespace: default, Pod: ms-58772-68ff78c966-h5jb4 has the target files.
Copying deathstar_ms-58772.output to deathstar_ms-58772.output
tar: removing leading '/' from member names
Debug: Checking Namespace=default, Pod=ms-59962-756b895b58-vgvb2 for Target File=deathstar_*.output
Namespace: default, Pod: ms-59962-756b895b58-vgvb2 has the target files.
Copying deathstar_ms-59962.output to deathstar_ms-59962.output
tar: removing leading '/' from member names
Debug: Checking Namespace=default, Pod=ms-60061-68bd84bdcd-lr5tq for Target File=deathstar_*.output
Namespace: default, Pod: ms-60061-68bd84bdcd-lr5tq has the target files.
Copying deathstar_ms-60061.output to deathstar_ms-60061.output
tar: removing leading '/' from member names
Debug: Checking Namespace=default, Pod=ms-6323-974659fcd-kfvvk for Target File=deathstar_*.output
Namespace: default, Pod: ms-6323-974659fcd-kfvvk has the target files.
Copying deathstar_ms-6323.output to deathstar_ms-6323.output
tar: removing leading '/' from member names
Debug: Checking Namespace=default, Pod=ms-65741-65f588bcdf-v768v for Target File=deathstar_*.output
Namespace: default, Pod: ms-65741-65f588bcdf-v768v has the target files.
Copying deathstar_ms-65741.output to deathstar_ms-65741.output
tar: removing leading '/' from member names
Debug: Checking Namespace=default, Pod=ms-66473-79c66f8bff-r9l8p for Target File=deathstar_*.output
Namespace: default, Pod: ms-66473-79c66f8bff-r9l8p has the target files.
Copying deathstar_ms-66473.output to deathstar_ms-66473.output
tar: removing leading '/' from member names
Debug: Checking Namespace=default, Pod=ms-69188-65c548d4cb-ctp4t for Target File=deathstar_*.output
Namespace: default, Pod: ms-69188-65c548d4cb-ctp4t has the target files.
Copying deathstar_ms-69188.output to deathstar_ms-69188.output
tar: removing leading '/' from member names
Debug: Checking Namespace=default, Pod=ms-69614-794bd8475-bw5md for Target File=deathstar_*.output
Namespace: default, Pod: ms-69614-794bd8475-bw5md has the target files.
Copying deathstar_ms-69614.output to deathstar_ms-69614.output
tar: removing leading '/' from member names
Debug: Checking Namespace=default, Pod=ms-9081-567985788-s2qlr for Target File=deathstar_*.output
Namespace: default, Pod: ms-9081-567985788-s2qlr has the target files.
Copying deathstar_ms-9081.output to deathstar_ms-9081.output
tar: removing leading '/' from member names
Debug: Checking Namespace=default, Pod=nginx-web-server-56557f7cb7-hfzcw for Target File=deathstar_*.output
Namespace: default, Pod: nginx-web-server-56557f7cb7-hfzcw has the target files.
Copying deathstar_nginx-web-server.output to deathstar_nginx-web-server.output
tar: removing leading '/' from member names
Debug: Checking Namespace=default, Pod=unknown-6ddf9bd4b5-x4f5c for Target File=deathstar_*.output
Namespace: default, Pod: unknown-6ddf9bd4b5-x4f5c has the target files.
Copying deathstar_unknown.output to deathstar_unknown.output
tar: removing leading '/' from member names
