Deployments: ms-10090
ms-13558
ms-18330
ms-19585
ms-20172
ms-22893
ms-24009
ms-24959
ms-26622
ms-27421
ms-29373
ms-32301
ms-3289
ms-37691
ms-38964
ms-40147
ms-48118
ms-4829
ms-51685
ms-52379
ms-55394
ms-58436
ms-58772
ms-59962
ms-60061
ms-6323
ms-65741
ms-66473
ms-69188
ms-69614
ms-9081
nginx-web-server
unknown
deployment "ms-10090" successfully rolled out
deployment "ms-13558" successfully rolled out
deployment "ms-18330" successfully rolled out
deployment "ms-19585" successfully rolled out
deployment "ms-20172" successfully rolled out
deployment "ms-22893" successfully rolled out
deployment "ms-24009" successfully rolled out
deployment "ms-24959" successfully rolled out
deployment "ms-26622" successfully rolled out
deployment "ms-27421" successfully rolled out
deployment "ms-29373" successfully rolled out
deployment "ms-32301" successfully rolled out
deployment "ms-3289" successfully rolled out
deployment "ms-37691" successfully rolled out
deployment "ms-38964" successfully rolled out
deployment "ms-40147" successfully rolled out
deployment "ms-48118" successfully rolled out
deployment "ms-4829" successfully rolled out
deployment "ms-51685" successfully rolled out
deployment "ms-52379" successfully rolled out
deployment "ms-55394" successfully rolled out
deployment "ms-58436" successfully rolled out
deployment "ms-58772" successfully rolled out
deployment "ms-59962" successfully rolled out
deployment "ms-60061" successfully rolled out
deployment "ms-6323" successfully rolled out
deployment "ms-65741" successfully rolled out
deployment "ms-66473" successfully rolled out
deployment "ms-69188" successfully rolled out
deployment "ms-69614" successfully rolled out
deployment "ms-9081" successfully rolled out
deployment "nginx-web-server" successfully rolled out
deployment "unknown" successfully rolled out
ENTRY_POINT: nginx-web-server
SERVICE_A_URL: 10.105.30.221:50051
Capacity: 10000
Metadata: request-id={{.RequestNumber}}
Metadata: timestamp={{.TimestampUnix}}
Metadata: method=S_149998854
Charon Configurations:
[{INTERCEPT breakwater} {PRICE_UPDATE_RATE 10ms} {TOKEN_UPDATE_RATE 10ms} {LATENCY_THRESHOLD 100us} {PRICE_STEP 0} {PRICE_STRATEGY step} {LAZY_UPDATE false} {RATE_LIMITING true} {LOAD_SHEDDING true} {CHARON_TRACK_PRICE false} {BREAKWATER_SLO 12846us} {BREAKWATER_A 3.118532388740465} {BREAKWATER_B 0.132748432407505} {BREAKWATER_CLIENT_EXPIRATION 4568us} {BREAKWATER_INITIAL_CREDIT 197} {BREAKWATER_LOAD_SHEDDING true} {BREAKWATER_RTT 6233us} {BREAKWATERD_SLO 12500us} {BREAKWATERD_A 0.001} {BREAKWATERD_B 0.02} {BREAKWATERD_CLIENT_EXPIRATION 10ms} {BREAKWATERD_INITIAL_CREDIT 400} {BREAKWATERD_LOAD_SHEDDING true} {BREAKWATERD_RTT 1000us} {DAGOR_QUEUING_THRESHOLD 2ms} {DAGOR_ALPHA 0.05} {DAGOR_BETA 0.01} {DAGOR_ADMISSION_LEVEL_UPDATE_INTERVAL 10ms} {DAGOR_UMAX 20}]

Summary:
  Count:	108838
  Total:	14.86 s
  Slowest:	1.00 s
  Fastest:	110.96 ms
  Average:	703.08 ms
  Requests/sec:	7326.32

Response time histogram:
  110.963  [1]     |
  200.312  [11709] |∎∎∎∎∎∎∎∎∎∎∎∎∎∎∎∎∎∎∎∎∎∎∎∎∎∎∎∎∎∎∎∎∎∎∎∎∎∎∎∎
  289.661  [525]   |∎∎
  379.010  [515]   |∎∎
  468.359  [31]    |
  557.708  [60]    |
  647.057  [447]   |∎∎
  736.406  [93]    |
  825.755  [94]    |
  915.104  [85]    |
  1004.453 [345]   |∎

Latency distribution:
  10 % in 112.29 ms 
  25 % in 113.21 ms 
  50 % in 115.14 ms 
  75 % in 120.89 ms 
  90 % in 336.16 ms 
  95 % in 610.26 ms 
  99 % in 975.00 ms 

Status code distribution:
  [OK]                  13905 responses   
  [ResourceExhausted]   17748 responses   
  [DeadlineExceeded]    68102 responses   
  [Canceled]            9083 responses    

Error distribution:
  [9083]    rpc error: code = Canceled desc = grpc: the client connection is closing                       
  [17748]   rpc error: code = ResourceExhausted desc = Server-side queuing delay is beyond AQM threshold   
  [68102]   rpc error: code = DeadlineExceeded desc = context deadline exceeded                            

Debug: Checking Namespace=default, Pod=ms-10090-6454f977fd-gfl27 for Target File=deathstar_*.output
Namespace: default, Pod: ms-10090-6454f977fd-gfl27 has the target files.
Copying deathstar_ms-10090.output to deathstar_ms-10090.output
tar: removing leading '/' from member names
Debug: Checking Namespace=default, Pod=ms-13558-b48bb5d9d-5h2p6 for Target File=deathstar_*.output
Namespace: default, Pod: ms-13558-b48bb5d9d-5h2p6 has the target files.
Copying deathstar_ms-13558.output to deathstar_ms-13558.output
tar: removing leading '/' from member names
Debug: Checking Namespace=default, Pod=ms-18330-759d9cf49c-btpfs for Target File=deathstar_*.output
Namespace: default, Pod: ms-18330-759d9cf49c-btpfs has the target files.
Copying deathstar_ms-18330.output to deathstar_ms-18330.output
tar: removing leading '/' from member names
Debug: Checking Namespace=default, Pod=ms-19585-6f995cfcbf-7v2dr for Target File=deathstar_*.output
Namespace: default, Pod: ms-19585-6f995cfcbf-7v2dr has the target files.
Copying deathstar_ms-19585.output to deathstar_ms-19585.output
tar: removing leading '/' from member names
Debug: Checking Namespace=default, Pod=ms-20172-59d5485464-vm5fd for Target File=deathstar_*.output
Namespace: default, Pod: ms-20172-59d5485464-vm5fd has the target files.
Copying deathstar_ms-20172.output to deathstar_ms-20172.output
tar: removing leading '/' from member names
Debug: Checking Namespace=default, Pod=ms-22893-576fd5f9f6-nr6tp for Target File=deathstar_*.output
Namespace: default, Pod: ms-22893-576fd5f9f6-nr6tp has the target files.
Copying deathstar_ms-22893.output to deathstar_ms-22893.output
tar: removing leading '/' from member names
Debug: Checking Namespace=default, Pod=ms-24009-67dbf5b976-jtmxw for Target File=deathstar_*.output
Namespace: default, Pod: ms-24009-67dbf5b976-jtmxw has the target files.
Copying deathstar_ms-24009.output to deathstar_ms-24009.output
tar: removing leading '/' from member names
Debug: Checking Namespace=default, Pod=ms-24959-99f8bbf9-49xmw for Target File=deathstar_*.output
Namespace: default, Pod: ms-24959-99f8bbf9-49xmw has the target files.
Copying deathstar_ms-24959.output to deathstar_ms-24959.output
tar: removing leading '/' from member names
Debug: Checking Namespace=default, Pod=ms-26622-66fdf7d64f-w275b for Target File=deathstar_*.output
Namespace: default, Pod: ms-26622-66fdf7d64f-w275b has the target files.
Copying deathstar_ms-26622.output to deathstar_ms-26622.output
tar: removing leading '/' from member names
Debug: Checking Namespace=default, Pod=ms-27421-64f549855c-89wnb for Target File=deathstar_*.output
Namespace: default, Pod: ms-27421-64f549855c-89wnb has the target files.
Copying deathstar_ms-27421.output to deathstar_ms-27421.output
tar: removing leading '/' from member names
Debug: Checking Namespace=default, Pod=ms-29373-8467f7db44-rst76 for Target File=deathstar_*.output
Namespace: default, Pod: ms-29373-8467f7db44-rst76 has the target files.
Copying deathstar_ms-29373.output to deathstar_ms-29373.output
tar: removing leading '/' from member names
Debug: Checking Namespace=default, Pod=ms-32301-c5654bbc5-2q28r for Target File=deathstar_*.output
Namespace: default, Pod: ms-32301-c5654bbc5-2q28r has the target files.
Copying deathstar_ms-32301.output to deathstar_ms-32301.output
tar: removing leading '/' from member names
Debug: Checking Namespace=default, Pod=ms-3289-587dbd96bf-88c5q for Target File=deathstar_*.output
Namespace: default, Pod: ms-3289-587dbd96bf-88c5q has the target files.
Copying deathstar_ms-3289.output to deathstar_ms-3289.output
tar: removing leading '/' from member names
Debug: Checking Namespace=default, Pod=ms-37691-6dc6cd6744-lxbch for Target File=deathstar_*.output
Namespace: default, Pod: ms-37691-6dc6cd6744-lxbch has the target files.
Copying deathstar_ms-37691.output to deathstar_ms-37691.output
tar: removing leading '/' from member names
Debug: Checking Namespace=default, Pod=ms-38964-5b647cdbd-859kw for Target File=deathstar_*.output
Namespace: default, Pod: ms-38964-5b647cdbd-859kw has the target files.
Copying deathstar_ms-38964.output to deathstar_ms-38964.output
tar: removing leading '/' from member names
Debug: Checking Namespace=default, Pod=ms-40147-cd867585-qkn78 for Target File=deathstar_*.output
Namespace: default, Pod: ms-40147-cd867585-qkn78 has the target files.
Copying deathstar_ms-40147.output to deathstar_ms-40147.output
tar: removing leading '/' from member names
Debug: Checking Namespace=default, Pod=ms-48118-ff7b99cc9-t5cnm for Target File=deathstar_*.output
Namespace: default, Pod: ms-48118-ff7b99cc9-t5cnm has the target files.
Copying deathstar_ms-48118.output to deathstar_ms-48118.output
tar: removing leading '/' from member names
Debug: Checking Namespace=default, Pod=ms-4829-669557b66c-v4mgh for Target File=deathstar_*.output
Namespace: default, Pod: ms-4829-669557b66c-v4mgh has the target files.
Copying deathstar_ms-4829.output to deathstar_ms-4829.output
tar: removing leading '/' from member names
Debug: Checking Namespace=default, Pod=ms-51685-79858c784f-wb8nc for Target File=deathstar_*.output
Namespace: default, Pod: ms-51685-79858c784f-wb8nc has the target files.
Copying deathstar_ms-51685.output to deathstar_ms-51685.output
tar: removing leading '/' from member names
Debug: Checking Namespace=default, Pod=ms-52379-57c6cdd54b-4sdks for Target File=deathstar_*.output
Namespace: default, Pod: ms-52379-57c6cdd54b-4sdks has the target files.
Copying deathstar_ms-52379.output to deathstar_ms-52379.output
tar: removing leading '/' from member names
Debug: Checking Namespace=default, Pod=ms-55394-6f999f5df9-j827k for Target File=deathstar_*.output
Namespace: default, Pod: ms-55394-6f999f5df9-j827k has the target files.
Copying deathstar_ms-55394.output to deathstar_ms-55394.output
tar: removing leading '/' from member names
Debug: Checking Namespace=default, Pod=ms-58436-59dd96f659-ktqp2 for Target File=deathstar_*.output
Namespace: default, Pod: ms-58436-59dd96f659-ktqp2 has the target files.
Copying deathstar_ms-58436.output to deathstar_ms-58436.output
tar: removing leading '/' from member names
Debug: Checking Namespace=default, Pod=ms-58772-68ff78c966-d4gzr for Target File=deathstar_*.output
Namespace: default, Pod: ms-58772-68ff78c966-d4gzr has the target files.
Copying deathstar_ms-58772.output to deathstar_ms-58772.output
tar: removing leading '/' from member names
Debug: Checking Namespace=default, Pod=ms-59962-756b895b58-6qtb4 for Target File=deathstar_*.output
Namespace: default, Pod: ms-59962-756b895b58-6qtb4 has the target files.
Copying deathstar_ms-59962.output to deathstar_ms-59962.output
tar: removing leading '/' from member names
Debug: Checking Namespace=default, Pod=ms-60061-68bd84bdcd-84xkm for Target File=deathstar_*.output
Namespace: default, Pod: ms-60061-68bd84bdcd-84xkm has the target files.
Copying deathstar_ms-60061.output to deathstar_ms-60061.output
tar: removing leading '/' from member names
Debug: Checking Namespace=default, Pod=ms-6323-974659fcd-zscxx for Target File=deathstar_*.output
Namespace: default, Pod: ms-6323-974659fcd-zscxx has the target files.
Copying deathstar_ms-6323.output to deathstar_ms-6323.output
tar: removing leading '/' from member names
Debug: Checking Namespace=default, Pod=ms-65741-65f588bcdf-zqfnl for Target File=deathstar_*.output
Namespace: default, Pod: ms-65741-65f588bcdf-zqfnl has the target files.
Copying deathstar_ms-65741.output to deathstar_ms-65741.output
tar: removing leading '/' from member names
Debug: Checking Namespace=default, Pod=ms-66473-79c66f8bff-nllwh for Target File=deathstar_*.output
Namespace: default, Pod: ms-66473-79c66f8bff-nllwh has the target files.
Copying deathstar_ms-66473.output to deathstar_ms-66473.output
tar: removing leading '/' from member names
Debug: Checking Namespace=default, Pod=ms-69188-65c548d4cb-mjln7 for Target File=deathstar_*.output
Namespace: default, Pod: ms-69188-65c548d4cb-mjln7 has the target files.
Copying deathstar_ms-69188.output to deathstar_ms-69188.output
tar: removing leading '/' from member names
Debug: Checking Namespace=default, Pod=ms-69614-794bd8475-zw7l5 for Target File=deathstar_*.output
Namespace: default, Pod: ms-69614-794bd8475-zw7l5 has the target files.
Copying deathstar_ms-69614.output to deathstar_ms-69614.output
tar: removing leading '/' from member names
Debug: Checking Namespace=default, Pod=ms-9081-567985788-2gkwc for Target File=deathstar_*.output
Namespace: default, Pod: ms-9081-567985788-2gkwc has the target files.
Copying deathstar_ms-9081.output to deathstar_ms-9081.output
tar: removing leading '/' from member names
Debug: Checking Namespace=default, Pod=nginx-web-server-56557f7cb7-khk87 for Target File=deathstar_*.output
Namespace: default, Pod: nginx-web-server-56557f7cb7-khk87 has the target files.
Copying deathstar_nginx-web-server.output to deathstar_nginx-web-server.output
tar: removing leading '/' from member names
Debug: Checking Namespace=default, Pod=unknown-6ddf9bd4b5-vtjx5 for Target File=deathstar_*.output
Namespace: default, Pod: unknown-6ddf9bd4b5-vtjx5 has the target files.
Copying deathstar_unknown.output to deathstar_unknown.output
tar: removing leading '/' from member names
