Deployments: ms-11070
ms-11285
ms-11512
ms-1278
ms-13873
ms-19953
ms-21883
ms-25124
ms-27421
ms-2827
ms-33719
ms-37691
ms-43309
ms-4354
ms-46825
ms-60236
ms-71771
ms-8052
ms-902
nginx-web-server
deployment "ms-11070" successfully rolled out
deployment "ms-11285" successfully rolled out
deployment "ms-11512" successfully rolled out
deployment "ms-1278" successfully rolled out
deployment "ms-13873" successfully rolled out
deployment "ms-19953" successfully rolled out
deployment "ms-21883" successfully rolled out
deployment "ms-25124" successfully rolled out
deployment "ms-27421" successfully rolled out
deployment "ms-2827" successfully rolled out
deployment "ms-33719" successfully rolled out
deployment "ms-37691" successfully rolled out
deployment "ms-43309" successfully rolled out
deployment "ms-4354" successfully rolled out
deployment "ms-46825" successfully rolled out
deployment "ms-60236" successfully rolled out
deployment "ms-71771" successfully rolled out
deployment "ms-8052" successfully rolled out
deployment "ms-902" successfully rolled out
deployment "nginx-web-server" successfully rolled out
ENTRY_POINT: nginx-web-server
SERVICE_A_URL: 10.97.113.90:50051
Capacity: 10000
Metadata: request-id={{.RequestNumber}}
Metadata: timestamp={{.TimestampUnix}}
Metadata: method=S_102000854
Charon Configurations:
[{INTERCEPT breakwater} {PRICE_UPDATE_RATE 10ms} {TOKEN_UPDATE_RATE 10ms} {LATENCY_THRESHOLD 100us} {PRICE_STEP 0} {PRICE_STRATEGY step} {LAZY_UPDATE false} {RATE_LIMITING true} {LOAD_SHEDDING true} {CHARON_TRACK_PRICE false} {BREAKWATER_SLO 9696us} {BREAKWATER_A 0.0} {BREAKWATER_B 0.0} {BREAKWATER_CLIENT_EXPIRATION 5000us} {BREAKWATER_INITIAL_CREDIT 2000} {BREAKWATER_LOAD_SHEDDING true} {BREAKWATER_RTT 20000us} {BREAKWATERD_SLO 12500us} {BREAKWATERD_A 0.001} {BREAKWATERD_B 0.02} {BREAKWATERD_CLIENT_EXPIRATION 10ms} {BREAKWATERD_INITIAL_CREDIT 400} {BREAKWATERD_LOAD_SHEDDING true} {BREAKWATERD_RTT 1000us} {DAGOR_QUEUING_THRESHOLD 2ms} {DAGOR_ALPHA 0.05} {DAGOR_BETA 0.01} {DAGOR_ADMISSION_LEVEL_UPDATE_INTERVAL 10ms} {DAGOR_UMAX 20}]

Summary:
  Count:	105283
  Total:	24.99 s
  Slowest:	865.17 ms
  Fastest:	38.82 ms
  Average:	152.89 ms
  Requests/sec:	4213.11

Response time histogram:
  38.818  [1]     |
  121.454 [30003] |∎∎∎∎∎∎∎∎∎∎∎∎∎∎∎∎∎∎∎∎∎∎∎∎∎∎∎∎∎∎∎∎∎∎
  204.089 [35194] |∎∎∎∎∎∎∎∎∎∎∎∎∎∎∎∎∎∎∎∎∎∎∎∎∎∎∎∎∎∎∎∎∎∎∎∎∎∎∎∎
  286.725 [21127] |∎∎∎∎∎∎∎∎∎∎∎∎∎∎∎∎∎∎∎∎∎∎∎∎
  369.360 [7370]  |∎∎∎∎∎∎∎∎
  451.995 [1166]  |∎
  534.631 [108]   |
  617.266 [23]    |
  699.901 [2]     |
  782.537 [30]    |
  865.172 [24]    |

Latency distribution:
  10 % in 42.05 ms 
  25 % in 101.29 ms 
  50 % in 163.50 ms 
  75 % in 221.92 ms 
  90 % in 282.10 ms 
  95 % in 317.17 ms 
  99 % in 382.26 ms 

Status code distribution:
  [Canceled]            1586 responses    
  [OK]                  95048 responses   
  [ResourceExhausted]   8649 responses    

Error distribution:
  [1586]   rpc error: code = Canceled desc = grpc: the client connection is closing                       
  [8649]   rpc error: code = ResourceExhausted desc = Server-side queuing delay is beyond AQM threshold   

Debug: Checking Namespace=default, Pod=ms-11070-7868c54f44-4f9h9 for Target File=deathstar_*.output
Namespace: default, Pod: ms-11070-7868c54f44-4f9h9 has the target files.
Copying deathstar_ms-11070.output to deathstar_ms-11070.output
tar: removing leading '/' from member names
Debug: Checking Namespace=default, Pod=ms-11285-67d597dc77-p8lzc for Target File=deathstar_*.output
Namespace: default, Pod: ms-11285-67d597dc77-p8lzc has the target files.
Copying deathstar_ms-11285.output to deathstar_ms-11285.output
tar: removing leading '/' from member names
Debug: Checking Namespace=default, Pod=ms-11512-75f8ddc45b-st8g4 for Target File=deathstar_*.output
Namespace: default, Pod: ms-11512-75f8ddc45b-st8g4 has the target files.
Copying deathstar_ms-11512.output to deathstar_ms-11512.output
tar: removing leading '/' from member names
Debug: Checking Namespace=default, Pod=ms-1278-85766ff6b8-kljxx for Target File=deathstar_*.output
Namespace: default, Pod: ms-1278-85766ff6b8-kljxx has the target files.
Copying deathstar_ms-1278.output to deathstar_ms-1278.output
tar: removing leading '/' from member names
Debug: Checking Namespace=default, Pod=ms-13873-85d7bb7b97-vtb4b for Target File=deathstar_*.output
Namespace: default, Pod: ms-13873-85d7bb7b97-vtb4b has the target files.
Copying deathstar_ms-13873.output to deathstar_ms-13873.output
tar: removing leading '/' from member names
Debug: Checking Namespace=default, Pod=ms-19953-68cc8998c5-8qhz8 for Target File=deathstar_*.output
Namespace: default, Pod: ms-19953-68cc8998c5-8qhz8 has the target files.
Copying deathstar_ms-19953.output to deathstar_ms-19953.output
tar: removing leading '/' from member names
Debug: Checking Namespace=default, Pod=ms-21883-f6c88c6d4-q4l6m for Target File=deathstar_*.output
Namespace: default, Pod: ms-21883-f6c88c6d4-q4l6m has the target files.
Copying deathstar_ms-21883.output to deathstar_ms-21883.output
tar: removing leading '/' from member names
Debug: Checking Namespace=default, Pod=ms-25124-77bd4446f5-kwpwc for Target File=deathstar_*.output
Namespace: default, Pod: ms-25124-77bd4446f5-kwpwc has the target files.
Copying deathstar_ms-25124.output to deathstar_ms-25124.output
tar: removing leading '/' from member names
Debug: Checking Namespace=default, Pod=ms-27421-8565974486-tm847 for Target File=deathstar_*.output
Namespace: default, Pod: ms-27421-8565974486-tm847 has the target files.
Copying deathstar_ms-27421.output to deathstar_ms-27421.output
tar: removing leading '/' from member names
Debug: Checking Namespace=default, Pod=ms-2827-5dcc6df4f4-dqqkp for Target File=deathstar_*.output
Namespace: default, Pod: ms-2827-5dcc6df4f4-dqqkp has the target files.
Copying deathstar_ms-2827.output to deathstar_ms-2827.output
tar: removing leading '/' from member names
Debug: Checking Namespace=default, Pod=ms-33719-6c455cf54c-hwpds for Target File=deathstar_*.output
Namespace: default, Pod: ms-33719-6c455cf54c-hwpds has the target files.
Copying deathstar_ms-33719.output to deathstar_ms-33719.output
tar: removing leading '/' from member names
Debug: Checking Namespace=default, Pod=ms-37691-b9bc44798-5tszr for Target File=deathstar_*.output
Namespace: default, Pod: ms-37691-b9bc44798-5tszr has the target files.
Copying deathstar_ms-37691.output to deathstar_ms-37691.output
tar: removing leading '/' from member names
Debug: Checking Namespace=default, Pod=ms-43309-54f758d465-bd4qv for Target File=deathstar_*.output
Namespace: default, Pod: ms-43309-54f758d465-bd4qv has the target files.
Copying deathstar_ms-43309.output to deathstar_ms-43309.output
tar: removing leading '/' from member names
Debug: Checking Namespace=default, Pod=ms-4354-669cfcbdf6-622vn for Target File=deathstar_*.output
Namespace: default, Pod: ms-4354-669cfcbdf6-622vn has the target files.
Copying deathstar_ms-4354.output to deathstar_ms-4354.output
tar: removing leading '/' from member names
Debug: Checking Namespace=default, Pod=ms-46825-58c684559d-fvwk4 for Target File=deathstar_*.output
Namespace: default, Pod: ms-46825-58c684559d-fvwk4 has the target files.
Copying deathstar_ms-46825.output to deathstar_ms-46825.output
tar: removing leading '/' from member names
Debug: Checking Namespace=default, Pod=ms-60236-64866cf49-ztbpb for Target File=deathstar_*.output
Namespace: default, Pod: ms-60236-64866cf49-ztbpb has the target files.
Copying deathstar_ms-60236.output to deathstar_ms-60236.output
tar: removing leading '/' from member names
Debug: Checking Namespace=default, Pod=ms-71771-567ddbdd95-pg8qm for Target File=deathstar_*.output
Namespace: default, Pod: ms-71771-567ddbdd95-pg8qm has the target files.
Copying deathstar_ms-71771.output to deathstar_ms-71771.output
tar: removing leading '/' from member names
Debug: Checking Namespace=default, Pod=ms-8052-b995968dc-69p42 for Target File=deathstar_*.output
Namespace: default, Pod: ms-8052-b995968dc-69p42 has the target files.
Copying deathstar_ms-8052.output to deathstar_ms-8052.output
tar: removing leading '/' from member names
Debug: Checking Namespace=default, Pod=ms-902-5744544f85-8p2md for Target File=deathstar_*.output
Namespace: default, Pod: ms-902-5744544f85-8p2md has the target files.
Copying deathstar_ms-902.output to deathstar_ms-902.output
tar: removing leading '/' from member names
Debug: Checking Namespace=default, Pod=nginx-web-server-56557f7cb7-pvwb6 for Target File=deathstar_*.output
Namespace: default, Pod: nginx-web-server-56557f7cb7-pvwb6 has the target files.
Copying deathstar_nginx-web-server.output to deathstar_nginx-web-server.output
tar: removing leading '/' from member names
