Deployments: ms-10090
ms-13558
ms-18330
ms-19585
ms-20172
ms-22893
ms-24009
ms-24959
ms-26622
ms-27421
ms-29373
ms-32301
ms-3289
ms-37691
ms-38964
ms-40147
ms-48118
ms-4829
ms-51685
ms-52379
ms-55394
ms-58436
ms-58772
ms-59962
ms-60061
ms-6323
ms-65741
ms-66473
ms-69188
ms-69614
ms-9081
nginx-web-server
unknown
deployment "ms-10090" successfully rolled out
deployment "ms-13558" successfully rolled out
deployment "ms-18330" successfully rolled out
deployment "ms-19585" successfully rolled out
deployment "ms-20172" successfully rolled out
deployment "ms-22893" successfully rolled out
deployment "ms-24009" successfully rolled out
deployment "ms-24959" successfully rolled out
deployment "ms-26622" successfully rolled out
deployment "ms-27421" successfully rolled out
deployment "ms-29373" successfully rolled out
deployment "ms-32301" successfully rolled out
deployment "ms-3289" successfully rolled out
deployment "ms-37691" successfully rolled out
deployment "ms-38964" successfully rolled out
deployment "ms-40147" successfully rolled out
deployment "ms-48118" successfully rolled out
deployment "ms-4829" successfully rolled out
deployment "ms-51685" successfully rolled out
deployment "ms-52379" successfully rolled out
deployment "ms-55394" successfully rolled out
deployment "ms-58436" successfully rolled out
deployment "ms-58772" successfully rolled out
deployment "ms-59962" successfully rolled out
deployment "ms-60061" successfully rolled out
deployment "ms-6323" successfully rolled out
deployment "ms-65741" successfully rolled out
deployment "ms-66473" successfully rolled out
deployment "ms-69188" successfully rolled out
deployment "ms-69614" successfully rolled out
deployment "ms-9081" successfully rolled out
deployment "nginx-web-server" successfully rolled out
deployment "unknown" successfully rolled out
ENTRY_POINT: nginx-web-server
SERVICE_A_URL: 10.101.175.240:50051
Capacity: 10000
Metadata: method=S_149998854
Metadata: request-id={{.RequestNumber}}
Metadata: timestamp={{.TimestampUnix}}
Charon Configurations:
[{INTERCEPT breakwater} {PRICE_UPDATE_RATE 10ms} {TOKEN_UPDATE_RATE 10ms} {LATENCY_THRESHOLD 100us} {PRICE_STEP 0} {PRICE_STRATEGY step} {LAZY_UPDATE false} {RATE_LIMITING true} {LOAD_SHEDDING true} {CHARON_TRACK_PRICE false} {BREAKWATER_SLO 8006us} {BREAKWATER_A 0.3481129296381402} {BREAKWATER_B 0.66257498476019} {BREAKWATER_CLIENT_EXPIRATION 2328us} {BREAKWATER_INITIAL_CREDIT 574} {BREAKWATER_LOAD_SHEDDING true} {BREAKWATER_RTT 12737us} {BREAKWATERD_SLO 12500us} {BREAKWATERD_A 0.001} {BREAKWATERD_B 0.02} {BREAKWATERD_CLIENT_EXPIRATION 10ms} {BREAKWATERD_INITIAL_CREDIT 400} {BREAKWATERD_LOAD_SHEDDING true} {BREAKWATERD_RTT 1000us} {DAGOR_QUEUING_THRESHOLD 2ms} {DAGOR_ALPHA 0.05} {DAGOR_BETA 0.01} {DAGOR_ADMISSION_LEVEL_UPDATE_INTERVAL 10ms} {DAGOR_UMAX 20}]

Summary:
  Count:	91713
  Total:	25.00 s
  Slowest:	938.15 ms
  Fastest:	110.94 ms
  Average:	248.65 ms
  Requests/sec:	3668.43

Response time histogram:
  110.936 [1]     |
  193.657 [12801] |∎∎∎∎∎∎∎∎∎∎∎∎∎∎∎∎∎∎∎∎∎∎∎∎∎∎∎∎∎∎∎∎
  276.379 [8263]  |∎∎∎∎∎∎∎∎∎∎∎∎∎∎∎∎∎∎∎∎∎
  359.100 [16026] |∎∎∎∎∎∎∎∎∎∎∎∎∎∎∎∎∎∎∎∎∎∎∎∎∎∎∎∎∎∎∎∎∎∎∎∎∎∎∎∎
  441.821 [13273] |∎∎∎∎∎∎∎∎∎∎∎∎∎∎∎∎∎∎∎∎∎∎∎∎∎∎∎∎∎∎∎∎∎
  524.543 [8995]  |∎∎∎∎∎∎∎∎∎∎∎∎∎∎∎∎∎∎∎∎∎∎
  607.264 [4158]  |∎∎∎∎∎∎∎∎∎∎
  689.986 [2020]  |∎∎∎∎∎
  772.707 [435]   |∎
  855.429 [63]    |
  938.150 [12]    |

Latency distribution:
  10 % in 114.28 ms 
  25 % in 243.90 ms 
  50 % in 337.24 ms 
  75 % in 433.91 ms 
  90 % in 525.44 ms 
  95 % in 583.08 ms 
  99 % in 678.91 ms 

Status code distribution:
  [Canceled]            1712 responses    
  [OK]                  66047 responses   
  [ResourceExhausted]   23953 responses   
  [DeadlineExceeded]    1 responses       

Error distribution:
  [23953]   rpc error: code = ResourceExhausted desc = Server-side queuing delay is beyond AQM threshold   
  [1]       rpc error: code = DeadlineExceeded desc = context deadline exceeded                            
  [1712]    rpc error: code = Canceled desc = grpc: the client connection is closing                       

Debug: Checking Namespace=default, Pod=ms-10090-6454f977fd-xzmt8 for Target File=deathstar_*.output
Namespace: default, Pod: ms-10090-6454f977fd-xzmt8 has the target files.
Copying deathstar_ms-10090.output to deathstar_ms-10090.output
tar: removing leading '/' from member names
Debug: Checking Namespace=default, Pod=ms-13558-b48bb5d9d-tzds2 for Target File=deathstar_*.output
Namespace: default, Pod: ms-13558-b48bb5d9d-tzds2 has the target files.
Copying deathstar_ms-13558.output to deathstar_ms-13558.output
tar: removing leading '/' from member names
Debug: Checking Namespace=default, Pod=ms-18330-759d9cf49c-2mhvm for Target File=deathstar_*.output
Namespace: default, Pod: ms-18330-759d9cf49c-2mhvm has the target files.
Copying deathstar_ms-18330.output to deathstar_ms-18330.output
tar: removing leading '/' from member names
Debug: Checking Namespace=default, Pod=ms-19585-6f995cfcbf-9t259 for Target File=deathstar_*.output
Namespace: default, Pod: ms-19585-6f995cfcbf-9t259 has the target files.
Copying deathstar_ms-19585.output to deathstar_ms-19585.output
tar: removing leading '/' from member names
Debug: Checking Namespace=default, Pod=ms-20172-59d5485464-9259q for Target File=deathstar_*.output
Namespace: default, Pod: ms-20172-59d5485464-9259q has the target files.
Copying deathstar_ms-20172.output to deathstar_ms-20172.output
tar: removing leading '/' from member names
Debug: Checking Namespace=default, Pod=ms-22893-576fd5f9f6-x4sj6 for Target File=deathstar_*.output
Namespace: default, Pod: ms-22893-576fd5f9f6-x4sj6 has the target files.
Copying deathstar_ms-22893.output to deathstar_ms-22893.output
tar: removing leading '/' from member names
Debug: Checking Namespace=default, Pod=ms-24009-67dbf5b976-n7l86 for Target File=deathstar_*.output
Namespace: default, Pod: ms-24009-67dbf5b976-n7l86 has the target files.
Copying deathstar_ms-24009.output to deathstar_ms-24009.output
tar: removing leading '/' from member names
Debug: Checking Namespace=default, Pod=ms-24959-99f8bbf9-w54ck for Target File=deathstar_*.output
Namespace: default, Pod: ms-24959-99f8bbf9-w54ck has the target files.
Copying deathstar_ms-24959.output to deathstar_ms-24959.output
tar: removing leading '/' from member names
Debug: Checking Namespace=default, Pod=ms-26622-66fdf7d64f-jq6ch for Target File=deathstar_*.output
Namespace: default, Pod: ms-26622-66fdf7d64f-jq6ch has the target files.
Copying deathstar_ms-26622.output to deathstar_ms-26622.output
tar: removing leading '/' from member names
Debug: Checking Namespace=default, Pod=ms-27421-64f549855c-dqgr5 for Target File=deathstar_*.output
Namespace: default, Pod: ms-27421-64f549855c-dqgr5 has the target files.
Copying deathstar_ms-27421.output to deathstar_ms-27421.output
tar: removing leading '/' from member names
Debug: Checking Namespace=default, Pod=ms-29373-8467f7db44-v87xc for Target File=deathstar_*.output
Namespace: default, Pod: ms-29373-8467f7db44-v87xc has the target files.
Copying deathstar_ms-29373.output to deathstar_ms-29373.output
tar: removing leading '/' from member names
Debug: Checking Namespace=default, Pod=ms-32301-c5654bbc5-94fmr for Target File=deathstar_*.output
Namespace: default, Pod: ms-32301-c5654bbc5-94fmr has the target files.
Copying deathstar_ms-32301.output to deathstar_ms-32301.output
tar: removing leading '/' from member names
Debug: Checking Namespace=default, Pod=ms-3289-587dbd96bf-vwdcw for Target File=deathstar_*.output
Namespace: default, Pod: ms-3289-587dbd96bf-vwdcw has the target files.
Copying deathstar_ms-3289.output to deathstar_ms-3289.output
tar: removing leading '/' from member names
Debug: Checking Namespace=default, Pod=ms-37691-6dc6cd6744-hxbmb for Target File=deathstar_*.output
Namespace: default, Pod: ms-37691-6dc6cd6744-hxbmb has the target files.
Copying deathstar_ms-37691.output to deathstar_ms-37691.output
tar: removing leading '/' from member names
Debug: Checking Namespace=default, Pod=ms-38964-5b647cdbd-wt4xc for Target File=deathstar_*.output
Namespace: default, Pod: ms-38964-5b647cdbd-wt4xc has the target files.
Copying deathstar_ms-38964.output to deathstar_ms-38964.output
tar: removing leading '/' from member names
Debug: Checking Namespace=default, Pod=ms-40147-cd867585-gmd5v for Target File=deathstar_*.output
Namespace: default, Pod: ms-40147-cd867585-gmd5v has the target files.
Copying deathstar_ms-40147.output to deathstar_ms-40147.output
tar: removing leading '/' from member names
Debug: Checking Namespace=default, Pod=ms-48118-ff7b99cc9-f9xtg for Target File=deathstar_*.output
Namespace: default, Pod: ms-48118-ff7b99cc9-f9xtg has the target files.
Copying deathstar_ms-48118.output to deathstar_ms-48118.output
tar: removing leading '/' from member names
Debug: Checking Namespace=default, Pod=ms-4829-669557b66c-jdlb7 for Target File=deathstar_*.output
Namespace: default, Pod: ms-4829-669557b66c-jdlb7 has the target files.
Copying deathstar_ms-4829.output to deathstar_ms-4829.output
tar: removing leading '/' from member names
Debug: Checking Namespace=default, Pod=ms-51685-79858c784f-qdsw2 for Target File=deathstar_*.output
Namespace: default, Pod: ms-51685-79858c784f-qdsw2 has the target files.
Copying deathstar_ms-51685.output to deathstar_ms-51685.output
tar: removing leading '/' from member names
Debug: Checking Namespace=default, Pod=ms-52379-57c6cdd54b-cjgtn for Target File=deathstar_*.output
Namespace: default, Pod: ms-52379-57c6cdd54b-cjgtn has the target files.
Copying deathstar_ms-52379.output to deathstar_ms-52379.output
tar: removing leading '/' from member names
Debug: Checking Namespace=default, Pod=ms-55394-6f999f5df9-7dtfd for Target File=deathstar_*.output
Namespace: default, Pod: ms-55394-6f999f5df9-7dtfd has the target files.
Copying deathstar_ms-55394.output to deathstar_ms-55394.output
tar: removing leading '/' from member names
Debug: Checking Namespace=default, Pod=ms-58436-59dd96f659-fbx8v for Target File=deathstar_*.output
Namespace: default, Pod: ms-58436-59dd96f659-fbx8v has the target files.
Copying deathstar_ms-58436.output to deathstar_ms-58436.output
tar: removing leading '/' from member names
Debug: Checking Namespace=default, Pod=ms-58772-68ff78c966-x7664 for Target File=deathstar_*.output
Namespace: default, Pod: ms-58772-68ff78c966-x7664 has the target files.
Copying deathstar_ms-58772.output to deathstar_ms-58772.output
tar: removing leading '/' from member names
Debug: Checking Namespace=default, Pod=ms-59962-756b895b58-8sznq for Target File=deathstar_*.output
Namespace: default, Pod: ms-59962-756b895b58-8sznq has the target files.
Copying deathstar_ms-59962.output to deathstar_ms-59962.output
tar: removing leading '/' from member names
Debug: Checking Namespace=default, Pod=ms-60061-68bd84bdcd-kmcs7 for Target File=deathstar_*.output
Namespace: default, Pod: ms-60061-68bd84bdcd-kmcs7 has the target files.
Copying deathstar_ms-60061.output to deathstar_ms-60061.output
tar: removing leading '/' from member names
Debug: Checking Namespace=default, Pod=ms-6323-974659fcd-4kn28 for Target File=deathstar_*.output
Namespace: default, Pod: ms-6323-974659fcd-4kn28 has the target files.
Copying deathstar_ms-6323.output to deathstar_ms-6323.output
tar: removing leading '/' from member names
Debug: Checking Namespace=default, Pod=ms-65741-65f588bcdf-n2h4r for Target File=deathstar_*.output
Namespace: default, Pod: ms-65741-65f588bcdf-n2h4r has the target files.
Copying deathstar_ms-65741.output to deathstar_ms-65741.output
tar: removing leading '/' from member names
Debug: Checking Namespace=default, Pod=ms-66473-79c66f8bff-4d9kl for Target File=deathstar_*.output
Namespace: default, Pod: ms-66473-79c66f8bff-4d9kl has the target files.
Copying deathstar_ms-66473.output to deathstar_ms-66473.output
tar: removing leading '/' from member names
Debug: Checking Namespace=default, Pod=ms-69188-65c548d4cb-qfl99 for Target File=deathstar_*.output
Namespace: default, Pod: ms-69188-65c548d4cb-qfl99 has the target files.
Copying deathstar_ms-69188.output to deathstar_ms-69188.output
tar: removing leading '/' from member names
Debug: Checking Namespace=default, Pod=ms-69614-794bd8475-4qpp4 for Target File=deathstar_*.output
Namespace: default, Pod: ms-69614-794bd8475-4qpp4 has the target files.
Copying deathstar_ms-69614.output to deathstar_ms-69614.output
tar: removing leading '/' from member names
Debug: Checking Namespace=default, Pod=ms-9081-567985788-wncdl for Target File=deathstar_*.output
Namespace: default, Pod: ms-9081-567985788-wncdl has the target files.
Copying deathstar_ms-9081.output to deathstar_ms-9081.output
tar: removing leading '/' from member names
Debug: Checking Namespace=default, Pod=nginx-web-server-56557f7cb7-8cck6 for Target File=deathstar_*.output
Namespace: default, Pod: nginx-web-server-56557f7cb7-8cck6 has the target files.
Copying deathstar_nginx-web-server.output to deathstar_nginx-web-server.output
tar: removing leading '/' from member names
Debug: Checking Namespace=default, Pod=unknown-6ddf9bd4b5-p8f7l for Target File=deathstar_*.output
Namespace: default, Pod: unknown-6ddf9bd4b5-p8f7l has the target files.
Copying deathstar_unknown.output to deathstar_unknown.output
tar: removing leading '/' from member names
