Deployments: ms-11070
ms-11285
ms-11512
ms-1278
ms-13873
ms-19953
ms-21883
ms-25124
ms-27421
ms-2827
ms-33719
ms-37691
ms-43309
ms-4354
ms-46825
ms-60236
ms-71771
ms-8052
ms-902
nginx-web-server
deployment "ms-11070" successfully rolled out
deployment "ms-11285" successfully rolled out
deployment "ms-11512" successfully rolled out
deployment "ms-1278" successfully rolled out
deployment "ms-13873" successfully rolled out
deployment "ms-19953" successfully rolled out
deployment "ms-21883" successfully rolled out
deployment "ms-25124" successfully rolled out
deployment "ms-27421" successfully rolled out
deployment "ms-2827" successfully rolled out
deployment "ms-33719" successfully rolled out
deployment "ms-37691" successfully rolled out
deployment "ms-43309" successfully rolled out
deployment "ms-4354" successfully rolled out
deployment "ms-46825" successfully rolled out
deployment "ms-60236" successfully rolled out
deployment "ms-71771" successfully rolled out
deployment "ms-8052" successfully rolled out
deployment "ms-902" successfully rolled out
deployment "nginx-web-server" successfully rolled out
ENTRY_POINT: nginx-web-server
SERVICE_A_URL: 10.100.241.199:50051
Capacity: 10000
Metadata: request-id={{.RequestNumber}}
Metadata: timestamp={{.TimestampUnix}}
Metadata: method=S_102000854
Charon Configurations:
[{INTERCEPT charon} {PRICE_UPDATE_RATE 3607us} {TOKEN_UPDATE_RATE 16275us} {LATENCY_THRESHOLD 1612us} {PRICE_STEP 150} {PRICE_STRATEGY proportional} {LAZY_UPDATE true} {RATE_LIMITING true} {LOAD_SHEDDING true} {CHARON_TRACK_PRICE false} {BREAKWATER_SLO 12500us} {BREAKWATER_A 0.001} {BREAKWATER_B 0.02} {BREAKWATER_CLIENT_EXPIRATION 10ms} {BREAKWATER_INITIAL_CREDIT 400} {BREAKWATER_LOAD_SHEDDING true} {BREAKWATER_RTT 1000us} {BREAKWATERD_SLO 12500us} {BREAKWATERD_A 0.001} {BREAKWATERD_B 0.02} {BREAKWATERD_CLIENT_EXPIRATION 10ms} {BREAKWATERD_INITIAL_CREDIT 400} {BREAKWATERD_LOAD_SHEDDING true} {BREAKWATERD_RTT 1000us} {DAGOR_QUEUING_THRESHOLD 2ms} {DAGOR_ALPHA 0.05} {DAGOR_BETA 0.01} {DAGOR_ADMISSION_LEVEL_UPDATE_INTERVAL 10ms} {DAGOR_UMAX 20}]

Summary:
  Count:	61966
  Total:	14.78 s
  Slowest:	790.17 ms
  Fastest:	38.89 ms
  Average:	46.14 ms
  Requests/sec:	4191.38

Response time histogram:
  38.893  [1]     |
  114.020 [54177] |∎∎∎∎∎∎∎∎∎∎∎∎∎∎∎∎∎∎∎∎∎∎∎∎∎∎∎∎∎∎∎∎∎∎∎∎∎∎∎∎
  189.147 [1031]  |∎
  264.275 [440]   |
  339.402 [1]     |
  414.529 [24]    |
  489.656 [20]    |
  564.784 [0]     |
  639.911 [0]     |
  715.038 [8]     |
  790.165 [20]    |

Latency distribution:
  10 % in 40.53 ms 
  25 % in 41.78 ms 
  50 % in 44.28 ms 
  75 % in 48.47 ms 
  90 % in 55.12 ms 
  95 % in 63.87 ms 
  99 % in 185.52 ms 

Status code distribution:
  [OK]                  55722 responses   
  [Canceled]            53 responses      
  [ResourceExhausted]   6191 responses    

Error distribution:
  [5037]   rpc error: code = ResourceExhausted desc = S_102000854 req dropped by nginx-web-server. Try again later.   
  [292]    rpc error: code = ResourceExhausted desc = S_102000854 req dropped by ms-60236. Try again later.           
  [1]      rpc error: code = ResourceExhausted desc = S_102000854 req dropped by ms-33719. Try again later.           
  [53]     rpc error: code = Canceled desc = grpc: the client connection is closing                                   
  [604]    rpc error: code = ResourceExhausted desc = S_102000854 req dropped by ms-13873. Try again later.           
  [257]    rpc error: code = ResourceExhausted desc = S_102000854 req dropped by ms-25124. Try again later.           

Debug: Checking Namespace=default, Pod=ms-11070-7868c54f44-ndn8j for Target File=deathstar_*.output
Namespace: default, Pod: ms-11070-7868c54f44-ndn8j has the target files.
Copying deathstar_ms-11070.output to deathstar_ms-11070.output
tar: removing leading '/' from member names
Debug: Checking Namespace=default, Pod=ms-11285-67d597dc77-88p8w for Target File=deathstar_*.output
Namespace: default, Pod: ms-11285-67d597dc77-88p8w has the target files.
Copying deathstar_ms-11285.output to deathstar_ms-11285.output
tar: removing leading '/' from member names
Debug: Checking Namespace=default, Pod=ms-11512-75f8ddc45b-56mmk for Target File=deathstar_*.output
Namespace: default, Pod: ms-11512-75f8ddc45b-56mmk has the target files.
Copying deathstar_ms-11512.output to deathstar_ms-11512.output
tar: removing leading '/' from member names
Debug: Checking Namespace=default, Pod=ms-1278-85766ff6b8-554qd for Target File=deathstar_*.output
Namespace: default, Pod: ms-1278-85766ff6b8-554qd has the target files.
Copying deathstar_ms-1278.output to deathstar_ms-1278.output
tar: removing leading '/' from member names
Debug: Checking Namespace=default, Pod=ms-13873-85d7bb7b97-h2dj2 for Target File=deathstar_*.output
Namespace: default, Pod: ms-13873-85d7bb7b97-h2dj2 has the target files.
Copying deathstar_ms-13873.output to deathstar_ms-13873.output
tar: removing leading '/' from member names
Debug: Checking Namespace=default, Pod=ms-19953-68cc8998c5-4z6fp for Target File=deathstar_*.output
Namespace: default, Pod: ms-19953-68cc8998c5-4z6fp has the target files.
Copying deathstar_ms-19953.output to deathstar_ms-19953.output
tar: removing leading '/' from member names
Debug: Checking Namespace=default, Pod=ms-21883-f6c88c6d4-7m659 for Target File=deathstar_*.output
Namespace: default, Pod: ms-21883-f6c88c6d4-7m659 has the target files.
Copying deathstar_ms-21883.output to deathstar_ms-21883.output
tar: removing leading '/' from member names
Debug: Checking Namespace=default, Pod=ms-25124-77bd4446f5-r8nft for Target File=deathstar_*.output
Namespace: default, Pod: ms-25124-77bd4446f5-r8nft has the target files.
Copying deathstar_ms-25124.output to deathstar_ms-25124.output
tar: removing leading '/' from member names
Debug: Checking Namespace=default, Pod=ms-27421-8565974486-xlzlq for Target File=deathstar_*.output
Namespace: default, Pod: ms-27421-8565974486-xlzlq has the target files.
Copying deathstar_ms-27421.output to deathstar_ms-27421.output
tar: removing leading '/' from member names
Debug: Checking Namespace=default, Pod=ms-2827-5dcc6df4f4-ds77r for Target File=deathstar_*.output
Namespace: default, Pod: ms-2827-5dcc6df4f4-ds77r has the target files.
Copying deathstar_ms-2827.output to deathstar_ms-2827.output
tar: removing leading '/' from member names
Debug: Checking Namespace=default, Pod=ms-33719-6c455cf54c-2dsgg for Target File=deathstar_*.output
Namespace: default, Pod: ms-33719-6c455cf54c-2dsgg has the target files.
Copying deathstar_ms-33719.output to deathstar_ms-33719.output
tar: removing leading '/' from member names
Debug: Checking Namespace=default, Pod=ms-37691-b9bc44798-p28nl for Target File=deathstar_*.output
Namespace: default, Pod: ms-37691-b9bc44798-p28nl has the target files.
Copying deathstar_ms-37691.output to deathstar_ms-37691.output
tar: removing leading '/' from member names
Debug: Checking Namespace=default, Pod=ms-43309-54f758d465-cvtcz for Target File=deathstar_*.output
Namespace: default, Pod: ms-43309-54f758d465-cvtcz has the target files.
Copying deathstar_ms-43309.output to deathstar_ms-43309.output
tar: removing leading '/' from member names
Debug: Checking Namespace=default, Pod=ms-4354-669cfcbdf6-r4jgj for Target File=deathstar_*.output
Namespace: default, Pod: ms-4354-669cfcbdf6-r4jgj has the target files.
Copying deathstar_ms-4354.output to deathstar_ms-4354.output
tar: removing leading '/' from member names
Debug: Checking Namespace=default, Pod=ms-46825-58c684559d-l8zdt for Target File=deathstar_*.output
Namespace: default, Pod: ms-46825-58c684559d-l8zdt has the target files.
Copying deathstar_ms-46825.output to deathstar_ms-46825.output
tar: removing leading '/' from member names
Debug: Checking Namespace=default, Pod=ms-60236-64866cf49-r549v for Target File=deathstar_*.output
Namespace: default, Pod: ms-60236-64866cf49-r549v has the target files.
Copying deathstar_ms-60236.output to deathstar_ms-60236.output
tar: removing leading '/' from member names
Debug: Checking Namespace=default, Pod=ms-71771-567ddbdd95-l9pjt for Target File=deathstar_*.output
Namespace: default, Pod: ms-71771-567ddbdd95-l9pjt has the target files.
Copying deathstar_ms-71771.output to deathstar_ms-71771.output
tar: removing leading '/' from member names
Debug: Checking Namespace=default, Pod=ms-8052-b995968dc-8d7xt for Target File=deathstar_*.output
Namespace: default, Pod: ms-8052-b995968dc-8d7xt has the target files.
Copying deathstar_ms-8052.output to deathstar_ms-8052.output
tar: removing leading '/' from member names
Debug: Checking Namespace=default, Pod=ms-902-5744544f85-kq4fn for Target File=deathstar_*.output
Namespace: default, Pod: ms-902-5744544f85-kq4fn has the target files.
Copying deathstar_ms-902.output to deathstar_ms-902.output
tar: removing leading '/' from member names
Debug: Checking Namespace=default, Pod=nginx-web-server-56557f7cb7-6vmbx for Target File=deathstar_*.output
Namespace: default, Pod: nginx-web-server-56557f7cb7-6vmbx has the target files.
Copying deathstar_nginx-web-server.output to deathstar_nginx-web-server.output
tar: removing leading '/' from member names
