Deployments: ms-10090
ms-13558
ms-18330
ms-19585
ms-20172
ms-22893
ms-24009
ms-24959
ms-26622
ms-27421
ms-29373
ms-32301
ms-3289
ms-37691
ms-38964
ms-40147
ms-48118
ms-4829
ms-51685
ms-52379
ms-55394
ms-58436
ms-58772
ms-59962
ms-60061
ms-6323
ms-65741
ms-66473
ms-69188
ms-69614
ms-9081
nginx-web-server
unknown
deployment "ms-10090" successfully rolled out
deployment "ms-13558" successfully rolled out
deployment "ms-18330" successfully rolled out
deployment "ms-19585" successfully rolled out
deployment "ms-20172" successfully rolled out
deployment "ms-22893" successfully rolled out
deployment "ms-24009" successfully rolled out
deployment "ms-24959" successfully rolled out
deployment "ms-26622" successfully rolled out
deployment "ms-27421" successfully rolled out
deployment "ms-29373" successfully rolled out
deployment "ms-32301" successfully rolled out
deployment "ms-3289" successfully rolled out
deployment "ms-37691" successfully rolled out
deployment "ms-38964" successfully rolled out
deployment "ms-40147" successfully rolled out
deployment "ms-48118" successfully rolled out
deployment "ms-4829" successfully rolled out
deployment "ms-51685" successfully rolled out
deployment "ms-52379" successfully rolled out
deployment "ms-55394" successfully rolled out
deployment "ms-58436" successfully rolled out
deployment "ms-58772" successfully rolled out
deployment "ms-59962" successfully rolled out
deployment "ms-60061" successfully rolled out
deployment "ms-6323" successfully rolled out
deployment "ms-65741" successfully rolled out
deployment "ms-66473" successfully rolled out
deployment "ms-69188" successfully rolled out
deployment "ms-69614" successfully rolled out
deployment "ms-9081" successfully rolled out
deployment "nginx-web-server" successfully rolled out
deployment "unknown" successfully rolled out
ENTRY_POINT: nginx-web-server
SERVICE_A_URL: 10.108.88.94:50051
Capacity: 10000
Metadata: method=S_149998854
Metadata: request-id={{.RequestNumber}}
Metadata: timestamp={{.TimestampUnix}}
Charon Configurations:
[{INTERCEPT breakwaterd} {PRICE_UPDATE_RATE 10ms} {TOKEN_UPDATE_RATE 10ms} {LATENCY_THRESHOLD 100us} {PRICE_STEP 0} {PRICE_STRATEGY step} {LAZY_UPDATE false} {RATE_LIMITING true} {LOAD_SHEDDING true} {CHARON_TRACK_PRICE false} {BREAKWATER_SLO 39926us} {BREAKWATER_A 20.59502783044751} {BREAKWATER_B 8.346256718973729} {BREAKWATER_CLIENT_EXPIRATION 92us} {BREAKWATER_INITIAL_CREDIT 300} {BREAKWATER_LOAD_SHEDDING true} {BREAKWATER_RTT 19777us} {BREAKWATERD_SLO 30552us} {BREAKWATERD_A 2.804439920644052} {BREAKWATERD_B 7.892793284514886} {BREAKWATERD_CLIENT_EXPIRATION 19290us} {BREAKWATERD_INITIAL_CREDIT 2240} {BREAKWATERD_LOAD_SHEDDING true} {BREAKWATERD_RTT 18263us} {DAGOR_QUEUING_THRESHOLD 2ms} {DAGOR_ALPHA 0.05} {DAGOR_BETA 0.01} {DAGOR_ADMISSION_LEVEL_UPDATE_INTERVAL 10ms} {DAGOR_UMAX 20}]

Summary:
  Count:	3180
  Total:	25.00 s
  Slowest:	149.31 ms
  Fastest:	113.29 ms
  Average:	846.96 ms
  Requests/sec:	127.20

Response time histogram:
  113.286 [1]  |∎∎
  116.889 [26] |∎∎∎∎∎∎∎∎∎∎∎∎∎∎∎∎∎∎∎∎∎∎∎∎∎∎∎∎∎∎∎∎∎∎∎∎∎∎∎∎
  120.492 [19] |∎∎∎∎∎∎∎∎∎∎∎∎∎∎∎∎∎∎∎∎∎∎∎∎∎∎∎∎∎
  124.095 [8]  |∎∎∎∎∎∎∎∎∎∎∎∎
  127.697 [5]  |∎∎∎∎∎∎∎∎
  131.300 [15] |∎∎∎∎∎∎∎∎∎∎∎∎∎∎∎∎∎∎∎∎∎∎∎
  134.903 [18] |∎∎∎∎∎∎∎∎∎∎∎∎∎∎∎∎∎∎∎∎∎∎∎∎∎∎∎∎
  138.506 [8]  |∎∎∎∎∎∎∎∎∎∎∎∎
  142.109 [4]  |∎∎∎∎∎∎
  145.711 [2]  |∎∎∎
  149.314 [3]  |∎∎∎∎∎

Latency distribution:
  10 % in 115.39 ms 
  25 % in 117.02 ms 
  50 % in 124.35 ms 
  75 % in 132.95 ms 
  90 % in 137.95 ms 
  95 % in 141.94 ms 
  99 % in 148.18 ms 

Status code distribution:
  [ResourceExhausted]   404 responses    
  [OK]                  109 responses    
  [DeadlineExceeded]    2667 responses   

Error distribution:
  [25]     rpc error: code = ResourceExhausted desc = Client id 585db9eb-6459-448a-9818-b9ae9552f5fe request expired in queue.   
  [6]      rpc error: code = ResourceExhausted desc = Client id fdd86576-d9be-4e7a-a9da-2bd3190b7855 request expired in queue.   
  [2667]   rpc error: code = DeadlineExceeded desc = context deadline exceeded                                                   
  [7]      rpc error: code = ResourceExhausted desc = Client id a7813c91-63fe-4bf2-8e26-c05074f8db54 request expired in queue.   
  [250]    rpc error: code = ResourceExhausted desc = Client id d9a708fe-eef0-4027-b87c-00bbf082af91 request expired in queue.   
  [116]    rpc error: code = ResourceExhausted desc = Client id 2fb28a2a-b994-42ba-a77d-b594781bee46 request expired in queue.   

Debug: Checking Namespace=default, Pod=ms-10090-6454f977fd-smxst for Target File=deathstar_*.output
Namespace: default, Pod: ms-10090-6454f977fd-smxst has the target files.
Copying deathstar_ms-10090.output to deathstar_ms-10090.output
tar: removing leading '/' from member names
Debug: Checking Namespace=default, Pod=ms-13558-b48bb5d9d-dj72l for Target File=deathstar_*.output
Namespace: default, Pod: ms-13558-b48bb5d9d-dj72l has the target files.
Copying deathstar_ms-13558.output to deathstar_ms-13558.output
tar: removing leading '/' from member names
Debug: Checking Namespace=default, Pod=ms-18330-759d9cf49c-kqzt6 for Target File=deathstar_*.output
Namespace: default, Pod: ms-18330-759d9cf49c-kqzt6 has the target files.
Copying deathstar_ms-18330.output to deathstar_ms-18330.output
tar: removing leading '/' from member names
Debug: Checking Namespace=default, Pod=ms-19585-6f995cfcbf-bjjkc for Target File=deathstar_*.output
Namespace: default, Pod: ms-19585-6f995cfcbf-bjjkc has the target files.
Copying deathstar_ms-19585.output to deathstar_ms-19585.output
tar: removing leading '/' from member names
Debug: Checking Namespace=default, Pod=ms-20172-59d5485464-2hszr for Target File=deathstar_*.output
Namespace: default, Pod: ms-20172-59d5485464-2hszr has the target files.
Copying deathstar_ms-20172.output to deathstar_ms-20172.output
tar: removing leading '/' from member names
Debug: Checking Namespace=default, Pod=ms-22893-576fd5f9f6-zpmg6 for Target File=deathstar_*.output
Namespace: default, Pod: ms-22893-576fd5f9f6-zpmg6 has the target files.
Copying deathstar_ms-22893.output to deathstar_ms-22893.output
tar: removing leading '/' from member names
Debug: Checking Namespace=default, Pod=ms-24009-67dbf5b976-prks2 for Target File=deathstar_*.output
Namespace: default, Pod: ms-24009-67dbf5b976-prks2 has the target files.
Copying deathstar_ms-24009.output to deathstar_ms-24009.output
tar: removing leading '/' from member names
Debug: Checking Namespace=default, Pod=ms-24959-99f8bbf9-75xwl for Target File=deathstar_*.output
Namespace: default, Pod: ms-24959-99f8bbf9-75xwl has the target files.
Copying deathstar_ms-24959.output to deathstar_ms-24959.output
tar: removing leading '/' from member names
Debug: Checking Namespace=default, Pod=ms-26622-66fdf7d64f-jh8f4 for Target File=deathstar_*.output
Namespace: default, Pod: ms-26622-66fdf7d64f-jh8f4 has the target files.
Copying deathstar_ms-26622.output to deathstar_ms-26622.output
tar: removing leading '/' from member names
Debug: Checking Namespace=default, Pod=ms-27421-64f549855c-xzdm6 for Target File=deathstar_*.output
Namespace: default, Pod: ms-27421-64f549855c-xzdm6 has the target files.
Copying deathstar_ms-27421.output to deathstar_ms-27421.output
tar: removing leading '/' from member names
Debug: Checking Namespace=default, Pod=ms-29373-8467f7db44-47jtm for Target File=deathstar_*.output
Namespace: default, Pod: ms-29373-8467f7db44-47jtm has the target files.
Copying deathstar_ms-29373.output to deathstar_ms-29373.output
tar: removing leading '/' from member names
Debug: Checking Namespace=default, Pod=ms-32301-c5654bbc5-4z6pn for Target File=deathstar_*.output
Namespace: default, Pod: ms-32301-c5654bbc5-4z6pn has the target files.
Copying deathstar_ms-32301.output to deathstar_ms-32301.output
tar: removing leading '/' from member names
Debug: Checking Namespace=default, Pod=ms-3289-587dbd96bf-zk72n for Target File=deathstar_*.output
Namespace: default, Pod: ms-3289-587dbd96bf-zk72n has the target files.
Copying deathstar_ms-3289.output to deathstar_ms-3289.output
tar: removing leading '/' from member names
Debug: Checking Namespace=default, Pod=ms-37691-6dc6cd6744-qfwkl for Target File=deathstar_*.output
Namespace: default, Pod: ms-37691-6dc6cd6744-qfwkl has the target files.
Copying deathstar_ms-37691.output to deathstar_ms-37691.output
tar: removing leading '/' from member names
Debug: Checking Namespace=default, Pod=ms-38964-5b647cdbd-vhf2w for Target File=deathstar_*.output
Namespace: default, Pod: ms-38964-5b647cdbd-vhf2w has the target files.
Copying deathstar_ms-38964.output to deathstar_ms-38964.output
tar: removing leading '/' from member names
Debug: Checking Namespace=default, Pod=ms-40147-cd867585-lmsw4 for Target File=deathstar_*.output
Namespace: default, Pod: ms-40147-cd867585-lmsw4 has the target files.
Copying deathstar_ms-40147.output to deathstar_ms-40147.output
tar: removing leading '/' from member names
Debug: Checking Namespace=default, Pod=ms-48118-ff7b99cc9-9d2sx for Target File=deathstar_*.output
Namespace: default, Pod: ms-48118-ff7b99cc9-9d2sx has the target files.
Copying deathstar_ms-48118.output to deathstar_ms-48118.output
tar: removing leading '/' from member names
Debug: Checking Namespace=default, Pod=ms-4829-669557b66c-psfct for Target File=deathstar_*.output
Namespace: default, Pod: ms-4829-669557b66c-psfct has the target files.
Copying deathstar_ms-4829.output to deathstar_ms-4829.output
tar: removing leading '/' from member names
Debug: Checking Namespace=default, Pod=ms-51685-79858c784f-wrvlk for Target File=deathstar_*.output
Namespace: default, Pod: ms-51685-79858c784f-wrvlk has the target files.
Copying deathstar_ms-51685.output to deathstar_ms-51685.output
tar: removing leading '/' from member names
Debug: Checking Namespace=default, Pod=ms-52379-57c6cdd54b-nbpbt for Target File=deathstar_*.output
Namespace: default, Pod: ms-52379-57c6cdd54b-nbpbt has the target files.
Copying deathstar_ms-52379.output to deathstar_ms-52379.output
tar: removing leading '/' from member names
Debug: Checking Namespace=default, Pod=ms-55394-6f999f5df9-kdrbs for Target File=deathstar_*.output
Namespace: default, Pod: ms-55394-6f999f5df9-kdrbs has the target files.
Copying deathstar_ms-55394.output to deathstar_ms-55394.output
tar: removing leading '/' from member names
Debug: Checking Namespace=default, Pod=ms-58436-59dd96f659-hszvh for Target File=deathstar_*.output
Namespace: default, Pod: ms-58436-59dd96f659-hszvh has the target files.
Copying deathstar_ms-58436.output to deathstar_ms-58436.output
tar: removing leading '/' from member names
Debug: Checking Namespace=default, Pod=ms-58772-68ff78c966-2wjmt for Target File=deathstar_*.output
Namespace: default, Pod: ms-58772-68ff78c966-2wjmt has the target files.
Copying deathstar_ms-58772.output to deathstar_ms-58772.output
tar: removing leading '/' from member names
Debug: Checking Namespace=default, Pod=ms-59962-756b895b58-l6swt for Target File=deathstar_*.output
Namespace: default, Pod: ms-59962-756b895b58-l6swt has the target files.
Copying deathstar_ms-59962.output to deathstar_ms-59962.output
tar: removing leading '/' from member names
Debug: Checking Namespace=default, Pod=ms-60061-68bd84bdcd-7c5rb for Target File=deathstar_*.output
Namespace: default, Pod: ms-60061-68bd84bdcd-7c5rb has the target files.
Copying deathstar_ms-60061.output to deathstar_ms-60061.output
tar: removing leading '/' from member names
Debug: Checking Namespace=default, Pod=ms-6323-974659fcd-r9c4x for Target File=deathstar_*.output
Namespace: default, Pod: ms-6323-974659fcd-r9c4x has the target files.
Copying deathstar_ms-6323.output to deathstar_ms-6323.output
tar: removing leading '/' from member names
Debug: Checking Namespace=default, Pod=ms-65741-65f588bcdf-6rwz5 for Target File=deathstar_*.output
Namespace: default, Pod: ms-65741-65f588bcdf-6rwz5 has the target files.
Copying deathstar_ms-65741.output to deathstar_ms-65741.output
tar: removing leading '/' from member names
Debug: Checking Namespace=default, Pod=ms-66473-79c66f8bff-xxr8f for Target File=deathstar_*.output
Namespace: default, Pod: ms-66473-79c66f8bff-xxr8f has the target files.
Copying deathstar_ms-66473.output to deathstar_ms-66473.output
tar: removing leading '/' from member names
Debug: Checking Namespace=default, Pod=ms-69188-65c548d4cb-g22zv for Target File=deathstar_*.output
Namespace: default, Pod: ms-69188-65c548d4cb-g22zv has the target files.
Copying deathstar_ms-69188.output to deathstar_ms-69188.output
tar: removing leading '/' from member names
Debug: Checking Namespace=default, Pod=ms-69614-794bd8475-pcmwm for Target File=deathstar_*.output
Namespace: default, Pod: ms-69614-794bd8475-pcmwm has the target files.
Copying deathstar_ms-69614.output to deathstar_ms-69614.output
tar: removing leading '/' from member names
Debug: Checking Namespace=default, Pod=ms-9081-567985788-jb8tf for Target File=deathstar_*.output
Namespace: default, Pod: ms-9081-567985788-jb8tf has the target files.
Copying deathstar_ms-9081.output to deathstar_ms-9081.output
tar: removing leading '/' from member names
Debug: Checking Namespace=default, Pod=nginx-web-server-56557f7cb7-4px9m for Target File=deathstar_*.output
Namespace: default, Pod: nginx-web-server-56557f7cb7-4px9m has the target files.
Copying deathstar_nginx-web-server.output to deathstar_nginx-web-server.output
tar: removing leading '/' from member names
Debug: Checking Namespace=default, Pod=unknown-6ddf9bd4b5-bm2pv for Target File=deathstar_*.output
Namespace: default, Pod: unknown-6ddf9bd4b5-bm2pv has the target files.
Copying deathstar_unknown.output to deathstar_unknown.output
tar: removing leading '/' from member names
