Deployments: ms-11070
ms-11285
ms-11512
ms-1278
ms-13873
ms-19953
ms-21883
ms-25124
ms-27421
ms-2827
ms-33719
ms-37691
ms-43309
ms-4354
ms-46825
ms-60236
ms-71771
ms-8052
ms-902
nginx-web-server
deployment "ms-11070" successfully rolled out
deployment "ms-11285" successfully rolled out
deployment "ms-11512" successfully rolled out
deployment "ms-1278" successfully rolled out
deployment "ms-13873" successfully rolled out
deployment "ms-19953" successfully rolled out
deployment "ms-21883" successfully rolled out
deployment "ms-25124" successfully rolled out
deployment "ms-27421" successfully rolled out
deployment "ms-2827" successfully rolled out
deployment "ms-33719" successfully rolled out
deployment "ms-37691" successfully rolled out
deployment "ms-43309" successfully rolled out
deployment "ms-4354" successfully rolled out
deployment "ms-46825" successfully rolled out
deployment "ms-60236" successfully rolled out
deployment "ms-71771" successfully rolled out
deployment "ms-8052" successfully rolled out
deployment "ms-902" successfully rolled out
deployment "nginx-web-server" successfully rolled out
ENTRY_POINT: nginx-web-server
SERVICE_A_URL: 10.110.176.231:50051
Capacity: 10000
Metadata: method=S_102000854
Metadata: request-id={{.RequestNumber}}
Metadata: timestamp={{.TimestampUnix}}
Charon Configurations:
[{INTERCEPT charon} {PRICE_UPDATE_RATE 18336us} {TOKEN_UPDATE_RATE 18435us} {LATENCY_THRESHOLD 6271us} {PRICE_STEP 150} {PRICE_STRATEGY proportional} {LAZY_UPDATE true} {RATE_LIMITING true} {LOAD_SHEDDING true} {CHARON_TRACK_PRICE false} {BREAKWATER_SLO 12500us} {BREAKWATER_A 0.001} {BREAKWATER_B 0.02} {BREAKWATER_CLIENT_EXPIRATION 10ms} {BREAKWATER_INITIAL_CREDIT 400} {BREAKWATER_LOAD_SHEDDING true} {BREAKWATER_RTT 1000us} {BREAKWATERD_SLO 12500us} {BREAKWATERD_A 0.001} {BREAKWATERD_B 0.02} {BREAKWATERD_CLIENT_EXPIRATION 10ms} {BREAKWATERD_INITIAL_CREDIT 400} {BREAKWATERD_LOAD_SHEDDING true} {BREAKWATERD_RTT 1000us} {DAGOR_QUEUING_THRESHOLD 2ms} {DAGOR_ALPHA 0.05} {DAGOR_BETA 0.01} {DAGOR_ADMISSION_LEVEL_UPDATE_INTERVAL 10ms} {DAGOR_UMAX 20}]

Summary:
  Count:	66001
  Total:	14.78 s
  Slowest:	885.00 ms
  Fastest:	38.92 ms
  Average:	59.25 ms
  Requests/sec:	4465.03

Response time histogram:
  38.919  [1]     |
  123.527 [58963] |∎∎∎∎∎∎∎∎∎∎∎∎∎∎∎∎∎∎∎∎∎∎∎∎∎∎∎∎∎∎∎∎∎∎∎∎∎∎∎∎
  208.135 [768]   |∎
  292.743 [1016]  |∎
  377.350 [839]   |∎
  461.958 [223]   |
  546.566 [31]    |
  631.174 [1]     |
  715.782 [3]     |
  800.389 [30]    |
  884.997 [20]    |

Latency distribution:
  10 % in 40.49 ms 
  25 % in 42.17 ms 
  50 % in 48.64 ms 
  75 % in 59.64 ms 
  90 % in 73.64 ms 
  95 % in 110.24 ms 
  99 % in 327.54 ms 

Status code distribution:
  [Canceled]            161 responses     
  [OK]                  61895 responses   
  [ResourceExhausted]   3945 responses    

Error distribution:
  [2857]   rpc error: code = ResourceExhausted desc = S_102000854 req dropped by nginx-web-server. Try again later.   
  [144]    rpc error: code = ResourceExhausted desc = S_102000854 req dropped by ms-25124. Try again later.           
  [256]    rpc error: code = ResourceExhausted desc = S_102000854 req dropped by ms-60236. Try again later.           
  [683]    rpc error: code = ResourceExhausted desc = S_102000854 req dropped by ms-13873. Try again later.           
  [5]      rpc error: code = ResourceExhausted desc = S_102000854 req dropped by ms-33719. Try again later.           
  [161]    rpc error: code = Canceled desc = grpc: the client connection is closing                                   

Debug: Checking Namespace=default, Pod=ms-11070-7868c54f44-fxzwb for Target File=deathstar_*.output
Namespace: default, Pod: ms-11070-7868c54f44-fxzwb has the target files.
Copying deathstar_ms-11070.output to deathstar_ms-11070.output
tar: removing leading '/' from member names
Debug: Checking Namespace=default, Pod=ms-11285-67d597dc77-qnkmf for Target File=deathstar_*.output
Namespace: default, Pod: ms-11285-67d597dc77-qnkmf has the target files.
Copying deathstar_ms-11285.output to deathstar_ms-11285.output
tar: removing leading '/' from member names
Debug: Checking Namespace=default, Pod=ms-11512-75f8ddc45b-wqbv4 for Target File=deathstar_*.output
Namespace: default, Pod: ms-11512-75f8ddc45b-wqbv4 has the target files.
Copying deathstar_ms-11512.output to deathstar_ms-11512.output
tar: removing leading '/' from member names
Debug: Checking Namespace=default, Pod=ms-1278-85766ff6b8-bzvbw for Target File=deathstar_*.output
Namespace: default, Pod: ms-1278-85766ff6b8-bzvbw has the target files.
Copying deathstar_ms-1278.output to deathstar_ms-1278.output
tar: removing leading '/' from member names
Debug: Checking Namespace=default, Pod=ms-13873-85d7bb7b97-29z79 for Target File=deathstar_*.output
Namespace: default, Pod: ms-13873-85d7bb7b97-29z79 has the target files.
Copying deathstar_ms-13873.output to deathstar_ms-13873.output
tar: removing leading '/' from member names
Debug: Checking Namespace=default, Pod=ms-19953-68cc8998c5-2n8v7 for Target File=deathstar_*.output
Namespace: default, Pod: ms-19953-68cc8998c5-2n8v7 has the target files.
Copying deathstar_ms-19953.output to deathstar_ms-19953.output
tar: removing leading '/' from member names
Debug: Checking Namespace=default, Pod=ms-21883-f6c88c6d4-95ntg for Target File=deathstar_*.output
Namespace: default, Pod: ms-21883-f6c88c6d4-95ntg has the target files.
Copying deathstar_ms-21883.output to deathstar_ms-21883.output
tar: removing leading '/' from member names
Debug: Checking Namespace=default, Pod=ms-25124-77bd4446f5-7rjfq for Target File=deathstar_*.output
Namespace: default, Pod: ms-25124-77bd4446f5-7rjfq has the target files.
Copying deathstar_ms-25124.output to deathstar_ms-25124.output
tar: removing leading '/' from member names
Debug: Checking Namespace=default, Pod=ms-27421-8565974486-776kc for Target File=deathstar_*.output
Namespace: default, Pod: ms-27421-8565974486-776kc has the target files.
Copying deathstar_ms-27421.output to deathstar_ms-27421.output
tar: removing leading '/' from member names
Debug: Checking Namespace=default, Pod=ms-2827-5dcc6df4f4-gnhh2 for Target File=deathstar_*.output
Namespace: default, Pod: ms-2827-5dcc6df4f4-gnhh2 has the target files.
Copying deathstar_ms-2827.output to deathstar_ms-2827.output
tar: removing leading '/' from member names
Debug: Checking Namespace=default, Pod=ms-33719-6c455cf54c-j25tx for Target File=deathstar_*.output
Namespace: default, Pod: ms-33719-6c455cf54c-j25tx has the target files.
Copying deathstar_ms-33719.output to deathstar_ms-33719.output
tar: removing leading '/' from member names
Debug: Checking Namespace=default, Pod=ms-37691-b9bc44798-q6bbq for Target File=deathstar_*.output
Namespace: default, Pod: ms-37691-b9bc44798-q6bbq has the target files.
Copying deathstar_ms-37691.output to deathstar_ms-37691.output
tar: removing leading '/' from member names
Debug: Checking Namespace=default, Pod=ms-43309-54f758d465-rph45 for Target File=deathstar_*.output
Namespace: default, Pod: ms-43309-54f758d465-rph45 has the target files.
Copying deathstar_ms-43309.output to deathstar_ms-43309.output
tar: removing leading '/' from member names
Debug: Checking Namespace=default, Pod=ms-4354-669cfcbdf6-r49ns for Target File=deathstar_*.output
Namespace: default, Pod: ms-4354-669cfcbdf6-r49ns has the target files.
Copying deathstar_ms-4354.output to deathstar_ms-4354.output
tar: removing leading '/' from member names
Debug: Checking Namespace=default, Pod=ms-46825-58c684559d-pcjh9 for Target File=deathstar_*.output
Namespace: default, Pod: ms-46825-58c684559d-pcjh9 has the target files.
Copying deathstar_ms-46825.output to deathstar_ms-46825.output
tar: removing leading '/' from member names
Debug: Checking Namespace=default, Pod=ms-60236-64866cf49-qzk4f for Target File=deathstar_*.output
Namespace: default, Pod: ms-60236-64866cf49-qzk4f has the target files.
Copying deathstar_ms-60236.output to deathstar_ms-60236.output
tar: removing leading '/' from member names
Debug: Checking Namespace=default, Pod=ms-71771-567ddbdd95-6jdwd for Target File=deathstar_*.output
Namespace: default, Pod: ms-71771-567ddbdd95-6jdwd has the target files.
Copying deathstar_ms-71771.output to deathstar_ms-71771.output
tar: removing leading '/' from member names
Debug: Checking Namespace=default, Pod=ms-8052-b995968dc-gtfmb for Target File=deathstar_*.output
Namespace: default, Pod: ms-8052-b995968dc-gtfmb has the target files.
Copying deathstar_ms-8052.output to deathstar_ms-8052.output
tar: removing leading '/' from member names
Debug: Checking Namespace=default, Pod=ms-902-5744544f85-6jk5f for Target File=deathstar_*.output
Namespace: default, Pod: ms-902-5744544f85-6jk5f has the target files.
Copying deathstar_ms-902.output to deathstar_ms-902.output
tar: removing leading '/' from member names
Debug: Checking Namespace=default, Pod=nginx-web-server-56557f7cb7-wgn2p for Target File=deathstar_*.output
Namespace: default, Pod: nginx-web-server-56557f7cb7-wgn2p has the target files.
Copying deathstar_nginx-web-server.output to deathstar_nginx-web-server.output
tar: removing leading '/' from member names
