Deployments: ms-11070
ms-11285
ms-11512
ms-1278
ms-13873
ms-19953
ms-21883
ms-25124
ms-27421
ms-2827
ms-33719
ms-37691
ms-43309
ms-4354
ms-46825
ms-60236
ms-71771
ms-8052
ms-902
nginx-web-server
deployment "ms-11070" successfully rolled out
deployment "ms-11285" successfully rolled out
deployment "ms-11512" successfully rolled out
deployment "ms-1278" successfully rolled out
deployment "ms-13873" successfully rolled out
deployment "ms-19953" successfully rolled out
deployment "ms-21883" successfully rolled out
deployment "ms-25124" successfully rolled out
deployment "ms-27421" successfully rolled out
deployment "ms-2827" successfully rolled out
deployment "ms-33719" successfully rolled out
deployment "ms-37691" successfully rolled out
deployment "ms-43309" successfully rolled out
deployment "ms-4354" successfully rolled out
deployment "ms-46825" successfully rolled out
deployment "ms-60236" successfully rolled out
deployment "ms-71771" successfully rolled out
deployment "ms-8052" successfully rolled out
deployment "ms-902" successfully rolled out
deployment "nginx-web-server" successfully rolled out
ENTRY_POINT: nginx-web-server
SERVICE_A_URL: 10.99.28.6:50051
Capacity: 10000
Metadata: request-id={{.RequestNumber}}
Metadata: timestamp={{.TimestampUnix}}
Metadata: method=S_102000854
Charon Configurations:
[{INTERCEPT charon} {PRICE_UPDATE_RATE 19070us} {TOKEN_UPDATE_RATE 13872us} {LATENCY_THRESHOLD 6957us} {PRICE_STEP 64} {PRICE_STRATEGY proportional} {LAZY_UPDATE true} {RATE_LIMITING true} {LOAD_SHEDDING true} {CHARON_TRACK_PRICE false} {BREAKWATER_SLO 12500us} {BREAKWATER_A 0.001} {BREAKWATER_B 0.02} {BREAKWATER_CLIENT_EXPIRATION 10ms} {BREAKWATER_INITIAL_CREDIT 400} {BREAKWATER_LOAD_SHEDDING true} {BREAKWATER_RTT 1000us} {BREAKWATERD_SLO 12500us} {BREAKWATERD_A 0.001} {BREAKWATERD_B 0.02} {BREAKWATERD_CLIENT_EXPIRATION 10ms} {BREAKWATERD_INITIAL_CREDIT 400} {BREAKWATERD_LOAD_SHEDDING true} {BREAKWATERD_RTT 1000us} {DAGOR_QUEUING_THRESHOLD 2ms} {DAGOR_ALPHA 0.05} {DAGOR_BETA 0.01} {DAGOR_ADMISSION_LEVEL_UPDATE_INTERVAL 10ms} {DAGOR_UMAX 20}]

Summary:
  Count:	85789
  Total:	14.77 s
  Slowest:	730.49 ms
  Fastest:	38.87 ms
  Average:	79.05 ms
  Requests/sec:	5810.23

Response time histogram:
  38.866  [1]     |
  108.028 [72627] |∎∎∎∎∎∎∎∎∎∎∎∎∎∎∎∎∎∎∎∎∎∎∎∎∎∎∎∎∎∎∎∎∎∎∎∎∎∎∎∎
  177.190 [3401]  |∎∎
  246.352 [1463]  |∎
  315.514 [1671]  |∎
  384.676 [830]   |
  453.839 [650]   |
  523.001 [597]   |
  592.163 [30]    |
  661.325 [0]     |
  730.487 [1]     |

Latency distribution:
  10 % in 41.60 ms 
  25 % in 50.72 ms 
  50 % in 64.53 ms 
  75 % in 81.11 ms 
  90 % in 111.67 ms 
  95 % in 222.65 ms 
  99 % in 436.25 ms 

Status code distribution:
  [ResourceExhausted]   4381 responses    
  [Canceled]            137 responses     
  [OK]                  81271 responses   

Error distribution:
  [251]    rpc error: code = ResourceExhausted desc = S_102000854 req dropped by ms-60236. Try again later.           
  [259]    rpc error: code = ResourceExhausted desc = S_102000854 req dropped by ms-25124. Try again later.           
  [3217]   rpc error: code = ResourceExhausted desc = S_102000854 req dropped by nginx-web-server. Try again later.   
  [652]    rpc error: code = ResourceExhausted desc = S_102000854 req dropped by ms-13873. Try again later.           
  [2]      rpc error: code = ResourceExhausted desc = S_102000854 req dropped by ms-33719. Try again later.           
  [137]    rpc error: code = Canceled desc = grpc: the client connection is closing                                   

Debug: Checking Namespace=default, Pod=ms-11070-7868c54f44-zsnhr for Target File=deathstar_*.output
Namespace: default, Pod: ms-11070-7868c54f44-zsnhr has the target files.
Copying deathstar_ms-11070.output to deathstar_ms-11070.output
tar: removing leading '/' from member names
Debug: Checking Namespace=default, Pod=ms-11285-67d597dc77-hp5xs for Target File=deathstar_*.output
Namespace: default, Pod: ms-11285-67d597dc77-hp5xs has the target files.
Copying deathstar_ms-11285.output to deathstar_ms-11285.output
tar: removing leading '/' from member names
Debug: Checking Namespace=default, Pod=ms-11512-75f8ddc45b-gg48s for Target File=deathstar_*.output
Namespace: default, Pod: ms-11512-75f8ddc45b-gg48s has the target files.
Copying deathstar_ms-11512.output to deathstar_ms-11512.output
tar: removing leading '/' from member names
Debug: Checking Namespace=default, Pod=ms-1278-85766ff6b8-pj726 for Target File=deathstar_*.output
Namespace: default, Pod: ms-1278-85766ff6b8-pj726 has the target files.
Copying deathstar_ms-1278.output to deathstar_ms-1278.output
tar: removing leading '/' from member names
Debug: Checking Namespace=default, Pod=ms-13873-85d7bb7b97-x4wlv for Target File=deathstar_*.output
Namespace: default, Pod: ms-13873-85d7bb7b97-x4wlv has the target files.
Copying deathstar_ms-13873.output to deathstar_ms-13873.output
tar: removing leading '/' from member names
Debug: Checking Namespace=default, Pod=ms-19953-68cc8998c5-5c8ml for Target File=deathstar_*.output
Namespace: default, Pod: ms-19953-68cc8998c5-5c8ml has the target files.
Copying deathstar_ms-19953.output to deathstar_ms-19953.output
tar: removing leading '/' from member names
Debug: Checking Namespace=default, Pod=ms-21883-f6c88c6d4-8fpnt for Target File=deathstar_*.output
Namespace: default, Pod: ms-21883-f6c88c6d4-8fpnt has the target files.
Copying deathstar_ms-21883.output to deathstar_ms-21883.output
tar: removing leading '/' from member names
Debug: Checking Namespace=default, Pod=ms-25124-77bd4446f5-rm5qp for Target File=deathstar_*.output
Namespace: default, Pod: ms-25124-77bd4446f5-rm5qp has the target files.
Copying deathstar_ms-25124.output to deathstar_ms-25124.output
tar: removing leading '/' from member names
Debug: Checking Namespace=default, Pod=ms-27421-8565974486-j8rnr for Target File=deathstar_*.output
Namespace: default, Pod: ms-27421-8565974486-j8rnr has the target files.
Copying deathstar_ms-27421.output to deathstar_ms-27421.output
tar: removing leading '/' from member names
Debug: Checking Namespace=default, Pod=ms-2827-5dcc6df4f4-t76n6 for Target File=deathstar_*.output
Namespace: default, Pod: ms-2827-5dcc6df4f4-t76n6 has the target files.
Copying deathstar_ms-2827.output to deathstar_ms-2827.output
tar: removing leading '/' from member names
Debug: Checking Namespace=default, Pod=ms-33719-6c455cf54c-qvd9j for Target File=deathstar_*.output
Namespace: default, Pod: ms-33719-6c455cf54c-qvd9j has the target files.
Copying deathstar_ms-33719.output to deathstar_ms-33719.output
tar: removing leading '/' from member names
Debug: Checking Namespace=default, Pod=ms-37691-b9bc44798-d7n7z for Target File=deathstar_*.output
Namespace: default, Pod: ms-37691-b9bc44798-d7n7z has the target files.
Copying deathstar_ms-37691.output to deathstar_ms-37691.output
tar: removing leading '/' from member names
Debug: Checking Namespace=default, Pod=ms-43309-54f758d465-9w5fk for Target File=deathstar_*.output
Namespace: default, Pod: ms-43309-54f758d465-9w5fk has the target files.
Copying deathstar_ms-43309.output to deathstar_ms-43309.output
tar: removing leading '/' from member names
Debug: Checking Namespace=default, Pod=ms-4354-669cfcbdf6-q2qdf for Target File=deathstar_*.output
Namespace: default, Pod: ms-4354-669cfcbdf6-q2qdf has the target files.
Copying deathstar_ms-4354.output to deathstar_ms-4354.output
tar: removing leading '/' from member names
Debug: Checking Namespace=default, Pod=ms-46825-58c684559d-zbmmc for Target File=deathstar_*.output
Namespace: default, Pod: ms-46825-58c684559d-zbmmc has the target files.
Copying deathstar_ms-46825.output to deathstar_ms-46825.output
tar: removing leading '/' from member names
Debug: Checking Namespace=default, Pod=ms-60236-64866cf49-fmqg2 for Target File=deathstar_*.output
Namespace: default, Pod: ms-60236-64866cf49-fmqg2 has the target files.
Copying deathstar_ms-60236.output to deathstar_ms-60236.output
tar: removing leading '/' from member names
Debug: Checking Namespace=default, Pod=ms-71771-567ddbdd95-4vn59 for Target File=deathstar_*.output
Namespace: default, Pod: ms-71771-567ddbdd95-4vn59 has the target files.
Copying deathstar_ms-71771.output to deathstar_ms-71771.output
tar: removing leading '/' from member names
Debug: Checking Namespace=default, Pod=ms-8052-b995968dc-5qpkw for Target File=deathstar_*.output
Namespace: default, Pod: ms-8052-b995968dc-5qpkw has the target files.
Copying deathstar_ms-8052.output to deathstar_ms-8052.output
tar: removing leading '/' from member names
Debug: Checking Namespace=default, Pod=ms-902-5744544f85-hlwst for Target File=deathstar_*.output
Namespace: default, Pod: ms-902-5744544f85-hlwst has the target files.
Copying deathstar_ms-902.output to deathstar_ms-902.output
tar: removing leading '/' from member names
Debug: Checking Namespace=default, Pod=nginx-web-server-56557f7cb7-c87qn for Target File=deathstar_*.output
Namespace: default, Pod: nginx-web-server-56557f7cb7-c87qn has the target files.
Copying deathstar_nginx-web-server.output to deathstar_nginx-web-server.output
