Deployments: compose-post-service
home-timeline-redis
home-timeline-service
media-service
nginx-web-server
post-storage-mongo
post-storage-service
social-graph-redis
social-graph-service
text-service
unique-id-service
url-shorten-mongo
url-shorten-service
user-mention-memcached
user-mention-service
user-service
user-timeline-mongo
user-timeline-redis
user-timeline-service
Waiting for deployment "compose-post-service" rollout to finish: 0 of 1 updated replicas are available...
deployment "compose-post-service" successfully rolled out
Deployment compose-post-service is ready.
Waiting for deployment "home-timeline-redis" rollout to finish: 0 of 1 updated replicas are available...
deployment "home-timeline-redis" successfully rolled out
Deployment home-timeline-redis is ready.
Waiting for deployment "home-timeline-service" rollout to finish: 0 of 1 updated replicas are available...
deployment "home-timeline-service" successfully rolled out
Deployment home-timeline-service is ready.
deployment "media-service" successfully rolled out
Deployment media-service is ready.
deployment "nginx-web-server" successfully rolled out
Deployment nginx-web-server is ready.
deployment "post-storage-mongo" successfully rolled out
Deployment post-storage-mongo is ready.
deployment "post-storage-service" successfully rolled out
Deployment post-storage-service is ready.
deployment "social-graph-redis" successfully rolled out
Deployment social-graph-redis is ready.
deployment "social-graph-service" successfully rolled out
Deployment social-graph-service is ready.
deployment "text-service" successfully rolled out
Deployment text-service is ready.
deployment "unique-id-service" successfully rolled out
Deployment unique-id-service is ready.
deployment "url-shorten-mongo" successfully rolled out
Deployment url-shorten-mongo is ready.
deployment "url-shorten-service" successfully rolled out
Deployment url-shorten-service is ready.
deployment "user-mention-memcached" successfully rolled out
Deployment user-mention-memcached is ready.
deployment "user-mention-service" successfully rolled out
Deployment user-mention-service is ready.
deployment "user-service" successfully rolled out
Deployment user-service is ready.
deployment "user-timeline-mongo" successfully rolled out
Deployment user-timeline-mongo is ready.
deployment "user-timeline-redis" successfully rolled out
Deployment user-timeline-redis is ready.
deployment "user-timeline-service" successfully rolled out
Deployment user-timeline-service is ready.
ENTRY_POINT: nginx-web-server
SERVICE_A_URL: 10.105.233.236:50051
Capacity: 11500
Metadata: timestamp={{.TimestampUnix}}
Metadata: method=compose
Metadata: request-id={{.RequestNumber}}
Constant load: true
Capacity: 11500
Run duration: 10s
Enable Charon: false
Charon options: map[debug:false debugFreq:1000 initprice:10 rateLimiting:true tokenRefillDist:poisson tokenStrategy:uniform tokenUpdateRate:10ms tokenUpdateStep:10 tokensLeft:0]

Summary:
  Count:	77397
  Total:	9.80 s
  Slowest:	1.06 s
  Fastest:	17.88 ms
  Average:	120.34 ms
  Requests/sec:	7898.10

Response time histogram:
  17.879   [1]     |
  122.212  [41369] |∎∎∎∎∎∎∎∎∎∎∎∎∎∎∎∎∎∎∎∎∎∎∎∎∎∎∎∎∎∎∎∎∎∎∎∎∎∎∎∎
  226.545  [35257] |∎∎∎∎∎∎∎∎∎∎∎∎∎∎∎∎∎∎∎∎∎∎∎∎∎∎∎∎∎∎∎∎∎∎
  330.878  [433]   |
  435.211  [0]     |
  539.544  [0]     |
  643.877  [0]     |
  748.210  [0]     |
  852.543  [0]     |
  956.876  [2]     |
  1061.209 [35]    |

Latency distribution:
  10 % in 73.99 ms 
  25 % in 94.55 ms 
  50 % in 118.69 ms 
  75 % in 142.86 ms 
  90 % in 167.51 ms 
  95 % in 183.95 ms 
  99 % in 218.99 ms 

Status code distribution:
  [OK]         77097 responses   
  [Canceled]   300 responses     

Error distribution:
  [300]   rpc error: code = Canceled desc = grpc: the client connection is closing   

Debug: Checking Namespace=default, Pod=compose-post-service-6f9845489d-28bz9 for Target File=deathstar_*.output
Namespace: default, Pod: compose-post-service-6f9845489d-28bz9 has the target files.
Copying deathstar_compose-post-service.output to deathstar_compose-post-service.output
tar: removing leading '/' from member names
Debug: Checking Namespace=default, Pod=home-timeline-redis-68bdbb459f-cbgbf for Target File=deathstar_*.output
Namespace: default, Pod: home-timeline-redis-68bdbb459f-cbgbf has the target files.
Copying deathstar_home-timeline-redis.output to deathstar_home-timeline-redis.output
tar: removing leading '/' from member names
Debug: Checking Namespace=default, Pod=home-timeline-service-7974fb9949-7nkhz for Target File=deathstar_*.output
Namespace: default, Pod: home-timeline-service-7974fb9949-7nkhz has the target files.
Copying deathstar_home-timeline-service.output to deathstar_home-timeline-service.output
tar: removing leading '/' from member names
Debug: Checking Namespace=default, Pod=media-service-cfc4b74c7-bvpqc for Target File=deathstar_*.output
Namespace: default, Pod: media-service-cfc4b74c7-bvpqc has the target files.
Copying deathstar_media-service.output to deathstar_media-service.output
tar: removing leading '/' from member names
Debug: Checking Namespace=default, Pod=nginx-web-server-64fc6fd886-khngg for Target File=deathstar_*.output
Namespace: default, Pod: nginx-web-server-64fc6fd886-khngg has the target files.
Copying deathstar_nginx-web-server.output to deathstar_nginx-web-server.output
tar: removing leading '/' from member names
Debug: Checking Namespace=default, Pod=post-storage-mongo-65c79c9bcd-mj6ks for Target File=deathstar_*.output
Namespace: default, Pod: post-storage-mongo-65c79c9bcd-mj6ks has the target files.
Copying deathstar_post-storage-mongo.output to deathstar_post-storage-mongo.output
tar: removing leading '/' from member names
Debug: Checking Namespace=default, Pod=post-storage-service-6cb68b6d86-b7r9l for Target File=deathstar_*.output
Namespace: default, Pod: post-storage-service-6cb68b6d86-b7r9l has the target files.
Copying deathstar_post-storage-service.output to deathstar_post-storage-service.output
tar: removing leading '/' from member names
Debug: Checking Namespace=default, Pod=social-graph-redis-6fdf7b4459-2n29b for Target File=deathstar_*.output
Namespace: default, Pod: social-graph-redis-6fdf7b4459-2n29b has the target files.
Copying deathstar_social-graph-redis.output to deathstar_social-graph-redis.output
tar: removing leading '/' from member names
Debug: Checking Namespace=default, Pod=social-graph-service-7d9d94b79d-4k9nz for Target File=deathstar_*.output
Namespace: default, Pod: social-graph-service-7d9d94b79d-4k9nz has the target files.
Copying deathstar_social-graph-service.output to deathstar_social-graph-service.output
tar: removing leading '/' from member names
Debug: Checking Namespace=default, Pod=text-service-58d95db9d4-4n77j for Target File=deathstar_*.output
Namespace: default, Pod: text-service-58d95db9d4-4n77j has the target files.
Copying deathstar_text-service.output to deathstar_text-service.output
tar: removing leading '/' from member names
Debug: Checking Namespace=default, Pod=unique-id-service-64bdc5f76-5dfjx for Target File=deathstar_*.output
Namespace: default, Pod: unique-id-service-64bdc5f76-5dfjx has the target files.
Copying deathstar_unique-id-service.output to deathstar_unique-id-service.output
tar: removing leading '/' from member names
Debug: Checking Namespace=default, Pod=url-shorten-mongo-6b4c85bb87-fzwqs for Target File=deathstar_*.output
Namespace: default, Pod: url-shorten-mongo-6b4c85bb87-fzwqs has the target files.
Copying deathstar_url-shorten-mongo.output to deathstar_url-shorten-mongo.output
tar: removing leading '/' from member names
Debug: Checking Namespace=default, Pod=url-shorten-service-68d694d594-2g4jw for Target File=deathstar_*.output
Namespace: default, Pod: url-shorten-service-68d694d594-2g4jw has the target files.
Copying deathstar_url-shorten-service.output to deathstar_url-shorten-service.output
tar: removing leading '/' from member names
Debug: Checking Namespace=default, Pod=user-mention-memcached-64575cd9dc-67kgk for Target File=deathstar_*.output
Namespace: default, Pod: user-mention-memcached-64575cd9dc-67kgk has the target files.
Copying deathstar_user-mention-memcached.output to deathstar_user-mention-memcached.output
tar: removing leading '/' from member names
Debug: Checking Namespace=default, Pod=user-mention-service-6dcfcb4b8d-ncjht for Target File=deathstar_*.output
Namespace: default, Pod: user-mention-service-6dcfcb4b8d-ncjht has the target files.
Copying deathstar_user-mention-service.output to deathstar_user-mention-service.output
tar: removing leading '/' from member names
Debug: Checking Namespace=default, Pod=user-service-f4bc49647-2s958 for Target File=deathstar_*.output
Namespace: default, Pod: user-service-f4bc49647-2s958 has the target files.
Copying deathstar_user-service.output to deathstar_user-service.output
tar: removing leading '/' from member names
Debug: Checking Namespace=default, Pod=user-timeline-mongo-6dfc455859-zvp42 for Target File=deathstar_*.output
Namespace: default, Pod: user-timeline-mongo-6dfc455859-zvp42 has the target files.
Copying deathstar_user-timeline-mongo.output to deathstar_user-timeline-mongo.output
tar: removing leading '/' from member names
Debug: Checking Namespace=default, Pod=user-timeline-redis-7b55f9ffd9-sb4lv for Target File=deathstar_*.output
Namespace: default, Pod: user-timeline-redis-7b55f9ffd9-sb4lv has the target files.
Copying deathstar_user-timeline-redis.output to deathstar_user-timeline-redis.output
tar: removing leading '/' from member names
Debug: Checking Namespace=default, Pod=user-timeline-service-f648cb4f4-t4vmm for Target File=deathstar_*.output
Namespace: default, Pod: user-timeline-service-f648cb4f4-t4vmm has the target files.
Copying deathstar_user-timeline-service.output to deathstar_user-timeline-service.output
tar: removing leading '/' from member names
Debug: Checking Namespace=default, Pod=compose-post-service-6f9845489d-28bz9 for Target File=*.pprof
Namespace: default, Pod: compose-post-service-6f9845489d-28bz9 has the target files.
Copying compose-post-service.pprof to compose-post-service.pprof
tar: removing leading '/' from member names
tar: removing leading '/' from member names
Debug: Checking Namespace=default, Pod=home-timeline-redis-68bdbb459f-cbgbf for Target File=*.pprof
Namespace: default, Pod: home-timeline-redis-68bdbb459f-cbgbf has the target files.
Copying home-timeline-redis.pprof to home-timeline-redis.pprof
tar: removing leading '/' from member names
tar: removing leading '/' from member names
Debug: Checking Namespace=default, Pod=home-timeline-service-7974fb9949-7nkhz for Target File=*.pprof
Namespace: default, Pod: home-timeline-service-7974fb9949-7nkhz has the target files.
Copying home-timeline-service.pprof to home-timeline-service.pprof
tar: removing leading '/' from member names
tar: removing leading '/' from member names
Debug: Checking Namespace=default, Pod=media-service-cfc4b74c7-bvpqc for Target File=*.pprof
Namespace: default, Pod: media-service-cfc4b74c7-bvpqc has the target files.
Copying media-service.pprof to media-service.pprof
tar: removing leading '/' from member names
tar: removing leading '/' from member names
Debug: Checking Namespace=default, Pod=nginx-web-server-64fc6fd886-khngg for Target File=*.pprof
Namespace: default, Pod: nginx-web-server-64fc6fd886-khngg has the target files.
Copying nginx-web-server.pprof to nginx-web-server.pprof
tar: removing leading '/' from member names
tar: removing leading '/' from member names
Debug: Checking Namespace=default, Pod=post-storage-mongo-65c79c9bcd-mj6ks for Target File=*.pprof
Namespace: default, Pod: post-storage-mongo-65c79c9bcd-mj6ks has the target files.
Copying post-storage-mongo.pprof to post-storage-mongo.pprof
tar: removing leading '/' from member names
tar: removing leading '/' from member names
Debug: Checking Namespace=default, Pod=post-storage-service-6cb68b6d86-b7r9l for Target File=*.pprof
Namespace: default, Pod: post-storage-service-6cb68b6d86-b7r9l has the target files.
Copying post-storage-service.pprof to post-storage-service.pprof
tar: removing leading '/' from member names
tar: removing leading '/' from member names
Debug: Checking Namespace=default, Pod=social-graph-redis-6fdf7b4459-2n29b for Target File=*.pprof
Namespace: default, Pod: social-graph-redis-6fdf7b4459-2n29b has the target files.
Copying social-graph-redis.pprof to social-graph-redis.pprof
tar: removing leading '/' from member names
Debug: Checking Namespace=default, Pod=social-graph-service-7d9d94b79d-4k9nz for Target File=*.pprof
Namespace: default, Pod: social-graph-service-7d9d94b79d-4k9nz has the target files.
Copying social-graph-service.pprof to social-graph-service.pprof
tar: removing leading '/' from member names
tar: removing leading '/' from member names
Debug: Checking Namespace=default, Pod=text-service-58d95db9d4-4n77j for Target File=*.pprof
Namespace: default, Pod: text-service-58d95db9d4-4n77j has the target files.
Copying text-service.pprof to text-service.pprof
tar: removing leading '/' from member names
tar: removing leading '/' from member names
Debug: Checking Namespace=default, Pod=unique-id-service-64bdc5f76-5dfjx for Target File=*.pprof
Namespace: default, Pod: unique-id-service-64bdc5f76-5dfjx has the target files.
Copying unique-id-service.pprof to unique-id-service.pprof
tar: removing leading '/' from member names
tar: removing leading '/' from member names
Debug: Checking Namespace=default, Pod=url-shorten-mongo-6b4c85bb87-fzwqs for Target File=*.pprof
Namespace: default, Pod: url-shorten-mongo-6b4c85bb87-fzwqs has the target files.
Copying url-shorten-mongo.pprof to url-shorten-mongo.pprof
tar: removing leading '/' from member names
tar: removing leading '/' from member names
Debug: Checking Namespace=default, Pod=url-shorten-service-68d694d594-2g4jw for Target File=*.pprof
Namespace: default, Pod: url-shorten-service-68d694d594-2g4jw has the target files.
Copying url-shorten-service.pprof to url-shorten-service.pprof
tar: removing leading '/' from member names
tar: removing leading '/' from member names
Debug: Checking Namespace=default, Pod=user-mention-memcached-64575cd9dc-67kgk for Target File=*.pprof
Namespace: default, Pod: user-mention-memcached-64575cd9dc-67kgk has the target files.
Copying user-mention-memcached.pprof to user-mention-memcached.pprof
tar: removing leading '/' from member names
tar: removing leading '/' from member names
Debug: Checking Namespace=default, Pod=user-mention-service-6dcfcb4b8d-ncjht for Target File=*.pprof
Namespace: default, Pod: user-mention-service-6dcfcb4b8d-ncjht has the target files.
Copying user-mention-service.pprof to user-mention-service.pprof
tar: removing leading '/' from member names
tar: removing leading '/' from member names
Debug: Checking Namespace=default, Pod=user-service-f4bc49647-2s958 for Target File=*.pprof
Namespace: default, Pod: user-service-f4bc49647-2s958 has the target files.
Copying user-service.pprof to user-service.pprof
tar: removing leading '/' from member names
tar: removing leading '/' from member names
Debug: Checking Namespace=default, Pod=user-timeline-mongo-6dfc455859-zvp42 for Target File=*.pprof
Namespace: default, Pod: user-timeline-mongo-6dfc455859-zvp42 has the target files.
Copying user-timeline-mongo.pprof to user-timeline-mongo.pprof
tar: removing leading '/' from member names
tar: removing leading '/' from member names
Debug: Checking Namespace=default, Pod=user-timeline-redis-7b55f9ffd9-sb4lv for Target File=*.pprof
Namespace: default, Pod: user-timeline-redis-7b55f9ffd9-sb4lv has the target files.
Copying user-timeline-redis.pprof to user-timeline-redis.pprof
tar: removing leading '/' from member names
tar: removing leading '/' from member names
Debug: Checking Namespace=default, Pod=user-timeline-service-f648cb4f4-t4vmm for Target File=*.pprof
Namespace: default, Pod: user-timeline-service-f648cb4f4-t4vmm has the target files.
Copying user-timeline-service.pprof to user-timeline-service.pprof
tar: removing leading '/' from member names
tar: removing leading '/' from member names
