Deployments: ms-10090
ms-13558
ms-18330
ms-19585
ms-20172
ms-22893
ms-24009
ms-24959
ms-26622
ms-27421
ms-29373
ms-32301
ms-3289
ms-37691
ms-38964
ms-40147
ms-48118
ms-4829
ms-51685
ms-52379
ms-55394
ms-58436
ms-58772
ms-59962
ms-60061
ms-6323
ms-65741
ms-66473
ms-69188
ms-69614
ms-9081
nginx-web-server
unknown
deployment "ms-10090" successfully rolled out
deployment "ms-13558" successfully rolled out
deployment "ms-18330" successfully rolled out
deployment "ms-19585" successfully rolled out
deployment "ms-20172" successfully rolled out
deployment "ms-22893" successfully rolled out
deployment "ms-24009" successfully rolled out
deployment "ms-24959" successfully rolled out
deployment "ms-26622" successfully rolled out
deployment "ms-27421" successfully rolled out
deployment "ms-29373" successfully rolled out
deployment "ms-32301" successfully rolled out
deployment "ms-3289" successfully rolled out
deployment "ms-37691" successfully rolled out
deployment "ms-38964" successfully rolled out
deployment "ms-40147" successfully rolled out
deployment "ms-48118" successfully rolled out
deployment "ms-4829" successfully rolled out
deployment "ms-51685" successfully rolled out
deployment "ms-52379" successfully rolled out
deployment "ms-55394" successfully rolled out
deployment "ms-58436" successfully rolled out
deployment "ms-58772" successfully rolled out
deployment "ms-59962" successfully rolled out
deployment "ms-60061" successfully rolled out
deployment "ms-6323" successfully rolled out
deployment "ms-65741" successfully rolled out
deployment "ms-66473" successfully rolled out
deployment "ms-69188" successfully rolled out
deployment "ms-69614" successfully rolled out
deployment "ms-9081" successfully rolled out
deployment "nginx-web-server" successfully rolled out
deployment "unknown" successfully rolled out
ENTRY_POINT: nginx-web-server
SERVICE_A_URL: 10.107.121.232:50051
Capacity: 8000
Metadata: request-id={{.RequestNumber}}
Metadata: timestamp={{.TimestampUnix}}
Metadata: method=motivation-both
Charon Configurations:
[{INTERCEPT breakwaterd} {PRICE_UPDATE_RATE 10ms} {TOKEN_UPDATE_RATE 10ms} {LATENCY_THRESHOLD 100us} {PRICE_STEP 0} {PRICE_STRATEGY step} {LAZY_UPDATE false} {RATE_LIMITING true} {LOAD_SHEDDING true} {CHARON_TRACK_PRICE false} {BREAKWATER_SLO 20432us} {BREAKWATER_A 4.178290417522756} {BREAKWATER_B 1.6147825774190476} {BREAKWATER_CLIENT_EXPIRATION 1193us} {BREAKWATER_INITIAL_CREDIT 66} {BREAKWATER_LOAD_SHEDDING true} {BREAKWATER_RTT 18622us} {BREAKWATERD_SLO 47444us} {BREAKWATERD_A 7.508121031361555} {BREAKWATERD_B 21.779939560513544} {BREAKWATERD_CLIENT_EXPIRATION 36499us} {BREAKWATERD_INITIAL_CREDIT 624} {BREAKWATERD_LOAD_SHEDDING true} {BREAKWATERD_RTT 15267us} {DAGOR_QUEUING_THRESHOLD 2ms} {DAGOR_ALPHA 0.05} {DAGOR_BETA 0.01} {DAGOR_ADMISSION_LEVEL_UPDATE_INTERVAL 10ms} {DAGOR_UMAX 20}]

Summary:
  Count:	1000
  Total:	25.00 s
  Slowest:	0 ns
  Fastest:	0 ns
  Average:	0.02 ms
  Requests/sec:	40.00

Response time histogram:

Latency distribution:

Status code distribution:
  [Unavailable]   1000 responses   

Error distribution:
  [1000]   rpc error: code = Unavailable desc = connection error: desc = "transport: Error while dialing: dial tcp 10.107.121.232:50051: connect: connection refused"   

Debug: Checking Namespace=default, Pod=ms-10090-6454f977fd-ms9ps for Target File=deathstar_*.output
Namespace: default, Pod: ms-10090-6454f977fd-ms9ps has the target files.
Copying deathstar_ms-10090.output to deathstar_ms-10090.output
tar: removing leading '/' from member names
Debug: Checking Namespace=default, Pod=ms-13558-b48bb5d9d-7lp9m for Target File=deathstar_*.output
Namespace: default, Pod: ms-13558-b48bb5d9d-7lp9m has the target files.
Copying deathstar_ms-13558.output to deathstar_ms-13558.output
tar: removing leading '/' from member names
Debug: Checking Namespace=default, Pod=ms-18330-759d9cf49c-mfgld for Target File=deathstar_*.output
Namespace: default, Pod: ms-18330-759d9cf49c-mfgld has the target files.
Copying deathstar_ms-18330.output to deathstar_ms-18330.output
tar: removing leading '/' from member names
Debug: Checking Namespace=default, Pod=ms-19585-6f995cfcbf-vk4cg for Target File=deathstar_*.output
Namespace: default, Pod: ms-19585-6f995cfcbf-vk4cg has the target files.
Copying deathstar_ms-19585.output to deathstar_ms-19585.output
tar: removing leading '/' from member names
Debug: Checking Namespace=default, Pod=ms-20172-59d5485464-klk74 for Target File=deathstar_*.output
Namespace: default, Pod: ms-20172-59d5485464-klk74 has the target files.
Copying deathstar_ms-20172.output to deathstar_ms-20172.output
tar: removing leading '/' from member names
Debug: Checking Namespace=default, Pod=ms-22893-576fd5f9f6-rfl5h for Target File=deathstar_*.output
Namespace: default, Pod: ms-22893-576fd5f9f6-rfl5h has the target files.
Copying deathstar_ms-22893.output to deathstar_ms-22893.output
tar: removing leading '/' from member names
Debug: Checking Namespace=default, Pod=ms-24009-67dbf5b976-89mr8 for Target File=deathstar_*.output
Namespace: default, Pod: ms-24009-67dbf5b976-89mr8 has the target files.
Copying deathstar_ms-24009.output to deathstar_ms-24009.output
tar: removing leading '/' from member names
Debug: Checking Namespace=default, Pod=ms-24959-99f8bbf9-wvq26 for Target File=deathstar_*.output
Namespace: default, Pod: ms-24959-99f8bbf9-wvq26 has the target files.
Copying deathstar_ms-24959.output to deathstar_ms-24959.output
tar: removing leading '/' from member names
Debug: Checking Namespace=default, Pod=ms-26622-66fdf7d64f-spg2j for Target File=deathstar_*.output
Namespace: default, Pod: ms-26622-66fdf7d64f-spg2j has the target files.
Copying deathstar_ms-26622.output to deathstar_ms-26622.output
tar: removing leading '/' from member names
Debug: Checking Namespace=default, Pod=ms-27421-64f549855c-kq2tz for Target File=deathstar_*.output
Namespace: default, Pod: ms-27421-64f549855c-kq2tz has the target files.
Copying deathstar_ms-27421.output to deathstar_ms-27421.output
tar: removing leading '/' from member names
Debug: Checking Namespace=default, Pod=ms-29373-8467f7db44-6n9l6 for Target File=deathstar_*.output
Namespace: default, Pod: ms-29373-8467f7db44-6n9l6 has the target files.
Copying deathstar_ms-29373.output to deathstar_ms-29373.output
tar: removing leading '/' from member names
Debug: Checking Namespace=default, Pod=ms-32301-c5654bbc5-64zcz for Target File=deathstar_*.output
Namespace: default, Pod: ms-32301-c5654bbc5-64zcz has the target files.
Copying deathstar_ms-32301.output to deathstar_ms-32301.output
tar: removing leading '/' from member names
Debug: Checking Namespace=default, Pod=ms-3289-587dbd96bf-wr69v for Target File=deathstar_*.output
Namespace: default, Pod: ms-3289-587dbd96bf-wr69v has the target files.
Copying deathstar_ms-3289.output to deathstar_ms-3289.output
tar: removing leading '/' from member names
Debug: Checking Namespace=default, Pod=ms-37691-6dc6cd6744-rpmnk for Target File=deathstar_*.output
Namespace: default, Pod: ms-37691-6dc6cd6744-rpmnk has the target files.
Copying deathstar_ms-37691.output to deathstar_ms-37691.output
tar: removing leading '/' from member names
Debug: Checking Namespace=default, Pod=ms-38964-5b647cdbd-htrqx for Target File=deathstar_*.output
Namespace: default, Pod: ms-38964-5b647cdbd-htrqx has the target files.
Copying deathstar_ms-38964.output to deathstar_ms-38964.output
tar: removing leading '/' from member names
Debug: Checking Namespace=default, Pod=ms-40147-cd867585-n545b for Target File=deathstar_*.output
Namespace: default, Pod: ms-40147-cd867585-n545b has the target files.
Copying deathstar_ms-40147.output to deathstar_ms-40147.output
tar: removing leading '/' from member names
Debug: Checking Namespace=default, Pod=ms-48118-ff7b99cc9-mg7zv for Target File=deathstar_*.output
Namespace: default, Pod: ms-48118-ff7b99cc9-mg7zv has the target files.
Copying deathstar_ms-48118.output to deathstar_ms-48118.output
tar: removing leading '/' from member names
Debug: Checking Namespace=default, Pod=ms-4829-669557b66c-kq8dq for Target File=deathstar_*.output
Namespace: default, Pod: ms-4829-669557b66c-kq8dq has the target files.
Copying deathstar_ms-4829.output to deathstar_ms-4829.output
tar: removing leading '/' from member names
Debug: Checking Namespace=default, Pod=ms-51685-79858c784f-rsxpq for Target File=deathstar_*.output
Namespace: default, Pod: ms-51685-79858c784f-rsxpq has the target files.
Copying deathstar_ms-51685.output to deathstar_ms-51685.output
tar: removing leading '/' from member names
Debug: Checking Namespace=default, Pod=ms-52379-57c6cdd54b-dk6g9 for Target File=deathstar_*.output
Namespace: default, Pod: ms-52379-57c6cdd54b-dk6g9 has the target files.
Copying deathstar_ms-52379.output to deathstar_ms-52379.output
tar: removing leading '/' from member names
Debug: Checking Namespace=default, Pod=ms-55394-6f999f5df9-2f97j for Target File=deathstar_*.output
Namespace: default, Pod: ms-55394-6f999f5df9-2f97j has the target files.
Copying deathstar_ms-55394.output to deathstar_ms-55394.output
tar: removing leading '/' from member names
Debug: Checking Namespace=default, Pod=ms-58436-59dd96f659-cvnbp for Target File=deathstar_*.output
Namespace: default, Pod: ms-58436-59dd96f659-cvnbp has the target files.
Copying deathstar_ms-58436.output to deathstar_ms-58436.output
tar: removing leading '/' from member names
Debug: Checking Namespace=default, Pod=ms-58772-68ff78c966-5hw24 for Target File=deathstar_*.output
Namespace: default, Pod: ms-58772-68ff78c966-5hw24 has the target files.
Copying deathstar_ms-58772.output to deathstar_ms-58772.output
tar: removing leading '/' from member names
Debug: Checking Namespace=default, Pod=ms-59962-756b895b58-6v7pp for Target File=deathstar_*.output
Namespace: default, Pod: ms-59962-756b895b58-6v7pp has the target files.
Copying deathstar_ms-59962.output to deathstar_ms-59962.output
tar: removing leading '/' from member names
Debug: Checking Namespace=default, Pod=ms-60061-68bd84bdcd-g5vjn for Target File=deathstar_*.output
Namespace: default, Pod: ms-60061-68bd84bdcd-g5vjn has the target files.
Copying deathstar_ms-60061.output to deathstar_ms-60061.output
tar: removing leading '/' from member names
Debug: Checking Namespace=default, Pod=ms-6323-974659fcd-stz62 for Target File=deathstar_*.output
Namespace: default, Pod: ms-6323-974659fcd-stz62 has the target files.
Copying deathstar_ms-6323.output to deathstar_ms-6323.output
tar: removing leading '/' from member names
Debug: Checking Namespace=default, Pod=ms-65741-65f588bcdf-7wj8m for Target File=deathstar_*.output
Namespace: default, Pod: ms-65741-65f588bcdf-7wj8m has the target files.
Copying deathstar_ms-65741.output to deathstar_ms-65741.output
tar: removing leading '/' from member names
Debug: Checking Namespace=default, Pod=ms-66473-79c66f8bff-9s7bg for Target File=deathstar_*.output
Namespace: default, Pod: ms-66473-79c66f8bff-9s7bg has the target files.
Copying deathstar_ms-66473.output to deathstar_ms-66473.output
tar: removing leading '/' from member names
Debug: Checking Namespace=default, Pod=ms-69188-65c548d4cb-ww4sr for Target File=deathstar_*.output
Namespace: default, Pod: ms-69188-65c548d4cb-ww4sr has the target files.
Copying deathstar_ms-69188.output to deathstar_ms-69188.output
tar: removing leading '/' from member names
Debug: Checking Namespace=default, Pod=ms-69614-794bd8475-g9rbk for Target File=deathstar_*.output
Namespace: default, Pod: ms-69614-794bd8475-g9rbk has the target files.
Copying deathstar_ms-69614.output to deathstar_ms-69614.output
tar: removing leading '/' from member names
Debug: Checking Namespace=default, Pod=ms-9081-567985788-2q7v6 for Target File=deathstar_*.output
Namespace: default, Pod: ms-9081-567985788-2q7v6 has the target files.
Copying deathstar_ms-9081.output to deathstar_ms-9081.output
tar: removing leading '/' from member names
Debug: Checking Namespace=default, Pod=nginx-web-server-56557f7cb7-4jz2x for Target File=deathstar_*.output
Namespace: default, Pod: nginx-web-server-56557f7cb7-4jz2x has the target files.
Copying deathstar_nginx-web-server.output to deathstar_nginx-web-server.output
tar: removing leading '/' from member names
Debug: Checking Namespace=default, Pod=unknown-6ddf9bd4b5-bps88 for Target File=deathstar_*.output
Namespace: default, Pod: unknown-6ddf9bd4b5-bps88 has the target files.
Copying deathstar_unknown.output to deathstar_unknown.output
tar: removing leading '/' from member names
