Deployments: ms-10090
ms-13558
ms-18330
ms-19585
ms-20172
ms-22893
ms-24009
ms-24959
ms-26622
ms-27421
ms-29373
ms-32301
ms-3289
ms-37691
ms-38964
ms-40147
ms-48118
ms-4829
ms-51685
ms-52379
ms-55394
ms-58436
ms-58772
ms-59962
ms-60061
ms-6323
ms-65741
ms-66473
ms-69188
ms-69614
ms-9081
nginx-web-server
unknown
deployment "ms-10090" successfully rolled out
deployment "ms-13558" successfully rolled out
deployment "ms-18330" successfully rolled out
deployment "ms-19585" successfully rolled out
deployment "ms-20172" successfully rolled out
deployment "ms-22893" successfully rolled out
deployment "ms-24009" successfully rolled out
deployment "ms-24959" successfully rolled out
deployment "ms-26622" successfully rolled out
deployment "ms-27421" successfully rolled out
deployment "ms-29373" successfully rolled out
deployment "ms-32301" successfully rolled out
deployment "ms-3289" successfully rolled out
deployment "ms-37691" successfully rolled out
deployment "ms-38964" successfully rolled out
deployment "ms-40147" successfully rolled out
deployment "ms-48118" successfully rolled out
deployment "ms-4829" successfully rolled out
deployment "ms-51685" successfully rolled out
deployment "ms-52379" successfully rolled out
deployment "ms-55394" successfully rolled out
deployment "ms-58436" successfully rolled out
deployment "ms-58772" successfully rolled out
deployment "ms-59962" successfully rolled out
deployment "ms-60061" successfully rolled out
deployment "ms-6323" successfully rolled out
deployment "ms-65741" successfully rolled out
deployment "ms-66473" successfully rolled out
deployment "ms-69188" successfully rolled out
deployment "ms-69614" successfully rolled out
deployment "ms-9081" successfully rolled out
deployment "nginx-web-server" successfully rolled out
deployment "unknown" successfully rolled out
ENTRY_POINT: nginx-web-server
SERVICE_A_URL: 10.111.210.59:50051
Capacity: 10000
Metadata: request-id={{.RequestNumber}}
Metadata: timestamp={{.TimestampUnix}}
Metadata: method=S_149998854
Charon Configurations:
[{INTERCEPT breakwater} {PRICE_UPDATE_RATE 10ms} {TOKEN_UPDATE_RATE 10ms} {LATENCY_THRESHOLD 100us} {PRICE_STEP 0} {PRICE_STRATEGY step} {LAZY_UPDATE false} {RATE_LIMITING true} {LOAD_SHEDDING true} {CHARON_TRACK_PRICE false} {BREAKWATER_SLO 1937us} {BREAKWATER_A 8.34044009405148} {BREAKWATER_B 1.4406489868843162} {BREAKWATER_CLIENT_EXPIRATION 0us} {BREAKWATER_INITIAL_CREDIT 605} {BREAKWATER_LOAD_SHEDDING true} {BREAKWATER_RTT 2935us} {BREAKWATERD_SLO 12500us} {BREAKWATERD_A 0.001} {BREAKWATERD_B 0.02} {BREAKWATERD_CLIENT_EXPIRATION 10ms} {BREAKWATERD_INITIAL_CREDIT 400} {BREAKWATERD_LOAD_SHEDDING true} {BREAKWATERD_RTT 1000us} {DAGOR_QUEUING_THRESHOLD 2ms} {DAGOR_ALPHA 0.05} {DAGOR_BETA 0.01} {DAGOR_ADMISSION_LEVEL_UPDATE_INTERVAL 10ms} {DAGOR_UMAX 20}]

Summary:
  Count:	49479
  Total:	25.00 s
  Slowest:	915.84 ms
  Fastest:	112.15 ms
  Average:	125.05 ms
  Requests/sec:	1979.21

Response time histogram:
  112.151 [1]     |
  192.519 [36730] |∎∎∎∎∎∎∎∎∎∎∎∎∎∎∎∎∎∎∎∎∎∎∎∎∎∎∎∎∎∎∎∎∎∎∎∎∎∎∎∎
  272.888 [3055]  |∎∎∎
  353.257 [38]    |
  433.626 [6]     |
  513.995 [9]     |
  594.364 [0]     |
  674.733 [2]     |
  755.102 [5]     |
  835.471 [15]    |
  915.840 [17]    |

Latency distribution:
  10 % in 122.76 ms 
  25 % in 134.83 ms 
  50 % in 149.20 ms 
  75 % in 167.06 ms 
  90 % in 187.57 ms 
  95 % in 203.66 ms 
  99 % in 236.31 ms 

Status code distribution:
  [OK]                  39878 responses   
  [ResourceExhausted]   9388 responses    
  [Canceled]            213 responses     

Error distribution:
  [9388]   rpc error: code = ResourceExhausted desc = Server-side queuing delay is beyond AQM threshold   
  [213]    rpc error: code = Canceled desc = grpc: the client connection is closing                       

Debug: Checking Namespace=default, Pod=ms-10090-6454f977fd-r4lwq for Target File=deathstar_*.output
Namespace: default, Pod: ms-10090-6454f977fd-r4lwq has the target files.
Copying deathstar_ms-10090.output to deathstar_ms-10090.output
tar: removing leading '/' from member names
Debug: Checking Namespace=default, Pod=ms-13558-b48bb5d9d-xbqzn for Target File=deathstar_*.output
Namespace: default, Pod: ms-13558-b48bb5d9d-xbqzn has the target files.
Copying deathstar_ms-13558.output to deathstar_ms-13558.output
tar: removing leading '/' from member names
Debug: Checking Namespace=default, Pod=ms-18330-759d9cf49c-hsqxg for Target File=deathstar_*.output
Namespace: default, Pod: ms-18330-759d9cf49c-hsqxg has the target files.
Copying deathstar_ms-18330.output to deathstar_ms-18330.output
tar: removing leading '/' from member names
Debug: Checking Namespace=default, Pod=ms-19585-6f995cfcbf-cb8jx for Target File=deathstar_*.output
Namespace: default, Pod: ms-19585-6f995cfcbf-cb8jx has the target files.
Copying deathstar_ms-19585.output to deathstar_ms-19585.output
tar: removing leading '/' from member names
Debug: Checking Namespace=default, Pod=ms-20172-59d5485464-nt92d for Target File=deathstar_*.output
Namespace: default, Pod: ms-20172-59d5485464-nt92d has the target files.
Copying deathstar_ms-20172.output to deathstar_ms-20172.output
tar: removing leading '/' from member names
Debug: Checking Namespace=default, Pod=ms-22893-576fd5f9f6-ggbfm for Target File=deathstar_*.output
Namespace: default, Pod: ms-22893-576fd5f9f6-ggbfm has the target files.
Copying deathstar_ms-22893.output to deathstar_ms-22893.output
tar: removing leading '/' from member names
Debug: Checking Namespace=default, Pod=ms-24009-67dbf5b976-6jznr for Target File=deathstar_*.output
Namespace: default, Pod: ms-24009-67dbf5b976-6jznr has the target files.
Copying deathstar_ms-24009.output to deathstar_ms-24009.output
tar: removing leading '/' from member names
Debug: Checking Namespace=default, Pod=ms-24959-99f8bbf9-r654p for Target File=deathstar_*.output
Namespace: default, Pod: ms-24959-99f8bbf9-r654p has the target files.
Copying deathstar_ms-24959.output to deathstar_ms-24959.output
tar: removing leading '/' from member names
Debug: Checking Namespace=default, Pod=ms-26622-66fdf7d64f-hgm7z for Target File=deathstar_*.output
Namespace: default, Pod: ms-26622-66fdf7d64f-hgm7z has the target files.
Copying deathstar_ms-26622.output to deathstar_ms-26622.output
tar: removing leading '/' from member names
Debug: Checking Namespace=default, Pod=ms-27421-64f549855c-htzb9 for Target File=deathstar_*.output
Namespace: default, Pod: ms-27421-64f549855c-htzb9 has the target files.
Copying deathstar_ms-27421.output to deathstar_ms-27421.output
tar: removing leading '/' from member names
Debug: Checking Namespace=default, Pod=ms-29373-8467f7db44-hqjwb for Target File=deathstar_*.output
Namespace: default, Pod: ms-29373-8467f7db44-hqjwb has the target files.
Copying deathstar_ms-29373.output to deathstar_ms-29373.output
tar: removing leading '/' from member names
Debug: Checking Namespace=default, Pod=ms-32301-c5654bbc5-tknfp for Target File=deathstar_*.output
Namespace: default, Pod: ms-32301-c5654bbc5-tknfp has the target files.
Copying deathstar_ms-32301.output to deathstar_ms-32301.output
tar: removing leading '/' from member names
Debug: Checking Namespace=default, Pod=ms-3289-587dbd96bf-sl445 for Target File=deathstar_*.output
Namespace: default, Pod: ms-3289-587dbd96bf-sl445 has the target files.
Copying deathstar_ms-3289.output to deathstar_ms-3289.output
tar: removing leading '/' from member names
Debug: Checking Namespace=default, Pod=ms-37691-6dc6cd6744-b4b9s for Target File=deathstar_*.output
Namespace: default, Pod: ms-37691-6dc6cd6744-b4b9s has the target files.
Copying deathstar_ms-37691.output to deathstar_ms-37691.output
tar: removing leading '/' from member names
Debug: Checking Namespace=default, Pod=ms-38964-5b647cdbd-xj5bt for Target File=deathstar_*.output
Namespace: default, Pod: ms-38964-5b647cdbd-xj5bt has the target files.
Copying deathstar_ms-38964.output to deathstar_ms-38964.output
tar: removing leading '/' from member names
Debug: Checking Namespace=default, Pod=ms-40147-cd867585-rkbc4 for Target File=deathstar_*.output
Namespace: default, Pod: ms-40147-cd867585-rkbc4 has the target files.
Copying deathstar_ms-40147.output to deathstar_ms-40147.output
tar: removing leading '/' from member names
Debug: Checking Namespace=default, Pod=ms-48118-ff7b99cc9-tn7q4 for Target File=deathstar_*.output
Namespace: default, Pod: ms-48118-ff7b99cc9-tn7q4 has the target files.
Copying deathstar_ms-48118.output to deathstar_ms-48118.output
tar: removing leading '/' from member names
Debug: Checking Namespace=default, Pod=ms-4829-669557b66c-g6s45 for Target File=deathstar_*.output
Namespace: default, Pod: ms-4829-669557b66c-g6s45 has the target files.
Copying deathstar_ms-4829.output to deathstar_ms-4829.output
tar: removing leading '/' from member names
Debug: Checking Namespace=default, Pod=ms-51685-79858c784f-mwchx for Target File=deathstar_*.output
Namespace: default, Pod: ms-51685-79858c784f-mwchx has the target files.
Copying deathstar_ms-51685.output to deathstar_ms-51685.output
tar: removing leading '/' from member names
Debug: Checking Namespace=default, Pod=ms-52379-57c6cdd54b-88xwq for Target File=deathstar_*.output
Namespace: default, Pod: ms-52379-57c6cdd54b-88xwq has the target files.
Copying deathstar_ms-52379.output to deathstar_ms-52379.output
tar: removing leading '/' from member names
Debug: Checking Namespace=default, Pod=ms-55394-6f999f5df9-7mffk for Target File=deathstar_*.output
Namespace: default, Pod: ms-55394-6f999f5df9-7mffk has the target files.
Copying deathstar_ms-55394.output to deathstar_ms-55394.output
tar: removing leading '/' from member names
Debug: Checking Namespace=default, Pod=ms-58436-59dd96f659-mvq29 for Target File=deathstar_*.output
Namespace: default, Pod: ms-58436-59dd96f659-mvq29 has the target files.
Copying deathstar_ms-58436.output to deathstar_ms-58436.output
tar: removing leading '/' from member names
Debug: Checking Namespace=default, Pod=ms-58772-68ff78c966-scpns for Target File=deathstar_*.output
Namespace: default, Pod: ms-58772-68ff78c966-scpns has the target files.
Copying deathstar_ms-58772.output to deathstar_ms-58772.output
tar: removing leading '/' from member names
Debug: Checking Namespace=default, Pod=ms-59962-756b895b58-vhslg for Target File=deathstar_*.output
Namespace: default, Pod: ms-59962-756b895b58-vhslg has the target files.
Copying deathstar_ms-59962.output to deathstar_ms-59962.output
tar: removing leading '/' from member names
Debug: Checking Namespace=default, Pod=ms-60061-68bd84bdcd-wm7lx for Target File=deathstar_*.output
Namespace: default, Pod: ms-60061-68bd84bdcd-wm7lx has the target files.
Copying deathstar_ms-60061.output to deathstar_ms-60061.output
tar: removing leading '/' from member names
Debug: Checking Namespace=default, Pod=ms-6323-974659fcd-nxlwf for Target File=deathstar_*.output
Namespace: default, Pod: ms-6323-974659fcd-nxlwf has the target files.
Copying deathstar_ms-6323.output to deathstar_ms-6323.output
tar: removing leading '/' from member names
Debug: Checking Namespace=default, Pod=ms-65741-65f588bcdf-4lkb5 for Target File=deathstar_*.output
Namespace: default, Pod: ms-65741-65f588bcdf-4lkb5 has the target files.
Copying deathstar_ms-65741.output to deathstar_ms-65741.output
tar: removing leading '/' from member names
Debug: Checking Namespace=default, Pod=ms-66473-79c66f8bff-wmczx for Target File=deathstar_*.output
Namespace: default, Pod: ms-66473-79c66f8bff-wmczx has the target files.
Copying deathstar_ms-66473.output to deathstar_ms-66473.output
tar: removing leading '/' from member names
Debug: Checking Namespace=default, Pod=ms-69188-65c548d4cb-hfbgg for Target File=deathstar_*.output
Namespace: default, Pod: ms-69188-65c548d4cb-hfbgg has the target files.
Copying deathstar_ms-69188.output to deathstar_ms-69188.output
tar: removing leading '/' from member names
Debug: Checking Namespace=default, Pod=ms-69614-794bd8475-c22v7 for Target File=deathstar_*.output
Namespace: default, Pod: ms-69614-794bd8475-c22v7 has the target files.
Copying deathstar_ms-69614.output to deathstar_ms-69614.output
tar: removing leading '/' from member names
Debug: Checking Namespace=default, Pod=ms-9081-567985788-j2ntm for Target File=deathstar_*.output
Namespace: default, Pod: ms-9081-567985788-j2ntm has the target files.
Copying deathstar_ms-9081.output to deathstar_ms-9081.output
tar: removing leading '/' from member names
Debug: Checking Namespace=default, Pod=nginx-web-server-56557f7cb7-nf6t8 for Target File=deathstar_*.output
Namespace: default, Pod: nginx-web-server-56557f7cb7-nf6t8 has the target files.
Copying deathstar_nginx-web-server.output to deathstar_nginx-web-server.output
tar: removing leading '/' from member names
Debug: Checking Namespace=default, Pod=unknown-6ddf9bd4b5-qckc4 for Target File=deathstar_*.output
Namespace: default, Pod: unknown-6ddf9bd4b5-qckc4 has the target files.
Copying deathstar_unknown.output to deathstar_unknown.output
tar: removing leading '/' from member names
