Deployments: ms-11070
ms-11285
ms-11512
ms-1278
ms-13873
ms-19953
ms-21883
ms-25124
ms-27421
ms-2827
ms-33719
ms-37691
ms-43309
ms-4354
ms-46825
ms-60236
ms-71771
ms-8052
ms-902
nginx-web-server
deployment "ms-11070" successfully rolled out
deployment "ms-11285" successfully rolled out
deployment "ms-11512" successfully rolled out
deployment "ms-1278" successfully rolled out
deployment "ms-13873" successfully rolled out
deployment "ms-19953" successfully rolled out
deployment "ms-21883" successfully rolled out
deployment "ms-25124" successfully rolled out
deployment "ms-27421" successfully rolled out
deployment "ms-2827" successfully rolled out
deployment "ms-33719" successfully rolled out
deployment "ms-37691" successfully rolled out
deployment "ms-43309" successfully rolled out
deployment "ms-4354" successfully rolled out
deployment "ms-46825" successfully rolled out
deployment "ms-60236" successfully rolled out
deployment "ms-71771" successfully rolled out
deployment "ms-8052" successfully rolled out
deployment "ms-902" successfully rolled out
deployment "nginx-web-server" successfully rolled out
ENTRY_POINT: nginx-web-server
SERVICE_A_URL: 10.104.97.5:50051
Capacity: 10000
Metadata: request-id={{.RequestNumber}}
Metadata: timestamp={{.TimestampUnix}}
Metadata: method=S_102000854
Charon Configurations:
[{INTERCEPT charon} {PRICE_UPDATE_RATE 5201us} {TOKEN_UPDATE_RATE 15614us} {LATENCY_THRESHOLD 5002us} {PRICE_STEP 150} {PRICE_STRATEGY proportional} {LAZY_UPDATE true} {RATE_LIMITING true} {LOAD_SHEDDING true} {CHARON_TRACK_PRICE false} {BREAKWATER_SLO 12500us} {BREAKWATER_A 0.001} {BREAKWATER_B 0.02} {BREAKWATER_CLIENT_EXPIRATION 10ms} {BREAKWATER_INITIAL_CREDIT 400} {BREAKWATER_LOAD_SHEDDING true} {BREAKWATER_RTT 1000us} {BREAKWATERD_SLO 12500us} {BREAKWATERD_A 0.001} {BREAKWATERD_B 0.02} {BREAKWATERD_CLIENT_EXPIRATION 10ms} {BREAKWATERD_INITIAL_CREDIT 400} {BREAKWATERD_LOAD_SHEDDING true} {BREAKWATERD_RTT 1000us} {DAGOR_QUEUING_THRESHOLD 2ms} {DAGOR_ALPHA 0.05} {DAGOR_BETA 0.01} {DAGOR_ADMISSION_LEVEL_UPDATE_INTERVAL 10ms} {DAGOR_UMAX 20}]

Summary:
  Count:	75333
  Total:	14.78 s
  Slowest:	848.06 ms
  Fastest:	38.96 ms
  Average:	59.37 ms
  Requests/sec:	5095.31

Response time histogram:
  38.957  [1]     |
  119.867 [67628] |∎∎∎∎∎∎∎∎∎∎∎∎∎∎∎∎∎∎∎∎∎∎∎∎∎∎∎∎∎∎∎∎∎∎∎∎∎∎∎∎
  200.778 [1707]  |∎
  281.689 [862]   |∎
  362.599 [53]    |
  443.510 [2]     |
  524.421 [95]    |
  605.332 [7]     |
  686.242 [0]     |
  767.153 [4]     |
  848.064 [72]    |

Latency distribution:
  10 % in 40.89 ms 
  25 % in 44.87 ms 
  50 % in 54.79 ms 
  75 % in 65.04 ms 
  90 % in 78.75 ms 
  95 % in 100.48 ms 
  99 % in 220.20 ms 

Status code distribution:
  [OK]                  70431 responses   
  [ResourceExhausted]   4677 responses    
  [Canceled]            225 responses     

Error distribution:
  [170]    rpc error: code = ResourceExhausted desc = S_102000854 req dropped by ms-25124. Try again later.           
  [3780]   rpc error: code = ResourceExhausted desc = S_102000854 req dropped by nginx-web-server. Try again later.   
  [225]    rpc error: code = Canceled desc = grpc: the client connection is closing                                   
  [570]    rpc error: code = ResourceExhausted desc = S_102000854 req dropped by ms-13873. Try again later.           
  [157]    rpc error: code = ResourceExhausted desc = S_102000854 req dropped by ms-60236. Try again later.           

Debug: Checking Namespace=default, Pod=ms-11070-7868c54f44-thvps for Target File=deathstar_*.output
Namespace: default, Pod: ms-11070-7868c54f44-thvps has the target files.
Copying deathstar_ms-11070.output to deathstar_ms-11070.output
tar: removing leading '/' from member names
Debug: Checking Namespace=default, Pod=ms-11285-67d597dc77-tgj9s for Target File=deathstar_*.output
Namespace: default, Pod: ms-11285-67d597dc77-tgj9s has the target files.
Copying deathstar_ms-11285.output to deathstar_ms-11285.output
tar: removing leading '/' from member names
Debug: Checking Namespace=default, Pod=ms-11512-75f8ddc45b-nb99b for Target File=deathstar_*.output
Namespace: default, Pod: ms-11512-75f8ddc45b-nb99b has the target files.
Copying deathstar_ms-11512.output to deathstar_ms-11512.output
tar: removing leading '/' from member names
Debug: Checking Namespace=default, Pod=ms-1278-85766ff6b8-bt4jk for Target File=deathstar_*.output
Namespace: default, Pod: ms-1278-85766ff6b8-bt4jk has the target files.
Copying deathstar_ms-1278.output to deathstar_ms-1278.output
tar: removing leading '/' from member names
Debug: Checking Namespace=default, Pod=ms-13873-85d7bb7b97-pzsq4 for Target File=deathstar_*.output
Namespace: default, Pod: ms-13873-85d7bb7b97-pzsq4 has the target files.
Copying deathstar_ms-13873.output to deathstar_ms-13873.output
tar: removing leading '/' from member names
Debug: Checking Namespace=default, Pod=ms-19953-68cc8998c5-rdz49 for Target File=deathstar_*.output
Namespace: default, Pod: ms-19953-68cc8998c5-rdz49 has the target files.
Copying deathstar_ms-19953.output to deathstar_ms-19953.output
tar: removing leading '/' from member names
Debug: Checking Namespace=default, Pod=ms-21883-f6c88c6d4-5nhgv for Target File=deathstar_*.output
Namespace: default, Pod: ms-21883-f6c88c6d4-5nhgv has the target files.
Copying deathstar_ms-21883.output to deathstar_ms-21883.output
tar: removing leading '/' from member names
Debug: Checking Namespace=default, Pod=ms-25124-77bd4446f5-6tdf7 for Target File=deathstar_*.output
Namespace: default, Pod: ms-25124-77bd4446f5-6tdf7 has the target files.
Copying deathstar_ms-25124.output to deathstar_ms-25124.output
tar: removing leading '/' from member names
Debug: Checking Namespace=default, Pod=ms-27421-8565974486-226tz for Target File=deathstar_*.output
Namespace: default, Pod: ms-27421-8565974486-226tz has the target files.
Copying deathstar_ms-27421.output to deathstar_ms-27421.output
tar: removing leading '/' from member names
Debug: Checking Namespace=default, Pod=ms-2827-5dcc6df4f4-689xl for Target File=deathstar_*.output
Namespace: default, Pod: ms-2827-5dcc6df4f4-689xl has the target files.
Copying deathstar_ms-2827.output to deathstar_ms-2827.output
tar: removing leading '/' from member names
Debug: Checking Namespace=default, Pod=ms-33719-6c455cf54c-8gkhs for Target File=deathstar_*.output
Namespace: default, Pod: ms-33719-6c455cf54c-8gkhs has the target files.
Copying deathstar_ms-33719.output to deathstar_ms-33719.output
tar: removing leading '/' from member names
Debug: Checking Namespace=default, Pod=ms-37691-b9bc44798-hjrz2 for Target File=deathstar_*.output
Namespace: default, Pod: ms-37691-b9bc44798-hjrz2 has the target files.
Copying deathstar_ms-37691.output to deathstar_ms-37691.output
tar: removing leading '/' from member names
Debug: Checking Namespace=default, Pod=ms-43309-54f758d465-hrp9j for Target File=deathstar_*.output
Namespace: default, Pod: ms-43309-54f758d465-hrp9j has the target files.
Copying deathstar_ms-43309.output to deathstar_ms-43309.output
tar: removing leading '/' from member names
Debug: Checking Namespace=default, Pod=ms-4354-669cfcbdf6-btn8v for Target File=deathstar_*.output
Namespace: default, Pod: ms-4354-669cfcbdf6-btn8v has the target files.
Copying deathstar_ms-4354.output to deathstar_ms-4354.output
tar: removing leading '/' from member names
Debug: Checking Namespace=default, Pod=ms-46825-58c684559d-gj4zq for Target File=deathstar_*.output
Namespace: default, Pod: ms-46825-58c684559d-gj4zq has the target files.
Copying deathstar_ms-46825.output to deathstar_ms-46825.output
tar: removing leading '/' from member names
Debug: Checking Namespace=default, Pod=ms-60236-64866cf49-p9xtt for Target File=deathstar_*.output
Namespace: default, Pod: ms-60236-64866cf49-p9xtt has the target files.
Copying deathstar_ms-60236.output to deathstar_ms-60236.output
tar: removing leading '/' from member names
Debug: Checking Namespace=default, Pod=ms-71771-567ddbdd95-tr98v for Target File=deathstar_*.output
Namespace: default, Pod: ms-71771-567ddbdd95-tr98v has the target files.
Copying deathstar_ms-71771.output to deathstar_ms-71771.output
tar: removing leading '/' from member names
Debug: Checking Namespace=default, Pod=ms-8052-b995968dc-vnsms for Target File=deathstar_*.output
Namespace: default, Pod: ms-8052-b995968dc-vnsms has the target files.
Copying deathstar_ms-8052.output to deathstar_ms-8052.output
tar: removing leading '/' from member names
Debug: Checking Namespace=default, Pod=ms-902-5744544f85-nbdwl for Target File=deathstar_*.output
Namespace: default, Pod: ms-902-5744544f85-nbdwl has the target files.
Copying deathstar_ms-902.output to deathstar_ms-902.output
tar: removing leading '/' from member names
Debug: Checking Namespace=default, Pod=nginx-web-server-56557f7cb7-7ggqd for Target File=deathstar_*.output
Namespace: default, Pod: nginx-web-server-56557f7cb7-7ggqd has the target files.
Copying deathstar_nginx-web-server.output to deathstar_nginx-web-server.output
tar: removing leading '/' from member names
