Deployments: ms-11070
ms-11285
ms-11512
ms-1278
ms-13873
ms-19953
ms-21883
ms-25124
ms-27421
ms-2827
ms-33719
ms-37691
ms-43309
ms-4354
ms-46825
ms-60236
ms-71771
ms-8052
ms-902
nginx-web-server
deployment "ms-11070" successfully rolled out
deployment "ms-11285" successfully rolled out
deployment "ms-11512" successfully rolled out
deployment "ms-1278" successfully rolled out
deployment "ms-13873" successfully rolled out
deployment "ms-19953" successfully rolled out
deployment "ms-21883" successfully rolled out
deployment "ms-25124" successfully rolled out
deployment "ms-27421" successfully rolled out
deployment "ms-2827" successfully rolled out
deployment "ms-33719" successfully rolled out
deployment "ms-37691" successfully rolled out
deployment "ms-43309" successfully rolled out
deployment "ms-4354" successfully rolled out
deployment "ms-46825" successfully rolled out
deployment "ms-60236" successfully rolled out
deployment "ms-71771" successfully rolled out
deployment "ms-8052" successfully rolled out
deployment "ms-902" successfully rolled out
deployment "nginx-web-server" successfully rolled out
ENTRY_POINT: nginx-web-server
SERVICE_A_URL: 10.104.156.97:50051
Capacity: 10000
Metadata: request-id={{.RequestNumber}}
Metadata: timestamp={{.TimestampUnix}}
Metadata: method=S_102000854
Charon Configurations:
[{INTERCEPT charon} {PRICE_UPDATE_RATE 22864us} {TOKEN_UPDATE_RATE 18699us} {LATENCY_THRESHOLD 6957us} {PRICE_STEP 34} {PRICE_STRATEGY proportional} {LAZY_UPDATE true} {RATE_LIMITING true} {LOAD_SHEDDING true} {CHARON_TRACK_PRICE false} {BREAKWATER_SLO 12500us} {BREAKWATER_A 0.001} {BREAKWATER_B 0.02} {BREAKWATER_CLIENT_EXPIRATION 10ms} {BREAKWATER_INITIAL_CREDIT 400} {BREAKWATER_LOAD_SHEDDING true} {BREAKWATER_RTT 1000us} {BREAKWATERD_SLO 12500us} {BREAKWATERD_A 0.001} {BREAKWATERD_B 0.02} {BREAKWATERD_CLIENT_EXPIRATION 10ms} {BREAKWATERD_INITIAL_CREDIT 400} {BREAKWATERD_LOAD_SHEDDING true} {BREAKWATERD_RTT 1000us} {DAGOR_QUEUING_THRESHOLD 2ms} {DAGOR_ALPHA 0.05} {DAGOR_BETA 0.01} {DAGOR_ADMISSION_LEVEL_UPDATE_INTERVAL 10ms} {DAGOR_UMAX 20}]

Summary:
  Count:	89286
  Total:	14.78 s
  Slowest:	842.03 ms
  Fastest:	38.99 ms
  Average:	88.46 ms
  Requests/sec:	6040.18

Response time histogram:
  38.986  [1]     |
  119.291 [71742] |∎∎∎∎∎∎∎∎∎∎∎∎∎∎∎∎∎∎∎∎∎∎∎∎∎∎∎∎∎∎∎∎∎∎∎∎∎∎∎∎
  199.595 [5482]  |∎∎∎
  279.900 [5097]  |∎∎∎
  360.204 [1813]  |∎
  440.509 [162]   |
  520.813 [89]    |
  601.118 [0]     |
  681.422 [0]     |
  761.727 [35]    |
  842.031 [78]    |

Latency distribution:
  10 % in 41.61 ms 
  25 % in 58.10 ms 
  50 % in 74.63 ms 
  75 % in 97.16 ms 
  90 % in 171.60 ms 
  95 % in 247.58 ms 
  99 % in 317.93 ms 

Status code distribution:
  [OK]                  84499 responses   
  [ResourceExhausted]   4638 responses    
  [Canceled]            149 responses     

Error distribution:
  [233]    rpc error: code = ResourceExhausted desc = S_102000854 req dropped by ms-60236. Try again later.           
  [214]    rpc error: code = ResourceExhausted desc = S_102000854 req dropped by ms-25124. Try again later.           
  [3686]   rpc error: code = ResourceExhausted desc = S_102000854 req dropped by nginx-web-server. Try again later.   
  [505]    rpc error: code = ResourceExhausted desc = S_102000854 req dropped by ms-13873. Try again later.           
  [149]    rpc error: code = Canceled desc = grpc: the client connection is closing                                   

Debug: Checking Namespace=default, Pod=ms-11070-7868c54f44-jrqxk for Target File=deathstar_*.output
Namespace: default, Pod: ms-11070-7868c54f44-jrqxk has the target files.
Copying deathstar_ms-11070.output to deathstar_ms-11070.output
tar: removing leading '/' from member names
Debug: Checking Namespace=default, Pod=ms-11285-67d597dc77-99c76 for Target File=deathstar_*.output
Namespace: default, Pod: ms-11285-67d597dc77-99c76 has the target files.
Copying deathstar_ms-11285.output to deathstar_ms-11285.output
tar: removing leading '/' from member names
Debug: Checking Namespace=default, Pod=ms-11512-75f8ddc45b-nqfjd for Target File=deathstar_*.output
Namespace: default, Pod: ms-11512-75f8ddc45b-nqfjd has the target files.
Copying deathstar_ms-11512.output to deathstar_ms-11512.output
tar: removing leading '/' from member names
Debug: Checking Namespace=default, Pod=ms-1278-85766ff6b8-s499c for Target File=deathstar_*.output
Namespace: default, Pod: ms-1278-85766ff6b8-s499c has the target files.
Copying deathstar_ms-1278.output to deathstar_ms-1278.output
tar: removing leading '/' from member names
Debug: Checking Namespace=default, Pod=ms-13873-85d7bb7b97-tvzzm for Target File=deathstar_*.output
Namespace: default, Pod: ms-13873-85d7bb7b97-tvzzm has the target files.
Copying deathstar_ms-13873.output to deathstar_ms-13873.output
tar: removing leading '/' from member names
Debug: Checking Namespace=default, Pod=ms-19953-68cc8998c5-bgh9r for Target File=deathstar_*.output
Namespace: default, Pod: ms-19953-68cc8998c5-bgh9r has the target files.
Copying deathstar_ms-19953.output to deathstar_ms-19953.output
tar: removing leading '/' from member names
Debug: Checking Namespace=default, Pod=ms-21883-f6c88c6d4-vxd9n for Target File=deathstar_*.output
Namespace: default, Pod: ms-21883-f6c88c6d4-vxd9n has the target files.
Copying deathstar_ms-21883.output to deathstar_ms-21883.output
tar: removing leading '/' from member names
Debug: Checking Namespace=default, Pod=ms-25124-77bd4446f5-dsmtj for Target File=deathstar_*.output
Namespace: default, Pod: ms-25124-77bd4446f5-dsmtj has the target files.
Copying deathstar_ms-25124.output to deathstar_ms-25124.output
tar: removing leading '/' from member names
Debug: Checking Namespace=default, Pod=ms-27421-8565974486-sj5df for Target File=deathstar_*.output
Namespace: default, Pod: ms-27421-8565974486-sj5df has the target files.
Copying deathstar_ms-27421.output to deathstar_ms-27421.output
tar: removing leading '/' from member names
Debug: Checking Namespace=default, Pod=ms-2827-5dcc6df4f4-8n9vj for Target File=deathstar_*.output
Namespace: default, Pod: ms-2827-5dcc6df4f4-8n9vj has the target files.
Copying deathstar_ms-2827.output to deathstar_ms-2827.output
tar: removing leading '/' from member names
Debug: Checking Namespace=default, Pod=ms-33719-6c455cf54c-zgwvt for Target File=deathstar_*.output
Namespace: default, Pod: ms-33719-6c455cf54c-zgwvt has the target files.
Copying deathstar_ms-33719.output to deathstar_ms-33719.output
tar: removing leading '/' from member names
Debug: Checking Namespace=default, Pod=ms-37691-b9bc44798-kxt66 for Target File=deathstar_*.output
Namespace: default, Pod: ms-37691-b9bc44798-kxt66 has the target files.
Copying deathstar_ms-37691.output to deathstar_ms-37691.output
tar: removing leading '/' from member names
Debug: Checking Namespace=default, Pod=ms-43309-54f758d465-hn9l6 for Target File=deathstar_*.output
Namespace: default, Pod: ms-43309-54f758d465-hn9l6 has the target files.
Copying deathstar_ms-43309.output to deathstar_ms-43309.output
tar: removing leading '/' from member names
Debug: Checking Namespace=default, Pod=ms-4354-669cfcbdf6-gh225 for Target File=deathstar_*.output
Namespace: default, Pod: ms-4354-669cfcbdf6-gh225 has the target files.
Copying deathstar_ms-4354.output to deathstar_ms-4354.output
tar: removing leading '/' from member names
Debug: Checking Namespace=default, Pod=ms-46825-58c684559d-qq7z4 for Target File=deathstar_*.output
Namespace: default, Pod: ms-46825-58c684559d-qq7z4 has the target files.
Copying deathstar_ms-46825.output to deathstar_ms-46825.output
tar: removing leading '/' from member names
Debug: Checking Namespace=default, Pod=ms-60236-64866cf49-9ttbf for Target File=deathstar_*.output
Namespace: default, Pod: ms-60236-64866cf49-9ttbf has the target files.
Copying deathstar_ms-60236.output to deathstar_ms-60236.output
tar: removing leading '/' from member names
Debug: Checking Namespace=default, Pod=ms-71771-567ddbdd95-t4n4g for Target File=deathstar_*.output
Namespace: default, Pod: ms-71771-567ddbdd95-t4n4g has the target files.
Copying deathstar_ms-71771.output to deathstar_ms-71771.output
tar: removing leading '/' from member names
Debug: Checking Namespace=default, Pod=ms-8052-b995968dc-5f25t for Target File=deathstar_*.output
Namespace: default, Pod: ms-8052-b995968dc-5f25t has the target files.
Copying deathstar_ms-8052.output to deathstar_ms-8052.output
tar: removing leading '/' from member names
Debug: Checking Namespace=default, Pod=ms-902-5744544f85-k2hb7 for Target File=deathstar_*.output
Namespace: default, Pod: ms-902-5744544f85-k2hb7 has the target files.
Copying deathstar_ms-902.output to deathstar_ms-902.output
tar: removing leading '/' from member names
Debug: Checking Namespace=default, Pod=nginx-web-server-56557f7cb7-6tnm9 for Target File=deathstar_*.output
Namespace: default, Pod: nginx-web-server-56557f7cb7-6tnm9 has the target files.
Copying deathstar_nginx-web-server.output to deathstar_nginx-web-server.output
tar: removing leading '/' from member names
