Deployments: ms-10090
ms-13558
ms-18330
ms-19585
ms-20172
ms-22893
ms-24009
ms-24959
ms-26622
ms-27421
ms-29373
ms-32301
ms-3289
ms-37691
ms-38964
ms-40147
ms-48118
ms-4829
ms-51685
ms-52379
ms-55394
ms-58436
ms-58772
ms-59962
ms-60061
ms-6323
ms-65741
ms-66473
ms-69188
ms-69614
ms-9081
nginx-web-server
unknown
deployment "ms-10090" successfully rolled out
deployment "ms-13558" successfully rolled out
deployment "ms-18330" successfully rolled out
deployment "ms-19585" successfully rolled out
deployment "ms-20172" successfully rolled out
deployment "ms-22893" successfully rolled out
deployment "ms-24009" successfully rolled out
deployment "ms-24959" successfully rolled out
deployment "ms-26622" successfully rolled out
deployment "ms-27421" successfully rolled out
deployment "ms-29373" successfully rolled out
deployment "ms-32301" successfully rolled out
deployment "ms-3289" successfully rolled out
deployment "ms-37691" successfully rolled out
deployment "ms-38964" successfully rolled out
deployment "ms-40147" successfully rolled out
deployment "ms-48118" successfully rolled out
deployment "ms-4829" successfully rolled out
deployment "ms-51685" successfully rolled out
deployment "ms-52379" successfully rolled out
deployment "ms-55394" successfully rolled out
deployment "ms-58436" successfully rolled out
deployment "ms-58772" successfully rolled out
deployment "ms-59962" successfully rolled out
deployment "ms-60061" successfully rolled out
deployment "ms-6323" successfully rolled out
deployment "ms-65741" successfully rolled out
deployment "ms-66473" successfully rolled out
deployment "ms-69188" successfully rolled out
deployment "ms-69614" successfully rolled out
deployment "ms-9081" successfully rolled out
deployment "nginx-web-server" successfully rolled out
deployment "unknown" successfully rolled out
ENTRY_POINT: nginx-web-server
SERVICE_A_URL: 10.104.173.216:50051
Capacity: 10000
Metadata: request-id={{.RequestNumber}}
Metadata: timestamp={{.TimestampUnix}}
Metadata: method=S_149998854
Charon Configurations:
[{INTERCEPT breakwater} {PRICE_UPDATE_RATE 10ms} {TOKEN_UPDATE_RATE 10ms} {LATENCY_THRESHOLD 100us} {PRICE_STEP 0} {PRICE_STRATEGY step} {LAZY_UPDATE false} {RATE_LIMITING true} {LOAD_SHEDDING true} {CHARON_TRACK_PRICE false} {BREAKWATER_SLO 4618us} {BREAKWATER_A 0.2895180150248522} {BREAKWATER_B 1.2813105474595612} {BREAKWATER_CLIENT_EXPIRATION 82us} {BREAKWATER_INITIAL_CREDIT 1776} {BREAKWATER_LOAD_SHEDDING true} {BREAKWATER_RTT 18779us} {BREAKWATERD_SLO 12500us} {BREAKWATERD_A 0.001} {BREAKWATERD_B 0.02} {BREAKWATERD_CLIENT_EXPIRATION 10ms} {BREAKWATERD_INITIAL_CREDIT 400} {BREAKWATERD_LOAD_SHEDDING true} {BREAKWATERD_RTT 1000us} {DAGOR_QUEUING_THRESHOLD 2ms} {DAGOR_ALPHA 0.05} {DAGOR_BETA 0.01} {DAGOR_ADMISSION_LEVEL_UPDATE_INTERVAL 10ms} {DAGOR_UMAX 20}]

Summary:
  Count:	74577
  Total:	25.00 s
  Slowest:	874.31 ms
  Fastest:	110.93 ms
  Average:	151.15 ms
  Requests/sec:	2983.03

Response time histogram:
  110.930 [1]     |
  187.268 [33476] |∎∎∎∎∎∎∎∎∎∎∎∎∎∎∎∎∎∎∎∎∎∎∎∎∎∎∎∎∎∎∎∎∎∎∎∎∎∎∎∎
  263.606 [15103] |∎∎∎∎∎∎∎∎∎∎∎∎∎∎∎∎∎∎
  339.944 [6325]  |∎∎∎∎∎∎∎∎
  416.282 [1663]  |∎∎
  492.620 [763]   |∎
  568.958 [57]    |
  645.296 [1]     |
  721.633 [0]     |
  797.971 [38]    |
  874.309 [72]    |

Latency distribution:
  10 % in 114.60 ms 
  25 % in 141.52 ms 
  50 % in 175.27 ms 
  75 % in 224.12 ms 
  90 % in 295.00 ms 
  95 % in 335.63 ms 
  99 % in 448.57 ms 

Status code distribution:
  [OK]                  57499 responses   
  [ResourceExhausted]   16262 responses   
  [Canceled]            816 responses     

Error distribution:
  [16262]   rpc error: code = ResourceExhausted desc = Server-side queuing delay is beyond AQM threshold   
  [816]     rpc error: code = Canceled desc = grpc: the client connection is closing                       

Debug: Checking Namespace=default, Pod=ms-10090-6454f977fd-cmc46 for Target File=deathstar_*.output
Namespace: default, Pod: ms-10090-6454f977fd-cmc46 has the target files.
Copying deathstar_ms-10090.output to deathstar_ms-10090.output
tar: removing leading '/' from member names
Debug: Checking Namespace=default, Pod=ms-13558-b48bb5d9d-xzmnw for Target File=deathstar_*.output
Namespace: default, Pod: ms-13558-b48bb5d9d-xzmnw has the target files.
Copying deathstar_ms-13558.output to deathstar_ms-13558.output
tar: removing leading '/' from member names
Debug: Checking Namespace=default, Pod=ms-18330-759d9cf49c-j26v8 for Target File=deathstar_*.output
Namespace: default, Pod: ms-18330-759d9cf49c-j26v8 has the target files.
Copying deathstar_ms-18330.output to deathstar_ms-18330.output
tar: removing leading '/' from member names
Debug: Checking Namespace=default, Pod=ms-19585-6f995cfcbf-xstg4 for Target File=deathstar_*.output
Namespace: default, Pod: ms-19585-6f995cfcbf-xstg4 has the target files.
Copying deathstar_ms-19585.output to deathstar_ms-19585.output
tar: removing leading '/' from member names
Debug: Checking Namespace=default, Pod=ms-20172-59d5485464-lkfnz for Target File=deathstar_*.output
Namespace: default, Pod: ms-20172-59d5485464-lkfnz has the target files.
Copying deathstar_ms-20172.output to deathstar_ms-20172.output
tar: removing leading '/' from member names
Debug: Checking Namespace=default, Pod=ms-22893-576fd5f9f6-6hp2l for Target File=deathstar_*.output
Namespace: default, Pod: ms-22893-576fd5f9f6-6hp2l has the target files.
Copying deathstar_ms-22893.output to deathstar_ms-22893.output
tar: removing leading '/' from member names
Debug: Checking Namespace=default, Pod=ms-24009-67dbf5b976-b5x8l for Target File=deathstar_*.output
Namespace: default, Pod: ms-24009-67dbf5b976-b5x8l has the target files.
Copying deathstar_ms-24009.output to deathstar_ms-24009.output
tar: removing leading '/' from member names
Debug: Checking Namespace=default, Pod=ms-24959-99f8bbf9-gpl8d for Target File=deathstar_*.output
Namespace: default, Pod: ms-24959-99f8bbf9-gpl8d has the target files.
Copying deathstar_ms-24959.output to deathstar_ms-24959.output
tar: removing leading '/' from member names
Debug: Checking Namespace=default, Pod=ms-26622-66fdf7d64f-bxnq5 for Target File=deathstar_*.output
Namespace: default, Pod: ms-26622-66fdf7d64f-bxnq5 has the target files.
Copying deathstar_ms-26622.output to deathstar_ms-26622.output
tar: removing leading '/' from member names
Debug: Checking Namespace=default, Pod=ms-27421-64f549855c-nb7jk for Target File=deathstar_*.output
Namespace: default, Pod: ms-27421-64f549855c-nb7jk has the target files.
Copying deathstar_ms-27421.output to deathstar_ms-27421.output
tar: removing leading '/' from member names
Debug: Checking Namespace=default, Pod=ms-29373-8467f7db44-cwdwz for Target File=deathstar_*.output
Namespace: default, Pod: ms-29373-8467f7db44-cwdwz has the target files.
Copying deathstar_ms-29373.output to deathstar_ms-29373.output
tar: removing leading '/' from member names
Debug: Checking Namespace=default, Pod=ms-32301-c5654bbc5-lj6sg for Target File=deathstar_*.output
Namespace: default, Pod: ms-32301-c5654bbc5-lj6sg has the target files.
Copying deathstar_ms-32301.output to deathstar_ms-32301.output
Debug: Checking Namespace=default, Pod=ms-3289-587dbd96bf-trptk for Target File=deathstar_*.output
Namespace: default, Pod: ms-3289-587dbd96bf-trptk has the target files.
Copying deathstar_ms-3289.output to deathstar_ms-3289.output
tar: removing leading '/' from member names
Debug: Checking Namespace=default, Pod=ms-37691-6dc6cd6744-75bpb for Target File=deathstar_*.output
Namespace: default, Pod: ms-37691-6dc6cd6744-75bpb has the target files.
Copying deathstar_ms-37691.output to deathstar_ms-37691.output
tar: removing leading '/' from member names
Debug: Checking Namespace=default, Pod=ms-38964-5b647cdbd-ppph2 for Target File=deathstar_*.output
Namespace: default, Pod: ms-38964-5b647cdbd-ppph2 has the target files.
Copying deathstar_ms-38964.output to deathstar_ms-38964.output
tar: removing leading '/' from member names
Debug: Checking Namespace=default, Pod=ms-40147-cd867585-p5j46 for Target File=deathstar_*.output
Namespace: default, Pod: ms-40147-cd867585-p5j46 has the target files.
Copying deathstar_ms-40147.output to deathstar_ms-40147.output
tar: removing leading '/' from member names
Debug: Checking Namespace=default, Pod=ms-48118-ff7b99cc9-p2khv for Target File=deathstar_*.output
Namespace: default, Pod: ms-48118-ff7b99cc9-p2khv has the target files.
Copying deathstar_ms-48118.output to deathstar_ms-48118.output
tar: removing leading '/' from member names
Debug: Checking Namespace=default, Pod=ms-4829-669557b66c-nxk7x for Target File=deathstar_*.output
Namespace: default, Pod: ms-4829-669557b66c-nxk7x has the target files.
Copying deathstar_ms-4829.output to deathstar_ms-4829.output
tar: removing leading '/' from member names
Debug: Checking Namespace=default, Pod=ms-51685-79858c784f-2tvrw for Target File=deathstar_*.output
Namespace: default, Pod: ms-51685-79858c784f-2tvrw has the target files.
Copying deathstar_ms-51685.output to deathstar_ms-51685.output
tar: removing leading '/' from member names
Debug: Checking Namespace=default, Pod=ms-52379-57c6cdd54b-m6lhn for Target File=deathstar_*.output
Namespace: default, Pod: ms-52379-57c6cdd54b-m6lhn has the target files.
Copying deathstar_ms-52379.output to deathstar_ms-52379.output
tar: removing leading '/' from member names
Debug: Checking Namespace=default, Pod=ms-55394-6f999f5df9-7hvdm for Target File=deathstar_*.output
Namespace: default, Pod: ms-55394-6f999f5df9-7hvdm has the target files.
Copying deathstar_ms-55394.output to deathstar_ms-55394.output
tar: removing leading '/' from member names
Debug: Checking Namespace=default, Pod=ms-58436-59dd96f659-6ndfz for Target File=deathstar_*.output
Namespace: default, Pod: ms-58436-59dd96f659-6ndfz has the target files.
Copying deathstar_ms-58436.output to deathstar_ms-58436.output
tar: removing leading '/' from member names
Debug: Checking Namespace=default, Pod=ms-58772-68ff78c966-dzxqs for Target File=deathstar_*.output
Namespace: default, Pod: ms-58772-68ff78c966-dzxqs has the target files.
Copying deathstar_ms-58772.output to deathstar_ms-58772.output
tar: removing leading '/' from member names
Debug: Checking Namespace=default, Pod=ms-59962-756b895b58-m6zsf for Target File=deathstar_*.output
Namespace: default, Pod: ms-59962-756b895b58-m6zsf has the target files.
Copying deathstar_ms-59962.output to deathstar_ms-59962.output
tar: removing leading '/' from member names
Debug: Checking Namespace=default, Pod=ms-60061-68bd84bdcd-dcszk for Target File=deathstar_*.output
Namespace: default, Pod: ms-60061-68bd84bdcd-dcszk has the target files.
Copying deathstar_ms-60061.output to deathstar_ms-60061.output
tar: removing leading '/' from member names
Debug: Checking Namespace=default, Pod=ms-6323-974659fcd-qh2z7 for Target File=deathstar_*.output
Namespace: default, Pod: ms-6323-974659fcd-qh2z7 has the target files.
Copying deathstar_ms-6323.output to deathstar_ms-6323.output
tar: removing leading '/' from member names
Debug: Checking Namespace=default, Pod=ms-65741-65f588bcdf-c847r for Target File=deathstar_*.output
Namespace: default, Pod: ms-65741-65f588bcdf-c847r has the target files.
Copying deathstar_ms-65741.output to deathstar_ms-65741.output
tar: removing leading '/' from member names
Debug: Checking Namespace=default, Pod=ms-66473-79c66f8bff-6zwhd for Target File=deathstar_*.output
Namespace: default, Pod: ms-66473-79c66f8bff-6zwhd has the target files.
Copying deathstar_ms-66473.output to deathstar_ms-66473.output
tar: removing leading '/' from member names
Debug: Checking Namespace=default, Pod=ms-69188-65c548d4cb-6blgc for Target File=deathstar_*.output
Namespace: default, Pod: ms-69188-65c548d4cb-6blgc has the target files.
Copying deathstar_ms-69188.output to deathstar_ms-69188.output
tar: removing leading '/' from member names
Debug: Checking Namespace=default, Pod=ms-69614-794bd8475-8xgwv for Target File=deathstar_*.output
Namespace: default, Pod: ms-69614-794bd8475-8xgwv has the target files.
Copying deathstar_ms-69614.output to deathstar_ms-69614.output
tar: removing leading '/' from member names
Debug: Checking Namespace=default, Pod=ms-9081-567985788-rsdjj for Target File=deathstar_*.output
Namespace: default, Pod: ms-9081-567985788-rsdjj has the target files.
Copying deathstar_ms-9081.output to deathstar_ms-9081.output
tar: removing leading '/' from member names
Debug: Checking Namespace=default, Pod=nginx-web-server-56557f7cb7-mggg9 for Target File=deathstar_*.output
Namespace: default, Pod: nginx-web-server-56557f7cb7-mggg9 has the target files.
Copying deathstar_nginx-web-server.output to deathstar_nginx-web-server.output
tar: removing leading '/' from member names
Debug: Checking Namespace=default, Pod=unknown-6ddf9bd4b5-ghmw8 for Target File=deathstar_*.output
Namespace: default, Pod: unknown-6ddf9bd4b5-ghmw8 has the target files.
Copying deathstar_unknown.output to deathstar_unknown.output
tar: removing leading '/' from member names
