Deployments: ms-11070
ms-11285
ms-11512
ms-1278
ms-13873
ms-19953
ms-21883
ms-25124
ms-27421
ms-2827
ms-33719
ms-37691
ms-43309
ms-4354
ms-46825
ms-60236
ms-71771
ms-8052
ms-902
nginx-web-server
deployment "ms-11070" successfully rolled out
deployment "ms-11285" successfully rolled out
deployment "ms-11512" successfully rolled out
deployment "ms-1278" successfully rolled out
deployment "ms-13873" successfully rolled out
deployment "ms-19953" successfully rolled out
deployment "ms-21883" successfully rolled out
deployment "ms-25124" successfully rolled out
deployment "ms-27421" successfully rolled out
deployment "ms-2827" successfully rolled out
deployment "ms-33719" successfully rolled out
deployment "ms-37691" successfully rolled out
deployment "ms-43309" successfully rolled out
deployment "ms-4354" successfully rolled out
deployment "ms-46825" successfully rolled out
deployment "ms-60236" successfully rolled out
deployment "ms-71771" successfully rolled out
deployment "ms-8052" successfully rolled out
deployment "ms-902" successfully rolled out
deployment "nginx-web-server" successfully rolled out
ENTRY_POINT: nginx-web-server
SERVICE_A_URL: 10.109.13.100:50051
Capacity: 10000
Metadata: request-id={{.RequestNumber}}
Metadata: timestamp={{.TimestampUnix}}
Metadata: method=S_102000854
Charon Configurations:
[{INTERCEPT charon} {PRICE_UPDATE_RATE 21064us} {TOKEN_UPDATE_RATE 10149us} {LATENCY_THRESHOLD 9583us} {PRICE_STEP 84} {PRICE_STRATEGY proportional} {LAZY_UPDATE true} {RATE_LIMITING true} {LOAD_SHEDDING true} {CHARON_TRACK_PRICE false} {BREAKWATER_SLO 12500us} {BREAKWATER_A 0.001} {BREAKWATER_B 0.02} {BREAKWATER_CLIENT_EXPIRATION 10ms} {BREAKWATER_INITIAL_CREDIT 400} {BREAKWATER_LOAD_SHEDDING true} {BREAKWATER_RTT 1000us} {BREAKWATERD_SLO 12500us} {BREAKWATERD_A 0.001} {BREAKWATERD_B 0.02} {BREAKWATERD_CLIENT_EXPIRATION 10ms} {BREAKWATERD_INITIAL_CREDIT 400} {BREAKWATERD_LOAD_SHEDDING true} {BREAKWATERD_RTT 1000us} {DAGOR_QUEUING_THRESHOLD 2ms} {DAGOR_ALPHA 0.05} {DAGOR_BETA 0.01} {DAGOR_ADMISSION_LEVEL_UPDATE_INTERVAL 10ms} {DAGOR_UMAX 20}]

Summary:
  Count:	88861
  Total:	14.79 s
  Slowest:	770.74 ms
  Fastest:	38.91 ms
  Average:	83.93 ms
  Requests/sec:	6007.04

Response time histogram:
  38.911  [1]     |
  112.093 [72938] |∎∎∎∎∎∎∎∎∎∎∎∎∎∎∎∎∎∎∎∎∎∎∎∎∎∎∎∎∎∎∎∎∎∎∎∎∎∎∎∎
  185.275 [6249]  |∎∎∎
  258.458 [1856]  |∎
  331.640 [1960]  |∎
  404.823 [1234]  |∎
  478.005 [207]   |
  551.188 [2]     |
  624.370 [0]     |
  697.553 [0]     |
  770.735 [6]     |

Latency distribution:
  10 % in 41.82 ms 
  25 % in 56.57 ms 
  50 % in 72.54 ms 
  75 % in 91.19 ms 
  90 % in 129.04 ms 
  95 % in 227.16 ms 
  99 % in 359.22 ms 

Status code distribution:
  [ResourceExhausted]   4225 responses    
  [Canceled]            183 responses     
  [OK]                  84453 responses   

Error distribution:
  [230]    rpc error: code = ResourceExhausted desc = S_102000854 req dropped by ms-25124. Try again later.           
  [3149]   rpc error: code = ResourceExhausted desc = S_102000854 req dropped by nginx-web-server. Try again later.   
  [625]    rpc error: code = ResourceExhausted desc = S_102000854 req dropped by ms-13873. Try again later.           
  [219]    rpc error: code = ResourceExhausted desc = S_102000854 req dropped by ms-60236. Try again later.           
  [2]      rpc error: code = ResourceExhausted desc = S_102000854 req dropped by ms-71771. Try again later.           
  [183]    rpc error: code = Canceled desc = grpc: the client connection is closing                                   

Debug: Checking Namespace=default, Pod=ms-11070-7868c54f44-gbgcs for Target File=deathstar_*.output
Namespace: default, Pod: ms-11070-7868c54f44-gbgcs has the target files.
Copying deathstar_ms-11070.output to deathstar_ms-11070.output
tar: removing leading '/' from member names
Debug: Checking Namespace=default, Pod=ms-11285-67d597dc77-7vkqt for Target File=deathstar_*.output
Namespace: default, Pod: ms-11285-67d597dc77-7vkqt has the target files.
Copying deathstar_ms-11285.output to deathstar_ms-11285.output
tar: removing leading '/' from member names
Debug: Checking Namespace=default, Pod=ms-11512-75f8ddc45b-mph6q for Target File=deathstar_*.output
Namespace: default, Pod: ms-11512-75f8ddc45b-mph6q has the target files.
Copying deathstar_ms-11512.output to deathstar_ms-11512.output
tar: removing leading '/' from member names
Debug: Checking Namespace=default, Pod=ms-1278-85766ff6b8-7482p for Target File=deathstar_*.output
Namespace: default, Pod: ms-1278-85766ff6b8-7482p has the target files.
Copying deathstar_ms-1278.output to deathstar_ms-1278.output
tar: removing leading '/' from member names
Debug: Checking Namespace=default, Pod=ms-13873-85d7bb7b97-l9lfm for Target File=deathstar_*.output
Namespace: default, Pod: ms-13873-85d7bb7b97-l9lfm has the target files.
Copying deathstar_ms-13873.output to deathstar_ms-13873.output
tar: removing leading '/' from member names
Debug: Checking Namespace=default, Pod=ms-19953-68cc8998c5-lzdf4 for Target File=deathstar_*.output
Namespace: default, Pod: ms-19953-68cc8998c5-lzdf4 has the target files.
Copying deathstar_ms-19953.output to deathstar_ms-19953.output
tar: removing leading '/' from member names
Debug: Checking Namespace=default, Pod=ms-21883-f6c88c6d4-5x6hh for Target File=deathstar_*.output
Namespace: default, Pod: ms-21883-f6c88c6d4-5x6hh has the target files.
Copying deathstar_ms-21883.output to deathstar_ms-21883.output
tar: removing leading '/' from member names
Debug: Checking Namespace=default, Pod=ms-25124-77bd4446f5-xhqsc for Target File=deathstar_*.output
Namespace: default, Pod: ms-25124-77bd4446f5-xhqsc has the target files.
Copying deathstar_ms-25124.output to deathstar_ms-25124.output
tar: removing leading '/' from member names
Debug: Checking Namespace=default, Pod=ms-27421-8565974486-dpkks for Target File=deathstar_*.output
Namespace: default, Pod: ms-27421-8565974486-dpkks has the target files.
Copying deathstar_ms-27421.output to deathstar_ms-27421.output
tar: removing leading '/' from member names
Debug: Checking Namespace=default, Pod=ms-2827-5dcc6df4f4-r9nz8 for Target File=deathstar_*.output
Namespace: default, Pod: ms-2827-5dcc6df4f4-r9nz8 has the target files.
Copying deathstar_ms-2827.output to deathstar_ms-2827.output
tar: removing leading '/' from member names
Debug: Checking Namespace=default, Pod=ms-33719-6c455cf54c-8dr5t for Target File=deathstar_*.output
Namespace: default, Pod: ms-33719-6c455cf54c-8dr5t has the target files.
Copying deathstar_ms-33719.output to deathstar_ms-33719.output
tar: removing leading '/' from member names
Debug: Checking Namespace=default, Pod=ms-37691-b9bc44798-k94zd for Target File=deathstar_*.output
Namespace: default, Pod: ms-37691-b9bc44798-k94zd has the target files.
Copying deathstar_ms-37691.output to deathstar_ms-37691.output
tar: removing leading '/' from member names
Debug: Checking Namespace=default, Pod=ms-43309-54f758d465-nz5h4 for Target File=deathstar_*.output
Namespace: default, Pod: ms-43309-54f758d465-nz5h4 has the target files.
Copying deathstar_ms-43309.output to deathstar_ms-43309.output
tar: removing leading '/' from member names
Debug: Checking Namespace=default, Pod=ms-4354-669cfcbdf6-lj46q for Target File=deathstar_*.output
Namespace: default, Pod: ms-4354-669cfcbdf6-lj46q has the target files.
Copying deathstar_ms-4354.output to deathstar_ms-4354.output
tar: removing leading '/' from member names
Debug: Checking Namespace=default, Pod=ms-46825-58c684559d-fp2x5 for Target File=deathstar_*.output
Namespace: default, Pod: ms-46825-58c684559d-fp2x5 has the target files.
Copying deathstar_ms-46825.output to deathstar_ms-46825.output
tar: removing leading '/' from member names
Debug: Checking Namespace=default, Pod=ms-60236-64866cf49-8zqxm for Target File=deathstar_*.output
Namespace: default, Pod: ms-60236-64866cf49-8zqxm has the target files.
Copying deathstar_ms-60236.output to deathstar_ms-60236.output
tar: removing leading '/' from member names
Debug: Checking Namespace=default, Pod=ms-71771-567ddbdd95-76zcb for Target File=deathstar_*.output
Namespace: default, Pod: ms-71771-567ddbdd95-76zcb has the target files.
Copying deathstar_ms-71771.output to deathstar_ms-71771.output
tar: removing leading '/' from member names
Debug: Checking Namespace=default, Pod=ms-8052-b995968dc-9skj2 for Target File=deathstar_*.output
Namespace: default, Pod: ms-8052-b995968dc-9skj2 has the target files.
Copying deathstar_ms-8052.output to deathstar_ms-8052.output
tar: removing leading '/' from member names
Debug: Checking Namespace=default, Pod=ms-902-5744544f85-c5p6g for Target File=deathstar_*.output
Namespace: default, Pod: ms-902-5744544f85-c5p6g has the target files.
Copying deathstar_ms-902.output to deathstar_ms-902.output
tar: removing leading '/' from member names
Debug: Checking Namespace=default, Pod=nginx-web-server-56557f7cb7-9ldc4 for Target File=deathstar_*.output
Namespace: default, Pod: nginx-web-server-56557f7cb7-9ldc4 has the target files.
Copying deathstar_nginx-web-server.output to deathstar_nginx-web-server.output
tar: removing leading '/' from member names
