Deployments: ms-10090
ms-13558
ms-18330
ms-19585
ms-20172
ms-22893
ms-24009
ms-24959
ms-26622
ms-27421
ms-29373
ms-32301
ms-3289
ms-37691
ms-38964
ms-40147
ms-48118
ms-4829
ms-51685
ms-52379
ms-55394
ms-58436
ms-58772
ms-59962
ms-60061
ms-6323
ms-65741
ms-66473
ms-69188
ms-69614
ms-9081
nginx-web-server
unknown
deployment "ms-10090" successfully rolled out
deployment "ms-13558" successfully rolled out
deployment "ms-18330" successfully rolled out
deployment "ms-19585" successfully rolled out
deployment "ms-20172" successfully rolled out
deployment "ms-22893" successfully rolled out
deployment "ms-24009" successfully rolled out
deployment "ms-24959" successfully rolled out
deployment "ms-26622" successfully rolled out
deployment "ms-27421" successfully rolled out
deployment "ms-29373" successfully rolled out
deployment "ms-32301" successfully rolled out
deployment "ms-3289" successfully rolled out
deployment "ms-37691" successfully rolled out
deployment "ms-38964" successfully rolled out
deployment "ms-40147" successfully rolled out
deployment "ms-48118" successfully rolled out
deployment "ms-4829" successfully rolled out
deployment "ms-51685" successfully rolled out
deployment "ms-52379" successfully rolled out
deployment "ms-55394" successfully rolled out
deployment "ms-58436" successfully rolled out
deployment "ms-58772" successfully rolled out
deployment "ms-59962" successfully rolled out
deployment "ms-60061" successfully rolled out
deployment "ms-6323" successfully rolled out
deployment "ms-65741" successfully rolled out
deployment "ms-66473" successfully rolled out
deployment "ms-69188" successfully rolled out
deployment "ms-69614" successfully rolled out
deployment "ms-9081" successfully rolled out
deployment "nginx-web-server" successfully rolled out
deployment "unknown" successfully rolled out
ENTRY_POINT: nginx-web-server
SERVICE_A_URL: 10.96.247.98:50051
Capacity: 9000
Metadata: request-id={{.RequestNumber}}
Metadata: timestamp={{.TimestampUnix}}
Metadata: method=S_149998854
Charon Configurations:
[{INTERCEPT charon} {PRICE_UPDATE_RATE 25443us} {TOKEN_UPDATE_RATE 13691us} {LATENCY_THRESHOLD 9014us} {PRICE_STEP 150} {PRICE_STRATEGY proportional} {LAZY_UPDATE true} {RATE_LIMITING true} {LOAD_SHEDDING true} {CHARON_TRACK_PRICE false} {BREAKWATER_SLO 12500us} {BREAKWATER_A 0.001} {BREAKWATER_B 0.02} {BREAKWATER_CLIENT_EXPIRATION 10ms} {BREAKWATER_INITIAL_CREDIT 400} {BREAKWATER_LOAD_SHEDDING true} {BREAKWATER_RTT 1000us} {BREAKWATERD_SLO 12500us} {BREAKWATERD_A 0.001} {BREAKWATERD_B 0.02} {BREAKWATERD_CLIENT_EXPIRATION 10ms} {BREAKWATERD_INITIAL_CREDIT 400} {BREAKWATERD_LOAD_SHEDDING true} {BREAKWATERD_RTT 1000us} {DAGOR_QUEUING_THRESHOLD 2ms} {DAGOR_ALPHA 0.05} {DAGOR_BETA 0.01} {DAGOR_ADMISSION_LEVEL_UPDATE_INTERVAL 10ms} {DAGOR_UMAX 20}]

Summary:
  Count:	59186
  Total:	14.83 s
  Slowest:	881.35 ms
  Fastest:	110.99 ms
  Average:	137.85 ms
  Requests/sec:	3990.76

Response time histogram:
  110.989 [1]     |
  188.024 [49837] |∎∎∎∎∎∎∎∎∎∎∎∎∎∎∎∎∎∎∎∎∎∎∎∎∎∎∎∎∎∎∎∎∎∎∎∎∎∎∎∎
  265.060 [1652]  |∎
  342.096 [317]   |
  419.132 [1273]  |∎
  496.167 [249]   |
  573.203 [5]     |
  650.239 [0]     |
  727.275 [0]     |
  804.310 [39]    |
  881.346 [103]   |

Latency distribution:
  10 % in 113.69 ms 
  25 % in 119.39 ms 
  50 % in 135.84 ms 
  75 % in 152.58 ms 
  90 % in 174.94 ms 
  95 % in 208.60 ms 
  99 % in 406.23 ms 

Status code distribution:
  [OK]                  53476 responses   
  [ResourceExhausted]   5377 responses    
  [Canceled]            333 responses     

Error distribution:
  [916]    rpc error: code = ResourceExhausted desc = S_149998854 req dropped by ms-55394. Try again later.           
  [593]    rpc error: code = ResourceExhausted desc = S_149998854 req dropped by ms-18330. Try again later.           
  [336]    rpc error: code = ResourceExhausted desc = S_149998854 req dropped by ms-66473. Try again later.           
  [3532]   rpc error: code = ResourceExhausted desc = S_149998854 req dropped by nginx-web-server. Try again later.   
  [333]    rpc error: code = Canceled desc = grpc: the client connection is closing                                   

Debug: Checking Namespace=default, Pod=ms-10090-6454f977fd-ghc74 for Target File=deathstar_*.output
Namespace: default, Pod: ms-10090-6454f977fd-ghc74 has the target files.
Copying deathstar_ms-10090.output to deathstar_ms-10090.output
tar: removing leading '/' from member names
Debug: Checking Namespace=default, Pod=ms-13558-b48bb5d9d-vxxlr for Target File=deathstar_*.output
Namespace: default, Pod: ms-13558-b48bb5d9d-vxxlr has the target files.
Copying deathstar_ms-13558.output to deathstar_ms-13558.output
tar: removing leading '/' from member names
Debug: Checking Namespace=default, Pod=ms-18330-759d9cf49c-78s8h for Target File=deathstar_*.output
Namespace: default, Pod: ms-18330-759d9cf49c-78s8h has the target files.
Copying deathstar_ms-18330.output to deathstar_ms-18330.output
tar: removing leading '/' from member names
Debug: Checking Namespace=default, Pod=ms-19585-6f995cfcbf-l7nl9 for Target File=deathstar_*.output
Namespace: default, Pod: ms-19585-6f995cfcbf-l7nl9 has the target files.
Copying deathstar_ms-19585.output to deathstar_ms-19585.output
tar: removing leading '/' from member names
Debug: Checking Namespace=default, Pod=ms-20172-59d5485464-z5lnn for Target File=deathstar_*.output
Namespace: default, Pod: ms-20172-59d5485464-z5lnn has the target files.
Copying deathstar_ms-20172.output to deathstar_ms-20172.output
tar: removing leading '/' from member names
Debug: Checking Namespace=default, Pod=ms-22893-576fd5f9f6-g7q6k for Target File=deathstar_*.output
Namespace: default, Pod: ms-22893-576fd5f9f6-g7q6k has the target files.
Copying deathstar_ms-22893.output to deathstar_ms-22893.output
tar: removing leading '/' from member names
Debug: Checking Namespace=default, Pod=ms-24009-67dbf5b976-pljxl for Target File=deathstar_*.output
Namespace: default, Pod: ms-24009-67dbf5b976-pljxl has the target files.
Copying deathstar_ms-24009.output to deathstar_ms-24009.output
tar: removing leading '/' from member names
Debug: Checking Namespace=default, Pod=ms-24959-99f8bbf9-8v46x for Target File=deathstar_*.output
Namespace: default, Pod: ms-24959-99f8bbf9-8v46x has the target files.
Copying deathstar_ms-24959.output to deathstar_ms-24959.output
tar: removing leading '/' from member names
Debug: Checking Namespace=default, Pod=ms-26622-66fdf7d64f-xnqgl for Target File=deathstar_*.output
Namespace: default, Pod: ms-26622-66fdf7d64f-xnqgl has the target files.
Copying deathstar_ms-26622.output to deathstar_ms-26622.output
tar: removing leading '/' from member names
Debug: Checking Namespace=default, Pod=ms-27421-64f549855c-c7r9l for Target File=deathstar_*.output
Namespace: default, Pod: ms-27421-64f549855c-c7r9l has the target files.
Copying deathstar_ms-27421.output to deathstar_ms-27421.output
tar: removing leading '/' from member names
Debug: Checking Namespace=default, Pod=ms-29373-8467f7db44-vq67w for Target File=deathstar_*.output
Namespace: default, Pod: ms-29373-8467f7db44-vq67w has the target files.
Copying deathstar_ms-29373.output to deathstar_ms-29373.output
tar: removing leading '/' from member names
Debug: Checking Namespace=default, Pod=ms-32301-c5654bbc5-6bvqv for Target File=deathstar_*.output
Namespace: default, Pod: ms-32301-c5654bbc5-6bvqv has the target files.
Copying deathstar_ms-32301.output to deathstar_ms-32301.output
tar: removing leading '/' from member names
Debug: Checking Namespace=default, Pod=ms-3289-587dbd96bf-mjh6v for Target File=deathstar_*.output
Namespace: default, Pod: ms-3289-587dbd96bf-mjh6v has the target files.
Copying deathstar_ms-3289.output to deathstar_ms-3289.output
tar: removing leading '/' from member names
Debug: Checking Namespace=default, Pod=ms-37691-6dc6cd6744-77xrc for Target File=deathstar_*.output
Namespace: default, Pod: ms-37691-6dc6cd6744-77xrc has the target files.
Copying deathstar_ms-37691.output to deathstar_ms-37691.output
tar: removing leading '/' from member names
Debug: Checking Namespace=default, Pod=ms-38964-5b647cdbd-vgcz5 for Target File=deathstar_*.output
Namespace: default, Pod: ms-38964-5b647cdbd-vgcz5 has the target files.
Copying deathstar_ms-38964.output to deathstar_ms-38964.output
tar: removing leading '/' from member names
Debug: Checking Namespace=default, Pod=ms-40147-cd867585-6f97v for Target File=deathstar_*.output
Namespace: default, Pod: ms-40147-cd867585-6f97v has the target files.
Copying deathstar_ms-40147.output to deathstar_ms-40147.output
tar: removing leading '/' from member names
Debug: Checking Namespace=default, Pod=ms-48118-ff7b99cc9-c8s7j for Target File=deathstar_*.output
Namespace: default, Pod: ms-48118-ff7b99cc9-c8s7j has the target files.
Copying deathstar_ms-48118.output to deathstar_ms-48118.output
tar: removing leading '/' from member names
Debug: Checking Namespace=default, Pod=ms-4829-669557b66c-vrlfh for Target File=deathstar_*.output
Namespace: default, Pod: ms-4829-669557b66c-vrlfh has the target files.
Copying deathstar_ms-4829.output to deathstar_ms-4829.output
tar: removing leading '/' from member names
Debug: Checking Namespace=default, Pod=ms-51685-79858c784f-w2v67 for Target File=deathstar_*.output
Namespace: default, Pod: ms-51685-79858c784f-w2v67 has the target files.
Copying deathstar_ms-51685.output to deathstar_ms-51685.output
tar: removing leading '/' from member names
Debug: Checking Namespace=default, Pod=ms-52379-57c6cdd54b-744sw for Target File=deathstar_*.output
Namespace: default, Pod: ms-52379-57c6cdd54b-744sw has the target files.
Copying deathstar_ms-52379.output to deathstar_ms-52379.output
tar: removing leading '/' from member names
Debug: Checking Namespace=default, Pod=ms-55394-6f999f5df9-n4gtc for Target File=deathstar_*.output
Namespace: default, Pod: ms-55394-6f999f5df9-n4gtc has the target files.
Copying deathstar_ms-55394.output to deathstar_ms-55394.output
tar: removing leading '/' from member names
Debug: Checking Namespace=default, Pod=ms-58436-59dd96f659-8hxq8 for Target File=deathstar_*.output
Namespace: default, Pod: ms-58436-59dd96f659-8hxq8 has the target files.
Copying deathstar_ms-58436.output to deathstar_ms-58436.output
tar: removing leading '/' from member names
Debug: Checking Namespace=default, Pod=ms-58772-68ff78c966-fstg9 for Target File=deathstar_*.output
Namespace: default, Pod: ms-58772-68ff78c966-fstg9 has the target files.
Copying deathstar_ms-58772.output to deathstar_ms-58772.output
tar: removing leading '/' from member names
Debug: Checking Namespace=default, Pod=ms-59962-756b895b58-gq5j4 for Target File=deathstar_*.output
Namespace: default, Pod: ms-59962-756b895b58-gq5j4 has the target files.
Copying deathstar_ms-59962.output to deathstar_ms-59962.output
tar: removing leading '/' from member names
Debug: Checking Namespace=default, Pod=ms-60061-68bd84bdcd-xlnw2 for Target File=deathstar_*.output
Namespace: default, Pod: ms-60061-68bd84bdcd-xlnw2 has the target files.
Copying deathstar_ms-60061.output to deathstar_ms-60061.output
tar: removing leading '/' from member names
Debug: Checking Namespace=default, Pod=ms-6323-974659fcd-wm9t6 for Target File=deathstar_*.output
Namespace: default, Pod: ms-6323-974659fcd-wm9t6 has the target files.
Copying deathstar_ms-6323.output to deathstar_ms-6323.output
tar: removing leading '/' from member names
Debug: Checking Namespace=default, Pod=ms-65741-65f588bcdf-nl6pc for Target File=deathstar_*.output
Namespace: default, Pod: ms-65741-65f588bcdf-nl6pc has the target files.
Copying deathstar_ms-65741.output to deathstar_ms-65741.output
tar: removing leading '/' from member names
Debug: Checking Namespace=default, Pod=ms-66473-79c66f8bff-79hmc for Target File=deathstar_*.output
Namespace: default, Pod: ms-66473-79c66f8bff-79hmc has the target files.
Copying deathstar_ms-66473.output to deathstar_ms-66473.output
tar: removing leading '/' from member names
Debug: Checking Namespace=default, Pod=ms-69188-65c548d4cb-25hkq for Target File=deathstar_*.output
Namespace: default, Pod: ms-69188-65c548d4cb-25hkq has the target files.
Copying deathstar_ms-69188.output to deathstar_ms-69188.output
tar: removing leading '/' from member names
Debug: Checking Namespace=default, Pod=ms-69614-794bd8475-lnvgk for Target File=deathstar_*.output
Namespace: default, Pod: ms-69614-794bd8475-lnvgk has the target files.
Copying deathstar_ms-69614.output to deathstar_ms-69614.output
tar: removing leading '/' from member names
Debug: Checking Namespace=default, Pod=ms-9081-567985788-bkjgx for Target File=deathstar_*.output
Namespace: default, Pod: ms-9081-567985788-bkjgx has the target files.
Copying deathstar_ms-9081.output to deathstar_ms-9081.output
tar: removing leading '/' from member names
Debug: Checking Namespace=default, Pod=nginx-web-server-56557f7cb7-jlblh for Target File=deathstar_*.output
Namespace: default, Pod: nginx-web-server-56557f7cb7-jlblh has the target files.
Copying deathstar_nginx-web-server.output to deathstar_nginx-web-server.output
tar: removing leading '/' from member names
Debug: Checking Namespace=default, Pod=unknown-6ddf9bd4b5-66rk6 for Target File=deathstar_*.output
Namespace: default, Pod: unknown-6ddf9bd4b5-66rk6 has the target files.
Copying deathstar_unknown.output to deathstar_unknown.output
tar: removing leading '/' from member names
