Deployments: ms-10090
ms-13558
ms-18330
ms-19585
ms-20172
ms-22893
ms-24009
ms-24959
ms-26622
ms-27421
ms-29373
ms-32301
ms-3289
ms-37691
ms-38964
ms-40147
ms-48118
ms-4829
ms-51685
ms-52379
ms-55394
ms-58436
ms-58772
ms-59962
ms-60061
ms-6323
ms-65741
ms-66473
ms-69188
ms-69614
ms-9081
nginx-web-server
unknown
deployment "ms-10090" successfully rolled out
deployment "ms-13558" successfully rolled out
deployment "ms-18330" successfully rolled out
deployment "ms-19585" successfully rolled out
deployment "ms-20172" successfully rolled out
deployment "ms-22893" successfully rolled out
deployment "ms-24009" successfully rolled out
deployment "ms-24959" successfully rolled out
deployment "ms-26622" successfully rolled out
deployment "ms-27421" successfully rolled out
deployment "ms-29373" successfully rolled out
deployment "ms-32301" successfully rolled out
deployment "ms-3289" successfully rolled out
deployment "ms-37691" successfully rolled out
deployment "ms-38964" successfully rolled out
deployment "ms-40147" successfully rolled out
deployment "ms-48118" successfully rolled out
deployment "ms-4829" successfully rolled out
deployment "ms-51685" successfully rolled out
deployment "ms-52379" successfully rolled out
deployment "ms-55394" successfully rolled out
deployment "ms-58436" successfully rolled out
deployment "ms-58772" successfully rolled out
deployment "ms-59962" successfully rolled out
deployment "ms-60061" successfully rolled out
deployment "ms-6323" successfully rolled out
deployment "ms-65741" successfully rolled out
deployment "ms-66473" successfully rolled out
deployment "ms-69188" successfully rolled out
deployment "ms-69614" successfully rolled out
deployment "ms-9081" successfully rolled out
deployment "nginx-web-server" successfully rolled out
deployment "unknown" successfully rolled out
ENTRY_POINT: nginx-web-server
SERVICE_A_URL: 10.110.18.244:50051
Capacity: 10000
Metadata: request-id={{.RequestNumber}}
Metadata: timestamp={{.TimestampUnix}}
Metadata: method=S_149998854
Charon Configurations:
[{INTERCEPT breakwater} {PRICE_UPDATE_RATE 10ms} {TOKEN_UPDATE_RATE 10ms} {LATENCY_THRESHOLD 100us} {PRICE_STEP 0} {PRICE_STRATEGY step} {LAZY_UPDATE false} {RATE_LIMITING true} {LOAD_SHEDDING true} {CHARON_TRACK_PRICE false} {BREAKWATER_SLO 9135us} {BREAKWATER_A 18.33596528664383} {BREAKWATER_B 0.18922395202142317} {BREAKWATER_CLIENT_EXPIRATION 4933us} {BREAKWATER_INITIAL_CREDIT 1894} {BREAKWATER_LOAD_SHEDDING true} {BREAKWATER_RTT 266us} {BREAKWATERD_SLO 12500us} {BREAKWATERD_A 0.001} {BREAKWATERD_B 0.02} {BREAKWATERD_CLIENT_EXPIRATION 10ms} {BREAKWATERD_INITIAL_CREDIT 400} {BREAKWATERD_LOAD_SHEDDING true} {BREAKWATERD_RTT 1000us} {DAGOR_QUEUING_THRESHOLD 2ms} {DAGOR_ALPHA 0.05} {DAGOR_BETA 0.01} {DAGOR_ADMISSION_LEVEL_UPDATE_INTERVAL 10ms} {DAGOR_UMAX 20}]

Summary:
  Count:	105366
  Total:	24.99 s
  Slowest:	998.86 ms
  Fastest:	111.01 ms
  Average:	710.54 ms
  Requests/sec:	4215.74

Response time histogram:
  111.009 [1]     |
  199.795 [11826] |∎∎∎∎∎∎∎∎∎∎∎∎∎∎∎∎∎∎∎∎∎∎∎∎∎∎∎∎∎∎∎∎∎∎∎∎∎∎∎∎
  288.580 [321]   |∎
  377.366 [137]   |
  466.151 [709]   |∎∎
  554.937 [274]   |∎
  643.722 [1193]  |∎∎∎∎
  732.508 [840]   |∎∎∎
  821.293 [1934]  |∎∎∎∎∎∎∎
  910.079 [1501]  |∎∎∎∎∎
  998.864 [255]   |∎

Latency distribution:
  10 % in 112.62 ms 
  25 % in 113.81 ms 
  50 % in 117.67 ms 
  75 % in 613.36 ms 
  90 % in 815.41 ms 
  95 % in 852.37 ms 
  99 % in 919.18 ms 

Status code distribution:
  [OK]                  18991 responses   
  [ResourceExhausted]   14608 responses   
  [DeadlineExceeded]    63724 responses   
  [Canceled]            8043 responses    

Error distribution:
  [14608]   rpc error: code = ResourceExhausted desc = Server-side queuing delay is beyond AQM threshold   
  [63724]   rpc error: code = DeadlineExceeded desc = context deadline exceeded                            
  [8043]    rpc error: code = Canceled desc = grpc: the client connection is closing                       

Debug: Checking Namespace=default, Pod=ms-10090-6454f977fd-w6ccx for Target File=deathstar_*.output
Namespace: default, Pod: ms-10090-6454f977fd-w6ccx has the target files.
Copying deathstar_ms-10090.output to deathstar_ms-10090.output
tar: removing leading '/' from member names
Debug: Checking Namespace=default, Pod=ms-13558-b48bb5d9d-t4xpm for Target File=deathstar_*.output
Namespace: default, Pod: ms-13558-b48bb5d9d-t4xpm has the target files.
Copying deathstar_ms-13558.output to deathstar_ms-13558.output
tar: removing leading '/' from member names
Debug: Checking Namespace=default, Pod=ms-18330-759d9cf49c-7mtp5 for Target File=deathstar_*.output
Namespace: default, Pod: ms-18330-759d9cf49c-7mtp5 has the target files.
Copying deathstar_ms-18330.output to deathstar_ms-18330.output
tar: removing leading '/' from member names
Debug: Checking Namespace=default, Pod=ms-19585-6f995cfcbf-r8xwh for Target File=deathstar_*.output
Namespace: default, Pod: ms-19585-6f995cfcbf-r8xwh has the target files.
Copying deathstar_ms-19585.output to deathstar_ms-19585.output
tar: removing leading '/' from member names
Debug: Checking Namespace=default, Pod=ms-20172-59d5485464-5hvgw for Target File=deathstar_*.output
Namespace: default, Pod: ms-20172-59d5485464-5hvgw has the target files.
Copying deathstar_ms-20172.output to deathstar_ms-20172.output
tar: removing leading '/' from member names
Debug: Checking Namespace=default, Pod=ms-22893-576fd5f9f6-hrm8s for Target File=deathstar_*.output
Namespace: default, Pod: ms-22893-576fd5f9f6-hrm8s has the target files.
Copying deathstar_ms-22893.output to deathstar_ms-22893.output
tar: removing leading '/' from member names
Debug: Checking Namespace=default, Pod=ms-24009-67dbf5b976-tkgnz for Target File=deathstar_*.output
Namespace: default, Pod: ms-24009-67dbf5b976-tkgnz has the target files.
Copying deathstar_ms-24009.output to deathstar_ms-24009.output
tar: removing leading '/' from member names
Debug: Checking Namespace=default, Pod=ms-24959-99f8bbf9-48l5x for Target File=deathstar_*.output
Namespace: default, Pod: ms-24959-99f8bbf9-48l5x has the target files.
Copying deathstar_ms-24959.output to deathstar_ms-24959.output
tar: removing leading '/' from member names
Debug: Checking Namespace=default, Pod=ms-26622-66fdf7d64f-dpmj9 for Target File=deathstar_*.output
Namespace: default, Pod: ms-26622-66fdf7d64f-dpmj9 has the target files.
Copying deathstar_ms-26622.output to deathstar_ms-26622.output
tar: removing leading '/' from member names
Debug: Checking Namespace=default, Pod=ms-27421-64f549855c-g42sj for Target File=deathstar_*.output
Namespace: default, Pod: ms-27421-64f549855c-g42sj has the target files.
Copying deathstar_ms-27421.output to deathstar_ms-27421.output
tar: removing leading '/' from member names
Debug: Checking Namespace=default, Pod=ms-29373-8467f7db44-rwv27 for Target File=deathstar_*.output
Namespace: default, Pod: ms-29373-8467f7db44-rwv27 has the target files.
Copying deathstar_ms-29373.output to deathstar_ms-29373.output
tar: removing leading '/' from member names
Debug: Checking Namespace=default, Pod=ms-32301-c5654bbc5-dvcds for Target File=deathstar_*.output
Namespace: default, Pod: ms-32301-c5654bbc5-dvcds has the target files.
Copying deathstar_ms-32301.output to deathstar_ms-32301.output
tar: removing leading '/' from member names
Debug: Checking Namespace=default, Pod=ms-3289-587dbd96bf-lzrl6 for Target File=deathstar_*.output
Namespace: default, Pod: ms-3289-587dbd96bf-lzrl6 has the target files.
Copying deathstar_ms-3289.output to deathstar_ms-3289.output
tar: removing leading '/' from member names
Debug: Checking Namespace=default, Pod=ms-37691-6dc6cd6744-58w6j for Target File=deathstar_*.output
Namespace: default, Pod: ms-37691-6dc6cd6744-58w6j has the target files.
Copying deathstar_ms-37691.output to deathstar_ms-37691.output
tar: removing leading '/' from member names
Debug: Checking Namespace=default, Pod=ms-38964-5b647cdbd-4cb8t for Target File=deathstar_*.output
Namespace: default, Pod: ms-38964-5b647cdbd-4cb8t has the target files.
Copying deathstar_ms-38964.output to deathstar_ms-38964.output
tar: removing leading '/' from member names
Debug: Checking Namespace=default, Pod=ms-40147-cd867585-ptj25 for Target File=deathstar_*.output
Namespace: default, Pod: ms-40147-cd867585-ptj25 has the target files.
Copying deathstar_ms-40147.output to deathstar_ms-40147.output
tar: removing leading '/' from member names
Debug: Checking Namespace=default, Pod=ms-48118-ff7b99cc9-gk79m for Target File=deathstar_*.output
Namespace: default, Pod: ms-48118-ff7b99cc9-gk79m has the target files.
Copying deathstar_ms-48118.output to deathstar_ms-48118.output
tar: removing leading '/' from member names
Debug: Checking Namespace=default, Pod=ms-4829-669557b66c-8bn2k for Target File=deathstar_*.output
Namespace: default, Pod: ms-4829-669557b66c-8bn2k has the target files.
Copying deathstar_ms-4829.output to deathstar_ms-4829.output
tar: removing leading '/' from member names
Debug: Checking Namespace=default, Pod=ms-51685-79858c784f-mc7f9 for Target File=deathstar_*.output
Namespace: default, Pod: ms-51685-79858c784f-mc7f9 has the target files.
Copying deathstar_ms-51685.output to deathstar_ms-51685.output
tar: removing leading '/' from member names
Debug: Checking Namespace=default, Pod=ms-52379-57c6cdd54b-rtmkx for Target File=deathstar_*.output
Namespace: default, Pod: ms-52379-57c6cdd54b-rtmkx has the target files.
Copying deathstar_ms-52379.output to deathstar_ms-52379.output
tar: removing leading '/' from member names
Debug: Checking Namespace=default, Pod=ms-55394-6f999f5df9-7swsf for Target File=deathstar_*.output
Namespace: default, Pod: ms-55394-6f999f5df9-7swsf has the target files.
Copying deathstar_ms-55394.output to deathstar_ms-55394.output
tar: removing leading '/' from member names
Debug: Checking Namespace=default, Pod=ms-58436-59dd96f659-ps662 for Target File=deathstar_*.output
Namespace: default, Pod: ms-58436-59dd96f659-ps662 has the target files.
Copying deathstar_ms-58436.output to deathstar_ms-58436.output
tar: removing leading '/' from member names
Debug: Checking Namespace=default, Pod=ms-58772-68ff78c966-5qqjw for Target File=deathstar_*.output
Namespace: default, Pod: ms-58772-68ff78c966-5qqjw has the target files.
Copying deathstar_ms-58772.output to deathstar_ms-58772.output
tar: removing leading '/' from member names
Debug: Checking Namespace=default, Pod=ms-59962-756b895b58-bsnt4 for Target File=deathstar_*.output
Namespace: default, Pod: ms-59962-756b895b58-bsnt4 has the target files.
Copying deathstar_ms-59962.output to deathstar_ms-59962.output
tar: removing leading '/' from member names
Debug: Checking Namespace=default, Pod=ms-60061-68bd84bdcd-7xc8m for Target File=deathstar_*.output
Namespace: default, Pod: ms-60061-68bd84bdcd-7xc8m has the target files.
Copying deathstar_ms-60061.output to deathstar_ms-60061.output
tar: removing leading '/' from member names
Debug: Checking Namespace=default, Pod=ms-6323-974659fcd-9hbc2 for Target File=deathstar_*.output
Namespace: default, Pod: ms-6323-974659fcd-9hbc2 has the target files.
Copying deathstar_ms-6323.output to deathstar_ms-6323.output
tar: removing leading '/' from member names
Debug: Checking Namespace=default, Pod=ms-65741-65f588bcdf-4jkbf for Target File=deathstar_*.output
Namespace: default, Pod: ms-65741-65f588bcdf-4jkbf has the target files.
Copying deathstar_ms-65741.output to deathstar_ms-65741.output
tar: removing leading '/' from member names
Debug: Checking Namespace=default, Pod=ms-66473-79c66f8bff-nv8kz for Target File=deathstar_*.output
Namespace: default, Pod: ms-66473-79c66f8bff-nv8kz has the target files.
Copying deathstar_ms-66473.output to deathstar_ms-66473.output
tar: removing leading '/' from member names
Debug: Checking Namespace=default, Pod=ms-69188-65c548d4cb-hr9zh for Target File=deathstar_*.output
Namespace: default, Pod: ms-69188-65c548d4cb-hr9zh has the target files.
Copying deathstar_ms-69188.output to deathstar_ms-69188.output
tar: removing leading '/' from member names
Debug: Checking Namespace=default, Pod=ms-69614-794bd8475-t2wx9 for Target File=deathstar_*.output
Namespace: default, Pod: ms-69614-794bd8475-t2wx9 has the target files.
Copying deathstar_ms-69614.output to deathstar_ms-69614.output
tar: removing leading '/' from member names
Debug: Checking Namespace=default, Pod=ms-9081-567985788-qts5z for Target File=deathstar_*.output
Namespace: default, Pod: ms-9081-567985788-qts5z has the target files.
Copying deathstar_ms-9081.output to deathstar_ms-9081.output
tar: removing leading '/' from member names
Debug: Checking Namespace=default, Pod=nginx-web-server-56557f7cb7-sfp5f for Target File=deathstar_*.output
Namespace: default, Pod: nginx-web-server-56557f7cb7-sfp5f has the target files.
Copying deathstar_nginx-web-server.output to deathstar_nginx-web-server.output
tar: removing leading '/' from member names
Debug: Checking Namespace=default, Pod=unknown-6ddf9bd4b5-wcxl4 for Target File=deathstar_*.output
Namespace: default, Pod: unknown-6ddf9bd4b5-wcxl4 has the target files.
Copying deathstar_unknown.output to deathstar_unknown.output
tar: removing leading '/' from member names
