Deployments: compose-post-service
home-timeline-redis
home-timeline-service
media-service
nginx-web-server
post-storage-mongo
post-storage-service
social-graph-mongo
social-graph-redis
social-graph-service
text-service
unique-id-service
url-shorten-mongo
url-shorten-service
user-mention-memcached
user-mention-mongo
user-mention-service
user-service
user-timeline-mongo
user-timeline-redis
user-timeline-service
deployment "compose-post-service" successfully rolled out
Deployment compose-post-service is ready.
deployment "home-timeline-redis" successfully rolled out
Deployment home-timeline-redis is ready.
deployment "home-timeline-service" successfully rolled out
Deployment home-timeline-service is ready.
deployment "media-service" successfully rolled out
Deployment media-service is ready.
deployment "nginx-web-server" successfully rolled out
Deployment nginx-web-server is ready.
deployment "post-storage-mongo" successfully rolled out
Deployment post-storage-mongo is ready.
deployment "post-storage-service" successfully rolled out
Deployment post-storage-service is ready.
deployment "social-graph-mongo" successfully rolled out
Deployment social-graph-mongo is ready.
deployment "social-graph-redis" successfully rolled out
Deployment social-graph-redis is ready.
deployment "social-graph-service" successfully rolled out
Deployment social-graph-service is ready.
deployment "text-service" successfully rolled out
Deployment text-service is ready.
deployment "unique-id-service" successfully rolled out
Deployment unique-id-service is ready.
deployment "url-shorten-mongo" successfully rolled out
Deployment url-shorten-mongo is ready.
deployment "url-shorten-service" successfully rolled out
Deployment url-shorten-service is ready.
deployment "user-mention-memcached" successfully rolled out
Deployment user-mention-memcached is ready.
deployment "user-mention-mongo" successfully rolled out
Deployment user-mention-mongo is ready.
deployment "user-mention-service" successfully rolled out
Deployment user-mention-service is ready.
deployment "user-service" successfully rolled out
Deployment user-service is ready.
deployment "user-timeline-mongo" successfully rolled out
Deployment user-timeline-mongo is ready.
deployment "user-timeline-redis" successfully rolled out
Deployment user-timeline-redis is ready.
deployment "user-timeline-service" successfully rolled out
Deployment user-timeline-service is ready.
ENTRY_POINT: nginx-web-server
SERVICE_A_URL: 10.106.116.155:50051
Capacity: 4000
Metadata: request-id={{.RequestNumber}}
Metadata: timestamp={{.TimestampUnix}}
Metadata: method=compose
Charon Configurations:
[{PRICE_UPDATE_RATE 354713us} {TOKEN_UPDATE_RATE 382391us} {LATENCY_THRESHOLD 3869us} {PRICE_STEP 81} {PRICE_STRATEGY proportional} {INTERCEPT charon} {LAZY_UPDATE true} {BREAKWATER_SLO 12500us} {BREAKWATER_A 0.001} {BREAKWATER_B 0.02} {BREAKWATER_CLIENT_EXPIRATION 10ms} {BREAKWATER_INITIAL_CREDIT 400} {BREAKWATERD_SLO 12500us} {BREAKWATERD_A 0.001} {BREAKWATERD_B 0.02} {BREAKWATERD_CLIENT_EXPIRATION 10ms} {BREAKWATERD_INITIAL_CREDIT 400} {DAGOR_QUEUING_THRESHOLD 2ms} {DAGOR_ALPHA 0.05} {DAGOR_BETA 0.01} {DAGOR_ADMISSION_LEVEL_UPDATE_INTERVAL 10ms} {DAGOR_UMAX 20}]

Summary:
  Count:	24407
  Total:	8.78 s
  Slowest:	233.45 ms
  Fastest:	19.35 ms
  Average:	23.31 ms
  Requests/sec:	2780.69

Response time histogram:
  19.347  [1]     |
  40.758  [23647] |∎∎∎∎∎∎∎∎∎∎∎∎∎∎∎∎∎∎∎∎∎∎∎∎∎∎∎∎∎∎∎∎∎∎∎∎∎∎∎∎
  62.169  [3]     |
  83.579  [0]     |
  104.990 [0]     |
  126.401 [0]     |
  147.811 [0]     |
  169.222 [0]     |
  190.632 [0]     |
  212.043 [0]     |
  233.454 [16]    |

Latency distribution:
  10 % in 21.15 ms 
  25 % in 22.11 ms 
  50 % in 23.46 ms 
  75 % in 25.13 ms 
  90 % in 27.07 ms 
  95 % in 28.53 ms 
  99 % in 32.32 ms 

Status code distribution:
  [OK]                  23667 responses   
  [ResourceExhausted]   740 responses     

Error distribution:
  [730]   rpc error: code = ResourceExhausted desc = compose req dropped by nginx-web-server. Try again later.       
  [1]     rpc error: code = ResourceExhausted desc = compose req dropped by text-service. Try again later.           
  [1]     rpc error: code = ResourceExhausted desc = compose req dropped by post-storage-mongo. Try again later.     
  [1]     rpc error: code = ResourceExhausted desc = compose req dropped by post-storage-service. Try again later.   
  [7]     rpc error: code = ResourceExhausted desc = compose req dropped by compose-post-service. Try again later.   

Debug: Checking Namespace=default, Pod=compose-post-service-854bd54864-l6lmr for Target File=deathstar_*.output
Namespace: default, Pod: compose-post-service-854bd54864-l6lmr has the target files.
Copying deathstar_compose-post-service.output to deathstar_compose-post-service.output
tar: removing leading '/' from member names
Debug: Checking Namespace=default, Pod=home-timeline-redis-76d55b799-p9vwt for Target File=deathstar_*.output
Namespace: default, Pod: home-timeline-redis-76d55b799-p9vwt has the target files.
Copying deathstar_home-timeline-redis.output to deathstar_home-timeline-redis.output
tar: removing leading '/' from member names
Debug: Checking Namespace=default, Pod=home-timeline-service-77986fbb7f-tgvt6 for Target File=deathstar_*.output
Namespace: default, Pod: home-timeline-service-77986fbb7f-tgvt6 has the target files.
Copying deathstar_home-timeline-service.output to deathstar_home-timeline-service.output
tar: removing leading '/' from member names
Debug: Checking Namespace=default, Pod=media-service-6cc5864bd6-shc2p for Target File=deathstar_*.output
Namespace: default, Pod: media-service-6cc5864bd6-shc2p has the target files.
Copying deathstar_media-service.output to deathstar_media-service.output
tar: removing leading '/' from member names
Debug: Checking Namespace=default, Pod=nginx-web-server-56557f7cb7-66kfm for Target File=deathstar_*.output
Namespace: default, Pod: nginx-web-server-56557f7cb7-66kfm has the target files.
Copying deathstar_nginx-web-server.output to deathstar_nginx-web-server.output
tar: removing leading '/' from member names
Debug: Checking Namespace=default, Pod=post-storage-mongo-d8bbf8c65-rhgqs for Target File=deathstar_*.output
Namespace: default, Pod: post-storage-mongo-d8bbf8c65-rhgqs has the target files.
Copying deathstar_post-storage-mongo.output to deathstar_post-storage-mongo.output
tar: removing leading '/' from member names
Debug: Checking Namespace=default, Pod=post-storage-service-6cd7955cb7-tj6lh for Target File=deathstar_*.output
Namespace: default, Pod: post-storage-service-6cd7955cb7-tj6lh has the target files.
Copying deathstar_post-storage-service.output to deathstar_post-storage-service.output
tar: removing leading '/' from member names
Debug: Checking Namespace=default, Pod=social-graph-mongo-7fb9669465-xk4c5 for Target File=deathstar_*.output
Namespace: default, Pod: social-graph-mongo-7fb9669465-xk4c5 has the target files.
Copying deathstar_social-graph-mongo.output to deathstar_social-graph-mongo.output
tar: removing leading '/' from member names
Debug: Checking Namespace=default, Pod=social-graph-redis-f8c4c788b-hg24t for Target File=deathstar_*.output
Namespace: default, Pod: social-graph-redis-f8c4c788b-hg24t has the target files.
Copying deathstar_social-graph-redis.output to deathstar_social-graph-redis.output
tar: removing leading '/' from member names
Debug: Checking Namespace=default, Pod=social-graph-service-54457c5fc9-dg4m7 for Target File=deathstar_*.output
Namespace: default, Pod: social-graph-service-54457c5fc9-dg4m7 has the target files.
Copying deathstar_social-graph-service.output to deathstar_social-graph-service.output
tar: removing leading '/' from member names
Debug: Checking Namespace=default, Pod=text-service-6468959769-jl2g4 for Target File=deathstar_*.output
Namespace: default, Pod: text-service-6468959769-jl2g4 has the target files.
Copying deathstar_text-service.output to deathstar_text-service.output
Debug: Checking Namespace=default, Pod=unique-id-service-76fc9d467c-wn9jb for Target File=deathstar_*.output
Namespace: default, Pod: unique-id-service-76fc9d467c-wn9jb has the target files.
Copying deathstar_unique-id-service.output to deathstar_unique-id-service.output
tar: removing leading '/' from member names
Debug: Checking Namespace=default, Pod=url-shorten-mongo-859457fd9d-j7n6q for Target File=deathstar_*.output
Namespace: default, Pod: url-shorten-mongo-859457fd9d-j7n6q has the target files.
Copying deathstar_url-shorten-mongo.output to deathstar_url-shorten-mongo.output
tar: removing leading '/' from member names
Debug: Checking Namespace=default, Pod=url-shorten-service-648c99fcf8-q78qh for Target File=deathstar_*.output
Namespace: default, Pod: url-shorten-service-648c99fcf8-q78qh has the target files.
Copying deathstar_url-shorten-service.output to deathstar_url-shorten-service.output
tar: removing leading '/' from member names
Debug: Checking Namespace=default, Pod=user-mention-memcached-6f97488b98-ctrnk for Target File=deathstar_*.output
Namespace: default, Pod: user-mention-memcached-6f97488b98-ctrnk has the target files.
Copying deathstar_user-mention-memcached.output to deathstar_user-mention-memcached.output
tar: removing leading '/' from member names
Debug: Checking Namespace=default, Pod=user-mention-mongo-5674859fcb-7tsg2 for Target File=deathstar_*.output
Namespace: default, Pod: user-mention-mongo-5674859fcb-7tsg2 has the target files.
Copying deathstar_user-mention-mongo.output to deathstar_user-mention-mongo.output
tar: removing leading '/' from member names
Debug: Checking Namespace=default, Pod=user-mention-service-6dbb786df6-m7lt6 for Target File=deathstar_*.output
Namespace: default, Pod: user-mention-service-6dbb786df6-m7lt6 has the target files.
Copying deathstar_user-mention-service.output to deathstar_user-mention-service.output
tar: removing leading '/' from member names
Debug: Checking Namespace=default, Pod=user-service-56dd5f4bbb-hp8vm for Target File=deathstar_*.output
Namespace: default, Pod: user-service-56dd5f4bbb-hp8vm has the target files.
Copying deathstar_user-service.output to deathstar_user-service.output
tar: removing leading '/' from member names
Debug: Checking Namespace=default, Pod=user-timeline-mongo-7b66b98dfc-h72lb for Target File=deathstar_*.output
Namespace: default, Pod: user-timeline-mongo-7b66b98dfc-h72lb has the target files.
Copying deathstar_user-timeline-mongo.output to deathstar_user-timeline-mongo.output
tar: removing leading '/' from member names
Debug: Checking Namespace=default, Pod=user-timeline-redis-7fcf87fb79-xqm9t for Target File=deathstar_*.output
Namespace: default, Pod: user-timeline-redis-7fcf87fb79-xqm9t has the target files.
Copying deathstar_user-timeline-redis.output to deathstar_user-timeline-redis.output
tar: removing leading '/' from member names
Debug: Checking Namespace=default, Pod=user-timeline-service-7db769cd99-tj8qc for Target File=deathstar_*.output
Namespace: default, Pod: user-timeline-service-7db769cd99-tj8qc has the target files.
Copying deathstar_user-timeline-service.output to deathstar_user-timeline-service.output
tar: removing leading '/' from member names
