Deployments: ms-10090
ms-13558
ms-18330
ms-19585
ms-20172
ms-22893
ms-24009
ms-24959
ms-26622
ms-27421
ms-29373
ms-32301
ms-3289
ms-37691
ms-38964
ms-40147
ms-48118
ms-4829
ms-51685
ms-52379
ms-55394
ms-58436
ms-58772
ms-59962
ms-60061
ms-6323
ms-65741
ms-66473
ms-69188
ms-69614
ms-9081
nginx-web-server
unknown
deployment "ms-10090" successfully rolled out
deployment "ms-13558" successfully rolled out
deployment "ms-18330" successfully rolled out
deployment "ms-19585" successfully rolled out
deployment "ms-20172" successfully rolled out
deployment "ms-22893" successfully rolled out
deployment "ms-24009" successfully rolled out
deployment "ms-24959" successfully rolled out
deployment "ms-26622" successfully rolled out
deployment "ms-27421" successfully rolled out
deployment "ms-29373" successfully rolled out
deployment "ms-32301" successfully rolled out
deployment "ms-3289" successfully rolled out
deployment "ms-37691" successfully rolled out
deployment "ms-38964" successfully rolled out
deployment "ms-40147" successfully rolled out
deployment "ms-48118" successfully rolled out
deployment "ms-4829" successfully rolled out
deployment "ms-51685" successfully rolled out
deployment "ms-52379" successfully rolled out
deployment "ms-55394" successfully rolled out
deployment "ms-58436" successfully rolled out
deployment "ms-58772" successfully rolled out
deployment "ms-59962" successfully rolled out
deployment "ms-60061" successfully rolled out
deployment "ms-6323" successfully rolled out
deployment "ms-65741" successfully rolled out
deployment "ms-66473" successfully rolled out
deployment "ms-69188" successfully rolled out
deployment "ms-69614" successfully rolled out
deployment "ms-9081" successfully rolled out
deployment "nginx-web-server" successfully rolled out
deployment "unknown" successfully rolled out
ENTRY_POINT: nginx-web-server
SERVICE_A_URL: 10.100.5.79:50051
Capacity: 10000
Metadata: request-id={{.RequestNumber}}
Metadata: timestamp={{.TimestampUnix}}
Metadata: method=S_149998854
Charon Configurations:
[{INTERCEPT breakwater} {PRICE_UPDATE_RATE 10ms} {TOKEN_UPDATE_RATE 10ms} {LATENCY_THRESHOLD 100us} {PRICE_STEP 0} {PRICE_STRATEGY step} {LAZY_UPDATE false} {RATE_LIMITING true} {LOAD_SHEDDING true} {CHARON_TRACK_PRICE false} {BREAKWATER_SLO 2418us} {BREAKWATER_A 1.8506617114993507} {BREAKWATER_B 1.9873594216159594} {BREAKWATER_CLIENT_EXPIRATION 2313us} {BREAKWATER_INITIAL_CREDIT 279} {BREAKWATER_LOAD_SHEDDING true} {BREAKWATER_RTT 5913us} {BREAKWATERD_SLO 12500us} {BREAKWATERD_A 0.001} {BREAKWATERD_B 0.02} {BREAKWATERD_CLIENT_EXPIRATION 10ms} {BREAKWATERD_INITIAL_CREDIT 400} {BREAKWATERD_LOAD_SHEDDING true} {BREAKWATERD_RTT 1000us} {DAGOR_QUEUING_THRESHOLD 2ms} {DAGOR_ALPHA 0.05} {DAGOR_BETA 0.01} {DAGOR_ADMISSION_LEVEL_UPDATE_INTERVAL 10ms} {DAGOR_UMAX 20}]

Summary:
  Count:	88621
  Total:	25.00 s
  Slowest:	894.86 ms
  Fastest:	110.93 ms
  Average:	141.59 ms
  Requests/sec:	3545.00

Response time histogram:
  110.933 [1]     |
  189.326 [31356] |∎∎∎∎∎∎∎∎∎∎∎∎∎∎∎∎∎∎∎∎∎∎∎∎∎∎∎∎∎∎∎∎∎∎∎∎∎∎∎∎
  267.718 [21327] |∎∎∎∎∎∎∎∎∎∎∎∎∎∎∎∎∎∎∎∎∎∎∎∎∎∎∎
  346.111 [5861]  |∎∎∎∎∎∎∎
  424.503 [2661]  |∎∎∎
  502.896 [570]   |∎
  581.289 [75]    |
  659.681 [0]     |
  738.074 [0]     |
  816.466 [0]     |
  894.859 [64]    |

Latency distribution:
  10 % in 114.35 ms 
  25 % in 144.56 ms 
  50 % in 188.24 ms 
  75 % in 234.12 ms 
  90 % in 300.33 ms 
  95 % in 351.13 ms 
  99 % in 432.65 ms 

Status code distribution:
  [OK]                  61915 responses   
  [ResourceExhausted]   26193 responses   
  [Canceled]            513 responses     

Error distribution:
  [26193]   rpc error: code = ResourceExhausted desc = Server-side queuing delay is beyond AQM threshold   
  [513]     rpc error: code = Canceled desc = grpc: the client connection is closing                       

Debug: Checking Namespace=default, Pod=ms-10090-6454f977fd-276xc for Target File=deathstar_*.output
Namespace: default, Pod: ms-10090-6454f977fd-276xc has the target files.
Copying deathstar_ms-10090.output to deathstar_ms-10090.output
tar: removing leading '/' from member names
Debug: Checking Namespace=default, Pod=ms-13558-b48bb5d9d-wmk9w for Target File=deathstar_*.output
Namespace: default, Pod: ms-13558-b48bb5d9d-wmk9w has the target files.
Copying deathstar_ms-13558.output to deathstar_ms-13558.output
tar: removing leading '/' from member names
Debug: Checking Namespace=default, Pod=ms-18330-759d9cf49c-z45qf for Target File=deathstar_*.output
Namespace: default, Pod: ms-18330-759d9cf49c-z45qf has the target files.
Copying deathstar_ms-18330.output to deathstar_ms-18330.output
tar: removing leading '/' from member names
Debug: Checking Namespace=default, Pod=ms-19585-6f995cfcbf-jgrs6 for Target File=deathstar_*.output
Namespace: default, Pod: ms-19585-6f995cfcbf-jgrs6 has the target files.
Copying deathstar_ms-19585.output to deathstar_ms-19585.output
tar: removing leading '/' from member names
Debug: Checking Namespace=default, Pod=ms-20172-59d5485464-grgj5 for Target File=deathstar_*.output
Namespace: default, Pod: ms-20172-59d5485464-grgj5 has the target files.
Copying deathstar_ms-20172.output to deathstar_ms-20172.output
tar: removing leading '/' from member names
Debug: Checking Namespace=default, Pod=ms-22893-576fd5f9f6-q64lx for Target File=deathstar_*.output
Namespace: default, Pod: ms-22893-576fd5f9f6-q64lx has the target files.
Copying deathstar_ms-22893.output to deathstar_ms-22893.output
tar: removing leading '/' from member names
Debug: Checking Namespace=default, Pod=ms-24009-67dbf5b976-hphd8 for Target File=deathstar_*.output
Namespace: default, Pod: ms-24009-67dbf5b976-hphd8 has the target files.
Copying deathstar_ms-24009.output to deathstar_ms-24009.output
tar: removing leading '/' from member names
Debug: Checking Namespace=default, Pod=ms-24959-99f8bbf9-6sxg6 for Target File=deathstar_*.output
Namespace: default, Pod: ms-24959-99f8bbf9-6sxg6 has the target files.
Copying deathstar_ms-24959.output to deathstar_ms-24959.output
tar: removing leading '/' from member names
Debug: Checking Namespace=default, Pod=ms-26622-66fdf7d64f-sc8d9 for Target File=deathstar_*.output
Namespace: default, Pod: ms-26622-66fdf7d64f-sc8d9 has the target files.
Copying deathstar_ms-26622.output to deathstar_ms-26622.output
tar: removing leading '/' from member names
Debug: Checking Namespace=default, Pod=ms-27421-64f549855c-gv7hs for Target File=deathstar_*.output
Namespace: default, Pod: ms-27421-64f549855c-gv7hs has the target files.
Copying deathstar_ms-27421.output to deathstar_ms-27421.output
tar: removing leading '/' from member names
Debug: Checking Namespace=default, Pod=ms-29373-8467f7db44-k6x7m for Target File=deathstar_*.output
Namespace: default, Pod: ms-29373-8467f7db44-k6x7m has the target files.
Copying deathstar_ms-29373.output to deathstar_ms-29373.output
tar: removing leading '/' from member names
Debug: Checking Namespace=default, Pod=ms-32301-c5654bbc5-5c4td for Target File=deathstar_*.output
Namespace: default, Pod: ms-32301-c5654bbc5-5c4td has the target files.
Copying deathstar_ms-32301.output to deathstar_ms-32301.output
tar: removing leading '/' from member names
Debug: Checking Namespace=default, Pod=ms-3289-587dbd96bf-j77m7 for Target File=deathstar_*.output
Namespace: default, Pod: ms-3289-587dbd96bf-j77m7 has the target files.
Copying deathstar_ms-3289.output to deathstar_ms-3289.output
tar: removing leading '/' from member names
Debug: Checking Namespace=default, Pod=ms-37691-6dc6cd6744-s859d for Target File=deathstar_*.output
Namespace: default, Pod: ms-37691-6dc6cd6744-s859d has the target files.
Copying deathstar_ms-37691.output to deathstar_ms-37691.output
tar: removing leading '/' from member names
Debug: Checking Namespace=default, Pod=ms-38964-5b647cdbd-q57mr for Target File=deathstar_*.output
Namespace: default, Pod: ms-38964-5b647cdbd-q57mr has the target files.
Copying deathstar_ms-38964.output to deathstar_ms-38964.output
tar: removing leading '/' from member names
Debug: Checking Namespace=default, Pod=ms-40147-cd867585-r7xdx for Target File=deathstar_*.output
Namespace: default, Pod: ms-40147-cd867585-r7xdx has the target files.
Copying deathstar_ms-40147.output to deathstar_ms-40147.output
tar: removing leading '/' from member names
Debug: Checking Namespace=default, Pod=ms-48118-ff7b99cc9-tqfmr for Target File=deathstar_*.output
Namespace: default, Pod: ms-48118-ff7b99cc9-tqfmr has the target files.
Copying deathstar_ms-48118.output to deathstar_ms-48118.output
tar: removing leading '/' from member names
Debug: Checking Namespace=default, Pod=ms-4829-669557b66c-hdh2r for Target File=deathstar_*.output
Namespace: default, Pod: ms-4829-669557b66c-hdh2r has the target files.
Copying deathstar_ms-4829.output to deathstar_ms-4829.output
tar: removing leading '/' from member names
Debug: Checking Namespace=default, Pod=ms-51685-79858c784f-h2d6q for Target File=deathstar_*.output
Namespace: default, Pod: ms-51685-79858c784f-h2d6q has the target files.
Copying deathstar_ms-51685.output to deathstar_ms-51685.output
tar: removing leading '/' from member names
Debug: Checking Namespace=default, Pod=ms-52379-57c6cdd54b-p8gv8 for Target File=deathstar_*.output
Namespace: default, Pod: ms-52379-57c6cdd54b-p8gv8 has the target files.
Copying deathstar_ms-52379.output to deathstar_ms-52379.output
tar: removing leading '/' from member names
Debug: Checking Namespace=default, Pod=ms-55394-6f999f5df9-jl4v2 for Target File=deathstar_*.output
Namespace: default, Pod: ms-55394-6f999f5df9-jl4v2 has the target files.
Copying deathstar_ms-55394.output to deathstar_ms-55394.output
tar: removing leading '/' from member names
Debug: Checking Namespace=default, Pod=ms-58436-59dd96f659-tktc8 for Target File=deathstar_*.output
Namespace: default, Pod: ms-58436-59dd96f659-tktc8 has the target files.
Copying deathstar_ms-58436.output to deathstar_ms-58436.output
tar: removing leading '/' from member names
Debug: Checking Namespace=default, Pod=ms-58772-68ff78c966-7mbt9 for Target File=deathstar_*.output
Namespace: default, Pod: ms-58772-68ff78c966-7mbt9 has the target files.
Copying deathstar_ms-58772.output to deathstar_ms-58772.output
tar: removing leading '/' from member names
Debug: Checking Namespace=default, Pod=ms-59962-756b895b58-m58r7 for Target File=deathstar_*.output
Namespace: default, Pod: ms-59962-756b895b58-m58r7 has the target files.
Copying deathstar_ms-59962.output to deathstar_ms-59962.output
tar: removing leading '/' from member names
Debug: Checking Namespace=default, Pod=ms-60061-68bd84bdcd-cpzhd for Target File=deathstar_*.output
Namespace: default, Pod: ms-60061-68bd84bdcd-cpzhd has the target files.
Copying deathstar_ms-60061.output to deathstar_ms-60061.output
tar: removing leading '/' from member names
Debug: Checking Namespace=default, Pod=ms-6323-974659fcd-5r6zf for Target File=deathstar_*.output
Namespace: default, Pod: ms-6323-974659fcd-5r6zf has the target files.
Copying deathstar_ms-6323.output to deathstar_ms-6323.output
tar: removing leading '/' from member names
Debug: Checking Namespace=default, Pod=ms-65741-65f588bcdf-4sqfj for Target File=deathstar_*.output
Namespace: default, Pod: ms-65741-65f588bcdf-4sqfj has the target files.
Copying deathstar_ms-65741.output to deathstar_ms-65741.output
tar: removing leading '/' from member names
Debug: Checking Namespace=default, Pod=ms-66473-79c66f8bff-m4tzx for Target File=deathstar_*.output
Namespace: default, Pod: ms-66473-79c66f8bff-m4tzx has the target files.
Copying deathstar_ms-66473.output to deathstar_ms-66473.output
tar: removing leading '/' from member names
Debug: Checking Namespace=default, Pod=ms-69188-65c548d4cb-8zmsn for Target File=deathstar_*.output
Namespace: default, Pod: ms-69188-65c548d4cb-8zmsn has the target files.
Copying deathstar_ms-69188.output to deathstar_ms-69188.output
tar: removing leading '/' from member names
Debug: Checking Namespace=default, Pod=ms-69614-794bd8475-vwfg7 for Target File=deathstar_*.output
Namespace: default, Pod: ms-69614-794bd8475-vwfg7 has the target files.
Copying deathstar_ms-69614.output to deathstar_ms-69614.output
tar: removing leading '/' from member names
Debug: Checking Namespace=default, Pod=ms-9081-567985788-4hwkb for Target File=deathstar_*.output
Namespace: default, Pod: ms-9081-567985788-4hwkb has the target files.
Copying deathstar_ms-9081.output to deathstar_ms-9081.output
tar: removing leading '/' from member names
Debug: Checking Namespace=default, Pod=nginx-web-server-56557f7cb7-67q52 for Target File=deathstar_*.output
Namespace: default, Pod: nginx-web-server-56557f7cb7-67q52 has the target files.
Copying deathstar_nginx-web-server.output to deathstar_nginx-web-server.output
tar: removing leading '/' from member names
Debug: Checking Namespace=default, Pod=unknown-6ddf9bd4b5-m28zt for Target File=deathstar_*.output
Namespace: default, Pod: unknown-6ddf9bd4b5-m28zt has the target files.
Copying deathstar_unknown.output to deathstar_unknown.output
tar: removing leading '/' from member names
