Deployments: ms-11070
ms-11285
ms-11512
ms-1278
ms-13873
ms-19953
ms-21883
ms-25124
ms-27421
ms-2827
ms-33719
ms-37691
ms-43309
ms-4354
ms-46825
ms-60236
ms-71771
ms-8052
ms-902
nginx-web-server
deployment "ms-11070" successfully rolled out
deployment "ms-11285" successfully rolled out
deployment "ms-11512" successfully rolled out
deployment "ms-1278" successfully rolled out
deployment "ms-13873" successfully rolled out
deployment "ms-19953" successfully rolled out
deployment "ms-21883" successfully rolled out
deployment "ms-25124" successfully rolled out
deployment "ms-27421" successfully rolled out
deployment "ms-2827" successfully rolled out
deployment "ms-33719" successfully rolled out
deployment "ms-37691" successfully rolled out
deployment "ms-43309" successfully rolled out
deployment "ms-4354" successfully rolled out
deployment "ms-46825" successfully rolled out
deployment "ms-60236" successfully rolled out
deployment "ms-71771" successfully rolled out
deployment "ms-8052" successfully rolled out
deployment "ms-902" successfully rolled out
deployment "nginx-web-server" successfully rolled out
ENTRY_POINT: nginx-web-server
SERVICE_A_URL: 10.108.25.177:50051
Capacity: 10000
Metadata: request-id={{.RequestNumber}}
Metadata: timestamp={{.TimestampUnix}}
Metadata: method=S_102000854
Charon Configurations:
[{INTERCEPT breakwaterd} {PRICE_UPDATE_RATE 10ms} {TOKEN_UPDATE_RATE 10ms} {LATENCY_THRESHOLD 100us} {PRICE_STEP 0} {PRICE_STRATEGY step} {LAZY_UPDATE false} {RATE_LIMITING true} {LOAD_SHEDDING true} {CHARON_TRACK_PRICE false} {BREAKWATER_SLO 37872us} {BREAKWATER_A 20.72690752550772} {BREAKWATER_B 9.973228504514806} {BREAKWATER_CLIENT_EXPIRATION 862us} {BREAKWATER_INITIAL_CREDIT 55} {BREAKWATER_LOAD_SHEDDING true} {BREAKWATER_RTT 18651us} {BREAKWATERD_SLO 18698us} {BREAKWATERD_A 0.6600017272206249} {BREAKWATERD_B 7.554630526024663} {BREAKWATERD_CLIENT_EXPIRATION 77848us} {BREAKWATERD_INITIAL_CREDIT 4615} {BREAKWATERD_LOAD_SHEDDING true} {BREAKWATERD_RTT 14518us} {DAGOR_QUEUING_THRESHOLD 2ms} {DAGOR_ALPHA 0.05} {DAGOR_BETA 0.01} {DAGOR_ADMISSION_LEVEL_UPDATE_INTERVAL 10ms} {DAGOR_UMAX 20}]

Summary:
  Count:	94269
  Total:	25.00 s
  Slowest:	840.45 ms
  Fastest:	39.29 ms
  Average:	758.51 ms
  Requests/sec:	3771.13

Response time histogram:
  39.293  [1]     |
  119.409 [13648] |∎∎∎∎∎∎∎∎∎∎∎∎∎∎∎∎∎∎∎∎∎∎∎∎∎∎∎∎∎∎∎∎∎∎∎∎∎∎∎∎
  199.524 [1740]  |∎∎∎∎∎
  279.640 [1201]  |∎∎∎∎
  359.756 [186]   |∎
  439.872 [4]     |
  519.987 [0]     |
  600.103 [0]     |
  680.219 [0]     |
  760.334 [6]     |
  840.450 [82]    |

Latency distribution:
  10 % in 40.89 ms 
  25 % in 42.02 ms 
  50 % in 44.19 ms 
  75 % in 56.19 ms 
  90 % in 188.13 ms 
  95 % in 234.49 ms 
  99 % in 306.09 ms 

Status code distribution:
  [Canceled]            7533 responses    
  [OK]                  16868 responses   
  [ResourceExhausted]   4560 responses    
  [DeadlineExceeded]    65308 responses   

Error distribution:
  [1686]    rpc error: code = ResourceExhausted desc = Client id 23706e63-5a6d-4b19-b72d-e4ffcf7682ca request expired in queue.   
  [2823]    rpc error: code = ResourceExhausted desc = Server-side queuing delay is beyond AQM threshold                          
  [51]      rpc error: code = ResourceExhausted desc = Client id 63f49c23-5c83-45dc-acd5-49c3b977887c request expired in queue.   
  [65308]   rpc error: code = DeadlineExceeded desc = context deadline exceeded                                                   
  [7533]    rpc error: code = Canceled desc = grpc: the client connection is closing                                              

Debug: Checking Namespace=default, Pod=ms-11070-7868c54f44-sbzss for Target File=deathstar_*.output
Namespace: default, Pod: ms-11070-7868c54f44-sbzss has the target files.
Copying deathstar_ms-11070.output to deathstar_ms-11070.output
tar: removing leading '/' from member names
Debug: Checking Namespace=default, Pod=ms-11285-67d597dc77-kl5lv for Target File=deathstar_*.output
Namespace: default, Pod: ms-11285-67d597dc77-kl5lv has the target files.
Copying deathstar_ms-11285.output to deathstar_ms-11285.output
tar: removing leading '/' from member names
Debug: Checking Namespace=default, Pod=ms-11512-75f8ddc45b-jnjs9 for Target File=deathstar_*.output
Namespace: default, Pod: ms-11512-75f8ddc45b-jnjs9 has the target files.
Copying deathstar_ms-11512.output to deathstar_ms-11512.output
tar: removing leading '/' from member names
Debug: Checking Namespace=default, Pod=ms-1278-85766ff6b8-h96qn for Target File=deathstar_*.output
Namespace: default, Pod: ms-1278-85766ff6b8-h96qn has the target files.
Copying deathstar_ms-1278.output to deathstar_ms-1278.output
tar: removing leading '/' from member names
Debug: Checking Namespace=default, Pod=ms-13873-85d7bb7b97-7mjfp for Target File=deathstar_*.output
Namespace: default, Pod: ms-13873-85d7bb7b97-7mjfp has the target files.
Copying deathstar_ms-13873.output to deathstar_ms-13873.output
tar: removing leading '/' from member names
Debug: Checking Namespace=default, Pod=ms-19953-68cc8998c5-qpsz6 for Target File=deathstar_*.output
Namespace: default, Pod: ms-19953-68cc8998c5-qpsz6 has the target files.
Copying deathstar_ms-19953.output to deathstar_ms-19953.output
tar: removing leading '/' from member names
Debug: Checking Namespace=default, Pod=ms-21883-f6c88c6d4-fg89d for Target File=deathstar_*.output
Namespace: default, Pod: ms-21883-f6c88c6d4-fg89d has the target files.
Copying deathstar_ms-21883.output to deathstar_ms-21883.output
tar: removing leading '/' from member names
Debug: Checking Namespace=default, Pod=ms-25124-77bd4446f5-c828q for Target File=deathstar_*.output
Namespace: default, Pod: ms-25124-77bd4446f5-c828q has the target files.
Copying deathstar_ms-25124.output to deathstar_ms-25124.output
tar: removing leading '/' from member names
Debug: Checking Namespace=default, Pod=ms-27421-8565974486-pbqct for Target File=deathstar_*.output
Namespace: default, Pod: ms-27421-8565974486-pbqct has the target files.
Copying deathstar_ms-27421.output to deathstar_ms-27421.output
tar: removing leading '/' from member names
Debug: Checking Namespace=default, Pod=ms-2827-5dcc6df4f4-9nsbj for Target File=deathstar_*.output
Namespace: default, Pod: ms-2827-5dcc6df4f4-9nsbj has the target files.
Copying deathstar_ms-2827.output to deathstar_ms-2827.output
tar: removing leading '/' from member names
Debug: Checking Namespace=default, Pod=ms-33719-6c455cf54c-945cl for Target File=deathstar_*.output
Namespace: default, Pod: ms-33719-6c455cf54c-945cl has the target files.
Copying deathstar_ms-33719.output to deathstar_ms-33719.output
tar: removing leading '/' from member names
Debug: Checking Namespace=default, Pod=ms-37691-b9bc44798-7sqkf for Target File=deathstar_*.output
Namespace: default, Pod: ms-37691-b9bc44798-7sqkf has the target files.
Copying deathstar_ms-37691.output to deathstar_ms-37691.output
tar: removing leading '/' from member names
Debug: Checking Namespace=default, Pod=ms-43309-54f758d465-qbrsd for Target File=deathstar_*.output
Namespace: default, Pod: ms-43309-54f758d465-qbrsd has the target files.
Copying deathstar_ms-43309.output to deathstar_ms-43309.output
tar: removing leading '/' from member names
Debug: Checking Namespace=default, Pod=ms-4354-669cfcbdf6-57tph for Target File=deathstar_*.output
Namespace: default, Pod: ms-4354-669cfcbdf6-57tph has the target files.
Copying deathstar_ms-4354.output to deathstar_ms-4354.output
tar: removing leading '/' from member names
Debug: Checking Namespace=default, Pod=ms-46825-58c684559d-qltr4 for Target File=deathstar_*.output
Namespace: default, Pod: ms-46825-58c684559d-qltr4 has the target files.
Copying deathstar_ms-46825.output to deathstar_ms-46825.output
tar: removing leading '/' from member names
Debug: Checking Namespace=default, Pod=ms-60236-64866cf49-ddlnx for Target File=deathstar_*.output
Namespace: default, Pod: ms-60236-64866cf49-ddlnx has the target files.
Copying deathstar_ms-60236.output to deathstar_ms-60236.output
tar: removing leading '/' from member names
Debug: Checking Namespace=default, Pod=ms-71771-567ddbdd95-l7gkk for Target File=deathstar_*.output
Namespace: default, Pod: ms-71771-567ddbdd95-l7gkk has the target files.
Copying deathstar_ms-71771.output to deathstar_ms-71771.output
tar: removing leading '/' from member names
Debug: Checking Namespace=default, Pod=ms-8052-b995968dc-thdzb for Target File=deathstar_*.output
Namespace: default, Pod: ms-8052-b995968dc-thdzb has the target files.
Copying deathstar_ms-8052.output to deathstar_ms-8052.output
tar: removing leading '/' from member names
Debug: Checking Namespace=default, Pod=ms-902-5744544f85-prn4b for Target File=deathstar_*.output
Namespace: default, Pod: ms-902-5744544f85-prn4b has the target files.
Copying deathstar_ms-902.output to deathstar_ms-902.output
tar: removing leading '/' from member names
Debug: Checking Namespace=default, Pod=nginx-web-server-56557f7cb7-zm66x for Target File=deathstar_*.output
Namespace: default, Pod: nginx-web-server-56557f7cb7-zm66x has the target files.
Copying deathstar_nginx-web-server.output to deathstar_nginx-web-server.output
tar: removing leading '/' from member names
