Deployments: ms-11070
ms-11285
ms-11512
ms-1278
ms-13873
ms-19953
ms-21883
ms-25124
ms-27421
ms-2827
ms-33719
ms-37691
ms-43309
ms-4354
ms-46825
ms-60236
ms-71771
ms-8052
ms-902
nginx-web-server
deployment "ms-11070" successfully rolled out
deployment "ms-11285" successfully rolled out
deployment "ms-11512" successfully rolled out
deployment "ms-1278" successfully rolled out
deployment "ms-13873" successfully rolled out
deployment "ms-19953" successfully rolled out
deployment "ms-21883" successfully rolled out
deployment "ms-25124" successfully rolled out
deployment "ms-27421" successfully rolled out
deployment "ms-2827" successfully rolled out
deployment "ms-33719" successfully rolled out
deployment "ms-37691" successfully rolled out
deployment "ms-43309" successfully rolled out
deployment "ms-4354" successfully rolled out
deployment "ms-46825" successfully rolled out
deployment "ms-60236" successfully rolled out
deployment "ms-71771" successfully rolled out
deployment "ms-8052" successfully rolled out
deployment "ms-902" successfully rolled out
deployment "nginx-web-server" successfully rolled out
ENTRY_POINT: nginx-web-server
SERVICE_A_URL: 10.103.142.193:50051
Capacity: 10000
Metadata: request-id={{.RequestNumber}}
Metadata: timestamp={{.TimestampUnix}}
Metadata: method=S_102000854
Charon Configurations:
[{INTERCEPT breakwaterd} {PRICE_UPDATE_RATE 10ms} {TOKEN_UPDATE_RATE 10ms} {LATENCY_THRESHOLD 100us} {PRICE_STEP 0} {PRICE_STRATEGY step} {LAZY_UPDATE false} {RATE_LIMITING true} {LOAD_SHEDDING true} {CHARON_TRACK_PRICE false} {BREAKWATER_SLO 32987us} {BREAKWATER_A 11.496660943119831} {BREAKWATER_B 7.881248725181699} {BREAKWATER_CLIENT_EXPIRATION 2348us} {BREAKWATER_INITIAL_CREDIT 374} {BREAKWATER_LOAD_SHEDDING true} {BREAKWATER_RTT 8037us} {BREAKWATERD_SLO 11742us} {BREAKWATERD_A 4.394356103439662} {BREAKWATERD_B 5.439704757586611} {BREAKWATERD_CLIENT_EXPIRATION 25108us} {BREAKWATERD_INITIAL_CREDIT 2153} {BREAKWATERD_LOAD_SHEDDING true} {BREAKWATERD_RTT 7755us} {DAGOR_QUEUING_THRESHOLD 2ms} {DAGOR_ALPHA 0.05} {DAGOR_BETA 0.01} {DAGOR_ADMISSION_LEVEL_UPDATE_INTERVAL 10ms} {DAGOR_UMAX 20}]

Summary:
  Count:	104912
  Total:	24.85 s
  Slowest:	845.56 ms
  Fastest:	39.05 ms
  Average:	796.41 ms
  Requests/sec:	4221.08

Response time histogram:
  39.045  [1]     |
  119.697 [15528] |∎∎∎∎∎∎∎∎∎∎∎∎∎∎∎∎∎∎∎∎∎∎∎∎∎∎∎∎∎∎∎∎∎∎∎∎∎∎∎∎
  200.349 [782]   |∎∎
  281.000 [1]     |
  361.652 [0]     |
  442.303 [0]     |
  522.955 [0]     |
  603.607 [0]     |
  684.258 [0]     |
  764.910 [21]    |
  845.562 [81]    |

Latency distribution:
  10 % in 40.62 ms 
  25 % in 41.65 ms 
  50 % in 43.55 ms 
  75 % in 46.75 ms 
  90 % in 77.83 ms 
  95 % in 124.50 ms 
  99 % in 180.27 ms 

Status code distribution:
  [OK]                  16414 responses   
  [ResourceExhausted]   2060 responses    
  [DeadlineExceeded]    77695 responses   
  [Canceled]            8743 responses    

Error distribution:
  [128]     rpc error: code = ResourceExhausted desc = Client id 7459e94a-fe62-446e-a494-a0c168da9b06 request expired in queue.   
  [1932]    rpc error: code = ResourceExhausted desc = Server-side queuing delay is beyond AQM threshold                          
  [77695]   rpc error: code = DeadlineExceeded desc = context deadline exceeded                                                   
  [8743]    rpc error: code = Canceled desc = grpc: the client connection is closing                                              

Debug: Checking Namespace=default, Pod=ms-11070-7868c54f44-q8tv2 for Target File=deathstar_*.output
Namespace: default, Pod: ms-11070-7868c54f44-q8tv2 has the target files.
Copying deathstar_ms-11070.output to deathstar_ms-11070.output
tar: removing leading '/' from member names
Debug: Checking Namespace=default, Pod=ms-11285-67d597dc77-gvg7l for Target File=deathstar_*.output
Namespace: default, Pod: ms-11285-67d597dc77-gvg7l has the target files.
Copying deathstar_ms-11285.output to deathstar_ms-11285.output
tar: removing leading '/' from member names
Debug: Checking Namespace=default, Pod=ms-11512-75f8ddc45b-nbgtt for Target File=deathstar_*.output
Namespace: default, Pod: ms-11512-75f8ddc45b-nbgtt has the target files.
Copying deathstar_ms-11512.output to deathstar_ms-11512.output
tar: removing leading '/' from member names
Debug: Checking Namespace=default, Pod=ms-1278-85766ff6b8-7z2q2 for Target File=deathstar_*.output
Namespace: default, Pod: ms-1278-85766ff6b8-7z2q2 has the target files.
Copying deathstar_ms-1278.output to deathstar_ms-1278.output
tar: removing leading '/' from member names
Debug: Checking Namespace=default, Pod=ms-13873-85d7bb7b97-rtf82 for Target File=deathstar_*.output
Namespace: default, Pod: ms-13873-85d7bb7b97-rtf82 has the target files.
Copying deathstar_ms-13873.output to deathstar_ms-13873.output
tar: removing leading '/' from member names
Debug: Checking Namespace=default, Pod=ms-19953-68cc8998c5-bk8bb for Target File=deathstar_*.output
Namespace: default, Pod: ms-19953-68cc8998c5-bk8bb has the target files.
Copying deathstar_ms-19953.output to deathstar_ms-19953.output
tar: removing leading '/' from member names
Debug: Checking Namespace=default, Pod=ms-21883-f6c88c6d4-2k6wj for Target File=deathstar_*.output
Namespace: default, Pod: ms-21883-f6c88c6d4-2k6wj has the target files.
Copying deathstar_ms-21883.output to deathstar_ms-21883.output
tar: removing leading '/' from member names
Debug: Checking Namespace=default, Pod=ms-25124-77bd4446f5-5ddtn for Target File=deathstar_*.output
Namespace: default, Pod: ms-25124-77bd4446f5-5ddtn has the target files.
Copying deathstar_ms-25124.output to deathstar_ms-25124.output
tar: removing leading '/' from member names
Debug: Checking Namespace=default, Pod=ms-27421-8565974486-j5qzf for Target File=deathstar_*.output
Namespace: default, Pod: ms-27421-8565974486-j5qzf has the target files.
Copying deathstar_ms-27421.output to deathstar_ms-27421.output
tar: removing leading '/' from member names
Debug: Checking Namespace=default, Pod=ms-2827-5dcc6df4f4-lnm7d for Target File=deathstar_*.output
Namespace: default, Pod: ms-2827-5dcc6df4f4-lnm7d has the target files.
Copying deathstar_ms-2827.output to deathstar_ms-2827.output
tar: removing leading '/' from member names
Debug: Checking Namespace=default, Pod=ms-33719-6c455cf54c-rrgjt for Target File=deathstar_*.output
Namespace: default, Pod: ms-33719-6c455cf54c-rrgjt has the target files.
Copying deathstar_ms-33719.output to deathstar_ms-33719.output
tar: removing leading '/' from member names
Debug: Checking Namespace=default, Pod=ms-37691-b9bc44798-4hjzh for Target File=deathstar_*.output
Namespace: default, Pod: ms-37691-b9bc44798-4hjzh has the target files.
Copying deathstar_ms-37691.output to deathstar_ms-37691.output
tar: removing leading '/' from member names
Debug: Checking Namespace=default, Pod=ms-43309-54f758d465-l4l4g for Target File=deathstar_*.output
Namespace: default, Pod: ms-43309-54f758d465-l4l4g has the target files.
Copying deathstar_ms-43309.output to deathstar_ms-43309.output
tar: removing leading '/' from member names
Debug: Checking Namespace=default, Pod=ms-4354-669cfcbdf6-pdktf for Target File=deathstar_*.output
Namespace: default, Pod: ms-4354-669cfcbdf6-pdktf has the target files.
Copying deathstar_ms-4354.output to deathstar_ms-4354.output
tar: removing leading '/' from member names
Debug: Checking Namespace=default, Pod=ms-46825-58c684559d-858tb for Target File=deathstar_*.output
Namespace: default, Pod: ms-46825-58c684559d-858tb has the target files.
Copying deathstar_ms-46825.output to deathstar_ms-46825.output
tar: removing leading '/' from member names
Debug: Checking Namespace=default, Pod=ms-60236-64866cf49-nzs6t for Target File=deathstar_*.output
Namespace: default, Pod: ms-60236-64866cf49-nzs6t has the target files.
Copying deathstar_ms-60236.output to deathstar_ms-60236.output
tar: removing leading '/' from member names
Debug: Checking Namespace=default, Pod=ms-71771-567ddbdd95-kcc6n for Target File=deathstar_*.output
Namespace: default, Pod: ms-71771-567ddbdd95-kcc6n has the target files.
Copying deathstar_ms-71771.output to deathstar_ms-71771.output
tar: removing leading '/' from member names
Debug: Checking Namespace=default, Pod=ms-8052-b995968dc-q56q2 for Target File=deathstar_*.output
Namespace: default, Pod: ms-8052-b995968dc-q56q2 has the target files.
Copying deathstar_ms-8052.output to deathstar_ms-8052.output
tar: removing leading '/' from member names
Debug: Checking Namespace=default, Pod=ms-902-5744544f85-srlwn for Target File=deathstar_*.output
Namespace: default, Pod: ms-902-5744544f85-srlwn has the target files.
Copying deathstar_ms-902.output to deathstar_ms-902.output
tar: removing leading '/' from member names
Debug: Checking Namespace=default, Pod=nginx-web-server-56557f7cb7-xlmmg for Target File=deathstar_*.output
Namespace: default, Pod: nginx-web-server-56557f7cb7-xlmmg has the target files.
Copying deathstar_nginx-web-server.output to deathstar_nginx-web-server.output
tar: removing leading '/' from member names
