Deployments: ms-10090
ms-13558
ms-18330
ms-19585
ms-20172
ms-22893
ms-24009
ms-24959
ms-26622
ms-27421
ms-29373
ms-32301
ms-3289
ms-37691
ms-38964
ms-40147
ms-48118
ms-4829
ms-51685
ms-52379
ms-55394
ms-58436
ms-58772
ms-59962
ms-60061
ms-6323
ms-65741
ms-66473
ms-69188
ms-69614
ms-9081
nginx-web-server
unknown
deployment "ms-10090" successfully rolled out
deployment "ms-13558" successfully rolled out
deployment "ms-18330" successfully rolled out
deployment "ms-19585" successfully rolled out
deployment "ms-20172" successfully rolled out
deployment "ms-22893" successfully rolled out
deployment "ms-24009" successfully rolled out
deployment "ms-24959" successfully rolled out
deployment "ms-26622" successfully rolled out
deployment "ms-27421" successfully rolled out
deployment "ms-29373" successfully rolled out
deployment "ms-32301" successfully rolled out
deployment "ms-3289" successfully rolled out
deployment "ms-37691" successfully rolled out
deployment "ms-38964" successfully rolled out
deployment "ms-40147" successfully rolled out
deployment "ms-48118" successfully rolled out
deployment "ms-4829" successfully rolled out
deployment "ms-51685" successfully rolled out
deployment "ms-52379" successfully rolled out
deployment "ms-55394" successfully rolled out
deployment "ms-58436" successfully rolled out
deployment "ms-58772" successfully rolled out
deployment "ms-59962" successfully rolled out
deployment "ms-60061" successfully rolled out
deployment "ms-6323" successfully rolled out
deployment "ms-65741" successfully rolled out
deployment "ms-66473" successfully rolled out
deployment "ms-69188" successfully rolled out
deployment "ms-69614" successfully rolled out
deployment "ms-9081" successfully rolled out
deployment "nginx-web-server" successfully rolled out
deployment "unknown" successfully rolled out
ENTRY_POINT: nginx-web-server
SERVICE_A_URL: 10.108.176.46:50051
Capacity: 10000
Metadata: request-id={{.RequestNumber}}
Metadata: timestamp={{.TimestampUnix}}
Metadata: method=S_149998854
Charon Configurations:
[{INTERCEPT charon} {PRICE_UPDATE_RATE 8264us} {TOKEN_UPDATE_RATE 14476us} {LATENCY_THRESHOLD 1552us} {PRICE_STEP 22} {PRICE_STRATEGY proportional} {LAZY_UPDATE true} {RATE_LIMITING true} {LOAD_SHEDDING true} {CHARON_TRACK_PRICE false} {BREAKWATER_SLO 12500us} {BREAKWATER_A 0.001} {BREAKWATER_B 0.02} {BREAKWATER_CLIENT_EXPIRATION 10ms} {BREAKWATER_INITIAL_CREDIT 400} {BREAKWATER_LOAD_SHEDDING true} {BREAKWATER_RTT 1000us} {BREAKWATERD_SLO 12500us} {BREAKWATERD_A 0.001} {BREAKWATERD_B 0.02} {BREAKWATERD_CLIENT_EXPIRATION 10ms} {BREAKWATERD_INITIAL_CREDIT 400} {BREAKWATERD_LOAD_SHEDDING true} {BREAKWATERD_RTT 1000us} {DAGOR_QUEUING_THRESHOLD 2ms} {DAGOR_ALPHA 0.05} {DAGOR_BETA 0.01} {DAGOR_ADMISSION_LEVEL_UPDATE_INTERVAL 10ms} {DAGOR_UMAX 20}]

Summary:
  Count:	60094
  Total:	14.82 s
  Slowest:	808.09 ms
  Fastest:	110.86 ms
  Average:	136.14 ms
  Requests/sec:	4053.99

Response time histogram:
  110.860 [1]     |
  180.582 [48346] |∎∎∎∎∎∎∎∎∎∎∎∎∎∎∎∎∎∎∎∎∎∎∎∎∎∎∎∎∎∎∎∎∎∎∎∎∎∎∎∎
  250.305 [669]   |∎
  320.028 [330]   |
  389.751 [628]   |∎
  459.474 [853]   |∎
  529.196 [871]   |∎
  598.919 [300]   |
  668.642 [51]    |
  738.365 [1]     |
  808.087 [8]     |

Latency distribution:
  10 % in 113.65 ms 
  25 % in 118.15 ms 
  50 % in 130.03 ms 
  75 % in 143.54 ms 
  90 % in 164.09 ms 
  95 % in 334.75 ms 
  99 % in 504.49 ms 

Status code distribution:
  [OK]                  52058 responses   
  [ResourceExhausted]   7612 responses    
  [Canceled]            424 responses     

Error distribution:
  [12]     rpc error: code = ResourceExhausted desc = S_149998854 req dropped by ms-51685. Try again later.           
  [4440]   rpc error: code = ResourceExhausted desc = S_149998854 req dropped by nginx-web-server. Try again later.   
  [766]    rpc error: code = ResourceExhausted desc = S_149998854 req dropped by ms-66473. Try again later.           
  [1642]   rpc error: code = ResourceExhausted desc = S_149998854 req dropped by ms-55394. Try again later.           
  [752]    rpc error: code = ResourceExhausted desc = S_149998854 req dropped by ms-18330. Try again later.           
  [424]    rpc error: code = Canceled desc = grpc: the client connection is closing                                   

Debug: Checking Namespace=default, Pod=ms-10090-6454f977fd-xskpk for Target File=deathstar_*.output
Namespace: default, Pod: ms-10090-6454f977fd-xskpk has the target files.
Copying deathstar_ms-10090.output to deathstar_ms-10090.output
tar: removing leading '/' from member names
Debug: Checking Namespace=default, Pod=ms-13558-b48bb5d9d-flxcw for Target File=deathstar_*.output
Namespace: default, Pod: ms-13558-b48bb5d9d-flxcw has the target files.
Copying deathstar_ms-13558.output to deathstar_ms-13558.output
tar: removing leading '/' from member names
Debug: Checking Namespace=default, Pod=ms-18330-759d9cf49c-v5x2z for Target File=deathstar_*.output
Namespace: default, Pod: ms-18330-759d9cf49c-v5x2z has the target files.
Copying deathstar_ms-18330.output to deathstar_ms-18330.output
tar: removing leading '/' from member names
Debug: Checking Namespace=default, Pod=ms-19585-6f995cfcbf-6mvws for Target File=deathstar_*.output
Namespace: default, Pod: ms-19585-6f995cfcbf-6mvws has the target files.
Copying deathstar_ms-19585.output to deathstar_ms-19585.output
tar: removing leading '/' from member names
Debug: Checking Namespace=default, Pod=ms-20172-59d5485464-vt27r for Target File=deathstar_*.output
Namespace: default, Pod: ms-20172-59d5485464-vt27r has the target files.
Copying deathstar_ms-20172.output to deathstar_ms-20172.output
tar: removing leading '/' from member names
Debug: Checking Namespace=default, Pod=ms-22893-576fd5f9f6-wd5gh for Target File=deathstar_*.output
Namespace: default, Pod: ms-22893-576fd5f9f6-wd5gh has the target files.
Copying deathstar_ms-22893.output to deathstar_ms-22893.output
tar: removing leading '/' from member names
Debug: Checking Namespace=default, Pod=ms-24009-67dbf5b976-fnf6q for Target File=deathstar_*.output
Namespace: default, Pod: ms-24009-67dbf5b976-fnf6q has the target files.
Copying deathstar_ms-24009.output to deathstar_ms-24009.output
tar: removing leading '/' from member names
Debug: Checking Namespace=default, Pod=ms-24959-99f8bbf9-zwb4j for Target File=deathstar_*.output
Namespace: default, Pod: ms-24959-99f8bbf9-zwb4j has the target files.
Copying deathstar_ms-24959.output to deathstar_ms-24959.output
tar: removing leading '/' from member names
Debug: Checking Namespace=default, Pod=ms-26622-66fdf7d64f-429cn for Target File=deathstar_*.output
Namespace: default, Pod: ms-26622-66fdf7d64f-429cn has the target files.
Copying deathstar_ms-26622.output to deathstar_ms-26622.output
tar: removing leading '/' from member names
Debug: Checking Namespace=default, Pod=ms-27421-64f549855c-b5rbc for Target File=deathstar_*.output
Namespace: default, Pod: ms-27421-64f549855c-b5rbc has the target files.
Copying deathstar_ms-27421.output to deathstar_ms-27421.output
tar: removing leading '/' from member names
Debug: Checking Namespace=default, Pod=ms-29373-8467f7db44-k8kbg for Target File=deathstar_*.output
Namespace: default, Pod: ms-29373-8467f7db44-k8kbg has the target files.
Copying deathstar_ms-29373.output to deathstar_ms-29373.output
tar: removing leading '/' from member names
Debug: Checking Namespace=default, Pod=ms-32301-c5654bbc5-qthw2 for Target File=deathstar_*.output
Namespace: default, Pod: ms-32301-c5654bbc5-qthw2 has the target files.
Copying deathstar_ms-32301.output to deathstar_ms-32301.output
tar: removing leading '/' from member names
Debug: Checking Namespace=default, Pod=ms-3289-587dbd96bf-vfscd for Target File=deathstar_*.output
Namespace: default, Pod: ms-3289-587dbd96bf-vfscd has the target files.
Copying deathstar_ms-3289.output to deathstar_ms-3289.output
tar: removing leading '/' from member names
Debug: Checking Namespace=default, Pod=ms-37691-6dc6cd6744-6xkrn for Target File=deathstar_*.output
Namespace: default, Pod: ms-37691-6dc6cd6744-6xkrn has the target files.
Copying deathstar_ms-37691.output to deathstar_ms-37691.output
tar: removing leading '/' from member names
Debug: Checking Namespace=default, Pod=ms-38964-5b647cdbd-gbshp for Target File=deathstar_*.output
Namespace: default, Pod: ms-38964-5b647cdbd-gbshp has the target files.
Copying deathstar_ms-38964.output to deathstar_ms-38964.output
tar: removing leading '/' from member names
Debug: Checking Namespace=default, Pod=ms-40147-cd867585-phdlk for Target File=deathstar_*.output
Namespace: default, Pod: ms-40147-cd867585-phdlk has the target files.
Copying deathstar_ms-40147.output to deathstar_ms-40147.output
tar: removing leading '/' from member names
Debug: Checking Namespace=default, Pod=ms-48118-ff7b99cc9-d65zq for Target File=deathstar_*.output
Namespace: default, Pod: ms-48118-ff7b99cc9-d65zq has the target files.
Copying deathstar_ms-48118.output to deathstar_ms-48118.output
tar: removing leading '/' from member names
Debug: Checking Namespace=default, Pod=ms-4829-669557b66c-nwq2n for Target File=deathstar_*.output
Namespace: default, Pod: ms-4829-669557b66c-nwq2n has the target files.
Copying deathstar_ms-4829.output to deathstar_ms-4829.output
tar: removing leading '/' from member names
Debug: Checking Namespace=default, Pod=ms-51685-79858c784f-wj8q4 for Target File=deathstar_*.output
Namespace: default, Pod: ms-51685-79858c784f-wj8q4 has the target files.
Copying deathstar_ms-51685.output to deathstar_ms-51685.output
tar: removing leading '/' from member names
Debug: Checking Namespace=default, Pod=ms-52379-57c6cdd54b-q9bd5 for Target File=deathstar_*.output
Namespace: default, Pod: ms-52379-57c6cdd54b-q9bd5 has the target files.
Copying deathstar_ms-52379.output to deathstar_ms-52379.output
tar: removing leading '/' from member names
Debug: Checking Namespace=default, Pod=ms-55394-6f999f5df9-s9wk7 for Target File=deathstar_*.output
Namespace: default, Pod: ms-55394-6f999f5df9-s9wk7 has the target files.
Copying deathstar_ms-55394.output to deathstar_ms-55394.output
tar: removing leading '/' from member names
Debug: Checking Namespace=default, Pod=ms-58436-59dd96f659-2d9p2 for Target File=deathstar_*.output
Namespace: default, Pod: ms-58436-59dd96f659-2d9p2 has the target files.
Copying deathstar_ms-58436.output to deathstar_ms-58436.output
tar: removing leading '/' from member names
Debug: Checking Namespace=default, Pod=ms-58772-68ff78c966-4zc96 for Target File=deathstar_*.output
Namespace: default, Pod: ms-58772-68ff78c966-4zc96 has the target files.
Copying deathstar_ms-58772.output to deathstar_ms-58772.output
tar: removing leading '/' from member names
Debug: Checking Namespace=default, Pod=ms-59962-756b895b58-v7ltc for Target File=deathstar_*.output
Namespace: default, Pod: ms-59962-756b895b58-v7ltc has the target files.
Copying deathstar_ms-59962.output to deathstar_ms-59962.output
tar: removing leading '/' from member names
Debug: Checking Namespace=default, Pod=ms-60061-68bd84bdcd-bjbnd for Target File=deathstar_*.output
Namespace: default, Pod: ms-60061-68bd84bdcd-bjbnd has the target files.
Copying deathstar_ms-60061.output to deathstar_ms-60061.output
tar: removing leading '/' from member names
Debug: Checking Namespace=default, Pod=ms-6323-974659fcd-qjw6d for Target File=deathstar_*.output
Namespace: default, Pod: ms-6323-974659fcd-qjw6d has the target files.
Copying deathstar_ms-6323.output to deathstar_ms-6323.output
tar: removing leading '/' from member names
Debug: Checking Namespace=default, Pod=ms-65741-65f588bcdf-k5cn6 for Target File=deathstar_*.output
Namespace: default, Pod: ms-65741-65f588bcdf-k5cn6 has the target files.
Copying deathstar_ms-65741.output to deathstar_ms-65741.output
tar: removing leading '/' from member names
Debug: Checking Namespace=default, Pod=ms-66473-79c66f8bff-rjgwl for Target File=deathstar_*.output
Namespace: default, Pod: ms-66473-79c66f8bff-rjgwl has the target files.
Copying deathstar_ms-66473.output to deathstar_ms-66473.output
tar: removing leading '/' from member names
Debug: Checking Namespace=default, Pod=ms-69188-65c548d4cb-svm9r for Target File=deathstar_*.output
Namespace: default, Pod: ms-69188-65c548d4cb-svm9r has the target files.
Copying deathstar_ms-69188.output to deathstar_ms-69188.output
tar: removing leading '/' from member names
Debug: Checking Namespace=default, Pod=ms-69614-794bd8475-vcwvp for Target File=deathstar_*.output
Namespace: default, Pod: ms-69614-794bd8475-vcwvp has the target files.
Copying deathstar_ms-69614.output to deathstar_ms-69614.output
tar: removing leading '/' from member names
Debug: Checking Namespace=default, Pod=ms-9081-567985788-shjdj for Target File=deathstar_*.output
Namespace: default, Pod: ms-9081-567985788-shjdj has the target files.
Copying deathstar_ms-9081.output to deathstar_ms-9081.output
tar: removing leading '/' from member names
Debug: Checking Namespace=default, Pod=nginx-web-server-56557f7cb7-9twm6 for Target File=deathstar_*.output
Namespace: default, Pod: nginx-web-server-56557f7cb7-9twm6 has the target files.
Copying deathstar_nginx-web-server.output to deathstar_nginx-web-server.output
tar: removing leading '/' from member names
Debug: Checking Namespace=default, Pod=unknown-6ddf9bd4b5-m4ls4 for Target File=deathstar_*.output
Namespace: default, Pod: unknown-6ddf9bd4b5-m4ls4 has the target files.
Copying deathstar_unknown.output to deathstar_unknown.output
tar: removing leading '/' from member names
