Deployments: ms-11070
ms-11285
ms-11512
ms-1278
ms-13873
ms-19953
ms-21883
ms-25124
ms-27421
ms-2827
ms-33719
ms-37691
ms-43309
ms-4354
ms-46825
ms-60236
ms-71771
ms-8052
ms-902
nginx-web-server
deployment "ms-11070" successfully rolled out
deployment "ms-11285" successfully rolled out
deployment "ms-11512" successfully rolled out
deployment "ms-1278" successfully rolled out
deployment "ms-13873" successfully rolled out
deployment "ms-19953" successfully rolled out
deployment "ms-21883" successfully rolled out
deployment "ms-25124" successfully rolled out
deployment "ms-27421" successfully rolled out
deployment "ms-2827" successfully rolled out
deployment "ms-33719" successfully rolled out
deployment "ms-37691" successfully rolled out
deployment "ms-43309" successfully rolled out
deployment "ms-4354" successfully rolled out
deployment "ms-46825" successfully rolled out
deployment "ms-60236" successfully rolled out
deployment "ms-71771" successfully rolled out
deployment "ms-8052" successfully rolled out
deployment "ms-902" successfully rolled out
deployment "nginx-web-server" successfully rolled out
ENTRY_POINT: nginx-web-server
SERVICE_A_URL: 10.96.226.110:50051
Capacity: 10000
Metadata: request-id={{.RequestNumber}}
Metadata: timestamp={{.TimestampUnix}}
Metadata: method=S_102000854
Charon Configurations:
[{INTERCEPT charon} {PRICE_UPDATE_RATE 5884us} {TOKEN_UPDATE_RATE 23155us} {LATENCY_THRESHOLD 8404us} {PRICE_STEP 10} {PRICE_STRATEGY proportional} {LAZY_UPDATE true} {RATE_LIMITING true} {LOAD_SHEDDING true} {CHARON_TRACK_PRICE false} {BREAKWATER_SLO 12500us} {BREAKWATER_A 0.001} {BREAKWATER_B 0.02} {BREAKWATER_CLIENT_EXPIRATION 10ms} {BREAKWATER_INITIAL_CREDIT 400} {BREAKWATER_LOAD_SHEDDING true} {BREAKWATER_RTT 1000us} {BREAKWATERD_SLO 12500us} {BREAKWATERD_A 0.001} {BREAKWATERD_B 0.02} {BREAKWATERD_CLIENT_EXPIRATION 10ms} {BREAKWATERD_INITIAL_CREDIT 400} {BREAKWATERD_LOAD_SHEDDING true} {BREAKWATERD_RTT 1000us} {DAGOR_QUEUING_THRESHOLD 2ms} {DAGOR_ALPHA 0.05} {DAGOR_BETA 0.01} {DAGOR_ADMISSION_LEVEL_UPDATE_INTERVAL 10ms} {DAGOR_UMAX 20}]

Summary:
  Count:	91350
  Total:	14.79 s
  Slowest:	937.47 ms
  Fastest:	38.92 ms
  Average:	109.83 ms
  Requests/sec:	6177.66

Response time histogram:
  38.924  [1]     |
  128.779 [73659] |∎∎∎∎∎∎∎∎∎∎∎∎∎∎∎∎∎∎∎∎∎∎∎∎∎∎∎∎∎∎∎∎∎∎∎∎∎∎∎∎
  218.633 [5450]  |∎∎∎
  308.488 [3206]  |∎∎
  398.342 [2178]  |∎
  488.197 [1865]  |∎
  578.051 [1223]  |∎
  667.906 [424]   |
  757.760 [42]    |
  847.615 [161]   |
  937.469 [27]    |

Latency distribution:
  10 % in 41.70 ms 
  25 % in 60.44 ms 
  50 % in 81.31 ms 
  75 % in 107.14 ms 
  90 % in 231.72 ms 
  95 % in 365.16 ms 
  99 % in 547.13 ms 

Status code distribution:
  [OK]                  88236 responses   
  [ResourceExhausted]   2811 responses    
  [Canceled]            303 responses     

Error distribution:
  [1851]   rpc error: code = ResourceExhausted desc = S_102000854 req dropped by nginx-web-server. Try again later.   
  [155]    rpc error: code = ResourceExhausted desc = S_102000854 req dropped by ms-60236. Try again later.           
  [25]     rpc error: code = ResourceExhausted desc = S_102000854 req dropped by ms-71771. Try again later.           
  [303]    rpc error: code = Canceled desc = grpc: the client connection is closing                                   
  [576]    rpc error: code = ResourceExhausted desc = S_102000854 req dropped by ms-13873. Try again later.           
  [204]    rpc error: code = ResourceExhausted desc = S_102000854 req dropped by ms-25124. Try again later.           

Debug: Checking Namespace=default, Pod=ms-11070-7868c54f44-hx85r for Target File=deathstar_*.output
Namespace: default, Pod: ms-11070-7868c54f44-hx85r has the target files.
Copying deathstar_ms-11070.output to deathstar_ms-11070.output
tar: removing leading '/' from member names
Debug: Checking Namespace=default, Pod=ms-11285-67d597dc77-lfptg for Target File=deathstar_*.output
Namespace: default, Pod: ms-11285-67d597dc77-lfptg has the target files.
Copying deathstar_ms-11285.output to deathstar_ms-11285.output
tar: removing leading '/' from member names
Debug: Checking Namespace=default, Pod=ms-11512-75f8ddc45b-h5chm for Target File=deathstar_*.output
Namespace: default, Pod: ms-11512-75f8ddc45b-h5chm has the target files.
Copying deathstar_ms-11512.output to deathstar_ms-11512.output
tar: removing leading '/' from member names
Debug: Checking Namespace=default, Pod=ms-1278-85766ff6b8-c42vg for Target File=deathstar_*.output
Namespace: default, Pod: ms-1278-85766ff6b8-c42vg has the target files.
Copying deathstar_ms-1278.output to deathstar_ms-1278.output
tar: removing leading '/' from member names
Debug: Checking Namespace=default, Pod=ms-13873-85d7bb7b97-x9qlg for Target File=deathstar_*.output
Namespace: default, Pod: ms-13873-85d7bb7b97-x9qlg has the target files.
Copying deathstar_ms-13873.output to deathstar_ms-13873.output
tar: removing leading '/' from member names
Debug: Checking Namespace=default, Pod=ms-19953-68cc8998c5-g4pc8 for Target File=deathstar_*.output
Namespace: default, Pod: ms-19953-68cc8998c5-g4pc8 has the target files.
Copying deathstar_ms-19953.output to deathstar_ms-19953.output
tar: removing leading '/' from member names
Debug: Checking Namespace=default, Pod=ms-21883-f6c88c6d4-d8t64 for Target File=deathstar_*.output
Namespace: default, Pod: ms-21883-f6c88c6d4-d8t64 has the target files.
Copying deathstar_ms-21883.output to deathstar_ms-21883.output
tar: removing leading '/' from member names
Debug: Checking Namespace=default, Pod=ms-25124-77bd4446f5-g46dl for Target File=deathstar_*.output
Namespace: default, Pod: ms-25124-77bd4446f5-g46dl has the target files.
Copying deathstar_ms-25124.output to deathstar_ms-25124.output
tar: removing leading '/' from member names
Debug: Checking Namespace=default, Pod=ms-27421-8565974486-ktqqv for Target File=deathstar_*.output
Namespace: default, Pod: ms-27421-8565974486-ktqqv has the target files.
Copying deathstar_ms-27421.output to deathstar_ms-27421.output
Debug: Checking Namespace=default, Pod=ms-2827-5dcc6df4f4-gm72m for Target File=deathstar_*.output
Namespace: default, Pod: ms-2827-5dcc6df4f4-gm72m has the target files.
Copying deathstar_ms-2827.output to deathstar_ms-2827.output
tar: removing leading '/' from member names
Debug: Checking Namespace=default, Pod=ms-33719-6c455cf54c-w425c for Target File=deathstar_*.output
Namespace: default, Pod: ms-33719-6c455cf54c-w425c has the target files.
Copying deathstar_ms-33719.output to deathstar_ms-33719.output
tar: removing leading '/' from member names
Debug: Checking Namespace=default, Pod=ms-37691-b9bc44798-wq8tw for Target File=deathstar_*.output
Namespace: default, Pod: ms-37691-b9bc44798-wq8tw has the target files.
Copying deathstar_ms-37691.output to deathstar_ms-37691.output
tar: removing leading '/' from member names
Debug: Checking Namespace=default, Pod=ms-43309-54f758d465-kgjbf for Target File=deathstar_*.output
Namespace: default, Pod: ms-43309-54f758d465-kgjbf has the target files.
Copying deathstar_ms-43309.output to deathstar_ms-43309.output
tar: removing leading '/' from member names
Debug: Checking Namespace=default, Pod=ms-4354-669cfcbdf6-pqjqk for Target File=deathstar_*.output
Namespace: default, Pod: ms-4354-669cfcbdf6-pqjqk has the target files.
Copying deathstar_ms-4354.output to deathstar_ms-4354.output
tar: removing leading '/' from member names
Debug: Checking Namespace=default, Pod=ms-46825-58c684559d-5g8vw for Target File=deathstar_*.output
Namespace: default, Pod: ms-46825-58c684559d-5g8vw has the target files.
Copying deathstar_ms-46825.output to deathstar_ms-46825.output
tar: removing leading '/' from member names
Debug: Checking Namespace=default, Pod=ms-60236-64866cf49-6qx2p for Target File=deathstar_*.output
Namespace: default, Pod: ms-60236-64866cf49-6qx2p has the target files.
Copying deathstar_ms-60236.output to deathstar_ms-60236.output
tar: removing leading '/' from member names
Debug: Checking Namespace=default, Pod=ms-71771-567ddbdd95-cfct9 for Target File=deathstar_*.output
Namespace: default, Pod: ms-71771-567ddbdd95-cfct9 has the target files.
Copying deathstar_ms-71771.output to deathstar_ms-71771.output
tar: removing leading '/' from member names
Debug: Checking Namespace=default, Pod=ms-8052-b995968dc-l2vct for Target File=deathstar_*.output
Namespace: default, Pod: ms-8052-b995968dc-l2vct has the target files.
Copying deathstar_ms-8052.output to deathstar_ms-8052.output
tar: removing leading '/' from member names
Debug: Checking Namespace=default, Pod=ms-902-5744544f85-6wxvs for Target File=deathstar_*.output
Namespace: default, Pod: ms-902-5744544f85-6wxvs has the target files.
Copying deathstar_ms-902.output to deathstar_ms-902.output
tar: removing leading '/' from member names
Debug: Checking Namespace=default, Pod=nginx-web-server-56557f7cb7-z5gdj for Target File=deathstar_*.output
Namespace: default, Pod: nginx-web-server-56557f7cb7-z5gdj has the target files.
Copying deathstar_nginx-web-server.output to deathstar_nginx-web-server.output
tar: removing leading '/' from member names
