Deployments: ms-10090
ms-13558
ms-18330
ms-19585
ms-20172
ms-22893
ms-24009
ms-24959
ms-26622
ms-27421
ms-29373
ms-32301
ms-3289
ms-37691
ms-38964
ms-40147
ms-48118
ms-4829
ms-51685
ms-52379
ms-55394
ms-58436
ms-58772
ms-59962
ms-60061
ms-6323
ms-65741
ms-66473
ms-69188
ms-69614
ms-9081
nginx-web-server
unknown
deployment "ms-10090" successfully rolled out
deployment "ms-13558" successfully rolled out
deployment "ms-18330" successfully rolled out
deployment "ms-19585" successfully rolled out
deployment "ms-20172" successfully rolled out
deployment "ms-22893" successfully rolled out
deployment "ms-24009" successfully rolled out
deployment "ms-24959" successfully rolled out
deployment "ms-26622" successfully rolled out
deployment "ms-27421" successfully rolled out
deployment "ms-29373" successfully rolled out
deployment "ms-32301" successfully rolled out
deployment "ms-3289" successfully rolled out
deployment "ms-37691" successfully rolled out
deployment "ms-38964" successfully rolled out
deployment "ms-40147" successfully rolled out
deployment "ms-48118" successfully rolled out
deployment "ms-4829" successfully rolled out
deployment "ms-51685" successfully rolled out
deployment "ms-52379" successfully rolled out
deployment "ms-55394" successfully rolled out
deployment "ms-58436" successfully rolled out
deployment "ms-58772" successfully rolled out
deployment "ms-59962" successfully rolled out
deployment "ms-60061" successfully rolled out
deployment "ms-6323" successfully rolled out
deployment "ms-65741" successfully rolled out
deployment "ms-66473" successfully rolled out
deployment "ms-69188" successfully rolled out
deployment "ms-69614" successfully rolled out
deployment "ms-9081" successfully rolled out
deployment "nginx-web-server" successfully rolled out
deployment "unknown" successfully rolled out
ENTRY_POINT: nginx-web-server
SERVICE_A_URL: 10.97.97.241:50051
Capacity: 10000
Metadata: request-id={{.RequestNumber}}
Metadata: timestamp={{.TimestampUnix}}
Metadata: method=S_149998854
Charon Configurations:
[{INTERCEPT charon} {PRICE_UPDATE_RATE 4835us} {TOKEN_UPDATE_RATE 17423us} {LATENCY_THRESHOLD 1781us} {PRICE_STEP 132} {PRICE_STRATEGY proportional} {LAZY_UPDATE true} {RATE_LIMITING true} {LOAD_SHEDDING true} {CHARON_TRACK_PRICE false} {BREAKWATER_SLO 12500us} {BREAKWATER_A 0.001} {BREAKWATER_B 0.02} {BREAKWATER_CLIENT_EXPIRATION 10ms} {BREAKWATER_INITIAL_CREDIT 400} {BREAKWATER_LOAD_SHEDDING true} {BREAKWATER_RTT 1000us} {BREAKWATERD_SLO 12500us} {BREAKWATERD_A 0.001} {BREAKWATERD_B 0.02} {BREAKWATERD_CLIENT_EXPIRATION 10ms} {BREAKWATERD_INITIAL_CREDIT 400} {BREAKWATERD_LOAD_SHEDDING true} {BREAKWATERD_RTT 1000us} {DAGOR_QUEUING_THRESHOLD 2ms} {DAGOR_ALPHA 0.05} {DAGOR_BETA 0.01} {DAGOR_ADMISSION_LEVEL_UPDATE_INTERVAL 10ms} {DAGOR_UMAX 20}]

Summary:
  Count:	27208
  Total:	14.85 s
  Slowest:	842.91 ms
  Fastest:	110.80 ms
  Average:	112.73 ms
  Requests/sec:	1832.81

Response time histogram:
  110.802 [1]     |
  184.013 [22183] |∎∎∎∎∎∎∎∎∎∎∎∎∎∎∎∎∎∎∎∎∎∎∎∎∎∎∎∎∎∎∎∎∎∎∎∎∎∎∎∎
  257.224 [437]   |∎
  330.435 [325]   |∎
  403.646 [52]    |
  476.857 [59]    |
  550.068 [0]     |
  623.279 [0]     |
  696.490 [0]     |
  769.701 [0]     |
  842.912 [29]    |

Latency distribution:
  10 % in 112.40 ms 
  25 % in 113.33 ms 
  50 % in 115.46 ms 
  75 % in 120.03 ms 
  90 % in 128.16 ms 
  95 % in 140.19 ms 
  99 % in 296.65 ms 

Status code distribution:
  [OK]                  23086 responses   
  [Canceled]            166 responses     
  [ResourceExhausted]   3956 responses    

Error distribution:
  [459]    rpc error: code = ResourceExhausted desc = S_149998854 req dropped by ms-66473. Try again later.           
  [2575]   rpc error: code = ResourceExhausted desc = S_149998854 req dropped by nginx-web-server. Try again later.   
  [166]    rpc error: code = Canceled desc = grpc: the client connection is closing                                   
  [160]    rpc error: code = ResourceExhausted desc = S_149998854 req dropped by ms-18330. Try again later.           
  [762]    rpc error: code = ResourceExhausted desc = S_149998854 req dropped by ms-55394. Try again later.           

Debug: Checking Namespace=default, Pod=ms-10090-6454f977fd-2bl75 for Target File=deathstar_*.output
Namespace: default, Pod: ms-10090-6454f977fd-2bl75 has the target files.
Copying deathstar_ms-10090.output to deathstar_ms-10090.output
tar: removing leading '/' from member names
Debug: Checking Namespace=default, Pod=ms-13558-b48bb5d9d-8cjg6 for Target File=deathstar_*.output
Namespace: default, Pod: ms-13558-b48bb5d9d-8cjg6 has the target files.
Copying deathstar_ms-13558.output to deathstar_ms-13558.output
tar: removing leading '/' from member names
Debug: Checking Namespace=default, Pod=ms-18330-759d9cf49c-kjql6 for Target File=deathstar_*.output
Namespace: default, Pod: ms-18330-759d9cf49c-kjql6 has the target files.
Copying deathstar_ms-18330.output to deathstar_ms-18330.output
tar: removing leading '/' from member names
Debug: Checking Namespace=default, Pod=ms-19585-6f995cfcbf-h2tjz for Target File=deathstar_*.output
Namespace: default, Pod: ms-19585-6f995cfcbf-h2tjz has the target files.
Copying deathstar_ms-19585.output to deathstar_ms-19585.output
tar: removing leading '/' from member names
Debug: Checking Namespace=default, Pod=ms-20172-59d5485464-rq72w for Target File=deathstar_*.output
Namespace: default, Pod: ms-20172-59d5485464-rq72w has the target files.
Copying deathstar_ms-20172.output to deathstar_ms-20172.output
tar: removing leading '/' from member names
Debug: Checking Namespace=default, Pod=ms-22893-576fd5f9f6-22xqh for Target File=deathstar_*.output
Namespace: default, Pod: ms-22893-576fd5f9f6-22xqh has the target files.
Copying deathstar_ms-22893.output to deathstar_ms-22893.output
tar: removing leading '/' from member names
Debug: Checking Namespace=default, Pod=ms-24009-67dbf5b976-rrzq5 for Target File=deathstar_*.output
Namespace: default, Pod: ms-24009-67dbf5b976-rrzq5 has the target files.
Copying deathstar_ms-24009.output to deathstar_ms-24009.output
tar: removing leading '/' from member names
Debug: Checking Namespace=default, Pod=ms-24959-99f8bbf9-f4qrq for Target File=deathstar_*.output
Namespace: default, Pod: ms-24959-99f8bbf9-f4qrq has the target files.
Copying deathstar_ms-24959.output to deathstar_ms-24959.output
tar: removing leading '/' from member names
Debug: Checking Namespace=default, Pod=ms-26622-66fdf7d64f-x8psj for Target File=deathstar_*.output
Namespace: default, Pod: ms-26622-66fdf7d64f-x8psj has the target files.
Copying deathstar_ms-26622.output to deathstar_ms-26622.output
tar: removing leading '/' from member names
Debug: Checking Namespace=default, Pod=ms-27421-64f549855c-49swx for Target File=deathstar_*.output
Namespace: default, Pod: ms-27421-64f549855c-49swx has the target files.
Copying deathstar_ms-27421.output to deathstar_ms-27421.output
tar: removing leading '/' from member names
Debug: Checking Namespace=default, Pod=ms-29373-8467f7db44-h8cwx for Target File=deathstar_*.output
Namespace: default, Pod: ms-29373-8467f7db44-h8cwx has the target files.
Copying deathstar_ms-29373.output to deathstar_ms-29373.output
tar: removing leading '/' from member names
Debug: Checking Namespace=default, Pod=ms-32301-c5654bbc5-csjvm for Target File=deathstar_*.output
Namespace: default, Pod: ms-32301-c5654bbc5-csjvm has the target files.
Copying deathstar_ms-32301.output to deathstar_ms-32301.output
tar: removing leading '/' from member names
Debug: Checking Namespace=default, Pod=ms-3289-587dbd96bf-ls7k4 for Target File=deathstar_*.output
Namespace: default, Pod: ms-3289-587dbd96bf-ls7k4 has the target files.
Copying deathstar_ms-3289.output to deathstar_ms-3289.output
tar: removing leading '/' from member names
Debug: Checking Namespace=default, Pod=ms-37691-6dc6cd6744-9vf94 for Target File=deathstar_*.output
Namespace: default, Pod: ms-37691-6dc6cd6744-9vf94 has the target files.
Copying deathstar_ms-37691.output to deathstar_ms-37691.output
tar: removing leading '/' from member names
Debug: Checking Namespace=default, Pod=ms-38964-5b647cdbd-lmp6c for Target File=deathstar_*.output
Namespace: default, Pod: ms-38964-5b647cdbd-lmp6c has the target files.
Copying deathstar_ms-38964.output to deathstar_ms-38964.output
tar: removing leading '/' from member names
Debug: Checking Namespace=default, Pod=ms-40147-cd867585-dqnhb for Target File=deathstar_*.output
Namespace: default, Pod: ms-40147-cd867585-dqnhb has the target files.
Copying deathstar_ms-40147.output to deathstar_ms-40147.output
tar: removing leading '/' from member names
Debug: Checking Namespace=default, Pod=ms-48118-ff7b99cc9-482d2 for Target File=deathstar_*.output
Namespace: default, Pod: ms-48118-ff7b99cc9-482d2 has the target files.
Copying deathstar_ms-48118.output to deathstar_ms-48118.output
tar: removing leading '/' from member names
Debug: Checking Namespace=default, Pod=ms-4829-669557b66c-g79f7 for Target File=deathstar_*.output
Namespace: default, Pod: ms-4829-669557b66c-g79f7 has the target files.
Copying deathstar_ms-4829.output to deathstar_ms-4829.output
tar: removing leading '/' from member names
Debug: Checking Namespace=default, Pod=ms-51685-79858c784f-7cvb4 for Target File=deathstar_*.output
Namespace: default, Pod: ms-51685-79858c784f-7cvb4 has the target files.
Copying deathstar_ms-51685.output to deathstar_ms-51685.output
tar: removing leading '/' from member names
Debug: Checking Namespace=default, Pod=ms-52379-57c6cdd54b-mfhbw for Target File=deathstar_*.output
Namespace: default, Pod: ms-52379-57c6cdd54b-mfhbw has the target files.
Copying deathstar_ms-52379.output to deathstar_ms-52379.output
tar: removing leading '/' from member names
Debug: Checking Namespace=default, Pod=ms-55394-6f999f5df9-gpfxs for Target File=deathstar_*.output
Namespace: default, Pod: ms-55394-6f999f5df9-gpfxs has the target files.
Copying deathstar_ms-55394.output to deathstar_ms-55394.output
tar: removing leading '/' from member names
Debug: Checking Namespace=default, Pod=ms-58436-59dd96f659-pbmt4 for Target File=deathstar_*.output
Namespace: default, Pod: ms-58436-59dd96f659-pbmt4 has the target files.
Copying deathstar_ms-58436.output to deathstar_ms-58436.output
tar: removing leading '/' from member names
Debug: Checking Namespace=default, Pod=ms-58772-68ff78c966-7l7s5 for Target File=deathstar_*.output
Namespace: default, Pod: ms-58772-68ff78c966-7l7s5 has the target files.
Copying deathstar_ms-58772.output to deathstar_ms-58772.output
tar: removing leading '/' from member names
Debug: Checking Namespace=default, Pod=ms-59962-756b895b58-zgtxf for Target File=deathstar_*.output
Namespace: default, Pod: ms-59962-756b895b58-zgtxf has the target files.
Copying deathstar_ms-59962.output to deathstar_ms-59962.output
tar: removing leading '/' from member names
Debug: Checking Namespace=default, Pod=ms-60061-68bd84bdcd-9s2qd for Target File=deathstar_*.output
Namespace: default, Pod: ms-60061-68bd84bdcd-9s2qd has the target files.
Copying deathstar_ms-60061.output to deathstar_ms-60061.output
tar: removing leading '/' from member names
Debug: Checking Namespace=default, Pod=ms-6323-974659fcd-tkskc for Target File=deathstar_*.output
Namespace: default, Pod: ms-6323-974659fcd-tkskc has the target files.
Copying deathstar_ms-6323.output to deathstar_ms-6323.output
tar: removing leading '/' from member names
Debug: Checking Namespace=default, Pod=ms-65741-65f588bcdf-mpqt8 for Target File=deathstar_*.output
Namespace: default, Pod: ms-65741-65f588bcdf-mpqt8 has the target files.
Copying deathstar_ms-65741.output to deathstar_ms-65741.output
tar: removing leading '/' from member names
Debug: Checking Namespace=default, Pod=ms-66473-79c66f8bff-x9k46 for Target File=deathstar_*.output
Namespace: default, Pod: ms-66473-79c66f8bff-x9k46 has the target files.
Copying deathstar_ms-66473.output to deathstar_ms-66473.output
tar: removing leading '/' from member names
Debug: Checking Namespace=default, Pod=ms-69188-65c548d4cb-6p829 for Target File=deathstar_*.output
Namespace: default, Pod: ms-69188-65c548d4cb-6p829 has the target files.
Copying deathstar_ms-69188.output to deathstar_ms-69188.output
tar: removing leading '/' from member names
Debug: Checking Namespace=default, Pod=ms-69614-794bd8475-2sv4f for Target File=deathstar_*.output
Namespace: default, Pod: ms-69614-794bd8475-2sv4f has the target files.
Copying deathstar_ms-69614.output to deathstar_ms-69614.output
tar: removing leading '/' from member names
Debug: Checking Namespace=default, Pod=ms-9081-567985788-w7zh9 for Target File=deathstar_*.output
Namespace: default, Pod: ms-9081-567985788-w7zh9 has the target files.
Copying deathstar_ms-9081.output to deathstar_ms-9081.output
tar: removing leading '/' from member names
Debug: Checking Namespace=default, Pod=nginx-web-server-56557f7cb7-x5xk6 for Target File=deathstar_*.output
Namespace: default, Pod: nginx-web-server-56557f7cb7-x5xk6 has the target files.
Copying deathstar_nginx-web-server.output to deathstar_nginx-web-server.output
tar: removing leading '/' from member names
Debug: Checking Namespace=default, Pod=unknown-6ddf9bd4b5-krtrt for Target File=deathstar_*.output
Namespace: default, Pod: unknown-6ddf9bd4b5-krtrt has the target files.
Copying deathstar_unknown.output to deathstar_unknown.output
tar: removing leading '/' from member names
