Deployments: ms-11070
ms-11285
ms-11512
ms-1278
ms-13873
ms-19953
ms-21883
ms-25124
ms-27421
ms-2827
ms-33719
ms-37691
ms-43309
ms-4354
ms-46825
ms-60236
ms-71771
ms-8052
ms-902
nginx-web-server
deployment "ms-11070" successfully rolled out
deployment "ms-11285" successfully rolled out
deployment "ms-11512" successfully rolled out
deployment "ms-1278" successfully rolled out
deployment "ms-13873" successfully rolled out
deployment "ms-19953" successfully rolled out
deployment "ms-21883" successfully rolled out
deployment "ms-25124" successfully rolled out
deployment "ms-27421" successfully rolled out
deployment "ms-2827" successfully rolled out
deployment "ms-33719" successfully rolled out
deployment "ms-37691" successfully rolled out
deployment "ms-43309" successfully rolled out
deployment "ms-4354" successfully rolled out
deployment "ms-46825" successfully rolled out
deployment "ms-60236" successfully rolled out
deployment "ms-71771" successfully rolled out
deployment "ms-8052" successfully rolled out
deployment "ms-902" successfully rolled out
deployment "nginx-web-server" successfully rolled out
ENTRY_POINT: nginx-web-server
SERVICE_A_URL: 10.106.65.193:50051
Capacity: 10000
Metadata: method=S_102000854
Metadata: request-id={{.RequestNumber}}
Metadata: timestamp={{.TimestampUnix}}
Charon Configurations:
[{INTERCEPT breakwaterd} {PRICE_UPDATE_RATE 10ms} {TOKEN_UPDATE_RATE 10ms} {LATENCY_THRESHOLD 100us} {PRICE_STEP 0} {PRICE_STRATEGY step} {LAZY_UPDATE false} {RATE_LIMITING true} {LOAD_SHEDDING true} {CHARON_TRACK_PRICE false} {BREAKWATER_SLO 50000us} {BREAKWATER_A 0.0} {BREAKWATER_B 10.0} {BREAKWATER_CLIENT_EXPIRATION 1us} {BREAKWATER_INITIAL_CREDIT 400} {BREAKWATER_LOAD_SHEDDING true} {BREAKWATER_RTT 0us} {BREAKWATERD_SLO 24564us} {BREAKWATERD_A 0.0} {BREAKWATERD_B 0.0} {BREAKWATERD_CLIENT_EXPIRATION 58277us} {BREAKWATERD_INITIAL_CREDIT 5000} {BREAKWATERD_LOAD_SHEDDING true} {BREAKWATERD_RTT 1000us} {DAGOR_QUEUING_THRESHOLD 2ms} {DAGOR_ALPHA 0.05} {DAGOR_BETA 0.01} {DAGOR_ADMISSION_LEVEL_UPDATE_INTERVAL 10ms} {DAGOR_UMAX 20}]

Summary:
  Count:	8624
  Total:	25.00 s
  Slowest:	864.07 ms
  Fastest:	40.46 ms
  Average:	93.58 ms
  Requests/sec:	344.95

Response time histogram:
  40.455  [1]    |
  122.817 [6762] |∎∎∎∎∎∎∎∎∎∎∎∎∎∎∎∎∎∎∎∎∎∎∎∎∎∎∎∎∎∎∎∎∎∎∎∎∎∎∎∎
  205.178 [37]   |
  287.539 [0]    |
  369.901 [0]    |
  452.262 [0]    |
  534.623 [0]    |
  616.985 [2]    |
  699.346 [0]    |
  781.707 [1]    |
  864.069 [43]   |

Latency distribution:
  10 % in 44.00 ms 
  25 % in 61.15 ms 
  50 % in 85.53 ms 
  75 % in 91.16 ms 
  90 % in 93.38 ms 
  95 % in 95.10 ms 
  99 % in 134.80 ms 

Status code distribution:
  [ResourceExhausted]   1740 responses   
  [OK]                  6846 responses   
  [Canceled]            38 responses     

Error distribution:
  [38]     rpc error: code = Canceled desc = grpc: the client connection is closing                                              
  [450]    rpc error: code = ResourceExhausted desc = Client id 9df1f284-0198-4bd2-b200-861e2b046d54 request expired in queue.   
  [1290]   rpc error: code = ResourceExhausted desc = Client id de003d2a-0d6a-4536-a426-a5d6055f9a22 request expired in queue.   

Debug: Checking Namespace=default, Pod=ms-11070-7868c54f44-875sj for Target File=deathstar_*.output
Namespace: default, Pod: ms-11070-7868c54f44-875sj has the target files.
Copying deathstar_ms-11070.output to deathstar_ms-11070.output
tar: removing leading '/' from member names
Debug: Checking Namespace=default, Pod=ms-11285-67d597dc77-cr9qh for Target File=deathstar_*.output
Namespace: default, Pod: ms-11285-67d597dc77-cr9qh has the target files.
Copying deathstar_ms-11285.output to deathstar_ms-11285.output
tar: removing leading '/' from member names
Debug: Checking Namespace=default, Pod=ms-11512-75f8ddc45b-8cmwb for Target File=deathstar_*.output
Namespace: default, Pod: ms-11512-75f8ddc45b-8cmwb has the target files.
Copying deathstar_ms-11512.output to deathstar_ms-11512.output
tar: removing leading '/' from member names
Debug: Checking Namespace=default, Pod=ms-1278-85766ff6b8-q5qrd for Target File=deathstar_*.output
Namespace: default, Pod: ms-1278-85766ff6b8-q5qrd has the target files.
Copying deathstar_ms-1278.output to deathstar_ms-1278.output
tar: removing leading '/' from member names
Debug: Checking Namespace=default, Pod=ms-13873-85d7bb7b97-nmrx2 for Target File=deathstar_*.output
Namespace: default, Pod: ms-13873-85d7bb7b97-nmrx2 has the target files.
Copying deathstar_ms-13873.output to deathstar_ms-13873.output
tar: removing leading '/' from member names
Debug: Checking Namespace=default, Pod=ms-19953-68cc8998c5-4bl47 for Target File=deathstar_*.output
Namespace: default, Pod: ms-19953-68cc8998c5-4bl47 has the target files.
Copying deathstar_ms-19953.output to deathstar_ms-19953.output
tar: removing leading '/' from member names
Debug: Checking Namespace=default, Pod=ms-21883-f6c88c6d4-2jrhq for Target File=deathstar_*.output
Namespace: default, Pod: ms-21883-f6c88c6d4-2jrhq has the target files.
Copying deathstar_ms-21883.output to deathstar_ms-21883.output
tar: removing leading '/' from member names
Debug: Checking Namespace=default, Pod=ms-25124-77bd4446f5-npd2h for Target File=deathstar_*.output
Namespace: default, Pod: ms-25124-77bd4446f5-npd2h has the target files.
Copying deathstar_ms-25124.output to deathstar_ms-25124.output
tar: removing leading '/' from member names
Debug: Checking Namespace=default, Pod=ms-27421-8565974486-xq9b6 for Target File=deathstar_*.output
Namespace: default, Pod: ms-27421-8565974486-xq9b6 has the target files.
Copying deathstar_ms-27421.output to deathstar_ms-27421.output
tar: removing leading '/' from member names
Debug: Checking Namespace=default, Pod=ms-2827-5dcc6df4f4-bhgfm for Target File=deathstar_*.output
Namespace: default, Pod: ms-2827-5dcc6df4f4-bhgfm has the target files.
Copying deathstar_ms-2827.output to deathstar_ms-2827.output
tar: removing leading '/' from member names
Debug: Checking Namespace=default, Pod=ms-33719-6c455cf54c-lx5dr for Target File=deathstar_*.output
Namespace: default, Pod: ms-33719-6c455cf54c-lx5dr has the target files.
Copying deathstar_ms-33719.output to deathstar_ms-33719.output
tar: removing leading '/' from member names
Debug: Checking Namespace=default, Pod=ms-37691-b9bc44798-5p966 for Target File=deathstar_*.output
Namespace: default, Pod: ms-37691-b9bc44798-5p966 has the target files.
Copying deathstar_ms-37691.output to deathstar_ms-37691.output
tar: removing leading '/' from member names
Debug: Checking Namespace=default, Pod=ms-43309-54f758d465-vmsls for Target File=deathstar_*.output
Namespace: default, Pod: ms-43309-54f758d465-vmsls has the target files.
Copying deathstar_ms-43309.output to deathstar_ms-43309.output
tar: removing leading '/' from member names
Debug: Checking Namespace=default, Pod=ms-4354-669cfcbdf6-9cbxd for Target File=deathstar_*.output
Namespace: default, Pod: ms-4354-669cfcbdf6-9cbxd has the target files.
Copying deathstar_ms-4354.output to deathstar_ms-4354.output
tar: removing leading '/' from member names
Debug: Checking Namespace=default, Pod=ms-46825-58c684559d-dd25b for Target File=deathstar_*.output
Namespace: default, Pod: ms-46825-58c684559d-dd25b has the target files.
Copying deathstar_ms-46825.output to deathstar_ms-46825.output
tar: removing leading '/' from member names
Debug: Checking Namespace=default, Pod=ms-60236-64866cf49-dftgs for Target File=deathstar_*.output
Namespace: default, Pod: ms-60236-64866cf49-dftgs has the target files.
Copying deathstar_ms-60236.output to deathstar_ms-60236.output
tar: removing leading '/' from member names
Debug: Checking Namespace=default, Pod=ms-71771-567ddbdd95-vs5qr for Target File=deathstar_*.output
Namespace: default, Pod: ms-71771-567ddbdd95-vs5qr has the target files.
Copying deathstar_ms-71771.output to deathstar_ms-71771.output
tar: removing leading '/' from member names
Debug: Checking Namespace=default, Pod=ms-8052-b995968dc-q9h6v for Target File=deathstar_*.output
Namespace: default, Pod: ms-8052-b995968dc-q9h6v has the target files.
Copying deathstar_ms-8052.output to deathstar_ms-8052.output
tar: removing leading '/' from member names
Debug: Checking Namespace=default, Pod=ms-902-5744544f85-cnq49 for Target File=deathstar_*.output
Namespace: default, Pod: ms-902-5744544f85-cnq49 has the target files.
Copying deathstar_ms-902.output to deathstar_ms-902.output
tar: removing leading '/' from member names
Debug: Checking Namespace=default, Pod=nginx-web-server-56557f7cb7-6qfhl for Target File=deathstar_*.output
Namespace: default, Pod: nginx-web-server-56557f7cb7-6qfhl has the target files.
Copying deathstar_nginx-web-server.output to deathstar_nginx-web-server.output
tar: removing leading '/' from member names
