Deployments: ms-11070
ms-11285
ms-11512
ms-1278
ms-13873
ms-19953
ms-21883
ms-25124
ms-27421
ms-2827
ms-33719
ms-37691
ms-43309
ms-4354
ms-46825
ms-60236
ms-71771
ms-8052
ms-902
nginx-web-server
deployment "ms-11070" successfully rolled out
deployment "ms-11285" successfully rolled out
deployment "ms-11512" successfully rolled out
deployment "ms-1278" successfully rolled out
deployment "ms-13873" successfully rolled out
deployment "ms-19953" successfully rolled out
deployment "ms-21883" successfully rolled out
deployment "ms-25124" successfully rolled out
deployment "ms-27421" successfully rolled out
deployment "ms-2827" successfully rolled out
deployment "ms-33719" successfully rolled out
deployment "ms-37691" successfully rolled out
deployment "ms-43309" successfully rolled out
deployment "ms-4354" successfully rolled out
deployment "ms-46825" successfully rolled out
deployment "ms-60236" successfully rolled out
deployment "ms-71771" successfully rolled out
deployment "ms-8052" successfully rolled out
deployment "ms-902" successfully rolled out
deployment "nginx-web-server" successfully rolled out
ENTRY_POINT: nginx-web-server
SERVICE_A_URL: 10.107.65.198:50051
Capacity: 10000
Metadata: request-id={{.RequestNumber}}
Metadata: timestamp={{.TimestampUnix}}
Metadata: method=S_102000854
Charon Configurations:
[{INTERCEPT breakwaterd} {PRICE_UPDATE_RATE 10ms} {TOKEN_UPDATE_RATE 10ms} {LATENCY_THRESHOLD 100us} {PRICE_STEP 0} {PRICE_STRATEGY step} {LAZY_UPDATE false} {RATE_LIMITING true} {LOAD_SHEDDING true} {CHARON_TRACK_PRICE false} {BREAKWATER_SLO 38063us} {BREAKWATER_A 30.0} {BREAKWATER_B 4.857397505530941} {BREAKWATER_CLIENT_EXPIRATION 1us} {BREAKWATER_INITIAL_CREDIT 376} {BREAKWATER_LOAD_SHEDDING true} {BREAKWATER_RTT 20000us} {BREAKWATERD_SLO 58223us} {BREAKWATERD_A 2.704326093240681} {BREAKWATERD_B 10.0} {BREAKWATERD_CLIENT_EXPIRATION 22644us} {BREAKWATERD_INITIAL_CREDIT 662} {BREAKWATERD_LOAD_SHEDDING true} {BREAKWATERD_RTT 18646us} {DAGOR_QUEUING_THRESHOLD 2ms} {DAGOR_ALPHA 0.05} {DAGOR_BETA 0.01} {DAGOR_ADMISSION_LEVEL_UPDATE_INTERVAL 10ms} {DAGOR_UMAX 20}]

Summary:
  Count:	91813
  Total:	25.00 s
  Slowest:	866.50 ms
  Fastest:	39.27 ms
  Average:	108.77 ms
  Requests/sec:	3673.17

Response time histogram:
  39.274  [1]     |
  121.996 [28734] |∎∎∎∎∎∎∎∎∎∎∎∎∎∎∎∎∎∎∎∎∎∎∎∎∎∎∎∎∎∎∎∎∎∎∎∎∎∎∎∎
  204.718 [27676] |∎∎∎∎∎∎∎∎∎∎∎∎∎∎∎∎∎∎∎∎∎∎∎∎∎∎∎∎∎∎∎∎∎∎∎∎∎∎∎
  287.441 [4826]  |∎∎∎∎∎∎∎
  370.163 [860]   |∎
  452.885 [58]    |
  535.608 [1]     |
  618.330 [1]     |
  701.052 [0]     |
  783.775 [3]     |
  866.497 [55]    |

Latency distribution:
  10 % in 43.05 ms 
  25 % in 81.04 ms 
  50 % in 127.94 ms 
  75 % in 165.79 ms 
  90 % in 201.20 ms 
  95 % in 233.73 ms 
  99 % in 310.66 ms 

Status code distribution:
  [ResourceExhausted]   29201 responses   
  [OK]                  62215 responses   
  [Canceled]            397 responses     

Error distribution:
  [10068]   rpc error: code = ResourceExhausted desc = Client id 1b0565f4-391b-4899-88db-a2ee9fb349e7 request expired in queue.   
  [118]     rpc error: code = ResourceExhausted desc = Client id ce5e4040-83c8-44d5-8152-b7684558d947 request expired in queue.   
  [870]     rpc error: code = ResourceExhausted desc = Client id 555ecded-b976-44d2-9a8f-3e25488f19bf request expired in queue.   
  [783]     rpc error: code = ResourceExhausted desc = Client id b5a3cd47-a453-4ea7-8d84-82c6465078ea request expired in queue.   
  [79]      rpc error: code = ResourceExhausted desc = Client id e55780d7-2a2d-458f-8909-5dbde1301904 request expired in queue.   
  [11808]   rpc error: code = ResourceExhausted desc = Client id 2759924c-7d44-468d-aad1-a0a10b34c663 request expired in queue.   
  [683]     rpc error: code = ResourceExhausted desc = Client id 561fba70-eab2-40e0-9393-073825419be7 request expired in queue.   
  [1269]    rpc error: code = ResourceExhausted desc = Client id 73412574-a30b-4f47-9ad5-0c968aafc593 request expired in queue.   
  [226]     rpc error: code = ResourceExhausted desc = Client id ee809681-9e42-4153-9ff9-ed240ae99d43 request expired in queue.   
  [82]      rpc error: code = ResourceExhausted desc = Client id 62a634d2-e2c2-4e39-91c5-b1c18b4458c3 request expired in queue.   
  [2]       rpc error: code = ResourceExhausted desc = Client id 1b4fbef5-c6ad-42a6-ab40-12967a4859dc request expired in queue.   
  [245]     rpc error: code = ResourceExhausted desc = Client id d463e0bd-9b45-4302-a6fc-b19e8221022c request expired in queue.   
  [563]     rpc error: code = ResourceExhausted desc = Client id e045b119-76ab-4e86-9130-25424ad450d1 request expired in queue.   
  [397]     rpc error: code = Canceled desc = grpc: the client connection is closing                                              
  [1246]    rpc error: code = ResourceExhausted desc = Client id dcf1c0ff-48d8-4129-af35-b2a546219672 request expired in queue.   
  [326]     rpc error: code = ResourceExhausted desc = Client id 487e7c13-61f3-4b79-b50f-8c3347d714aa request expired in queue.   
  [809]     rpc error: code = ResourceExhausted desc = Client id 4e7f6b96-54b4-4996-b0c2-83aa1dd334e6 request expired in queue.   
  [24]      rpc error: code = ResourceExhausted desc = Client id a8f3c6b8-abbf-48a6-b6cf-6cbb9540f5f6 request expired in queue.   

Debug: Checking Namespace=default, Pod=ms-11070-7868c54f44-vbxsb for Target File=deathstar_*.output
Namespace: default, Pod: ms-11070-7868c54f44-vbxsb has the target files.
Copying deathstar_ms-11070.output to deathstar_ms-11070.output
tar: removing leading '/' from member names
Debug: Checking Namespace=default, Pod=ms-11285-67d597dc77-qzqh5 for Target File=deathstar_*.output
Namespace: default, Pod: ms-11285-67d597dc77-qzqh5 has the target files.
Copying deathstar_ms-11285.output to deathstar_ms-11285.output
tar: removing leading '/' from member names
Debug: Checking Namespace=default, Pod=ms-11512-75f8ddc45b-nf6zp for Target File=deathstar_*.output
Namespace: default, Pod: ms-11512-75f8ddc45b-nf6zp has the target files.
Copying deathstar_ms-11512.output to deathstar_ms-11512.output
tar: removing leading '/' from member names
Debug: Checking Namespace=default, Pod=ms-1278-85766ff6b8-4sr7l for Target File=deathstar_*.output
Namespace: default, Pod: ms-1278-85766ff6b8-4sr7l has the target files.
Copying deathstar_ms-1278.output to deathstar_ms-1278.output
tar: removing leading '/' from member names
Debug: Checking Namespace=default, Pod=ms-13873-85d7bb7b97-x565m for Target File=deathstar_*.output
Namespace: default, Pod: ms-13873-85d7bb7b97-x565m has the target files.
Copying deathstar_ms-13873.output to deathstar_ms-13873.output
tar: removing leading '/' from member names
Debug: Checking Namespace=default, Pod=ms-19953-68cc8998c5-fdxj2 for Target File=deathstar_*.output
Namespace: default, Pod: ms-19953-68cc8998c5-fdxj2 has the target files.
Copying deathstar_ms-19953.output to deathstar_ms-19953.output
tar: removing leading '/' from member names
Debug: Checking Namespace=default, Pod=ms-21883-f6c88c6d4-gfjjw for Target File=deathstar_*.output
Namespace: default, Pod: ms-21883-f6c88c6d4-gfjjw has the target files.
Copying deathstar_ms-21883.output to deathstar_ms-21883.output
tar: removing leading '/' from member names
Debug: Checking Namespace=default, Pod=ms-25124-77bd4446f5-9cft6 for Target File=deathstar_*.output
Namespace: default, Pod: ms-25124-77bd4446f5-9cft6 has the target files.
Copying deathstar_ms-25124.output to deathstar_ms-25124.output
tar: removing leading '/' from member names
Debug: Checking Namespace=default, Pod=ms-27421-8565974486-t5477 for Target File=deathstar_*.output
Namespace: default, Pod: ms-27421-8565974486-t5477 has the target files.
Copying deathstar_ms-27421.output to deathstar_ms-27421.output
tar: removing leading '/' from member names
Debug: Checking Namespace=default, Pod=ms-2827-5dcc6df4f4-zc2ct for Target File=deathstar_*.output
Namespace: default, Pod: ms-2827-5dcc6df4f4-zc2ct has the target files.
Copying deathstar_ms-2827.output to deathstar_ms-2827.output
tar: removing leading '/' from member names
Debug: Checking Namespace=default, Pod=ms-33719-6c455cf54c-g4pct for Target File=deathstar_*.output
Namespace: default, Pod: ms-33719-6c455cf54c-g4pct has the target files.
Copying deathstar_ms-33719.output to deathstar_ms-33719.output
tar: removing leading '/' from member names
Debug: Checking Namespace=default, Pod=ms-37691-b9bc44798-zm9tl for Target File=deathstar_*.output
Namespace: default, Pod: ms-37691-b9bc44798-zm9tl has the target files.
Copying deathstar_ms-37691.output to deathstar_ms-37691.output
tar: removing leading '/' from member names
Debug: Checking Namespace=default, Pod=ms-43309-54f758d465-qfmbf for Target File=deathstar_*.output
Namespace: default, Pod: ms-43309-54f758d465-qfmbf has the target files.
Copying deathstar_ms-43309.output to deathstar_ms-43309.output
tar: removing leading '/' from member names
Debug: Checking Namespace=default, Pod=ms-4354-669cfcbdf6-2hjk4 for Target File=deathstar_*.output
Namespace: default, Pod: ms-4354-669cfcbdf6-2hjk4 has the target files.
Copying deathstar_ms-4354.output to deathstar_ms-4354.output
tar: removing leading '/' from member names
Debug: Checking Namespace=default, Pod=ms-46825-58c684559d-7rsgz for Target File=deathstar_*.output
Namespace: default, Pod: ms-46825-58c684559d-7rsgz has the target files.
Copying deathstar_ms-46825.output to deathstar_ms-46825.output
tar: removing leading '/' from member names
Debug: Checking Namespace=default, Pod=ms-60236-64866cf49-mjl8g for Target File=deathstar_*.output
Namespace: default, Pod: ms-60236-64866cf49-mjl8g has the target files.
Copying deathstar_ms-60236.output to deathstar_ms-60236.output
tar: removing leading '/' from member names
Debug: Checking Namespace=default, Pod=ms-71771-567ddbdd95-4z5n4 for Target File=deathstar_*.output
Namespace: default, Pod: ms-71771-567ddbdd95-4z5n4 has the target files.
Copying deathstar_ms-71771.output to deathstar_ms-71771.output
tar: removing leading '/' from member names
Debug: Checking Namespace=default, Pod=ms-8052-b995968dc-5dsls for Target File=deathstar_*.output
Namespace: default, Pod: ms-8052-b995968dc-5dsls has the target files.
Copying deathstar_ms-8052.output to deathstar_ms-8052.output
tar: removing leading '/' from member names
Debug: Checking Namespace=default, Pod=ms-902-5744544f85-rm7ch for Target File=deathstar_*.output
Namespace: default, Pod: ms-902-5744544f85-rm7ch has the target files.
Copying deathstar_ms-902.output to deathstar_ms-902.output
tar: removing leading '/' from member names
Debug: Checking Namespace=default, Pod=nginx-web-server-56557f7cb7-j6mmh for Target File=deathstar_*.output
Namespace: default, Pod: nginx-web-server-56557f7cb7-j6mmh has the target files.
Copying deathstar_nginx-web-server.output to deathstar_nginx-web-server.output
tar: removing leading '/' from member names
