Deployments: ms-10090
ms-13558
ms-18330
ms-19585
ms-20172
ms-22893
ms-24009
ms-24959
ms-26622
ms-27421
ms-29373
ms-32301
ms-3289
ms-37691
ms-38964
ms-40147
ms-48118
ms-4829
ms-51685
ms-52379
ms-55394
ms-58436
ms-58772
ms-59962
ms-60061
ms-6323
ms-65741
ms-66473
ms-69188
ms-69614
ms-9081
nginx-web-server
unknown
deployment "ms-10090" successfully rolled out
deployment "ms-13558" successfully rolled out
deployment "ms-18330" successfully rolled out
deployment "ms-19585" successfully rolled out
deployment "ms-20172" successfully rolled out
deployment "ms-22893" successfully rolled out
deployment "ms-24009" successfully rolled out
deployment "ms-24959" successfully rolled out
deployment "ms-26622" successfully rolled out
deployment "ms-27421" successfully rolled out
deployment "ms-29373" successfully rolled out
deployment "ms-32301" successfully rolled out
deployment "ms-3289" successfully rolled out
deployment "ms-37691" successfully rolled out
deployment "ms-38964" successfully rolled out
deployment "ms-40147" successfully rolled out
deployment "ms-48118" successfully rolled out
deployment "ms-4829" successfully rolled out
deployment "ms-51685" successfully rolled out
deployment "ms-52379" successfully rolled out
deployment "ms-55394" successfully rolled out
deployment "ms-58436" successfully rolled out
deployment "ms-58772" successfully rolled out
deployment "ms-59962" successfully rolled out
deployment "ms-60061" successfully rolled out
deployment "ms-6323" successfully rolled out
deployment "ms-65741" successfully rolled out
deployment "ms-66473" successfully rolled out
deployment "ms-69188" successfully rolled out
deployment "ms-69614" successfully rolled out
deployment "ms-9081" successfully rolled out
deployment "nginx-web-server" successfully rolled out
deployment "unknown" successfully rolled out
ENTRY_POINT: nginx-web-server
SERVICE_A_URL: 10.107.40.126:50051
Capacity: 8500
Metadata: request-id={{.RequestNumber}}
Metadata: timestamp={{.TimestampUnix}}
Metadata: method=motivation-both
Charon Configurations:
[{INTERCEPT dagorf} {PRICE_UPDATE_RATE 10ms} {TOKEN_UPDATE_RATE 10ms} {LATENCY_THRESHOLD 100us} {PRICE_STEP 0} {PRICE_STRATEGY step} {LAZY_UPDATE false} {RATE_LIMITING true} {LOAD_SHEDDING true} {CHARON_TRACK_PRICE false} {BREAKWATER_SLO 12500us} {BREAKWATER_A 0.001} {BREAKWATER_B 0.02} {BREAKWATER_CLIENT_EXPIRATION 10ms} {BREAKWATER_INITIAL_CREDIT 400} {BREAKWATER_LOAD_SHEDDING true} {BREAKWATER_RTT 1000us} {BREAKWATERD_SLO 12500us} {BREAKWATERD_A 0.001} {BREAKWATERD_B 0.02} {BREAKWATERD_CLIENT_EXPIRATION 10ms} {BREAKWATERD_INITIAL_CREDIT 400} {BREAKWATERD_LOAD_SHEDDING true} {BREAKWATERD_RTT 1000us} {DAGOR_QUEUING_THRESHOLD 611641us} {DAGOR_ALPHA 1.4406489868843162} {DAGOR_BETA 0.00011437481734488664} {DAGOR_ADMISSION_LEVEL_UPDATE_INTERVAL 20909us} {DAGOR_UMAX 4}]

Summary:
  Count:	44837
  Total:	6.85 s
  Slowest:	999.77 ms
  Fastest:	0.34 ms
  Average:	882.59 ms
  Requests/sec:	6543.43

Response time histogram:
  0.338   [1]    |
  100.281 [1432] |∎∎∎∎∎∎∎∎∎∎∎∎∎∎∎∎∎∎∎∎∎∎∎∎∎∎∎∎∎∎∎∎∎∎∎∎∎∎∎∎
  200.224 [127]  |∎∎∎∎
  300.168 [104]  |∎∎∎
  400.111 [73]   |∎∎
  500.054 [96]   |∎∎∎
  599.998 [126]  |∎∎∎∎
  699.941 [127]  |∎∎∎∎
  799.884 [127]  |∎∎∎∎
  899.828 [126]  |∎∎∎∎
  999.771 [82]   |∎∎

Latency distribution:
  10 % in 0.53 ms 
  25 % in 0.68 ms 
  50 % in 1.06 ms 
  75 % in 428.83 ms 
  90 % in 765.65 ms 
  95 % in 885.45 ms 
  99 % in 995.53 ms 

Status code distribution:
  [DeadlineExceeded]   35390 responses   
  [OK]                 2421 responses    
  [Canceled]           7026 responses    

Error distribution:
  [35390]   rpc error: code = DeadlineExceeded desc = context deadline exceeded        
  [7026]    rpc error: code = Canceled desc = grpc: the client connection is closing   

Debug: Checking Namespace=default, Pod=ms-10090-6454f977fd-2k25f for Target File=deathstar_*.output
Namespace: default, Pod: ms-10090-6454f977fd-2k25f has the target files.
Copying deathstar_ms-10090.output to deathstar_ms-10090.output
tar: removing leading '/' from member names
Debug: Checking Namespace=default, Pod=ms-13558-b48bb5d9d-4t7t8 for Target File=deathstar_*.output
Namespace: default, Pod: ms-13558-b48bb5d9d-4t7t8 has the target files.
Copying deathstar_ms-13558.output to deathstar_ms-13558.output
tar: removing leading '/' from member names
Debug: Checking Namespace=default, Pod=ms-18330-759d9cf49c-vfxl8 for Target File=deathstar_*.output
Namespace: default, Pod: ms-18330-759d9cf49c-vfxl8 has the target files.
Copying deathstar_ms-18330.output to deathstar_ms-18330.output
tar: removing leading '/' from member names
Debug: Checking Namespace=default, Pod=ms-19585-6f995cfcbf-drc88 for Target File=deathstar_*.output
Namespace: default, Pod: ms-19585-6f995cfcbf-drc88 has the target files.
Copying deathstar_ms-19585.output to deathstar_ms-19585.output
tar: removing leading '/' from member names
Debug: Checking Namespace=default, Pod=ms-20172-59d5485464-8g5x9 for Target File=deathstar_*.output
Namespace: default, Pod: ms-20172-59d5485464-8g5x9 has the target files.
Copying deathstar_ms-20172.output to deathstar_ms-20172.output
tar: removing leading '/' from member names
Debug: Checking Namespace=default, Pod=ms-22893-576fd5f9f6-8924j for Target File=deathstar_*.output
Namespace: default, Pod: ms-22893-576fd5f9f6-8924j has the target files.
Copying deathstar_ms-22893.output to deathstar_ms-22893.output
tar: removing leading '/' from member names
Debug: Checking Namespace=default, Pod=ms-24009-67dbf5b976-5zwqg for Target File=deathstar_*.output
Namespace: default, Pod: ms-24009-67dbf5b976-5zwqg has the target files.
Copying deathstar_ms-24009.output to deathstar_ms-24009.output
tar: removing leading '/' from member names
Debug: Checking Namespace=default, Pod=ms-24959-99f8bbf9-dc94q for Target File=deathstar_*.output
Namespace: default, Pod: ms-24959-99f8bbf9-dc94q has the target files.
Copying deathstar_ms-24959.output to deathstar_ms-24959.output
tar: removing leading '/' from member names
Debug: Checking Namespace=default, Pod=ms-26622-66fdf7d64f-cjk54 for Target File=deathstar_*.output
Namespace: default, Pod: ms-26622-66fdf7d64f-cjk54 has the target files.
Copying deathstar_ms-26622.output to deathstar_ms-26622.output
tar: removing leading '/' from member names
Debug: Checking Namespace=default, Pod=ms-27421-64f549855c-n886w for Target File=deathstar_*.output
Namespace: default, Pod: ms-27421-64f549855c-n886w has the target files.
Copying deathstar_ms-27421.output to deathstar_ms-27421.output
tar: removing leading '/' from member names
Debug: Checking Namespace=default, Pod=ms-29373-8467f7db44-tsbm8 for Target File=deathstar_*.output
Namespace: default, Pod: ms-29373-8467f7db44-tsbm8 has the target files.
Copying deathstar_ms-29373.output to deathstar_ms-29373.output
tar: removing leading '/' from member names
Debug: Checking Namespace=default, Pod=ms-32301-c5654bbc5-2v9c2 for Target File=deathstar_*.output
Namespace: default, Pod: ms-32301-c5654bbc5-2v9c2 has the target files.
Copying deathstar_ms-32301.output to deathstar_ms-32301.output
tar: removing leading '/' from member names
Debug: Checking Namespace=default, Pod=ms-3289-587dbd96bf-gs8p8 for Target File=deathstar_*.output
Namespace: default, Pod: ms-3289-587dbd96bf-gs8p8 has the target files.
Copying deathstar_ms-3289.output to deathstar_ms-3289.output
tar: removing leading '/' from member names
Debug: Checking Namespace=default, Pod=ms-37691-6dc6cd6744-2mc9k for Target File=deathstar_*.output
Namespace: default, Pod: ms-37691-6dc6cd6744-2mc9k has the target files.
Copying deathstar_ms-37691.output to deathstar_ms-37691.output
tar: removing leading '/' from member names
Debug: Checking Namespace=default, Pod=ms-38964-5b647cdbd-8qcqd for Target File=deathstar_*.output
Namespace: default, Pod: ms-38964-5b647cdbd-8qcqd has the target files.
Copying deathstar_ms-38964.output to deathstar_ms-38964.output
tar: removing leading '/' from member names
Debug: Checking Namespace=default, Pod=ms-40147-cd867585-89t9j for Target File=deathstar_*.output
Namespace: default, Pod: ms-40147-cd867585-89t9j has the target files.
Copying deathstar_ms-40147.output to deathstar_ms-40147.output
tar: removing leading '/' from member names
Debug: Checking Namespace=default, Pod=ms-48118-ff7b99cc9-fsnqf for Target File=deathstar_*.output
Namespace: default, Pod: ms-48118-ff7b99cc9-fsnqf has the target files.
Copying deathstar_ms-48118.output to deathstar_ms-48118.output
tar: removing leading '/' from member names
Debug: Checking Namespace=default, Pod=ms-4829-669557b66c-lkz54 for Target File=deathstar_*.output
Namespace: default, Pod: ms-4829-669557b66c-lkz54 has the target files.
Copying deathstar_ms-4829.output to deathstar_ms-4829.output
tar: removing leading '/' from member names
Debug: Checking Namespace=default, Pod=ms-51685-79858c784f-gv7r4 for Target File=deathstar_*.output
Namespace: default, Pod: ms-51685-79858c784f-gv7r4 has the target files.
Copying deathstar_ms-51685.output to deathstar_ms-51685.output
tar: removing leading '/' from member names
Debug: Checking Namespace=default, Pod=ms-52379-57c6cdd54b-mv4fr for Target File=deathstar_*.output
Namespace: default, Pod: ms-52379-57c6cdd54b-mv4fr has the target files.
Copying deathstar_ms-52379.output to deathstar_ms-52379.output
tar: removing leading '/' from member names
Debug: Checking Namespace=default, Pod=ms-55394-6f999f5df9-bx95v for Target File=deathstar_*.output
Namespace: default, Pod: ms-55394-6f999f5df9-bx95v has the target files.
Copying deathstar_ms-55394.output to deathstar_ms-55394.output
tar: removing leading '/' from member names
Debug: Checking Namespace=default, Pod=ms-58436-59dd96f659-fppzf for Target File=deathstar_*.output
Namespace: default, Pod: ms-58436-59dd96f659-fppzf has the target files.
Copying deathstar_ms-58436.output to deathstar_ms-58436.output
tar: removing leading '/' from member names
Debug: Checking Namespace=default, Pod=ms-58772-68ff78c966-xn4t8 for Target File=deathstar_*.output
Namespace: default, Pod: ms-58772-68ff78c966-xn4t8 has the target files.
Copying deathstar_ms-58772.output to deathstar_ms-58772.output
tar: removing leading '/' from member names
Debug: Checking Namespace=default, Pod=ms-59962-756b895b58-wgm6z for Target File=deathstar_*.output
Namespace: default, Pod: ms-59962-756b895b58-wgm6z has the target files.
Copying deathstar_ms-59962.output to deathstar_ms-59962.output
tar: removing leading '/' from member names
Debug: Checking Namespace=default, Pod=ms-60061-68bd84bdcd-fmqnp for Target File=deathstar_*.output
Namespace: default, Pod: ms-60061-68bd84bdcd-fmqnp has the target files.
Copying deathstar_ms-60061.output to deathstar_ms-60061.output
tar: removing leading '/' from member names
Debug: Checking Namespace=default, Pod=ms-6323-974659fcd-fmlt8 for Target File=deathstar_*.output
Namespace: default, Pod: ms-6323-974659fcd-fmlt8 has the target files.
Copying deathstar_ms-6323.output to deathstar_ms-6323.output
tar: removing leading '/' from member names
Debug: Checking Namespace=default, Pod=ms-65741-65f588bcdf-wwb4m for Target File=deathstar_*.output
Namespace: default, Pod: ms-65741-65f588bcdf-wwb4m has the target files.
Copying deathstar_ms-65741.output to deathstar_ms-65741.output
tar: removing leading '/' from member names
Debug: Checking Namespace=default, Pod=ms-66473-79c66f8bff-kl4k4 for Target File=deathstar_*.output
Namespace: default, Pod: ms-66473-79c66f8bff-kl4k4 has the target files.
Copying deathstar_ms-66473.output to deathstar_ms-66473.output
tar: removing leading '/' from member names
Debug: Checking Namespace=default, Pod=ms-69188-65c548d4cb-p5p7r for Target File=deathstar_*.output
Namespace: default, Pod: ms-69188-65c548d4cb-p5p7r has the target files.
Copying deathstar_ms-69188.output to deathstar_ms-69188.output
tar: removing leading '/' from member names
Debug: Checking Namespace=default, Pod=ms-69614-794bd8475-768zz for Target File=deathstar_*.output
Namespace: default, Pod: ms-69614-794bd8475-768zz has the target files.
Copying deathstar_ms-69614.output to deathstar_ms-69614.output
tar: removing leading '/' from member names
Debug: Checking Namespace=default, Pod=ms-9081-567985788-kn27l for Target File=deathstar_*.output
Namespace: default, Pod: ms-9081-567985788-kn27l has the target files.
Copying deathstar_ms-9081.output to deathstar_ms-9081.output
tar: removing leading '/' from member names
Debug: Checking Namespace=default, Pod=nginx-web-server-56557f7cb7-ptb6c for Target File=deathstar_*.output
Namespace: default, Pod: nginx-web-server-56557f7cb7-ptb6c has the target files.
Copying deathstar_nginx-web-server.output to deathstar_nginx-web-server.output
tar: removing leading '/' from member names
Debug: Checking Namespace=default, Pod=unknown-6ddf9bd4b5-lwwj2 for Target File=deathstar_*.output
Namespace: default, Pod: unknown-6ddf9bd4b5-lwwj2 has the target files.
Copying deathstar_unknown.output to deathstar_unknown.output
tar: removing leading '/' from member names
