Deployments: ms-11070
ms-11285
ms-11512
ms-1278
ms-13873
ms-19953
ms-21883
ms-25124
ms-27421
ms-2827
ms-33719
ms-37691
ms-43309
ms-4354
ms-46825
ms-60236
ms-71771
ms-8052
ms-902
nginx-web-server
deployment "ms-11070" successfully rolled out
deployment "ms-11285" successfully rolled out
deployment "ms-11512" successfully rolled out
deployment "ms-1278" successfully rolled out
deployment "ms-13873" successfully rolled out
deployment "ms-19953" successfully rolled out
deployment "ms-21883" successfully rolled out
deployment "ms-25124" successfully rolled out
deployment "ms-27421" successfully rolled out
deployment "ms-2827" successfully rolled out
deployment "ms-33719" successfully rolled out
deployment "ms-37691" successfully rolled out
deployment "ms-43309" successfully rolled out
deployment "ms-4354" successfully rolled out
deployment "ms-46825" successfully rolled out
deployment "ms-60236" successfully rolled out
deployment "ms-71771" successfully rolled out
deployment "ms-8052" successfully rolled out
deployment "ms-902" successfully rolled out
deployment "nginx-web-server" successfully rolled out
ENTRY_POINT: nginx-web-server
SERVICE_A_URL: 10.109.241.168:50051
Capacity: 10000
Metadata: timestamp={{.TimestampUnix}}
Metadata: method=S_102000854
Metadata: request-id={{.RequestNumber}}
Charon Configurations:
[{INTERCEPT charon} {PRICE_UPDATE_RATE 26893us} {TOKEN_UPDATE_RATE 15619us} {LATENCY_THRESHOLD 3083us} {PRICE_STEP 98} {PRICE_STRATEGY proportional} {LAZY_UPDATE true} {RATE_LIMITING true} {LOAD_SHEDDING true} {CHARON_TRACK_PRICE false} {BREAKWATER_SLO 12500us} {BREAKWATER_A 0.001} {BREAKWATER_B 0.02} {BREAKWATER_CLIENT_EXPIRATION 10ms} {BREAKWATER_INITIAL_CREDIT 400} {BREAKWATER_LOAD_SHEDDING true} {BREAKWATER_RTT 1000us} {BREAKWATERD_SLO 12500us} {BREAKWATERD_A 0.001} {BREAKWATERD_B 0.02} {BREAKWATERD_CLIENT_EXPIRATION 10ms} {BREAKWATERD_INITIAL_CREDIT 400} {BREAKWATERD_LOAD_SHEDDING true} {BREAKWATERD_RTT 1000us} {DAGOR_QUEUING_THRESHOLD 2ms} {DAGOR_ALPHA 0.05} {DAGOR_BETA 0.01} {DAGOR_ADMISSION_LEVEL_UPDATE_INTERVAL 10ms} {DAGOR_UMAX 20}]

Summary:
  Count:	74761
  Total:	14.79 s
  Slowest:	851.07 ms
  Fastest:	38.88 ms
  Average:	57.17 ms
  Requests/sec:	5054.34

Response time histogram:
  38.880  [1]     |
  120.099 [65407] |∎∎∎∎∎∎∎∎∎∎∎∎∎∎∎∎∎∎∎∎∎∎∎∎∎∎∎∎∎∎∎∎∎∎∎∎∎∎∎∎
  201.318 [1434]  |∎
  282.536 [1874]  |∎
  363.755 [40]    |
  444.974 [2]     |
  526.193 [68]    |
  607.412 [6]     |
  688.631 [0]     |
  769.850 [4]     |
  851.069 [59]    |

Latency distribution:
  10 % in 41.19 ms 
  25 % in 44.36 ms 
  50 % in 50.51 ms 
  75 % in 58.91 ms 
  90 % in 73.28 ms 
  95 % in 123.43 ms 
  99 % in 246.16 ms 

Status code distribution:
  [OK]                  68895 responses   
  [ResourceExhausted]   5763 responses    
  [Canceled]            103 responses     

Error distribution:
  [3]      rpc error: code = ResourceExhausted desc = S_102000854 req dropped by ms-71771. Try again later.           
  [588]    rpc error: code = ResourceExhausted desc = S_102000854 req dropped by ms-13873. Try again later.           
  [287]    rpc error: code = ResourceExhausted desc = S_102000854 req dropped by ms-60236. Try again later.           
  [285]    rpc error: code = ResourceExhausted desc = S_102000854 req dropped by ms-25124. Try again later.           
  [4599]   rpc error: code = ResourceExhausted desc = S_102000854 req dropped by nginx-web-server. Try again later.   
  [1]      rpc error: code = ResourceExhausted desc = S_102000854 req dropped by ms-33719. Try again later.           
  [103]    rpc error: code = Canceled desc = grpc: the client connection is closing                                   

Debug: Checking Namespace=default, Pod=ms-11070-7868c54f44-mlb58 for Target File=deathstar_*.output
Namespace: default, Pod: ms-11070-7868c54f44-mlb58 has the target files.
Copying deathstar_ms-11070.output to deathstar_ms-11070.output
tar: removing leading '/' from member names
Debug: Checking Namespace=default, Pod=ms-11285-67d597dc77-b2wst for Target File=deathstar_*.output
Namespace: default, Pod: ms-11285-67d597dc77-b2wst has the target files.
Copying deathstar_ms-11285.output to deathstar_ms-11285.output
tar: removing leading '/' from member names
Debug: Checking Namespace=default, Pod=ms-11512-75f8ddc45b-z27rj for Target File=deathstar_*.output
Namespace: default, Pod: ms-11512-75f8ddc45b-z27rj has the target files.
Copying deathstar_ms-11512.output to deathstar_ms-11512.output
tar: removing leading '/' from member names
Debug: Checking Namespace=default, Pod=ms-1278-85766ff6b8-msr6n for Target File=deathstar_*.output
Namespace: default, Pod: ms-1278-85766ff6b8-msr6n has the target files.
Copying deathstar_ms-1278.output to deathstar_ms-1278.output
tar: removing leading '/' from member names
Debug: Checking Namespace=default, Pod=ms-13873-85d7bb7b97-sqj88 for Target File=deathstar_*.output
Namespace: default, Pod: ms-13873-85d7bb7b97-sqj88 has the target files.
Copying deathstar_ms-13873.output to deathstar_ms-13873.output
tar: removing leading '/' from member names
Debug: Checking Namespace=default, Pod=ms-19953-68cc8998c5-49d4f for Target File=deathstar_*.output
Namespace: default, Pod: ms-19953-68cc8998c5-49d4f has the target files.
Copying deathstar_ms-19953.output to deathstar_ms-19953.output
tar: removing leading '/' from member names
Debug: Checking Namespace=default, Pod=ms-21883-f6c88c6d4-pn6l5 for Target File=deathstar_*.output
Namespace: default, Pod: ms-21883-f6c88c6d4-pn6l5 has the target files.
Copying deathstar_ms-21883.output to deathstar_ms-21883.output
tar: removing leading '/' from member names
Debug: Checking Namespace=default, Pod=ms-25124-77bd4446f5-n2755 for Target File=deathstar_*.output
Namespace: default, Pod: ms-25124-77bd4446f5-n2755 has the target files.
Copying deathstar_ms-25124.output to deathstar_ms-25124.output
tar: removing leading '/' from member names
Debug: Checking Namespace=default, Pod=ms-27421-8565974486-hwn8m for Target File=deathstar_*.output
Namespace: default, Pod: ms-27421-8565974486-hwn8m has the target files.
Copying deathstar_ms-27421.output to deathstar_ms-27421.output
tar: removing leading '/' from member names
Debug: Checking Namespace=default, Pod=ms-2827-5dcc6df4f4-hrhcg for Target File=deathstar_*.output
Namespace: default, Pod: ms-2827-5dcc6df4f4-hrhcg has the target files.
Copying deathstar_ms-2827.output to deathstar_ms-2827.output
tar: removing leading '/' from member names
Debug: Checking Namespace=default, Pod=ms-33719-6c455cf54c-p2lns for Target File=deathstar_*.output
Namespace: default, Pod: ms-33719-6c455cf54c-p2lns has the target files.
Copying deathstar_ms-33719.output to deathstar_ms-33719.output
tar: removing leading '/' from member names
Debug: Checking Namespace=default, Pod=ms-37691-b9bc44798-z8x8l for Target File=deathstar_*.output
Namespace: default, Pod: ms-37691-b9bc44798-z8x8l has the target files.
Copying deathstar_ms-37691.output to deathstar_ms-37691.output
tar: removing leading '/' from member names
Debug: Checking Namespace=default, Pod=ms-43309-54f758d465-pxcrf for Target File=deathstar_*.output
Namespace: default, Pod: ms-43309-54f758d465-pxcrf has the target files.
Copying deathstar_ms-43309.output to deathstar_ms-43309.output
tar: removing leading '/' from member names
Debug: Checking Namespace=default, Pod=ms-4354-669cfcbdf6-hwq9b for Target File=deathstar_*.output
Namespace: default, Pod: ms-4354-669cfcbdf6-hwq9b has the target files.
Copying deathstar_ms-4354.output to deathstar_ms-4354.output
tar: removing leading '/' from member names
Debug: Checking Namespace=default, Pod=ms-46825-58c684559d-drmp8 for Target File=deathstar_*.output
Namespace: default, Pod: ms-46825-58c684559d-drmp8 has the target files.
Copying deathstar_ms-46825.output to deathstar_ms-46825.output
tar: removing leading '/' from member names
Debug: Checking Namespace=default, Pod=ms-60236-64866cf49-2x4sc for Target File=deathstar_*.output
Namespace: default, Pod: ms-60236-64866cf49-2x4sc has the target files.
Copying deathstar_ms-60236.output to deathstar_ms-60236.output
tar: removing leading '/' from member names
Debug: Checking Namespace=default, Pod=ms-71771-567ddbdd95-8nk66 for Target File=deathstar_*.output
Namespace: default, Pod: ms-71771-567ddbdd95-8nk66 has the target files.
Copying deathstar_ms-71771.output to deathstar_ms-71771.output
tar: removing leading '/' from member names
Debug: Checking Namespace=default, Pod=ms-8052-b995968dc-l465f for Target File=deathstar_*.output
Namespace: default, Pod: ms-8052-b995968dc-l465f has the target files.
Copying deathstar_ms-8052.output to deathstar_ms-8052.output
tar: removing leading '/' from member names
Debug: Checking Namespace=default, Pod=ms-902-5744544f85-rg97d for Target File=deathstar_*.output
Namespace: default, Pod: ms-902-5744544f85-rg97d has the target files.
Copying deathstar_ms-902.output to deathstar_ms-902.output
tar: removing leading '/' from member names
Debug: Checking Namespace=default, Pod=nginx-web-server-56557f7cb7-s62mt for Target File=deathstar_*.output
Namespace: default, Pod: nginx-web-server-56557f7cb7-s62mt has the target files.
Copying deathstar_nginx-web-server.output to deathstar_nginx-web-server.output
tar: removing leading '/' from member names
