Deployments: ms-10090
ms-13558
ms-18330
ms-19585
ms-20172
ms-22893
ms-24009
ms-24959
ms-26622
ms-27421
ms-29373
ms-32301
ms-3289
ms-37691
ms-38964
ms-40147
ms-48118
ms-4829
ms-51685
ms-52379
ms-55394
ms-58436
ms-58772
ms-59962
ms-60061
ms-6323
ms-65741
ms-66473
ms-69188
ms-69614
ms-9081
nginx-web-server
unknown
deployment "ms-10090" successfully rolled out
deployment "ms-13558" successfully rolled out
deployment "ms-18330" successfully rolled out
deployment "ms-19585" successfully rolled out
deployment "ms-20172" successfully rolled out
deployment "ms-22893" successfully rolled out
deployment "ms-24009" successfully rolled out
deployment "ms-24959" successfully rolled out
deployment "ms-26622" successfully rolled out
deployment "ms-27421" successfully rolled out
deployment "ms-29373" successfully rolled out
deployment "ms-32301" successfully rolled out
deployment "ms-3289" successfully rolled out
deployment "ms-37691" successfully rolled out
deployment "ms-38964" successfully rolled out
deployment "ms-40147" successfully rolled out
deployment "ms-48118" successfully rolled out
deployment "ms-4829" successfully rolled out
deployment "ms-51685" successfully rolled out
deployment "ms-52379" successfully rolled out
deployment "ms-55394" successfully rolled out
deployment "ms-58436" successfully rolled out
deployment "ms-58772" successfully rolled out
deployment "ms-59962" successfully rolled out
deployment "ms-60061" successfully rolled out
deployment "ms-6323" successfully rolled out
deployment "ms-65741" successfully rolled out
deployment "ms-66473" successfully rolled out
deployment "ms-69188" successfully rolled out
deployment "ms-69614" successfully rolled out
deployment "ms-9081" successfully rolled out
deployment "nginx-web-server" successfully rolled out
deployment "unknown" successfully rolled out
ENTRY_POINT: nginx-web-server
SERVICE_A_URL: 10.96.165.120:50051
Capacity: 10000
Metadata: request-id={{.RequestNumber}}
Metadata: timestamp={{.TimestampUnix}}
Metadata: method=S_149998854
Charon Configurations:
[{INTERCEPT breakwater} {PRICE_UPDATE_RATE 10ms} {TOKEN_UPDATE_RATE 10ms} {LATENCY_THRESHOLD 100us} {PRICE_STEP 0} {PRICE_STRATEGY step} {LAZY_UPDATE false} {RATE_LIMITING true} {LOAD_SHEDDING true} {CHARON_TRACK_PRICE false} {BREAKWATER_SLO 10204us} {BREAKWATER_A 1.0667937993292864} {BREAKWATER_B 1.0903993142943145} {BREAKWATER_CLIENT_EXPIRATION 2655us} {BREAKWATER_INITIAL_CREDIT 67} {BREAKWATER_LOAD_SHEDDING true} {BREAKWATER_RTT 5634us} {BREAKWATERD_SLO 12500us} {BREAKWATERD_A 0.001} {BREAKWATERD_B 0.02} {BREAKWATERD_CLIENT_EXPIRATION 10ms} {BREAKWATERD_INITIAL_CREDIT 400} {BREAKWATERD_LOAD_SHEDDING true} {BREAKWATERD_RTT 1000us} {DAGOR_QUEUING_THRESHOLD 2ms} {DAGOR_ALPHA 0.05} {DAGOR_BETA 0.01} {DAGOR_ADMISSION_LEVEL_UPDATE_INTERVAL 10ms} {DAGOR_UMAX 20}]

Summary:
  Count:	108898
  Total:	25.00 s
  Slowest:	868.36 ms
  Fastest:	110.99 ms
  Average:	689.94 ms
  Requests/sec:	4355.88

Response time histogram:
  110.988 [1]     |
  186.725 [11965] |∎∎∎∎∎∎∎∎∎∎∎∎∎∎∎∎∎∎∎∎∎∎∎∎∎∎∎∎∎∎∎∎∎∎∎∎∎∎∎∎
  262.462 [163]   |∎
  338.199 [236]   |∎
  413.936 [424]   |∎
  489.673 [205]   |∎
  565.410 [27]    |
  641.147 [0]     |
  716.884 [0]     |
  792.621 [1]     |
  868.358 [77]    |

Latency distribution:
  10 % in 112.14 ms 
  25 % in 112.96 ms 
  50 % in 114.61 ms 
  75 % in 117.84 ms 
  90 % in 163.62 ms 
  95 % in 344.38 ms 
  99 % in 476.73 ms 

Status code distribution:
  [OK]                  13099 responses   
  [ResourceExhausted]   19688 responses   
  [DeadlineExceeded]    68114 responses   
  [Canceled]            7997 responses    

Error distribution:
  [19688]   rpc error: code = ResourceExhausted desc = Server-side queuing delay is beyond AQM threshold   
  [68114]   rpc error: code = DeadlineExceeded desc = context deadline exceeded                            
  [7997]    rpc error: code = Canceled desc = grpc: the client connection is closing                       

Debug: Checking Namespace=default, Pod=ms-10090-6454f977fd-gw6lj for Target File=deathstar_*.output
Namespace: default, Pod: ms-10090-6454f977fd-gw6lj has the target files.
Copying deathstar_ms-10090.output to deathstar_ms-10090.output
tar: removing leading '/' from member names
Debug: Checking Namespace=default, Pod=ms-13558-b48bb5d9d-d8wxb for Target File=deathstar_*.output
Namespace: default, Pod: ms-13558-b48bb5d9d-d8wxb has the target files.
Copying deathstar_ms-13558.output to deathstar_ms-13558.output
tar: removing leading '/' from member names
Debug: Checking Namespace=default, Pod=ms-18330-759d9cf49c-vfq6t for Target File=deathstar_*.output
Namespace: default, Pod: ms-18330-759d9cf49c-vfq6t has the target files.
Copying deathstar_ms-18330.output to deathstar_ms-18330.output
tar: removing leading '/' from member names
Debug: Checking Namespace=default, Pod=ms-19585-6f995cfcbf-zgvk7 for Target File=deathstar_*.output
Namespace: default, Pod: ms-19585-6f995cfcbf-zgvk7 has the target files.
Copying deathstar_ms-19585.output to deathstar_ms-19585.output
tar: removing leading '/' from member names
Debug: Checking Namespace=default, Pod=ms-20172-59d5485464-62r4w for Target File=deathstar_*.output
Namespace: default, Pod: ms-20172-59d5485464-62r4w has the target files.
Copying deathstar_ms-20172.output to deathstar_ms-20172.output
tar: removing leading '/' from member names
Debug: Checking Namespace=default, Pod=ms-22893-576fd5f9f6-m4c4k for Target File=deathstar_*.output
Namespace: default, Pod: ms-22893-576fd5f9f6-m4c4k has the target files.
Copying deathstar_ms-22893.output to deathstar_ms-22893.output
tar: removing leading '/' from member names
Debug: Checking Namespace=default, Pod=ms-24009-67dbf5b976-268lp for Target File=deathstar_*.output
Namespace: default, Pod: ms-24009-67dbf5b976-268lp has the target files.
Copying deathstar_ms-24009.output to deathstar_ms-24009.output
tar: removing leading '/' from member names
Debug: Checking Namespace=default, Pod=ms-24959-99f8bbf9-97hdv for Target File=deathstar_*.output
Namespace: default, Pod: ms-24959-99f8bbf9-97hdv has the target files.
Copying deathstar_ms-24959.output to deathstar_ms-24959.output
tar: removing leading '/' from member names
Debug: Checking Namespace=default, Pod=ms-26622-66fdf7d64f-xqvw7 for Target File=deathstar_*.output
Namespace: default, Pod: ms-26622-66fdf7d64f-xqvw7 has the target files.
Copying deathstar_ms-26622.output to deathstar_ms-26622.output
tar: removing leading '/' from member names
Debug: Checking Namespace=default, Pod=ms-27421-64f549855c-qqr2d for Target File=deathstar_*.output
Namespace: default, Pod: ms-27421-64f549855c-qqr2d has the target files.
Copying deathstar_ms-27421.output to deathstar_ms-27421.output
tar: removing leading '/' from member names
Debug: Checking Namespace=default, Pod=ms-29373-8467f7db44-6m5hp for Target File=deathstar_*.output
Namespace: default, Pod: ms-29373-8467f7db44-6m5hp has the target files.
Copying deathstar_ms-29373.output to deathstar_ms-29373.output
tar: removing leading '/' from member names
Debug: Checking Namespace=default, Pod=ms-32301-c5654bbc5-pz9wg for Target File=deathstar_*.output
Namespace: default, Pod: ms-32301-c5654bbc5-pz9wg has the target files.
Copying deathstar_ms-32301.output to deathstar_ms-32301.output
tar: removing leading '/' from member names
Debug: Checking Namespace=default, Pod=ms-3289-587dbd96bf-jm8tj for Target File=deathstar_*.output
Namespace: default, Pod: ms-3289-587dbd96bf-jm8tj has the target files.
Copying deathstar_ms-3289.output to deathstar_ms-3289.output
tar: removing leading '/' from member names
Debug: Checking Namespace=default, Pod=ms-37691-6dc6cd6744-wk7j5 for Target File=deathstar_*.output
Namespace: default, Pod: ms-37691-6dc6cd6744-wk7j5 has the target files.
Copying deathstar_ms-37691.output to deathstar_ms-37691.output
tar: removing leading '/' from member names
Debug: Checking Namespace=default, Pod=ms-38964-5b647cdbd-2k8hc for Target File=deathstar_*.output
Namespace: default, Pod: ms-38964-5b647cdbd-2k8hc has the target files.
Copying deathstar_ms-38964.output to deathstar_ms-38964.output
tar: removing leading '/' from member names
Debug: Checking Namespace=default, Pod=ms-40147-cd867585-npm74 for Target File=deathstar_*.output
Namespace: default, Pod: ms-40147-cd867585-npm74 has the target files.
Copying deathstar_ms-40147.output to deathstar_ms-40147.output
tar: removing leading '/' from member names
Debug: Checking Namespace=default, Pod=ms-48118-ff7b99cc9-td44j for Target File=deathstar_*.output
Namespace: default, Pod: ms-48118-ff7b99cc9-td44j has the target files.
Copying deathstar_ms-48118.output to deathstar_ms-48118.output
tar: removing leading '/' from member names
Debug: Checking Namespace=default, Pod=ms-4829-669557b66c-k5kdw for Target File=deathstar_*.output
Namespace: default, Pod: ms-4829-669557b66c-k5kdw has the target files.
Copying deathstar_ms-4829.output to deathstar_ms-4829.output
tar: removing leading '/' from member names
Debug: Checking Namespace=default, Pod=ms-51685-79858c784f-sj44k for Target File=deathstar_*.output
Namespace: default, Pod: ms-51685-79858c784f-sj44k has the target files.
Copying deathstar_ms-51685.output to deathstar_ms-51685.output
tar: removing leading '/' from member names
Debug: Checking Namespace=default, Pod=ms-52379-57c6cdd54b-46r64 for Target File=deathstar_*.output
Namespace: default, Pod: ms-52379-57c6cdd54b-46r64 has the target files.
Copying deathstar_ms-52379.output to deathstar_ms-52379.output
tar: removing leading '/' from member names
Debug: Checking Namespace=default, Pod=ms-55394-6f999f5df9-prtkm for Target File=deathstar_*.output
Namespace: default, Pod: ms-55394-6f999f5df9-prtkm has the target files.
Copying deathstar_ms-55394.output to deathstar_ms-55394.output
tar: removing leading '/' from member names
Debug: Checking Namespace=default, Pod=ms-58436-59dd96f659-tr95f for Target File=deathstar_*.output
Namespace: default, Pod: ms-58436-59dd96f659-tr95f has the target files.
Copying deathstar_ms-58436.output to deathstar_ms-58436.output
tar: removing leading '/' from member names
Debug: Checking Namespace=default, Pod=ms-58772-68ff78c966-r9rv7 for Target File=deathstar_*.output
Namespace: default, Pod: ms-58772-68ff78c966-r9rv7 has the target files.
Copying deathstar_ms-58772.output to deathstar_ms-58772.output
tar: removing leading '/' from member names
Debug: Checking Namespace=default, Pod=ms-59962-756b895b58-c7dfg for Target File=deathstar_*.output
Namespace: default, Pod: ms-59962-756b895b58-c7dfg has the target files.
Copying deathstar_ms-59962.output to deathstar_ms-59962.output
tar: removing leading '/' from member names
Debug: Checking Namespace=default, Pod=ms-60061-68bd84bdcd-pdl7l for Target File=deathstar_*.output
Namespace: default, Pod: ms-60061-68bd84bdcd-pdl7l has the target files.
Copying deathstar_ms-60061.output to deathstar_ms-60061.output
tar: removing leading '/' from member names
Debug: Checking Namespace=default, Pod=ms-6323-974659fcd-7tmm9 for Target File=deathstar_*.output
Namespace: default, Pod: ms-6323-974659fcd-7tmm9 has the target files.
Copying deathstar_ms-6323.output to deathstar_ms-6323.output
tar: removing leading '/' from member names
Debug: Checking Namespace=default, Pod=ms-65741-65f588bcdf-gw7ff for Target File=deathstar_*.output
Namespace: default, Pod: ms-65741-65f588bcdf-gw7ff has the target files.
Copying deathstar_ms-65741.output to deathstar_ms-65741.output
tar: removing leading '/' from member names
Debug: Checking Namespace=default, Pod=ms-66473-79c66f8bff-zqvvn for Target File=deathstar_*.output
Namespace: default, Pod: ms-66473-79c66f8bff-zqvvn has the target files.
Copying deathstar_ms-66473.output to deathstar_ms-66473.output
tar: removing leading '/' from member names
Debug: Checking Namespace=default, Pod=ms-69188-65c548d4cb-dfdt4 for Target File=deathstar_*.output
Namespace: default, Pod: ms-69188-65c548d4cb-dfdt4 has the target files.
Copying deathstar_ms-69188.output to deathstar_ms-69188.output
tar: removing leading '/' from member names
Debug: Checking Namespace=default, Pod=ms-69614-794bd8475-r57bc for Target File=deathstar_*.output
Namespace: default, Pod: ms-69614-794bd8475-r57bc has the target files.
Copying deathstar_ms-69614.output to deathstar_ms-69614.output
tar: removing leading '/' from member names
Debug: Checking Namespace=default, Pod=ms-9081-567985788-prgln for Target File=deathstar_*.output
Namespace: default, Pod: ms-9081-567985788-prgln has the target files.
Copying deathstar_ms-9081.output to deathstar_ms-9081.output
tar: removing leading '/' from member names
Debug: Checking Namespace=default, Pod=nginx-web-server-56557f7cb7-fd48d for Target File=deathstar_*.output
Namespace: default, Pod: nginx-web-server-56557f7cb7-fd48d has the target files.
Copying deathstar_nginx-web-server.output to deathstar_nginx-web-server.output
tar: removing leading '/' from member names
Debug: Checking Namespace=default, Pod=unknown-6ddf9bd4b5-6xzwl for Target File=deathstar_*.output
Namespace: default, Pod: unknown-6ddf9bd4b5-6xzwl has the target files.
Copying deathstar_unknown.output to deathstar_unknown.output
tar: removing leading '/' from member names
