Deployments: ms-11070
ms-11285
ms-11512
ms-1278
ms-13873
ms-19953
ms-21883
ms-25124
ms-27421
ms-2827
ms-33719
ms-37691
ms-43309
ms-4354
ms-46825
ms-60236
ms-71771
ms-8052
ms-902
nginx-web-server
deployment "ms-11070" successfully rolled out
deployment "ms-11285" successfully rolled out
deployment "ms-11512" successfully rolled out
deployment "ms-1278" successfully rolled out
deployment "ms-13873" successfully rolled out
deployment "ms-19953" successfully rolled out
deployment "ms-21883" successfully rolled out
deployment "ms-25124" successfully rolled out
deployment "ms-27421" successfully rolled out
deployment "ms-2827" successfully rolled out
deployment "ms-33719" successfully rolled out
deployment "ms-37691" successfully rolled out
deployment "ms-43309" successfully rolled out
deployment "ms-4354" successfully rolled out
deployment "ms-46825" successfully rolled out
deployment "ms-60236" successfully rolled out
deployment "ms-71771" successfully rolled out
deployment "ms-8052" successfully rolled out
deployment "ms-902" successfully rolled out
deployment "nginx-web-server" successfully rolled out
ENTRY_POINT: nginx-web-server
SERVICE_A_URL: 10.96.89.94:50051
Capacity: 10000
Metadata: timestamp={{.TimestampUnix}}
Metadata: method=S_102000854
Metadata: request-id={{.RequestNumber}}
Charon Configurations:
[{INTERCEPT charon} {PRICE_UPDATE_RATE 16269us} {TOKEN_UPDATE_RATE 15249us} {LATENCY_THRESHOLD 3623us} {PRICE_STEP 134} {PRICE_STRATEGY proportional} {LAZY_UPDATE true} {RATE_LIMITING true} {LOAD_SHEDDING true} {CHARON_TRACK_PRICE false} {BREAKWATER_SLO 12500us} {BREAKWATER_A 0.001} {BREAKWATER_B 0.02} {BREAKWATER_CLIENT_EXPIRATION 10ms} {BREAKWATER_INITIAL_CREDIT 400} {BREAKWATER_LOAD_SHEDDING true} {BREAKWATER_RTT 1000us} {BREAKWATERD_SLO 12500us} {BREAKWATERD_A 0.001} {BREAKWATERD_B 0.02} {BREAKWATERD_CLIENT_EXPIRATION 10ms} {BREAKWATERD_INITIAL_CREDIT 400} {BREAKWATERD_LOAD_SHEDDING true} {BREAKWATERD_RTT 1000us} {DAGOR_QUEUING_THRESHOLD 2ms} {DAGOR_ALPHA 0.05} {DAGOR_BETA 0.01} {DAGOR_ADMISSION_LEVEL_UPDATE_INTERVAL 10ms} {DAGOR_UMAX 20}]

Summary:
  Count:	74146
  Total:	14.78 s
  Slowest:	927.26 ms
  Fastest:	38.98 ms
  Average:	55.21 ms
  Requests/sec:	5016.17

Response time histogram:
  38.984  [1]     |
  127.812 [65494] |∎∎∎∎∎∎∎∎∎∎∎∎∎∎∎∎∎∎∎∎∎∎∎∎∎∎∎∎∎∎∎∎∎∎∎∎∎∎∎∎
  216.640 [1815]  |∎
  305.468 [750]   |
  394.296 [31]    |
  483.124 [42]    |
  571.952 [29]    |
  660.780 [6]     |
  749.608 [26]    |
  838.436 [44]    |
  927.264 [10]    |

Latency distribution:
  10 % in 41.12 ms 
  25 % in 43.92 ms 
  50 % in 50.03 ms 
  75 % in 58.41 ms 
  90 % in 71.05 ms 
  95 % in 106.59 ms 
  99 % in 230.63 ms 

Status code distribution:
  [OK]                  68248 responses   
  [ResourceExhausted]   5737 responses    
  [Canceled]            161 responses     

Error distribution:
  [13]     rpc error: code = ResourceExhausted desc = S_102000854 req dropped by ms-33719. Try again later.           
  [161]    rpc error: code = Canceled desc = grpc: the client connection is closing                                   
  [334]    rpc error: code = ResourceExhausted desc = S_102000854 req dropped by ms-13873. Try again later.           
  [328]    rpc error: code = ResourceExhausted desc = S_102000854 req dropped by ms-60236. Try again later.           
  [214]    rpc error: code = ResourceExhausted desc = S_102000854 req dropped by ms-25124. Try again later.           
  [4848]   rpc error: code = ResourceExhausted desc = S_102000854 req dropped by nginx-web-server. Try again later.   

Debug: Checking Namespace=default, Pod=ms-11070-7868c54f44-jgkf8 for Target File=deathstar_*.output
Namespace: default, Pod: ms-11070-7868c54f44-jgkf8 has the target files.
Copying deathstar_ms-11070.output to deathstar_ms-11070.output
tar: removing leading '/' from member names
Debug: Checking Namespace=default, Pod=ms-11285-67d597dc77-9kf9x for Target File=deathstar_*.output
Namespace: default, Pod: ms-11285-67d597dc77-9kf9x has the target files.
Copying deathstar_ms-11285.output to deathstar_ms-11285.output
tar: removing leading '/' from member names
Debug: Checking Namespace=default, Pod=ms-11512-75f8ddc45b-26mtz for Target File=deathstar_*.output
Namespace: default, Pod: ms-11512-75f8ddc45b-26mtz has the target files.
Copying deathstar_ms-11512.output to deathstar_ms-11512.output
tar: removing leading '/' from member names
Debug: Checking Namespace=default, Pod=ms-1278-85766ff6b8-lkjcw for Target File=deathstar_*.output
Namespace: default, Pod: ms-1278-85766ff6b8-lkjcw has the target files.
Copying deathstar_ms-1278.output to deathstar_ms-1278.output
tar: removing leading '/' from member names
Debug: Checking Namespace=default, Pod=ms-13873-85d7bb7b97-t5spx for Target File=deathstar_*.output
Namespace: default, Pod: ms-13873-85d7bb7b97-t5spx has the target files.
Copying deathstar_ms-13873.output to deathstar_ms-13873.output
tar: removing leading '/' from member names
Debug: Checking Namespace=default, Pod=ms-19953-68cc8998c5-c6xcw for Target File=deathstar_*.output
Namespace: default, Pod: ms-19953-68cc8998c5-c6xcw has the target files.
Copying deathstar_ms-19953.output to deathstar_ms-19953.output
tar: removing leading '/' from member names
Debug: Checking Namespace=default, Pod=ms-21883-f6c88c6d4-9pst2 for Target File=deathstar_*.output
Namespace: default, Pod: ms-21883-f6c88c6d4-9pst2 has the target files.
Copying deathstar_ms-21883.output to deathstar_ms-21883.output
tar: removing leading '/' from member names
Debug: Checking Namespace=default, Pod=ms-25124-77bd4446f5-sp6w6 for Target File=deathstar_*.output
Namespace: default, Pod: ms-25124-77bd4446f5-sp6w6 has the target files.
Copying deathstar_ms-25124.output to deathstar_ms-25124.output
tar: removing leading '/' from member names
Debug: Checking Namespace=default, Pod=ms-27421-8565974486-4cn9m for Target File=deathstar_*.output
Namespace: default, Pod: ms-27421-8565974486-4cn9m has the target files.
Copying deathstar_ms-27421.output to deathstar_ms-27421.output
tar: removing leading '/' from member names
Debug: Checking Namespace=default, Pod=ms-2827-5dcc6df4f4-4tpx9 for Target File=deathstar_*.output
Namespace: default, Pod: ms-2827-5dcc6df4f4-4tpx9 has the target files.
Copying deathstar_ms-2827.output to deathstar_ms-2827.output
tar: removing leading '/' from member names
Debug: Checking Namespace=default, Pod=ms-33719-6c455cf54c-v65j2 for Target File=deathstar_*.output
Namespace: default, Pod: ms-33719-6c455cf54c-v65j2 has the target files.
Copying deathstar_ms-33719.output to deathstar_ms-33719.output
tar: removing leading '/' from member names
Debug: Checking Namespace=default, Pod=ms-37691-b9bc44798-4hfvp for Target File=deathstar_*.output
Namespace: default, Pod: ms-37691-b9bc44798-4hfvp has the target files.
Copying deathstar_ms-37691.output to deathstar_ms-37691.output
tar: removing leading '/' from member names
Debug: Checking Namespace=default, Pod=ms-43309-54f758d465-zkcm4 for Target File=deathstar_*.output
Namespace: default, Pod: ms-43309-54f758d465-zkcm4 has the target files.
Copying deathstar_ms-43309.output to deathstar_ms-43309.output
tar: removing leading '/' from member names
Debug: Checking Namespace=default, Pod=ms-4354-669cfcbdf6-74nb5 for Target File=deathstar_*.output
Namespace: default, Pod: ms-4354-669cfcbdf6-74nb5 has the target files.
Copying deathstar_ms-4354.output to deathstar_ms-4354.output
tar: removing leading '/' from member names
Debug: Checking Namespace=default, Pod=ms-46825-58c684559d-wlpvv for Target File=deathstar_*.output
Namespace: default, Pod: ms-46825-58c684559d-wlpvv has the target files.
Copying deathstar_ms-46825.output to deathstar_ms-46825.output
tar: removing leading '/' from member names
Debug: Checking Namespace=default, Pod=ms-60236-64866cf49-p2kfz for Target File=deathstar_*.output
Namespace: default, Pod: ms-60236-64866cf49-p2kfz has the target files.
Copying deathstar_ms-60236.output to deathstar_ms-60236.output
tar: removing leading '/' from member names
Debug: Checking Namespace=default, Pod=ms-71771-567ddbdd95-g2mkl for Target File=deathstar_*.output
Namespace: default, Pod: ms-71771-567ddbdd95-g2mkl has the target files.
Copying deathstar_ms-71771.output to deathstar_ms-71771.output
tar: removing leading '/' from member names
Debug: Checking Namespace=default, Pod=ms-8052-b995968dc-lp6m2 for Target File=deathstar_*.output
Namespace: default, Pod: ms-8052-b995968dc-lp6m2 has the target files.
Copying deathstar_ms-8052.output to deathstar_ms-8052.output
tar: removing leading '/' from member names
Debug: Checking Namespace=default, Pod=ms-902-5744544f85-x28f7 for Target File=deathstar_*.output
Namespace: default, Pod: ms-902-5744544f85-x28f7 has the target files.
Copying deathstar_ms-902.output to deathstar_ms-902.output
tar: removing leading '/' from member names
Debug: Checking Namespace=default, Pod=nginx-web-server-56557f7cb7-sndx2 for Target File=deathstar_*.output
Namespace: default, Pod: nginx-web-server-56557f7cb7-sndx2 has the target files.
Copying deathstar_nginx-web-server.output to deathstar_nginx-web-server.output
tar: removing leading '/' from member names
