Deployments: ms-10090
ms-13558
ms-18330
ms-19585
ms-20172
ms-22893
ms-24009
ms-24959
ms-26622
ms-27421
ms-29373
ms-32301
ms-3289
ms-37691
ms-38964
ms-40147
ms-48118
ms-4829
ms-51685
ms-52379
ms-55394
ms-58436
ms-58772
ms-59962
ms-60061
ms-6323
ms-65741
ms-66473
ms-69188
ms-69614
ms-9081
nginx-web-server
unknown
deployment "ms-10090" successfully rolled out
deployment "ms-13558" successfully rolled out
deployment "ms-18330" successfully rolled out
deployment "ms-19585" successfully rolled out
deployment "ms-20172" successfully rolled out
deployment "ms-22893" successfully rolled out
deployment "ms-24009" successfully rolled out
deployment "ms-24959" successfully rolled out
deployment "ms-26622" successfully rolled out
deployment "ms-27421" successfully rolled out
deployment "ms-29373" successfully rolled out
deployment "ms-32301" successfully rolled out
deployment "ms-3289" successfully rolled out
deployment "ms-37691" successfully rolled out
deployment "ms-38964" successfully rolled out
deployment "ms-40147" successfully rolled out
deployment "ms-48118" successfully rolled out
deployment "ms-4829" successfully rolled out
deployment "ms-51685" successfully rolled out
deployment "ms-52379" successfully rolled out
deployment "ms-55394" successfully rolled out
deployment "ms-58436" successfully rolled out
deployment "ms-58772" successfully rolled out
deployment "ms-59962" successfully rolled out
deployment "ms-60061" successfully rolled out
deployment "ms-6323" successfully rolled out
deployment "ms-65741" successfully rolled out
deployment "ms-66473" successfully rolled out
deployment "ms-69188" successfully rolled out
deployment "ms-69614" successfully rolled out
deployment "ms-9081" successfully rolled out
deployment "nginx-web-server" successfully rolled out
deployment "unknown" successfully rolled out
ENTRY_POINT: nginx-web-server
SERVICE_A_URL: 10.104.216.196:50051
Capacity: 10000
Metadata: request-id={{.RequestNumber}}
Metadata: timestamp={{.TimestampUnix}}
Metadata: method=S_149998854
Charon Configurations:
[{INTERCEPT breakwater} {PRICE_UPDATE_RATE 10ms} {TOKEN_UPDATE_RATE 10ms} {LATENCY_THRESHOLD 100us} {PRICE_STEP 0} {PRICE_STRATEGY step} {LAZY_UPDATE false} {RATE_LIMITING true} {LOAD_SHEDDING true} {CHARON_TRACK_PRICE false} {BREAKWATER_SLO 20000us} {BREAKWATER_A 19.99999993266692} {BREAKWATER_B 0.0} {BREAKWATER_CLIENT_EXPIRATION 0us} {BREAKWATER_INITIAL_CREDIT 1} {BREAKWATER_LOAD_SHEDDING true} {BREAKWATER_RTT 0us} {BREAKWATERD_SLO 12500us} {BREAKWATERD_A 0.001} {BREAKWATERD_B 0.02} {BREAKWATERD_CLIENT_EXPIRATION 10ms} {BREAKWATERD_INITIAL_CREDIT 400} {BREAKWATERD_LOAD_SHEDDING true} {BREAKWATERD_RTT 1000us} {DAGOR_QUEUING_THRESHOLD 2ms} {DAGOR_ALPHA 0.05} {DAGOR_BETA 0.01} {DAGOR_ADMISSION_LEVEL_UPDATE_INTERVAL 10ms} {DAGOR_UMAX 20}]

Summary:
  Count:	63786
  Total:	14.86 s
  Slowest:	1.02 s
  Fastest:	111.82 ms
  Average:	703.66 ms
  Requests/sec:	4292.85

Response time histogram:
  111.821  [1]    |
  202.968  [2666] |∎∎∎∎∎∎∎∎∎∎∎∎
  294.115  [1]    |
  385.262  [472]  |∎∎
  476.409  [2187] |∎∎∎∎∎∎∎∎∎∎
  567.556  [4797] |∎∎∎∎∎∎∎∎∎∎∎∎∎∎∎∎∎∎∎∎∎∎
  658.703  [7908] |∎∎∎∎∎∎∎∎∎∎∎∎∎∎∎∎∎∎∎∎∎∎∎∎∎∎∎∎∎∎∎∎∎∎∎∎
  749.850  [8737] |∎∎∎∎∎∎∎∎∎∎∎∎∎∎∎∎∎∎∎∎∎∎∎∎∎∎∎∎∎∎∎∎∎∎∎∎∎∎∎∎
  840.996  [8749] |∎∎∎∎∎∎∎∎∎∎∎∎∎∎∎∎∎∎∎∎∎∎∎∎∎∎∎∎∎∎∎∎∎∎∎∎∎∎∎∎
  932.143  [7543] |∎∎∎∎∎∎∎∎∎∎∎∎∎∎∎∎∎∎∎∎∎∎∎∎∎∎∎∎∎∎∎∎∎∎
  1023.290 [5239] |∎∎∎∎∎∎∎∎∎∎∎∎∎∎∎∎∎∎∎∎∎∎∎∎

Latency distribution:
  10 % in 458.23 ms 
  25 % in 595.82 ms 
  50 % in 721.29 ms 
  75 % in 849.12 ms 
  90 % in 936.98 ms 
  95 % in 964.92 ms 
  99 % in 994.27 ms 

Status code distribution:
  [OK]                  48300 responses   
  [ResourceExhausted]   2513 responses    
  [DeadlineExceeded]    10531 responses   
  [Canceled]            2442 responses    

Error distribution:
  [2442]    rpc error: code = Canceled desc = grpc: the client connection is closing                       
  [2513]    rpc error: code = ResourceExhausted desc = Server-side queuing delay is beyond AQM threshold   
  [10531]   rpc error: code = DeadlineExceeded desc = context deadline exceeded                            

Debug: Checking Namespace=default, Pod=ms-10090-6454f977fd-xzsdx for Target File=deathstar_*.output
Namespace: default, Pod: ms-10090-6454f977fd-xzsdx has the target files.
Copying deathstar_ms-10090.output to deathstar_ms-10090.output
tar: removing leading '/' from member names
Debug: Checking Namespace=default, Pod=ms-13558-b48bb5d9d-89qdb for Target File=deathstar_*.output
Namespace: default, Pod: ms-13558-b48bb5d9d-89qdb has the target files.
Copying deathstar_ms-13558.output to deathstar_ms-13558.output
tar: removing leading '/' from member names
Debug: Checking Namespace=default, Pod=ms-18330-759d9cf49c-cbpkb for Target File=deathstar_*.output
Namespace: default, Pod: ms-18330-759d9cf49c-cbpkb has the target files.
Copying deathstar_ms-18330.output to deathstar_ms-18330.output
tar: removing leading '/' from member names
Debug: Checking Namespace=default, Pod=ms-19585-6f995cfcbf-nvppt for Target File=deathstar_*.output
Namespace: default, Pod: ms-19585-6f995cfcbf-nvppt has the target files.
Copying deathstar_ms-19585.output to deathstar_ms-19585.output
tar: removing leading '/' from member names
Debug: Checking Namespace=default, Pod=ms-20172-59d5485464-js75l for Target File=deathstar_*.output
Namespace: default, Pod: ms-20172-59d5485464-js75l has the target files.
Copying deathstar_ms-20172.output to deathstar_ms-20172.output
tar: removing leading '/' from member names
Debug: Checking Namespace=default, Pod=ms-22893-576fd5f9f6-x5prl for Target File=deathstar_*.output
Namespace: default, Pod: ms-22893-576fd5f9f6-x5prl has the target files.
Copying deathstar_ms-22893.output to deathstar_ms-22893.output
tar: removing leading '/' from member names
Debug: Checking Namespace=default, Pod=ms-24009-67dbf5b976-pqmzj for Target File=deathstar_*.output
Namespace: default, Pod: ms-24009-67dbf5b976-pqmzj has the target files.
Copying deathstar_ms-24009.output to deathstar_ms-24009.output
tar: removing leading '/' from member names
Debug: Checking Namespace=default, Pod=ms-24959-99f8bbf9-tfzmf for Target File=deathstar_*.output
Namespace: default, Pod: ms-24959-99f8bbf9-tfzmf has the target files.
Copying deathstar_ms-24959.output to deathstar_ms-24959.output
tar: removing leading '/' from member names
Debug: Checking Namespace=default, Pod=ms-26622-66fdf7d64f-tl8rk for Target File=deathstar_*.output
Namespace: default, Pod: ms-26622-66fdf7d64f-tl8rk has the target files.
Copying deathstar_ms-26622.output to deathstar_ms-26622.output
tar: removing leading '/' from member names
Debug: Checking Namespace=default, Pod=ms-27421-64f549855c-kkgfm for Target File=deathstar_*.output
Namespace: default, Pod: ms-27421-64f549855c-kkgfm has the target files.
Copying deathstar_ms-27421.output to deathstar_ms-27421.output
tar: removing leading '/' from member names
Debug: Checking Namespace=default, Pod=ms-29373-8467f7db44-hm9tb for Target File=deathstar_*.output
Namespace: default, Pod: ms-29373-8467f7db44-hm9tb has the target files.
Copying deathstar_ms-29373.output to deathstar_ms-29373.output
tar: removing leading '/' from member names
Debug: Checking Namespace=default, Pod=ms-32301-c5654bbc5-z9fbv for Target File=deathstar_*.output
Namespace: default, Pod: ms-32301-c5654bbc5-z9fbv has the target files.
Copying deathstar_ms-32301.output to deathstar_ms-32301.output
tar: removing leading '/' from member names
Debug: Checking Namespace=default, Pod=ms-3289-587dbd96bf-rbjzh for Target File=deathstar_*.output
Namespace: default, Pod: ms-3289-587dbd96bf-rbjzh has the target files.
Copying deathstar_ms-3289.output to deathstar_ms-3289.output
tar: removing leading '/' from member names
Debug: Checking Namespace=default, Pod=ms-37691-6dc6cd6744-ss7tn for Target File=deathstar_*.output
Namespace: default, Pod: ms-37691-6dc6cd6744-ss7tn has the target files.
Copying deathstar_ms-37691.output to deathstar_ms-37691.output
tar: removing leading '/' from member names
Debug: Checking Namespace=default, Pod=ms-38964-5b647cdbd-rgdkl for Target File=deathstar_*.output
Namespace: default, Pod: ms-38964-5b647cdbd-rgdkl has the target files.
Copying deathstar_ms-38964.output to deathstar_ms-38964.output
tar: removing leading '/' from member names
Debug: Checking Namespace=default, Pod=ms-40147-cd867585-wj5g4 for Target File=deathstar_*.output
Namespace: default, Pod: ms-40147-cd867585-wj5g4 has the target files.
Copying deathstar_ms-40147.output to deathstar_ms-40147.output
tar: removing leading '/' from member names
Debug: Checking Namespace=default, Pod=ms-48118-ff7b99cc9-xzxcd for Target File=deathstar_*.output
Namespace: default, Pod: ms-48118-ff7b99cc9-xzxcd has the target files.
Copying deathstar_ms-48118.output to deathstar_ms-48118.output
tar: removing leading '/' from member names
Debug: Checking Namespace=default, Pod=ms-4829-669557b66c-95z9f for Target File=deathstar_*.output
Namespace: default, Pod: ms-4829-669557b66c-95z9f has the target files.
Copying deathstar_ms-4829.output to deathstar_ms-4829.output
tar: removing leading '/' from member names
Debug: Checking Namespace=default, Pod=ms-51685-79858c784f-sf9hw for Target File=deathstar_*.output
Namespace: default, Pod: ms-51685-79858c784f-sf9hw has the target files.
Copying deathstar_ms-51685.output to deathstar_ms-51685.output
tar: removing leading '/' from member names
Debug: Checking Namespace=default, Pod=ms-52379-57c6cdd54b-m8hlc for Target File=deathstar_*.output
Namespace: default, Pod: ms-52379-57c6cdd54b-m8hlc has the target files.
Copying deathstar_ms-52379.output to deathstar_ms-52379.output
tar: removing leading '/' from member names
Debug: Checking Namespace=default, Pod=ms-55394-6f999f5df9-tjvfd for Target File=deathstar_*.output
Namespace: default, Pod: ms-55394-6f999f5df9-tjvfd has the target files.
Copying deathstar_ms-55394.output to deathstar_ms-55394.output
tar: removing leading '/' from member names
Debug: Checking Namespace=default, Pod=ms-58436-59dd96f659-x486w for Target File=deathstar_*.output
Namespace: default, Pod: ms-58436-59dd96f659-x486w has the target files.
Copying deathstar_ms-58436.output to deathstar_ms-58436.output
tar: removing leading '/' from member names
Debug: Checking Namespace=default, Pod=ms-58772-68ff78c966-fs6zd for Target File=deathstar_*.output
Namespace: default, Pod: ms-58772-68ff78c966-fs6zd has the target files.
Copying deathstar_ms-58772.output to deathstar_ms-58772.output
tar: removing leading '/' from member names
Debug: Checking Namespace=default, Pod=ms-59962-756b895b58-8m9xl for Target File=deathstar_*.output
Namespace: default, Pod: ms-59962-756b895b58-8m9xl has the target files.
Copying deathstar_ms-59962.output to deathstar_ms-59962.output
tar: removing leading '/' from member names
Debug: Checking Namespace=default, Pod=ms-60061-68bd84bdcd-bpdrb for Target File=deathstar_*.output
Namespace: default, Pod: ms-60061-68bd84bdcd-bpdrb has the target files.
Copying deathstar_ms-60061.output to deathstar_ms-60061.output
tar: removing leading '/' from member names
Debug: Checking Namespace=default, Pod=ms-6323-974659fcd-p54xn for Target File=deathstar_*.output
Namespace: default, Pod: ms-6323-974659fcd-p54xn has the target files.
Copying deathstar_ms-6323.output to deathstar_ms-6323.output
tar: removing leading '/' from member names
Debug: Checking Namespace=default, Pod=ms-65741-65f588bcdf-khkb2 for Target File=deathstar_*.output
Namespace: default, Pod: ms-65741-65f588bcdf-khkb2 has the target files.
Copying deathstar_ms-65741.output to deathstar_ms-65741.output
tar: removing leading '/' from member names
Debug: Checking Namespace=default, Pod=ms-66473-79c66f8bff-jlb94 for Target File=deathstar_*.output
Namespace: default, Pod: ms-66473-79c66f8bff-jlb94 has the target files.
Copying deathstar_ms-66473.output to deathstar_ms-66473.output
tar: removing leading '/' from member names
Debug: Checking Namespace=default, Pod=ms-69188-65c548d4cb-r784g for Target File=deathstar_*.output
Namespace: default, Pod: ms-69188-65c548d4cb-r784g has the target files.
Copying deathstar_ms-69188.output to deathstar_ms-69188.output
tar: removing leading '/' from member names
Debug: Checking Namespace=default, Pod=ms-69614-794bd8475-tn7wn for Target File=deathstar_*.output
Namespace: default, Pod: ms-69614-794bd8475-tn7wn has the target files.
Copying deathstar_ms-69614.output to deathstar_ms-69614.output
tar: removing leading '/' from member names
Debug: Checking Namespace=default, Pod=ms-9081-567985788-vkkgc for Target File=deathstar_*.output
Namespace: default, Pod: ms-9081-567985788-vkkgc has the target files.
Copying deathstar_ms-9081.output to deathstar_ms-9081.output
tar: removing leading '/' from member names
Debug: Checking Namespace=default, Pod=nginx-web-server-56557f7cb7-r2vk8 for Target File=deathstar_*.output
Namespace: default, Pod: nginx-web-server-56557f7cb7-r2vk8 has the target files.
Copying deathstar_nginx-web-server.output to deathstar_nginx-web-server.output
tar: removing leading '/' from member names
Debug: Checking Namespace=default, Pod=unknown-6ddf9bd4b5-l8xgt for Target File=deathstar_*.output
Namespace: default, Pod: unknown-6ddf9bd4b5-l8xgt has the target files.
Copying deathstar_unknown.output to deathstar_unknown.output
tar: removing leading '/' from member names
