Deployments: ms-11070
ms-11285
ms-11512
ms-1278
ms-13873
ms-19953
ms-21883
ms-25124
ms-27421
ms-2827
ms-33719
ms-37691
ms-43309
ms-4354
ms-46825
ms-60236
ms-71771
ms-8052
ms-902
nginx-web-server
deployment "ms-11070" successfully rolled out
deployment "ms-11285" successfully rolled out
deployment "ms-11512" successfully rolled out
deployment "ms-1278" successfully rolled out
deployment "ms-13873" successfully rolled out
deployment "ms-19953" successfully rolled out
deployment "ms-21883" successfully rolled out
deployment "ms-25124" successfully rolled out
deployment "ms-27421" successfully rolled out
deployment "ms-2827" successfully rolled out
deployment "ms-33719" successfully rolled out
deployment "ms-37691" successfully rolled out
deployment "ms-43309" successfully rolled out
deployment "ms-4354" successfully rolled out
deployment "ms-46825" successfully rolled out
deployment "ms-60236" successfully rolled out
deployment "ms-71771" successfully rolled out
deployment "ms-8052" successfully rolled out
deployment "ms-902" successfully rolled out
deployment "nginx-web-server" successfully rolled out
ENTRY_POINT: nginx-web-server
SERVICE_A_URL: 10.102.178.212:50051
Capacity: 10000
Metadata: request-id={{.RequestNumber}}
Metadata: timestamp={{.TimestampUnix}}
Metadata: method=S_102000854
Charon Configurations:
[{INTERCEPT breakwaterd} {PRICE_UPDATE_RATE 10ms} {TOKEN_UPDATE_RATE 10ms} {LATENCY_THRESHOLD 100us} {PRICE_STEP 0} {PRICE_STRATEGY step} {LAZY_UPDATE false} {RATE_LIMITING true} {LOAD_SHEDDING true} {CHARON_TRACK_PRICE false} {BREAKWATER_SLO 13742us} {BREAKWATER_A 26.456281273021165} {BREAKWATER_B 5.048475374594749} {BREAKWATER_CLIENT_EXPIRATION 3754us} {BREAKWATER_INITIAL_CREDIT 212} {BREAKWATER_LOAD_SHEDDING true} {BREAKWATER_RTT 15243us} {BREAKWATERD_SLO 49403us} {BREAKWATERD_A 0.9505574603569622} {BREAKWATERD_B 9.485342054442459} {BREAKWATERD_CLIENT_EXPIRATION 63845us} {BREAKWATERD_INITIAL_CREDIT 2818} {BREAKWATERD_LOAD_SHEDDING true} {BREAKWATERD_RTT 14561us} {DAGOR_QUEUING_THRESHOLD 2ms} {DAGOR_ALPHA 0.05} {DAGOR_BETA 0.01} {DAGOR_ADMISSION_LEVEL_UPDATE_INTERVAL 10ms} {DAGOR_UMAX 20}]

Summary:
  Count:	20095
  Total:	25.00 s
  Slowest:	839.74 ms
  Fastest:	48.20 ms
  Average:	104.27 ms
  Requests/sec:	803.76

Response time histogram:
  48.203  [1]   |
  127.357 [847] |∎∎∎∎∎∎∎∎∎∎∎∎∎∎∎∎∎∎∎∎∎∎∎∎∎∎∎∎∎∎∎∎∎∎∎∎∎∎∎∎
  206.511 [265] |∎∎∎∎∎∎∎∎∎∎∎∎∎
  285.665 [0]   |
  364.818 [0]   |
  443.972 [0]   |
  523.126 [0]   |
  602.280 [0]   |
  681.434 [0]   |
  760.588 [0]   |
  839.742 [1]   |

Latency distribution:
  10 % in 55.76 ms 
  25 % in 65.91 ms 
  50 % in 124.88 ms 
  75 % in 127.25 ms 
  90 % in 130.30 ms 
  95 % in 136.07 ms 
  99 % in 158.48 ms 

Status code distribution:
  [OK]                  1114 responses    
  [ResourceExhausted]   18869 responses   
  [Canceled]            112 responses     

Error distribution:
  [163]     rpc error: code = ResourceExhausted desc = Client id ea9316f6-ce4a-414c-9397-ff2a8b76f0ab request expired in queue.   
  [18706]   rpc error: code = ResourceExhausted desc = Client id 46922aeb-89a7-4d82-bcbb-d6675d6c51c8 request expired in queue.   
  [112]     rpc error: code = Canceled desc = grpc: the client connection is closing                                              

Debug: Checking Namespace=default, Pod=ms-11070-7868c54f44-n6mpj for Target File=deathstar_*.output
Namespace: default, Pod: ms-11070-7868c54f44-n6mpj has the target files.
Copying deathstar_ms-11070.output to deathstar_ms-11070.output
tar: removing leading '/' from member names
Debug: Checking Namespace=default, Pod=ms-11285-67d597dc77-6gvvc for Target File=deathstar_*.output
Namespace: default, Pod: ms-11285-67d597dc77-6gvvc has the target files.
Copying deathstar_ms-11285.output to deathstar_ms-11285.output
tar: removing leading '/' from member names
Debug: Checking Namespace=default, Pod=ms-11512-75f8ddc45b-jkhl9 for Target File=deathstar_*.output
Namespace: default, Pod: ms-11512-75f8ddc45b-jkhl9 has the target files.
Copying deathstar_ms-11512.output to deathstar_ms-11512.output
tar: removing leading '/' from member names
Debug: Checking Namespace=default, Pod=ms-1278-85766ff6b8-2llts for Target File=deathstar_*.output
Namespace: default, Pod: ms-1278-85766ff6b8-2llts has the target files.
Copying deathstar_ms-1278.output to deathstar_ms-1278.output
tar: removing leading '/' from member names
Debug: Checking Namespace=default, Pod=ms-13873-85d7bb7b97-tf4xx for Target File=deathstar_*.output
Namespace: default, Pod: ms-13873-85d7bb7b97-tf4xx has the target files.
Copying deathstar_ms-13873.output to deathstar_ms-13873.output
tar: removing leading '/' from member names
Debug: Checking Namespace=default, Pod=ms-19953-68cc8998c5-zv9t9 for Target File=deathstar_*.output
Namespace: default, Pod: ms-19953-68cc8998c5-zv9t9 has the target files.
Copying deathstar_ms-19953.output to deathstar_ms-19953.output
tar: removing leading '/' from member names
Debug: Checking Namespace=default, Pod=ms-21883-f6c88c6d4-xrdj9 for Target File=deathstar_*.output
Namespace: default, Pod: ms-21883-f6c88c6d4-xrdj9 has the target files.
Copying deathstar_ms-21883.output to deathstar_ms-21883.output
tar: removing leading '/' from member names
Debug: Checking Namespace=default, Pod=ms-25124-77bd4446f5-wc2gz for Target File=deathstar_*.output
Namespace: default, Pod: ms-25124-77bd4446f5-wc2gz has the target files.
Copying deathstar_ms-25124.output to deathstar_ms-25124.output
tar: removing leading '/' from member names
Debug: Checking Namespace=default, Pod=ms-27421-8565974486-92gsk for Target File=deathstar_*.output
Namespace: default, Pod: ms-27421-8565974486-92gsk has the target files.
Copying deathstar_ms-27421.output to deathstar_ms-27421.output
tar: removing leading '/' from member names
Debug: Checking Namespace=default, Pod=ms-2827-5dcc6df4f4-p427z for Target File=deathstar_*.output
Namespace: default, Pod: ms-2827-5dcc6df4f4-p427z has the target files.
Copying deathstar_ms-2827.output to deathstar_ms-2827.output
tar: removing leading '/' from member names
Debug: Checking Namespace=default, Pod=ms-33719-6c455cf54c-bgmc9 for Target File=deathstar_*.output
Namespace: default, Pod: ms-33719-6c455cf54c-bgmc9 has the target files.
Copying deathstar_ms-33719.output to deathstar_ms-33719.output
tar: removing leading '/' from member names
Debug: Checking Namespace=default, Pod=ms-37691-b9bc44798-snmjh for Target File=deathstar_*.output
Namespace: default, Pod: ms-37691-b9bc44798-snmjh has the target files.
Copying deathstar_ms-37691.output to deathstar_ms-37691.output
tar: removing leading '/' from member names
Debug: Checking Namespace=default, Pod=ms-43309-54f758d465-22lxx for Target File=deathstar_*.output
Namespace: default, Pod: ms-43309-54f758d465-22lxx has the target files.
Copying deathstar_ms-43309.output to deathstar_ms-43309.output
tar: removing leading '/' from member names
Debug: Checking Namespace=default, Pod=ms-4354-669cfcbdf6-dpt46 for Target File=deathstar_*.output
Namespace: default, Pod: ms-4354-669cfcbdf6-dpt46 has the target files.
Copying deathstar_ms-4354.output to deathstar_ms-4354.output
tar: removing leading '/' from member names
Debug: Checking Namespace=default, Pod=ms-46825-58c684559d-rllkp for Target File=deathstar_*.output
Namespace: default, Pod: ms-46825-58c684559d-rllkp has the target files.
Copying deathstar_ms-46825.output to deathstar_ms-46825.output
tar: removing leading '/' from member names
Debug: Checking Namespace=default, Pod=ms-60236-64866cf49-2g9dl for Target File=deathstar_*.output
Namespace: default, Pod: ms-60236-64866cf49-2g9dl has the target files.
Copying deathstar_ms-60236.output to deathstar_ms-60236.output
tar: removing leading '/' from member names
Debug: Checking Namespace=default, Pod=ms-71771-567ddbdd95-s5xkb for Target File=deathstar_*.output
Namespace: default, Pod: ms-71771-567ddbdd95-s5xkb has the target files.
Copying deathstar_ms-71771.output to deathstar_ms-71771.output
tar: removing leading '/' from member names
Debug: Checking Namespace=default, Pod=ms-8052-b995968dc-lj7kd for Target File=deathstar_*.output
Namespace: default, Pod: ms-8052-b995968dc-lj7kd has the target files.
Copying deathstar_ms-8052.output to deathstar_ms-8052.output
tar: removing leading '/' from member names
Debug: Checking Namespace=default, Pod=ms-902-5744544f85-j5r9f for Target File=deathstar_*.output
Namespace: default, Pod: ms-902-5744544f85-j5r9f has the target files.
Copying deathstar_ms-902.output to deathstar_ms-902.output
tar: removing leading '/' from member names
Debug: Checking Namespace=default, Pod=nginx-web-server-56557f7cb7-qz7mz for Target File=deathstar_*.output
Namespace: default, Pod: nginx-web-server-56557f7cb7-qz7mz has the target files.
Copying deathstar_nginx-web-server.output to deathstar_nginx-web-server.output
tar: removing leading '/' from member names
