Deployments: ms-10090
ms-13558
ms-18330
ms-19585
ms-20172
ms-22893
ms-24009
ms-24959
ms-26622
ms-27421
ms-29373
ms-32301
ms-3289
ms-37691
ms-38964
ms-40147
ms-48118
ms-4829
ms-51685
ms-52379
ms-55394
ms-58436
ms-58772
ms-59962
ms-60061
ms-6323
ms-65741
ms-66473
ms-69188
ms-69614
ms-9081
nginx-web-server
unknown
deployment "ms-10090" successfully rolled out
deployment "ms-13558" successfully rolled out
deployment "ms-18330" successfully rolled out
deployment "ms-19585" successfully rolled out
deployment "ms-20172" successfully rolled out
deployment "ms-22893" successfully rolled out
deployment "ms-24009" successfully rolled out
deployment "ms-24959" successfully rolled out
deployment "ms-26622" successfully rolled out
deployment "ms-27421" successfully rolled out
deployment "ms-29373" successfully rolled out
deployment "ms-32301" successfully rolled out
deployment "ms-3289" successfully rolled out
deployment "ms-37691" successfully rolled out
deployment "ms-38964" successfully rolled out
deployment "ms-40147" successfully rolled out
deployment "ms-48118" successfully rolled out
deployment "ms-4829" successfully rolled out
deployment "ms-51685" successfully rolled out
deployment "ms-52379" successfully rolled out
deployment "ms-55394" successfully rolled out
deployment "ms-58436" successfully rolled out
deployment "ms-58772" successfully rolled out
deployment "ms-59962" successfully rolled out
deployment "ms-60061" successfully rolled out
deployment "ms-6323" successfully rolled out
deployment "ms-65741" successfully rolled out
deployment "ms-66473" successfully rolled out
deployment "ms-69188" successfully rolled out
deployment "ms-69614" successfully rolled out
deployment "ms-9081" successfully rolled out
deployment "nginx-web-server" successfully rolled out
deployment "unknown" successfully rolled out
ENTRY_POINT: nginx-web-server
SERVICE_A_URL: 10.97.241.56:50051
Capacity: 10000
Metadata: timestamp={{.TimestampUnix}}
Metadata: method=S_149998854
Metadata: request-id={{.RequestNumber}}
Charon Configurations:
[{INTERCEPT breakwaterd} {PRICE_UPDATE_RATE 10ms} {TOKEN_UPDATE_RATE 10ms} {LATENCY_THRESHOLD 100us} {PRICE_STEP 0} {PRICE_STRATEGY step} {LAZY_UPDATE false} {RATE_LIMITING true} {LOAD_SHEDDING true} {CHARON_TRACK_PRICE false} {BREAKWATER_SLO 10000us} {BREAKWATER_A 0.0} {BREAKWATER_B 0.0} {BREAKWATER_CLIENT_EXPIRATION 5000us} {BREAKWATER_INITIAL_CREDIT 1} {BREAKWATER_LOAD_SHEDDING true} {BREAKWATER_RTT 0us} {BREAKWATERD_SLO 39462us} {BREAKWATERD_A 10.0} {BREAKWATERD_B 0.0} {BREAKWATERD_CLIENT_EXPIRATION 10000us} {BREAKWATERD_INITIAL_CREDIT 1} {BREAKWATERD_LOAD_SHEDDING true} {BREAKWATERD_RTT 1000us} {DAGOR_QUEUING_THRESHOLD 2ms} {DAGOR_ALPHA 0.05} {DAGOR_BETA 0.01} {DAGOR_ADMISSION_LEVEL_UPDATE_INTERVAL 10ms} {DAGOR_UMAX 20}]

Summary:
  Count:	73664
  Total:	25.00 s
  Slowest:	936.70 ms
  Fastest:	111.45 ms
  Average:	287.15 ms
  Requests/sec:	2946.53

Response time histogram:
  111.447 [1]     |
  193.972 [10554] |∎∎∎∎∎∎∎∎∎∎∎∎∎∎∎∎∎∎∎∎∎∎∎∎∎∎∎∎∎∎∎∎∎∎∎∎∎
  276.497 [2318]  |∎∎∎∎∎∎∎∎
  359.022 [7566]  |∎∎∎∎∎∎∎∎∎∎∎∎∎∎∎∎∎∎∎∎∎∎∎∎∎∎
  441.547 [11465] |∎∎∎∎∎∎∎∎∎∎∎∎∎∎∎∎∎∎∎∎∎∎∎∎∎∎∎∎∎∎∎∎∎∎∎∎∎∎∎∎
  524.072 [8700]  |∎∎∎∎∎∎∎∎∎∎∎∎∎∎∎∎∎∎∎∎∎∎∎∎∎∎∎∎∎∎
  606.597 [2475]  |∎∎∎∎∎∎∎∎∎
  689.122 [1168]  |∎∎∎∎
  771.647 [427]   |∎
  854.171 [164]   |∎
  936.696 [68]    |

Latency distribution:
  10 % in 115.50 ms 
  25 % in 237.21 ms 
  50 % in 374.73 ms 
  75 % in 453.40 ms 
  90 % in 519.57 ms 
  95 % in 583.98 ms 
  99 % in 718.26 ms 

Status code distribution:
  [OK]                  44906 responses   
  [Canceled]            2603 responses    
  [ResourceExhausted]   26155 responses   

Error distribution:
  [106]     rpc error: code = ResourceExhausted desc = Client id fa0485b0-e71b-4132-b111-5a55b827c60f request expired in queue.   
  [953]     rpc error: code = ResourceExhausted desc = Client id 0467c5eb-4595-4cfd-93f2-06d9ba7de29c request expired in queue.   
  [11718]   rpc error: code = ResourceExhausted desc = Server-side queuing delay is beyond AQM threshold                          
  [271]     rpc error: code = ResourceExhausted desc = Client id 3781cefa-70ec-4846-8837-991004449609 request expired in queue.   
  [380]     rpc error: code = ResourceExhausted desc = Client id 990acaaf-4313-4383-beb6-93e9f32d2e5b request expired in queue.   
  [59]      rpc error: code = ResourceExhausted desc = Client id 291e3d45-8d3b-4db9-a099-efe3732878e0 request expired in queue.   
  [439]     rpc error: code = ResourceExhausted desc = Client id 8435b001-44cd-460b-809e-26e91f3f0b62 request expired in queue.   
  [1695]    rpc error: code = ResourceExhausted desc = Client id 9952c91a-dced-4889-acd7-043693c79c6c request expired in queue.   
  [1731]    rpc error: code = ResourceExhausted desc = Client id c9e01c4e-e25e-4148-8601-e3e76af71e31 request expired in queue.   
  [108]     rpc error: code = ResourceExhausted desc = Client id aa2fac3c-ca1f-47a9-b6bb-deb1caff74e2 request expired in queue.   
  [361]     rpc error: code = ResourceExhausted desc = Client id 1397ea05-1ced-4ae6-95a2-223e180820a2 request expired in queue.   
  [169]     rpc error: code = ResourceExhausted desc = Client id 18c19505-9c09-4a2e-b070-0addbb657b38 request expired in queue.   
  [63]      rpc error: code = ResourceExhausted desc = Client id 2a22c6de-993b-4036-b6b8-152762a31f96 request expired in queue.   
  [105]     rpc error: code = ResourceExhausted desc = Client id d180d1ff-4ba8-43af-941a-1652bf33a391 request expired in queue.   
  [82]      rpc error: code = ResourceExhausted desc = Client id 2fae3c76-77c4-4153-a500-1cf673e7e692 request expired in queue.   
  [2603]    rpc error: code = Canceled desc = grpc: the client connection is closing                                              
  [856]     rpc error: code = ResourceExhausted desc = Client id 616034f9-9cc9-4d97-a4df-49eda665bdda request expired in queue.   
  [240]     rpc error: code = ResourceExhausted desc = Client id 462b8a41-d041-4771-a6a8-4ddcc2153040 request expired in queue.   
  [269]     rpc error: code = ResourceExhausted desc = Client id 2bd6a6e1-7d3b-4715-bd52-dac80e7e011e request expired in queue.   
  [202]     rpc error: code = ResourceExhausted desc = Client id 984eeac6-89a4-4a2d-9d39-3b2ec63492a4 request expired in queue.   
  [72]      rpc error: code = ResourceExhausted desc = Client id 6bb1b86f-e206-47d0-b0f9-2d09b57daced request expired in queue.   
  [2196]    rpc error: code = ResourceExhausted desc = Client id ed79bee6-2a23-48f6-82ac-1b1307b694c4 request expired in queue.   
  [547]     rpc error: code = ResourceExhausted desc = Client id b486807d-0a60-425f-b0c3-e2fb1d18474a request expired in queue.   
  [355]     rpc error: code = ResourceExhausted desc = Client id a505945e-4de8-4497-a9ca-b326fc36b2d6 request expired in queue.   
  [803]     rpc error: code = ResourceExhausted desc = Client id 954f79b5-849f-4879-9f32-4b62c1797708 request expired in queue.   
  [855]     rpc error: code = ResourceExhausted desc = Client id b6bbc52f-c89d-4cb5-9665-3b4a2badecdc request expired in queue.   
  [1114]    rpc error: code = ResourceExhausted desc = Client id 25610e37-de7b-4f1e-acf4-29482847d239 request expired in queue.   
  [231]     rpc error: code = ResourceExhausted desc = Client id bbda67ea-fa48-48bb-bcb7-46a2f4f32193 request expired in queue.   
  [175]     rpc error: code = ResourceExhausted desc = Client id 3dfa0e74-659d-4733-93dc-2193e9a4c503 request expired in queue.   

Debug: Checking Namespace=default, Pod=ms-10090-6454f977fd-nws2w for Target File=deathstar_*.output
Namespace: default, Pod: ms-10090-6454f977fd-nws2w has the target files.
Copying deathstar_ms-10090.output to deathstar_ms-10090.output
tar: removing leading '/' from member names
Debug: Checking Namespace=default, Pod=ms-13558-b48bb5d9d-kkjnt for Target File=deathstar_*.output
Namespace: default, Pod: ms-13558-b48bb5d9d-kkjnt has the target files.
Copying deathstar_ms-13558.output to deathstar_ms-13558.output
tar: removing leading '/' from member names
Debug: Checking Namespace=default, Pod=ms-18330-759d9cf49c-z6ckv for Target File=deathstar_*.output
Namespace: default, Pod: ms-18330-759d9cf49c-z6ckv has the target files.
Copying deathstar_ms-18330.output to deathstar_ms-18330.output
tar: removing leading '/' from member names
Debug: Checking Namespace=default, Pod=ms-19585-6f995cfcbf-ptwtj for Target File=deathstar_*.output
Namespace: default, Pod: ms-19585-6f995cfcbf-ptwtj has the target files.
Copying deathstar_ms-19585.output to deathstar_ms-19585.output
tar: removing leading '/' from member names
Debug: Checking Namespace=default, Pod=ms-20172-59d5485464-dcfzs for Target File=deathstar_*.output
Namespace: default, Pod: ms-20172-59d5485464-dcfzs has the target files.
Copying deathstar_ms-20172.output to deathstar_ms-20172.output
tar: removing leading '/' from member names
Debug: Checking Namespace=default, Pod=ms-22893-576fd5f9f6-dtpzr for Target File=deathstar_*.output
Namespace: default, Pod: ms-22893-576fd5f9f6-dtpzr has the target files.
Copying deathstar_ms-22893.output to deathstar_ms-22893.output
tar: removing leading '/' from member names
Debug: Checking Namespace=default, Pod=ms-24009-67dbf5b976-gwpqv for Target File=deathstar_*.output
Namespace: default, Pod: ms-24009-67dbf5b976-gwpqv has the target files.
Copying deathstar_ms-24009.output to deathstar_ms-24009.output
tar: removing leading '/' from member names
Debug: Checking Namespace=default, Pod=ms-24959-99f8bbf9-q767v for Target File=deathstar_*.output
Namespace: default, Pod: ms-24959-99f8bbf9-q767v has the target files.
Copying deathstar_ms-24959.output to deathstar_ms-24959.output
tar: removing leading '/' from member names
Debug: Checking Namespace=default, Pod=ms-26622-66fdf7d64f-w6gmp for Target File=deathstar_*.output
Namespace: default, Pod: ms-26622-66fdf7d64f-w6gmp has the target files.
Copying deathstar_ms-26622.output to deathstar_ms-26622.output
tar: removing leading '/' from member names
Debug: Checking Namespace=default, Pod=ms-27421-64f549855c-2hq5z for Target File=deathstar_*.output
Namespace: default, Pod: ms-27421-64f549855c-2hq5z has the target files.
Copying deathstar_ms-27421.output to deathstar_ms-27421.output
tar: removing leading '/' from member names
Debug: Checking Namespace=default, Pod=ms-29373-8467f7db44-crrzq for Target File=deathstar_*.output
Namespace: default, Pod: ms-29373-8467f7db44-crrzq has the target files.
Copying deathstar_ms-29373.output to deathstar_ms-29373.output
tar: removing leading '/' from member names
Debug: Checking Namespace=default, Pod=ms-32301-c5654bbc5-8mxxp for Target File=deathstar_*.output
Namespace: default, Pod: ms-32301-c5654bbc5-8mxxp has the target files.
Copying deathstar_ms-32301.output to deathstar_ms-32301.output
tar: removing leading '/' from member names
Debug: Checking Namespace=default, Pod=ms-3289-587dbd96bf-72jgc for Target File=deathstar_*.output
Namespace: default, Pod: ms-3289-587dbd96bf-72jgc has the target files.
Copying deathstar_ms-3289.output to deathstar_ms-3289.output
tar: removing leading '/' from member names
Debug: Checking Namespace=default, Pod=ms-37691-6dc6cd6744-qmrns for Target File=deathstar_*.output
Namespace: default, Pod: ms-37691-6dc6cd6744-qmrns has the target files.
Copying deathstar_ms-37691.output to deathstar_ms-37691.output
tar: removing leading '/' from member names
Debug: Checking Namespace=default, Pod=ms-38964-5b647cdbd-tcnmj for Target File=deathstar_*.output
Namespace: default, Pod: ms-38964-5b647cdbd-tcnmj has the target files.
Copying deathstar_ms-38964.output to deathstar_ms-38964.output
tar: removing leading '/' from member names
Debug: Checking Namespace=default, Pod=ms-40147-cd867585-8l9ct for Target File=deathstar_*.output
Namespace: default, Pod: ms-40147-cd867585-8l9ct has the target files.
Copying deathstar_ms-40147.output to deathstar_ms-40147.output
tar: removing leading '/' from member names
Debug: Checking Namespace=default, Pod=ms-48118-ff7b99cc9-z7lgp for Target File=deathstar_*.output
Namespace: default, Pod: ms-48118-ff7b99cc9-z7lgp has the target files.
Copying deathstar_ms-48118.output to deathstar_ms-48118.output
tar: removing leading '/' from member names
Debug: Checking Namespace=default, Pod=ms-4829-669557b66c-d8v2z for Target File=deathstar_*.output
Namespace: default, Pod: ms-4829-669557b66c-d8v2z has the target files.
Copying deathstar_ms-4829.output to deathstar_ms-4829.output
Debug: Checking Namespace=default, Pod=ms-51685-79858c784f-lvlw6 for Target File=deathstar_*.output
Namespace: default, Pod: ms-51685-79858c784f-lvlw6 has the target files.
Copying deathstar_ms-51685.output to deathstar_ms-51685.output
tar: removing leading '/' from member names
Debug: Checking Namespace=default, Pod=ms-52379-57c6cdd54b-vbv98 for Target File=deathstar_*.output
Namespace: default, Pod: ms-52379-57c6cdd54b-vbv98 has the target files.
Copying deathstar_ms-52379.output to deathstar_ms-52379.output
tar: removing leading '/' from member names
Debug: Checking Namespace=default, Pod=ms-55394-6f999f5df9-jnxzd for Target File=deathstar_*.output
Namespace: default, Pod: ms-55394-6f999f5df9-jnxzd has the target files.
Copying deathstar_ms-55394.output to deathstar_ms-55394.output
tar: removing leading '/' from member names
Debug: Checking Namespace=default, Pod=ms-58436-59dd96f659-gplfk for Target File=deathstar_*.output
Namespace: default, Pod: ms-58436-59dd96f659-gplfk has the target files.
Copying deathstar_ms-58436.output to deathstar_ms-58436.output
tar: removing leading '/' from member names
Debug: Checking Namespace=default, Pod=ms-58772-68ff78c966-nsvd9 for Target File=deathstar_*.output
Namespace: default, Pod: ms-58772-68ff78c966-nsvd9 has the target files.
Copying deathstar_ms-58772.output to deathstar_ms-58772.output
tar: removing leading '/' from member names
Debug: Checking Namespace=default, Pod=ms-59962-756b895b58-zgz4s for Target File=deathstar_*.output
Namespace: default, Pod: ms-59962-756b895b58-zgz4s has the target files.
Copying deathstar_ms-59962.output to deathstar_ms-59962.output
tar: removing leading '/' from member names
Debug: Checking Namespace=default, Pod=ms-60061-68bd84bdcd-pnt66 for Target File=deathstar_*.output
Namespace: default, Pod: ms-60061-68bd84bdcd-pnt66 has the target files.
Copying deathstar_ms-60061.output to deathstar_ms-60061.output
tar: removing leading '/' from member names
Debug: Checking Namespace=default, Pod=ms-6323-974659fcd-9jvq2 for Target File=deathstar_*.output
Namespace: default, Pod: ms-6323-974659fcd-9jvq2 has the target files.
Copying deathstar_ms-6323.output to deathstar_ms-6323.output
tar: removing leading '/' from member names
Debug: Checking Namespace=default, Pod=ms-65741-65f588bcdf-9ch8m for Target File=deathstar_*.output
Namespace: default, Pod: ms-65741-65f588bcdf-9ch8m has the target files.
Copying deathstar_ms-65741.output to deathstar_ms-65741.output
tar: removing leading '/' from member names
Debug: Checking Namespace=default, Pod=ms-66473-79c66f8bff-5z2m5 for Target File=deathstar_*.output
Namespace: default, Pod: ms-66473-79c66f8bff-5z2m5 has the target files.
Copying deathstar_ms-66473.output to deathstar_ms-66473.output
tar: removing leading '/' from member names
Debug: Checking Namespace=default, Pod=ms-69188-65c548d4cb-7xsqq for Target File=deathstar_*.output
Namespace: default, Pod: ms-69188-65c548d4cb-7xsqq has the target files.
Copying deathstar_ms-69188.output to deathstar_ms-69188.output
tar: removing leading '/' from member names
Debug: Checking Namespace=default, Pod=ms-69614-794bd8475-wxts9 for Target File=deathstar_*.output
Namespace: default, Pod: ms-69614-794bd8475-wxts9 has the target files.
Copying deathstar_ms-69614.output to deathstar_ms-69614.output
tar: removing leading '/' from member names
Debug: Checking Namespace=default, Pod=ms-9081-567985788-bgb58 for Target File=deathstar_*.output
Namespace: default, Pod: ms-9081-567985788-bgb58 has the target files.
Copying deathstar_ms-9081.output to deathstar_ms-9081.output
tar: removing leading '/' from member names
Debug: Checking Namespace=default, Pod=nginx-web-server-56557f7cb7-jdncl for Target File=deathstar_*.output
Namespace: default, Pod: nginx-web-server-56557f7cb7-jdncl has the target files.
Copying deathstar_nginx-web-server.output to deathstar_nginx-web-server.output
tar: removing leading '/' from member names
Debug: Checking Namespace=default, Pod=unknown-6ddf9bd4b5-qkz9p for Target File=deathstar_*.output
Namespace: default, Pod: unknown-6ddf9bd4b5-qkz9p has the target files.
Copying deathstar_unknown.output to deathstar_unknown.output
tar: removing leading '/' from member names
