Deployments: ms-10090
ms-13558
ms-18330
ms-19585
ms-20172
ms-22893
ms-24009
ms-24959
ms-26622
ms-27421
ms-29373
ms-32301
ms-3289
ms-37691
ms-38964
ms-40147
ms-48118
ms-4829
ms-51685
ms-52379
ms-55394
ms-58436
ms-58772
ms-59962
ms-60061
ms-6323
ms-65741
ms-66473
ms-69188
ms-69614
ms-9081
nginx-web-server
unknown
deployment "ms-10090" successfully rolled out
deployment "ms-13558" successfully rolled out
deployment "ms-18330" successfully rolled out
deployment "ms-19585" successfully rolled out
deployment "ms-20172" successfully rolled out
deployment "ms-22893" successfully rolled out
deployment "ms-24009" successfully rolled out
deployment "ms-24959" successfully rolled out
deployment "ms-26622" successfully rolled out
deployment "ms-27421" successfully rolled out
deployment "ms-29373" successfully rolled out
deployment "ms-32301" successfully rolled out
deployment "ms-3289" successfully rolled out
deployment "ms-37691" successfully rolled out
deployment "ms-38964" successfully rolled out
deployment "ms-40147" successfully rolled out
deployment "ms-48118" successfully rolled out
deployment "ms-4829" successfully rolled out
deployment "ms-51685" successfully rolled out
deployment "ms-52379" successfully rolled out
deployment "ms-55394" successfully rolled out
deployment "ms-58436" successfully rolled out
deployment "ms-58772" successfully rolled out
deployment "ms-59962" successfully rolled out
deployment "ms-60061" successfully rolled out
deployment "ms-6323" successfully rolled out
deployment "ms-65741" successfully rolled out
deployment "ms-66473" successfully rolled out
deployment "ms-69188" successfully rolled out
deployment "ms-69614" successfully rolled out
deployment "ms-9081" successfully rolled out
deployment "nginx-web-server" successfully rolled out
deployment "unknown" successfully rolled out
ENTRY_POINT: nginx-web-server
SERVICE_A_URL: 10.111.86.202:50051
Capacity: 7000
Metadata: request-id={{.RequestNumber}}
Metadata: timestamp={{.TimestampUnix}}
Metadata: method=S_149998854
Charon Configurations:
[{INTERCEPT charon} {PRICE_UPDATE_RATE 25443us} {TOKEN_UPDATE_RATE 13691us} {LATENCY_THRESHOLD 9014us} {PRICE_STEP 150} {PRICE_STRATEGY proportional} {LAZY_UPDATE true} {RATE_LIMITING true} {LOAD_SHEDDING true} {CHARON_TRACK_PRICE false} {BREAKWATER_SLO 12500us} {BREAKWATER_A 0.001} {BREAKWATER_B 0.02} {BREAKWATER_CLIENT_EXPIRATION 10ms} {BREAKWATER_INITIAL_CREDIT 400} {BREAKWATER_LOAD_SHEDDING true} {BREAKWATER_RTT 1000us} {BREAKWATERD_SLO 12500us} {BREAKWATERD_A 0.001} {BREAKWATERD_B 0.02} {BREAKWATERD_CLIENT_EXPIRATION 10ms} {BREAKWATERD_INITIAL_CREDIT 400} {BREAKWATERD_LOAD_SHEDDING true} {BREAKWATERD_RTT 1000us} {DAGOR_QUEUING_THRESHOLD 2ms} {DAGOR_ALPHA 0.05} {DAGOR_BETA 0.01} {DAGOR_ADMISSION_LEVEL_UPDATE_INTERVAL 10ms} {DAGOR_UMAX 20}]

Summary:
  Count:	56464
  Total:	14.85 s
  Slowest:	860.94 ms
  Fastest:	110.82 ms
  Average:	129.45 ms
  Requests/sec:	3802.98

Response time histogram:
  110.823 [1]     |
  185.835 [50376] |∎∎∎∎∎∎∎∎∎∎∎∎∎∎∎∎∎∎∎∎∎∎∎∎∎∎∎∎∎∎∎∎∎∎∎∎∎∎∎∎
  260.846 [1542]  |∎
  335.857 [757]   |∎
  410.869 [349]   |
  485.880 [42]    |
  560.892 [0]     |
  635.903 [0]     |
  710.914 [0]     |
  785.926 [12]    |
  860.937 [68]    |

Latency distribution:
  10 % in 113.47 ms 
  25 % in 117.39 ms 
  50 % in 126.47 ms 
  75 % in 139.06 ms 
  90 % in 158.22 ms 
  95 % in 188.76 ms 
  99 % in 327.25 ms 

Status code distribution:
  [OK]                  53147 responses   
  [ResourceExhausted]   3148 responses    
  [Canceled]            169 responses     

Error distribution:
  [1]      rpc error: code = ResourceExhausted desc = S_149998854 req dropped by ms-51685. Try again later.           
  [154]    rpc error: code = ResourceExhausted desc = S_149998854 req dropped by ms-18330. Try again later.           
  [350]    rpc error: code = ResourceExhausted desc = S_149998854 req dropped by ms-55394. Try again later.           
  [2463]   rpc error: code = ResourceExhausted desc = S_149998854 req dropped by nginx-web-server. Try again later.   
  [180]    rpc error: code = ResourceExhausted desc = S_149998854 req dropped by ms-66473. Try again later.           
  [169]    rpc error: code = Canceled desc = grpc: the client connection is closing                                   

Debug: Checking Namespace=default, Pod=ms-10090-6454f977fd-7rwct for Target File=deathstar_*.output
Namespace: default, Pod: ms-10090-6454f977fd-7rwct has the target files.
Copying deathstar_ms-10090.output to deathstar_ms-10090.output
tar: removing leading '/' from member names
Debug: Checking Namespace=default, Pod=ms-13558-b48bb5d9d-h7gvl for Target File=deathstar_*.output
Namespace: default, Pod: ms-13558-b48bb5d9d-h7gvl has the target files.
Copying deathstar_ms-13558.output to deathstar_ms-13558.output
tar: removing leading '/' from member names
Debug: Checking Namespace=default, Pod=ms-18330-759d9cf49c-7mflf for Target File=deathstar_*.output
Namespace: default, Pod: ms-18330-759d9cf49c-7mflf has the target files.
Copying deathstar_ms-18330.output to deathstar_ms-18330.output
tar: removing leading '/' from member names
Debug: Checking Namespace=default, Pod=ms-19585-6f995cfcbf-xhtsz for Target File=deathstar_*.output
Namespace: default, Pod: ms-19585-6f995cfcbf-xhtsz has the target files.
Copying deathstar_ms-19585.output to deathstar_ms-19585.output
tar: removing leading '/' from member names
Debug: Checking Namespace=default, Pod=ms-20172-59d5485464-2scp4 for Target File=deathstar_*.output
Namespace: default, Pod: ms-20172-59d5485464-2scp4 has the target files.
Copying deathstar_ms-20172.output to deathstar_ms-20172.output
tar: removing leading '/' from member names
Debug: Checking Namespace=default, Pod=ms-22893-576fd5f9f6-qhztn for Target File=deathstar_*.output
Namespace: default, Pod: ms-22893-576fd5f9f6-qhztn has the target files.
Copying deathstar_ms-22893.output to deathstar_ms-22893.output
tar: removing leading '/' from member names
Debug: Checking Namespace=default, Pod=ms-24009-67dbf5b976-hfk7m for Target File=deathstar_*.output
Namespace: default, Pod: ms-24009-67dbf5b976-hfk7m has the target files.
Copying deathstar_ms-24009.output to deathstar_ms-24009.output
tar: removing leading '/' from member names
Debug: Checking Namespace=default, Pod=ms-24959-99f8bbf9-w8dfs for Target File=deathstar_*.output
Namespace: default, Pod: ms-24959-99f8bbf9-w8dfs has the target files.
Copying deathstar_ms-24959.output to deathstar_ms-24959.output
tar: removing leading '/' from member names
Debug: Checking Namespace=default, Pod=ms-26622-66fdf7d64f-7kntm for Target File=deathstar_*.output
Namespace: default, Pod: ms-26622-66fdf7d64f-7kntm has the target files.
Copying deathstar_ms-26622.output to deathstar_ms-26622.output
tar: removing leading '/' from member names
Debug: Checking Namespace=default, Pod=ms-27421-64f549855c-kcvcd for Target File=deathstar_*.output
Namespace: default, Pod: ms-27421-64f549855c-kcvcd has the target files.
Copying deathstar_ms-27421.output to deathstar_ms-27421.output
tar: removing leading '/' from member names
Debug: Checking Namespace=default, Pod=ms-29373-8467f7db44-pj6f6 for Target File=deathstar_*.output
Namespace: default, Pod: ms-29373-8467f7db44-pj6f6 has the target files.
Copying deathstar_ms-29373.output to deathstar_ms-29373.output
tar: removing leading '/' from member names
Debug: Checking Namespace=default, Pod=ms-32301-c5654bbc5-gscd9 for Target File=deathstar_*.output
Namespace: default, Pod: ms-32301-c5654bbc5-gscd9 has the target files.
Copying deathstar_ms-32301.output to deathstar_ms-32301.output
tar: removing leading '/' from member names
Debug: Checking Namespace=default, Pod=ms-3289-587dbd96bf-gckc8 for Target File=deathstar_*.output
Namespace: default, Pod: ms-3289-587dbd96bf-gckc8 has the target files.
Copying deathstar_ms-3289.output to deathstar_ms-3289.output
tar: removing leading '/' from member names
Debug: Checking Namespace=default, Pod=ms-37691-6dc6cd6744-6g9sh for Target File=deathstar_*.output
Namespace: default, Pod: ms-37691-6dc6cd6744-6g9sh has the target files.
Copying deathstar_ms-37691.output to deathstar_ms-37691.output
tar: removing leading '/' from member names
Debug: Checking Namespace=default, Pod=ms-38964-5b647cdbd-89njr for Target File=deathstar_*.output
Namespace: default, Pod: ms-38964-5b647cdbd-89njr has the target files.
Copying deathstar_ms-38964.output to deathstar_ms-38964.output
tar: removing leading '/' from member names
Debug: Checking Namespace=default, Pod=ms-40147-cd867585-msjtl for Target File=deathstar_*.output
Namespace: default, Pod: ms-40147-cd867585-msjtl has the target files.
Copying deathstar_ms-40147.output to deathstar_ms-40147.output
tar: removing leading '/' from member names
Debug: Checking Namespace=default, Pod=ms-48118-ff7b99cc9-rq7t7 for Target File=deathstar_*.output
Namespace: default, Pod: ms-48118-ff7b99cc9-rq7t7 has the target files.
Copying deathstar_ms-48118.output to deathstar_ms-48118.output
tar: removing leading '/' from member names
Debug: Checking Namespace=default, Pod=ms-4829-669557b66c-xhwnd for Target File=deathstar_*.output
Namespace: default, Pod: ms-4829-669557b66c-xhwnd has the target files.
Copying deathstar_ms-4829.output to deathstar_ms-4829.output
tar: removing leading '/' from member names
Debug: Checking Namespace=default, Pod=ms-51685-79858c784f-ghgff for Target File=deathstar_*.output
Namespace: default, Pod: ms-51685-79858c784f-ghgff has the target files.
Copying deathstar_ms-51685.output to deathstar_ms-51685.output
tar: removing leading '/' from member names
Debug: Checking Namespace=default, Pod=ms-52379-57c6cdd54b-ks87x for Target File=deathstar_*.output
Namespace: default, Pod: ms-52379-57c6cdd54b-ks87x has the target files.
Copying deathstar_ms-52379.output to deathstar_ms-52379.output
tar: removing leading '/' from member names
Debug: Checking Namespace=default, Pod=ms-55394-6f999f5df9-pdx9r for Target File=deathstar_*.output
Namespace: default, Pod: ms-55394-6f999f5df9-pdx9r has the target files.
Copying deathstar_ms-55394.output to deathstar_ms-55394.output
tar: removing leading '/' from member names
Debug: Checking Namespace=default, Pod=ms-58436-59dd96f659-kdj6w for Target File=deathstar_*.output
Namespace: default, Pod: ms-58436-59dd96f659-kdj6w has the target files.
Copying deathstar_ms-58436.output to deathstar_ms-58436.output
tar: removing leading '/' from member names
Debug: Checking Namespace=default, Pod=ms-58772-68ff78c966-zldnr for Target File=deathstar_*.output
Namespace: default, Pod: ms-58772-68ff78c966-zldnr has the target files.
Copying deathstar_ms-58772.output to deathstar_ms-58772.output
tar: removing leading '/' from member names
Debug: Checking Namespace=default, Pod=ms-59962-756b895b58-sqv4j for Target File=deathstar_*.output
Namespace: default, Pod: ms-59962-756b895b58-sqv4j has the target files.
Copying deathstar_ms-59962.output to deathstar_ms-59962.output
tar: removing leading '/' from member names
Debug: Checking Namespace=default, Pod=ms-60061-68bd84bdcd-x4tn5 for Target File=deathstar_*.output
Namespace: default, Pod: ms-60061-68bd84bdcd-x4tn5 has the target files.
Copying deathstar_ms-60061.output to deathstar_ms-60061.output
tar: removing leading '/' from member names
Debug: Checking Namespace=default, Pod=ms-6323-974659fcd-d5w9w for Target File=deathstar_*.output
Namespace: default, Pod: ms-6323-974659fcd-d5w9w has the target files.
Copying deathstar_ms-6323.output to deathstar_ms-6323.output
tar: removing leading '/' from member names
Debug: Checking Namespace=default, Pod=ms-65741-65f588bcdf-8wlhp for Target File=deathstar_*.output
Namespace: default, Pod: ms-65741-65f588bcdf-8wlhp has the target files.
Copying deathstar_ms-65741.output to deathstar_ms-65741.output
tar: removing leading '/' from member names
Debug: Checking Namespace=default, Pod=ms-66473-79c66f8bff-lvn9f for Target File=deathstar_*.output
Namespace: default, Pod: ms-66473-79c66f8bff-lvn9f has the target files.
Copying deathstar_ms-66473.output to deathstar_ms-66473.output
tar: removing leading '/' from member names
Debug: Checking Namespace=default, Pod=ms-69188-65c548d4cb-6shwr for Target File=deathstar_*.output
Namespace: default, Pod: ms-69188-65c548d4cb-6shwr has the target files.
Copying deathstar_ms-69188.output to deathstar_ms-69188.output
tar: removing leading '/' from member names
Debug: Checking Namespace=default, Pod=ms-69614-794bd8475-ndz9h for Target File=deathstar_*.output
Namespace: default, Pod: ms-69614-794bd8475-ndz9h has the target files.
Copying deathstar_ms-69614.output to deathstar_ms-69614.output
tar: removing leading '/' from member names
Debug: Checking Namespace=default, Pod=ms-9081-567985788-grxhn for Target File=deathstar_*.output
Namespace: default, Pod: ms-9081-567985788-grxhn has the target files.
Copying deathstar_ms-9081.output to deathstar_ms-9081.output
tar: removing leading '/' from member names
Debug: Checking Namespace=default, Pod=nginx-web-server-56557f7cb7-4fnts for Target File=deathstar_*.output
Namespace: default, Pod: nginx-web-server-56557f7cb7-4fnts has the target files.
Copying deathstar_nginx-web-server.output to deathstar_nginx-web-server.output
tar: removing leading '/' from member names
Debug: Checking Namespace=default, Pod=unknown-6ddf9bd4b5-vf7jc for Target File=deathstar_*.output
Namespace: default, Pod: unknown-6ddf9bd4b5-vf7jc has the target files.
Copying deathstar_unknown.output to deathstar_unknown.output
tar: removing leading '/' from member names
