Deployments: ms-11070
ms-11285
ms-11512
ms-1278
ms-13873
ms-19953
ms-21883
ms-25124
ms-27421
ms-2827
ms-33719
ms-37691
ms-43309
ms-4354
ms-46825
ms-60236
ms-71771
ms-8052
ms-902
nginx-web-server
deployment "ms-11070" successfully rolled out
deployment "ms-11285" successfully rolled out
deployment "ms-11512" successfully rolled out
deployment "ms-1278" successfully rolled out
deployment "ms-13873" successfully rolled out
deployment "ms-19953" successfully rolled out
deployment "ms-21883" successfully rolled out
deployment "ms-25124" successfully rolled out
deployment "ms-27421" successfully rolled out
deployment "ms-2827" successfully rolled out
deployment "ms-33719" successfully rolled out
deployment "ms-37691" successfully rolled out
deployment "ms-43309" successfully rolled out
deployment "ms-4354" successfully rolled out
deployment "ms-46825" successfully rolled out
deployment "ms-60236" successfully rolled out
deployment "ms-71771" successfully rolled out
deployment "ms-8052" successfully rolled out
deployment "ms-902" successfully rolled out
deployment "nginx-web-server" successfully rolled out
ENTRY_POINT: nginx-web-server
SERVICE_A_URL: 10.104.39.13:50051
Capacity: 10000
Metadata: request-id={{.RequestNumber}}
Metadata: timestamp={{.TimestampUnix}}
Metadata: method=S_102000854
Charon Configurations:
[{INTERCEPT charon} {PRICE_UPDATE_RATE 15694us} {TOKEN_UPDATE_RATE 4513us} {LATENCY_THRESHOLD 1674us} {PRICE_STEP 76} {PRICE_STRATEGY proportional} {LAZY_UPDATE true} {RATE_LIMITING true} {LOAD_SHEDDING true} {CHARON_TRACK_PRICE false} {BREAKWATER_SLO 12500us} {BREAKWATER_A 0.001} {BREAKWATER_B 0.02} {BREAKWATER_CLIENT_EXPIRATION 10ms} {BREAKWATER_INITIAL_CREDIT 400} {BREAKWATER_LOAD_SHEDDING true} {BREAKWATER_RTT 1000us} {BREAKWATERD_SLO 12500us} {BREAKWATERD_A 0.001} {BREAKWATERD_B 0.02} {BREAKWATERD_CLIENT_EXPIRATION 10ms} {BREAKWATERD_INITIAL_CREDIT 400} {BREAKWATERD_LOAD_SHEDDING true} {BREAKWATERD_RTT 1000us} {DAGOR_QUEUING_THRESHOLD 2ms} {DAGOR_ALPHA 0.05} {DAGOR_BETA 0.01} {DAGOR_ADMISSION_LEVEL_UPDATE_INTERVAL 10ms} {DAGOR_UMAX 20}]

Summary:
  Count:	82328
  Total:	14.78 s
  Slowest:	811.96 ms
  Fastest:	38.93 ms
  Average:	73.09 ms
  Requests/sec:	5570.05

Response time histogram:
  38.933  [1]     |
  116.235 [68877] |∎∎∎∎∎∎∎∎∎∎∎∎∎∎∎∎∎∎∎∎∎∎∎∎∎∎∎∎∎∎∎∎∎∎∎∎∎∎∎∎
  193.537 [2605]  |∎∎
  270.840 [1289]  |∎
  348.142 [2370]  |∎
  425.444 [1242]  |∎
  502.746 [185]   |
  580.049 [3]     |
  657.351 [0]     |
  734.653 [0]     |
  811.955 [81]    |

Latency distribution:
  10 % in 41.68 ms 
  25 % in 46.77 ms 
  50 % in 56.30 ms 
  75 % in 69.03 ms 
  90 % in 118.98 ms 
  95 % in 272.86 ms 
  99 % in 390.40 ms 

Status code distribution:
  [OK]                  76653 responses   
  [ResourceExhausted]   5584 responses    
  [Canceled]            91 responses      

Error distribution:
  [252]    rpc error: code = ResourceExhausted desc = S_102000854 req dropped by ms-25124. Try again later.           
  [4610]   rpc error: code = ResourceExhausted desc = S_102000854 req dropped by nginx-web-server. Try again later.   
  [91]     rpc error: code = Canceled desc = grpc: the client connection is closing                                   
  [491]    rpc error: code = ResourceExhausted desc = S_102000854 req dropped by ms-13873. Try again later.           
  [231]    rpc error: code = ResourceExhausted desc = S_102000854 req dropped by ms-60236. Try again later.           

Debug: Checking Namespace=default, Pod=ms-11070-7868c54f44-vbb6p for Target File=deathstar_*.output
Namespace: default, Pod: ms-11070-7868c54f44-vbb6p has the target files.
Copying deathstar_ms-11070.output to deathstar_ms-11070.output
tar: removing leading '/' from member names
Debug: Checking Namespace=default, Pod=ms-11285-67d597dc77-fvggb for Target File=deathstar_*.output
Namespace: default, Pod: ms-11285-67d597dc77-fvggb has the target files.
Copying deathstar_ms-11285.output to deathstar_ms-11285.output
tar: removing leading '/' from member names
Debug: Checking Namespace=default, Pod=ms-11512-75f8ddc45b-mt8xw for Target File=deathstar_*.output
Namespace: default, Pod: ms-11512-75f8ddc45b-mt8xw has the target files.
Copying deathstar_ms-11512.output to deathstar_ms-11512.output
tar: removing leading '/' from member names
Debug: Checking Namespace=default, Pod=ms-1278-85766ff6b8-nz9pd for Target File=deathstar_*.output
Namespace: default, Pod: ms-1278-85766ff6b8-nz9pd has the target files.
Copying deathstar_ms-1278.output to deathstar_ms-1278.output
tar: removing leading '/' from member names
Debug: Checking Namespace=default, Pod=ms-13873-85d7bb7b97-dmrk6 for Target File=deathstar_*.output
Namespace: default, Pod: ms-13873-85d7bb7b97-dmrk6 has the target files.
Copying deathstar_ms-13873.output to deathstar_ms-13873.output
tar: removing leading '/' from member names
Debug: Checking Namespace=default, Pod=ms-19953-68cc8998c5-pspzf for Target File=deathstar_*.output
Namespace: default, Pod: ms-19953-68cc8998c5-pspzf has the target files.
Copying deathstar_ms-19953.output to deathstar_ms-19953.output
tar: removing leading '/' from member names
Debug: Checking Namespace=default, Pod=ms-21883-f6c88c6d4-vzctn for Target File=deathstar_*.output
Namespace: default, Pod: ms-21883-f6c88c6d4-vzctn has the target files.
Copying deathstar_ms-21883.output to deathstar_ms-21883.output
tar: removing leading '/' from member names
Debug: Checking Namespace=default, Pod=ms-25124-77bd4446f5-rq9zg for Target File=deathstar_*.output
Namespace: default, Pod: ms-25124-77bd4446f5-rq9zg has the target files.
Copying deathstar_ms-25124.output to deathstar_ms-25124.output
tar: removing leading '/' from member names
Debug: Checking Namespace=default, Pod=ms-27421-8565974486-89r4l for Target File=deathstar_*.output
Namespace: default, Pod: ms-27421-8565974486-89r4l has the target files.
Copying deathstar_ms-27421.output to deathstar_ms-27421.output
tar: removing leading '/' from member names
Debug: Checking Namespace=default, Pod=ms-2827-5dcc6df4f4-s689f for Target File=deathstar_*.output
Namespace: default, Pod: ms-2827-5dcc6df4f4-s689f has the target files.
Copying deathstar_ms-2827.output to deathstar_ms-2827.output
tar: removing leading '/' from member names
Debug: Checking Namespace=default, Pod=ms-33719-6c455cf54c-cl8sg for Target File=deathstar_*.output
Namespace: default, Pod: ms-33719-6c455cf54c-cl8sg has the target files.
Copying deathstar_ms-33719.output to deathstar_ms-33719.output
tar: removing leading '/' from member names
Debug: Checking Namespace=default, Pod=ms-37691-b9bc44798-z28ln for Target File=deathstar_*.output
Namespace: default, Pod: ms-37691-b9bc44798-z28ln has the target files.
Copying deathstar_ms-37691.output to deathstar_ms-37691.output
tar: removing leading '/' from member names
Debug: Checking Namespace=default, Pod=ms-43309-54f758d465-56cjk for Target File=deathstar_*.output
Namespace: default, Pod: ms-43309-54f758d465-56cjk has the target files.
Copying deathstar_ms-43309.output to deathstar_ms-43309.output
tar: removing leading '/' from member names
Debug: Checking Namespace=default, Pod=ms-4354-669cfcbdf6-qsx2j for Target File=deathstar_*.output
Namespace: default, Pod: ms-4354-669cfcbdf6-qsx2j has the target files.
Copying deathstar_ms-4354.output to deathstar_ms-4354.output
tar: removing leading '/' from member names
Debug: Checking Namespace=default, Pod=ms-46825-58c684559d-98wjc for Target File=deathstar_*.output
Namespace: default, Pod: ms-46825-58c684559d-98wjc has the target files.
Copying deathstar_ms-46825.output to deathstar_ms-46825.output
tar: removing leading '/' from member names
Debug: Checking Namespace=default, Pod=ms-60236-64866cf49-l7cm4 for Target File=deathstar_*.output
Namespace: default, Pod: ms-60236-64866cf49-l7cm4 has the target files.
Copying deathstar_ms-60236.output to deathstar_ms-60236.output
tar: removing leading '/' from member names
Debug: Checking Namespace=default, Pod=ms-71771-567ddbdd95-265qp for Target File=deathstar_*.output
Namespace: default, Pod: ms-71771-567ddbdd95-265qp has the target files.
Copying deathstar_ms-71771.output to deathstar_ms-71771.output
tar: removing leading '/' from member names
Debug: Checking Namespace=default, Pod=ms-8052-b995968dc-gbfvl for Target File=deathstar_*.output
Namespace: default, Pod: ms-8052-b995968dc-gbfvl has the target files.
Copying deathstar_ms-8052.output to deathstar_ms-8052.output
tar: removing leading '/' from member names
Debug: Checking Namespace=default, Pod=ms-902-5744544f85-rw6sk for Target File=deathstar_*.output
Namespace: default, Pod: ms-902-5744544f85-rw6sk has the target files.
Copying deathstar_ms-902.output to deathstar_ms-902.output
tar: removing leading '/' from member names
Debug: Checking Namespace=default, Pod=nginx-web-server-56557f7cb7-cb7nr for Target File=deathstar_*.output
Namespace: default, Pod: nginx-web-server-56557f7cb7-cb7nr has the target files.
Copying deathstar_nginx-web-server.output to deathstar_nginx-web-server.output
tar: removing leading '/' from member names
