Deployments: ms-10090
ms-13558
ms-18330
ms-19585
ms-20172
ms-22893
ms-24009
ms-24959
ms-26622
ms-27421
ms-29373
ms-32301
ms-3289
ms-37691
ms-38964
ms-40147
ms-48118
ms-4829
ms-51685
ms-52379
ms-55394
ms-58436
ms-58772
ms-59962
ms-60061
ms-6323
ms-65741
ms-66473
ms-69188
ms-69614
ms-9081
nginx-web-server
unknown
deployment "ms-10090" successfully rolled out
deployment "ms-13558" successfully rolled out
deployment "ms-18330" successfully rolled out
deployment "ms-19585" successfully rolled out
deployment "ms-20172" successfully rolled out
deployment "ms-22893" successfully rolled out
deployment "ms-24009" successfully rolled out
deployment "ms-24959" successfully rolled out
deployment "ms-26622" successfully rolled out
deployment "ms-27421" successfully rolled out
deployment "ms-29373" successfully rolled out
deployment "ms-32301" successfully rolled out
deployment "ms-3289" successfully rolled out
deployment "ms-37691" successfully rolled out
deployment "ms-38964" successfully rolled out
deployment "ms-40147" successfully rolled out
deployment "ms-48118" successfully rolled out
deployment "ms-4829" successfully rolled out
deployment "ms-51685" successfully rolled out
deployment "ms-52379" successfully rolled out
deployment "ms-55394" successfully rolled out
deployment "ms-58436" successfully rolled out
deployment "ms-58772" successfully rolled out
deployment "ms-59962" successfully rolled out
deployment "ms-60061" successfully rolled out
deployment "ms-6323" successfully rolled out
deployment "ms-65741" successfully rolled out
deployment "ms-66473" successfully rolled out
deployment "ms-69188" successfully rolled out
deployment "ms-69614" successfully rolled out
deployment "ms-9081" successfully rolled out
deployment "nginx-web-server" successfully rolled out
deployment "unknown" successfully rolled out
ENTRY_POINT: nginx-web-server
SERVICE_A_URL: 10.101.54.249:50051
Capacity: 10000
Metadata: request-id={{.RequestNumber}}
Metadata: timestamp={{.TimestampUnix}}
Metadata: method=S_149998854
Charon Configurations:
[{INTERCEPT breakwater} {PRICE_UPDATE_RATE 10ms} {TOKEN_UPDATE_RATE 10ms} {LATENCY_THRESHOLD 100us} {PRICE_STEP 0} {PRICE_STRATEGY step} {LAZY_UPDATE false} {RATE_LIMITING true} {LOAD_SHEDDING true} {CHARON_TRACK_PRICE false} {BREAKWATER_SLO 2436us} {BREAKWATER_A 14.257102937111096} {BREAKWATER_B 2.0} {BREAKWATER_CLIENT_EXPIRATION 0us} {BREAKWATER_INITIAL_CREDIT 1965} {BREAKWATER_LOAD_SHEDDING true} {BREAKWATER_RTT 20000us} {BREAKWATERD_SLO 12500us} {BREAKWATERD_A 0.001} {BREAKWATERD_B 0.02} {BREAKWATERD_CLIENT_EXPIRATION 10ms} {BREAKWATERD_INITIAL_CREDIT 400} {BREAKWATERD_LOAD_SHEDDING true} {BREAKWATERD_RTT 1000us} {DAGOR_QUEUING_THRESHOLD 2ms} {DAGOR_ALPHA 0.05} {DAGOR_BETA 0.01} {DAGOR_ADMISSION_LEVEL_UPDATE_INTERVAL 10ms} {DAGOR_UMAX 20}]

Summary:
  Count:	59863
  Total:	25.00 s
  Slowest:	894.00 ms
  Fastest:	112.00 ms
  Average:	106.64 ms
  Requests/sec:	2394.47

Response time histogram:
  112.003 [1]     |
  190.203 [31526] |∎∎∎∎∎∎∎∎∎∎∎∎∎∎∎∎∎∎∎∎∎∎∎∎∎∎∎∎∎∎∎∎∎∎∎∎∎∎∎∎
  268.402 [6096]  |∎∎∎∎∎∎∎∎
  346.602 [744]   |∎
  424.801 [39]    |
  503.001 [9]     |
  581.200 [0]     |
  659.400 [0]     |
  737.599 [3]     |
  815.799 [6]     |
  893.998 [19]    |

Latency distribution:
  10 % in 121.39 ms 
  25 % in 139.36 ms 
  50 % in 158.01 ms 
  75 % in 179.94 ms 
  90 % in 207.91 ms 
  95 % in 231.52 ms 
  99 % in 294.95 ms 

Status code distribution:
  [OK]                  38443 responses   
  [ResourceExhausted]   21013 responses   
  [Canceled]            407 responses     

Error distribution:
  [21013]   rpc error: code = ResourceExhausted desc = Server-side queuing delay is beyond AQM threshold   
  [407]     rpc error: code = Canceled desc = grpc: the client connection is closing                       

Debug: Checking Namespace=default, Pod=ms-10090-6454f977fd-zfx7g for Target File=deathstar_*.output
Namespace: default, Pod: ms-10090-6454f977fd-zfx7g has the target files.
Copying deathstar_ms-10090.output to deathstar_ms-10090.output
tar: removing leading '/' from member names
Debug: Checking Namespace=default, Pod=ms-13558-b48bb5d9d-dmv88 for Target File=deathstar_*.output
Namespace: default, Pod: ms-13558-b48bb5d9d-dmv88 has the target files.
Copying deathstar_ms-13558.output to deathstar_ms-13558.output
tar: removing leading '/' from member names
Debug: Checking Namespace=default, Pod=ms-18330-759d9cf49c-fhmwf for Target File=deathstar_*.output
Namespace: default, Pod: ms-18330-759d9cf49c-fhmwf has the target files.
Copying deathstar_ms-18330.output to deathstar_ms-18330.output
tar: removing leading '/' from member names
Debug: Checking Namespace=default, Pod=ms-19585-6f995cfcbf-cmk6n for Target File=deathstar_*.output
Namespace: default, Pod: ms-19585-6f995cfcbf-cmk6n has the target files.
Copying deathstar_ms-19585.output to deathstar_ms-19585.output
tar: removing leading '/' from member names
Debug: Checking Namespace=default, Pod=ms-20172-59d5485464-gqnvf for Target File=deathstar_*.output
Namespace: default, Pod: ms-20172-59d5485464-gqnvf has the target files.
Copying deathstar_ms-20172.output to deathstar_ms-20172.output
tar: removing leading '/' from member names
Debug: Checking Namespace=default, Pod=ms-22893-576fd5f9f6-gq7hs for Target File=deathstar_*.output
Namespace: default, Pod: ms-22893-576fd5f9f6-gq7hs has the target files.
Copying deathstar_ms-22893.output to deathstar_ms-22893.output
tar: removing leading '/' from member names
Debug: Checking Namespace=default, Pod=ms-24009-67dbf5b976-d6pf6 for Target File=deathstar_*.output
Namespace: default, Pod: ms-24009-67dbf5b976-d6pf6 has the target files.
Copying deathstar_ms-24009.output to deathstar_ms-24009.output
tar: removing leading '/' from member names
Debug: Checking Namespace=default, Pod=ms-24959-99f8bbf9-szcql for Target File=deathstar_*.output
Namespace: default, Pod: ms-24959-99f8bbf9-szcql has the target files.
Copying deathstar_ms-24959.output to deathstar_ms-24959.output
tar: removing leading '/' from member names
Debug: Checking Namespace=default, Pod=ms-26622-66fdf7d64f-phbtr for Target File=deathstar_*.output
Namespace: default, Pod: ms-26622-66fdf7d64f-phbtr has the target files.
Copying deathstar_ms-26622.output to deathstar_ms-26622.output
tar: removing leading '/' from member names
Debug: Checking Namespace=default, Pod=ms-27421-64f549855c-5vc98 for Target File=deathstar_*.output
Namespace: default, Pod: ms-27421-64f549855c-5vc98 has the target files.
Copying deathstar_ms-27421.output to deathstar_ms-27421.output
tar: removing leading '/' from member names
Debug: Checking Namespace=default, Pod=ms-29373-8467f7db44-5mwvw for Target File=deathstar_*.output
Namespace: default, Pod: ms-29373-8467f7db44-5mwvw has the target files.
Copying deathstar_ms-29373.output to deathstar_ms-29373.output
tar: removing leading '/' from member names
Debug: Checking Namespace=default, Pod=ms-32301-c5654bbc5-4k6lj for Target File=deathstar_*.output
Namespace: default, Pod: ms-32301-c5654bbc5-4k6lj has the target files.
Copying deathstar_ms-32301.output to deathstar_ms-32301.output
tar: removing leading '/' from member names
Debug: Checking Namespace=default, Pod=ms-3289-587dbd96bf-cfv9g for Target File=deathstar_*.output
Namespace: default, Pod: ms-3289-587dbd96bf-cfv9g has the target files.
Copying deathstar_ms-3289.output to deathstar_ms-3289.output
tar: removing leading '/' from member names
Debug: Checking Namespace=default, Pod=ms-37691-6dc6cd6744-9hv6t for Target File=deathstar_*.output
Namespace: default, Pod: ms-37691-6dc6cd6744-9hv6t has the target files.
Copying deathstar_ms-37691.output to deathstar_ms-37691.output
tar: removing leading '/' from member names
Debug: Checking Namespace=default, Pod=ms-38964-5b647cdbd-46k88 for Target File=deathstar_*.output
Namespace: default, Pod: ms-38964-5b647cdbd-46k88 has the target files.
Copying deathstar_ms-38964.output to deathstar_ms-38964.output
tar: removing leading '/' from member names
Debug: Checking Namespace=default, Pod=ms-40147-cd867585-tw9cx for Target File=deathstar_*.output
Namespace: default, Pod: ms-40147-cd867585-tw9cx has the target files.
Copying deathstar_ms-40147.output to deathstar_ms-40147.output
tar: removing leading '/' from member names
Debug: Checking Namespace=default, Pod=ms-48118-ff7b99cc9-dcclz for Target File=deathstar_*.output
Namespace: default, Pod: ms-48118-ff7b99cc9-dcclz has the target files.
Copying deathstar_ms-48118.output to deathstar_ms-48118.output
tar: removing leading '/' from member names
Debug: Checking Namespace=default, Pod=ms-4829-669557b66c-9t2nj for Target File=deathstar_*.output
Namespace: default, Pod: ms-4829-669557b66c-9t2nj has the target files.
Copying deathstar_ms-4829.output to deathstar_ms-4829.output
tar: removing leading '/' from member names
Debug: Checking Namespace=default, Pod=ms-51685-79858c784f-p5v5j for Target File=deathstar_*.output
Namespace: default, Pod: ms-51685-79858c784f-p5v5j has the target files.
Copying deathstar_ms-51685.output to deathstar_ms-51685.output
tar: removing leading '/' from member names
Debug: Checking Namespace=default, Pod=ms-52379-57c6cdd54b-d4sbm for Target File=deathstar_*.output
Namespace: default, Pod: ms-52379-57c6cdd54b-d4sbm has the target files.
Copying deathstar_ms-52379.output to deathstar_ms-52379.output
tar: removing leading '/' from member names
Debug: Checking Namespace=default, Pod=ms-55394-6f999f5df9-bkhlb for Target File=deathstar_*.output
Namespace: default, Pod: ms-55394-6f999f5df9-bkhlb has the target files.
Copying deathstar_ms-55394.output to deathstar_ms-55394.output
tar: removing leading '/' from member names
Debug: Checking Namespace=default, Pod=ms-58436-59dd96f659-6zsjm for Target File=deathstar_*.output
Namespace: default, Pod: ms-58436-59dd96f659-6zsjm has the target files.
Copying deathstar_ms-58436.output to deathstar_ms-58436.output
tar: removing leading '/' from member names
Debug: Checking Namespace=default, Pod=ms-58772-68ff78c966-575cv for Target File=deathstar_*.output
Namespace: default, Pod: ms-58772-68ff78c966-575cv has the target files.
Copying deathstar_ms-58772.output to deathstar_ms-58772.output
tar: removing leading '/' from member names
Debug: Checking Namespace=default, Pod=ms-59962-756b895b58-2wk5r for Target File=deathstar_*.output
Namespace: default, Pod: ms-59962-756b895b58-2wk5r has the target files.
Copying deathstar_ms-59962.output to deathstar_ms-59962.output
tar: removing leading '/' from member names
Debug: Checking Namespace=default, Pod=ms-60061-68bd84bdcd-vzkmr for Target File=deathstar_*.output
Namespace: default, Pod: ms-60061-68bd84bdcd-vzkmr has the target files.
Copying deathstar_ms-60061.output to deathstar_ms-60061.output
tar: removing leading '/' from member names
Debug: Checking Namespace=default, Pod=ms-6323-974659fcd-phmbr for Target File=deathstar_*.output
Namespace: default, Pod: ms-6323-974659fcd-phmbr has the target files.
Copying deathstar_ms-6323.output to deathstar_ms-6323.output
tar: removing leading '/' from member names
Debug: Checking Namespace=default, Pod=ms-65741-65f588bcdf-6ksjb for Target File=deathstar_*.output
Namespace: default, Pod: ms-65741-65f588bcdf-6ksjb has the target files.
Copying deathstar_ms-65741.output to deathstar_ms-65741.output
tar: removing leading '/' from member names
Debug: Checking Namespace=default, Pod=ms-66473-79c66f8bff-rv58f for Target File=deathstar_*.output
Namespace: default, Pod: ms-66473-79c66f8bff-rv58f has the target files.
Copying deathstar_ms-66473.output to deathstar_ms-66473.output
tar: removing leading '/' from member names
Debug: Checking Namespace=default, Pod=ms-69188-65c548d4cb-898sc for Target File=deathstar_*.output
Namespace: default, Pod: ms-69188-65c548d4cb-898sc has the target files.
Copying deathstar_ms-69188.output to deathstar_ms-69188.output
tar: removing leading '/' from member names
Debug: Checking Namespace=default, Pod=ms-69614-794bd8475-7brhz for Target File=deathstar_*.output
Namespace: default, Pod: ms-69614-794bd8475-7brhz has the target files.
Copying deathstar_ms-69614.output to deathstar_ms-69614.output
tar: removing leading '/' from member names
Debug: Checking Namespace=default, Pod=ms-9081-567985788-4jj4d for Target File=deathstar_*.output
Namespace: default, Pod: ms-9081-567985788-4jj4d has the target files.
Copying deathstar_ms-9081.output to deathstar_ms-9081.output
tar: removing leading '/' from member names
Debug: Checking Namespace=default, Pod=nginx-web-server-56557f7cb7-bxdx8 for Target File=deathstar_*.output
Namespace: default, Pod: nginx-web-server-56557f7cb7-bxdx8 has the target files.
Copying deathstar_nginx-web-server.output to deathstar_nginx-web-server.output
tar: removing leading '/' from member names
Debug: Checking Namespace=default, Pod=unknown-6ddf9bd4b5-9n56z for Target File=deathstar_*.output
Namespace: default, Pod: unknown-6ddf9bd4b5-9n56z has the target files.
Copying deathstar_unknown.output to deathstar_unknown.output
tar: removing leading '/' from member names
