Deployments: ms-25648
ms-27283
ms-27421
ms-2827
ms-34756
ms-36144
ms-37691
ms-41385
ms-41914
ms-46825
ms-54016
ms-55339
ms-58269
ms-58845
ms-68328
ms-70297
nginx-web-server
unknown
deployment "ms-25648" successfully rolled out
deployment "ms-27283" successfully rolled out
deployment "ms-27421" successfully rolled out
deployment "ms-2827" successfully rolled out
deployment "ms-34756" successfully rolled out
deployment "ms-36144" successfully rolled out
deployment "ms-37691" successfully rolled out
deployment "ms-41385" successfully rolled out
deployment "ms-41914" successfully rolled out
deployment "ms-46825" successfully rolled out
deployment "ms-54016" successfully rolled out
deployment "ms-55339" successfully rolled out
deployment "ms-58269" successfully rolled out
deployment "ms-58845" successfully rolled out
deployment "ms-68328" successfully rolled out
deployment "ms-70297" successfully rolled out
deployment "nginx-web-server" successfully rolled out
deployment "unknown" successfully rolled out
ENTRY_POINT: nginx-web-server
SERVICE_A_URL: 10.109.184.61:50051
Capacity: 10000
Metadata: request-id={{.RequestNumber}}
Metadata: timestamp={{.TimestampUnix}}
Metadata: method=S_161142529
Charon Configurations:
[{INTERCEPT charon} {PRICE_UPDATE_RATE 29217us} {TOKEN_UPDATE_RATE 29582us} {LATENCY_THRESHOLD 28429us} {PRICE_STEP 17} {PRICE_STRATEGY proportional} {LAZY_UPDATE true} {RATE_LIMITING true} {LOAD_SHEDDING true} {CHARON_TRACK_PRICE false} {BREAKWATER_SLO 12500us} {BREAKWATER_A 0.001} {BREAKWATER_B 0.02} {BREAKWATER_CLIENT_EXPIRATION 10ms} {BREAKWATER_INITIAL_CREDIT 400} {BREAKWATER_LOAD_SHEDDING true} {BREAKWATER_RTT 1000us} {BREAKWATERD_SLO 12500us} {BREAKWATERD_A 0.001} {BREAKWATERD_B 0.02} {BREAKWATERD_CLIENT_EXPIRATION 10ms} {BREAKWATERD_INITIAL_CREDIT 400} {BREAKWATERD_LOAD_SHEDDING true} {BREAKWATERD_RTT 1000us} {DAGOR_QUEUING_THRESHOLD 2ms} {DAGOR_ALPHA 0.05} {DAGOR_BETA 0.01} {DAGOR_ADMISSION_LEVEL_UPDATE_INTERVAL 10ms} {DAGOR_UMAX 20}]

Summary:
  Count:	97534
  Total:	14.81 s
  Slowest:	902.08 ms
  Fastest:	65.03 ms
  Average:	209.07 ms
  Requests/sec:	6587.24

Response time histogram:
  65.033  [1]     |
  148.737 [41859] |∎∎∎∎∎∎∎∎∎∎∎∎∎∎∎∎∎∎∎∎∎∎∎∎∎∎∎∎∎∎∎∎∎∎∎∎∎∎∎∎
  232.441 [20916] |∎∎∎∎∎∎∎∎∎∎∎∎∎∎∎∎∎∎∎∎
  316.145 [8356]  |∎∎∎∎∎∎∎∎
  399.850 [6859]  |∎∎∎∎∎∎∎
  483.554 [8122]  |∎∎∎∎∎∎∎∎
  567.258 [4529]  |∎∎∎∎
  650.962 [1476]  |∎
  734.667 [423]   |
  818.371 [103]   |
  902.075 [70]    |

Latency distribution:
  10 % in 68.75 ms 
  25 % in 109.40 ms 
  50 % in 160.00 ms 
  75 % in 292.69 ms 
  90 % in 454.24 ms 
  95 % in 509.09 ms 
  99 % in 623.76 ms 

Status code distribution:
  [OK]                  92714 responses   
  [ResourceExhausted]   4195 responses    
  [Canceled]            625 responses     

Error distribution:
  [625]    rpc error: code = Canceled desc = grpc: the client connection is closing                                   
  [835]    rpc error: code = ResourceExhausted desc = S_161142529 req dropped by ms-36144. Try again later.           
  [152]    rpc error: code = ResourceExhausted desc = S_161142529 req dropped by ms-27283. Try again later.           
  [289]    rpc error: code = ResourceExhausted desc = S_161142529 req dropped by unknown. Try again later.            
  [139]    rpc error: code = ResourceExhausted desc = S_161142529 req dropped by ms-41385. Try again later.           
  [2780]   rpc error: code = ResourceExhausted desc = S_161142529 req dropped by nginx-web-server. Try again later.   

Debug: Checking Namespace=default, Pod=ms-25648-86cc47d8bd-blxr7 for Target File=deathstar_*.output
Namespace: default, Pod: ms-25648-86cc47d8bd-blxr7 has the target files.
Copying deathstar_ms-25648.output to deathstar_ms-25648.output
tar: removing leading '/' from member names
Debug: Checking Namespace=default, Pod=ms-27283-7cb76dd56d-lfwj7 for Target File=deathstar_*.output
Namespace: default, Pod: ms-27283-7cb76dd56d-lfwj7 has the target files.
Copying deathstar_ms-27283.output to deathstar_ms-27283.output
tar: removing leading '/' from member names
Debug: Checking Namespace=default, Pod=ms-27421-64f549855c-5mprv for Target File=deathstar_*.output
Namespace: default, Pod: ms-27421-64f549855c-5mprv has the target files.
Copying deathstar_ms-27421.output to deathstar_ms-27421.output
tar: removing leading '/' from member names
Debug: Checking Namespace=default, Pod=ms-2827-565cbcd7b-mg5jh for Target File=deathstar_*.output
Namespace: default, Pod: ms-2827-565cbcd7b-mg5jh has the target files.
Copying deathstar_ms-2827.output to deathstar_ms-2827.output
tar: removing leading '/' from member names
Debug: Checking Namespace=default, Pod=ms-34756-7c45d5bcc-rvvr6 for Target File=deathstar_*.output
Namespace: default, Pod: ms-34756-7c45d5bcc-rvvr6 has the target files.
Copying deathstar_ms-34756.output to deathstar_ms-34756.output
tar: removing leading '/' from member names
Debug: Checking Namespace=default, Pod=ms-36144-7bf7cbfff6-vbq8m for Target File=deathstar_*.output
Namespace: default, Pod: ms-36144-7bf7cbfff6-vbq8m has the target files.
Copying deathstar_ms-36144.output to deathstar_ms-36144.output
tar: removing leading '/' from member names
Debug: Checking Namespace=default, Pod=ms-37691-6f7cbf7c5-xgmhq for Target File=deathstar_*.output
Namespace: default, Pod: ms-37691-6f7cbf7c5-xgmhq has the target files.
Copying deathstar_ms-37691.output to deathstar_ms-37691.output
tar: removing leading '/' from member names
Debug: Checking Namespace=default, Pod=ms-41385-6bc4f5d4fc-tpg9v for Target File=deathstar_*.output
Namespace: default, Pod: ms-41385-6bc4f5d4fc-tpg9v has the target files.
Copying deathstar_ms-41385.output to deathstar_ms-41385.output
tar: removing leading '/' from member names
Debug: Checking Namespace=default, Pod=ms-41914-5555dd8d48-94z7x for Target File=deathstar_*.output
Namespace: default, Pod: ms-41914-5555dd8d48-94z7x has the target files.
Copying deathstar_ms-41914.output to deathstar_ms-41914.output
tar: removing leading '/' from member names
Debug: Checking Namespace=default, Pod=ms-46825-58c684559d-6cns4 for Target File=deathstar_*.output
Namespace: default, Pod: ms-46825-58c684559d-6cns4 has the target files.
Copying deathstar_ms-46825.output to deathstar_ms-46825.output
tar: removing leading '/' from member names
Debug: Checking Namespace=default, Pod=ms-54016-5665fbcb8d-vwrl4 for Target File=deathstar_*.output
Namespace: default, Pod: ms-54016-5665fbcb8d-vwrl4 has the target files.
Copying deathstar_ms-54016.output to deathstar_ms-54016.output
tar: removing leading '/' from member names
Debug: Checking Namespace=default, Pod=ms-55339-5b545b67bb-wlzwc for Target File=deathstar_*.output
Namespace: default, Pod: ms-55339-5b545b67bb-wlzwc has the target files.
Copying deathstar_ms-55339.output to deathstar_ms-55339.output
tar: removing leading '/' from member names
Debug: Checking Namespace=default, Pod=ms-58269-8c4794c6c-9qdt9 for Target File=deathstar_*.output
Namespace: default, Pod: ms-58269-8c4794c6c-9qdt9 has the target files.
Copying deathstar_ms-58269.output to deathstar_ms-58269.output
tar: removing leading '/' from member names
Debug: Checking Namespace=default, Pod=ms-58845-5bc6f9d8df-gwfdl for Target File=deathstar_*.output
Namespace: default, Pod: ms-58845-5bc6f9d8df-gwfdl has the target files.
Copying deathstar_ms-58845.output to deathstar_ms-58845.output
tar: removing leading '/' from member names
Debug: Checking Namespace=default, Pod=ms-68328-5866fd45b7-f67cc for Target File=deathstar_*.output
Namespace: default, Pod: ms-68328-5866fd45b7-f67cc has the target files.
Copying deathstar_ms-68328.output to deathstar_ms-68328.output
tar: removing leading '/' from member names
Debug: Checking Namespace=default, Pod=ms-70297-868876bcdb-75dbv for Target File=deathstar_*.output
Namespace: default, Pod: ms-70297-868876bcdb-75dbv has the target files.
Copying deathstar_ms-70297.output to deathstar_ms-70297.output
tar: removing leading '/' from member names
Debug: Checking Namespace=default, Pod=nginx-web-server-56557f7cb7-cncj9 for Target File=deathstar_*.output
Namespace: default, Pod: nginx-web-server-56557f7cb7-cncj9 has the target files.
Copying deathstar_nginx-web-server.output to deathstar_nginx-web-server.output
tar: removing leading '/' from member names
Debug: Checking Namespace=default, Pod=unknown-57ddd65965-cl69r for Target File=deathstar_*.output
Namespace: default, Pod: unknown-57ddd65965-cl69r has the target files.
Copying deathstar_unknown.output to deathstar_unknown.output
tar: removing leading '/' from member names
