Deployments: ms-10090
ms-13558
ms-18330
ms-19585
ms-20172
ms-22893
ms-24009
ms-24959
ms-26622
ms-27421
ms-29373
ms-32301
ms-3289
ms-37691
ms-38964
ms-40147
ms-48118
ms-4829
ms-51685
ms-52379
ms-55394
ms-58436
ms-58772
ms-59962
ms-60061
ms-6323
ms-65741
ms-66473
ms-69188
ms-69614
ms-9081
nginx-web-server
unknown
deployment "ms-10090" successfully rolled out
deployment "ms-13558" successfully rolled out
deployment "ms-18330" successfully rolled out
deployment "ms-19585" successfully rolled out
deployment "ms-20172" successfully rolled out
deployment "ms-22893" successfully rolled out
deployment "ms-24009" successfully rolled out
deployment "ms-24959" successfully rolled out
deployment "ms-26622" successfully rolled out
deployment "ms-27421" successfully rolled out
deployment "ms-29373" successfully rolled out
deployment "ms-32301" successfully rolled out
deployment "ms-3289" successfully rolled out
deployment "ms-37691" successfully rolled out
deployment "ms-38964" successfully rolled out
deployment "ms-40147" successfully rolled out
deployment "ms-48118" successfully rolled out
deployment "ms-4829" successfully rolled out
deployment "ms-51685" successfully rolled out
deployment "ms-52379" successfully rolled out
deployment "ms-55394" successfully rolled out
deployment "ms-58436" successfully rolled out
deployment "ms-58772" successfully rolled out
deployment "ms-59962" successfully rolled out
deployment "ms-60061" successfully rolled out
deployment "ms-6323" successfully rolled out
deployment "ms-65741" successfully rolled out
deployment "ms-66473" successfully rolled out
deployment "ms-69188" successfully rolled out
deployment "ms-69614" successfully rolled out
deployment "ms-9081" successfully rolled out
deployment "nginx-web-server" successfully rolled out
deployment "unknown" successfully rolled out
ENTRY_POINT: nginx-web-server
SERVICE_A_URL: 10.106.43.114:50051
Capacity: 10000
Metadata: request-id={{.RequestNumber}}
Metadata: timestamp={{.TimestampUnix}}
Metadata: method=S_149998854
Charon Configurations:
[{INTERCEPT breakwaterd} {PRICE_UPDATE_RATE 10ms} {TOKEN_UPDATE_RATE 10ms} {LATENCY_THRESHOLD 100us} {PRICE_STEP 0} {PRICE_STRATEGY step} {LAZY_UPDATE false} {RATE_LIMITING true} {LOAD_SHEDDING true} {CHARON_TRACK_PRICE false} {BREAKWATER_SLO 10000us} {BREAKWATER_A 14.600227919589722} {BREAKWATER_B 0.0} {BREAKWATER_CLIENT_EXPIRATION 1us} {BREAKWATER_INITIAL_CREDIT 400} {BREAKWATER_LOAD_SHEDDING true} {BREAKWATER_RTT 4436us} {BREAKWATERD_SLO 42437us} {BREAKWATERD_A 10.0} {BREAKWATERD_B 3.5668549751846164} {BREAKWATERD_CLIENT_EXPIRATION 40388us} {BREAKWATERD_INITIAL_CREDIT 1} {BREAKWATERD_LOAD_SHEDDING true} {BREAKWATERD_RTT 14751us} {DAGOR_QUEUING_THRESHOLD 2ms} {DAGOR_ALPHA 0.05} {DAGOR_BETA 0.01} {DAGOR_ADMISSION_LEVEL_UPDATE_INTERVAL 10ms} {DAGOR_UMAX 20}]

Summary:
  Count:	85575
  Total:	24.98 s
  Slowest:	867.40 ms
  Fastest:	111.46 ms
  Average:	173.77 ms
  Requests/sec:	3425.78

Response time histogram:
  111.457 [1]     |
  187.051 [11631] |∎∎∎∎∎∎∎∎∎∎∎∎∎∎∎∎∎∎∎∎∎∎∎∎∎∎∎∎∎∎∎∎∎∎∎∎
  262.645 [13032] |∎∎∎∎∎∎∎∎∎∎∎∎∎∎∎∎∎∎∎∎∎∎∎∎∎∎∎∎∎∎∎∎∎∎∎∎∎∎∎∎
  338.239 [11266] |∎∎∎∎∎∎∎∎∎∎∎∎∎∎∎∎∎∎∎∎∎∎∎∎∎∎∎∎∎∎∎∎∎∎∎
  413.833 [6020]  |∎∎∎∎∎∎∎∎∎∎∎∎∎∎∎∎∎∎
  489.427 [2714]  |∎∎∎∎∎∎∎∎
  565.021 [1035]  |∎∎∎
  640.615 [791]   |∎∎
  716.208 [146]   |
  791.802 [58]    |
  867.396 [63]    |

Latency distribution:
  10 % in 115.32 ms 
  25 % in 187.63 ms 
  50 % in 255.62 ms 
  75 % in 330.82 ms 
  90 % in 416.54 ms 
  95 % in 480.84 ms 
  99 % in 617.43 ms 

Status code distribution:
  [ResourceExhausted]   38027 responses   
  [OK]                  46757 responses   
  [Canceled]            790 responses     
  [Unavailable]         1 responses       

Error distribution:
  [13920]   rpc error: code = ResourceExhausted desc = Client id f3804e5d-c0b5-40d2-aedd-c72c69e6073c request expired in queue.   
  [239]     rpc error: code = ResourceExhausted desc = Client id 71ddbddb-f192-42c4-b8ee-75f37f6ef1d7 request expired in queue.   
  [8159]    rpc error: code = ResourceExhausted desc = Client id c6fd658e-8939-4cb1-a36f-a1c1b80a815f request expired in queue.   
  [41]      rpc error: code = ResourceExhausted desc = Client id 23b8e201-43ec-4cf6-8046-078e539cb79f request expired in queue.   
  [1]       rpc error: code = ResourceExhausted desc = Client id f3d4eee2-8e11-4146-8c88-ba039ca53190 request expired in queue.   
  [7]       rpc error: code = ResourceExhausted desc = Client id 1f8028ce-9bd9-4ab9-ad96-3e27e0812d7f request expired in queue.   
  [1]       rpc error: code = Unavailable desc = transport is closing                                                             
  [11003]   rpc error: code = ResourceExhausted desc = Server-side queuing delay is beyond AQM threshold                          
  [4584]    rpc error: code = ResourceExhausted desc = Client id ba8d9776-f0e8-48cd-b396-15e2d28c3e6d request expired in queue.   
  [1]       rpc error: code = ResourceExhausted desc = Client id 43770328-e511-4147-b64d-c241b32df61a request expired in queue.   
  [72]      rpc error: code = ResourceExhausted desc = Client id 4e7e0ca7-440a-47d7-851a-2b176dc87327 request expired in queue.   
  [790]     rpc error: code = Canceled desc = grpc: the client connection is closing                                              

Debug: Checking Namespace=default, Pod=ms-10090-6454f977fd-nssd5 for Target File=deathstar_*.output
Namespace: default, Pod: ms-10090-6454f977fd-nssd5 has the target files.
Copying deathstar_ms-10090.output to deathstar_ms-10090.output
tar: removing leading '/' from member names
Debug: Checking Namespace=default, Pod=ms-13558-b48bb5d9d-r7vsj for Target File=deathstar_*.output
Namespace: default, Pod: ms-13558-b48bb5d9d-r7vsj has the target files.
Copying deathstar_ms-13558.output to deathstar_ms-13558.output
tar: removing leading '/' from member names
Debug: Checking Namespace=default, Pod=ms-18330-759d9cf49c-2j6bq for Target File=deathstar_*.output
Namespace: default, Pod: ms-18330-759d9cf49c-2j6bq has the target files.
Copying deathstar_ms-18330.output to deathstar_ms-18330.output
tar: removing leading '/' from member names
Debug: Checking Namespace=default, Pod=ms-19585-6f995cfcbf-p5r96 for Target File=deathstar_*.output
Namespace: default, Pod: ms-19585-6f995cfcbf-p5r96 has the target files.
Copying deathstar_ms-19585.output to deathstar_ms-19585.output
tar: removing leading '/' from member names
Debug: Checking Namespace=default, Pod=ms-20172-59d5485464-ww9wt for Target File=deathstar_*.output
Namespace: default, Pod: ms-20172-59d5485464-ww9wt has the target files.
Copying deathstar_ms-20172.output to deathstar_ms-20172.output
tar: removing leading '/' from member names
Debug: Checking Namespace=default, Pod=ms-22893-576fd5f9f6-2w2pq for Target File=deathstar_*.output
Namespace: default, Pod: ms-22893-576fd5f9f6-2w2pq has the target files.
Copying deathstar_ms-22893.output to deathstar_ms-22893.output
tar: removing leading '/' from member names
Debug: Checking Namespace=default, Pod=ms-24009-67dbf5b976-q8dgl for Target File=deathstar_*.output
Namespace: default, Pod: ms-24009-67dbf5b976-q8dgl has the target files.
Copying deathstar_ms-24009.output to deathstar_ms-24009.output
tar: removing leading '/' from member names
Debug: Checking Namespace=default, Pod=ms-24959-99f8bbf9-h8frw for Target File=deathstar_*.output
Namespace: default, Pod: ms-24959-99f8bbf9-h8frw has the target files.
Copying deathstar_ms-24959.output to deathstar_ms-24959.output
tar: removing leading '/' from member names
Debug: Checking Namespace=default, Pod=ms-26622-66fdf7d64f-rxz2p for Target File=deathstar_*.output
Namespace: default, Pod: ms-26622-66fdf7d64f-rxz2p has the target files.
Copying deathstar_ms-26622.output to deathstar_ms-26622.output
tar: removing leading '/' from member names
Debug: Checking Namespace=default, Pod=ms-27421-64f549855c-7b9fz for Target File=deathstar_*.output
Namespace: default, Pod: ms-27421-64f549855c-7b9fz has the target files.
Copying deathstar_ms-27421.output to deathstar_ms-27421.output
tar: removing leading '/' from member names
Debug: Checking Namespace=default, Pod=ms-29373-8467f7db44-zw245 for Target File=deathstar_*.output
Namespace: default, Pod: ms-29373-8467f7db44-zw245 has the target files.
Copying deathstar_ms-29373.output to deathstar_ms-29373.output
tar: removing leading '/' from member names
Debug: Checking Namespace=default, Pod=ms-32301-c5654bbc5-ksv6q for Target File=deathstar_*.output
Namespace: default, Pod: ms-32301-c5654bbc5-ksv6q has the target files.
Copying deathstar_ms-32301.output to deathstar_ms-32301.output
tar: removing leading '/' from member names
Debug: Checking Namespace=default, Pod=ms-3289-587dbd96bf-mklrz for Target File=deathstar_*.output
Namespace: default, Pod: ms-3289-587dbd96bf-mklrz has the target files.
Copying deathstar_ms-3289.output to deathstar_ms-3289.output
tar: removing leading '/' from member names
Debug: Checking Namespace=default, Pod=ms-37691-6dc6cd6744-rxcgk for Target File=deathstar_*.output
Namespace: default, Pod: ms-37691-6dc6cd6744-rxcgk has the target files.
Copying deathstar_ms-37691.output to deathstar_ms-37691.output
tar: removing leading '/' from member names
Debug: Checking Namespace=default, Pod=ms-38964-5b647cdbd-mx25k for Target File=deathstar_*.output
Namespace: default, Pod: ms-38964-5b647cdbd-mx25k has the target files.
Copying deathstar_ms-38964.output to deathstar_ms-38964.output
tar: removing leading '/' from member names
Debug: Checking Namespace=default, Pod=ms-40147-cd867585-xwmwm for Target File=deathstar_*.output
Namespace: default, Pod: ms-40147-cd867585-xwmwm has the target files.
Copying deathstar_ms-40147.output to deathstar_ms-40147.output
tar: removing leading '/' from member names
Debug: Checking Namespace=default, Pod=ms-48118-ff7b99cc9-zjxtt for Target File=deathstar_*.output
Namespace: default, Pod: ms-48118-ff7b99cc9-zjxtt has the target files.
Copying deathstar_ms-48118.output to deathstar_ms-48118.output
tar: removing leading '/' from member names
Debug: Checking Namespace=default, Pod=ms-4829-669557b66c-qpgbz for Target File=deathstar_*.output
Namespace: default, Pod: ms-4829-669557b66c-qpgbz has the target files.
Copying deathstar_ms-4829.output to deathstar_ms-4829.output
tar: removing leading '/' from member names
Debug: Checking Namespace=default, Pod=ms-51685-79858c784f-c5tdp for Target File=deathstar_*.output
Namespace: default, Pod: ms-51685-79858c784f-c5tdp has the target files.
Copying deathstar_ms-51685.output to deathstar_ms-51685.output
tar: removing leading '/' from member names
Debug: Checking Namespace=default, Pod=ms-52379-57c6cdd54b-9vfb8 for Target File=deathstar_*.output
Namespace: default, Pod: ms-52379-57c6cdd54b-9vfb8 has the target files.
Copying deathstar_ms-52379.output to deathstar_ms-52379.output
tar: removing leading '/' from member names
Debug: Checking Namespace=default, Pod=ms-55394-6f999f5df9-jkspf for Target File=deathstar_*.output
Namespace: default, Pod: ms-55394-6f999f5df9-jkspf has the target files.
Copying deathstar_ms-55394.output to deathstar_ms-55394.output
tar: removing leading '/' from member names
Debug: Checking Namespace=default, Pod=ms-58436-59dd96f659-trh8s for Target File=deathstar_*.output
Namespace: default, Pod: ms-58436-59dd96f659-trh8s has the target files.
Copying deathstar_ms-58436.output to deathstar_ms-58436.output
tar: removing leading '/' from member names
Debug: Checking Namespace=default, Pod=ms-58772-68ff78c966-8q7fz for Target File=deathstar_*.output
Namespace: default, Pod: ms-58772-68ff78c966-8q7fz has the target files.
Copying deathstar_ms-58772.output to deathstar_ms-58772.output
tar: removing leading '/' from member names
Debug: Checking Namespace=default, Pod=ms-59962-756b895b58-b279f for Target File=deathstar_*.output
Namespace: default, Pod: ms-59962-756b895b58-b279f has the target files.
Copying deathstar_ms-59962.output to deathstar_ms-59962.output
tar: removing leading '/' from member names
Debug: Checking Namespace=default, Pod=ms-60061-68bd84bdcd-thrmf for Target File=deathstar_*.output
Namespace: default, Pod: ms-60061-68bd84bdcd-thrmf has the target files.
Copying deathstar_ms-60061.output to deathstar_ms-60061.output
tar: removing leading '/' from member names
Debug: Checking Namespace=default, Pod=ms-6323-974659fcd-n8jft for Target File=deathstar_*.output
Namespace: default, Pod: ms-6323-974659fcd-n8jft has the target files.
Copying deathstar_ms-6323.output to deathstar_ms-6323.output
tar: removing leading '/' from member names
Debug: Checking Namespace=default, Pod=ms-65741-65f588bcdf-xbz6p for Target File=deathstar_*.output
Namespace: default, Pod: ms-65741-65f588bcdf-xbz6p has the target files.
Copying deathstar_ms-65741.output to deathstar_ms-65741.output
tar: removing leading '/' from member names
Debug: Checking Namespace=default, Pod=ms-66473-79c66f8bff-nhcft for Target File=deathstar_*.output
Namespace: default, Pod: ms-66473-79c66f8bff-nhcft has the target files.
Copying deathstar_ms-66473.output to deathstar_ms-66473.output
tar: removing leading '/' from member names
Debug: Checking Namespace=default, Pod=ms-69188-65c548d4cb-bqvw8 for Target File=deathstar_*.output
Namespace: default, Pod: ms-69188-65c548d4cb-bqvw8 has the target files.
Copying deathstar_ms-69188.output to deathstar_ms-69188.output
tar: removing leading '/' from member names
Debug: Checking Namespace=default, Pod=ms-69614-794bd8475-z5bgr for Target File=deathstar_*.output
Namespace: default, Pod: ms-69614-794bd8475-z5bgr has the target files.
Copying deathstar_ms-69614.output to deathstar_ms-69614.output
tar: removing leading '/' from member names
Debug: Checking Namespace=default, Pod=ms-9081-567985788-6xgkb for Target File=deathstar_*.output
Namespace: default, Pod: ms-9081-567985788-6xgkb has the target files.
Copying deathstar_ms-9081.output to deathstar_ms-9081.output
tar: removing leading '/' from member names
Debug: Checking Namespace=default, Pod=nginx-web-server-56557f7cb7-97q4f for Target File=deathstar_*.output
Namespace: default, Pod: nginx-web-server-56557f7cb7-97q4f has the target files.
Copying deathstar_nginx-web-server.output to deathstar_nginx-web-server.output
tar: removing leading '/' from member names
Debug: Checking Namespace=default, Pod=unknown-6ddf9bd4b5-gcd99 for Target File=deathstar_*.output
Namespace: default, Pod: unknown-6ddf9bd4b5-gcd99 has the target files.
Copying deathstar_unknown.output to deathstar_unknown.output
tar: removing leading '/' from member names
