Deployments: ms-11070
ms-11285
ms-11512
ms-1278
ms-13873
ms-19953
ms-21883
ms-25124
ms-27421
ms-2827
ms-33719
ms-37691
ms-43309
ms-4354
ms-46825
ms-60236
ms-71771
ms-8052
ms-902
nginx-web-server
deployment "ms-11070" successfully rolled out
deployment "ms-11285" successfully rolled out
deployment "ms-11512" successfully rolled out
deployment "ms-1278" successfully rolled out
deployment "ms-13873" successfully rolled out
deployment "ms-19953" successfully rolled out
deployment "ms-21883" successfully rolled out
deployment "ms-25124" successfully rolled out
deployment "ms-27421" successfully rolled out
deployment "ms-2827" successfully rolled out
deployment "ms-33719" successfully rolled out
deployment "ms-37691" successfully rolled out
deployment "ms-43309" successfully rolled out
deployment "ms-4354" successfully rolled out
deployment "ms-46825" successfully rolled out
deployment "ms-60236" successfully rolled out
deployment "ms-71771" successfully rolled out
deployment "ms-8052" successfully rolled out
deployment "ms-902" successfully rolled out
deployment "nginx-web-server" successfully rolled out
ENTRY_POINT: nginx-web-server
SERVICE_A_URL: 10.105.18.66:50051
Capacity: 10000
Metadata: request-id={{.RequestNumber}}
Metadata: timestamp={{.TimestampUnix}}
Metadata: method=S_102000854
Charon Configurations:
[{INTERCEPT charon} {PRICE_UPDATE_RATE 2067us} {TOKEN_UPDATE_RATE 5193us} {LATENCY_THRESHOLD 5958us} {PRICE_STEP 150} {PRICE_STRATEGY proportional} {LAZY_UPDATE true} {RATE_LIMITING true} {LOAD_SHEDDING true} {CHARON_TRACK_PRICE false} {BREAKWATER_SLO 12500us} {BREAKWATER_A 0.001} {BREAKWATER_B 0.02} {BREAKWATER_CLIENT_EXPIRATION 10ms} {BREAKWATER_INITIAL_CREDIT 400} {BREAKWATER_LOAD_SHEDDING true} {BREAKWATER_RTT 1000us} {BREAKWATERD_SLO 12500us} {BREAKWATERD_A 0.001} {BREAKWATERD_B 0.02} {BREAKWATERD_CLIENT_EXPIRATION 10ms} {BREAKWATERD_INITIAL_CREDIT 400} {BREAKWATERD_LOAD_SHEDDING true} {BREAKWATERD_RTT 1000us} {DAGOR_QUEUING_THRESHOLD 2ms} {DAGOR_ALPHA 0.05} {DAGOR_BETA 0.01} {DAGOR_ADMISSION_LEVEL_UPDATE_INTERVAL 10ms} {DAGOR_UMAX 20}]

Summary:
  Count:	82513
  Total:	14.77 s
  Slowest:	860.55 ms
  Fastest:	38.92 ms
  Average:	71.66 ms
  Requests/sec:	5586.56

Response time histogram:
  38.920  [1]     |
  121.083 [73100] |∎∎∎∎∎∎∎∎∎∎∎∎∎∎∎∎∎∎∎∎∎∎∎∎∎∎∎∎∎∎∎∎∎∎∎∎∎∎∎∎
  203.246 [3104]  |∎∎
  285.410 [2221]  |∎
  367.573 [216]   |
  449.737 [2]     |
  531.900 [57]    |
  614.064 [7]     |
  696.227 [0]     |
  778.391 [4]     |
  860.554 [57]    |

Latency distribution:
  10 % in 41.63 ms 
  25 % in 48.80 ms 
  50 % in 64.40 ms 
  75 % in 80.74 ms 
  90 % in 104.88 ms 
  95 % in 151.08 ms 
  99 % in 260.68 ms 

Status code distribution:
  [OK]                  78769 responses   
  [ResourceExhausted]   3619 responses    
  [Canceled]            125 responses     

Error distribution:
  [599]    rpc error: code = ResourceExhausted desc = S_102000854 req dropped by ms-13873. Try again later.           
  [183]    rpc error: code = ResourceExhausted desc = S_102000854 req dropped by ms-60236. Try again later.           
  [181]    rpc error: code = ResourceExhausted desc = S_102000854 req dropped by ms-25124. Try again later.           
  [2656]   rpc error: code = ResourceExhausted desc = S_102000854 req dropped by nginx-web-server. Try again later.   
  [125]    rpc error: code = Canceled desc = grpc: the client connection is closing                                   

Debug: Checking Namespace=default, Pod=ms-11070-7868c54f44-6njfs for Target File=deathstar_*.output
Namespace: default, Pod: ms-11070-7868c54f44-6njfs has the target files.
Copying deathstar_ms-11070.output to deathstar_ms-11070.output
tar: removing leading '/' from member names
Debug: Checking Namespace=default, Pod=ms-11285-67d597dc77-r69v2 for Target File=deathstar_*.output
Namespace: default, Pod: ms-11285-67d597dc77-r69v2 has the target files.
Copying deathstar_ms-11285.output to deathstar_ms-11285.output
tar: removing leading '/' from member names
Debug: Checking Namespace=default, Pod=ms-11512-75f8ddc45b-lt7kq for Target File=deathstar_*.output
Namespace: default, Pod: ms-11512-75f8ddc45b-lt7kq has the target files.
Copying deathstar_ms-11512.output to deathstar_ms-11512.output
tar: removing leading '/' from member names
Debug: Checking Namespace=default, Pod=ms-1278-85766ff6b8-swzxw for Target File=deathstar_*.output
Namespace: default, Pod: ms-1278-85766ff6b8-swzxw has the target files.
Copying deathstar_ms-1278.output to deathstar_ms-1278.output
tar: removing leading '/' from member names
Debug: Checking Namespace=default, Pod=ms-13873-85d7bb7b97-5pltw for Target File=deathstar_*.output
Namespace: default, Pod: ms-13873-85d7bb7b97-5pltw has the target files.
Copying deathstar_ms-13873.output to deathstar_ms-13873.output
tar: removing leading '/' from member names
Debug: Checking Namespace=default, Pod=ms-19953-68cc8998c5-zjbgr for Target File=deathstar_*.output
Namespace: default, Pod: ms-19953-68cc8998c5-zjbgr has the target files.
Copying deathstar_ms-19953.output to deathstar_ms-19953.output
tar: removing leading '/' from member names
Debug: Checking Namespace=default, Pod=ms-21883-f6c88c6d4-ms28q for Target File=deathstar_*.output
Namespace: default, Pod: ms-21883-f6c88c6d4-ms28q has the target files.
Copying deathstar_ms-21883.output to deathstar_ms-21883.output
tar: removing leading '/' from member names
Debug: Checking Namespace=default, Pod=ms-25124-77bd4446f5-nvd5l for Target File=deathstar_*.output
Namespace: default, Pod: ms-25124-77bd4446f5-nvd5l has the target files.
Copying deathstar_ms-25124.output to deathstar_ms-25124.output
tar: removing leading '/' from member names
Debug: Checking Namespace=default, Pod=ms-27421-8565974486-h9mcc for Target File=deathstar_*.output
Namespace: default, Pod: ms-27421-8565974486-h9mcc has the target files.
Copying deathstar_ms-27421.output to deathstar_ms-27421.output
tar: removing leading '/' from member names
Debug: Checking Namespace=default, Pod=ms-2827-5dcc6df4f4-79hdm for Target File=deathstar_*.output
Namespace: default, Pod: ms-2827-5dcc6df4f4-79hdm has the target files.
Copying deathstar_ms-2827.output to deathstar_ms-2827.output
tar: removing leading '/' from member names
Debug: Checking Namespace=default, Pod=ms-33719-6c455cf54c-tm898 for Target File=deathstar_*.output
Namespace: default, Pod: ms-33719-6c455cf54c-tm898 has the target files.
Copying deathstar_ms-33719.output to deathstar_ms-33719.output
tar: removing leading '/' from member names
Debug: Checking Namespace=default, Pod=ms-37691-b9bc44798-k52jm for Target File=deathstar_*.output
Namespace: default, Pod: ms-37691-b9bc44798-k52jm has the target files.
Copying deathstar_ms-37691.output to deathstar_ms-37691.output
tar: removing leading '/' from member names
Debug: Checking Namespace=default, Pod=ms-43309-54f758d465-brx7f for Target File=deathstar_*.output
Namespace: default, Pod: ms-43309-54f758d465-brx7f has the target files.
Copying deathstar_ms-43309.output to deathstar_ms-43309.output
tar: removing leading '/' from member names
Debug: Checking Namespace=default, Pod=ms-4354-669cfcbdf6-jff4c for Target File=deathstar_*.output
Namespace: default, Pod: ms-4354-669cfcbdf6-jff4c has the target files.
Copying deathstar_ms-4354.output to deathstar_ms-4354.output
tar: removing leading '/' from member names
Debug: Checking Namespace=default, Pod=ms-46825-58c684559d-77s76 for Target File=deathstar_*.output
Namespace: default, Pod: ms-46825-58c684559d-77s76 has the target files.
Copying deathstar_ms-46825.output to deathstar_ms-46825.output
tar: removing leading '/' from member names
Debug: Checking Namespace=default, Pod=ms-60236-64866cf49-sjb6g for Target File=deathstar_*.output
Namespace: default, Pod: ms-60236-64866cf49-sjb6g has the target files.
Copying deathstar_ms-60236.output to deathstar_ms-60236.output
tar: removing leading '/' from member names
Debug: Checking Namespace=default, Pod=ms-71771-567ddbdd95-tkvpt for Target File=deathstar_*.output
Namespace: default, Pod: ms-71771-567ddbdd95-tkvpt has the target files.
Copying deathstar_ms-71771.output to deathstar_ms-71771.output
tar: removing leading '/' from member names
Debug: Checking Namespace=default, Pod=ms-8052-b995968dc-ltkzv for Target File=deathstar_*.output
Namespace: default, Pod: ms-8052-b995968dc-ltkzv has the target files.
Copying deathstar_ms-8052.output to deathstar_ms-8052.output
tar: removing leading '/' from member names
Debug: Checking Namespace=default, Pod=ms-902-5744544f85-5vct9 for Target File=deathstar_*.output
Namespace: default, Pod: ms-902-5744544f85-5vct9 has the target files.
Copying deathstar_ms-902.output to deathstar_ms-902.output
tar: removing leading '/' from member names
Debug: Checking Namespace=default, Pod=nginx-web-server-56557f7cb7-gkkrc for Target File=deathstar_*.output
Namespace: default, Pod: nginx-web-server-56557f7cb7-gkkrc has the target files.
Copying deathstar_nginx-web-server.output to deathstar_nginx-web-server.output
tar: removing leading '/' from member names
