Deployments: ms-25648
ms-27283
ms-27421
ms-2827
ms-34756
ms-36144
ms-37691
ms-41385
ms-41914
ms-46825
ms-54016
ms-55339
ms-58269
ms-58845
ms-68328
ms-70297
nginx-web-server
unknown
deployment "ms-25648" successfully rolled out
deployment "ms-27283" successfully rolled out
deployment "ms-27421" successfully rolled out
deployment "ms-2827" successfully rolled out
deployment "ms-34756" successfully rolled out
deployment "ms-36144" successfully rolled out
deployment "ms-37691" successfully rolled out
deployment "ms-41385" successfully rolled out
deployment "ms-41914" successfully rolled out
deployment "ms-46825" successfully rolled out
deployment "ms-54016" successfully rolled out
deployment "ms-55339" successfully rolled out
deployment "ms-58269" successfully rolled out
deployment "ms-58845" successfully rolled out
deployment "ms-68328" successfully rolled out
deployment "ms-70297" successfully rolled out
deployment "nginx-web-server" successfully rolled out
deployment "unknown" successfully rolled out
ENTRY_POINT: nginx-web-server
SERVICE_A_URL: 10.105.35.123:50051
Capacity: 10000
Metadata: request-id={{.RequestNumber}}
Metadata: timestamp={{.TimestampUnix}}
Metadata: method=S_161142529
Charon Configurations:
[{INTERCEPT breakwater} {PRICE_UPDATE_RATE 10ms} {TOKEN_UPDATE_RATE 10ms} {LATENCY_THRESHOLD 100us} {PRICE_STEP 0} {PRICE_STRATEGY step} {LAZY_UPDATE false} {RATE_LIMITING true} {LOAD_SHEDDING true} {CHARON_TRACK_PRICE false} {BREAKWATER_SLO 11217us} {BREAKWATER_A 4.089044994630349} {BREAKWATER_B 1.7562348727818908} {BREAKWATER_CLIENT_EXPIRATION 136us} {BREAKWATER_INITIAL_CREDIT 1341} {BREAKWATER_LOAD_SHEDDING true} {BREAKWATER_RTT 8346us} {BREAKWATERD_SLO 12500us} {BREAKWATERD_A 0.001} {BREAKWATERD_B 0.02} {BREAKWATERD_CLIENT_EXPIRATION 10ms} {BREAKWATERD_INITIAL_CREDIT 400} {BREAKWATERD_LOAD_SHEDDING true} {BREAKWATERD_RTT 1000us} {DAGOR_QUEUING_THRESHOLD 2ms} {DAGOR_ALPHA 0.05} {DAGOR_BETA 0.01} {DAGOR_ADMISSION_LEVEL_UPDATE_INTERVAL 10ms} {DAGOR_UMAX 20}]

Summary:
  Count:	109257
  Total:	24.88 s
  Slowest:	1.03 s
  Fastest:	65.30 ms
  Average:	444.01 ms
  Requests/sec:	4392.08

Response time histogram:
  65.302   [1]     |
  161.827  [15578] |∎∎∎∎∎∎∎∎∎∎∎∎∎∎∎∎∎∎∎∎∎∎∎∎∎∎∎∎∎∎∎∎∎∎∎∎∎∎∎∎
  258.351  [3619]  |∎∎∎∎∎∎∎∎∎
  354.876  [13404] |∎∎∎∎∎∎∎∎∎∎∎∎∎∎∎∎∎∎∎∎∎∎∎∎∎∎∎∎∎∎∎∎∎∎
  451.401  [15502] |∎∎∎∎∎∎∎∎∎∎∎∎∎∎∎∎∎∎∎∎∎∎∎∎∎∎∎∎∎∎∎∎∎∎∎∎∎∎∎∎
  547.925  [11613] |∎∎∎∎∎∎∎∎∎∎∎∎∎∎∎∎∎∎∎∎∎∎∎∎∎∎∎∎∎∎
  644.450  [8579]  |∎∎∎∎∎∎∎∎∎∎∎∎∎∎∎∎∎∎∎∎∎∎
  740.975  [11109] |∎∎∎∎∎∎∎∎∎∎∎∎∎∎∎∎∎∎∎∎∎∎∎∎∎∎∎∎∎
  837.499  [11114] |∎∎∎∎∎∎∎∎∎∎∎∎∎∎∎∎∎∎∎∎∎∎∎∎∎∎∎∎∎
  934.024  [5929]  |∎∎∎∎∎∎∎∎∎∎∎∎∎∎∎
  1030.549 [1588]  |∎∎∎∎

Latency distribution:
  10 % in 69.18 ms 
  25 % in 301.18 ms 
  50 % in 458.26 ms 
  75 % in 694.54 ms 
  90 % in 816.37 ms 
  95 % in 866.20 ms 
  99 % in 957.07 ms 

Status code distribution:
  [OK]                  98036 responses   
  [ResourceExhausted]   6702 responses    
  [DeadlineExceeded]    1287 responses    
  [Canceled]            3232 responses    

Error distribution:
  [6702]   rpc error: code = ResourceExhausted desc = Server-side queuing delay is beyond AQM threshold   
  [1287]   rpc error: code = DeadlineExceeded desc = context deadline exceeded                            
  [3232]   rpc error: code = Canceled desc = grpc: the client connection is closing                       

Debug: Checking Namespace=default, Pod=ms-25648-86cc47d8bd-2w4lm for Target File=deathstar_*.output
Namespace: default, Pod: ms-25648-86cc47d8bd-2w4lm has the target files.
Copying deathstar_ms-25648.output to deathstar_ms-25648.output
tar: removing leading '/' from member names
Debug: Checking Namespace=default, Pod=ms-27283-7cb76dd56d-8wwvd for Target File=deathstar_*.output
Namespace: default, Pod: ms-27283-7cb76dd56d-8wwvd has the target files.
Copying deathstar_ms-27283.output to deathstar_ms-27283.output
tar: removing leading '/' from member names
Debug: Checking Namespace=default, Pod=ms-27421-64f549855c-7phzx for Target File=deathstar_*.output
Namespace: default, Pod: ms-27421-64f549855c-7phzx has the target files.
Copying deathstar_ms-27421.output to deathstar_ms-27421.output
tar: removing leading '/' from member names
Debug: Checking Namespace=default, Pod=ms-2827-565cbcd7b-d7958 for Target File=deathstar_*.output
Namespace: default, Pod: ms-2827-565cbcd7b-d7958 has the target files.
Copying deathstar_ms-2827.output to deathstar_ms-2827.output
tar: removing leading '/' from member names
Debug: Checking Namespace=default, Pod=ms-34756-7c45d5bcc-d67q2 for Target File=deathstar_*.output
Namespace: default, Pod: ms-34756-7c45d5bcc-d67q2 has the target files.
Copying deathstar_ms-34756.output to deathstar_ms-34756.output
tar: removing leading '/' from member names
Debug: Checking Namespace=default, Pod=ms-36144-7bf7cbfff6-6kr57 for Target File=deathstar_*.output
Namespace: default, Pod: ms-36144-7bf7cbfff6-6kr57 has the target files.
Copying deathstar_ms-36144.output to deathstar_ms-36144.output
tar: removing leading '/' from member names
Debug: Checking Namespace=default, Pod=ms-37691-6f7cbf7c5-gzsjj for Target File=deathstar_*.output
Namespace: default, Pod: ms-37691-6f7cbf7c5-gzsjj has the target files.
Copying deathstar_ms-37691.output to deathstar_ms-37691.output
tar: removing leading '/' from member names
Debug: Checking Namespace=default, Pod=ms-41385-6bc4f5d4fc-mc8ft for Target File=deathstar_*.output
Namespace: default, Pod: ms-41385-6bc4f5d4fc-mc8ft has the target files.
Copying deathstar_ms-41385.output to deathstar_ms-41385.output
tar: removing leading '/' from member names
Debug: Checking Namespace=default, Pod=ms-41914-5555dd8d48-hcdzs for Target File=deathstar_*.output
Namespace: default, Pod: ms-41914-5555dd8d48-hcdzs has the target files.
Copying deathstar_ms-41914.output to deathstar_ms-41914.output
tar: removing leading '/' from member names
Debug: Checking Namespace=default, Pod=ms-46825-58c684559d-4rc2j for Target File=deathstar_*.output
Namespace: default, Pod: ms-46825-58c684559d-4rc2j has the target files.
Copying deathstar_ms-46825.output to deathstar_ms-46825.output
tar: removing leading '/' from member names
Debug: Checking Namespace=default, Pod=ms-54016-5665fbcb8d-5wwj7 for Target File=deathstar_*.output
Namespace: default, Pod: ms-54016-5665fbcb8d-5wwj7 has the target files.
Copying deathstar_ms-54016.output to deathstar_ms-54016.output
tar: removing leading '/' from member names
Debug: Checking Namespace=default, Pod=ms-55339-5b545b67bb-2kf9b for Target File=deathstar_*.output
Namespace: default, Pod: ms-55339-5b545b67bb-2kf9b has the target files.
Copying deathstar_ms-55339.output to deathstar_ms-55339.output
tar: removing leading '/' from member names
Debug: Checking Namespace=default, Pod=ms-58269-8c4794c6c-7mnsg for Target File=deathstar_*.output
Namespace: default, Pod: ms-58269-8c4794c6c-7mnsg has the target files.
Copying deathstar_ms-58269.output to deathstar_ms-58269.output
tar: removing leading '/' from member names
Debug: Checking Namespace=default, Pod=ms-58845-5bc6f9d8df-z54hk for Target File=deathstar_*.output
Namespace: default, Pod: ms-58845-5bc6f9d8df-z54hk has the target files.
Copying deathstar_ms-58845.output to deathstar_ms-58845.output
tar: removing leading '/' from member names
Debug: Checking Namespace=default, Pod=ms-68328-5866fd45b7-2tshs for Target File=deathstar_*.output
Namespace: default, Pod: ms-68328-5866fd45b7-2tshs has the target files.
Copying deathstar_ms-68328.output to deathstar_ms-68328.output
tar: removing leading '/' from member names
Debug: Checking Namespace=default, Pod=ms-70297-868876bcdb-f8fkm for Target File=deathstar_*.output
Namespace: default, Pod: ms-70297-868876bcdb-f8fkm has the target files.
Copying deathstar_ms-70297.output to deathstar_ms-70297.output
tar: removing leading '/' from member names
Debug: Checking Namespace=default, Pod=nginx-web-server-56557f7cb7-d6bm2 for Target File=deathstar_*.output
Namespace: default, Pod: nginx-web-server-56557f7cb7-d6bm2 has the target files.
Copying deathstar_nginx-web-server.output to deathstar_nginx-web-server.output
tar: removing leading '/' from member names
Debug: Checking Namespace=default, Pod=unknown-57ddd65965-5mdj5 for Target File=deathstar_*.output
Namespace: default, Pod: unknown-57ddd65965-5mdj5 has the target files.
Copying deathstar_unknown.output to deathstar_unknown.output
tar: removing leading '/' from member names
