Deployments: ms-25648
ms-27283
ms-27421
ms-2827
ms-34756
ms-36144
ms-37691
ms-41385
ms-41914
ms-46825
ms-54016
ms-55339
ms-58269
ms-58845
ms-68328
ms-70297
nginx-web-server
unknown
deployment "ms-25648" successfully rolled out
deployment "ms-27283" successfully rolled out
deployment "ms-27421" successfully rolled out
deployment "ms-2827" successfully rolled out
deployment "ms-34756" successfully rolled out
deployment "ms-36144" successfully rolled out
deployment "ms-37691" successfully rolled out
deployment "ms-41385" successfully rolled out
deployment "ms-41914" successfully rolled out
deployment "ms-46825" successfully rolled out
deployment "ms-54016" successfully rolled out
deployment "ms-55339" successfully rolled out
deployment "ms-58269" successfully rolled out
deployment "ms-58845" successfully rolled out
deployment "ms-68328" successfully rolled out
deployment "ms-70297" successfully rolled out
deployment "nginx-web-server" successfully rolled out
deployment "unknown" successfully rolled out
ENTRY_POINT: nginx-web-server
SERVICE_A_URL: 10.104.102.122:50051
Capacity: 10000
Metadata: request-id={{.RequestNumber}}
Metadata: timestamp={{.TimestampUnix}}
Metadata: method=S_161142529
Charon Configurations:
[{INTERCEPT breakwater} {PRICE_UPDATE_RATE 10ms} {TOKEN_UPDATE_RATE 10ms} {LATENCY_THRESHOLD 100us} {PRICE_STEP 0} {PRICE_STRATEGY step} {LAZY_UPDATE false} {RATE_LIMITING true} {LOAD_SHEDDING true} {CHARON_TRACK_PRICE false} {BREAKWATER_SLO 17575us} {BREAKWATER_A 17.527783045920767} {BREAKWATER_B 1.7892133270076946} {BREAKWATER_CLIENT_EXPIRATION 425us} {BREAKWATER_INITIAL_CREDIT 79} {BREAKWATER_LOAD_SHEDDING true} {BREAKWATER_RTT 3396us} {BREAKWATERD_SLO 12500us} {BREAKWATERD_A 0.001} {BREAKWATERD_B 0.02} {BREAKWATERD_CLIENT_EXPIRATION 10ms} {BREAKWATERD_INITIAL_CREDIT 400} {BREAKWATERD_LOAD_SHEDDING true} {BREAKWATERD_RTT 1000us} {DAGOR_QUEUING_THRESHOLD 2ms} {DAGOR_ALPHA 0.05} {DAGOR_BETA 0.01} {DAGOR_ADMISSION_LEVEL_UPDATE_INTERVAL 10ms} {DAGOR_UMAX 20}]

Summary:
  Count:	107575
  Total:	25.00 s
  Slowest:	1.07 s
  Fastest:	65.09 ms
  Average:	747.95 ms
  Requests/sec:	4303.52

Response time histogram:
  65.086   [1]     |
  165.431  [16204] |∎∎∎∎∎∎∎∎∎∎∎∎∎∎∎∎∎∎∎∎∎∎∎∎∎∎∎∎∎∎∎∎∎∎∎∎∎∎∎∎
  265.777  [1349]  |∎∎∎
  366.122  [1058]  |∎∎∎
  466.468  [232]   |∎
  566.813  [53]    |
  667.158  [597]   |∎
  767.504  [3463]  |∎∎∎∎∎∎∎∎∎
  867.849  [6878]  |∎∎∎∎∎∎∎∎∎∎∎∎∎∎∎∎∎
  968.195  [8631]  |∎∎∎∎∎∎∎∎∎∎∎∎∎∎∎∎∎∎∎∎∎
  1068.540 [3465]  |∎∎∎∎∎∎∎∎∎

Latency distribution:
  10 % in 67.10 ms 
  25 % in 69.03 ms 
  50 % in 730.54 ms 
  75 % in 888.82 ms 
  90 % in 960.92 ms 
  95 % in 983.15 ms 
  99 % in 999.87 ms 

Status code distribution:
  [OK]                  41931 responses   
  [ResourceExhausted]   3802 responses    
  [DeadlineExceeded]    55830 responses   
  [Canceled]            6012 responses    

Error distribution:
  [3802]    rpc error: code = ResourceExhausted desc = Server-side queuing delay is beyond AQM threshold   
  [55830]   rpc error: code = DeadlineExceeded desc = context deadline exceeded                            
  [6012]    rpc error: code = Canceled desc = grpc: the client connection is closing                       

Debug: Checking Namespace=default, Pod=ms-25648-86cc47d8bd-fkpcn for Target File=deathstar_*.output
Namespace: default, Pod: ms-25648-86cc47d8bd-fkpcn has the target files.
Copying deathstar_ms-25648.output to deathstar_ms-25648.output
tar: removing leading '/' from member names
Debug: Checking Namespace=default, Pod=ms-27283-7cb76dd56d-jvpgf for Target File=deathstar_*.output
Namespace: default, Pod: ms-27283-7cb76dd56d-jvpgf has the target files.
Copying deathstar_ms-27283.output to deathstar_ms-27283.output
tar: removing leading '/' from member names
Debug: Checking Namespace=default, Pod=ms-27421-64f549855c-tw9h5 for Target File=deathstar_*.output
Namespace: default, Pod: ms-27421-64f549855c-tw9h5 has the target files.
Copying deathstar_ms-27421.output to deathstar_ms-27421.output
tar: removing leading '/' from member names
Debug: Checking Namespace=default, Pod=ms-2827-565cbcd7b-8qhrd for Target File=deathstar_*.output
Namespace: default, Pod: ms-2827-565cbcd7b-8qhrd has the target files.
Copying deathstar_ms-2827.output to deathstar_ms-2827.output
tar: removing leading '/' from member names
Debug: Checking Namespace=default, Pod=ms-34756-7c45d5bcc-d7w2p for Target File=deathstar_*.output
Namespace: default, Pod: ms-34756-7c45d5bcc-d7w2p has the target files.
Copying deathstar_ms-34756.output to deathstar_ms-34756.output
tar: removing leading '/' from member names
Debug: Checking Namespace=default, Pod=ms-36144-7bf7cbfff6-pxhls for Target File=deathstar_*.output
Namespace: default, Pod: ms-36144-7bf7cbfff6-pxhls has the target files.
Copying deathstar_ms-36144.output to deathstar_ms-36144.output
tar: removing leading '/' from member names
Debug: Checking Namespace=default, Pod=ms-37691-6f7cbf7c5-7ztwh for Target File=deathstar_*.output
Namespace: default, Pod: ms-37691-6f7cbf7c5-7ztwh has the target files.
Copying deathstar_ms-37691.output to deathstar_ms-37691.output
tar: removing leading '/' from member names
Debug: Checking Namespace=default, Pod=ms-41385-6bc4f5d4fc-zp846 for Target File=deathstar_*.output
Namespace: default, Pod: ms-41385-6bc4f5d4fc-zp846 has the target files.
Copying deathstar_ms-41385.output to deathstar_ms-41385.output
tar: removing leading '/' from member names
Debug: Checking Namespace=default, Pod=ms-41914-5555dd8d48-njf4h for Target File=deathstar_*.output
Namespace: default, Pod: ms-41914-5555dd8d48-njf4h has the target files.
Copying deathstar_ms-41914.output to deathstar_ms-41914.output
tar: removing leading '/' from member names
Debug: Checking Namespace=default, Pod=ms-46825-58c684559d-gbqhd for Target File=deathstar_*.output
Namespace: default, Pod: ms-46825-58c684559d-gbqhd has the target files.
Copying deathstar_ms-46825.output to deathstar_ms-46825.output
tar: removing leading '/' from member names
Debug: Checking Namespace=default, Pod=ms-54016-5665fbcb8d-sjxbq for Target File=deathstar_*.output
Namespace: default, Pod: ms-54016-5665fbcb8d-sjxbq has the target files.
Copying deathstar_ms-54016.output to deathstar_ms-54016.output
tar: removing leading '/' from member names
Debug: Checking Namespace=default, Pod=ms-55339-5b545b67bb-hmwvf for Target File=deathstar_*.output
Namespace: default, Pod: ms-55339-5b545b67bb-hmwvf has the target files.
Copying deathstar_ms-55339.output to deathstar_ms-55339.output
tar: removing leading '/' from member names
Debug: Checking Namespace=default, Pod=ms-58269-8c4794c6c-g9f99 for Target File=deathstar_*.output
Namespace: default, Pod: ms-58269-8c4794c6c-g9f99 has the target files.
Copying deathstar_ms-58269.output to deathstar_ms-58269.output
tar: removing leading '/' from member names
Debug: Checking Namespace=default, Pod=ms-58845-5bc6f9d8df-wpkd9 for Target File=deathstar_*.output
Namespace: default, Pod: ms-58845-5bc6f9d8df-wpkd9 has the target files.
Copying deathstar_ms-58845.output to deathstar_ms-58845.output
tar: removing leading '/' from member names
Debug: Checking Namespace=default, Pod=ms-68328-5866fd45b7-54c8s for Target File=deathstar_*.output
Namespace: default, Pod: ms-68328-5866fd45b7-54c8s has the target files.
Copying deathstar_ms-68328.output to deathstar_ms-68328.output
tar: removing leading '/' from member names
Debug: Checking Namespace=default, Pod=ms-70297-868876bcdb-dsd7r for Target File=deathstar_*.output
Namespace: default, Pod: ms-70297-868876bcdb-dsd7r has the target files.
Copying deathstar_ms-70297.output to deathstar_ms-70297.output
tar: removing leading '/' from member names
Debug: Checking Namespace=default, Pod=nginx-web-server-56557f7cb7-7zlsn for Target File=deathstar_*.output
Namespace: default, Pod: nginx-web-server-56557f7cb7-7zlsn has the target files.
Copying deathstar_nginx-web-server.output to deathstar_nginx-web-server.output
tar: removing leading '/' from member names
Debug: Checking Namespace=default, Pod=unknown-57ddd65965-n66xm for Target File=deathstar_*.output
Namespace: default, Pod: unknown-57ddd65965-n66xm has the target files.
Copying deathstar_unknown.output to deathstar_unknown.output
tar: removing leading '/' from member names
