Deployments: ms-10090
ms-13558
ms-18330
ms-19585
ms-20172
ms-22893
ms-24009
ms-24959
ms-26622
ms-27421
ms-29373
ms-32301
ms-3289
ms-37691
ms-38964
ms-40147
ms-48118
ms-4829
ms-51685
ms-52379
ms-55394
ms-58436
ms-58772
ms-59962
ms-60061
ms-6323
ms-65741
ms-66473
ms-69188
ms-69614
ms-9081
nginx-web-server
unknown
deployment "ms-10090" successfully rolled out
deployment "ms-13558" successfully rolled out
deployment "ms-18330" successfully rolled out
deployment "ms-19585" successfully rolled out
deployment "ms-20172" successfully rolled out
deployment "ms-22893" successfully rolled out
deployment "ms-24009" successfully rolled out
deployment "ms-24959" successfully rolled out
deployment "ms-26622" successfully rolled out
deployment "ms-27421" successfully rolled out
deployment "ms-29373" successfully rolled out
deployment "ms-32301" successfully rolled out
deployment "ms-3289" successfully rolled out
deployment "ms-37691" successfully rolled out
deployment "ms-38964" successfully rolled out
deployment "ms-40147" successfully rolled out
deployment "ms-48118" successfully rolled out
deployment "ms-4829" successfully rolled out
deployment "ms-51685" successfully rolled out
deployment "ms-52379" successfully rolled out
deployment "ms-55394" successfully rolled out
deployment "ms-58436" successfully rolled out
deployment "ms-58772" successfully rolled out
deployment "ms-59962" successfully rolled out
deployment "ms-60061" successfully rolled out
deployment "ms-6323" successfully rolled out
deployment "ms-65741" successfully rolled out
deployment "ms-66473" successfully rolled out
deployment "ms-69188" successfully rolled out
deployment "ms-69614" successfully rolled out
deployment "ms-9081" successfully rolled out
deployment "nginx-web-server" successfully rolled out
deployment "unknown" successfully rolled out
ENTRY_POINT: nginx-web-server
SERVICE_A_URL: 10.109.229.241:50051
Capacity: 10000
Metadata: method=S_149998854
Metadata: request-id={{.RequestNumber}}
Metadata: timestamp={{.TimestampUnix}}
Charon Configurations:
[{INTERCEPT charon} {PRICE_UPDATE_RATE 4316us} {TOKEN_UPDATE_RATE 2523us} {LATENCY_THRESHOLD 8776us} {PRICE_STEP 135} {PRICE_STRATEGY proportional} {LAZY_UPDATE true} {RATE_LIMITING true} {LOAD_SHEDDING true} {CHARON_TRACK_PRICE false} {BREAKWATER_SLO 12500us} {BREAKWATER_A 0.001} {BREAKWATER_B 0.02} {BREAKWATER_CLIENT_EXPIRATION 10ms} {BREAKWATER_INITIAL_CREDIT 400} {BREAKWATER_LOAD_SHEDDING true} {BREAKWATER_RTT 1000us} {BREAKWATERD_SLO 12500us} {BREAKWATERD_A 0.001} {BREAKWATERD_B 0.02} {BREAKWATERD_CLIENT_EXPIRATION 10ms} {BREAKWATERD_INITIAL_CREDIT 400} {BREAKWATERD_LOAD_SHEDDING true} {BREAKWATERD_RTT 1000us} {DAGOR_QUEUING_THRESHOLD 2ms} {DAGOR_ALPHA 0.05} {DAGOR_BETA 0.01} {DAGOR_ADMISSION_LEVEL_UPDATE_INTERVAL 10ms} {DAGOR_UMAX 20}]

Summary:
  Count:	65204
  Total:	14.85 s
  Slowest:	911.66 ms
  Fastest:	110.82 ms
  Average:	171.58 ms
  Requests/sec:	4391.52

Response time histogram:
  110.822 [1]     |
  190.906 [42404] |∎∎∎∎∎∎∎∎∎∎∎∎∎∎∎∎∎∎∎∎∎∎∎∎∎∎∎∎∎∎∎∎∎∎∎∎∎∎∎∎
  270.989 [10248] |∎∎∎∎∎∎∎∎∎∎
  351.073 [873]   |∎
  431.156 [678]   |∎
  511.240 [608]   |∎
  591.323 [1700]  |∎∎
  671.407 [532]   |∎
  751.490 [56]    |
  831.574 [15]    |
  911.657 [46]    |

Latency distribution:
  10 % in 113.85 ms 
  25 % in 121.52 ms 
  50 % in 157.79 ms 
  75 % in 192.36 ms 
  90 % in 236.86 ms 
  95 % in 448.69 ms 
  99 % in 595.42 ms 

Status code distribution:
  [Canceled]            548 responses     
  [OK]                  57161 responses   
  [ResourceExhausted]   7495 responses    

Error distribution:
  [1]      rpc error: code = ResourceExhausted desc = S_149998854 req dropped by ms-51685. Try again later.           
  [877]    rpc error: code = ResourceExhausted desc = S_149998854 req dropped by ms-18330. Try again later.           
  [1859]   rpc error: code = ResourceExhausted desc = S_149998854 req dropped by ms-55394. Try again later.           
  [868]    rpc error: code = ResourceExhausted desc = S_149998854 req dropped by ms-66473. Try again later.           
  [3890]   rpc error: code = ResourceExhausted desc = S_149998854 req dropped by nginx-web-server. Try again later.   
  [548]    rpc error: code = Canceled desc = grpc: the client connection is closing                                   

Debug: Checking Namespace=default, Pod=ms-10090-6454f977fd-r28cf for Target File=deathstar_*.output
Namespace: default, Pod: ms-10090-6454f977fd-r28cf has the target files.
Copying deathstar_ms-10090.output to deathstar_ms-10090.output
tar: removing leading '/' from member names
Debug: Checking Namespace=default, Pod=ms-13558-b48bb5d9d-h2drk for Target File=deathstar_*.output
Namespace: default, Pod: ms-13558-b48bb5d9d-h2drk has the target files.
Copying deathstar_ms-13558.output to deathstar_ms-13558.output
tar: removing leading '/' from member names
Debug: Checking Namespace=default, Pod=ms-18330-759d9cf49c-w9hg4 for Target File=deathstar_*.output
Namespace: default, Pod: ms-18330-759d9cf49c-w9hg4 has the target files.
Copying deathstar_ms-18330.output to deathstar_ms-18330.output
tar: removing leading '/' from member names
Debug: Checking Namespace=default, Pod=ms-19585-6f995cfcbf-kd7c2 for Target File=deathstar_*.output
Namespace: default, Pod: ms-19585-6f995cfcbf-kd7c2 has the target files.
Copying deathstar_ms-19585.output to deathstar_ms-19585.output
tar: removing leading '/' from member names
Debug: Checking Namespace=default, Pod=ms-20172-59d5485464-qjlc8 for Target File=deathstar_*.output
Namespace: default, Pod: ms-20172-59d5485464-qjlc8 has the target files.
Copying deathstar_ms-20172.output to deathstar_ms-20172.output
tar: removing leading '/' from member names
Debug: Checking Namespace=default, Pod=ms-22893-576fd5f9f6-klgwm for Target File=deathstar_*.output
Namespace: default, Pod: ms-22893-576fd5f9f6-klgwm has the target files.
Copying deathstar_ms-22893.output to deathstar_ms-22893.output
tar: removing leading '/' from member names
Debug: Checking Namespace=default, Pod=ms-24009-67dbf5b976-bttb8 for Target File=deathstar_*.output
Namespace: default, Pod: ms-24009-67dbf5b976-bttb8 has the target files.
Copying deathstar_ms-24009.output to deathstar_ms-24009.output
tar: removing leading '/' from member names
Debug: Checking Namespace=default, Pod=ms-24959-99f8bbf9-4xcth for Target File=deathstar_*.output
Namespace: default, Pod: ms-24959-99f8bbf9-4xcth has the target files.
Copying deathstar_ms-24959.output to deathstar_ms-24959.output
tar: removing leading '/' from member names
Debug: Checking Namespace=default, Pod=ms-26622-66fdf7d64f-klml5 for Target File=deathstar_*.output
Namespace: default, Pod: ms-26622-66fdf7d64f-klml5 has the target files.
Copying deathstar_ms-26622.output to deathstar_ms-26622.output
tar: removing leading '/' from member names
Debug: Checking Namespace=default, Pod=ms-27421-64f549855c-lvnbg for Target File=deathstar_*.output
Namespace: default, Pod: ms-27421-64f549855c-lvnbg has the target files.
Copying deathstar_ms-27421.output to deathstar_ms-27421.output
tar: removing leading '/' from member names
Debug: Checking Namespace=default, Pod=ms-29373-8467f7db44-gng8r for Target File=deathstar_*.output
Namespace: default, Pod: ms-29373-8467f7db44-gng8r has the target files.
Copying deathstar_ms-29373.output to deathstar_ms-29373.output
tar: removing leading '/' from member names
Debug: Checking Namespace=default, Pod=ms-32301-c5654bbc5-kzlgx for Target File=deathstar_*.output
Namespace: default, Pod: ms-32301-c5654bbc5-kzlgx has the target files.
Copying deathstar_ms-32301.output to deathstar_ms-32301.output
tar: removing leading '/' from member names
Debug: Checking Namespace=default, Pod=ms-3289-587dbd96bf-4c42x for Target File=deathstar_*.output
Namespace: default, Pod: ms-3289-587dbd96bf-4c42x has the target files.
Copying deathstar_ms-3289.output to deathstar_ms-3289.output
tar: removing leading '/' from member names
Debug: Checking Namespace=default, Pod=ms-37691-6dc6cd6744-2kw4j for Target File=deathstar_*.output
Namespace: default, Pod: ms-37691-6dc6cd6744-2kw4j has the target files.
Copying deathstar_ms-37691.output to deathstar_ms-37691.output
tar: removing leading '/' from member names
Debug: Checking Namespace=default, Pod=ms-38964-5b647cdbd-mnjnr for Target File=deathstar_*.output
Namespace: default, Pod: ms-38964-5b647cdbd-mnjnr has the target files.
Copying deathstar_ms-38964.output to deathstar_ms-38964.output
tar: removing leading '/' from member names
Debug: Checking Namespace=default, Pod=ms-40147-cd867585-skfzd for Target File=deathstar_*.output
Namespace: default, Pod: ms-40147-cd867585-skfzd has the target files.
Copying deathstar_ms-40147.output to deathstar_ms-40147.output
tar: removing leading '/' from member names
Debug: Checking Namespace=default, Pod=ms-48118-ff7b99cc9-5fd2j for Target File=deathstar_*.output
Namespace: default, Pod: ms-48118-ff7b99cc9-5fd2j has the target files.
Copying deathstar_ms-48118.output to deathstar_ms-48118.output
tar: removing leading '/' from member names
Debug: Checking Namespace=default, Pod=ms-4829-669557b66c-2c2pt for Target File=deathstar_*.output
Namespace: default, Pod: ms-4829-669557b66c-2c2pt has the target files.
Copying deathstar_ms-4829.output to deathstar_ms-4829.output
tar: removing leading '/' from member names
Debug: Checking Namespace=default, Pod=ms-51685-79858c784f-ps2b4 for Target File=deathstar_*.output
Namespace: default, Pod: ms-51685-79858c784f-ps2b4 has the target files.
Copying deathstar_ms-51685.output to deathstar_ms-51685.output
tar: removing leading '/' from member names
Debug: Checking Namespace=default, Pod=ms-52379-57c6cdd54b-9twcb for Target File=deathstar_*.output
Namespace: default, Pod: ms-52379-57c6cdd54b-9twcb has the target files.
Copying deathstar_ms-52379.output to deathstar_ms-52379.output
tar: removing leading '/' from member names
Debug: Checking Namespace=default, Pod=ms-55394-6f999f5df9-h2k26 for Target File=deathstar_*.output
Namespace: default, Pod: ms-55394-6f999f5df9-h2k26 has the target files.
Copying deathstar_ms-55394.output to deathstar_ms-55394.output
tar: removing leading '/' from member names
Debug: Checking Namespace=default, Pod=ms-58436-59dd96f659-7xms4 for Target File=deathstar_*.output
Namespace: default, Pod: ms-58436-59dd96f659-7xms4 has the target files.
Copying deathstar_ms-58436.output to deathstar_ms-58436.output
tar: removing leading '/' from member names
Debug: Checking Namespace=default, Pod=ms-58772-68ff78c966-nkmwm for Target File=deathstar_*.output
Namespace: default, Pod: ms-58772-68ff78c966-nkmwm has the target files.
Copying deathstar_ms-58772.output to deathstar_ms-58772.output
tar: removing leading '/' from member names
Debug: Checking Namespace=default, Pod=ms-59962-756b895b58-pk9w4 for Target File=deathstar_*.output
Namespace: default, Pod: ms-59962-756b895b58-pk9w4 has the target files.
Copying deathstar_ms-59962.output to deathstar_ms-59962.output
tar: removing leading '/' from member names
Debug: Checking Namespace=default, Pod=ms-60061-68bd84bdcd-p9f9l for Target File=deathstar_*.output
Namespace: default, Pod: ms-60061-68bd84bdcd-p9f9l has the target files.
Copying deathstar_ms-60061.output to deathstar_ms-60061.output
tar: removing leading '/' from member names
Debug: Checking Namespace=default, Pod=ms-6323-974659fcd-48bx8 for Target File=deathstar_*.output
Namespace: default, Pod: ms-6323-974659fcd-48bx8 has the target files.
Copying deathstar_ms-6323.output to deathstar_ms-6323.output
tar: removing leading '/' from member names
Debug: Checking Namespace=default, Pod=ms-65741-65f588bcdf-wp9sg for Target File=deathstar_*.output
Namespace: default, Pod: ms-65741-65f588bcdf-wp9sg has the target files.
Copying deathstar_ms-65741.output to deathstar_ms-65741.output
tar: removing leading '/' from member names
Debug: Checking Namespace=default, Pod=ms-66473-79c66f8bff-ml2mr for Target File=deathstar_*.output
Namespace: default, Pod: ms-66473-79c66f8bff-ml2mr has the target files.
Copying deathstar_ms-66473.output to deathstar_ms-66473.output
tar: removing leading '/' from member names
Debug: Checking Namespace=default, Pod=ms-69188-65c548d4cb-tkqd5 for Target File=deathstar_*.output
Namespace: default, Pod: ms-69188-65c548d4cb-tkqd5 has the target files.
Copying deathstar_ms-69188.output to deathstar_ms-69188.output
tar: removing leading '/' from member names
Debug: Checking Namespace=default, Pod=ms-69614-794bd8475-5fs8d for Target File=deathstar_*.output
Namespace: default, Pod: ms-69614-794bd8475-5fs8d has the target files.
Copying deathstar_ms-69614.output to deathstar_ms-69614.output
tar: removing leading '/' from member names
Debug: Checking Namespace=default, Pod=ms-9081-567985788-x7857 for Target File=deathstar_*.output
Namespace: default, Pod: ms-9081-567985788-x7857 has the target files.
Copying deathstar_ms-9081.output to deathstar_ms-9081.output
tar: removing leading '/' from member names
Debug: Checking Namespace=default, Pod=nginx-web-server-56557f7cb7-55dcg for Target File=deathstar_*.output
Namespace: default, Pod: nginx-web-server-56557f7cb7-55dcg has the target files.
Copying deathstar_nginx-web-server.output to deathstar_nginx-web-server.output
tar: removing leading '/' from member names
Debug: Checking Namespace=default, Pod=unknown-6ddf9bd4b5-w2cr6 for Target File=deathstar_*.output
Namespace: default, Pod: unknown-6ddf9bd4b5-w2cr6 has the target files.
Copying deathstar_unknown.output to deathstar_unknown.output
tar: removing leading '/' from member names
