Deployments: ms-11070
ms-11285
ms-11512
ms-1278
ms-13873
ms-19953
ms-21883
ms-25124
ms-27421
ms-2827
ms-33719
ms-37691
ms-43309
ms-4354
ms-46825
ms-60236
ms-71771
ms-8052
ms-902
nginx-web-server
deployment "ms-11070" successfully rolled out
deployment "ms-11285" successfully rolled out
deployment "ms-11512" successfully rolled out
deployment "ms-1278" successfully rolled out
deployment "ms-13873" successfully rolled out
deployment "ms-19953" successfully rolled out
deployment "ms-21883" successfully rolled out
deployment "ms-25124" successfully rolled out
deployment "ms-27421" successfully rolled out
deployment "ms-2827" successfully rolled out
deployment "ms-33719" successfully rolled out
deployment "ms-37691" successfully rolled out
deployment "ms-43309" successfully rolled out
deployment "ms-4354" successfully rolled out
deployment "ms-46825" successfully rolled out
deployment "ms-60236" successfully rolled out
deployment "ms-71771" successfully rolled out
deployment "ms-8052" successfully rolled out
deployment "ms-902" successfully rolled out
deployment "nginx-web-server" successfully rolled out
ENTRY_POINT: nginx-web-server
SERVICE_A_URL: 10.103.96.43:50051
Capacity: 10000
Metadata: request-id={{.RequestNumber}}
Metadata: timestamp={{.TimestampUnix}}
Metadata: method=S_102000854
Charon Configurations:
[{INTERCEPT breakwater} {PRICE_UPDATE_RATE 10ms} {TOKEN_UPDATE_RATE 10ms} {LATENCY_THRESHOLD 100us} {PRICE_STEP 0} {PRICE_STRATEGY step} {LAZY_UPDATE false} {RATE_LIMITING true} {LOAD_SHEDDING true} {CHARON_TRACK_PRICE false} {BREAKWATER_SLO 8495us} {BREAKWATER_A 0.681764525504247} {BREAKWATER_B 1.437068130097616} {BREAKWATER_CLIENT_EXPIRATION 4317us} {BREAKWATER_INITIAL_CREDIT 601} {BREAKWATER_LOAD_SHEDDING true} {BREAKWATER_RTT 16933us} {BREAKWATERD_SLO 12500us} {BREAKWATERD_A 0.001} {BREAKWATERD_B 0.02} {BREAKWATERD_CLIENT_EXPIRATION 10ms} {BREAKWATERD_INITIAL_CREDIT 400} {BREAKWATERD_LOAD_SHEDDING true} {BREAKWATERD_RTT 1000us} {DAGOR_QUEUING_THRESHOLD 2ms} {DAGOR_ALPHA 0.05} {DAGOR_BETA 0.01} {DAGOR_ADMISSION_LEVEL_UPDATE_INTERVAL 10ms} {DAGOR_UMAX 20}]

Summary:
  Count:	110848
  Total:	24.99 s
  Slowest:	831.60 ms
  Fastest:	38.84 ms
  Average:	165.45 ms
  Requests/sec:	4435.07

Response time histogram:
  38.843  [1]     |
  118.119 [28348] |∎∎∎∎∎∎∎∎∎∎∎∎∎∎∎∎∎∎∎∎∎∎∎∎∎∎∎∎∎∎∎∎∎∎∎∎∎∎∎∎
  197.394 [28661] |∎∎∎∎∎∎∎∎∎∎∎∎∎∎∎∎∎∎∎∎∎∎∎∎∎∎∎∎∎∎∎∎∎∎∎∎∎∎∎∎
  276.670 [21867] |∎∎∎∎∎∎∎∎∎∎∎∎∎∎∎∎∎∎∎∎∎∎∎∎∎∎∎∎∎∎∎
  355.946 [11905] |∎∎∎∎∎∎∎∎∎∎∎∎∎∎∎∎∎
  435.222 [5518]  |∎∎∎∎∎∎∎∎
  514.497 [1693]  |∎∎
  593.773 [139]   |
  673.049 [1]     |
  752.324 [3]     |
  831.600 [29]    |

Latency distribution:
  10 % in 42.55 ms 
  25 % in 105.81 ms 
  50 % in 175.77 ms 
  75 % in 252.68 ms 
  90 % in 334.97 ms 
  95 % in 382.43 ms 
  99 % in 460.15 ms 

Status code distribution:
  [ResourceExhausted]   12279 responses   
  [Canceled]            404 responses     
  [OK]                  98165 responses   

Error distribution:
  [12279]   rpc error: code = ResourceExhausted desc = Server-side queuing delay is beyond AQM threshold   
  [404]     rpc error: code = Canceled desc = grpc: the client connection is closing                       

Debug: Checking Namespace=default, Pod=ms-11070-7868c54f44-z7z49 for Target File=deathstar_*.output
Namespace: default, Pod: ms-11070-7868c54f44-z7z49 has the target files.
Copying deathstar_ms-11070.output to deathstar_ms-11070.output
tar: removing leading '/' from member names
Debug: Checking Namespace=default, Pod=ms-11285-67d597dc77-hx6p2 for Target File=deathstar_*.output
Namespace: default, Pod: ms-11285-67d597dc77-hx6p2 has the target files.
Copying deathstar_ms-11285.output to deathstar_ms-11285.output
tar: removing leading '/' from member names
Debug: Checking Namespace=default, Pod=ms-11512-75f8ddc45b-l29qv for Target File=deathstar_*.output
Namespace: default, Pod: ms-11512-75f8ddc45b-l29qv has the target files.
Copying deathstar_ms-11512.output to deathstar_ms-11512.output
tar: removing leading '/' from member names
Debug: Checking Namespace=default, Pod=ms-1278-85766ff6b8-gfbbb for Target File=deathstar_*.output
Namespace: default, Pod: ms-1278-85766ff6b8-gfbbb has the target files.
Copying deathstar_ms-1278.output to deathstar_ms-1278.output
tar: removing leading '/' from member names
Debug: Checking Namespace=default, Pod=ms-13873-85d7bb7b97-wsbkb for Target File=deathstar_*.output
Namespace: default, Pod: ms-13873-85d7bb7b97-wsbkb has the target files.
Copying deathstar_ms-13873.output to deathstar_ms-13873.output
tar: removing leading '/' from member names
Debug: Checking Namespace=default, Pod=ms-19953-68cc8998c5-vv9fq for Target File=deathstar_*.output
Namespace: default, Pod: ms-19953-68cc8998c5-vv9fq has the target files.
Copying deathstar_ms-19953.output to deathstar_ms-19953.output
tar: removing leading '/' from member names
Debug: Checking Namespace=default, Pod=ms-21883-f6c88c6d4-l26qt for Target File=deathstar_*.output
Namespace: default, Pod: ms-21883-f6c88c6d4-l26qt has the target files.
Copying deathstar_ms-21883.output to deathstar_ms-21883.output
tar: removing leading '/' from member names
Debug: Checking Namespace=default, Pod=ms-25124-77bd4446f5-ttzjs for Target File=deathstar_*.output
Namespace: default, Pod: ms-25124-77bd4446f5-ttzjs has the target files.
Copying deathstar_ms-25124.output to deathstar_ms-25124.output
tar: removing leading '/' from member names
Debug: Checking Namespace=default, Pod=ms-27421-8565974486-ls9jg for Target File=deathstar_*.output
Namespace: default, Pod: ms-27421-8565974486-ls9jg has the target files.
Copying deathstar_ms-27421.output to deathstar_ms-27421.output
tar: removing leading '/' from member names
Debug: Checking Namespace=default, Pod=ms-2827-5dcc6df4f4-b2lhd for Target File=deathstar_*.output
Namespace: default, Pod: ms-2827-5dcc6df4f4-b2lhd has the target files.
Copying deathstar_ms-2827.output to deathstar_ms-2827.output
tar: removing leading '/' from member names
Debug: Checking Namespace=default, Pod=ms-33719-6c455cf54c-f5zrc for Target File=deathstar_*.output
Namespace: default, Pod: ms-33719-6c455cf54c-f5zrc has the target files.
Copying deathstar_ms-33719.output to deathstar_ms-33719.output
tar: removing leading '/' from member names
Debug: Checking Namespace=default, Pod=ms-37691-b9bc44798-5vvzm for Target File=deathstar_*.output
Namespace: default, Pod: ms-37691-b9bc44798-5vvzm has the target files.
Copying deathstar_ms-37691.output to deathstar_ms-37691.output
tar: removing leading '/' from member names
Debug: Checking Namespace=default, Pod=ms-43309-54f758d465-gkjtp for Target File=deathstar_*.output
Namespace: default, Pod: ms-43309-54f758d465-gkjtp has the target files.
Copying deathstar_ms-43309.output to deathstar_ms-43309.output
tar: removing leading '/' from member names
Debug: Checking Namespace=default, Pod=ms-4354-669cfcbdf6-cb6q5 for Target File=deathstar_*.output
Namespace: default, Pod: ms-4354-669cfcbdf6-cb6q5 has the target files.
Copying deathstar_ms-4354.output to deathstar_ms-4354.output
tar: removing leading '/' from member names
Debug: Checking Namespace=default, Pod=ms-46825-58c684559d-hc4m7 for Target File=deathstar_*.output
Namespace: default, Pod: ms-46825-58c684559d-hc4m7 has the target files.
Copying deathstar_ms-46825.output to deathstar_ms-46825.output
tar: removing leading '/' from member names
Debug: Checking Namespace=default, Pod=ms-60236-64866cf49-jmkw5 for Target File=deathstar_*.output
Namespace: default, Pod: ms-60236-64866cf49-jmkw5 has the target files.
Copying deathstar_ms-60236.output to deathstar_ms-60236.output
tar: removing leading '/' from member names
Debug: Checking Namespace=default, Pod=ms-71771-567ddbdd95-kl22x for Target File=deathstar_*.output
Namespace: default, Pod: ms-71771-567ddbdd95-kl22x has the target files.
Copying deathstar_ms-71771.output to deathstar_ms-71771.output
tar: removing leading '/' from member names
Debug: Checking Namespace=default, Pod=ms-8052-b995968dc-s52nz for Target File=deathstar_*.output
Namespace: default, Pod: ms-8052-b995968dc-s52nz has the target files.
Copying deathstar_ms-8052.output to deathstar_ms-8052.output
tar: removing leading '/' from member names
Debug: Checking Namespace=default, Pod=ms-902-5744544f85-xj266 for Target File=deathstar_*.output
Namespace: default, Pod: ms-902-5744544f85-xj266 has the target files.
Copying deathstar_ms-902.output to deathstar_ms-902.output
tar: removing leading '/' from member names
Debug: Checking Namespace=default, Pod=nginx-web-server-56557f7cb7-6n589 for Target File=deathstar_*.output
Namespace: default, Pod: nginx-web-server-56557f7cb7-6n589 has the target files.
Copying deathstar_nginx-web-server.output to deathstar_nginx-web-server.output
tar: removing leading '/' from member names
