Deployments: ms-11070
ms-11285
ms-11512
ms-1278
ms-13873
ms-19953
ms-21883
ms-25124
ms-27421
ms-2827
ms-33719
ms-37691
ms-43309
ms-4354
ms-46825
ms-60236
ms-71771
ms-8052
ms-902
nginx-web-server
deployment "ms-11070" successfully rolled out
deployment "ms-11285" successfully rolled out
deployment "ms-11512" successfully rolled out
deployment "ms-1278" successfully rolled out
deployment "ms-13873" successfully rolled out
deployment "ms-19953" successfully rolled out
deployment "ms-21883" successfully rolled out
deployment "ms-25124" successfully rolled out
deployment "ms-27421" successfully rolled out
deployment "ms-2827" successfully rolled out
deployment "ms-33719" successfully rolled out
deployment "ms-37691" successfully rolled out
deployment "ms-43309" successfully rolled out
deployment "ms-4354" successfully rolled out
deployment "ms-46825" successfully rolled out
deployment "ms-60236" successfully rolled out
deployment "ms-71771" successfully rolled out
deployment "ms-8052" successfully rolled out
deployment "ms-902" successfully rolled out
deployment "nginx-web-server" successfully rolled out
ENTRY_POINT: nginx-web-server
SERVICE_A_URL: 10.99.250.84:50051
Capacity: 10000
Metadata: request-id={{.RequestNumber}}
Metadata: timestamp={{.TimestampUnix}}
Metadata: method=S_102000854
Charon Configurations:
[{INTERCEPT breakwaterd} {PRICE_UPDATE_RATE 10ms} {TOKEN_UPDATE_RATE 10ms} {LATENCY_THRESHOLD 100us} {PRICE_STEP 0} {PRICE_STRATEGY step} {LAZY_UPDATE false} {RATE_LIMITING true} {LOAD_SHEDDING true} {CHARON_TRACK_PRICE false} {BREAKWATER_SLO 47517us} {BREAKWATER_A 30.0} {BREAKWATER_B 10.0} {BREAKWATER_CLIENT_EXPIRATION 1us} {BREAKWATER_INITIAL_CREDIT 2} {BREAKWATER_LOAD_SHEDDING true} {BREAKWATER_RTT 19043us} {BREAKWATERD_SLO 75560us} {BREAKWATERD_A 10.0} {BREAKWATERD_B 10.0} {BREAKWATERD_CLIENT_EXPIRATION 81171us} {BREAKWATERD_INITIAL_CREDIT 1} {BREAKWATERD_LOAD_SHEDDING true} {BREAKWATERD_RTT 20000us} {DAGOR_QUEUING_THRESHOLD 2ms} {DAGOR_ALPHA 0.05} {DAGOR_BETA 0.01} {DAGOR_ADMISSION_LEVEL_UPDATE_INTERVAL 10ms} {DAGOR_UMAX 20}]

Summary:
  Count:	7087
  Total:	25.00 s
  Slowest:	863.29 ms
  Fastest:	48.81 ms
  Average:	112.05 ms
  Requests/sec:	283.47

Response time histogram:
  48.811  [1]   |
  130.259 [808] |∎∎∎∎∎∎∎∎∎∎∎∎∎∎∎∎∎∎∎∎∎∎∎∎∎∎∎∎∎∎∎∎∎∎∎∎∎∎
  211.707 [853] |∎∎∎∎∎∎∎∎∎∎∎∎∎∎∎∎∎∎∎∎∎∎∎∎∎∎∎∎∎∎∎∎∎∎∎∎∎∎∎∎
  293.155 [1]   |
  374.604 [0]   |
  456.052 [0]   |
  537.500 [0]   |
  618.948 [0]   |
  700.396 [0]   |
  781.844 [0]   |
  863.292 [3]   |

Latency distribution:
  10 % in 110.13 ms 
  25 % in 126.70 ms 
  50 % in 130.39 ms 
  75 % in 132.31 ms 
  90 % in 134.84 ms 
  95 % in 140.22 ms 
  99 % in 175.01 ms 

Status code distribution:
  [ResourceExhausted]   5371 responses   
  [OK]                  1666 responses   
  [Canceled]            50 responses     

Error distribution:
  [4615]   rpc error: code = ResourceExhausted desc = Client id 3c4155f1-f6e9-45df-bae5-addd88e018ba request expired in queue.   
  [50]     rpc error: code = Canceled desc = grpc: the client connection is closing                                              
  [756]    rpc error: code = ResourceExhausted desc = Client id 94e37e3c-42c3-43b5-9965-e913db4bf7ce request expired in queue.   

Debug: Checking Namespace=default, Pod=ms-11070-7868c54f44-vp527 for Target File=deathstar_*.output
Namespace: default, Pod: ms-11070-7868c54f44-vp527 has the target files.
Copying deathstar_ms-11070.output to deathstar_ms-11070.output
tar: removing leading '/' from member names
Debug: Checking Namespace=default, Pod=ms-11285-67d597dc77-5j5fh for Target File=deathstar_*.output
Namespace: default, Pod: ms-11285-67d597dc77-5j5fh has the target files.
Copying deathstar_ms-11285.output to deathstar_ms-11285.output
tar: removing leading '/' from member names
Debug: Checking Namespace=default, Pod=ms-11512-75f8ddc45b-bjj4s for Target File=deathstar_*.output
Namespace: default, Pod: ms-11512-75f8ddc45b-bjj4s has the target files.
Copying deathstar_ms-11512.output to deathstar_ms-11512.output
tar: removing leading '/' from member names
Debug: Checking Namespace=default, Pod=ms-1278-85766ff6b8-xjcnc for Target File=deathstar_*.output
Namespace: default, Pod: ms-1278-85766ff6b8-xjcnc has the target files.
Copying deathstar_ms-1278.output to deathstar_ms-1278.output
tar: removing leading '/' from member names
Debug: Checking Namespace=default, Pod=ms-13873-85d7bb7b97-4tq6f for Target File=deathstar_*.output
Namespace: default, Pod: ms-13873-85d7bb7b97-4tq6f has the target files.
Copying deathstar_ms-13873.output to deathstar_ms-13873.output
tar: removing leading '/' from member names
Debug: Checking Namespace=default, Pod=ms-19953-68cc8998c5-2tm8m for Target File=deathstar_*.output
Namespace: default, Pod: ms-19953-68cc8998c5-2tm8m has the target files.
Copying deathstar_ms-19953.output to deathstar_ms-19953.output
tar: removing leading '/' from member names
Debug: Checking Namespace=default, Pod=ms-21883-f6c88c6d4-js6xs for Target File=deathstar_*.output
Namespace: default, Pod: ms-21883-f6c88c6d4-js6xs has the target files.
Copying deathstar_ms-21883.output to deathstar_ms-21883.output
tar: removing leading '/' from member names
Debug: Checking Namespace=default, Pod=ms-25124-77bd4446f5-2kgxq for Target File=deathstar_*.output
Namespace: default, Pod: ms-25124-77bd4446f5-2kgxq has the target files.
Copying deathstar_ms-25124.output to deathstar_ms-25124.output
tar: removing leading '/' from member names
Debug: Checking Namespace=default, Pod=ms-27421-8565974486-x9nph for Target File=deathstar_*.output
Namespace: default, Pod: ms-27421-8565974486-x9nph has the target files.
Copying deathstar_ms-27421.output to deathstar_ms-27421.output
tar: removing leading '/' from member names
Debug: Checking Namespace=default, Pod=ms-2827-5dcc6df4f4-k62jm for Target File=deathstar_*.output
Namespace: default, Pod: ms-2827-5dcc6df4f4-k62jm has the target files.
Copying deathstar_ms-2827.output to deathstar_ms-2827.output
tar: removing leading '/' from member names
Debug: Checking Namespace=default, Pod=ms-33719-6c455cf54c-pg2z7 for Target File=deathstar_*.output
Namespace: default, Pod: ms-33719-6c455cf54c-pg2z7 has the target files.
Copying deathstar_ms-33719.output to deathstar_ms-33719.output
tar: removing leading '/' from member names
Debug: Checking Namespace=default, Pod=ms-37691-b9bc44798-zzx5j for Target File=deathstar_*.output
Namespace: default, Pod: ms-37691-b9bc44798-zzx5j has the target files.
Copying deathstar_ms-37691.output to deathstar_ms-37691.output
tar: removing leading '/' from member names
Debug: Checking Namespace=default, Pod=ms-43309-54f758d465-249vc for Target File=deathstar_*.output
Namespace: default, Pod: ms-43309-54f758d465-249vc has the target files.
Copying deathstar_ms-43309.output to deathstar_ms-43309.output
tar: removing leading '/' from member names
Debug: Checking Namespace=default, Pod=ms-4354-669cfcbdf6-8zsx7 for Target File=deathstar_*.output
Namespace: default, Pod: ms-4354-669cfcbdf6-8zsx7 has the target files.
Copying deathstar_ms-4354.output to deathstar_ms-4354.output
tar: removing leading '/' from member names
Debug: Checking Namespace=default, Pod=ms-46825-58c684559d-zwhhn for Target File=deathstar_*.output
Namespace: default, Pod: ms-46825-58c684559d-zwhhn has the target files.
Copying deathstar_ms-46825.output to deathstar_ms-46825.output
tar: removing leading '/' from member names
Debug: Checking Namespace=default, Pod=ms-60236-64866cf49-26gbn for Target File=deathstar_*.output
Namespace: default, Pod: ms-60236-64866cf49-26gbn has the target files.
Copying deathstar_ms-60236.output to deathstar_ms-60236.output
tar: removing leading '/' from member names
Debug: Checking Namespace=default, Pod=ms-71771-567ddbdd95-rz9k7 for Target File=deathstar_*.output
Namespace: default, Pod: ms-71771-567ddbdd95-rz9k7 has the target files.
Copying deathstar_ms-71771.output to deathstar_ms-71771.output
tar: removing leading '/' from member names
Debug: Checking Namespace=default, Pod=ms-8052-b995968dc-mg47z for Target File=deathstar_*.output
Namespace: default, Pod: ms-8052-b995968dc-mg47z has the target files.
Copying deathstar_ms-8052.output to deathstar_ms-8052.output
tar: removing leading '/' from member names
Debug: Checking Namespace=default, Pod=ms-902-5744544f85-jvm6f for Target File=deathstar_*.output
Namespace: default, Pod: ms-902-5744544f85-jvm6f has the target files.
Copying deathstar_ms-902.output to deathstar_ms-902.output
tar: removing leading '/' from member names
Debug: Checking Namespace=default, Pod=nginx-web-server-56557f7cb7-6w56c for Target File=deathstar_*.output
Namespace: default, Pod: nginx-web-server-56557f7cb7-6w56c has the target files.
Copying deathstar_nginx-web-server.output to deathstar_nginx-web-server.output
tar: removing leading '/' from member names
