Deployments: ms-11070
ms-11285
ms-11512
ms-1278
ms-13873
ms-19953
ms-21883
ms-25124
ms-27421
ms-2827
ms-33719
ms-37691
ms-43309
ms-4354
ms-46825
ms-60236
ms-71771
ms-8052
ms-902
nginx-web-server
deployment "ms-11070" successfully rolled out
deployment "ms-11285" successfully rolled out
deployment "ms-11512" successfully rolled out
deployment "ms-1278" successfully rolled out
deployment "ms-13873" successfully rolled out
deployment "ms-19953" successfully rolled out
deployment "ms-21883" successfully rolled out
deployment "ms-25124" successfully rolled out
deployment "ms-27421" successfully rolled out
deployment "ms-2827" successfully rolled out
deployment "ms-33719" successfully rolled out
deployment "ms-37691" successfully rolled out
deployment "ms-43309" successfully rolled out
deployment "ms-4354" successfully rolled out
deployment "ms-46825" successfully rolled out
deployment "ms-60236" successfully rolled out
deployment "ms-71771" successfully rolled out
deployment "ms-8052" successfully rolled out
deployment "ms-902" successfully rolled out
deployment "nginx-web-server" successfully rolled out
ENTRY_POINT: nginx-web-server
SERVICE_A_URL: 10.107.71.218:50051
Capacity: 10000
Metadata: request-id={{.RequestNumber}}
Metadata: timestamp={{.TimestampUnix}}
Metadata: method=S_102000854
Charon Configurations:
[{INTERCEPT charon} {PRICE_UPDATE_RATE 2082us} {TOKEN_UPDATE_RATE 14387us} {LATENCY_THRESHOLD 6030us} {PRICE_STEP 116} {PRICE_STRATEGY proportional} {LAZY_UPDATE true} {RATE_LIMITING true} {LOAD_SHEDDING true} {CHARON_TRACK_PRICE false} {BREAKWATER_SLO 12500us} {BREAKWATER_A 0.001} {BREAKWATER_B 0.02} {BREAKWATER_CLIENT_EXPIRATION 10ms} {BREAKWATER_INITIAL_CREDIT 400} {BREAKWATER_LOAD_SHEDDING true} {BREAKWATER_RTT 1000us} {BREAKWATERD_SLO 12500us} {BREAKWATERD_A 0.001} {BREAKWATERD_B 0.02} {BREAKWATERD_CLIENT_EXPIRATION 10ms} {BREAKWATERD_INITIAL_CREDIT 400} {BREAKWATERD_LOAD_SHEDDING true} {BREAKWATERD_RTT 1000us} {DAGOR_QUEUING_THRESHOLD 2ms} {DAGOR_ALPHA 0.05} {DAGOR_BETA 0.01} {DAGOR_ADMISSION_LEVEL_UPDATE_INTERVAL 10ms} {DAGOR_UMAX 20}]

Summary:
  Count:	61906
  Total:	14.75 s
  Slowest:	830.17 ms
  Fastest:	38.94 ms
  Average:	58.10 ms
  Requests/sec:	4196.59

Response time histogram:
  38.942  [1]     |
  118.065 [56330] |∎∎∎∎∎∎∎∎∎∎∎∎∎∎∎∎∎∎∎∎∎∎∎∎∎∎∎∎∎∎∎∎∎∎∎∎∎∎∎∎
  197.188 [968]   |∎
  276.310 [1073]  |∎
  355.433 [207]   |
  434.556 [10]    |
  513.679 [76]    |
  592.801 [9]     |
  671.924 [0]     |
  751.047 [9]     |
  830.170 [63]    |

Latency distribution:
  10 % in 40.40 ms 
  25 % in 41.88 ms 
  50 % in 48.55 ms 
  75 % in 60.47 ms 
  90 % in 76.12 ms 
  95 % in 99.80 ms 
  99 % in 256.75 ms 

Status code distribution:
  [OK]                  58746 responses   
  [ResourceExhausted]   3145 responses    
  [Canceled]            15 responses      

Error distribution:
  [736]    rpc error: code = ResourceExhausted desc = S_102000854 req dropped by ms-13873. Try again later.           
  [134]    rpc error: code = ResourceExhausted desc = S_102000854 req dropped by ms-25124. Try again later.           
  [2135]   rpc error: code = ResourceExhausted desc = S_102000854 req dropped by nginx-web-server. Try again later.   
  [15]     rpc error: code = Canceled desc = grpc: the client connection is closing                                   
  [3]      rpc error: code = ResourceExhausted desc = S_102000854 req dropped by ms-71771. Try again later.           
  [137]    rpc error: code = ResourceExhausted desc = S_102000854 req dropped by ms-60236. Try again later.           

Debug: Checking Namespace=default, Pod=ms-11070-7868c54f44-5fhhx for Target File=deathstar_*.output
Namespace: default, Pod: ms-11070-7868c54f44-5fhhx has the target files.
Copying deathstar_ms-11070.output to deathstar_ms-11070.output
tar: removing leading '/' from member names
Debug: Checking Namespace=default, Pod=ms-11285-67d597dc77-mht87 for Target File=deathstar_*.output
Namespace: default, Pod: ms-11285-67d597dc77-mht87 has the target files.
Copying deathstar_ms-11285.output to deathstar_ms-11285.output
tar: removing leading '/' from member names
Debug: Checking Namespace=default, Pod=ms-11512-75f8ddc45b-vvcvr for Target File=deathstar_*.output
Namespace: default, Pod: ms-11512-75f8ddc45b-vvcvr has the target files.
Copying deathstar_ms-11512.output to deathstar_ms-11512.output
tar: removing leading '/' from member names
Debug: Checking Namespace=default, Pod=ms-1278-85766ff6b8-6wt49 for Target File=deathstar_*.output
Namespace: default, Pod: ms-1278-85766ff6b8-6wt49 has the target files.
Copying deathstar_ms-1278.output to deathstar_ms-1278.output
tar: removing leading '/' from member names
Debug: Checking Namespace=default, Pod=ms-13873-85d7bb7b97-6d6w4 for Target File=deathstar_*.output
Namespace: default, Pod: ms-13873-85d7bb7b97-6d6w4 has the target files.
Copying deathstar_ms-13873.output to deathstar_ms-13873.output
tar: removing leading '/' from member names
Debug: Checking Namespace=default, Pod=ms-19953-68cc8998c5-c5pph for Target File=deathstar_*.output
Namespace: default, Pod: ms-19953-68cc8998c5-c5pph has the target files.
Copying deathstar_ms-19953.output to deathstar_ms-19953.output
tar: removing leading '/' from member names
Debug: Checking Namespace=default, Pod=ms-21883-f6c88c6d4-h9l9k for Target File=deathstar_*.output
Namespace: default, Pod: ms-21883-f6c88c6d4-h9l9k has the target files.
Copying deathstar_ms-21883.output to deathstar_ms-21883.output
tar: removing leading '/' from member names
Debug: Checking Namespace=default, Pod=ms-25124-77bd4446f5-sbvw9 for Target File=deathstar_*.output
Namespace: default, Pod: ms-25124-77bd4446f5-sbvw9 has the target files.
Copying deathstar_ms-25124.output to deathstar_ms-25124.output
tar: removing leading '/' from member names
Debug: Checking Namespace=default, Pod=ms-27421-8565974486-gm6k2 for Target File=deathstar_*.output
Namespace: default, Pod: ms-27421-8565974486-gm6k2 has the target files.
Copying deathstar_ms-27421.output to deathstar_ms-27421.output
tar: removing leading '/' from member names
Debug: Checking Namespace=default, Pod=ms-2827-5dcc6df4f4-knm2h for Target File=deathstar_*.output
Namespace: default, Pod: ms-2827-5dcc6df4f4-knm2h has the target files.
Copying deathstar_ms-2827.output to deathstar_ms-2827.output
tar: removing leading '/' from member names
Debug: Checking Namespace=default, Pod=ms-33719-6c455cf54c-6gdkp for Target File=deathstar_*.output
Namespace: default, Pod: ms-33719-6c455cf54c-6gdkp has the target files.
Copying deathstar_ms-33719.output to deathstar_ms-33719.output
tar: removing leading '/' from member names
Debug: Checking Namespace=default, Pod=ms-37691-b9bc44798-rrvjv for Target File=deathstar_*.output
Namespace: default, Pod: ms-37691-b9bc44798-rrvjv has the target files.
Copying deathstar_ms-37691.output to deathstar_ms-37691.output
tar: removing leading '/' from member names
Debug: Checking Namespace=default, Pod=ms-43309-54f758d465-2rnhr for Target File=deathstar_*.output
Namespace: default, Pod: ms-43309-54f758d465-2rnhr has the target files.
Copying deathstar_ms-43309.output to deathstar_ms-43309.output
tar: removing leading '/' from member names
Debug: Checking Namespace=default, Pod=ms-4354-669cfcbdf6-vsm6l for Target File=deathstar_*.output
Namespace: default, Pod: ms-4354-669cfcbdf6-vsm6l has the target files.
Copying deathstar_ms-4354.output to deathstar_ms-4354.output
tar: removing leading '/' from member names
Debug: Checking Namespace=default, Pod=ms-46825-58c684559d-cwmbd for Target File=deathstar_*.output
Namespace: default, Pod: ms-46825-58c684559d-cwmbd has the target files.
Copying deathstar_ms-46825.output to deathstar_ms-46825.output
tar: removing leading '/' from member names
Debug: Checking Namespace=default, Pod=ms-60236-64866cf49-d2tvj for Target File=deathstar_*.output
Namespace: default, Pod: ms-60236-64866cf49-d2tvj has the target files.
Copying deathstar_ms-60236.output to deathstar_ms-60236.output
tar: removing leading '/' from member names
Debug: Checking Namespace=default, Pod=ms-71771-567ddbdd95-q5ztb for Target File=deathstar_*.output
Namespace: default, Pod: ms-71771-567ddbdd95-q5ztb has the target files.
Copying deathstar_ms-71771.output to deathstar_ms-71771.output
tar: removing leading '/' from member names
Debug: Checking Namespace=default, Pod=ms-8052-b995968dc-2p65z for Target File=deathstar_*.output
Namespace: default, Pod: ms-8052-b995968dc-2p65z has the target files.
Copying deathstar_ms-8052.output to deathstar_ms-8052.output
tar: removing leading '/' from member names
Debug: Checking Namespace=default, Pod=ms-902-5744544f85-nxt7c for Target File=deathstar_*.output
Namespace: default, Pod: ms-902-5744544f85-nxt7c has the target files.
Copying deathstar_ms-902.output to deathstar_ms-902.output
tar: removing leading '/' from member names
Debug: Checking Namespace=default, Pod=nginx-web-server-56557f7cb7-wrmpr for Target File=deathstar_*.output
Namespace: default, Pod: nginx-web-server-56557f7cb7-wrmpr has the target files.
Copying deathstar_nginx-web-server.output to deathstar_nginx-web-server.output
tar: removing leading '/' from member names
