Deployments: ms-11070
ms-11285
ms-11512
ms-1278
ms-13873
ms-19953
ms-21883
ms-25124
ms-27421
ms-2827
ms-33719
ms-37691
ms-43309
ms-4354
ms-46825
ms-60236
ms-71771
ms-8052
ms-902
nginx-web-server
deployment "ms-11070" successfully rolled out
deployment "ms-11285" successfully rolled out
deployment "ms-11512" successfully rolled out
deployment "ms-1278" successfully rolled out
deployment "ms-13873" successfully rolled out
deployment "ms-19953" successfully rolled out
deployment "ms-21883" successfully rolled out
deployment "ms-25124" successfully rolled out
deployment "ms-27421" successfully rolled out
deployment "ms-2827" successfully rolled out
deployment "ms-33719" successfully rolled out
deployment "ms-37691" successfully rolled out
deployment "ms-43309" successfully rolled out
deployment "ms-4354" successfully rolled out
deployment "ms-46825" successfully rolled out
deployment "ms-60236" successfully rolled out
deployment "ms-71771" successfully rolled out
deployment "ms-8052" successfully rolled out
deployment "ms-902" successfully rolled out
deployment "nginx-web-server" successfully rolled out
ENTRY_POINT: nginx-web-server
SERVICE_A_URL: 10.108.153.18:50051
Capacity: 10000
Metadata: request-id={{.RequestNumber}}
Metadata: timestamp={{.TimestampUnix}}
Metadata: method=S_102000854
Charon Configurations:
[{INTERCEPT charon} {PRICE_UPDATE_RATE 24166us} {TOKEN_UPDATE_RATE 27114us} {LATENCY_THRESHOLD 6588us} {PRICE_STEP 15} {PRICE_STRATEGY proportional} {LAZY_UPDATE true} {RATE_LIMITING true} {LOAD_SHEDDING true} {CHARON_TRACK_PRICE false} {BREAKWATER_SLO 12500us} {BREAKWATER_A 0.001} {BREAKWATER_B 0.02} {BREAKWATER_CLIENT_EXPIRATION 10ms} {BREAKWATER_INITIAL_CREDIT 400} {BREAKWATER_LOAD_SHEDDING true} {BREAKWATER_RTT 1000us} {BREAKWATERD_SLO 12500us} {BREAKWATERD_A 0.001} {BREAKWATERD_B 0.02} {BREAKWATERD_CLIENT_EXPIRATION 10ms} {BREAKWATERD_INITIAL_CREDIT 400} {BREAKWATERD_LOAD_SHEDDING true} {BREAKWATERD_RTT 1000us} {DAGOR_QUEUING_THRESHOLD 2ms} {DAGOR_ALPHA 0.05} {DAGOR_BETA 0.01} {DAGOR_ADMISSION_LEVEL_UPDATE_INTERVAL 10ms} {DAGOR_UMAX 20}]

Summary:
  Count:	89332
  Total:	14.83 s
  Slowest:	860.38 ms
  Fastest:	38.84 ms
  Average:	108.96 ms
  Requests/sec:	6023.81

Response time histogram:
  38.842  [1]     |
  120.996 [67972] |∎∎∎∎∎∎∎∎∎∎∎∎∎∎∎∎∎∎∎∎∎∎∎∎∎∎∎∎∎∎∎∎∎∎∎∎∎∎∎∎
  203.149 [5139]  |∎∎∎
  285.303 [2288]  |∎
  367.457 [3092]  |∎∎
  449.610 [3391]  |∎∎
  531.764 [1682]  |∎
  613.918 [413]   |
  696.072 [12]    |
  778.225 [4]     |
  860.379 [60]    |

Latency distribution:
  10 % in 41.75 ms 
  25 % in 56.90 ms 
  50 % in 75.11 ms 
  75 % in 103.00 ms 
  90 % in 295.50 ms 
  95 % in 394.86 ms 
  99 % in 507.84 ms 

Status code distribution:
  [OK]                  84054 responses   
  [ResourceExhausted]   4522 responses    
  [Canceled]            756 responses     

Error distribution:
  [674]    rpc error: code = ResourceExhausted desc = S_102000854 req dropped by ms-13873. Try again later.           
  [246]    rpc error: code = ResourceExhausted desc = S_102000854 req dropped by ms-60236. Try again later.           
  [756]    rpc error: code = Canceled desc = grpc: the client connection is closing                                   
  [2]      rpc error: code = ResourceExhausted desc = S_102000854 req dropped by ms-71771. Try again later.           
  [195]    rpc error: code = ResourceExhausted desc = S_102000854 req dropped by ms-25124. Try again later.           
  [3405]   rpc error: code = ResourceExhausted desc = S_102000854 req dropped by nginx-web-server. Try again later.   

Debug: Checking Namespace=default, Pod=ms-11070-7868c54f44-xbqjh for Target File=deathstar_*.output
Namespace: default, Pod: ms-11070-7868c54f44-xbqjh has the target files.
Copying deathstar_ms-11070.output to deathstar_ms-11070.output
tar: removing leading '/' from member names
Debug: Checking Namespace=default, Pod=ms-11285-67d597dc77-mtqgs for Target File=deathstar_*.output
Namespace: default, Pod: ms-11285-67d597dc77-mtqgs has the target files.
Copying deathstar_ms-11285.output to deathstar_ms-11285.output
tar: removing leading '/' from member names
Debug: Checking Namespace=default, Pod=ms-11512-75f8ddc45b-x5sxg for Target File=deathstar_*.output
Namespace: default, Pod: ms-11512-75f8ddc45b-x5sxg has the target files.
Copying deathstar_ms-11512.output to deathstar_ms-11512.output
tar: removing leading '/' from member names
Debug: Checking Namespace=default, Pod=ms-1278-85766ff6b8-k9jb6 for Target File=deathstar_*.output
Namespace: default, Pod: ms-1278-85766ff6b8-k9jb6 has the target files.
Copying deathstar_ms-1278.output to deathstar_ms-1278.output
tar: removing leading '/' from member names
Debug: Checking Namespace=default, Pod=ms-13873-85d7bb7b97-5gljt for Target File=deathstar_*.output
Namespace: default, Pod: ms-13873-85d7bb7b97-5gljt has the target files.
Copying deathstar_ms-13873.output to deathstar_ms-13873.output
tar: removing leading '/' from member names
Debug: Checking Namespace=default, Pod=ms-19953-68cc8998c5-d62fq for Target File=deathstar_*.output
Namespace: default, Pod: ms-19953-68cc8998c5-d62fq has the target files.
Copying deathstar_ms-19953.output to deathstar_ms-19953.output
tar: removing leading '/' from member names
Debug: Checking Namespace=default, Pod=ms-21883-f6c88c6d4-8bhrc for Target File=deathstar_*.output
Namespace: default, Pod: ms-21883-f6c88c6d4-8bhrc has the target files.
Copying deathstar_ms-21883.output to deathstar_ms-21883.output
tar: removing leading '/' from member names
Debug: Checking Namespace=default, Pod=ms-25124-77bd4446f5-r44z2 for Target File=deathstar_*.output
Namespace: default, Pod: ms-25124-77bd4446f5-r44z2 has the target files.
Copying deathstar_ms-25124.output to deathstar_ms-25124.output
tar: removing leading '/' from member names
Debug: Checking Namespace=default, Pod=ms-27421-8565974486-crgjh for Target File=deathstar_*.output
Namespace: default, Pod: ms-27421-8565974486-crgjh has the target files.
Copying deathstar_ms-27421.output to deathstar_ms-27421.output
tar: removing leading '/' from member names
Debug: Checking Namespace=default, Pod=ms-2827-5dcc6df4f4-ncc7b for Target File=deathstar_*.output
Namespace: default, Pod: ms-2827-5dcc6df4f4-ncc7b has the target files.
Copying deathstar_ms-2827.output to deathstar_ms-2827.output
tar: removing leading '/' from member names
Debug: Checking Namespace=default, Pod=ms-33719-6c455cf54c-c7sz7 for Target File=deathstar_*.output
Namespace: default, Pod: ms-33719-6c455cf54c-c7sz7 has the target files.
Copying deathstar_ms-33719.output to deathstar_ms-33719.output
tar: removing leading '/' from member names
Debug: Checking Namespace=default, Pod=ms-37691-b9bc44798-jgh9g for Target File=deathstar_*.output
Namespace: default, Pod: ms-37691-b9bc44798-jgh9g has the target files.
Copying deathstar_ms-37691.output to deathstar_ms-37691.output
tar: removing leading '/' from member names
Debug: Checking Namespace=default, Pod=ms-43309-54f758d465-zt779 for Target File=deathstar_*.output
Namespace: default, Pod: ms-43309-54f758d465-zt779 has the target files.
Copying deathstar_ms-43309.output to deathstar_ms-43309.output
tar: removing leading '/' from member names
Debug: Checking Namespace=default, Pod=ms-4354-669cfcbdf6-46zp7 for Target File=deathstar_*.output
Namespace: default, Pod: ms-4354-669cfcbdf6-46zp7 has the target files.
Copying deathstar_ms-4354.output to deathstar_ms-4354.output
tar: removing leading '/' from member names
Debug: Checking Namespace=default, Pod=ms-46825-58c684559d-kfc5k for Target File=deathstar_*.output
Namespace: default, Pod: ms-46825-58c684559d-kfc5k has the target files.
Copying deathstar_ms-46825.output to deathstar_ms-46825.output
tar: removing leading '/' from member names
Debug: Checking Namespace=default, Pod=ms-60236-64866cf49-vp7d4 for Target File=deathstar_*.output
Namespace: default, Pod: ms-60236-64866cf49-vp7d4 has the target files.
Copying deathstar_ms-60236.output to deathstar_ms-60236.output
tar: removing leading '/' from member names
Debug: Checking Namespace=default, Pod=ms-71771-567ddbdd95-px5g5 for Target File=deathstar_*.output
Namespace: default, Pod: ms-71771-567ddbdd95-px5g5 has the target files.
Copying deathstar_ms-71771.output to deathstar_ms-71771.output
tar: removing leading '/' from member names
Debug: Checking Namespace=default, Pod=ms-8052-b995968dc-8298d for Target File=deathstar_*.output
Namespace: default, Pod: ms-8052-b995968dc-8298d has the target files.
Copying deathstar_ms-8052.output to deathstar_ms-8052.output
tar: removing leading '/' from member names
Debug: Checking Namespace=default, Pod=ms-902-5744544f85-hkkj8 for Target File=deathstar_*.output
Namespace: default, Pod: ms-902-5744544f85-hkkj8 has the target files.
Copying deathstar_ms-902.output to deathstar_ms-902.output
tar: removing leading '/' from member names
Debug: Checking Namespace=default, Pod=nginx-web-server-56557f7cb7-pjqzr for Target File=deathstar_*.output
Namespace: default, Pod: nginx-web-server-56557f7cb7-pjqzr has the target files.
Copying deathstar_nginx-web-server.output to deathstar_nginx-web-server.output
tar: removing leading '/' from member names
