Deployments: ms-11070
ms-11285
ms-11512
ms-1278
ms-13873
ms-19953
ms-21883
ms-25124
ms-27421
ms-2827
ms-33719
ms-37691
ms-43309
ms-4354
ms-46825
ms-60236
ms-71771
ms-8052
ms-902
nginx-web-server
deployment "ms-11070" successfully rolled out
deployment "ms-11285" successfully rolled out
deployment "ms-11512" successfully rolled out
deployment "ms-1278" successfully rolled out
deployment "ms-13873" successfully rolled out
deployment "ms-19953" successfully rolled out
deployment "ms-21883" successfully rolled out
deployment "ms-25124" successfully rolled out
deployment "ms-27421" successfully rolled out
deployment "ms-2827" successfully rolled out
deployment "ms-33719" successfully rolled out
deployment "ms-37691" successfully rolled out
deployment "ms-43309" successfully rolled out
deployment "ms-4354" successfully rolled out
deployment "ms-46825" successfully rolled out
deployment "ms-60236" successfully rolled out
deployment "ms-71771" successfully rolled out
deployment "ms-8052" successfully rolled out
deployment "ms-902" successfully rolled out
deployment "nginx-web-server" successfully rolled out
ENTRY_POINT: nginx-web-server
SERVICE_A_URL: 10.108.64.151:50051
Capacity: 10000
Metadata: request-id={{.RequestNumber}}
Metadata: timestamp={{.TimestampUnix}}
Metadata: method=S_102000854
Charon Configurations:
[{INTERCEPT breakwater} {PRICE_UPDATE_RATE 10ms} {TOKEN_UPDATE_RATE 10ms} {LATENCY_THRESHOLD 100us} {PRICE_STEP 0} {PRICE_STRATEGY step} {LAZY_UPDATE false} {RATE_LIMITING true} {LOAD_SHEDDING true} {CHARON_TRACK_PRICE false} {BREAKWATER_SLO 17575us} {BREAKWATER_A 17.527783045920767} {BREAKWATER_B 1.7892133270076946} {BREAKWATER_CLIENT_EXPIRATION 425us} {BREAKWATER_INITIAL_CREDIT 79} {BREAKWATER_LOAD_SHEDDING true} {BREAKWATER_RTT 3396us} {BREAKWATERD_SLO 12500us} {BREAKWATERD_A 0.001} {BREAKWATERD_B 0.02} {BREAKWATERD_CLIENT_EXPIRATION 10ms} {BREAKWATERD_INITIAL_CREDIT 400} {BREAKWATERD_LOAD_SHEDDING true} {BREAKWATERD_RTT 1000us} {DAGOR_QUEUING_THRESHOLD 2ms} {DAGOR_ALPHA 0.05} {DAGOR_BETA 0.01} {DAGOR_ADMISSION_LEVEL_UPDATE_INTERVAL 10ms} {DAGOR_UMAX 20}]

Summary:
  Count:	113095
  Total:	14.90 s
  Slowest:	1.10 s
  Fastest:	38.93 ms
  Average:	445.76 ms
  Requests/sec:	7591.23

Response time histogram:
  38.927   [1]     |
  145.459  [16653] |∎∎∎∎∎∎∎∎∎∎∎∎∎∎∎∎∎∎∎∎∎∎∎∎∎∎∎∎∎∎∎∎∎
  251.991  [4407]  |∎∎∎∎∎∎∎∎∎
  358.524  [16167] |∎∎∎∎∎∎∎∎∎∎∎∎∎∎∎∎∎∎∎∎∎∎∎∎∎∎∎∎∎∎∎∎
  465.056  [20313] |∎∎∎∎∎∎∎∎∎∎∎∎∎∎∎∎∎∎∎∎∎∎∎∎∎∎∎∎∎∎∎∎∎∎∎∎∎∎∎∎
  571.588  [11905] |∎∎∎∎∎∎∎∎∎∎∎∎∎∎∎∎∎∎∎∎∎∎∎
  678.120  [5820]  |∎∎∎∎∎∎∎∎∎∎∎
  784.652  [5470]  |∎∎∎∎∎∎∎∎∎∎∎
  891.184  [5934]  |∎∎∎∎∎∎∎∎∎∎∎∎
  997.717  [5332]  |∎∎∎∎∎∎∎∎∎∎
  1104.249 [442]   |∎

Latency distribution:
  10 % in 41.96 ms 
  25 % in 268.06 ms 
  50 % in 404.70 ms 
  75 % in 570.54 ms 
  90 % in 831.77 ms 
  95 % in 910.84 ms 
  99 % in 984.03 ms 

Status code distribution:
  [OK]                  92444 responses   
  [ResourceExhausted]   5440 responses    
  [DeadlineExceeded]    6880 responses    
  [Canceled]            8331 responses    

Error distribution:
  [5440]   rpc error: code = ResourceExhausted desc = Server-side queuing delay is beyond AQM threshold   
  [6880]   rpc error: code = DeadlineExceeded desc = context deadline exceeded                            
  [8331]   rpc error: code = Canceled desc = grpc: the client connection is closing                       

Debug: Checking Namespace=default, Pod=ms-11070-7868c54f44-pdk8q for Target File=deathstar_*.output
Namespace: default, Pod: ms-11070-7868c54f44-pdk8q has the target files.
Copying deathstar_ms-11070.output to deathstar_ms-11070.output
tar: removing leading '/' from member names
Debug: Checking Namespace=default, Pod=ms-11285-67d597dc77-25c26 for Target File=deathstar_*.output
Namespace: default, Pod: ms-11285-67d597dc77-25c26 has the target files.
Copying deathstar_ms-11285.output to deathstar_ms-11285.output
tar: removing leading '/' from member names
Debug: Checking Namespace=default, Pod=ms-11512-75f8ddc45b-52tpc for Target File=deathstar_*.output
Namespace: default, Pod: ms-11512-75f8ddc45b-52tpc has the target files.
Copying deathstar_ms-11512.output to deathstar_ms-11512.output
tar: removing leading '/' from member names
Debug: Checking Namespace=default, Pod=ms-1278-85766ff6b8-7g8b5 for Target File=deathstar_*.output
Namespace: default, Pod: ms-1278-85766ff6b8-7g8b5 has the target files.
Copying deathstar_ms-1278.output to deathstar_ms-1278.output
tar: removing leading '/' from member names
Debug: Checking Namespace=default, Pod=ms-13873-85d7bb7b97-c9r7t for Target File=deathstar_*.output
Namespace: default, Pod: ms-13873-85d7bb7b97-c9r7t has the target files.
Copying deathstar_ms-13873.output to deathstar_ms-13873.output
tar: removing leading '/' from member names
Debug: Checking Namespace=default, Pod=ms-19953-68cc8998c5-qstp8 for Target File=deathstar_*.output
Namespace: default, Pod: ms-19953-68cc8998c5-qstp8 has the target files.
Copying deathstar_ms-19953.output to deathstar_ms-19953.output
tar: removing leading '/' from member names
Debug: Checking Namespace=default, Pod=ms-21883-f6c88c6d4-c5z4w for Target File=deathstar_*.output
Namespace: default, Pod: ms-21883-f6c88c6d4-c5z4w has the target files.
Copying deathstar_ms-21883.output to deathstar_ms-21883.output
tar: removing leading '/' from member names
Debug: Checking Namespace=default, Pod=ms-25124-77bd4446f5-94f5p for Target File=deathstar_*.output
Namespace: default, Pod: ms-25124-77bd4446f5-94f5p has the target files.
Copying deathstar_ms-25124.output to deathstar_ms-25124.output
tar: removing leading '/' from member names
Debug: Checking Namespace=default, Pod=ms-27421-8565974486-b2mhm for Target File=deathstar_*.output
Namespace: default, Pod: ms-27421-8565974486-b2mhm has the target files.
Copying deathstar_ms-27421.output to deathstar_ms-27421.output
tar: removing leading '/' from member names
Debug: Checking Namespace=default, Pod=ms-2827-5dcc6df4f4-wszzd for Target File=deathstar_*.output
Namespace: default, Pod: ms-2827-5dcc6df4f4-wszzd has the target files.
Copying deathstar_ms-2827.output to deathstar_ms-2827.output
tar: removing leading '/' from member names
Debug: Checking Namespace=default, Pod=ms-33719-6c455cf54c-jm6h4 for Target File=deathstar_*.output
Namespace: default, Pod: ms-33719-6c455cf54c-jm6h4 has the target files.
Copying deathstar_ms-33719.output to deathstar_ms-33719.output
tar: removing leading '/' from member names
Debug: Checking Namespace=default, Pod=ms-37691-b9bc44798-wdrcc for Target File=deathstar_*.output
Namespace: default, Pod: ms-37691-b9bc44798-wdrcc has the target files.
Copying deathstar_ms-37691.output to deathstar_ms-37691.output
tar: removing leading '/' from member names
Debug: Checking Namespace=default, Pod=ms-43309-54f758d465-86kwc for Target File=deathstar_*.output
Namespace: default, Pod: ms-43309-54f758d465-86kwc has the target files.
Copying deathstar_ms-43309.output to deathstar_ms-43309.output
tar: removing leading '/' from member names
Debug: Checking Namespace=default, Pod=ms-4354-669cfcbdf6-bbm7b for Target File=deathstar_*.output
Namespace: default, Pod: ms-4354-669cfcbdf6-bbm7b has the target files.
Copying deathstar_ms-4354.output to deathstar_ms-4354.output
tar: removing leading '/' from member names
Debug: Checking Namespace=default, Pod=ms-46825-58c684559d-vcbwl for Target File=deathstar_*.output
Namespace: default, Pod: ms-46825-58c684559d-vcbwl has the target files.
Copying deathstar_ms-46825.output to deathstar_ms-46825.output
tar: removing leading '/' from member names
Debug: Checking Namespace=default, Pod=ms-60236-64866cf49-f4qw6 for Target File=deathstar_*.output
Namespace: default, Pod: ms-60236-64866cf49-f4qw6 has the target files.
Copying deathstar_ms-60236.output to deathstar_ms-60236.output
tar: removing leading '/' from member names
Debug: Checking Namespace=default, Pod=ms-71771-567ddbdd95-t95d2 for Target File=deathstar_*.output
Namespace: default, Pod: ms-71771-567ddbdd95-t95d2 has the target files.
Copying deathstar_ms-71771.output to deathstar_ms-71771.output
tar: removing leading '/' from member names
Debug: Checking Namespace=default, Pod=ms-8052-b995968dc-gv8wk for Target File=deathstar_*.output
Namespace: default, Pod: ms-8052-b995968dc-gv8wk has the target files.
Copying deathstar_ms-8052.output to deathstar_ms-8052.output
tar: removing leading '/' from member names
Debug: Checking Namespace=default, Pod=ms-902-5744544f85-rhj9h for Target File=deathstar_*.output
Namespace: default, Pod: ms-902-5744544f85-rhj9h has the target files.
Copying deathstar_ms-902.output to deathstar_ms-902.output
tar: removing leading '/' from member names
Debug: Checking Namespace=default, Pod=nginx-web-server-56557f7cb7-pm8r7 for Target File=deathstar_*.output
Namespace: default, Pod: nginx-web-server-56557f7cb7-pm8r7 has the target files.
Copying deathstar_nginx-web-server.output to deathstar_nginx-web-server.output
tar: removing leading '/' from member names
