Deployments: ms-11070
ms-11285
ms-11512
ms-1278
ms-13873
ms-19953
ms-21883
ms-25124
ms-27421
ms-2827
ms-33719
ms-37691
ms-43309
ms-4354
ms-46825
ms-60236
ms-71771
ms-8052
ms-902
nginx-web-server
deployment "ms-11070" successfully rolled out
deployment "ms-11285" successfully rolled out
deployment "ms-11512" successfully rolled out
deployment "ms-1278" successfully rolled out
deployment "ms-13873" successfully rolled out
deployment "ms-19953" successfully rolled out
deployment "ms-21883" successfully rolled out
deployment "ms-25124" successfully rolled out
deployment "ms-27421" successfully rolled out
deployment "ms-2827" successfully rolled out
deployment "ms-33719" successfully rolled out
deployment "ms-37691" successfully rolled out
deployment "ms-43309" successfully rolled out
deployment "ms-4354" successfully rolled out
deployment "ms-46825" successfully rolled out
deployment "ms-60236" successfully rolled out
deployment "ms-71771" successfully rolled out
deployment "ms-8052" successfully rolled out
deployment "ms-902" successfully rolled out
deployment "nginx-web-server" successfully rolled out
ENTRY_POINT: nginx-web-server
SERVICE_A_URL: 10.98.8.214:50051
Capacity: 10000
Metadata: request-id={{.RequestNumber}}
Metadata: timestamp={{.TimestampUnix}}
Metadata: method=S_102000854
Charon Configurations:
[{INTERCEPT breakwater} {PRICE_UPDATE_RATE 10ms} {TOKEN_UPDATE_RATE 10ms} {LATENCY_THRESHOLD 100us} {PRICE_STEP 0} {PRICE_STRATEGY step} {LAZY_UPDATE false} {RATE_LIMITING true} {LOAD_SHEDDING true} {CHARON_TRACK_PRICE false} {BREAKWATER_SLO 14025us} {BREAKWATER_A 9.831463185606765} {BREAKWATER_B 0.10672509023416077} {BREAKWATER_CLIENT_EXPIRATION 2870us} {BREAKWATER_INITIAL_CREDIT 294} {BREAKWATER_LOAD_SHEDDING true} {BREAKWATER_RTT 11786us} {BREAKWATERD_SLO 12500us} {BREAKWATERD_A 0.001} {BREAKWATERD_B 0.02} {BREAKWATERD_CLIENT_EXPIRATION 10ms} {BREAKWATERD_INITIAL_CREDIT 400} {BREAKWATERD_LOAD_SHEDDING true} {BREAKWATERD_RTT 1000us} {DAGOR_QUEUING_THRESHOLD 2ms} {DAGOR_ALPHA 0.05} {DAGOR_BETA 0.01} {DAGOR_ADMISSION_LEVEL_UPDATE_INTERVAL 10ms} {DAGOR_UMAX 20}]

Summary:
  Count:	113036
  Total:	14.87 s
  Slowest:	999.14 ms
  Fastest:	38.80 ms
  Average:	292.16 ms
  Requests/sec:	7602.14

Response time histogram:
  38.799  [1]     |
  134.833 [18614] |∎∎∎∎∎∎∎∎∎∎∎∎∎∎∎∎∎∎∎∎∎∎∎∎∎∎
  230.867 [14383] |∎∎∎∎∎∎∎∎∎∎∎∎∎∎∎∎∎∎∎∎
  326.902 [28800] |∎∎∎∎∎∎∎∎∎∎∎∎∎∎∎∎∎∎∎∎∎∎∎∎∎∎∎∎∎∎∎∎∎∎∎∎∎∎∎∎
  422.936 [13451] |∎∎∎∎∎∎∎∎∎∎∎∎∎∎∎∎∎∎∎
  518.971 [11161] |∎∎∎∎∎∎∎∎∎∎∎∎∎∎∎∎
  615.005 [8622]  |∎∎∎∎∎∎∎∎∎∎∎∎
  711.040 [5984]  |∎∎∎∎∎∎∎∎
  807.074 [1787]  |∎∎
  903.109 [520]   |∎
  999.143 [160]   |

Latency distribution:
  10 % in 42.50 ms 
  25 % in 192.23 ms 
  50 % in 292.06 ms 
  75 % in 446.14 ms 
  90 % in 592.62 ms 
  95 % in 658.19 ms 
  99 % in 777.88 ms 

Status code distribution:
  [OK]                  103483 responses   
  [ResourceExhausted]   8293 responses     
  [DeadlineExceeded]    8 responses        
  [Canceled]            1252 responses     

Error distribution:
  [8]      rpc error: code = DeadlineExceeded desc = context deadline exceeded                            
  [1252]   rpc error: code = Canceled desc = grpc: the client connection is closing                       
  [8293]   rpc error: code = ResourceExhausted desc = Server-side queuing delay is beyond AQM threshold   

Debug: Checking Namespace=default, Pod=ms-11070-7868c54f44-cztnj for Target File=deathstar_*.output
Namespace: default, Pod: ms-11070-7868c54f44-cztnj has the target files.
Copying deathstar_ms-11070.output to deathstar_ms-11070.output
tar: removing leading '/' from member names
Debug: Checking Namespace=default, Pod=ms-11285-67d597dc77-2h988 for Target File=deathstar_*.output
Namespace: default, Pod: ms-11285-67d597dc77-2h988 has the target files.
Copying deathstar_ms-11285.output to deathstar_ms-11285.output
tar: removing leading '/' from member names
Debug: Checking Namespace=default, Pod=ms-11512-75f8ddc45b-jg66b for Target File=deathstar_*.output
Namespace: default, Pod: ms-11512-75f8ddc45b-jg66b has the target files.
Copying deathstar_ms-11512.output to deathstar_ms-11512.output
tar: removing leading '/' from member names
Debug: Checking Namespace=default, Pod=ms-1278-85766ff6b8-nmv9l for Target File=deathstar_*.output
Namespace: default, Pod: ms-1278-85766ff6b8-nmv9l has the target files.
Copying deathstar_ms-1278.output to deathstar_ms-1278.output
tar: removing leading '/' from member names
Debug: Checking Namespace=default, Pod=ms-13873-85d7bb7b97-lzdrw for Target File=deathstar_*.output
Namespace: default, Pod: ms-13873-85d7bb7b97-lzdrw has the target files.
Copying deathstar_ms-13873.output to deathstar_ms-13873.output
tar: removing leading '/' from member names
Debug: Checking Namespace=default, Pod=ms-19953-68cc8998c5-t8j4b for Target File=deathstar_*.output
Namespace: default, Pod: ms-19953-68cc8998c5-t8j4b has the target files.
Copying deathstar_ms-19953.output to deathstar_ms-19953.output
tar: removing leading '/' from member names
Debug: Checking Namespace=default, Pod=ms-21883-f6c88c6d4-vkz8r for Target File=deathstar_*.output
Namespace: default, Pod: ms-21883-f6c88c6d4-vkz8r has the target files.
Copying deathstar_ms-21883.output to deathstar_ms-21883.output
tar: removing leading '/' from member names
Debug: Checking Namespace=default, Pod=ms-25124-77bd4446f5-sr9lx for Target File=deathstar_*.output
Namespace: default, Pod: ms-25124-77bd4446f5-sr9lx has the target files.
Copying deathstar_ms-25124.output to deathstar_ms-25124.output
tar: removing leading '/' from member names
Debug: Checking Namespace=default, Pod=ms-27421-8565974486-6hs8p for Target File=deathstar_*.output
Namespace: default, Pod: ms-27421-8565974486-6hs8p has the target files.
Copying deathstar_ms-27421.output to deathstar_ms-27421.output
tar: removing leading '/' from member names
Debug: Checking Namespace=default, Pod=ms-2827-5dcc6df4f4-z2mz7 for Target File=deathstar_*.output
Namespace: default, Pod: ms-2827-5dcc6df4f4-z2mz7 has the target files.
Copying deathstar_ms-2827.output to deathstar_ms-2827.output
tar: removing leading '/' from member names
Debug: Checking Namespace=default, Pod=ms-33719-6c455cf54c-xncl4 for Target File=deathstar_*.output
Namespace: default, Pod: ms-33719-6c455cf54c-xncl4 has the target files.
Copying deathstar_ms-33719.output to deathstar_ms-33719.output
tar: removing leading '/' from member names
Debug: Checking Namespace=default, Pod=ms-37691-b9bc44798-b9zg5 for Target File=deathstar_*.output
Namespace: default, Pod: ms-37691-b9bc44798-b9zg5 has the target files.
Copying deathstar_ms-37691.output to deathstar_ms-37691.output
tar: removing leading '/' from member names
Debug: Checking Namespace=default, Pod=ms-43309-54f758d465-l547h for Target File=deathstar_*.output
Namespace: default, Pod: ms-43309-54f758d465-l547h has the target files.
Copying deathstar_ms-43309.output to deathstar_ms-43309.output
tar: removing leading '/' from member names
Debug: Checking Namespace=default, Pod=ms-4354-669cfcbdf6-f9bsf for Target File=deathstar_*.output
Namespace: default, Pod: ms-4354-669cfcbdf6-f9bsf has the target files.
Copying deathstar_ms-4354.output to deathstar_ms-4354.output
tar: removing leading '/' from member names
Debug: Checking Namespace=default, Pod=ms-46825-58c684559d-svpjj for Target File=deathstar_*.output
Namespace: default, Pod: ms-46825-58c684559d-svpjj has the target files.
Copying deathstar_ms-46825.output to deathstar_ms-46825.output
tar: removing leading '/' from member names
Debug: Checking Namespace=default, Pod=ms-60236-64866cf49-c6lqw for Target File=deathstar_*.output
Namespace: default, Pod: ms-60236-64866cf49-c6lqw has the target files.
Copying deathstar_ms-60236.output to deathstar_ms-60236.output
tar: removing leading '/' from member names
Debug: Checking Namespace=default, Pod=ms-71771-567ddbdd95-nv8j7 for Target File=deathstar_*.output
Namespace: default, Pod: ms-71771-567ddbdd95-nv8j7 has the target files.
Copying deathstar_ms-71771.output to deathstar_ms-71771.output
tar: removing leading '/' from member names
Debug: Checking Namespace=default, Pod=ms-8052-b995968dc-tp4t4 for Target File=deathstar_*.output
Namespace: default, Pod: ms-8052-b995968dc-tp4t4 has the target files.
Copying deathstar_ms-8052.output to deathstar_ms-8052.output
tar: removing leading '/' from member names
Debug: Checking Namespace=default, Pod=ms-902-5744544f85-glwcc for Target File=deathstar_*.output
Namespace: default, Pod: ms-902-5744544f85-glwcc has the target files.
Copying deathstar_ms-902.output to deathstar_ms-902.output
tar: removing leading '/' from member names
Debug: Checking Namespace=default, Pod=nginx-web-server-56557f7cb7-vlkh4 for Target File=deathstar_*.output
Namespace: default, Pod: nginx-web-server-56557f7cb7-vlkh4 has the target files.
Copying deathstar_nginx-web-server.output to deathstar_nginx-web-server.output
tar: removing leading '/' from member names
