Deployments: ms-10090
ms-13558
ms-18330
ms-19585
ms-20172
ms-22893
ms-24009
ms-24959
ms-26622
ms-27421
ms-29373
ms-32301
ms-3289
ms-37691
ms-38964
ms-40147
ms-48118
ms-4829
ms-51685
ms-52379
ms-55394
ms-58436
ms-58772
ms-59962
ms-60061
ms-6323
ms-65741
ms-66473
ms-69188
ms-69614
ms-9081
nginx-web-server
unknown
deployment "ms-10090" successfully rolled out
deployment "ms-13558" successfully rolled out
deployment "ms-18330" successfully rolled out
deployment "ms-19585" successfully rolled out
deployment "ms-20172" successfully rolled out
deployment "ms-22893" successfully rolled out
deployment "ms-24009" successfully rolled out
deployment "ms-24959" successfully rolled out
deployment "ms-26622" successfully rolled out
deployment "ms-27421" successfully rolled out
deployment "ms-29373" successfully rolled out
deployment "ms-32301" successfully rolled out
deployment "ms-3289" successfully rolled out
deployment "ms-37691" successfully rolled out
deployment "ms-38964" successfully rolled out
deployment "ms-40147" successfully rolled out
deployment "ms-48118" successfully rolled out
deployment "ms-4829" successfully rolled out
deployment "ms-51685" successfully rolled out
deployment "ms-52379" successfully rolled out
deployment "ms-55394" successfully rolled out
deployment "ms-58436" successfully rolled out
deployment "ms-58772" successfully rolled out
deployment "ms-59962" successfully rolled out
deployment "ms-60061" successfully rolled out
deployment "ms-6323" successfully rolled out
deployment "ms-65741" successfully rolled out
deployment "ms-66473" successfully rolled out
deployment "ms-69188" successfully rolled out
deployment "ms-69614" successfully rolled out
deployment "ms-9081" successfully rolled out
deployment "nginx-web-server" successfully rolled out
deployment "unknown" successfully rolled out
ENTRY_POINT: nginx-web-server
SERVICE_A_URL: 10.103.245.172:50051
Capacity: 10000
Metadata: request-id={{.RequestNumber}}
Metadata: timestamp={{.TimestampUnix}}
Metadata: method=S_149998854
Charon Configurations:
[{INTERCEPT charon} {PRICE_UPDATE_RATE 17348us} {TOKEN_UPDATE_RATE 27723us} {LATENCY_THRESHOLD 4027us} {PRICE_STEP 85} {PRICE_STRATEGY proportional} {LAZY_UPDATE true} {RATE_LIMITING true} {LOAD_SHEDDING true} {CHARON_TRACK_PRICE false} {BREAKWATER_SLO 12500us} {BREAKWATER_A 0.001} {BREAKWATER_B 0.02} {BREAKWATER_CLIENT_EXPIRATION 10ms} {BREAKWATER_INITIAL_CREDIT 400} {BREAKWATER_LOAD_SHEDDING true} {BREAKWATER_RTT 1000us} {BREAKWATERD_SLO 12500us} {BREAKWATERD_A 0.001} {BREAKWATERD_B 0.02} {BREAKWATERD_CLIENT_EXPIRATION 10ms} {BREAKWATERD_INITIAL_CREDIT 400} {BREAKWATERD_LOAD_SHEDDING true} {BREAKWATERD_RTT 1000us} {DAGOR_QUEUING_THRESHOLD 2ms} {DAGOR_ALPHA 0.05} {DAGOR_BETA 0.01} {DAGOR_ADMISSION_LEVEL_UPDATE_INTERVAL 10ms} {DAGOR_UMAX 20}]

Summary:
  Count:	48437
  Total:	14.85 s
  Slowest:	964.14 ms
  Fastest:	110.95 ms
  Average:	121.15 ms
  Requests/sec:	3262.53

Response time histogram:
  110.952 [1]     |
  196.271 [39810] |∎∎∎∎∎∎∎∎∎∎∎∎∎∎∎∎∎∎∎∎∎∎∎∎∎∎∎∎∎∎∎∎∎∎∎∎∎∎∎∎
  281.590 [647]   |∎
  366.909 [1109]  |∎
  452.228 [304]   |
  537.547 [67]    |
  622.866 [6]     |
  708.185 [0]     |
  793.504 [0]     |
  878.822 [60]    |
  964.141 [53]    |

Latency distribution:
  10 % in 113.06 ms 
  25 % in 115.40 ms 
  50 % in 121.52 ms 
  75 % in 130.84 ms 
  90 % in 144.60 ms 
  95 % in 241.11 ms 
  99 % in 374.61 ms 

Status code distribution:
  [OK]                  42057 responses   
  [ResourceExhausted]   6210 responses    
  [Canceled]            170 responses     

Error distribution:
  [607]    rpc error: code = ResourceExhausted desc = S_149998854 req dropped by ms-55394. Try again later.           
  [623]    rpc error: code = ResourceExhausted desc = S_149998854 req dropped by ms-18330. Try again later.           
  [7]      rpc error: code = ResourceExhausted desc = S_149998854 req dropped by ms-6323. Try again later.            
  [5]      rpc error: code = ResourceExhausted desc = S_149998854 req dropped by ms-51685. Try again later.           
  [170]    rpc error: code = Canceled desc = grpc: the client connection is closing                                   
  [4263]   rpc error: code = ResourceExhausted desc = S_149998854 req dropped by nginx-web-server. Try again later.   
  [705]    rpc error: code = ResourceExhausted desc = S_149998854 req dropped by ms-66473. Try again later.           

Debug: Checking Namespace=default, Pod=ms-10090-6454f977fd-qbd6z for Target File=deathstar_*.output
Namespace: default, Pod: ms-10090-6454f977fd-qbd6z has the target files.
Copying deathstar_ms-10090.output to deathstar_ms-10090.output
tar: removing leading '/' from member names
Debug: Checking Namespace=default, Pod=ms-13558-b48bb5d9d-j4x28 for Target File=deathstar_*.output
Namespace: default, Pod: ms-13558-b48bb5d9d-j4x28 has the target files.
Copying deathstar_ms-13558.output to deathstar_ms-13558.output
tar: removing leading '/' from member names
Debug: Checking Namespace=default, Pod=ms-18330-759d9cf49c-99pc5 for Target File=deathstar_*.output
Namespace: default, Pod: ms-18330-759d9cf49c-99pc5 has the target files.
Copying deathstar_ms-18330.output to deathstar_ms-18330.output
tar: removing leading '/' from member names
Debug: Checking Namespace=default, Pod=ms-19585-6f995cfcbf-49w8z for Target File=deathstar_*.output
Namespace: default, Pod: ms-19585-6f995cfcbf-49w8z has the target files.
Copying deathstar_ms-19585.output to deathstar_ms-19585.output
tar: removing leading '/' from member names
Debug: Checking Namespace=default, Pod=ms-20172-59d5485464-s8jxk for Target File=deathstar_*.output
Namespace: default, Pod: ms-20172-59d5485464-s8jxk has the target files.
Copying deathstar_ms-20172.output to deathstar_ms-20172.output
tar: removing leading '/' from member names
Debug: Checking Namespace=default, Pod=ms-22893-576fd5f9f6-6hfjc for Target File=deathstar_*.output
Namespace: default, Pod: ms-22893-576fd5f9f6-6hfjc has the target files.
Copying deathstar_ms-22893.output to deathstar_ms-22893.output
tar: removing leading '/' from member names
Debug: Checking Namespace=default, Pod=ms-24009-67dbf5b976-w6wtn for Target File=deathstar_*.output
Namespace: default, Pod: ms-24009-67dbf5b976-w6wtn has the target files.
Copying deathstar_ms-24009.output to deathstar_ms-24009.output
tar: removing leading '/' from member names
Debug: Checking Namespace=default, Pod=ms-24959-99f8bbf9-j8p29 for Target File=deathstar_*.output
Namespace: default, Pod: ms-24959-99f8bbf9-j8p29 has the target files.
Copying deathstar_ms-24959.output to deathstar_ms-24959.output
tar: removing leading '/' from member names
Debug: Checking Namespace=default, Pod=ms-26622-66fdf7d64f-5jksb for Target File=deathstar_*.output
Namespace: default, Pod: ms-26622-66fdf7d64f-5jksb has the target files.
Copying deathstar_ms-26622.output to deathstar_ms-26622.output
tar: removing leading '/' from member names
Debug: Checking Namespace=default, Pod=ms-27421-64f549855c-gxvql for Target File=deathstar_*.output
Namespace: default, Pod: ms-27421-64f549855c-gxvql has the target files.
Copying deathstar_ms-27421.output to deathstar_ms-27421.output
tar: removing leading '/' from member names
Debug: Checking Namespace=default, Pod=ms-29373-8467f7db44-6s7gm for Target File=deathstar_*.output
Namespace: default, Pod: ms-29373-8467f7db44-6s7gm has the target files.
Copying deathstar_ms-29373.output to deathstar_ms-29373.output
tar: removing leading '/' from member names
Debug: Checking Namespace=default, Pod=ms-32301-c5654bbc5-sw2wk for Target File=deathstar_*.output
Namespace: default, Pod: ms-32301-c5654bbc5-sw2wk has the target files.
Copying deathstar_ms-32301.output to deathstar_ms-32301.output
tar: removing leading '/' from member names
Debug: Checking Namespace=default, Pod=ms-3289-587dbd96bf-258vt for Target File=deathstar_*.output
Namespace: default, Pod: ms-3289-587dbd96bf-258vt has the target files.
Copying deathstar_ms-3289.output to deathstar_ms-3289.output
tar: removing leading '/' from member names
Debug: Checking Namespace=default, Pod=ms-37691-6dc6cd6744-w7cbb for Target File=deathstar_*.output
Namespace: default, Pod: ms-37691-6dc6cd6744-w7cbb has the target files.
Copying deathstar_ms-37691.output to deathstar_ms-37691.output
tar: removing leading '/' from member names
Debug: Checking Namespace=default, Pod=ms-38964-5b647cdbd-bdxz6 for Target File=deathstar_*.output
Namespace: default, Pod: ms-38964-5b647cdbd-bdxz6 has the target files.
Copying deathstar_ms-38964.output to deathstar_ms-38964.output
tar: removing leading '/' from member names
Debug: Checking Namespace=default, Pod=ms-40147-cd867585-tv84k for Target File=deathstar_*.output
Namespace: default, Pod: ms-40147-cd867585-tv84k has the target files.
Copying deathstar_ms-40147.output to deathstar_ms-40147.output
tar: removing leading '/' from member names
Debug: Checking Namespace=default, Pod=ms-48118-ff7b99cc9-8d8s6 for Target File=deathstar_*.output
Namespace: default, Pod: ms-48118-ff7b99cc9-8d8s6 has the target files.
Copying deathstar_ms-48118.output to deathstar_ms-48118.output
tar: removing leading '/' from member names
Debug: Checking Namespace=default, Pod=ms-4829-669557b66c-d6bdm for Target File=deathstar_*.output
Namespace: default, Pod: ms-4829-669557b66c-d6bdm has the target files.
Copying deathstar_ms-4829.output to deathstar_ms-4829.output
tar: removing leading '/' from member names
Debug: Checking Namespace=default, Pod=ms-51685-79858c784f-rljp4 for Target File=deathstar_*.output
Namespace: default, Pod: ms-51685-79858c784f-rljp4 has the target files.
Copying deathstar_ms-51685.output to deathstar_ms-51685.output
tar: removing leading '/' from member names
Debug: Checking Namespace=default, Pod=ms-52379-57c6cdd54b-9wgwc for Target File=deathstar_*.output
Namespace: default, Pod: ms-52379-57c6cdd54b-9wgwc has the target files.
Copying deathstar_ms-52379.output to deathstar_ms-52379.output
tar: removing leading '/' from member names
Debug: Checking Namespace=default, Pod=ms-55394-6f999f5df9-qnkbz for Target File=deathstar_*.output
Namespace: default, Pod: ms-55394-6f999f5df9-qnkbz has the target files.
Copying deathstar_ms-55394.output to deathstar_ms-55394.output
tar: removing leading '/' from member names
Debug: Checking Namespace=default, Pod=ms-58436-59dd96f659-8phs4 for Target File=deathstar_*.output
Namespace: default, Pod: ms-58436-59dd96f659-8phs4 has the target files.
Copying deathstar_ms-58436.output to deathstar_ms-58436.output
tar: removing leading '/' from member names
Debug: Checking Namespace=default, Pod=ms-58772-68ff78c966-6484t for Target File=deathstar_*.output
Namespace: default, Pod: ms-58772-68ff78c966-6484t has the target files.
Copying deathstar_ms-58772.output to deathstar_ms-58772.output
tar: removing leading '/' from member names
Debug: Checking Namespace=default, Pod=ms-59962-756b895b58-xfjq9 for Target File=deathstar_*.output
Namespace: default, Pod: ms-59962-756b895b58-xfjq9 has the target files.
Copying deathstar_ms-59962.output to deathstar_ms-59962.output
tar: removing leading '/' from member names
Debug: Checking Namespace=default, Pod=ms-60061-68bd84bdcd-97hw5 for Target File=deathstar_*.output
Namespace: default, Pod: ms-60061-68bd84bdcd-97hw5 has the target files.
Copying deathstar_ms-60061.output to deathstar_ms-60061.output
tar: removing leading '/' from member names
Debug: Checking Namespace=default, Pod=ms-6323-974659fcd-kpd4r for Target File=deathstar_*.output
Namespace: default, Pod: ms-6323-974659fcd-kpd4r has the target files.
Copying deathstar_ms-6323.output to deathstar_ms-6323.output
tar: removing leading '/' from member names
Debug: Checking Namespace=default, Pod=ms-65741-65f588bcdf-nqbsr for Target File=deathstar_*.output
Namespace: default, Pod: ms-65741-65f588bcdf-nqbsr has the target files.
Copying deathstar_ms-65741.output to deathstar_ms-65741.output
tar: removing leading '/' from member names
Debug: Checking Namespace=default, Pod=ms-66473-79c66f8bff-t2665 for Target File=deathstar_*.output
Namespace: default, Pod: ms-66473-79c66f8bff-t2665 has the target files.
Copying deathstar_ms-66473.output to deathstar_ms-66473.output
tar: removing leading '/' from member names
Debug: Checking Namespace=default, Pod=ms-69188-65c548d4cb-rf8hq for Target File=deathstar_*.output
Namespace: default, Pod: ms-69188-65c548d4cb-rf8hq has the target files.
Copying deathstar_ms-69188.output to deathstar_ms-69188.output
tar: removing leading '/' from member names
Debug: Checking Namespace=default, Pod=ms-69614-794bd8475-4g4cj for Target File=deathstar_*.output
Namespace: default, Pod: ms-69614-794bd8475-4g4cj has the target files.
Copying deathstar_ms-69614.output to deathstar_ms-69614.output
tar: removing leading '/' from member names
Debug: Checking Namespace=default, Pod=ms-9081-567985788-pp4h4 for Target File=deathstar_*.output
Namespace: default, Pod: ms-9081-567985788-pp4h4 has the target files.
Copying deathstar_ms-9081.output to deathstar_ms-9081.output
tar: removing leading '/' from member names
Debug: Checking Namespace=default, Pod=nginx-web-server-56557f7cb7-d8gvj for Target File=deathstar_*.output
Namespace: default, Pod: nginx-web-server-56557f7cb7-d8gvj has the target files.
Copying deathstar_nginx-web-server.output to deathstar_nginx-web-server.output
tar: removing leading '/' from member names
Debug: Checking Namespace=default, Pod=unknown-6ddf9bd4b5-rfmqn for Target File=deathstar_*.output
Namespace: default, Pod: unknown-6ddf9bd4b5-rfmqn has the target files.
Copying deathstar_unknown.output to deathstar_unknown.output
tar: removing leading '/' from member names
