Deployments: ms-10090
ms-13558
ms-18330
ms-19585
ms-20172
ms-22893
ms-24009
ms-24959
ms-26622
ms-27421
ms-29373
ms-32301
ms-3289
ms-37691
ms-38964
ms-40147
ms-48118
ms-4829
ms-51685
ms-52379
ms-55394
ms-58436
ms-58772
ms-59962
ms-60061
ms-6323
ms-65741
ms-66473
ms-69188
ms-69614
ms-9081
nginx-web-server
unknown
deployment "ms-10090" successfully rolled out
deployment "ms-13558" successfully rolled out
deployment "ms-18330" successfully rolled out
deployment "ms-19585" successfully rolled out
deployment "ms-20172" successfully rolled out
deployment "ms-22893" successfully rolled out
deployment "ms-24009" successfully rolled out
deployment "ms-24959" successfully rolled out
deployment "ms-26622" successfully rolled out
deployment "ms-27421" successfully rolled out
deployment "ms-29373" successfully rolled out
deployment "ms-32301" successfully rolled out
deployment "ms-3289" successfully rolled out
deployment "ms-37691" successfully rolled out
deployment "ms-38964" successfully rolled out
deployment "ms-40147" successfully rolled out
deployment "ms-48118" successfully rolled out
deployment "ms-4829" successfully rolled out
deployment "ms-51685" successfully rolled out
deployment "ms-52379" successfully rolled out
deployment "ms-55394" successfully rolled out
deployment "ms-58436" successfully rolled out
deployment "ms-58772" successfully rolled out
deployment "ms-59962" successfully rolled out
deployment "ms-60061" successfully rolled out
deployment "ms-6323" successfully rolled out
deployment "ms-65741" successfully rolled out
deployment "ms-66473" successfully rolled out
deployment "ms-69188" successfully rolled out
deployment "ms-69614" successfully rolled out
deployment "ms-9081" successfully rolled out
deployment "nginx-web-server" successfully rolled out
deployment "unknown" successfully rolled out
ENTRY_POINT: nginx-web-server
SERVICE_A_URL: 10.111.238.243:50051
Capacity: 15000
Metadata: request-id={{.RequestNumber}}
Metadata: timestamp={{.TimestampUnix}}
Metadata: method=S_149998854
Charon Configurations:
[{INTERCEPT breakwaterd} {PRICE_UPDATE_RATE 10ms} {TOKEN_UPDATE_RATE 10ms} {LATENCY_THRESHOLD 100us} {PRICE_STEP 0} {PRICE_STRATEGY step} {LAZY_UPDATE false} {RATE_LIMITING true} {LOAD_SHEDDING true} {CHARON_TRACK_PRICE false} {BREAKWATER_SLO 26072us} {BREAKWATER_A 1.7410064597889685} {BREAKWATER_B 1.0434288465238961} {BREAKWATER_CLIENT_EXPIRATION 3882us} {BREAKWATER_INITIAL_CREDIT 123} {BREAKWATER_LOAD_SHEDDING true} {BREAKWATER_RTT 14893us} {BREAKWATERD_SLO 36311us} {BREAKWATERD_A 5.984254797986397} {BREAKWATERD_B 9.103968262162901} {BREAKWATERD_CLIENT_EXPIRATION 15740us} {BREAKWATERD_INITIAL_CREDIT 2475} {BREAKWATERD_LOAD_SHEDDING true} {BREAKWATERD_RTT 4788us} {DAGOR_QUEUING_THRESHOLD 2ms} {DAGOR_ALPHA 0.05} {DAGOR_BETA 0.01} {DAGOR_ADMISSION_LEVEL_UPDATE_INTERVAL 10ms} {DAGOR_UMAX 20}]

Summary:
  Count:	83788
  Total:	25.00 s
  Slowest:	887.20 ms
  Fastest:	111.11 ms
  Average:	182.19 ms
  Requests/sec:	3351.41

Response time histogram:
  111.110 [1]     |
  188.719 [18042] |∎∎∎∎∎∎∎∎∎∎∎∎∎∎∎∎∎∎∎∎∎∎∎∎∎∎∎∎∎∎∎∎∎∎∎∎∎∎∎∎
  266.329 [14361] |∎∎∎∎∎∎∎∎∎∎∎∎∎∎∎∎∎∎∎∎∎∎∎∎∎∎∎∎∎∎∎∎
  343.938 [4860]  |∎∎∎∎∎∎∎∎∎∎∎
  421.547 [1843]  |∎∎∎∎
  499.157 [583]   |∎
  576.766 [1203]  |∎∎∎
  654.376 [1102]  |∎∎
  731.985 [678]   |∎∎
  809.595 [149]   |
  887.204 [90]    |

Latency distribution:
  10 % in 115.47 ms 
  25 % in 140.59 ms 
  50 % in 206.93 ms 
  75 % in 264.55 ms 
  90 % in 395.99 ms 
  95 % in 571.17 ms 
  99 % in 699.80 ms 

Status code distribution:
  [ResourceExhausted]   40294 responses   
  [Canceled]            582 responses     
  [OK]                  42912 responses   

Error distribution:
  [138]     rpc error: code = ResourceExhausted desc = Client id 42e99020-b644-4e38-9206-41d0aa8548a2 request expired in queue.   
  [14062]   rpc error: code = ResourceExhausted desc = Client id a75f0d96-f7d3-4757-8f82-408c79704b9a request expired in queue.   
  [42]      rpc error: code = ResourceExhausted desc = Client id 436d713d-2d1b-4284-b320-72657c06d0c8 request expired in queue.   
  [674]     rpc error: code = ResourceExhausted desc = Client id 5641d000-1427-4838-a64f-fd51b3db1381 request expired in queue.   
  [105]     rpc error: code = ResourceExhausted desc = Client id 95155a49-a352-4e4a-b42e-318bb128d487 request expired in queue.   
  [180]     rpc error: code = ResourceExhausted desc = Client id b75314c0-5769-4505-9c5a-3fb1a6683c5c request expired in queue.   
  [582]     rpc error: code = Canceled desc = grpc: the client connection is closing                                              
  [8402]    rpc error: code = ResourceExhausted desc = Client id 82b57af9-7889-42ae-824e-0316f4b7b142 request expired in queue.   
  [51]      rpc error: code = ResourceExhausted desc = Client id 397910be-c99b-494b-93ac-6c90f0d01c82 request expired in queue.   
  [106]     rpc error: code = ResourceExhausted desc = Client id 94183b10-40bd-4814-b71a-85170ceb3f91 request expired in queue.   
  [303]     rpc error: code = ResourceExhausted desc = Client id f9cc9852-9c3b-48b2-bd7f-7502f41e0e4c request expired in queue.   
  [9068]    rpc error: code = ResourceExhausted desc = Client id d86d40a4-f914-4564-b767-415df17dfb9c request expired in queue.   
  [6605]    rpc error: code = ResourceExhausted desc = Server-side queuing delay is beyond AQM threshold                          
  [84]      rpc error: code = ResourceExhausted desc = Client id 4eaaa7d2-ce4d-413e-b71d-bc114312cf38 request expired in queue.   
  [451]     rpc error: code = ResourceExhausted desc = Client id fc175cbd-aa48-4d57-9f61-f9efddb20e53 request expired in queue.   
  [23]      rpc error: code = ResourceExhausted desc = Client id 15afa223-3310-4803-a37a-b1a44b685d83 request expired in queue.   

Debug: Checking Namespace=default, Pod=ms-10090-6454f977fd-7dnpd for Target File=deathstar_*.output
Namespace: default, Pod: ms-10090-6454f977fd-7dnpd has the target files.
Copying deathstar_ms-10090.output to deathstar_ms-10090.output
tar: removing leading '/' from member names
Debug: Checking Namespace=default, Pod=ms-13558-b48bb5d9d-b58x6 for Target File=deathstar_*.output
Namespace: default, Pod: ms-13558-b48bb5d9d-b58x6 has the target files.
Copying deathstar_ms-13558.output to deathstar_ms-13558.output
tar: removing leading '/' from member names
Debug: Checking Namespace=default, Pod=ms-18330-759d9cf49c-69pvl for Target File=deathstar_*.output
Namespace: default, Pod: ms-18330-759d9cf49c-69pvl has the target files.
Copying deathstar_ms-18330.output to deathstar_ms-18330.output
tar: removing leading '/' from member names
Debug: Checking Namespace=default, Pod=ms-19585-6f995cfcbf-7t6qk for Target File=deathstar_*.output
Namespace: default, Pod: ms-19585-6f995cfcbf-7t6qk has the target files.
Copying deathstar_ms-19585.output to deathstar_ms-19585.output
tar: removing leading '/' from member names
Debug: Checking Namespace=default, Pod=ms-20172-59d5485464-scrgn for Target File=deathstar_*.output
Namespace: default, Pod: ms-20172-59d5485464-scrgn has the target files.
Copying deathstar_ms-20172.output to deathstar_ms-20172.output
tar: removing leading '/' from member names
Debug: Checking Namespace=default, Pod=ms-22893-576fd5f9f6-kf5bb for Target File=deathstar_*.output
Namespace: default, Pod: ms-22893-576fd5f9f6-kf5bb has the target files.
Copying deathstar_ms-22893.output to deathstar_ms-22893.output
tar: removing leading '/' from member names
Debug: Checking Namespace=default, Pod=ms-24009-67dbf5b976-w7gnk for Target File=deathstar_*.output
Namespace: default, Pod: ms-24009-67dbf5b976-w7gnk has the target files.
Copying deathstar_ms-24009.output to deathstar_ms-24009.output
tar: removing leading '/' from member names
Debug: Checking Namespace=default, Pod=ms-24959-99f8bbf9-k7742 for Target File=deathstar_*.output
Namespace: default, Pod: ms-24959-99f8bbf9-k7742 has the target files.
Copying deathstar_ms-24959.output to deathstar_ms-24959.output
tar: removing leading '/' from member names
Debug: Checking Namespace=default, Pod=ms-26622-66fdf7d64f-7zqmr for Target File=deathstar_*.output
Namespace: default, Pod: ms-26622-66fdf7d64f-7zqmr has the target files.
Copying deathstar_ms-26622.output to deathstar_ms-26622.output
tar: removing leading '/' from member names
Debug: Checking Namespace=default, Pod=ms-27421-64f549855c-wjfnn for Target File=deathstar_*.output
Namespace: default, Pod: ms-27421-64f549855c-wjfnn has the target files.
Copying deathstar_ms-27421.output to deathstar_ms-27421.output
tar: removing leading '/' from member names
Debug: Checking Namespace=default, Pod=ms-29373-8467f7db44-nlrj9 for Target File=deathstar_*.output
Namespace: default, Pod: ms-29373-8467f7db44-nlrj9 has the target files.
Copying deathstar_ms-29373.output to deathstar_ms-29373.output
tar: removing leading '/' from member names
Debug: Checking Namespace=default, Pod=ms-32301-c5654bbc5-n7bhq for Target File=deathstar_*.output
Namespace: default, Pod: ms-32301-c5654bbc5-n7bhq has the target files.
Copying deathstar_ms-32301.output to deathstar_ms-32301.output
tar: removing leading '/' from member names
Debug: Checking Namespace=default, Pod=ms-3289-587dbd96bf-bxvqm for Target File=deathstar_*.output
Namespace: default, Pod: ms-3289-587dbd96bf-bxvqm has the target files.
Copying deathstar_ms-3289.output to deathstar_ms-3289.output
tar: removing leading '/' from member names
Debug: Checking Namespace=default, Pod=ms-37691-6dc6cd6744-dnr4s for Target File=deathstar_*.output
Namespace: default, Pod: ms-37691-6dc6cd6744-dnr4s has the target files.
Copying deathstar_ms-37691.output to deathstar_ms-37691.output
tar: removing leading '/' from member names
Debug: Checking Namespace=default, Pod=ms-38964-5b647cdbd-tt2rn for Target File=deathstar_*.output
Namespace: default, Pod: ms-38964-5b647cdbd-tt2rn has the target files.
Copying deathstar_ms-38964.output to deathstar_ms-38964.output
tar: removing leading '/' from member names
Debug: Checking Namespace=default, Pod=ms-40147-cd867585-pwvsj for Target File=deathstar_*.output
Namespace: default, Pod: ms-40147-cd867585-pwvsj has the target files.
Copying deathstar_ms-40147.output to deathstar_ms-40147.output
tar: removing leading '/' from member names
Debug: Checking Namespace=default, Pod=ms-48118-ff7b99cc9-qsgj9 for Target File=deathstar_*.output
Namespace: default, Pod: ms-48118-ff7b99cc9-qsgj9 has the target files.
Copying deathstar_ms-48118.output to deathstar_ms-48118.output
tar: removing leading '/' from member names
Debug: Checking Namespace=default, Pod=ms-4829-669557b66c-8bt22 for Target File=deathstar_*.output
Namespace: default, Pod: ms-4829-669557b66c-8bt22 has the target files.
Copying deathstar_ms-4829.output to deathstar_ms-4829.output
tar: removing leading '/' from member names
Debug: Checking Namespace=default, Pod=ms-51685-79858c784f-7n45s for Target File=deathstar_*.output
Namespace: default, Pod: ms-51685-79858c784f-7n45s has the target files.
Copying deathstar_ms-51685.output to deathstar_ms-51685.output
tar: removing leading '/' from member names
Debug: Checking Namespace=default, Pod=ms-52379-57c6cdd54b-jcrr5 for Target File=deathstar_*.output
Namespace: default, Pod: ms-52379-57c6cdd54b-jcrr5 has the target files.
Copying deathstar_ms-52379.output to deathstar_ms-52379.output
tar: removing leading '/' from member names
Debug: Checking Namespace=default, Pod=ms-55394-6f999f5df9-k7lgc for Target File=deathstar_*.output
Namespace: default, Pod: ms-55394-6f999f5df9-k7lgc has the target files.
Copying deathstar_ms-55394.output to deathstar_ms-55394.output
tar: removing leading '/' from member names
Debug: Checking Namespace=default, Pod=ms-58436-59dd96f659-ppnxb for Target File=deathstar_*.output
Namespace: default, Pod: ms-58436-59dd96f659-ppnxb has the target files.
Copying deathstar_ms-58436.output to deathstar_ms-58436.output
tar: removing leading '/' from member names
Debug: Checking Namespace=default, Pod=ms-58772-68ff78c966-rvb4d for Target File=deathstar_*.output
Namespace: default, Pod: ms-58772-68ff78c966-rvb4d has the target files.
Copying deathstar_ms-58772.output to deathstar_ms-58772.output
tar: removing leading '/' from member names
Debug: Checking Namespace=default, Pod=ms-59962-756b895b58-4rk55 for Target File=deathstar_*.output
Namespace: default, Pod: ms-59962-756b895b58-4rk55 has the target files.
Copying deathstar_ms-59962.output to deathstar_ms-59962.output
tar: removing leading '/' from member names
Debug: Checking Namespace=default, Pod=ms-60061-68bd84bdcd-rw9jv for Target File=deathstar_*.output
Namespace: default, Pod: ms-60061-68bd84bdcd-rw9jv has the target files.
Copying deathstar_ms-60061.output to deathstar_ms-60061.output
tar: removing leading '/' from member names
Debug: Checking Namespace=default, Pod=ms-6323-974659fcd-4sc56 for Target File=deathstar_*.output
Namespace: default, Pod: ms-6323-974659fcd-4sc56 has the target files.
Copying deathstar_ms-6323.output to deathstar_ms-6323.output
tar: removing leading '/' from member names
Debug: Checking Namespace=default, Pod=ms-65741-65f588bcdf-smpk8 for Target File=deathstar_*.output
Namespace: default, Pod: ms-65741-65f588bcdf-smpk8 has the target files.
Copying deathstar_ms-65741.output to deathstar_ms-65741.output
tar: removing leading '/' from member names
Debug: Checking Namespace=default, Pod=ms-66473-79c66f8bff-hpq6d for Target File=deathstar_*.output
Namespace: default, Pod: ms-66473-79c66f8bff-hpq6d has the target files.
Copying deathstar_ms-66473.output to deathstar_ms-66473.output
tar: removing leading '/' from member names
Debug: Checking Namespace=default, Pod=ms-69188-65c548d4cb-g65b8 for Target File=deathstar_*.output
Namespace: default, Pod: ms-69188-65c548d4cb-g65b8 has the target files.
Copying deathstar_ms-69188.output to deathstar_ms-69188.output
tar: removing leading '/' from member names
Debug: Checking Namespace=default, Pod=ms-69614-794bd8475-627qk for Target File=deathstar_*.output
Namespace: default, Pod: ms-69614-794bd8475-627qk has the target files.
Copying deathstar_ms-69614.output to deathstar_ms-69614.output
tar: removing leading '/' from member names
Debug: Checking Namespace=default, Pod=ms-9081-567985788-bws5d for Target File=deathstar_*.output
Namespace: default, Pod: ms-9081-567985788-bws5d has the target files.
Copying deathstar_ms-9081.output to deathstar_ms-9081.output
tar: removing leading '/' from member names
Debug: Checking Namespace=default, Pod=nginx-web-server-56557f7cb7-5dmds for Target File=deathstar_*.output
Namespace: default, Pod: nginx-web-server-56557f7cb7-5dmds has the target files.
Copying deathstar_nginx-web-server.output to deathstar_nginx-web-server.output
tar: removing leading '/' from member names
Debug: Checking Namespace=default, Pod=unknown-6ddf9bd4b5-tpmdx for Target File=deathstar_*.output
Namespace: default, Pod: unknown-6ddf9bd4b5-tpmdx has the target files.
Copying deathstar_unknown.output to deathstar_unknown.output
tar: removing leading '/' from member names
