Deployments: ms-11070
ms-11285
ms-11512
ms-1278
ms-13873
ms-19953
ms-21883
ms-25124
ms-27421
ms-2827
ms-33719
ms-37691
ms-43309
ms-4354
ms-46825
ms-60236
ms-71771
ms-8052
ms-902
nginx-web-server
deployment "ms-11070" successfully rolled out
deployment "ms-11285" successfully rolled out
deployment "ms-11512" successfully rolled out
deployment "ms-1278" successfully rolled out
deployment "ms-13873" successfully rolled out
deployment "ms-19953" successfully rolled out
deployment "ms-21883" successfully rolled out
deployment "ms-25124" successfully rolled out
deployment "ms-27421" successfully rolled out
deployment "ms-2827" successfully rolled out
deployment "ms-33719" successfully rolled out
deployment "ms-37691" successfully rolled out
deployment "ms-43309" successfully rolled out
deployment "ms-4354" successfully rolled out
deployment "ms-46825" successfully rolled out
deployment "ms-60236" successfully rolled out
deployment "ms-71771" successfully rolled out
deployment "ms-8052" successfully rolled out
deployment "ms-902" successfully rolled out
deployment "nginx-web-server" successfully rolled out
ENTRY_POINT: nginx-web-server
SERVICE_A_URL: 10.96.202.163:50051
Capacity: 10000
Metadata: timestamp={{.TimestampUnix}}
Metadata: method=S_102000854
Metadata: request-id={{.RequestNumber}}
Charon Configurations:
[{INTERCEPT charon} {PRICE_UPDATE_RATE 5024us} {TOKEN_UPDATE_RATE 2773us} {LATENCY_THRESHOLD 3982us} {PRICE_STEP 10} {PRICE_STRATEGY proportional} {LAZY_UPDATE true} {RATE_LIMITING true} {LOAD_SHEDDING true} {CHARON_TRACK_PRICE false} {BREAKWATER_SLO 12500us} {BREAKWATER_A 0.001} {BREAKWATER_B 0.02} {BREAKWATER_CLIENT_EXPIRATION 10ms} {BREAKWATER_INITIAL_CREDIT 400} {BREAKWATER_LOAD_SHEDDING true} {BREAKWATER_RTT 1000us} {BREAKWATERD_SLO 12500us} {BREAKWATERD_A 0.001} {BREAKWATERD_B 0.02} {BREAKWATERD_CLIENT_EXPIRATION 10ms} {BREAKWATERD_INITIAL_CREDIT 400} {BREAKWATERD_LOAD_SHEDDING true} {BREAKWATERD_RTT 1000us} {DAGOR_QUEUING_THRESHOLD 2ms} {DAGOR_ALPHA 0.05} {DAGOR_BETA 0.01} {DAGOR_ADMISSION_LEVEL_UPDATE_INTERVAL 10ms} {DAGOR_UMAX 20}]

Summary:
  Count:	103020
  Total:	14.80 s
  Slowest:	1.02 s
  Fastest:	38.91 ms
  Average:	303.44 ms
  Requests/sec:	6960.76

Response time histogram:
  38.906   [1]     |
  137.190  [45595] |∎∎∎∎∎∎∎∎∎∎∎∎∎∎∎∎∎∎∎∎∎∎∎∎∎∎∎∎∎∎∎∎∎∎∎∎∎∎∎∎
  235.474  [7543]  |∎∎∎∎∎∎∎
  333.759  [4192]  |∎∎∎∎
  432.043  [7159]  |∎∎∎∎∎∎
  530.328  [6967]  |∎∎∎∎∎∎
  628.612  [9006]  |∎∎∎∎∎∎∎∎
  726.897  [8887]  |∎∎∎∎∎∎∎∎
  825.181  [5120]  |∎∎∎∎
  923.465  [2431]  |∎∎
  1021.750 [818]   |∎

Latency distribution:
  10 % in 41.98 ms 
  25 % in 89.53 ms 
  50 % in 152.05 ms 
  75 % in 551.39 ms 
  90 % in 709.77 ms 
  95 % in 785.00 ms 
  99 % in 912.88 ms 

Status code distribution:
  [OK]                  97719 responses   
  [ResourceExhausted]   4101 responses    
  [DeadlineExceeded]    700 responses     
  [Canceled]            500 responses     

Error distribution:
  [3025]   rpc error: code = ResourceExhausted desc = S_102000854 req dropped by nginx-web-server. Try again later.   
  [246]    rpc error: code = ResourceExhausted desc = S_102000854 req dropped by ms-25124. Try again later.           
  [596]    rpc error: code = ResourceExhausted desc = S_102000854 req dropped by ms-13873. Try again later.           
  [234]    rpc error: code = ResourceExhausted desc = S_102000854 req dropped by ms-60236. Try again later.           
  [700]    rpc error: code = DeadlineExceeded desc = context deadline exceeded                                        
  [500]    rpc error: code = Canceled desc = grpc: the client connection is closing                                   

Debug: Checking Namespace=default, Pod=ms-11070-7868c54f44-h7x45 for Target File=deathstar_*.output
Namespace: default, Pod: ms-11070-7868c54f44-h7x45 has the target files.
Copying deathstar_ms-11070.output to deathstar_ms-11070.output
tar: removing leading '/' from member names
Debug: Checking Namespace=default, Pod=ms-11285-67d597dc77-vgbbg for Target File=deathstar_*.output
Namespace: default, Pod: ms-11285-67d597dc77-vgbbg has the target files.
Copying deathstar_ms-11285.output to deathstar_ms-11285.output
tar: removing leading '/' from member names
Debug: Checking Namespace=default, Pod=ms-11512-75f8ddc45b-4f4hw for Target File=deathstar_*.output
Namespace: default, Pod: ms-11512-75f8ddc45b-4f4hw has the target files.
Copying deathstar_ms-11512.output to deathstar_ms-11512.output
tar: removing leading '/' from member names
Debug: Checking Namespace=default, Pod=ms-1278-85766ff6b8-gmg6j for Target File=deathstar_*.output
Namespace: default, Pod: ms-1278-85766ff6b8-gmg6j has the target files.
Copying deathstar_ms-1278.output to deathstar_ms-1278.output
tar: removing leading '/' from member names
Debug: Checking Namespace=default, Pod=ms-13873-85d7bb7b97-tthjc for Target File=deathstar_*.output
Namespace: default, Pod: ms-13873-85d7bb7b97-tthjc has the target files.
Copying deathstar_ms-13873.output to deathstar_ms-13873.output
tar: removing leading '/' from member names
Debug: Checking Namespace=default, Pod=ms-19953-68cc8998c5-g84p7 for Target File=deathstar_*.output
Namespace: default, Pod: ms-19953-68cc8998c5-g84p7 has the target files.
Copying deathstar_ms-19953.output to deathstar_ms-19953.output
tar: removing leading '/' from member names
Debug: Checking Namespace=default, Pod=ms-21883-f6c88c6d4-8qxpl for Target File=deathstar_*.output
Namespace: default, Pod: ms-21883-f6c88c6d4-8qxpl has the target files.
Copying deathstar_ms-21883.output to deathstar_ms-21883.output
tar: removing leading '/' from member names
Debug: Checking Namespace=default, Pod=ms-25124-77bd4446f5-rvqng for Target File=deathstar_*.output
Namespace: default, Pod: ms-25124-77bd4446f5-rvqng has the target files.
Copying deathstar_ms-25124.output to deathstar_ms-25124.output
tar: removing leading '/' from member names
Debug: Checking Namespace=default, Pod=ms-27421-8565974486-cq76s for Target File=deathstar_*.output
Namespace: default, Pod: ms-27421-8565974486-cq76s has the target files.
Copying deathstar_ms-27421.output to deathstar_ms-27421.output
tar: removing leading '/' from member names
Debug: Checking Namespace=default, Pod=ms-2827-5dcc6df4f4-8gvhb for Target File=deathstar_*.output
Namespace: default, Pod: ms-2827-5dcc6df4f4-8gvhb has the target files.
Copying deathstar_ms-2827.output to deathstar_ms-2827.output
tar: removing leading '/' from member names
Debug: Checking Namespace=default, Pod=ms-33719-6c455cf54c-cb6qg for Target File=deathstar_*.output
Namespace: default, Pod: ms-33719-6c455cf54c-cb6qg has the target files.
Copying deathstar_ms-33719.output to deathstar_ms-33719.output
tar: removing leading '/' from member names
Debug: Checking Namespace=default, Pod=ms-37691-b9bc44798-gdsjq for Target File=deathstar_*.output
Namespace: default, Pod: ms-37691-b9bc44798-gdsjq has the target files.
Copying deathstar_ms-37691.output to deathstar_ms-37691.output
tar: removing leading '/' from member names
Debug: Checking Namespace=default, Pod=ms-43309-54f758d465-79dqb for Target File=deathstar_*.output
Namespace: default, Pod: ms-43309-54f758d465-79dqb has the target files.
Copying deathstar_ms-43309.output to deathstar_ms-43309.output
tar: removing leading '/' from member names
Debug: Checking Namespace=default, Pod=ms-4354-669cfcbdf6-2jjbs for Target File=deathstar_*.output
Namespace: default, Pod: ms-4354-669cfcbdf6-2jjbs has the target files.
Copying deathstar_ms-4354.output to deathstar_ms-4354.output
tar: removing leading '/' from member names
Debug: Checking Namespace=default, Pod=ms-46825-58c684559d-vwqlx for Target File=deathstar_*.output
Namespace: default, Pod: ms-46825-58c684559d-vwqlx has the target files.
Copying deathstar_ms-46825.output to deathstar_ms-46825.output
tar: removing leading '/' from member names
Debug: Checking Namespace=default, Pod=ms-60236-64866cf49-ngvz7 for Target File=deathstar_*.output
Namespace: default, Pod: ms-60236-64866cf49-ngvz7 has the target files.
Copying deathstar_ms-60236.output to deathstar_ms-60236.output
tar: removing leading '/' from member names
Debug: Checking Namespace=default, Pod=ms-71771-567ddbdd95-n8tfn for Target File=deathstar_*.output
Namespace: default, Pod: ms-71771-567ddbdd95-n8tfn has the target files.
Copying deathstar_ms-71771.output to deathstar_ms-71771.output
tar: removing leading '/' from member names
Debug: Checking Namespace=default, Pod=ms-8052-b995968dc-lxp6h for Target File=deathstar_*.output
Namespace: default, Pod: ms-8052-b995968dc-lxp6h has the target files.
Copying deathstar_ms-8052.output to deathstar_ms-8052.output
tar: removing leading '/' from member names
Debug: Checking Namespace=default, Pod=ms-902-5744544f85-zz52w for Target File=deathstar_*.output
Namespace: default, Pod: ms-902-5744544f85-zz52w has the target files.
Copying deathstar_ms-902.output to deathstar_ms-902.output
tar: removing leading '/' from member names
Debug: Checking Namespace=default, Pod=nginx-web-server-56557f7cb7-brbxw for Target File=deathstar_*.output
Namespace: default, Pod: nginx-web-server-56557f7cb7-brbxw has the target files.
Copying deathstar_nginx-web-server.output to deathstar_nginx-web-server.output
tar: removing leading '/' from member names
