Deployments: ms-25648
ms-27283
ms-27421
ms-2827
ms-34756
ms-36144
ms-37691
ms-41385
ms-41914
ms-46825
ms-54016
ms-55339
ms-58269
ms-58845
ms-68328
ms-70297
nginx-web-server
unknown
deployment "ms-25648" successfully rolled out
deployment "ms-27283" successfully rolled out
deployment "ms-27421" successfully rolled out
deployment "ms-2827" successfully rolled out
deployment "ms-34756" successfully rolled out
deployment "ms-36144" successfully rolled out
deployment "ms-37691" successfully rolled out
deployment "ms-41385" successfully rolled out
deployment "ms-41914" successfully rolled out
deployment "ms-46825" successfully rolled out
deployment "ms-54016" successfully rolled out
deployment "ms-55339" successfully rolled out
deployment "ms-58269" successfully rolled out
deployment "ms-58845" successfully rolled out
deployment "ms-68328" successfully rolled out
deployment "ms-70297" successfully rolled out
deployment "nginx-web-server" successfully rolled out
deployment "unknown" successfully rolled out
ENTRY_POINT: nginx-web-server
SERVICE_A_URL: 10.101.113.69:50051
Capacity: 10000
Metadata: timestamp={{.TimestampUnix}}
Metadata: method=S_161142529
Metadata: request-id={{.RequestNumber}}
Charon Configurations:
[{INTERCEPT charon} {PRICE_UPDATE_RATE 6401us} {TOKEN_UPDATE_RATE 11021us} {LATENCY_THRESHOLD 4488us} {PRICE_STEP 22} {PRICE_STRATEGY proportional} {LAZY_UPDATE true} {RATE_LIMITING true} {LOAD_SHEDDING true} {CHARON_TRACK_PRICE false} {BREAKWATER_SLO 12500us} {BREAKWATER_A 0.001} {BREAKWATER_B 0.02} {BREAKWATER_CLIENT_EXPIRATION 10ms} {BREAKWATER_INITIAL_CREDIT 400} {BREAKWATER_LOAD_SHEDDING true} {BREAKWATER_RTT 1000us} {BREAKWATERD_SLO 12500us} {BREAKWATERD_A 0.001} {BREAKWATERD_B 0.02} {BREAKWATERD_CLIENT_EXPIRATION 10ms} {BREAKWATERD_INITIAL_CREDIT 400} {BREAKWATERD_LOAD_SHEDDING true} {BREAKWATERD_RTT 1000us} {DAGOR_QUEUING_THRESHOLD 2ms} {DAGOR_ALPHA 0.05} {DAGOR_BETA 0.01} {DAGOR_ADMISSION_LEVEL_UPDATE_INTERVAL 10ms} {DAGOR_UMAX 20}]

Summary:
  Count:	88606
  Total:	14.80 s
  Slowest:	914.99 ms
  Fastest:	65.01 ms
  Average:	122.31 ms
  Requests/sec:	5986.38

Response time histogram:
  65.013  [1]     |
  150.011 [72288] |∎∎∎∎∎∎∎∎∎∎∎∎∎∎∎∎∎∎∎∎∎∎∎∎∎∎∎∎∎∎∎∎∎∎∎∎∎∎∎∎
  235.008 [4717]  |∎∎∎
  320.006 [1488]  |∎
  405.003 [2459]  |∎
  490.001 [2229]  |∎
  574.999 [471]   |
  659.996 [17]    |
  744.994 [0]     |
  829.992 [47]    |
  914.989 [68]    |

Latency distribution:
  10 % in 68.29 ms 
  25 % in 84.86 ms 
  50 % in 104.62 ms 
  75 % in 127.39 ms 
  90 % in 178.62 ms 
  95 % in 356.88 ms 
  99 % in 474.98 ms 

Status code distribution:
  [OK]                  83785 responses   
  [ResourceExhausted]   4599 responses    
  [Canceled]            222 responses     

Error distribution:
  [562]    rpc error: code = ResourceExhausted desc = S_161142529 req dropped by ms-36144. Try again later.           
  [234]    rpc error: code = ResourceExhausted desc = S_161142529 req dropped by ms-27283. Try again later.           
  [372]    rpc error: code = ResourceExhausted desc = S_161142529 req dropped by unknown. Try again later.            
  [185]    rpc error: code = ResourceExhausted desc = S_161142529 req dropped by ms-41385. Try again later.           
  [3246]   rpc error: code = ResourceExhausted desc = S_161142529 req dropped by nginx-web-server. Try again later.   
  [222]    rpc error: code = Canceled desc = grpc: the client connection is closing                                   

Debug: Checking Namespace=default, Pod=ms-25648-86cc47d8bd-2xv2c for Target File=deathstar_*.output
Namespace: default, Pod: ms-25648-86cc47d8bd-2xv2c has the target files.
Copying deathstar_ms-25648.output to deathstar_ms-25648.output
tar: removing leading '/' from member names
Debug: Checking Namespace=default, Pod=ms-27283-7cb76dd56d-l67xk for Target File=deathstar_*.output
Namespace: default, Pod: ms-27283-7cb76dd56d-l67xk has the target files.
Copying deathstar_ms-27283.output to deathstar_ms-27283.output
tar: removing leading '/' from member names
Debug: Checking Namespace=default, Pod=ms-27421-64f549855c-g6pr6 for Target File=deathstar_*.output
Namespace: default, Pod: ms-27421-64f549855c-g6pr6 has the target files.
Copying deathstar_ms-27421.output to deathstar_ms-27421.output
tar: removing leading '/' from member names
Debug: Checking Namespace=default, Pod=ms-2827-565cbcd7b-gpg2q for Target File=deathstar_*.output
Namespace: default, Pod: ms-2827-565cbcd7b-gpg2q has the target files.
Copying deathstar_ms-2827.output to deathstar_ms-2827.output
tar: removing leading '/' from member names
Debug: Checking Namespace=default, Pod=ms-34756-7c45d5bcc-qmljh for Target File=deathstar_*.output
Namespace: default, Pod: ms-34756-7c45d5bcc-qmljh has the target files.
Copying deathstar_ms-34756.output to deathstar_ms-34756.output
tar: removing leading '/' from member names
Debug: Checking Namespace=default, Pod=ms-36144-7bf7cbfff6-v9mxf for Target File=deathstar_*.output
Namespace: default, Pod: ms-36144-7bf7cbfff6-v9mxf has the target files.
Copying deathstar_ms-36144.output to deathstar_ms-36144.output
tar: removing leading '/' from member names
Debug: Checking Namespace=default, Pod=ms-37691-6f7cbf7c5-nq4fh for Target File=deathstar_*.output
Namespace: default, Pod: ms-37691-6f7cbf7c5-nq4fh has the target files.
Copying deathstar_ms-37691.output to deathstar_ms-37691.output
tar: removing leading '/' from member names
Debug: Checking Namespace=default, Pod=ms-41385-6bc4f5d4fc-lk567 for Target File=deathstar_*.output
Namespace: default, Pod: ms-41385-6bc4f5d4fc-lk567 has the target files.
Copying deathstar_ms-41385.output to deathstar_ms-41385.output
tar: removing leading '/' from member names
Debug: Checking Namespace=default, Pod=ms-41914-5555dd8d48-thsmr for Target File=deathstar_*.output
Namespace: default, Pod: ms-41914-5555dd8d48-thsmr has the target files.
Copying deathstar_ms-41914.output to deathstar_ms-41914.output
tar: removing leading '/' from member names
Debug: Checking Namespace=default, Pod=ms-46825-58c684559d-s229d for Target File=deathstar_*.output
Namespace: default, Pod: ms-46825-58c684559d-s229d has the target files.
Copying deathstar_ms-46825.output to deathstar_ms-46825.output
tar: removing leading '/' from member names
Debug: Checking Namespace=default, Pod=ms-54016-5665fbcb8d-qb5p4 for Target File=deathstar_*.output
Namespace: default, Pod: ms-54016-5665fbcb8d-qb5p4 has the target files.
Copying deathstar_ms-54016.output to deathstar_ms-54016.output
tar: removing leading '/' from member names
Debug: Checking Namespace=default, Pod=ms-55339-5b545b67bb-6xt6l for Target File=deathstar_*.output
Namespace: default, Pod: ms-55339-5b545b67bb-6xt6l has the target files.
Copying deathstar_ms-55339.output to deathstar_ms-55339.output
tar: removing leading '/' from member names
Debug: Checking Namespace=default, Pod=ms-58269-8c4794c6c-6tqqp for Target File=deathstar_*.output
Namespace: default, Pod: ms-58269-8c4794c6c-6tqqp has the target files.
Copying deathstar_ms-58269.output to deathstar_ms-58269.output
tar: removing leading '/' from member names
Debug: Checking Namespace=default, Pod=ms-58845-5bc6f9d8df-t8fhk for Target File=deathstar_*.output
Namespace: default, Pod: ms-58845-5bc6f9d8df-t8fhk has the target files.
Copying deathstar_ms-58845.output to deathstar_ms-58845.output
tar: removing leading '/' from member names
Debug: Checking Namespace=default, Pod=ms-68328-5866fd45b7-c2ns8 for Target File=deathstar_*.output
Namespace: default, Pod: ms-68328-5866fd45b7-c2ns8 has the target files.
Copying deathstar_ms-68328.output to deathstar_ms-68328.output
tar: removing leading '/' from member names
Debug: Checking Namespace=default, Pod=ms-70297-868876bcdb-hldr6 for Target File=deathstar_*.output
Namespace: default, Pod: ms-70297-868876bcdb-hldr6 has the target files.
Copying deathstar_ms-70297.output to deathstar_ms-70297.output
tar: removing leading '/' from member names
Debug: Checking Namespace=default, Pod=nginx-web-server-56557f7cb7-vlc8q for Target File=deathstar_*.output
Namespace: default, Pod: nginx-web-server-56557f7cb7-vlc8q has the target files.
Copying deathstar_nginx-web-server.output to deathstar_nginx-web-server.output
tar: removing leading '/' from member names
Debug: Checking Namespace=default, Pod=unknown-57ddd65965-2gg9b for Target File=deathstar_*.output
Namespace: default, Pod: unknown-57ddd65965-2gg9b has the target files.
Copying deathstar_unknown.output to deathstar_unknown.output
tar: removing leading '/' from member names
