Deployments: ms-10090
ms-13558
ms-18330
ms-19585
ms-20172
ms-22893
ms-24009
ms-24959
ms-26622
ms-27421
ms-29373
ms-32301
ms-3289
ms-37691
ms-38964
ms-40147
ms-48118
ms-4829
ms-51685
ms-52379
ms-55394
ms-58436
ms-58772
ms-59962
ms-60061
ms-6323
ms-65741
ms-66473
ms-69188
ms-69614
ms-9081
nginx-web-server
unknown
deployment "ms-10090" successfully rolled out
deployment "ms-13558" successfully rolled out
deployment "ms-18330" successfully rolled out
deployment "ms-19585" successfully rolled out
deployment "ms-20172" successfully rolled out
deployment "ms-22893" successfully rolled out
deployment "ms-24009" successfully rolled out
deployment "ms-24959" successfully rolled out
deployment "ms-26622" successfully rolled out
deployment "ms-27421" successfully rolled out
deployment "ms-29373" successfully rolled out
deployment "ms-32301" successfully rolled out
deployment "ms-3289" successfully rolled out
deployment "ms-37691" successfully rolled out
deployment "ms-38964" successfully rolled out
deployment "ms-40147" successfully rolled out
deployment "ms-48118" successfully rolled out
deployment "ms-4829" successfully rolled out
deployment "ms-51685" successfully rolled out
deployment "ms-52379" successfully rolled out
deployment "ms-55394" successfully rolled out
deployment "ms-58436" successfully rolled out
deployment "ms-58772" successfully rolled out
deployment "ms-59962" successfully rolled out
deployment "ms-60061" successfully rolled out
deployment "ms-6323" successfully rolled out
deployment "ms-65741" successfully rolled out
deployment "ms-66473" successfully rolled out
deployment "ms-69188" successfully rolled out
deployment "ms-69614" successfully rolled out
deployment "ms-9081" successfully rolled out
deployment "nginx-web-server" successfully rolled out
deployment "unknown" successfully rolled out
ENTRY_POINT: nginx-web-server
SERVICE_A_URL: 10.110.238.84:50051
Capacity: 10000
Metadata: request-id={{.RequestNumber}}
Metadata: timestamp={{.TimestampUnix}}
Metadata: method=S_149998854
Charon Configurations:
[{INTERCEPT breakwaterd} {PRICE_UPDATE_RATE 10ms} {TOKEN_UPDATE_RATE 10ms} {LATENCY_THRESHOLD 100us} {PRICE_STEP 0} {PRICE_STRATEGY step} {LAZY_UPDATE false} {RATE_LIMITING true} {LOAD_SHEDDING true} {CHARON_TRACK_PRICE false} {BREAKWATER_SLO 47856us} {BREAKWATER_A 14.206243765543975} {BREAKWATER_B 10.0} {BREAKWATER_CLIENT_EXPIRATION 2193us} {BREAKWATER_INITIAL_CREDIT 216} {BREAKWATER_LOAD_SHEDDING true} {BREAKWATER_RTT 0us} {BREAKWATERD_SLO 13432us} {BREAKWATERD_A 10.0} {BREAKWATERD_B 0.0} {BREAKWATERD_CLIENT_EXPIRATION 79417us} {BREAKWATERD_INITIAL_CREDIT 3302} {BREAKWATERD_LOAD_SHEDDING true} {BREAKWATERD_RTT 14681us} {DAGOR_QUEUING_THRESHOLD 2ms} {DAGOR_ALPHA 0.05} {DAGOR_BETA 0.01} {DAGOR_ADMISSION_LEVEL_UPDATE_INTERVAL 10ms} {DAGOR_UMAX 20}]

Summary:
  Count:	98400
  Total:	24.93 s
  Slowest:	916.87 ms
  Fastest:	111.25 ms
  Average:	674.57 ms
  Requests/sec:	3947.08

Response time histogram:
  111.252 [1]     |
  191.814 [11333] |∎∎∎∎∎∎∎∎∎∎∎∎∎∎∎∎∎∎∎∎∎∎∎∎∎∎∎∎∎∎∎∎∎∎∎∎∎∎∎∎
  272.377 [1824]  |∎∎∎∎∎∎
  352.939 [781]   |∎∎∎
  433.501 [69]    |
  514.063 [0]     |
  594.625 [0]     |
  675.188 [3]     |
  755.750 [56]    |
  836.312 [112]   |
  916.874 [47]    |

Latency distribution:
  10 % in 113.48 ms 
  25 % in 115.07 ms 
  50 % in 118.61 ms 
  75 % in 169.97 ms 
  90 % in 256.44 ms 
  95 % in 297.58 ms 
  99 % in 777.37 ms 

Status code distribution:
  [OK]                  14226 responses   
  [ResourceExhausted]   16854 responses   
  [DeadlineExceeded]    58683 responses   
  [Canceled]            8637 responses    

Error distribution:
  [58683]   rpc error: code = DeadlineExceeded desc = context deadline exceeded                                                   
  [8637]    rpc error: code = Canceled desc = grpc: the client connection is closing                                              
  [612]     rpc error: code = ResourceExhausted desc = Client id 46e54b15-007a-4917-8849-6e0fbc7df81a request expired in queue.   
  [16242]   rpc error: code = ResourceExhausted desc = Server-side queuing delay is beyond AQM threshold                          

Debug: Checking Namespace=default, Pod=ms-10090-6454f977fd-dhpdf for Target File=deathstar_*.output
Namespace: default, Pod: ms-10090-6454f977fd-dhpdf has the target files.
Copying deathstar_ms-10090.output to deathstar_ms-10090.output
tar: removing leading '/' from member names
Debug: Checking Namespace=default, Pod=ms-13558-b48bb5d9d-4dqfp for Target File=deathstar_*.output
Namespace: default, Pod: ms-13558-b48bb5d9d-4dqfp has the target files.
Copying deathstar_ms-13558.output to deathstar_ms-13558.output
tar: removing leading '/' from member names
Debug: Checking Namespace=default, Pod=ms-18330-759d9cf49c-cf8g2 for Target File=deathstar_*.output
Namespace: default, Pod: ms-18330-759d9cf49c-cf8g2 has the target files.
Copying deathstar_ms-18330.output to deathstar_ms-18330.output
tar: removing leading '/' from member names
Debug: Checking Namespace=default, Pod=ms-19585-6f995cfcbf-hrbpt for Target File=deathstar_*.output
Namespace: default, Pod: ms-19585-6f995cfcbf-hrbpt has the target files.
Copying deathstar_ms-19585.output to deathstar_ms-19585.output
tar: removing leading '/' from member names
Debug: Checking Namespace=default, Pod=ms-20172-59d5485464-78sk2 for Target File=deathstar_*.output
Namespace: default, Pod: ms-20172-59d5485464-78sk2 has the target files.
Copying deathstar_ms-20172.output to deathstar_ms-20172.output
tar: removing leading '/' from member names
Debug: Checking Namespace=default, Pod=ms-22893-576fd5f9f6-wq46g for Target File=deathstar_*.output
Namespace: default, Pod: ms-22893-576fd5f9f6-wq46g has the target files.
Copying deathstar_ms-22893.output to deathstar_ms-22893.output
tar: removing leading '/' from member names
Debug: Checking Namespace=default, Pod=ms-24009-67dbf5b976-rb7nz for Target File=deathstar_*.output
Namespace: default, Pod: ms-24009-67dbf5b976-rb7nz has the target files.
Copying deathstar_ms-24009.output to deathstar_ms-24009.output
tar: removing leading '/' from member names
Debug: Checking Namespace=default, Pod=ms-24959-99f8bbf9-vsgr4 for Target File=deathstar_*.output
Namespace: default, Pod: ms-24959-99f8bbf9-vsgr4 has the target files.
Copying deathstar_ms-24959.output to deathstar_ms-24959.output
tar: removing leading '/' from member names
Debug: Checking Namespace=default, Pod=ms-26622-66fdf7d64f-5g7dh for Target File=deathstar_*.output
Namespace: default, Pod: ms-26622-66fdf7d64f-5g7dh has the target files.
Copying deathstar_ms-26622.output to deathstar_ms-26622.output
tar: removing leading '/' from member names
Debug: Checking Namespace=default, Pod=ms-27421-64f549855c-rqz5j for Target File=deathstar_*.output
Namespace: default, Pod: ms-27421-64f549855c-rqz5j has the target files.
Copying deathstar_ms-27421.output to deathstar_ms-27421.output
tar: removing leading '/' from member names
Debug: Checking Namespace=default, Pod=ms-29373-8467f7db44-jhwkb for Target File=deathstar_*.output
Namespace: default, Pod: ms-29373-8467f7db44-jhwkb has the target files.
Copying deathstar_ms-29373.output to deathstar_ms-29373.output
tar: removing leading '/' from member names
Debug: Checking Namespace=default, Pod=ms-32301-c5654bbc5-tfx2d for Target File=deathstar_*.output
Namespace: default, Pod: ms-32301-c5654bbc5-tfx2d has the target files.
Copying deathstar_ms-32301.output to deathstar_ms-32301.output
tar: removing leading '/' from member names
Debug: Checking Namespace=default, Pod=ms-3289-587dbd96bf-rnm9f for Target File=deathstar_*.output
Namespace: default, Pod: ms-3289-587dbd96bf-rnm9f has the target files.
Copying deathstar_ms-3289.output to deathstar_ms-3289.output
tar: removing leading '/' from member names
Debug: Checking Namespace=default, Pod=ms-37691-6dc6cd6744-sndkz for Target File=deathstar_*.output
Namespace: default, Pod: ms-37691-6dc6cd6744-sndkz has the target files.
Copying deathstar_ms-37691.output to deathstar_ms-37691.output
tar: removing leading '/' from member names
Debug: Checking Namespace=default, Pod=ms-38964-5b647cdbd-qjgfl for Target File=deathstar_*.output
Namespace: default, Pod: ms-38964-5b647cdbd-qjgfl has the target files.
Copying deathstar_ms-38964.output to deathstar_ms-38964.output
tar: removing leading '/' from member names
Debug: Checking Namespace=default, Pod=ms-40147-cd867585-gxp85 for Target File=deathstar_*.output
Namespace: default, Pod: ms-40147-cd867585-gxp85 has the target files.
Copying deathstar_ms-40147.output to deathstar_ms-40147.output
tar: removing leading '/' from member names
Debug: Checking Namespace=default, Pod=ms-48118-ff7b99cc9-k2gq7 for Target File=deathstar_*.output
Namespace: default, Pod: ms-48118-ff7b99cc9-k2gq7 has the target files.
Copying deathstar_ms-48118.output to deathstar_ms-48118.output
tar: removing leading '/' from member names
Debug: Checking Namespace=default, Pod=ms-4829-669557b66c-r8dl4 for Target File=deathstar_*.output
Namespace: default, Pod: ms-4829-669557b66c-r8dl4 has the target files.
Copying deathstar_ms-4829.output to deathstar_ms-4829.output
tar: removing leading '/' from member names
Debug: Checking Namespace=default, Pod=ms-51685-79858c784f-kqqbc for Target File=deathstar_*.output
Namespace: default, Pod: ms-51685-79858c784f-kqqbc has the target files.
Copying deathstar_ms-51685.output to deathstar_ms-51685.output
tar: removing leading '/' from member names
Debug: Checking Namespace=default, Pod=ms-52379-57c6cdd54b-5zzlc for Target File=deathstar_*.output
Namespace: default, Pod: ms-52379-57c6cdd54b-5zzlc has the target files.
Copying deathstar_ms-52379.output to deathstar_ms-52379.output
tar: removing leading '/' from member names
Debug: Checking Namespace=default, Pod=ms-55394-6f999f5df9-cqbcz for Target File=deathstar_*.output
Namespace: default, Pod: ms-55394-6f999f5df9-cqbcz has the target files.
Copying deathstar_ms-55394.output to deathstar_ms-55394.output
tar: removing leading '/' from member names
Debug: Checking Namespace=default, Pod=ms-58436-59dd96f659-rjwp8 for Target File=deathstar_*.output
Namespace: default, Pod: ms-58436-59dd96f659-rjwp8 has the target files.
Copying deathstar_ms-58436.output to deathstar_ms-58436.output
tar: removing leading '/' from member names
Debug: Checking Namespace=default, Pod=ms-58772-68ff78c966-h2f5l for Target File=deathstar_*.output
Namespace: default, Pod: ms-58772-68ff78c966-h2f5l has the target files.
Copying deathstar_ms-58772.output to deathstar_ms-58772.output
tar: removing leading '/' from member names
Debug: Checking Namespace=default, Pod=ms-59962-756b895b58-zvlt7 for Target File=deathstar_*.output
Namespace: default, Pod: ms-59962-756b895b58-zvlt7 has the target files.
Copying deathstar_ms-59962.output to deathstar_ms-59962.output
tar: removing leading '/' from member names
Debug: Checking Namespace=default, Pod=ms-60061-68bd84bdcd-rgxtq for Target File=deathstar_*.output
Namespace: default, Pod: ms-60061-68bd84bdcd-rgxtq has the target files.
Copying deathstar_ms-60061.output to deathstar_ms-60061.output
tar: removing leading '/' from member names
Debug: Checking Namespace=default, Pod=ms-6323-974659fcd-7cn2n for Target File=deathstar_*.output
Namespace: default, Pod: ms-6323-974659fcd-7cn2n has the target files.
Copying deathstar_ms-6323.output to deathstar_ms-6323.output
tar: removing leading '/' from member names
Debug: Checking Namespace=default, Pod=ms-65741-65f588bcdf-sgp6w for Target File=deathstar_*.output
Namespace: default, Pod: ms-65741-65f588bcdf-sgp6w has the target files.
Copying deathstar_ms-65741.output to deathstar_ms-65741.output
tar: removing leading '/' from member names
Debug: Checking Namespace=default, Pod=ms-66473-79c66f8bff-42pxv for Target File=deathstar_*.output
Namespace: default, Pod: ms-66473-79c66f8bff-42pxv has the target files.
Copying deathstar_ms-66473.output to deathstar_ms-66473.output
tar: removing leading '/' from member names
Debug: Checking Namespace=default, Pod=ms-69188-65c548d4cb-spnkz for Target File=deathstar_*.output
Namespace: default, Pod: ms-69188-65c548d4cb-spnkz has the target files.
Copying deathstar_ms-69188.output to deathstar_ms-69188.output
tar: removing leading '/' from member names
Debug: Checking Namespace=default, Pod=ms-69614-794bd8475-vbgw7 for Target File=deathstar_*.output
Namespace: default, Pod: ms-69614-794bd8475-vbgw7 has the target files.
Copying deathstar_ms-69614.output to deathstar_ms-69614.output
tar: removing leading '/' from member names
Debug: Checking Namespace=default, Pod=ms-9081-567985788-9h2jz for Target File=deathstar_*.output
Namespace: default, Pod: ms-9081-567985788-9h2jz has the target files.
Copying deathstar_ms-9081.output to deathstar_ms-9081.output
tar: removing leading '/' from member names
Debug: Checking Namespace=default, Pod=nginx-web-server-56557f7cb7-pnb9z for Target File=deathstar_*.output
Namespace: default, Pod: nginx-web-server-56557f7cb7-pnb9z has the target files.
Copying deathstar_nginx-web-server.output to deathstar_nginx-web-server.output
tar: removing leading '/' from member names
Debug: Checking Namespace=default, Pod=unknown-6ddf9bd4b5-7vwfg for Target File=deathstar_*.output
Namespace: default, Pod: unknown-6ddf9bd4b5-7vwfg has the target files.
Copying deathstar_unknown.output to deathstar_unknown.output
tar: removing leading '/' from member names
