Deployments: ms-25648
ms-27283
ms-27421
ms-2827
ms-34756
ms-36144
ms-37691
ms-41385
ms-41914
ms-46825
ms-54016
ms-55339
ms-58269
ms-58845
ms-68328
ms-70297
nginx-web-server
unknown
deployment "ms-25648" successfully rolled out
deployment "ms-27283" successfully rolled out
deployment "ms-27421" successfully rolled out
deployment "ms-2827" successfully rolled out
deployment "ms-34756" successfully rolled out
deployment "ms-36144" successfully rolled out
deployment "ms-37691" successfully rolled out
deployment "ms-41385" successfully rolled out
deployment "ms-41914" successfully rolled out
deployment "ms-46825" successfully rolled out
deployment "ms-54016" successfully rolled out
deployment "ms-55339" successfully rolled out
deployment "ms-58269" successfully rolled out
deployment "ms-58845" successfully rolled out
deployment "ms-68328" successfully rolled out
deployment "ms-70297" successfully rolled out
deployment "nginx-web-server" successfully rolled out
deployment "unknown" successfully rolled out
ENTRY_POINT: nginx-web-server
SERVICE_A_URL: 10.107.169.83:50051
Capacity: 10000
Metadata: method=S_161142529
Metadata: request-id={{.RequestNumber}}
Metadata: timestamp={{.TimestampUnix}}
Charon Configurations:
[{INTERCEPT charon} {PRICE_UPDATE_RATE 12614us} {TOKEN_UPDATE_RATE 22795us} {LATENCY_THRESHOLD 9813us} {PRICE_STEP 99} {PRICE_STRATEGY proportional} {LAZY_UPDATE true} {RATE_LIMITING true} {LOAD_SHEDDING true} {CHARON_TRACK_PRICE false} {BREAKWATER_SLO 12500us} {BREAKWATER_A 0.001} {BREAKWATER_B 0.02} {BREAKWATER_CLIENT_EXPIRATION 10ms} {BREAKWATER_INITIAL_CREDIT 400} {BREAKWATER_LOAD_SHEDDING true} {BREAKWATER_RTT 1000us} {BREAKWATERD_SLO 12500us} {BREAKWATERD_A 0.001} {BREAKWATERD_B 0.02} {BREAKWATERD_CLIENT_EXPIRATION 10ms} {BREAKWATERD_INITIAL_CREDIT 400} {BREAKWATERD_LOAD_SHEDDING true} {BREAKWATERD_RTT 1000us} {DAGOR_QUEUING_THRESHOLD 2ms} {DAGOR_ALPHA 0.05} {DAGOR_BETA 0.01} {DAGOR_ADMISSION_LEVEL_UPDATE_INTERVAL 10ms} {DAGOR_UMAX 20}]

Summary:
  Count:	80172
  Total:	14.78 s
  Slowest:	804.87 ms
  Fastest:	65.05 ms
  Average:	94.56 ms
  Requests/sec:	5422.76

Response time histogram:
  65.049  [1]     |
  139.031 [69835] |∎∎∎∎∎∎∎∎∎∎∎∎∎∎∎∎∎∎∎∎∎∎∎∎∎∎∎∎∎∎∎∎∎∎∎∎∎∎∎∎
  213.013 [4486]  |∎∎∎
  286.995 [1097]  |∎
  360.977 [361]   |
  434.959 [7]     |
  508.941 [36]    |
  582.922 [0]     |
  656.904 [0]     |
  730.886 [0]     |
  804.868 [37]    |

Latency distribution:
  10 % in 68.37 ms 
  25 % in 73.81 ms 
  50 % in 89.52 ms 
  75 % in 107.88 ms 
  90 % in 131.46 ms 
  95 % in 154.27 ms 
  99 % in 268.63 ms 

Status code distribution:
  [ResourceExhausted]   4208 responses    
  [Canceled]            104 responses     
  [OK]                  75860 responses   

Error distribution:
  [179]    rpc error: code = ResourceExhausted desc = S_161142529 req dropped by ms-41385. Try again later.           
  [104]    rpc error: code = Canceled desc = grpc: the client connection is closing                                   
  [2573]   rpc error: code = ResourceExhausted desc = S_161142529 req dropped by nginx-web-server. Try again later.   
  [287]    rpc error: code = ResourceExhausted desc = S_161142529 req dropped by ms-27283. Try again later.           
  [664]    rpc error: code = ResourceExhausted desc = S_161142529 req dropped by ms-36144. Try again later.           
  [505]    rpc error: code = ResourceExhausted desc = S_161142529 req dropped by unknown. Try again later.            

Debug: Checking Namespace=default, Pod=ms-25648-86cc47d8bd-zn65q for Target File=deathstar_*.output
Namespace: default, Pod: ms-25648-86cc47d8bd-zn65q has the target files.
Copying deathstar_ms-25648.output to deathstar_ms-25648.output
tar: removing leading '/' from member names
Debug: Checking Namespace=default, Pod=ms-27283-7cb76dd56d-29ppx for Target File=deathstar_*.output
Namespace: default, Pod: ms-27283-7cb76dd56d-29ppx has the target files.
Copying deathstar_ms-27283.output to deathstar_ms-27283.output
tar: removing leading '/' from member names
Debug: Checking Namespace=default, Pod=ms-27421-64f549855c-rkfhh for Target File=deathstar_*.output
Namespace: default, Pod: ms-27421-64f549855c-rkfhh has the target files.
Copying deathstar_ms-27421.output to deathstar_ms-27421.output
tar: removing leading '/' from member names
Debug: Checking Namespace=default, Pod=ms-2827-565cbcd7b-7cp9f for Target File=deathstar_*.output
Namespace: default, Pod: ms-2827-565cbcd7b-7cp9f has the target files.
Copying deathstar_ms-2827.output to deathstar_ms-2827.output
tar: removing leading '/' from member names
Debug: Checking Namespace=default, Pod=ms-34756-7c45d5bcc-2n9dv for Target File=deathstar_*.output
Namespace: default, Pod: ms-34756-7c45d5bcc-2n9dv has the target files.
Copying deathstar_ms-34756.output to deathstar_ms-34756.output
tar: removing leading '/' from member names
Debug: Checking Namespace=default, Pod=ms-36144-7bf7cbfff6-95cgv for Target File=deathstar_*.output
Namespace: default, Pod: ms-36144-7bf7cbfff6-95cgv has the target files.
Copying deathstar_ms-36144.output to deathstar_ms-36144.output
tar: removing leading '/' from member names
Debug: Checking Namespace=default, Pod=ms-37691-6f7cbf7c5-jmzmw for Target File=deathstar_*.output
Namespace: default, Pod: ms-37691-6f7cbf7c5-jmzmw has the target files.
Copying deathstar_ms-37691.output to deathstar_ms-37691.output
tar: removing leading '/' from member names
Debug: Checking Namespace=default, Pod=ms-41385-6bc4f5d4fc-rch7s for Target File=deathstar_*.output
Namespace: default, Pod: ms-41385-6bc4f5d4fc-rch7s has the target files.
Copying deathstar_ms-41385.output to deathstar_ms-41385.output
tar: removing leading '/' from member names
Debug: Checking Namespace=default, Pod=ms-41914-5555dd8d48-sxxfj for Target File=deathstar_*.output
Namespace: default, Pod: ms-41914-5555dd8d48-sxxfj has the target files.
Copying deathstar_ms-41914.output to deathstar_ms-41914.output
tar: removing leading '/' from member names
Debug: Checking Namespace=default, Pod=ms-46825-58c684559d-xsbhv for Target File=deathstar_*.output
Namespace: default, Pod: ms-46825-58c684559d-xsbhv has the target files.
Copying deathstar_ms-46825.output to deathstar_ms-46825.output
tar: removing leading '/' from member names
Debug: Checking Namespace=default, Pod=ms-54016-5665fbcb8d-gkf46 for Target File=deathstar_*.output
Namespace: default, Pod: ms-54016-5665fbcb8d-gkf46 has the target files.
Copying deathstar_ms-54016.output to deathstar_ms-54016.output
tar: removing leading '/' from member names
Debug: Checking Namespace=default, Pod=ms-55339-5b545b67bb-x97x5 for Target File=deathstar_*.output
Namespace: default, Pod: ms-55339-5b545b67bb-x97x5 has the target files.
Copying deathstar_ms-55339.output to deathstar_ms-55339.output
tar: removing leading '/' from member names
Debug: Checking Namespace=default, Pod=ms-58269-8c4794c6c-7l92m for Target File=deathstar_*.output
Namespace: default, Pod: ms-58269-8c4794c6c-7l92m has the target files.
Copying deathstar_ms-58269.output to deathstar_ms-58269.output
tar: removing leading '/' from member names
Debug: Checking Namespace=default, Pod=ms-58845-5bc6f9d8df-2qw5k for Target File=deathstar_*.output
Namespace: default, Pod: ms-58845-5bc6f9d8df-2qw5k has the target files.
Copying deathstar_ms-58845.output to deathstar_ms-58845.output
tar: removing leading '/' from member names
Debug: Checking Namespace=default, Pod=ms-68328-5866fd45b7-tggx5 for Target File=deathstar_*.output
Namespace: default, Pod: ms-68328-5866fd45b7-tggx5 has the target files.
Copying deathstar_ms-68328.output to deathstar_ms-68328.output
tar: removing leading '/' from member names
Debug: Checking Namespace=default, Pod=ms-70297-868876bcdb-ndfct for Target File=deathstar_*.output
Namespace: default, Pod: ms-70297-868876bcdb-ndfct has the target files.
Copying deathstar_ms-70297.output to deathstar_ms-70297.output
tar: removing leading '/' from member names
Debug: Checking Namespace=default, Pod=nginx-web-server-56557f7cb7-j58j9 for Target File=deathstar_*.output
Namespace: default, Pod: nginx-web-server-56557f7cb7-j58j9 has the target files.
Copying deathstar_nginx-web-server.output to deathstar_nginx-web-server.output
tar: removing leading '/' from member names
Debug: Checking Namespace=default, Pod=unknown-57ddd65965-sxwbf for Target File=deathstar_*.output
Namespace: default, Pod: unknown-57ddd65965-sxwbf has the target files.
Copying deathstar_unknown.output to deathstar_unknown.output
tar: removing leading '/' from member names
