Deployments: ms-11070
ms-11285
ms-11512
ms-1278
ms-13873
ms-19953
ms-21883
ms-25124
ms-27421
ms-2827
ms-33719
ms-37691
ms-43309
ms-4354
ms-46825
ms-60236
ms-71771
ms-8052
ms-902
nginx-web-server
deployment "ms-11070" successfully rolled out
deployment "ms-11285" successfully rolled out
deployment "ms-11512" successfully rolled out
deployment "ms-1278" successfully rolled out
deployment "ms-13873" successfully rolled out
deployment "ms-19953" successfully rolled out
deployment "ms-21883" successfully rolled out
deployment "ms-25124" successfully rolled out
deployment "ms-27421" successfully rolled out
deployment "ms-2827" successfully rolled out
deployment "ms-33719" successfully rolled out
deployment "ms-37691" successfully rolled out
deployment "ms-43309" successfully rolled out
deployment "ms-4354" successfully rolled out
deployment "ms-46825" successfully rolled out
deployment "ms-60236" successfully rolled out
deployment "ms-71771" successfully rolled out
deployment "ms-8052" successfully rolled out
deployment "ms-902" successfully rolled out
deployment "nginx-web-server" successfully rolled out
ENTRY_POINT: nginx-web-server
SERVICE_A_URL: 10.101.109.11:50051
Capacity: 10000
Metadata: request-id={{.RequestNumber}}
Metadata: timestamp={{.TimestampUnix}}
Metadata: method=S_102000854
Charon Configurations:
[{INTERCEPT charon} {PRICE_UPDATE_RATE 24454us} {TOKEN_UPDATE_RATE 13950us} {LATENCY_THRESHOLD 9814us} {PRICE_STEP 47} {PRICE_STRATEGY proportional} {LAZY_UPDATE true} {RATE_LIMITING true} {LOAD_SHEDDING true} {CHARON_TRACK_PRICE false} {BREAKWATER_SLO 12500us} {BREAKWATER_A 0.001} {BREAKWATER_B 0.02} {BREAKWATER_CLIENT_EXPIRATION 10ms} {BREAKWATER_INITIAL_CREDIT 400} {BREAKWATER_LOAD_SHEDDING true} {BREAKWATER_RTT 1000us} {BREAKWATERD_SLO 12500us} {BREAKWATERD_A 0.001} {BREAKWATERD_B 0.02} {BREAKWATERD_CLIENT_EXPIRATION 10ms} {BREAKWATERD_INITIAL_CREDIT 400} {BREAKWATERD_LOAD_SHEDDING true} {BREAKWATERD_RTT 1000us} {DAGOR_QUEUING_THRESHOLD 2ms} {DAGOR_ALPHA 0.05} {DAGOR_BETA 0.01} {DAGOR_ADMISSION_LEVEL_UPDATE_INTERVAL 10ms} {DAGOR_UMAX 20}]

Summary:
  Count:	92261
  Total:	14.80 s
  Slowest:	805.96 ms
  Fastest:	38.94 ms
  Average:	95.46 ms
  Requests/sec:	6235.41

Response time histogram:
  38.940  [1]     |
  115.642 [71301] |∎∎∎∎∎∎∎∎∎∎∎∎∎∎∎∎∎∎∎∎∎∎∎∎∎∎∎∎∎∎∎∎∎∎∎∎∎∎∎∎
  192.343 [9441]  |∎∎∎∎∎
  269.045 [2504]  |∎
  345.746 [2661]  |∎
  422.448 [2185]  |∎
  499.149 [282]   |
  575.851 [52]    |
  652.552 [13]    |
  729.254 [1]     |
  805.955 [18]    |

Latency distribution:
  10 % in 41.96 ms 
  25 % in 59.37 ms 
  50 % in 77.27 ms 
  75 % in 103.30 ms 
  90 % in 170.89 ms 
  95 % in 291.80 ms 
  99 % in 398.16 ms 

Status code distribution:
  [OK]                  88459 responses   
  [ResourceExhausted]   3549 responses    
  [Canceled]            253 responses     

Error distribution:
  [196]    rpc error: code = ResourceExhausted desc = S_102000854 req dropped by ms-25124. Try again later.           
  [392]    rpc error: code = ResourceExhausted desc = S_102000854 req dropped by ms-13873. Try again later.           
  [2791]   rpc error: code = ResourceExhausted desc = S_102000854 req dropped by nginx-web-server. Try again later.   
  [1]      rpc error: code = ResourceExhausted desc = S_102000854 req dropped by ms-71771. Try again later.           
  [253]    rpc error: code = Canceled desc = grpc: the client connection is closing                                   
  [169]    rpc error: code = ResourceExhausted desc = S_102000854 req dropped by ms-60236. Try again later.           

Debug: Checking Namespace=default, Pod=ms-11070-7868c54f44-zkm8f for Target File=deathstar_*.output
Namespace: default, Pod: ms-11070-7868c54f44-zkm8f has the target files.
Copying deathstar_ms-11070.output to deathstar_ms-11070.output
tar: removing leading '/' from member names
Debug: Checking Namespace=default, Pod=ms-11285-67d597dc77-2jkjm for Target File=deathstar_*.output
Namespace: default, Pod: ms-11285-67d597dc77-2jkjm has the target files.
Copying deathstar_ms-11285.output to deathstar_ms-11285.output
tar: removing leading '/' from member names
Debug: Checking Namespace=default, Pod=ms-11512-75f8ddc45b-hqmwb for Target File=deathstar_*.output
Namespace: default, Pod: ms-11512-75f8ddc45b-hqmwb has the target files.
Copying deathstar_ms-11512.output to deathstar_ms-11512.output
tar: removing leading '/' from member names
Debug: Checking Namespace=default, Pod=ms-1278-85766ff6b8-dsvjd for Target File=deathstar_*.output
Namespace: default, Pod: ms-1278-85766ff6b8-dsvjd has the target files.
Copying deathstar_ms-1278.output to deathstar_ms-1278.output
tar: removing leading '/' from member names
Debug: Checking Namespace=default, Pod=ms-13873-85d7bb7b97-w89df for Target File=deathstar_*.output
Namespace: default, Pod: ms-13873-85d7bb7b97-w89df has the target files.
Copying deathstar_ms-13873.output to deathstar_ms-13873.output
tar: removing leading '/' from member names
Debug: Checking Namespace=default, Pod=ms-19953-68cc8998c5-z9k2h for Target File=deathstar_*.output
Namespace: default, Pod: ms-19953-68cc8998c5-z9k2h has the target files.
Copying deathstar_ms-19953.output to deathstar_ms-19953.output
tar: removing leading '/' from member names
Debug: Checking Namespace=default, Pod=ms-21883-f6c88c6d4-gtxxt for Target File=deathstar_*.output
Namespace: default, Pod: ms-21883-f6c88c6d4-gtxxt has the target files.
Copying deathstar_ms-21883.output to deathstar_ms-21883.output
tar: removing leading '/' from member names
Debug: Checking Namespace=default, Pod=ms-25124-77bd4446f5-tdctd for Target File=deathstar_*.output
Namespace: default, Pod: ms-25124-77bd4446f5-tdctd has the target files.
Copying deathstar_ms-25124.output to deathstar_ms-25124.output
tar: removing leading '/' from member names
Debug: Checking Namespace=default, Pod=ms-27421-8565974486-qsszf for Target File=deathstar_*.output
Namespace: default, Pod: ms-27421-8565974486-qsszf has the target files.
Copying deathstar_ms-27421.output to deathstar_ms-27421.output
tar: removing leading '/' from member names
Debug: Checking Namespace=default, Pod=ms-2827-5dcc6df4f4-bjwgf for Target File=deathstar_*.output
Namespace: default, Pod: ms-2827-5dcc6df4f4-bjwgf has the target files.
Copying deathstar_ms-2827.output to deathstar_ms-2827.output
tar: removing leading '/' from member names
Debug: Checking Namespace=default, Pod=ms-33719-6c455cf54c-7n97t for Target File=deathstar_*.output
Namespace: default, Pod: ms-33719-6c455cf54c-7n97t has the target files.
Copying deathstar_ms-33719.output to deathstar_ms-33719.output
tar: removing leading '/' from member names
Debug: Checking Namespace=default, Pod=ms-37691-b9bc44798-8jnl4 for Target File=deathstar_*.output
Namespace: default, Pod: ms-37691-b9bc44798-8jnl4 has the target files.
Copying deathstar_ms-37691.output to deathstar_ms-37691.output
tar: removing leading '/' from member names
Debug: Checking Namespace=default, Pod=ms-43309-54f758d465-nvtqd for Target File=deathstar_*.output
Namespace: default, Pod: ms-43309-54f758d465-nvtqd has the target files.
Copying deathstar_ms-43309.output to deathstar_ms-43309.output
tar: removing leading '/' from member names
Debug: Checking Namespace=default, Pod=ms-4354-669cfcbdf6-b5dfg for Target File=deathstar_*.output
Namespace: default, Pod: ms-4354-669cfcbdf6-b5dfg has the target files.
Copying deathstar_ms-4354.output to deathstar_ms-4354.output
tar: removing leading '/' from member names
Debug: Checking Namespace=default, Pod=ms-46825-58c684559d-vk9j7 for Target File=deathstar_*.output
Namespace: default, Pod: ms-46825-58c684559d-vk9j7 has the target files.
Copying deathstar_ms-46825.output to deathstar_ms-46825.output
tar: removing leading '/' from member names
Debug: Checking Namespace=default, Pod=ms-60236-64866cf49-d2s9f for Target File=deathstar_*.output
Namespace: default, Pod: ms-60236-64866cf49-d2s9f has the target files.
Copying deathstar_ms-60236.output to deathstar_ms-60236.output
tar: removing leading '/' from member names
Debug: Checking Namespace=default, Pod=ms-71771-567ddbdd95-8rlh9 for Target File=deathstar_*.output
Namespace: default, Pod: ms-71771-567ddbdd95-8rlh9 has the target files.
Copying deathstar_ms-71771.output to deathstar_ms-71771.output
tar: removing leading '/' from member names
Debug: Checking Namespace=default, Pod=ms-8052-b995968dc-bdpcx for Target File=deathstar_*.output
Namespace: default, Pod: ms-8052-b995968dc-bdpcx has the target files.
Copying deathstar_ms-8052.output to deathstar_ms-8052.output
tar: removing leading '/' from member names
Debug: Checking Namespace=default, Pod=ms-902-5744544f85-nbp5s for Target File=deathstar_*.output
Namespace: default, Pod: ms-902-5744544f85-nbp5s has the target files.
Copying deathstar_ms-902.output to deathstar_ms-902.output
tar: removing leading '/' from member names
Debug: Checking Namespace=default, Pod=nginx-web-server-56557f7cb7-dn47s for Target File=deathstar_*.output
Namespace: default, Pod: nginx-web-server-56557f7cb7-dn47s has the target files.
Copying deathstar_nginx-web-server.output to deathstar_nginx-web-server.output
tar: removing leading '/' from member names
