Deployments: ms-25648
ms-27283
ms-27421
ms-2827
ms-34756
ms-36144
ms-37691
ms-41385
ms-41914
ms-46825
ms-54016
ms-55339
ms-58269
ms-58845
ms-68328
ms-70297
nginx-web-server
unknown
deployment "ms-25648" successfully rolled out
deployment "ms-27283" successfully rolled out
deployment "ms-27421" successfully rolled out
deployment "ms-2827" successfully rolled out
deployment "ms-34756" successfully rolled out
deployment "ms-36144" successfully rolled out
deployment "ms-37691" successfully rolled out
deployment "ms-41385" successfully rolled out
deployment "ms-41914" successfully rolled out
deployment "ms-46825" successfully rolled out
deployment "ms-54016" successfully rolled out
deployment "ms-55339" successfully rolled out
deployment "ms-58269" successfully rolled out
deployment "ms-58845" successfully rolled out
deployment "ms-68328" successfully rolled out
deployment "ms-70297" successfully rolled out
deployment "nginx-web-server" successfully rolled out
deployment "unknown" successfully rolled out
ENTRY_POINT: nginx-web-server
SERVICE_A_URL: 10.111.49.119:50051
Capacity: 10000
Metadata: request-id={{.RequestNumber}}
Metadata: timestamp={{.TimestampUnix}}
Metadata: method=S_161142529
Charon Configurations:
[{INTERCEPT charon} {PRICE_UPDATE_RATE 24689us} {TOKEN_UPDATE_RATE 2294us} {LATENCY_THRESHOLD 29859us} {PRICE_STEP 55} {PRICE_STRATEGY proportional} {LAZY_UPDATE true} {RATE_LIMITING true} {LOAD_SHEDDING true} {CHARON_TRACK_PRICE false} {BREAKWATER_SLO 12500us} {BREAKWATER_A 0.001} {BREAKWATER_B 0.02} {BREAKWATER_CLIENT_EXPIRATION 10ms} {BREAKWATER_INITIAL_CREDIT 400} {BREAKWATER_LOAD_SHEDDING true} {BREAKWATER_RTT 1000us} {BREAKWATERD_SLO 12500us} {BREAKWATERD_A 0.001} {BREAKWATERD_B 0.02} {BREAKWATERD_CLIENT_EXPIRATION 10ms} {BREAKWATERD_INITIAL_CREDIT 400} {BREAKWATERD_LOAD_SHEDDING true} {BREAKWATERD_RTT 1000us} {DAGOR_QUEUING_THRESHOLD 2ms} {DAGOR_ALPHA 0.05} {DAGOR_BETA 0.01} {DAGOR_ADMISSION_LEVEL_UPDATE_INTERVAL 10ms} {DAGOR_UMAX 20}]

Summary:
  Count:	100591
  Total:	14.82 s
  Slowest:	1.04 s
  Fastest:	64.84 ms
  Average:	339.31 ms
  Requests/sec:	6788.88

Response time histogram:
  64.836   [1]     |
  162.322  [52367] |∎∎∎∎∎∎∎∎∎∎∎∎∎∎∎∎∎∎∎∎∎∎∎∎∎∎∎∎∎∎∎∎∎∎∎∎∎∎∎∎
  259.809  [8094]  |∎∎∎∎∎∎
  357.296  [2817]  |∎∎
  454.782  [2233]  |∎∎
  552.269  [1572]  |∎
  649.756  [2252]  |∎∎
  747.243  [4980]  |∎∎∎∎
  844.729  [7378]  |∎∎∎∎∎∎
  942.216  [5959]  |∎∎∎∎∎
  1039.703 [2385]  |∎∎

Latency distribution:
  10 % in 68.32 ms 
  25 % in 100.89 ms 
  50 % in 138.67 ms 
  75 % in 578.44 ms 
  90 % in 835.29 ms 
  95 % in 904.35 ms 
  99 % in 978.03 ms 

Status code distribution:
  [OK]                  90038 responses   
  [ResourceExhausted]   4319 responses    
  [DeadlineExceeded]    5641 responses    
  [Canceled]            592 responses     
  [Unavailable]         1 responses       

Error distribution:
  [1]      rpc error: code = Unavailable desc = transport is closing                                                  
  [238]    rpc error: code = ResourceExhausted desc = S_161142529 req dropped by ms-27283. Try again later.           
  [307]    rpc error: code = ResourceExhausted desc = S_161142529 req dropped by unknown. Try again later.            
  [1027]   rpc error: code = ResourceExhausted desc = S_161142529 req dropped by ms-36144. Try again later.           
  [156]    rpc error: code = ResourceExhausted desc = S_161142529 req dropped by ms-41385. Try again later.           
  [2591]   rpc error: code = ResourceExhausted desc = S_161142529 req dropped by nginx-web-server. Try again later.   
  [5641]   rpc error: code = DeadlineExceeded desc = context deadline exceeded                                        
  [592]    rpc error: code = Canceled desc = grpc: the client connection is closing                                   

Debug: Checking Namespace=default, Pod=ms-25648-86cc47d8bd-ttrkf for Target File=deathstar_*.output
Namespace: default, Pod: ms-25648-86cc47d8bd-ttrkf has the target files.
Copying deathstar_ms-25648.output to deathstar_ms-25648.output
tar: removing leading '/' from member names
Debug: Checking Namespace=default, Pod=ms-27283-7cb76dd56d-lk697 for Target File=deathstar_*.output
Namespace: default, Pod: ms-27283-7cb76dd56d-lk697 has the target files.
Copying deathstar_ms-27283.output to deathstar_ms-27283.output
tar: removing leading '/' from member names
Debug: Checking Namespace=default, Pod=ms-27421-64f549855c-cfjvq for Target File=deathstar_*.output
Namespace: default, Pod: ms-27421-64f549855c-cfjvq has the target files.
Copying deathstar_ms-27421.output to deathstar_ms-27421.output
tar: removing leading '/' from member names
Debug: Checking Namespace=default, Pod=ms-2827-565cbcd7b-jxhsg for Target File=deathstar_*.output
Namespace: default, Pod: ms-2827-565cbcd7b-jxhsg has the target files.
Copying deathstar_ms-2827.output to deathstar_ms-2827.output
tar: removing leading '/' from member names
Debug: Checking Namespace=default, Pod=ms-34756-7c45d5bcc-872vv for Target File=deathstar_*.output
Namespace: default, Pod: ms-34756-7c45d5bcc-872vv has the target files.
Copying deathstar_ms-34756.output to deathstar_ms-34756.output
tar: removing leading '/' from member names
Debug: Checking Namespace=default, Pod=ms-36144-7bf7cbfff6-pg6m5 for Target File=deathstar_*.output
Namespace: default, Pod: ms-36144-7bf7cbfff6-pg6m5 has the target files.
Copying deathstar_ms-36144.output to deathstar_ms-36144.output
tar: removing leading '/' from member names
Debug: Checking Namespace=default, Pod=ms-37691-6f7cbf7c5-dmc99 for Target File=deathstar_*.output
Namespace: default, Pod: ms-37691-6f7cbf7c5-dmc99 has the target files.
Copying deathstar_ms-37691.output to deathstar_ms-37691.output
tar: removing leading '/' from member names
Debug: Checking Namespace=default, Pod=ms-41385-6bc4f5d4fc-82cxf for Target File=deathstar_*.output
Namespace: default, Pod: ms-41385-6bc4f5d4fc-82cxf has the target files.
Copying deathstar_ms-41385.output to deathstar_ms-41385.output
tar: removing leading '/' from member names
Debug: Checking Namespace=default, Pod=ms-41914-5555dd8d48-dn8js for Target File=deathstar_*.output
Namespace: default, Pod: ms-41914-5555dd8d48-dn8js has the target files.
Copying deathstar_ms-41914.output to deathstar_ms-41914.output
tar: removing leading '/' from member names
Debug: Checking Namespace=default, Pod=ms-46825-58c684559d-k5d4l for Target File=deathstar_*.output
Namespace: default, Pod: ms-46825-58c684559d-k5d4l has the target files.
Copying deathstar_ms-46825.output to deathstar_ms-46825.output
tar: removing leading '/' from member names
Debug: Checking Namespace=default, Pod=ms-54016-5665fbcb8d-6nfxz for Target File=deathstar_*.output
Namespace: default, Pod: ms-54016-5665fbcb8d-6nfxz has the target files.
Copying deathstar_ms-54016.output to deathstar_ms-54016.output
tar: removing leading '/' from member names
Debug: Checking Namespace=default, Pod=ms-55339-5b545b67bb-pbtz5 for Target File=deathstar_*.output
Namespace: default, Pod: ms-55339-5b545b67bb-pbtz5 has the target files.
Copying deathstar_ms-55339.output to deathstar_ms-55339.output
tar: removing leading '/' from member names
Debug: Checking Namespace=default, Pod=ms-58269-8c4794c6c-4rwh4 for Target File=deathstar_*.output
Namespace: default, Pod: ms-58269-8c4794c6c-4rwh4 has the target files.
Copying deathstar_ms-58269.output to deathstar_ms-58269.output
tar: removing leading '/' from member names
Debug: Checking Namespace=default, Pod=ms-58845-5bc6f9d8df-grrgc for Target File=deathstar_*.output
Namespace: default, Pod: ms-58845-5bc6f9d8df-grrgc has the target files.
Copying deathstar_ms-58845.output to deathstar_ms-58845.output
tar: removing leading '/' from member names
Debug: Checking Namespace=default, Pod=ms-68328-5866fd45b7-plhqv for Target File=deathstar_*.output
Namespace: default, Pod: ms-68328-5866fd45b7-plhqv has the target files.
Copying deathstar_ms-68328.output to deathstar_ms-68328.output
tar: removing leading '/' from member names
Debug: Checking Namespace=default, Pod=ms-70297-868876bcdb-qwvmw for Target File=deathstar_*.output
Namespace: default, Pod: ms-70297-868876bcdb-qwvmw has the target files.
Copying deathstar_ms-70297.output to deathstar_ms-70297.output
tar: removing leading '/' from member names
Debug: Checking Namespace=default, Pod=nginx-web-server-56557f7cb7-t2pgd for Target File=deathstar_*.output
Namespace: default, Pod: nginx-web-server-56557f7cb7-t2pgd has the target files.
Copying deathstar_nginx-web-server.output to deathstar_nginx-web-server.output
tar: removing leading '/' from member names
Debug: Checking Namespace=default, Pod=unknown-57ddd65965-6trgv for Target File=deathstar_*.output
Namespace: default, Pod: unknown-57ddd65965-6trgv has the target files.
Copying deathstar_unknown.output to deathstar_unknown.output
tar: removing leading '/' from member names
