Deployments: ms-11070
ms-11285
ms-11512
ms-1278
ms-13873
ms-19953
ms-21883
ms-25124
ms-27421
ms-2827
ms-33719
ms-37691
ms-43309
ms-4354
ms-46825
ms-60236
ms-71771
ms-8052
ms-902
nginx-web-server
deployment "ms-11070" successfully rolled out
deployment "ms-11285" successfully rolled out
deployment "ms-11512" successfully rolled out
deployment "ms-1278" successfully rolled out
deployment "ms-13873" successfully rolled out
deployment "ms-19953" successfully rolled out
deployment "ms-21883" successfully rolled out
deployment "ms-25124" successfully rolled out
deployment "ms-27421" successfully rolled out
deployment "ms-2827" successfully rolled out
deployment "ms-33719" successfully rolled out
deployment "ms-37691" successfully rolled out
deployment "ms-43309" successfully rolled out
deployment "ms-4354" successfully rolled out
deployment "ms-46825" successfully rolled out
deployment "ms-60236" successfully rolled out
deployment "ms-71771" successfully rolled out
deployment "ms-8052" successfully rolled out
deployment "ms-902" successfully rolled out
deployment "nginx-web-server" successfully rolled out
ENTRY_POINT: nginx-web-server
SERVICE_A_URL: 10.107.1.109:50051
Capacity: 10000
Metadata: request-id={{.RequestNumber}}
Metadata: timestamp={{.TimestampUnix}}
Metadata: method=S_102000854
Charon Configurations:
[{INTERCEPT breakwater} {PRICE_UPDATE_RATE 10ms} {TOKEN_UPDATE_RATE 10ms} {LATENCY_THRESHOLD 100us} {PRICE_STEP 0} {PRICE_STRATEGY step} {LAZY_UPDATE false} {RATE_LIMITING true} {LOAD_SHEDDING true} {CHARON_TRACK_PRICE false} {BREAKWATER_SLO 7184us} {BREAKWATER_A 5.714854955161666} {BREAKWATER_B 1.274819387802592} {BREAKWATER_CLIENT_EXPIRATION 4371us} {BREAKWATER_INITIAL_CREDIT 1399} {BREAKWATER_LOAD_SHEDDING true} {BREAKWATER_RTT 13420us} {BREAKWATERD_SLO 12500us} {BREAKWATERD_A 0.001} {BREAKWATERD_B 0.02} {BREAKWATERD_CLIENT_EXPIRATION 10ms} {BREAKWATERD_INITIAL_CREDIT 400} {BREAKWATERD_LOAD_SHEDDING true} {BREAKWATERD_RTT 1000us} {DAGOR_QUEUING_THRESHOLD 2ms} {DAGOR_ALPHA 0.05} {DAGOR_BETA 0.01} {DAGOR_ADMISSION_LEVEL_UPDATE_INTERVAL 10ms} {DAGOR_UMAX 20}]

Summary:
  Count:	113075
  Total:	14.89 s
  Slowest:	916.88 ms
  Fastest:	38.88 ms
  Average:	168.80 ms
  Requests/sec:	7596.46

Response time histogram:
  38.877  [1]     |
  126.677 [28983] |∎∎∎∎∎∎∎∎∎∎∎∎∎∎∎∎∎∎∎∎∎∎∎∎∎∎∎∎∎∎∎∎∎∎∎∎
  214.477 [31907] |∎∎∎∎∎∎∎∎∎∎∎∎∎∎∎∎∎∎∎∎∎∎∎∎∎∎∎∎∎∎∎∎∎∎∎∎∎∎∎∎
  302.277 [19396] |∎∎∎∎∎∎∎∎∎∎∎∎∎∎∎∎∎∎∎∎∎∎∎∎
  390.077 [7859]  |∎∎∎∎∎∎∎∎∎∎
  477.877 [1663]  |∎∎
  565.677 [1542]  |∎∎
  653.477 [1566]  |∎∎
  741.277 [932]   |∎
  829.077 [343]   |
  916.877 [47]    |

Latency distribution:
  10 % in 42.08 ms 
  25 % in 108.52 ms 
  50 % in 173.91 ms 
  75 % in 249.97 ms 
  90 % in 345.42 ms 
  95 % in 465.07 ms 
  99 % in 692.40 ms 

Status code distribution:
  [OK]                  94239 responses   
  [ResourceExhausted]   16054 responses   
  [Canceled]            2782 responses    

Error distribution:
  [2782]    rpc error: code = Canceled desc = grpc: the client connection is closing                       
  [16054]   rpc error: code = ResourceExhausted desc = Server-side queuing delay is beyond AQM threshold   

Debug: Checking Namespace=default, Pod=ms-11070-7868c54f44-lm857 for Target File=deathstar_*.output
Namespace: default, Pod: ms-11070-7868c54f44-lm857 has the target files.
Copying deathstar_ms-11070.output to deathstar_ms-11070.output
tar: removing leading '/' from member names
Debug: Checking Namespace=default, Pod=ms-11285-67d597dc77-dhwbc for Target File=deathstar_*.output
Namespace: default, Pod: ms-11285-67d597dc77-dhwbc has the target files.
Copying deathstar_ms-11285.output to deathstar_ms-11285.output
tar: removing leading '/' from member names
Debug: Checking Namespace=default, Pod=ms-11512-75f8ddc45b-s6m4f for Target File=deathstar_*.output
Namespace: default, Pod: ms-11512-75f8ddc45b-s6m4f has the target files.
Copying deathstar_ms-11512.output to deathstar_ms-11512.output
tar: removing leading '/' from member names
Debug: Checking Namespace=default, Pod=ms-1278-85766ff6b8-cb95p for Target File=deathstar_*.output
Namespace: default, Pod: ms-1278-85766ff6b8-cb95p has the target files.
Copying deathstar_ms-1278.output to deathstar_ms-1278.output
tar: removing leading '/' from member names
Debug: Checking Namespace=default, Pod=ms-13873-85d7bb7b97-wfj2z for Target File=deathstar_*.output
Namespace: default, Pod: ms-13873-85d7bb7b97-wfj2z has the target files.
Copying deathstar_ms-13873.output to deathstar_ms-13873.output
tar: removing leading '/' from member names
Debug: Checking Namespace=default, Pod=ms-19953-68cc8998c5-86985 for Target File=deathstar_*.output
Namespace: default, Pod: ms-19953-68cc8998c5-86985 has the target files.
Copying deathstar_ms-19953.output to deathstar_ms-19953.output
tar: removing leading '/' from member names
Debug: Checking Namespace=default, Pod=ms-21883-f6c88c6d4-xd5mr for Target File=deathstar_*.output
Namespace: default, Pod: ms-21883-f6c88c6d4-xd5mr has the target files.
Copying deathstar_ms-21883.output to deathstar_ms-21883.output
tar: removing leading '/' from member names
Debug: Checking Namespace=default, Pod=ms-25124-77bd4446f5-9bk4j for Target File=deathstar_*.output
Namespace: default, Pod: ms-25124-77bd4446f5-9bk4j has the target files.
Copying deathstar_ms-25124.output to deathstar_ms-25124.output
tar: removing leading '/' from member names
Debug: Checking Namespace=default, Pod=ms-27421-8565974486-2bgtb for Target File=deathstar_*.output
Namespace: default, Pod: ms-27421-8565974486-2bgtb has the target files.
Copying deathstar_ms-27421.output to deathstar_ms-27421.output
tar: removing leading '/' from member names
Debug: Checking Namespace=default, Pod=ms-2827-5dcc6df4f4-wcddx for Target File=deathstar_*.output
Namespace: default, Pod: ms-2827-5dcc6df4f4-wcddx has the target files.
Copying deathstar_ms-2827.output to deathstar_ms-2827.output
tar: removing leading '/' from member names
Debug: Checking Namespace=default, Pod=ms-33719-6c455cf54c-8pkfq for Target File=deathstar_*.output
Namespace: default, Pod: ms-33719-6c455cf54c-8pkfq has the target files.
Copying deathstar_ms-33719.output to deathstar_ms-33719.output
tar: removing leading '/' from member names
Debug: Checking Namespace=default, Pod=ms-37691-b9bc44798-f64bc for Target File=deathstar_*.output
Namespace: default, Pod: ms-37691-b9bc44798-f64bc has the target files.
Copying deathstar_ms-37691.output to deathstar_ms-37691.output
tar: removing leading '/' from member names
Debug: Checking Namespace=default, Pod=ms-43309-54f758d465-htlps for Target File=deathstar_*.output
Namespace: default, Pod: ms-43309-54f758d465-htlps has the target files.
Copying deathstar_ms-43309.output to deathstar_ms-43309.output
tar: removing leading '/' from member names
Debug: Checking Namespace=default, Pod=ms-4354-669cfcbdf6-whfw9 for Target File=deathstar_*.output
Namespace: default, Pod: ms-4354-669cfcbdf6-whfw9 has the target files.
Copying deathstar_ms-4354.output to deathstar_ms-4354.output
tar: removing leading '/' from member names
Debug: Checking Namespace=default, Pod=ms-46825-58c684559d-6cb2l for Target File=deathstar_*.output
Namespace: default, Pod: ms-46825-58c684559d-6cb2l has the target files.
Copying deathstar_ms-46825.output to deathstar_ms-46825.output
tar: removing leading '/' from member names
Debug: Checking Namespace=default, Pod=ms-60236-64866cf49-d4c4t for Target File=deathstar_*.output
Namespace: default, Pod: ms-60236-64866cf49-d4c4t has the target files.
Copying deathstar_ms-60236.output to deathstar_ms-60236.output
tar: removing leading '/' from member names
Debug: Checking Namespace=default, Pod=ms-71771-567ddbdd95-bzj7g for Target File=deathstar_*.output
Namespace: default, Pod: ms-71771-567ddbdd95-bzj7g has the target files.
Copying deathstar_ms-71771.output to deathstar_ms-71771.output
tar: removing leading '/' from member names
Debug: Checking Namespace=default, Pod=ms-8052-b995968dc-x6hqf for Target File=deathstar_*.output
Namespace: default, Pod: ms-8052-b995968dc-x6hqf has the target files.
Copying deathstar_ms-8052.output to deathstar_ms-8052.output
tar: removing leading '/' from member names
Debug: Checking Namespace=default, Pod=ms-902-5744544f85-5jgvw for Target File=deathstar_*.output
Namespace: default, Pod: ms-902-5744544f85-5jgvw has the target files.
Copying deathstar_ms-902.output to deathstar_ms-902.output
tar: removing leading '/' from member names
Debug: Checking Namespace=default, Pod=nginx-web-server-56557f7cb7-bjpqm for Target File=deathstar_*.output
Namespace: default, Pod: nginx-web-server-56557f7cb7-bjpqm has the target files.
Copying deathstar_nginx-web-server.output to deathstar_nginx-web-server.output
tar: removing leading '/' from member names
