Deployments: ms-11070
ms-11285
ms-11512
ms-1278
ms-13873
ms-19953
ms-21883
ms-25124
ms-27421
ms-2827
ms-33719
ms-37691
ms-43309
ms-4354
ms-46825
ms-60236
ms-71771
ms-8052
ms-902
nginx-web-server
deployment "ms-11070" successfully rolled out
deployment "ms-11285" successfully rolled out
deployment "ms-11512" successfully rolled out
deployment "ms-1278" successfully rolled out
deployment "ms-13873" successfully rolled out
deployment "ms-19953" successfully rolled out
deployment "ms-21883" successfully rolled out
deployment "ms-25124" successfully rolled out
deployment "ms-27421" successfully rolled out
deployment "ms-2827" successfully rolled out
deployment "ms-33719" successfully rolled out
deployment "ms-37691" successfully rolled out
deployment "ms-43309" successfully rolled out
deployment "ms-4354" successfully rolled out
deployment "ms-46825" successfully rolled out
deployment "ms-60236" successfully rolled out
deployment "ms-71771" successfully rolled out
deployment "ms-8052" successfully rolled out
deployment "ms-902" successfully rolled out
deployment "nginx-web-server" successfully rolled out
ENTRY_POINT: nginx-web-server
SERVICE_A_URL: 10.99.46.84:50051
Capacity: 10000
Metadata: request-id={{.RequestNumber}}
Metadata: timestamp={{.TimestampUnix}}
Metadata: method=S_102000854
Charon Configurations:
[{INTERCEPT breakwater} {PRICE_UPDATE_RATE 10ms} {TOKEN_UPDATE_RATE 10ms} {LATENCY_THRESHOLD 100us} {PRICE_STEP 0} {PRICE_STRATEGY step} {LAZY_UPDATE false} {RATE_LIMITING true} {LOAD_SHEDDING true} {CHARON_TRACK_PRICE false} {BREAKWATER_SLO 6378us} {BREAKWATER_A 1.966936676661002} {BREAKWATER_B 0.8422152500101043} {BREAKWATER_CLIENT_EXPIRATION 4789us} {BREAKWATER_INITIAL_CREDIT 1066} {BREAKWATER_LOAD_SHEDDING true} {BREAKWATER_RTT 13837us} {BREAKWATERD_SLO 12500us} {BREAKWATERD_A 0.001} {BREAKWATERD_B 0.02} {BREAKWATERD_CLIENT_EXPIRATION 10ms} {BREAKWATERD_INITIAL_CREDIT 400} {BREAKWATERD_LOAD_SHEDDING true} {BREAKWATERD_RTT 1000us} {DAGOR_QUEUING_THRESHOLD 2ms} {DAGOR_ALPHA 0.05} {DAGOR_BETA 0.01} {DAGOR_ADMISSION_LEVEL_UPDATE_INTERVAL 10ms} {DAGOR_UMAX 20}]

Summary:
  Count:	112869
  Total:	14.81 s
  Slowest:	888.41 ms
  Fastest:	38.94 ms
  Average:	148.01 ms
  Requests/sec:	7621.60

Response time histogram:
  38.943  [1]     |
  123.890 [28696] |∎∎∎∎∎∎∎∎∎∎∎∎∎∎∎∎∎∎∎∎∎∎∎∎∎∎∎∎∎∎∎∎∎∎∎∎∎∎
  208.837 [30146] |∎∎∎∎∎∎∎∎∎∎∎∎∎∎∎∎∎∎∎∎∎∎∎∎∎∎∎∎∎∎∎∎∎∎∎∎∎∎∎∎
  293.785 [24581] |∎∎∎∎∎∎∎∎∎∎∎∎∎∎∎∎∎∎∎∎∎∎∎∎∎∎∎∎∎∎∎∎∎
  378.732 [8146]  |∎∎∎∎∎∎∎∎∎∎∎
  463.679 [1592]  |∎∎
  548.626 [45]    |
  633.573 [1]     |
  718.520 [8]     |
  803.467 [64]    |
  888.414 [99]    |

Latency distribution:
  10 % in 42.32 ms 
  25 % in 108.26 ms 
  50 % in 174.78 ms 
  75 % in 242.24 ms 
  90 % in 297.09 ms 
  95 % in 333.62 ms 
  99 % in 402.38 ms 

Status code distribution:
  [OK]                  93379 responses   
  [ResourceExhausted]   19023 responses   
  [Canceled]            467 responses     

Error distribution:
  [19023]   rpc error: code = ResourceExhausted desc = Server-side queuing delay is beyond AQM threshold   
  [467]     rpc error: code = Canceled desc = grpc: the client connection is closing                       

Debug: Checking Namespace=default, Pod=ms-11070-7868c54f44-wpmm2 for Target File=deathstar_*.output
Namespace: default, Pod: ms-11070-7868c54f44-wpmm2 has the target files.
Copying deathstar_ms-11070.output to deathstar_ms-11070.output
tar: removing leading '/' from member names
Debug: Checking Namespace=default, Pod=ms-11285-67d597dc77-l2qgf for Target File=deathstar_*.output
Namespace: default, Pod: ms-11285-67d597dc77-l2qgf has the target files.
Copying deathstar_ms-11285.output to deathstar_ms-11285.output
tar: removing leading '/' from member names
Debug: Checking Namespace=default, Pod=ms-11512-75f8ddc45b-7l8rw for Target File=deathstar_*.output
Namespace: default, Pod: ms-11512-75f8ddc45b-7l8rw has the target files.
Copying deathstar_ms-11512.output to deathstar_ms-11512.output
tar: removing leading '/' from member names
Debug: Checking Namespace=default, Pod=ms-1278-85766ff6b8-7sqdw for Target File=deathstar_*.output
Namespace: default, Pod: ms-1278-85766ff6b8-7sqdw has the target files.
Copying deathstar_ms-1278.output to deathstar_ms-1278.output
tar: removing leading '/' from member names
Debug: Checking Namespace=default, Pod=ms-13873-85d7bb7b97-fgfzb for Target File=deathstar_*.output
Namespace: default, Pod: ms-13873-85d7bb7b97-fgfzb has the target files.
Copying deathstar_ms-13873.output to deathstar_ms-13873.output
tar: removing leading '/' from member names
Debug: Checking Namespace=default, Pod=ms-19953-68cc8998c5-s2lg9 for Target File=deathstar_*.output
Namespace: default, Pod: ms-19953-68cc8998c5-s2lg9 has the target files.
Copying deathstar_ms-19953.output to deathstar_ms-19953.output
tar: removing leading '/' from member names
Debug: Checking Namespace=default, Pod=ms-21883-f6c88c6d4-qj4ff for Target File=deathstar_*.output
Namespace: default, Pod: ms-21883-f6c88c6d4-qj4ff has the target files.
Copying deathstar_ms-21883.output to deathstar_ms-21883.output
tar: removing leading '/' from member names
Debug: Checking Namespace=default, Pod=ms-25124-77bd4446f5-crqb7 for Target File=deathstar_*.output
Namespace: default, Pod: ms-25124-77bd4446f5-crqb7 has the target files.
Copying deathstar_ms-25124.output to deathstar_ms-25124.output
tar: removing leading '/' from member names
Debug: Checking Namespace=default, Pod=ms-27421-8565974486-sx9wt for Target File=deathstar_*.output
Namespace: default, Pod: ms-27421-8565974486-sx9wt has the target files.
Copying deathstar_ms-27421.output to deathstar_ms-27421.output
tar: removing leading '/' from member names
Debug: Checking Namespace=default, Pod=ms-2827-5dcc6df4f4-d4lkv for Target File=deathstar_*.output
Namespace: default, Pod: ms-2827-5dcc6df4f4-d4lkv has the target files.
Copying deathstar_ms-2827.output to deathstar_ms-2827.output
tar: removing leading '/' from member names
Debug: Checking Namespace=default, Pod=ms-33719-6c455cf54c-9nrn4 for Target File=deathstar_*.output
Namespace: default, Pod: ms-33719-6c455cf54c-9nrn4 has the target files.
Copying deathstar_ms-33719.output to deathstar_ms-33719.output
tar: removing leading '/' from member names
Debug: Checking Namespace=default, Pod=ms-37691-b9bc44798-68wss for Target File=deathstar_*.output
Namespace: default, Pod: ms-37691-b9bc44798-68wss has the target files.
Copying deathstar_ms-37691.output to deathstar_ms-37691.output
tar: removing leading '/' from member names
Debug: Checking Namespace=default, Pod=ms-43309-54f758d465-z46dq for Target File=deathstar_*.output
Namespace: default, Pod: ms-43309-54f758d465-z46dq has the target files.
Copying deathstar_ms-43309.output to deathstar_ms-43309.output
tar: removing leading '/' from member names
Debug: Checking Namespace=default, Pod=ms-4354-669cfcbdf6-zcx6j for Target File=deathstar_*.output
Namespace: default, Pod: ms-4354-669cfcbdf6-zcx6j has the target files.
Copying deathstar_ms-4354.output to deathstar_ms-4354.output
tar: removing leading '/' from member names
Debug: Checking Namespace=default, Pod=ms-46825-58c684559d-wtsmw for Target File=deathstar_*.output
Namespace: default, Pod: ms-46825-58c684559d-wtsmw has the target files.
Copying deathstar_ms-46825.output to deathstar_ms-46825.output
tar: removing leading '/' from member names
Debug: Checking Namespace=default, Pod=ms-60236-64866cf49-qsmqk for Target File=deathstar_*.output
Namespace: default, Pod: ms-60236-64866cf49-qsmqk has the target files.
Copying deathstar_ms-60236.output to deathstar_ms-60236.output
tar: removing leading '/' from member names
Debug: Checking Namespace=default, Pod=ms-71771-567ddbdd95-vrjh8 for Target File=deathstar_*.output
Namespace: default, Pod: ms-71771-567ddbdd95-vrjh8 has the target files.
Copying deathstar_ms-71771.output to deathstar_ms-71771.output
tar: removing leading '/' from member names
Debug: Checking Namespace=default, Pod=ms-8052-b995968dc-9vwv7 for Target File=deathstar_*.output
Namespace: default, Pod: ms-8052-b995968dc-9vwv7 has the target files.
Copying deathstar_ms-8052.output to deathstar_ms-8052.output
tar: removing leading '/' from member names
Debug: Checking Namespace=default, Pod=ms-902-5744544f85-xdms4 for Target File=deathstar_*.output
Namespace: default, Pod: ms-902-5744544f85-xdms4 has the target files.
Copying deathstar_ms-902.output to deathstar_ms-902.output
tar: removing leading '/' from member names
Debug: Checking Namespace=default, Pod=nginx-web-server-56557f7cb7-bcqlk for Target File=deathstar_*.output
Namespace: default, Pod: nginx-web-server-56557f7cb7-bcqlk has the target files.
Copying deathstar_nginx-web-server.output to deathstar_nginx-web-server.output
tar: removing leading '/' from member names
