Deployments: ms-10090
ms-13558
ms-18330
ms-19585
ms-20172
ms-22893
ms-24009
ms-24959
ms-26622
ms-27421
ms-29373
ms-32301
ms-3289
ms-37691
ms-38964
ms-40147
ms-48118
ms-4829
ms-51685
ms-52379
ms-55394
ms-58436
ms-58772
ms-59962
ms-60061
ms-6323
ms-65741
ms-66473
ms-69188
ms-69614
ms-9081
nginx-web-server
unknown
deployment "ms-10090" successfully rolled out
deployment "ms-13558" successfully rolled out
deployment "ms-18330" successfully rolled out
deployment "ms-19585" successfully rolled out
deployment "ms-20172" successfully rolled out
deployment "ms-22893" successfully rolled out
deployment "ms-24009" successfully rolled out
deployment "ms-24959" successfully rolled out
deployment "ms-26622" successfully rolled out
deployment "ms-27421" successfully rolled out
deployment "ms-29373" successfully rolled out
deployment "ms-32301" successfully rolled out
deployment "ms-3289" successfully rolled out
deployment "ms-37691" successfully rolled out
deployment "ms-38964" successfully rolled out
deployment "ms-40147" successfully rolled out
deployment "ms-48118" successfully rolled out
deployment "ms-4829" successfully rolled out
deployment "ms-51685" successfully rolled out
deployment "ms-52379" successfully rolled out
deployment "ms-55394" successfully rolled out
deployment "ms-58436" successfully rolled out
deployment "ms-58772" successfully rolled out
deployment "ms-59962" successfully rolled out
deployment "ms-60061" successfully rolled out
deployment "ms-6323" successfully rolled out
deployment "ms-65741" successfully rolled out
deployment "ms-66473" successfully rolled out
deployment "ms-69188" successfully rolled out
deployment "ms-69614" successfully rolled out
deployment "ms-9081" successfully rolled out
deployment "nginx-web-server" successfully rolled out
deployment "unknown" successfully rolled out
ENTRY_POINT: nginx-web-server
SERVICE_A_URL: 10.97.47.4:50051
Capacity: 3000
Metadata: request-id={{.RequestNumber}}
Metadata: timestamp={{.TimestampUnix}}
Metadata: method=S_149998854
Charon Configurations:
[{INTERCEPT breakwaterd} {PRICE_UPDATE_RATE 10ms} {TOKEN_UPDATE_RATE 10ms} {LATENCY_THRESHOLD 100us} {PRICE_STEP 0} {PRICE_STRATEGY step} {LAZY_UPDATE false} {RATE_LIMITING true} {LOAD_SHEDDING true} {CHARON_TRACK_PRICE false} {BREAKWATER_SLO 26072us} {BREAKWATER_A 1.7410064597889685} {BREAKWATER_B 1.0434288465238961} {BREAKWATER_CLIENT_EXPIRATION 3882us} {BREAKWATER_INITIAL_CREDIT 123} {BREAKWATER_LOAD_SHEDDING true} {BREAKWATER_RTT 14893us} {BREAKWATERD_SLO 36311us} {BREAKWATERD_A 5.984254797986397} {BREAKWATERD_B 9.103968262162901} {BREAKWATERD_CLIENT_EXPIRATION 15740us} {BREAKWATERD_INITIAL_CREDIT 2475} {BREAKWATERD_LOAD_SHEDDING true} {BREAKWATERD_RTT 4788us} {DAGOR_QUEUING_THRESHOLD 2ms} {DAGOR_ALPHA 0.05} {DAGOR_BETA 0.01} {DAGOR_ADMISSION_LEVEL_UPDATE_INTERVAL 10ms} {DAGOR_UMAX 20}]

Summary:
  Count:	38493
  Total:	24.85 s
  Slowest:	915.48 ms
  Fastest:	111.17 ms
  Average:	122.21 ms
  Requests/sec:	1548.75

Response time histogram:
  111.169 [1]     |
  191.600 [37951] |∎∎∎∎∎∎∎∎∎∎∎∎∎∎∎∎∎∎∎∎∎∎∎∎∎∎∎∎∎∎∎∎∎∎∎∎∎∎∎∎
  272.031 [0]     |
  352.462 [0]     |
  432.894 [0]     |
  513.325 [0]     |
  593.756 [0]     |
  674.187 [0]     |
  754.618 [29]    |
  835.049 [145]   |
  915.481 [68]    |

Latency distribution:
  10 % in 113.43 ms 
  25 % in 114.81 ms 
  50 % in 117.21 ms 
  75 % in 120.76 ms 
  90 % in 125.35 ms 
  95 % in 129.07 ms 
  99 % in 141.99 ms 

Status code distribution:
  [ResourceExhausted]   61 responses      
  [OK]                  38194 responses   
  [Canceled]            238 responses     

Error distribution:
  [2]     rpc error: code = ResourceExhausted desc = Client id b328c5da-6955-41ed-ac33-4bd9a48cf508 request expired in queue.   
  [38]    rpc error: code = ResourceExhausted desc = Client id 2ec99922-76d3-4f43-83dc-29518c03d738 request expired in queue.   
  [2]     rpc error: code = ResourceExhausted desc = Client id 014a983e-7dcc-49d0-b3df-481782aac1de request expired in queue.   
  [5]     rpc error: code = ResourceExhausted desc = Client id ec62046b-b94d-4cb5-9be0-fac5b585236f request expired in queue.   
  [238]   rpc error: code = Canceled desc = grpc: the client connection is closing                                              
  [2]     rpc error: code = ResourceExhausted desc = Client id 7c0be329-707f-44fd-a3fe-8cd0ffa2548e request expired in queue.   
  [4]     rpc error: code = ResourceExhausted desc = Client id 977abec0-98e4-4079-98c3-a1582805345c request expired in queue.   
  [8]     rpc error: code = ResourceExhausted desc = Client id 3f8d44a7-3dd6-4538-9d86-fa86abd36337 request expired in queue.   

Debug: Checking Namespace=default, Pod=ms-10090-6454f977fd-4x47q for Target File=deathstar_*.output
Namespace: default, Pod: ms-10090-6454f977fd-4x47q has the target files.
Copying deathstar_ms-10090.output to deathstar_ms-10090.output
tar: removing leading '/' from member names
Debug: Checking Namespace=default, Pod=ms-13558-b48bb5d9d-prtbx for Target File=deathstar_*.output
Namespace: default, Pod: ms-13558-b48bb5d9d-prtbx has the target files.
Copying deathstar_ms-13558.output to deathstar_ms-13558.output
tar: removing leading '/' from member names
Debug: Checking Namespace=default, Pod=ms-18330-759d9cf49c-cwjqk for Target File=deathstar_*.output
Namespace: default, Pod: ms-18330-759d9cf49c-cwjqk has the target files.
Copying deathstar_ms-18330.output to deathstar_ms-18330.output
tar: removing leading '/' from member names
Debug: Checking Namespace=default, Pod=ms-19585-6f995cfcbf-7hb67 for Target File=deathstar_*.output
Namespace: default, Pod: ms-19585-6f995cfcbf-7hb67 has the target files.
Copying deathstar_ms-19585.output to deathstar_ms-19585.output
tar: removing leading '/' from member names
Debug: Checking Namespace=default, Pod=ms-20172-59d5485464-jc77t for Target File=deathstar_*.output
Namespace: default, Pod: ms-20172-59d5485464-jc77t has the target files.
Copying deathstar_ms-20172.output to deathstar_ms-20172.output
tar: removing leading '/' from member names
Debug: Checking Namespace=default, Pod=ms-22893-576fd5f9f6-gtqw6 for Target File=deathstar_*.output
Namespace: default, Pod: ms-22893-576fd5f9f6-gtqw6 has the target files.
Copying deathstar_ms-22893.output to deathstar_ms-22893.output
tar: removing leading '/' from member names
Debug: Checking Namespace=default, Pod=ms-24009-67dbf5b976-4cphb for Target File=deathstar_*.output
Namespace: default, Pod: ms-24009-67dbf5b976-4cphb has the target files.
Copying deathstar_ms-24009.output to deathstar_ms-24009.output
tar: removing leading '/' from member names
Debug: Checking Namespace=default, Pod=ms-24959-99f8bbf9-2vfjm for Target File=deathstar_*.output
Namespace: default, Pod: ms-24959-99f8bbf9-2vfjm has the target files.
Copying deathstar_ms-24959.output to deathstar_ms-24959.output
tar: removing leading '/' from member names
Debug: Checking Namespace=default, Pod=ms-26622-66fdf7d64f-zh67z for Target File=deathstar_*.output
Namespace: default, Pod: ms-26622-66fdf7d64f-zh67z has the target files.
Copying deathstar_ms-26622.output to deathstar_ms-26622.output
tar: removing leading '/' from member names
Debug: Checking Namespace=default, Pod=ms-27421-64f549855c-9bkwl for Target File=deathstar_*.output
Namespace: default, Pod: ms-27421-64f549855c-9bkwl has the target files.
Copying deathstar_ms-27421.output to deathstar_ms-27421.output
tar: removing leading '/' from member names
Debug: Checking Namespace=default, Pod=ms-29373-8467f7db44-lxbkx for Target File=deathstar_*.output
Namespace: default, Pod: ms-29373-8467f7db44-lxbkx has the target files.
Copying deathstar_ms-29373.output to deathstar_ms-29373.output
tar: removing leading '/' from member names
Debug: Checking Namespace=default, Pod=ms-32301-c5654bbc5-zhkqx for Target File=deathstar_*.output
Namespace: default, Pod: ms-32301-c5654bbc5-zhkqx has the target files.
Copying deathstar_ms-32301.output to deathstar_ms-32301.output
tar: removing leading '/' from member names
Debug: Checking Namespace=default, Pod=ms-3289-587dbd96bf-w7bc9 for Target File=deathstar_*.output
Namespace: default, Pod: ms-3289-587dbd96bf-w7bc9 has the target files.
Copying deathstar_ms-3289.output to deathstar_ms-3289.output
tar: removing leading '/' from member names
Debug: Checking Namespace=default, Pod=ms-37691-6dc6cd6744-zgmrw for Target File=deathstar_*.output
Namespace: default, Pod: ms-37691-6dc6cd6744-zgmrw has the target files.
Copying deathstar_ms-37691.output to deathstar_ms-37691.output
tar: removing leading '/' from member names
Debug: Checking Namespace=default, Pod=ms-38964-5b647cdbd-l7lrs for Target File=deathstar_*.output
Namespace: default, Pod: ms-38964-5b647cdbd-l7lrs has the target files.
Copying deathstar_ms-38964.output to deathstar_ms-38964.output
tar: removing leading '/' from member names
Debug: Checking Namespace=default, Pod=ms-40147-cd867585-qkltq for Target File=deathstar_*.output
Namespace: default, Pod: ms-40147-cd867585-qkltq has the target files.
Copying deathstar_ms-40147.output to deathstar_ms-40147.output
tar: removing leading '/' from member names
Debug: Checking Namespace=default, Pod=ms-48118-ff7b99cc9-hmlnm for Target File=deathstar_*.output
Namespace: default, Pod: ms-48118-ff7b99cc9-hmlnm has the target files.
Copying deathstar_ms-48118.output to deathstar_ms-48118.output
tar: removing leading '/' from member names
Debug: Checking Namespace=default, Pod=ms-4829-669557b66c-xsml8 for Target File=deathstar_*.output
Namespace: default, Pod: ms-4829-669557b66c-xsml8 has the target files.
Copying deathstar_ms-4829.output to deathstar_ms-4829.output
tar: removing leading '/' from member names
Debug: Checking Namespace=default, Pod=ms-51685-79858c784f-tjfkp for Target File=deathstar_*.output
Namespace: default, Pod: ms-51685-79858c784f-tjfkp has the target files.
Copying deathstar_ms-51685.output to deathstar_ms-51685.output
tar: removing leading '/' from member names
Debug: Checking Namespace=default, Pod=ms-52379-57c6cdd54b-f7rh2 for Target File=deathstar_*.output
Namespace: default, Pod: ms-52379-57c6cdd54b-f7rh2 has the target files.
Copying deathstar_ms-52379.output to deathstar_ms-52379.output
tar: removing leading '/' from member names
Debug: Checking Namespace=default, Pod=ms-55394-6f999f5df9-nf4ff for Target File=deathstar_*.output
Namespace: default, Pod: ms-55394-6f999f5df9-nf4ff has the target files.
Copying deathstar_ms-55394.output to deathstar_ms-55394.output
tar: removing leading '/' from member names
Debug: Checking Namespace=default, Pod=ms-58436-59dd96f659-5msf7 for Target File=deathstar_*.output
Namespace: default, Pod: ms-58436-59dd96f659-5msf7 has the target files.
Copying deathstar_ms-58436.output to deathstar_ms-58436.output
tar: removing leading '/' from member names
Debug: Checking Namespace=default, Pod=ms-58772-68ff78c966-rjknd for Target File=deathstar_*.output
Namespace: default, Pod: ms-58772-68ff78c966-rjknd has the target files.
Copying deathstar_ms-58772.output to deathstar_ms-58772.output
tar: removing leading '/' from member names
Debug: Checking Namespace=default, Pod=ms-59962-756b895b58-f7zsn for Target File=deathstar_*.output
Namespace: default, Pod: ms-59962-756b895b58-f7zsn has the target files.
Copying deathstar_ms-59962.output to deathstar_ms-59962.output
tar: removing leading '/' from member names
Debug: Checking Namespace=default, Pod=ms-60061-68bd84bdcd-nb9kf for Target File=deathstar_*.output
Namespace: default, Pod: ms-60061-68bd84bdcd-nb9kf has the target files.
Copying deathstar_ms-60061.output to deathstar_ms-60061.output
tar: removing leading '/' from member names
Debug: Checking Namespace=default, Pod=ms-6323-974659fcd-lr2m5 for Target File=deathstar_*.output
Namespace: default, Pod: ms-6323-974659fcd-lr2m5 has the target files.
Copying deathstar_ms-6323.output to deathstar_ms-6323.output
tar: removing leading '/' from member names
Debug: Checking Namespace=default, Pod=ms-65741-65f588bcdf-qx6f5 for Target File=deathstar_*.output
Namespace: default, Pod: ms-65741-65f588bcdf-qx6f5 has the target files.
Copying deathstar_ms-65741.output to deathstar_ms-65741.output
tar: removing leading '/' from member names
Debug: Checking Namespace=default, Pod=ms-66473-79c66f8bff-9892m for Target File=deathstar_*.output
Namespace: default, Pod: ms-66473-79c66f8bff-9892m has the target files.
Copying deathstar_ms-66473.output to deathstar_ms-66473.output
tar: removing leading '/' from member names
Debug: Checking Namespace=default, Pod=ms-69188-65c548d4cb-sd57m for Target File=deathstar_*.output
Namespace: default, Pod: ms-69188-65c548d4cb-sd57m has the target files.
Copying deathstar_ms-69188.output to deathstar_ms-69188.output
tar: removing leading '/' from member names
Debug: Checking Namespace=default, Pod=ms-69614-794bd8475-gqqzc for Target File=deathstar_*.output
Namespace: default, Pod: ms-69614-794bd8475-gqqzc has the target files.
Copying deathstar_ms-69614.output to deathstar_ms-69614.output
tar: removing leading '/' from member names
Debug: Checking Namespace=default, Pod=ms-9081-567985788-4c2fb for Target File=deathstar_*.output
Namespace: default, Pod: ms-9081-567985788-4c2fb has the target files.
Copying deathstar_ms-9081.output to deathstar_ms-9081.output
tar: removing leading '/' from member names
Debug: Checking Namespace=default, Pod=nginx-web-server-56557f7cb7-g5npq for Target File=deathstar_*.output
Namespace: default, Pod: nginx-web-server-56557f7cb7-g5npq has the target files.
Copying deathstar_nginx-web-server.output to deathstar_nginx-web-server.output
tar: removing leading '/' from member names
Debug: Checking Namespace=default, Pod=unknown-6ddf9bd4b5-w5jrd for Target File=deathstar_*.output
Namespace: default, Pod: unknown-6ddf9bd4b5-w5jrd has the target files.
Copying deathstar_unknown.output to deathstar_unknown.output
tar: removing leading '/' from member names
