Deployments: ms-10090
ms-13558
ms-18330
ms-19585
ms-20172
ms-22893
ms-24009
ms-24959
ms-26622
ms-27421
ms-29373
ms-32301
ms-3289
ms-37691
ms-38964
ms-40147
ms-48118
ms-4829
ms-51685
ms-52379
ms-55394
ms-58436
ms-58772
ms-59962
ms-60061
ms-6323
ms-65741
ms-66473
ms-69188
ms-69614
ms-9081
nginx-web-server
unknown
deployment "ms-10090" successfully rolled out
deployment "ms-13558" successfully rolled out
deployment "ms-18330" successfully rolled out
deployment "ms-19585" successfully rolled out
deployment "ms-20172" successfully rolled out
deployment "ms-22893" successfully rolled out
deployment "ms-24009" successfully rolled out
deployment "ms-24959" successfully rolled out
deployment "ms-26622" successfully rolled out
deployment "ms-27421" successfully rolled out
deployment "ms-29373" successfully rolled out
deployment "ms-32301" successfully rolled out
deployment "ms-3289" successfully rolled out
deployment "ms-37691" successfully rolled out
deployment "ms-38964" successfully rolled out
deployment "ms-40147" successfully rolled out
deployment "ms-48118" successfully rolled out
deployment "ms-4829" successfully rolled out
deployment "ms-51685" successfully rolled out
deployment "ms-52379" successfully rolled out
deployment "ms-55394" successfully rolled out
deployment "ms-58436" successfully rolled out
deployment "ms-58772" successfully rolled out
deployment "ms-59962" successfully rolled out
deployment "ms-60061" successfully rolled out
deployment "ms-6323" successfully rolled out
deployment "ms-65741" successfully rolled out
deployment "ms-66473" successfully rolled out
deployment "ms-69188" successfully rolled out
deployment "ms-69614" successfully rolled out
deployment "ms-9081" successfully rolled out
deployment "nginx-web-server" successfully rolled out
deployment "unknown" successfully rolled out
ENTRY_POINT: nginx-web-server
SERVICE_A_URL: 10.109.139.148:50051
Capacity: 10000
Metadata: method=S_149998854
Metadata: request-id={{.RequestNumber}}
Metadata: timestamp={{.TimestampUnix}}
Charon Configurations:
[{INTERCEPT breakwaterd} {PRICE_UPDATE_RATE 10ms} {TOKEN_UPDATE_RATE 10ms} {LATENCY_THRESHOLD 100us} {PRICE_STEP 0} {PRICE_STRATEGY step} {LAZY_UPDATE false} {RATE_LIMITING true} {LOAD_SHEDDING true} {CHARON_TRACK_PRICE false} {BREAKWATER_SLO 42768us} {BREAKWATER_A 4.285434597232186} {BREAKWATER_B 6.027525859301395} {BREAKWATER_CLIENT_EXPIRATION 623us} {BREAKWATER_INITIAL_CREDIT 44} {BREAKWATER_LOAD_SHEDDING true} {BREAKWATER_RTT 7161us} {BREAKWATERD_SLO 74826us} {BREAKWATERD_A 6.220078760941653} {BREAKWATERD_B 6.121322409202259} {BREAKWATERD_CLIENT_EXPIRATION 43744us} {BREAKWATERD_INITIAL_CREDIT 4666} {BREAKWATERD_LOAD_SHEDDING true} {BREAKWATERD_RTT 15056us} {DAGOR_QUEUING_THRESHOLD 2ms} {DAGOR_ALPHA 0.05} {DAGOR_BETA 0.01} {DAGOR_ADMISSION_LEVEL_UPDATE_INTERVAL 10ms} {DAGOR_UMAX 20}]

Summary:
  Count:	26633
  Total:	25.00 s
  Slowest:	861.41 ms
  Fastest:	111.45 ms
  Average:	90.58 ms
  Requests/sec:	1065.30

Response time histogram:
  111.454 [1]    |
  186.450 [7331] |∎∎∎∎∎∎∎∎∎∎∎∎∎∎∎∎∎∎∎∎∎∎∎∎∎∎∎∎∎∎∎∎∎∎∎∎∎∎∎∎
  261.446 [55]   |
  336.442 [3]    |
  411.438 [0]    |
  486.434 [0]    |
  561.430 [0]    |
  636.426 [0]    |
  711.423 [0]    |
  786.419 [26]   |
  861.415 [37]   |

Latency distribution:
  10 % in 113.48 ms 
  25 % in 114.58 ms 
  50 % in 117.00 ms 
  75 % in 124.14 ms 
  90 % in 139.48 ms 
  95 % in 157.23 ms 
  99 % in 210.12 ms 

Status code distribution:
  [ResourceExhausted]   19048 responses   
  [OK]                  7453 responses    
  [Canceled]            132 responses     

Error distribution:
  [168]     rpc error: code = ResourceExhausted desc = Client id a365c66d-0ddd-4e0a-868a-27c1827d580a request expired in queue.   
  [132]     rpc error: code = Canceled desc = grpc: the client connection is closing                                              
  [7]       rpc error: code = ResourceExhausted desc = Client id d5728fb0-37c6-4cbb-a465-a32ac4de6ec2 request expired in queue.   
  [18873]   rpc error: code = ResourceExhausted desc = Client id a4dc2350-7b51-4d79-a0a7-8731fd7f0d7a request expired in queue.   

Debug: Checking Namespace=default, Pod=ms-10090-6454f977fd-plg2x for Target File=deathstar_*.output
Namespace: default, Pod: ms-10090-6454f977fd-plg2x has the target files.
Copying deathstar_ms-10090.output to deathstar_ms-10090.output
tar: removing leading '/' from member names
Debug: Checking Namespace=default, Pod=ms-13558-b48bb5d9d-d8nrd for Target File=deathstar_*.output
Namespace: default, Pod: ms-13558-b48bb5d9d-d8nrd has the target files.
Copying deathstar_ms-13558.output to deathstar_ms-13558.output
tar: removing leading '/' from member names
Debug: Checking Namespace=default, Pod=ms-18330-759d9cf49c-p7gxn for Target File=deathstar_*.output
Namespace: default, Pod: ms-18330-759d9cf49c-p7gxn has the target files.
Copying deathstar_ms-18330.output to deathstar_ms-18330.output
tar: removing leading '/' from member names
Debug: Checking Namespace=default, Pod=ms-19585-6f995cfcbf-8cf78 for Target File=deathstar_*.output
Namespace: default, Pod: ms-19585-6f995cfcbf-8cf78 has the target files.
Copying deathstar_ms-19585.output to deathstar_ms-19585.output
tar: removing leading '/' from member names
Debug: Checking Namespace=default, Pod=ms-20172-59d5485464-jz8pr for Target File=deathstar_*.output
Namespace: default, Pod: ms-20172-59d5485464-jz8pr has the target files.
Copying deathstar_ms-20172.output to deathstar_ms-20172.output
tar: removing leading '/' from member names
Debug: Checking Namespace=default, Pod=ms-22893-576fd5f9f6-66jlv for Target File=deathstar_*.output
Namespace: default, Pod: ms-22893-576fd5f9f6-66jlv has the target files.
Copying deathstar_ms-22893.output to deathstar_ms-22893.output
tar: removing leading '/' from member names
Debug: Checking Namespace=default, Pod=ms-24009-67dbf5b976-6t4tg for Target File=deathstar_*.output
Namespace: default, Pod: ms-24009-67dbf5b976-6t4tg has the target files.
Copying deathstar_ms-24009.output to deathstar_ms-24009.output
tar: removing leading '/' from member names
Debug: Checking Namespace=default, Pod=ms-24959-99f8bbf9-m46l8 for Target File=deathstar_*.output
Namespace: default, Pod: ms-24959-99f8bbf9-m46l8 has the target files.
Copying deathstar_ms-24959.output to deathstar_ms-24959.output
tar: removing leading '/' from member names
Debug: Checking Namespace=default, Pod=ms-26622-66fdf7d64f-krf8q for Target File=deathstar_*.output
Namespace: default, Pod: ms-26622-66fdf7d64f-krf8q has the target files.
Copying deathstar_ms-26622.output to deathstar_ms-26622.output
tar: removing leading '/' from member names
Debug: Checking Namespace=default, Pod=ms-27421-64f549855c-nzfts for Target File=deathstar_*.output
Namespace: default, Pod: ms-27421-64f549855c-nzfts has the target files.
Copying deathstar_ms-27421.output to deathstar_ms-27421.output
tar: removing leading '/' from member names
Debug: Checking Namespace=default, Pod=ms-29373-8467f7db44-kt4rr for Target File=deathstar_*.output
Namespace: default, Pod: ms-29373-8467f7db44-kt4rr has the target files.
Copying deathstar_ms-29373.output to deathstar_ms-29373.output
tar: removing leading '/' from member names
Debug: Checking Namespace=default, Pod=ms-32301-c5654bbc5-vm6jm for Target File=deathstar_*.output
Namespace: default, Pod: ms-32301-c5654bbc5-vm6jm has the target files.
Copying deathstar_ms-32301.output to deathstar_ms-32301.output
tar: removing leading '/' from member names
Debug: Checking Namespace=default, Pod=ms-3289-587dbd96bf-9xgch for Target File=deathstar_*.output
Namespace: default, Pod: ms-3289-587dbd96bf-9xgch has the target files.
Copying deathstar_ms-3289.output to deathstar_ms-3289.output
tar: removing leading '/' from member names
Debug: Checking Namespace=default, Pod=ms-37691-6dc6cd6744-2jz8g for Target File=deathstar_*.output
Namespace: default, Pod: ms-37691-6dc6cd6744-2jz8g has the target files.
Copying deathstar_ms-37691.output to deathstar_ms-37691.output
tar: removing leading '/' from member names
Debug: Checking Namespace=default, Pod=ms-38964-5b647cdbd-ssgjx for Target File=deathstar_*.output
Namespace: default, Pod: ms-38964-5b647cdbd-ssgjx has the target files.
Copying deathstar_ms-38964.output to deathstar_ms-38964.output
tar: removing leading '/' from member names
Debug: Checking Namespace=default, Pod=ms-40147-cd867585-2r72f for Target File=deathstar_*.output
Namespace: default, Pod: ms-40147-cd867585-2r72f has the target files.
Copying deathstar_ms-40147.output to deathstar_ms-40147.output
tar: removing leading '/' from member names
Debug: Checking Namespace=default, Pod=ms-48118-ff7b99cc9-svk2j for Target File=deathstar_*.output
Namespace: default, Pod: ms-48118-ff7b99cc9-svk2j has the target files.
Copying deathstar_ms-48118.output to deathstar_ms-48118.output
tar: removing leading '/' from member names
Debug: Checking Namespace=default, Pod=ms-4829-669557b66c-9fk5w for Target File=deathstar_*.output
Namespace: default, Pod: ms-4829-669557b66c-9fk5w has the target files.
Copying deathstar_ms-4829.output to deathstar_ms-4829.output
tar: removing leading '/' from member names
Debug: Checking Namespace=default, Pod=ms-51685-79858c784f-xv4lm for Target File=deathstar_*.output
Namespace: default, Pod: ms-51685-79858c784f-xv4lm has the target files.
Copying deathstar_ms-51685.output to deathstar_ms-51685.output
tar: removing leading '/' from member names
Debug: Checking Namespace=default, Pod=ms-52379-57c6cdd54b-znsqm for Target File=deathstar_*.output
Namespace: default, Pod: ms-52379-57c6cdd54b-znsqm has the target files.
Copying deathstar_ms-52379.output to deathstar_ms-52379.output
tar: removing leading '/' from member names
Debug: Checking Namespace=default, Pod=ms-55394-6f999f5df9-dc9q5 for Target File=deathstar_*.output
Namespace: default, Pod: ms-55394-6f999f5df9-dc9q5 has the target files.
Copying deathstar_ms-55394.output to deathstar_ms-55394.output
tar: removing leading '/' from member names
Debug: Checking Namespace=default, Pod=ms-58436-59dd96f659-v6zj2 for Target File=deathstar_*.output
Namespace: default, Pod: ms-58436-59dd96f659-v6zj2 has the target files.
Copying deathstar_ms-58436.output to deathstar_ms-58436.output
tar: removing leading '/' from member names
Debug: Checking Namespace=default, Pod=ms-58772-68ff78c966-9fw95 for Target File=deathstar_*.output
Namespace: default, Pod: ms-58772-68ff78c966-9fw95 has the target files.
Copying deathstar_ms-58772.output to deathstar_ms-58772.output
tar: removing leading '/' from member names
Debug: Checking Namespace=default, Pod=ms-59962-756b895b58-jd7wh for Target File=deathstar_*.output
Namespace: default, Pod: ms-59962-756b895b58-jd7wh has the target files.
Copying deathstar_ms-59962.output to deathstar_ms-59962.output
tar: removing leading '/' from member names
Debug: Checking Namespace=default, Pod=ms-60061-68bd84bdcd-4q2ld for Target File=deathstar_*.output
Namespace: default, Pod: ms-60061-68bd84bdcd-4q2ld has the target files.
Copying deathstar_ms-60061.output to deathstar_ms-60061.output
tar: removing leading '/' from member names
Debug: Checking Namespace=default, Pod=ms-6323-974659fcd-fmbm4 for Target File=deathstar_*.output
Namespace: default, Pod: ms-6323-974659fcd-fmbm4 has the target files.
Copying deathstar_ms-6323.output to deathstar_ms-6323.output
tar: removing leading '/' from member names
Debug: Checking Namespace=default, Pod=ms-65741-65f588bcdf-scjgj for Target File=deathstar_*.output
Namespace: default, Pod: ms-65741-65f588bcdf-scjgj has the target files.
Copying deathstar_ms-65741.output to deathstar_ms-65741.output
tar: removing leading '/' from member names
Debug: Checking Namespace=default, Pod=ms-66473-79c66f8bff-mnlx5 for Target File=deathstar_*.output
Namespace: default, Pod: ms-66473-79c66f8bff-mnlx5 has the target files.
Copying deathstar_ms-66473.output to deathstar_ms-66473.output
tar: removing leading '/' from member names
Debug: Checking Namespace=default, Pod=ms-69188-65c548d4cb-7bn2f for Target File=deathstar_*.output
Namespace: default, Pod: ms-69188-65c548d4cb-7bn2f has the target files.
Copying deathstar_ms-69188.output to deathstar_ms-69188.output
tar: removing leading '/' from member names
Debug: Checking Namespace=default, Pod=ms-69614-794bd8475-dh5nf for Target File=deathstar_*.output
Namespace: default, Pod: ms-69614-794bd8475-dh5nf has the target files.
Copying deathstar_ms-69614.output to deathstar_ms-69614.output
tar: removing leading '/' from member names
Debug: Checking Namespace=default, Pod=ms-9081-567985788-p5fmv for Target File=deathstar_*.output
Namespace: default, Pod: ms-9081-567985788-p5fmv has the target files.
Copying deathstar_ms-9081.output to deathstar_ms-9081.output
tar: removing leading '/' from member names
Debug: Checking Namespace=default, Pod=nginx-web-server-56557f7cb7-d2mdd for Target File=deathstar_*.output
Namespace: default, Pod: nginx-web-server-56557f7cb7-d2mdd has the target files.
Copying deathstar_nginx-web-server.output to deathstar_nginx-web-server.output
tar: removing leading '/' from member names
Debug: Checking Namespace=default, Pod=unknown-6ddf9bd4b5-9zzss for Target File=deathstar_*.output
Namespace: default, Pod: unknown-6ddf9bd4b5-9zzss has the target files.
Copying deathstar_unknown.output to deathstar_unknown.output
tar: removing leading '/' from member names
