Deployments: ms-25648
ms-27283
ms-27421
ms-2827
ms-34756
ms-36144
ms-37691
ms-41385
ms-41914
ms-46825
ms-54016
ms-55339
ms-58269
ms-58845
ms-68328
ms-70297
nginx-web-server
unknown
deployment "ms-25648" successfully rolled out
deployment "ms-27283" successfully rolled out
deployment "ms-27421" successfully rolled out
deployment "ms-2827" successfully rolled out
deployment "ms-34756" successfully rolled out
deployment "ms-36144" successfully rolled out
deployment "ms-37691" successfully rolled out
deployment "ms-41385" successfully rolled out
deployment "ms-41914" successfully rolled out
deployment "ms-46825" successfully rolled out
deployment "ms-54016" successfully rolled out
deployment "ms-55339" successfully rolled out
deployment "ms-58269" successfully rolled out
deployment "ms-58845" successfully rolled out
deployment "ms-68328" successfully rolled out
deployment "ms-70297" successfully rolled out
deployment "nginx-web-server" successfully rolled out
deployment "unknown" successfully rolled out
ENTRY_POINT: nginx-web-server
SERVICE_A_URL: 10.103.50.214:50051
Capacity: 10000
Metadata: request-id={{.RequestNumber}}
Metadata: timestamp={{.TimestampUnix}}
Metadata: method=S_161142529
Charon Configurations:
[{INTERCEPT charon} {PRICE_UPDATE_RATE 2532us} {TOKEN_UPDATE_RATE 11003us} {LATENCY_THRESHOLD 11975us} {PRICE_STEP 37} {PRICE_STRATEGY proportional} {LAZY_UPDATE true} {RATE_LIMITING true} {LOAD_SHEDDING true} {CHARON_TRACK_PRICE false} {BREAKWATER_SLO 12500us} {BREAKWATER_A 0.001} {BREAKWATER_B 0.02} {BREAKWATER_CLIENT_EXPIRATION 10ms} {BREAKWATER_INITIAL_CREDIT 400} {BREAKWATER_LOAD_SHEDDING true} {BREAKWATER_RTT 1000us} {BREAKWATERD_SLO 12500us} {BREAKWATERD_A 0.001} {BREAKWATERD_B 0.02} {BREAKWATERD_CLIENT_EXPIRATION 10ms} {BREAKWATERD_INITIAL_CREDIT 400} {BREAKWATERD_LOAD_SHEDDING true} {BREAKWATERD_RTT 1000us} {DAGOR_QUEUING_THRESHOLD 2ms} {DAGOR_ALPHA 0.05} {DAGOR_BETA 0.01} {DAGOR_ADMISSION_LEVEL_UPDATE_INTERVAL 10ms} {DAGOR_UMAX 20}]

Summary:
  Count:	94023
  Total:	14.81 s
  Slowest:	539.35 ms
  Fastest:	65.23 ms
  Average:	155.38 ms
  Requests/sec:	6347.01

Response time histogram:
  65.229  [1]     |
  112.641 [24166] |∎∎∎∎∎∎∎∎∎∎∎∎∎∎∎∎∎∎∎∎∎∎∎∎∎∎∎∎∎∎∎∎∎∎∎∎∎∎∎∎
  160.053 [23706] |∎∎∎∎∎∎∎∎∎∎∎∎∎∎∎∎∎∎∎∎∎∎∎∎∎∎∎∎∎∎∎∎∎∎∎∎∎∎∎
  207.464 [22821] |∎∎∎∎∎∎∎∎∎∎∎∎∎∎∎∎∎∎∎∎∎∎∎∎∎∎∎∎∎∎∎∎∎∎∎∎∎∎
  254.876 [8857]  |∎∎∎∎∎∎∎∎∎∎∎∎∎∎∎
  302.288 [4142]  |∎∎∎∎∎∎∎
  349.700 [2822]  |∎∎∎∎∎
  397.111 [1913]  |∎∎∎
  444.523 [571]   |∎
  491.935 [71]    |
  539.347 [13]    |

Latency distribution:
  10 % in 68.98 ms 
  25 % in 106.98 ms 
  50 % in 154.11 ms 
  75 % in 196.66 ms 
  90 % in 261.22 ms 
  95 % in 317.66 ms 
  99 % in 387.26 ms 

Status code distribution:
  [OK]                  89083 responses   
  [ResourceExhausted]   4178 responses    
  [Canceled]            762 responses     

Error distribution:
  [167]    rpc error: code = ResourceExhausted desc = S_161142529 req dropped by ms-41385. Try again later.           
  [2899]   rpc error: code = ResourceExhausted desc = S_161142529 req dropped by nginx-web-server. Try again later.   
  [762]    rpc error: code = Canceled desc = grpc: the client connection is closing                                   
  [500]    rpc error: code = ResourceExhausted desc = S_161142529 req dropped by ms-36144. Try again later.           
  [318]    rpc error: code = ResourceExhausted desc = S_161142529 req dropped by ms-27283. Try again later.           
  [294]    rpc error: code = ResourceExhausted desc = S_161142529 req dropped by unknown. Try again later.            

Debug: Checking Namespace=default, Pod=ms-25648-86cc47d8bd-cvc7x for Target File=deathstar_*.output
Namespace: default, Pod: ms-25648-86cc47d8bd-cvc7x has the target files.
Copying deathstar_ms-25648.output to deathstar_ms-25648.output
tar: removing leading '/' from member names
Debug: Checking Namespace=default, Pod=ms-27283-7cb76dd56d-fznpz for Target File=deathstar_*.output
Namespace: default, Pod: ms-27283-7cb76dd56d-fznpz has the target files.
Copying deathstar_ms-27283.output to deathstar_ms-27283.output
tar: removing leading '/' from member names
Debug: Checking Namespace=default, Pod=ms-27421-64f549855c-h76fj for Target File=deathstar_*.output
Namespace: default, Pod: ms-27421-64f549855c-h76fj has the target files.
Copying deathstar_ms-27421.output to deathstar_ms-27421.output
tar: removing leading '/' from member names
Debug: Checking Namespace=default, Pod=ms-2827-565cbcd7b-twm22 for Target File=deathstar_*.output
Namespace: default, Pod: ms-2827-565cbcd7b-twm22 has the target files.
Copying deathstar_ms-2827.output to deathstar_ms-2827.output
tar: removing leading '/' from member names
Debug: Checking Namespace=default, Pod=ms-34756-7c45d5bcc-trl45 for Target File=deathstar_*.output
Namespace: default, Pod: ms-34756-7c45d5bcc-trl45 has the target files.
Copying deathstar_ms-34756.output to deathstar_ms-34756.output
tar: removing leading '/' from member names
Debug: Checking Namespace=default, Pod=ms-36144-7bf7cbfff6-hdzg2 for Target File=deathstar_*.output
Namespace: default, Pod: ms-36144-7bf7cbfff6-hdzg2 has the target files.
Copying deathstar_ms-36144.output to deathstar_ms-36144.output
tar: removing leading '/' from member names
Debug: Checking Namespace=default, Pod=ms-37691-6f7cbf7c5-qslp6 for Target File=deathstar_*.output
Namespace: default, Pod: ms-37691-6f7cbf7c5-qslp6 has the target files.
Copying deathstar_ms-37691.output to deathstar_ms-37691.output
tar: removing leading '/' from member names
Debug: Checking Namespace=default, Pod=ms-41385-6bc4f5d4fc-h782r for Target File=deathstar_*.output
Namespace: default, Pod: ms-41385-6bc4f5d4fc-h782r has the target files.
Copying deathstar_ms-41385.output to deathstar_ms-41385.output
tar: removing leading '/' from member names
Debug: Checking Namespace=default, Pod=ms-41914-5555dd8d48-qc565 for Target File=deathstar_*.output
Namespace: default, Pod: ms-41914-5555dd8d48-qc565 has the target files.
Copying deathstar_ms-41914.output to deathstar_ms-41914.output
tar: removing leading '/' from member names
Debug: Checking Namespace=default, Pod=ms-46825-58c684559d-jm24j for Target File=deathstar_*.output
Namespace: default, Pod: ms-46825-58c684559d-jm24j has the target files.
Copying deathstar_ms-46825.output to deathstar_ms-46825.output
tar: removing leading '/' from member names
Debug: Checking Namespace=default, Pod=ms-54016-5665fbcb8d-44n9n for Target File=deathstar_*.output
Namespace: default, Pod: ms-54016-5665fbcb8d-44n9n has the target files.
Copying deathstar_ms-54016.output to deathstar_ms-54016.output
tar: removing leading '/' from member names
Debug: Checking Namespace=default, Pod=ms-55339-5b545b67bb-qsvkx for Target File=deathstar_*.output
Namespace: default, Pod: ms-55339-5b545b67bb-qsvkx has the target files.
Copying deathstar_ms-55339.output to deathstar_ms-55339.output
tar: removing leading '/' from member names
Debug: Checking Namespace=default, Pod=ms-58269-8c4794c6c-zt697 for Target File=deathstar_*.output
Namespace: default, Pod: ms-58269-8c4794c6c-zt697 has the target files.
Copying deathstar_ms-58269.output to deathstar_ms-58269.output
tar: removing leading '/' from member names
Debug: Checking Namespace=default, Pod=ms-58845-5bc6f9d8df-9rrlx for Target File=deathstar_*.output
Namespace: default, Pod: ms-58845-5bc6f9d8df-9rrlx has the target files.
Copying deathstar_ms-58845.output to deathstar_ms-58845.output
tar: removing leading '/' from member names
Debug: Checking Namespace=default, Pod=ms-68328-5866fd45b7-vdmrz for Target File=deathstar_*.output
Namespace: default, Pod: ms-68328-5866fd45b7-vdmrz has the target files.
Copying deathstar_ms-68328.output to deathstar_ms-68328.output
tar: removing leading '/' from member names
Debug: Checking Namespace=default, Pod=ms-70297-868876bcdb-gq5kx for Target File=deathstar_*.output
Namespace: default, Pod: ms-70297-868876bcdb-gq5kx has the target files.
Copying deathstar_ms-70297.output to deathstar_ms-70297.output
tar: removing leading '/' from member names
Debug: Checking Namespace=default, Pod=nginx-web-server-56557f7cb7-pzb68 for Target File=deathstar_*.output
Namespace: default, Pod: nginx-web-server-56557f7cb7-pzb68 has the target files.
Copying deathstar_nginx-web-server.output to deathstar_nginx-web-server.output
tar: removing leading '/' from member names
Debug: Checking Namespace=default, Pod=unknown-57ddd65965-pw8vx for Target File=deathstar_*.output
Namespace: default, Pod: unknown-57ddd65965-pw8vx has the target files.
Copying deathstar_unknown.output to deathstar_unknown.output
tar: removing leading '/' from member names
