Deployments: ms-11070
ms-11285
ms-11512
ms-1278
ms-13873
ms-19953
ms-21883
ms-25124
ms-27421
ms-2827
ms-33719
ms-37691
ms-43309
ms-4354
ms-46825
ms-60236
ms-71771
ms-8052
ms-902
nginx-web-server
deployment "ms-11070" successfully rolled out
deployment "ms-11285" successfully rolled out
deployment "ms-11512" successfully rolled out
deployment "ms-1278" successfully rolled out
deployment "ms-13873" successfully rolled out
deployment "ms-19953" successfully rolled out
deployment "ms-21883" successfully rolled out
deployment "ms-25124" successfully rolled out
deployment "ms-27421" successfully rolled out
deployment "ms-2827" successfully rolled out
deployment "ms-33719" successfully rolled out
deployment "ms-37691" successfully rolled out
deployment "ms-43309" successfully rolled out
deployment "ms-4354" successfully rolled out
deployment "ms-46825" successfully rolled out
deployment "ms-60236" successfully rolled out
deployment "ms-71771" successfully rolled out
deployment "ms-8052" successfully rolled out
deployment "ms-902" successfully rolled out
deployment "nginx-web-server" successfully rolled out
ENTRY_POINT: nginx-web-server
SERVICE_A_URL: 10.97.104.121:50051
Capacity: 10000
Metadata: request-id={{.RequestNumber}}
Metadata: timestamp={{.TimestampUnix}}
Metadata: method=S_102000854
Charon Configurations:
[{INTERCEPT breakwaterd} {PRICE_UPDATE_RATE 10ms} {TOKEN_UPDATE_RATE 10ms} {LATENCY_THRESHOLD 100us} {PRICE_STEP 0} {PRICE_STRATEGY step} {LAZY_UPDATE false} {RATE_LIMITING true} {LOAD_SHEDDING true} {CHARON_TRACK_PRICE false} {BREAKWATER_SLO 11923us} {BREAKWATER_A 27.413123476664634} {BREAKWATER_B 9.174025055773132} {BREAKWATER_CLIENT_EXPIRATION 1us} {BREAKWATER_INITIAL_CREDIT 400} {BREAKWATER_LOAD_SHEDDING true} {BREAKWATER_RTT 0us} {BREAKWATERD_SLO 27586us} {BREAKWATERD_A 4.454601586776388} {BREAKWATERD_B 10.0} {BREAKWATERD_CLIENT_EXPIRATION 74796us} {BREAKWATERD_INITIAL_CREDIT 5000} {BREAKWATERD_LOAD_SHEDDING true} {BREAKWATERD_RTT 20000us} {DAGOR_QUEUING_THRESHOLD 2ms} {DAGOR_ALPHA 0.05} {DAGOR_BETA 0.01} {DAGOR_ADMISSION_LEVEL_UPDATE_INTERVAL 10ms} {DAGOR_UMAX 20}]

Summary:
  Count:	26228
  Total:	25.00 s
  Slowest:	817.34 ms
  Fastest:	45.94 ms
  Average:	80.83 ms
  Requests/sec:	1049.00

Response time histogram:
  45.939  [1]    |
  123.080 [7356] |∎∎∎∎∎∎∎∎∎∎∎∎∎∎∎∎∎∎∎∎∎∎∎∎∎∎∎∎∎∎∎∎∎∎∎∎∎∎∎∎
  200.220 [59]   |
  277.361 [0]    |
  354.501 [0]    |
  431.642 [0]    |
  508.782 [0]    |
  585.923 [0]    |
  663.063 [0]    |
  740.204 [0]    |
  817.344 [9]    |

Latency distribution:
  10 % in 78.25 ms 
  25 % in 79.89 ms 
  50 % in 80.63 ms 
  75 % in 81.59 ms 
  90 % in 83.48 ms 
  95 % in 87.70 ms 
  99 % in 120.19 ms 

Status code distribution:
  [ResourceExhausted]   18626 responses   
  [OK]                  7425 responses    
  [Canceled]            177 responses     

Error distribution:
  [414]     rpc error: code = ResourceExhausted desc = Client id 42bac6d4-bd2b-4f5b-901c-86be69dff617 request expired in queue.   
  [18212]   rpc error: code = ResourceExhausted desc = Client id 6778516e-ab69-48f7-bdd0-78d2f48b7661 request expired in queue.   
  [177]     rpc error: code = Canceled desc = grpc: the client connection is closing                                              

Debug: Checking Namespace=default, Pod=ms-11070-7868c54f44-zr97b for Target File=deathstar_*.output
Namespace: default, Pod: ms-11070-7868c54f44-zr97b has the target files.
Copying deathstar_ms-11070.output to deathstar_ms-11070.output
tar: removing leading '/' from member names
Debug: Checking Namespace=default, Pod=ms-11285-67d597dc77-c5mxz for Target File=deathstar_*.output
Namespace: default, Pod: ms-11285-67d597dc77-c5mxz has the target files.
Copying deathstar_ms-11285.output to deathstar_ms-11285.output
tar: removing leading '/' from member names
Debug: Checking Namespace=default, Pod=ms-11512-75f8ddc45b-7vjsc for Target File=deathstar_*.output
Namespace: default, Pod: ms-11512-75f8ddc45b-7vjsc has the target files.
Copying deathstar_ms-11512.output to deathstar_ms-11512.output
tar: removing leading '/' from member names
Debug: Checking Namespace=default, Pod=ms-1278-85766ff6b8-rwv2x for Target File=deathstar_*.output
Namespace: default, Pod: ms-1278-85766ff6b8-rwv2x has the target files.
Copying deathstar_ms-1278.output to deathstar_ms-1278.output
tar: removing leading '/' from member names
Debug: Checking Namespace=default, Pod=ms-13873-85d7bb7b97-j9vzk for Target File=deathstar_*.output
Namespace: default, Pod: ms-13873-85d7bb7b97-j9vzk has the target files.
Copying deathstar_ms-13873.output to deathstar_ms-13873.output
tar: removing leading '/' from member names
Debug: Checking Namespace=default, Pod=ms-19953-68cc8998c5-v5jb4 for Target File=deathstar_*.output
Namespace: default, Pod: ms-19953-68cc8998c5-v5jb4 has the target files.
Copying deathstar_ms-19953.output to deathstar_ms-19953.output
tar: removing leading '/' from member names
Debug: Checking Namespace=default, Pod=ms-21883-f6c88c6d4-hcb4c for Target File=deathstar_*.output
Namespace: default, Pod: ms-21883-f6c88c6d4-hcb4c has the target files.
Copying deathstar_ms-21883.output to deathstar_ms-21883.output
tar: removing leading '/' from member names
Debug: Checking Namespace=default, Pod=ms-25124-77bd4446f5-dqn42 for Target File=deathstar_*.output
Namespace: default, Pod: ms-25124-77bd4446f5-dqn42 has the target files.
Copying deathstar_ms-25124.output to deathstar_ms-25124.output
tar: removing leading '/' from member names
Debug: Checking Namespace=default, Pod=ms-27421-8565974486-2ms8d for Target File=deathstar_*.output
Namespace: default, Pod: ms-27421-8565974486-2ms8d has the target files.
Copying deathstar_ms-27421.output to deathstar_ms-27421.output
tar: removing leading '/' from member names
Debug: Checking Namespace=default, Pod=ms-2827-5dcc6df4f4-s7cpg for Target File=deathstar_*.output
Namespace: default, Pod: ms-2827-5dcc6df4f4-s7cpg has the target files.
Copying deathstar_ms-2827.output to deathstar_ms-2827.output
tar: removing leading '/' from member names
Debug: Checking Namespace=default, Pod=ms-33719-6c455cf54c-sdqg7 for Target File=deathstar_*.output
Namespace: default, Pod: ms-33719-6c455cf54c-sdqg7 has the target files.
Copying deathstar_ms-33719.output to deathstar_ms-33719.output
tar: removing leading '/' from member names
Debug: Checking Namespace=default, Pod=ms-37691-b9bc44798-v4hqm for Target File=deathstar_*.output
Namespace: default, Pod: ms-37691-b9bc44798-v4hqm has the target files.
Copying deathstar_ms-37691.output to deathstar_ms-37691.output
tar: removing leading '/' from member names
Debug: Checking Namespace=default, Pod=ms-43309-54f758d465-282gr for Target File=deathstar_*.output
Namespace: default, Pod: ms-43309-54f758d465-282gr has the target files.
Copying deathstar_ms-43309.output to deathstar_ms-43309.output
tar: removing leading '/' from member names
Debug: Checking Namespace=default, Pod=ms-4354-669cfcbdf6-qrbl5 for Target File=deathstar_*.output
Namespace: default, Pod: ms-4354-669cfcbdf6-qrbl5 has the target files.
Copying deathstar_ms-4354.output to deathstar_ms-4354.output
tar: removing leading '/' from member names
Debug: Checking Namespace=default, Pod=ms-46825-58c684559d-w6pnt for Target File=deathstar_*.output
Namespace: default, Pod: ms-46825-58c684559d-w6pnt has the target files.
Copying deathstar_ms-46825.output to deathstar_ms-46825.output
tar: removing leading '/' from member names
Debug: Checking Namespace=default, Pod=ms-60236-64866cf49-8dqd4 for Target File=deathstar_*.output
Namespace: default, Pod: ms-60236-64866cf49-8dqd4 has the target files.
Copying deathstar_ms-60236.output to deathstar_ms-60236.output
tar: removing leading '/' from member names
Debug: Checking Namespace=default, Pod=ms-71771-567ddbdd95-swvrj for Target File=deathstar_*.output
Namespace: default, Pod: ms-71771-567ddbdd95-swvrj has the target files.
Copying deathstar_ms-71771.output to deathstar_ms-71771.output
tar: removing leading '/' from member names
Debug: Checking Namespace=default, Pod=ms-8052-b995968dc-57kgz for Target File=deathstar_*.output
Namespace: default, Pod: ms-8052-b995968dc-57kgz has the target files.
Copying deathstar_ms-8052.output to deathstar_ms-8052.output
tar: removing leading '/' from member names
Debug: Checking Namespace=default, Pod=ms-902-5744544f85-6g84g for Target File=deathstar_*.output
Namespace: default, Pod: ms-902-5744544f85-6g84g has the target files.
Copying deathstar_ms-902.output to deathstar_ms-902.output
tar: removing leading '/' from member names
Debug: Checking Namespace=default, Pod=nginx-web-server-56557f7cb7-lzzt2 for Target File=deathstar_*.output
Namespace: default, Pod: nginx-web-server-56557f7cb7-lzzt2 has the target files.
Copying deathstar_nginx-web-server.output to deathstar_nginx-web-server.output
tar: removing leading '/' from member names
