Deployments: ms-10090
ms-13558
ms-18330
ms-19585
ms-20172
ms-22893
ms-24009
ms-24959
ms-26622
ms-27421
ms-29373
ms-32301
ms-3289
ms-37691
ms-38964
ms-40147
ms-48118
ms-4829
ms-51685
ms-52379
ms-55394
ms-58436
ms-58772
ms-59962
ms-60061
ms-6323
ms-65741
ms-66473
ms-69188
ms-69614
ms-9081
nginx-web-server
unknown
deployment "ms-10090" successfully rolled out
deployment "ms-13558" successfully rolled out
deployment "ms-18330" successfully rolled out
deployment "ms-19585" successfully rolled out
deployment "ms-20172" successfully rolled out
deployment "ms-22893" successfully rolled out
deployment "ms-24009" successfully rolled out
deployment "ms-24959" successfully rolled out
deployment "ms-26622" successfully rolled out
deployment "ms-27421" successfully rolled out
deployment "ms-29373" successfully rolled out
deployment "ms-32301" successfully rolled out
deployment "ms-3289" successfully rolled out
deployment "ms-37691" successfully rolled out
deployment "ms-38964" successfully rolled out
deployment "ms-40147" successfully rolled out
deployment "ms-48118" successfully rolled out
deployment "ms-4829" successfully rolled out
deployment "ms-51685" successfully rolled out
deployment "ms-52379" successfully rolled out
deployment "ms-55394" successfully rolled out
deployment "ms-58436" successfully rolled out
deployment "ms-58772" successfully rolled out
deployment "ms-59962" successfully rolled out
deployment "ms-60061" successfully rolled out
deployment "ms-6323" successfully rolled out
deployment "ms-65741" successfully rolled out
deployment "ms-66473" successfully rolled out
deployment "ms-69188" successfully rolled out
deployment "ms-69614" successfully rolled out
deployment "ms-9081" successfully rolled out
deployment "nginx-web-server" successfully rolled out
deployment "unknown" successfully rolled out
ENTRY_POINT: nginx-web-server
SERVICE_A_URL: 10.110.68.215:50051
Capacity: 10000
Metadata: timestamp={{.TimestampUnix}}
Metadata: method=S_149998854
Metadata: request-id={{.RequestNumber}}
Charon Configurations:
[{INTERCEPT charon} {PRICE_UPDATE_RATE 25443us} {TOKEN_UPDATE_RATE 13691us} {LATENCY_THRESHOLD 9014us} {PRICE_STEP 150} {PRICE_STRATEGY proportional} {LAZY_UPDATE true} {RATE_LIMITING true} {LOAD_SHEDDING true} {CHARON_TRACK_PRICE false} {BREAKWATER_SLO 12500us} {BREAKWATER_A 0.001} {BREAKWATER_B 0.02} {BREAKWATER_CLIENT_EXPIRATION 10ms} {BREAKWATER_INITIAL_CREDIT 400} {BREAKWATER_LOAD_SHEDDING true} {BREAKWATER_RTT 1000us} {BREAKWATERD_SLO 12500us} {BREAKWATERD_A 0.001} {BREAKWATERD_B 0.02} {BREAKWATERD_CLIENT_EXPIRATION 10ms} {BREAKWATERD_INITIAL_CREDIT 400} {BREAKWATERD_LOAD_SHEDDING true} {BREAKWATERD_RTT 1000us} {DAGOR_QUEUING_THRESHOLD 2ms} {DAGOR_ALPHA 0.05} {DAGOR_BETA 0.01} {DAGOR_ADMISSION_LEVEL_UPDATE_INTERVAL 10ms} {DAGOR_UMAX 20}]

Summary:
  Count:	52728
  Total:	14.84 s
  Slowest:	905.89 ms
  Fastest:	110.92 ms
  Average:	132.32 ms
  Requests/sec:	3552.57

Response time histogram:
  110.920 [1]     |
  190.417 [43911] |∎∎∎∎∎∎∎∎∎∎∎∎∎∎∎∎∎∎∎∎∎∎∎∎∎∎∎∎∎∎∎∎∎∎∎∎∎∎∎∎
  269.914 [1281]  |∎
  349.410 [1348]  |∎
  428.907 [505]   |
  508.404 [74]    |
  587.901 [0]     |
  667.398 [0]     |
  746.895 [0]     |
  826.392 [18]    |
  905.889 [65]    |

Latency distribution:
  10 % in 113.17 ms 
  25 % in 116.15 ms 
  50 % in 130.63 ms 
  75 % in 149.74 ms 
  90 % in 173.74 ms 
  95 % in 248.19 ms 
  99 % in 367.49 ms 

Status code distribution:
  [OK]                  47203 responses   
  [ResourceExhausted]   5194 responses    
  [Canceled]            331 responses     

Error distribution:
  [474]    rpc error: code = ResourceExhausted desc = S_149998854 req dropped by ms-55394. Try again later.           
  [516]    rpc error: code = ResourceExhausted desc = S_149998854 req dropped by ms-66473. Try again later.           
  [3346]   rpc error: code = ResourceExhausted desc = S_149998854 req dropped by nginx-web-server. Try again later.   
  [858]    rpc error: code = ResourceExhausted desc = S_149998854 req dropped by ms-18330. Try again later.           
  [331]    rpc error: code = Canceled desc = grpc: the client connection is closing                                   

Debug: Checking Namespace=default, Pod=ms-10090-6454f977fd-bhkqj for Target File=deathstar_*.output
Namespace: default, Pod: ms-10090-6454f977fd-bhkqj has the target files.
Copying deathstar_ms-10090.output to deathstar_ms-10090.output
tar: removing leading '/' from member names
Debug: Checking Namespace=default, Pod=ms-13558-b48bb5d9d-wvtz9 for Target File=deathstar_*.output
Namespace: default, Pod: ms-13558-b48bb5d9d-wvtz9 has the target files.
Copying deathstar_ms-13558.output to deathstar_ms-13558.output
tar: removing leading '/' from member names
Debug: Checking Namespace=default, Pod=ms-18330-759d9cf49c-qclw5 for Target File=deathstar_*.output
Namespace: default, Pod: ms-18330-759d9cf49c-qclw5 has the target files.
Copying deathstar_ms-18330.output to deathstar_ms-18330.output
tar: removing leading '/' from member names
Debug: Checking Namespace=default, Pod=ms-19585-6f995cfcbf-pwppx for Target File=deathstar_*.output
Namespace: default, Pod: ms-19585-6f995cfcbf-pwppx has the target files.
Copying deathstar_ms-19585.output to deathstar_ms-19585.output
tar: removing leading '/' from member names
Debug: Checking Namespace=default, Pod=ms-20172-59d5485464-85qgj for Target File=deathstar_*.output
Namespace: default, Pod: ms-20172-59d5485464-85qgj has the target files.
Copying deathstar_ms-20172.output to deathstar_ms-20172.output
tar: removing leading '/' from member names
Debug: Checking Namespace=default, Pod=ms-22893-576fd5f9f6-zg652 for Target File=deathstar_*.output
Namespace: default, Pod: ms-22893-576fd5f9f6-zg652 has the target files.
Copying deathstar_ms-22893.output to deathstar_ms-22893.output
tar: removing leading '/' from member names
Debug: Checking Namespace=default, Pod=ms-24009-67dbf5b976-mx2vx for Target File=deathstar_*.output
Namespace: default, Pod: ms-24009-67dbf5b976-mx2vx has the target files.
Copying deathstar_ms-24009.output to deathstar_ms-24009.output
tar: removing leading '/' from member names
Debug: Checking Namespace=default, Pod=ms-24959-99f8bbf9-w5rdb for Target File=deathstar_*.output
Namespace: default, Pod: ms-24959-99f8bbf9-w5rdb has the target files.
Copying deathstar_ms-24959.output to deathstar_ms-24959.output
tar: removing leading '/' from member names
Debug: Checking Namespace=default, Pod=ms-26622-66fdf7d64f-fk9mr for Target File=deathstar_*.output
Namespace: default, Pod: ms-26622-66fdf7d64f-fk9mr has the target files.
Copying deathstar_ms-26622.output to deathstar_ms-26622.output
tar: removing leading '/' from member names
Debug: Checking Namespace=default, Pod=ms-27421-64f549855c-t59zj for Target File=deathstar_*.output
Namespace: default, Pod: ms-27421-64f549855c-t59zj has the target files.
Copying deathstar_ms-27421.output to deathstar_ms-27421.output
tar: removing leading '/' from member names
Debug: Checking Namespace=default, Pod=ms-29373-8467f7db44-rd9pd for Target File=deathstar_*.output
Namespace: default, Pod: ms-29373-8467f7db44-rd9pd has the target files.
Copying deathstar_ms-29373.output to deathstar_ms-29373.output
tar: removing leading '/' from member names
Debug: Checking Namespace=default, Pod=ms-32301-c5654bbc5-dnbbp for Target File=deathstar_*.output
Namespace: default, Pod: ms-32301-c5654bbc5-dnbbp has the target files.
Copying deathstar_ms-32301.output to deathstar_ms-32301.output
tar: removing leading '/' from member names
Debug: Checking Namespace=default, Pod=ms-3289-587dbd96bf-t9lw2 for Target File=deathstar_*.output
Namespace: default, Pod: ms-3289-587dbd96bf-t9lw2 has the target files.
Copying deathstar_ms-3289.output to deathstar_ms-3289.output
tar: removing leading '/' from member names
Debug: Checking Namespace=default, Pod=ms-37691-6dc6cd6744-cvllm for Target File=deathstar_*.output
Namespace: default, Pod: ms-37691-6dc6cd6744-cvllm has the target files.
Copying deathstar_ms-37691.output to deathstar_ms-37691.output
tar: removing leading '/' from member names
Debug: Checking Namespace=default, Pod=ms-38964-5b647cdbd-vx85j for Target File=deathstar_*.output
Namespace: default, Pod: ms-38964-5b647cdbd-vx85j has the target files.
Copying deathstar_ms-38964.output to deathstar_ms-38964.output
tar: removing leading '/' from member names
Debug: Checking Namespace=default, Pod=ms-40147-cd867585-w6v8c for Target File=deathstar_*.output
Namespace: default, Pod: ms-40147-cd867585-w6v8c has the target files.
Copying deathstar_ms-40147.output to deathstar_ms-40147.output
tar: removing leading '/' from member names
Debug: Checking Namespace=default, Pod=ms-48118-ff7b99cc9-t7fqd for Target File=deathstar_*.output
Namespace: default, Pod: ms-48118-ff7b99cc9-t7fqd has the target files.
Copying deathstar_ms-48118.output to deathstar_ms-48118.output
tar: removing leading '/' from member names
Debug: Checking Namespace=default, Pod=ms-4829-669557b66c-c85kc for Target File=deathstar_*.output
Namespace: default, Pod: ms-4829-669557b66c-c85kc has the target files.
Copying deathstar_ms-4829.output to deathstar_ms-4829.output
tar: removing leading '/' from member names
Debug: Checking Namespace=default, Pod=ms-51685-79858c784f-877lr for Target File=deathstar_*.output
Namespace: default, Pod: ms-51685-79858c784f-877lr has the target files.
Copying deathstar_ms-51685.output to deathstar_ms-51685.output
tar: removing leading '/' from member names
Debug: Checking Namespace=default, Pod=ms-52379-57c6cdd54b-jgnrv for Target File=deathstar_*.output
Namespace: default, Pod: ms-52379-57c6cdd54b-jgnrv has the target files.
Copying deathstar_ms-52379.output to deathstar_ms-52379.output
tar: removing leading '/' from member names
Debug: Checking Namespace=default, Pod=ms-55394-6f999f5df9-fs7kq for Target File=deathstar_*.output
Namespace: default, Pod: ms-55394-6f999f5df9-fs7kq has the target files.
Copying deathstar_ms-55394.output to deathstar_ms-55394.output
tar: removing leading '/' from member names
Debug: Checking Namespace=default, Pod=ms-58436-59dd96f659-wxghr for Target File=deathstar_*.output
Namespace: default, Pod: ms-58436-59dd96f659-wxghr has the target files.
Copying deathstar_ms-58436.output to deathstar_ms-58436.output
tar: removing leading '/' from member names
Debug: Checking Namespace=default, Pod=ms-58772-68ff78c966-vvfn5 for Target File=deathstar_*.output
Namespace: default, Pod: ms-58772-68ff78c966-vvfn5 has the target files.
Copying deathstar_ms-58772.output to deathstar_ms-58772.output
tar: removing leading '/' from member names
Debug: Checking Namespace=default, Pod=ms-59962-756b895b58-89vw6 for Target File=deathstar_*.output
Namespace: default, Pod: ms-59962-756b895b58-89vw6 has the target files.
Copying deathstar_ms-59962.output to deathstar_ms-59962.output
tar: removing leading '/' from member names
Debug: Checking Namespace=default, Pod=ms-60061-68bd84bdcd-qc26q for Target File=deathstar_*.output
Namespace: default, Pod: ms-60061-68bd84bdcd-qc26q has the target files.
Copying deathstar_ms-60061.output to deathstar_ms-60061.output
tar: removing leading '/' from member names
Debug: Checking Namespace=default, Pod=ms-6323-974659fcd-dvfxt for Target File=deathstar_*.output
Namespace: default, Pod: ms-6323-974659fcd-dvfxt has the target files.
Copying deathstar_ms-6323.output to deathstar_ms-6323.output
tar: removing leading '/' from member names
Debug: Checking Namespace=default, Pod=ms-65741-65f588bcdf-5xhgf for Target File=deathstar_*.output
Namespace: default, Pod: ms-65741-65f588bcdf-5xhgf has the target files.
Copying deathstar_ms-65741.output to deathstar_ms-65741.output
tar: removing leading '/' from member names
Debug: Checking Namespace=default, Pod=ms-66473-79c66f8bff-278m6 for Target File=deathstar_*.output
Namespace: default, Pod: ms-66473-79c66f8bff-278m6 has the target files.
Copying deathstar_ms-66473.output to deathstar_ms-66473.output
tar: removing leading '/' from member names
Debug: Checking Namespace=default, Pod=ms-69188-65c548d4cb-q7kz8 for Target File=deathstar_*.output
Namespace: default, Pod: ms-69188-65c548d4cb-q7kz8 has the target files.
Copying deathstar_ms-69188.output to deathstar_ms-69188.output
tar: removing leading '/' from member names
Debug: Checking Namespace=default, Pod=ms-69614-794bd8475-4gc5d for Target File=deathstar_*.output
Namespace: default, Pod: ms-69614-794bd8475-4gc5d has the target files.
Copying deathstar_ms-69614.output to deathstar_ms-69614.output
tar: removing leading '/' from member names
Debug: Checking Namespace=default, Pod=ms-9081-567985788-k67np for Target File=deathstar_*.output
Namespace: default, Pod: ms-9081-567985788-k67np has the target files.
Copying deathstar_ms-9081.output to deathstar_ms-9081.output
tar: removing leading '/' from member names
Debug: Checking Namespace=default, Pod=nginx-web-server-56557f7cb7-6qqh6 for Target File=deathstar_*.output
Namespace: default, Pod: nginx-web-server-56557f7cb7-6qqh6 has the target files.
Copying deathstar_nginx-web-server.output to deathstar_nginx-web-server.output
tar: removing leading '/' from member names
Debug: Checking Namespace=default, Pod=unknown-6ddf9bd4b5-tkfj6 for Target File=deathstar_*.output
Namespace: default, Pod: unknown-6ddf9bd4b5-tkfj6 has the target files.
Copying deathstar_unknown.output to deathstar_unknown.output
tar: removing leading '/' from member names
