Deployments: compose-post-service
home-timeline-redis
home-timeline-service
media-service
nginx-web-server
post-storage-mongo
post-storage-service
social-graph-redis
social-graph-service
text-service
unique-id-service
url-shorten-mongo
url-shorten-service
user-mention-memcached
user-mention-service
user-service
user-timeline-mongo
user-timeline-redis
user-timeline-service
Waiting for deployment "compose-post-service" rollout to finish: 0 of 1 updated replicas are available...
deployment "compose-post-service" successfully rolled out
Deployment compose-post-service is ready.
Waiting for deployment "home-timeline-redis" rollout to finish: 0 of 1 updated replicas are available...
deployment "home-timeline-redis" successfully rolled out
Deployment home-timeline-redis is ready.
deployment "home-timeline-service" successfully rolled out
Deployment home-timeline-service is ready.
deployment "media-service" successfully rolled out
Deployment media-service is ready.
deployment "nginx-web-server" successfully rolled out
Deployment nginx-web-server is ready.
deployment "post-storage-mongo" successfully rolled out
Deployment post-storage-mongo is ready.
deployment "post-storage-service" successfully rolled out
Deployment post-storage-service is ready.
deployment "social-graph-redis" successfully rolled out
Deployment social-graph-redis is ready.
deployment "social-graph-service" successfully rolled out
Deployment social-graph-service is ready.
deployment "text-service" successfully rolled out
Deployment text-service is ready.
deployment "unique-id-service" successfully rolled out
Deployment unique-id-service is ready.
deployment "url-shorten-mongo" successfully rolled out
Deployment url-shorten-mongo is ready.
deployment "url-shorten-service" successfully rolled out
Deployment url-shorten-service is ready.
deployment "user-mention-memcached" successfully rolled out
Deployment user-mention-memcached is ready.
deployment "user-mention-service" successfully rolled out
Deployment user-mention-service is ready.
deployment "user-service" successfully rolled out
Deployment user-service is ready.
deployment "user-timeline-mongo" successfully rolled out
Deployment user-timeline-mongo is ready.
deployment "user-timeline-redis" successfully rolled out
Deployment user-timeline-redis is ready.
deployment "user-timeline-service" successfully rolled out
Deployment user-timeline-service is ready.
ENTRY_POINT: nginx-web-server
SERVICE_A_URL: 10.99.218.163:50051
Capacity: 10000
Metadata: method=compose
Metadata: request-id={{.RequestNumber}}
Metadata: timestamp={{.TimestampUnix}}
Constant load: true
Capacity: 10000
Run duration: 10s
Enable Charon: false
Charon options: map[debug:false debugFreq:1000 initprice:10 rateLimiting:true tokenRefillDist:poisson tokenStrategy:uniform tokenUpdateRate:10ms tokenUpdateStep:10 tokensLeft:0]

Summary:
  Count:	73355
  Total:	9.82 s
  Slowest:	3.06 s
  Fastest:	15.46 ms
  Average:	128.17 ms
  Requests/sec:	7473.62

Response time histogram:
  15.457   [1]     |
  320.112  [72323] |∎∎∎∎∎∎∎∎∎∎∎∎∎∎∎∎∎∎∎∎∎∎∎∎∎∎∎∎∎∎∎∎∎∎∎∎∎∎∎∎
  624.767  [1]     |
  929.423  [169]   |
  1234.078 [670]   |
  1538.733 [3]     |
  1843.388 [0]     |
  2148.043 [0]     |
  2452.698 [0]     |
  2757.353 [0]     |
  3062.008 [28]    |

Latency distribution:
  10 % in 66.65 ms 
  25 % in 90.53 ms 
  50 % in 119.66 ms 
  75 % in 144.55 ms 
  90 % in 167.52 ms 
  95 % in 183.94 ms 
  99 % in 905.53 ms 

Status code distribution:
  [Canceled]   160 responses     
  [OK]         73195 responses   

Error distribution:
  [160]   rpc error: code = Canceled desc = grpc: the client connection is closing   

Debug: Checking Namespace=default, Pod=compose-post-service-6f9845489d-ntvqq for Target File=deathstar_*.output
Namespace: default, Pod: compose-post-service-6f9845489d-ntvqq has the target files.
Copying deathstar_compose-post-service.output to deathstar_compose-post-service.output
tar: removing leading '/' from member names
Debug: Checking Namespace=default, Pod=home-timeline-redis-68bdbb459f-kf6wm for Target File=deathstar_*.output
Namespace: default, Pod: home-timeline-redis-68bdbb459f-kf6wm has the target files.
Copying deathstar_home-timeline-redis.output to deathstar_home-timeline-redis.output
tar: removing leading '/' from member names
Debug: Checking Namespace=default, Pod=home-timeline-service-6fcb4679db-v2n5f for Target File=deathstar_*.output
Namespace: default, Pod: home-timeline-service-6fcb4679db-v2n5f has the target files.
Copying deathstar_home-timeline-service.output to deathstar_home-timeline-service.output
tar: removing leading '/' from member names
Debug: Checking Namespace=default, Pod=media-service-57f4b9d99d-cz446 for Target File=deathstar_*.output
Namespace: default, Pod: media-service-57f4b9d99d-cz446 has the target files.
Copying deathstar_media-service.output to deathstar_media-service.output
tar: removing leading '/' from member names
Debug: Checking Namespace=default, Pod=nginx-web-server-64fc6fd886-z57fj for Target File=deathstar_*.output
Namespace: default, Pod: nginx-web-server-64fc6fd886-z57fj has the target files.
Copying deathstar_nginx-web-server.output to deathstar_nginx-web-server.output
tar: removing leading '/' from member names
Debug: Checking Namespace=default, Pod=post-storage-mongo-65c79c9bcd-n2phz for Target File=deathstar_*.output
Namespace: default, Pod: post-storage-mongo-65c79c9bcd-n2phz has the target files.
Copying deathstar_post-storage-mongo.output to deathstar_post-storage-mongo.output
tar: removing leading '/' from member names
Debug: Checking Namespace=default, Pod=post-storage-service-b544cfc5c-wrxdl for Target File=deathstar_*.output
Namespace: default, Pod: post-storage-service-b544cfc5c-wrxdl has the target files.
Copying deathstar_post-storage-service.output to deathstar_post-storage-service.output
tar: removing leading '/' from member names
Debug: Checking Namespace=default, Pod=social-graph-redis-6fdf7b4459-sngfh for Target File=deathstar_*.output
Namespace: default, Pod: social-graph-redis-6fdf7b4459-sngfh has the target files.
Copying deathstar_social-graph-redis.output to deathstar_social-graph-redis.output
tar: removing leading '/' from member names
Debug: Checking Namespace=default, Pod=social-graph-service-7d9d94b79d-f8nmz for Target File=deathstar_*.output
Namespace: default, Pod: social-graph-service-7d9d94b79d-f8nmz has the target files.
Copying deathstar_social-graph-service.output to deathstar_social-graph-service.output
tar: removing leading '/' from member names
Debug: Checking Namespace=default, Pod=text-service-58d95db9d4-drbkd for Target File=deathstar_*.output
Namespace: default, Pod: text-service-58d95db9d4-drbkd has the target files.
Copying deathstar_text-service.output to deathstar_text-service.output
tar: removing leading '/' from member names
Debug: Checking Namespace=default, Pod=unique-id-service-64bdc5f76-59m9r for Target File=deathstar_*.output
Namespace: default, Pod: unique-id-service-64bdc5f76-59m9r has the target files.
Copying deathstar_unique-id-service.output to deathstar_unique-id-service.output
tar: removing leading '/' from member names
Debug: Checking Namespace=default, Pod=url-shorten-mongo-6b4c85bb87-fv28g for Target File=deathstar_*.output
Namespace: default, Pod: url-shorten-mongo-6b4c85bb87-fv28g has the target files.
Copying deathstar_url-shorten-mongo.output to deathstar_url-shorten-mongo.output
tar: removing leading '/' from member names
Debug: Checking Namespace=default, Pod=url-shorten-service-68d694d594-8472s for Target File=deathstar_*.output
Namespace: default, Pod: url-shorten-service-68d694d594-8472s has the target files.
Copying deathstar_url-shorten-service.output to deathstar_url-shorten-service.output
tar: removing leading '/' from member names
Debug: Checking Namespace=default, Pod=user-mention-memcached-64575cd9dc-hkfrb for Target File=deathstar_*.output
Namespace: default, Pod: user-mention-memcached-64575cd9dc-hkfrb has the target files.
Copying deathstar_user-mention-memcached.output to deathstar_user-mention-memcached.output
tar: removing leading '/' from member names
Debug: Checking Namespace=default, Pod=user-mention-service-6dcfcb4b8d-wsvq6 for Target File=deathstar_*.output
Namespace: default, Pod: user-mention-service-6dcfcb4b8d-wsvq6 has the target files.
Copying deathstar_user-mention-service.output to deathstar_user-mention-service.output
tar: removing leading '/' from member names
Debug: Checking Namespace=default, Pod=user-service-f4bc49647-p5vfz for Target File=deathstar_*.output
Namespace: default, Pod: user-service-f4bc49647-p5vfz has the target files.
Copying deathstar_user-service.output to deathstar_user-service.output
tar: removing leading '/' from member names
Debug: Checking Namespace=default, Pod=user-timeline-mongo-6dfc455859-7j7fb for Target File=deathstar_*.output
Namespace: default, Pod: user-timeline-mongo-6dfc455859-7j7fb has the target files.
Copying deathstar_user-timeline-mongo.output to deathstar_user-timeline-mongo.output
tar: removing leading '/' from member names
Debug: Checking Namespace=default, Pod=user-timeline-redis-7b55f9ffd9-cr97v for Target File=deathstar_*.output
Namespace: default, Pod: user-timeline-redis-7b55f9ffd9-cr97v has the target files.
Copying deathstar_user-timeline-redis.output to deathstar_user-timeline-redis.output
tar: removing leading '/' from member names
Debug: Checking Namespace=default, Pod=user-timeline-service-5b766b8b45-h9wkn for Target File=deathstar_*.output
Namespace: default, Pod: user-timeline-service-5b766b8b45-h9wkn has the target files.
Copying deathstar_user-timeline-service.output to deathstar_user-timeline-service.output
tar: removing leading '/' from member names
Debug: Checking Namespace=default, Pod=compose-post-service-6f9845489d-ntvqq for Target File=*.pprof
Namespace: default, Pod: compose-post-service-6f9845489d-ntvqq has the target files.
Copying compose-post-service.pprof to compose-post-service.pprof
tar: removing leading '/' from member names
tar: removing leading '/' from member names
Debug: Checking Namespace=default, Pod=home-timeline-redis-68bdbb459f-kf6wm for Target File=*.pprof
Namespace: default, Pod: home-timeline-redis-68bdbb459f-kf6wm has the target files.
Copying home-timeline-redis.pprof to home-timeline-redis.pprof
tar: removing leading '/' from member names
tar: removing leading '/' from member names
Debug: Checking Namespace=default, Pod=home-timeline-service-6fcb4679db-v2n5f for Target File=*.pprof
Namespace: default, Pod: home-timeline-service-6fcb4679db-v2n5f has the target files.
Copying home-timeline-service.pprof to home-timeline-service.pprof
tar: removing leading '/' from member names
tar: removing leading '/' from member names
Debug: Checking Namespace=default, Pod=media-service-57f4b9d99d-cz446 for Target File=*.pprof
Namespace: default, Pod: media-service-57f4b9d99d-cz446 has the target files.
Copying media-service.pprof to media-service.pprof
tar: removing leading '/' from member names
tar: removing leading '/' from member names
Debug: Checking Namespace=default, Pod=nginx-web-server-64fc6fd886-z57fj for Target File=*.pprof
Namespace: default, Pod: nginx-web-server-64fc6fd886-z57fj has the target files.
Copying nginx-web-server.pprof to nginx-web-server.pprof
tar: removing leading '/' from member names
tar: removing leading '/' from member names
Debug: Checking Namespace=default, Pod=post-storage-mongo-65c79c9bcd-n2phz for Target File=*.pprof
Namespace: default, Pod: post-storage-mongo-65c79c9bcd-n2phz has the target files.
Copying post-storage-mongo.pprof to post-storage-mongo.pprof
tar: removing leading '/' from member names
tar: removing leading '/' from member names
Debug: Checking Namespace=default, Pod=post-storage-service-b544cfc5c-wrxdl for Target File=*.pprof
Namespace: default, Pod: post-storage-service-b544cfc5c-wrxdl has the target files.
Copying post-storage-service.pprof to post-storage-service.pprof
tar: removing leading '/' from member names
tar: removing leading '/' from member names
Debug: Checking Namespace=default, Pod=social-graph-redis-6fdf7b4459-sngfh for Target File=*.pprof
Namespace: default, Pod: social-graph-redis-6fdf7b4459-sngfh has the target files.
Copying social-graph-redis.pprof to social-graph-redis.pprof
tar: removing leading '/' from member names
tar: removing leading '/' from member names
Debug: Checking Namespace=default, Pod=social-graph-service-7d9d94b79d-f8nmz for Target File=*.pprof
Namespace: default, Pod: social-graph-service-7d9d94b79d-f8nmz has the target files.
Copying social-graph-service.pprof to social-graph-service.pprof
tar: removing leading '/' from member names
tar: removing leading '/' from member names
Debug: Checking Namespace=default, Pod=text-service-58d95db9d4-drbkd for Target File=*.pprof
Namespace: default, Pod: text-service-58d95db9d4-drbkd has the target files.
Copying text-service.pprof to text-service.pprof
tar: removing leading '/' from member names
tar: removing leading '/' from member names
Debug: Checking Namespace=default, Pod=unique-id-service-64bdc5f76-59m9r for Target File=*.pprof
Namespace: default, Pod: unique-id-service-64bdc5f76-59m9r has the target files.
Copying unique-id-service.pprof to unique-id-service.pprof
tar: removing leading '/' from member names
tar: removing leading '/' from member names
Debug: Checking Namespace=default, Pod=url-shorten-mongo-6b4c85bb87-fv28g for Target File=*.pprof
Namespace: default, Pod: url-shorten-mongo-6b4c85bb87-fv28g has the target files.
Copying url-shorten-mongo.pprof to url-shorten-mongo.pprof
tar: removing leading '/' from member names
tar: removing leading '/' from member names
Debug: Checking Namespace=default, Pod=url-shorten-service-68d694d594-8472s for Target File=*.pprof
Namespace: default, Pod: url-shorten-service-68d694d594-8472s has the target files.
Copying url-shorten-service.pprof to url-shorten-service.pprof
tar: removing leading '/' from member names
tar: removing leading '/' from member names
Debug: Checking Namespace=default, Pod=user-mention-memcached-64575cd9dc-hkfrb for Target File=*.pprof
Namespace: default, Pod: user-mention-memcached-64575cd9dc-hkfrb has the target files.
Copying user-mention-memcached.pprof to user-mention-memcached.pprof
tar: removing leading '/' from member names
tar: removing leading '/' from member names
Debug: Checking Namespace=default, Pod=user-mention-service-6dcfcb4b8d-wsvq6 for Target File=*.pprof
Namespace: default, Pod: user-mention-service-6dcfcb4b8d-wsvq6 has the target files.
Copying user-mention-service.pprof to user-mention-service.pprof
tar: removing leading '/' from member names
tar: removing leading '/' from member names
Debug: Checking Namespace=default, Pod=user-service-f4bc49647-p5vfz for Target File=*.pprof
Namespace: default, Pod: user-service-f4bc49647-p5vfz has the target files.
Copying user-service.pprof to user-service.pprof
tar: removing leading '/' from member names
tar: removing leading '/' from member names
Debug: Checking Namespace=default, Pod=user-timeline-mongo-6dfc455859-7j7fb for Target File=*.pprof
Namespace: default, Pod: user-timeline-mongo-6dfc455859-7j7fb has the target files.
Copying user-timeline-mongo.pprof to user-timeline-mongo.pprof
tar: removing leading '/' from member names
tar: removing leading '/' from member names
Debug: Checking Namespace=default, Pod=user-timeline-redis-7b55f9ffd9-cr97v for Target File=*.pprof
Namespace: default, Pod: user-timeline-redis-7b55f9ffd9-cr97v has the target files.
Copying user-timeline-redis.pprof to user-timeline-redis.pprof
tar: removing leading '/' from member names
tar: removing leading '/' from member names
Debug: Checking Namespace=default, Pod=user-timeline-service-5b766b8b45-h9wkn for Target File=*.pprof
Namespace: default, Pod: user-timeline-service-5b766b8b45-h9wkn has the target files.
Copying user-timeline-service.pprof to user-timeline-service.pprof
tar: removing leading '/' from member names
tar: removing leading '/' from member names
