Deployments: ms-10090
ms-13558
ms-18330
ms-19585
ms-20172
ms-22893
ms-24009
ms-24959
ms-26622
ms-27421
ms-29373
ms-32301
ms-3289
ms-37691
ms-38964
ms-40147
ms-48118
ms-4829
ms-51685
ms-52379
ms-55394
ms-58436
ms-58772
ms-59962
ms-60061
ms-6323
ms-65741
ms-66473
ms-69188
ms-69614
ms-9081
nginx-web-server
unknown
deployment "ms-10090" successfully rolled out
deployment "ms-13558" successfully rolled out
deployment "ms-18330" successfully rolled out
deployment "ms-19585" successfully rolled out
deployment "ms-20172" successfully rolled out
deployment "ms-22893" successfully rolled out
deployment "ms-24009" successfully rolled out
deployment "ms-24959" successfully rolled out
deployment "ms-26622" successfully rolled out
deployment "ms-27421" successfully rolled out
deployment "ms-29373" successfully rolled out
deployment "ms-32301" successfully rolled out
deployment "ms-3289" successfully rolled out
deployment "ms-37691" successfully rolled out
deployment "ms-38964" successfully rolled out
deployment "ms-40147" successfully rolled out
deployment "ms-48118" successfully rolled out
deployment "ms-4829" successfully rolled out
deployment "ms-51685" successfully rolled out
deployment "ms-52379" successfully rolled out
deployment "ms-55394" successfully rolled out
deployment "ms-58436" successfully rolled out
deployment "ms-58772" successfully rolled out
deployment "ms-59962" successfully rolled out
deployment "ms-60061" successfully rolled out
deployment "ms-6323" successfully rolled out
deployment "ms-65741" successfully rolled out
deployment "ms-66473" successfully rolled out
deployment "ms-69188" successfully rolled out
deployment "ms-69614" successfully rolled out
deployment "ms-9081" successfully rolled out
deployment "nginx-web-server" successfully rolled out
deployment "unknown" successfully rolled out
ENTRY_POINT: nginx-web-server
SERVICE_A_URL: 10.97.162.127:50051
Capacity: 10000
Metadata: request-id={{.RequestNumber}}
Metadata: timestamp={{.TimestampUnix}}
Metadata: method=S_149998854
Charon Configurations:
[{INTERCEPT charon} {PRICE_UPDATE_RATE 1000us} {TOKEN_UPDATE_RATE 19770us} {LATENCY_THRESHOLD 100us} {PRICE_STEP 149} {PRICE_STRATEGY proportional} {LAZY_UPDATE true} {RATE_LIMITING true} {LOAD_SHEDDING true} {CHARON_TRACK_PRICE false} {BREAKWATER_SLO 12500us} {BREAKWATER_A 0.001} {BREAKWATER_B 0.02} {BREAKWATER_CLIENT_EXPIRATION 10ms} {BREAKWATER_INITIAL_CREDIT 400} {BREAKWATER_LOAD_SHEDDING true} {BREAKWATER_RTT 1000us} {BREAKWATERD_SLO 12500us} {BREAKWATERD_A 0.001} {BREAKWATERD_B 0.02} {BREAKWATERD_CLIENT_EXPIRATION 10ms} {BREAKWATERD_INITIAL_CREDIT 400} {BREAKWATERD_LOAD_SHEDDING true} {BREAKWATERD_RTT 1000us} {DAGOR_QUEUING_THRESHOLD 2ms} {DAGOR_ALPHA 0.05} {DAGOR_BETA 0.01} {DAGOR_ADMISSION_LEVEL_UPDATE_INTERVAL 10ms} {DAGOR_UMAX 20}]

Summary:
  Count:	29502
  Total:	14.83 s
  Slowest:	408.04 ms
  Fastest:	111.16 ms
  Average:	74.55 ms
  Requests/sec:	1989.49

Response time histogram:
  111.160 [1]     |
  140.848 [18245] |∎∎∎∎∎∎∎∎∎∎∎∎∎∎∎∎∎∎∎∎∎∎∎∎∎∎∎∎∎∎∎∎∎∎∎∎∎∎∎∎
  170.536 [123]   |
  200.224 [0]     |
  229.912 [0]     |
  259.600 [0]     |
  289.288 [0]     |
  318.976 [0]     |
  348.664 [0]     |
  378.352 [0]     |
  408.040 [5]     |

Latency distribution:
  10 % in 112.28 ms 
  25 % in 112.82 ms 
  50 % in 113.65 ms 
  75 % in 114.99 ms 
  90 % in 117.33 ms 
  95 % in 120.08 ms 
  99 % in 136.80 ms 

Status code distribution:
  [ResourceExhausted]   11084 responses   
  [OK]                  18374 responses   
  [Canceled]            44 responses      

Error distribution:
  [736]    rpc error: code = ResourceExhausted desc = S_149998854 req dropped by ms-66473. Try again later.           
  [8459]   rpc error: code = ResourceExhausted desc = S_149998854 req dropped by nginx-web-server. Try again later.   
  [5]      rpc error: code = ResourceExhausted desc = S_149998854 req dropped by ms-6323. Try again later.            
  [44]     rpc error: code = Canceled desc = grpc: the client connection is closing                                   
  [822]    rpc error: code = ResourceExhausted desc = S_149998854 req dropped by ms-18330. Try again later.           
  [1062]   rpc error: code = ResourceExhausted desc = S_149998854 req dropped by ms-55394. Try again later.           

Debug: Checking Namespace=default, Pod=ms-10090-6454f977fd-6tzqm for Target File=deathstar_*.output
Namespace: default, Pod: ms-10090-6454f977fd-6tzqm has the target files.
Copying deathstar_ms-10090.output to deathstar_ms-10090.output
tar: removing leading '/' from member names
Debug: Checking Namespace=default, Pod=ms-13558-b48bb5d9d-7rxjr for Target File=deathstar_*.output
Namespace: default, Pod: ms-13558-b48bb5d9d-7rxjr has the target files.
Copying deathstar_ms-13558.output to deathstar_ms-13558.output
tar: removing leading '/' from member names
Debug: Checking Namespace=default, Pod=ms-18330-759d9cf49c-5vnlh for Target File=deathstar_*.output
Namespace: default, Pod: ms-18330-759d9cf49c-5vnlh has the target files.
Copying deathstar_ms-18330.output to deathstar_ms-18330.output
tar: removing leading '/' from member names
Debug: Checking Namespace=default, Pod=ms-19585-6f995cfcbf-nrdpv for Target File=deathstar_*.output
Namespace: default, Pod: ms-19585-6f995cfcbf-nrdpv has the target files.
Copying deathstar_ms-19585.output to deathstar_ms-19585.output
tar: removing leading '/' from member names
Debug: Checking Namespace=default, Pod=ms-20172-59d5485464-m849d for Target File=deathstar_*.output
Namespace: default, Pod: ms-20172-59d5485464-m849d has the target files.
Copying deathstar_ms-20172.output to deathstar_ms-20172.output
tar: removing leading '/' from member names
Debug: Checking Namespace=default, Pod=ms-22893-576fd5f9f6-xlhgn for Target File=deathstar_*.output
Namespace: default, Pod: ms-22893-576fd5f9f6-xlhgn has the target files.
Copying deathstar_ms-22893.output to deathstar_ms-22893.output
tar: removing leading '/' from member names
Debug: Checking Namespace=default, Pod=ms-24009-67dbf5b976-4jt88 for Target File=deathstar_*.output
Namespace: default, Pod: ms-24009-67dbf5b976-4jt88 has the target files.
Copying deathstar_ms-24009.output to deathstar_ms-24009.output
tar: removing leading '/' from member names
Debug: Checking Namespace=default, Pod=ms-24959-99f8bbf9-d7tg7 for Target File=deathstar_*.output
Namespace: default, Pod: ms-24959-99f8bbf9-d7tg7 has the target files.
Copying deathstar_ms-24959.output to deathstar_ms-24959.output
tar: removing leading '/' from member names
Debug: Checking Namespace=default, Pod=ms-26622-66fdf7d64f-csjdl for Target File=deathstar_*.output
Namespace: default, Pod: ms-26622-66fdf7d64f-csjdl has the target files.
Copying deathstar_ms-26622.output to deathstar_ms-26622.output
tar: removing leading '/' from member names
Debug: Checking Namespace=default, Pod=ms-27421-64f549855c-4dkhj for Target File=deathstar_*.output
Namespace: default, Pod: ms-27421-64f549855c-4dkhj has the target files.
Copying deathstar_ms-27421.output to deathstar_ms-27421.output
tar: removing leading '/' from member names
Debug: Checking Namespace=default, Pod=ms-29373-8467f7db44-2lqrl for Target File=deathstar_*.output
Namespace: default, Pod: ms-29373-8467f7db44-2lqrl has the target files.
Copying deathstar_ms-29373.output to deathstar_ms-29373.output
tar: removing leading '/' from member names
Debug: Checking Namespace=default, Pod=ms-32301-c5654bbc5-nvqsx for Target File=deathstar_*.output
Namespace: default, Pod: ms-32301-c5654bbc5-nvqsx has the target files.
Copying deathstar_ms-32301.output to deathstar_ms-32301.output
tar: removing leading '/' from member names
Debug: Checking Namespace=default, Pod=ms-3289-587dbd96bf-st9h5 for Target File=deathstar_*.output
Namespace: default, Pod: ms-3289-587dbd96bf-st9h5 has the target files.
Copying deathstar_ms-3289.output to deathstar_ms-3289.output
tar: removing leading '/' from member names
Debug: Checking Namespace=default, Pod=ms-37691-6dc6cd6744-lf4bf for Target File=deathstar_*.output
Namespace: default, Pod: ms-37691-6dc6cd6744-lf4bf has the target files.
Copying deathstar_ms-37691.output to deathstar_ms-37691.output
tar: removing leading '/' from member names
Debug: Checking Namespace=default, Pod=ms-38964-5b647cdbd-cmfql for Target File=deathstar_*.output
Namespace: default, Pod: ms-38964-5b647cdbd-cmfql has the target files.
Copying deathstar_ms-38964.output to deathstar_ms-38964.output
tar: removing leading '/' from member names
Debug: Checking Namespace=default, Pod=ms-40147-cd867585-s6sr8 for Target File=deathstar_*.output
Namespace: default, Pod: ms-40147-cd867585-s6sr8 has the target files.
Copying deathstar_ms-40147.output to deathstar_ms-40147.output
tar: removing leading '/' from member names
Debug: Checking Namespace=default, Pod=ms-48118-ff7b99cc9-pnv8v for Target File=deathstar_*.output
Namespace: default, Pod: ms-48118-ff7b99cc9-pnv8v has the target files.
Copying deathstar_ms-48118.output to deathstar_ms-48118.output
tar: removing leading '/' from member names
Debug: Checking Namespace=default, Pod=ms-4829-669557b66c-hlhvq for Target File=deathstar_*.output
Namespace: default, Pod: ms-4829-669557b66c-hlhvq has the target files.
Copying deathstar_ms-4829.output to deathstar_ms-4829.output
tar: removing leading '/' from member names
Debug: Checking Namespace=default, Pod=ms-51685-79858c784f-x6dms for Target File=deathstar_*.output
Namespace: default, Pod: ms-51685-79858c784f-x6dms has the target files.
Copying deathstar_ms-51685.output to deathstar_ms-51685.output
tar: removing leading '/' from member names
Debug: Checking Namespace=default, Pod=ms-52379-57c6cdd54b-2r94b for Target File=deathstar_*.output
Namespace: default, Pod: ms-52379-57c6cdd54b-2r94b has the target files.
Copying deathstar_ms-52379.output to deathstar_ms-52379.output
tar: removing leading '/' from member names
Debug: Checking Namespace=default, Pod=ms-55394-6f999f5df9-j95cf for Target File=deathstar_*.output
Namespace: default, Pod: ms-55394-6f999f5df9-j95cf has the target files.
Copying deathstar_ms-55394.output to deathstar_ms-55394.output
tar: removing leading '/' from member names
Debug: Checking Namespace=default, Pod=ms-58436-59dd96f659-sfkmn for Target File=deathstar_*.output
Namespace: default, Pod: ms-58436-59dd96f659-sfkmn has the target files.
Copying deathstar_ms-58436.output to deathstar_ms-58436.output
tar: removing leading '/' from member names
Debug: Checking Namespace=default, Pod=ms-58772-68ff78c966-bt5z8 for Target File=deathstar_*.output
Namespace: default, Pod: ms-58772-68ff78c966-bt5z8 has the target files.
Copying deathstar_ms-58772.output to deathstar_ms-58772.output
tar: removing leading '/' from member names
Debug: Checking Namespace=default, Pod=ms-59962-756b895b58-d98jm for Target File=deathstar_*.output
Namespace: default, Pod: ms-59962-756b895b58-d98jm has the target files.
Copying deathstar_ms-59962.output to deathstar_ms-59962.output
tar: removing leading '/' from member names
Debug: Checking Namespace=default, Pod=ms-60061-68bd84bdcd-7wg5f for Target File=deathstar_*.output
Namespace: default, Pod: ms-60061-68bd84bdcd-7wg5f has the target files.
Copying deathstar_ms-60061.output to deathstar_ms-60061.output
tar: removing leading '/' from member names
Debug: Checking Namespace=default, Pod=ms-6323-974659fcd-4vx78 for Target File=deathstar_*.output
Namespace: default, Pod: ms-6323-974659fcd-4vx78 has the target files.
Copying deathstar_ms-6323.output to deathstar_ms-6323.output
tar: removing leading '/' from member names
Debug: Checking Namespace=default, Pod=ms-65741-65f588bcdf-bvqpl for Target File=deathstar_*.output
Namespace: default, Pod: ms-65741-65f588bcdf-bvqpl has the target files.
Copying deathstar_ms-65741.output to deathstar_ms-65741.output
tar: removing leading '/' from member names
Debug: Checking Namespace=default, Pod=ms-66473-79c66f8bff-dh7ch for Target File=deathstar_*.output
Namespace: default, Pod: ms-66473-79c66f8bff-dh7ch has the target files.
Copying deathstar_ms-66473.output to deathstar_ms-66473.output
tar: removing leading '/' from member names
Debug: Checking Namespace=default, Pod=ms-69188-65c548d4cb-q842m for Target File=deathstar_*.output
Namespace: default, Pod: ms-69188-65c548d4cb-q842m has the target files.
Copying deathstar_ms-69188.output to deathstar_ms-69188.output
tar: removing leading '/' from member names
Debug: Checking Namespace=default, Pod=ms-69614-794bd8475-szh8m for Target File=deathstar_*.output
Namespace: default, Pod: ms-69614-794bd8475-szh8m has the target files.
Copying deathstar_ms-69614.output to deathstar_ms-69614.output
tar: removing leading '/' from member names
Debug: Checking Namespace=default, Pod=ms-9081-567985788-l9qg4 for Target File=deathstar_*.output
Namespace: default, Pod: ms-9081-567985788-l9qg4 has the target files.
Copying deathstar_ms-9081.output to deathstar_ms-9081.output
tar: removing leading '/' from member names
Debug: Checking Namespace=default, Pod=nginx-web-server-56557f7cb7-rls6t for Target File=deathstar_*.output
Namespace: default, Pod: nginx-web-server-56557f7cb7-rls6t has the target files.
Copying deathstar_nginx-web-server.output to deathstar_nginx-web-server.output
tar: removing leading '/' from member names
Debug: Checking Namespace=default, Pod=unknown-6ddf9bd4b5-58ffd for Target File=deathstar_*.output
Namespace: default, Pod: unknown-6ddf9bd4b5-58ffd has the target files.
Copying deathstar_unknown.output to deathstar_unknown.output
tar: removing leading '/' from member names
