Deployments: ms-25648
ms-27283
ms-27421
ms-2827
ms-34756
ms-36144
ms-37691
ms-41385
ms-41914
ms-46825
ms-54016
ms-55339
ms-58269
ms-58845
ms-68328
ms-70297
nginx-web-server
unknown
deployment "ms-25648" successfully rolled out
deployment "ms-27283" successfully rolled out
deployment "ms-27421" successfully rolled out
deployment "ms-2827" successfully rolled out
deployment "ms-34756" successfully rolled out
deployment "ms-36144" successfully rolled out
deployment "ms-37691" successfully rolled out
deployment "ms-41385" successfully rolled out
deployment "ms-41914" successfully rolled out
deployment "ms-46825" successfully rolled out
deployment "ms-54016" successfully rolled out
deployment "ms-55339" successfully rolled out
deployment "ms-58269" successfully rolled out
deployment "ms-58845" successfully rolled out
deployment "ms-68328" successfully rolled out
deployment "ms-70297" successfully rolled out
deployment "nginx-web-server" successfully rolled out
deployment "unknown" successfully rolled out
ENTRY_POINT: nginx-web-server
SERVICE_A_URL: 10.97.72.224:50051
Capacity: 10000
Metadata: request-id={{.RequestNumber}}
Metadata: timestamp={{.TimestampUnix}}
Metadata: method=S_161142529
Charon Configurations:
[{INTERCEPT charon} {PRICE_UPDATE_RATE 5420us} {TOKEN_UPDATE_RATE 29174us} {LATENCY_THRESHOLD 10996us} {PRICE_STEP 13} {PRICE_STRATEGY proportional} {LAZY_UPDATE true} {RATE_LIMITING true} {LOAD_SHEDDING true} {CHARON_TRACK_PRICE false} {BREAKWATER_SLO 12500us} {BREAKWATER_A 0.001} {BREAKWATER_B 0.02} {BREAKWATER_CLIENT_EXPIRATION 10ms} {BREAKWATER_INITIAL_CREDIT 400} {BREAKWATER_LOAD_SHEDDING true} {BREAKWATER_RTT 1000us} {BREAKWATERD_SLO 12500us} {BREAKWATERD_A 0.001} {BREAKWATERD_B 0.02} {BREAKWATERD_CLIENT_EXPIRATION 10ms} {BREAKWATERD_INITIAL_CREDIT 400} {BREAKWATERD_LOAD_SHEDDING true} {BREAKWATERD_RTT 1000us} {DAGOR_QUEUING_THRESHOLD 2ms} {DAGOR_ALPHA 0.05} {DAGOR_BETA 0.01} {DAGOR_ADMISSION_LEVEL_UPDATE_INTERVAL 10ms} {DAGOR_UMAX 20}]

Summary:
  Count:	92609
  Total:	14.83 s
  Slowest:	850.71 ms
  Fastest:	65.21 ms
  Average:	152.01 ms
  Requests/sec:	6245.36

Response time histogram:
  65.215  [1]     |
  143.764 [43337] |∎∎∎∎∎∎∎∎∎∎∎∎∎∎∎∎∎∎∎∎∎∎∎∎∎∎∎∎∎∎∎∎∎∎∎∎∎∎∎∎
  222.314 [30196] |∎∎∎∎∎∎∎∎∎∎∎∎∎∎∎∎∎∎∎∎∎∎∎∎∎∎∎∎
  300.864 [10552] |∎∎∎∎∎∎∎∎∎∎
  379.414 [4035]  |∎∎∎∎
  457.963 [496]   |
  536.513 [54]    |
  615.063 [2]     |
  693.612 [0]     |
  772.162 [6]     |
  850.712 [28]    |

Latency distribution:
  10 % in 68.74 ms 
  25 % in 99.30 ms 
  50 % in 146.00 ms 
  75 % in 196.85 ms 
  90 % in 259.39 ms 
  95 % in 303.06 ms 
  99 % in 364.20 ms 

Status code distribution:
  [OK]                  88707 responses   
  [ResourceExhausted]   3372 responses    
  [Canceled]            530 responses     

Error distribution:
  [288]    rpc error: code = ResourceExhausted desc = S_161142529 req dropped by unknown. Try again later.            
  [138]    rpc error: code = ResourceExhausted desc = S_161142529 req dropped by ms-41385. Try again later.           
  [2244]   rpc error: code = ResourceExhausted desc = S_161142529 req dropped by nginx-web-server. Try again later.   
  [530]    rpc error: code = Canceled desc = grpc: the client connection is closing                                   
  [244]    rpc error: code = ResourceExhausted desc = S_161142529 req dropped by ms-27283. Try again later.           
  [458]    rpc error: code = ResourceExhausted desc = S_161142529 req dropped by ms-36144. Try again later.           

Debug: Checking Namespace=default, Pod=ms-25648-86cc47d8bd-zmt9d for Target File=deathstar_*.output
Namespace: default, Pod: ms-25648-86cc47d8bd-zmt9d has the target files.
Copying deathstar_ms-25648.output to deathstar_ms-25648.output
tar: removing leading '/' from member names
Debug: Checking Namespace=default, Pod=ms-27283-7cb76dd56d-mf6rn for Target File=deathstar_*.output
Namespace: default, Pod: ms-27283-7cb76dd56d-mf6rn has the target files.
Copying deathstar_ms-27283.output to deathstar_ms-27283.output
tar: removing leading '/' from member names
Debug: Checking Namespace=default, Pod=ms-27421-64f549855c-fg9jq for Target File=deathstar_*.output
Namespace: default, Pod: ms-27421-64f549855c-fg9jq has the target files.
Copying deathstar_ms-27421.output to deathstar_ms-27421.output
tar: removing leading '/' from member names
Debug: Checking Namespace=default, Pod=ms-2827-565cbcd7b-xl9cx for Target File=deathstar_*.output
Namespace: default, Pod: ms-2827-565cbcd7b-xl9cx has the target files.
Copying deathstar_ms-2827.output to deathstar_ms-2827.output
tar: removing leading '/' from member names
Debug: Checking Namespace=default, Pod=ms-34756-7c45d5bcc-2sgjl for Target File=deathstar_*.output
Namespace: default, Pod: ms-34756-7c45d5bcc-2sgjl has the target files.
Copying deathstar_ms-34756.output to deathstar_ms-34756.output
tar: removing leading '/' from member names
Debug: Checking Namespace=default, Pod=ms-36144-7bf7cbfff6-nhr67 for Target File=deathstar_*.output
Namespace: default, Pod: ms-36144-7bf7cbfff6-nhr67 has the target files.
Copying deathstar_ms-36144.output to deathstar_ms-36144.output
tar: removing leading '/' from member names
Debug: Checking Namespace=default, Pod=ms-37691-6f7cbf7c5-g8zfx for Target File=deathstar_*.output
Namespace: default, Pod: ms-37691-6f7cbf7c5-g8zfx has the target files.
Copying deathstar_ms-37691.output to deathstar_ms-37691.output
tar: removing leading '/' from member names
Debug: Checking Namespace=default, Pod=ms-41385-6bc4f5d4fc-6288r for Target File=deathstar_*.output
Namespace: default, Pod: ms-41385-6bc4f5d4fc-6288r has the target files.
Copying deathstar_ms-41385.output to deathstar_ms-41385.output
tar: removing leading '/' from member names
Debug: Checking Namespace=default, Pod=ms-41914-5555dd8d48-6hssp for Target File=deathstar_*.output
Namespace: default, Pod: ms-41914-5555dd8d48-6hssp has the target files.
Copying deathstar_ms-41914.output to deathstar_ms-41914.output
tar: removing leading '/' from member names
Debug: Checking Namespace=default, Pod=ms-46825-58c684559d-qcph6 for Target File=deathstar_*.output
Namespace: default, Pod: ms-46825-58c684559d-qcph6 has the target files.
Copying deathstar_ms-46825.output to deathstar_ms-46825.output
tar: removing leading '/' from member names
Debug: Checking Namespace=default, Pod=ms-54016-5665fbcb8d-6bn24 for Target File=deathstar_*.output
Namespace: default, Pod: ms-54016-5665fbcb8d-6bn24 has the target files.
Copying deathstar_ms-54016.output to deathstar_ms-54016.output
tar: removing leading '/' from member names
Debug: Checking Namespace=default, Pod=ms-55339-5b545b67bb-m94fp for Target File=deathstar_*.output
Namespace: default, Pod: ms-55339-5b545b67bb-m94fp has the target files.
Copying deathstar_ms-55339.output to deathstar_ms-55339.output
tar: removing leading '/' from member names
Debug: Checking Namespace=default, Pod=ms-58269-8c4794c6c-sxlp2 for Target File=deathstar_*.output
Namespace: default, Pod: ms-58269-8c4794c6c-sxlp2 has the target files.
Copying deathstar_ms-58269.output to deathstar_ms-58269.output
tar: removing leading '/' from member names
Debug: Checking Namespace=default, Pod=ms-58845-5bc6f9d8df-lvjxr for Target File=deathstar_*.output
Namespace: default, Pod: ms-58845-5bc6f9d8df-lvjxr has the target files.
Copying deathstar_ms-58845.output to deathstar_ms-58845.output
tar: removing leading '/' from member names
Debug: Checking Namespace=default, Pod=ms-68328-5866fd45b7-j7jpj for Target File=deathstar_*.output
Namespace: default, Pod: ms-68328-5866fd45b7-j7jpj has the target files.
Copying deathstar_ms-68328.output to deathstar_ms-68328.output
tar: removing leading '/' from member names
Debug: Checking Namespace=default, Pod=ms-70297-868876bcdb-s24ft for Target File=deathstar_*.output
Namespace: default, Pod: ms-70297-868876bcdb-s24ft has the target files.
Copying deathstar_ms-70297.output to deathstar_ms-70297.output
tar: removing leading '/' from member names
Debug: Checking Namespace=default, Pod=nginx-web-server-56557f7cb7-ncvvp for Target File=deathstar_*.output
Namespace: default, Pod: nginx-web-server-56557f7cb7-ncvvp has the target files.
Copying deathstar_nginx-web-server.output to deathstar_nginx-web-server.output
tar: removing leading '/' from member names
Debug: Checking Namespace=default, Pod=unknown-57ddd65965-h8dr9 for Target File=deathstar_*.output
Namespace: default, Pod: unknown-57ddd65965-h8dr9 has the target files.
Copying deathstar_unknown.output to deathstar_unknown.output
tar: removing leading '/' from member names
