Deployments: ms-10090
ms-13558
ms-18330
ms-19585
ms-20172
ms-22893
ms-24009
ms-24959
ms-26622
ms-27421
ms-29373
ms-32301
ms-3289
ms-37691
ms-38964
ms-40147
ms-48118
ms-4829
ms-51685
ms-52379
ms-55394
ms-58436
ms-58772
ms-59962
ms-60061
ms-6323
ms-65741
ms-66473
ms-69188
ms-69614
ms-9081
nginx-web-server
unknown
deployment "ms-10090" successfully rolled out
deployment "ms-13558" successfully rolled out
deployment "ms-18330" successfully rolled out
deployment "ms-19585" successfully rolled out
deployment "ms-20172" successfully rolled out
deployment "ms-22893" successfully rolled out
deployment "ms-24009" successfully rolled out
deployment "ms-24959" successfully rolled out
deployment "ms-26622" successfully rolled out
deployment "ms-27421" successfully rolled out
deployment "ms-29373" successfully rolled out
deployment "ms-32301" successfully rolled out
deployment "ms-3289" successfully rolled out
deployment "ms-37691" successfully rolled out
deployment "ms-38964" successfully rolled out
deployment "ms-40147" successfully rolled out
deployment "ms-48118" successfully rolled out
deployment "ms-4829" successfully rolled out
deployment "ms-51685" successfully rolled out
deployment "ms-52379" successfully rolled out
deployment "ms-55394" successfully rolled out
deployment "ms-58436" successfully rolled out
deployment "ms-58772" successfully rolled out
deployment "ms-59962" successfully rolled out
deployment "ms-60061" successfully rolled out
deployment "ms-6323" successfully rolled out
deployment "ms-65741" successfully rolled out
deployment "ms-66473" successfully rolled out
deployment "ms-69188" successfully rolled out
deployment "ms-69614" successfully rolled out
deployment "ms-9081" successfully rolled out
deployment "nginx-web-server" successfully rolled out
deployment "unknown" successfully rolled out
ENTRY_POINT: nginx-web-server
SERVICE_A_URL: 10.100.135.144:50051
Capacity: 16000
Metadata: request-id={{.RequestNumber}}
Metadata: timestamp={{.TimestampUnix}}
Metadata: method=S_149998854
Charon Configurations:
[{INTERCEPT charon} {PRICE_UPDATE_RATE 16569us} {TOKEN_UPDATE_RATE 13149us} {LATENCY_THRESHOLD 9000us} {PRICE_STEP 73} {PRICE_STRATEGY proportional} {LAZY_UPDATE true} {RATE_LIMITING true} {LOAD_SHEDDING true} {CHARON_TRACK_PRICE false} {BREAKWATER_SLO 12500us} {BREAKWATER_A 0.001} {BREAKWATER_B 0.02} {BREAKWATER_CLIENT_EXPIRATION 10ms} {BREAKWATER_INITIAL_CREDIT 400} {BREAKWATER_LOAD_SHEDDING true} {BREAKWATER_RTT 1000us} {BREAKWATERD_SLO 12500us} {BREAKWATERD_A 0.001} {BREAKWATERD_B 0.02} {BREAKWATERD_CLIENT_EXPIRATION 10ms} {BREAKWATERD_INITIAL_CREDIT 400} {BREAKWATERD_LOAD_SHEDDING true} {BREAKWATERD_RTT 1000us} {DAGOR_QUEUING_THRESHOLD 2ms} {DAGOR_ALPHA 0.05} {DAGOR_BETA 0.01} {DAGOR_ADMISSION_LEVEL_UPDATE_INTERVAL 10ms} {DAGOR_UMAX 20}]

Summary:
  Count:	59672
  Total:	14.86 s
  Slowest:	828.04 ms
  Fastest:	110.96 ms
  Average:	162.10 ms
  Requests/sec:	4016.77

Response time histogram:
  110.963 [1]     |
  182.671 [38499] |∎∎∎∎∎∎∎∎∎∎∎∎∎∎∎∎∎∎∎∎∎∎∎∎∎∎∎∎∎∎∎∎∎∎∎∎∎∎∎∎
  254.379 [6837]  |∎∎∎∎∎∎∎
  326.087 [220]   |
  397.795 [101]   |
  469.503 [54]    |
  541.211 [376]   |
  612.920 [510]   |∎
  684.628 [624]   |∎
  756.336 [3]     |
  828.044 [71]    |

Latency distribution:
  10 % in 113.55 ms 
  25 % in 118.77 ms 
  50 % in 150.24 ms 
  75 % in 173.63 ms 
  90 % in 201.06 ms 
  95 % in 228.98 ms 
  99 % in 633.39 ms 

Status code distribution:
  [OK]                  47296 responses   
  [ResourceExhausted]   11942 responses   
  [Canceled]            434 responses     

Error distribution:
  [434]    rpc error: code = Canceled desc = grpc: the client connection is closing                                   
  [974]    rpc error: code = ResourceExhausted desc = S_149998854 req dropped by ms-66473. Try again later.           
  [6032]   rpc error: code = ResourceExhausted desc = S_149998854 req dropped by nginx-web-server. Try again later.   
  [2485]   rpc error: code = ResourceExhausted desc = S_149998854 req dropped by ms-18330. Try again later.           
  [2451]   rpc error: code = ResourceExhausted desc = S_149998854 req dropped by ms-55394. Try again later.           

Debug: Checking Namespace=default, Pod=ms-10090-6454f977fd-ngwsv for Target File=deathstar_*.output
Namespace: default, Pod: ms-10090-6454f977fd-ngwsv has the target files.
Copying deathstar_ms-10090.output to deathstar_ms-10090.output
tar: removing leading '/' from member names
Debug: Checking Namespace=default, Pod=ms-13558-b48bb5d9d-8qtk4 for Target File=deathstar_*.output
Namespace: default, Pod: ms-13558-b48bb5d9d-8qtk4 has the target files.
Copying deathstar_ms-13558.output to deathstar_ms-13558.output
tar: removing leading '/' from member names
Debug: Checking Namespace=default, Pod=ms-18330-759d9cf49c-5k2j5 for Target File=deathstar_*.output
Namespace: default, Pod: ms-18330-759d9cf49c-5k2j5 has the target files.
Copying deathstar_ms-18330.output to deathstar_ms-18330.output
tar: removing leading '/' from member names
Debug: Checking Namespace=default, Pod=ms-19585-6f995cfcbf-7sbkk for Target File=deathstar_*.output
Namespace: default, Pod: ms-19585-6f995cfcbf-7sbkk has the target files.
Copying deathstar_ms-19585.output to deathstar_ms-19585.output
tar: removing leading '/' from member names
Debug: Checking Namespace=default, Pod=ms-20172-59d5485464-cvpzh for Target File=deathstar_*.output
Namespace: default, Pod: ms-20172-59d5485464-cvpzh has the target files.
Copying deathstar_ms-20172.output to deathstar_ms-20172.output
tar: removing leading '/' from member names
Debug: Checking Namespace=default, Pod=ms-22893-576fd5f9f6-26wxq for Target File=deathstar_*.output
Namespace: default, Pod: ms-22893-576fd5f9f6-26wxq has the target files.
Copying deathstar_ms-22893.output to deathstar_ms-22893.output
tar: removing leading '/' from member names
Debug: Checking Namespace=default, Pod=ms-24009-67dbf5b976-kp52n for Target File=deathstar_*.output
Namespace: default, Pod: ms-24009-67dbf5b976-kp52n has the target files.
Copying deathstar_ms-24009.output to deathstar_ms-24009.output
tar: removing leading '/' from member names
Debug: Checking Namespace=default, Pod=ms-24959-99f8bbf9-dx7cg for Target File=deathstar_*.output
Namespace: default, Pod: ms-24959-99f8bbf9-dx7cg has the target files.
Copying deathstar_ms-24959.output to deathstar_ms-24959.output
tar: removing leading '/' from member names
Debug: Checking Namespace=default, Pod=ms-26622-66fdf7d64f-b9lgk for Target File=deathstar_*.output
Namespace: default, Pod: ms-26622-66fdf7d64f-b9lgk has the target files.
Copying deathstar_ms-26622.output to deathstar_ms-26622.output
tar: removing leading '/' from member names
Debug: Checking Namespace=default, Pod=ms-27421-64f549855c-7w2qs for Target File=deathstar_*.output
Namespace: default, Pod: ms-27421-64f549855c-7w2qs has the target files.
Copying deathstar_ms-27421.output to deathstar_ms-27421.output
tar: removing leading '/' from member names
Debug: Checking Namespace=default, Pod=ms-29373-8467f7db44-fnsgq for Target File=deathstar_*.output
Namespace: default, Pod: ms-29373-8467f7db44-fnsgq has the target files.
Copying deathstar_ms-29373.output to deathstar_ms-29373.output
tar: removing leading '/' from member names
Debug: Checking Namespace=default, Pod=ms-32301-c5654bbc5-gkhnd for Target File=deathstar_*.output
Namespace: default, Pod: ms-32301-c5654bbc5-gkhnd has the target files.
Copying deathstar_ms-32301.output to deathstar_ms-32301.output
tar: removing leading '/' from member names
Debug: Checking Namespace=default, Pod=ms-3289-587dbd96bf-cz4q2 for Target File=deathstar_*.output
Namespace: default, Pod: ms-3289-587dbd96bf-cz4q2 has the target files.
Copying deathstar_ms-3289.output to deathstar_ms-3289.output
tar: removing leading '/' from member names
Debug: Checking Namespace=default, Pod=ms-37691-6dc6cd6744-64sw4 for Target File=deathstar_*.output
Namespace: default, Pod: ms-37691-6dc6cd6744-64sw4 has the target files.
Copying deathstar_ms-37691.output to deathstar_ms-37691.output
tar: removing leading '/' from member names
Debug: Checking Namespace=default, Pod=ms-38964-5b647cdbd-fsc2f for Target File=deathstar_*.output
Namespace: default, Pod: ms-38964-5b647cdbd-fsc2f has the target files.
Copying deathstar_ms-38964.output to deathstar_ms-38964.output
tar: removing leading '/' from member names
Debug: Checking Namespace=default, Pod=ms-40147-cd867585-pcd7d for Target File=deathstar_*.output
Namespace: default, Pod: ms-40147-cd867585-pcd7d has the target files.
Copying deathstar_ms-40147.output to deathstar_ms-40147.output
tar: removing leading '/' from member names
Debug: Checking Namespace=default, Pod=ms-48118-ff7b99cc9-c22pg for Target File=deathstar_*.output
Namespace: default, Pod: ms-48118-ff7b99cc9-c22pg has the target files.
Copying deathstar_ms-48118.output to deathstar_ms-48118.output
tar: removing leading '/' from member names
Debug: Checking Namespace=default, Pod=ms-4829-669557b66c-8c4cl for Target File=deathstar_*.output
Namespace: default, Pod: ms-4829-669557b66c-8c4cl has the target files.
Copying deathstar_ms-4829.output to deathstar_ms-4829.output
tar: removing leading '/' from member names
Debug: Checking Namespace=default, Pod=ms-51685-79858c784f-jfgs6 for Target File=deathstar_*.output
Namespace: default, Pod: ms-51685-79858c784f-jfgs6 has the target files.
Copying deathstar_ms-51685.output to deathstar_ms-51685.output
tar: removing leading '/' from member names
Debug: Checking Namespace=default, Pod=ms-52379-57c6cdd54b-56nj4 for Target File=deathstar_*.output
Namespace: default, Pod: ms-52379-57c6cdd54b-56nj4 has the target files.
Copying deathstar_ms-52379.output to deathstar_ms-52379.output
tar: removing leading '/' from member names
Debug: Checking Namespace=default, Pod=ms-55394-6f999f5df9-6fnrj for Target File=deathstar_*.output
Namespace: default, Pod: ms-55394-6f999f5df9-6fnrj has the target files.
Copying deathstar_ms-55394.output to deathstar_ms-55394.output
tar: removing leading '/' from member names
Debug: Checking Namespace=default, Pod=ms-58436-59dd96f659-pjbqf for Target File=deathstar_*.output
Namespace: default, Pod: ms-58436-59dd96f659-pjbqf has the target files.
Copying deathstar_ms-58436.output to deathstar_ms-58436.output
tar: removing leading '/' from member names
Debug: Checking Namespace=default, Pod=ms-58772-68ff78c966-rh2vq for Target File=deathstar_*.output
Namespace: default, Pod: ms-58772-68ff78c966-rh2vq has the target files.
Copying deathstar_ms-58772.output to deathstar_ms-58772.output
tar: removing leading '/' from member names
Debug: Checking Namespace=default, Pod=ms-59962-756b895b58-lz5qm for Target File=deathstar_*.output
Namespace: default, Pod: ms-59962-756b895b58-lz5qm has the target files.
Copying deathstar_ms-59962.output to deathstar_ms-59962.output
tar: removing leading '/' from member names
Debug: Checking Namespace=default, Pod=ms-60061-68bd84bdcd-nkq6n for Target File=deathstar_*.output
Namespace: default, Pod: ms-60061-68bd84bdcd-nkq6n has the target files.
Copying deathstar_ms-60061.output to deathstar_ms-60061.output
tar: removing leading '/' from member names
Debug: Checking Namespace=default, Pod=ms-6323-974659fcd-b7znv for Target File=deathstar_*.output
Namespace: default, Pod: ms-6323-974659fcd-b7znv has the target files.
Copying deathstar_ms-6323.output to deathstar_ms-6323.output
tar: removing leading '/' from member names
Debug: Checking Namespace=default, Pod=ms-65741-65f588bcdf-tzcdw for Target File=deathstar_*.output
Namespace: default, Pod: ms-65741-65f588bcdf-tzcdw has the target files.
Copying deathstar_ms-65741.output to deathstar_ms-65741.output
tar: removing leading '/' from member names
Debug: Checking Namespace=default, Pod=ms-66473-79c66f8bff-cc64x for Target File=deathstar_*.output
Namespace: default, Pod: ms-66473-79c66f8bff-cc64x has the target files.
Copying deathstar_ms-66473.output to deathstar_ms-66473.output
tar: removing leading '/' from member names
Debug: Checking Namespace=default, Pod=ms-69188-65c548d4cb-sq969 for Target File=deathstar_*.output
Namespace: default, Pod: ms-69188-65c548d4cb-sq969 has the target files.
Copying deathstar_ms-69188.output to deathstar_ms-69188.output
tar: removing leading '/' from member names
Debug: Checking Namespace=default, Pod=ms-69614-794bd8475-xg9t5 for Target File=deathstar_*.output
Namespace: default, Pod: ms-69614-794bd8475-xg9t5 has the target files.
Copying deathstar_ms-69614.output to deathstar_ms-69614.output
tar: removing leading '/' from member names
Debug: Checking Namespace=default, Pod=ms-9081-567985788-p6hf5 for Target File=deathstar_*.output
Namespace: default, Pod: ms-9081-567985788-p6hf5 has the target files.
Copying deathstar_ms-9081.output to deathstar_ms-9081.output
tar: removing leading '/' from member names
Debug: Checking Namespace=default, Pod=nginx-web-server-56557f7cb7-dn2nf for Target File=deathstar_*.output
Namespace: default, Pod: nginx-web-server-56557f7cb7-dn2nf has the target files.
Copying deathstar_nginx-web-server.output to deathstar_nginx-web-server.output
tar: removing leading '/' from member names
Debug: Checking Namespace=default, Pod=unknown-6ddf9bd4b5-kctnb for Target File=deathstar_*.output
Namespace: default, Pod: unknown-6ddf9bd4b5-kctnb has the target files.
Copying deathstar_unknown.output to deathstar_unknown.output
tar: removing leading '/' from member names
