Deployments: ms-11070
ms-11285
ms-11512
ms-1278
ms-13873
ms-19953
ms-21883
ms-25124
ms-27421
ms-2827
ms-33719
ms-37691
ms-43309
ms-4354
ms-46825
ms-60236
ms-71771
ms-8052
ms-902
nginx-web-server
deployment "ms-11070" successfully rolled out
deployment "ms-11285" successfully rolled out
deployment "ms-11512" successfully rolled out
deployment "ms-1278" successfully rolled out
deployment "ms-13873" successfully rolled out
deployment "ms-19953" successfully rolled out
deployment "ms-21883" successfully rolled out
deployment "ms-25124" successfully rolled out
deployment "ms-27421" successfully rolled out
deployment "ms-2827" successfully rolled out
deployment "ms-33719" successfully rolled out
deployment "ms-37691" successfully rolled out
deployment "ms-43309" successfully rolled out
deployment "ms-4354" successfully rolled out
deployment "ms-46825" successfully rolled out
deployment "ms-60236" successfully rolled out
deployment "ms-71771" successfully rolled out
deployment "ms-8052" successfully rolled out
deployment "ms-902" successfully rolled out
deployment "nginx-web-server" successfully rolled out
ENTRY_POINT: nginx-web-server
SERVICE_A_URL: 10.109.220.45:50051
Capacity: 2000
Metadata: request-id={{.RequestNumber}}
Metadata: timestamp={{.TimestampUnix}}
Metadata: method=S_102000854
Charon Configurations:
[{INTERCEPT charon} {PRICE_UPDATE_RATE 18913us} {TOKEN_UPDATE_RATE 18869us} {LATENCY_THRESHOLD 6445us} {PRICE_STEP 150} {PRICE_STRATEGY proportional} {LAZY_UPDATE true} {RATE_LIMITING true} {LOAD_SHEDDING true} {CHARON_TRACK_PRICE false} {BREAKWATER_SLO 12500us} {BREAKWATER_A 0.001} {BREAKWATER_B 0.02} {BREAKWATER_CLIENT_EXPIRATION 10ms} {BREAKWATER_INITIAL_CREDIT 400} {BREAKWATER_LOAD_SHEDDING true} {BREAKWATER_RTT 1000us} {BREAKWATERD_SLO 12500us} {BREAKWATERD_A 0.001} {BREAKWATERD_B 0.02} {BREAKWATERD_CLIENT_EXPIRATION 10ms} {BREAKWATERD_INITIAL_CREDIT 400} {BREAKWATERD_LOAD_SHEDDING true} {BREAKWATERD_RTT 1000us} {DAGOR_QUEUING_THRESHOLD 2ms} {DAGOR_ALPHA 0.05} {DAGOR_BETA 0.01} {DAGOR_ADMISSION_LEVEL_UPDATE_INTERVAL 10ms} {DAGOR_UMAX 20}]

Summary:
  Count:	35162
  Total:	14.75 s
  Slowest:	822.42 ms
  Fastest:	38.89 ms
  Average:	42.81 ms
  Requests/sec:	2383.28

Response time histogram:
  38.886  [1]     |
  117.240 [35050] |∎∎∎∎∎∎∎∎∎∎∎∎∎∎∎∎∎∎∎∎∎∎∎∎∎∎∎∎∎∎∎∎∎∎∎∎∎∎∎∎
  195.593 [29]    |
  273.947 [1]     |
  352.301 [0]     |
  430.654 [10]    |
  509.008 [29]    |
  587.362 [0]     |
  665.715 [0]     |
  744.069 [12]    |
  822.423 [27]    |

Latency distribution:
  10 % in 39.68 ms 
  25 % in 40.09 ms 
  50 % in 40.80 ms 
  75 % in 42.03 ms 
  90 % in 43.94 ms 
  95 % in 45.47 ms 
  99 % in 50.60 ms 

Status code distribution:
  [OK]         35159 responses   
  [Canceled]   3 responses       

Error distribution:
  [3]   rpc error: code = Canceled desc = grpc: the client connection is closing   

Debug: Checking Namespace=default, Pod=ms-11070-7868c54f44-t8t99 for Target File=deathstar_*.output
Namespace: default, Pod: ms-11070-7868c54f44-t8t99 has the target files.
Copying deathstar_ms-11070.output to deathstar_ms-11070.output
tar: removing leading '/' from member names
Debug: Checking Namespace=default, Pod=ms-11285-67d597dc77-8jl8n for Target File=deathstar_*.output
Namespace: default, Pod: ms-11285-67d597dc77-8jl8n has the target files.
Copying deathstar_ms-11285.output to deathstar_ms-11285.output
tar: removing leading '/' from member names
Debug: Checking Namespace=default, Pod=ms-11512-75f8ddc45b-mcgjd for Target File=deathstar_*.output
Namespace: default, Pod: ms-11512-75f8ddc45b-mcgjd has the target files.
Copying deathstar_ms-11512.output to deathstar_ms-11512.output
tar: removing leading '/' from member names
Debug: Checking Namespace=default, Pod=ms-1278-85766ff6b8-jjcgw for Target File=deathstar_*.output
Namespace: default, Pod: ms-1278-85766ff6b8-jjcgw has the target files.
Copying deathstar_ms-1278.output to deathstar_ms-1278.output
tar: removing leading '/' from member names
Debug: Checking Namespace=default, Pod=ms-13873-85d7bb7b97-q568p for Target File=deathstar_*.output
Namespace: default, Pod: ms-13873-85d7bb7b97-q568p has the target files.
Copying deathstar_ms-13873.output to deathstar_ms-13873.output
tar: removing leading '/' from member names
Debug: Checking Namespace=default, Pod=ms-19953-68cc8998c5-b95f9 for Target File=deathstar_*.output
Namespace: default, Pod: ms-19953-68cc8998c5-b95f9 has the target files.
Copying deathstar_ms-19953.output to deathstar_ms-19953.output
tar: removing leading '/' from member names
Debug: Checking Namespace=default, Pod=ms-21883-f6c88c6d4-8kjth for Target File=deathstar_*.output
Namespace: default, Pod: ms-21883-f6c88c6d4-8kjth has the target files.
Copying deathstar_ms-21883.output to deathstar_ms-21883.output
tar: removing leading '/' from member names
Debug: Checking Namespace=default, Pod=ms-25124-77bd4446f5-ltgw9 for Target File=deathstar_*.output
Namespace: default, Pod: ms-25124-77bd4446f5-ltgw9 has the target files.
Copying deathstar_ms-25124.output to deathstar_ms-25124.output
tar: removing leading '/' from member names
Debug: Checking Namespace=default, Pod=ms-27421-8565974486-7qnw8 for Target File=deathstar_*.output
Namespace: default, Pod: ms-27421-8565974486-7qnw8 has the target files.
Copying deathstar_ms-27421.output to deathstar_ms-27421.output
tar: removing leading '/' from member names
Debug: Checking Namespace=default, Pod=ms-2827-5dcc6df4f4-xzrhm for Target File=deathstar_*.output
Namespace: default, Pod: ms-2827-5dcc6df4f4-xzrhm has the target files.
Copying deathstar_ms-2827.output to deathstar_ms-2827.output
tar: removing leading '/' from member names
Debug: Checking Namespace=default, Pod=ms-33719-6c455cf54c-xvwqn for Target File=deathstar_*.output
Namespace: default, Pod: ms-33719-6c455cf54c-xvwqn has the target files.
Copying deathstar_ms-33719.output to deathstar_ms-33719.output
tar: removing leading '/' from member names
Debug: Checking Namespace=default, Pod=ms-37691-b9bc44798-twpk7 for Target File=deathstar_*.output
Namespace: default, Pod: ms-37691-b9bc44798-twpk7 has the target files.
Copying deathstar_ms-37691.output to deathstar_ms-37691.output
tar: removing leading '/' from member names
Debug: Checking Namespace=default, Pod=ms-43309-54f758d465-sk5mw for Target File=deathstar_*.output
Namespace: default, Pod: ms-43309-54f758d465-sk5mw has the target files.
Copying deathstar_ms-43309.output to deathstar_ms-43309.output
tar: removing leading '/' from member names
Debug: Checking Namespace=default, Pod=ms-4354-669cfcbdf6-6vxrw for Target File=deathstar_*.output
Namespace: default, Pod: ms-4354-669cfcbdf6-6vxrw has the target files.
Copying deathstar_ms-4354.output to deathstar_ms-4354.output
tar: removing leading '/' from member names
Debug: Checking Namespace=default, Pod=ms-46825-58c684559d-pq5cs for Target File=deathstar_*.output
Namespace: default, Pod: ms-46825-58c684559d-pq5cs has the target files.
Copying deathstar_ms-46825.output to deathstar_ms-46825.output
tar: removing leading '/' from member names
Debug: Checking Namespace=default, Pod=ms-60236-64866cf49-6f7x7 for Target File=deathstar_*.output
Namespace: default, Pod: ms-60236-64866cf49-6f7x7 has the target files.
Copying deathstar_ms-60236.output to deathstar_ms-60236.output
tar: removing leading '/' from member names
Debug: Checking Namespace=default, Pod=ms-71771-567ddbdd95-z8wnr for Target File=deathstar_*.output
Namespace: default, Pod: ms-71771-567ddbdd95-z8wnr has the target files.
Copying deathstar_ms-71771.output to deathstar_ms-71771.output
tar: removing leading '/' from member names
Debug: Checking Namespace=default, Pod=ms-8052-b995968dc-j2mbm for Target File=deathstar_*.output
Namespace: default, Pod: ms-8052-b995968dc-j2mbm has the target files.
Copying deathstar_ms-8052.output to deathstar_ms-8052.output
tar: removing leading '/' from member names
Debug: Checking Namespace=default, Pod=ms-902-5744544f85-shhwg for Target File=deathstar_*.output
Namespace: default, Pod: ms-902-5744544f85-shhwg has the target files.
Copying deathstar_ms-902.output to deathstar_ms-902.output
tar: removing leading '/' from member names
Debug: Checking Namespace=default, Pod=nginx-web-server-56557f7cb7-rqx9d for Target File=deathstar_*.output
Namespace: default, Pod: nginx-web-server-56557f7cb7-rqx9d has the target files.
Copying deathstar_nginx-web-server.output to deathstar_nginx-web-server.output
tar: removing leading '/' from member names
