Deployments: ms-11070
ms-11285
ms-11512
ms-1278
ms-13873
ms-19953
ms-21883
ms-25124
ms-27421
ms-2827
ms-33719
ms-37691
ms-43309
ms-4354
ms-46825
ms-60236
ms-71771
ms-8052
ms-902
nginx-web-server
deployment "ms-11070" successfully rolled out
deployment "ms-11285" successfully rolled out
deployment "ms-11512" successfully rolled out
deployment "ms-1278" successfully rolled out
deployment "ms-13873" successfully rolled out
deployment "ms-19953" successfully rolled out
deployment "ms-21883" successfully rolled out
deployment "ms-25124" successfully rolled out
deployment "ms-27421" successfully rolled out
deployment "ms-2827" successfully rolled out
deployment "ms-33719" successfully rolled out
deployment "ms-37691" successfully rolled out
deployment "ms-43309" successfully rolled out
deployment "ms-4354" successfully rolled out
deployment "ms-46825" successfully rolled out
deployment "ms-60236" successfully rolled out
deployment "ms-71771" successfully rolled out
deployment "ms-8052" successfully rolled out
deployment "ms-902" successfully rolled out
deployment "nginx-web-server" successfully rolled out
ENTRY_POINT: nginx-web-server
SERVICE_A_URL: 10.100.186.75:50051
Capacity: 10000
Metadata: request-id={{.RequestNumber}}
Metadata: timestamp={{.TimestampUnix}}
Metadata: method=S_102000854
Charon Configurations:
[{INTERCEPT breakwaterd} {PRICE_UPDATE_RATE 10ms} {TOKEN_UPDATE_RATE 10ms} {LATENCY_THRESHOLD 100us} {PRICE_STEP 0} {PRICE_STRATEGY step} {LAZY_UPDATE false} {RATE_LIMITING true} {LOAD_SHEDDING true} {CHARON_TRACK_PRICE false} {BREAKWATER_SLO 31082us} {BREAKWATER_A 27.101385616867613} {BREAKWATER_B 5.7367948667228585} {BREAKWATER_CLIENT_EXPIRATION 15us} {BREAKWATER_INITIAL_CREDIT 247} {BREAKWATER_LOAD_SHEDDING true} {BREAKWATER_RTT 6532us} {BREAKWATERD_SLO 75060us} {BREAKWATERD_A 8.859420993107745} {BREAKWATERD_B 3.5726976000249975} {BREAKWATERD_CLIENT_EXPIRATION 91768us} {BREAKWATERD_INITIAL_CREDIT 3117} {BREAKWATERD_LOAD_SHEDDING true} {BREAKWATERD_RTT 1300us} {DAGOR_QUEUING_THRESHOLD 2ms} {DAGOR_ALPHA 0.05} {DAGOR_BETA 0.01} {DAGOR_ADMISSION_LEVEL_UPDATE_INTERVAL 10ms} {DAGOR_UMAX 20}]

Summary:
  Count:	103618
  Total:	24.99 s
  Slowest:	996.38 ms
  Fastest:	39.24 ms
  Average:	249.93 ms
  Requests/sec:	4146.65

Response time histogram:
  39.241  [1]     |
  134.955 [15372] |∎∎∎∎∎∎∎∎∎∎∎∎∎∎∎∎∎∎∎∎∎∎
  230.669 [12639] |∎∎∎∎∎∎∎∎∎∎∎∎∎∎∎∎∎∎
  326.383 [27686] |∎∎∎∎∎∎∎∎∎∎∎∎∎∎∎∎∎∎∎∎∎∎∎∎∎∎∎∎∎∎∎∎∎∎∎∎∎∎∎∎
  422.097 [19313] |∎∎∎∎∎∎∎∎∎∎∎∎∎∎∎∎∎∎∎∎∎∎∎∎∎∎∎∎
  517.812 [7949]  |∎∎∎∎∎∎∎∎∎∎∎
  613.526 [3453]  |∎∎∎∎∎
  709.240 [1228]  |∎∎
  804.954 [312]   |
  900.668 [342]   |
  996.382 [38]    |

Latency distribution:
  10 % in 44.52 ms 
  25 % in 200.84 ms 
  50 % in 291.73 ms 
  75 % in 365.77 ms 
  90 % in 465.87 ms 
  95 % in 537.61 ms 
  99 % in 676.17 ms 

Status code distribution:
  [ResourceExhausted]   12987 responses   
  [OK]                  88333 responses   
  [Canceled]            2297 responses    
  [Unavailable]         1 responses       

Error distribution:
  [10783]   rpc error: code = ResourceExhausted desc = Client id 8ed8b5ec-c49d-4a30-886a-d4e391108334 request expired in queue.   
  [1503]    rpc error: code = ResourceExhausted desc = Server-side queuing delay is beyond AQM threshold                          
  [701]     rpc error: code = ResourceExhausted desc = Client id 3e603959-4d3a-40f0-a3b9-6e017a470a8e request expired in queue.   
  [2297]    rpc error: code = Canceled desc = grpc: the client connection is closing                                              
  [1]       rpc error: code = Unavailable desc = transport is closing                                                             

Debug: Checking Namespace=default, Pod=ms-11070-7868c54f44-jpl6f for Target File=deathstar_*.output
Namespace: default, Pod: ms-11070-7868c54f44-jpl6f has the target files.
Copying deathstar_ms-11070.output to deathstar_ms-11070.output
tar: removing leading '/' from member names
Debug: Checking Namespace=default, Pod=ms-11285-67d597dc77-8r6w5 for Target File=deathstar_*.output
Namespace: default, Pod: ms-11285-67d597dc77-8r6w5 has the target files.
Copying deathstar_ms-11285.output to deathstar_ms-11285.output
tar: removing leading '/' from member names
Debug: Checking Namespace=default, Pod=ms-11512-75f8ddc45b-9hqc8 for Target File=deathstar_*.output
Namespace: default, Pod: ms-11512-75f8ddc45b-9hqc8 has the target files.
Copying deathstar_ms-11512.output to deathstar_ms-11512.output
tar: removing leading '/' from member names
Debug: Checking Namespace=default, Pod=ms-1278-85766ff6b8-jnqs2 for Target File=deathstar_*.output
Namespace: default, Pod: ms-1278-85766ff6b8-jnqs2 has the target files.
Copying deathstar_ms-1278.output to deathstar_ms-1278.output
tar: removing leading '/' from member names
Debug: Checking Namespace=default, Pod=ms-13873-85d7bb7b97-gsxk2 for Target File=deathstar_*.output
Namespace: default, Pod: ms-13873-85d7bb7b97-gsxk2 has the target files.
Copying deathstar_ms-13873.output to deathstar_ms-13873.output
tar: removing leading '/' from member names
Debug: Checking Namespace=default, Pod=ms-19953-68cc8998c5-dn8kv for Target File=deathstar_*.output
Namespace: default, Pod: ms-19953-68cc8998c5-dn8kv has the target files.
Copying deathstar_ms-19953.output to deathstar_ms-19953.output
tar: removing leading '/' from member names
Debug: Checking Namespace=default, Pod=ms-21883-f6c88c6d4-2qjkh for Target File=deathstar_*.output
Namespace: default, Pod: ms-21883-f6c88c6d4-2qjkh has the target files.
Copying deathstar_ms-21883.output to deathstar_ms-21883.output
tar: removing leading '/' from member names
Debug: Checking Namespace=default, Pod=ms-25124-77bd4446f5-str66 for Target File=deathstar_*.output
Namespace: default, Pod: ms-25124-77bd4446f5-str66 has the target files.
Copying deathstar_ms-25124.output to deathstar_ms-25124.output
tar: removing leading '/' from member names
Debug: Checking Namespace=default, Pod=ms-27421-8565974486-55t5d for Target File=deathstar_*.output
Namespace: default, Pod: ms-27421-8565974486-55t5d has the target files.
Copying deathstar_ms-27421.output to deathstar_ms-27421.output
tar: removing leading '/' from member names
Debug: Checking Namespace=default, Pod=ms-2827-5dcc6df4f4-pq525 for Target File=deathstar_*.output
Namespace: default, Pod: ms-2827-5dcc6df4f4-pq525 has the target files.
Copying deathstar_ms-2827.output to deathstar_ms-2827.output
tar: removing leading '/' from member names
Debug: Checking Namespace=default, Pod=ms-33719-6c455cf54c-pbrml for Target File=deathstar_*.output
Namespace: default, Pod: ms-33719-6c455cf54c-pbrml has the target files.
Copying deathstar_ms-33719.output to deathstar_ms-33719.output
tar: removing leading '/' from member names
Debug: Checking Namespace=default, Pod=ms-37691-b9bc44798-ddrls for Target File=deathstar_*.output
Namespace: default, Pod: ms-37691-b9bc44798-ddrls has the target files.
Copying deathstar_ms-37691.output to deathstar_ms-37691.output
tar: removing leading '/' from member names
Debug: Checking Namespace=default, Pod=ms-43309-54f758d465-cct24 for Target File=deathstar_*.output
Namespace: default, Pod: ms-43309-54f758d465-cct24 has the target files.
Copying deathstar_ms-43309.output to deathstar_ms-43309.output
tar: removing leading '/' from member names
Debug: Checking Namespace=default, Pod=ms-4354-669cfcbdf6-9zvps for Target File=deathstar_*.output
Namespace: default, Pod: ms-4354-669cfcbdf6-9zvps has the target files.
Copying deathstar_ms-4354.output to deathstar_ms-4354.output
tar: removing leading '/' from member names
Debug: Checking Namespace=default, Pod=ms-46825-58c684559d-bzf2b for Target File=deathstar_*.output
Namespace: default, Pod: ms-46825-58c684559d-bzf2b has the target files.
Copying deathstar_ms-46825.output to deathstar_ms-46825.output
tar: removing leading '/' from member names
Debug: Checking Namespace=default, Pod=ms-60236-64866cf49-qjvh4 for Target File=deathstar_*.output
Namespace: default, Pod: ms-60236-64866cf49-qjvh4 has the target files.
Copying deathstar_ms-60236.output to deathstar_ms-60236.output
tar: removing leading '/' from member names
Debug: Checking Namespace=default, Pod=ms-71771-567ddbdd95-vvjx4 for Target File=deathstar_*.output
Namespace: default, Pod: ms-71771-567ddbdd95-vvjx4 has the target files.
Copying deathstar_ms-71771.output to deathstar_ms-71771.output
tar: removing leading '/' from member names
Debug: Checking Namespace=default, Pod=ms-8052-b995968dc-lwlpz for Target File=deathstar_*.output
Namespace: default, Pod: ms-8052-b995968dc-lwlpz has the target files.
Copying deathstar_ms-8052.output to deathstar_ms-8052.output
tar: removing leading '/' from member names
Debug: Checking Namespace=default, Pod=ms-902-5744544f85-27xfx for Target File=deathstar_*.output
Namespace: default, Pod: ms-902-5744544f85-27xfx has the target files.
Copying deathstar_ms-902.output to deathstar_ms-902.output
tar: removing leading '/' from member names
Debug: Checking Namespace=default, Pod=nginx-web-server-56557f7cb7-52crw for Target File=deathstar_*.output
Namespace: default, Pod: nginx-web-server-56557f7cb7-52crw has the target files.
Copying deathstar_nginx-web-server.output to deathstar_nginx-web-server.output
tar: removing leading '/' from member names
