Deployments: ms-10090
ms-13558
ms-18330
ms-19585
ms-20172
ms-22893
ms-24009
ms-24959
ms-26622
ms-27421
ms-29373
ms-32301
ms-3289
ms-37691
ms-38964
ms-40147
ms-48118
ms-4829
ms-51685
ms-52379
ms-55394
ms-58436
ms-58772
ms-59962
ms-60061
ms-6323
ms-65741
ms-66473
ms-69188
ms-69614
ms-9081
nginx-web-server
unknown
deployment "ms-10090" successfully rolled out
deployment "ms-13558" successfully rolled out
deployment "ms-18330" successfully rolled out
deployment "ms-19585" successfully rolled out
deployment "ms-20172" successfully rolled out
deployment "ms-22893" successfully rolled out
deployment "ms-24009" successfully rolled out
deployment "ms-24959" successfully rolled out
deployment "ms-26622" successfully rolled out
deployment "ms-27421" successfully rolled out
deployment "ms-29373" successfully rolled out
deployment "ms-32301" successfully rolled out
deployment "ms-3289" successfully rolled out
deployment "ms-37691" successfully rolled out
deployment "ms-38964" successfully rolled out
deployment "ms-40147" successfully rolled out
deployment "ms-48118" successfully rolled out
deployment "ms-4829" successfully rolled out
deployment "ms-51685" successfully rolled out
deployment "ms-52379" successfully rolled out
deployment "ms-55394" successfully rolled out
deployment "ms-58436" successfully rolled out
deployment "ms-58772" successfully rolled out
deployment "ms-59962" successfully rolled out
deployment "ms-60061" successfully rolled out
deployment "ms-6323" successfully rolled out
deployment "ms-65741" successfully rolled out
deployment "ms-66473" successfully rolled out
deployment "ms-69188" successfully rolled out
deployment "ms-69614" successfully rolled out
deployment "ms-9081" successfully rolled out
deployment "nginx-web-server" successfully rolled out
deployment "unknown" successfully rolled out
ENTRY_POINT: nginx-web-server
SERVICE_A_URL: 10.109.225.118:50051
Capacity: 6000
Metadata: request-id={{.RequestNumber}}
Metadata: timestamp={{.TimestampUnix}}
Metadata: method=motivation-both
Charon Configurations:
[{INTERCEPT dagorf} {PRICE_UPDATE_RATE 10ms} {TOKEN_UPDATE_RATE 10ms} {LATENCY_THRESHOLD 100us} {PRICE_STEP 0} {PRICE_STRATEGY step} {LAZY_UPDATE false} {RATE_LIMITING true} {LOAD_SHEDDING true} {CHARON_TRACK_PRICE false} {BREAKWATER_SLO 12500us} {BREAKWATER_A 0.001} {BREAKWATER_B 0.02} {BREAKWATER_CLIENT_EXPIRATION 10ms} {BREAKWATER_INITIAL_CREDIT 400} {BREAKWATER_LOAD_SHEDDING true} {BREAKWATER_RTT 1000us} {BREAKWATERD_SLO 12500us} {BREAKWATERD_A 0.001} {BREAKWATERD_B 0.02} {BREAKWATERD_CLIENT_EXPIRATION 10ms} {BREAKWATERD_INITIAL_CREDIT 400} {BREAKWATERD_LOAD_SHEDDING true} {BREAKWATERD_RTT 1000us} {DAGOR_QUEUING_THRESHOLD 611641us} {DAGOR_ALPHA 1.4406489868843162} {DAGOR_BETA 0.00011437481734488664} {DAGOR_ADMISSION_LEVEL_UPDATE_INTERVAL 20909us} {DAGOR_UMAX 4}]

Summary:
  Count:	31443
  Total:	6.82 s
  Slowest:	998.41 ms
  Fastest:	0.36 ms
  Average:	896.29 ms
  Requests/sec:	4611.62

Response time histogram:
  0.362   [1]   |
  100.166 [545] |∎∎∎∎∎∎∎∎∎∎∎∎∎∎∎∎∎∎∎∎∎∎∎∎∎∎∎∎∎∎∎∎∎∎∎∎∎∎∎∎
  199.971 [99]  |∎∎∎∎∎∎∎
  299.776 [112] |∎∎∎∎∎∎∎∎
  399.580 [22]  |∎∎
  499.385 [118] |∎∎∎∎∎∎∎∎∎
  599.190 [29]  |∎∎
  698.994 [106] |∎∎∎∎∎∎∎∎
  798.799 [112] |∎∎∎∎∎∎∎∎
  898.604 [22]  |∎∎
  998.409 [118] |∎∎∎∎∎∎∎∎∎

Latency distribution:
  10 % in 0.59 ms 
  25 % in 0.81 ms 
  50 % in 182.66 ms 
  75 % in 616.11 ms 
  90 % in 834.66 ms 
  95 % in 948.96 ms 
  99 % in 958.65 ms 

Status code distribution:
  [OK]                 1284 responses    
  [Canceled]           4936 responses    
  [DeadlineExceeded]   25223 responses   

Error distribution:
  [25223]   rpc error: code = DeadlineExceeded desc = context deadline exceeded        
  [4936]    rpc error: code = Canceled desc = grpc: the client connection is closing   

Debug: Checking Namespace=default, Pod=ms-10090-6454f977fd-jsszn for Target File=deathstar_*.output
Namespace: default, Pod: ms-10090-6454f977fd-jsszn has the target files.
Copying deathstar_ms-10090.output to deathstar_ms-10090.output
tar: removing leading '/' from member names
Debug: Checking Namespace=default, Pod=ms-13558-b48bb5d9d-wp4nn for Target File=deathstar_*.output
Namespace: default, Pod: ms-13558-b48bb5d9d-wp4nn has the target files.
Copying deathstar_ms-13558.output to deathstar_ms-13558.output
tar: removing leading '/' from member names
Debug: Checking Namespace=default, Pod=ms-18330-759d9cf49c-mshmf for Target File=deathstar_*.output
Namespace: default, Pod: ms-18330-759d9cf49c-mshmf has the target files.
Copying deathstar_ms-18330.output to deathstar_ms-18330.output
tar: removing leading '/' from member names
Debug: Checking Namespace=default, Pod=ms-19585-6f995cfcbf-2jrpv for Target File=deathstar_*.output
Namespace: default, Pod: ms-19585-6f995cfcbf-2jrpv has the target files.
Copying deathstar_ms-19585.output to deathstar_ms-19585.output
tar: removing leading '/' from member names
Debug: Checking Namespace=default, Pod=ms-20172-59d5485464-gcbps for Target File=deathstar_*.output
Namespace: default, Pod: ms-20172-59d5485464-gcbps has the target files.
Copying deathstar_ms-20172.output to deathstar_ms-20172.output
tar: removing leading '/' from member names
Debug: Checking Namespace=default, Pod=ms-22893-576fd5f9f6-twb9g for Target File=deathstar_*.output
Namespace: default, Pod: ms-22893-576fd5f9f6-twb9g has the target files.
Copying deathstar_ms-22893.output to deathstar_ms-22893.output
tar: removing leading '/' from member names
Debug: Checking Namespace=default, Pod=ms-24009-67dbf5b976-5tddj for Target File=deathstar_*.output
Namespace: default, Pod: ms-24009-67dbf5b976-5tddj has the target files.
Copying deathstar_ms-24009.output to deathstar_ms-24009.output
tar: removing leading '/' from member names
Debug: Checking Namespace=default, Pod=ms-24959-99f8bbf9-5c95r for Target File=deathstar_*.output
Namespace: default, Pod: ms-24959-99f8bbf9-5c95r has the target files.
Copying deathstar_ms-24959.output to deathstar_ms-24959.output
tar: removing leading '/' from member names
Debug: Checking Namespace=default, Pod=ms-26622-66fdf7d64f-rx5xz for Target File=deathstar_*.output
Namespace: default, Pod: ms-26622-66fdf7d64f-rx5xz has the target files.
Copying deathstar_ms-26622.output to deathstar_ms-26622.output
tar: removing leading '/' from member names
Debug: Checking Namespace=default, Pod=ms-27421-64f549855c-66bwc for Target File=deathstar_*.output
Namespace: default, Pod: ms-27421-64f549855c-66bwc has the target files.
Copying deathstar_ms-27421.output to deathstar_ms-27421.output
tar: removing leading '/' from member names
Debug: Checking Namespace=default, Pod=ms-29373-8467f7db44-h5t5n for Target File=deathstar_*.output
Namespace: default, Pod: ms-29373-8467f7db44-h5t5n has the target files.
Copying deathstar_ms-29373.output to deathstar_ms-29373.output
tar: removing leading '/' from member names
Debug: Checking Namespace=default, Pod=ms-32301-c5654bbc5-9xfcv for Target File=deathstar_*.output
Namespace: default, Pod: ms-32301-c5654bbc5-9xfcv has the target files.
Copying deathstar_ms-32301.output to deathstar_ms-32301.output
tar: removing leading '/' from member names
Debug: Checking Namespace=default, Pod=ms-3289-587dbd96bf-lrggz for Target File=deathstar_*.output
Namespace: default, Pod: ms-3289-587dbd96bf-lrggz has the target files.
Copying deathstar_ms-3289.output to deathstar_ms-3289.output
tar: removing leading '/' from member names
Debug: Checking Namespace=default, Pod=ms-37691-6dc6cd6744-x2p9b for Target File=deathstar_*.output
Namespace: default, Pod: ms-37691-6dc6cd6744-x2p9b has the target files.
Copying deathstar_ms-37691.output to deathstar_ms-37691.output
tar: removing leading '/' from member names
Debug: Checking Namespace=default, Pod=ms-38964-5b647cdbd-rlc8v for Target File=deathstar_*.output
Namespace: default, Pod: ms-38964-5b647cdbd-rlc8v has the target files.
Copying deathstar_ms-38964.output to deathstar_ms-38964.output
tar: removing leading '/' from member names
Debug: Checking Namespace=default, Pod=ms-40147-cd867585-6z6bp for Target File=deathstar_*.output
Namespace: default, Pod: ms-40147-cd867585-6z6bp has the target files.
Copying deathstar_ms-40147.output to deathstar_ms-40147.output
tar: removing leading '/' from member names
Debug: Checking Namespace=default, Pod=ms-48118-ff7b99cc9-2nhw2 for Target File=deathstar_*.output
Namespace: default, Pod: ms-48118-ff7b99cc9-2nhw2 has the target files.
Copying deathstar_ms-48118.output to deathstar_ms-48118.output
tar: removing leading '/' from member names
Debug: Checking Namespace=default, Pod=ms-4829-669557b66c-668g4 for Target File=deathstar_*.output
Namespace: default, Pod: ms-4829-669557b66c-668g4 has the target files.
Copying deathstar_ms-4829.output to deathstar_ms-4829.output
tar: removing leading '/' from member names
Debug: Checking Namespace=default, Pod=ms-51685-79858c784f-8j495 for Target File=deathstar_*.output
Namespace: default, Pod: ms-51685-79858c784f-8j495 has the target files.
Copying deathstar_ms-51685.output to deathstar_ms-51685.output
tar: removing leading '/' from member names
Debug: Checking Namespace=default, Pod=ms-52379-57c6cdd54b-t8njh for Target File=deathstar_*.output
Namespace: default, Pod: ms-52379-57c6cdd54b-t8njh has the target files.
Copying deathstar_ms-52379.output to deathstar_ms-52379.output
tar: removing leading '/' from member names
Debug: Checking Namespace=default, Pod=ms-55394-6f999f5df9-plfc2 for Target File=deathstar_*.output
Namespace: default, Pod: ms-55394-6f999f5df9-plfc2 has the target files.
Copying deathstar_ms-55394.output to deathstar_ms-55394.output
tar: removing leading '/' from member names
Debug: Checking Namespace=default, Pod=ms-58436-59dd96f659-qnjmv for Target File=deathstar_*.output
Namespace: default, Pod: ms-58436-59dd96f659-qnjmv has the target files.
Copying deathstar_ms-58436.output to deathstar_ms-58436.output
tar: removing leading '/' from member names
Debug: Checking Namespace=default, Pod=ms-58772-68ff78c966-9k7v9 for Target File=deathstar_*.output
Namespace: default, Pod: ms-58772-68ff78c966-9k7v9 has the target files.
Copying deathstar_ms-58772.output to deathstar_ms-58772.output
tar: removing leading '/' from member names
Debug: Checking Namespace=default, Pod=ms-59962-756b895b58-fj6gr for Target File=deathstar_*.output
Namespace: default, Pod: ms-59962-756b895b58-fj6gr has the target files.
Copying deathstar_ms-59962.output to deathstar_ms-59962.output
tar: removing leading '/' from member names
Debug: Checking Namespace=default, Pod=ms-60061-68bd84bdcd-ssgzt for Target File=deathstar_*.output
Namespace: default, Pod: ms-60061-68bd84bdcd-ssgzt has the target files.
Copying deathstar_ms-60061.output to deathstar_ms-60061.output
tar: removing leading '/' from member names
Debug: Checking Namespace=default, Pod=ms-6323-974659fcd-bwxdv for Target File=deathstar_*.output
Namespace: default, Pod: ms-6323-974659fcd-bwxdv has the target files.
Copying deathstar_ms-6323.output to deathstar_ms-6323.output
tar: removing leading '/' from member names
Debug: Checking Namespace=default, Pod=ms-65741-65f588bcdf-h8krr for Target File=deathstar_*.output
Namespace: default, Pod: ms-65741-65f588bcdf-h8krr has the target files.
Copying deathstar_ms-65741.output to deathstar_ms-65741.output
tar: removing leading '/' from member names
Debug: Checking Namespace=default, Pod=ms-66473-79c66f8bff-w55cz for Target File=deathstar_*.output
Namespace: default, Pod: ms-66473-79c66f8bff-w55cz has the target files.
Copying deathstar_ms-66473.output to deathstar_ms-66473.output
tar: removing leading '/' from member names
Debug: Checking Namespace=default, Pod=ms-69188-65c548d4cb-w74zn for Target File=deathstar_*.output
Namespace: default, Pod: ms-69188-65c548d4cb-w74zn has the target files.
Copying deathstar_ms-69188.output to deathstar_ms-69188.output
tar: removing leading '/' from member names
Debug: Checking Namespace=default, Pod=ms-69614-794bd8475-8xm5z for Target File=deathstar_*.output
Namespace: default, Pod: ms-69614-794bd8475-8xm5z has the target files.
Copying deathstar_ms-69614.output to deathstar_ms-69614.output
tar: removing leading '/' from member names
Debug: Checking Namespace=default, Pod=ms-9081-567985788-gvghx for Target File=deathstar_*.output
Namespace: default, Pod: ms-9081-567985788-gvghx has the target files.
Copying deathstar_ms-9081.output to deathstar_ms-9081.output
tar: removing leading '/' from member names
Debug: Checking Namespace=default, Pod=nginx-web-server-56557f7cb7-fk8m4 for Target File=deathstar_*.output
Namespace: default, Pod: nginx-web-server-56557f7cb7-fk8m4 has the target files.
Copying deathstar_nginx-web-server.output to deathstar_nginx-web-server.output
tar: removing leading '/' from member names
Debug: Checking Namespace=default, Pod=unknown-6ddf9bd4b5-7mfkk for Target File=deathstar_*.output
Namespace: default, Pod: unknown-6ddf9bd4b5-7mfkk has the target files.
Copying deathstar_unknown.output to deathstar_unknown.output
tar: removing leading '/' from member names
