Deployments: ms-11070
ms-11285
ms-11512
ms-1278
ms-13873
ms-19953
ms-21883
ms-25124
ms-27421
ms-2827
ms-33719
ms-37691
ms-43309
ms-4354
ms-46825
ms-60236
ms-71771
ms-8052
ms-902
nginx-web-server
deployment "ms-11070" successfully rolled out
deployment "ms-11285" successfully rolled out
deployment "ms-11512" successfully rolled out
deployment "ms-1278" successfully rolled out
deployment "ms-13873" successfully rolled out
deployment "ms-19953" successfully rolled out
deployment "ms-21883" successfully rolled out
deployment "ms-25124" successfully rolled out
deployment "ms-27421" successfully rolled out
deployment "ms-2827" successfully rolled out
deployment "ms-33719" successfully rolled out
deployment "ms-37691" successfully rolled out
deployment "ms-43309" successfully rolled out
deployment "ms-4354" successfully rolled out
deployment "ms-46825" successfully rolled out
deployment "ms-60236" successfully rolled out
deployment "ms-71771" successfully rolled out
deployment "ms-8052" successfully rolled out
deployment "ms-902" successfully rolled out
deployment "nginx-web-server" successfully rolled out
ENTRY_POINT: nginx-web-server
SERVICE_A_URL: 10.111.103.222:50051
Capacity: 10000
Metadata: request-id={{.RequestNumber}}
Metadata: timestamp={{.TimestampUnix}}
Metadata: method=S_102000854
Charon Configurations:
[{INTERCEPT charon} {PRICE_UPDATE_RATE 1003us} {TOKEN_UPDATE_RATE 9767us} {LATENCY_THRESHOLD 4228us} {PRICE_STEP 110} {PRICE_STRATEGY proportional} {LAZY_UPDATE true} {RATE_LIMITING true} {LOAD_SHEDDING true} {CHARON_TRACK_PRICE false} {BREAKWATER_SLO 12500us} {BREAKWATER_A 0.001} {BREAKWATER_B 0.02} {BREAKWATER_CLIENT_EXPIRATION 10ms} {BREAKWATER_INITIAL_CREDIT 400} {BREAKWATER_LOAD_SHEDDING true} {BREAKWATER_RTT 1000us} {BREAKWATERD_SLO 12500us} {BREAKWATERD_A 0.001} {BREAKWATERD_B 0.02} {BREAKWATERD_CLIENT_EXPIRATION 10ms} {BREAKWATERD_INITIAL_CREDIT 400} {BREAKWATERD_LOAD_SHEDDING true} {BREAKWATERD_RTT 1000us} {DAGOR_QUEUING_THRESHOLD 2ms} {DAGOR_ALPHA 0.05} {DAGOR_BETA 0.01} {DAGOR_ADMISSION_LEVEL_UPDATE_INTERVAL 10ms} {DAGOR_UMAX 20}]

Summary:
  Count:	80034
  Total:	14.74 s
  Slowest:	353.51 ms
  Fastest:	38.89 ms
  Average:	64.68 ms
  Requests/sec:	5428.44

Response time histogram:
  38.886  [1]     |
  70.348  [51697] |∎∎∎∎∎∎∎∎∎∎∎∎∎∎∎∎∎∎∎∎∎∎∎∎∎∎∎∎∎∎∎∎∎∎∎∎∎∎∎∎
  101.811 [18888] |∎∎∎∎∎∎∎∎∎∎∎∎∎∎∎
  133.273 [3187]  |∎∎
  164.736 [802]   |∎
  196.199 [613]   |
  227.661 [620]   |
  259.124 [349]   |
  290.586 [199]   |
  322.049 [62]    |
  353.511 [24]    |

Latency distribution:
  10 % in 41.22 ms 
  25 % in 46.19 ms 
  50 % in 59.94 ms 
  75 % in 75.80 ms 
  90 % in 95.43 ms 
  95 % in 115.95 ms 
  99 % in 220.34 ms 

Status code distribution:
  [OK]                  76442 responses   
  [ResourceExhausted]   3577 responses    
  [Canceled]            15 responses      

Error distribution:
  [2750]   rpc error: code = ResourceExhausted desc = S_102000854 req dropped by nginx-web-server. Try again later.   
  [15]     rpc error: code = Canceled desc = grpc: the client connection is closing                                   
  [452]    rpc error: code = ResourceExhausted desc = S_102000854 req dropped by ms-13873. Try again later.           
  [175]    rpc error: code = ResourceExhausted desc = S_102000854 req dropped by ms-60236. Try again later.           
  [200]    rpc error: code = ResourceExhausted desc = S_102000854 req dropped by ms-25124. Try again later.           

Debug: Checking Namespace=default, Pod=ms-11070-7868c54f44-5gzr8 for Target File=deathstar_*.output
Namespace: default, Pod: ms-11070-7868c54f44-5gzr8 has the target files.
Copying deathstar_ms-11070.output to deathstar_ms-11070.output
tar: removing leading '/' from member names
Debug: Checking Namespace=default, Pod=ms-11285-67d597dc77-fbkwd for Target File=deathstar_*.output
Namespace: default, Pod: ms-11285-67d597dc77-fbkwd has the target files.
Copying deathstar_ms-11285.output to deathstar_ms-11285.output
tar: removing leading '/' from member names
Debug: Checking Namespace=default, Pod=ms-11512-75f8ddc45b-g4tkf for Target File=deathstar_*.output
Namespace: default, Pod: ms-11512-75f8ddc45b-g4tkf has the target files.
Copying deathstar_ms-11512.output to deathstar_ms-11512.output
tar: removing leading '/' from member names
Debug: Checking Namespace=default, Pod=ms-1278-85766ff6b8-5dblj for Target File=deathstar_*.output
Namespace: default, Pod: ms-1278-85766ff6b8-5dblj has the target files.
Copying deathstar_ms-1278.output to deathstar_ms-1278.output
tar: removing leading '/' from member names
Debug: Checking Namespace=default, Pod=ms-13873-85d7bb7b97-qw974 for Target File=deathstar_*.output
Namespace: default, Pod: ms-13873-85d7bb7b97-qw974 has the target files.
Copying deathstar_ms-13873.output to deathstar_ms-13873.output
tar: removing leading '/' from member names
Debug: Checking Namespace=default, Pod=ms-19953-68cc8998c5-5t92t for Target File=deathstar_*.output
Namespace: default, Pod: ms-19953-68cc8998c5-5t92t has the target files.
Copying deathstar_ms-19953.output to deathstar_ms-19953.output
tar: removing leading '/' from member names
Debug: Checking Namespace=default, Pod=ms-21883-f6c88c6d4-6pfsn for Target File=deathstar_*.output
Namespace: default, Pod: ms-21883-f6c88c6d4-6pfsn has the target files.
Copying deathstar_ms-21883.output to deathstar_ms-21883.output
tar: removing leading '/' from member names
Debug: Checking Namespace=default, Pod=ms-25124-77bd4446f5-4k96s for Target File=deathstar_*.output
Namespace: default, Pod: ms-25124-77bd4446f5-4k96s has the target files.
Copying deathstar_ms-25124.output to deathstar_ms-25124.output
tar: removing leading '/' from member names
Debug: Checking Namespace=default, Pod=ms-27421-8565974486-qhrfc for Target File=deathstar_*.output
Namespace: default, Pod: ms-27421-8565974486-qhrfc has the target files.
Copying deathstar_ms-27421.output to deathstar_ms-27421.output
tar: removing leading '/' from member names
Debug: Checking Namespace=default, Pod=ms-2827-5dcc6df4f4-hg5xc for Target File=deathstar_*.output
Namespace: default, Pod: ms-2827-5dcc6df4f4-hg5xc has the target files.
Copying deathstar_ms-2827.output to deathstar_ms-2827.output
tar: removing leading '/' from member names
Debug: Checking Namespace=default, Pod=ms-33719-6c455cf54c-jrl9b for Target File=deathstar_*.output
Namespace: default, Pod: ms-33719-6c455cf54c-jrl9b has the target files.
Copying deathstar_ms-33719.output to deathstar_ms-33719.output
tar: removing leading '/' from member names
Debug: Checking Namespace=default, Pod=ms-37691-b9bc44798-2pknr for Target File=deathstar_*.output
Namespace: default, Pod: ms-37691-b9bc44798-2pknr has the target files.
Copying deathstar_ms-37691.output to deathstar_ms-37691.output
tar: removing leading '/' from member names
Debug: Checking Namespace=default, Pod=ms-43309-54f758d465-fsqd5 for Target File=deathstar_*.output
Namespace: default, Pod: ms-43309-54f758d465-fsqd5 has the target files.
Copying deathstar_ms-43309.output to deathstar_ms-43309.output
tar: removing leading '/' from member names
Debug: Checking Namespace=default, Pod=ms-4354-669cfcbdf6-2775h for Target File=deathstar_*.output
Namespace: default, Pod: ms-4354-669cfcbdf6-2775h has the target files.
Copying deathstar_ms-4354.output to deathstar_ms-4354.output
tar: removing leading '/' from member names
Debug: Checking Namespace=default, Pod=ms-46825-58c684559d-s2pf2 for Target File=deathstar_*.output
Namespace: default, Pod: ms-46825-58c684559d-s2pf2 has the target files.
Copying deathstar_ms-46825.output to deathstar_ms-46825.output
tar: removing leading '/' from member names
Debug: Checking Namespace=default, Pod=ms-60236-64866cf49-8trbm for Target File=deathstar_*.output
Namespace: default, Pod: ms-60236-64866cf49-8trbm has the target files.
Copying deathstar_ms-60236.output to deathstar_ms-60236.output
tar: removing leading '/' from member names
Debug: Checking Namespace=default, Pod=ms-71771-567ddbdd95-2p5l4 for Target File=deathstar_*.output
Namespace: default, Pod: ms-71771-567ddbdd95-2p5l4 has the target files.
Copying deathstar_ms-71771.output to deathstar_ms-71771.output
tar: removing leading '/' from member names
Debug: Checking Namespace=default, Pod=ms-8052-b995968dc-wb8kp for Target File=deathstar_*.output
Namespace: default, Pod: ms-8052-b995968dc-wb8kp has the target files.
Copying deathstar_ms-8052.output to deathstar_ms-8052.output
tar: removing leading '/' from member names
Debug: Checking Namespace=default, Pod=ms-902-5744544f85-sjx9x for Target File=deathstar_*.output
Namespace: default, Pod: ms-902-5744544f85-sjx9x has the target files.
Copying deathstar_ms-902.output to deathstar_ms-902.output
tar: removing leading '/' from member names
Debug: Checking Namespace=default, Pod=nginx-web-server-56557f7cb7-vvgdz for Target File=deathstar_*.output
Namespace: default, Pod: nginx-web-server-56557f7cb7-vvgdz has the target files.
Copying deathstar_nginx-web-server.output to deathstar_nginx-web-server.output
tar: removing leading '/' from member names
