Deployments: ms-11070
ms-11285
ms-11512
ms-1278
ms-13873
ms-19953
ms-21883
ms-25124
ms-27421
ms-2827
ms-33719
ms-37691
ms-43309
ms-4354
ms-46825
ms-60236
ms-71771
ms-8052
ms-902
nginx-web-server
deployment "ms-11070" successfully rolled out
deployment "ms-11285" successfully rolled out
deployment "ms-11512" successfully rolled out
deployment "ms-1278" successfully rolled out
deployment "ms-13873" successfully rolled out
deployment "ms-19953" successfully rolled out
deployment "ms-21883" successfully rolled out
deployment "ms-25124" successfully rolled out
deployment "ms-27421" successfully rolled out
deployment "ms-2827" successfully rolled out
deployment "ms-33719" successfully rolled out
deployment "ms-37691" successfully rolled out
deployment "ms-43309" successfully rolled out
deployment "ms-4354" successfully rolled out
deployment "ms-46825" successfully rolled out
deployment "ms-60236" successfully rolled out
deployment "ms-71771" successfully rolled out
deployment "ms-8052" successfully rolled out
deployment "ms-902" successfully rolled out
deployment "nginx-web-server" successfully rolled out
ENTRY_POINT: nginx-web-server
SERVICE_A_URL: 10.110.116.68:50051
Capacity: 10000
Metadata: timestamp={{.TimestampUnix}}
Metadata: method=S_102000854
Metadata: request-id={{.RequestNumber}}
Charon Configurations:
[{INTERCEPT breakwaterd} {PRICE_UPDATE_RATE 10ms} {TOKEN_UPDATE_RATE 10ms} {LATENCY_THRESHOLD 100us} {PRICE_STEP 0} {PRICE_STRATEGY step} {LAZY_UPDATE false} {RATE_LIMITING true} {LOAD_SHEDDING true} {CHARON_TRACK_PRICE false} {BREAKWATER_SLO 50000us} {BREAKWATER_A 30.0} {BREAKWATER_B 10.0} {BREAKWATER_CLIENT_EXPIRATION 5000us} {BREAKWATER_INITIAL_CREDIT 1} {BREAKWATER_LOAD_SHEDDING true} {BREAKWATER_RTT 20000us} {BREAKWATERD_SLO 55511us} {BREAKWATERD_A 10.0} {BREAKWATERD_B 10.0} {BREAKWATERD_CLIENT_EXPIRATION 100000us} {BREAKWATERD_INITIAL_CREDIT 5000} {BREAKWATERD_LOAD_SHEDDING true} {BREAKWATERD_RTT 20000us} {DAGOR_QUEUING_THRESHOLD 2ms} {DAGOR_ALPHA 0.05} {DAGOR_BETA 0.01} {DAGOR_ADMISSION_LEVEL_UPDATE_INTERVAL 10ms} {DAGOR_UMAX 20}]

Summary:
  Count:	111743
  Total:	24.92 s
  Slowest:	990.49 ms
  Fastest:	39.02 ms
  Average:	271.90 ms
  Requests/sec:	4484.33

Response time histogram:
  39.023  [1]     |
  134.170 [15750] |∎∎∎∎∎∎∎∎∎∎∎∎∎∎∎∎∎∎∎∎∎∎∎∎∎∎∎∎∎
  229.317 [5371]  |∎∎∎∎∎∎∎∎∎∎
  324.464 [21848] |∎∎∎∎∎∎∎∎∎∎∎∎∎∎∎∎∎∎∎∎∎∎∎∎∎∎∎∎∎∎∎∎∎∎∎∎∎∎∎∎
  419.611 [21458] |∎∎∎∎∎∎∎∎∎∎∎∎∎∎∎∎∎∎∎∎∎∎∎∎∎∎∎∎∎∎∎∎∎∎∎∎∎∎∎
  514.757 [10502] |∎∎∎∎∎∎∎∎∎∎∎∎∎∎∎∎∎∎∎
  609.904 [5686]  |∎∎∎∎∎∎∎∎∎∎
  705.051 [2745]  |∎∎∎∎∎
  800.198 [1001]  |∎∎
  895.345 [206]   |
  990.491 [11]    |

Latency distribution:
  10 % in 43.23 ms 
  25 % in 229.54 ms 
  50 % in 322.13 ms 
  75 % in 413.04 ms 
  90 % in 530.71 ms 
  95 % in 603.20 ms 
  99 % in 728.35 ms 

Status code distribution:
  [OK]                  84579 responses   
  [ResourceExhausted]   24779 responses   
  [DeadlineExceeded]    2 responses       
  [Canceled]            2383 responses    

Error distribution:
  [8537]   rpc error: code = ResourceExhausted desc = Client id c8e28bc8-8be2-460f-b296-d33e930e8498 request expired in queue.   
  [2]      rpc error: code = DeadlineExceeded desc = context deadline exceeded                                                   
  [115]    rpc error: code = ResourceExhausted desc = Client id 9cc5e40f-80d3-480f-b43c-ad4b0c3f7dd3 request expired in queue.   
  [2383]   rpc error: code = Canceled desc = grpc: the client connection is closing                                              
  [9450]   rpc error: code = ResourceExhausted desc = Client id 4d5d998f-4140-4afa-8518-5bfda51b1803 request expired in queue.   
  [3438]   rpc error: code = ResourceExhausted desc = Client id a7149a42-7d38-450e-91d9-36ad518287bf request expired in queue.   
  [59]     rpc error: code = ResourceExhausted desc = Client id c773375b-efaf-4127-91d7-bf02875ebafb request expired in queue.   
  [3175]   rpc error: code = ResourceExhausted desc = Server-side queuing delay is beyond AQM threshold                          
  [5]      rpc error: code = ResourceExhausted desc = Client id b332387b-f49e-4cc5-b2be-8f60dbd9ebc7 request expired in queue.   

Debug: Checking Namespace=default, Pod=ms-11070-7868c54f44-mx5rl for Target File=deathstar_*.output
Namespace: default, Pod: ms-11070-7868c54f44-mx5rl has the target files.
Copying deathstar_ms-11070.output to deathstar_ms-11070.output
tar: removing leading '/' from member names
Debug: Checking Namespace=default, Pod=ms-11285-67d597dc77-ln7sm for Target File=deathstar_*.output
Namespace: default, Pod: ms-11285-67d597dc77-ln7sm has the target files.
Copying deathstar_ms-11285.output to deathstar_ms-11285.output
tar: removing leading '/' from member names
Debug: Checking Namespace=default, Pod=ms-11512-75f8ddc45b-fdzq2 for Target File=deathstar_*.output
Namespace: default, Pod: ms-11512-75f8ddc45b-fdzq2 has the target files.
Copying deathstar_ms-11512.output to deathstar_ms-11512.output
tar: removing leading '/' from member names
Debug: Checking Namespace=default, Pod=ms-1278-85766ff6b8-psz2m for Target File=deathstar_*.output
Namespace: default, Pod: ms-1278-85766ff6b8-psz2m has the target files.
Copying deathstar_ms-1278.output to deathstar_ms-1278.output
tar: removing leading '/' from member names
Debug: Checking Namespace=default, Pod=ms-13873-85d7bb7b97-lk6fb for Target File=deathstar_*.output
Namespace: default, Pod: ms-13873-85d7bb7b97-lk6fb has the target files.
Copying deathstar_ms-13873.output to deathstar_ms-13873.output
tar: removing leading '/' from member names
Debug: Checking Namespace=default, Pod=ms-19953-68cc8998c5-fzfrl for Target File=deathstar_*.output
Namespace: default, Pod: ms-19953-68cc8998c5-fzfrl has the target files.
Copying deathstar_ms-19953.output to deathstar_ms-19953.output
tar: removing leading '/' from member names
Debug: Checking Namespace=default, Pod=ms-21883-f6c88c6d4-25vhw for Target File=deathstar_*.output
Namespace: default, Pod: ms-21883-f6c88c6d4-25vhw has the target files.
Copying deathstar_ms-21883.output to deathstar_ms-21883.output
tar: removing leading '/' from member names
Debug: Checking Namespace=default, Pod=ms-25124-77bd4446f5-5nbvw for Target File=deathstar_*.output
Namespace: default, Pod: ms-25124-77bd4446f5-5nbvw has the target files.
Copying deathstar_ms-25124.output to deathstar_ms-25124.output
tar: removing leading '/' from member names
Debug: Checking Namespace=default, Pod=ms-27421-8565974486-5gngr for Target File=deathstar_*.output
Namespace: default, Pod: ms-27421-8565974486-5gngr has the target files.
Copying deathstar_ms-27421.output to deathstar_ms-27421.output
tar: removing leading '/' from member names
Debug: Checking Namespace=default, Pod=ms-2827-5dcc6df4f4-mh642 for Target File=deathstar_*.output
Namespace: default, Pod: ms-2827-5dcc6df4f4-mh642 has the target files.
Copying deathstar_ms-2827.output to deathstar_ms-2827.output
tar: removing leading '/' from member names
Debug: Checking Namespace=default, Pod=ms-33719-6c455cf54c-jvfj2 for Target File=deathstar_*.output
Namespace: default, Pod: ms-33719-6c455cf54c-jvfj2 has the target files.
Copying deathstar_ms-33719.output to deathstar_ms-33719.output
tar: removing leading '/' from member names
Debug: Checking Namespace=default, Pod=ms-37691-b9bc44798-4bqbm for Target File=deathstar_*.output
Namespace: default, Pod: ms-37691-b9bc44798-4bqbm has the target files.
Copying deathstar_ms-37691.output to deathstar_ms-37691.output
tar: removing leading '/' from member names
Debug: Checking Namespace=default, Pod=ms-43309-54f758d465-6rp85 for Target File=deathstar_*.output
Namespace: default, Pod: ms-43309-54f758d465-6rp85 has the target files.
Copying deathstar_ms-43309.output to deathstar_ms-43309.output
tar: removing leading '/' from member names
Debug: Checking Namespace=default, Pod=ms-4354-669cfcbdf6-vjthp for Target File=deathstar_*.output
Namespace: default, Pod: ms-4354-669cfcbdf6-vjthp has the target files.
Copying deathstar_ms-4354.output to deathstar_ms-4354.output
tar: removing leading '/' from member names
Debug: Checking Namespace=default, Pod=ms-46825-58c684559d-qs9r7 for Target File=deathstar_*.output
Namespace: default, Pod: ms-46825-58c684559d-qs9r7 has the target files.
Copying deathstar_ms-46825.output to deathstar_ms-46825.output
tar: removing leading '/' from member names
Debug: Checking Namespace=default, Pod=ms-60236-64866cf49-zhjvd for Target File=deathstar_*.output
Namespace: default, Pod: ms-60236-64866cf49-zhjvd has the target files.
Copying deathstar_ms-60236.output to deathstar_ms-60236.output
tar: removing leading '/' from member names
Debug: Checking Namespace=default, Pod=ms-71771-567ddbdd95-n9mdz for Target File=deathstar_*.output
Namespace: default, Pod: ms-71771-567ddbdd95-n9mdz has the target files.
Copying deathstar_ms-71771.output to deathstar_ms-71771.output
tar: removing leading '/' from member names
Debug: Checking Namespace=default, Pod=ms-8052-b995968dc-5j4jq for Target File=deathstar_*.output
Namespace: default, Pod: ms-8052-b995968dc-5j4jq has the target files.
Copying deathstar_ms-8052.output to deathstar_ms-8052.output
tar: removing leading '/' from member names
Debug: Checking Namespace=default, Pod=ms-902-5744544f85-tpddk for Target File=deathstar_*.output
Namespace: default, Pod: ms-902-5744544f85-tpddk has the target files.
Copying deathstar_ms-902.output to deathstar_ms-902.output
tar: removing leading '/' from member names
Debug: Checking Namespace=default, Pod=nginx-web-server-56557f7cb7-kbr7s for Target File=deathstar_*.output
Namespace: default, Pod: nginx-web-server-56557f7cb7-kbr7s has the target files.
Copying deathstar_nginx-web-server.output to deathstar_nginx-web-server.output
tar: removing leading '/' from member names
