Deployments: ms-10090
ms-13558
ms-18330
ms-19585
ms-20172
ms-22893
ms-24009
ms-24959
ms-26622
ms-27421
ms-29373
ms-32301
ms-3289
ms-37691
ms-38964
ms-40147
ms-48118
ms-4829
ms-51685
ms-52379
ms-55394
ms-58436
ms-58772
ms-59962
ms-60061
ms-6323
ms-65741
ms-66473
ms-69188
ms-69614
ms-9081
nginx-web-server
unknown
deployment "ms-10090" successfully rolled out
deployment "ms-13558" successfully rolled out
deployment "ms-18330" successfully rolled out
deployment "ms-19585" successfully rolled out
deployment "ms-20172" successfully rolled out
deployment "ms-22893" successfully rolled out
deployment "ms-24009" successfully rolled out
deployment "ms-24959" successfully rolled out
deployment "ms-26622" successfully rolled out
deployment "ms-27421" successfully rolled out
deployment "ms-29373" successfully rolled out
deployment "ms-32301" successfully rolled out
deployment "ms-3289" successfully rolled out
deployment "ms-37691" successfully rolled out
deployment "ms-38964" successfully rolled out
deployment "ms-40147" successfully rolled out
deployment "ms-48118" successfully rolled out
deployment "ms-4829" successfully rolled out
deployment "ms-51685" successfully rolled out
deployment "ms-52379" successfully rolled out
deployment "ms-55394" successfully rolled out
deployment "ms-58436" successfully rolled out
deployment "ms-58772" successfully rolled out
deployment "ms-59962" successfully rolled out
deployment "ms-60061" successfully rolled out
deployment "ms-6323" successfully rolled out
deployment "ms-65741" successfully rolled out
deployment "ms-66473" successfully rolled out
deployment "ms-69188" successfully rolled out
deployment "ms-69614" successfully rolled out
deployment "ms-9081" successfully rolled out
deployment "nginx-web-server" successfully rolled out
deployment "unknown" successfully rolled out
ENTRY_POINT: nginx-web-server
SERVICE_A_URL: 10.100.44.117:50051
Capacity: 10000
Metadata: request-id={{.RequestNumber}}
Metadata: timestamp={{.TimestampUnix}}
Metadata: method=S_149998854
Charon Configurations:
[{INTERCEPT breakwaterd} {PRICE_UPDATE_RATE 10ms} {TOKEN_UPDATE_RATE 10ms} {LATENCY_THRESHOLD 100us} {PRICE_STEP 0} {PRICE_STRATEGY step} {LAZY_UPDATE false} {RATE_LIMITING true} {LOAD_SHEDDING true} {CHARON_TRACK_PRICE false} {BREAKWATER_SLO 36877us} {BREAKWATER_A 9.675488115556668} {BREAKWATER_B 0.8490643037437662} {BREAKWATER_CLIENT_EXPIRATION 2013us} {BREAKWATER_INITIAL_CREDIT 163} {BREAKWATER_LOAD_SHEDDING true} {BREAKWATER_RTT 5395us} {BREAKWATERD_SLO 52708us} {BREAKWATERD_A 3.4590390179367416} {BREAKWATERD_B 2.7556086803845004} {BREAKWATERD_CLIENT_EXPIRATION 84248us} {BREAKWATERD_INITIAL_CREDIT 3942} {BREAKWATERD_LOAD_SHEDDING true} {BREAKWATERD_RTT 9645us} {DAGOR_QUEUING_THRESHOLD 2ms} {DAGOR_ALPHA 0.05} {DAGOR_BETA 0.01} {DAGOR_ADMISSION_LEVEL_UPDATE_INTERVAL 10ms} {DAGOR_UMAX 20}]

Summary:
  Count:	95498
  Total:	25.00 s
  Slowest:	1.00 s
  Fastest:	111.53 ms
  Average:	772.65 ms
  Requests/sec:	3820.49

Response time histogram:
  111.531  [1]     |
  200.523  [10099] |∎∎∎∎∎∎∎∎∎∎∎∎∎∎∎∎∎∎∎∎∎∎∎∎∎∎∎∎∎∎∎∎∎∎∎∎∎∎∎∎
  289.516  [364]   |∎
  378.508  [243]   |∎
  467.501  [99]    |
  556.493  [203]   |∎
  645.485  [1003]  |∎∎∎∎
  734.478  [621]   |∎∎
  823.470  [288]   |∎
  912.462  [1418]  |∎∎∎∎∎∎
  1001.455 [864]   |∎∎∎

Latency distribution:
  10 % in 113.48 ms 
  25 % in 115.03 ms 
  50 % in 119.37 ms 
  75 % in 599.72 ms 
  90 % in 880.05 ms 
  95 % in 922.72 ms 
  99 % in 987.58 ms 

Status code distribution:
  [OK]                  15203 responses   
  [ResourceExhausted]   9527 responses    
  [DeadlineExceeded]    62616 responses   
  [Canceled]            8152 responses    

Error distribution:
  [959]     rpc error: code = ResourceExhausted desc = Server-side queuing delay is beyond AQM threshold                          
  [3165]    rpc error: code = ResourceExhausted desc = Client id f7819cbc-d6e8-4db0-bb5e-cbdb9616b5c4 request expired in queue.   
  [146]     rpc error: code = ResourceExhausted desc = Client id 518374d5-e239-4d26-9a91-262ec6075bd5 request expired in queue.   
  [8152]    rpc error: code = Canceled desc = grpc: the client connection is closing                                              
  [2489]    rpc error: code = ResourceExhausted desc = Client id 5b21f048-9bfa-4ad5-af36-4be4a2711b93 request expired in queue.   
  [1832]    rpc error: code = ResourceExhausted desc = Client id 44133b66-10b0-4c58-b7a1-ff5839efd032 request expired in queue.   
  [62616]   rpc error: code = DeadlineExceeded desc = context deadline exceeded                                                   
  [805]     rpc error: code = ResourceExhausted desc = Client id 9a8aae13-6183-4e34-80c7-36fa8545744e request expired in queue.   
  [58]      rpc error: code = ResourceExhausted desc = Client id bd9d42a9-42f3-41fe-ae81-751a5da48ade request expired in queue.   
  [73]      rpc error: code = ResourceExhausted desc = Client id 3d9e9e36-b99f-4163-b9e7-122a18d05fd4 request expired in queue.   

Debug: Checking Namespace=default, Pod=ms-10090-6454f977fd-r4846 for Target File=deathstar_*.output
Namespace: default, Pod: ms-10090-6454f977fd-r4846 has the target files.
Copying deathstar_ms-10090.output to deathstar_ms-10090.output
tar: removing leading '/' from member names
Debug: Checking Namespace=default, Pod=ms-13558-b48bb5d9d-52wft for Target File=deathstar_*.output
Namespace: default, Pod: ms-13558-b48bb5d9d-52wft has the target files.
Copying deathstar_ms-13558.output to deathstar_ms-13558.output
tar: removing leading '/' from member names
Debug: Checking Namespace=default, Pod=ms-18330-759d9cf49c-2lchw for Target File=deathstar_*.output
Namespace: default, Pod: ms-18330-759d9cf49c-2lchw has the target files.
Copying deathstar_ms-18330.output to deathstar_ms-18330.output
tar: removing leading '/' from member names
Debug: Checking Namespace=default, Pod=ms-19585-6f995cfcbf-g92ts for Target File=deathstar_*.output
Namespace: default, Pod: ms-19585-6f995cfcbf-g92ts has the target files.
Copying deathstar_ms-19585.output to deathstar_ms-19585.output
tar: removing leading '/' from member names
Debug: Checking Namespace=default, Pod=ms-20172-59d5485464-zndrv for Target File=deathstar_*.output
Namespace: default, Pod: ms-20172-59d5485464-zndrv has the target files.
Copying deathstar_ms-20172.output to deathstar_ms-20172.output
tar: removing leading '/' from member names
Debug: Checking Namespace=default, Pod=ms-22893-576fd5f9f6-cn7gm for Target File=deathstar_*.output
Namespace: default, Pod: ms-22893-576fd5f9f6-cn7gm has the target files.
Copying deathstar_ms-22893.output to deathstar_ms-22893.output
tar: removing leading '/' from member names
Debug: Checking Namespace=default, Pod=ms-24009-67dbf5b976-r2cl2 for Target File=deathstar_*.output
Namespace: default, Pod: ms-24009-67dbf5b976-r2cl2 has the target files.
Copying deathstar_ms-24009.output to deathstar_ms-24009.output
tar: removing leading '/' from member names
Debug: Checking Namespace=default, Pod=ms-24959-99f8bbf9-8ljc8 for Target File=deathstar_*.output
Namespace: default, Pod: ms-24959-99f8bbf9-8ljc8 has the target files.
Copying deathstar_ms-24959.output to deathstar_ms-24959.output
tar: removing leading '/' from member names
Debug: Checking Namespace=default, Pod=ms-26622-66fdf7d64f-zdsw7 for Target File=deathstar_*.output
Namespace: default, Pod: ms-26622-66fdf7d64f-zdsw7 has the target files.
Copying deathstar_ms-26622.output to deathstar_ms-26622.output
tar: removing leading '/' from member names
Debug: Checking Namespace=default, Pod=ms-27421-64f549855c-hrpcl for Target File=deathstar_*.output
Namespace: default, Pod: ms-27421-64f549855c-hrpcl has the target files.
Copying deathstar_ms-27421.output to deathstar_ms-27421.output
tar: removing leading '/' from member names
Debug: Checking Namespace=default, Pod=ms-29373-8467f7db44-q8cz8 for Target File=deathstar_*.output
Namespace: default, Pod: ms-29373-8467f7db44-q8cz8 has the target files.
Copying deathstar_ms-29373.output to deathstar_ms-29373.output
tar: removing leading '/' from member names
Debug: Checking Namespace=default, Pod=ms-32301-c5654bbc5-q6l86 for Target File=deathstar_*.output
Namespace: default, Pod: ms-32301-c5654bbc5-q6l86 has the target files.
Copying deathstar_ms-32301.output to deathstar_ms-32301.output
tar: removing leading '/' from member names
Debug: Checking Namespace=default, Pod=ms-3289-587dbd96bf-9xzpz for Target File=deathstar_*.output
Namespace: default, Pod: ms-3289-587dbd96bf-9xzpz has the target files.
Copying deathstar_ms-3289.output to deathstar_ms-3289.output
tar: removing leading '/' from member names
Debug: Checking Namespace=default, Pod=ms-37691-6dc6cd6744-bdmm8 for Target File=deathstar_*.output
Namespace: default, Pod: ms-37691-6dc6cd6744-bdmm8 has the target files.
Copying deathstar_ms-37691.output to deathstar_ms-37691.output
tar: removing leading '/' from member names
Debug: Checking Namespace=default, Pod=ms-38964-5b647cdbd-h789d for Target File=deathstar_*.output
Namespace: default, Pod: ms-38964-5b647cdbd-h789d has the target files.
Copying deathstar_ms-38964.output to deathstar_ms-38964.output
tar: removing leading '/' from member names
Debug: Checking Namespace=default, Pod=ms-40147-cd867585-bdcpr for Target File=deathstar_*.output
Namespace: default, Pod: ms-40147-cd867585-bdcpr has the target files.
Copying deathstar_ms-40147.output to deathstar_ms-40147.output
tar: removing leading '/' from member names
Debug: Checking Namespace=default, Pod=ms-48118-ff7b99cc9-p66dd for Target File=deathstar_*.output
Namespace: default, Pod: ms-48118-ff7b99cc9-p66dd has the target files.
Copying deathstar_ms-48118.output to deathstar_ms-48118.output
tar: removing leading '/' from member names
Debug: Checking Namespace=default, Pod=ms-4829-669557b66c-7wvjp for Target File=deathstar_*.output
Namespace: default, Pod: ms-4829-669557b66c-7wvjp has the target files.
Copying deathstar_ms-4829.output to deathstar_ms-4829.output
tar: removing leading '/' from member names
Debug: Checking Namespace=default, Pod=ms-51685-79858c784f-qqnx6 for Target File=deathstar_*.output
Namespace: default, Pod: ms-51685-79858c784f-qqnx6 has the target files.
Copying deathstar_ms-51685.output to deathstar_ms-51685.output
tar: removing leading '/' from member names
Debug: Checking Namespace=default, Pod=ms-52379-57c6cdd54b-zpzw6 for Target File=deathstar_*.output
Namespace: default, Pod: ms-52379-57c6cdd54b-zpzw6 has the target files.
Copying deathstar_ms-52379.output to deathstar_ms-52379.output
tar: removing leading '/' from member names
Debug: Checking Namespace=default, Pod=ms-55394-6f999f5df9-46994 for Target File=deathstar_*.output
Namespace: default, Pod: ms-55394-6f999f5df9-46994 has the target files.
Copying deathstar_ms-55394.output to deathstar_ms-55394.output
tar: removing leading '/' from member names
Debug: Checking Namespace=default, Pod=ms-58436-59dd96f659-7g6s9 for Target File=deathstar_*.output
Namespace: default, Pod: ms-58436-59dd96f659-7g6s9 has the target files.
Copying deathstar_ms-58436.output to deathstar_ms-58436.output
tar: removing leading '/' from member names
Debug: Checking Namespace=default, Pod=ms-58772-68ff78c966-fpn7d for Target File=deathstar_*.output
Namespace: default, Pod: ms-58772-68ff78c966-fpn7d has the target files.
Copying deathstar_ms-58772.output to deathstar_ms-58772.output
tar: removing leading '/' from member names
Debug: Checking Namespace=default, Pod=ms-59962-756b895b58-jlp4h for Target File=deathstar_*.output
Namespace: default, Pod: ms-59962-756b895b58-jlp4h has the target files.
Copying deathstar_ms-59962.output to deathstar_ms-59962.output
tar: removing leading '/' from member names
Debug: Checking Namespace=default, Pod=ms-60061-68bd84bdcd-r5xm9 for Target File=deathstar_*.output
Namespace: default, Pod: ms-60061-68bd84bdcd-r5xm9 has the target files.
Copying deathstar_ms-60061.output to deathstar_ms-60061.output
tar: removing leading '/' from member names
Debug: Checking Namespace=default, Pod=ms-6323-974659fcd-gjd9c for Target File=deathstar_*.output
Namespace: default, Pod: ms-6323-974659fcd-gjd9c has the target files.
Copying deathstar_ms-6323.output to deathstar_ms-6323.output
tar: removing leading '/' from member names
Debug: Checking Namespace=default, Pod=ms-65741-65f588bcdf-g6hbv for Target File=deathstar_*.output
Namespace: default, Pod: ms-65741-65f588bcdf-g6hbv has the target files.
Copying deathstar_ms-65741.output to deathstar_ms-65741.output
tar: removing leading '/' from member names
Debug: Checking Namespace=default, Pod=ms-66473-79c66f8bff-zsgh9 for Target File=deathstar_*.output
Namespace: default, Pod: ms-66473-79c66f8bff-zsgh9 has the target files.
Copying deathstar_ms-66473.output to deathstar_ms-66473.output
tar: removing leading '/' from member names
Debug: Checking Namespace=default, Pod=ms-69188-65c548d4cb-bnlbq for Target File=deathstar_*.output
Namespace: default, Pod: ms-69188-65c548d4cb-bnlbq has the target files.
Copying deathstar_ms-69188.output to deathstar_ms-69188.output
tar: removing leading '/' from member names
Debug: Checking Namespace=default, Pod=ms-69614-794bd8475-5lx86 for Target File=deathstar_*.output
Namespace: default, Pod: ms-69614-794bd8475-5lx86 has the target files.
Copying deathstar_ms-69614.output to deathstar_ms-69614.output
tar: removing leading '/' from member names
Debug: Checking Namespace=default, Pod=ms-9081-567985788-2xfxc for Target File=deathstar_*.output
Namespace: default, Pod: ms-9081-567985788-2xfxc has the target files.
Copying deathstar_ms-9081.output to deathstar_ms-9081.output
tar: removing leading '/' from member names
Debug: Checking Namespace=default, Pod=nginx-web-server-56557f7cb7-4fmq4 for Target File=deathstar_*.output
Namespace: default, Pod: nginx-web-server-56557f7cb7-4fmq4 has the target files.
Copying deathstar_nginx-web-server.output to deathstar_nginx-web-server.output
tar: removing leading '/' from member names
Debug: Checking Namespace=default, Pod=unknown-6ddf9bd4b5-4qr6m for Target File=deathstar_*.output
Namespace: default, Pod: unknown-6ddf9bd4b5-4qr6m has the target files.
Copying deathstar_unknown.output to deathstar_unknown.output
tar: removing leading '/' from member names
