Deployments: ms-11070
ms-11285
ms-11512
ms-1278
ms-13873
ms-19953
ms-21883
ms-25124
ms-27421
ms-2827
ms-33719
ms-37691
ms-43309
ms-4354
ms-46825
ms-60236
ms-71771
ms-8052
ms-902
nginx-web-server
deployment "ms-11070" successfully rolled out
deployment "ms-11285" successfully rolled out
deployment "ms-11512" successfully rolled out
deployment "ms-1278" successfully rolled out
deployment "ms-13873" successfully rolled out
deployment "ms-19953" successfully rolled out
deployment "ms-21883" successfully rolled out
deployment "ms-25124" successfully rolled out
deployment "ms-27421" successfully rolled out
deployment "ms-2827" successfully rolled out
deployment "ms-33719" successfully rolled out
deployment "ms-37691" successfully rolled out
deployment "ms-43309" successfully rolled out
deployment "ms-4354" successfully rolled out
deployment "ms-46825" successfully rolled out
deployment "ms-60236" successfully rolled out
deployment "ms-71771" successfully rolled out
deployment "ms-8052" successfully rolled out
deployment "ms-902" successfully rolled out
deployment "nginx-web-server" successfully rolled out
ENTRY_POINT: nginx-web-server
SERVICE_A_URL: 10.106.146.107:50051
Capacity: 10000
Metadata: method=S_102000854
Metadata: request-id={{.RequestNumber}}
Metadata: timestamp={{.TimestampUnix}}
Charon Configurations:
[{INTERCEPT breakwaterd} {PRICE_UPDATE_RATE 10ms} {TOKEN_UPDATE_RATE 10ms} {LATENCY_THRESHOLD 100us} {PRICE_STEP 0} {PRICE_STRATEGY step} {LAZY_UPDATE false} {RATE_LIMITING true} {LOAD_SHEDDING true} {CHARON_TRACK_PRICE false} {BREAKWATER_SLO 46985us} {BREAKWATER_A 23.504243577782827} {BREAKWATER_B 2.4424451623766363} {BREAKWATER_CLIENT_EXPIRATION 3473us} {BREAKWATER_INITIAL_CREDIT 298} {BREAKWATER_LOAD_SHEDDING true} {BREAKWATER_RTT 8929us} {BREAKWATERD_SLO 47136us} {BREAKWATERD_A 1.1099505166385704} {BREAKWATERD_B 6.557082516306229} {BREAKWATERD_CLIENT_EXPIRATION 60686us} {BREAKWATERD_INITIAL_CREDIT 550} {BREAKWATERD_LOAD_SHEDDING true} {BREAKWATERD_RTT 6423us} {DAGOR_QUEUING_THRESHOLD 2ms} {DAGOR_ALPHA 0.05} {DAGOR_BETA 0.01} {DAGOR_ADMISSION_LEVEL_UPDATE_INTERVAL 10ms} {DAGOR_UMAX 20}]

Summary:
  Count:	106911
  Total:	24.88 s
  Slowest:	865.83 ms
  Fastest:	39.20 ms
  Average:	130.58 ms
  Requests/sec:	4296.87

Response time histogram:
  39.202  [1]     |
  121.865 [24784] |∎∎∎∎∎∎∎∎∎∎∎∎∎∎∎∎∎∎∎∎∎∎∎∎∎∎∎∎∎∎∎∎∎∎∎∎∎
  204.528 [26840] |∎∎∎∎∎∎∎∎∎∎∎∎∎∎∎∎∎∎∎∎∎∎∎∎∎∎∎∎∎∎∎∎∎∎∎∎∎∎∎∎
  287.191 [19038] |∎∎∎∎∎∎∎∎∎∎∎∎∎∎∎∎∎∎∎∎∎∎∎∎∎∎∎∎
  369.854 [3901]  |∎∎∎∎∎∎
  452.517 [776]   |∎
  535.180 [180]   |
  617.843 [14]    |
  700.507 [6]     |
  783.170 [40]    |
  865.833 [29]    |

Latency distribution:
  10 % in 43.06 ms 
  25 % in 94.64 ms 
  50 % in 166.48 ms 
  75 % in 218.51 ms 
  90 % in 267.31 ms 
  95 % in 298.57 ms 
  99 % in 392.07 ms 

Status code distribution:
  [ResourceExhausted]   30724 responses   
  [Canceled]            578 responses     
  [OK]                  75609 responses   

Error distribution:
  [4202]    rpc error: code = ResourceExhausted desc = Client id db8680e2-0ab5-4180-be05-b7a93f864c69 request expired in queue.   
  [578]     rpc error: code = Canceled desc = grpc: the client connection is closing                                              
  [24137]   rpc error: code = ResourceExhausted desc = Client id 7fda0167-3cb5-49be-931f-b43b78655eec request expired in queue.   
  [1192]    rpc error: code = ResourceExhausted desc = Client id c45a8d68-3f02-4e0d-9d86-96a5815ac1d5 request expired in queue.   
  [1193]    rpc error: code = ResourceExhausted desc = Client id 211b7fff-9c00-4594-bba3-16e08f1bcf9c request expired in queue.   

Debug: Checking Namespace=default, Pod=ms-11070-7868c54f44-phbn4 for Target File=deathstar_*.output
Namespace: default, Pod: ms-11070-7868c54f44-phbn4 has the target files.
Copying deathstar_ms-11070.output to deathstar_ms-11070.output
tar: removing leading '/' from member names
Debug: Checking Namespace=default, Pod=ms-11285-67d597dc77-9dfmk for Target File=deathstar_*.output
Namespace: default, Pod: ms-11285-67d597dc77-9dfmk has the target files.
Copying deathstar_ms-11285.output to deathstar_ms-11285.output
tar: removing leading '/' from member names
Debug: Checking Namespace=default, Pod=ms-11512-75f8ddc45b-zd5pk for Target File=deathstar_*.output
Namespace: default, Pod: ms-11512-75f8ddc45b-zd5pk has the target files.
Copying deathstar_ms-11512.output to deathstar_ms-11512.output
tar: removing leading '/' from member names
Debug: Checking Namespace=default, Pod=ms-1278-85766ff6b8-2fxmn for Target File=deathstar_*.output
Namespace: default, Pod: ms-1278-85766ff6b8-2fxmn has the target files.
Copying deathstar_ms-1278.output to deathstar_ms-1278.output
tar: removing leading '/' from member names
Debug: Checking Namespace=default, Pod=ms-13873-85d7bb7b97-nz4vd for Target File=deathstar_*.output
Namespace: default, Pod: ms-13873-85d7bb7b97-nz4vd has the target files.
Copying deathstar_ms-13873.output to deathstar_ms-13873.output
tar: removing leading '/' from member names
Debug: Checking Namespace=default, Pod=ms-19953-68cc8998c5-q9b9n for Target File=deathstar_*.output
Namespace: default, Pod: ms-19953-68cc8998c5-q9b9n has the target files.
Copying deathstar_ms-19953.output to deathstar_ms-19953.output
tar: removing leading '/' from member names
Debug: Checking Namespace=default, Pod=ms-21883-f6c88c6d4-nhmwc for Target File=deathstar_*.output
Namespace: default, Pod: ms-21883-f6c88c6d4-nhmwc has the target files.
Copying deathstar_ms-21883.output to deathstar_ms-21883.output
tar: removing leading '/' from member names
Debug: Checking Namespace=default, Pod=ms-25124-77bd4446f5-5lfqn for Target File=deathstar_*.output
Namespace: default, Pod: ms-25124-77bd4446f5-5lfqn has the target files.
Copying deathstar_ms-25124.output to deathstar_ms-25124.output
tar: removing leading '/' from member names
Debug: Checking Namespace=default, Pod=ms-27421-8565974486-45krj for Target File=deathstar_*.output
Namespace: default, Pod: ms-27421-8565974486-45krj has the target files.
Copying deathstar_ms-27421.output to deathstar_ms-27421.output
tar: removing leading '/' from member names
Debug: Checking Namespace=default, Pod=ms-2827-5dcc6df4f4-8qbp5 for Target File=deathstar_*.output
Namespace: default, Pod: ms-2827-5dcc6df4f4-8qbp5 has the target files.
Copying deathstar_ms-2827.output to deathstar_ms-2827.output
tar: removing leading '/' from member names
Debug: Checking Namespace=default, Pod=ms-33719-6c455cf54c-pmwz9 for Target File=deathstar_*.output
Namespace: default, Pod: ms-33719-6c455cf54c-pmwz9 has the target files.
Copying deathstar_ms-33719.output to deathstar_ms-33719.output
tar: removing leading '/' from member names
Debug: Checking Namespace=default, Pod=ms-37691-b9bc44798-92bsn for Target File=deathstar_*.output
Namespace: default, Pod: ms-37691-b9bc44798-92bsn has the target files.
Copying deathstar_ms-37691.output to deathstar_ms-37691.output
tar: removing leading '/' from member names
Debug: Checking Namespace=default, Pod=ms-43309-54f758d465-6bglq for Target File=deathstar_*.output
Namespace: default, Pod: ms-43309-54f758d465-6bglq has the target files.
Copying deathstar_ms-43309.output to deathstar_ms-43309.output
tar: removing leading '/' from member names
Debug: Checking Namespace=default, Pod=ms-4354-669cfcbdf6-789b9 for Target File=deathstar_*.output
Namespace: default, Pod: ms-4354-669cfcbdf6-789b9 has the target files.
Copying deathstar_ms-4354.output to deathstar_ms-4354.output
tar: removing leading '/' from member names
Debug: Checking Namespace=default, Pod=ms-46825-58c684559d-ct2jl for Target File=deathstar_*.output
Namespace: default, Pod: ms-46825-58c684559d-ct2jl has the target files.
Copying deathstar_ms-46825.output to deathstar_ms-46825.output
tar: removing leading '/' from member names
Debug: Checking Namespace=default, Pod=ms-60236-64866cf49-bqppb for Target File=deathstar_*.output
Namespace: default, Pod: ms-60236-64866cf49-bqppb has the target files.
Copying deathstar_ms-60236.output to deathstar_ms-60236.output
tar: removing leading '/' from member names
Debug: Checking Namespace=default, Pod=ms-71771-567ddbdd95-9rpzq for Target File=deathstar_*.output
Namespace: default, Pod: ms-71771-567ddbdd95-9rpzq has the target files.
Copying deathstar_ms-71771.output to deathstar_ms-71771.output
tar: removing leading '/' from member names
Debug: Checking Namespace=default, Pod=ms-8052-b995968dc-lstxc for Target File=deathstar_*.output
Namespace: default, Pod: ms-8052-b995968dc-lstxc has the target files.
Copying deathstar_ms-8052.output to deathstar_ms-8052.output
tar: removing leading '/' from member names
Debug: Checking Namespace=default, Pod=ms-902-5744544f85-7lt7l for Target File=deathstar_*.output
Namespace: default, Pod: ms-902-5744544f85-7lt7l has the target files.
Copying deathstar_ms-902.output to deathstar_ms-902.output
tar: removing leading '/' from member names
Debug: Checking Namespace=default, Pod=nginx-web-server-56557f7cb7-lw6cg for Target File=deathstar_*.output
Namespace: default, Pod: nginx-web-server-56557f7cb7-lw6cg has the target files.
Copying deathstar_nginx-web-server.output to deathstar_nginx-web-server.output
tar: removing leading '/' from member names
