Deployments: ms-25648
ms-27283
ms-27421
ms-2827
ms-34756
ms-36144
ms-37691
ms-41385
ms-41914
ms-46825
ms-54016
ms-55339
ms-58269
ms-58845
ms-68328
ms-70297
nginx-web-server
unknown
deployment "ms-25648" successfully rolled out
deployment "ms-27283" successfully rolled out
deployment "ms-27421" successfully rolled out
deployment "ms-2827" successfully rolled out
deployment "ms-34756" successfully rolled out
deployment "ms-36144" successfully rolled out
deployment "ms-37691" successfully rolled out
deployment "ms-41385" successfully rolled out
deployment "ms-41914" successfully rolled out
deployment "ms-46825" successfully rolled out
deployment "ms-54016" successfully rolled out
deployment "ms-55339" successfully rolled out
deployment "ms-58269" successfully rolled out
deployment "ms-58845" successfully rolled out
deployment "ms-68328" successfully rolled out
deployment "ms-70297" successfully rolled out
deployment "nginx-web-server" successfully rolled out
deployment "unknown" successfully rolled out
ENTRY_POINT: nginx-web-server
SERVICE_A_URL: 10.98.12.214:50051
Capacity: 10000
Metadata: request-id={{.RequestNumber}}
Metadata: timestamp={{.TimestampUnix}}
Metadata: method=S_161142529
Charon Configurations:
[{INTERCEPT breakwater} {PRICE_UPDATE_RATE 10ms} {TOKEN_UPDATE_RATE 10ms} {LATENCY_THRESHOLD 100us} {PRICE_STEP 0} {PRICE_STRATEGY step} {LAZY_UPDATE false} {RATE_LIMITING true} {LOAD_SHEDDING true} {CHARON_TRACK_PRICE false} {BREAKWATER_SLO 20000us} {BREAKWATER_A 0.0} {BREAKWATER_B 0.0} {BREAKWATER_CLIENT_EXPIRATION 5000us} {BREAKWATER_INITIAL_CREDIT 2000} {BREAKWATER_LOAD_SHEDDING true} {BREAKWATER_RTT 0us} {BREAKWATERD_SLO 12500us} {BREAKWATERD_A 0.001} {BREAKWATERD_B 0.02} {BREAKWATERD_CLIENT_EXPIRATION 10ms} {BREAKWATERD_INITIAL_CREDIT 400} {BREAKWATERD_LOAD_SHEDDING true} {BREAKWATERD_RTT 1000us} {DAGOR_QUEUING_THRESHOLD 2ms} {DAGOR_ALPHA 0.05} {DAGOR_BETA 0.01} {DAGOR_ADMISSION_LEVEL_UPDATE_INTERVAL 10ms} {DAGOR_UMAX 20}]

Summary:
  Count:	107157
  Total:	24.98 s
  Slowest:	1.01 s
  Fastest:	65.09 ms
  Average:	502.85 ms
  Requests/sec:	4289.20

Response time histogram:
  65.091   [1]     |
  159.904  [17400] |∎∎∎∎∎∎∎∎∎∎∎∎∎∎∎∎∎∎∎∎∎∎∎∎∎∎∎∎∎∎∎∎∎∎∎∎∎∎∎∎
  254.717  [1762]  |∎∎∎∎
  349.530  [4123]  |∎∎∎∎∎∎∎∎∎
  444.343  [10532] |∎∎∎∎∎∎∎∎∎∎∎∎∎∎∎∎∎∎∎∎∎∎∎∎
  539.155  [13521] |∎∎∎∎∎∎∎∎∎∎∎∎∎∎∎∎∎∎∎∎∎∎∎∎∎∎∎∎∎∎∎
  633.968  [17147] |∎∎∎∎∎∎∎∎∎∎∎∎∎∎∎∎∎∎∎∎∎∎∎∎∎∎∎∎∎∎∎∎∎∎∎∎∎∎∎
  728.781  [9278]  |∎∎∎∎∎∎∎∎∎∎∎∎∎∎∎∎∎∎∎∎∎
  823.594  [4938]  |∎∎∎∎∎∎∎∎∎∎∎
  918.407  [3818]  |∎∎∎∎∎∎∎∎∎
  1013.219 [2822]  |∎∎∎∎∎∎

Latency distribution:
  10 % in 68.73 ms 
  25 % in 321.61 ms 
  50 % in 508.96 ms 
  75 % in 630.50 ms 
  90 % in 783.35 ms 
  95 % in 876.71 ms 
  99 % in 975.44 ms 

Status code distribution:
  [ResourceExhausted]   3761 responses    
  [DeadlineExceeded]    9327 responses    
  [Canceled]            8727 responses    
  [OK]                  85342 responses   

Error distribution:
  [3761]   rpc error: code = ResourceExhausted desc = Server-side queuing delay is beyond AQM threshold   
  [9327]   rpc error: code = DeadlineExceeded desc = context deadline exceeded                            
  [8727]   rpc error: code = Canceled desc = grpc: the client connection is closing                       

Debug: Checking Namespace=default, Pod=ms-25648-86cc47d8bd-dmsv4 for Target File=deathstar_*.output
Namespace: default, Pod: ms-25648-86cc47d8bd-dmsv4 has the target files.
Copying deathstar_ms-25648.output to deathstar_ms-25648.output
tar: removing leading '/' from member names
Debug: Checking Namespace=default, Pod=ms-27283-7cb76dd56d-sr22l for Target File=deathstar_*.output
Namespace: default, Pod: ms-27283-7cb76dd56d-sr22l has the target files.
Copying deathstar_ms-27283.output to deathstar_ms-27283.output
tar: removing leading '/' from member names
Debug: Checking Namespace=default, Pod=ms-27421-64f549855c-nhkrp for Target File=deathstar_*.output
Namespace: default, Pod: ms-27421-64f549855c-nhkrp has the target files.
Copying deathstar_ms-27421.output to deathstar_ms-27421.output
tar: removing leading '/' from member names
Debug: Checking Namespace=default, Pod=ms-2827-565cbcd7b-pkjfw for Target File=deathstar_*.output
Namespace: default, Pod: ms-2827-565cbcd7b-pkjfw has the target files.
Copying deathstar_ms-2827.output to deathstar_ms-2827.output
tar: removing leading '/' from member names
Debug: Checking Namespace=default, Pod=ms-34756-7c45d5bcc-272jq for Target File=deathstar_*.output
Namespace: default, Pod: ms-34756-7c45d5bcc-272jq has the target files.
Copying deathstar_ms-34756.output to deathstar_ms-34756.output
tar: removing leading '/' from member names
Debug: Checking Namespace=default, Pod=ms-36144-7bf7cbfff6-w4xbq for Target File=deathstar_*.output
Namespace: default, Pod: ms-36144-7bf7cbfff6-w4xbq has the target files.
Copying deathstar_ms-36144.output to deathstar_ms-36144.output
tar: removing leading '/' from member names
Debug: Checking Namespace=default, Pod=ms-37691-6f7cbf7c5-9nfv2 for Target File=deathstar_*.output
Namespace: default, Pod: ms-37691-6f7cbf7c5-9nfv2 has the target files.
Copying deathstar_ms-37691.output to deathstar_ms-37691.output
tar: removing leading '/' from member names
Debug: Checking Namespace=default, Pod=ms-41385-6bc4f5d4fc-lvgwb for Target File=deathstar_*.output
Namespace: default, Pod: ms-41385-6bc4f5d4fc-lvgwb has the target files.
Copying deathstar_ms-41385.output to deathstar_ms-41385.output
tar: removing leading '/' from member names
Debug: Checking Namespace=default, Pod=ms-41914-5555dd8d48-pnlds for Target File=deathstar_*.output
Namespace: default, Pod: ms-41914-5555dd8d48-pnlds has the target files.
Copying deathstar_ms-41914.output to deathstar_ms-41914.output
tar: removing leading '/' from member names
Debug: Checking Namespace=default, Pod=ms-46825-58c684559d-rplln for Target File=deathstar_*.output
Namespace: default, Pod: ms-46825-58c684559d-rplln has the target files.
Copying deathstar_ms-46825.output to deathstar_ms-46825.output
tar: removing leading '/' from member names
Debug: Checking Namespace=default, Pod=ms-54016-5665fbcb8d-2snxw for Target File=deathstar_*.output
Namespace: default, Pod: ms-54016-5665fbcb8d-2snxw has the target files.
Copying deathstar_ms-54016.output to deathstar_ms-54016.output
tar: removing leading '/' from member names
Debug: Checking Namespace=default, Pod=ms-55339-5b545b67bb-r6kmc for Target File=deathstar_*.output
Namespace: default, Pod: ms-55339-5b545b67bb-r6kmc has the target files.
Copying deathstar_ms-55339.output to deathstar_ms-55339.output
tar: removing leading '/' from member names
Debug: Checking Namespace=default, Pod=ms-58269-8c4794c6c-v75h5 for Target File=deathstar_*.output
Namespace: default, Pod: ms-58269-8c4794c6c-v75h5 has the target files.
Copying deathstar_ms-58269.output to deathstar_ms-58269.output
tar: removing leading '/' from member names
Debug: Checking Namespace=default, Pod=ms-58845-5bc6f9d8df-2pgl5 for Target File=deathstar_*.output
Namespace: default, Pod: ms-58845-5bc6f9d8df-2pgl5 has the target files.
Copying deathstar_ms-58845.output to deathstar_ms-58845.output
tar: removing leading '/' from member names
Debug: Checking Namespace=default, Pod=ms-68328-5866fd45b7-748zs for Target File=deathstar_*.output
Namespace: default, Pod: ms-68328-5866fd45b7-748zs has the target files.
Copying deathstar_ms-68328.output to deathstar_ms-68328.output
tar: removing leading '/' from member names
Debug: Checking Namespace=default, Pod=ms-70297-868876bcdb-s8qrs for Target File=deathstar_*.output
Namespace: default, Pod: ms-70297-868876bcdb-s8qrs has the target files.
Copying deathstar_ms-70297.output to deathstar_ms-70297.output
tar: removing leading '/' from member names
Debug: Checking Namespace=default, Pod=nginx-web-server-56557f7cb7-7lz8v for Target File=deathstar_*.output
Namespace: default, Pod: nginx-web-server-56557f7cb7-7lz8v has the target files.
Copying deathstar_nginx-web-server.output to deathstar_nginx-web-server.output
tar: removing leading '/' from member names
Debug: Checking Namespace=default, Pod=unknown-57ddd65965-n8vzq for Target File=deathstar_*.output
Namespace: default, Pod: unknown-57ddd65965-n8vzq has the target files.
Copying deathstar_unknown.output to deathstar_unknown.output
tar: removing leading '/' from member names
