Deployments: ms-11070
ms-11285
ms-11512
ms-1278
ms-13873
ms-19953
ms-21883
ms-25124
ms-27421
ms-2827
ms-33719
ms-37691
ms-43309
ms-4354
ms-46825
ms-60236
ms-71771
ms-8052
ms-902
nginx-web-server
deployment "ms-11070" successfully rolled out
deployment "ms-11285" successfully rolled out
deployment "ms-11512" successfully rolled out
deployment "ms-1278" successfully rolled out
deployment "ms-13873" successfully rolled out
deployment "ms-19953" successfully rolled out
deployment "ms-21883" successfully rolled out
deployment "ms-25124" successfully rolled out
deployment "ms-27421" successfully rolled out
deployment "ms-2827" successfully rolled out
deployment "ms-33719" successfully rolled out
deployment "ms-37691" successfully rolled out
deployment "ms-43309" successfully rolled out
deployment "ms-4354" successfully rolled out
deployment "ms-46825" successfully rolled out
deployment "ms-60236" successfully rolled out
deployment "ms-71771" successfully rolled out
deployment "ms-8052" successfully rolled out
deployment "ms-902" successfully rolled out
deployment "nginx-web-server" successfully rolled out
ENTRY_POINT: nginx-web-server
SERVICE_A_URL: 10.106.235.223:50051
Capacity: 10000
Metadata: request-id={{.RequestNumber}}
Metadata: timestamp={{.TimestampUnix}}
Metadata: method=S_102000854
Charon Configurations:
[{INTERCEPT breakwaterd} {PRICE_UPDATE_RATE 10ms} {TOKEN_UPDATE_RATE 10ms} {LATENCY_THRESHOLD 100us} {PRICE_STEP 0} {PRICE_STRATEGY step} {LAZY_UPDATE false} {RATE_LIMITING true} {LOAD_SHEDDING true} {CHARON_TRACK_PRICE false} {BREAKWATER_SLO 38726us} {BREAKWATER_A 18.214745781366997} {BREAKWATER_B 4.444652637167988} {BREAKWATER_CLIENT_EXPIRATION 284us} {BREAKWATER_INITIAL_CREDIT 13} {BREAKWATER_LOAD_SHEDDING true} {BREAKWATER_RTT 10317us} {BREAKWATERD_SLO 66457us} {BREAKWATERD_A 1.2560827096401561} {BREAKWATERD_B 1.7760029285849377} {BREAKWATERD_CLIENT_EXPIRATION 71798us} {BREAKWATERD_INITIAL_CREDIT 2976} {BREAKWATERD_LOAD_SHEDDING true} {BREAKWATERD_RTT 7008us} {DAGOR_QUEUING_THRESHOLD 2ms} {DAGOR_ALPHA 0.05} {DAGOR_BETA 0.01} {DAGOR_ADMISSION_LEVEL_UPDATE_INTERVAL 10ms} {DAGOR_UMAX 20}]

Summary:
  Count:	83573
  Total:	24.99 s
  Slowest:	759.43 ms
  Fastest:	39.23 ms
  Average:	142.55 ms
  Requests/sec:	3343.67

Response time histogram:
  39.231  [1]     |
  111.251 [12725] |∎∎∎∎∎∎∎∎∎∎∎∎∎∎∎∎∎∎∎∎∎∎∎∎∎∎∎∎∎∎∎∎∎∎∎∎∎∎∎∎
  183.270 [8087]  |∎∎∎∎∎∎∎∎∎∎∎∎∎∎∎∎∎∎∎∎∎∎∎∎∎
  255.289 [6537]  |∎∎∎∎∎∎∎∎∎∎∎∎∎∎∎∎∎∎∎∎∎
  327.309 [833]   |∎∎∎
  399.328 [3]     |
  471.348 [0]     |
  543.367 [0]     |
  615.386 [0]     |
  687.406 [0]     |
  759.425 [5]     |

Latency distribution:
  10 % in 41.47 ms 
  25 % in 43.81 ms 
  50 % in 132.32 ms 
  75 % in 185.58 ms 
  90 % in 227.37 ms 
  95 % in 245.87 ms 
  99 % in 271.40 ms 

Status code distribution:
  [Canceled]            440 responses     
  [OK]                  28191 responses   
  [ResourceExhausted]   54942 responses   

Error distribution:
  [49182]   rpc error: code = ResourceExhausted desc = Client id 1c6adc32-7a7e-4675-902a-bfbd16774f34 request expired in queue.   
  [237]     rpc error: code = ResourceExhausted desc = Server-side queuing delay is beyond AQM threshold                          
  [95]      rpc error: code = ResourceExhausted desc = Client id 954571d6-6af6-4559-b95a-35480cbac300 request expired in queue.   
  [440]     rpc error: code = Canceled desc = grpc: the client connection is closing                                              
  [5264]    rpc error: code = ResourceExhausted desc = Client id dd5502c6-d655-4743-b382-a6b553040a79 request expired in queue.   
  [164]     rpc error: code = ResourceExhausted desc = Client id 1bf539f0-0a98-495d-9782-f998806baf54 request expired in queue.   

Debug: Checking Namespace=default, Pod=ms-11070-7868c54f44-cwrmb for Target File=deathstar_*.output
Namespace: default, Pod: ms-11070-7868c54f44-cwrmb has the target files.
Copying deathstar_ms-11070.output to deathstar_ms-11070.output
tar: removing leading '/' from member names
Debug: Checking Namespace=default, Pod=ms-11285-67d597dc77-vrsp7 for Target File=deathstar_*.output
Namespace: default, Pod: ms-11285-67d597dc77-vrsp7 has the target files.
Copying deathstar_ms-11285.output to deathstar_ms-11285.output
tar: removing leading '/' from member names
Debug: Checking Namespace=default, Pod=ms-11512-75f8ddc45b-gm6vd for Target File=deathstar_*.output
Namespace: default, Pod: ms-11512-75f8ddc45b-gm6vd has the target files.
Copying deathstar_ms-11512.output to deathstar_ms-11512.output
tar: removing leading '/' from member names
Debug: Checking Namespace=default, Pod=ms-1278-85766ff6b8-xp6ql for Target File=deathstar_*.output
Namespace: default, Pod: ms-1278-85766ff6b8-xp6ql has the target files.
Copying deathstar_ms-1278.output to deathstar_ms-1278.output
tar: removing leading '/' from member names
Debug: Checking Namespace=default, Pod=ms-13873-85d7bb7b97-pl8s5 for Target File=deathstar_*.output
Namespace: default, Pod: ms-13873-85d7bb7b97-pl8s5 has the target files.
Copying deathstar_ms-13873.output to deathstar_ms-13873.output
tar: removing leading '/' from member names
Debug: Checking Namespace=default, Pod=ms-19953-68cc8998c5-b7bxv for Target File=deathstar_*.output
Namespace: default, Pod: ms-19953-68cc8998c5-b7bxv has the target files.
Copying deathstar_ms-19953.output to deathstar_ms-19953.output
tar: removing leading '/' from member names
Debug: Checking Namespace=default, Pod=ms-21883-f6c88c6d4-p2f47 for Target File=deathstar_*.output
Namespace: default, Pod: ms-21883-f6c88c6d4-p2f47 has the target files.
Copying deathstar_ms-21883.output to deathstar_ms-21883.output
tar: removing leading '/' from member names
Debug: Checking Namespace=default, Pod=ms-25124-77bd4446f5-vw46x for Target File=deathstar_*.output
Namespace: default, Pod: ms-25124-77bd4446f5-vw46x has the target files.
Copying deathstar_ms-25124.output to deathstar_ms-25124.output
tar: removing leading '/' from member names
Debug: Checking Namespace=default, Pod=ms-27421-8565974486-dgsp5 for Target File=deathstar_*.output
Namespace: default, Pod: ms-27421-8565974486-dgsp5 has the target files.
Copying deathstar_ms-27421.output to deathstar_ms-27421.output
tar: removing leading '/' from member names
Debug: Checking Namespace=default, Pod=ms-2827-5dcc6df4f4-plp9k for Target File=deathstar_*.output
Namespace: default, Pod: ms-2827-5dcc6df4f4-plp9k has the target files.
Copying deathstar_ms-2827.output to deathstar_ms-2827.output
tar: removing leading '/' from member names
Debug: Checking Namespace=default, Pod=ms-33719-6c455cf54c-mfdpz for Target File=deathstar_*.output
Namespace: default, Pod: ms-33719-6c455cf54c-mfdpz has the target files.
Copying deathstar_ms-33719.output to deathstar_ms-33719.output
tar: removing leading '/' from member names
Debug: Checking Namespace=default, Pod=ms-37691-b9bc44798-t764v for Target File=deathstar_*.output
Namespace: default, Pod: ms-37691-b9bc44798-t764v has the target files.
Copying deathstar_ms-37691.output to deathstar_ms-37691.output
tar: removing leading '/' from member names
Debug: Checking Namespace=default, Pod=ms-43309-54f758d465-k8m76 for Target File=deathstar_*.output
Namespace: default, Pod: ms-43309-54f758d465-k8m76 has the target files.
Copying deathstar_ms-43309.output to deathstar_ms-43309.output
tar: removing leading '/' from member names
Debug: Checking Namespace=default, Pod=ms-4354-669cfcbdf6-9sddc for Target File=deathstar_*.output
Namespace: default, Pod: ms-4354-669cfcbdf6-9sddc has the target files.
Copying deathstar_ms-4354.output to deathstar_ms-4354.output
tar: removing leading '/' from member names
Debug: Checking Namespace=default, Pod=ms-46825-58c684559d-hpr7d for Target File=deathstar_*.output
Namespace: default, Pod: ms-46825-58c684559d-hpr7d has the target files.
Copying deathstar_ms-46825.output to deathstar_ms-46825.output
tar: removing leading '/' from member names
Debug: Checking Namespace=default, Pod=ms-60236-64866cf49-p6vhr for Target File=deathstar_*.output
Namespace: default, Pod: ms-60236-64866cf49-p6vhr has the target files.
Copying deathstar_ms-60236.output to deathstar_ms-60236.output
tar: removing leading '/' from member names
Debug: Checking Namespace=default, Pod=ms-71771-567ddbdd95-nsjwj for Target File=deathstar_*.output
Namespace: default, Pod: ms-71771-567ddbdd95-nsjwj has the target files.
Copying deathstar_ms-71771.output to deathstar_ms-71771.output
tar: removing leading '/' from member names
Debug: Checking Namespace=default, Pod=ms-8052-b995968dc-7lqkl for Target File=deathstar_*.output
Namespace: default, Pod: ms-8052-b995968dc-7lqkl has the target files.
Copying deathstar_ms-8052.output to deathstar_ms-8052.output
tar: removing leading '/' from member names
Debug: Checking Namespace=default, Pod=ms-902-5744544f85-tfx69 for Target File=deathstar_*.output
Namespace: default, Pod: ms-902-5744544f85-tfx69 has the target files.
Copying deathstar_ms-902.output to deathstar_ms-902.output
tar: removing leading '/' from member names
Debug: Checking Namespace=default, Pod=nginx-web-server-56557f7cb7-jswn7 for Target File=deathstar_*.output
Namespace: default, Pod: nginx-web-server-56557f7cb7-jswn7 has the target files.
Copying deathstar_nginx-web-server.output to deathstar_nginx-web-server.output
tar: removing leading '/' from member names
