Deployments: ms-10090
ms-13558
ms-18330
ms-19585
ms-20172
ms-22893
ms-24009
ms-24959
ms-26622
ms-27421
ms-29373
ms-32301
ms-3289
ms-37691
ms-38964
ms-40147
ms-48118
ms-4829
ms-51685
ms-52379
ms-55394
ms-58436
ms-58772
ms-59962
ms-60061
ms-6323
ms-65741
ms-66473
ms-69188
ms-69614
ms-9081
nginx-web-server
unknown
deployment "ms-10090" successfully rolled out
deployment "ms-13558" successfully rolled out
deployment "ms-18330" successfully rolled out
deployment "ms-19585" successfully rolled out
deployment "ms-20172" successfully rolled out
deployment "ms-22893" successfully rolled out
deployment "ms-24009" successfully rolled out
deployment "ms-24959" successfully rolled out
deployment "ms-26622" successfully rolled out
deployment "ms-27421" successfully rolled out
deployment "ms-29373" successfully rolled out
deployment "ms-32301" successfully rolled out
deployment "ms-3289" successfully rolled out
deployment "ms-37691" successfully rolled out
deployment "ms-38964" successfully rolled out
deployment "ms-40147" successfully rolled out
deployment "ms-48118" successfully rolled out
deployment "ms-4829" successfully rolled out
deployment "ms-51685" successfully rolled out
deployment "ms-52379" successfully rolled out
deployment "ms-55394" successfully rolled out
deployment "ms-58436" successfully rolled out
deployment "ms-58772" successfully rolled out
deployment "ms-59962" successfully rolled out
deployment "ms-60061" successfully rolled out
deployment "ms-6323" successfully rolled out
deployment "ms-65741" successfully rolled out
deployment "ms-66473" successfully rolled out
deployment "ms-69188" successfully rolled out
deployment "ms-69614" successfully rolled out
deployment "ms-9081" successfully rolled out
deployment "nginx-web-server" successfully rolled out
deployment "unknown" successfully rolled out
ENTRY_POINT: nginx-web-server
SERVICE_A_URL: 10.108.199.207:50051
Capacity: 10000
Metadata: request-id={{.RequestNumber}}
Metadata: timestamp={{.TimestampUnix}}
Metadata: method=S_149998854
Charon Configurations:
[{INTERCEPT charon} {PRICE_UPDATE_RATE 7531us} {TOKEN_UPDATE_RATE 26023us} {LATENCY_THRESHOLD 2700us} {PRICE_STEP 13} {PRICE_STRATEGY proportional} {LAZY_UPDATE true} {RATE_LIMITING true} {LOAD_SHEDDING true} {CHARON_TRACK_PRICE false} {BREAKWATER_SLO 12500us} {BREAKWATER_A 0.001} {BREAKWATER_B 0.02} {BREAKWATER_CLIENT_EXPIRATION 10ms} {BREAKWATER_INITIAL_CREDIT 400} {BREAKWATER_LOAD_SHEDDING true} {BREAKWATER_RTT 1000us} {BREAKWATERD_SLO 12500us} {BREAKWATERD_A 0.001} {BREAKWATERD_B 0.02} {BREAKWATERD_CLIENT_EXPIRATION 10ms} {BREAKWATERD_INITIAL_CREDIT 400} {BREAKWATERD_LOAD_SHEDDING true} {BREAKWATERD_RTT 1000us} {DAGOR_QUEUING_THRESHOLD 2ms} {DAGOR_ALPHA 0.05} {DAGOR_BETA 0.01} {DAGOR_ADMISSION_LEVEL_UPDATE_INTERVAL 10ms} {DAGOR_UMAX 20}]

Summary:
  Count:	62741
  Total:	14.85 s
  Slowest:	896.64 ms
  Fastest:	110.83 ms
  Average:	154.89 ms
  Requests/sec:	4223.63

Response time histogram:
  110.829 [1]     |
  189.410 [49538] |∎∎∎∎∎∎∎∎∎∎∎∎∎∎∎∎∎∎∎∎∎∎∎∎∎∎∎∎∎∎∎∎∎∎∎∎∎∎∎∎
  267.990 [1069]  |∎
  346.571 [539]   |
  425.152 [555]   |
  503.733 [672]   |∎
  582.314 [1081]  |∎
  660.895 [771]   |∎
  739.476 [148]   |
  818.057 [9]     |
  896.638 [29]    |

Latency distribution:
  10 % in 113.54 ms 
  25 % in 119.42 ms 
  50 % in 137.71 ms 
  75 % in 155.44 ms 
  90 % in 182.70 ms 
  95 % in 423.25 ms 
  99 % in 610.43 ms 

Status code distribution:
  [OK]                  54412 responses   
  [ResourceExhausted]   7973 responses    
  [Canceled]            356 responses     

Error distribution:
  [866]    rpc error: code = ResourceExhausted desc = S_149998854 req dropped by ms-66473. Try again later.           
  [4210]   rpc error: code = ResourceExhausted desc = S_149998854 req dropped by nginx-web-server. Try again later.   
  [879]    rpc error: code = ResourceExhausted desc = S_149998854 req dropped by ms-18330. Try again later.           
  [56]     rpc error: code = ResourceExhausted desc = S_149998854 req dropped by ms-51685. Try again later.           
  [1962]   rpc error: code = ResourceExhausted desc = S_149998854 req dropped by ms-55394. Try again later.           
  [356]    rpc error: code = Canceled desc = grpc: the client connection is closing                                   

Debug: Checking Namespace=default, Pod=ms-10090-6454f977fd-5f6jh for Target File=deathstar_*.output
Namespace: default, Pod: ms-10090-6454f977fd-5f6jh has the target files.
Copying deathstar_ms-10090.output to deathstar_ms-10090.output
tar: removing leading '/' from member names
Debug: Checking Namespace=default, Pod=ms-13558-b48bb5d9d-pfqkw for Target File=deathstar_*.output
Namespace: default, Pod: ms-13558-b48bb5d9d-pfqkw has the target files.
Copying deathstar_ms-13558.output to deathstar_ms-13558.output
tar: removing leading '/' from member names
Debug: Checking Namespace=default, Pod=ms-18330-759d9cf49c-zprz2 for Target File=deathstar_*.output
Namespace: default, Pod: ms-18330-759d9cf49c-zprz2 has the target files.
Copying deathstar_ms-18330.output to deathstar_ms-18330.output
tar: removing leading '/' from member names
Debug: Checking Namespace=default, Pod=ms-19585-6f995cfcbf-9d7st for Target File=deathstar_*.output
Namespace: default, Pod: ms-19585-6f995cfcbf-9d7st has the target files.
Copying deathstar_ms-19585.output to deathstar_ms-19585.output
tar: removing leading '/' from member names
Debug: Checking Namespace=default, Pod=ms-20172-59d5485464-wwhfg for Target File=deathstar_*.output
Namespace: default, Pod: ms-20172-59d5485464-wwhfg has the target files.
Copying deathstar_ms-20172.output to deathstar_ms-20172.output
tar: removing leading '/' from member names
Debug: Checking Namespace=default, Pod=ms-22893-576fd5f9f6-zvklq for Target File=deathstar_*.output
Namespace: default, Pod: ms-22893-576fd5f9f6-zvklq has the target files.
Copying deathstar_ms-22893.output to deathstar_ms-22893.output
tar: removing leading '/' from member names
Debug: Checking Namespace=default, Pod=ms-24009-67dbf5b976-2snck for Target File=deathstar_*.output
Namespace: default, Pod: ms-24009-67dbf5b976-2snck has the target files.
Copying deathstar_ms-24009.output to deathstar_ms-24009.output
tar: removing leading '/' from member names
Debug: Checking Namespace=default, Pod=ms-24959-99f8bbf9-7vq6j for Target File=deathstar_*.output
Namespace: default, Pod: ms-24959-99f8bbf9-7vq6j has the target files.
Copying deathstar_ms-24959.output to deathstar_ms-24959.output
tar: removing leading '/' from member names
Debug: Checking Namespace=default, Pod=ms-26622-66fdf7d64f-489p4 for Target File=deathstar_*.output
Namespace: default, Pod: ms-26622-66fdf7d64f-489p4 has the target files.
Copying deathstar_ms-26622.output to deathstar_ms-26622.output
tar: removing leading '/' from member names
Debug: Checking Namespace=default, Pod=ms-27421-64f549855c-664jn for Target File=deathstar_*.output
Namespace: default, Pod: ms-27421-64f549855c-664jn has the target files.
Copying deathstar_ms-27421.output to deathstar_ms-27421.output
tar: removing leading '/' from member names
Debug: Checking Namespace=default, Pod=ms-29373-8467f7db44-4zgl5 for Target File=deathstar_*.output
Namespace: default, Pod: ms-29373-8467f7db44-4zgl5 has the target files.
Copying deathstar_ms-29373.output to deathstar_ms-29373.output
tar: removing leading '/' from member names
Debug: Checking Namespace=default, Pod=ms-32301-c5654bbc5-7fsz8 for Target File=deathstar_*.output
Namespace: default, Pod: ms-32301-c5654bbc5-7fsz8 has the target files.
Copying deathstar_ms-32301.output to deathstar_ms-32301.output
tar: removing leading '/' from member names
Debug: Checking Namespace=default, Pod=ms-3289-587dbd96bf-dv8ps for Target File=deathstar_*.output
Namespace: default, Pod: ms-3289-587dbd96bf-dv8ps has the target files.
Copying deathstar_ms-3289.output to deathstar_ms-3289.output
tar: removing leading '/' from member names
Debug: Checking Namespace=default, Pod=ms-37691-6dc6cd6744-m74gk for Target File=deathstar_*.output
Namespace: default, Pod: ms-37691-6dc6cd6744-m74gk has the target files.
Copying deathstar_ms-37691.output to deathstar_ms-37691.output
tar: removing leading '/' from member names
Debug: Checking Namespace=default, Pod=ms-38964-5b647cdbd-4q7wt for Target File=deathstar_*.output
Namespace: default, Pod: ms-38964-5b647cdbd-4q7wt has the target files.
Copying deathstar_ms-38964.output to deathstar_ms-38964.output
tar: removing leading '/' from member names
Debug: Checking Namespace=default, Pod=ms-40147-cd867585-lj5n7 for Target File=deathstar_*.output
Namespace: default, Pod: ms-40147-cd867585-lj5n7 has the target files.
Copying deathstar_ms-40147.output to deathstar_ms-40147.output
tar: removing leading '/' from member names
Debug: Checking Namespace=default, Pod=ms-48118-ff7b99cc9-cs7m4 for Target File=deathstar_*.output
Namespace: default, Pod: ms-48118-ff7b99cc9-cs7m4 has the target files.
Copying deathstar_ms-48118.output to deathstar_ms-48118.output
tar: removing leading '/' from member names
Debug: Checking Namespace=default, Pod=ms-4829-669557b66c-s62th for Target File=deathstar_*.output
Namespace: default, Pod: ms-4829-669557b66c-s62th has the target files.
Copying deathstar_ms-4829.output to deathstar_ms-4829.output
tar: removing leading '/' from member names
Debug: Checking Namespace=default, Pod=ms-51685-79858c784f-tcp2m for Target File=deathstar_*.output
Namespace: default, Pod: ms-51685-79858c784f-tcp2m has the target files.
Copying deathstar_ms-51685.output to deathstar_ms-51685.output
tar: removing leading '/' from member names
Debug: Checking Namespace=default, Pod=ms-52379-57c6cdd54b-6jkx2 for Target File=deathstar_*.output
Namespace: default, Pod: ms-52379-57c6cdd54b-6jkx2 has the target files.
Copying deathstar_ms-52379.output to deathstar_ms-52379.output
tar: removing leading '/' from member names
Debug: Checking Namespace=default, Pod=ms-55394-6f999f5df9-rdgrr for Target File=deathstar_*.output
Namespace: default, Pod: ms-55394-6f999f5df9-rdgrr has the target files.
Copying deathstar_ms-55394.output to deathstar_ms-55394.output
tar: removing leading '/' from member names
Debug: Checking Namespace=default, Pod=ms-58436-59dd96f659-bvzwt for Target File=deathstar_*.output
Namespace: default, Pod: ms-58436-59dd96f659-bvzwt has the target files.
Copying deathstar_ms-58436.output to deathstar_ms-58436.output
tar: removing leading '/' from member names
Debug: Checking Namespace=default, Pod=ms-58772-68ff78c966-l696x for Target File=deathstar_*.output
Namespace: default, Pod: ms-58772-68ff78c966-l696x has the target files.
Copying deathstar_ms-58772.output to deathstar_ms-58772.output
tar: removing leading '/' from member names
Debug: Checking Namespace=default, Pod=ms-59962-756b895b58-84mpq for Target File=deathstar_*.output
Namespace: default, Pod: ms-59962-756b895b58-84mpq has the target files.
Copying deathstar_ms-59962.output to deathstar_ms-59962.output
tar: removing leading '/' from member names
Debug: Checking Namespace=default, Pod=ms-60061-68bd84bdcd-rgc5g for Target File=deathstar_*.output
Namespace: default, Pod: ms-60061-68bd84bdcd-rgc5g has the target files.
Copying deathstar_ms-60061.output to deathstar_ms-60061.output
tar: removing leading '/' from member names
Debug: Checking Namespace=default, Pod=ms-6323-974659fcd-x5lw2 for Target File=deathstar_*.output
Namespace: default, Pod: ms-6323-974659fcd-x5lw2 has the target files.
Copying deathstar_ms-6323.output to deathstar_ms-6323.output
tar: removing leading '/' from member names
Debug: Checking Namespace=default, Pod=ms-65741-65f588bcdf-f2wgx for Target File=deathstar_*.output
Namespace: default, Pod: ms-65741-65f588bcdf-f2wgx has the target files.
Copying deathstar_ms-65741.output to deathstar_ms-65741.output
tar: removing leading '/' from member names
Debug: Checking Namespace=default, Pod=ms-66473-79c66f8bff-4kr2j for Target File=deathstar_*.output
Namespace: default, Pod: ms-66473-79c66f8bff-4kr2j has the target files.
Copying deathstar_ms-66473.output to deathstar_ms-66473.output
tar: removing leading '/' from member names
Debug: Checking Namespace=default, Pod=ms-69188-65c548d4cb-8mc6b for Target File=deathstar_*.output
Namespace: default, Pod: ms-69188-65c548d4cb-8mc6b has the target files.
Copying deathstar_ms-69188.output to deathstar_ms-69188.output
tar: removing leading '/' from member names
Debug: Checking Namespace=default, Pod=ms-69614-794bd8475-5vzcv for Target File=deathstar_*.output
Namespace: default, Pod: ms-69614-794bd8475-5vzcv has the target files.
Copying deathstar_ms-69614.output to deathstar_ms-69614.output
tar: removing leading '/' from member names
Debug: Checking Namespace=default, Pod=ms-9081-567985788-lwtdq for Target File=deathstar_*.output
Namespace: default, Pod: ms-9081-567985788-lwtdq has the target files.
Copying deathstar_ms-9081.output to deathstar_ms-9081.output
tar: removing leading '/' from member names
Debug: Checking Namespace=default, Pod=nginx-web-server-56557f7cb7-krzlk for Target File=deathstar_*.output
Namespace: default, Pod: nginx-web-server-56557f7cb7-krzlk has the target files.
Copying deathstar_nginx-web-server.output to deathstar_nginx-web-server.output
tar: removing leading '/' from member names
Debug: Checking Namespace=default, Pod=unknown-6ddf9bd4b5-qp7mz for Target File=deathstar_*.output
Namespace: default, Pod: unknown-6ddf9bd4b5-qp7mz has the target files.
Copying deathstar_unknown.output to deathstar_unknown.output
tar: removing leading '/' from member names
