Deployments: ms-11070
ms-11285
ms-11512
ms-1278
ms-13873
ms-19953
ms-21883
ms-25124
ms-27421
ms-2827
ms-33719
ms-37691
ms-43309
ms-4354
ms-46825
ms-60236
ms-71771
ms-8052
ms-902
nginx-web-server
deployment "ms-11070" successfully rolled out
deployment "ms-11285" successfully rolled out
deployment "ms-11512" successfully rolled out
deployment "ms-1278" successfully rolled out
deployment "ms-13873" successfully rolled out
deployment "ms-19953" successfully rolled out
deployment "ms-21883" successfully rolled out
deployment "ms-25124" successfully rolled out
deployment "ms-27421" successfully rolled out
deployment "ms-2827" successfully rolled out
deployment "ms-33719" successfully rolled out
deployment "ms-37691" successfully rolled out
deployment "ms-43309" successfully rolled out
deployment "ms-4354" successfully rolled out
deployment "ms-46825" successfully rolled out
deployment "ms-60236" successfully rolled out
deployment "ms-71771" successfully rolled out
deployment "ms-8052" successfully rolled out
deployment "ms-902" successfully rolled out
deployment "nginx-web-server" successfully rolled out
ENTRY_POINT: nginx-web-server
SERVICE_A_URL: 10.104.185.4:50051
Capacity: 10000
Metadata: request-id={{.RequestNumber}}
Metadata: timestamp={{.TimestampUnix}}
Metadata: method=S_102000854
Charon Configurations:
[{INTERCEPT charon} {PRICE_UPDATE_RATE 16761us} {TOKEN_UPDATE_RATE 21284us} {LATENCY_THRESHOLD 6922us} {PRICE_STEP 26} {PRICE_STRATEGY proportional} {LAZY_UPDATE true} {RATE_LIMITING true} {LOAD_SHEDDING true} {CHARON_TRACK_PRICE false} {BREAKWATER_SLO 12500us} {BREAKWATER_A 0.001} {BREAKWATER_B 0.02} {BREAKWATER_CLIENT_EXPIRATION 10ms} {BREAKWATER_INITIAL_CREDIT 400} {BREAKWATER_LOAD_SHEDDING true} {BREAKWATER_RTT 1000us} {BREAKWATERD_SLO 12500us} {BREAKWATERD_A 0.001} {BREAKWATERD_B 0.02} {BREAKWATERD_CLIENT_EXPIRATION 10ms} {BREAKWATERD_INITIAL_CREDIT 400} {BREAKWATERD_LOAD_SHEDDING true} {BREAKWATERD_RTT 1000us} {DAGOR_QUEUING_THRESHOLD 2ms} {DAGOR_ALPHA 0.05} {DAGOR_BETA 0.01} {DAGOR_ADMISSION_LEVEL_UPDATE_INTERVAL 10ms} {DAGOR_UMAX 20}]

Summary:
  Count:	86341
  Total:	14.80 s
  Slowest:	883.02 ms
  Fastest:	38.92 ms
  Average:	92.21 ms
  Requests/sec:	5832.16

Response time histogram:
  38.923  [1]     |
  123.333 [72285] |∎∎∎∎∎∎∎∎∎∎∎∎∎∎∎∎∎∎∎∎∎∎∎∎∎∎∎∎∎∎∎∎∎∎∎∎∎∎∎∎
  207.743 [4073]  |∎∎
  292.153 [1457]  |∎
  376.564 [754]   |
  460.974 [1324]  |∎
  545.384 [1807]  |∎
  629.794 [371]   |
  714.204 [20]    |
  798.615 [72]    |
  883.025 [68]    |

Latency distribution:
  10 % in 41.50 ms 
  25 % in 49.77 ms 
  50 % in 68.49 ms 
  75 % in 90.58 ms 
  90 % in 143.69 ms 
  95 % in 326.09 ms 
  99 % in 522.40 ms 

Status code distribution:
  [OK]                  82232 responses   
  [ResourceExhausted]   3878 responses    
  [Canceled]            231 responses     

Error distribution:
  [2749]   rpc error: code = ResourceExhausted desc = S_102000854 req dropped by nginx-web-server. Try again later.   
  [548]    rpc error: code = ResourceExhausted desc = S_102000854 req dropped by ms-13873. Try again later.           
  [1]      rpc error: code = ResourceExhausted desc = S_102000854 req dropped by ms-71771. Try again later.           
  [379]    rpc error: code = ResourceExhausted desc = S_102000854 req dropped by ms-60236. Try again later.           
  [201]    rpc error: code = ResourceExhausted desc = S_102000854 req dropped by ms-25124. Try again later.           
  [231]    rpc error: code = Canceled desc = grpc: the client connection is closing                                   

Debug: Checking Namespace=default, Pod=ms-11070-7868c54f44-4qmnc for Target File=deathstar_*.output
Namespace: default, Pod: ms-11070-7868c54f44-4qmnc has the target files.
Copying deathstar_ms-11070.output to deathstar_ms-11070.output
tar: removing leading '/' from member names
Debug: Checking Namespace=default, Pod=ms-11285-67d597dc77-42vnp for Target File=deathstar_*.output
Namespace: default, Pod: ms-11285-67d597dc77-42vnp has the target files.
Copying deathstar_ms-11285.output to deathstar_ms-11285.output
tar: removing leading '/' from member names
Debug: Checking Namespace=default, Pod=ms-11512-75f8ddc45b-rkkhc for Target File=deathstar_*.output
Namespace: default, Pod: ms-11512-75f8ddc45b-rkkhc has the target files.
Copying deathstar_ms-11512.output to deathstar_ms-11512.output
tar: removing leading '/' from member names
Debug: Checking Namespace=default, Pod=ms-1278-85766ff6b8-9844w for Target File=deathstar_*.output
Namespace: default, Pod: ms-1278-85766ff6b8-9844w has the target files.
Copying deathstar_ms-1278.output to deathstar_ms-1278.output
tar: removing leading '/' from member names
Debug: Checking Namespace=default, Pod=ms-13873-85d7bb7b97-wtt5l for Target File=deathstar_*.output
Namespace: default, Pod: ms-13873-85d7bb7b97-wtt5l has the target files.
Copying deathstar_ms-13873.output to deathstar_ms-13873.output
tar: removing leading '/' from member names
Debug: Checking Namespace=default, Pod=ms-19953-68cc8998c5-pbfdr for Target File=deathstar_*.output
Namespace: default, Pod: ms-19953-68cc8998c5-pbfdr has the target files.
Copying deathstar_ms-19953.output to deathstar_ms-19953.output
tar: removing leading '/' from member names
Debug: Checking Namespace=default, Pod=ms-21883-f6c88c6d4-m9zvf for Target File=deathstar_*.output
Namespace: default, Pod: ms-21883-f6c88c6d4-m9zvf has the target files.
Copying deathstar_ms-21883.output to deathstar_ms-21883.output
tar: removing leading '/' from member names
Debug: Checking Namespace=default, Pod=ms-25124-77bd4446f5-s5js6 for Target File=deathstar_*.output
Namespace: default, Pod: ms-25124-77bd4446f5-s5js6 has the target files.
Copying deathstar_ms-25124.output to deathstar_ms-25124.output
tar: removing leading '/' from member names
Debug: Checking Namespace=default, Pod=ms-27421-8565974486-hwn9s for Target File=deathstar_*.output
Namespace: default, Pod: ms-27421-8565974486-hwn9s has the target files.
Copying deathstar_ms-27421.output to deathstar_ms-27421.output
tar: removing leading '/' from member names
Debug: Checking Namespace=default, Pod=ms-2827-5dcc6df4f4-p7cfd for Target File=deathstar_*.output
Namespace: default, Pod: ms-2827-5dcc6df4f4-p7cfd has the target files.
Copying deathstar_ms-2827.output to deathstar_ms-2827.output
tar: removing leading '/' from member names
Debug: Checking Namespace=default, Pod=ms-33719-6c455cf54c-hdb2d for Target File=deathstar_*.output
Namespace: default, Pod: ms-33719-6c455cf54c-hdb2d has the target files.
Copying deathstar_ms-33719.output to deathstar_ms-33719.output
tar: removing leading '/' from member names
Debug: Checking Namespace=default, Pod=ms-37691-b9bc44798-sx69g for Target File=deathstar_*.output
Namespace: default, Pod: ms-37691-b9bc44798-sx69g has the target files.
Copying deathstar_ms-37691.output to deathstar_ms-37691.output
tar: removing leading '/' from member names
Debug: Checking Namespace=default, Pod=ms-43309-54f758d465-gnwgj for Target File=deathstar_*.output
Namespace: default, Pod: ms-43309-54f758d465-gnwgj has the target files.
Copying deathstar_ms-43309.output to deathstar_ms-43309.output
tar: removing leading '/' from member names
Debug: Checking Namespace=default, Pod=ms-4354-669cfcbdf6-nnh4v for Target File=deathstar_*.output
Namespace: default, Pod: ms-4354-669cfcbdf6-nnh4v has the target files.
Copying deathstar_ms-4354.output to deathstar_ms-4354.output
tar: removing leading '/' from member names
Debug: Checking Namespace=default, Pod=ms-46825-58c684559d-fzwqq for Target File=deathstar_*.output
Namespace: default, Pod: ms-46825-58c684559d-fzwqq has the target files.
Copying deathstar_ms-46825.output to deathstar_ms-46825.output
tar: removing leading '/' from member names
Debug: Checking Namespace=default, Pod=ms-60236-64866cf49-g69qf for Target File=deathstar_*.output
Namespace: default, Pod: ms-60236-64866cf49-g69qf has the target files.
Copying deathstar_ms-60236.output to deathstar_ms-60236.output
tar: removing leading '/' from member names
Debug: Checking Namespace=default, Pod=ms-71771-567ddbdd95-t89t5 for Target File=deathstar_*.output
Namespace: default, Pod: ms-71771-567ddbdd95-t89t5 has the target files.
Copying deathstar_ms-71771.output to deathstar_ms-71771.output
tar: removing leading '/' from member names
Debug: Checking Namespace=default, Pod=ms-8052-b995968dc-x7dbf for Target File=deathstar_*.output
Namespace: default, Pod: ms-8052-b995968dc-x7dbf has the target files.
Copying deathstar_ms-8052.output to deathstar_ms-8052.output
tar: removing leading '/' from member names
Debug: Checking Namespace=default, Pod=ms-902-5744544f85-5hxh2 for Target File=deathstar_*.output
Namespace: default, Pod: ms-902-5744544f85-5hxh2 has the target files.
Copying deathstar_ms-902.output to deathstar_ms-902.output
tar: removing leading '/' from member names
Debug: Checking Namespace=default, Pod=nginx-web-server-56557f7cb7-m2g9j for Target File=deathstar_*.output
Namespace: default, Pod: nginx-web-server-56557f7cb7-m2g9j has the target files.
Copying deathstar_nginx-web-server.output to deathstar_nginx-web-server.output
tar: removing leading '/' from member names
