Deployments: ms-11070
ms-11285
ms-11512
ms-1278
ms-13873
ms-19953
ms-21883
ms-25124
ms-27421
ms-2827
ms-33719
ms-37691
ms-43309
ms-4354
ms-46825
ms-60236
ms-71771
ms-8052
ms-902
nginx-web-server
deployment "ms-11070" successfully rolled out
deployment "ms-11285" successfully rolled out
deployment "ms-11512" successfully rolled out
deployment "ms-1278" successfully rolled out
deployment "ms-13873" successfully rolled out
deployment "ms-19953" successfully rolled out
deployment "ms-21883" successfully rolled out
deployment "ms-25124" successfully rolled out
deployment "ms-27421" successfully rolled out
deployment "ms-2827" successfully rolled out
deployment "ms-33719" successfully rolled out
deployment "ms-37691" successfully rolled out
deployment "ms-43309" successfully rolled out
deployment "ms-4354" successfully rolled out
deployment "ms-46825" successfully rolled out
deployment "ms-60236" successfully rolled out
deployment "ms-71771" successfully rolled out
deployment "ms-8052" successfully rolled out
deployment "ms-902" successfully rolled out
deployment "nginx-web-server" successfully rolled out
ENTRY_POINT: nginx-web-server
SERVICE_A_URL: 10.103.127.236:50051
Capacity: 10000
Metadata: request-id={{.RequestNumber}}
Metadata: timestamp={{.TimestampUnix}}
Metadata: method=S_102000854
Charon Configurations:
[{INTERCEPT breakwaterd} {PRICE_UPDATE_RATE 10ms} {TOKEN_UPDATE_RATE 10ms} {LATENCY_THRESHOLD 100us} {PRICE_STEP 0} {PRICE_STRATEGY step} {LAZY_UPDATE false} {RATE_LIMITING true} {LOAD_SHEDDING true} {CHARON_TRACK_PRICE false} {BREAKWATER_SLO 50000us} {BREAKWATER_A 0.0} {BREAKWATER_B 0.0} {BREAKWATER_CLIENT_EXPIRATION 5000us} {BREAKWATER_INITIAL_CREDIT 400} {BREAKWATER_LOAD_SHEDDING true} {BREAKWATER_RTT 20000us} {BREAKWATERD_SLO 48987us} {BREAKWATERD_A 10.0} {BREAKWATERD_B 10.0} {BREAKWATERD_CLIENT_EXPIRATION 10000us} {BREAKWATERD_INITIAL_CREDIT 5000} {BREAKWATERD_LOAD_SHEDDING true} {BREAKWATERD_RTT 1000us} {DAGOR_QUEUING_THRESHOLD 2ms} {DAGOR_ALPHA 0.05} {DAGOR_BETA 0.01} {DAGOR_ADMISSION_LEVEL_UPDATE_INTERVAL 10ms} {DAGOR_UMAX 20}]

Summary:
  Count:	54983
  Total:	25.00 s
  Slowest:	881.86 ms
  Fastest:	39.05 ms
  Average:	65.73 ms
  Requests/sec:	2199.28

Response time histogram:
  39.046  [1]     |
  123.328 [51486] |∎∎∎∎∎∎∎∎∎∎∎∎∎∎∎∎∎∎∎∎∎∎∎∎∎∎∎∎∎∎∎∎∎∎∎∎∎∎∎∎
  207.610 [2703]  |∎∎
  291.891 [15]    |
  376.173 [0]     |
  460.455 [0]     |
  544.737 [0]     |
  629.019 [0]     |
  713.301 [0]     |
  797.583 [29]    |
  881.865 [62]    |

Latency distribution:
  10 % in 41.57 ms 
  25 % in 43.82 ms 
  50 % in 50.54 ms 
  75 % in 78.34 ms 
  90 % in 105.81 ms 
  95 % in 124.46 ms 
  99 % in 176.47 ms 

Status code distribution:
  [OK]                  54296 responses   
  [ResourceExhausted]   653 responses     
  [Canceled]            34 responses      

Error distribution:
  [43]    rpc error: code = ResourceExhausted desc = Client id 01f2825a-acad-4dc5-99d1-e8bd85982928 request expired in queue.   
  [1]     rpc error: code = ResourceExhausted desc = Client id c83ab143-da51-4932-8b28-dbd37ee8aecf request expired in queue.   
  [187]   rpc error: code = ResourceExhausted desc = Client id 8e0178dc-ce02-4a34-b1ab-4b9b010ca41b request expired in queue.   
  [85]    rpc error: code = ResourceExhausted desc = Client id e10e3bf7-b17c-4a99-9491-84adfb1feac8 request expired in queue.   
  [178]   rpc error: code = ResourceExhausted desc = Client id 87bf0c12-84df-4181-bb20-c43e17411511 request expired in queue.   
  [27]    rpc error: code = ResourceExhausted desc = Client id 84eaa383-8bd0-4c8c-8a65-2cb8286503b0 request expired in queue.   
  [1]     rpc error: code = ResourceExhausted desc = Client id 365731ce-7974-4499-b448-224c292302d7 request expired in queue.   
  [34]    rpc error: code = Canceled desc = grpc: the client connection is closing                                              
  [10]    rpc error: code = ResourceExhausted desc = Client id e468cf47-7fb9-44c1-af3e-18bf542a2c4f request expired in queue.   
  [1]     rpc error: code = ResourceExhausted desc = Client id cfb5e2f6-95c1-4b53-ac0e-dbebf37662b8 request expired in queue.   
  [26]    rpc error: code = ResourceExhausted desc = Client id f284848f-cc77-4d38-9d1c-7fab57397ca8 request expired in queue.   
  [94]    rpc error: code = ResourceExhausted desc = Client id b43f727f-af45-4e58-9e2f-6c2f3cf5d1d5 request expired in queue.   

Debug: Checking Namespace=default, Pod=ms-11070-7868c54f44-4lrk2 for Target File=deathstar_*.output
Namespace: default, Pod: ms-11070-7868c54f44-4lrk2 has the target files.
Copying deathstar_ms-11070.output to deathstar_ms-11070.output
tar: removing leading '/' from member names
Debug: Checking Namespace=default, Pod=ms-11285-67d597dc77-nkr25 for Target File=deathstar_*.output
Namespace: default, Pod: ms-11285-67d597dc77-nkr25 has the target files.
Copying deathstar_ms-11285.output to deathstar_ms-11285.output
tar: removing leading '/' from member names
Debug: Checking Namespace=default, Pod=ms-11512-75f8ddc45b-8j2cs for Target File=deathstar_*.output
Namespace: default, Pod: ms-11512-75f8ddc45b-8j2cs has the target files.
Copying deathstar_ms-11512.output to deathstar_ms-11512.output
tar: removing leading '/' from member names
Debug: Checking Namespace=default, Pod=ms-1278-85766ff6b8-ctp9z for Target File=deathstar_*.output
Namespace: default, Pod: ms-1278-85766ff6b8-ctp9z has the target files.
Copying deathstar_ms-1278.output to deathstar_ms-1278.output
tar: removing leading '/' from member names
Debug: Checking Namespace=default, Pod=ms-13873-85d7bb7b97-6cvmk for Target File=deathstar_*.output
Namespace: default, Pod: ms-13873-85d7bb7b97-6cvmk has the target files.
Copying deathstar_ms-13873.output to deathstar_ms-13873.output
tar: removing leading '/' from member names
Debug: Checking Namespace=default, Pod=ms-19953-68cc8998c5-fb8dp for Target File=deathstar_*.output
Namespace: default, Pod: ms-19953-68cc8998c5-fb8dp has the target files.
Copying deathstar_ms-19953.output to deathstar_ms-19953.output
tar: removing leading '/' from member names
Debug: Checking Namespace=default, Pod=ms-21883-f6c88c6d4-8r2c8 for Target File=deathstar_*.output
Namespace: default, Pod: ms-21883-f6c88c6d4-8r2c8 has the target files.
Copying deathstar_ms-21883.output to deathstar_ms-21883.output
tar: removing leading '/' from member names
Debug: Checking Namespace=default, Pod=ms-25124-77bd4446f5-gbw4j for Target File=deathstar_*.output
Namespace: default, Pod: ms-25124-77bd4446f5-gbw4j has the target files.
Copying deathstar_ms-25124.output to deathstar_ms-25124.output
tar: removing leading '/' from member names
Debug: Checking Namespace=default, Pod=ms-27421-8565974486-hxhdd for Target File=deathstar_*.output
Namespace: default, Pod: ms-27421-8565974486-hxhdd has the target files.
Copying deathstar_ms-27421.output to deathstar_ms-27421.output
tar: removing leading '/' from member names
Debug: Checking Namespace=default, Pod=ms-2827-5dcc6df4f4-4k7f5 for Target File=deathstar_*.output
Namespace: default, Pod: ms-2827-5dcc6df4f4-4k7f5 has the target files.
Copying deathstar_ms-2827.output to deathstar_ms-2827.output
tar: removing leading '/' from member names
Debug: Checking Namespace=default, Pod=ms-33719-6c455cf54c-tgkxl for Target File=deathstar_*.output
Namespace: default, Pod: ms-33719-6c455cf54c-tgkxl has the target files.
Copying deathstar_ms-33719.output to deathstar_ms-33719.output
tar: removing leading '/' from member names
Debug: Checking Namespace=default, Pod=ms-37691-b9bc44798-7m4rk for Target File=deathstar_*.output
Namespace: default, Pod: ms-37691-b9bc44798-7m4rk has the target files.
Copying deathstar_ms-37691.output to deathstar_ms-37691.output
tar: removing leading '/' from member names
Debug: Checking Namespace=default, Pod=ms-43309-54f758d465-88cvm for Target File=deathstar_*.output
Namespace: default, Pod: ms-43309-54f758d465-88cvm has the target files.
Copying deathstar_ms-43309.output to deathstar_ms-43309.output
tar: removing leading '/' from member names
Debug: Checking Namespace=default, Pod=ms-4354-669cfcbdf6-7xlzl for Target File=deathstar_*.output
Namespace: default, Pod: ms-4354-669cfcbdf6-7xlzl has the target files.
Copying deathstar_ms-4354.output to deathstar_ms-4354.output
tar: removing leading '/' from member names
Debug: Checking Namespace=default, Pod=ms-46825-58c684559d-22qgx for Target File=deathstar_*.output
Namespace: default, Pod: ms-46825-58c684559d-22qgx has the target files.
Copying deathstar_ms-46825.output to deathstar_ms-46825.output
tar: removing leading '/' from member names
Debug: Checking Namespace=default, Pod=ms-60236-64866cf49-cwthl for Target File=deathstar_*.output
Namespace: default, Pod: ms-60236-64866cf49-cwthl has the target files.
Copying deathstar_ms-60236.output to deathstar_ms-60236.output
tar: removing leading '/' from member names
Debug: Checking Namespace=default, Pod=ms-71771-567ddbdd95-q26jc for Target File=deathstar_*.output
Namespace: default, Pod: ms-71771-567ddbdd95-q26jc has the target files.
Copying deathstar_ms-71771.output to deathstar_ms-71771.output
tar: removing leading '/' from member names
Debug: Checking Namespace=default, Pod=ms-8052-b995968dc-mgk4j for Target File=deathstar_*.output
Namespace: default, Pod: ms-8052-b995968dc-mgk4j has the target files.
Copying deathstar_ms-8052.output to deathstar_ms-8052.output
tar: removing leading '/' from member names
Debug: Checking Namespace=default, Pod=ms-902-5744544f85-t8b7h for Target File=deathstar_*.output
Namespace: default, Pod: ms-902-5744544f85-t8b7h has the target files.
Copying deathstar_ms-902.output to deathstar_ms-902.output
tar: removing leading '/' from member names
Debug: Checking Namespace=default, Pod=nginx-web-server-56557f7cb7-c2xlm for Target File=deathstar_*.output
Namespace: default, Pod: nginx-web-server-56557f7cb7-c2xlm has the target files.
Copying deathstar_nginx-web-server.output to deathstar_nginx-web-server.output
tar: removing leading '/' from member names
