Deployments: ms-11070
ms-11285
ms-11512
ms-1278
ms-13873
ms-19953
ms-21883
ms-25124
ms-27421
ms-2827
ms-33719
ms-37691
ms-43309
ms-4354
ms-46825
ms-60236
ms-71771
ms-8052
ms-902
nginx-web-server
deployment "ms-11070" successfully rolled out
deployment "ms-11285" successfully rolled out
deployment "ms-11512" successfully rolled out
deployment "ms-1278" successfully rolled out
deployment "ms-13873" successfully rolled out
deployment "ms-19953" successfully rolled out
deployment "ms-21883" successfully rolled out
deployment "ms-25124" successfully rolled out
deployment "ms-27421" successfully rolled out
deployment "ms-2827" successfully rolled out
deployment "ms-33719" successfully rolled out
deployment "ms-37691" successfully rolled out
deployment "ms-43309" successfully rolled out
deployment "ms-4354" successfully rolled out
deployment "ms-46825" successfully rolled out
deployment "ms-60236" successfully rolled out
deployment "ms-71771" successfully rolled out
deployment "ms-8052" successfully rolled out
deployment "ms-902" successfully rolled out
deployment "nginx-web-server" successfully rolled out
ENTRY_POINT: nginx-web-server
SERVICE_A_URL: 10.108.199.93:50051
Capacity: 10000
Metadata: request-id={{.RequestNumber}}
Metadata: timestamp={{.TimestampUnix}}
Metadata: method=S_102000854
Charon Configurations:
[{INTERCEPT charon} {PRICE_UPDATE_RATE 6233us} {TOKEN_UPDATE_RATE 5004us} {LATENCY_THRESHOLD 7488us} {PRICE_STEP 10} {PRICE_STRATEGY proportional} {LAZY_UPDATE true} {RATE_LIMITING true} {LOAD_SHEDDING true} {CHARON_TRACK_PRICE false} {BREAKWATER_SLO 12500us} {BREAKWATER_A 0.001} {BREAKWATER_B 0.02} {BREAKWATER_CLIENT_EXPIRATION 10ms} {BREAKWATER_INITIAL_CREDIT 400} {BREAKWATER_LOAD_SHEDDING true} {BREAKWATER_RTT 1000us} {BREAKWATERD_SLO 12500us} {BREAKWATERD_A 0.001} {BREAKWATERD_B 0.02} {BREAKWATERD_CLIENT_EXPIRATION 10ms} {BREAKWATERD_INITIAL_CREDIT 400} {BREAKWATERD_LOAD_SHEDDING true} {BREAKWATERD_RTT 1000us} {DAGOR_QUEUING_THRESHOLD 2ms} {DAGOR_ALPHA 0.05} {DAGOR_BETA 0.01} {DAGOR_ADMISSION_LEVEL_UPDATE_INTERVAL 10ms} {DAGOR_UMAX 20}]

Summary:
  Count:	100584
  Total:	14.80 s
  Slowest:	867.47 ms
  Fastest:	38.91 ms
  Average:	184.28 ms
  Requests/sec:	6795.61

Response time histogram:
  38.908  [1]     |
  121.764 [40337] |∎∎∎∎∎∎∎∎∎∎∎∎∎∎∎∎∎∎∎∎∎∎∎∎∎∎∎∎∎∎∎∎∎∎∎∎∎∎∎∎
  204.621 [27053] |∎∎∎∎∎∎∎∎∎∎∎∎∎∎∎∎∎∎∎∎∎∎∎∎∎∎∎
  287.477 [9863]  |∎∎∎∎∎∎∎∎∎∎
  370.333 [4696]  |∎∎∎∎∎
  453.189 [3506]  |∎∎∎
  536.046 [5311]  |∎∎∎∎∎
  618.902 [3269]  |∎∎∎
  701.758 [1414]  |∎
  784.614 [189]   |
  867.471 [31]    |

Latency distribution:
  10 % in 42.49 ms 
  25 % in 92.03 ms 
  50 % in 137.43 ms 
  75 % in 237.19 ms 
  90 % in 462.38 ms 
  95 % in 538.15 ms 
  99 % in 643.56 ms 

Status code distribution:
  [ResourceExhausted]   3725 responses    
  [Canceled]            1189 responses    
  [OK]                  95670 responses   

Error distribution:
  [505]    rpc error: code = ResourceExhausted desc = S_102000854 req dropped by ms-13873. Try again later.           
  [1189]   rpc error: code = Canceled desc = grpc: the client connection is closing                                   
  [232]    rpc error: code = ResourceExhausted desc = S_102000854 req dropped by ms-25124. Try again later.           
  [222]    rpc error: code = ResourceExhausted desc = S_102000854 req dropped by ms-60236. Try again later.           
  [2766]   rpc error: code = ResourceExhausted desc = S_102000854 req dropped by nginx-web-server. Try again later.   

Debug: Checking Namespace=default, Pod=ms-11070-7868c54f44-d7zfg for Target File=deathstar_*.output
Namespace: default, Pod: ms-11070-7868c54f44-d7zfg has the target files.
Copying deathstar_ms-11070.output to deathstar_ms-11070.output
tar: removing leading '/' from member names
Debug: Checking Namespace=default, Pod=ms-11285-67d597dc77-6g52p for Target File=deathstar_*.output
Namespace: default, Pod: ms-11285-67d597dc77-6g52p has the target files.
Copying deathstar_ms-11285.output to deathstar_ms-11285.output
tar: removing leading '/' from member names
Debug: Checking Namespace=default, Pod=ms-11512-75f8ddc45b-8n4jj for Target File=deathstar_*.output
Namespace: default, Pod: ms-11512-75f8ddc45b-8n4jj has the target files.
Copying deathstar_ms-11512.output to deathstar_ms-11512.output
tar: removing leading '/' from member names
Debug: Checking Namespace=default, Pod=ms-1278-85766ff6b8-747cg for Target File=deathstar_*.output
Namespace: default, Pod: ms-1278-85766ff6b8-747cg has the target files.
Copying deathstar_ms-1278.output to deathstar_ms-1278.output
tar: removing leading '/' from member names
Debug: Checking Namespace=default, Pod=ms-13873-85d7bb7b97-7xgqk for Target File=deathstar_*.output
Namespace: default, Pod: ms-13873-85d7bb7b97-7xgqk has the target files.
Copying deathstar_ms-13873.output to deathstar_ms-13873.output
tar: removing leading '/' from member names
Debug: Checking Namespace=default, Pod=ms-19953-68cc8998c5-d6jl9 for Target File=deathstar_*.output
Namespace: default, Pod: ms-19953-68cc8998c5-d6jl9 has the target files.
Copying deathstar_ms-19953.output to deathstar_ms-19953.output
tar: removing leading '/' from member names
Debug: Checking Namespace=default, Pod=ms-21883-f6c88c6d4-rg6s9 for Target File=deathstar_*.output
Namespace: default, Pod: ms-21883-f6c88c6d4-rg6s9 has the target files.
Copying deathstar_ms-21883.output to deathstar_ms-21883.output
tar: removing leading '/' from member names
Debug: Checking Namespace=default, Pod=ms-25124-77bd4446f5-z6w9k for Target File=deathstar_*.output
Namespace: default, Pod: ms-25124-77bd4446f5-z6w9k has the target files.
Copying deathstar_ms-25124.output to deathstar_ms-25124.output
tar: removing leading '/' from member names
Debug: Checking Namespace=default, Pod=ms-27421-8565974486-5jfn5 for Target File=deathstar_*.output
Namespace: default, Pod: ms-27421-8565974486-5jfn5 has the target files.
Copying deathstar_ms-27421.output to deathstar_ms-27421.output
tar: removing leading '/' from member names
Debug: Checking Namespace=default, Pod=ms-2827-5dcc6df4f4-mzfdg for Target File=deathstar_*.output
Namespace: default, Pod: ms-2827-5dcc6df4f4-mzfdg has the target files.
Copying deathstar_ms-2827.output to deathstar_ms-2827.output
tar: removing leading '/' from member names
Debug: Checking Namespace=default, Pod=ms-33719-6c455cf54c-494hf for Target File=deathstar_*.output
Namespace: default, Pod: ms-33719-6c455cf54c-494hf has the target files.
Copying deathstar_ms-33719.output to deathstar_ms-33719.output
tar: removing leading '/' from member names
Debug: Checking Namespace=default, Pod=ms-37691-b9bc44798-wrmw2 for Target File=deathstar_*.output
Namespace: default, Pod: ms-37691-b9bc44798-wrmw2 has the target files.
Copying deathstar_ms-37691.output to deathstar_ms-37691.output
tar: removing leading '/' from member names
Debug: Checking Namespace=default, Pod=ms-43309-54f758d465-hbdcc for Target File=deathstar_*.output
Namespace: default, Pod: ms-43309-54f758d465-hbdcc has the target files.
Copying deathstar_ms-43309.output to deathstar_ms-43309.output
tar: removing leading '/' from member names
Debug: Checking Namespace=default, Pod=ms-4354-669cfcbdf6-bglpl for Target File=deathstar_*.output
Namespace: default, Pod: ms-4354-669cfcbdf6-bglpl has the target files.
Copying deathstar_ms-4354.output to deathstar_ms-4354.output
tar: removing leading '/' from member names
Debug: Checking Namespace=default, Pod=ms-46825-58c684559d-fdpw5 for Target File=deathstar_*.output
Namespace: default, Pod: ms-46825-58c684559d-fdpw5 has the target files.
Copying deathstar_ms-46825.output to deathstar_ms-46825.output
tar: removing leading '/' from member names
Debug: Checking Namespace=default, Pod=ms-60236-64866cf49-klkvh for Target File=deathstar_*.output
Namespace: default, Pod: ms-60236-64866cf49-klkvh has the target files.
Copying deathstar_ms-60236.output to deathstar_ms-60236.output
tar: removing leading '/' from member names
Debug: Checking Namespace=default, Pod=ms-71771-567ddbdd95-tqs4g for Target File=deathstar_*.output
Namespace: default, Pod: ms-71771-567ddbdd95-tqs4g has the target files.
Copying deathstar_ms-71771.output to deathstar_ms-71771.output
tar: removing leading '/' from member names
Debug: Checking Namespace=default, Pod=ms-8052-b995968dc-mtccj for Target File=deathstar_*.output
Namespace: default, Pod: ms-8052-b995968dc-mtccj has the target files.
Copying deathstar_ms-8052.output to deathstar_ms-8052.output
tar: removing leading '/' from member names
Debug: Checking Namespace=default, Pod=ms-902-5744544f85-56hd4 for Target File=deathstar_*.output
Namespace: default, Pod: ms-902-5744544f85-56hd4 has the target files.
Copying deathstar_ms-902.output to deathstar_ms-902.output
tar: removing leading '/' from member names
Debug: Checking Namespace=default, Pod=nginx-web-server-56557f7cb7-r4wkp for Target File=deathstar_*.output
Namespace: default, Pod: nginx-web-server-56557f7cb7-r4wkp has the target files.
Copying deathstar_nginx-web-server.output to deathstar_nginx-web-server.output
tar: removing leading '/' from member names
