Deployments: ms-11070
ms-11285
ms-11512
ms-1278
ms-13873
ms-19953
ms-21883
ms-25124
ms-27421
ms-2827
ms-33719
ms-37691
ms-43309
ms-4354
ms-46825
ms-60236
ms-71771
ms-8052
ms-902
nginx-web-server
deployment "ms-11070" successfully rolled out
deployment "ms-11285" successfully rolled out
deployment "ms-11512" successfully rolled out
deployment "ms-1278" successfully rolled out
deployment "ms-13873" successfully rolled out
deployment "ms-19953" successfully rolled out
deployment "ms-21883" successfully rolled out
deployment "ms-25124" successfully rolled out
deployment "ms-27421" successfully rolled out
deployment "ms-2827" successfully rolled out
deployment "ms-33719" successfully rolled out
deployment "ms-37691" successfully rolled out
deployment "ms-43309" successfully rolled out
deployment "ms-4354" successfully rolled out
deployment "ms-46825" successfully rolled out
deployment "ms-60236" successfully rolled out
deployment "ms-71771" successfully rolled out
deployment "ms-8052" successfully rolled out
deployment "ms-902" successfully rolled out
deployment "nginx-web-server" successfully rolled out
ENTRY_POINT: nginx-web-server
SERVICE_A_URL: 10.103.24.243:50051
Capacity: 10000
Metadata: method=S_102000854
Metadata: request-id={{.RequestNumber}}
Metadata: timestamp={{.TimestampUnix}}
Charon Configurations:
[{INTERCEPT charon} {PRICE_UPDATE_RATE 23396us} {TOKEN_UPDATE_RATE 18498us} {LATENCY_THRESHOLD 6792us} {PRICE_STEP 30} {PRICE_STRATEGY proportional} {LAZY_UPDATE true} {RATE_LIMITING true} {LOAD_SHEDDING true} {CHARON_TRACK_PRICE false} {BREAKWATER_SLO 12500us} {BREAKWATER_A 0.001} {BREAKWATER_B 0.02} {BREAKWATER_CLIENT_EXPIRATION 10ms} {BREAKWATER_INITIAL_CREDIT 400} {BREAKWATER_LOAD_SHEDDING true} {BREAKWATER_RTT 1000us} {BREAKWATERD_SLO 12500us} {BREAKWATERD_A 0.001} {BREAKWATERD_B 0.02} {BREAKWATERD_CLIENT_EXPIRATION 10ms} {BREAKWATERD_INITIAL_CREDIT 400} {BREAKWATERD_LOAD_SHEDDING true} {BREAKWATERD_RTT 1000us} {DAGOR_QUEUING_THRESHOLD 2ms} {DAGOR_ALPHA 0.05} {DAGOR_BETA 0.01} {DAGOR_ADMISSION_LEVEL_UPDATE_INTERVAL 10ms} {DAGOR_UMAX 20}]

Summary:
  Count:	89019
  Total:	14.78 s
  Slowest:	889.28 ms
  Fastest:	38.93 ms
  Average:	92.67 ms
  Requests/sec:	6021.83

Response time histogram:
  38.928  [1]     |
  123.964 [71907] |∎∎∎∎∎∎∎∎∎∎∎∎∎∎∎∎∎∎∎∎∎∎∎∎∎∎∎∎∎∎∎∎∎∎∎∎∎∎∎∎
  208.999 [4879]  |∎∎∎
  294.034 [3435]  |∎∎
  379.070 [3170]  |∎∎
  464.105 [1105]  |∎
  549.140 [229]   |
  634.176 [15]    |
  719.211 [8]     |
  804.246 [26]    |
  889.282 [9]     |

Latency distribution:
  10 % in 41.78 ms 
  25 % in 53.64 ms 
  50 % in 70.81 ms 
  75 % in 95.41 ms 
  90 % in 195.41 ms 
  95 % in 300.19 ms 
  99 % in 408.57 ms 

Status code distribution:
  [OK]                  84784 responses   
  [ResourceExhausted]   4021 responses    
  [Canceled]            214 responses     

Error distribution:
  [3128]   rpc error: code = ResourceExhausted desc = S_102000854 req dropped by nginx-web-server. Try again later.   
  [518]    rpc error: code = ResourceExhausted desc = S_102000854 req dropped by ms-13873. Try again later.           
  [177]    rpc error: code = ResourceExhausted desc = S_102000854 req dropped by ms-60236. Try again later.           
  [214]    rpc error: code = Canceled desc = grpc: the client connection is closing                                   
  [198]    rpc error: code = ResourceExhausted desc = S_102000854 req dropped by ms-25124. Try again later.           

Debug: Checking Namespace=default, Pod=ms-11070-7868c54f44-4k5lm for Target File=deathstar_*.output
Namespace: default, Pod: ms-11070-7868c54f44-4k5lm has the target files.
Copying deathstar_ms-11070.output to deathstar_ms-11070.output
tar: removing leading '/' from member names
Debug: Checking Namespace=default, Pod=ms-11285-67d597dc77-tsrns for Target File=deathstar_*.output
Namespace: default, Pod: ms-11285-67d597dc77-tsrns has the target files.
Copying deathstar_ms-11285.output to deathstar_ms-11285.output
tar: removing leading '/' from member names
Debug: Checking Namespace=default, Pod=ms-11512-75f8ddc45b-w6gx4 for Target File=deathstar_*.output
Namespace: default, Pod: ms-11512-75f8ddc45b-w6gx4 has the target files.
Copying deathstar_ms-11512.output to deathstar_ms-11512.output
tar: removing leading '/' from member names
Debug: Checking Namespace=default, Pod=ms-1278-85766ff6b8-6rlcc for Target File=deathstar_*.output
Namespace: default, Pod: ms-1278-85766ff6b8-6rlcc has the target files.
Copying deathstar_ms-1278.output to deathstar_ms-1278.output
tar: removing leading '/' from member names
Debug: Checking Namespace=default, Pod=ms-13873-85d7bb7b97-dmqll for Target File=deathstar_*.output
Namespace: default, Pod: ms-13873-85d7bb7b97-dmqll has the target files.
Copying deathstar_ms-13873.output to deathstar_ms-13873.output
tar: removing leading '/' from member names
Debug: Checking Namespace=default, Pod=ms-19953-68cc8998c5-8hzd9 for Target File=deathstar_*.output
Namespace: default, Pod: ms-19953-68cc8998c5-8hzd9 has the target files.
Copying deathstar_ms-19953.output to deathstar_ms-19953.output
tar: removing leading '/' from member names
Debug: Checking Namespace=default, Pod=ms-21883-f6c88c6d4-kqzvg for Target File=deathstar_*.output
Namespace: default, Pod: ms-21883-f6c88c6d4-kqzvg has the target files.
Copying deathstar_ms-21883.output to deathstar_ms-21883.output
tar: removing leading '/' from member names
Debug: Checking Namespace=default, Pod=ms-25124-77bd4446f5-cs95b for Target File=deathstar_*.output
Namespace: default, Pod: ms-25124-77bd4446f5-cs95b has the target files.
Copying deathstar_ms-25124.output to deathstar_ms-25124.output
tar: removing leading '/' from member names
Debug: Checking Namespace=default, Pod=ms-27421-8565974486-chtx6 for Target File=deathstar_*.output
Namespace: default, Pod: ms-27421-8565974486-chtx6 has the target files.
Copying deathstar_ms-27421.output to deathstar_ms-27421.output
tar: removing leading '/' from member names
Debug: Checking Namespace=default, Pod=ms-2827-5dcc6df4f4-r6mqf for Target File=deathstar_*.output
Namespace: default, Pod: ms-2827-5dcc6df4f4-r6mqf has the target files.
Copying deathstar_ms-2827.output to deathstar_ms-2827.output
tar: removing leading '/' from member names
Debug: Checking Namespace=default, Pod=ms-33719-6c455cf54c-c8cn9 for Target File=deathstar_*.output
Namespace: default, Pod: ms-33719-6c455cf54c-c8cn9 has the target files.
Copying deathstar_ms-33719.output to deathstar_ms-33719.output
tar: removing leading '/' from member names
Debug: Checking Namespace=default, Pod=ms-37691-b9bc44798-99shg for Target File=deathstar_*.output
Namespace: default, Pod: ms-37691-b9bc44798-99shg has the target files.
Copying deathstar_ms-37691.output to deathstar_ms-37691.output
tar: removing leading '/' from member names
Debug: Checking Namespace=default, Pod=ms-43309-54f758d465-qntln for Target File=deathstar_*.output
Namespace: default, Pod: ms-43309-54f758d465-qntln has the target files.
Copying deathstar_ms-43309.output to deathstar_ms-43309.output
tar: removing leading '/' from member names
Debug: Checking Namespace=default, Pod=ms-4354-669cfcbdf6-4225v for Target File=deathstar_*.output
Namespace: default, Pod: ms-4354-669cfcbdf6-4225v has the target files.
Copying deathstar_ms-4354.output to deathstar_ms-4354.output
tar: removing leading '/' from member names
Debug: Checking Namespace=default, Pod=ms-46825-58c684559d-qw486 for Target File=deathstar_*.output
Namespace: default, Pod: ms-46825-58c684559d-qw486 has the target files.
Copying deathstar_ms-46825.output to deathstar_ms-46825.output
tar: removing leading '/' from member names
Debug: Checking Namespace=default, Pod=ms-60236-64866cf49-6w4cg for Target File=deathstar_*.output
Namespace: default, Pod: ms-60236-64866cf49-6w4cg has the target files.
Copying deathstar_ms-60236.output to deathstar_ms-60236.output
Debug: Checking Namespace=default, Pod=ms-71771-567ddbdd95-lvg7d for Target File=deathstar_*.output
Namespace: default, Pod: ms-71771-567ddbdd95-lvg7d has the target files.
Copying deathstar_ms-71771.output to deathstar_ms-71771.output
tar: removing leading '/' from member names
Debug: Checking Namespace=default, Pod=ms-8052-b995968dc-v2c6l for Target File=deathstar_*.output
Namespace: default, Pod: ms-8052-b995968dc-v2c6l has the target files.
Copying deathstar_ms-8052.output to deathstar_ms-8052.output
tar: removing leading '/' from member names
Debug: Checking Namespace=default, Pod=ms-902-5744544f85-6t8h6 for Target File=deathstar_*.output
Namespace: default, Pod: ms-902-5744544f85-6t8h6 has the target files.
Copying deathstar_ms-902.output to deathstar_ms-902.output
tar: removing leading '/' from member names
Debug: Checking Namespace=default, Pod=nginx-web-server-56557f7cb7-zqqj8 for Target File=deathstar_*.output
Namespace: default, Pod: nginx-web-server-56557f7cb7-zqqj8 has the target files.
Copying deathstar_nginx-web-server.output to deathstar_nginx-web-server.output
tar: removing leading '/' from member names
