Deployments: ms-11070
ms-11285
ms-11512
ms-1278
ms-13873
ms-19953
ms-21883
ms-25124
ms-27421
ms-2827
ms-33719
ms-37691
ms-43309
ms-4354
ms-46825
ms-60236
ms-71771
ms-8052
ms-902
nginx-web-server
deployment "ms-11070" successfully rolled out
deployment "ms-11285" successfully rolled out
deployment "ms-11512" successfully rolled out
deployment "ms-1278" successfully rolled out
deployment "ms-13873" successfully rolled out
deployment "ms-19953" successfully rolled out
deployment "ms-21883" successfully rolled out
deployment "ms-25124" successfully rolled out
deployment "ms-27421" successfully rolled out
deployment "ms-2827" successfully rolled out
deployment "ms-33719" successfully rolled out
deployment "ms-37691" successfully rolled out
deployment "ms-43309" successfully rolled out
deployment "ms-4354" successfully rolled out
deployment "ms-46825" successfully rolled out
deployment "ms-60236" successfully rolled out
deployment "ms-71771" successfully rolled out
deployment "ms-8052" successfully rolled out
deployment "ms-902" successfully rolled out
deployment "nginx-web-server" successfully rolled out
ENTRY_POINT: nginx-web-server
SERVICE_A_URL: 10.96.200.219:50051
Capacity: 10000
Metadata: method=S_102000854
Metadata: request-id={{.RequestNumber}}
Metadata: timestamp={{.TimestampUnix}}
Charon Configurations:
[{INTERCEPT charon} {PRICE_UPDATE_RATE 5071us} {TOKEN_UPDATE_RATE 6744us} {LATENCY_THRESHOLD 4231us} {PRICE_STEP 88} {PRICE_STRATEGY proportional} {LAZY_UPDATE true} {RATE_LIMITING true} {LOAD_SHEDDING true} {CHARON_TRACK_PRICE false} {BREAKWATER_SLO 12500us} {BREAKWATER_A 0.001} {BREAKWATER_B 0.02} {BREAKWATER_CLIENT_EXPIRATION 10ms} {BREAKWATER_INITIAL_CREDIT 400} {BREAKWATER_LOAD_SHEDDING true} {BREAKWATER_RTT 1000us} {BREAKWATERD_SLO 12500us} {BREAKWATERD_A 0.001} {BREAKWATERD_B 0.02} {BREAKWATERD_CLIENT_EXPIRATION 10ms} {BREAKWATERD_INITIAL_CREDIT 400} {BREAKWATERD_LOAD_SHEDDING true} {BREAKWATERD_RTT 1000us} {DAGOR_QUEUING_THRESHOLD 2ms} {DAGOR_ALPHA 0.05} {DAGOR_BETA 0.01} {DAGOR_ADMISSION_LEVEL_UPDATE_INTERVAL 10ms} {DAGOR_UMAX 20}]

Summary:
  Count:	85508
  Total:	14.78 s
  Slowest:	843.58 ms
  Fastest:	38.91 ms
  Average:	73.09 ms
  Requests/sec:	5784.18

Response time histogram:
  38.911  [1]     |
  119.378 [72092] |∎∎∎∎∎∎∎∎∎∎∎∎∎∎∎∎∎∎∎∎∎∎∎∎∎∎∎∎∎∎∎∎∎∎∎∎∎∎∎∎
  199.845 [3919]  |∎∎
  280.312 [2908]  |∎∎
  360.779 [931]   |∎
  441.246 [177]   |
  521.712 [53]    |
  602.179 [3]     |
  682.646 [3]     |
  763.113 [29]    |
  843.580 [46]    |

Latency distribution:
  10 % in 41.52 ms 
  25 % in 50.11 ms 
  50 % in 62.13 ms 
  75 % in 76.86 ms 
  90 % in 119.98 ms 
  95 % in 203.82 ms 
  99 % in 303.61 ms 

Status code distribution:
  [Canceled]            184 responses     
  [OK]                  80162 responses   
  [ResourceExhausted]   5162 responses    

Error distribution:
  [1]      rpc error: code = ResourceExhausted desc = S_102000854 req dropped by ms-71771. Try again later.           
  [4146]   rpc error: code = ResourceExhausted desc = S_102000854 req dropped by nginx-web-server. Try again later.   
  [492]    rpc error: code = ResourceExhausted desc = S_102000854 req dropped by ms-13873. Try again later.           
  [184]    rpc error: code = Canceled desc = grpc: the client connection is closing                                   
  [266]    rpc error: code = ResourceExhausted desc = S_102000854 req dropped by ms-60236. Try again later.           
  [257]    rpc error: code = ResourceExhausted desc = S_102000854 req dropped by ms-25124. Try again later.           

Debug: Checking Namespace=default, Pod=ms-11070-7868c54f44-cfl7j for Target File=deathstar_*.output
Namespace: default, Pod: ms-11070-7868c54f44-cfl7j has the target files.
Copying deathstar_ms-11070.output to deathstar_ms-11070.output
tar: removing leading '/' from member names
Debug: Checking Namespace=default, Pod=ms-11285-67d597dc77-mstnw for Target File=deathstar_*.output
Namespace: default, Pod: ms-11285-67d597dc77-mstnw has the target files.
Copying deathstar_ms-11285.output to deathstar_ms-11285.output
tar: removing leading '/' from member names
Debug: Checking Namespace=default, Pod=ms-11512-75f8ddc45b-lcrn9 for Target File=deathstar_*.output
Namespace: default, Pod: ms-11512-75f8ddc45b-lcrn9 has the target files.
Copying deathstar_ms-11512.output to deathstar_ms-11512.output
tar: removing leading '/' from member names
Debug: Checking Namespace=default, Pod=ms-1278-85766ff6b8-94nhp for Target File=deathstar_*.output
Namespace: default, Pod: ms-1278-85766ff6b8-94nhp has the target files.
Copying deathstar_ms-1278.output to deathstar_ms-1278.output
tar: removing leading '/' from member names
Debug: Checking Namespace=default, Pod=ms-13873-85d7bb7b97-lsnc4 for Target File=deathstar_*.output
Namespace: default, Pod: ms-13873-85d7bb7b97-lsnc4 has the target files.
Copying deathstar_ms-13873.output to deathstar_ms-13873.output
tar: removing leading '/' from member names
Debug: Checking Namespace=default, Pod=ms-19953-68cc8998c5-4fngb for Target File=deathstar_*.output
Namespace: default, Pod: ms-19953-68cc8998c5-4fngb has the target files.
Copying deathstar_ms-19953.output to deathstar_ms-19953.output
tar: removing leading '/' from member names
Debug: Checking Namespace=default, Pod=ms-21883-f6c88c6d4-brq5r for Target File=deathstar_*.output
Namespace: default, Pod: ms-21883-f6c88c6d4-brq5r has the target files.
Copying deathstar_ms-21883.output to deathstar_ms-21883.output
tar: removing leading '/' from member names
Debug: Checking Namespace=default, Pod=ms-25124-77bd4446f5-d5pn9 for Target File=deathstar_*.output
Namespace: default, Pod: ms-25124-77bd4446f5-d5pn9 has the target files.
Copying deathstar_ms-25124.output to deathstar_ms-25124.output
tar: removing leading '/' from member names
Debug: Checking Namespace=default, Pod=ms-27421-8565974486-mmpr9 for Target File=deathstar_*.output
Namespace: default, Pod: ms-27421-8565974486-mmpr9 has the target files.
Copying deathstar_ms-27421.output to deathstar_ms-27421.output
tar: removing leading '/' from member names
Debug: Checking Namespace=default, Pod=ms-2827-5dcc6df4f4-44vz8 for Target File=deathstar_*.output
Namespace: default, Pod: ms-2827-5dcc6df4f4-44vz8 has the target files.
Copying deathstar_ms-2827.output to deathstar_ms-2827.output
tar: removing leading '/' from member names
Debug: Checking Namespace=default, Pod=ms-33719-6c455cf54c-8vjfj for Target File=deathstar_*.output
Namespace: default, Pod: ms-33719-6c455cf54c-8vjfj has the target files.
Copying deathstar_ms-33719.output to deathstar_ms-33719.output
tar: removing leading '/' from member names
Debug: Checking Namespace=default, Pod=ms-37691-b9bc44798-wgk7s for Target File=deathstar_*.output
Namespace: default, Pod: ms-37691-b9bc44798-wgk7s has the target files.
Copying deathstar_ms-37691.output to deathstar_ms-37691.output
tar: removing leading '/' from member names
Debug: Checking Namespace=default, Pod=ms-43309-54f758d465-825qn for Target File=deathstar_*.output
Namespace: default, Pod: ms-43309-54f758d465-825qn has the target files.
Copying deathstar_ms-43309.output to deathstar_ms-43309.output
tar: removing leading '/' from member names
Debug: Checking Namespace=default, Pod=ms-4354-669cfcbdf6-bw8wp for Target File=deathstar_*.output
Namespace: default, Pod: ms-4354-669cfcbdf6-bw8wp has the target files.
Copying deathstar_ms-4354.output to deathstar_ms-4354.output
tar: removing leading '/' from member names
Debug: Checking Namespace=default, Pod=ms-46825-58c684559d-gfkjs for Target File=deathstar_*.output
Namespace: default, Pod: ms-46825-58c684559d-gfkjs has the target files.
Copying deathstar_ms-46825.output to deathstar_ms-46825.output
tar: removing leading '/' from member names
Debug: Checking Namespace=default, Pod=ms-60236-64866cf49-4bqz7 for Target File=deathstar_*.output
Namespace: default, Pod: ms-60236-64866cf49-4bqz7 has the target files.
Copying deathstar_ms-60236.output to deathstar_ms-60236.output
tar: removing leading '/' from member names
Debug: Checking Namespace=default, Pod=ms-71771-567ddbdd95-hbk6z for Target File=deathstar_*.output
Namespace: default, Pod: ms-71771-567ddbdd95-hbk6z has the target files.
Copying deathstar_ms-71771.output to deathstar_ms-71771.output
tar: removing leading '/' from member names
Debug: Checking Namespace=default, Pod=ms-8052-b995968dc-nfpgt for Target File=deathstar_*.output
Namespace: default, Pod: ms-8052-b995968dc-nfpgt has the target files.
Copying deathstar_ms-8052.output to deathstar_ms-8052.output
tar: removing leading '/' from member names
Debug: Checking Namespace=default, Pod=ms-902-5744544f85-pxh88 for Target File=deathstar_*.output
Namespace: default, Pod: ms-902-5744544f85-pxh88 has the target files.
Copying deathstar_ms-902.output to deathstar_ms-902.output
tar: removing leading '/' from member names
Debug: Checking Namespace=default, Pod=nginx-web-server-56557f7cb7-zqphn for Target File=deathstar_*.output
Namespace: default, Pod: nginx-web-server-56557f7cb7-zqphn has the target files.
Copying deathstar_nginx-web-server.output to deathstar_nginx-web-server.output
tar: removing leading '/' from member names
