Deployments: ms-11070
ms-11285
ms-11512
ms-1278
ms-13873
ms-19953
ms-21883
ms-25124
ms-27421
ms-2827
ms-33719
ms-37691
ms-43309
ms-4354
ms-46825
ms-60236
ms-71771
ms-8052
ms-902
nginx-web-server
deployment "ms-11070" successfully rolled out
deployment "ms-11285" successfully rolled out
deployment "ms-11512" successfully rolled out
deployment "ms-1278" successfully rolled out
deployment "ms-13873" successfully rolled out
deployment "ms-19953" successfully rolled out
deployment "ms-21883" successfully rolled out
deployment "ms-25124" successfully rolled out
deployment "ms-27421" successfully rolled out
deployment "ms-2827" successfully rolled out
deployment "ms-33719" successfully rolled out
deployment "ms-37691" successfully rolled out
deployment "ms-43309" successfully rolled out
deployment "ms-4354" successfully rolled out
deployment "ms-46825" successfully rolled out
deployment "ms-60236" successfully rolled out
deployment "ms-71771" successfully rolled out
deployment "ms-8052" successfully rolled out
deployment "ms-902" successfully rolled out
deployment "nginx-web-server" successfully rolled out
ENTRY_POINT: nginx-web-server
SERVICE_A_URL: 10.98.254.228:50051
Capacity: 10000
Metadata: request-id={{.RequestNumber}}
Metadata: timestamp={{.TimestampUnix}}
Metadata: method=S_102000854
Charon Configurations:
[{INTERCEPT breakwaterd} {PRICE_UPDATE_RATE 10ms} {TOKEN_UPDATE_RATE 10ms} {LATENCY_THRESHOLD 100us} {PRICE_STEP 0} {PRICE_STRATEGY step} {LAZY_UPDATE false} {RATE_LIMITING true} {LOAD_SHEDDING true} {CHARON_TRACK_PRICE false} {BREAKWATER_SLO 50000us} {BREAKWATER_A 30.0} {BREAKWATER_B 10.0} {BREAKWATER_CLIENT_EXPIRATION 1us} {BREAKWATER_INITIAL_CREDIT 47} {BREAKWATER_LOAD_SHEDDING true} {BREAKWATER_RTT 0us} {BREAKWATERD_SLO 43944us} {BREAKWATERD_A 0.0} {BREAKWATERD_B 10.0} {BREAKWATERD_CLIENT_EXPIRATION 10000us} {BREAKWATERD_INITIAL_CREDIT 5000} {BREAKWATERD_LOAD_SHEDDING true} {BREAKWATERD_RTT 12060us} {DAGOR_QUEUING_THRESHOLD 2ms} {DAGOR_ALPHA 0.05} {DAGOR_BETA 0.01} {DAGOR_ADMISSION_LEVEL_UPDATE_INTERVAL 10ms} {DAGOR_UMAX 20}]

Summary:
  Count:	93763
  Total:	24.96 s
  Slowest:	864.73 ms
  Fastest:	39.16 ms
  Average:	793.14 ms
  Requests/sec:	3757.20

Response time histogram:
  39.156  [1]     |
  121.713 [12807] |∎∎∎∎∎∎∎∎∎∎∎∎∎∎∎∎∎∎∎∎∎∎∎∎∎∎∎∎∎∎∎∎∎∎∎∎∎∎∎∎
  204.271 [1044]  |∎∎∎
  286.828 [523]   |∎∎
  369.385 [64]    |
  451.942 [0]     |
  534.499 [7]     |
  617.056 [0]     |
  699.613 [0]     |
  782.170 [36]    |
  864.727 [105]   |

Latency distribution:
  10 % in 40.71 ms 
  25 % in 41.72 ms 
  50 % in 43.72 ms 
  75 % in 47.85 ms 
  90 % in 149.25 ms 
  95 % in 205.34 ms 
  99 % in 480.93 ms 

Status code distribution:
  [ResourceExhausted]   2762 responses    
  [OK]                  14587 responses   
  [DeadlineExceeded]    68695 responses   
  [Canceled]            7719 responses    

Error distribution:
  [295]     rpc error: code = ResourceExhausted desc = Client id 963f3f05-46d6-484b-aac0-3ba112158a3f request expired in queue.   
  [7719]    rpc error: code = Canceled desc = grpc: the client connection is closing                                              
  [396]     rpc error: code = ResourceExhausted desc = Client id e4fff24b-7ad4-424d-b803-293bc9bbebc9 request expired in queue.   
  [1]       rpc error: code = ResourceExhausted desc = Client id 95202548-b8d9-45b9-a54c-a3e1ba8985fe request expired in queue.   
  [1]       rpc error: code = ResourceExhausted desc = Client id 84bd00f9-3a79-479c-a02d-6dd24ea5ab97 request expired in queue.   
  [767]     rpc error: code = ResourceExhausted desc = Client id 30bf7d9c-11a9-4958-91d4-2e6e5a55aa03 request expired in queue.   
  [246]     rpc error: code = ResourceExhausted desc = Client id 8da6dd1b-3b64-4fed-99b3-da9fe718ba96 request expired in queue.   
  [96]      rpc error: code = ResourceExhausted desc = Client id 8b92692c-1047-4880-af0a-4b6f15f9d438 request expired in queue.   
  [99]      rpc error: code = ResourceExhausted desc = Client id 823cd972-7874-4156-9383-b02e8e714ad4 request expired in queue.   
  [68695]   rpc error: code = DeadlineExceeded desc = context deadline exceeded                                                   
  [446]     rpc error: code = ResourceExhausted desc = Client id f7634d50-a6d8-4302-821b-87bee8a01e77 request expired in queue.   
  [121]     rpc error: code = ResourceExhausted desc = Client id 81a6fef9-f341-448d-a455-e771ae0f8d41 request expired in queue.   
  [56]      rpc error: code = ResourceExhausted desc = Client id c48bb771-f937-4032-adc4-719039a9193d request expired in queue.   
  [101]     rpc error: code = ResourceExhausted desc = Client id 6797f79b-4981-4c5d-ba8c-8fcbc16e0199 request expired in queue.   
  [1]       rpc error: code = ResourceExhausted desc = Client id 49911423-7958-43bf-bb44-f33d030de899 request expired in queue.   
  [90]      rpc error: code = ResourceExhausted desc = Client id 940d1bc5-cdd6-4352-8c59-8c4dac59956b request expired in queue.   
  [37]      rpc error: code = ResourceExhausted desc = Client id 2b9d9bc5-4282-4370-8a1d-ba2b83618258 request expired in queue.   
  [9]       rpc error: code = ResourceExhausted desc = Client id 14276455-0bae-42ef-a64a-63ae7cdae893 request expired in queue.   

Debug: Checking Namespace=default, Pod=ms-11070-7868c54f44-4lfwb for Target File=deathstar_*.output
Namespace: default, Pod: ms-11070-7868c54f44-4lfwb has the target files.
Copying deathstar_ms-11070.output to deathstar_ms-11070.output
tar: removing leading '/' from member names
Debug: Checking Namespace=default, Pod=ms-11285-67d597dc77-l5dgr for Target File=deathstar_*.output
Namespace: default, Pod: ms-11285-67d597dc77-l5dgr has the target files.
Copying deathstar_ms-11285.output to deathstar_ms-11285.output
tar: removing leading '/' from member names
Debug: Checking Namespace=default, Pod=ms-11512-75f8ddc45b-5cl9b for Target File=deathstar_*.output
Namespace: default, Pod: ms-11512-75f8ddc45b-5cl9b has the target files.
Copying deathstar_ms-11512.output to deathstar_ms-11512.output
tar: removing leading '/' from member names
Debug: Checking Namespace=default, Pod=ms-1278-85766ff6b8-7kzr2 for Target File=deathstar_*.output
Namespace: default, Pod: ms-1278-85766ff6b8-7kzr2 has the target files.
Copying deathstar_ms-1278.output to deathstar_ms-1278.output
tar: removing leading '/' from member names
Debug: Checking Namespace=default, Pod=ms-13873-85d7bb7b97-dgnls for Target File=deathstar_*.output
Namespace: default, Pod: ms-13873-85d7bb7b97-dgnls has the target files.
Copying deathstar_ms-13873.output to deathstar_ms-13873.output
tar: removing leading '/' from member names
Debug: Checking Namespace=default, Pod=ms-19953-68cc8998c5-cpnw4 for Target File=deathstar_*.output
Namespace: default, Pod: ms-19953-68cc8998c5-cpnw4 has the target files.
Copying deathstar_ms-19953.output to deathstar_ms-19953.output
tar: removing leading '/' from member names
Debug: Checking Namespace=default, Pod=ms-21883-f6c88c6d4-glr6l for Target File=deathstar_*.output
Namespace: default, Pod: ms-21883-f6c88c6d4-glr6l has the target files.
Copying deathstar_ms-21883.output to deathstar_ms-21883.output
tar: removing leading '/' from member names
Debug: Checking Namespace=default, Pod=ms-25124-77bd4446f5-ljpxx for Target File=deathstar_*.output
Namespace: default, Pod: ms-25124-77bd4446f5-ljpxx has the target files.
Copying deathstar_ms-25124.output to deathstar_ms-25124.output
tar: removing leading '/' from member names
Debug: Checking Namespace=default, Pod=ms-27421-8565974486-v2mp5 for Target File=deathstar_*.output
Namespace: default, Pod: ms-27421-8565974486-v2mp5 has the target files.
Copying deathstar_ms-27421.output to deathstar_ms-27421.output
tar: removing leading '/' from member names
Debug: Checking Namespace=default, Pod=ms-2827-5dcc6df4f4-jsxws for Target File=deathstar_*.output
Namespace: default, Pod: ms-2827-5dcc6df4f4-jsxws has the target files.
Copying deathstar_ms-2827.output to deathstar_ms-2827.output
tar: removing leading '/' from member names
Debug: Checking Namespace=default, Pod=ms-33719-6c455cf54c-rw4n5 for Target File=deathstar_*.output
Namespace: default, Pod: ms-33719-6c455cf54c-rw4n5 has the target files.
Copying deathstar_ms-33719.output to deathstar_ms-33719.output
tar: removing leading '/' from member names
Debug: Checking Namespace=default, Pod=ms-37691-b9bc44798-s4fwx for Target File=deathstar_*.output
Namespace: default, Pod: ms-37691-b9bc44798-s4fwx has the target files.
Copying deathstar_ms-37691.output to deathstar_ms-37691.output
tar: removing leading '/' from member names
Debug: Checking Namespace=default, Pod=ms-43309-54f758d465-4l575 for Target File=deathstar_*.output
Namespace: default, Pod: ms-43309-54f758d465-4l575 has the target files.
Copying deathstar_ms-43309.output to deathstar_ms-43309.output
tar: removing leading '/' from member names
Debug: Checking Namespace=default, Pod=ms-4354-669cfcbdf6-dlz24 for Target File=deathstar_*.output
Namespace: default, Pod: ms-4354-669cfcbdf6-dlz24 has the target files.
Copying deathstar_ms-4354.output to deathstar_ms-4354.output
tar: removing leading '/' from member names
Debug: Checking Namespace=default, Pod=ms-46825-58c684559d-d4p7r for Target File=deathstar_*.output
Namespace: default, Pod: ms-46825-58c684559d-d4p7r has the target files.
Copying deathstar_ms-46825.output to deathstar_ms-46825.output
tar: removing leading '/' from member names
Debug: Checking Namespace=default, Pod=ms-60236-64866cf49-m6vzp for Target File=deathstar_*.output
Namespace: default, Pod: ms-60236-64866cf49-m6vzp has the target files.
Copying deathstar_ms-60236.output to deathstar_ms-60236.output
tar: removing leading '/' from member names
Debug: Checking Namespace=default, Pod=ms-71771-567ddbdd95-rpb58 for Target File=deathstar_*.output
Namespace: default, Pod: ms-71771-567ddbdd95-rpb58 has the target files.
Copying deathstar_ms-71771.output to deathstar_ms-71771.output
tar: removing leading '/' from member names
Debug: Checking Namespace=default, Pod=ms-8052-b995968dc-99xlk for Target File=deathstar_*.output
Namespace: default, Pod: ms-8052-b995968dc-99xlk has the target files.
Copying deathstar_ms-8052.output to deathstar_ms-8052.output
tar: removing leading '/' from member names
Debug: Checking Namespace=default, Pod=ms-902-5744544f85-h7vgm for Target File=deathstar_*.output
Namespace: default, Pod: ms-902-5744544f85-h7vgm has the target files.
Copying deathstar_ms-902.output to deathstar_ms-902.output
tar: removing leading '/' from member names
Debug: Checking Namespace=default, Pod=nginx-web-server-56557f7cb7-6frgp for Target File=deathstar_*.output
Namespace: default, Pod: nginx-web-server-56557f7cb7-6frgp has the target files.
Copying deathstar_nginx-web-server.output to deathstar_nginx-web-server.output
tar: removing leading '/' from member names
