Deployments: ms-10090
ms-13558
ms-18330
ms-19585
ms-20172
ms-22893
ms-24009
ms-24959
ms-26622
ms-27421
ms-29373
ms-32301
ms-3289
ms-37691
ms-38964
ms-40147
ms-48118
ms-4829
ms-51685
ms-52379
ms-55394
ms-58436
ms-58772
ms-59962
ms-60061
ms-6323
ms-65741
ms-66473
ms-69188
ms-69614
ms-9081
nginx-web-server
unknown
deployment "ms-10090" successfully rolled out
deployment "ms-13558" successfully rolled out
deployment "ms-18330" successfully rolled out
deployment "ms-19585" successfully rolled out
deployment "ms-20172" successfully rolled out
deployment "ms-22893" successfully rolled out
deployment "ms-24009" successfully rolled out
deployment "ms-24959" successfully rolled out
deployment "ms-26622" successfully rolled out
deployment "ms-27421" successfully rolled out
deployment "ms-29373" successfully rolled out
deployment "ms-32301" successfully rolled out
deployment "ms-3289" successfully rolled out
deployment "ms-37691" successfully rolled out
deployment "ms-38964" successfully rolled out
deployment "ms-40147" successfully rolled out
deployment "ms-48118" successfully rolled out
deployment "ms-4829" successfully rolled out
deployment "ms-51685" successfully rolled out
deployment "ms-52379" successfully rolled out
deployment "ms-55394" successfully rolled out
deployment "ms-58436" successfully rolled out
deployment "ms-58772" successfully rolled out
deployment "ms-59962" successfully rolled out
deployment "ms-60061" successfully rolled out
deployment "ms-6323" successfully rolled out
deployment "ms-65741" successfully rolled out
deployment "ms-66473" successfully rolled out
deployment "ms-69188" successfully rolled out
deployment "ms-69614" successfully rolled out
deployment "ms-9081" successfully rolled out
deployment "nginx-web-server" successfully rolled out
deployment "unknown" successfully rolled out
ENTRY_POINT: nginx-web-server
SERVICE_A_URL: 10.97.178.40:50051
Capacity: 10000
Metadata: method=motivation-both
Metadata: request-id={{.RequestNumber}}
Metadata: timestamp={{.TimestampUnix}}
Charon Configurations:
[{INTERCEPT dagor} {PRICE_UPDATE_RATE 10ms} {TOKEN_UPDATE_RATE 10ms} {LATENCY_THRESHOLD 100us} {PRICE_STEP 0} {PRICE_STRATEGY step} {LAZY_UPDATE false} {RATE_LIMITING true} {LOAD_SHEDDING true} {CHARON_TRACK_PRICE false} {BREAKWATER_SLO 12500us} {BREAKWATER_A 0.001} {BREAKWATER_B 0.02} {BREAKWATER_CLIENT_EXPIRATION 10ms} {BREAKWATER_INITIAL_CREDIT 400} {BREAKWATER_LOAD_SHEDDING true} {BREAKWATER_RTT 1000us} {BREAKWATERD_SLO 12500us} {BREAKWATERD_A 0.001} {BREAKWATERD_B 0.02} {BREAKWATERD_CLIENT_EXPIRATION 10ms} {BREAKWATERD_INITIAL_CREDIT 400} {BREAKWATERD_LOAD_SHEDDING true} {BREAKWATERD_RTT 1000us} {DAGOR_QUEUING_THRESHOLD 107315us} {DAGOR_ALPHA 1.3730018553631673} {DAGOR_BETA 0.41731283594868646} {DAGOR_ADMISSION_LEVEL_UPDATE_INTERVAL 6378us} {DAGOR_UMAX 15}]

Summary:
  Count:	52603
  Total:	6.84 s
  Slowest:	1.00 s
  Fastest:	0.32 ms
  Average:	878.88 ms
  Requests/sec:	7689.04

Response time histogram:
  0.321    [1]   |
  100.297  [953] |∎∎∎∎∎∎∎∎∎∎∎∎∎∎∎∎∎∎∎∎∎∎∎∎∎∎∎∎∎∎∎∎∎∎∎∎∎∎∎∎
  200.272  [60]  |∎∎∎
  300.247  [63]  |∎∎∎
  400.222  [59]  |∎∎
  500.198  [56]  |∎∎
  600.173  [57]  |∎∎
  700.148  [64]  |∎∎∎
  800.124  [62]  |∎∎∎
  900.099  [59]  |∎∎
  1000.074 [62]  |∎∎∎

Latency distribution:
  10 % in 0.62 ms 
  25 % in 0.79 ms 
  50 % in 1.51 ms 
  75 % in 390.79 ms 
  90 % in 779.88 ms 
  95 % in 890.94 ms 
  99 % in 989.10 ms 

Status code distribution:
  [DeadlineExceeded]    41205 responses   
  [OK]                  1496 responses    
  [ResourceExhausted]   1605 responses    
  [Canceled]            8297 responses    

Error distribution:
  [41205]   rpc error: code = DeadlineExceeded desc = context deadline exceeded                                                   
  [1605]    rpc error: code = ResourceExhausted desc = [Server Admission Control] Request B, U values do not meet the threshold   
  [8297]    rpc error: code = Canceled desc = grpc: the client connection is closing                                              

Debug: Checking Namespace=default, Pod=ms-10090-6454f977fd-xd59h for Target File=deathstar_*.output
Namespace: default, Pod: ms-10090-6454f977fd-xd59h has the target files.
Copying deathstar_ms-10090.output to deathstar_ms-10090.output
tar: removing leading '/' from member names
Debug: Checking Namespace=default, Pod=ms-13558-b48bb5d9d-4jhkk for Target File=deathstar_*.output
Namespace: default, Pod: ms-13558-b48bb5d9d-4jhkk has the target files.
Copying deathstar_ms-13558.output to deathstar_ms-13558.output
tar: removing leading '/' from member names
Debug: Checking Namespace=default, Pod=ms-18330-759d9cf49c-bkjxz for Target File=deathstar_*.output
Namespace: default, Pod: ms-18330-759d9cf49c-bkjxz has the target files.
Copying deathstar_ms-18330.output to deathstar_ms-18330.output
tar: removing leading '/' from member names
Debug: Checking Namespace=default, Pod=ms-19585-6f995cfcbf-njg5w for Target File=deathstar_*.output
Namespace: default, Pod: ms-19585-6f995cfcbf-njg5w has the target files.
Copying deathstar_ms-19585.output to deathstar_ms-19585.output
tar: removing leading '/' from member names
Debug: Checking Namespace=default, Pod=ms-20172-59d5485464-6vnzf for Target File=deathstar_*.output
Namespace: default, Pod: ms-20172-59d5485464-6vnzf has the target files.
Copying deathstar_ms-20172.output to deathstar_ms-20172.output
tar: removing leading '/' from member names
Debug: Checking Namespace=default, Pod=ms-22893-576fd5f9f6-tvnp9 for Target File=deathstar_*.output
Namespace: default, Pod: ms-22893-576fd5f9f6-tvnp9 has the target files.
Copying deathstar_ms-22893.output to deathstar_ms-22893.output
tar: removing leading '/' from member names
Debug: Checking Namespace=default, Pod=ms-24009-67dbf5b976-wpmtk for Target File=deathstar_*.output
Namespace: default, Pod: ms-24009-67dbf5b976-wpmtk has the target files.
Copying deathstar_ms-24009.output to deathstar_ms-24009.output
tar: removing leading '/' from member names
Debug: Checking Namespace=default, Pod=ms-24959-99f8bbf9-rzxv6 for Target File=deathstar_*.output
Namespace: default, Pod: ms-24959-99f8bbf9-rzxv6 has the target files.
Copying deathstar_ms-24959.output to deathstar_ms-24959.output
tar: removing leading '/' from member names
Debug: Checking Namespace=default, Pod=ms-26622-66fdf7d64f-f68dm for Target File=deathstar_*.output
Namespace: default, Pod: ms-26622-66fdf7d64f-f68dm has the target files.
Copying deathstar_ms-26622.output to deathstar_ms-26622.output
tar: removing leading '/' from member names
Debug: Checking Namespace=default, Pod=ms-27421-64f549855c-hnjsp for Target File=deathstar_*.output
Namespace: default, Pod: ms-27421-64f549855c-hnjsp has the target files.
Copying deathstar_ms-27421.output to deathstar_ms-27421.output
tar: removing leading '/' from member names
Debug: Checking Namespace=default, Pod=ms-29373-8467f7db44-qqks2 for Target File=deathstar_*.output
Namespace: default, Pod: ms-29373-8467f7db44-qqks2 has the target files.
Copying deathstar_ms-29373.output to deathstar_ms-29373.output
tar: removing leading '/' from member names
Debug: Checking Namespace=default, Pod=ms-32301-c5654bbc5-m4l68 for Target File=deathstar_*.output
Namespace: default, Pod: ms-32301-c5654bbc5-m4l68 has the target files.
Copying deathstar_ms-32301.output to deathstar_ms-32301.output
tar: removing leading '/' from member names
Debug: Checking Namespace=default, Pod=ms-3289-587dbd96bf-ms6sc for Target File=deathstar_*.output
Namespace: default, Pod: ms-3289-587dbd96bf-ms6sc has the target files.
Copying deathstar_ms-3289.output to deathstar_ms-3289.output
tar: removing leading '/' from member names
Debug: Checking Namespace=default, Pod=ms-37691-6dc6cd6744-lqwkw for Target File=deathstar_*.output
Namespace: default, Pod: ms-37691-6dc6cd6744-lqwkw has the target files.
Copying deathstar_ms-37691.output to deathstar_ms-37691.output
tar: removing leading '/' from member names
Debug: Checking Namespace=default, Pod=ms-38964-5b647cdbd-8vpzt for Target File=deathstar_*.output
Namespace: default, Pod: ms-38964-5b647cdbd-8vpzt has the target files.
Copying deathstar_ms-38964.output to deathstar_ms-38964.output
tar: removing leading '/' from member names
Debug: Checking Namespace=default, Pod=ms-40147-cd867585-5pk2w for Target File=deathstar_*.output
Namespace: default, Pod: ms-40147-cd867585-5pk2w has the target files.
Copying deathstar_ms-40147.output to deathstar_ms-40147.output
tar: removing leading '/' from member names
Debug: Checking Namespace=default, Pod=ms-48118-ff7b99cc9-4bcjw for Target File=deathstar_*.output
Namespace: default, Pod: ms-48118-ff7b99cc9-4bcjw has the target files.
Copying deathstar_ms-48118.output to deathstar_ms-48118.output
tar: removing leading '/' from member names
Debug: Checking Namespace=default, Pod=ms-4829-669557b66c-8gvqd for Target File=deathstar_*.output
Namespace: default, Pod: ms-4829-669557b66c-8gvqd has the target files.
Copying deathstar_ms-4829.output to deathstar_ms-4829.output
tar: removing leading '/' from member names
Debug: Checking Namespace=default, Pod=ms-51685-79858c784f-hnjw9 for Target File=deathstar_*.output
Namespace: default, Pod: ms-51685-79858c784f-hnjw9 has the target files.
Copying deathstar_ms-51685.output to deathstar_ms-51685.output
tar: removing leading '/' from member names
Debug: Checking Namespace=default, Pod=ms-52379-57c6cdd54b-r45vd for Target File=deathstar_*.output
Namespace: default, Pod: ms-52379-57c6cdd54b-r45vd has the target files.
Copying deathstar_ms-52379.output to deathstar_ms-52379.output
tar: removing leading '/' from member names
Debug: Checking Namespace=default, Pod=ms-55394-6f999f5df9-tlnph for Target File=deathstar_*.output
Namespace: default, Pod: ms-55394-6f999f5df9-tlnph has the target files.
Copying deathstar_ms-55394.output to deathstar_ms-55394.output
tar: removing leading '/' from member names
Debug: Checking Namespace=default, Pod=ms-58436-59dd96f659-8h4zm for Target File=deathstar_*.output
Namespace: default, Pod: ms-58436-59dd96f659-8h4zm has the target files.
Copying deathstar_ms-58436.output to deathstar_ms-58436.output
tar: removing leading '/' from member names
Debug: Checking Namespace=default, Pod=ms-58772-68ff78c966-v2jh9 for Target File=deathstar_*.output
Namespace: default, Pod: ms-58772-68ff78c966-v2jh9 has the target files.
Copying deathstar_ms-58772.output to deathstar_ms-58772.output
tar: removing leading '/' from member names
Debug: Checking Namespace=default, Pod=ms-59962-756b895b58-584hb for Target File=deathstar_*.output
Namespace: default, Pod: ms-59962-756b895b58-584hb has the target files.
Copying deathstar_ms-59962.output to deathstar_ms-59962.output
tar: removing leading '/' from member names
Debug: Checking Namespace=default, Pod=ms-60061-68bd84bdcd-h44bn for Target File=deathstar_*.output
Namespace: default, Pod: ms-60061-68bd84bdcd-h44bn has the target files.
Copying deathstar_ms-60061.output to deathstar_ms-60061.output
tar: removing leading '/' from member names
Debug: Checking Namespace=default, Pod=ms-6323-974659fcd-69s6j for Target File=deathstar_*.output
Namespace: default, Pod: ms-6323-974659fcd-69s6j has the target files.
Copying deathstar_ms-6323.output to deathstar_ms-6323.output
tar: removing leading '/' from member names
Debug: Checking Namespace=default, Pod=ms-65741-65f588bcdf-vfrqx for Target File=deathstar_*.output
Namespace: default, Pod: ms-65741-65f588bcdf-vfrqx has the target files.
Copying deathstar_ms-65741.output to deathstar_ms-65741.output
tar: removing leading '/' from member names
Debug: Checking Namespace=default, Pod=ms-66473-79c66f8bff-xcjk4 for Target File=deathstar_*.output
Namespace: default, Pod: ms-66473-79c66f8bff-xcjk4 has the target files.
Copying deathstar_ms-66473.output to deathstar_ms-66473.output
tar: removing leading '/' from member names
Debug: Checking Namespace=default, Pod=ms-69188-65c548d4cb-lfbb9 for Target File=deathstar_*.output
Namespace: default, Pod: ms-69188-65c548d4cb-lfbb9 has the target files.
Copying deathstar_ms-69188.output to deathstar_ms-69188.output
tar: removing leading '/' from member names
Debug: Checking Namespace=default, Pod=ms-69614-794bd8475-hgw5z for Target File=deathstar_*.output
Namespace: default, Pod: ms-69614-794bd8475-hgw5z has the target files.
Copying deathstar_ms-69614.output to deathstar_ms-69614.output
tar: removing leading '/' from member names
Debug: Checking Namespace=default, Pod=ms-9081-567985788-ts85l for Target File=deathstar_*.output
Namespace: default, Pod: ms-9081-567985788-ts85l has the target files.
Copying deathstar_ms-9081.output to deathstar_ms-9081.output
tar: removing leading '/' from member names
Debug: Checking Namespace=default, Pod=nginx-web-server-56557f7cb7-6xscg for Target File=deathstar_*.output
Namespace: default, Pod: nginx-web-server-56557f7cb7-6xscg has the target files.
Copying deathstar_nginx-web-server.output to deathstar_nginx-web-server.output
tar: removing leading '/' from member names
Debug: Checking Namespace=default, Pod=unknown-6ddf9bd4b5-47ndm for Target File=deathstar_*.output
Namespace: default, Pod: unknown-6ddf9bd4b5-47ndm has the target files.
Copying deathstar_unknown.output to deathstar_unknown.output
tar: removing leading '/' from member names
