Deployments: ms-10090
ms-13558
ms-18330
ms-19585
ms-20172
ms-22893
ms-24009
ms-24959
ms-26622
ms-27421
ms-29373
ms-32301
ms-3289
ms-37691
ms-38964
ms-40147
ms-48118
ms-4829
ms-51685
ms-52379
ms-55394
ms-58436
ms-58772
ms-59962
ms-60061
ms-6323
ms-65741
ms-66473
ms-69188
ms-69614
ms-9081
nginx-web-server
unknown
deployment "ms-10090" successfully rolled out
deployment "ms-13558" successfully rolled out
deployment "ms-18330" successfully rolled out
deployment "ms-19585" successfully rolled out
deployment "ms-20172" successfully rolled out
deployment "ms-22893" successfully rolled out
deployment "ms-24009" successfully rolled out
deployment "ms-24959" successfully rolled out
deployment "ms-26622" successfully rolled out
deployment "ms-27421" successfully rolled out
deployment "ms-29373" successfully rolled out
deployment "ms-32301" successfully rolled out
deployment "ms-3289" successfully rolled out
deployment "ms-37691" successfully rolled out
deployment "ms-38964" successfully rolled out
deployment "ms-40147" successfully rolled out
deployment "ms-48118" successfully rolled out
deployment "ms-4829" successfully rolled out
deployment "ms-51685" successfully rolled out
deployment "ms-52379" successfully rolled out
deployment "ms-55394" successfully rolled out
deployment "ms-58436" successfully rolled out
deployment "ms-58772" successfully rolled out
deployment "ms-59962" successfully rolled out
deployment "ms-60061" successfully rolled out
deployment "ms-6323" successfully rolled out
deployment "ms-65741" successfully rolled out
deployment "ms-66473" successfully rolled out
deployment "ms-69188" successfully rolled out
deployment "ms-69614" successfully rolled out
deployment "ms-9081" successfully rolled out
deployment "nginx-web-server" successfully rolled out
deployment "unknown" successfully rolled out
ENTRY_POINT: nginx-web-server
SERVICE_A_URL: 10.105.3.169:50051
Capacity: 10000
Metadata: method=S_149998854
Metadata: request-id={{.RequestNumber}}
Metadata: timestamp={{.TimestampUnix}}
Charon Configurations:
[{INTERCEPT charon} {PRICE_UPDATE_RATE 1000us} {TOKEN_UPDATE_RATE 31318us} {LATENCY_THRESHOLD 8727us} {PRICE_STEP 129} {PRICE_STRATEGY proportional} {LAZY_UPDATE true} {RATE_LIMITING true} {LOAD_SHEDDING true} {CHARON_TRACK_PRICE false} {BREAKWATER_SLO 12500us} {BREAKWATER_A 0.001} {BREAKWATER_B 0.02} {BREAKWATER_CLIENT_EXPIRATION 10ms} {BREAKWATER_INITIAL_CREDIT 400} {BREAKWATER_LOAD_SHEDDING true} {BREAKWATER_RTT 1000us} {BREAKWATERD_SLO 12500us} {BREAKWATERD_A 0.001} {BREAKWATERD_B 0.02} {BREAKWATERD_CLIENT_EXPIRATION 10ms} {BREAKWATERD_INITIAL_CREDIT 400} {BREAKWATERD_LOAD_SHEDDING true} {BREAKWATERD_RTT 1000us} {DAGOR_QUEUING_THRESHOLD 2ms} {DAGOR_ALPHA 0.05} {DAGOR_BETA 0.01} {DAGOR_ADMISSION_LEVEL_UPDATE_INTERVAL 10ms} {DAGOR_UMAX 20}]

Summary:
  Count:	61202
  Total:	14.84 s
  Slowest:	846.10 ms
  Fastest:	110.82 ms
  Average:	131.02 ms
  Requests/sec:	4123.04

Response time histogram:
  110.824 [1]     |
  184.351 [52219] |∎∎∎∎∎∎∎∎∎∎∎∎∎∎∎∎∎∎∎∎∎∎∎∎∎∎∎∎∎∎∎∎∎∎∎∎∎∎∎∎
  257.878 [2726]  |∎∎
  331.406 [49]    |
  404.933 [39]    |
  478.460 [15]    |
  551.988 [0]     |
  625.515 [0]     |
  699.042 [7]     |
  772.569 [35]    |
  846.097 [37]    |

Latency distribution:
  10 % in 113.66 ms 
  25 % in 123.17 ms 
  50 % in 139.79 ms 
  75 % in 156.05 ms 
  90 % in 171.98 ms 
  95 % in 185.45 ms 
  99 % in 225.34 ms 

Status code distribution:
  [ResourceExhausted]   5560 responses    
  [Canceled]            514 responses     
  [OK]                  55128 responses   

Error distribution:
  [514]    rpc error: code = Canceled desc = grpc: the client connection is closing                                   
  [585]    rpc error: code = ResourceExhausted desc = S_149998854 req dropped by ms-55394. Try again later.           
  [532]    rpc error: code = ResourceExhausted desc = S_149998854 req dropped by ms-18330. Try again later.           
  [329]    rpc error: code = ResourceExhausted desc = S_149998854 req dropped by ms-66473. Try again later.           
  [4114]   rpc error: code = ResourceExhausted desc = S_149998854 req dropped by nginx-web-server. Try again later.   

Debug: Checking Namespace=default, Pod=ms-10090-6454f977fd-jztfd for Target File=deathstar_*.output
Namespace: default, Pod: ms-10090-6454f977fd-jztfd has the target files.
Copying deathstar_ms-10090.output to deathstar_ms-10090.output
tar: removing leading '/' from member names
Debug: Checking Namespace=default, Pod=ms-13558-b48bb5d9d-vqxk7 for Target File=deathstar_*.output
Namespace: default, Pod: ms-13558-b48bb5d9d-vqxk7 has the target files.
Copying deathstar_ms-13558.output to deathstar_ms-13558.output
tar: removing leading '/' from member names
Debug: Checking Namespace=default, Pod=ms-18330-759d9cf49c-rxlhp for Target File=deathstar_*.output
Namespace: default, Pod: ms-18330-759d9cf49c-rxlhp has the target files.
Copying deathstar_ms-18330.output to deathstar_ms-18330.output
tar: removing leading '/' from member names
Debug: Checking Namespace=default, Pod=ms-19585-6f995cfcbf-cpz55 for Target File=deathstar_*.output
Namespace: default, Pod: ms-19585-6f995cfcbf-cpz55 has the target files.
Copying deathstar_ms-19585.output to deathstar_ms-19585.output
tar: removing leading '/' from member names
Debug: Checking Namespace=default, Pod=ms-20172-59d5485464-2mnpq for Target File=deathstar_*.output
Namespace: default, Pod: ms-20172-59d5485464-2mnpq has the target files.
Copying deathstar_ms-20172.output to deathstar_ms-20172.output
tar: removing leading '/' from member names
Debug: Checking Namespace=default, Pod=ms-22893-576fd5f9f6-7s4gj for Target File=deathstar_*.output
Namespace: default, Pod: ms-22893-576fd5f9f6-7s4gj has the target files.
Copying deathstar_ms-22893.output to deathstar_ms-22893.output
tar: removing leading '/' from member names
Debug: Checking Namespace=default, Pod=ms-24009-67dbf5b976-kfww4 for Target File=deathstar_*.output
Namespace: default, Pod: ms-24009-67dbf5b976-kfww4 has the target files.
Copying deathstar_ms-24009.output to deathstar_ms-24009.output
tar: removing leading '/' from member names
Debug: Checking Namespace=default, Pod=ms-24959-99f8bbf9-9jbdj for Target File=deathstar_*.output
Namespace: default, Pod: ms-24959-99f8bbf9-9jbdj has the target files.
Copying deathstar_ms-24959.output to deathstar_ms-24959.output
tar: removing leading '/' from member names
Debug: Checking Namespace=default, Pod=ms-26622-66fdf7d64f-s95bq for Target File=deathstar_*.output
Namespace: default, Pod: ms-26622-66fdf7d64f-s95bq has the target files.
Copying deathstar_ms-26622.output to deathstar_ms-26622.output
tar: removing leading '/' from member names
Debug: Checking Namespace=default, Pod=ms-27421-64f549855c-8nxxn for Target File=deathstar_*.output
Namespace: default, Pod: ms-27421-64f549855c-8nxxn has the target files.
Copying deathstar_ms-27421.output to deathstar_ms-27421.output
tar: removing leading '/' from member names
Debug: Checking Namespace=default, Pod=ms-29373-8467f7db44-rlcmx for Target File=deathstar_*.output
Namespace: default, Pod: ms-29373-8467f7db44-rlcmx has the target files.
Copying deathstar_ms-29373.output to deathstar_ms-29373.output
tar: removing leading '/' from member names
Debug: Checking Namespace=default, Pod=ms-32301-c5654bbc5-kxh2n for Target File=deathstar_*.output
Namespace: default, Pod: ms-32301-c5654bbc5-kxh2n has the target files.
Copying deathstar_ms-32301.output to deathstar_ms-32301.output
tar: removing leading '/' from member names
Debug: Checking Namespace=default, Pod=ms-3289-587dbd96bf-hmdqg for Target File=deathstar_*.output
Namespace: default, Pod: ms-3289-587dbd96bf-hmdqg has the target files.
Copying deathstar_ms-3289.output to deathstar_ms-3289.output
tar: removing leading '/' from member names
Debug: Checking Namespace=default, Pod=ms-37691-6dc6cd6744-sl9sr for Target File=deathstar_*.output
Namespace: default, Pod: ms-37691-6dc6cd6744-sl9sr has the target files.
Copying deathstar_ms-37691.output to deathstar_ms-37691.output
tar: removing leading '/' from member names
Debug: Checking Namespace=default, Pod=ms-38964-5b647cdbd-c4ldm for Target File=deathstar_*.output
Namespace: default, Pod: ms-38964-5b647cdbd-c4ldm has the target files.
Copying deathstar_ms-38964.output to deathstar_ms-38964.output
tar: removing leading '/' from member names
Debug: Checking Namespace=default, Pod=ms-40147-cd867585-g29nb for Target File=deathstar_*.output
Namespace: default, Pod: ms-40147-cd867585-g29nb has the target files.
Copying deathstar_ms-40147.output to deathstar_ms-40147.output
tar: removing leading '/' from member names
Debug: Checking Namespace=default, Pod=ms-48118-ff7b99cc9-pczqj for Target File=deathstar_*.output
Namespace: default, Pod: ms-48118-ff7b99cc9-pczqj has the target files.
Copying deathstar_ms-48118.output to deathstar_ms-48118.output
tar: removing leading '/' from member names
Debug: Checking Namespace=default, Pod=ms-4829-669557b66c-nmb2b for Target File=deathstar_*.output
Namespace: default, Pod: ms-4829-669557b66c-nmb2b has the target files.
Copying deathstar_ms-4829.output to deathstar_ms-4829.output
tar: removing leading '/' from member names
Debug: Checking Namespace=default, Pod=ms-51685-79858c784f-lmj47 for Target File=deathstar_*.output
Namespace: default, Pod: ms-51685-79858c784f-lmj47 has the target files.
Copying deathstar_ms-51685.output to deathstar_ms-51685.output
tar: removing leading '/' from member names
Debug: Checking Namespace=default, Pod=ms-52379-57c6cdd54b-5mgjt for Target File=deathstar_*.output
Namespace: default, Pod: ms-52379-57c6cdd54b-5mgjt has the target files.
Copying deathstar_ms-52379.output to deathstar_ms-52379.output
tar: removing leading '/' from member names
Debug: Checking Namespace=default, Pod=ms-55394-6f999f5df9-s94d5 for Target File=deathstar_*.output
Namespace: default, Pod: ms-55394-6f999f5df9-s94d5 has the target files.
Copying deathstar_ms-55394.output to deathstar_ms-55394.output
tar: removing leading '/' from member names
Debug: Checking Namespace=default, Pod=ms-58436-59dd96f659-kkvgq for Target File=deathstar_*.output
Namespace: default, Pod: ms-58436-59dd96f659-kkvgq has the target files.
Copying deathstar_ms-58436.output to deathstar_ms-58436.output
tar: removing leading '/' from member names
Debug: Checking Namespace=default, Pod=ms-58772-68ff78c966-2tg6j for Target File=deathstar_*.output
Namespace: default, Pod: ms-58772-68ff78c966-2tg6j has the target files.
Copying deathstar_ms-58772.output to deathstar_ms-58772.output
tar: removing leading '/' from member names
Debug: Checking Namespace=default, Pod=ms-59962-756b895b58-dnffk for Target File=deathstar_*.output
Namespace: default, Pod: ms-59962-756b895b58-dnffk has the target files.
Copying deathstar_ms-59962.output to deathstar_ms-59962.output
tar: removing leading '/' from member names
Debug: Checking Namespace=default, Pod=ms-60061-68bd84bdcd-zt8ch for Target File=deathstar_*.output
Namespace: default, Pod: ms-60061-68bd84bdcd-zt8ch has the target files.
Copying deathstar_ms-60061.output to deathstar_ms-60061.output
tar: removing leading '/' from member names
Debug: Checking Namespace=default, Pod=ms-6323-974659fcd-zqv6c for Target File=deathstar_*.output
Namespace: default, Pod: ms-6323-974659fcd-zqv6c has the target files.
Copying deathstar_ms-6323.output to deathstar_ms-6323.output
tar: removing leading '/' from member names
Debug: Checking Namespace=default, Pod=ms-65741-65f588bcdf-mjjpb for Target File=deathstar_*.output
Namespace: default, Pod: ms-65741-65f588bcdf-mjjpb has the target files.
Copying deathstar_ms-65741.output to deathstar_ms-65741.output
tar: removing leading '/' from member names
Debug: Checking Namespace=default, Pod=ms-66473-79c66f8bff-56mz7 for Target File=deathstar_*.output
Namespace: default, Pod: ms-66473-79c66f8bff-56mz7 has the target files.
Copying deathstar_ms-66473.output to deathstar_ms-66473.output
tar: removing leading '/' from member names
Debug: Checking Namespace=default, Pod=ms-69188-65c548d4cb-d4zt6 for Target File=deathstar_*.output
Namespace: default, Pod: ms-69188-65c548d4cb-d4zt6 has the target files.
Copying deathstar_ms-69188.output to deathstar_ms-69188.output
tar: removing leading '/' from member names
Debug: Checking Namespace=default, Pod=ms-69614-794bd8475-vzvx5 for Target File=deathstar_*.output
Namespace: default, Pod: ms-69614-794bd8475-vzvx5 has the target files.
Copying deathstar_ms-69614.output to deathstar_ms-69614.output
tar: removing leading '/' from member names
Debug: Checking Namespace=default, Pod=ms-9081-567985788-rf7vl for Target File=deathstar_*.output
Namespace: default, Pod: ms-9081-567985788-rf7vl has the target files.
Copying deathstar_ms-9081.output to deathstar_ms-9081.output
tar: removing leading '/' from member names
Debug: Checking Namespace=default, Pod=nginx-web-server-56557f7cb7-kkvrq for Target File=deathstar_*.output
Namespace: default, Pod: nginx-web-server-56557f7cb7-kkvrq has the target files.
Copying deathstar_nginx-web-server.output to deathstar_nginx-web-server.output
tar: removing leading '/' from member names
Debug: Checking Namespace=default, Pod=unknown-6ddf9bd4b5-5dzng for Target File=deathstar_*.output
Namespace: default, Pod: unknown-6ddf9bd4b5-5dzng has the target files.
Copying deathstar_unknown.output to deathstar_unknown.output
tar: removing leading '/' from member names
