Deployments: ms-11070
ms-11285
ms-11512
ms-1278
ms-13873
ms-19953
ms-21883
ms-25124
ms-27421
ms-2827
ms-33719
ms-37691
ms-43309
ms-4354
ms-46825
ms-60236
ms-71771
ms-8052
ms-902
nginx-web-server
deployment "ms-11070" successfully rolled out
deployment "ms-11285" successfully rolled out
deployment "ms-11512" successfully rolled out
deployment "ms-1278" successfully rolled out
deployment "ms-13873" successfully rolled out
deployment "ms-19953" successfully rolled out
deployment "ms-21883" successfully rolled out
deployment "ms-25124" successfully rolled out
deployment "ms-27421" successfully rolled out
deployment "ms-2827" successfully rolled out
deployment "ms-33719" successfully rolled out
deployment "ms-37691" successfully rolled out
deployment "ms-43309" successfully rolled out
deployment "ms-4354" successfully rolled out
deployment "ms-46825" successfully rolled out
deployment "ms-60236" successfully rolled out
deployment "ms-71771" successfully rolled out
deployment "ms-8052" successfully rolled out
deployment "ms-902" successfully rolled out
deployment "nginx-web-server" successfully rolled out
ENTRY_POINT: nginx-web-server
SERVICE_A_URL: 10.99.143.145:50051
Capacity: 10000
Metadata: request-id={{.RequestNumber}}
Metadata: timestamp={{.TimestampUnix}}
Metadata: method=S_102000854
Charon Configurations:
[{INTERCEPT charon} {PRICE_UPDATE_RATE 5420us} {TOKEN_UPDATE_RATE 29174us} {LATENCY_THRESHOLD 3707us} {PRICE_STEP 13} {PRICE_STRATEGY proportional} {LAZY_UPDATE true} {RATE_LIMITING true} {LOAD_SHEDDING true} {CHARON_TRACK_PRICE false} {BREAKWATER_SLO 12500us} {BREAKWATER_A 0.001} {BREAKWATER_B 0.02} {BREAKWATER_CLIENT_EXPIRATION 10ms} {BREAKWATER_INITIAL_CREDIT 400} {BREAKWATER_LOAD_SHEDDING true} {BREAKWATER_RTT 1000us} {BREAKWATERD_SLO 12500us} {BREAKWATERD_A 0.001} {BREAKWATERD_B 0.02} {BREAKWATERD_CLIENT_EXPIRATION 10ms} {BREAKWATERD_INITIAL_CREDIT 400} {BREAKWATERD_LOAD_SHEDDING true} {BREAKWATERD_RTT 1000us} {DAGOR_QUEUING_THRESHOLD 2ms} {DAGOR_ALPHA 0.05} {DAGOR_BETA 0.01} {DAGOR_ADMISSION_LEVEL_UPDATE_INTERVAL 10ms} {DAGOR_UMAX 20}]

Summary:
  Count:	82339
  Total:	14.78 s
  Slowest:	850.24 ms
  Fastest:	39.01 ms
  Average:	91.30 ms
  Requests/sec:	5570.63

Response time histogram:
  39.012  [1]     |
  120.135 [67267] |∎∎∎∎∎∎∎∎∎∎∎∎∎∎∎∎∎∎∎∎∎∎∎∎∎∎∎∎∎∎∎∎∎∎∎∎∎∎∎∎
  201.258 [4874]  |∎∎∎
  282.381 [844]   |∎
  363.504 [2091]  |∎
  444.627 [1561]  |∎
  525.750 [1021]  |∎
  606.874 [496]   |
  687.997 [25]    |
  769.120 [5]     |
  850.243 [100]   |

Latency distribution:
  10 % in 41.78 ms 
  25 % in 47.60 ms 
  50 % in 63.89 ms 
  75 % in 91.22 ms 
  90 % in 150.28 ms 
  95 % in 336.98 ms 
  99 % in 510.96 ms 

Status code distribution:
  [OK]                  78285 responses   
  [ResourceExhausted]   3848 responses    
  [Canceled]            206 responses     

Error distribution:
  [250]    rpc error: code = ResourceExhausted desc = S_102000854 req dropped by ms-60236. Try again later.           
  [798]    rpc error: code = ResourceExhausted desc = S_102000854 req dropped by ms-13873. Try again later.           
  [37]     rpc error: code = ResourceExhausted desc = S_102000854 req dropped by ms-71771. Try again later.           
  [206]    rpc error: code = Canceled desc = grpc: the client connection is closing                                   
  [2560]   rpc error: code = ResourceExhausted desc = S_102000854 req dropped by nginx-web-server. Try again later.   
  [203]    rpc error: code = ResourceExhausted desc = S_102000854 req dropped by ms-25124. Try again later.           

Debug: Checking Namespace=default, Pod=ms-11070-7868c54f44-llkbx for Target File=deathstar_*.output
Namespace: default, Pod: ms-11070-7868c54f44-llkbx has the target files.
Copying deathstar_ms-11070.output to deathstar_ms-11070.output
tar: removing leading '/' from member names
Debug: Checking Namespace=default, Pod=ms-11285-67d597dc77-d6rt2 for Target File=deathstar_*.output
Namespace: default, Pod: ms-11285-67d597dc77-d6rt2 has the target files.
Copying deathstar_ms-11285.output to deathstar_ms-11285.output
tar: removing leading '/' from member names
Debug: Checking Namespace=default, Pod=ms-11512-75f8ddc45b-6gg9x for Target File=deathstar_*.output
Namespace: default, Pod: ms-11512-75f8ddc45b-6gg9x has the target files.
Copying deathstar_ms-11512.output to deathstar_ms-11512.output
tar: removing leading '/' from member names
Debug: Checking Namespace=default, Pod=ms-1278-85766ff6b8-p6m5l for Target File=deathstar_*.output
Namespace: default, Pod: ms-1278-85766ff6b8-p6m5l has the target files.
Copying deathstar_ms-1278.output to deathstar_ms-1278.output
tar: removing leading '/' from member names
Debug: Checking Namespace=default, Pod=ms-13873-85d7bb7b97-l7f7b for Target File=deathstar_*.output
Namespace: default, Pod: ms-13873-85d7bb7b97-l7f7b has the target files.
Copying deathstar_ms-13873.output to deathstar_ms-13873.output
tar: removing leading '/' from member names
Debug: Checking Namespace=default, Pod=ms-19953-68cc8998c5-67nhg for Target File=deathstar_*.output
Namespace: default, Pod: ms-19953-68cc8998c5-67nhg has the target files.
Copying deathstar_ms-19953.output to deathstar_ms-19953.output
tar: removing leading '/' from member names
Debug: Checking Namespace=default, Pod=ms-21883-f6c88c6d4-9n5wz for Target File=deathstar_*.output
Namespace: default, Pod: ms-21883-f6c88c6d4-9n5wz has the target files.
Copying deathstar_ms-21883.output to deathstar_ms-21883.output
tar: removing leading '/' from member names
Debug: Checking Namespace=default, Pod=ms-25124-77bd4446f5-ffmh2 for Target File=deathstar_*.output
Namespace: default, Pod: ms-25124-77bd4446f5-ffmh2 has the target files.
Copying deathstar_ms-25124.output to deathstar_ms-25124.output
tar: removing leading '/' from member names
Debug: Checking Namespace=default, Pod=ms-27421-8565974486-2cqxw for Target File=deathstar_*.output
Namespace: default, Pod: ms-27421-8565974486-2cqxw has the target files.
Copying deathstar_ms-27421.output to deathstar_ms-27421.output
tar: removing leading '/' from member names
Debug: Checking Namespace=default, Pod=ms-2827-5dcc6df4f4-4w27w for Target File=deathstar_*.output
Namespace: default, Pod: ms-2827-5dcc6df4f4-4w27w has the target files.
Copying deathstar_ms-2827.output to deathstar_ms-2827.output
tar: removing leading '/' from member names
Debug: Checking Namespace=default, Pod=ms-33719-6c455cf54c-znxq9 for Target File=deathstar_*.output
Namespace: default, Pod: ms-33719-6c455cf54c-znxq9 has the target files.
Copying deathstar_ms-33719.output to deathstar_ms-33719.output
tar: removing leading '/' from member names
Debug: Checking Namespace=default, Pod=ms-37691-b9bc44798-4gr2l for Target File=deathstar_*.output
Namespace: default, Pod: ms-37691-b9bc44798-4gr2l has the target files.
Copying deathstar_ms-37691.output to deathstar_ms-37691.output
tar: removing leading '/' from member names
Debug: Checking Namespace=default, Pod=ms-43309-54f758d465-89746 for Target File=deathstar_*.output
Namespace: default, Pod: ms-43309-54f758d465-89746 has the target files.
Copying deathstar_ms-43309.output to deathstar_ms-43309.output
tar: removing leading '/' from member names
Debug: Checking Namespace=default, Pod=ms-4354-669cfcbdf6-m4bf2 for Target File=deathstar_*.output
Namespace: default, Pod: ms-4354-669cfcbdf6-m4bf2 has the target files.
Copying deathstar_ms-4354.output to deathstar_ms-4354.output
tar: removing leading '/' from member names
Debug: Checking Namespace=default, Pod=ms-46825-58c684559d-br54k for Target File=deathstar_*.output
Namespace: default, Pod: ms-46825-58c684559d-br54k has the target files.
Copying deathstar_ms-46825.output to deathstar_ms-46825.output
tar: removing leading '/' from member names
Debug: Checking Namespace=default, Pod=ms-60236-64866cf49-lzpmz for Target File=deathstar_*.output
Namespace: default, Pod: ms-60236-64866cf49-lzpmz has the target files.
Copying deathstar_ms-60236.output to deathstar_ms-60236.output
tar: removing leading '/' from member names
Debug: Checking Namespace=default, Pod=ms-71771-567ddbdd95-8wm6n for Target File=deathstar_*.output
Namespace: default, Pod: ms-71771-567ddbdd95-8wm6n has the target files.
Copying deathstar_ms-71771.output to deathstar_ms-71771.output
tar: removing leading '/' from member names
Debug: Checking Namespace=default, Pod=ms-8052-b995968dc-cmctv for Target File=deathstar_*.output
Namespace: default, Pod: ms-8052-b995968dc-cmctv has the target files.
Copying deathstar_ms-8052.output to deathstar_ms-8052.output
tar: removing leading '/' from member names
Debug: Checking Namespace=default, Pod=ms-902-5744544f85-krnqx for Target File=deathstar_*.output
Namespace: default, Pod: ms-902-5744544f85-krnqx has the target files.
Copying deathstar_ms-902.output to deathstar_ms-902.output
tar: removing leading '/' from member names
Debug: Checking Namespace=default, Pod=nginx-web-server-56557f7cb7-zfg8m for Target File=deathstar_*.output
Namespace: default, Pod: nginx-web-server-56557f7cb7-zfg8m has the target files.
Copying deathstar_nginx-web-server.output to deathstar_nginx-web-server.output
tar: removing leading '/' from member names
