Deployments: ms-10090
ms-13558
ms-18330
ms-19585
ms-20172
ms-22893
ms-24009
ms-24959
ms-26622
ms-27421
ms-29373
ms-32301
ms-3289
ms-37691
ms-38964
ms-40147
ms-48118
ms-4829
ms-51685
ms-52379
ms-55394
ms-58436
ms-58772
ms-59962
ms-60061
ms-6323
ms-65741
ms-66473
ms-69188
ms-69614
ms-9081
nginx-web-server
unknown
deployment "ms-10090" successfully rolled out
deployment "ms-13558" successfully rolled out
deployment "ms-18330" successfully rolled out
deployment "ms-19585" successfully rolled out
deployment "ms-20172" successfully rolled out
deployment "ms-22893" successfully rolled out
deployment "ms-24009" successfully rolled out
deployment "ms-24959" successfully rolled out
deployment "ms-26622" successfully rolled out
deployment "ms-27421" successfully rolled out
deployment "ms-29373" successfully rolled out
deployment "ms-32301" successfully rolled out
deployment "ms-3289" successfully rolled out
deployment "ms-37691" successfully rolled out
deployment "ms-38964" successfully rolled out
deployment "ms-40147" successfully rolled out
deployment "ms-48118" successfully rolled out
deployment "ms-4829" successfully rolled out
deployment "ms-51685" successfully rolled out
deployment "ms-52379" successfully rolled out
deployment "ms-55394" successfully rolled out
deployment "ms-58436" successfully rolled out
deployment "ms-58772" successfully rolled out
deployment "ms-59962" successfully rolled out
deployment "ms-60061" successfully rolled out
deployment "ms-6323" successfully rolled out
deployment "ms-65741" successfully rolled out
deployment "ms-66473" successfully rolled out
deployment "ms-69188" successfully rolled out
deployment "ms-69614" successfully rolled out
deployment "ms-9081" successfully rolled out
deployment "nginx-web-server" successfully rolled out
deployment "unknown" successfully rolled out
ENTRY_POINT: nginx-web-server
SERVICE_A_URL: 10.108.227.223:50051
Capacity: 11000
Metadata: request-id={{.RequestNumber}}
Metadata: timestamp={{.TimestampUnix}}
Metadata: method=S_149998854
Charon Configurations:
[{INTERCEPT breakwaterd} {PRICE_UPDATE_RATE 10ms} {TOKEN_UPDATE_RATE 10ms} {LATENCY_THRESHOLD 100us} {PRICE_STEP 0} {PRICE_STRATEGY step} {LAZY_UPDATE false} {RATE_LIMITING true} {LOAD_SHEDDING true} {CHARON_TRACK_PRICE false} {BREAKWATER_SLO 34033us} {BREAKWATER_A 0.0} {BREAKWATER_B 6.3132361281563485} {BREAKWATER_CLIENT_EXPIRATION 1us} {BREAKWATER_INITIAL_CREDIT 393} {BREAKWATER_LOAD_SHEDDING true} {BREAKWATER_RTT 6077us} {BREAKWATERD_SLO 53486us} {BREAKWATERD_A 2.6582686175651347} {BREAKWATERD_B 4.00666538560816} {BREAKWATERD_CLIENT_EXPIRATION 85547us} {BREAKWATERD_INITIAL_CREDIT 2717} {BREAKWATERD_LOAD_SHEDDING true} {BREAKWATERD_RTT 6312us} {DAGOR_QUEUING_THRESHOLD 2ms} {DAGOR_ALPHA 0.05} {DAGOR_BETA 0.01} {DAGOR_ADMISSION_LEVEL_UPDATE_INTERVAL 10ms} {DAGOR_UMAX 20}]

Summary:
  Count:	35333
  Total:	25.00 s
  Slowest:	325.17 ms
  Fastest:	111.23 ms
  Average:	131.62 ms
  Requests/sec:	1413.30

Response time histogram:
  111.235 [1]     |
  132.628 [20972] |∎∎∎∎∎∎∎∎∎∎∎∎∎∎∎∎∎∎∎∎∎∎∎∎∎∎∎∎∎∎∎∎∎∎∎∎∎∎∎∎
  154.022 [6907]  |∎∎∎∎∎∎∎∎∎∎∎∎∎
  175.415 [2985]  |∎∎∎∎∎∎
  196.808 [1686]  |∎∎∎
  218.202 [810]   |∎∎
  239.595 [231]   |
  260.988 [115]   |
  282.382 [117]   |
  303.775 [55]    |
  325.168 [3]     |

Latency distribution:
  10 % in 114.11 ms 
  25 % in 117.18 ms 
  50 % in 125.91 ms 
  75 % in 144.21 ms 
  90 % in 171.98 ms 
  95 % in 191.44 ms 
  99 % in 234.45 ms 

Status code distribution:
  [ResourceExhausted]   1081 responses    
  [OK]                  33882 responses   
  [Canceled]            370 responses     

Error distribution:
  [1081]   rpc error: code = ResourceExhausted desc = Client id e55f78ed-1e2f-438c-89d3-2fdcd70fc75e request expired in queue.   
  [370]    rpc error: code = Canceled desc = grpc: the client connection is closing                                              

Debug: Checking Namespace=default, Pod=ms-10090-6454f977fd-tnmsq for Target File=deathstar_*.output
Namespace: default, Pod: ms-10090-6454f977fd-tnmsq has the target files.
Copying deathstar_ms-10090.output to deathstar_ms-10090.output
tar: removing leading '/' from member names
Debug: Checking Namespace=default, Pod=ms-13558-b48bb5d9d-2nzbr for Target File=deathstar_*.output
Namespace: default, Pod: ms-13558-b48bb5d9d-2nzbr has the target files.
Copying deathstar_ms-13558.output to deathstar_ms-13558.output
tar: removing leading '/' from member names
Debug: Checking Namespace=default, Pod=ms-18330-759d9cf49c-r6ff4 for Target File=deathstar_*.output
Namespace: default, Pod: ms-18330-759d9cf49c-r6ff4 has the target files.
Copying deathstar_ms-18330.output to deathstar_ms-18330.output
tar: removing leading '/' from member names
Debug: Checking Namespace=default, Pod=ms-19585-6f995cfcbf-5psf5 for Target File=deathstar_*.output
Namespace: default, Pod: ms-19585-6f995cfcbf-5psf5 has the target files.
Copying deathstar_ms-19585.output to deathstar_ms-19585.output
tar: removing leading '/' from member names
Debug: Checking Namespace=default, Pod=ms-20172-59d5485464-cgfmr for Target File=deathstar_*.output
Namespace: default, Pod: ms-20172-59d5485464-cgfmr has the target files.
Copying deathstar_ms-20172.output to deathstar_ms-20172.output
tar: removing leading '/' from member names
Debug: Checking Namespace=default, Pod=ms-22893-576fd5f9f6-7cv2g for Target File=deathstar_*.output
Namespace: default, Pod: ms-22893-576fd5f9f6-7cv2g has the target files.
Copying deathstar_ms-22893.output to deathstar_ms-22893.output
tar: removing leading '/' from member names
Debug: Checking Namespace=default, Pod=ms-24009-67dbf5b976-c5nz5 for Target File=deathstar_*.output
Namespace: default, Pod: ms-24009-67dbf5b976-c5nz5 has the target files.
Copying deathstar_ms-24009.output to deathstar_ms-24009.output
tar: removing leading '/' from member names
Debug: Checking Namespace=default, Pod=ms-24959-99f8bbf9-4ghgr for Target File=deathstar_*.output
Namespace: default, Pod: ms-24959-99f8bbf9-4ghgr has the target files.
Copying deathstar_ms-24959.output to deathstar_ms-24959.output
tar: removing leading '/' from member names
Debug: Checking Namespace=default, Pod=ms-26622-66fdf7d64f-qcpg5 for Target File=deathstar_*.output
Namespace: default, Pod: ms-26622-66fdf7d64f-qcpg5 has the target files.
Copying deathstar_ms-26622.output to deathstar_ms-26622.output
tar: removing leading '/' from member names
Debug: Checking Namespace=default, Pod=ms-27421-64f549855c-xfxd4 for Target File=deathstar_*.output
Namespace: default, Pod: ms-27421-64f549855c-xfxd4 has the target files.
Copying deathstar_ms-27421.output to deathstar_ms-27421.output
tar: removing leading '/' from member names
Debug: Checking Namespace=default, Pod=ms-29373-8467f7db44-g7hz4 for Target File=deathstar_*.output
Namespace: default, Pod: ms-29373-8467f7db44-g7hz4 has the target files.
Copying deathstar_ms-29373.output to deathstar_ms-29373.output
tar: removing leading '/' from member names
Debug: Checking Namespace=default, Pod=ms-32301-c5654bbc5-2whgk for Target File=deathstar_*.output
Namespace: default, Pod: ms-32301-c5654bbc5-2whgk has the target files.
Copying deathstar_ms-32301.output to deathstar_ms-32301.output
tar: removing leading '/' from member names
Debug: Checking Namespace=default, Pod=ms-3289-587dbd96bf-wh7v8 for Target File=deathstar_*.output
Namespace: default, Pod: ms-3289-587dbd96bf-wh7v8 has the target files.
Copying deathstar_ms-3289.output to deathstar_ms-3289.output
tar: removing leading '/' from member names
Debug: Checking Namespace=default, Pod=ms-37691-6dc6cd6744-4g7x2 for Target File=deathstar_*.output
Namespace: default, Pod: ms-37691-6dc6cd6744-4g7x2 has the target files.
Copying deathstar_ms-37691.output to deathstar_ms-37691.output
tar: removing leading '/' from member names
Debug: Checking Namespace=default, Pod=ms-38964-5b647cdbd-z2xwv for Target File=deathstar_*.output
Namespace: default, Pod: ms-38964-5b647cdbd-z2xwv has the target files.
Copying deathstar_ms-38964.output to deathstar_ms-38964.output
tar: removing leading '/' from member names
Debug: Checking Namespace=default, Pod=ms-40147-cd867585-bch8c for Target File=deathstar_*.output
Namespace: default, Pod: ms-40147-cd867585-bch8c has the target files.
Copying deathstar_ms-40147.output to deathstar_ms-40147.output
tar: removing leading '/' from member names
Debug: Checking Namespace=default, Pod=ms-48118-ff7b99cc9-422wj for Target File=deathstar_*.output
Namespace: default, Pod: ms-48118-ff7b99cc9-422wj has the target files.
Copying deathstar_ms-48118.output to deathstar_ms-48118.output
tar: removing leading '/' from member names
Debug: Checking Namespace=default, Pod=ms-4829-669557b66c-cd7ws for Target File=deathstar_*.output
Namespace: default, Pod: ms-4829-669557b66c-cd7ws has the target files.
Copying deathstar_ms-4829.output to deathstar_ms-4829.output
tar: removing leading '/' from member names
Debug: Checking Namespace=default, Pod=ms-51685-79858c784f-5fc4d for Target File=deathstar_*.output
Namespace: default, Pod: ms-51685-79858c784f-5fc4d has the target files.
Copying deathstar_ms-51685.output to deathstar_ms-51685.output
tar: removing leading '/' from member names
Debug: Checking Namespace=default, Pod=ms-52379-57c6cdd54b-rqcw4 for Target File=deathstar_*.output
Namespace: default, Pod: ms-52379-57c6cdd54b-rqcw4 has the target files.
Copying deathstar_ms-52379.output to deathstar_ms-52379.output
tar: removing leading '/' from member names
Debug: Checking Namespace=default, Pod=ms-55394-6f999f5df9-j494l for Target File=deathstar_*.output
Namespace: default, Pod: ms-55394-6f999f5df9-j494l has the target files.
Copying deathstar_ms-55394.output to deathstar_ms-55394.output
tar: removing leading '/' from member names
Debug: Checking Namespace=default, Pod=ms-58436-59dd96f659-j2g2s for Target File=deathstar_*.output
Namespace: default, Pod: ms-58436-59dd96f659-j2g2s has the target files.
Copying deathstar_ms-58436.output to deathstar_ms-58436.output
tar: removing leading '/' from member names
Debug: Checking Namespace=default, Pod=ms-58772-68ff78c966-jvwvx for Target File=deathstar_*.output
Namespace: default, Pod: ms-58772-68ff78c966-jvwvx has the target files.
Copying deathstar_ms-58772.output to deathstar_ms-58772.output
tar: removing leading '/' from member names
Debug: Checking Namespace=default, Pod=ms-59962-756b895b58-q5bks for Target File=deathstar_*.output
Namespace: default, Pod: ms-59962-756b895b58-q5bks has the target files.
Copying deathstar_ms-59962.output to deathstar_ms-59962.output
tar: removing leading '/' from member names
Debug: Checking Namespace=default, Pod=ms-60061-68bd84bdcd-t44tr for Target File=deathstar_*.output
Namespace: default, Pod: ms-60061-68bd84bdcd-t44tr has the target files.
Copying deathstar_ms-60061.output to deathstar_ms-60061.output
tar: removing leading '/' from member names
Debug: Checking Namespace=default, Pod=ms-6323-974659fcd-p47k4 for Target File=deathstar_*.output
Namespace: default, Pod: ms-6323-974659fcd-p47k4 has the target files.
Copying deathstar_ms-6323.output to deathstar_ms-6323.output
tar: removing leading '/' from member names
Debug: Checking Namespace=default, Pod=ms-65741-65f588bcdf-j5hbp for Target File=deathstar_*.output
Namespace: default, Pod: ms-65741-65f588bcdf-j5hbp has the target files.
Copying deathstar_ms-65741.output to deathstar_ms-65741.output
tar: removing leading '/' from member names
Debug: Checking Namespace=default, Pod=ms-66473-79c66f8bff-5f2gt for Target File=deathstar_*.output
Namespace: default, Pod: ms-66473-79c66f8bff-5f2gt has the target files.
Copying deathstar_ms-66473.output to deathstar_ms-66473.output
tar: removing leading '/' from member names
Debug: Checking Namespace=default, Pod=ms-69188-65c548d4cb-xcm4t for Target File=deathstar_*.output
Namespace: default, Pod: ms-69188-65c548d4cb-xcm4t has the target files.
Copying deathstar_ms-69188.output to deathstar_ms-69188.output
tar: removing leading '/' from member names
Debug: Checking Namespace=default, Pod=ms-69614-794bd8475-fwr5w for Target File=deathstar_*.output
Namespace: default, Pod: ms-69614-794bd8475-fwr5w has the target files.
Copying deathstar_ms-69614.output to deathstar_ms-69614.output
tar: removing leading '/' from member names
Debug: Checking Namespace=default, Pod=ms-9081-567985788-t7xdh for Target File=deathstar_*.output
Namespace: default, Pod: ms-9081-567985788-t7xdh has the target files.
Copying deathstar_ms-9081.output to deathstar_ms-9081.output
tar: removing leading '/' from member names
Debug: Checking Namespace=default, Pod=nginx-web-server-56557f7cb7-gf7p9 for Target File=deathstar_*.output
Namespace: default, Pod: nginx-web-server-56557f7cb7-gf7p9 has the target files.
Copying deathstar_nginx-web-server.output to deathstar_nginx-web-server.output
tar: removing leading '/' from member names
Debug: Checking Namespace=default, Pod=unknown-6ddf9bd4b5-nc9j4 for Target File=deathstar_*.output
Namespace: default, Pod: unknown-6ddf9bd4b5-nc9j4 has the target files.
Copying deathstar_unknown.output to deathstar_unknown.output
tar: removing leading '/' from member names
