Deployments: ms-10090
ms-13558
ms-18330
ms-19585
ms-20172
ms-22893
ms-24009
ms-24959
ms-26622
ms-27421
ms-29373
ms-32301
ms-3289
ms-37691
ms-38964
ms-40147
ms-48118
ms-4829
ms-51685
ms-52379
ms-55394
ms-58436
ms-58772
ms-59962
ms-60061
ms-6323
ms-65741
ms-66473
ms-69188
ms-69614
ms-9081
nginx-web-server
unknown
deployment "ms-10090" successfully rolled out
deployment "ms-13558" successfully rolled out
deployment "ms-18330" successfully rolled out
deployment "ms-19585" successfully rolled out
deployment "ms-20172" successfully rolled out
deployment "ms-22893" successfully rolled out
deployment "ms-24009" successfully rolled out
deployment "ms-24959" successfully rolled out
deployment "ms-26622" successfully rolled out
deployment "ms-27421" successfully rolled out
deployment "ms-29373" successfully rolled out
deployment "ms-32301" successfully rolled out
deployment "ms-3289" successfully rolled out
deployment "ms-37691" successfully rolled out
deployment "ms-38964" successfully rolled out
deployment "ms-40147" successfully rolled out
deployment "ms-48118" successfully rolled out
deployment "ms-4829" successfully rolled out
deployment "ms-51685" successfully rolled out
deployment "ms-52379" successfully rolled out
deployment "ms-55394" successfully rolled out
deployment "ms-58436" successfully rolled out
deployment "ms-58772" successfully rolled out
deployment "ms-59962" successfully rolled out
deployment "ms-60061" successfully rolled out
deployment "ms-6323" successfully rolled out
deployment "ms-65741" successfully rolled out
deployment "ms-66473" successfully rolled out
deployment "ms-69188" successfully rolled out
deployment "ms-69614" successfully rolled out
deployment "ms-9081" successfully rolled out
deployment "nginx-web-server" successfully rolled out
deployment "unknown" successfully rolled out
ENTRY_POINT: nginx-web-server
SERVICE_A_URL: 10.110.145.204:50051
Capacity: 10000
Metadata: request-id={{.RequestNumber}}
Metadata: timestamp={{.TimestampUnix}}
Metadata: method=S_149998854
Charon Configurations:
[{INTERCEPT breakwater} {PRICE_UPDATE_RATE 10ms} {TOKEN_UPDATE_RATE 10ms} {LATENCY_THRESHOLD 100us} {PRICE_STEP 0} {PRICE_STRATEGY step} {LAZY_UPDATE false} {RATE_LIMITING true} {LOAD_SHEDDING true} {CHARON_TRACK_PRICE false} {BREAKWATER_SLO 11217us} {BREAKWATER_A 4.089044994630349} {BREAKWATER_B 1.7562348727818908} {BREAKWATER_CLIENT_EXPIRATION 136us} {BREAKWATER_INITIAL_CREDIT 1341} {BREAKWATER_LOAD_SHEDDING true} {BREAKWATER_RTT 8346us} {BREAKWATERD_SLO 12500us} {BREAKWATERD_A 0.001} {BREAKWATERD_B 0.02} {BREAKWATERD_CLIENT_EXPIRATION 10ms} {BREAKWATERD_INITIAL_CREDIT 400} {BREAKWATERD_LOAD_SHEDDING true} {BREAKWATERD_RTT 1000us} {DAGOR_QUEUING_THRESHOLD 2ms} {DAGOR_ALPHA 0.05} {DAGOR_BETA 0.01} {DAGOR_ADMISSION_LEVEL_UPDATE_INTERVAL 10ms} {DAGOR_UMAX 20}]

Summary:
  Count:	70350
  Total:	25.00 s
  Slowest:	1.03 s
  Fastest:	110.88 ms
  Average:	493.45 ms
  Requests/sec:	2813.95

Response time histogram:
  110.882  [1]     |
  202.698  [23887] |∎∎∎∎∎∎∎∎∎∎∎∎∎∎∎∎∎∎∎∎∎∎∎∎∎∎∎∎∎∎∎∎∎∎∎∎∎∎∎∎
  294.514  [570]   |∎
  386.330  [950]   |∎∎
  478.146  [2442]  |∎∎∎∎
  569.962  [2591]  |∎∎∎∎
  661.778  [1580]  |∎∎∎
  753.594  [800]   |∎
  845.411  [1517]  |∎∎∎
  937.227  [1167]  |∎∎
  1029.043 [1062]  |∎∎

Latency distribution:
  10 % in 112.94 ms 
  25 % in 115.25 ms 
  50 % in 131.02 ms 
  75 % in 465.09 ms 
  90 % in 759.03 ms 
  95 % in 880.09 ms 
  99 % in 983.93 ms 

Status code distribution:
  [DeadlineExceeded]    23832 responses   
  [Canceled]            339 responses     
  [OK]                  36567 responses   
  [ResourceExhausted]   9612 responses    

Error distribution:
  [9612]    rpc error: code = ResourceExhausted desc = Server-side queuing delay is beyond AQM threshold   
  [23832]   rpc error: code = DeadlineExceeded desc = context deadline exceeded                            
  [339]     rpc error: code = Canceled desc = grpc: the client connection is closing                       

Debug: Checking Namespace=default, Pod=ms-10090-6454f977fd-t22bl for Target File=deathstar_*.output
Namespace: default, Pod: ms-10090-6454f977fd-t22bl has the target files.
Copying deathstar_ms-10090.output to deathstar_ms-10090.output
tar: removing leading '/' from member names
Debug: Checking Namespace=default, Pod=ms-13558-b48bb5d9d-wwqks for Target File=deathstar_*.output
Namespace: default, Pod: ms-13558-b48bb5d9d-wwqks has the target files.
Copying deathstar_ms-13558.output to deathstar_ms-13558.output
tar: removing leading '/' from member names
Debug: Checking Namespace=default, Pod=ms-18330-759d9cf49c-wmmk8 for Target File=deathstar_*.output
Namespace: default, Pod: ms-18330-759d9cf49c-wmmk8 has the target files.
Copying deathstar_ms-18330.output to deathstar_ms-18330.output
tar: removing leading '/' from member names
Debug: Checking Namespace=default, Pod=ms-19585-6f995cfcbf-r6nhh for Target File=deathstar_*.output
Namespace: default, Pod: ms-19585-6f995cfcbf-r6nhh has the target files.
Copying deathstar_ms-19585.output to deathstar_ms-19585.output
tar: removing leading '/' from member names
Debug: Checking Namespace=default, Pod=ms-20172-59d5485464-kr2k6 for Target File=deathstar_*.output
Namespace: default, Pod: ms-20172-59d5485464-kr2k6 has the target files.
Copying deathstar_ms-20172.output to deathstar_ms-20172.output
tar: removing leading '/' from member names
Debug: Checking Namespace=default, Pod=ms-22893-576fd5f9f6-95mgz for Target File=deathstar_*.output
Namespace: default, Pod: ms-22893-576fd5f9f6-95mgz has the target files.
Copying deathstar_ms-22893.output to deathstar_ms-22893.output
tar: removing leading '/' from member names
Debug: Checking Namespace=default, Pod=ms-24009-67dbf5b976-zpb54 for Target File=deathstar_*.output
Namespace: default, Pod: ms-24009-67dbf5b976-zpb54 has the target files.
Copying deathstar_ms-24009.output to deathstar_ms-24009.output
tar: removing leading '/' from member names
Debug: Checking Namespace=default, Pod=ms-24959-99f8bbf9-6jtc5 for Target File=deathstar_*.output
Namespace: default, Pod: ms-24959-99f8bbf9-6jtc5 has the target files.
Copying deathstar_ms-24959.output to deathstar_ms-24959.output
tar: removing leading '/' from member names
Debug: Checking Namespace=default, Pod=ms-26622-66fdf7d64f-9rfwm for Target File=deathstar_*.output
Namespace: default, Pod: ms-26622-66fdf7d64f-9rfwm has the target files.
Copying deathstar_ms-26622.output to deathstar_ms-26622.output
tar: removing leading '/' from member names
Debug: Checking Namespace=default, Pod=ms-27421-64f549855c-542gg for Target File=deathstar_*.output
Namespace: default, Pod: ms-27421-64f549855c-542gg has the target files.
Copying deathstar_ms-27421.output to deathstar_ms-27421.output
tar: removing leading '/' from member names
Debug: Checking Namespace=default, Pod=ms-29373-8467f7db44-9f7zf for Target File=deathstar_*.output
Namespace: default, Pod: ms-29373-8467f7db44-9f7zf has the target files.
Copying deathstar_ms-29373.output to deathstar_ms-29373.output
tar: removing leading '/' from member names
Debug: Checking Namespace=default, Pod=ms-32301-c5654bbc5-xwqkt for Target File=deathstar_*.output
Namespace: default, Pod: ms-32301-c5654bbc5-xwqkt has the target files.
Copying deathstar_ms-32301.output to deathstar_ms-32301.output
tar: removing leading '/' from member names
Debug: Checking Namespace=default, Pod=ms-3289-587dbd96bf-52ms4 for Target File=deathstar_*.output
Namespace: default, Pod: ms-3289-587dbd96bf-52ms4 has the target files.
Copying deathstar_ms-3289.output to deathstar_ms-3289.output
tar: removing leading '/' from member names
Debug: Checking Namespace=default, Pod=ms-37691-6dc6cd6744-srmcf for Target File=deathstar_*.output
Namespace: default, Pod: ms-37691-6dc6cd6744-srmcf has the target files.
Copying deathstar_ms-37691.output to deathstar_ms-37691.output
tar: removing leading '/' from member names
Debug: Checking Namespace=default, Pod=ms-38964-5b647cdbd-64pqr for Target File=deathstar_*.output
Namespace: default, Pod: ms-38964-5b647cdbd-64pqr has the target files.
Copying deathstar_ms-38964.output to deathstar_ms-38964.output
tar: removing leading '/' from member names
Debug: Checking Namespace=default, Pod=ms-40147-cd867585-7wzxd for Target File=deathstar_*.output
Namespace: default, Pod: ms-40147-cd867585-7wzxd has the target files.
Copying deathstar_ms-40147.output to deathstar_ms-40147.output
tar: removing leading '/' from member names
Debug: Checking Namespace=default, Pod=ms-48118-ff7b99cc9-ppg4s for Target File=deathstar_*.output
Namespace: default, Pod: ms-48118-ff7b99cc9-ppg4s has the target files.
Copying deathstar_ms-48118.output to deathstar_ms-48118.output
tar: removing leading '/' from member names
Debug: Checking Namespace=default, Pod=ms-4829-669557b66c-mtbf8 for Target File=deathstar_*.output
Namespace: default, Pod: ms-4829-669557b66c-mtbf8 has the target files.
Copying deathstar_ms-4829.output to deathstar_ms-4829.output
tar: removing leading '/' from member names
Debug: Checking Namespace=default, Pod=ms-51685-79858c784f-x7xd4 for Target File=deathstar_*.output
Namespace: default, Pod: ms-51685-79858c784f-x7xd4 has the target files.
Copying deathstar_ms-51685.output to deathstar_ms-51685.output
tar: removing leading '/' from member names
Debug: Checking Namespace=default, Pod=ms-52379-57c6cdd54b-6qnkd for Target File=deathstar_*.output
Namespace: default, Pod: ms-52379-57c6cdd54b-6qnkd has the target files.
Copying deathstar_ms-52379.output to deathstar_ms-52379.output
tar: removing leading '/' from member names
Debug: Checking Namespace=default, Pod=ms-55394-6f999f5df9-sz5ch for Target File=deathstar_*.output
Namespace: default, Pod: ms-55394-6f999f5df9-sz5ch has the target files.
Copying deathstar_ms-55394.output to deathstar_ms-55394.output
tar: removing leading '/' from member names
Debug: Checking Namespace=default, Pod=ms-58436-59dd96f659-46mjw for Target File=deathstar_*.output
Namespace: default, Pod: ms-58436-59dd96f659-46mjw has the target files.
Copying deathstar_ms-58436.output to deathstar_ms-58436.output
tar: removing leading '/' from member names
Debug: Checking Namespace=default, Pod=ms-58772-68ff78c966-h5kss for Target File=deathstar_*.output
Namespace: default, Pod: ms-58772-68ff78c966-h5kss has the target files.
Copying deathstar_ms-58772.output to deathstar_ms-58772.output
tar: removing leading '/' from member names
Debug: Checking Namespace=default, Pod=ms-59962-756b895b58-vrrf7 for Target File=deathstar_*.output
Namespace: default, Pod: ms-59962-756b895b58-vrrf7 has the target files.
Copying deathstar_ms-59962.output to deathstar_ms-59962.output
tar: removing leading '/' from member names
Debug: Checking Namespace=default, Pod=ms-60061-68bd84bdcd-2kh8c for Target File=deathstar_*.output
Namespace: default, Pod: ms-60061-68bd84bdcd-2kh8c has the target files.
Copying deathstar_ms-60061.output to deathstar_ms-60061.output
tar: removing leading '/' from member names
Debug: Checking Namespace=default, Pod=ms-6323-974659fcd-mmvvc for Target File=deathstar_*.output
Namespace: default, Pod: ms-6323-974659fcd-mmvvc has the target files.
Copying deathstar_ms-6323.output to deathstar_ms-6323.output
tar: removing leading '/' from member names
Debug: Checking Namespace=default, Pod=ms-65741-65f588bcdf-78qk4 for Target File=deathstar_*.output
Namespace: default, Pod: ms-65741-65f588bcdf-78qk4 has the target files.
Copying deathstar_ms-65741.output to deathstar_ms-65741.output
tar: removing leading '/' from member names
Debug: Checking Namespace=default, Pod=ms-66473-79c66f8bff-r6qlf for Target File=deathstar_*.output
Namespace: default, Pod: ms-66473-79c66f8bff-r6qlf has the target files.
Copying deathstar_ms-66473.output to deathstar_ms-66473.output
tar: removing leading '/' from member names
Debug: Checking Namespace=default, Pod=ms-69188-65c548d4cb-2vcrh for Target File=deathstar_*.output
Namespace: default, Pod: ms-69188-65c548d4cb-2vcrh has the target files.
Copying deathstar_ms-69188.output to deathstar_ms-69188.output
tar: removing leading '/' from member names
Debug: Checking Namespace=default, Pod=ms-69614-794bd8475-7f75t for Target File=deathstar_*.output
Namespace: default, Pod: ms-69614-794bd8475-7f75t has the target files.
Copying deathstar_ms-69614.output to deathstar_ms-69614.output
tar: removing leading '/' from member names
Debug: Checking Namespace=default, Pod=ms-9081-567985788-8pj9n for Target File=deathstar_*.output
Namespace: default, Pod: ms-9081-567985788-8pj9n has the target files.
Copying deathstar_ms-9081.output to deathstar_ms-9081.output
tar: removing leading '/' from member names
Debug: Checking Namespace=default, Pod=nginx-web-server-56557f7cb7-9zdcs for Target File=deathstar_*.output
Namespace: default, Pod: nginx-web-server-56557f7cb7-9zdcs has the target files.
Copying deathstar_nginx-web-server.output to deathstar_nginx-web-server.output
tar: removing leading '/' from member names
Debug: Checking Namespace=default, Pod=unknown-6ddf9bd4b5-kb42v for Target File=deathstar_*.output
Namespace: default, Pod: unknown-6ddf9bd4b5-kb42v has the target files.
Copying deathstar_unknown.output to deathstar_unknown.output
tar: removing leading '/' from member names
