Deployments: ms-10090
ms-13558
ms-18330
ms-19585
ms-20172
ms-22893
ms-24009
ms-24959
ms-26622
ms-27421
ms-29373
ms-32301
ms-3289
ms-37691
ms-38964
ms-40147
ms-48118
ms-4829
ms-51685
ms-52379
ms-55394
ms-58436
ms-58772
ms-59962
ms-60061
ms-6323
ms-65741
ms-66473
ms-69188
ms-69614
ms-9081
nginx-web-server
unknown
deployment "ms-10090" successfully rolled out
deployment "ms-13558" successfully rolled out
deployment "ms-18330" successfully rolled out
deployment "ms-19585" successfully rolled out
deployment "ms-20172" successfully rolled out
deployment "ms-22893" successfully rolled out
deployment "ms-24009" successfully rolled out
deployment "ms-24959" successfully rolled out
deployment "ms-26622" successfully rolled out
deployment "ms-27421" successfully rolled out
deployment "ms-29373" successfully rolled out
deployment "ms-32301" successfully rolled out
deployment "ms-3289" successfully rolled out
deployment "ms-37691" successfully rolled out
deployment "ms-38964" successfully rolled out
deployment "ms-40147" successfully rolled out
deployment "ms-48118" successfully rolled out
deployment "ms-4829" successfully rolled out
deployment "ms-51685" successfully rolled out
deployment "ms-52379" successfully rolled out
deployment "ms-55394" successfully rolled out
deployment "ms-58436" successfully rolled out
deployment "ms-58772" successfully rolled out
deployment "ms-59962" successfully rolled out
deployment "ms-60061" successfully rolled out
deployment "ms-6323" successfully rolled out
deployment "ms-65741" successfully rolled out
deployment "ms-66473" successfully rolled out
deployment "ms-69188" successfully rolled out
deployment "ms-69614" successfully rolled out
deployment "ms-9081" successfully rolled out
deployment "nginx-web-server" successfully rolled out
deployment "unknown" successfully rolled out
ENTRY_POINT: nginx-web-server
SERVICE_A_URL: 10.96.234.236:50051
Capacity: 10000
Metadata: request-id={{.RequestNumber}}
Metadata: timestamp={{.TimestampUnix}}
Metadata: method=S_149998854
Charon Configurations:
[{INTERCEPT breakwater} {PRICE_UPDATE_RATE 10ms} {TOKEN_UPDATE_RATE 10ms} {LATENCY_THRESHOLD 100us} {PRICE_STEP 0} {PRICE_STRATEGY step} {LAZY_UPDATE false} {RATE_LIMITING true} {LOAD_SHEDDING true} {CHARON_TRACK_PRICE false} {BREAKWATER_SLO 13877us} {BREAKWATER_A 2.8077387719046754} {BREAKWATER_B 0.3962029781697576} {BREAKWATER_CLIENT_EXPIRATION 4003us} {BREAKWATER_INITIAL_CREDIT 1936} {BREAKWATER_LOAD_SHEDDING true} {BREAKWATER_RTT 6268us} {BREAKWATERD_SLO 12500us} {BREAKWATERD_A 0.001} {BREAKWATERD_B 0.02} {BREAKWATERD_CLIENT_EXPIRATION 10ms} {BREAKWATERD_INITIAL_CREDIT 400} {BREAKWATERD_LOAD_SHEDDING true} {BREAKWATERD_RTT 1000us} {DAGOR_QUEUING_THRESHOLD 2ms} {DAGOR_ALPHA 0.05} {DAGOR_BETA 0.01} {DAGOR_ADMISSION_LEVEL_UPDATE_INTERVAL 10ms} {DAGOR_UMAX 20}]

Summary:
  Count:	78712
  Total:	25.00 s
  Slowest:	1.05 s
  Fastest:	110.80 ms
  Average:	563.07 ms
  Requests/sec:	3148.34

Response time histogram:
  110.803  [1]     |
  204.243  [20866] |∎∎∎∎∎∎∎∎∎∎∎∎∎∎∎∎∎∎∎∎∎∎∎∎∎∎∎∎∎∎∎∎∎∎∎∎∎∎∎∎
  297.683  [2598]  |∎∎∎∎∎
  391.124  [687]   |∎
  484.564  [1145]  |∎∎
  578.004  [1036]  |∎∎
  671.444  [783]   |∎∎
  764.884  [1638]  |∎∎∎
  858.324  [2115]  |∎∎∎∎
  951.764  [2989]  |∎∎∎∎∎∎
  1045.204 [875]   |∎∎

Latency distribution:
  10 % in 112.97 ms 
  25 % in 116.15 ms 
  50 % in 165.44 ms 
  75 % in 548.65 ms 
  90 % in 869.57 ms 
  95 % in 914.34 ms 
  99 % in 979.03 ms 

Status code distribution:
  [Canceled]            661 responses     
  [OK]                  34733 responses   
  [ResourceExhausted]   11160 responses   
  [DeadlineExceeded]    32158 responses   

Error distribution:
  [11160]   rpc error: code = ResourceExhausted desc = Server-side queuing delay is beyond AQM threshold   
  [32158]   rpc error: code = DeadlineExceeded desc = context deadline exceeded                            
  [661]     rpc error: code = Canceled desc = grpc: the client connection is closing                       

Debug: Checking Namespace=default, Pod=ms-10090-6454f977fd-g5sjs for Target File=deathstar_*.output
Namespace: default, Pod: ms-10090-6454f977fd-g5sjs has the target files.
Copying deathstar_ms-10090.output to deathstar_ms-10090.output
tar: removing leading '/' from member names
Debug: Checking Namespace=default, Pod=ms-13558-b48bb5d9d-dmkxj for Target File=deathstar_*.output
Namespace: default, Pod: ms-13558-b48bb5d9d-dmkxj has the target files.
Copying deathstar_ms-13558.output to deathstar_ms-13558.output
tar: removing leading '/' from member names
Debug: Checking Namespace=default, Pod=ms-18330-759d9cf49c-jcrnt for Target File=deathstar_*.output
Namespace: default, Pod: ms-18330-759d9cf49c-jcrnt has the target files.
Copying deathstar_ms-18330.output to deathstar_ms-18330.output
tar: removing leading '/' from member names
Debug: Checking Namespace=default, Pod=ms-19585-6f995cfcbf-8m7qt for Target File=deathstar_*.output
Namespace: default, Pod: ms-19585-6f995cfcbf-8m7qt has the target files.
Copying deathstar_ms-19585.output to deathstar_ms-19585.output
tar: removing leading '/' from member names
Debug: Checking Namespace=default, Pod=ms-20172-59d5485464-c8hxt for Target File=deathstar_*.output
Namespace: default, Pod: ms-20172-59d5485464-c8hxt has the target files.
Copying deathstar_ms-20172.output to deathstar_ms-20172.output
tar: removing leading '/' from member names
Debug: Checking Namespace=default, Pod=ms-22893-576fd5f9f6-h9lkj for Target File=deathstar_*.output
Namespace: default, Pod: ms-22893-576fd5f9f6-h9lkj has the target files.
Copying deathstar_ms-22893.output to deathstar_ms-22893.output
tar: removing leading '/' from member names
Debug: Checking Namespace=default, Pod=ms-24009-67dbf5b976-5mh68 for Target File=deathstar_*.output
Namespace: default, Pod: ms-24009-67dbf5b976-5mh68 has the target files.
Copying deathstar_ms-24009.output to deathstar_ms-24009.output
tar: removing leading '/' from member names
Debug: Checking Namespace=default, Pod=ms-24959-99f8bbf9-rfb6r for Target File=deathstar_*.output
Namespace: default, Pod: ms-24959-99f8bbf9-rfb6r has the target files.
Copying deathstar_ms-24959.output to deathstar_ms-24959.output
tar: removing leading '/' from member names
Debug: Checking Namespace=default, Pod=ms-26622-66fdf7d64f-sxl8n for Target File=deathstar_*.output
Namespace: default, Pod: ms-26622-66fdf7d64f-sxl8n has the target files.
Copying deathstar_ms-26622.output to deathstar_ms-26622.output
tar: removing leading '/' from member names
Debug: Checking Namespace=default, Pod=ms-27421-64f549855c-z6x5m for Target File=deathstar_*.output
Namespace: default, Pod: ms-27421-64f549855c-z6x5m has the target files.
Copying deathstar_ms-27421.output to deathstar_ms-27421.output
tar: removing leading '/' from member names
Debug: Checking Namespace=default, Pod=ms-29373-8467f7db44-zqdrg for Target File=deathstar_*.output
Namespace: default, Pod: ms-29373-8467f7db44-zqdrg has the target files.
Copying deathstar_ms-29373.output to deathstar_ms-29373.output
tar: removing leading '/' from member names
Debug: Checking Namespace=default, Pod=ms-32301-c5654bbc5-j7dwh for Target File=deathstar_*.output
Namespace: default, Pod: ms-32301-c5654bbc5-j7dwh has the target files.
Copying deathstar_ms-32301.output to deathstar_ms-32301.output
tar: removing leading '/' from member names
Debug: Checking Namespace=default, Pod=ms-3289-587dbd96bf-pw7l9 for Target File=deathstar_*.output
Namespace: default, Pod: ms-3289-587dbd96bf-pw7l9 has the target files.
Copying deathstar_ms-3289.output to deathstar_ms-3289.output
tar: removing leading '/' from member names
Debug: Checking Namespace=default, Pod=ms-37691-6dc6cd6744-4rrbg for Target File=deathstar_*.output
Namespace: default, Pod: ms-37691-6dc6cd6744-4rrbg has the target files.
Copying deathstar_ms-37691.output to deathstar_ms-37691.output
tar: removing leading '/' from member names
Debug: Checking Namespace=default, Pod=ms-38964-5b647cdbd-fbpfp for Target File=deathstar_*.output
Namespace: default, Pod: ms-38964-5b647cdbd-fbpfp has the target files.
Copying deathstar_ms-38964.output to deathstar_ms-38964.output
tar: removing leading '/' from member names
Debug: Checking Namespace=default, Pod=ms-40147-cd867585-bjd95 for Target File=deathstar_*.output
Namespace: default, Pod: ms-40147-cd867585-bjd95 has the target files.
Copying deathstar_ms-40147.output to deathstar_ms-40147.output
tar: removing leading '/' from member names
Debug: Checking Namespace=default, Pod=ms-48118-ff7b99cc9-8mms5 for Target File=deathstar_*.output
Namespace: default, Pod: ms-48118-ff7b99cc9-8mms5 has the target files.
Copying deathstar_ms-48118.output to deathstar_ms-48118.output
tar: removing leading '/' from member names
Debug: Checking Namespace=default, Pod=ms-4829-669557b66c-ldvd4 for Target File=deathstar_*.output
Namespace: default, Pod: ms-4829-669557b66c-ldvd4 has the target files.
Copying deathstar_ms-4829.output to deathstar_ms-4829.output
tar: removing leading '/' from member names
Debug: Checking Namespace=default, Pod=ms-51685-79858c784f-t5xwc for Target File=deathstar_*.output
Namespace: default, Pod: ms-51685-79858c784f-t5xwc has the target files.
Copying deathstar_ms-51685.output to deathstar_ms-51685.output
tar: removing leading '/' from member names
Debug: Checking Namespace=default, Pod=ms-52379-57c6cdd54b-26xhw for Target File=deathstar_*.output
Namespace: default, Pod: ms-52379-57c6cdd54b-26xhw has the target files.
Copying deathstar_ms-52379.output to deathstar_ms-52379.output
tar: removing leading '/' from member names
Debug: Checking Namespace=default, Pod=ms-55394-6f999f5df9-rl25t for Target File=deathstar_*.output
Namespace: default, Pod: ms-55394-6f999f5df9-rl25t has the target files.
Copying deathstar_ms-55394.output to deathstar_ms-55394.output
tar: removing leading '/' from member names
Debug: Checking Namespace=default, Pod=ms-58436-59dd96f659-774rf for Target File=deathstar_*.output
Namespace: default, Pod: ms-58436-59dd96f659-774rf has the target files.
Copying deathstar_ms-58436.output to deathstar_ms-58436.output
tar: removing leading '/' from member names
Debug: Checking Namespace=default, Pod=ms-58772-68ff78c966-9jxw6 for Target File=deathstar_*.output
Namespace: default, Pod: ms-58772-68ff78c966-9jxw6 has the target files.
Copying deathstar_ms-58772.output to deathstar_ms-58772.output
tar: removing leading '/' from member names
Debug: Checking Namespace=default, Pod=ms-59962-756b895b58-vl7qq for Target File=deathstar_*.output
Namespace: default, Pod: ms-59962-756b895b58-vl7qq has the target files.
Copying deathstar_ms-59962.output to deathstar_ms-59962.output
tar: removing leading '/' from member names
Debug: Checking Namespace=default, Pod=ms-60061-68bd84bdcd-rdk2l for Target File=deathstar_*.output
Namespace: default, Pod: ms-60061-68bd84bdcd-rdk2l has the target files.
Copying deathstar_ms-60061.output to deathstar_ms-60061.output
tar: removing leading '/' from member names
Debug: Checking Namespace=default, Pod=ms-6323-974659fcd-rp9bc for Target File=deathstar_*.output
Namespace: default, Pod: ms-6323-974659fcd-rp9bc has the target files.
Copying deathstar_ms-6323.output to deathstar_ms-6323.output
tar: removing leading '/' from member names
Debug: Checking Namespace=default, Pod=ms-65741-65f588bcdf-hjmg4 for Target File=deathstar_*.output
Namespace: default, Pod: ms-65741-65f588bcdf-hjmg4 has the target files.
Copying deathstar_ms-65741.output to deathstar_ms-65741.output
tar: removing leading '/' from member names
Debug: Checking Namespace=default, Pod=ms-66473-79c66f8bff-x2h7k for Target File=deathstar_*.output
Namespace: default, Pod: ms-66473-79c66f8bff-x2h7k has the target files.
Copying deathstar_ms-66473.output to deathstar_ms-66473.output
tar: removing leading '/' from member names
Debug: Checking Namespace=default, Pod=ms-69188-65c548d4cb-bv77z for Target File=deathstar_*.output
Namespace: default, Pod: ms-69188-65c548d4cb-bv77z has the target files.
Copying deathstar_ms-69188.output to deathstar_ms-69188.output
tar: removing leading '/' from member names
Debug: Checking Namespace=default, Pod=ms-69614-794bd8475-gff99 for Target File=deathstar_*.output
Namespace: default, Pod: ms-69614-794bd8475-gff99 has the target files.
Copying deathstar_ms-69614.output to deathstar_ms-69614.output
tar: removing leading '/' from member names
Debug: Checking Namespace=default, Pod=ms-9081-567985788-dwrts for Target File=deathstar_*.output
Namespace: default, Pod: ms-9081-567985788-dwrts has the target files.
Copying deathstar_ms-9081.output to deathstar_ms-9081.output
tar: removing leading '/' from member names
Debug: Checking Namespace=default, Pod=nginx-web-server-56557f7cb7-vznwz for Target File=deathstar_*.output
Namespace: default, Pod: nginx-web-server-56557f7cb7-vznwz has the target files.
Copying deathstar_nginx-web-server.output to deathstar_nginx-web-server.output
tar: removing leading '/' from member names
Debug: Checking Namespace=default, Pod=unknown-6ddf9bd4b5-m9vlf for Target File=deathstar_*.output
Namespace: default, Pod: unknown-6ddf9bd4b5-m9vlf has the target files.
Copying deathstar_unknown.output to deathstar_unknown.output
tar: removing leading '/' from member names
