Deployments: ms-10090
ms-13558
ms-18330
ms-19585
ms-20172
ms-22893
ms-24009
ms-24959
ms-26622
ms-27421
ms-29373
ms-32301
ms-3289
ms-37691
ms-38964
ms-40147
ms-48118
ms-4829
ms-51685
ms-52379
ms-55394
ms-58436
ms-58772
ms-59962
ms-60061
ms-6323
ms-65741
ms-66473
ms-69188
ms-69614
ms-9081
nginx-web-server
unknown
deployment "ms-10090" successfully rolled out
deployment "ms-13558" successfully rolled out
deployment "ms-18330" successfully rolled out
deployment "ms-19585" successfully rolled out
deployment "ms-20172" successfully rolled out
deployment "ms-22893" successfully rolled out
deployment "ms-24009" successfully rolled out
deployment "ms-24959" successfully rolled out
deployment "ms-26622" successfully rolled out
deployment "ms-27421" successfully rolled out
deployment "ms-29373" successfully rolled out
deployment "ms-32301" successfully rolled out
deployment "ms-3289" successfully rolled out
deployment "ms-37691" successfully rolled out
deployment "ms-38964" successfully rolled out
deployment "ms-40147" successfully rolled out
deployment "ms-48118" successfully rolled out
deployment "ms-4829" successfully rolled out
deployment "ms-51685" successfully rolled out
deployment "ms-52379" successfully rolled out
deployment "ms-55394" successfully rolled out
deployment "ms-58436" successfully rolled out
deployment "ms-58772" successfully rolled out
deployment "ms-59962" successfully rolled out
deployment "ms-60061" successfully rolled out
deployment "ms-6323" successfully rolled out
deployment "ms-65741" successfully rolled out
deployment "ms-66473" successfully rolled out
deployment "ms-69188" successfully rolled out
deployment "ms-69614" successfully rolled out
deployment "ms-9081" successfully rolled out
deployment "nginx-web-server" successfully rolled out
deployment "unknown" successfully rolled out
ENTRY_POINT: nginx-web-server
SERVICE_A_URL: 10.103.143.236:50051
Capacity: 10000
Metadata: request-id={{.RequestNumber}}
Metadata: timestamp={{.TimestampUnix}}
Metadata: method=S_149998854
Charon Configurations:
[{INTERCEPT breakwaterd} {PRICE_UPDATE_RATE 10ms} {TOKEN_UPDATE_RATE 10ms} {LATENCY_THRESHOLD 100us} {PRICE_STEP 0} {PRICE_STRATEGY step} {LAZY_UPDATE false} {RATE_LIMITING true} {LOAD_SHEDDING true} {CHARON_TRACK_PRICE false} {BREAKWATER_SLO 11306us} {BREAKWATER_A 22.7005236421519} {BREAKWATER_B 0.12163670381664993} {BREAKWATER_CLIENT_EXPIRATION 4754us} {BREAKWATER_INITIAL_CREDIT 362} {BREAKWATER_LOAD_SHEDDING true} {BREAKWATER_RTT 10274us} {BREAKWATERD_SLO 49838us} {BREAKWATERD_A 1.5280118517932095} {BREAKWATERD_B 3.2184178108187558} {BREAKWATERD_CLIENT_EXPIRATION 36422us} {BREAKWATERD_INITIAL_CREDIT 1631} {BREAKWATERD_LOAD_SHEDDING true} {BREAKWATERD_RTT 3846us} {DAGOR_QUEUING_THRESHOLD 2ms} {DAGOR_ALPHA 0.05} {DAGOR_BETA 0.01} {DAGOR_ADMISSION_LEVEL_UPDATE_INTERVAL 10ms} {DAGOR_UMAX 20}]

Summary:
  Count:	91302
  Total:	24.99 s
  Slowest:	952.84 ms
  Fastest:	111.27 ms
  Average:	164.10 ms
  Requests/sec:	3653.47

Response time histogram:
  111.266 [1]     |
  195.423 [13605] |∎∎∎∎∎∎∎∎∎∎∎∎∎∎∎∎∎∎∎∎∎∎∎∎∎∎∎∎∎
  279.580 [18921] |∎∎∎∎∎∎∎∎∎∎∎∎∎∎∎∎∎∎∎∎∎∎∎∎∎∎∎∎∎∎∎∎∎∎∎∎∎∎∎∎
  363.737 [9075]  |∎∎∎∎∎∎∎∎∎∎∎∎∎∎∎∎∎∎∎
  447.894 [1315]  |∎∎∎
  532.051 [1047]  |∎∎
  616.209 [1234]  |∎∎∎
  700.366 [591]   |∎
  784.523 [1094]  |∎∎
  868.680 [350]   |∎
  952.837 [28]    |

Latency distribution:
  10 % in 116.02 ms 
  25 % in 183.96 ms 
  50 % in 234.89 ms 
  75 % in 298.92 ms 
  90 % in 401.84 ms 
  95 % in 594.07 ms 
  99 % in 776.54 ms 

Status code distribution:
  [OK]                  47261 responses   
  [ResourceExhausted]   43207 responses   
  [Canceled]            834 responses     

Error distribution:
  [8694]    rpc error: code = ResourceExhausted desc = Client id 99fb0873-58e2-43c3-ac3f-13c1c1df95e8 request expired in queue.   
  [2]       rpc error: code = ResourceExhausted desc = Client id 2d8a38a5-4fc4-42db-aeca-5801abe71135 request expired in queue.   
  [14]      rpc error: code = ResourceExhausted desc = Client id 6d68b9ba-95e6-47b4-8fb4-245cb2a94854 request expired in queue.   
  [9]       rpc error: code = ResourceExhausted desc = Client id 9ae29c51-f8cd-48ee-8486-e1df51451d97 request expired in queue.   
  [834]     rpc error: code = Canceled desc = grpc: the client connection is closing                                              
  [29]      rpc error: code = ResourceExhausted desc = Client id 2b53b292-d7eb-4010-8007-e68ced3fcb6a request expired in queue.   
  [17120]   rpc error: code = ResourceExhausted desc = Client id e79b23b2-9c4d-49f4-8fd3-83fe2b7fecd6 request expired in queue.   
  [9453]    rpc error: code = ResourceExhausted desc = Server-side queuing delay is beyond AQM threshold                          
  [6898]    rpc error: code = ResourceExhausted desc = Client id 7a27e8fd-478b-4ac8-a708-d03d409a1ebc request expired in queue.   
  [37]      rpc error: code = ResourceExhausted desc = Client id 432b52a0-d886-4d39-a3fc-3f033274d57a request expired in queue.   
  [951]     rpc error: code = ResourceExhausted desc = Client id e93551cf-b26e-4e51-9ce9-eb0012e148fe request expired in queue.   

Debug: Checking Namespace=default, Pod=ms-10090-6454f977fd-gcmlp for Target File=deathstar_*.output
Namespace: default, Pod: ms-10090-6454f977fd-gcmlp has the target files.
Copying deathstar_ms-10090.output to deathstar_ms-10090.output
tar: removing leading '/' from member names
Debug: Checking Namespace=default, Pod=ms-13558-b48bb5d9d-9gsrc for Target File=deathstar_*.output
Namespace: default, Pod: ms-13558-b48bb5d9d-9gsrc has the target files.
Copying deathstar_ms-13558.output to deathstar_ms-13558.output
tar: removing leading '/' from member names
Debug: Checking Namespace=default, Pod=ms-18330-759d9cf49c-qm42j for Target File=deathstar_*.output
Namespace: default, Pod: ms-18330-759d9cf49c-qm42j has the target files.
Copying deathstar_ms-18330.output to deathstar_ms-18330.output
tar: removing leading '/' from member names
Debug: Checking Namespace=default, Pod=ms-19585-6f995cfcbf-dqw64 for Target File=deathstar_*.output
Namespace: default, Pod: ms-19585-6f995cfcbf-dqw64 has the target files.
Copying deathstar_ms-19585.output to deathstar_ms-19585.output
tar: removing leading '/' from member names
Debug: Checking Namespace=default, Pod=ms-20172-59d5485464-g2qkb for Target File=deathstar_*.output
Namespace: default, Pod: ms-20172-59d5485464-g2qkb has the target files.
Copying deathstar_ms-20172.output to deathstar_ms-20172.output
tar: removing leading '/' from member names
Debug: Checking Namespace=default, Pod=ms-22893-576fd5f9f6-jljzd for Target File=deathstar_*.output
Namespace: default, Pod: ms-22893-576fd5f9f6-jljzd has the target files.
Copying deathstar_ms-22893.output to deathstar_ms-22893.output
tar: removing leading '/' from member names
Debug: Checking Namespace=default, Pod=ms-24009-67dbf5b976-zb9lw for Target File=deathstar_*.output
Namespace: default, Pod: ms-24009-67dbf5b976-zb9lw has the target files.
Copying deathstar_ms-24009.output to deathstar_ms-24009.output
tar: removing leading '/' from member names
Debug: Checking Namespace=default, Pod=ms-24959-99f8bbf9-hbkrl for Target File=deathstar_*.output
Namespace: default, Pod: ms-24959-99f8bbf9-hbkrl has the target files.
Copying deathstar_ms-24959.output to deathstar_ms-24959.output
tar: removing leading '/' from member names
Debug: Checking Namespace=default, Pod=ms-26622-66fdf7d64f-w8zvx for Target File=deathstar_*.output
Namespace: default, Pod: ms-26622-66fdf7d64f-w8zvx has the target files.
Copying deathstar_ms-26622.output to deathstar_ms-26622.output
tar: removing leading '/' from member names
Debug: Checking Namespace=default, Pod=ms-27421-64f549855c-2gwwq for Target File=deathstar_*.output
Namespace: default, Pod: ms-27421-64f549855c-2gwwq has the target files.
Copying deathstar_ms-27421.output to deathstar_ms-27421.output
tar: removing leading '/' from member names
Debug: Checking Namespace=default, Pod=ms-29373-8467f7db44-k6cjq for Target File=deathstar_*.output
Namespace: default, Pod: ms-29373-8467f7db44-k6cjq has the target files.
Copying deathstar_ms-29373.output to deathstar_ms-29373.output
tar: removing leading '/' from member names
Debug: Checking Namespace=default, Pod=ms-32301-c5654bbc5-6wxnc for Target File=deathstar_*.output
Namespace: default, Pod: ms-32301-c5654bbc5-6wxnc has the target files.
Copying deathstar_ms-32301.output to deathstar_ms-32301.output
tar: removing leading '/' from member names
Debug: Checking Namespace=default, Pod=ms-3289-587dbd96bf-snzd2 for Target File=deathstar_*.output
Namespace: default, Pod: ms-3289-587dbd96bf-snzd2 has the target files.
Copying deathstar_ms-3289.output to deathstar_ms-3289.output
tar: removing leading '/' from member names
Debug: Checking Namespace=default, Pod=ms-37691-6dc6cd6744-dmznx for Target File=deathstar_*.output
Namespace: default, Pod: ms-37691-6dc6cd6744-dmznx has the target files.
Copying deathstar_ms-37691.output to deathstar_ms-37691.output
tar: removing leading '/' from member names
Debug: Checking Namespace=default, Pod=ms-38964-5b647cdbd-7vdj6 for Target File=deathstar_*.output
Namespace: default, Pod: ms-38964-5b647cdbd-7vdj6 has the target files.
Copying deathstar_ms-38964.output to deathstar_ms-38964.output
tar: removing leading '/' from member names
Debug: Checking Namespace=default, Pod=ms-40147-cd867585-jz9gg for Target File=deathstar_*.output
Namespace: default, Pod: ms-40147-cd867585-jz9gg has the target files.
Copying deathstar_ms-40147.output to deathstar_ms-40147.output
tar: removing leading '/' from member names
Debug: Checking Namespace=default, Pod=ms-48118-ff7b99cc9-hflv6 for Target File=deathstar_*.output
Namespace: default, Pod: ms-48118-ff7b99cc9-hflv6 has the target files.
Copying deathstar_ms-48118.output to deathstar_ms-48118.output
tar: removing leading '/' from member names
Debug: Checking Namespace=default, Pod=ms-4829-669557b66c-f69xj for Target File=deathstar_*.output
Namespace: default, Pod: ms-4829-669557b66c-f69xj has the target files.
Copying deathstar_ms-4829.output to deathstar_ms-4829.output
tar: removing leading '/' from member names
Debug: Checking Namespace=default, Pod=ms-51685-79858c784f-bv5mb for Target File=deathstar_*.output
Namespace: default, Pod: ms-51685-79858c784f-bv5mb has the target files.
Copying deathstar_ms-51685.output to deathstar_ms-51685.output
tar: removing leading '/' from member names
Debug: Checking Namespace=default, Pod=ms-52379-57c6cdd54b-tshq8 for Target File=deathstar_*.output
Namespace: default, Pod: ms-52379-57c6cdd54b-tshq8 has the target files.
Copying deathstar_ms-52379.output to deathstar_ms-52379.output
tar: removing leading '/' from member names
Debug: Checking Namespace=default, Pod=ms-55394-6f999f5df9-c8v65 for Target File=deathstar_*.output
Namespace: default, Pod: ms-55394-6f999f5df9-c8v65 has the target files.
Copying deathstar_ms-55394.output to deathstar_ms-55394.output
tar: removing leading '/' from member names
Debug: Checking Namespace=default, Pod=ms-58436-59dd96f659-pmvfd for Target File=deathstar_*.output
Namespace: default, Pod: ms-58436-59dd96f659-pmvfd has the target files.
Copying deathstar_ms-58436.output to deathstar_ms-58436.output
tar: removing leading '/' from member names
Debug: Checking Namespace=default, Pod=ms-58772-68ff78c966-ld44l for Target File=deathstar_*.output
Namespace: default, Pod: ms-58772-68ff78c966-ld44l has the target files.
Copying deathstar_ms-58772.output to deathstar_ms-58772.output
tar: removing leading '/' from member names
Debug: Checking Namespace=default, Pod=ms-59962-756b895b58-f5ffw for Target File=deathstar_*.output
Namespace: default, Pod: ms-59962-756b895b58-f5ffw has the target files.
Copying deathstar_ms-59962.output to deathstar_ms-59962.output
tar: removing leading '/' from member names
Debug: Checking Namespace=default, Pod=ms-60061-68bd84bdcd-jf4x7 for Target File=deathstar_*.output
Namespace: default, Pod: ms-60061-68bd84bdcd-jf4x7 has the target files.
Copying deathstar_ms-60061.output to deathstar_ms-60061.output
tar: removing leading '/' from member names
Debug: Checking Namespace=default, Pod=ms-6323-974659fcd-vzsrh for Target File=deathstar_*.output
Namespace: default, Pod: ms-6323-974659fcd-vzsrh has the target files.
Copying deathstar_ms-6323.output to deathstar_ms-6323.output
tar: removing leading '/' from member names
Debug: Checking Namespace=default, Pod=ms-65741-65f588bcdf-bsggk for Target File=deathstar_*.output
Namespace: default, Pod: ms-65741-65f588bcdf-bsggk has the target files.
Copying deathstar_ms-65741.output to deathstar_ms-65741.output
tar: removing leading '/' from member names
Debug: Checking Namespace=default, Pod=ms-66473-79c66f8bff-zrsr2 for Target File=deathstar_*.output
Namespace: default, Pod: ms-66473-79c66f8bff-zrsr2 has the target files.
Copying deathstar_ms-66473.output to deathstar_ms-66473.output
tar: removing leading '/' from member names
Debug: Checking Namespace=default, Pod=ms-69188-65c548d4cb-szcv2 for Target File=deathstar_*.output
Namespace: default, Pod: ms-69188-65c548d4cb-szcv2 has the target files.
Copying deathstar_ms-69188.output to deathstar_ms-69188.output
tar: removing leading '/' from member names
Debug: Checking Namespace=default, Pod=ms-69614-794bd8475-hsknh for Target File=deathstar_*.output
Namespace: default, Pod: ms-69614-794bd8475-hsknh has the target files.
Copying deathstar_ms-69614.output to deathstar_ms-69614.output
tar: removing leading '/' from member names
Debug: Checking Namespace=default, Pod=ms-9081-567985788-gpgrs for Target File=deathstar_*.output
Namespace: default, Pod: ms-9081-567985788-gpgrs has the target files.
Copying deathstar_ms-9081.output to deathstar_ms-9081.output
tar: removing leading '/' from member names
Debug: Checking Namespace=default, Pod=nginx-web-server-56557f7cb7-sqnk8 for Target File=deathstar_*.output
Namespace: default, Pod: nginx-web-server-56557f7cb7-sqnk8 has the target files.
Copying deathstar_nginx-web-server.output to deathstar_nginx-web-server.output
tar: removing leading '/' from member names
Debug: Checking Namespace=default, Pod=unknown-6ddf9bd4b5-24lbf for Target File=deathstar_*.output
Namespace: default, Pod: unknown-6ddf9bd4b5-24lbf has the target files.
Copying deathstar_unknown.output to deathstar_unknown.output
tar: removing leading '/' from member names
