Deployments: ms-11070
ms-11285
ms-11512
ms-1278
ms-13873
ms-19953
ms-21883
ms-25124
ms-27421
ms-2827
ms-33719
ms-37691
ms-43309
ms-4354
ms-46825
ms-60236
ms-71771
ms-8052
ms-902
nginx-web-server
deployment "ms-11070" successfully rolled out
deployment "ms-11285" successfully rolled out
deployment "ms-11512" successfully rolled out
deployment "ms-1278" successfully rolled out
deployment "ms-13873" successfully rolled out
deployment "ms-19953" successfully rolled out
deployment "ms-21883" successfully rolled out
deployment "ms-25124" successfully rolled out
deployment "ms-27421" successfully rolled out
deployment "ms-2827" successfully rolled out
deployment "ms-33719" successfully rolled out
deployment "ms-37691" successfully rolled out
deployment "ms-43309" successfully rolled out
deployment "ms-4354" successfully rolled out
deployment "ms-46825" successfully rolled out
deployment "ms-60236" successfully rolled out
deployment "ms-71771" successfully rolled out
deployment "ms-8052" successfully rolled out
deployment "ms-902" successfully rolled out
deployment "nginx-web-server" successfully rolled out
ENTRY_POINT: nginx-web-server
SERVICE_A_URL: 10.111.143.102:50051
Capacity: 10000
Metadata: request-id={{.RequestNumber}}
Metadata: timestamp={{.TimestampUnix}}
Metadata: method=S_102000854
Charon Configurations:
[{INTERCEPT breakwaterd} {PRICE_UPDATE_RATE 10ms} {TOKEN_UPDATE_RATE 10ms} {LATENCY_THRESHOLD 100us} {PRICE_STEP 0} {PRICE_STRATEGY step} {LAZY_UPDATE false} {RATE_LIMITING true} {LOAD_SHEDDING true} {CHARON_TRACK_PRICE false} {BREAKWATER_SLO 10424us} {BREAKWATER_A 13.850953905547232} {BREAKWATER_B 8.817481427326914} {BREAKWATER_CLIENT_EXPIRATION 3948us} {BREAKWATER_INITIAL_CREDIT 81} {BREAKWATER_LOAD_SHEDDING true} {BREAKWATER_RTT 6948us} {BREAKWATERD_SLO 47635us} {BREAKWATERD_A 5.140404683488389} {BREAKWATERD_B 5.205675243737323} {BREAKWATERD_CLIENT_EXPIRATION 79478us} {BREAKWATERD_INITIAL_CREDIT 464} {BREAKWATERD_LOAD_SHEDDING true} {BREAKWATERD_RTT 14705us} {DAGOR_QUEUING_THRESHOLD 2ms} {DAGOR_ALPHA 0.05} {DAGOR_BETA 0.01} {DAGOR_ADMISSION_LEVEL_UPDATE_INTERVAL 10ms} {DAGOR_UMAX 20}]

Summary:
  Count:	21457
  Total:	25.00 s
  Slowest:	859.32 ms
  Fastest:	50.29 ms
  Average:	113.87 ms
  Requests/sec:	858.25

Response time histogram:
  50.286  [1]    |
  131.190 [7039] |∎∎∎∎∎∎∎∎∎∎∎∎∎∎∎∎∎∎∎∎∎∎∎∎∎∎∎∎∎∎∎∎∎∎∎∎∎∎∎∎
  212.093 [334]  |∎∎
  292.996 [0]    |
  373.900 [0]    |
  454.803 [0]    |
  535.706 [0]    |
  616.610 [0]    |
  697.513 [0]    |
  778.416 [4]    |
  859.320 [33]   |

Latency distribution:
  10 % in 97.98 ms 
  25 % in 106.69 ms 
  50 % in 109.73 ms 
  75 % in 111.38 ms 
  90 % in 117.69 ms 
  95 % in 131.25 ms 
  99 % in 180.63 ms 

Status code distribution:
  [OK]                  7411 responses    
  [ResourceExhausted]   13878 responses   
  [Canceled]            168 responses     

Error distribution:
  [241]     rpc error: code = ResourceExhausted desc = Client id 41a7309b-39a4-49ff-b9ba-b0ca179f1027 request expired in queue.   
  [13637]   rpc error: code = ResourceExhausted desc = Client id 4d6d2144-198b-469e-9a46-ae4938386dcd request expired in queue.   
  [168]     rpc error: code = Canceled desc = grpc: the client connection is closing                                              

Debug: Checking Namespace=default, Pod=ms-11070-7868c54f44-l6qmw for Target File=deathstar_*.output
Namespace: default, Pod: ms-11070-7868c54f44-l6qmw has the target files.
Copying deathstar_ms-11070.output to deathstar_ms-11070.output
tar: removing leading '/' from member names
Debug: Checking Namespace=default, Pod=ms-11285-67d597dc77-xkb7c for Target File=deathstar_*.output
Namespace: default, Pod: ms-11285-67d597dc77-xkb7c has the target files.
Copying deathstar_ms-11285.output to deathstar_ms-11285.output
tar: removing leading '/' from member names
Debug: Checking Namespace=default, Pod=ms-11512-75f8ddc45b-glbcn for Target File=deathstar_*.output
Namespace: default, Pod: ms-11512-75f8ddc45b-glbcn has the target files.
Copying deathstar_ms-11512.output to deathstar_ms-11512.output
tar: removing leading '/' from member names
Debug: Checking Namespace=default, Pod=ms-1278-85766ff6b8-wwz4w for Target File=deathstar_*.output
Namespace: default, Pod: ms-1278-85766ff6b8-wwz4w has the target files.
Copying deathstar_ms-1278.output to deathstar_ms-1278.output
tar: removing leading '/' from member names
Debug: Checking Namespace=default, Pod=ms-13873-85d7bb7b97-bjdz5 for Target File=deathstar_*.output
Namespace: default, Pod: ms-13873-85d7bb7b97-bjdz5 has the target files.
Copying deathstar_ms-13873.output to deathstar_ms-13873.output
tar: removing leading '/' from member names
Debug: Checking Namespace=default, Pod=ms-19953-68cc8998c5-cxvbc for Target File=deathstar_*.output
Namespace: default, Pod: ms-19953-68cc8998c5-cxvbc has the target files.
Copying deathstar_ms-19953.output to deathstar_ms-19953.output
tar: removing leading '/' from member names
Debug: Checking Namespace=default, Pod=ms-21883-f6c88c6d4-948ss for Target File=deathstar_*.output
Namespace: default, Pod: ms-21883-f6c88c6d4-948ss has the target files.
Copying deathstar_ms-21883.output to deathstar_ms-21883.output
tar: removing leading '/' from member names
Debug: Checking Namespace=default, Pod=ms-25124-77bd4446f5-xg858 for Target File=deathstar_*.output
Namespace: default, Pod: ms-25124-77bd4446f5-xg858 has the target files.
Copying deathstar_ms-25124.output to deathstar_ms-25124.output
tar: removing leading '/' from member names
Debug: Checking Namespace=default, Pod=ms-27421-8565974486-l89qz for Target File=deathstar_*.output
Namespace: default, Pod: ms-27421-8565974486-l89qz has the target files.
Copying deathstar_ms-27421.output to deathstar_ms-27421.output
tar: removing leading '/' from member names
Debug: Checking Namespace=default, Pod=ms-2827-5dcc6df4f4-ckpff for Target File=deathstar_*.output
Namespace: default, Pod: ms-2827-5dcc6df4f4-ckpff has the target files.
Copying deathstar_ms-2827.output to deathstar_ms-2827.output
tar: removing leading '/' from member names
Debug: Checking Namespace=default, Pod=ms-33719-6c455cf54c-492hb for Target File=deathstar_*.output
Namespace: default, Pod: ms-33719-6c455cf54c-492hb has the target files.
Copying deathstar_ms-33719.output to deathstar_ms-33719.output
tar: removing leading '/' from member names
Debug: Checking Namespace=default, Pod=ms-37691-b9bc44798-qx29h for Target File=deathstar_*.output
Namespace: default, Pod: ms-37691-b9bc44798-qx29h has the target files.
Copying deathstar_ms-37691.output to deathstar_ms-37691.output
tar: removing leading '/' from member names
Debug: Checking Namespace=default, Pod=ms-43309-54f758d465-h6gn4 for Target File=deathstar_*.output
Namespace: default, Pod: ms-43309-54f758d465-h6gn4 has the target files.
Copying deathstar_ms-43309.output to deathstar_ms-43309.output
tar: removing leading '/' from member names
Debug: Checking Namespace=default, Pod=ms-4354-669cfcbdf6-vhr78 for Target File=deathstar_*.output
Namespace: default, Pod: ms-4354-669cfcbdf6-vhr78 has the target files.
Copying deathstar_ms-4354.output to deathstar_ms-4354.output
tar: removing leading '/' from member names
Debug: Checking Namespace=default, Pod=ms-46825-58c684559d-bcm7r for Target File=deathstar_*.output
Namespace: default, Pod: ms-46825-58c684559d-bcm7r has the target files.
Copying deathstar_ms-46825.output to deathstar_ms-46825.output
tar: removing leading '/' from member names
Debug: Checking Namespace=default, Pod=ms-60236-64866cf49-b2hvm for Target File=deathstar_*.output
Namespace: default, Pod: ms-60236-64866cf49-b2hvm has the target files.
Copying deathstar_ms-60236.output to deathstar_ms-60236.output
tar: removing leading '/' from member names
Debug: Checking Namespace=default, Pod=ms-71771-567ddbdd95-cszhd for Target File=deathstar_*.output
Namespace: default, Pod: ms-71771-567ddbdd95-cszhd has the target files.
Copying deathstar_ms-71771.output to deathstar_ms-71771.output
tar: removing leading '/' from member names
Debug: Checking Namespace=default, Pod=ms-8052-b995968dc-j95bx for Target File=deathstar_*.output
Namespace: default, Pod: ms-8052-b995968dc-j95bx has the target files.
Copying deathstar_ms-8052.output to deathstar_ms-8052.output
tar: removing leading '/' from member names
Debug: Checking Namespace=default, Pod=ms-902-5744544f85-7ksvl for Target File=deathstar_*.output
Namespace: default, Pod: ms-902-5744544f85-7ksvl has the target files.
Copying deathstar_ms-902.output to deathstar_ms-902.output
tar: removing leading '/' from member names
Debug: Checking Namespace=default, Pod=nginx-web-server-56557f7cb7-ck5rn for Target File=deathstar_*.output
Namespace: default, Pod: nginx-web-server-56557f7cb7-ck5rn has the target files.
Copying deathstar_nginx-web-server.output to deathstar_nginx-web-server.output
tar: removing leading '/' from member names
