Service Name:  unknown
Call Graph of the Service:
map[S_161142529:[ms-27283]]
Downstreams of the Service:
[ms-27283]
Server Configurations:
[{COMPUTATION_DISTRIBUTION constant} {PROCESS_TIME 4.691588785046729ms} {APP_PORT 50051} {LOG_LEVEL Info} {GREETING Hi Malaka!} {SUBCALL parallel} {PROFILING false}]
Charon Configurations:
[{INTERCEPT breakwaterd} {PRICE_UPDATE_RATE 10ms} {TOKEN_UPDATE_RATE 10ms} {LATENCY_THRESHOLD 100us} {PRICE_STEP 0} {PRICE_STRATEGY step} {LAZY_UPDATE false} {RATE_LIMITING true} {LOAD_SHEDDING true} {CHARON_TRACK_PRICE false} {BREAKWATER_SLO 33246us} {BREAKWATER_A 6.593147947096507} {BREAKWATER_B 6.81820061671794} {BREAKWATER_CLIENT_EXPIRATION 656us} {BREAKWATER_INITIAL_CREDIT 97} {BREAKWATER_LOAD_SHEDDING true} {BREAKWATER_RTT 15256us} {BREAKWATERD_SLO 27518us} {BREAKWATERD_A 5.382116229217901} {BREAKWATERD_B 9.140894524294785} {BREAKWATERD_CLIENT_EXPIRATION 53938us} {BREAKWATERD_INITIAL_CREDIT 1732} {BREAKWATERD_LOAD_SHEDDING true} {BREAKWATERD_RTT 6606us} {DAGOR_QUEUING_THRESHOLD 2ms} {DAGOR_ALPHA 0.05} {DAGOR_BETA 0.01} {DAGOR_ADMISSION_LEVEL_UPDATE_INTERVAL 10ms} {DAGOR_UMAX 20}]
Price Update Rate: 10ms
Latency Threshold: 100µs
Price Step: 0
Price Strategy: step
Intercept: breakwaterd
Lazy Update: false
Rate Limiting: true
Load Shedding: true
Charon Track Price: false
Breakwater SLO: 33.246ms
Breakwater Client Timeout: 656µs
Breakwater Initial Credit: 97
Breakwater A: 6.593147947096507
Breakwater B: 6.81820061671794
Breakwater Load Shedding: true
Breakwater RTT: 15.256ms
BreakwaterD SLO: 27.518ms
BreakwaterD Client Timeout: 53.938ms
BreakwaterD Initial Credit: 1732
BreakwaterD A: 5.382116229217901
BreakwaterD B: 9.140894524294785
BreakwaterD Load Shedding: true
BreakwaterD RTT: 6.606ms
Dagor Queuing Threshold: 2ms
Dagor Alpha: 0.05
Dagor Beta: 0.01
Dagor Admission Level Update Interval: 10ms
Dagor Umax: 20
Computation Distribution: constant
Process Time: 4.691588ms
Address Listening on: 0.0.0.0:50051
Greeting Message: Hi Malaka!
Log Level: Info
Subcall Pattern: parallel
{"function":"run","level":"info","line":"683","msg":"BreakwaterD Backend Config: {true 9.140894524294785 5.382116229217901 27518 53938 1732 false true true false 6606}","time":"2024-05-29T10:04:21Z"}
{"function":"run","level":"info","line":"738","msg":"Initialized multiple instances of Breakwaters for downstream services of unknown: map[ms-27283:50051:0xc0000e6750]","time":"2024-05-29T10:04:21Z"}
